/Users/rafalmaselek/Projects/fastlim-1.0
 
#################################################################
#                                                               #
#                                                               #
#                     This is Fastlim  ver. 1.0                 #
#                                                               #
#          A fast LHC limit calculator for BSM models.          #
#                                                               #
#                  http://cern.ch/fastlim-1.0/                  #
#                                                               #
#  for bugs/feature requests: fastlim-1.0.developers@gmail.com  #
#                                                               #
#    please refer to:                                           #
#    M.Papucci, K.Sakurai, A.Weiler, L.Zeune arXiv:1402.xxxx    #
#                                                               #
#################################################################
 

!! Masses incompatible with the data for ERER !!

!! Problem with reading tables for ER ER !! Probably mass outside the table !! Setting xsec to 10^-20 !!

!! Masses incompatible with the data for ELEL !!

!! Problem with reading tables for EL EL !! Probably mass outside the table !! Setting xsec to 10^-20 !!

!! Masses incompatible with the data for TAU1TAU1 !!

!! Problem with reading tables for TAU1 TAU1 !! Probably mass outside the table !! Setting xsec to 10^-20 !!

!! Masses incompatible with the data for TAU2TAU2 !!

!! Problem with reading tables for TAU2 TAU2 !! Probably mass outside the table !! Setting xsec to 10^-20 !!
!! EWK PROCESS C1C2 NOT FOUND !! WILL TRY TO LOOK FOR +/- MODES !!
XSEC FOUND FOR: C1-C2+
XSEC FOUND FOR: C1+C2-
!! EWK PROCESS C1N1 NOT FOUND !! WILL TRY TO LOOK FOR +/- MODES !!
XSEC FOUND FOR: C1+N1
XSEC FOUND FOR: C1-N1
!! EWK PROCESS C1N2 NOT FOUND !! WILL TRY TO LOOK FOR +/- MODES !!
XSEC FOUND FOR: C1+N2
XSEC FOUND FOR: C1-N2
!! EWK PROCESS C1N3 NOT FOUND !! WILL TRY TO LOOK FOR +/- MODES !!
XSEC FOUND FOR: C1+N3
XSEC FOUND FOR: C1-N3
!! EWK PROCESS C1N4 NOT FOUND !! WILL TRY TO LOOK FOR +/- MODES !!
XSEC FOUND FOR: C1+N4
XSEC FOUND FOR: C1-N4
!! EWK PROCESS C2N1 NOT FOUND !! WILL TRY TO LOOK FOR +/- MODES !!
XSEC FOUND FOR: C2+N1
XSEC FOUND FOR: C2-N1
!! EWK PROCESS C2N2 NOT FOUND !! WILL TRY TO LOOK FOR +/- MODES !!
XSEC FOUND FOR: C2+N2
XSEC FOUND FOR: C2-N2
!! EWK PROCESS C2N3 NOT FOUND !! WILL TRY TO LOOK FOR +/- MODES !!
XSEC FOUND FOR: C2+N3
XSEC FOUND FOR: C2-N3
!! EWK PROCESS C2N4 NOT FOUND !! WILL TRY TO LOOK FOR +/- MODES !!
XSEC FOUND FOR: C2+N4
XSEC FOUND FOR: C2-N4
---------------  Output inclusive processes  ---------------
The total xsec = 2940.18 [fb]
The total rate = 100.00%
Output upto 0.10%
                       Modes : xsec/fb      (rate)
                 C1wN1_N2hN1 : 79.2308091 (2.69)%
             QqC1wN1_QqC1wN1 : 60.0181199 (2.04)%
              C1wN1_N2nNUnN1 : 57.3608415 (1.95)%
             QqC1wN1_QqN2hN1 : 56.2405481 (1.91)%
              GqQqN1_QqC1wN1 : 43.8538758 (1.49)%
                 C1wN1_C1wN1 : 43.8177116 (1.49)%
          QqC1eNUnN1_QqC1wN1 : 40.8631296 (1.39)%
          QqC1mNUnN1_QqC1wN1 : 40.8631296 (1.39)%
          QqC1wN1_QqN2nNUnN1 : 40.7165496 (1.38)%
        QqC1taNUTnN1_QqC1wN1 : 40.4099648 (1.37)%
              C1eNUnN1_C1wN1 : 29.8331376 (1.01)%
              C1mNUnN1_C1wN1 : 29.8331376 (1.01)%
           QqC1nEeN1_QqC1wN1 : 29.7776045 (1.01)%
           QqC1nMmN1_QqC1wN1 : 29.7776045 (1.01)%
            C1taNUTnN1_C1wN1 : 29.5022934 (1.00)%
       QqC1nTAU2taN1_QqC1wN1 : 28.9267820 (0.98)%
             C1wN1_N2nNUTnN1 : 28.3923921 (0.97)%
              C1eNUnN1_N2hN1 : 26.9720113 (0.92)%
              C1mNUnN1_N2hN1 : 26.9720113 (0.92)%
            C1taNUTnN1_N2hN1 : 26.6728965 (0.91)%
               C1wN1_N2eEeN1 : 22.1041783 (0.75)%
               C1wN1_N2mMmN1 : 22.1041783 (0.75)%
               C1nEeN1_C1wN1 : 21.7398760 (0.74)%
               C1nMmN1_C1wN1 : 21.7398760 (0.74)%
           C1nTAU2taN1_C1wN1 : 21.1187120 (0.72)%
          C1wN1_N2taTAU2taN1 : 20.9609752 (0.71)%
              GqQqN1_QqN2hN1 : 20.5468450 (0.70)%
         QqC1wN1_QqN2nNUTnN1 : 20.1538229 (0.69)%
                       N1_N1 : 19.9513176 (0.68)%
               C1nEeN1_N2hN1 : 19.6549284 (0.67)%
               C1nMmN1_N2hN1 : 19.6549284 (0.67)%
           C1eNUnN1_N2nNUnN1 : 19.5269654 (0.66)%
           C1mNUnN1_N2nNUnN1 : 19.5269654 (0.66)%
         C1taNUTnN1_N2nNUnN1 : 19.3104148 (0.66)%
          QqC1eNUnN1_QqN2hN1 : 19.1455914 (0.65)%
          QqC1mNUnN1_QqN2hN1 : 19.1455914 (0.65)%
           C1nTAU2taN1_N2hN1 : 19.0933367 (0.65)%
          QqN2hN1_QqN2nNUnN1 : 19.0769144 (0.65)%
        QqC1taNUTnN1_QqN2hN1 : 18.9332703 (0.64)%
           QqC1wN1_QqN2eEeN1 : 15.6902487 (0.53)%
           QqC1wN1_QqN2mMmN1 : 15.6902487 (0.53)%
           GqQqN1_QqC1eNUnN1 : 14.9288799 (0.51)%
           GqQqN1_QqC1mNUnN1 : 14.9288799 (0.51)%
      QqC1wN1_QqN2taTAU2taN1 : 14.8787669 (0.51)%
           GqQqN1_QqN2nNUnN1 : 14.8753286 (0.51)%
         GqQqN1_QqC1taNUTnN1 : 14.7633213 (0.50)%
            C1nEeN1_N2nNUnN1 : 14.2296064 (0.48)%
            C1nMmN1_N2nNUnN1 : 14.2296064 (0.48)%
           QqC1nEeN1_QqN2hN1 : 13.9516933 (0.47)%
           QqC1nMmN1_QqN2hN1 : 13.9516933 (0.47)%
       QqC1eNUnN1_QqC1mNUnN1 : 13.9107603 (0.47)%
       QqC1eNUnN1_QqN2nNUnN1 : 13.8608611 (0.47)%
       QqC1mNUnN1_QqN2nNUnN1 : 13.8608611 (0.47)%
        C1nTAU2taN1_N2nNUnN1 : 13.8230301 (0.47)%
     QqC1eNUnN1_QqC1taNUTnN1 : 13.7564925 (0.47)%
     QqC1mNUnN1_QqC1taNUTnN1 : 13.7564925 (0.47)%
     QqC1taNUTnN1_QqN2nNUnN1 : 13.7071466 (0.47)%
       QqC1nTAU2taN1_QqN2hN1 : 13.5530576 (0.46)%
             QqN2hN1_QqN2hN1 : 13.1751847 (0.45)%
            GqQqN1_QqC1nEeN1 : 10.8789093 (0.37)%
            GqQqN1_QqC1nMmN1 : 10.8789093 (0.37)%
        GqQqN1_QqC1nTAU2taN1 : 10.5680710 (0.36)%
           C1eNUnN1_C1mNUnN1 : 10.1558943 (0.35)%
        QqC1eNUnN1_QqC1nEeN1 : 10.1369896 (0.34)%
        QqC1mNUnN1_QqC1nEeN1 : 10.1369896 (0.34)%
        QqC1eNUnN1_QqC1nMmN1 : 10.1369896 (0.34)%
        QqC1mNUnN1_QqC1nMmN1 : 10.1369896 (0.34)%
        QqC1nEeN1_QqN2nNUnN1 : 10.1006272 (0.34)%
        QqC1nMmN1_QqN2nNUnN1 : 10.1006272 (0.34)%
         C1eNUnN1_C1taNUTnN1 : 10.0432673 (0.34)%
         C1mNUnN1_C1taNUTnN1 : 10.0432673 (0.34)%
      QqC1nEeN1_QqC1taNUTnN1 : 10.0245722 (0.34)%
      QqC1nMmN1_QqC1taNUTnN1 : 10.0245722 (0.34)%
    QqC1eNUnN1_QqC1nTAU2taN1 : 9.8473498 (0.33)%
    QqC1mNUnN1_QqC1nTAU2taN1 : 9.8473498 (0.33)%
    QqC1nTAU2taN1_QqN2nNUnN1 : 9.8120264 (0.33)%
  QqC1nTAU2taN1_QqC1taNUTnN1 : 9.7381445 (0.33)%
          C1eNUnN1_N2nNUTnN1 : 9.6654310 (0.33)%
          C1mNUnN1_N2nNUTnN1 : 9.6654310 (0.33)%
        C1taNUTnN1_N2nNUTnN1 : 9.5582431 (0.33)%
         QqN2hN1_QqN2nNUTnN1 : 9.4426654 (0.32)%
       QqC1nTAU1taN1_QqC1wN1 : 8.8051815 (0.30)%
                QqC1wN1_QqN1 : 8.5335633 (0.29)%
            C1eNUnN1_N2eEeN1 : 7.5247767 (0.26)%
            C1eNUnN1_N2mMmN1 : 7.5247767 (0.26)%
            C1mNUnN1_N2eEeN1 : 7.5247767 (0.26)%
            C1mNUnN1_N2mMmN1 : 7.5247767 (0.26)%
          C1taNUTnN1_N2eEeN1 : 7.4413283 (0.25)%
          C1taNUTnN1_N2mMmN1 : 7.4413283 (0.25)%
            C1eNUnN1_C1nEeN1 : 7.4007597 (0.25)%
            C1mNUnN1_C1nEeN1 : 7.4007597 (0.25)%
            C1eNUnN1_C1nMmN1 : 7.4007597 (0.25)%
            C1mNUnN1_C1nMmN1 : 7.4007597 (0.25)%
         QqC1nEeN1_QqC1nMmN1 : 7.3869836 (0.25)%
          GqQqN1_QqN2nNUTnN1 : 7.3629701 (0.25)%
           QqN2eEeN1_QqN2hN1 : 7.3513481 (0.25)%
           QqN2hN1_QqN2mMmN1 : 7.3513481 (0.25)%
          C1nEeN1_C1taNUTnN1 : 7.3186866 (0.25)%
          C1nMmN1_C1taNUTnN1 : 7.3186866 (0.25)%
        C1eNUnN1_C1nTAU2taN1 : 7.1893011 (0.24)%
        C1mNUnN1_C1nTAU2taN1 : 7.1893011 (0.24)%
     QqC1nEeN1_QqC1nTAU2taN1 : 7.1759185 (0.24)%
     QqC1nMmN1_QqC1nTAU2taN1 : 7.1759185 (0.24)%
       C1eNUnN1_N2taTAU2taN1 : 7.1356038 (0.24)%
       C1mNUnN1_N2taTAU2taN1 : 7.1356038 (0.24)%
      C1nTAU2taN1_C1taNUTnN1 : 7.1095730 (0.24)%
     C1taNUTnN1_N2taTAU2taN1 : 7.0564712 (0.24)%
           C1nEeN1_N2nNUTnN1 : 7.0433514 (0.24)%
           C1nMmN1_N2nNUTnN1 : 7.0433514 (0.24)%
      QqN2hN1_QqN2taTAU2taN1 : 6.9711448 (0.24)%
       QqC1eNUnN1_QqC1eNUnN1 : 6.9553801 (0.24)%
       QqC1mNUnN1_QqC1mNUnN1 : 6.9553801 (0.24)%
       QqN2nNUnN1_QqN2nNUnN1 : 6.9055704 (0.23)%
          C1wN1_N2taTAU1taN1 : 6.8728575 (0.23)%
      QqC1eNUnN1_QqN2nNUTnN1 : 6.8608303 (0.23)%
      QqC1mNUnN1_QqN2nNUTnN1 : 6.8608303 (0.23)%
       C1nTAU2taN1_N2nNUTnN1 : 6.8421048 (0.23)%
      QqN2nNUTnN1_QqN2nNUnN1 : 6.8362199 (0.23)%
   QqC1taNUTnN1_QqC1taNUTnN1 : 6.8019677 (0.23)%
    QqC1taNUTnN1_QqN2nNUTnN1 : 6.7847450 (0.23)%
           C1nTAU1taN1_C1wN1 : 6.4284403 (0.22)%
           C1nTAU1taN1_N2hN1 : 5.8119252 (0.20)%
            GqQqN1_QqN2eEeN1 : 5.7322540 (0.19)%
            GqQqN1_QqN2mMmN1 : 5.7322540 (0.19)%
             C1nEeN1_N2eEeN1 : 5.4834230 (0.19)%
             C1nEeN1_N2mMmN1 : 5.4834230 (0.19)%
             C1nMmN1_N2eEeN1 : 5.4834230 (0.19)%
             C1nMmN1_N2mMmN1 : 5.4834230 (0.19)%
       GqQqN1_QqN2taTAU2taN1 : 5.4357884 (0.18)%
             C1nEeN1_C1nMmN1 : 5.3930499 (0.18)%
        QqC1eNUnN1_QqN2eEeN1 : 5.3413258 (0.18)%
        QqC1mNUnN1_QqN2eEeN1 : 5.3413258 (0.18)%
        QqC1eNUnN1_QqN2mMmN1 : 5.3413258 (0.18)%
        QqC1mNUnN1_QqN2mMmN1 : 5.3413258 (0.18)%
         C1nTAU2taN1_N2eEeN1 : 5.3267475 (0.18)%
         C1nTAU2taN1_N2mMmN1 : 5.3267475 (0.18)%
        QqN2eEeN1_QqN2nNUnN1 : 5.3221660 (0.18)%
        QqN2mMmN1_QqN2nNUnN1 : 5.3221660 (0.18)%
      QqC1taNUTnN1_QqN2eEeN1 : 5.2820915 (0.18)%
      QqC1taNUTnN1_QqN2mMmN1 : 5.2820915 (0.18)%
         C1nEeN1_C1nTAU2taN1 : 5.2389566 (0.18)%
         C1nMmN1_C1nTAU2taN1 : 5.2389566 (0.18)%
        C1nEeN1_N2taTAU2taN1 : 5.1998266 (0.18)%
        C1nMmN1_N2taTAU2taN1 : 5.1998266 (0.18)%
           C1eNUnN1_C1eNUnN1 : 5.0779472 (0.17)%
           C1mNUnN1_C1mNUnN1 : 5.0779472 (0.17)%
   QqC1eNUnN1_QqN2taTAU2taN1 : 5.0650785 (0.17)%
   QqC1mNUnN1_QqN2taTAU2taN1 : 5.0650785 (0.17)%
    C1nTAU2taN1_N2taTAU2taN1 : 5.0512542 (0.17)%
   QqN2nNUnN1_QqN2taTAU2taN1 : 5.0469096 (0.17)%
 QqC1taNUTnN1_QqN2taTAU2taN1 : 5.0089077 (0.17)%
       QqC1nEeN1_QqN2nNUTnN1 : 4.9995949 (0.17)%
       QqC1nMmN1_QqN2nNUTnN1 : 4.9995949 (0.17)%
       C1taNUTnN1_C1taNUTnN1 : 4.9659446 (0.17)%
      QqC1wN1_QqN2taTAU1taN1 : 4.8785728 (0.17)%
   QqC1nTAU2taN1_QqN2nNUTnN1 : 4.8567436 (0.17)%
        C1nTAU1taN1_N2nNUnN1 : 4.2076678 (0.14)%
       QqC1nTAU1taN1_QqN2hN1 : 4.1254894 (0.14)%
                QqN1_QqN2hN1 : 3.9982282 (0.14)%
         QqC1nEeN1_QqN2eEeN1 : 3.8923080 (0.13)%
         QqC1nMmN1_QqN2eEeN1 : 3.8923080 (0.13)%
         QqC1nEeN1_QqN2mMmN1 : 3.8923080 (0.13)%
         QqC1nMmN1_QqN2mMmN1 : 3.8923080 (0.13)%
     QqC1nTAU2taN1_QqN2eEeN1 : 3.7810948 (0.13)%
     QqC1nTAU2taN1_QqN2mMmN1 : 3.7810948 (0.13)%
             GbB2bN1_QqC1wN1 : 3.7178389 (0.13)%
         QqC1nEeN1_QqC1nEeN1 : 3.6934918 (0.13)%
         QqC1nMmN1_QqC1nMmN1 : 3.6934918 (0.13)%
    QqC1nEeN1_QqN2taTAU2taN1 : 3.6910023 (0.13)%
    QqC1nMmN1_QqN2taTAU2taN1 : 3.6910023 (0.13)%
QqC1nTAU2taN1_QqN2taTAU2taN1 : 3.5855409 (0.12)%
 QqC1nTAU2taN1_QqC1nTAU2taN1 : 3.4854421 (0.12)%
               GqQqN1_GqQqN1 : 3.3451671 (0.11)%
  QqC1taNUTwTAU1taN1_QqC1wN1 : 3.2511560 (0.11)%
        GqQqN1_QqC1nTAU1taN1 : 3.2168730 (0.11)%
                 GqQqN1_QqN1 : 3.1176403 (0.11)%
    QqC1eNUnN1_QqC1nTAU1taN1 : 2.9974887 (0.10)%
    QqC1mNUnN1_QqC1nTAU1taN1 : 2.9974887 (0.10)%
    QqC1nTAU1taN1_QqN2nNUnN1 : 2.9867364 (0.10)%
  QqC1nTAU1taN1_QqC1taNUTnN1 : 2.9642471 (0.10)%
             QqC1eNUnN1_QqN1 : 2.9050235 (0.10)%
------------------------------------------------------------
                                           SUM=76.27%

SHOWING PROCESSES TO GET 90.00% SUSY COVERAGE
---------------  Output inclusive processes  ---------------
The total xsec = 2940.18 [fb]
The total rate = 100.00%
                            Modes : xsec/fb      (rate)
                      C1wN1_N2hN1 : 79.2308091 (2.69)%
                  QqC1wN1_QqC1wN1 : 60.0181199 (2.04)%
                   C1wN1_N2nNUnN1 : 57.3608415 (1.95)%
                  QqC1wN1_QqN2hN1 : 56.2405481 (1.91)%
                   GqQqN1_QqC1wN1 : 43.8538758 (1.49)%
                      C1wN1_C1wN1 : 43.8177116 (1.49)%
               QqC1eNUnN1_QqC1wN1 : 40.8631296 (1.39)%
               QqC1mNUnN1_QqC1wN1 : 40.8631296 (1.39)%
               QqC1wN1_QqN2nNUnN1 : 40.7165496 (1.38)%
             QqC1taNUTnN1_QqC1wN1 : 40.4099648 (1.37)%
                   C1eNUnN1_C1wN1 : 29.8331376 (1.01)%
                   C1mNUnN1_C1wN1 : 29.8331376 (1.01)%
                QqC1nEeN1_QqC1wN1 : 29.7776045 (1.01)%
                QqC1nMmN1_QqC1wN1 : 29.7776045 (1.01)%
                 C1taNUTnN1_C1wN1 : 29.5022934 (1.00)%
            QqC1nTAU2taN1_QqC1wN1 : 28.9267820 (0.98)%
                  C1wN1_N2nNUTnN1 : 28.3923921 (0.97)%
                   C1eNUnN1_N2hN1 : 26.9720113 (0.92)%
                   C1mNUnN1_N2hN1 : 26.9720113 (0.92)%
                 C1taNUTnN1_N2hN1 : 26.6728965 (0.91)%
                    C1wN1_N2eEeN1 : 22.1041783 (0.75)%
                    C1wN1_N2mMmN1 : 22.1041783 (0.75)%
                    C1nEeN1_C1wN1 : 21.7398760 (0.74)%
                    C1nMmN1_C1wN1 : 21.7398760 (0.74)%
                C1nTAU2taN1_C1wN1 : 21.1187120 (0.72)%
               C1wN1_N2taTAU2taN1 : 20.9609752 (0.71)%
                   GqQqN1_QqN2hN1 : 20.5468450 (0.70)%
              QqC1wN1_QqN2nNUTnN1 : 20.1538229 (0.69)%
                            N1_N1 : 19.9513176 (0.68)%
                    C1nEeN1_N2hN1 : 19.6549284 (0.67)%
                    C1nMmN1_N2hN1 : 19.6549284 (0.67)%
                C1eNUnN1_N2nNUnN1 : 19.5269654 (0.66)%
                C1mNUnN1_N2nNUnN1 : 19.5269654 (0.66)%
              C1taNUTnN1_N2nNUnN1 : 19.3104148 (0.66)%
               QqC1eNUnN1_QqN2hN1 : 19.1455914 (0.65)%
               QqC1mNUnN1_QqN2hN1 : 19.1455914 (0.65)%
                C1nTAU2taN1_N2hN1 : 19.0933367 (0.65)%
               QqN2hN1_QqN2nNUnN1 : 19.0769144 (0.65)%
             QqC1taNUTnN1_QqN2hN1 : 18.9332703 (0.64)%
                QqC1wN1_QqN2eEeN1 : 15.6902487 (0.53)%
                QqC1wN1_QqN2mMmN1 : 15.6902487 (0.53)%
                GqQqN1_QqC1eNUnN1 : 14.9288799 (0.51)%
                GqQqN1_QqC1mNUnN1 : 14.9288799 (0.51)%
           QqC1wN1_QqN2taTAU2taN1 : 14.8787669 (0.51)%
                GqQqN1_QqN2nNUnN1 : 14.8753286 (0.51)%
              GqQqN1_QqC1taNUTnN1 : 14.7633213 (0.50)%
                 C1nEeN1_N2nNUnN1 : 14.2296064 (0.48)%
                 C1nMmN1_N2nNUnN1 : 14.2296064 (0.48)%
                QqC1nEeN1_QqN2hN1 : 13.9516933 (0.47)%
                QqC1nMmN1_QqN2hN1 : 13.9516933 (0.47)%
            QqC1eNUnN1_QqC1mNUnN1 : 13.9107603 (0.47)%
            QqC1eNUnN1_QqN2nNUnN1 : 13.8608611 (0.47)%
            QqC1mNUnN1_QqN2nNUnN1 : 13.8608611 (0.47)%
             C1nTAU2taN1_N2nNUnN1 : 13.8230301 (0.47)%
          QqC1eNUnN1_QqC1taNUTnN1 : 13.7564925 (0.47)%
          QqC1mNUnN1_QqC1taNUTnN1 : 13.7564925 (0.47)%
          QqC1taNUTnN1_QqN2nNUnN1 : 13.7071466 (0.47)%
            QqC1nTAU2taN1_QqN2hN1 : 13.5530576 (0.46)%
                  QqN2hN1_QqN2hN1 : 13.1751847 (0.45)%
                 GqQqN1_QqC1nEeN1 : 10.8789093 (0.37)%
                 GqQqN1_QqC1nMmN1 : 10.8789093 (0.37)%
             GqQqN1_QqC1nTAU2taN1 : 10.5680710 (0.36)%
                C1eNUnN1_C1mNUnN1 : 10.1558943 (0.35)%
             QqC1eNUnN1_QqC1nEeN1 : 10.1369896 (0.34)%
             QqC1mNUnN1_QqC1nEeN1 : 10.1369896 (0.34)%
             QqC1eNUnN1_QqC1nMmN1 : 10.1369896 (0.34)%
             QqC1mNUnN1_QqC1nMmN1 : 10.1369896 (0.34)%
             QqC1nEeN1_QqN2nNUnN1 : 10.1006272 (0.34)%
             QqC1nMmN1_QqN2nNUnN1 : 10.1006272 (0.34)%
              C1eNUnN1_C1taNUTnN1 : 10.0432673 (0.34)%
              C1mNUnN1_C1taNUTnN1 : 10.0432673 (0.34)%
           QqC1nEeN1_QqC1taNUTnN1 : 10.0245722 (0.34)%
           QqC1nMmN1_QqC1taNUTnN1 : 10.0245722 (0.34)%
         QqC1eNUnN1_QqC1nTAU2taN1 : 9.8473498 (0.33)%
         QqC1mNUnN1_QqC1nTAU2taN1 : 9.8473498 (0.33)%
         QqC1nTAU2taN1_QqN2nNUnN1 : 9.8120264 (0.33)%
       QqC1nTAU2taN1_QqC1taNUTnN1 : 9.7381445 (0.33)%
               C1eNUnN1_N2nNUTnN1 : 9.6654310 (0.33)%
               C1mNUnN1_N2nNUTnN1 : 9.6654310 (0.33)%
             C1taNUTnN1_N2nNUTnN1 : 9.5582431 (0.33)%
              QqN2hN1_QqN2nNUTnN1 : 9.4426654 (0.32)%
            QqC1nTAU1taN1_QqC1wN1 : 8.8051815 (0.30)%
                     QqC1wN1_QqN1 : 8.5335633 (0.29)%
                 C1eNUnN1_N2eEeN1 : 7.5247767 (0.26)%
                 C1eNUnN1_N2mMmN1 : 7.5247767 (0.26)%
                 C1mNUnN1_N2eEeN1 : 7.5247767 (0.26)%
                 C1mNUnN1_N2mMmN1 : 7.5247767 (0.26)%
               C1taNUTnN1_N2eEeN1 : 7.4413283 (0.25)%
               C1taNUTnN1_N2mMmN1 : 7.4413283 (0.25)%
                 C1eNUnN1_C1nEeN1 : 7.4007597 (0.25)%
                 C1mNUnN1_C1nEeN1 : 7.4007597 (0.25)%
                 C1eNUnN1_C1nMmN1 : 7.4007597 (0.25)%
                 C1mNUnN1_C1nMmN1 : 7.4007597 (0.25)%
              QqC1nEeN1_QqC1nMmN1 : 7.3869836 (0.25)%
               GqQqN1_QqN2nNUTnN1 : 7.3629701 (0.25)%
                QqN2eEeN1_QqN2hN1 : 7.3513481 (0.25)%
                QqN2hN1_QqN2mMmN1 : 7.3513481 (0.25)%
               C1nEeN1_C1taNUTnN1 : 7.3186866 (0.25)%
               C1nMmN1_C1taNUTnN1 : 7.3186866 (0.25)%
             C1eNUnN1_C1nTAU2taN1 : 7.1893011 (0.24)%
             C1mNUnN1_C1nTAU2taN1 : 7.1893011 (0.24)%
          QqC1nEeN1_QqC1nTAU2taN1 : 7.1759185 (0.24)%
          QqC1nMmN1_QqC1nTAU2taN1 : 7.1759185 (0.24)%
            C1eNUnN1_N2taTAU2taN1 : 7.1356038 (0.24)%
            C1mNUnN1_N2taTAU2taN1 : 7.1356038 (0.24)%
           C1nTAU2taN1_C1taNUTnN1 : 7.1095730 (0.24)%
          C1taNUTnN1_N2taTAU2taN1 : 7.0564712 (0.24)%
                C1nEeN1_N2nNUTnN1 : 7.0433514 (0.24)%
                C1nMmN1_N2nNUTnN1 : 7.0433514 (0.24)%
           QqN2hN1_QqN2taTAU2taN1 : 6.9711448 (0.24)%
            QqC1eNUnN1_QqC1eNUnN1 : 6.9553801 (0.24)%
            QqC1mNUnN1_QqC1mNUnN1 : 6.9553801 (0.24)%
            QqN2nNUnN1_QqN2nNUnN1 : 6.9055704 (0.23)%
               C1wN1_N2taTAU1taN1 : 6.8728575 (0.23)%
           QqC1eNUnN1_QqN2nNUTnN1 : 6.8608303 (0.23)%
           QqC1mNUnN1_QqN2nNUTnN1 : 6.8608303 (0.23)%
            C1nTAU2taN1_N2nNUTnN1 : 6.8421048 (0.23)%
           QqN2nNUTnN1_QqN2nNUnN1 : 6.8362199 (0.23)%
        QqC1taNUTnN1_QqC1taNUTnN1 : 6.8019677 (0.23)%
         QqC1taNUTnN1_QqN2nNUTnN1 : 6.7847450 (0.23)%
                C1nTAU1taN1_C1wN1 : 6.4284403 (0.22)%
                C1nTAU1taN1_N2hN1 : 5.8119252 (0.20)%
                 GqQqN1_QqN2eEeN1 : 5.7322540 (0.19)%
                 GqQqN1_QqN2mMmN1 : 5.7322540 (0.19)%
                  C1nEeN1_N2eEeN1 : 5.4834230 (0.19)%
                  C1nEeN1_N2mMmN1 : 5.4834230 (0.19)%
                  C1nMmN1_N2eEeN1 : 5.4834230 (0.19)%
                  C1nMmN1_N2mMmN1 : 5.4834230 (0.19)%
            GqQqN1_QqN2taTAU2taN1 : 5.4357884 (0.18)%
                  C1nEeN1_C1nMmN1 : 5.3930499 (0.18)%
             QqC1eNUnN1_QqN2eEeN1 : 5.3413258 (0.18)%
             QqC1mNUnN1_QqN2eEeN1 : 5.3413258 (0.18)%
             QqC1eNUnN1_QqN2mMmN1 : 5.3413258 (0.18)%
             QqC1mNUnN1_QqN2mMmN1 : 5.3413258 (0.18)%
              C1nTAU2taN1_N2eEeN1 : 5.3267475 (0.18)%
              C1nTAU2taN1_N2mMmN1 : 5.3267475 (0.18)%
             QqN2eEeN1_QqN2nNUnN1 : 5.3221660 (0.18)%
             QqN2mMmN1_QqN2nNUnN1 : 5.3221660 (0.18)%
           QqC1taNUTnN1_QqN2eEeN1 : 5.2820915 (0.18)%
           QqC1taNUTnN1_QqN2mMmN1 : 5.2820915 (0.18)%
              C1nEeN1_C1nTAU2taN1 : 5.2389566 (0.18)%
              C1nMmN1_C1nTAU2taN1 : 5.2389566 (0.18)%
             C1nEeN1_N2taTAU2taN1 : 5.1998266 (0.18)%
             C1nMmN1_N2taTAU2taN1 : 5.1998266 (0.18)%
                C1eNUnN1_C1eNUnN1 : 5.0779472 (0.17)%
                C1mNUnN1_C1mNUnN1 : 5.0779472 (0.17)%
        QqC1eNUnN1_QqN2taTAU2taN1 : 5.0650785 (0.17)%
        QqC1mNUnN1_QqN2taTAU2taN1 : 5.0650785 (0.17)%
         C1nTAU2taN1_N2taTAU2taN1 : 5.0512542 (0.17)%
        QqN2nNUnN1_QqN2taTAU2taN1 : 5.0469096 (0.17)%
      QqC1taNUTnN1_QqN2taTAU2taN1 : 5.0089077 (0.17)%
            QqC1nEeN1_QqN2nNUTnN1 : 4.9995949 (0.17)%
            QqC1nMmN1_QqN2nNUTnN1 : 4.9995949 (0.17)%
            C1taNUTnN1_C1taNUTnN1 : 4.9659446 (0.17)%
           QqC1wN1_QqN2taTAU1taN1 : 4.8785728 (0.17)%
        QqC1nTAU2taN1_QqN2nNUTnN1 : 4.8567436 (0.17)%
             C1nTAU1taN1_N2nNUnN1 : 4.2076678 (0.14)%
            QqC1nTAU1taN1_QqN2hN1 : 4.1254894 (0.14)%
                     QqN1_QqN2hN1 : 3.9982282 (0.14)%
              QqC1nEeN1_QqN2eEeN1 : 3.8923080 (0.13)%
              QqC1nMmN1_QqN2eEeN1 : 3.8923080 (0.13)%
              QqC1nEeN1_QqN2mMmN1 : 3.8923080 (0.13)%
              QqC1nMmN1_QqN2mMmN1 : 3.8923080 (0.13)%
          QqC1nTAU2taN1_QqN2eEeN1 : 3.7810948 (0.13)%
          QqC1nTAU2taN1_QqN2mMmN1 : 3.7810948 (0.13)%
                  GbB2bN1_QqC1wN1 : 3.7178389 (0.13)%
              QqC1nEeN1_QqC1nEeN1 : 3.6934918 (0.13)%
              QqC1nMmN1_QqC1nMmN1 : 3.6934918 (0.13)%
         QqC1nEeN1_QqN2taTAU2taN1 : 3.6910023 (0.13)%
         QqC1nMmN1_QqN2taTAU2taN1 : 3.6910023 (0.13)%
     QqC1nTAU2taN1_QqN2taTAU2taN1 : 3.5855409 (0.12)%
      QqC1nTAU2taN1_QqC1nTAU2taN1 : 3.4854421 (0.12)%
                    GqQqN1_GqQqN1 : 3.3451671 (0.11)%
       QqC1taNUTwTAU1taN1_QqC1wN1 : 3.2511560 (0.11)%
             GqQqN1_QqC1nTAU1taN1 : 3.2168730 (0.11)%
                      GqQqN1_QqN1 : 3.1176403 (0.11)%
         QqC1eNUnN1_QqC1nTAU1taN1 : 2.9974887 (0.10)%
         QqC1mNUnN1_QqC1nTAU1taN1 : 2.9974887 (0.10)%
         QqC1nTAU1taN1_QqN2nNUnN1 : 2.9867364 (0.10)%
       QqC1nTAU1taN1_QqC1taNUTnN1 : 2.9642471 (0.10)%
                  QqC1eNUnN1_QqN1 : 2.9050235 (0.10)%
                  QqC1mNUnN1_QqN1 : 2.9050235 (0.10)%
                  QqN1_QqN2nNUnN1 : 2.8946029 (0.10)%
                QqC1taNUTnN1_QqN1 : 2.8728073 (0.10)%
                  C1nEeN1_C1nEeN1 : 2.6965249 (0.09)%
                  C1nMmN1_C1nMmN1 : 2.6965249 (0.09)%
            QqN2eEeN1_QqN2nNUTnN1 : 2.6343585 (0.09)%
            QqN2mMmN1_QqN2nNUTnN1 : 2.6343585 (0.09)%
          C1nTAU2taN1_C1nTAU2taN1 : 2.5446331 (0.09)%
       QqN2nNUTnN1_QqN2taTAU2taN1 : 2.4981125 (0.08)%
           C1taNUTwTAU1taN1_C1wN1 : 2.3735868 (0.08)%
            C1eNUnN1_N2taTAU1taN1 : 2.3396806 (0.08)%
            C1mNUnN1_N2taTAU1taN1 : 2.3396806 (0.08)%
          C1taNUTnN1_N2taTAU1taN1 : 2.3137340 (0.08)%
           QqN2hN1_QqN2taTAU1taN1 : 2.2857565 (0.08)%
            C1wN1_N2nNUTwTAU1taN1 : 2.2842904 (0.08)%
                  GtT1tN1_QqC1wN1 : 2.2715287 (0.08)%
                      C1wN1_N2zN1 : 2.2602053 (0.08)%
             C1eNUnN1_C1nTAU1taN1 : 2.1883907 (0.07)%
             C1mNUnN1_C1nTAU1taN1 : 2.1883907 (0.07)%
          QqC1nEeN1_QqC1nTAU1taN1 : 2.1843171 (0.07)%
          QqC1nMmN1_QqC1nTAU1taN1 : 2.1843171 (0.07)%
           C1nTAU1taN1_C1taNUTnN1 : 2.1641218 (0.07)%
           C1taNUTwTAU1taN1_N2hN1 : 2.1459496 (0.07)%
      QqC1nTAU1taN1_QqC1nTAU2taN1 : 2.1219056 (0.07)%
                   QqC1nEeN1_QqN1 : 2.1169363 (0.07)%
                   QqC1nMmN1_QqN1 : 2.1169363 (0.07)%
            C1nTAU1taN1_N2nNUTnN1 : 2.0827057 (0.07)%
               QqC1nTAU2taN1_QqN1 : 2.0564500 (0.07)%
              QqN2eEeN1_QqN2mMmN1 : 2.0509132 (0.07)%
         QqN2eEeN1_QqN2taTAU2taN1 : 1.9448423 (0.07)%
         QqN2mMmN1_QqN2taTAU2taN1 : 1.9448423 (0.07)%
               GtT1bC1wN1_QqC1wN1 : 1.9418234 (0.07)%
            GqQqN1_QqN2taTAU1taN1 : 1.7823311 (0.06)%
                  GbB2bN1_QqN2hN1 : 1.7419181 (0.06)%
                         C1wN1_N1 : 1.7306215 (0.06)%
             C1nEeN1_N2taTAU1taN1 : 1.7049620 (0.06)%
             C1nMmN1_N2taTAU1taN1 : 1.7049620 (0.06)%
          QqN2nNUTnN1_QqN2nNUTnN1 : 1.6918915 (0.06)%
        QqC1eNUnN1_QqN2taTAU1taN1 : 1.6607797 (0.06)%
        QqC1mNUnN1_QqN2taTAU1taN1 : 1.6607797 (0.06)%
         C1nTAU2taN1_N2taTAU1taN1 : 1.6562469 (0.06)%
        QqN2nNUnN1_QqN2taTAU1taN1 : 1.6548224 (0.06)%
      QqC1taNUTnN1_QqN2taTAU1taN1 : 1.6423620 (0.06)%
        QqC1wN1_QqN2nNUTwTAU1taN1 : 1.6214620 (0.06)%
              C1nTAU1taN1_N2eEeN1 : 1.6214378 (0.06)%
              C1nTAU1taN1_N2mMmN1 : 1.6214378 (0.06)%
                  QqC1wN1_QqN2zN1 : 1.6043656 (0.05)%
              C1nEeN1_C1nTAU1taN1 : 1.5947147 (0.05)%
              C1nMmN1_C1nTAU1taN1 : 1.5947147 (0.05)%
                   N2hN1_N2nNUnN1 : 1.5628712 (0.05)%
        C1taNUTwTAU1taN1_N2nNUnN1 : 1.5536062 (0.05)%
          C1nTAU1taN1_C1nTAU2taN1 : 1.5491496 (0.05)%
         C1nTAU1taN1_N2taTAU2taN1 : 1.5375789 (0.05)%
       QqC1taNUTwTAU1taN1_QqN2hN1 : 1.5232633 (0.05)%
        QqC1nTAU1taN1_QqN2nNUTnN1 : 1.4783708 (0.05)%
                 QqN1_QqN2nNUTnN1 : 1.4327667 (0.05)%
            GtT1tN3wC1wN1_QqC1wN1 : 1.4156125 (0.05)%
       QqC1nTAU2hTAU1taN1_QqC1wN1 : 1.2951188 (0.04)%
               GbB2bN1_QqC1eNUnN1 : 1.2656389 (0.04)%
               GbB2bN1_QqC1mNUnN1 : 1.2656389 (0.04)%
               GbB2bN1_QqN2nNUnN1 : 1.2610989 (0.04)%
             GbB2bN1_QqC1taNUTnN1 : 1.2516032 (0.04)%
       QqC1nTAU2zTAU1taN1_QqC1wN1 : 1.2184423 (0.04)%
         QqC1nEeN1_QqN2taTAU1taN1 : 1.2102363 (0.04)%
         QqC1nMmN1_QqN2taTAU1taN1 : 1.2102363 (0.04)%
        GqQqN1_QqC1taNUTwTAU1taN1 : 1.1877729 (0.04)%
     QqC1nTAU2taN1_QqN2taTAU1taN1 : 1.1756567 (0.04)%
          QqC1nTAU1taN1_QqN2eEeN1 : 1.1509481 (0.04)%
          QqC1nTAU1taN1_QqN2mMmN1 : 1.1509481 (0.04)%
                   QqN1_QqN2eEeN1 : 1.1154442 (0.04)%
                   QqN1_QqN2mMmN1 : 1.1154442 (0.04)%
    QqC1eNUnN1_QqC1taNUTwTAU1taN1 : 1.1067692 (0.04)%
    QqC1mNUnN1_QqC1taNUTwTAU1taN1 : 1.1067692 (0.04)%
    QqC1taNUTwTAU1taN1_QqN2nNUnN1 : 1.1027991 (0.04)%
  QqC1taNUTnN1_QqC1taNUTwTAU1taN1 : 1.0944953 (0.04)%
     QqC1nTAU1taN1_QqN2taTAU2taN1 : 1.0914224 (0.04)%
                      N2hN1_N2hN1 : 1.0793735 (0.04)%
                  GtT1tN1_QqN2hN1 : 1.0642788 (0.04)%
              QqN1_QqN2taTAU2taN1 : 1.0577547 (0.04)%
              QqN2eEeN1_QqN2eEeN1 : 1.0254566 (0.03)%
              QqN2mMmN1_QqN2mMmN1 : 1.0254566 (0.03)%
               GtT1bC2wN1_QqC1wN1 : 0.9620144 (0.03)%
           C1nTAU2hTAU1taN1_C1wN1 : 0.9455335 (0.03)%
          C1wN1_N2taTAU2hTAU1taN1 : 0.9384712 (0.03)%
                GbB2bN1_QqC1nEeN1 : 0.9222909 (0.03)%
                GbB2bN1_QqC1nMmN1 : 0.9222909 (0.03)%
    QqN2taTAU2taN1_QqN2taTAU2taN1 : 0.9221286 (0.03)%
               GbB1tC1wN1_QqC1wN1 : 0.9135409 (0.03)%
               GtT1bC1wN1_QqN2hN1 : 0.9098020 (0.03)%
            GtT1bC2hC1wN1_QqC1wN1 : 0.8988063 (0.03)%
            GbB2bN1_QqC1nTAU2taN1 : 0.8959387 (0.03)%
           C1nTAU2zTAU1taN1_C1wN1 : 0.8895539 (0.03)%
          C1wN1_N2taTAU2zTAU1taN1 : 0.8829098 (0.03)%
               GtT1tN2hN1_QqC1wN1 : 0.8601039 (0.03)%
           C1nTAU2hTAU1taN1_N2hN1 : 0.8548527 (0.03)%
               GtT1tN3zN1_QqC1wN1 : 0.8502221 (0.03)%
            GtT1bC2zC1wN1_QqC1wN1 : 0.8382443 (0.03)%
       QqN2nNUTnN1_QqN2taTAU1taN1 : 0.8191017 (0.03)%
               GbB1tC2wN1_QqC1wN1 : 0.8150454 (0.03)%
        C1eNUnN1_C1taNUTwTAU1taN1 : 0.8080242 (0.03)%
        C1mNUnN1_C1taNUTwTAU1taN1 : 0.8080242 (0.03)%
     QqC1nEeN1_QqC1taNUTwTAU1taN1 : 0.8065201 (0.03)%
     QqC1nMmN1_QqC1taNUTwTAU1taN1 : 0.8065201 (0.03)%
           C1nTAU2zTAU1taN1_N2hN1 : 0.8042419 (0.03)%
      C1taNUTnN1_C1taNUTwTAU1taN1 : 0.7990633 (0.03)%
 QqC1nTAU2taN1_QqC1taNUTwTAU1taN1 : 0.7834757 (0.03)%
            GtT1bC2wN2hN1_QqC1wN1 : 0.7814381 (0.03)%
         C1eNUnN1_N2nNUTwTAU1taN1 : 0.7776256 (0.03)%
         C1mNUnN1_N2nNUTwTAU1taN1 : 0.7776256 (0.03)%
                  N2hN1_N2nNUTnN1 : 0.7735879 (0.03)%
               GtT1tN1_QqC1eNUnN1 : 0.7732812 (0.03)%
               GtT1tN1_QqC1mNUnN1 : 0.7732812 (0.03)%
               GtT1tN1_QqN2nNUnN1 : 0.7705074 (0.03)%
                   C1eNUnN1_N2zN1 : 0.7694265 (0.03)%
                   C1mNUnN1_N2zN1 : 0.7694265 (0.03)%
       C1taNUTnN1_N2nNUTwTAU1taN1 : 0.7690019 (0.03)%
       C1taNUTwTAU1taN1_N2nNUTnN1 : 0.7690019 (0.03)%
             GtT1tN1_QqC1taNUTnN1 : 0.7647057 (0.03)%
            GbB1tC2hC1wN1_QqC1wN1 : 0.7614937 (0.03)%
                 C1taNUTnN1_N2zN1 : 0.7608937 (0.03)%
        QqN2hN1_QqN2nNUTwTAU1taN1 : 0.7597032 (0.03)%
                  QqN2hN1_QqN2zN1 : 0.7516930 (0.03)%
                   C2wN1_N3wC1wN1 : 0.7463963 (0.03)%
            GtT2tN4wC1wN1_QqC1wN1 : 0.7416848 (0.03)%
            GbB1tC2zC1wN1_QqC1wN1 : 0.7101839 (0.02)%
                   C2wN1_N4wC1wN1 : 0.7079817 (0.02)%
                      B2bN1_B2bN1 : 0.6984015 (0.02)%
                C2hC1wN1_N3wC1wN1 : 0.6973552 (0.02)%
      QqC1wN1_QqN2taTAU2hTAU1taN1 : 0.6661567 (0.02)%
            GtT1tN3wC1wN1_QqN2hN1 : 0.6632566 (0.02)%
            GbB1tC2wN2hN1_QqC1wN1 : 0.6620561 (0.02)%
                C2hC1wN1_N4wC1wN1 : 0.6614645 (0.02)%
            GtT1bC1eNUnN1_QqC1wN1 : 0.6610419 (0.02)%
            GtT1bC1mNUnN1_QqC1wN1 : 0.6610419 (0.02)%
            GtT1bC1wN1_QqC1eNUnN1 : 0.6610419 (0.02)%
            GtT1bC1wN1_QqC1mNUnN1 : 0.6610419 (0.02)%
            GtT1bC1wN1_QqN2nNUnN1 : 0.6586707 (0.02)%
            GtT1tN3zN2hN1_QqC1wN1 : 0.6540323 (0.02)%
          GtT1bC1wN1_QqC1taNUTnN1 : 0.6537110 (0.02)%
          GtT1bC1taNUTnN1_QqC1wN1 : 0.6537110 (0.02)%
                C2zC1wN1_N3wC1wN1 : 0.6503671 (0.02)%
                         N1_N2hN1 : 0.6456520 (0.02)%
         QqN2eEeN1_QqN2taTAU1taN1 : 0.6376909 (0.02)%
         QqN2mMmN1_QqN2taTAU1taN1 : 0.6376909 (0.02)%
      QqC1wN1_QqN2taTAU2zTAU1taN1 : 0.6267175 (0.02)%
               QqC1nTAU1taN1_QqN1 : 0.6259741 (0.02)%
              GbB2bN1_QqN2nNUTnN1 : 0.6242170 (0.02)%
            GtT1tN2nNUnN1_QqC1wN1 : 0.6226906 (0.02)%
        C1nTAU2hTAU1taN1_N2nNUnN1 : 0.6188889 (0.02)%
                C2zC1wN1_N4wC1wN1 : 0.6168947 (0.02)%
       QqC1nTAU2hTAU1taN1_QqN2hN1 : 0.6068017 (0.02)%
                C2wN2hN1_N3wC1wN1 : 0.6062929 (0.02)%
    QqN2taTAU1taN1_QqN2taTAU2taN1 : 0.6047103 (0.02)%
                    N2eEeN1_N2hN1 : 0.6022573 (0.02)%
                    N2hN1_N2mMmN1 : 0.6022573 (0.02)%
         C1taNUTwTAU1taN1_N2eEeN1 : 0.5986870 (0.02)%
         C1taNUTwTAU1taN1_N2mMmN1 : 0.5986870 (0.02)%
         GqQqN1_QqN2nNUTwTAU1taN1 : 0.5923827 (0.02)%
                      C1eNUnN1_N1 : 0.5891438 (0.02)%
                      C1mNUnN1_N1 : 0.5891438 (0.02)%
         C1nEeN1_C1taNUTwTAU1taN1 : 0.5888199 (0.02)%
         C1nMmN1_C1taNUTwTAU1taN1 : 0.5888199 (0.02)%
                N3wC1wN1_N4wC1wN1 : 0.5871235 (0.02)%
                   GqQqN1_QqN2zN1 : 0.5861367 (0.02)%
                    C1taNUTnN1_N1 : 0.5826103 (0.02)%
        C1nTAU2zTAU1taN1_N2nNUnN1 : 0.5822481 (0.02)%
            GtT1tN4wC1wN1_QqC1wN1 : 0.5769565 (0.02)%
                C2wN2hN1_N4wC1wN1 : 0.5750889 (0.02)%
     C1nTAU2taN1_C1taNUTwTAU1taN1 : 0.5719958 (0.02)%
               N2hN1_N2taTAU2taN1 : 0.5711092 (0.02)%
       QqC1nTAU2zTAU1taN1_QqN2hN1 : 0.5708765 (0.02)%
    C1taNUTwTAU1taN1_N2taTAU2taN1 : 0.5677236 (0.02)%
                   GbB2bN1_GqQqN1 : 0.5671924 (0.02)%
          C1nEeN1_N2nNUTwTAU1taN1 : 0.5666680 (0.02)%
          C1nMmN1_N2nNUTwTAU1taN1 : 0.5666680 (0.02)%
         GtT1bC2wN2nNUnN1_QqC1wN1 : 0.5657388 (0.02)%
                N2nNUnN1_N2nNUnN1 : 0.5657370 (0.02)%
                  QqC1wN1_QqC2wN1 : 0.5655744 (0.02)%
                GtT1tN1_QqC1nEeN1 : 0.5635022 (0.02)%
                GtT1tN1_QqC1nMmN1 : 0.5635022 (0.02)%
                    C1nEeN1_N2zN1 : 0.5606932 (0.02)%
                    C1nMmN1_N2zN1 : 0.5606932 (0.02)%
               N2nNUTnN1_N2nNUnN1 : 0.5600555 (0.02)%
     QqC1eNUnN1_QqN2nNUTwTAU1taN1 : 0.5519834 (0.02)%
     QqC1mNUnN1_QqN2nNUTwTAU1taN1 : 0.5519834 (0.02)%
      C1nTAU2taN1_N2nNUTwTAU1taN1 : 0.5504768 (0.02)%
     QqN2nNUTwTAU1taN1_QqN2nNUnN1 : 0.5500034 (0.02)%
            GtT1tN1_QqC1nTAU2taN1 : 0.5474015 (0.02)%
               QqC1eNUnN1_QqN2zN1 : 0.5461634 (0.02)%
               QqC1mNUnN1_QqN2zN1 : 0.5461634 (0.02)%
   QqC1taNUTwTAU1taN1_QqN2nNUTnN1 : 0.5458620 (0.02)%
   QqC1taNUTnN1_QqN2nNUTwTAU1taN1 : 0.5458620 (0.02)%
                C1nTAU2taN1_N2zN1 : 0.5446727 (0.02)%
               QqN2nNUnN1_QqN2zN1 : 0.5442043 (0.02)%
             QqC1taNUTnN1_QqN2zN1 : 0.5401065 (0.02)%
               QqC1wN1_QqC2hC1wN1 : 0.5284139 (0.02)%
            GtT2tN3wC1wN1_QqC1wN1 : 0.5267811 (0.02)%
         C1nTAU1taN1_N2taTAU1taN1 : 0.5041541 (0.02)%
               QqC1wN1_QqC2zC1wN1 : 0.4928092 (0.02)%
                GbB2bN1_QqN2eEeN1 : 0.4859684 (0.02)%
                GbB2bN1_QqN2mMmN1 : 0.4859684 (0.02)%
         GtT1tN3wC1eNUnN1_QqC1wN1 : 0.4819075 (0.02)%
         GtT1tN3wC1mNUnN1_QqC1wN1 : 0.4819075 (0.02)%
         GtT1tN3wC1wN1_QqC1eNUnN1 : 0.4819075 (0.02)%
         GtT1tN3wC1wN1_QqC1mNUnN1 : 0.4819075 (0.02)%
             GtT1bC1nEeN1_QqC1wN1 : 0.4817116 (0.02)%
             GtT1bC1nMmN1_QqC1wN1 : 0.4817116 (0.02)%
             GtT1bC1wN1_QqC1nEeN1 : 0.4817116 (0.02)%
             GtT1bC1wN1_QqC1nMmN1 : 0.4817116 (0.02)%
         GtT1tN3wC1wN1_QqN2nNUnN1 : 0.4801788 (0.02)%
         GbB1tC2wN2nNUnN1_QqC1wN1 : 0.4793097 (0.02)%
       GtT1tN3wC1wN1_QqC1taNUTnN1 : 0.4765632 (0.02)%
       GtT1tN3wC1taNUTnN1_QqC1wN1 : 0.4765632 (0.02)%
         GtT1tN3zN2nNUnN1_QqC1wN1 : 0.4735007 (0.02)%
        GqQqN1_QqC1nTAU2hTAU1taN1 : 0.4731569 (0.02)%
                   C2hC1wN1_C2wN1 : 0.4701610 (0.02)%
         GtT1bC1wN1_QqC1nTAU2taN1 : 0.4679479 (0.02)%
         GtT1bC1nTAU2taN1_QqC1wN1 : 0.4679479 (0.02)%
                      N1_N2nNUnN1 : 0.4674336 (0.02)%
           GbB2bN1_QqN2taTAU2taN1 : 0.4608346 (0.02)%
               QqC1wN1_QqC2wN2hN1 : 0.4594124 (0.02)%
               GtT1bC2wN1_QqN2hN1 : 0.4507324 (0.02)%
                      C2wN1_N3zN1 : 0.4482884 (0.02)%
        GqQqN1_QqC1nTAU2zTAU1taN1 : 0.4451441 (0.02)%
    QqC1eNUnN1_QqC1nTAU2hTAU1taN1 : 0.4408886 (0.01)%
    QqC1mNUnN1_QqC1nTAU2hTAU1taN1 : 0.4408886 (0.01)%
    QqC1nTAU2hTAU1taN1_QqN2nNUnN1 : 0.4393071 (0.01)%
             C2wN2nNUnN1_N3wC1wN1 : 0.4389387 (0.01)%
                   C2wN1_C2zC1wN1 : 0.4384814 (0.01)%
                 N2eEeN1_N2nNUnN1 : 0.4360170 (0.01)%
                 N2mMmN1_N2nNUnN1 : 0.4360170 (0.01)%
  QqC1nTAU2hTAU1taN1_QqC1taNUTnN1 : 0.4359992 (0.01)%
                       C1nEeN1_N1 : 0.4293184 (0.01)%
                       C1nMmN1_N1 : 0.4293184 (0.01)%
               GbB1tC1wN1_QqN2hN1 : 0.4280211 (0.01)%
               GbB1bN2hN1_QqC1wN1 : 0.4251395 (0.01)%
     QqC1taNUTwTAU1taN1_QqN2eEeN1 : 0.4249670 (0.01)%
     QqC1taNUTwTAU1taN1_QqN2mMmN1 : 0.4249670 (0.01)%
               GtT2tN4hN1_QqC1wN1 : 0.4244587 (0.01)%
            GtT1bC2hC1wN1_QqN2hN1 : 0.4211175 (0.01)%
               QqC1wN1_QqN4wC1wN1 : 0.4204066 (0.01)%
                   C2hC1wN1_N3zN1 : 0.4188341 (0.01)%
                   C1nTAU2taN1_N1 : 0.4170516 (0.01)%
             C2wN2nNUnN1_N4wC1wN1 : 0.4163479 (0.01)%
    QqC1eNUnN1_QqC1nTAU2zTAU1taN1 : 0.4147861 (0.01)%
    QqC1mNUnN1_QqC1nTAU2zTAU1taN1 : 0.4147861 (0.01)%
            N2nNUnN1_N2taTAU2taN1 : 0.4134667 (0.01)%
    QqC1nTAU2zTAU1taN1_QqN2nNUnN1 : 0.4132982 (0.01)%
  QqC1nTAU2zTAU1taN1_QqC1taNUTnN1 : 0.4101862 (0.01)%
                C2hC1wN1_C2zC1wN1 : 0.4096714 (0.01)%
                   C2wN1_C2wN2hN1 : 0.4087663 (0.01)%
                      C2wN1_N4hN1 : 0.4051708 (0.01)%
QqC1taNUTwTAU1taN1_QqN2taTAU2taN1 : 0.4029882 (0.01)%
               GtT1tN2hN1_QqN2hN1 : 0.4029842 (0.01)%
      QqC1nEeN1_QqN2nNUTwTAU1taN1 : 0.4022390 (0.01)%
      QqC1nMmN1_QqN2nNUTwTAU1taN1 : 0.4022390 (0.01)%
               GtT1tN3zN1_QqN2hN1 : 0.3983543 (0.01)%
                QqC1nEeN1_QqN2zN1 : 0.3979978 (0.01)%
                QqC1nMmN1_QqN2zN1 : 0.3979978 (0.01)%
            GtT1bC2zC1wN1_QqN2hN1 : 0.3927424 (0.01)%
  QqC1nTAU2taN1_QqN2nNUTwTAU1taN1 : 0.3907460 (0.01)%
                   C2zC1wN1_N3zN1 : 0.3906129 (0.01)%
            QqC1nTAU2taN1_QqN2zN1 : 0.3866260 (0.01)%
                C2hC1wN1_C2wN2hN1 : 0.3819087 (0.01)%
               GbB1tC2wN1_QqN2hN1 : 0.3818730 (0.01)%
              GtT1tN1_QqN2nNUTnN1 : 0.3813847 (0.01)%
                   C2hC1wN1_N4hN1 : 0.3785495 (0.01)%
            GtT2tN4hN2hN1_QqC1wN1 : 0.3686988 (0.01)%
            GtT1bC2wN2hN1_QqN2hN1 : 0.3661270 (0.01)%
                   C2wN2hN1_N3zN1 : 0.3641417 (0.01)%
     QqC1nTAU1taN1_QqN2taTAU1taN1 : 0.3578646 (0.01)%
            GbB1tC2hC1wN1_QqN2hN1 : 0.3567824 (0.01)%
                C2wN2hN1_C2zC1wN1 : 0.3561756 (0.01)%
               GtT2hT1tN1_QqC1wN1 : 0.3540691 (0.01)%
                   C2zC1wN1_N4hN1 : 0.3530427 (0.01)%
                   N3zN1_N4wC1wN1 : 0.3526285 (0.01)%
                   C2wN1_N4hN2hN1 : 0.3519447 (0.01)%
          GtT1tN3wC1nEeN1_QqC1wN1 : 0.3511735 (0.01)%
          GtT1tN3wC1nMmN1_QqC1wN1 : 0.3511735 (0.01)%
          GtT1tN3wC1wN1_QqC1nEeN1 : 0.3511735 (0.01)%
          GtT1tN3wC1wN1_QqC1nMmN1 : 0.3511735 (0.01)%
                   T1bC1wN1_T1tN1 : 0.3479110 (0.01)%
            GtT2tN4wC1wN1_QqN2hN1 : 0.3475014 (0.01)%
              QqN1_QqN2taTAU1taN1 : 0.3468253 (0.01)%
                   GqQqN1_GtT1tN1 : 0.3465438 (0.01)%
                   C2wN1_N3zN2hN1 : 0.3448453 (0.01)%
      GtT1tN3wC1nTAU2taN1_QqC1wN1 : 0.3411396 (0.01)%
      GtT1tN3wC1wN1_QqC1nTAU2taN1 : 0.3411396 (0.01)%
                   N3wC1wN1_N4hN1 : 0.3360049 (0.01)%
            GbB1tC2zC1wN1_QqN2hN1 : 0.3327423 (0.01)%
            QqC1wN1_QqC2wN2nNUnN1 : 0.3326015 (0.01)%
               GtT1tN4hN1_QqC1wN1 : 0.3301864 (0.01)%
                   C2wN2hN1_N4hN1 : 0.3291176 (0.01)%
                C2hC1wN1_N4hN2hN1 : 0.3288205 (0.01)%
            GtT1bC2wN1_QqC1eNUnN1 : 0.3274921 (0.01)%
            GtT1bC2wN1_QqC1mNUnN1 : 0.3274921 (0.01)%
            GtT1bC2wN1_QqN2nNUnN1 : 0.3263173 (0.01)%
           GtT1bC1wN1_QqN2nNUTnN1 : 0.3260279 (0.01)%
          GtT1bC2wN1_QqC1taNUTnN1 : 0.3238603 (0.01)%
      QqC1nTAU1taN1_QqC1nTAU1taN1 : 0.3229492 (0.01)%
                C2hC1wN1_N3zN2hN1 : 0.3221876 (0.01)%
        C1eNUnN1_C1nTAU2hTAU1taN1 : 0.3218816 (0.01)%
        C1mNUnN1_C1nTAU2hTAU1taN1 : 0.3218816 (0.01)%
     QqC1nEeN1_QqC1nTAU2hTAU1taN1 : 0.3212824 (0.01)%
     QqC1nMmN1_QqC1nTAU2hTAU1taN1 : 0.3212824 (0.01)%
       C1eNUnN1_N2taTAU2hTAU1taN1 : 0.3194774 (0.01)%
       C1mNUnN1_N2taTAU2hTAU1taN1 : 0.3194774 (0.01)%
      C1nTAU2hTAU1taN1_C1taNUTnN1 : 0.3183120 (0.01)%
               GtT2tN3zN1_QqC1wN1 : 0.3163867 (0.01)%
     C1taNUTnN1_N2taTAU2hTAU1taN1 : 0.3159345 (0.01)%
      QqN2hN1_QqN2taTAU2hTAU1taN1 : 0.3121142 (0.01)%
 QqC1nTAU2hTAU1taN1_QqC1nTAU2taN1 : 0.3121026 (0.01)%
            GbB1tC1eNUnN1_QqC1wN1 : 0.3109906 (0.01)%
            GbB1tC1mNUnN1_QqC1wN1 : 0.3109906 (0.01)%
            GbB1tC1wN1_QqC1eNUnN1 : 0.3109906 (0.01)%
            GbB1tC1wN1_QqC1mNUnN1 : 0.3109906 (0.01)%
            GbB1tC2wN2hN1_QqN2hN1 : 0.3101930 (0.01)%
            GbB1tC1wN1_QqN2nNUnN1 : 0.3098750 (0.01)%
            GtT1bC1eNUnN1_QqN2hN1 : 0.3097178 (0.01)%
            GtT1bC1mNUnN1_QqN2hN1 : 0.3097178 (0.01)%
           GtT1tN2nNUTnN1_QqC1wN1 : 0.3082186 (0.01)%
            GbB1bN2nNUnN1_QqC1wN1 : 0.3077889 (0.01)%
          GbB1tC1wN1_QqC1taNUTnN1 : 0.3075418 (0.01)%
          GbB1tC1taNUTnN1_QqC1wN1 : 0.3075418 (0.01)%
                C2zC1wN1_N4hN2hN1 : 0.3066644 (0.01)%
            GtT1tN3zN2hN1_QqN2hN1 : 0.3064336 (0.01)%
       C1nTAU2hTAU1taN1_N2nNUTnN1 : 0.3063368 (0.01)%
          GtT1bC1taNUTnN1_QqN2hN1 : 0.3062831 (0.01)%
         GtT1bC2hC1eNUnN1_QqC1wN1 : 0.3059746 (0.01)%
         GtT1bC2hC1mNUnN1_QqC1wN1 : 0.3059746 (0.01)%
         GtT1bC2hC1wN1_QqC1eNUnN1 : 0.3059746 (0.01)%
         GtT1bC2hC1wN1_QqC1mNUnN1 : 0.3059746 (0.01)%
         GtT1bC2hC1wN1_QqN2nNUnN1 : 0.3048770 (0.01)%
                  GtT2tN1_QqC1wN1 : 0.3046483 (0.01)%
                        QqN1_QqN1 : 0.3033322 (0.01)%
        C1eNUnN1_C1nTAU2zTAU1taN1 : 0.3028249 (0.01)%
        C1mNUnN1_C1nTAU2zTAU1taN1 : 0.3028249 (0.01)%
            GtT2hT1bC1wN1_QqC1wN1 : 0.3026770 (0.01)%
       GtT1bC2hC1taNUTnN1_QqC1wN1 : 0.3025814 (0.01)%
       GtT1bC2hC1wN1_QqC1taNUTnN1 : 0.3025814 (0.01)%
     QqC1nEeN1_QqC1nTAU2zTAU1taN1 : 0.3022612 (0.01)%
     QqC1nMmN1_QqC1nTAU2zTAU1taN1 : 0.3022612 (0.01)%
       C1eNUnN1_N2taTAU2zTAU1taN1 : 0.3005630 (0.01)%
       C1mNUnN1_N2taTAU2zTAU1taN1 : 0.3005630 (0.01)%
                C2zC1wN1_N3zN2hN1 : 0.3004785 (0.01)%
      C1nTAU2zTAU1taN1_C1taNUTnN1 : 0.2994666 (0.01)%
     C1taNUTnN1_N2taTAU2zTAU1taN1 : 0.2972299 (0.01)%
                GtT1tN1_QqN2eEeN1 : 0.2969174 (0.01)%
                GtT1tN1_QqN2mMmN1 : 0.2969174 (0.01)%
                GqQqN1_GtT1bC1wN1 : 0.2962440 (0.01)%
                C2wN1_C2wN2nNUnN1 : 0.2959351 (0.01)%
      QqN2hN1_QqN2taTAU2zTAU1taN1 : 0.2936358 (0.01)%
 QqC1nTAU2taN1_QqC1nTAU2zTAU1taN1 : 0.2936248 (0.01)%
            GtT1tN2hN1_QqC1eNUnN1 : 0.2927994 (0.01)%
            GtT1tN2hN1_QqC1mNUnN1 : 0.2927994 (0.01)%
                N3wC1wN1_N4hN2hN1 : 0.2918648 (0.01)%
            GtT1tN2nNUnN1_QqN2hN1 : 0.2917491 (0.01)%
            GtT1tN2hN1_QqN2nNUnN1 : 0.2917491 (0.01)%
          GtT1tN2hN1_QqC1taNUTnN1 : 0.2895523 (0.01)%
            GtT1tN3zN1_QqC1eNUnN1 : 0.2894354 (0.01)%
            GtT1tN3zN1_QqC1mNUnN1 : 0.2894354 (0.01)%
            GtT1tN3zN1_QqN2nNUnN1 : 0.2883971 (0.01)%
       C1nTAU2zTAU1taN1_N2nNUTnN1 : 0.2882004 (0.01)%
            GtT1tN4hN2hN1_QqC1wN1 : 0.2868107 (0.01)%
          GtT1tN3zN1_QqC1taNUTnN1 : 0.2862256 (0.01)%
                C2wN2hN1_N4hN2hN1 : 0.2858824 (0.01)%
         GtT1bC2zC1eNUnN1_QqC1wN1 : 0.2853579 (0.01)%
         GtT1bC2zC1mNUnN1_QqC1wN1 : 0.2853579 (0.01)%
         GtT1bC2zC1wN1_QqC1eNUnN1 : 0.2853579 (0.01)%
         GtT1bC2zC1wN1_QqC1mNUnN1 : 0.2853579 (0.01)%
         GtT1bC2zC1wN1_QqN2nNUnN1 : 0.2843343 (0.01)%
       GtT1bC2zC1wN1_QqC1taNUTnN1 : 0.2821933 (0.01)%
       GtT1bC2zC1taNUTnN1_QqC1wN1 : 0.2821933 (0.01)%
           GtT1tN1_QqN2taTAU2taN1 : 0.2815612 (0.01)%
                C2wN2hN1_N3zN2hN1 : 0.2801156 (0.01)%
        GtT1bC2wN2nNUTnN1_QqC1wN1 : 0.2800286 (0.01)%
            GbB1tC2wN1_QqC1eNUnN1 : 0.2774604 (0.01)%
            GbB1tC2wN1_QqC1mNUnN1 : 0.2774604 (0.01)%
             C2hC1wN1_C2wN2nNUnN1 : 0.2764910 (0.01)%
            GbB1tC2wN1_QqN2nNUnN1 : 0.2764651 (0.01)%
          GbB1tC2wN1_QqC1taNUTnN1 : 0.2743834 (0.01)%
            GbB2bN1_QqC1nTAU1taN1 : 0.2727197 (0.01)%
    QqN2nNUTnN1_QqN2nNUTwTAU1taN1 : 0.2722399 (0.01)%
                N3zN2hN1_N4wC1wN1 : 0.2712590 (0.01)%
            GtT1tN4wC1wN1_QqN2hN1 : 0.2703213 (0.01)%
              QqN2nNUTnN1_QqN2zN1 : 0.2693695 (0.01)%
               GbB2tC2wN1_QqC1wN1 : 0.2674250 (0.01)%
         GtT2tN4hN2nNUnN1_QqC1wN1 : 0.2669274 (0.01)%
         GtT1bC2wN2hN1_QqC1eNUnN1 : 0.2660197 (0.01)%
         GtT1bC2wN2hN1_QqC1mNUnN1 : 0.2660197 (0.01)%
         GtT1bC2wN2hN1_QqN2nNUnN1 : 0.2650655 (0.01)%
         GtT1bC2wN2nNUnN1_QqN2hN1 : 0.2650655 (0.01)%
                  QqC2wN1_QqN2hN1 : 0.2649884 (0.01)%
                     GbB2bN1_QqN1 : 0.2643070 (0.01)%
                C2wN2nNUnN1_N3zN1 : 0.2636282 (0.01)%
       GtT1bC2wN2hN1_QqC1taNUTnN1 : 0.2630696 (0.01)%
         GbB1tC2hC1eNUnN1_QqC1wN1 : 0.2592302 (0.01)%
         GbB1tC2hC1mNUnN1_QqC1wN1 : 0.2592302 (0.01)%
         GbB1tC2hC1wN1_QqC1eNUnN1 : 0.2592302 (0.01)%
         GbB1tC2hC1wN1_QqC1mNUnN1 : 0.2592302 (0.01)%
         GbB1tC2hC1wN1_QqN2nNUnN1 : 0.2583003 (0.01)%
             C2wN2nNUnN1_C2zC1wN1 : 0.2578609 (0.01)%
       GbB1tC2hC1wN1_QqC1taNUTnN1 : 0.2563554 (0.01)%
       GbB1tC2hC1taNUTnN1_QqC1wN1 : 0.2563554 (0.01)%
                C2wN1_N4hN2nNUnN1 : 0.2547979 (0.01)%
                C2wN1_N3wC1eNUnN1 : 0.2540907 (0.01)%
                C2wN1_N3wC1mNUnN1 : 0.2540907 (0.01)%
             GtT1bC1wN1_QqN2eEeN1 : 0.2538208 (0.01)%
             GtT1bC1wN1_QqN2mMmN1 : 0.2538208 (0.01)%
                T1tN1_T1tN3wC1wN1 : 0.2536313 (0.01)%
         GtT2tN4wC1eNUnN1_QqC1wN1 : 0.2524868 (0.01)%
         GtT2tN4wC1mNUnN1_QqC1wN1 : 0.2524868 (0.01)%
         GtT2tN4wC1wN1_QqC1eNUnN1 : 0.2524868 (0.01)%
         GtT2tN4wC1wN1_QqC1mNUnN1 : 0.2524868 (0.01)%
                      C2wN1_C2wN1 : 0.2516124 (0.01)%
         GtT2tN4wC1wN1_QqN2nNUnN1 : 0.2515811 (0.01)%
              C2wN1_N3wC1taNUTnN1 : 0.2512729 (0.01)%
            GbB2tC2hC1wN1_QqC1wN1 : 0.2498541 (0.01)%
       GtT2tN4wC1taNUTnN1_QqC1wN1 : 0.2496867 (0.01)%
       GtT2tN4wC1wN1_QqC1taNUTnN1 : 0.2496867 (0.01)%
                C2wN1_N3zN2nNUnN1 : 0.2496581 (0.01)%
               QqC2hC1wN1_QqN2hN1 : 0.2475776 (0.01)%
            GtT2tN3wC1wN1_QqN2hN1 : 0.2468126 (0.01)%
            GtT2tN3zN2hN1_QqC1wN1 : 0.2433801 (0.01)%
       GqQqN1_QqN2taTAU2hTAU1taN1 : 0.2433728 (0.01)%
         GbB1tC2zC1eNUnN1_QqC1wN1 : 0.2417631 (0.01)%
         GbB1tC2zC1mNUnN1_QqC1wN1 : 0.2417631 (0.01)%
         GbB1tC2zC1wN1_QqC1eNUnN1 : 0.2417631 (0.01)%
         GbB1tC2zC1wN1_QqC1mNUnN1 : 0.2417631 (0.01)%
                C2wN1_N4wC1eNUnN1 : 0.2410134 (0.01)%
                C2wN1_N4wC1mNUnN1 : 0.2410134 (0.01)%
         GbB1tC2zC1wN1_QqN2nNUnN1 : 0.2408959 (0.01)%
        GtT1bC1wN1_QqN2taTAU2taN1 : 0.2406935 (0.01)%
                  QqC1wN1_QqN4hN1 : 0.2405945 (0.01)%
             C2wN2hN1_C2wN2nNUnN1 : 0.2403862 (0.01)%
             GtT1tN2eEeN1_QqC1wN1 : 0.2399558 (0.01)%
             GtT1tN2mMmN1_QqC1wN1 : 0.2399558 (0.01)%
       GbB1tC2zC1wN1_QqC1taNUTnN1 : 0.2390820 (0.01)%
       GbB1tC2zC1taNUTnN1_QqC1wN1 : 0.2390820 (0.01)%
             GtT1bC2wN1_QqC1nEeN1 : 0.2386486 (0.01)%
             GtT1bC2wN1_QqC1nMmN1 : 0.2386486 (0.01)%
         C1nTAU2hTAU1taN1_N2eEeN1 : 0.2384908 (0.01)%
         C1nTAU2hTAU1taN1_N2mMmN1 : 0.2384908 (0.01)%
 QqC1nTAU1taN1_QqC1taNUTwTAU1taN1 : 0.2384865 (0.01)%
              C2wN1_N4wC1taNUTnN1 : 0.2383406 (0.01)%
                C2wN2nNUnN1_N4hN1 : 0.2382718 (0.01)%
             C2hC1wN1_N4hN2nNUnN1 : 0.2380566 (0.01)%
        GtT1tN3wC1wN1_QqN2nNUTnN1 : 0.2376783 (0.01)%
             C2hC1wN1_N3wC1eNUnN1 : 0.2373959 (0.01)%
             C2hC1wN1_N3wC1mNUnN1 : 0.2373959 (0.01)%
             C2hC1eNUnN1_N3wC1wN1 : 0.2373959 (0.01)%
             C2hC1mNUnN1_N3wC1wN1 : 0.2373959 (0.01)%
        GbB1tC2wN2nNUTnN1_QqC1wN1 : 0.2372481 (0.01)%
          C1nTAU1taN1_C1nTAU1taN1 : 0.2357771 (0.01)%
           C2hC1wN1_N3wC1taNUTnN1 : 0.2347632 (0.01)%
           C2hC1taNUTnN1_N3wC1wN1 : 0.2347632 (0.01)%
         C1nEeN1_C1nTAU2hTAU1taN1 : 0.2345602 (0.01)%
         C1nMmN1_C1nTAU2hTAU1taN1 : 0.2345602 (0.01)%
        GtT1tN3zN2nNUTnN1_QqC1wN1 : 0.2343727 (0.01)%
             C2hC1wN1_N3zN2nNUnN1 : 0.2332546 (0.01)%
            GbB2tC2zC1wN1_QqC1wN1 : 0.2330188 (0.01)%
        C1nEeN1_N2taTAU2hTAU1taN1 : 0.2328082 (0.01)%
        C1nMmN1_N2taTAU2hTAU1taN1 : 0.2328082 (0.01)%
         GtT1bC2wN1_QqC1nTAU2taN1 : 0.2318298 (0.01)%
                     N1_N2nNUTnN1 : 0.2313696 (0.01)%
          QqC1taNUTwTAU1taN1_QqN1 : 0.2311297 (0.01)%
               QqC2zC1wN1_QqN2hN1 : 0.2308958 (0.01)%
       GqQqN1_QqN2taTAU2zTAU1taN1 : 0.2289641 (0.01)%
     C1nTAU2hTAU1taN1_C1nTAU2taN1 : 0.2278582 (0.01)%
        GtT1tN2taTAU2taN1_QqC1wN1 : 0.2275455 (0.01)%
   QqC1eNUnN1_QqN2taTAU2hTAU1taN1 : 0.2267752 (0.01)%
   QqC1mNUnN1_QqN2taTAU2hTAU1taN1 : 0.2267752 (0.01)%
             GbB1tC1wN1_QqC1nEeN1 : 0.2266237 (0.01)%
             GbB1tC1wN1_QqC1nMmN1 : 0.2266237 (0.01)%
             GbB1tC1nEeN1_QqC1wN1 : 0.2266237 (0.01)%
             GbB1tC1nMmN1_QqC1wN1 : 0.2266237 (0.01)%
    C1nTAU2taN1_N2taTAU2hTAU1taN1 : 0.2261563 (0.01)%
    C1nTAU2hTAU1taN1_N2taTAU2taN1 : 0.2261563 (0.01)%
   QqN2nNUnN1_QqN2taTAU2hTAU1taN1 : 0.2259618 (0.01)%
         GtT1tN3wC1eNUnN1_QqN2hN1 : 0.2257880 (0.01)%
         GtT1tN3wC1mNUnN1_QqN2hN1 : 0.2257880 (0.01)%
             GtT1bC1nEeN1_QqN2hN1 : 0.2256962 (0.01)%
             GtT1bC1nMmN1_QqN2hN1 : 0.2256962 (0.01)%
         GbB1tC2wN2hN1_QqC1eNUnN1 : 0.2253793 (0.01)%
         GbB1tC2wN2hN1_QqC1mNUnN1 : 0.2253793 (0.01)%
             C2hC1wN1_N4wC1eNUnN1 : 0.2251779 (0.01)%
             C2hC1wN1_N4wC1mNUnN1 : 0.2251779 (0.01)%
             C2hC1eNUnN1_N4wC1wN1 : 0.2251779 (0.01)%
             C2hC1mNUnN1_N4wC1wN1 : 0.2251779 (0.01)%
         GtT1bC1eNUnN1_QqC1eNUnN1 : 0.2250340 (0.01)%
         GtT1bC1eNUnN1_QqC1mNUnN1 : 0.2250340 (0.01)%
         GtT1bC1mNUnN1_QqC1eNUnN1 : 0.2250340 (0.01)%
         GtT1bC1mNUnN1_QqC1mNUnN1 : 0.2250340 (0.01)%
         GbB1tC2wN2nNUnN1_QqN2hN1 : 0.2245708 (0.01)%
         GbB1tC2wN2hN1_QqN2nNUnN1 : 0.2245708 (0.01)%
         C1nTAU2zTAU1taN1_N2eEeN1 : 0.2243711 (0.01)%
         C1nTAU2zTAU1taN1_N2mMmN1 : 0.2243711 (0.01)%
 QqC1taNUTnN1_QqN2taTAU2hTAU1taN1 : 0.2242604 (0.01)%
         GtT1bC1eNUnN1_QqN2nNUnN1 : 0.2242268 (0.01)%
         GtT1bC1mNUnN1_QqN2nNUnN1 : 0.2242268 (0.01)%
       GtT1tN3wC1taNUTnN1_QqN2hN1 : 0.2232840 (0.01)%
          GtT1bC2hC1wN1_QqC1nEeN1 : 0.2229685 (0.01)%
          GtT1bC2hC1wN1_QqC1nMmN1 : 0.2229685 (0.01)%
          GtT1bC2hC1nEeN1_QqC1wN1 : 0.2229685 (0.01)%
          GtT1bC2hC1nMmN1_QqC1wN1 : 0.2229685 (0.01)%
       GbB1tC2wN2hN1_QqC1taNUTnN1 : 0.2228799 (0.01)%
           C2hC1wN1_N4wC1taNUTnN1 : 0.2226807 (0.01)%
           C2hC1taNUTnN1_N4wC1wN1 : 0.2226807 (0.01)%
         GtT1tN3zN2hN1_QqC1eNUnN1 : 0.2226478 (0.01)%
         GtT1tN3zN2hN1_QqC1mNUnN1 : 0.2226478 (0.01)%
       GtT1bC1eNUnN1_QqC1taNUTnN1 : 0.2225385 (0.01)%
       GtT1bC1mNUnN1_QqC1taNUTnN1 : 0.2225385 (0.01)%
       GtT1bC1taNUTnN1_QqC1eNUnN1 : 0.2225385 (0.01)%
       GtT1bC1taNUTnN1_QqC1mNUnN1 : 0.2225385 (0.01)%
             C2zC1wN1_N4hN2nNUnN1 : 0.2220163 (0.01)%
         GtT1tN3zN2nNUnN1_QqN2hN1 : 0.2218492 (0.01)%
         GtT1tN3zN2hN1_QqN2nNUnN1 : 0.2218492 (0.01)%
       GtT1bC1taNUTnN1_QqN2nNUnN1 : 0.2217402 (0.01)%
             C2zC1wN1_N3wC1eNUnN1 : 0.2214001 (0.01)%
             C2zC1wN1_N3wC1mNUnN1 : 0.2214001 (0.01)%
             C2zC1eNUnN1_N3wC1wN1 : 0.2214001 (0.01)%
             C2zC1mNUnN1_N3wC1wN1 : 0.2214001 (0.01)%
         C1nEeN1_C1nTAU2zTAU1taN1 : 0.2206732 (0.01)%
         C1nMmN1_C1nTAU2zTAU1taN1 : 0.2206732 (0.01)%
         GtT2hT1tN3wC1wN1_QqC1wN1 : 0.2206552 (0.01)%
       GtT1tN3zN2hN1_QqC1taNUTnN1 : 0.2201787 (0.01)%
         GbB1tC1wN1_QqC1nTAU2taN1 : 0.2201485 (0.01)%
         GbB1tC1nTAU2taN1_QqC1wN1 : 0.2201485 (0.01)%
     GtT1bC1taNUTnN1_QqC1taNUTnN1 : 0.2200705 (0.01)%
                C2hC1wN1_C2hC1wN1 : 0.2196348 (0.01)%
         GtT1bC1nTAU2taN1_QqN2hN1 : 0.2192475 (0.01)%
        C1nEeN1_N2taTAU2zTAU1taN1 : 0.2190250 (0.01)%
        C1nMmN1_N2taTAU2zTAU1taN1 : 0.2190250 (0.01)%
           C2zC1wN1_N3wC1taNUTnN1 : 0.2189448 (0.01)%
           C2zC1taNUTnN1_N3wC1wN1 : 0.2189448 (0.01)%
          GtT1bC2wN2eEeN1_QqC1wN1 : 0.2180092 (0.01)%
          GtT1bC2wN2mMmN1_QqC1wN1 : 0.2180092 (0.01)%
             C2zC1wN1_N3zN2nNUnN1 : 0.2175378 (0.01)%
   QqC1nTAU2hTAU1taN1_QqN2nNUTnN1 : 0.2174476 (0.01)%
            C2wN2nNUTnN1_N3wC1wN1 : 0.2172653 (0.01)%
            GbB2tC2wN2hN1_QqC1wN1 : 0.2172276 (0.01)%
             T1bC1wN1_T1tN3wC1wN1 : 0.2168175 (0.01)%
      GtT1bC2hC1nTAU2taN1_QqC1wN1 : 0.2165977 (0.01)%
      GtT1bC2hC1wN1_QqC1nTAU2taN1 : 0.2165977 (0.01)%
             GqQqN1_GtT1tN3wC1wN1 : 0.2159654 (0.01)%
                N2eEeN1_N2nNUTnN1 : 0.2158191 (0.01)%
                N2mMmN1_N2nNUTnN1 : 0.2158191 (0.01)%
               QqC2wN2hN1_QqN2hN1 : 0.2152484 (0.01)%
     C1nTAU2taN1_C1nTAU2zTAU1taN1 : 0.2143680 (0.01)%
             GtT1tN2hN1_QqC1nEeN1 : 0.2133675 (0.01)%
             GtT1tN2hN1_QqC1nMmN1 : 0.2133675 (0.01)%
   QqC1eNUnN1_QqN2taTAU2zTAU1taN1 : 0.2133492 (0.01)%
   QqC1mNUnN1_QqN2taTAU2zTAU1taN1 : 0.2133492 (0.01)%
    C1nTAU2taN1_N2taTAU2zTAU1taN1 : 0.2127669 (0.01)%
    C1nTAU2zTAU1taN1_N2taTAU2taN1 : 0.2127669 (0.01)%
   QqN2nNUnN1_QqN2taTAU2zTAU1taN1 : 0.2125839 (0.01)%
         GtT1tN2nNUnN1_QqC1eNUnN1 : 0.2119784 (0.01)%
         GtT1tN2nNUnN1_QqC1mNUnN1 : 0.2119784 (0.01)%
      QqN2eEeN1_QqN2nNUTwTAU1taN1 : 0.2119455 (0.01)%
      QqN2mMmN1_QqN2nNUTwTAU1taN1 : 0.2119455 (0.01)%
             N3wC1wN1_N4hN2nNUnN1 : 0.2113018 (0.01)%
         GtT1tN2nNUnN1_QqN2nNUnN1 : 0.2112180 (0.01)%
 QqC1taNUTnN1_QqN2taTAU2zTAU1taN1 : 0.2109832 (0.01)%
             GtT1tN3zN1_QqC1nEeN1 : 0.2109161 (0.01)%
             GtT1tN3zN1_QqC1nMmN1 : 0.2109161 (0.01)%
             C2zC1eNUnN1_N4wC1wN1 : 0.2100053 (0.01)%
             C2zC1mNUnN1_N4wC1wN1 : 0.2100053 (0.01)%
             C2zC1wN1_N4wC1eNUnN1 : 0.2100053 (0.01)%
             C2zC1wN1_N4wC1mNUnN1 : 0.2100053 (0.01)%
                QqN2eEeN1_QqN2zN1 : 0.2097108 (0.01)%
                QqN2mMmN1_QqN2zN1 : 0.2097108 (0.01)%
       GtT1tN2nNUnN1_QqC1taNUTnN1 : 0.2096276 (0.01)%
               QqC1wN1_QqN4hN2hN1 : 0.2089882 (0.01)%
          GtT1bC2zC1wN1_QqC1nEeN1 : 0.2079448 (0.01)%
          GtT1bC2zC1wN1_QqC1nMmN1 : 0.2079448 (0.01)%
          GtT1bC2zC1nEeN1_QqC1wN1 : 0.2079448 (0.01)%
          GtT1bC2zC1nMmN1_QqC1wN1 : 0.2079448 (0.01)%
           C2zC1wN1_N4wC1taNUTnN1 : 0.2076764 (0.01)%
           C2zC1taNUTnN1_N4wC1wN1 : 0.2076764 (0.01)%
         GtT1tN4hN2nNUnN1_QqC1wN1 : 0.2076428 (0.01)%
         GtT1tN2hN1_QqC1nTAU2taN1 : 0.2072710 (0.01)%
             C2wN2hN1_N4hN2nNUnN1 : 0.2069707 (0.01)%
             C2wN2nNUnN1_N4hN2hN1 : 0.2069707 (0.01)%
     GtT1bC2wN2taTAU2taN1_QqC1wN1 : 0.2067340 (0.01)%
                   GqQqN1_QqC2wN1 : 0.2066262 (0.01)%
             C2wN2hN1_N3wC1eNUnN1 : 0.2063962 (0.01)%
             C2wN2hN1_N3wC1mNUnN1 : 0.2063962 (0.01)%
               GbB2tC1wN1_QqC1wN1 : 0.2062586 (0.01)%
            C2wN2nNUTnN1_N4wC1wN1 : 0.2060833 (0.01)%
         GtT1tN3zN1_QqC1nTAU2taN1 : 0.2048897 (0.01)%
           N2nNUTnN1_N2taTAU2taN1 : 0.2046572 (0.01)%
   QqC1nTAU2zTAU1taN1_QqN2nNUTnN1 : 0.2045738 (0.01)%
           C2wN2hN1_N3wC1taNUTnN1 : 0.2041073 (0.01)%
                      T1tN1_T1tN1 : 0.2034917 (0.01)%
             C2wN2hN1_N3zN2nNUnN1 : 0.2027957 (0.01)%
             C2wN2nNUnN1_N3zN2hN1 : 0.2027957 (0.01)%
             GbB1tC2wN1_QqC1nEeN1 : 0.2021898 (0.01)%
             GbB1tC2wN1_QqC1nMmN1 : 0.2021898 (0.01)%
      GtT1bC2zC1wN1_QqC1nTAU2taN1 : 0.2020033 (0.01)%
      GtT1bC2zC1nTAU2taN1_QqC1wN1 : 0.2020033 (0.01)%
                      N3zN1_N4hN1 : 0.2018057 (0.01)%
 QqN2nNUTwTAU1taN1_QqN2taTAU2taN1 : 0.2009839 (0.01)%
             N3wC1eNUnN1_N4wC1wN1 : 0.1998705 (0.01)%
             N3wC1mNUnN1_N4wC1wN1 : 0.1998705 (0.01)%
             N3wC1wN1_N4wC1eNUnN1 : 0.1998705 (0.01)%
             N3wC1wN1_N4wC1mNUnN1 : 0.1998705 (0.01)%
               GbB1bN2hN1_QqN2hN1 : 0.1991905 (0.01)%
               GtT2tN4hN1_QqN2hN1 : 0.1988715 (0.01)%
           QqN2taTAU2taN1_QqN2zN1 : 0.1988648 (0.01)%
           N3wC1wN1_N4wC1taNUTnN1 : 0.1976540 (0.01)%
           N3wC1taNUTnN1_N4wC1wN1 : 0.1976540 (0.01)%
               QqN2hN1_QqN4wC1wN1 : 0.1969730 (0.01)%
         GbB1tC2wN1_QqC1nTAU2taN1 : 0.1964127 (0.01)%
         GtT1tN4wC1eNUnN1_QqC1wN1 : 0.1964094 (0.01)%
         GtT1tN4wC1mNUnN1_QqC1wN1 : 0.1964094 (0.01)%
         GtT1tN4wC1wN1_QqC1eNUnN1 : 0.1964094 (0.01)%
         GtT1tN4wC1wN1_QqC1mNUnN1 : 0.1964094 (0.01)%
             N3zN2nNUnN1_N4wC1wN1 : 0.1963838 (0.01)%
             C2wN2hN1_N4wC1eNUnN1 : 0.1957737 (0.01)%
             C2wN2hN1_N4wC1mNUnN1 : 0.1957737 (0.01)%
         GtT1tN4wC1wN1_QqN2nNUnN1 : 0.1957049 (0.01)%
       GtT1tN4wC1wN1_QqC1taNUTnN1 : 0.1942313 (0.01)%
       GtT1tN4wC1taNUTnN1_QqC1wN1 : 0.1942313 (0.01)%
          GtT1bC2wN2hN1_QqC1nEeN1 : 0.1938527 (0.01)%
          GtT1bC2wN2hN1_QqC1nMmN1 : 0.1938527 (0.01)%
           C2wN2hN1_N4wC1taNUTnN1 : 0.1936026 (0.01)%
                GqQqN1_QqC2hC1wN1 : 0.1930500 (0.01)%
      GtT1bC2wN2nNUnN1_QqC1eNUnN1 : 0.1925907 (0.01)%
      GtT1bC2wN2nNUnN1_QqC1mNUnN1 : 0.1925907 (0.01)%
               QqC1eNUnN1_QqC2wN1 : 0.1925347 (0.01)%
               QqC1mNUnN1_QqC2wN1 : 0.1925347 (0.01)%
      GtT1bC2wN2nNUnN1_QqN2nNUnN1 : 0.1918998 (0.01)%
               QqC2wN1_QqN2nNUnN1 : 0.1918440 (0.01)%
                C2zC1wN1_C2zC1wN1 : 0.1910338 (0.01)%
    GtT1bC2wN2nNUnN1_QqC1taNUTnN1 : 0.1904549 (0.01)%
             QqC1taNUTnN1_QqC2wN1 : 0.1903995 (0.01)%
          GbB1tC2hC1wN1_QqC1nEeN1 : 0.1889051 (0.01)%
          GbB1tC2hC1wN1_QqC1nMmN1 : 0.1889051 (0.01)%
          GbB1tC2hC1nEeN1_QqC1wN1 : 0.1889051 (0.01)%
          GbB1tC2hC1nMmN1_QqC1wN1 : 0.1889051 (0.01)%
      GtT1bC2wN2hN1_QqC1nTAU2taN1 : 0.1883139 (0.01)%
               N2hN1_N2taTAU1taN1 : 0.1872600 (0.01)%
    C1taNUTwTAU1taN1_N2taTAU1taN1 : 0.1861499 (0.01)%
               GtT2bC1wN1_QqC1wN1 : 0.1853292 (0.01)%
                 C2wN1_N3wC1nEeN1 : 0.1851599 (0.01)%
                 C2wN1_N3wC1nMmN1 : 0.1851599 (0.01)%
          GtT1tN3wC1wN1_QqN2eEeN1 : 0.1850384 (0.01)%
          GtT1tN3wC1wN1_QqN2mMmN1 : 0.1850384 (0.01)%
          GbB1tC2wN2eEeN1_QqC1wN1 : 0.1847035 (0.01)%
          GbB1tC2wN2mMmN1_QqC1wN1 : 0.1847035 (0.01)%
          GtT2tN4wC1nEeN1_QqC1wN1 : 0.1839911 (0.01)%
          GtT2tN4wC1nMmN1_QqC1wN1 : 0.1839911 (0.01)%
          GtT2tN4wC1wN1_QqC1nEeN1 : 0.1839911 (0.01)%
          GtT2tN4wC1wN1_QqC1nMmN1 : 0.1839911 (0.01)%
      GbB1tC2hC1wN1_QqC1nTAU2taN1 : 0.1835076 (0.01)%
      GbB1tC2hC1nTAU2taN1_QqC1wN1 : 0.1835076 (0.01)%
          GtT1tN3zN2eEeN1_QqC1wN1 : 0.1824650 (0.01)%
          GtT1tN3zN2mMmN1_QqC1wN1 : 0.1824650 (0.01)%
                       N1_N2eEeN1 : 0.1801270 (0.01)%
                       N1_N2mMmN1 : 0.1801270 (0.01)%
                GqQqN1_QqC2zC1wN1 : 0.1800422 (0.01)%
            QqC1wN1_QqC2hC1eNUnN1 : 0.1798844 (0.01)%
            QqC1wN1_QqC2hC1mNUnN1 : 0.1798844 (0.01)%
            QqC1eNUnN1_QqC2hC1wN1 : 0.1798844 (0.01)%
            QqC1mNUnN1_QqC2hC1wN1 : 0.1798844 (0.01)%
             C2wN1_N3wC1nTAU2taN1 : 0.1798694 (0.01)%
         GtT2tN3wC1eNUnN1_QqC1wN1 : 0.1793286 (0.01)%
         GtT2tN3wC1mNUnN1_QqC1wN1 : 0.1793286 (0.01)%
         GtT2tN3wC1wN1_QqC1eNUnN1 : 0.1793286 (0.01)%
         GtT2tN3wC1wN1_QqC1mNUnN1 : 0.1793286 (0.01)%
            QqC2hC1wN1_QqN2nNUnN1 : 0.1792391 (0.01)%
      GtT2tN4wC1nTAU2taN1_QqC1wN1 : 0.1787340 (0.01)%
      GtT2tN4wC1wN1_QqC1nTAU2taN1 : 0.1787340 (0.01)%
         GtT2tN3wC1wN1_QqN2nNUnN1 : 0.1786853 (0.01)%
          QqC1wN1_QqC2hC1taNUTnN1 : 0.1778895 (0.01)%
          QqC1taNUTnN1_QqC2hC1wN1 : 0.1778895 (0.01)%
       GtT2tN3wC1taNUTnN1_QqC1wN1 : 0.1773398 (0.01)%
       GtT2tN3wC1wN1_QqC1taNUTnN1 : 0.1773398 (0.01)%
         GtT2tN3zN2nNUnN1_QqC1wN1 : 0.1762002 (0.01)%
          GbB1tC2zC1wN1_QqC1nEeN1 : 0.1761766 (0.01)%
          GbB1tC2zC1wN1_QqC1nMmN1 : 0.1761766 (0.01)%
          GbB1tC2zC1nEeN1_QqC1wN1 : 0.1761766 (0.01)%
          GbB1tC2zC1nMmN1_QqC1wN1 : 0.1761766 (0.01)%
                 C2wN1_N4wC1nEeN1 : 0.1756303 (0.01)%
                 C2wN1_N4wC1nMmN1 : 0.1756303 (0.01)%
     GtT1tN3wC1wN1_QqN2taTAU2taN1 : 0.1754684 (0.01)%
                   N3zN1_N4hN2hN1 : 0.1752951 (0.01)%
     GbB1tC2wN2taTAU2taN1_QqC1wN1 : 0.1751508 (0.01)%
     C1nTAU1taN1_C1taNUTwTAU1taN1 : 0.1741129 (0.01)%
     GtT1tN3zN2taTAU2taN1_QqC1wN1 : 0.1730281 (0.01)%
              C2hC1wN1_N3wC1nEeN1 : 0.1729941 (0.01)%
              C2hC1wN1_N3wC1nMmN1 : 0.1729941 (0.01)%
              C2hC1nEeN1_N3wC1wN1 : 0.1729941 (0.01)%
              C2hC1nMmN1_N3wC1wN1 : 0.1729941 (0.01)%
            GtT2tN4hN2hN1_QqN2hN1 : 0.1727463 (0.01)%
                   T1bC2wN1_T1tN1 : 0.1723614 (0.01)%
               GtT2bC2wN1_QqC1wN1 : 0.1711803 (0.01)%
      GbB1tC2zC1wN1_QqC1nTAU2taN1 : 0.1711428 (0.01)%
      GbB1tC2zC1nTAU2taN1_QqC1wN1 : 0.1711428 (0.01)%
                  N1_N2taTAU2taN1 : 0.1708110 (0.01)%
             C2wN1_N4wC1nTAU2taN1 : 0.1706121 (0.01)%
     QqC1nTAU2hTAU1taN1_QqN2eEeN1 : 0.1692883 (0.01)%
     QqC1nTAU2hTAU1taN1_QqN2mMmN1 : 0.1692883 (0.01)%
              C2wN2eEeN1_N3wC1wN1 : 0.1691464 (0.01)%
              C2wN2mMmN1_N3wC1wN1 : 0.1691464 (0.01)%
          C2hC1wN1_N3wC1nTAU2taN1 : 0.1680513 (0.01)%
          C2hC1nTAU2taN1_N3wC1wN1 : 0.1680513 (0.01)%
                  N2eEeN1_N2mMmN1 : 0.1680205 (0.01)%
                GqQqN1_QqC2wN2hN1 : 0.1678411 (0.01)%
            QqC1wN1_QqC2zC1eNUnN1 : 0.1677637 (0.01)%
            QqC1wN1_QqC2zC1mNUnN1 : 0.1677637 (0.01)%
            QqC1eNUnN1_QqC2zC1wN1 : 0.1677637 (0.01)%
            QqC1mNUnN1_QqC2zC1wN1 : 0.1677637 (0.01)%
      C1nTAU1taN1_N2nNUTwTAU1taN1 : 0.1675627 (0.01)%
            QqC2zC1wN1_QqN2nNUnN1 : 0.1671619 (0.01)%
            GtT1tN1_QqC1nTAU1taN1 : 0.1666265 (0.01)%
                C2wN2hN1_C2wN2hN1 : 0.1660191 (0.01)%
          QqC1wN1_QqC2zC1taNUTnN1 : 0.1659032 (0.01)%
          QqC1taNUTnN1_QqC2zC1wN1 : 0.1659032 (0.01)%
               GtT2hT1tN1_QqN2hN1 : 0.1658919 (0.01)%
                C1nTAU1taN1_N2zN1 : 0.1657959 (0.01)%
    QqC1nEeN1_QqN2taTAU2hTAU1taN1 : 0.1652547 (0.01)%
    QqC1nMmN1_QqN2taTAU2hTAU1taN1 : 0.1652547 (0.01)%
           QqC1wN1_QqC2wN2nNUTnN1 : 0.1646306 (0.01)%
          GtT1tN3wC1nEeN1_QqN2hN1 : 0.1645352 (0.01)%
          GtT1tN3wC1nMmN1_QqN2hN1 : 0.1645352 (0.01)%
          GbB1tC2wN2hN1_QqC1nEeN1 : 0.1642374 (0.01)%
          GbB1tC2wN2hN1_QqC1nMmN1 : 0.1642374 (0.01)%
              C2hC1wN1_N4wC1nEeN1 : 0.1640907 (0.01)%
              C2hC1wN1_N4wC1nMmN1 : 0.1640907 (0.01)%
              C2hC1nEeN1_N4wC1wN1 : 0.1640907 (0.01)%
              C2hC1nMmN1_N4wC1wN1 : 0.1640907 (0.01)%
      GtT1tN3wC1eNUnN1_QqC1eNUnN1 : 0.1640525 (0.01)%
      GtT1tN3wC1eNUnN1_QqC1mNUnN1 : 0.1640525 (0.01)%
      GtT1tN3wC1mNUnN1_QqC1eNUnN1 : 0.1640525 (0.01)%
      GtT1tN3wC1mNUnN1_QqC1mNUnN1 : 0.1640525 (0.01)%
          GtT1bC1eNUnN1_QqC1nEeN1 : 0.1639858 (0.01)%
          GtT1bC1eNUnN1_QqC1nMmN1 : 0.1639858 (0.01)%
          GtT1bC1mNUnN1_QqC1nEeN1 : 0.1639858 (0.01)%
          GtT1bC1mNUnN1_QqC1nMmN1 : 0.1639858 (0.01)%
          GtT1bC1nEeN1_QqC1eNUnN1 : 0.1639858 (0.01)%
          GtT1bC1nEeN1_QqC1mNUnN1 : 0.1639858 (0.01)%
          GtT1bC1nMmN1_QqC1eNUnN1 : 0.1639858 (0.01)%
          GtT1bC1nMmN1_QqC1mNUnN1 : 0.1639858 (0.01)%
      GtT1tN3wC1eNUnN1_QqN2nNUnN1 : 0.1634640 (0.01)%
      GtT1tN3wC1mNUnN1_QqN2nNUnN1 : 0.1634640 (0.01)%
          GtT1bC1nEeN1_QqN2nNUnN1 : 0.1633976 (0.01)%
          GtT1bC1nMmN1_QqN2nNUnN1 : 0.1633976 (0.01)%
      GbB1tC2wN2nNUnN1_QqC1eNUnN1 : 0.1631682 (0.01)%
      GbB1tC2wN2nNUnN1_QqC1mNUnN1 : 0.1631682 (0.01)%
      GbB1tC2wN2nNUnN1_QqN2nNUnN1 : 0.1625829 (0.01)%
          GtT1tN3zN2hN1_QqC1nEeN1 : 0.1622470 (0.01)%
          GtT1tN3zN2hN1_QqC1nMmN1 : 0.1622470 (0.01)%
    GtT1tN3wC1eNUnN1_QqC1taNUTnN1 : 0.1622332 (0.01)%
    GtT1tN3wC1mNUnN1_QqC1taNUTnN1 : 0.1622332 (0.01)%
    GtT1tN3wC1taNUTnN1_QqC1eNUnN1 : 0.1622332 (0.01)%
    GtT1tN3wC1taNUTnN1_QqC1mNUnN1 : 0.1622332 (0.01)%
        GtT1bC1nEeN1_QqC1taNUTnN1 : 0.1621673 (0.01)%
        GtT1bC1nMmN1_QqC1taNUTnN1 : 0.1621673 (0.01)%
        GtT1bC1taNUTnN1_QqC1nEeN1 : 0.1621673 (0.01)%
        GtT1bC1taNUTnN1_QqC1nMmN1 : 0.1621673 (0.01)%
    GtT1tN3wC1taNUTnN1_QqN2nNUnN1 : 0.1616513 (0.01)%
           GtT1bC2wN1_QqN2nNUTnN1 : 0.1615201 (0.01)%
                     GtT1tN1_QqN1 : 0.1614865 (0.01)%
    GbB1tC2wN2nNUnN1_QqC1taNUTnN1 : 0.1613587 (0.01)%
              C2zC1wN1_N3wC1nEeN1 : 0.1613377 (0.01)%
              C2zC1wN1_N3wC1nMmN1 : 0.1613377 (0.01)%
              C2zC1nEeN1_N3wC1wN1 : 0.1613377 (0.01)%
              C2zC1nMmN1_N3wC1wN1 : 0.1613377 (0.01)%
      GtT1tN3zN2nNUnN1_QqC1eNUnN1 : 0.1611907 (0.01)%
      GtT1tN3zN2nNUnN1_QqC1mNUnN1 : 0.1611907 (0.01)%
                T1bC2hC1wN1_T1tN1 : 0.1610366 (0.01)%
      GtT1tN3zN2nNUnN1_QqN2nNUnN1 : 0.1606124 (0.01)%
QqC1nTAU2hTAU1taN1_QqN2taTAU2taN1 : 0.1605329 (0.01)%
QqC1nTAU2taN1_QqN2taTAU2hTAU1taN1 : 0.1605329 (0.01)%
              C2wN2eEeN1_N4wC1wN1 : 0.1604410 (0.01)%
              C2wN2mMmN1_N4wC1wN1 : 0.1604410 (0.01)%
  GtT1tN3wC1taNUTnN1_QqC1taNUTnN1 : 0.1604341 (0.01)%
         C2wN2taTAU2taN1_N3wC1wN1 : 0.1603983 (0.01)%
                C2hC1eNUnN1_C2wN1 : 0.1600537 (0.01)%
                C2hC1mNUnN1_C2wN1 : 0.1600537 (0.01)%
            GtT2bC2hC1wN1_QqC1wN1 : 0.1599331 (0.01)%
      GtT1tN3wC1nTAU2taN1_QqN2hN1 : 0.1598341 (0.01)%
      GbB1tC2wN2hN1_QqC1nTAU2taN1 : 0.1595448 (0.01)%
    GtT1tN3zN2nNUnN1_QqC1taNUTnN1 : 0.1594031 (0.01)%
          C2hC1wN1_N4wC1nTAU2taN1 : 0.1594022 (0.01)%
          C2hC1nTAU2taN1_N4wC1wN1 : 0.1594022 (0.01)%
             N2eEeN1_N2taTAU2taN1 : 0.1593307 (0.01)%
             N2mMmN1_N2taTAU2taN1 : 0.1593307 (0.01)%
      GtT1bC1eNUnN1_QqC1nTAU2taN1 : 0.1593003 (0.01)%
      GtT1bC1mNUnN1_QqC1nTAU2taN1 : 0.1593003 (0.01)%
      GtT1bC1nTAU2taN1_QqC1eNUnN1 : 0.1593003 (0.01)%
      GtT1bC1nTAU2taN1_QqC1mNUnN1 : 0.1593003 (0.01)%
     QqC1nTAU2zTAU1taN1_QqN2eEeN1 : 0.1592658 (0.01)%
     QqC1nTAU2zTAU1taN1_QqN2mMmN1 : 0.1592658 (0.01)%
      GtT1bC1nTAU2taN1_QqN2nNUnN1 : 0.1587289 (0.01)%
              C2hC1taNUTnN1_C2wN1 : 0.1582788 (0.01)%
      GtT1tN3zN2hN1_QqC1nTAU2taN1 : 0.1576111 (0.01)%
    GtT1bC1nTAU2taN1_QqC1taNUTnN1 : 0.1575337 (0.01)%
    GtT1bC1taNUTnN1_QqC1nTAU2taN1 : 0.1575337 (0.01)%
         GbB2tC2wN2nNUnN1_QqC1wN1 : 0.1572666 (0.01)%
          C2zC1wN1_N3wC1nTAU2taN1 : 0.1567279 (0.01)%
          C2zC1nTAU2taN1_N3wC1wN1 : 0.1567279 (0.01)%
            QqC1eNUnN1_QqC2wN2hN1 : 0.1563947 (0.01)%
            QqC1mNUnN1_QqC2wN2hN1 : 0.1563947 (0.01)%
            QqC2wN2nNUnN1_QqN2hN1 : 0.1558337 (0.01)%
            QqC2wN2hN1_QqN2nNUnN1 : 0.1558337 (0.01)%
    QqC1nEeN1_QqN2taTAU2zTAU1taN1 : 0.1554709 (0.01)%
    QqC1nMmN1_QqN2taTAU2zTAU1taN1 : 0.1554709 (0.01)%
                   N3zN2hN1_N4hN1 : 0.1552388 (0.01)%
               GtT1tN4hN1_QqN2hN1 : 0.1547021 (0.01)%
          QqC1taNUTnN1_QqC2wN2hN1 : 0.1546603 (0.01)%
          GtT1tN2nNUnN1_QqC1nEeN1 : 0.1544720 (0.01)%
          GtT1tN2nNUnN1_QqC1nMmN1 : 0.1544720 (0.01)%
                   T1tN1_T1tN2hN1 : 0.1541024 (0.01)%
                GqQqN1_QqN4wC1wN1 : 0.1535908 (0.01)%
           GbB1tC1wN1_QqN2nNUTnN1 : 0.1533815 (0.01)%
              C2zC1wN1_N4wC1nEeN1 : 0.1530342 (0.01)%
              C2zC1wN1_N4wC1nMmN1 : 0.1530342 (0.01)%
              C2zC1nEeN1_N4wC1wN1 : 0.1530342 (0.01)%
              C2zC1nMmN1_N4wC1wN1 : 0.1530342 (0.01)%
           GbB1bN2nNUTnN1_QqC1wN1 : 0.1523489 (0.01)%
                   T1tN1_T1tN3zN1 : 0.1523319 (0.01)%
         C2wN2taTAU2taN1_N4wC1wN1 : 0.1521431 (0.01)%
            QqC1wN1_QqN4hN2nNUnN1 : 0.1513015 (0.01)%
           GbB2bN1_QqN2taTAU1taN1 : 0.1511023 (0.01)%
QqC1nTAU2taN1_QqN2taTAU2zTAU1taN1 : 0.1510287 (0.01)%
QqC1nTAU2zTAU1taN1_QqN2taTAU2taN1 : 0.1510287 (0.01)%
        GtT1bC2hC1wN1_QqN2nNUTnN1 : 0.1509076 (0.01)%
              C2wN2hN1_N3wC1nEeN1 : 0.1504042 (0.01)%
              C2wN2hN1_N3wC1nMmN1 : 0.1504042 (0.01)%
                T1bC2zC1wN1_T1tN1 : 0.1501858 (0.01)%
      GtT1tN2nNUnN1_QqC1nTAU2taN1 : 0.1500583 (0.01)%
            GtT2hT1bC2wN1_QqC1wN1 : 0.1499517 (0.01)%
          C2wN2nNUnN1_N4hN2nNUnN1 : 0.1498408 (0.01)%
             C2hC1eNUnN1_C2hC1wN1 : 0.1495376 (0.01)%
             C2hC1mNUnN1_C2hC1wN1 : 0.1495376 (0.01)%
          C2wN2nNUnN1_N3wC1eNUnN1 : 0.1494250 (0.01)%
          C2wN2nNUnN1_N3wC1mNUnN1 : 0.1494250 (0.01)%
                C2wN1_C2zC1eNUnN1 : 0.1492693 (0.01)%
                C2wN1_C2zC1mNUnN1 : 0.1492693 (0.01)%
            GtT2bC2zC1wN1_QqC1wN1 : 0.1491568 (0.01)%
                T1bC1wN1_T1bC1wN1 : 0.1487064 (0.01)%
          C2zC1wN1_N4wC1nTAU2taN1 : 0.1486616 (0.01)%
          C2zC1nTAU2taN1_N4wC1wN1 : 0.1486616 (0.01)%
               GtT2tN3zN1_QqN2hN1 : 0.1482366 (0.01)%
           C2hC1taNUTnN1_C2hC1wN1 : 0.1478792 (0.01)%
        C2wN2nNUnN1_N3wC1taNUTnN1 : 0.1477679 (0.01)%
              C2wN1_C2zC1taNUTnN1 : 0.1476139 (0.01)%
                T1bC1wN1_T1bC2wN1 : 0.1473437 (0.01)%
          C2wN2nNUnN1_N3zN2nNUnN1 : 0.1468183 (0.00)%
                GqQqN1_GtT1bC2wN1 : 0.1467646 (0.00)%
               C2wN1_C2wN2nNUTnN1 : 0.1464816 (0.00)%
          C2wN2hN1_N3wC1nTAU2taN1 : 0.1461067 (0.00)%
            GbB1tC1eNUnN1_QqN2hN1 : 0.1457083 (0.00)%
            GbB1tC1mNUnN1_QqN2hN1 : 0.1457083 (0.00)%
              N3wC1wN1_N4wC1nEeN1 : 0.1456488 (0.00)%
              N3wC1wN1_N4wC1nMmN1 : 0.1456488 (0.00)%
              N3wC1nEeN1_N4wC1wN1 : 0.1456488 (0.00)%
              N3wC1nMmN1_N4wC1wN1 : 0.1456488 (0.00)%
                   C1wN1_N3wC1wN1 : 0.1452470 (0.00)%
            GbB1bN2hN1_QqC1eNUnN1 : 0.1447274 (0.00)%
            GbB1bN2hN1_QqC1mNUnN1 : 0.1447274 (0.00)%
            GtT2tN4hN1_QqC1eNUnN1 : 0.1444956 (0.00)%
            GtT2tN4hN1_QqC1mNUnN1 : 0.1444956 (0.00)%
           GtT1tN2nNUTnN1_QqN2hN1 : 0.1444096 (0.00)%
           GtT1tN2hN1_QqN2nNUTnN1 : 0.1444096 (0.00)%
            GbB1bN2hN1_QqN2nNUnN1 : 0.1442082 (0.00)%
            GbB1bN2nNUnN1_QqN2hN1 : 0.1442082 (0.00)%
          GbB1tC1taNUTnN1_QqN2hN1 : 0.1440925 (0.00)%
            GtT2tN4hN1_QqN2nNUnN1 : 0.1439773 (0.00)%
         GtT1bC2hC1eNUnN1_QqN2hN1 : 0.1433582 (0.00)%
         GtT1bC2hC1mNUnN1_QqN2hN1 : 0.1433582 (0.00)%
          GtT1tN4wC1wN1_QqC1nEeN1 : 0.1431266 (0.00)%
          GtT1tN4wC1wN1_QqC1nMmN1 : 0.1431266 (0.00)%
          GtT1tN4wC1nEeN1_QqC1wN1 : 0.1431266 (0.00)%
          GtT1tN4wC1nMmN1_QqC1wN1 : 0.1431266 (0.00)%
          GbB1bN2hN1_QqC1taNUTnN1 : 0.1431224 (0.00)%
            QqC1wN1_QqN4wC1eNUnN1 : 0.1431162 (0.00)%
            QqC1wN1_QqN4wC1mNUnN1 : 0.1431162 (0.00)%
            QqC1eNUnN1_QqN4wC1wN1 : 0.1431162 (0.00)%
            QqC1mNUnN1_QqN4wC1wN1 : 0.1431162 (0.00)%
          GtT2tN4hN1_QqC1taNUTnN1 : 0.1428932 (0.00)%
           GtT1tN3zN1_QqN2nNUTnN1 : 0.1427504 (0.00)%
                  GtT2tN1_QqN2hN1 : 0.1427368 (0.00)%
              C2wN2hN1_N4wC1nEeN1 : 0.1426633 (0.00)%
              C2wN2hN1_N4wC1nMmN1 : 0.1426633 (0.00)%
            QqN2nNUnN1_QqN4wC1wN1 : 0.1426028 (0.00)%
                C2hC1eNUnN1_N3zN1 : 0.1425809 (0.00)%
                C2hC1mNUnN1_N3zN1 : 0.1425809 (0.00)%
         GtT1bC1nTAU1taN1_QqC1wN1 : 0.1424412 (0.00)%
         GtT1bC1wN1_QqC1nTAU1taN1 : 0.1424412 (0.00)%
            GtT2hT1bC1wN1_QqN2hN1 : 0.1418132 (0.00)%
       GtT1bC2hC1taNUTnN1_QqN2hN1 : 0.1417684 (0.00)%
          C2wN2nNUnN1_N4wC1eNUnN1 : 0.1417345 (0.00)%
          C2wN2nNUnN1_N4wC1mNUnN1 : 0.1417345 (0.00)%
          QqC1wN1_QqN4wC1taNUTnN1 : 0.1415291 (0.00)%
          QqC1taNUTnN1_QqN4wC1wN1 : 0.1415291 (0.00)%
          N3wC1wN1_N4wC1nTAU2taN1 : 0.1414872 (0.00)%
          N3wC1nTAU2taN1_N4wC1wN1 : 0.1414872 (0.00)%
              C2hC1taNUTnN1_N3zN1 : 0.1409997 (0.00)%
        GtT1bC2zC1wN1_QqN2nNUTnN1 : 0.1407394 (0.00)%
       GtT1bC2wN2nNUnN1_QqC1nEeN1 : 0.1403438 (0.00)%
       GtT1bC2wN2nNUnN1_QqC1nMmN1 : 0.1403438 (0.00)%
                QqC1nEeN1_QqC2wN1 : 0.1403031 (0.00)%
                QqC1nMmN1_QqC2wN1 : 0.1403031 (0.00)%
        C2wN2nNUnN1_N4wC1taNUTnN1 : 0.1401627 (0.00)%
         GtT2hT1bC2hC1wN1_QqC1wN1 : 0.1400993 (0.00)%
                T1bC2wN2hN1_T1tN1 : 0.1400080 (0.00)%
             C2hC1eNUnN1_C2zC1wN1 : 0.1394617 (0.00)%
             C2hC1mNUnN1_C2zC1wN1 : 0.1394617 (0.00)%
             C2hC1wN1_C2zC1eNUnN1 : 0.1394617 (0.00)%
             C2hC1wN1_C2zC1mNUnN1 : 0.1394617 (0.00)%
                GbB1tC1wN1_GqQqN1 : 0.1393695 (0.00)%
            GtT2bC2wN2hN1_QqC1wN1 : 0.1390487 (0.00)%
      GtT1tN4wC1wN1_QqC1nTAU2taN1 : 0.1390371 (0.00)%
      GtT1tN4wC1nTAU2taN1_QqC1wN1 : 0.1390371 (0.00)%
              N2nNUTnN1_N2nNUTnN1 : 0.1386078 (0.00)%
          C2wN2hN1_N4wC1nTAU2taN1 : 0.1385871 (0.00)%
                  GtT1bC1wN1_QqN1 : 0.1380473 (0.00)%
           C2hC1taNUTnN1_C2zC1wN1 : 0.1379151 (0.00)%
           C2hC1wN1_C2zC1taNUTnN1 : 0.1379151 (0.00)%
             T1bC1wN1_T1bC2hC1wN1 : 0.1376626 (0.00)%
             GqQqN1_GtT1bC2hC1wN1 : 0.1371216 (0.00)%
            C2hC1wN1_C2wN2nNUTnN1 : 0.1368571 (0.00)%
           GbB1tC2wN1_QqN2nNUTnN1 : 0.1368443 (0.00)%
   GtT1bC2wN2nNUnN1_QqC1nTAU2taN1 : 0.1363339 (0.00)%
            QqC1nTAU2taN1_QqC2wN1 : 0.1362942 (0.00)%
            N2nNUnN1_N2taTAU1taN1 : 0.1355709 (0.00)%
                N3zN2hN1_N4hN2hN1 : 0.1348455 (0.00)%
            GtT1tN4hN2hN1_QqN2hN1 : 0.1343794 (0.00)%
            GtT2hT1tN2hN1_QqC1wN1 : 0.1340666 (0.00)%
         GtT1bC2zC1eNUnN1_QqN2hN1 : 0.1336987 (0.00)%
         GtT1bC2zC1mNUnN1_QqN2hN1 : 0.1336987 (0.00)%
                C2zC1eNUnN1_N3zN1 : 0.1329737 (0.00)%
                C2zC1mNUnN1_N3zN1 : 0.1329737 (0.00)%
            GtT2hT1tN3zN1_QqC1wN1 : 0.1325263 (0.00)%
       GtT1bC2zC1taNUTnN1_QqN2hN1 : 0.1322160 (0.00)%
QqC1taNUTwTAU1taN1_QqN2taTAU1taN1 : 0.1321351 (0.00)%
        GtT2tN4hN2nNUTnN1_QqC1wN1 : 0.1321234 (0.00)%
                T1bC1wN1_T1tN2hN1 : 0.1317349 (0.00)%
              C2zC1taNUTnN1_N3zN1 : 0.1314991 (0.00)%
                GqQqN1_GtT1tN2hN1 : 0.1312172 (0.00)%
        GtT1bC2wN2nNUTnN1_QqN2hN1 : 0.1312017 (0.00)%
        GtT1bC2wN2hN1_QqN2nNUTnN1 : 0.1312017 (0.00)%
             QqC1wN1_QqC2hC1nEeN1 : 0.1310846 (0.00)%
             QqC1wN1_QqC2hC1nMmN1 : 0.1310846 (0.00)%
             QqC1nEeN1_QqC2hC1wN1 : 0.1310846 (0.00)%
             QqC1nMmN1_QqC2hC1wN1 : 0.1310846 (0.00)%
          GtT2tN3wC1nEeN1_QqC1wN1 : 0.1306795 (0.00)%
          GtT2tN3wC1nMmN1_QqC1wN1 : 0.1306795 (0.00)%
          GtT2tN3wC1wN1_QqC1nEeN1 : 0.1306795 (0.00)%
          GtT2tN3wC1wN1_QqC1nMmN1 : 0.1306795 (0.00)%
         GtT2hT1bC2zC1wN1_QqC1wN1 : 0.1306593 (0.00)%
               C2wN2nNUTnN1_N3zN1 : 0.1304903 (0.00)%
                T1bC1wN1_T1tN3zN1 : 0.1302214 (0.00)%
             C2zC1eNUnN1_C2zC1wN1 : 0.1300647 (0.00)%
             C2zC1mNUnN1_C2zC1wN1 : 0.1300647 (0.00)%
             C2hC1eNUnN1_C2wN2hN1 : 0.1300106 (0.00)%
             C2hC1mNUnN1_C2wN2hN1 : 0.1300106 (0.00)%
                GqQqN1_GtT1tN3zN1 : 0.1297096 (0.00)%
                C2hC1eNUnN1_N4hN1 : 0.1288671 (0.00)%
                C2hC1mNUnN1_N4hN1 : 0.1288671 (0.00)%
           C2zC1taNUTnN1_C2zC1wN1 : 0.1286223 (0.00)%
           C2hC1taNUTnN1_C2wN2hN1 : 0.1285688 (0.00)%
             T1bC1wN1_T1bC2zC1wN1 : 0.1283868 (0.00)%
             QqC1wN1_QqC2wN2eEeN1 : 0.1281690 (0.00)%
             QqC1wN1_QqC2wN2mMmN1 : 0.1281690 (0.00)%
             GqQqN1_GtT1bC2zC1wN1 : 0.1278823 (0.00)%
        GbB1tC2hC1wN1_QqN2nNUTnN1 : 0.1278531 (0.00)%
            C2wN2nNUTnN1_C2zC1wN1 : 0.1276357 (0.00)%
              C2hC1taNUTnN1_N4hN1 : 0.1274379 (0.00)%
         QqC1wN1_QqC2hC1nTAU2taN1 : 0.1273392 (0.00)%
         QqC1nTAU2taN1_QqC2hC1wN1 : 0.1273392 (0.00)%
                   C1nTAU1taN1_N1 : 0.1269486 (0.00)%
      GtT2tN3wC1nTAU2taN1_QqC1wN1 : 0.1269457 (0.00)%
      GtT2tN3wC1wN1_QqC1nTAU2taN1 : 0.1269457 (0.00)%
                N3zN1_N4hN2nNUnN1 : 0.1269086 (0.00)%
               C2wN1_N4hN2nNUTnN1 : 0.1261195 (0.00)%
             GtT1bC2wN1_QqN2eEeN1 : 0.1257474 (0.00)%
             GtT1bC2wN1_QqN2mMmN1 : 0.1257474 (0.00)%
         GtT2tN4hN2hN1_QqC1eNUnN1 : 0.1255136 (0.00)%
         GtT2tN4hN2hN1_QqC1mNUnN1 : 0.1255136 (0.00)%
               GbB2tC2wN1_QqN2hN1 : 0.1252966 (0.00)%
         GtT2tN4hN2hN1_QqN2nNUnN1 : 0.1250634 (0.00)%
         GtT2tN4hN2nNUnN1_QqN2hN1 : 0.1250634 (0.00)%
        GtT2tN4wC1wN1_QqN2nNUTnN1 : 0.1245273 (0.00)%
                GbB1tC2wN1_GqQqN1 : 0.1243431 (0.00)%
       GtT2tN4hN2hN1_QqC1taNUTnN1 : 0.1241217 (0.00)%
               C2wN1_N3zN2nNUTnN1 : 0.1235754 (0.00)%
             QqC1wN1_QqC2zC1nEeN1 : 0.1222521 (0.00)%
             QqC1wN1_QqC2zC1nMmN1 : 0.1222521 (0.00)%
             QqC1nEeN1_QqC2zC1wN1 : 0.1222521 (0.00)%
             QqC1nMmN1_QqC2zC1wN1 : 0.1222521 (0.00)%
         GtT2hT1bC2wN2hN1_QqC1wN1 : 0.1218048 (0.00)%
        QqC1wN1_QqC2wN2taTAU2taN1 : 0.1215403 (0.00)%
             GqQqN1_QqC2wN2nNUnN1 : 0.1215122 (0.00)%
         GbB1tC2hC1eNUnN1_QqN2hN1 : 0.1214570 (0.00)%
         GbB1tC2hC1mNUnN1_QqN2hN1 : 0.1214570 (0.00)%
             C2wN2hN1_C2zC1eNUnN1 : 0.1212505 (0.00)%
             C2wN2hN1_C2zC1mNUnN1 : 0.1212505 (0.00)%
            GtT2hT1tN1_QqC1eNUnN1 : 0.1205333 (0.00)%
            GtT2hT1tN1_QqC1mNUnN1 : 0.1205333 (0.00)%
                C2zC1eNUnN1_N4hN1 : 0.1201839 (0.00)%
                C2zC1mNUnN1_N4hN1 : 0.1201839 (0.00)%
       GbB1tC2hC1taNUTnN1_QqN2hN1 : 0.1201101 (0.00)%
            GtT2hT1tN1_QqN2nNUnN1 : 0.1201010 (0.00)%
                N3zN1_N4wC1eNUnN1 : 0.1200429 (0.00)%
                N3zN1_N4wC1mNUnN1 : 0.1200429 (0.00)%
           C2wN2hN1_C2zC1taNUTnN1 : 0.1199058 (0.00)%
             T1bC1wN1_T1bC2wN2hN1 : 0.1196863 (0.00)%
       GtT1tN3wC1eNUnN1_QqC1nEeN1 : 0.1195476 (0.00)%
       GtT1tN3wC1eNUnN1_QqC1nMmN1 : 0.1195476 (0.00)%
       GtT1tN3wC1mNUnN1_QqC1nEeN1 : 0.1195476 (0.00)%
       GtT1tN3wC1mNUnN1_QqC1nMmN1 : 0.1195476 (0.00)%
       GtT1tN3wC1nEeN1_QqC1eNUnN1 : 0.1195476 (0.00)%
       GtT1tN3wC1nEeN1_QqC1mNUnN1 : 0.1195476 (0.00)%
       GtT1tN3wC1nMmN1_QqC1eNUnN1 : 0.1195476 (0.00)%
       GtT1tN3wC1nMmN1_QqC1mNUnN1 : 0.1195476 (0.00)%
           GtT1bC1nEeN1_QqC1nEeN1 : 0.1194991 (0.00)%
           GtT1bC1nEeN1_QqC1nMmN1 : 0.1194991 (0.00)%
           GtT1bC1nMmN1_QqC1nEeN1 : 0.1194991 (0.00)%
           GtT1bC1nMmN1_QqC1nMmN1 : 0.1194991 (0.00)%
             GbB1tC1wN1_QqN2eEeN1 : 0.1194113 (0.00)%
             GbB1tC1wN1_QqN2mMmN1 : 0.1194113 (0.00)%
        GtT1bC2wN1_QqN2taTAU2taN1 : 0.1192439 (0.00)%
        GbB1tC2zC1wN1_QqN2nNUTnN1 : 0.1192383 (0.00)%
------------------------------------------------------------
                                                SUM=90.00%
