/Users/rafalmaselek/Projects/fastlim-1.0
 
#################################################################
#                                                               #
#                                                               #
#                     This is Fastlim  ver. 1.0                 #
#                                                               #
#          A fast LHC limit calculator for BSM models.          #
#                                                               #
#                  http://cern.ch/fastlim-1.0/                  #
#                                                               #
#  for bugs/feature requests: fastlim-1.0.developers@gmail.com  #
#                                                               #
#    please refer to:                                           #
#    M.Papucci, K.Sakurai, A.Weiler, L.Zeune arXiv:1402.xxxx    #
#                                                               #
#################################################################
 

!! Masses incompatible with the data for ERER !!

!! Problem with reading tables for ER ER !! Probably mass outside the table !! Setting xsec to 10^-20 !!

!! Masses incompatible with the data for ELEL !!

!! Problem with reading tables for EL EL !! Probably mass outside the table !! Setting xsec to 10^-20 !!

!! Masses incompatible with the data for TAU1TAU1 !!

!! Problem with reading tables for TAU1 TAU1 !! Probably mass outside the table !! Setting xsec to 10^-20 !!

!! Masses incompatible with the data for TAU2TAU2 !!

!! Problem with reading tables for TAU2 TAU2 !! Probably mass outside the table !! Setting xsec to 10^-20 !!
!! EWK PROCESS C1C2 NOT FOUND !! WILL TRY TO LOOK FOR +/- MODES !!
XSEC FOUND FOR: C1-C2+
XSEC FOUND FOR: C1+C2-
!! EWK PROCESS C1N1 NOT FOUND !! WILL TRY TO LOOK FOR +/- MODES !!
XSEC FOUND FOR: C1+N1
XSEC FOUND FOR: C1-N1
!! EWK PROCESS C1N2 NOT FOUND !! WILL TRY TO LOOK FOR +/- MODES !!
XSEC FOUND FOR: C1+N2
XSEC FOUND FOR: C1-N2
!! EWK PROCESS C1N3 NOT FOUND !! WILL TRY TO LOOK FOR +/- MODES !!
XSEC FOUND FOR: C1+N3
XSEC FOUND FOR: C1-N3
!! EWK PROCESS C1N4 NOT FOUND !! WILL TRY TO LOOK FOR +/- MODES !!
XSEC FOUND FOR: C1+N4
XSEC FOUND FOR: C1-N4
!! EWK PROCESS C2N1 NOT FOUND !! WILL TRY TO LOOK FOR +/- MODES !!
XSEC FOUND FOR: C2+N1
XSEC FOUND FOR: C2-N1
!! EWK PROCESS C2N2 NOT FOUND !! WILL TRY TO LOOK FOR +/- MODES !!
XSEC FOUND FOR: C2+N2
XSEC FOUND FOR: C2-N2
!! EWK PROCESS C2N3 NOT FOUND !! WILL TRY TO LOOK FOR +/- MODES !!
XSEC FOUND FOR: C2+N3
XSEC FOUND FOR: C2-N3
!! EWK PROCESS C2N4 NOT FOUND !! WILL TRY TO LOOK FOR +/- MODES !!
XSEC FOUND FOR: C2+N4
XSEC FOUND FOR: C2-N4
---------------  Output inclusive processes  ---------------
The total xsec = 11223.17 [fb]
The total rate = 100.00%
Output upto 0.10%
                  Modes : xsec/fb      (rate)
            C1wN1_N2zN1 : 3017.9787581 (26.89)%
            C1wN1_C1wN1 : 1637.4077641 (14.59)%
        QqC1wN1_QqC1wN1 : 739.4510033 (6.59)%
        QqC1wN1_QqN2zN1 : 661.8965628 (5.90)%
            C1wN1_N2hN1 : 367.5205032 (3.27)%
     GtT1bC1wN1_QqC1wN1 : 232.6421304 (2.07)%
        GtT1tN1_QqC1wN1 : 211.7077538 (1.89)%
        QqN2zN1_QqN2zN1 : 148.1190295 (1.32)%
   QqC1wN1_QqGtT1bC1wN1 : 109.4558074 (0.98)%
  GtT1bC2hC1wN1_QqC1wN1 : 108.6266908 (0.97)%
  GtT1tN3wC1wN1_QqC1wN1 : 104.5905058 (0.93)%
     GtT1bC1wN1_QqN2zN1 : 104.1211830 (0.93)%
  GtT1bC2zC1wN1_QqC1wN1 : 100.2084092 (0.89)%
      QqC1wN1_QqGtT1tN1 : 99.6063915 (0.89)%
     GtT1tN2zN1_QqC1wN1 : 97.6851837 (0.87)%
        GtT1tN1_QqN2zN1 : 94.7518050 (0.84)%
  GtT1bC2wN2zN1_QqC1wN1 : 87.6788411 (0.78)%
        QqC1wN1_QqN2hN1 : 80.6038005 (0.72)%
QqC1wN1_QqGtT1bC2hC1wN1 : 51.1077771 (0.46)%
QqC1wN1_QqGtT1tN3wC1wN1 : 49.2087922 (0.44)%
   QqGtT1bC1wN1_QqN2zN1 : 48.9879805 (0.44)%
  GtT1bC2hC1wN1_QqN2zN1 : 48.6169015 (0.43)%
QqC1wN1_QqGtT1bC2zC1wN1 : 47.1470594 (0.42)%
  GtT1tN3wC1wN1_QqN2zN1 : 46.8104688 (0.42)%
     GtT1bC2wN1_QqC1wN1 : 46.4950288 (0.41)%
   QqC1wN1_QqGtT1tN2zN1 : 45.9599069 (0.41)%
  GtT1bC2zC1wN1_QqN2zN1 : 44.8492201 (0.40)%
      QqGtT1tN1_QqN2zN1 : 44.5797814 (0.40)%
                  N1_N1 : 43.8066526 (0.39)%
     GtT1tN2zN1_QqN2zN1 : 43.7199267 (0.39)%
QqC1wN1_QqGtT1bC2wN2zN1 : 41.2520223 (0.37)%
  GtT1tN3zN2zN1_QqC1wN1 : 39.5978288 (0.35)%
  GtT1bC2wN2zN1_QqN2zN1 : 39.2414936 (0.35)%
     GbB1tC1wN1_QqC1wN1 : 36.3837486 (0.32)%
        QqN2hN1_QqN2zN1 : 36.0749923 (0.32)%
           QqC1wN1_QqN1 : 31.5386087 (0.28)%
            N2zN1_N2zN1 : 26.9897256 (0.24)%
  GbB1tC2hC1wN1_QqC1wN1 : 25.0064805 (0.22)%
  GtT1tN4wC1wN1_QqC1wN1 : 23.6301388 (0.21)%
  GbB1tC2zC1wN1_QqC1wN1 : 23.0685443 (0.21)%
QqGtT1bC2hC1wN1_QqN2zN1 : 22.8737684 (0.20)%
QqGtT1tN3wC1wN1_QqN2zN1 : 22.0238598 (0.20)%
   QqC1wN1_QqGtT1bC2wN1 : 21.8754484 (0.19)%
     GtT1bC1wN1_GtT1tN1 : 21.3031040 (0.19)%
QqGtT1bC2zC1wN1_QqN2zN1 : 21.1011118 (0.19)%
     GtT1bC2wN1_QqN2zN1 : 20.8092893 (0.19)%
   QqGtT1tN2zN1_QqN2zN1 : 20.5697905 (0.18)%
  GbB1tC2wN2zN1_QqC1wN1 : 20.1841667 (0.18)%
QqC1wN1_QqGtT1tN3zN2zN1 : 18.6303844 (0.17)%
QqGtT1bC2wN2zN1_QqN2zN1 : 18.4627322 (0.16)%
  GtT1tN3zN2zN1_QqN2zN1 : 17.7223823 (0.16)%
         T1bC1wN1_T1tN1 : 17.5614654 (0.16)%
GtT1bC1wN1_QqGtT1bC1wN1 : 17.2182011 (0.15)%
   QqC1wN1_QqGbB1tC1wN1 : 17.1181917 (0.15)%
     GbB1bN2zN1_QqC1wN1 : 16.7578361 (0.15)%
     GbB1tC1wN1_QqN2zN1 : 16.2838904 (0.15)%
   GtT1bC1wN1_QqGtT1tN1 : 15.6688158 (0.14)%
   GtT1tN1_QqGtT1bC1wN1 : 15.6688158 (0.14)%
     GtT1tN3zN1_QqC1wN1 : 15.1438141 (0.13)%
      GtT1tN1_QqGtT1tN1 : 14.2588524 (0.13)%
           QqN1_QqN2zN1 : 14.1154023 (0.13)%
               C1wN1_N1 : 12.8781782 (0.11)%
     GtT1bC1wN1_QqN2hN1 : 12.6795689 (0.11)%
     GtT1tN2hN1_QqC1wN1 : 11.8958120 (0.11)%
QqC1wN1_QqGbB1tC2hC1wN1 : 11.7653003 (0.10)%
  GtT1bC1wN1_GtT1bC1wN1 : 11.7048134 (0.10)%
        GtT1tN1_QqN2hN1 : 11.5385938 (0.10)%
  GbB1tC2hC1wN1_QqN2zN1 : 11.1918866 (0.10)%
------------------------------------------------------------
                                      SUM=83.37%

SHOWING PROCESSES TO GET 90.00% SUSY COVERAGE
---------------  Output inclusive processes  ---------------
The total xsec = 11223.17 [fb]
The total rate = 100.00%
                      Modes : xsec/fb      (rate)
                C1wN1_N2zN1 : 3017.9787581 (26.89)%
                C1wN1_C1wN1 : 1637.4077641 (14.59)%
            QqC1wN1_QqC1wN1 : 739.4510033 (6.59)%
            QqC1wN1_QqN2zN1 : 661.8965628 (5.90)%
                C1wN1_N2hN1 : 367.5205032 (3.27)%
         GtT1bC1wN1_QqC1wN1 : 232.6421304 (2.07)%
            GtT1tN1_QqC1wN1 : 211.7077538 (1.89)%
            QqN2zN1_QqN2zN1 : 148.1190295 (1.32)%
       QqC1wN1_QqGtT1bC1wN1 : 109.4558074 (0.98)%
      GtT1bC2hC1wN1_QqC1wN1 : 108.6266908 (0.97)%
      GtT1tN3wC1wN1_QqC1wN1 : 104.5905058 (0.93)%
         GtT1bC1wN1_QqN2zN1 : 104.1211830 (0.93)%
      GtT1bC2zC1wN1_QqC1wN1 : 100.2084092 (0.89)%
          QqC1wN1_QqGtT1tN1 : 99.6063915 (0.89)%
         GtT1tN2zN1_QqC1wN1 : 97.6851837 (0.87)%
            GtT1tN1_QqN2zN1 : 94.7518050 (0.84)%
      GtT1bC2wN2zN1_QqC1wN1 : 87.6788411 (0.78)%
            QqC1wN1_QqN2hN1 : 80.6038005 (0.72)%
    QqC1wN1_QqGtT1bC2hC1wN1 : 51.1077771 (0.46)%
    QqC1wN1_QqGtT1tN3wC1wN1 : 49.2087922 (0.44)%
       QqGtT1bC1wN1_QqN2zN1 : 48.9879805 (0.44)%
      GtT1bC2hC1wN1_QqN2zN1 : 48.6169015 (0.43)%
    QqC1wN1_QqGtT1bC2zC1wN1 : 47.1470594 (0.42)%
      GtT1tN3wC1wN1_QqN2zN1 : 46.8104688 (0.42)%
         GtT1bC2wN1_QqC1wN1 : 46.4950288 (0.41)%
       QqC1wN1_QqGtT1tN2zN1 : 45.9599069 (0.41)%
      GtT1bC2zC1wN1_QqN2zN1 : 44.8492201 (0.40)%
          QqGtT1tN1_QqN2zN1 : 44.5797814 (0.40)%
                      N1_N1 : 43.8066526 (0.39)%
         GtT1tN2zN1_QqN2zN1 : 43.7199267 (0.39)%
    QqC1wN1_QqGtT1bC2wN2zN1 : 41.2520223 (0.37)%
      GtT1tN3zN2zN1_QqC1wN1 : 39.5978288 (0.35)%
      GtT1bC2wN2zN1_QqN2zN1 : 39.2414936 (0.35)%
         GbB1tC1wN1_QqC1wN1 : 36.3837486 (0.32)%
            QqN2hN1_QqN2zN1 : 36.0749923 (0.32)%
               QqC1wN1_QqN1 : 31.5386087 (0.28)%
                N2zN1_N2zN1 : 26.9897256 (0.24)%
      GbB1tC2hC1wN1_QqC1wN1 : 25.0064805 (0.22)%
      GtT1tN4wC1wN1_QqC1wN1 : 23.6301388 (0.21)%
      GbB1tC2zC1wN1_QqC1wN1 : 23.0685443 (0.21)%
    QqGtT1bC2hC1wN1_QqN2zN1 : 22.8737684 (0.20)%
    QqGtT1tN3wC1wN1_QqN2zN1 : 22.0238598 (0.20)%
       QqC1wN1_QqGtT1bC2wN1 : 21.8754484 (0.19)%
         GtT1bC1wN1_GtT1tN1 : 21.3031040 (0.19)%
    QqGtT1bC2zC1wN1_QqN2zN1 : 21.1011118 (0.19)%
         GtT1bC2wN1_QqN2zN1 : 20.8092893 (0.19)%
       QqGtT1tN2zN1_QqN2zN1 : 20.5697905 (0.18)%
      GbB1tC2wN2zN1_QqC1wN1 : 20.1841667 (0.18)%
    QqC1wN1_QqGtT1tN3zN2zN1 : 18.6303844 (0.17)%
    QqGtT1bC2wN2zN1_QqN2zN1 : 18.4627322 (0.16)%
      GtT1tN3zN2zN1_QqN2zN1 : 17.7223823 (0.16)%
             T1bC1wN1_T1tN1 : 17.5614654 (0.16)%
    GtT1bC1wN1_QqGtT1bC1wN1 : 17.2182011 (0.15)%
       QqC1wN1_QqGbB1tC1wN1 : 17.1181917 (0.15)%
         GbB1bN2zN1_QqC1wN1 : 16.7578361 (0.15)%
         GbB1tC1wN1_QqN2zN1 : 16.2838904 (0.15)%
       GtT1bC1wN1_QqGtT1tN1 : 15.6688158 (0.14)%
       GtT1tN1_QqGtT1bC1wN1 : 15.6688158 (0.14)%
         GtT1tN3zN1_QqC1wN1 : 15.1438141 (0.13)%
          GtT1tN1_QqGtT1tN1 : 14.2588524 (0.13)%
               QqN1_QqN2zN1 : 14.1154023 (0.13)%
                   C1wN1_N1 : 12.8781782 (0.11)%
         GtT1bC1wN1_QqN2hN1 : 12.6795689 (0.11)%
         GtT1tN2hN1_QqC1wN1 : 11.8958120 (0.11)%
    QqC1wN1_QqGbB1tC2hC1wN1 : 11.7653003 (0.10)%
      GtT1bC1wN1_GtT1bC1wN1 : 11.7048134 (0.10)%
            GtT1tN1_QqN2hN1 : 11.5385938 (0.10)%
      GbB1tC2hC1wN1_QqN2zN1 : 11.1918866 (0.10)%
    QqC1wN1_QqGtT1tN4wC1wN1 : 11.1177452 (0.10)%
   GtT1bC1wN1_GtT1bC2hC1wN1 : 10.9305665 (0.10)%
    QqC1wN1_QqGbB1tC2zC1wN1 : 10.8535206 (0.10)%
         GbB1tC2wN1_QqC1wN1 : 10.7034194 (0.10)%
      GtT1bC2wN2hN1_QqC1wN1 : 10.6772693 (0.10)%
      GtT1tN4wC1wN1_QqN2zN1 : 10.5758918 (0.09)%
   GtT1bC1wN1_GtT1tN3wC1wN1 : 10.5244252 (0.09)%
          C2hC1wN1_N3wC1wN1 : 10.4657661 (0.09)%
      GbB1tC2zC1wN1_QqN2zN1 : 10.3245449 (0.09)%
          C2hC1wN1_N4wC1wN1 : 10.1554424 (0.09)%
         GtT1tN3hN1_QqC1wN1 : 10.1435304 (0.09)%
   GtT1bC1wN1_GtT1bC2zC1wN1 : 10.0834765 (0.09)%
      GtT1tN4hN2zN1_QqC1wN1 : 10.0066384 (0.09)%
      GtT1bC2hC1wN1_GtT1tN1 : 9.9469760 (0.09)%
      GtT1bC1wN1_GtT1tN2zN1 : 9.8295768 (0.09)%
       QqGtT1bC2wN1_QqN2zN1 : 9.7905636 (0.09)%
            GtT1tN1_GtT1tN1 : 9.6930687 (0.09)%
          C2zC1wN1_N3wC1wN1 : 9.6546969 (0.09)%
          T1bC1wN1_T1bC1wN1 : 9.6490012 (0.09)%
      GtT1tN1_GtT1tN3wC1wN1 : 9.5773814 (0.09)%
    QqC1wN1_QqGbB1tC2wN2zN1 : 9.4964496 (0.08)%
          C2zC1wN1_N4wC1wN1 : 9.3684225 (0.08)%
          N3wC1wN1_N4wC1wN1 : 9.2942106 (0.08)%
      GtT1bC2zC1wN1_GtT1tN1 : 9.1761116 (0.08)%
      GbB1tC2wN2zN1_QqN2zN1 : 9.0336145 (0.08)%
       T1bC1wN1_T1bC2hC1wN1 : 9.0107416 (0.08)%
         GtT1tN1_GtT1tN2zN1 : 8.9450592 (0.08)%
   GtT1bC1wN1_GtT1bC2wN2zN1 : 8.8226881 (0.08)%
       T1bC1wN1_T1tN3wC1wN1 : 8.6759342 (0.08)%
          C2wN2zN1_N3wC1wN1 : 8.4475209 (0.08)%
    QqGtT1tN3zN2zN1_QqN2zN1 : 8.3382045 (0.07)%
       T1bC1wN1_T1bC2zC1wN1 : 8.3124330 (0.07)%
          T1bC2hC1wN1_T1tN1 : 8.1999072 (0.07)%
          C2wN2zN1_N4wC1wN1 : 8.1970409 (0.07)%
          T1bC1wN1_T1tN2zN1 : 8.1031278 (0.07)%
 GtT1bC1wN1_QqGtT1bC2hC1wN1 : 8.0396281 (0.07)%
 GtT1bC2hC1wN1_QqGtT1bC1wN1 : 8.0396281 (0.07)%
      GtT1bC2wN2zN1_GtT1tN1 : 8.0287756 (0.07)%
                T1tN1_T1tN1 : 7.9905957 (0.07)%
          T1tN1_T1tN3wC1wN1 : 7.8952275 (0.07)%
       QqC1wN1_QqGbB1bN2zN1 : 7.8843952 (0.07)%
 GtT1bC1wN1_QqGtT1tN3wC1wN1 : 7.7409039 (0.07)%
 GtT1tN3wC1wN1_QqGtT1bC1wN1 : 7.7409039 (0.07)%
       QqGbB1tC1wN1_QqN2zN1 : 7.6614084 (0.07)%
          T1bC2zC1wN1_T1tN1 : 7.5644360 (0.07)%
         GbB1bN2zN1_QqN2zN1 : 7.5001279 (0.07)%
 GtT1bC1wN1_QqGtT1bC2zC1wN1 : 7.4165782 (0.07)%
 GtT1bC2zC1wN1_QqGtT1bC1wN1 : 7.4165782 (0.07)%
             T1tN1_T1tN2zN1 : 7.3739652 (0.07)%
     QqGtT1bC1wN1_QqGtT1tN1 : 7.3720219 (0.07)%
      GtT1tN3hN2zN1_QqC1wN1 : 7.3382284 (0.07)%
    GtT1bC2hC1wN1_QqGtT1tN1 : 7.3161796 (0.07)%
    GtT1tN1_QqGtT1bC2hC1wN1 : 7.3161796 (0.07)%
       T1bC1wN1_T1bC2wN2zN1 : 7.2730871 (0.06)%
    GtT1bC1wN1_QqGtT1tN2zN1 : 7.2298304 (0.06)%
    GtT1tN2zN1_QqGtT1bC1wN1 : 7.2298304 (0.06)%
       QqC1wN1_QqGtT1tN3zN1 : 7.1250138 (0.06)%
    GtT1tN1_QqGtT1tN3wC1wN1 : 7.0443361 (0.06)%
    GtT1tN3wC1wN1_QqGtT1tN1 : 7.0443361 (0.06)%
         GtT1tN3zN1_QqN2zN1 : 6.7777570 (0.06)%
    GtT1bC2zC1wN1_QqGtT1tN1 : 6.7491950 (0.06)%
    GtT1tN1_QqGtT1bC2zC1wN1 : 6.7491950 (0.06)%
          T1bC2wN2zN1_T1tN1 : 6.6186160 (0.06)%
       GtT1tN1_QqGtT1tN2zN1 : 6.5792518 (0.06)%
       GtT1tN2zN1_QqGtT1tN1 : 6.5792518 (0.06)%
                N2hN1_N2zN1 : 6.5734575 (0.06)%
 GtT1bC2wN2zN1_QqGtT1bC1wN1 : 6.4892456 (0.06)%
 GtT1bC1wN1_QqGtT1bC2wN2zN1 : 6.4892456 (0.06)%
          C2hC1wN1_C2zC1wN1 : 6.1141999 (0.05)%
       QqGtT1bC1wN1_QqN2hN1 : 5.9656110 (0.05)%
      GtT1bC2hC1wN1_QqN2hN1 : 5.9204221 (0.05)%
    GtT1bC2wN2zN1_QqGtT1tN1 : 5.9053088 (0.05)%
    GtT1tN1_QqGtT1bC2wN2zN1 : 5.9053088 (0.05)%
      GtT1tN3wC1wN1_QqN2hN1 : 5.7004401 (0.05)%
       QqC1wN1_QqGtT1tN2hN1 : 5.5968612 (0.05)%
      GtT1bC2zC1wN1_QqN2hN1 : 5.4616050 (0.05)%
          QqGtT1tN1_QqN2hN1 : 5.4287936 (0.05)%
          C2hC1wN1_C2wN2zN1 : 5.3497103 (0.05)%
         GtT1tN2zN1_QqN2hN1 : 5.3240830 (0.05)%
         GtT1tN2hN1_QqN2zN1 : 5.3240830 (0.05)%
    QqGbB1tC2hC1wN1_QqN2zN1 : 5.2656713 (0.05)%
       QqC1wN1_QqGbB1tC2wN1 : 5.0358523 (0.04)%
    QqC1wN1_QqGtT1bC2wN2hN1 : 5.0235489 (0.04)%
                   N1_N2zN1 : 4.9813105 (0.04)%
    QqGtT1tN4wC1wN1_QqN2zN1 : 4.9758519 (0.04)%
            GtT1bC1wN1_QqN1 : 4.9612544 (0.04)%
          C2wN2zN1_C2zC1wN1 : 4.9351219 (0.04)%
GtT1bC2hC1wN1_GtT1tN3wC1wN1 : 4.9141292 (0.04)%
    QqGbB1tC2zC1wN1_QqN2zN1 : 4.8575957 (0.04)%
      GtT1tN3zN2hN1_QqC1wN1 : 4.8221062 (0.04)%
         GbB1tC2wN1_QqN2zN1 : 4.7904165 (0.04)%
      GtT1bC2wN2zN1_QqN2hN1 : 4.7787127 (0.04)%
      GtT1bC2wN2hN1_QqN2zN1 : 4.7787127 (0.04)%
       QqC1wN1_QqGtT1tN3hN1 : 4.7724301 (0.04)%
GtT1bC2hC1wN1_GtT1bC2zC1wN1 : 4.7082387 (0.04)%
    QqC1wN1_QqGtT1tN4hN2zN1 : 4.7080238 (0.04)%
      GtT1bC1wN1_GtT1bC2wN1 : 4.6785647 (0.04)%
   GtT1bC2hC1wN1_GtT1tN2zN1 : 4.5896863 (0.04)%
         GtT1tN3hN1_QqN2zN1 : 4.5398329 (0.04)%
GtT1bC2zC1wN1_GtT1tN3wC1wN1 : 4.5332972 (0.04)%
               GtT1tN1_QqN1 : 4.5148144 (0.04)%
------------------------------------------------------------
                                          SUM=90.02%
