/Users/rafalmaselek/Projects/fastlim-1.0
 
#################################################################
#                                                               #
#                                                               #
#                     This is Fastlim  ver. 1.0                 #
#                                                               #
#          A fast LHC limit calculator for BSM models.          #
#                                                               #
#                  http://cern.ch/fastlim-1.0/                  #
#                                                               #
#  for bugs/feature requests: fastlim-1.0.developers@gmail.com  #
#                                                               #
#    please refer to:                                           #
#    M.Papucci, K.Sakurai, A.Weiler, L.Zeune arXiv:1402.xxxx    #
#                                                               #
#################################################################
 

!! Masses incompatible with the data for ERER !!

!! Problem with reading tables for ER ER !! Probably mass outside the table !! Setting xsec to 10^-20 !!

!! Masses incompatible with the data for ELEL !!

!! Problem with reading tables for EL EL !! Probably mass outside the table !! Setting xsec to 10^-20 !!

!! Masses incompatible with the data for TAU1TAU1 !!

!! Problem with reading tables for TAU1 TAU1 !! Probably mass outside the table !! Setting xsec to 10^-20 !!

!! Masses incompatible with the data for TAU2TAU2 !!

!! Problem with reading tables for TAU2 TAU2 !! Probably mass outside the table !! Setting xsec to 10^-20 !!
!! EWK PROCESS C1C2 NOT FOUND !! WILL TRY TO LOOK FOR +/- MODES !!
XSEC FOUND FOR: C1-C2+
XSEC FOUND FOR: C1+C2-
!! EWK PROCESS C1N1 NOT FOUND !! WILL TRY TO LOOK FOR +/- MODES !!
XSEC FOUND FOR: C1+N1
XSEC FOUND FOR: C1-N1
!! EWK PROCESS C1N2 NOT FOUND !! WILL TRY TO LOOK FOR +/- MODES !!
XSEC FOUND FOR: C1+N2
XSEC FOUND FOR: C1-N2
!! EWK PROCESS C1N3 NOT FOUND !! WILL TRY TO LOOK FOR +/- MODES !!
XSEC FOUND FOR: C1+N3
XSEC FOUND FOR: C1-N3
!! EWK PROCESS C1N4 NOT FOUND !! WILL TRY TO LOOK FOR +/- MODES !!
XSEC FOUND FOR: C1+N4
XSEC FOUND FOR: C1-N4
!! EWK PROCESS C2N1 NOT FOUND !! WILL TRY TO LOOK FOR +/- MODES !!
XSEC FOUND FOR: C2+N1
XSEC FOUND FOR: C2-N1
!! EWK PROCESS C2N2 NOT FOUND !! WILL TRY TO LOOK FOR +/- MODES !!
XSEC FOUND FOR: C2+N2
XSEC FOUND FOR: C2-N2
!! EWK PROCESS C2N3 NOT FOUND !! WILL TRY TO LOOK FOR +/- MODES !!
XSEC FOUND FOR: C2+N3
XSEC FOUND FOR: C2-N3
!! EWK PROCESS C2N4 NOT FOUND !! WILL TRY TO LOOK FOR +/- MODES !!
XSEC FOUND FOR: C2+N4
XSEC FOUND FOR: C2-N4
---------------  Output inclusive processes  ---------------
The total xsec = 37912.66 [fb]
The total rate = 100.00%
Output upto 0.10%
                          Modes : xsec/fb      (rate)
                    C1wN1_N2zN1 : 9273.7091630 (24.46)%
                    C1wN1_C1wN1 : 4947.2348699 (13.05)%
                QqC1wN1_QqC1wN1 : 828.8379870 (2.19)%
                QqC1wN1_QqN2zN1 : 790.9039694 (2.09)%
             GtT1bC1wN1_QqC1wN1 : 652.6348508 (1.72)%
                    C1wN1_N2hN1 : 501.0031123 (1.32)%
           QqC1wN1_QqGtT1bC1wN1 : 497.4789570 (1.31)%
                GtT1tN1_QqC1wN1 : 480.3545124 (1.27)%
              QqC1wN1_QqGtT1tN1 : 366.1561461 (0.97)%
          GtT1tN3wC1wN1_QqC1wN1 : 361.2713311 (0.95)%
          GtT1bC2hC1wN1_QqC1wN1 : 346.1978074 (0.91)%
          GtT1bC2zC1wN1_QqC1wN1 : 323.8576282 (0.85)%
             GtT1bC1wN1_QqN2zN1 : 311.3826238 (0.82)%
          GtT1bC2wN2zN1_QqC1wN1 : 302.7560583 (0.80)%
             GtT1tN2zN1_QqC1wN1 : 287.6765631 (0.76)%
        QqC1wN1_QqGtT1tN3wC1wN1 : 275.3835238 (0.73)%
        QqC1wN1_QqGtT1bC2hC1wN1 : 263.8935446 (0.70)%
        QqC1wN1_QqGtT1bC2zC1wN1 : 246.8644678 (0.65)%
           QqGtT1bC1wN1_QqN2zN1 : 237.3552419 (0.63)%
        QqC1wN1_QqGtT1bC2wN2zN1 : 230.7795361 (0.61)%
                GtT1tN1_QqN2zN1 : 229.1848929 (0.60)%
           QqC1wN1_QqGtT1tN2zN1 : 219.2850050 (0.58)%
        GtT1bC1wN1_QqGtT1bC1wN1 : 195.8598122 (0.52)%
                QqN2zN1_QqN2zN1 : 188.6765263 (0.50)%
              QqGtT1tN1_QqN2zN1 : 174.6990087 (0.46)%
          GtT1tN3wC1wN1_QqN2zN1 : 172.3683846 (0.45)%
          GtT1bC2hC1wN1_QqN2zN1 : 165.1765631 (0.44)%
          GtT1bC2zC1wN1_QqN2zN1 : 154.5177029 (0.41)%
             GtT1bC2wN1_QqC1wN1 : 148.7653908 (0.39)%
          GtT1bC2wN2zN1_QqN2zN1 : 144.4498033 (0.38)%
           GtT1tN1_QqGtT1bC1wN1 : 144.1574020 (0.38)%
           GtT1bC1wN1_QqGtT1tN1 : 144.1574020 (0.38)%
          GtT1tN3zN2zN1_QqC1wN1 : 142.0425461 (0.37)%
             GtT1tN2zN1_QqN2zN1 : 137.2551326 (0.36)%
             GtT1bC1wN1_GtT1tN1 : 136.4215209 (0.36)%
        QqGtT1tN3wC1wN1_QqN2zN1 : 131.3899251 (0.35)%
        QqGtT1bC2hC1wN1_QqN2zN1 : 125.9078705 (0.33)%
        QqGtT1bC2zC1wN1_QqN2zN1 : 117.7830231 (0.31)%
           QqC1wN1_QqGtT1bC2wN1 : 113.3982523 (0.30)%
        QqGtT1bC2wN2zN1_QqN2zN1 : 110.1086425 (0.29)%
         QqGtT1bC1wN1_QqGtT1tN1 : 109.8857560 (0.29)%
     GtT1bC1wN1_QqGtT1tN3wC1wN1 : 108.4197924 (0.29)%
     GtT1tN3wC1wN1_QqGtT1bC1wN1 : 108.4197924 (0.29)%
        QqC1wN1_QqGtT1tN3zN2zN1 : 108.2736811 (0.29)%
              GtT1tN1_QqGtT1tN1 : 106.1032191 (0.28)%
           QqGtT1tN2zN1_QqN2zN1 : 104.6244161 (0.28)%
     GtT1bC1wN1_QqGtT1bC2hC1wN1 : 103.8961334 (0.27)%
     GtT1bC2hC1wN1_QqGtT1bC1wN1 : 103.8961334 (0.27)%
       GtT1bC1wN1_GtT1tN3wC1wN1 : 102.6016893 (0.27)%
       GtT1bC1wN1_GtT1bC2hC1wN1 : 98.3207822 (0.26)%
     GtT1bC1wN1_QqGtT1bC2zC1wN1 : 97.1917055 (0.26)%
     GtT1bC2zC1wN1_QqGtT1bC1wN1 : 97.1917055 (0.26)%
          GtT1bC1wN1_GtT1bC1wN1 : 92.6747190 (0.24)%
       GtT1bC1wN1_GtT1bC2zC1wN1 : 91.9761323 (0.24)%
     GtT1bC2wN2zN1_QqGtT1bC1wN1 : 90.8589920 (0.24)%
     GtT1bC1wN1_QqGtT1bC2wN2zN1 : 90.8589920 (0.24)%
                          N1_N1 : 89.3842589 (0.24)%
        GtT1tN2zN1_QqGtT1bC1wN1 : 86.3335409 (0.23)%
        GtT1bC1wN1_QqGtT1tN2zN1 : 86.3335409 (0.23)%
       GtT1bC1wN1_GtT1bC2wN2zN1 : 85.9832496 (0.23)%
   QqGtT1bC1wN1_QqGtT1tN3wC1wN1 : 82.6443227 (0.22)%
          GtT1bC1wN1_GtT1tN2zN1 : 81.7006466 (0.22)%
                    N2zN1_N2zN1 : 81.1412261 (0.21)%
        GtT1tN1_QqGtT1tN3wC1wN1 : 79.7995027 (0.21)%
        GtT1tN3wC1wN1_QqGtT1tN1 : 79.7995027 (0.21)%
          GtT1tN4wC1wN1_QqC1wN1 : 79.5428840 (0.21)%
   QqGtT1bC1wN1_QqGtT1bC2hC1wN1 : 79.1961079 (0.21)%
        GtT1tN1_QqGtT1bC2hC1wN1 : 76.4699838 (0.20)%
        GtT1bC2hC1wN1_QqGtT1tN1 : 76.4699838 (0.20)%
          GtT1tN1_GtT1tN3wC1wN1 : 75.5172427 (0.20)%
      QqGtT1bC1wN1_QqGtT1bC1wN1 : 74.6482776 (0.20)%
   QqGtT1bC1wN1_QqGtT1bC2zC1wN1 : 74.0855751 (0.20)%
          GtT1bC2hC1wN1_GtT1tN1 : 72.3663950 (0.19)%
        GtT1tN1_QqGtT1bC2zC1wN1 : 71.5353681 (0.19)%
        GtT1bC2zC1wN1_QqGtT1tN1 : 71.5353681 (0.19)%
             GtT1bC2wN1_QqN2zN1 : 70.9783697 (0.19)%
   QqGtT1bC1wN1_QqGtT1bC2wN2zN1 : 69.2583863 (0.18)%
          GtT1tN3zN2zN1_QqN2zN1 : 67.7707919 (0.18)%
          GtT1bC2zC1wN1_GtT1tN1 : 67.6965843 (0.18)%
        GtT1tN1_QqGtT1bC2wN2zN1 : 66.8743429 (0.18)%
        GtT1bC2wN2zN1_QqGtT1tN1 : 66.8743429 (0.18)%
      QqGtT1bC1wN1_QqGtT1tN2zN1 : 65.8088054 (0.17)%
           GtT1tN2zN1_QqGtT1tN1 : 63.5435051 (0.17)%
           GtT1tN1_QqGtT1tN2zN1 : 63.5435051 (0.17)%
          GtT1bC2wN2zN1_GtT1tN1 : 63.2856825 (0.17)%
      QqGtT1tN1_QqGtT1tN3wC1wN1 : 60.8281542 (0.16)%
        QqC1wN1_QqGtT1tN4wC1wN1 : 60.6325434 (0.16)%
             GtT1tN1_GtT1tN2zN1 : 60.1335865 (0.16)%
  GtT1tN3wC1wN1_QqGtT1tN3wC1wN1 : 60.0166581 (0.16)%
      QqGtT1bC2hC1wN1_QqGtT1tN1 : 58.2901875 (0.15)%
  GtT1tN3wC1wN1_QqGtT1bC2hC1wN1 : 57.5125499 (0.15)%
  GtT1bC2hC1wN1_QqGtT1tN3wC1wN1 : 57.5125499 (0.15)%
  GtT1bC2hC1wN1_QqGtT1bC2hC1wN1 : 55.1129219 (0.15)%
      QqGtT1bC2zC1wN1_QqGtT1tN1 : 54.5287158 (0.14)%
    GtT1bC2hC1wN1_GtT1tN3wC1wN1 : 54.4262689 (0.14)%
           QqGtT1bC2wN1_QqN2zN1 : 54.1041369 (0.14)%
  GtT1tN3wC1wN1_QqGtT1bC2zC1wN1 : 53.8012593 (0.14)%
  GtT1bC2zC1wN1_QqGtT1tN3wC1wN1 : 53.8012593 (0.14)%
        QqGtT1tN3zN2zN1_QqN2zN1 : 51.6591212 (0.14)%
  GtT1bC2zC1wN1_QqGtT1bC2hC1wN1 : 51.5564796 (0.14)%
  GtT1bC2hC1wN1_QqGtT1bC2zC1wN1 : 51.5564796 (0.14)%
      QqGtT1bC2wN2zN1_QqGtT1tN1 : 50.9757919 (0.13)%
    GtT1bC2zC1wN1_GtT1tN3wC1wN1 : 50.9141363 (0.13)%
  GtT1tN3wC1wN1_QqGtT1bC2wN2zN1 : 50.2957342 (0.13)%
  GtT1bC2wN2zN1_QqGtT1tN3wC1wN1 : 50.2957342 (0.13)%
             GtT1tN3zN1_QqC1wN1 : 50.2159255 (0.13)%
                GtT1tN1_GtT1tN1 : 50.2047148 (0.13)%
    GtT1bC2hC1wN1_GtT1bC2zC1wN1 : 48.7898176 (0.13)%
         QqGtT1tN1_QqGtT1tN2zN1 : 48.4368197 (0.13)%
  GtT1bC2zC1wN1_QqGtT1bC2zC1wN1 : 48.2295348 (0.13)%
  GtT1bC2wN2zN1_QqGtT1bC2hC1wN1 : 48.1972175 (0.13)%
  GtT1bC2hC1wN1_QqGtT1bC2wN2zN1 : 48.1972175 (0.13)%
     GtT1tN2zN1_QqGtT1tN3wC1wN1 : 47.7906339 (0.13)%
     GtT1tN3wC1wN1_QqGtT1tN2zN1 : 47.7906339 (0.13)%
    GtT1bC2wN2zN1_GtT1tN3wC1wN1 : 47.5967273 (0.13)%
     GtT1tN2zN1_QqGtT1bC2hC1wN1 : 45.7966389 (0.12)%
     GtT1bC2hC1wN1_QqGtT1tN2zN1 : 45.7966389 (0.12)%
                 T1bC1wN1_T1tN1 : 45.7872770 (0.12)%
    GtT1bC2hC1wN1_GtT1bC2wN2zN1 : 45.6108227 (0.12)%
       GtT1tN2zN1_GtT1tN3wC1wN1 : 45.2260576 (0.12)%
  GtT1bC2wN2zN1_QqGtT1bC2zC1wN1 : 45.0870462 (0.12)%
  GtT1bC2zC1wN1_QqGtT1bC2wN2zN1 : 45.0870462 (0.12)%
        GtT1bC1wN1_QqGtT1bC2wN1 : 44.6454269 (0.12)%
        GtT1bC2wN1_QqGtT1bC1wN1 : 44.6454269 (0.12)%
QqGtT1bC2hC1wN1_QqGtT1tN3wC1wN1 : 43.8396498 (0.12)%
       GtT1bC2hC1wN1_GtT1tN2zN1 : 43.3390658 (0.11)%
     GtT1tN2zN1_QqGtT1bC2zC1wN1 : 42.8413772 (0.11)%
     GtT1bC2zC1wN1_QqGtT1tN2zN1 : 42.8413772 (0.11)%
                QqC1wN1_QqN2hN1 : 42.7278172 (0.11)%
    GtT1bC2wN2zN1_GtT1bC2zC1wN1 : 42.6675518 (0.11)%
     GtT1bC1wN1_QqGtT1tN3zN2zN1 : 42.6278590 (0.11)%
     GtT1tN3zN2zN1_QqGtT1bC1wN1 : 42.6278590 (0.11)%
          GtT1bC1wN1_GtT1bC2wN1 : 42.2496309 (0.11)%
  GtT1bC2wN2zN1_QqGtT1bC2wN2zN1 : 42.1493125 (0.11)%
QqGtT1bC2zC1wN1_QqGtT1tN3wC1wN1 : 41.0106728 (0.11)%
       GtT1bC2zC1wN1_GtT1tN2zN1 : 40.5423915 (0.11)%
            QqGtT1tN1_QqGtT1tN1 : 40.4392431 (0.11)%
       GtT1bC1wN1_GtT1tN3zN2zN1 : 40.3403313 (0.11)%
     GtT1bC2wN2zN1_QqGtT1tN2zN1 : 40.0499644 (0.11)%
     GtT1tN2zN1_QqGtT1bC2wN2zN1 : 40.0499644 (0.11)%
QqGtT1bC2hC1wN1_QqGtT1bC2zC1wN1 : 39.2995618 (0.10)%
QqGtT1bC2wN2zN1_QqGtT1tN3wC1wN1 : 38.3385432 (0.10)%
           QqC1wN1_QqGtT1tN3zN1 : 38.2777080 (0.10)%
        GtT1tN2zN1_QqGtT1tN2zN1 : 38.0551794 (0.10)%
          GtT1tN4wC1wN1_QqN2zN1 : 37.9511941 (0.10)%
       GtT1bC2wN2zN1_GtT1tN2zN1 : 37.9007736 (0.10)%
------------------------------------------------------------
                                              SUM=82.55%

SHOWING PROCESSES TO GET 90.00% SUSY COVERAGE
---------------  Output inclusive processes  ---------------
The total xsec = 37912.66 [fb]
The total rate = 100.00%
                          Modes : xsec/fb      (rate)
                    C1wN1_N2zN1 : 9273.7091630 (24.46)%
                    C1wN1_C1wN1 : 4947.2348699 (13.05)%
                QqC1wN1_QqC1wN1 : 828.8379870 (2.19)%
                QqC1wN1_QqN2zN1 : 790.9039694 (2.09)%
             GtT1bC1wN1_QqC1wN1 : 652.6348508 (1.72)%
                    C1wN1_N2hN1 : 501.0031123 (1.32)%
           QqC1wN1_QqGtT1bC1wN1 : 497.4789570 (1.31)%
                GtT1tN1_QqC1wN1 : 480.3545124 (1.27)%
              QqC1wN1_QqGtT1tN1 : 366.1561461 (0.97)%
          GtT1tN3wC1wN1_QqC1wN1 : 361.2713311 (0.95)%
          GtT1bC2hC1wN1_QqC1wN1 : 346.1978074 (0.91)%
          GtT1bC2zC1wN1_QqC1wN1 : 323.8576282 (0.85)%
             GtT1bC1wN1_QqN2zN1 : 311.3826238 (0.82)%
          GtT1bC2wN2zN1_QqC1wN1 : 302.7560583 (0.80)%
             GtT1tN2zN1_QqC1wN1 : 287.6765631 (0.76)%
        QqC1wN1_QqGtT1tN3wC1wN1 : 275.3835238 (0.73)%
        QqC1wN1_QqGtT1bC2hC1wN1 : 263.8935446 (0.70)%
        QqC1wN1_QqGtT1bC2zC1wN1 : 246.8644678 (0.65)%
           QqGtT1bC1wN1_QqN2zN1 : 237.3552419 (0.63)%
        QqC1wN1_QqGtT1bC2wN2zN1 : 230.7795361 (0.61)%
                GtT1tN1_QqN2zN1 : 229.1848929 (0.60)%
           QqC1wN1_QqGtT1tN2zN1 : 219.2850050 (0.58)%
        GtT1bC1wN1_QqGtT1bC1wN1 : 195.8598122 (0.52)%
                QqN2zN1_QqN2zN1 : 188.6765263 (0.50)%
              QqGtT1tN1_QqN2zN1 : 174.6990087 (0.46)%
          GtT1tN3wC1wN1_QqN2zN1 : 172.3683846 (0.45)%
          GtT1bC2hC1wN1_QqN2zN1 : 165.1765631 (0.44)%
          GtT1bC2zC1wN1_QqN2zN1 : 154.5177029 (0.41)%
             GtT1bC2wN1_QqC1wN1 : 148.7653908 (0.39)%
          GtT1bC2wN2zN1_QqN2zN1 : 144.4498033 (0.38)%
           GtT1tN1_QqGtT1bC1wN1 : 144.1574020 (0.38)%
           GtT1bC1wN1_QqGtT1tN1 : 144.1574020 (0.38)%
          GtT1tN3zN2zN1_QqC1wN1 : 142.0425461 (0.37)%
             GtT1tN2zN1_QqN2zN1 : 137.2551326 (0.36)%
             GtT1bC1wN1_GtT1tN1 : 136.4215209 (0.36)%
        QqGtT1tN3wC1wN1_QqN2zN1 : 131.3899251 (0.35)%
        QqGtT1bC2hC1wN1_QqN2zN1 : 125.9078705 (0.33)%
        QqGtT1bC2zC1wN1_QqN2zN1 : 117.7830231 (0.31)%
           QqC1wN1_QqGtT1bC2wN1 : 113.3982523 (0.30)%
        QqGtT1bC2wN2zN1_QqN2zN1 : 110.1086425 (0.29)%
         QqGtT1bC1wN1_QqGtT1tN1 : 109.8857560 (0.29)%
     GtT1bC1wN1_QqGtT1tN3wC1wN1 : 108.4197924 (0.29)%
     GtT1tN3wC1wN1_QqGtT1bC1wN1 : 108.4197924 (0.29)%
        QqC1wN1_QqGtT1tN3zN2zN1 : 108.2736811 (0.29)%
              GtT1tN1_QqGtT1tN1 : 106.1032191 (0.28)%
           QqGtT1tN2zN1_QqN2zN1 : 104.6244161 (0.28)%
     GtT1bC1wN1_QqGtT1bC2hC1wN1 : 103.8961334 (0.27)%
     GtT1bC2hC1wN1_QqGtT1bC1wN1 : 103.8961334 (0.27)%
       GtT1bC1wN1_GtT1tN3wC1wN1 : 102.6016893 (0.27)%
       GtT1bC1wN1_GtT1bC2hC1wN1 : 98.3207822 (0.26)%
     GtT1bC1wN1_QqGtT1bC2zC1wN1 : 97.1917055 (0.26)%
     GtT1bC2zC1wN1_QqGtT1bC1wN1 : 97.1917055 (0.26)%
          GtT1bC1wN1_GtT1bC1wN1 : 92.6747190 (0.24)%
       GtT1bC1wN1_GtT1bC2zC1wN1 : 91.9761323 (0.24)%
     GtT1bC2wN2zN1_QqGtT1bC1wN1 : 90.8589920 (0.24)%
     GtT1bC1wN1_QqGtT1bC2wN2zN1 : 90.8589920 (0.24)%
                          N1_N1 : 89.3842589 (0.24)%
        GtT1tN2zN1_QqGtT1bC1wN1 : 86.3335409 (0.23)%
        GtT1bC1wN1_QqGtT1tN2zN1 : 86.3335409 (0.23)%
       GtT1bC1wN1_GtT1bC2wN2zN1 : 85.9832496 (0.23)%
   QqGtT1bC1wN1_QqGtT1tN3wC1wN1 : 82.6443227 (0.22)%
          GtT1bC1wN1_GtT1tN2zN1 : 81.7006466 (0.22)%
                    N2zN1_N2zN1 : 81.1412261 (0.21)%
        GtT1tN1_QqGtT1tN3wC1wN1 : 79.7995027 (0.21)%
        GtT1tN3wC1wN1_QqGtT1tN1 : 79.7995027 (0.21)%
          GtT1tN4wC1wN1_QqC1wN1 : 79.5428840 (0.21)%
   QqGtT1bC1wN1_QqGtT1bC2hC1wN1 : 79.1961079 (0.21)%
        GtT1tN1_QqGtT1bC2hC1wN1 : 76.4699838 (0.20)%
        GtT1bC2hC1wN1_QqGtT1tN1 : 76.4699838 (0.20)%
          GtT1tN1_GtT1tN3wC1wN1 : 75.5172427 (0.20)%
      QqGtT1bC1wN1_QqGtT1bC1wN1 : 74.6482776 (0.20)%
   QqGtT1bC1wN1_QqGtT1bC2zC1wN1 : 74.0855751 (0.20)%
          GtT1bC2hC1wN1_GtT1tN1 : 72.3663950 (0.19)%
        GtT1tN1_QqGtT1bC2zC1wN1 : 71.5353681 (0.19)%
        GtT1bC2zC1wN1_QqGtT1tN1 : 71.5353681 (0.19)%
             GtT1bC2wN1_QqN2zN1 : 70.9783697 (0.19)%
   QqGtT1bC1wN1_QqGtT1bC2wN2zN1 : 69.2583863 (0.18)%
          GtT1tN3zN2zN1_QqN2zN1 : 67.7707919 (0.18)%
          GtT1bC2zC1wN1_GtT1tN1 : 67.6965843 (0.18)%
        GtT1tN1_QqGtT1bC2wN2zN1 : 66.8743429 (0.18)%
        GtT1bC2wN2zN1_QqGtT1tN1 : 66.8743429 (0.18)%
      QqGtT1bC1wN1_QqGtT1tN2zN1 : 65.8088054 (0.17)%
           GtT1tN2zN1_QqGtT1tN1 : 63.5435051 (0.17)%
           GtT1tN1_QqGtT1tN2zN1 : 63.5435051 (0.17)%
          GtT1bC2wN2zN1_GtT1tN1 : 63.2856825 (0.17)%
      QqGtT1tN1_QqGtT1tN3wC1wN1 : 60.8281542 (0.16)%
        QqC1wN1_QqGtT1tN4wC1wN1 : 60.6325434 (0.16)%
             GtT1tN1_GtT1tN2zN1 : 60.1335865 (0.16)%
  GtT1tN3wC1wN1_QqGtT1tN3wC1wN1 : 60.0166581 (0.16)%
      QqGtT1bC2hC1wN1_QqGtT1tN1 : 58.2901875 (0.15)%
  GtT1tN3wC1wN1_QqGtT1bC2hC1wN1 : 57.5125499 (0.15)%
  GtT1bC2hC1wN1_QqGtT1tN3wC1wN1 : 57.5125499 (0.15)%
  GtT1bC2hC1wN1_QqGtT1bC2hC1wN1 : 55.1129219 (0.15)%
      QqGtT1bC2zC1wN1_QqGtT1tN1 : 54.5287158 (0.14)%
    GtT1bC2hC1wN1_GtT1tN3wC1wN1 : 54.4262689 (0.14)%
           QqGtT1bC2wN1_QqN2zN1 : 54.1041369 (0.14)%
  GtT1tN3wC1wN1_QqGtT1bC2zC1wN1 : 53.8012593 (0.14)%
  GtT1bC2zC1wN1_QqGtT1tN3wC1wN1 : 53.8012593 (0.14)%
        QqGtT1tN3zN2zN1_QqN2zN1 : 51.6591212 (0.14)%
  GtT1bC2zC1wN1_QqGtT1bC2hC1wN1 : 51.5564796 (0.14)%
  GtT1bC2hC1wN1_QqGtT1bC2zC1wN1 : 51.5564796 (0.14)%
      QqGtT1bC2wN2zN1_QqGtT1tN1 : 50.9757919 (0.13)%
    GtT1bC2zC1wN1_GtT1tN3wC1wN1 : 50.9141363 (0.13)%
  GtT1tN3wC1wN1_QqGtT1bC2wN2zN1 : 50.2957342 (0.13)%
  GtT1bC2wN2zN1_QqGtT1tN3wC1wN1 : 50.2957342 (0.13)%
             GtT1tN3zN1_QqC1wN1 : 50.2159255 (0.13)%
                GtT1tN1_GtT1tN1 : 50.2047148 (0.13)%
    GtT1bC2hC1wN1_GtT1bC2zC1wN1 : 48.7898176 (0.13)%
         QqGtT1tN1_QqGtT1tN2zN1 : 48.4368197 (0.13)%
  GtT1bC2zC1wN1_QqGtT1bC2zC1wN1 : 48.2295348 (0.13)%
  GtT1bC2wN2zN1_QqGtT1bC2hC1wN1 : 48.1972175 (0.13)%
  GtT1bC2hC1wN1_QqGtT1bC2wN2zN1 : 48.1972175 (0.13)%
     GtT1tN2zN1_QqGtT1tN3wC1wN1 : 47.7906339 (0.13)%
     GtT1tN3wC1wN1_QqGtT1tN2zN1 : 47.7906339 (0.13)%
    GtT1bC2wN2zN1_GtT1tN3wC1wN1 : 47.5967273 (0.13)%
     GtT1tN2zN1_QqGtT1bC2hC1wN1 : 45.7966389 (0.12)%
     GtT1bC2hC1wN1_QqGtT1tN2zN1 : 45.7966389 (0.12)%
                 T1bC1wN1_T1tN1 : 45.7872770 (0.12)%
    GtT1bC2hC1wN1_GtT1bC2wN2zN1 : 45.6108227 (0.12)%
       GtT1tN2zN1_GtT1tN3wC1wN1 : 45.2260576 (0.12)%
  GtT1bC2wN2zN1_QqGtT1bC2zC1wN1 : 45.0870462 (0.12)%
  GtT1bC2zC1wN1_QqGtT1bC2wN2zN1 : 45.0870462 (0.12)%
        GtT1bC1wN1_QqGtT1bC2wN1 : 44.6454269 (0.12)%
        GtT1bC2wN1_QqGtT1bC1wN1 : 44.6454269 (0.12)%
QqGtT1bC2hC1wN1_QqGtT1tN3wC1wN1 : 43.8396498 (0.12)%
       GtT1bC2hC1wN1_GtT1tN2zN1 : 43.3390658 (0.11)%
     GtT1tN2zN1_QqGtT1bC2zC1wN1 : 42.8413772 (0.11)%
     GtT1bC2zC1wN1_QqGtT1tN2zN1 : 42.8413772 (0.11)%
                QqC1wN1_QqN2hN1 : 42.7278172 (0.11)%
    GtT1bC2wN2zN1_GtT1bC2zC1wN1 : 42.6675518 (0.11)%
     GtT1bC1wN1_QqGtT1tN3zN2zN1 : 42.6278590 (0.11)%
     GtT1tN3zN2zN1_QqGtT1bC1wN1 : 42.6278590 (0.11)%
          GtT1bC1wN1_GtT1bC2wN1 : 42.2496309 (0.11)%
  GtT1bC2wN2zN1_QqGtT1bC2wN2zN1 : 42.1493125 (0.11)%
QqGtT1bC2zC1wN1_QqGtT1tN3wC1wN1 : 41.0106728 (0.11)%
       GtT1bC2zC1wN1_GtT1tN2zN1 : 40.5423915 (0.11)%
            QqGtT1tN1_QqGtT1tN1 : 40.4392431 (0.11)%
       GtT1bC1wN1_GtT1tN3zN2zN1 : 40.3403313 (0.11)%
     GtT1bC2wN2zN1_QqGtT1tN2zN1 : 40.0499644 (0.11)%
     GtT1tN2zN1_QqGtT1bC2wN2zN1 : 40.0499644 (0.11)%
QqGtT1bC2hC1wN1_QqGtT1bC2zC1wN1 : 39.2995618 (0.10)%
QqGtT1bC2wN2zN1_QqGtT1tN3wC1wN1 : 38.3385432 (0.10)%
           QqC1wN1_QqGtT1tN3zN1 : 38.2777080 (0.10)%
        GtT1tN2zN1_QqGtT1tN2zN1 : 38.0551794 (0.10)%
          GtT1tN4wC1wN1_QqN2zN1 : 37.9511941 (0.10)%
       GtT1bC2wN2zN1_GtT1tN2zN1 : 37.9007736 (0.10)%
QqGtT1bC2hC1wN1_QqGtT1bC2wN2zN1 : 36.7389229 (0.10)%
   QqGtT1tN2zN1_QqGtT1tN3wC1wN1 : 36.4289996 (0.10)%
   QqGtT1bC2hC1wN1_QqGtT1tN2zN1 : 34.9090523 (0.09)%
             GtT1tN3hN1_QqC1wN1 : 34.8851577 (0.09)%
          GtT1tN4hN2zN1_QqC1wN1 : 34.7377062 (0.09)%
           T1bC1wN1_T1tN3wC1wN1 : 34.4362967 (0.09)%
QqGtT1bC2wN2zN1_QqGtT1bC2zC1wN1 : 34.3681565 (0.09)%
                   QqC1wN1_QqN1 : 34.1596709 (0.09)%
      QqGtT1bC1wN1_QqGtT1bC2wN1 : 34.0315268 (0.09)%
              C2hC1wN1_N3wC1wN1 : 33.7615338 (0.09)%
           T1bC1wN1_T1bC2hC1wN1 : 32.9994921 (0.09)%
           GtT1tN1_QqGtT1bC2wN1 : 32.8600782 (0.09)%
           GtT1bC2wN1_QqGtT1tN1 : 32.8600782 (0.09)%
              C2hC1wN1_N4wC1wN1 : 32.7933947 (0.09)%
   QqGtT1bC2zC1wN1_QqGtT1tN2zN1 : 32.6563677 (0.09)%
   QqGtT1bC1wN1_QqGtT1tN3zN2zN1 : 32.4936108 (0.09)%
              C2zC1wN1_N3wC1wN1 : 31.5828987 (0.08)%
        GtT1tN1_QqGtT1tN3zN2zN1 : 31.3751011 (0.08)%
        GtT1tN3zN2zN1_QqGtT1tN1 : 31.3751011 (0.08)%
              T1bC1wN1_T1bC1wN1 : 31.1044988 (0.08)%
             GtT1bC2wN1_GtT1tN1 : 31.0967164 (0.08)%
           T1bC1wN1_T1bC2zC1wN1 : 30.8700315 (0.08)%
              C2zC1wN1_N4wC1wN1 : 30.6772337 (0.08)%
   QqGtT1bC2wN2zN1_QqGtT1tN2zN1 : 30.5285789 (0.08)%
                       C1wN1_N1 : 29.7403272 (0.08)%
          GtT1tN1_GtT1tN3zN2zN1 : 29.6914272 (0.08)%
              C2wN2zN1_N3wC1wN1 : 29.5250538 (0.08)%
        QqGtT1tN4wC1wN1_QqN2zN1 : 28.9287654 (0.08)%
              N3wC1wN1_N4wC1wN1 : 28.9048096 (0.08)%
           T1bC1wN1_T1bC2wN2zN1 : 28.8586349 (0.08)%
          GtT1tN3hN2zN1_QqC1wN1 : 28.7812260 (0.08)%
              C2wN2zN1_N4wC1wN1 : 28.6783992 (0.08)%
    GtT1tN3wC1wN1_GtT1tN3wC1wN1 : 28.3979999 (0.07)%
              T1bC1wN1_T1tN2zN1 : 27.4212611 (0.07)%
           QqC1wN1_QqGtT1tN3hN1 : 26.5916413 (0.07)%
        QqC1wN1_QqGtT1tN4hN2zN1 : 26.4792446 (0.07)%
    GtT1bC2hC1wN1_GtT1bC2hC1wN1 : 26.0777058 (0.07)%
              T1tN1_T1tN3wC1wN1 : 25.3459197 (0.07)%
         QqGtT1bC2wN1_QqGtT1tN1 : 25.0479995 (0.07)%
     GtT1bC2wN1_QqGtT1tN3wC1wN1 : 24.7138392 (0.07)%
     GtT1tN3wC1wN1_QqGtT1bC2wN1 : 24.7138392 (0.07)%
              T1bC2hC1wN1_T1tN1 : 24.2883979 (0.06)%
             GtT1tN3zN1_QqN2zN1 : 23.9588288 (0.06)%
      QqGtT1tN1_QqGtT1tN3zN2zN1 : 23.9160574 (0.06)%
     GtT1bC1wN1_QqGtT1tN4wC1wN1 : 23.8713184 (0.06)%
     GtT1tN4wC1wN1_QqGtT1bC1wN1 : 23.8713184 (0.06)%
     GtT1bC2wN1_QqGtT1bC2hC1wN1 : 23.6826900 (0.06)%
     GtT1bC2hC1wN1_QqGtT1bC2wN1 : 23.6826900 (0.06)%
  GtT1tN3zN2zN1_QqGtT1tN3wC1wN1 : 23.5969981 (0.06)%
  GtT1tN3wC1wN1_QqGtT1tN3zN2zN1 : 23.5969981 (0.06)%
       GtT1bC2wN1_GtT1tN3wC1wN1 : 23.3876269 (0.06)%
QqGtT1tN3wC1wN1_QqGtT1tN3wC1wN1 : 22.8742186 (0.06)%
    GtT1bC2zC1wN1_GtT1bC2zC1wN1 : 22.8207029 (0.06)%
              T1bC2zC1wN1_T1tN1 : 22.7210651 (0.06)%
  GtT1tN3zN2zN1_QqGtT1bC2hC1wN1 : 22.6124475 (0.06)%
  GtT1bC2hC1wN1_QqGtT1tN3zN2zN1 : 22.6124475 (0.06)%
       GtT1bC1wN1_GtT1tN4wC1wN1 : 22.5903180 (0.06)%
       GtT1bC2hC1wN1_GtT1bC2wN1 : 22.4118120 (0.06)%
    GtT1tN3wC1wN1_GtT1tN3zN2zN1 : 22.3307186 (0.06)%
     GtT1bC2wN1_QqGtT1bC2zC1wN1 : 22.1544437 (0.06)%
     GtT1bC2zC1wN1_QqGtT1bC2wN1 : 22.1544437 (0.06)%
        QqC1wN1_QqGtT1tN3hN2zN1 : 21.9388442 (0.06)%
             GbB1tC1wN1_QqC1wN1 : 21.5849495 (0.06)%
    GtT1bC2hC1wN1_GtT1tN3zN2zN1 : 21.3990016 (0.06)%
              T1bC2wN2zN1_T1tN1 : 21.2406302 (0.06)%
  GtT1bC2zC1wN1_QqGtT1tN3zN2zN1 : 21.1532640 (0.06)%
  GtT1tN3zN2zN1_QqGtT1bC2zC1wN1 : 21.1532640 (0.06)%
QqGtT1bC2hC1wN1_QqGtT1bC2hC1wN1 : 21.0052519 (0.06)%
       GtT1bC2wN1_GtT1bC2zC1wN1 : 20.9655755 (0.06)%
     GtT1bC2wN1_QqGtT1bC2wN2zN1 : 20.7109281 (0.05)%
     GtT1bC2wN2zN1_QqGtT1bC2wN1 : 20.7109281 (0.05)%
                QqN2hN1_QqN2zN1 : 20.3861314 (0.05)%
                 T1tN1_T1tN2zN1 : 20.1826894 (0.05)%
    GtT1bC2zC1wN1_GtT1tN3zN2zN1 : 20.0181219 (0.05)%
    GtT1bC2wN2zN1_GtT1bC2wN2zN1 : 19.9437325 (0.05)%
  GtT1tN3zN2zN1_QqGtT1bC2wN2zN1 : 19.7749822 (0.05)%
  GtT1bC2wN2zN1_QqGtT1tN3zN2zN1 : 19.7749822 (0.05)%
        GtT1tN2zN1_QqGtT1bC2wN1 : 19.6793704 (0.05)%
        GtT1bC2wN1_QqGtT1tN2zN1 : 19.6793704 (0.05)%
       GtT1bC2wN1_GtT1bC2wN2zN1 : 19.5995229 (0.05)%
              C2hC1wN1_C2zC1wN1 : 19.3382077 (0.05)%
   QqGtT1bC2wN1_QqGtT1tN3wC1wN1 : 18.8384285 (0.05)%
     GtT1tN2zN1_QqGtT1tN3zN2zN1 : 18.7900416 (0.05)%
     GtT1tN3zN2zN1_QqGtT1tN2zN1 : 18.7900416 (0.05)%
    GtT1bC2wN2zN1_GtT1tN3zN2zN1 : 18.7138025 (0.05)%
          GtT1bC2wN1_GtT1tN2zN1 : 18.6233215 (0.05)%
QqGtT1bC2zC1wN1_QqGtT1bC2zC1wN1 : 18.3817786 (0.05)%
        T1bC2hC1wN1_T1tN3wC1wN1 : 18.2671373 (0.05)%
           QqGtT1tN3zN1_QqN2zN1 : 18.2629124 (0.05)%
   QqGtT1bC1wN1_QqGtT1tN4wC1wN1 : 18.1962066 (0.05)%
              C2hC1wN1_C2wN2zN1 : 18.0781894 (0.05)%
   QqGtT1bC2hC1wN1_QqGtT1bC2wN1 : 18.0524223 (0.05)%
          GtT1tN2zN1_GtT1tN2zN1 : 18.0065171 (0.05)%
QqGtT1tN3wC1wN1_QqGtT1tN3zN2zN1 : 17.9871026 (0.05)%
       GtT1tN2zN1_GtT1tN3zN2zN1 : 17.7817165 (0.05)%
        GtT1tN1_QqGtT1tN4wC1wN1 : 17.5698486 (0.05)%
        GtT1tN4wC1wN1_QqGtT1tN1 : 17.5698486 (0.05)%
QqGtT1bC2hC1wN1_QqGtT1tN3zN2zN1 : 17.2366168 (0.05)%
        T1bC2zC1wN1_T1tN3wC1wN1 : 17.0883571 (0.05)%
              C2wN2zN1_C2zC1wN1 : 16.9116020 (0.04)%
   QqGtT1bC2wN1_QqGtT1bC2zC1wN1 : 16.8874977 (0.04)%
                    T1tN1_T1tN1 : 16.8502533 (0.04)%
             GtT1bC1wN1_QqN2hN1 : 16.8221432 (0.04)%
             GtT1tN3hN1_QqN2zN1 : 16.6442720 (0.04)%
          GtT1tN1_GtT1tN4wC1wN1 : 16.6270024 (0.04)%
          GbB1tC2hC1wN1_QqC1wN1 : 16.5899254 (0.04)%
          GtT1tN4hN2zN1_QqN2zN1 : 16.5739204 (0.04)%
           QqC1wN1_QqGbB1tC1wN1 : 16.4533937 (0.04)%
        T1bC2hC1wN1_T1bC2zC1wN1 : 16.3753701 (0.04)%
          GtT1bC2wN2hN1_QqC1wN1 : 16.3561014 (0.04)%
                   QqN1_QqN2zN1 : 16.2981305 (0.04)%
QqGtT1bC2zC1wN1_QqGtT1tN3zN2zN1 : 16.1243362 (0.04)%
QqGtT1bC2wN2zN1_QqGtT1bC2wN2zN1 : 16.0644164 (0.04)%
        T1bC2wN2zN1_T1tN3wC1wN1 : 15.9749322 (0.04)%
   QqGtT1bC2wN1_QqGtT1bC2wN2zN1 : 15.7871601 (0.04)%
             GtT1tN2hN1_QqC1wN1 : 15.5414464 (0.04)%
          GbB1tC2zC1wN1_QqC1wN1 : 15.5193759 (0.04)%
        T1bC2hC1wN1_T1bC2wN2zN1 : 15.3084012 (0.04)%
           T1tN2zN1_T1tN3wC1wN1 : 15.1792621 (0.04)%
QqGtT1bC2wN2zN1_QqGtT1tN3zN2zN1 : 15.0737239 (0.04)%
        GtT1tN3zN1_QqGtT1bC1wN1 : 15.0701142 (0.04)%
        GtT1bC1wN1_QqGtT1tN3zN1 : 15.0701142 (0.04)%
------------------------------------------------------------
                                              SUM=90.02%
