/Users/rafalmaselek/Projects/fastlim-1.0
 
#################################################################
#                                                               #
#                                                               #
#                     This is Fastlim  ver. 1.0                 #
#                                                               #
#          A fast LHC limit calculator for BSM models.          #
#                                                               #
#                  http://cern.ch/fastlim-1.0/                  #
#                                                               #
#  for bugs/feature requests: fastlim-1.0.developers@gmail.com  #
#                                                               #
#    please refer to:                                           #
#    M.Papucci, K.Sakurai, A.Weiler, L.Zeune arXiv:1402.xxxx    #
#                                                               #
#################################################################
 

!! Masses incompatible with the data for ERER !!

!! Problem with reading tables for ER ER !! Probably mass outside the table !! Setting xsec to 10^-20 !!

!! Masses incompatible with the data for ELEL !!

!! Problem with reading tables for EL EL !! Probably mass outside the table !! Setting xsec to 10^-20 !!

!! Masses incompatible with the data for TAU1TAU1 !!

!! Problem with reading tables for TAU1 TAU1 !! Probably mass outside the table !! Setting xsec to 10^-20 !!

!! Masses incompatible with the data for TAU2TAU2 !!

!! Problem with reading tables for TAU2 TAU2 !! Probably mass outside the table !! Setting xsec to 10^-20 !!
!! EWK PROCESS C1C2 NOT FOUND !! WILL TRY TO LOOK FOR +/- MODES !!
XSEC FOUND FOR: C1-C2+
XSEC FOUND FOR: C1+C2-
!! EWK PROCESS C1N1 NOT FOUND !! WILL TRY TO LOOK FOR +/- MODES !!
XSEC FOUND FOR: C1+N1
XSEC FOUND FOR: C1-N1
!! EWK PROCESS C1N2 NOT FOUND !! WILL TRY TO LOOK FOR +/- MODES !!
XSEC FOUND FOR: C1+N2
XSEC FOUND FOR: C1-N2
!! EWK PROCESS C1N3 NOT FOUND !! WILL TRY TO LOOK FOR +/- MODES !!
XSEC FOUND FOR: C1+N3
XSEC FOUND FOR: C1-N3
!! EWK PROCESS C1N4 NOT FOUND !! WILL TRY TO LOOK FOR +/- MODES !!
XSEC FOUND FOR: C1+N4
XSEC FOUND FOR: C1-N4
!! EWK PROCESS C2N1 NOT FOUND !! WILL TRY TO LOOK FOR +/- MODES !!
XSEC FOUND FOR: C2+N1
XSEC FOUND FOR: C2-N1
!! EWK PROCESS C2N2 NOT FOUND !! WILL TRY TO LOOK FOR +/- MODES !!
XSEC FOUND FOR: C2+N2
XSEC FOUND FOR: C2-N2
!! EWK PROCESS C2N3 NOT FOUND !! WILL TRY TO LOOK FOR +/- MODES !!
XSEC FOUND FOR: C2+N3
XSEC FOUND FOR: C2-N3
!! EWK PROCESS C2N4 NOT FOUND !! WILL TRY TO LOOK FOR +/- MODES !!
XSEC FOUND FOR: C2+N4
XSEC FOUND FOR: C2-N4
---------------  Output inclusive processes  ---------------
The total xsec = 47658.64 [fb]
The total rate = 100.00%
Output upto 0.10%
                  Modes : xsec/fb      (rate)
            C1wN1_N2hN1 : 9092.2351873 (19.08)%
            C1wN1_C1wN1 : 5191.1363248 (10.89)%
        QqC1wN1_QqC1wN1 : 1938.8340245 (4.07)%
        QqC1wN1_QqN2hN1 : 1704.3477613 (3.58)%
            C1wN1_N2zN1 : 1342.9203473 (2.82)%
     GtT1bC1wN1_QqC1wN1 : 573.5866197 (1.20)%
  GtT1tN3wC1wN1_QqC1wN1 : 407.5440841 (0.86)%
     GbB1tC1wN1_QqC1wN1 : 380.9720021 (0.80)%
        QqN2hN1_QqN2hN1 : 374.5551779 (0.79)%
   QqC1wN1_QqGtT1bC1wN1 : 319.5992842 (0.67)%
     GtT1bC1wN1_QqN2hN1 : 252.1079832 (0.53)%
        QqC1wN1_QqN2zN1 : 251.7316414 (0.53)%
  GbB1tC2hC1wN1_QqC1wN1 : 249.0343510 (0.52)%
  GbB1tC2zC1wN1_QqC1wN1 : 235.4896441 (0.49)%
  GtT1bC2hC1wN1_QqC1wN1 : 232.8719029 (0.49)%
QqC1wN1_QqGtT1tN3wC1wN1 : 227.0813040 (0.48)%
     GtT1tN2hN1_QqC1wN1 : 222.2202714 (0.47)%
  GtT1bC2zC1wN1_QqC1wN1 : 220.2062539 (0.46)%
  GbB1tC2wN2hN1_QqC1wN1 : 212.4422691 (0.45)%
   QqC1wN1_QqGbB1tC1wN1 : 212.2754873 (0.45)%
  GtT1bC2wN2hN1_QqC1wN1 : 198.6546646 (0.42)%
  GbB1bN3wC1wN1_QqC1wN1 : 186.5542191 (0.39)%
     GbB1bN2hN1_QqC1wN1 : 186.4734150 (0.39)%
  GtT1tN3wC1wN1_QqN2hN1 : 179.1274649 (0.38)%
     GbB1tC1wN1_QqN2hN1 : 167.4482629 (0.35)%
  GtT1tN3zN2hN1_QqC1wN1 : 163.3473674 (0.34)%
  GbB1bN4wC1wN1_QqC1wN1 : 153.3800952 (0.32)%
  GbB2tC2hC1wN1_QqC1wN1 : 150.9047152 (0.32)%
  GtT1tN4wC1wN1_QqC1wN1 : 145.8112578 (0.31)%
  GbB2tC2zC1wN1_QqC1wN1 : 142.6971723 (0.30)%
   QqGtT1bC1wN1_QqN2hN1 : 140.4731704 (0.29)%
QqC1wN1_QqGbB1tC2hC1wN1 : 138.7605596 (0.29)%
      C2hC1wN1_N4wC1wN1 : 133.6447742 (0.28)%
      C2hC1wN1_N3wC1wN1 : 132.1378035 (0.28)%
QqC1wN1_QqGbB1tC2zC1wN1 : 131.2135240 (0.28)%
QqC1wN1_QqGtT1bC2hC1wN1 : 129.7549331 (0.27)%
  GbB2tC2wN2hN1_QqC1wN1 : 128.7313979 (0.27)%
      C2zC1wN1_N4wC1wN1 : 126.3759806 (0.27)%
      C2zC1wN1_N3wC1wN1 : 124.9509724 (0.26)%
   QqC1wN1_QqGtT1tN2hN1 : 123.8199031 (0.26)%
     GbB1tC2wN1_QqC1wN1 : 122.8464811 (0.26)%
QqC1wN1_QqGtT1bC2zC1wN1 : 122.6977037 (0.26)%
      N3wC1wN1_N4wC1wN1 : 121.6355757 (0.26)%
QqC1wN1_QqGbB1tC2wN2hN1 : 118.3716545 (0.25)%
     GtT1bC2wN1_QqC1wN1 : 114.8736859 (0.24)%
      C2wN2hN1_N4wC1wN1 : 114.0075615 (0.24)%
      C2wN2hN1_N3wC1wN1 : 112.7220189 (0.24)%
QqC1wN1_QqGtT1bC2wN2hN1 : 110.6892776 (0.23)%
        QqN2hN1_QqN2zN1 : 110.6433697 (0.23)%
  GbB1tC2hC1wN1_QqN2hN1 : 109.4578322 (0.23)%
QqC1wN1_QqGbB1bN3wC1wN1 : 103.9469765 (0.22)%
   QqC1wN1_QqGbB1bN2hN1 : 103.9019529 (0.22)%
  GbB1tC2zC1wN1_QqN2hN1 : 103.5045400 (0.22)%
                  N1_N1 : 102.7609706 (0.22)%
  GtT1bC2hC1wN1_QqN2hN1 : 102.3539667 (0.21)%
  GbB2bN4wC1wN1_QqC1wN1 : 102.3049079 (0.21)%
QqGtT1tN3wC1wN1_QqN2hN1 : 99.8088303 (0.21)%
  GbB2bN3wC1wN1_QqC1wN1 : 99.7359049 (0.21)%
     GtT1tN3zN1_QqC1wN1 : 99.5775199 (0.21)%
     GtT1tN2hN1_QqN2hN1 : 97.6722652 (0.20)%
  GtT1bC2zC1wN1_QqN2hN1 : 96.7870460 (0.20)%
  GbB1tC2wN2hN1_QqN2hN1 : 93.3745492 (0.20)%
   QqGbB1tC1wN1_QqN2hN1 : 93.3012437 (0.20)%
QqC1wN1_QqGtT1tN3zN2hN1 : 91.0162474 (0.19)%
           QqC1wN1_QqN1 : 90.0230542 (0.19)%
  GtT1bC2wN2hN1_QqN2hN1 : 87.3144964 (0.18)%
QqC1wN1_QqGbB1bN4wC1wN1 : 85.4625386 (0.18)%
QqC1wN1_QqGbB2tC2hC1wN1 : 84.0832706 (0.18)%
  GbB1bN3wC1wN1_QqN2hN1 : 81.9959991 (0.17)%
     GbB1bN2hN1_QqN2hN1 : 81.9604833 (0.17)%
QqC1wN1_QqGtT1tN4wC1wN1 : 81.2452244 (0.17)%
QqC1wN1_QqGbB2tC2zC1wN1 : 79.5100732 (0.17)%
            N2hN1_N2hN1 : 76.1221646 (0.16)%
  GbB1bN3zN2hN1_QqC1wN1 : 74.7726240 (0.16)%
     GbB2tC2wN1_QqC1wN1 : 74.4399846 (0.16)%
      C2hC1wN1_C2zC1wN1 : 73.5513556 (0.15)%
  GtT1tN3zN2hN1_QqN2hN1 : 71.7959135 (0.15)%
QqC1wN1_QqGbB2tC2wN2hN1 : 71.7284211 (0.15)%
   QqC1wN1_QqGbB1tC2wN1 : 68.4493781 (0.14)%
  GbB1bN4wC1wN1_QqN2hN1 : 67.4150078 (0.14)%
  GbB1bN4hN2hN1_QqC1wN1 : 66.4281519 (0.14)%
      C2hC1wN1_C2wN2hN1 : 66.3528834 (0.14)%
  GbB2tC2hC1wN1_QqN2hN1 : 66.3270064 (0.14)%
         C2wN1_N4wC1wN1 : 65.9258057 (0.14)%
         C2wN1_N3wC1wN1 : 65.1824301 (0.14)%
  GtT1tN4wC1wN1_QqN2hN1 : 64.0882839 (0.13)%
   QqC1wN1_QqGtT1bC2wN1 : 64.0069809 (0.13)%
  GtT1tN4hN2hN1_QqC1wN1 : 63.1501262 (0.13)%
      C2wN2hN1_C2zC1wN1 : 62.7440224 (0.13)%
  GbB2tC2zC1wN1_QqN2hN1 : 62.7195528 (0.13)%
QqGbB1tC2hC1wN1_QqN2hN1 : 60.9892972 (0.13)%
        GtT1tN1_QqC1wN1 : 60.0568037 (0.13)%
      C2hC1wN1_N4hN2hN1 : 57.8808831 (0.12)%
QqGbB1tC2zC1wN1_QqN2hN1 : 57.6721558 (0.12)%
QqGtT1bC2hC1wN1_QqN2hN1 : 57.0310627 (0.12)%
QqC1wN1_QqGbB2bN4wC1wN1 : 57.0037274 (0.12)%
  GbB2tC2wN2hN1_QqN2hN1 : 56.5811893 (0.12)%
QqC1wN1_QqGbB2bN3wC1wN1 : 55.5722932 (0.12)%
   QqC1wN1_QqGtT1tN3zN1 : 55.4840420 (0.12)%
      C2zC1wN1_N4hN2hN1 : 54.7328049 (0.11)%
   QqGtT1tN2hN1_QqN2hN1 : 54.4224446 (0.11)%
     GbB1tC2wN1_QqN2hN1 : 53.9945974 (0.11)%
QqGtT1bC2zC1wN1_QqN2hN1 : 53.9292054 (0.11)%
      C2hC1wN1_N3zN2hN1 : 52.9620308 (0.11)%
      N3wC1wN1_N4hN2hN1 : 52.6797593 (0.11)%
QqGbB1tC2wN2hN1_QqN2hN1 : 52.0277811 (0.11)%
     QqC1wN1_QqC2hC1wN1 : 51.8284406 (0.11)%
     GtT1bC2wN1_QqN2hN1 : 50.4903223 (0.11)%
      C2zC1wN1_N3zN2hN1 : 50.0814837 (0.11)%
      C2wN2hN1_N4hN2hN1 : 49.3761045 (0.10)%
     QqC1wN1_QqC2zC1wN1 : 49.0095483 (0.10)%
      N3zN2hN1_N4wC1wN1 : 48.7526426 (0.10)%
QqGtT1bC2wN2hN1_QqN2hN1 : 48.6511533 (0.10)%
GtT1bC1wN1_QqGtT1bC1wN1 : 47.2752878 (0.10)%
------------------------------------------------------------
                                      SUM=67.90%

SHOWING PROCESSES TO GET 90.00% SUSY COVERAGE
---------------  Output inclusive processes  ---------------
The total xsec = 47658.64 [fb]
The total rate = 100.00%
                          Modes : xsec/fb      (rate)
                    C1wN1_N2hN1 : 9092.2351873 (19.08)%
                    C1wN1_C1wN1 : 5191.1363248 (10.89)%
                QqC1wN1_QqC1wN1 : 1938.8340245 (4.07)%
                QqC1wN1_QqN2hN1 : 1704.3477613 (3.58)%
                    C1wN1_N2zN1 : 1342.9203473 (2.82)%
             GtT1bC1wN1_QqC1wN1 : 573.5866197 (1.20)%
          GtT1tN3wC1wN1_QqC1wN1 : 407.5440841 (0.86)%
             GbB1tC1wN1_QqC1wN1 : 380.9720021 (0.80)%
                QqN2hN1_QqN2hN1 : 374.5551779 (0.79)%
           QqC1wN1_QqGtT1bC1wN1 : 319.5992842 (0.67)%
             GtT1bC1wN1_QqN2hN1 : 252.1079832 (0.53)%
                QqC1wN1_QqN2zN1 : 251.7316414 (0.53)%
          GbB1tC2hC1wN1_QqC1wN1 : 249.0343510 (0.52)%
          GbB1tC2zC1wN1_QqC1wN1 : 235.4896441 (0.49)%
          GtT1bC2hC1wN1_QqC1wN1 : 232.8719029 (0.49)%
        QqC1wN1_QqGtT1tN3wC1wN1 : 227.0813040 (0.48)%
             GtT1tN2hN1_QqC1wN1 : 222.2202714 (0.47)%
          GtT1bC2zC1wN1_QqC1wN1 : 220.2062539 (0.46)%
          GbB1tC2wN2hN1_QqC1wN1 : 212.4422691 (0.45)%
           QqC1wN1_QqGbB1tC1wN1 : 212.2754873 (0.45)%
          GtT1bC2wN2hN1_QqC1wN1 : 198.6546646 (0.42)%
          GbB1bN3wC1wN1_QqC1wN1 : 186.5542191 (0.39)%
             GbB1bN2hN1_QqC1wN1 : 186.4734150 (0.39)%
          GtT1tN3wC1wN1_QqN2hN1 : 179.1274649 (0.38)%
             GbB1tC1wN1_QqN2hN1 : 167.4482629 (0.35)%
          GtT1tN3zN2hN1_QqC1wN1 : 163.3473674 (0.34)%
          GbB1bN4wC1wN1_QqC1wN1 : 153.3800952 (0.32)%
          GbB2tC2hC1wN1_QqC1wN1 : 150.9047152 (0.32)%
          GtT1tN4wC1wN1_QqC1wN1 : 145.8112578 (0.31)%
          GbB2tC2zC1wN1_QqC1wN1 : 142.6971723 (0.30)%
           QqGtT1bC1wN1_QqN2hN1 : 140.4731704 (0.29)%
        QqC1wN1_QqGbB1tC2hC1wN1 : 138.7605596 (0.29)%
              C2hC1wN1_N4wC1wN1 : 133.6447742 (0.28)%
              C2hC1wN1_N3wC1wN1 : 132.1378035 (0.28)%
        QqC1wN1_QqGbB1tC2zC1wN1 : 131.2135240 (0.28)%
        QqC1wN1_QqGtT1bC2hC1wN1 : 129.7549331 (0.27)%
          GbB2tC2wN2hN1_QqC1wN1 : 128.7313979 (0.27)%
              C2zC1wN1_N4wC1wN1 : 126.3759806 (0.27)%
              C2zC1wN1_N3wC1wN1 : 124.9509724 (0.26)%
           QqC1wN1_QqGtT1tN2hN1 : 123.8199031 (0.26)%
             GbB1tC2wN1_QqC1wN1 : 122.8464811 (0.26)%
        QqC1wN1_QqGtT1bC2zC1wN1 : 122.6977037 (0.26)%
              N3wC1wN1_N4wC1wN1 : 121.6355757 (0.26)%
        QqC1wN1_QqGbB1tC2wN2hN1 : 118.3716545 (0.25)%
             GtT1bC2wN1_QqC1wN1 : 114.8736859 (0.24)%
              C2wN2hN1_N4wC1wN1 : 114.0075615 (0.24)%
              C2wN2hN1_N3wC1wN1 : 112.7220189 (0.24)%
        QqC1wN1_QqGtT1bC2wN2hN1 : 110.6892776 (0.23)%
                QqN2hN1_QqN2zN1 : 110.6433697 (0.23)%
          GbB1tC2hC1wN1_QqN2hN1 : 109.4578322 (0.23)%
        QqC1wN1_QqGbB1bN3wC1wN1 : 103.9469765 (0.22)%
           QqC1wN1_QqGbB1bN2hN1 : 103.9019529 (0.22)%
          GbB1tC2zC1wN1_QqN2hN1 : 103.5045400 (0.22)%
                          N1_N1 : 102.7609706 (0.22)%
          GtT1bC2hC1wN1_QqN2hN1 : 102.3539667 (0.21)%
          GbB2bN4wC1wN1_QqC1wN1 : 102.3049079 (0.21)%
        QqGtT1tN3wC1wN1_QqN2hN1 : 99.8088303 (0.21)%
          GbB2bN3wC1wN1_QqC1wN1 : 99.7359049 (0.21)%
             GtT1tN3zN1_QqC1wN1 : 99.5775199 (0.21)%
             GtT1tN2hN1_QqN2hN1 : 97.6722652 (0.20)%
          GtT1bC2zC1wN1_QqN2hN1 : 96.7870460 (0.20)%
          GbB1tC2wN2hN1_QqN2hN1 : 93.3745492 (0.20)%
           QqGbB1tC1wN1_QqN2hN1 : 93.3012437 (0.20)%
        QqC1wN1_QqGtT1tN3zN2hN1 : 91.0162474 (0.19)%
                   QqC1wN1_QqN1 : 90.0230542 (0.19)%
          GtT1bC2wN2hN1_QqN2hN1 : 87.3144964 (0.18)%
        QqC1wN1_QqGbB1bN4wC1wN1 : 85.4625386 (0.18)%
        QqC1wN1_QqGbB2tC2hC1wN1 : 84.0832706 (0.18)%
          GbB1bN3wC1wN1_QqN2hN1 : 81.9959991 (0.17)%
             GbB1bN2hN1_QqN2hN1 : 81.9604833 (0.17)%
        QqC1wN1_QqGtT1tN4wC1wN1 : 81.2452244 (0.17)%
        QqC1wN1_QqGbB2tC2zC1wN1 : 79.5100732 (0.17)%
                    N2hN1_N2hN1 : 76.1221646 (0.16)%
          GbB1bN3zN2hN1_QqC1wN1 : 74.7726240 (0.16)%
             GbB2tC2wN1_QqC1wN1 : 74.4399846 (0.16)%
              C2hC1wN1_C2zC1wN1 : 73.5513556 (0.15)%
          GtT1tN3zN2hN1_QqN2hN1 : 71.7959135 (0.15)%
        QqC1wN1_QqGbB2tC2wN2hN1 : 71.7284211 (0.15)%
           QqC1wN1_QqGbB1tC2wN1 : 68.4493781 (0.14)%
          GbB1bN4wC1wN1_QqN2hN1 : 67.4150078 (0.14)%
          GbB1bN4hN2hN1_QqC1wN1 : 66.4281519 (0.14)%
              C2hC1wN1_C2wN2hN1 : 66.3528834 (0.14)%
          GbB2tC2hC1wN1_QqN2hN1 : 66.3270064 (0.14)%
                 C2wN1_N4wC1wN1 : 65.9258057 (0.14)%
                 C2wN1_N3wC1wN1 : 65.1824301 (0.14)%
          GtT1tN4wC1wN1_QqN2hN1 : 64.0882839 (0.13)%
           QqC1wN1_QqGtT1bC2wN1 : 64.0069809 (0.13)%
          GtT1tN4hN2hN1_QqC1wN1 : 63.1501262 (0.13)%
              C2wN2hN1_C2zC1wN1 : 62.7440224 (0.13)%
          GbB2tC2zC1wN1_QqN2hN1 : 62.7195528 (0.13)%
        QqGbB1tC2hC1wN1_QqN2hN1 : 60.9892972 (0.13)%
                GtT1tN1_QqC1wN1 : 60.0568037 (0.13)%
              C2hC1wN1_N4hN2hN1 : 57.8808831 (0.12)%
        QqGbB1tC2zC1wN1_QqN2hN1 : 57.6721558 (0.12)%
        QqGtT1bC2hC1wN1_QqN2hN1 : 57.0310627 (0.12)%
        QqC1wN1_QqGbB2bN4wC1wN1 : 57.0037274 (0.12)%
          GbB2tC2wN2hN1_QqN2hN1 : 56.5811893 (0.12)%
        QqC1wN1_QqGbB2bN3wC1wN1 : 55.5722932 (0.12)%
           QqC1wN1_QqGtT1tN3zN1 : 55.4840420 (0.12)%
              C2zC1wN1_N4hN2hN1 : 54.7328049 (0.11)%
           QqGtT1tN2hN1_QqN2hN1 : 54.4224446 (0.11)%
             GbB1tC2wN1_QqN2hN1 : 53.9945974 (0.11)%
        QqGtT1bC2zC1wN1_QqN2hN1 : 53.9292054 (0.11)%
              C2hC1wN1_N3zN2hN1 : 52.9620308 (0.11)%
              N3wC1wN1_N4hN2hN1 : 52.6797593 (0.11)%
        QqGbB1tC2wN2hN1_QqN2hN1 : 52.0277811 (0.11)%
             QqC1wN1_QqC2hC1wN1 : 51.8284406 (0.11)%
             GtT1bC2wN1_QqN2hN1 : 50.4903223 (0.11)%
              C2zC1wN1_N3zN2hN1 : 50.0814837 (0.11)%
              C2wN2hN1_N4hN2hN1 : 49.3761045 (0.10)%
             QqC1wN1_QqC2zC1wN1 : 49.0095483 (0.10)%
              N3zN2hN1_N4wC1wN1 : 48.7526426 (0.10)%
        QqGtT1bC2wN2hN1_QqN2hN1 : 48.6511533 (0.10)%
        GtT1bC1wN1_QqGtT1bC1wN1 : 47.2752878 (0.10)%
                GbB1bN1_QqC1wN1 : 46.2219527 (0.10)%
        QqGbB1bN3wC1wN1_QqN2hN1 : 45.6877160 (0.10)%
           QqGbB1bN2hN1_QqN2hN1 : 45.6679269 (0.10)%
             GbB1bN3zN1_QqC1wN1 : 45.5818332 (0.10)%
              C2wN2hN1_N3zN2hN1 : 45.1800081 (0.09)%
           T1bC1wN1_T1tN3wC1wN1 : 45.0435105 (0.09)%
          GbB2bN4wC1wN1_QqN2hN1 : 44.9659792 (0.09)%
          GbB2bN4hN2hN1_QqC1wN1 : 44.3077438 (0.09)%
             QqC1wN1_QqC2wN2hN1 : 44.2129830 (0.09)%
          GbB2bN3wC1wN1_QqN2hN1 : 43.8368277 (0.09)%
             GtT1tN3zN1_QqN2hN1 : 43.7672129 (0.09)%
                 C1wN1_N3wC1wN1 : 43.2817612 (0.09)%
        QqC1wN1_QqGbB1bN3zN2hN1 : 41.6628915 (0.09)%
           QqC1wN1_QqGbB2tC2wN1 : 41.4775467 (0.09)%
        QqGtT1tN3zN2hN1_QqN2hN1 : 40.0042849 (0.08)%
          GbB2bN3zN2hN1_QqC1wN1 : 39.9750558 (0.08)%
                   QqN1_QqN2hN1 : 39.5677477 (0.08)%
       GtT1bC1wN1_GtT1tN3wC1wN1 : 39.3379728 (0.08)%
              C2hC1wN1_C2hC1wN1 : 38.8909121 (0.08)%
             QqC1wN1_QqN4wC1wN1 : 38.4453132 (0.08)%
                 C2hC1wN1_C2wN1 : 38.3690979 (0.08)%
                       C1wN1_N1 : 37.7651817 (0.08)%
        QqGbB1bN4wC1wN1_QqN2hN1 : 37.5632686 (0.08)%
             GtT1bC1wN1_QqN2zN1 : 37.2362718 (0.08)%
        QqC1wN1_QqGbB1bN4hN2hN1 : 37.0133979 (0.08)%
        QqGbB2tC2hC1wN1_QqN2hN1 : 36.9570402 (0.08)%
          GbB1tC1wN1_GtT1bC1wN1 : 36.7731169 (0.08)%
                 C2wN1_C2zC1wN1 : 36.2822445 (0.08)%
        QqGtT1tN4wC1wN1_QqN2hN1 : 35.7096364 (0.07)%
        QqC1wN1_QqGtT1tN4hN2hN1 : 35.1869002 (0.07)%
        QqGbB2tC2zC1wN1_QqN2hN1 : 34.9469871 (0.07)%
              C2zC1wN1_C2zC1wN1 : 34.7754888 (0.07)%
     GtT1bC1wN1_QqGtT1tN3wC1wN1 : 33.5899814 (0.07)%
     GtT1tN3wC1wN1_QqGtT1bC1wN1 : 33.5899814 (0.07)%
              QqC1wN1_QqGtT1tN1 : 33.4633180 (0.07)%
             GbB1bN4hN1_QqC1wN1 : 33.2301931 (0.07)%
          GbB1bN3zN2hN1_QqN2hN1 : 32.8647405 (0.07)%
             GtT1tN2zN1_QqC1wN1 : 32.8218659 (0.07)%
                 C2wN1_C2wN2hN1 : 32.7313007 (0.07)%
             GbB2tC2wN1_QqN2hN1 : 32.7185359 (0.07)%
                 C2hC1wN1_N3zN1 : 32.2859668 (0.07)%
              T1bC1wN1_T1bC1wN1 : 31.6976199 (0.07)%
             GtT1tN4hN1_QqC1wN1 : 31.5903850 (0.07)%
        QqGbB2tC2wN2hN1_QqN2hN1 : 31.5267249 (0.07)%
        GbB1tC1wN1_QqGtT1bC1wN1 : 31.3998975 (0.07)%
        GtT1bC1wN1_QqGbB1tC1wN1 : 31.3998975 (0.07)%
          GbB1tC2wN2zN1_QqC1wN1 : 31.3776580 (0.07)%
                 C2zC1wN1_N3zN1 : 30.5299682 (0.06)%
           QqGbB1tC2wN1_QqN2hN1 : 30.0854903 (0.06)%
                 N3zN1_N4wC1wN1 : 29.7198989 (0.06)%
          GtT1bC2wN2zN1_QqC1wN1 : 29.3412330 (0.06)%
          GbB1bN4hN2hN1_QqN2hN1 : 29.1971026 (0.06)%
                 C2hC1wN1_N4hN1 : 28.9544850 (0.06)%
                 C2wN1_N4hN2hN1 : 28.5521366 (0.06)%
              C2wN2hN1_C2wN2hN1 : 28.3016320 (0.06)%
           QqGtT1bC2wN1_QqN2hN1 : 28.1329276 (0.06)%
          GtT1tN4hN2hN1_QqN2hN1 : 27.7563151 (0.06)%
          GtT1bC1wN1_GtT1bC1wN1 : 27.6825695 (0.06)%
             GbB1bN2zN1_QqC1wN1 : 27.5420662 (0.06)%
                 C2wN2hN1_N3zN1 : 27.5419998 (0.06)%
                 C2zC1wN1_N4hN1 : 27.3796821 (0.06)%
          GtT1tN3wC1wN1_QqN2zN1 : 26.4570716 (0.06)%
                GtT1tN1_QqN2hN1 : 26.3967100 (0.06)%
                 N3wC1wN1_N4hN1 : 26.3526611 (0.06)%
       GbB1tC1wN1_GtT1tN3wC1wN1 : 26.1279914 (0.05)%
                 C2wN1_N3zN2hN1 : 26.1257095 (0.05)%
              QqC1wN1_QqGbB1bN1 : 25.7546158 (0.05)%
           T1bC1wN1_T1bC2hC1wN1 : 25.7379960 (0.05)%
                QqC1wN1_QqC2wN1 : 25.5665194 (0.05)%
           QqC1wN1_QqGbB1bN3zN1 : 25.3979447 (0.05)%
        QqGbB2bN4wC1wN1_QqN2hN1 : 25.0547943 (0.05)%
             GbB1tC1wN1_QqN2zN1 : 24.7320571 (0.05)%
                 C2wN2hN1_N4hN1 : 24.7000322 (0.05)%
        QqC1wN1_QqGbB2bN4hN2hN1 : 24.6880292 (0.05)%
              T1bC1wN1_T1tN2hN1 : 24.5607323 (0.05)%
        QqGbB2bN3wC1wN1_QqN2hN1 : 24.4256373 (0.05)%
           QqGtT1tN3zN1_QqN2hN1 : 24.3868484 (0.05)%
             GbB2bN3zN1_QqC1wN1 : 24.3690301 (0.05)%
           T1bC1wN1_T1bC2zC1wN1 : 24.3381345 (0.05)%
          GtT1tN3zN2zN1_QqC1wN1 : 24.1263560 (0.05)%
       GbB1tC2hC1wN1_GtT1bC1wN1 : 24.0379063 (0.05)%
  GtT1tN3wC1wN1_QqGtT1tN3wC1wN1 : 23.8663137 (0.05)%
             QqC2hC1wN1_QqN2hN1 : 22.7801054 (0.05)%
       GbB1tC2zC1wN1_GtT1bC1wN1 : 22.7305108 (0.05)%
                    N2hN1_N2zN1 : 22.4864407 (0.05)%
       GtT1bC1wN1_GtT1bC2hC1wN1 : 22.4778348 (0.05)%
             GtT1tN3hN1_QqC1wN1 : 22.4456589 (0.05)%
     GbB1tC1wN1_QqGtT1tN3wC1wN1 : 22.3102179 (0.05)%
     GtT1tN3wC1wN1_QqGbB1tC1wN1 : 22.3102179 (0.05)%
        QqC1wN1_QqGbB2bN3zN2hN1 : 22.2738794 (0.05)%
             GbB2bN4hN1_QqC1wN1 : 22.1646221 (0.05)%
           T1bC1wN1_T1bC2wN2hN1 : 21.9561609 (0.05)%
             QqC2zC1wN1_QqN2hN1 : 21.5411203 (0.05)%
          GtT1bC1wN1_GtT1tN2hN1 : 21.4496918 (0.05)%
       GtT1bC1wN1_GtT1bC2zC1wN1 : 21.2552898 (0.04)%
              N3zN2hN1_N4hN2hN1 : 21.1145256 (0.04)%
        GbB1tC1wN1_QqGbB1tC1wN1 : 20.8555803 (0.04)%
           QqGtT1bC1wN1_QqN2zN1 : 20.7478442 (0.04)%
     GtT1bC1wN1_QqGbB1tC2hC1wN1 : 20.5255322 (0.04)%
     GbB1tC2hC1wN1_QqGtT1bC1wN1 : 20.5255322 (0.04)%
       GbB1tC2wN2hN1_GtT1bC1wN1 : 20.5058754 (0.04)%
                GbB1bN1_QqN2hN1 : 20.3158911 (0.04)%
             GbB1bN3zN1_QqN2hN1 : 20.0345399 (0.04)%
          GbB2bN4hN2hN1_QqN2hN1 : 19.4745406 (0.04)%
             QqC2wN2hN1_QqN2hN1 : 19.4328905 (0.04)%
     GtT1bC1wN1_QqGbB1tC2zC1wN1 : 19.4091709 (0.04)%
     GbB1tC2zC1wN1_QqGtT1bC1wN1 : 19.4091709 (0.04)%
     GtT1bC2hC1wN1_QqGtT1bC1wN1 : 19.1934154 (0.04)%
     GtT1bC1wN1_QqGtT1bC2hC1wN1 : 19.1934154 (0.04)%
       GtT1bC1wN1_GtT1bC2wN2hN1 : 19.1750343 (0.04)%
          GbB2tC2wN2zN1_QqC1wN1 : 19.0135880 (0.04)%
   QqGtT1bC1wN1_QqGtT1tN3wC1wN1 : 18.7161514 (0.04)%
           QqC1wN1_QqGbB1bN4hN1 : 18.5156794 (0.04)%
        GtT1tN2hN1_QqGtT1bC1wN1 : 18.3155027 (0.04)%
        GtT1bC1wN1_QqGtT1tN2hN1 : 18.3155027 (0.04)%
        QqGbB1bN3zN2hN1_QqN2hN1 : 18.3120512 (0.04)%
           QqC1wN1_QqGtT1tN2zN1 : 18.2881617 (0.04)%
        T1bC2hC1wN1_T1tN3wC1wN1 : 18.2873304 (0.04)%
           QqGbB2tC2wN1_QqN2hN1 : 18.2305868 (0.04)%
     GtT1bC1wN1_QqGtT1bC2zC1wN1 : 18.1495064 (0.04)%
     GtT1bC2zC1wN1_QqGtT1bC1wN1 : 18.1495064 (0.04)%
           T1bC1wN1_T1tN3zN2hN1 : 18.0538478 (0.04)%
       GbB1bN3wC1wN1_GtT1bC1wN1 : 18.0070453 (0.04)%
          GbB1bN2hN1_GtT1bC1wN1 : 17.9992458 (0.04)%
                 N2hN1_N3wC1wN1 : 17.7812346 (0.04)%
           QqC1wN1_QqGtT1tN4hN1 : 17.6019874 (0.04)%
          GbB2bN3zN2hN1_QqN2hN1 : 17.5701984 (0.04)%
     GbB1tC2wN2hN1_QqGtT1bC1wN1 : 17.5095950 (0.04)%
     GtT1bC1wN1_QqGbB1tC2wN2hN1 : 17.5095950 (0.04)%
      QqGbB1tC1wN1_QqGtT1bC1wN1 : 17.4958488 (0.04)%
        QqC1wN1_QqGbB1tC2wN2zN1 : 17.4834570 (0.04)%
           T1tN2hN1_T1tN3wC1wN1 : 17.4508623 (0.04)%
                 C1wN1_N3zN2hN1 : 17.3477227 (0.04)%
        T1bC2zC1wN1_T1tN3wC1wN1 : 17.2927024 (0.04)%
    GbB1tC2hC1wN1_GtT1tN3wC1wN1 : 17.0793847 (0.04)%
             QqN2hN1_QqN4wC1wN1 : 16.8978321 (0.04)%
              C2wN2zN1_N4wC1wN1 : 16.8388819 (0.04)%
             QqC1wN1_QqN4hN2hN1 : 16.6504728 (0.03)%
              C2wN2zN1_N3wC1wN1 : 16.6490076 (0.03)%
     GtT1bC2wN2hN1_QqGtT1bC1wN1 : 16.3732140 (0.03)%
     GtT1bC1wN1_QqGtT1bC2wN2hN1 : 16.3732140 (0.03)%
        QqC1wN1_QqGtT1bC2wN2zN1 : 16.3487723 (0.03)%
        QqGbB1bN4hN2hN1_QqN2hN1 : 16.2684637 (0.03)%
          GbB1tC2hC1wN1_QqN2zN1 : 16.1668882 (0.03)%
    GbB1tC2zC1wN1_GtT1tN3wC1wN1 : 16.1504556 (0.03)%
           T1bC1wN1_T1tN4wC1wN1 : 16.1156822 (0.03)%
        T1tN3wC1wN1_T1tN3wC1wN1 : 16.0021308 (0.03)%
    GtT1bC2hC1wN1_GtT1tN3wC1wN1 : 15.9709245 (0.03)%
       GbB1tC1wN1_GbB1tC2hC1wN1 : 15.9658001 (0.03)%
                    C2wN1_N3zN1 : 15.9263868 (0.03)%
       GtT1bC1wN1_GtT1tN3zN2hN1 : 15.7670165 (0.03)%
        T1bC2wN2hN1_T1tN3wC1wN1 : 15.6002654 (0.03)%
        QqGtT1tN4hN2hN1_QqN2hN1 : 15.4656649 (0.03)%
     GtT1bC1wN1_QqGbB1bN3wC1wN1 : 15.3758894 (0.03)%
     GbB1bN3wC1wN1_QqGtT1bC1wN1 : 15.3758894 (0.03)%
        GbB1bN2hN1_QqGtT1bC1wN1 : 15.3692294 (0.03)%
        GtT1bC1wN1_QqGbB1bN2hN1 : 15.3692294 (0.03)%
           QqC1wN1_QqGbB1bN2zN1 : 15.3462866 (0.03)%
          GbB1tC2zC1wN1_QqN2zN1 : 15.2875888 (0.03)%
             GbB2tC1wN1_QqC1wN1 : 15.2735951 (0.03)%
       GtT1tN2hN1_GtT1tN3wC1wN1 : 15.2404095 (0.03)%
          GtT1bC2hC1wN1_QqN2zN1 : 15.1176495 (0.03)%
    GtT1bC2zC1wN1_GtT1tN3wC1wN1 : 15.1022833 (0.03)%
       GbB1tC1wN1_GbB1tC2zC1wN1 : 15.0974376 (0.03)%
       GbB1tC1wN1_GtT1bC2hC1wN1 : 14.9296121 (0.03)%
       GbB1bN4wC1wN1_GtT1bC1wN1 : 14.8049309 (0.03)%
        QqGtT1tN3wC1wN1_QqN2zN1 : 14.7417336 (0.03)%
              QqGtT1tN1_QqN2hN1 : 14.7081004 (0.03)%
             GbB1bN4hN1_QqN2hN1 : 14.6056353 (0.03)%
  GtT1tN3wC1wN1_QqGbB1tC2hC1wN1 : 14.5837768 (0.03)%
  GbB1tC2hC1wN1_QqGtT1tN3wC1wN1 : 14.5837768 (0.03)%
    GbB1tC2wN2hN1_GtT1tN3wC1wN1 : 14.5698102 (0.03)%
       GbB2tC2hC1wN1_GtT1bC1wN1 : 14.5659962 (0.03)%
             GtT1tN2zN1_QqN2hN1 : 14.4261636 (0.03)%
             GtT1tN2hN1_QqN2zN1 : 14.4261636 (0.03)%
          GtT1bC2zC1wN1_QqN2zN1 : 14.2954170 (0.03)%
                    C2wN1_N4hN1 : 14.2829958 (0.03)%
          GbB1tC1wN1_GtT1tN2hN1 : 14.2467271 (0.03)%
       GbB1tC1wN1_GtT1bC2zC1wN1 : 14.1176067 (0.03)%
       GtT1bC1wN1_GtT1tN4wC1wN1 : 14.0743530 (0.03)%
    GtT1tN3wC1wN1_GtT1tN3wC1wN1 : 13.9751849 (0.03)%
             GtT1tN4hN1_QqN2hN1 : 13.8848920 (0.03)%
          GbB1tC2wN2zN1_QqN2hN1 : 13.7913923 (0.03)%
          GbB1tC2wN2hN1_QqN2zN1 : 13.7913923 (0.03)%
  GbB1tC2zC1wN1_QqGtT1tN3wC1wN1 : 13.7905810 (0.03)%
  GtT1tN3wC1wN1_QqGbB1tC2zC1wN1 : 13.7905810 (0.03)%
           QqGbB1tC1wN1_QqN2zN1 : 13.7805651 (0.03)%
       GbB2tC2zC1wN1_GtT1bC1wN1 : 13.7737676 (0.03)%
  GtT1tN3wC1wN1_QqGtT1bC2hC1wN1 : 13.6372827 (0.03)%
  GtT1bC2hC1wN1_QqGtT1tN3wC1wN1 : 13.6372827 (0.03)%
     GbB1tC1wN1_QqGbB1tC2hC1wN1 : 13.6329071 (0.03)%
     GbB1tC2hC1wN1_QqGbB1tC1wN1 : 13.6329071 (0.03)%
    GtT1bC2wN2hN1_GtT1tN3wC1wN1 : 13.6242226 (0.03)%
       GbB1tC1wN1_GbB1tC2wN2hN1 : 13.6198512 (0.03)%
           QqC1wN1_QqGbB2bN3zN1 : 13.5782885 (0.03)%
     GtT1tN3zN2hN1_QqGtT1bC1wN1 : 13.4631694 (0.03)%
     GtT1bC1wN1_QqGtT1tN3zN2hN1 : 13.4631694 (0.03)%
        QqC1wN1_QqGtT1tN3zN2zN1 : 13.4430718 (0.03)%
                GtT1bC1wN1_QqN1 : 13.3162557 (0.03)%
      QqGtT1bC1wN1_QqGtT1bC1wN1 : 13.1707641 (0.03)%
     GtT1tN2hN1_QqGtT1tN3wC1wN1 : 13.0135092 (0.03)%
     GtT1tN3wC1wN1_QqGtT1tN2hN1 : 13.0135092 (0.03)%
          GtT1bC2wN2zN1_QqN2hN1 : 12.8963243 (0.03)%
          GtT1bC2wN2hN1_QqN2zN1 : 12.8963243 (0.03)%
  GtT1bC2zC1wN1_QqGtT1tN3wC1wN1 : 12.8955658 (0.03)%
  GtT1tN3wC1wN1_QqGtT1bC2zC1wN1 : 12.8955658 (0.03)%
     GbB1tC1wN1_QqGbB1tC2zC1wN1 : 12.8914281 (0.03)%
     GbB1tC2zC1wN1_QqGbB1tC1wN1 : 12.8914281 (0.03)%
                 N3zN1_N4hN2hN1 : 12.8715395 (0.03)%
        T1tN3wC1wN1_T1tN3zN2hN1 : 12.8275985 (0.03)%
    GbB1bN3wC1wN1_GtT1tN3wC1wN1 : 12.7943445 (0.03)%
       GbB1bN2hN1_GtT1tN3wC1wN1 : 12.7888027 (0.03)%
     GbB1tC1wN1_QqGtT1bC2hC1wN1 : 12.7481249 (0.03)%
     GtT1bC2hC1wN1_QqGbB1tC1wN1 : 12.7481249 (0.03)%
       GbB1tC1wN1_GtT1bC2wN2hN1 : 12.7359164 (0.03)%
              T1bC1wN1_T1bC2wN1 : 12.6963298 (0.03)%
     GbB1bN4wC1wN1_QqGtT1bC1wN1 : 12.6416620 (0.03)%
     GtT1bC1wN1_QqGbB1bN4wC1wN1 : 12.6416620 (0.03)%
           QqC1wN1_QqGtT1tN3hN1 : 12.5065967 (0.03)%
  GbB1tC2wN2hN1_QqGtT1tN3wC1wN1 : 12.4408967 (0.03)%
  GtT1tN3wC1wN1_QqGbB1tC2wN2hN1 : 12.4408967 (0.03)%
     GtT1bC1wN1_QqGbB2tC2hC1wN1 : 12.4376399 (0.03)%
     GbB2tC2hC1wN1_QqGtT1bC1wN1 : 12.4376399 (0.03)%
   QqGbB1tC1wN1_QqGtT1tN3wC1wN1 : 12.4311297 (0.03)%
       GbB2tC2wN2hN1_GtT1bC1wN1 : 12.4257287 (0.03)%
           QqC1wN1_QqGbB2bN4hN1 : 12.3500045 (0.03)%
          GbB1tC1wN1_GbB1tC1wN1 : 12.2122165 (0.03)%
        GbB1tC1wN1_QqGtT1tN2hN1 : 12.1650218 (0.03)%
        GtT1tN2hN1_QqGbB1tC1wN1 : 12.1650218 (0.03)%
          GbB1bN3wC1wN1_QqN2zN1 : 12.1107839 (0.03)%
             GbB1bN2zN1_QqN2hN1 : 12.1055382 (0.03)%
             GbB1bN2hN1_QqN2zN1 : 12.1055382 (0.03)%
     GbB1tC1wN1_QqGtT1bC2zC1wN1 : 12.0547683 (0.03)%
     GtT1bC2zC1wN1_QqGbB1tC1wN1 : 12.0547683 (0.03)%
     GtT1bC1wN1_QqGtT1tN4wC1wN1 : 12.0178347 (0.03)%
     GtT1tN4wC1wN1_QqGtT1bC1wN1 : 12.0178347 (0.03)%
       GbB1bN3wC1wN1_GbB1tC1wN1 : 11.9601467 (0.03)%
          GbB1bN2hN1_GbB1tC1wN1 : 11.9549663 (0.03)%
          GbB1tC2wN1_GtT1bC1wN1 : 11.8576903 (0.02)%
     GbB2tC2zC1wN1_QqGtT1bC1wN1 : 11.7611703 (0.02)%
     GtT1bC1wN1_QqGbB2tC2zC1wN1 : 11.7611703 (0.02)%
  GtT1bC2wN2hN1_QqGtT1tN3wC1wN1 : 11.6334765 (0.02)%
  GtT1tN3wC1wN1_QqGtT1bC2wN2hN1 : 11.6334765 (0.02)%
     GbB1tC1wN1_QqGbB1tC2wN2hN1 : 11.6297439 (0.02)%
     GbB1tC2wN2hN1_QqGbB1tC1wN1 : 11.6297439 (0.02)%
        T1tN3wC1wN1_T1tN4wC1wN1 : 11.4504954 (0.02)%
   QqGbB1tC2hC1wN1_QqGtT1bC1wN1 : 11.4367127 (0.02)%
              QqGbB1bN1_QqN2hN1 : 11.3199019 (0.02)%
                       N1_N2hN1 : 11.2662935 (0.02)%
                QqC2wN1_QqN2hN1 : 11.2372280 (0.02)%
    GtT1tN3wC1wN1_GtT1tN3zN2hN1 : 11.2027618 (0.02)%
           QqGbB1bN3zN1_QqN2hN1 : 11.1631346 (0.02)%
          GtT1bC1wN1_GtT1bC2wN1 : 11.0881205 (0.02)%
          GbB1bN3zN2zN1_QqC1wN1 : 11.0438936 (0.02)%
              T1bC1wN1_T1tN3zN1 : 11.0057322 (0.02)%
  GbB1bN3wC1wN1_QqGtT1tN3wC1wN1 : 10.9248587 (0.02)%
  GtT1tN3wC1wN1_QqGbB1bN3wC1wN1 : 10.9248587 (0.02)%
     GbB1bN2hN1_QqGtT1tN3wC1wN1 : 10.9201267 (0.02)%
     GtT1tN3wC1wN1_QqGbB1bN2hN1 : 10.9201267 (0.02)%
     GbB1tC1wN1_QqGtT1bC2wN2hN1 : 10.8749679 (0.02)%
     GtT1bC2wN2hN1_QqGbB1tC1wN1 : 10.8749679 (0.02)%
        QqGbB2bN4hN2hN1_QqN2hN1 : 10.8511061 (0.02)%
   QqGbB1tC2zC1wN1_QqGtT1bC1wN1 : 10.8146824 (0.02)%
             GbB2bN3zN1_QqN2hN1 : 10.7108967 (0.02)%
   QqGtT1bC1wN1_QqGtT1bC2hC1wN1 : 10.6944646 (0.02)%
     GtT1bC1wN1_QqGbB2tC2wN2hN1 : 10.6101043 (0.02)%
     GbB2tC2wN2hN1_QqGtT1bC1wN1 : 10.6101043 (0.02)%
          GtT1tN3zN2zN1_QqN2hN1 : 10.6042344 (0.02)%
          GtT1tN3zN2hN1_QqN2zN1 : 10.6042344 (0.02)%
        QqC1wN1_QqGbB2tC2wN2zN1 : 10.5942658 (0.02)%
                    C1wN1_N3zN1 : 10.5752742 (0.02)%
                 N3zN2hN1_N4hN1 : 10.5623857 (0.02)%
    GbB1bN4wC1wN1_GtT1tN3wC1wN1 : 10.5191819 (0.02)%
       GbB1tC1wN1_GtT1tN3zN2hN1 : 10.4723361 (0.02)%
    GbB2tC2hC1wN1_GtT1tN3wC1wN1 : 10.3494143 (0.02)%
           B1tC1wN1_B1tC2hC1wN1 : 10.2936985 (0.02)%
             GbB1bN3hN1_QqC1wN1 : 10.2745507 (0.02)%
     GbB1tC1wN1_QqGbB1bN3wC1wN1 : 10.2125523 (0.02)%
     GbB1bN3wC1wN1_QqGbB1tC1wN1 : 10.2125523 (0.02)%
        GbB1bN2hN1_QqGbB1tC1wN1 : 10.2081288 (0.02)%
        GbB1tC1wN1_QqGbB1bN2hN1 : 10.2081288 (0.02)%
      QqGtT1bC1wN1_QqGtT1tN2hN1 : 10.2052966 (0.02)%
        GbB1tC2wN1_QqGtT1bC1wN1 : 10.1250666 (0.02)%
        GtT1bC1wN1_QqGbB1tC2wN1 : 10.1250666 (0.02)%
   QqGtT1bC1wN1_QqGtT1bC2zC1wN1 : 10.1128043 (0.02)%
    GtT1tN3wC1wN1_GtT1tN4wC1wN1 : 10.0000926 (0.02)%
           T1bC2hC1wN1_T1tN2hN1 : 9.9714747 (0.02)%
          GbB1bN4wC1wN1_QqN2zN1 : 9.9571760 (0.02)%
        T1bC2hC1wN1_T1bC2zC1wN1 : 9.8811016 (0.02)%
       GbB2bN4wC1wN1_GtT1bC1wN1 : 9.8749260 (0.02)%
    GbB1tC2hC1wN1_GbB1tC2zC1wN1 : 9.8689157 (0.02)%
             GtT1tN3hN1_QqN2hN1 : 9.8655192 (0.02)%
       GbB1bN4wC1wN1_GbB1tC1wN1 : 9.8333259 (0.02)%
          GbB1bN4hN2zN1_QqC1wN1 : 9.8114176 (0.02)%
              C2hC1wN1_C2wN2zN1 : 9.8003005 (0.02)%
          GbB2tC2hC1wN1_QqN2zN1 : 9.7964785 (0.02)%
        QqGbB2bN3zN2hN1_QqN2hN1 : 9.7900171 (0.02)%
    GbB2tC2zC1wN1_GtT1tN3wC1wN1 : 9.7865210 (0.02)%
    GbB1tC2hC1wN1_GtT1bC2hC1wN1 : 9.7592113 (0.02)%
   QqGbB1tC2wN2hN1_QqGtT1bC1wN1 : 9.7562493 (0.02)%
             GbB2bN4hN1_QqN2hN1 : 9.7419953 (0.02)%
           B1tC1wN1_B1tC2zC1wN1 : 9.7338355 (0.02)%
       GbB1tC1wN1_GbB2tC2hC1wN1 : 9.6746272 (0.02)%
       GbB2bN3wC1wN1_GtT1bC1wN1 : 9.6269544 (0.02)%
          GtT1bC1wN1_GtT1tN3zN1 : 9.6116664 (0.02)%
  GtT1tN3zN2hN1_QqGtT1tN3wC1wN1 : 9.5658351 (0.02)%
  GtT1tN3wC1wN1_QqGtT1tN3zN2hN1 : 9.5658351 (0.02)%
        GtT1bC2wN1_QqGtT1bC1wN1 : 9.4679450 (0.02)%
        GtT1bC1wN1_QqGtT1bC2wN1 : 9.4679450 (0.02)%
          GtT1tN4wC1wN1_QqN2zN1 : 9.4658199 (0.02)%
                    C2wN1_C2wN1 : 9.4635713 (0.02)%
             GtT1tN3wC1wN1_QqN1 : 9.4614502 (0.02)%
           T1bC2zC1wN1_T1tN2hN1 : 9.4291371 (0.02)%
       GbB1tC1wN1_GtT1tN4wC1wN1 : 9.3480814 (0.02)%
          GtT1tN4hN2zN1_QqC1wN1 : 9.3272543 (0.02)%
       GbB1tC2hC1wN1_GtT1tN2hN1 : 9.3128220 (0.02)%
              C2wN2zN1_C2zC1wN1 : 9.2672729 (0.02)%
          GbB2tC2zC1wN1_QqN2zN1 : 9.2636587 (0.02)%
    GbB1tC2zC1wN1_GtT1bC2hC1wN1 : 9.2284184 (0.02)%
    GbB1tC2hC1wN1_GtT1bC2zC1wN1 : 9.2284184 (0.02)%
       GbB1tC1wN1_GbB2tC2zC1wN1 : 9.1484348 (0.02)%
   QqGtT1bC1wN1_QqGtT1bC2wN2hN1 : 9.1230640 (0.02)%
           T1bC2wN1_T1tN3wC1wN1 : 9.0209811 (0.02)%
        QqGbB1tC2hC1wN1_QqN2zN1 : 9.0081005 (0.02)%
  GbB1bN4wC1wN1_QqGtT1tN3wC1wN1 : 8.9821386 (0.02)%
  GtT1tN3wC1wN1_QqGbB1bN4wC1wN1 : 8.9821386 (0.02)%
     GbB1tC1wN1_QqGtT1tN3zN2hN1 : 8.9421378 (0.02)%
     GtT1tN3zN2hN1_QqGbB1tC1wN1 : 8.9421378 (0.02)%
        T1bC2hC1wN1_T1bC2wN2hN1 : 8.9140381 (0.02)%
  GbB1tC2hC1wN1_QqGbB1tC2hC1wN1 : 8.9115792 (0.02)%
    GbB1tC2hC1wN1_GbB1tC2wN2hN1 : 8.9030448 (0.02)%
                GbB1tC1wN1_QqN1 : 8.8445588 (0.02)%
  GtT1tN3wC1wN1_QqGbB2tC2hC1wN1 : 8.8371772 (0.02)%
  GbB2tC2hC1wN1_QqGtT1tN3wC1wN1 : 8.8371772 (0.02)%
    GbB2tC2wN2hN1_GtT1tN3wC1wN1 : 8.8287140 (0.02)%
       GbB1tC2zC1wN1_GtT1tN2hN1 : 8.8063077 (0.02)%
           B1tC1wN1_B1tC2wN2hN1 : 8.7811848 (0.02)%
    GbB1tC2zC1wN1_GtT1bC2zC1wN1 : 8.7264948 (0.02)%
       GtT1bC2hC1wN1_GtT1tN2hN1 : 8.7084154 (0.02)%
    GtT1bC2hC1wN1_GtT1bC2zC1wN1 : 8.6294896 (0.02)%
             GbB2bN2hN1_QqC1wN1 : 8.5862420 (0.02)%
   QqGbB1bN3wC1wN1_QqGtT1bC1wN1 : 8.5673603 (0.02)%
        B2tC2hC1wN1_B2tC2zC1wN1 : 8.5666887 (0.02)%
      QqGbB1bN2hN1_QqGtT1bC1wN1 : 8.5636494 (0.02)%
              C2hC1wN1_N4hN2zN1 : 8.5489887 (0.02)%
  GtT1tN4wC1wN1_QqGtT1tN3wC1wN1 : 8.5388976 (0.02)%
  GtT1tN3wC1wN1_QqGtT1tN4wC1wN1 : 8.5388976 (0.02)%
        QqGbB1tC2zC1wN1_QqN2zN1 : 8.5181597 (0.02)%
           QqC1wN1_QqGbB2tC1wN1 : 8.5103625 (0.02)%
           T1bC2wN2hN1_T1tN2hN1 : 8.5063073 (0.02)%
     GtT1bC1wN1_QqGbB2bN4wC1wN1 : 8.4320202 (0.02)%
     GbB2bN4wC1wN1_QqGtT1bC1wN1 : 8.4320202 (0.02)%
        T1bC2wN2hN1_T1bC2zC1wN1 : 8.4292133 (0.02)%
  GbB1tC2zC1wN1_QqGbB1tC2hC1wN1 : 8.4268881 (0.02)%
  GbB1tC2hC1wN1_QqGbB1tC2zC1wN1 : 8.4268881 (0.02)%
       GbB1tC2wN1_GtT1tN3wC1wN1 : 8.4251120 (0.02)%
        QqGtT1bC2hC1wN1_QqN2zN1 : 8.4234705 (0.02)%
    GbB1tC2wN2hN1_GbB1tC2zC1wN1 : 8.4188179 (0.02)%
     GbB1tC1wN1_QqGbB1bN4wC1wN1 : 8.3964986 (0.02)%
     GbB1bN4wC1wN1_QqGbB1tC1wN1 : 8.3964986 (0.02)%
              C2wN2hN1_C2wN2zN1 : 8.3602847 (0.02)%
          GbB2tC2wN2zN1_QqN2hN1 : 8.3570243 (0.02)%
          GbB2tC2wN2hN1_QqN2zN1 : 8.3570243 (0.02)%
  GbB2tC2zC1wN1_QqGtT1tN3wC1wN1 : 8.3565327 (0.02)%
  GtT1tN3wC1wN1_QqGbB2tC2zC1wN1 : 8.3565327 (0.02)%
  GbB1tC2hC1wN1_QqGtT1bC2hC1wN1 : 8.3332135 (0.02)%
  GtT1bC2hC1wN1_QqGbB1tC2hC1wN1 : 8.3332135 (0.02)%
                QqC1wN1_QqN4hN1 : 8.3292762 (0.02)%
    GbB1tC2wN2hN1_GtT1bC2hC1wN1 : 8.3252329 (0.02)%
    GbB1tC2hC1wN1_GtT1bC2wN2hN1 : 8.3252329 (0.02)%
     GbB1tC1wN1_QqGbB2tC2hC1wN1 : 8.2609887 (0.02)%
     GbB2tC2hC1wN1_QqGbB1tC1wN1 : 8.2609887 (0.02)%
       GbB1tC1wN1_GbB2tC2wN2hN1 : 8.2530774 (0.02)%
       GtT1bC2zC1wN1_GtT1tN2hN1 : 8.2347742 (0.02)%
     GbB2bN3wC1wN1_QqGtT1bC1wN1 : 8.2202817 (0.02)%
     GtT1bC1wN1_QqGbB2bN3wC1wN1 : 8.2202817 (0.02)%
        GtT1tN3zN1_QqGtT1bC1wN1 : 8.2072276 (0.02)%
        GtT1bC1wN1_QqGtT1tN3zN1 : 8.2072276 (0.02)%
                QqN2zN1_QqN2zN1 : 8.1709959 (0.02)%
             GbB1bN4zN1_QqC1wN1 : 8.1504551 (0.02)%
           QqGbB1bN4hN1_QqN2hN1 : 8.1381790 (0.02)%
QqGbB1tC2hC1wN1_QqGtT1tN3wC1wN1 : 8.1259995 (0.02)%
              C2zC1wN1_N4hN2zN1 : 8.0840185 (0.02)%
           QqGtT1tN2hN1_QqN2zN1 : 8.0381784 (0.02)%
           QqGtT1tN2zN1_QqN2hN1 : 8.0381784 (0.02)%
     GbB1tC1wN1_QqGtT1tN4wC1wN1 : 7.9821572 (0.02)%
     GtT1tN4wC1wN1_QqGbB1tC1wN1 : 7.9821572 (0.02)%
             GbB1tC2wN1_QqN2zN1 : 7.9749855 (0.02)%
  GbB1tC2zC1wN1_QqGbB1tC2zC1wN1 : 7.9685589 (0.02)%
        QqGtT1bC2zC1wN1_QqN2zN1 : 7.9653271 (0.02)%
     GtT1tN2hN1_QqGbB1tC2hC1wN1 : 7.9520497 (0.02)%
     GbB1tC2hC1wN1_QqGtT1tN2hN1 : 7.9520497 (0.02)%
       GbB1tC2wN2hN1_GtT1tN2hN1 : 7.9444343 (0.02)%
  GbB1tC2zC1wN1_QqGtT1bC2hC1wN1 : 7.8799791 (0.02)%
  GbB1tC2hC1wN1_QqGtT1bC2zC1wN1 : 7.8799791 (0.02)%
  GtT1bC2zC1wN1_QqGbB1tC2hC1wN1 : 7.8799791 (0.02)%
  GtT1bC2hC1wN1_QqGbB1tC2zC1wN1 : 7.8799791 (0.02)%
       GtT1bC2wN1_GtT1tN3wC1wN1 : 7.8783182 (0.02)%
          GbB1tC1wN1_GbB1tC2wN1 : 7.8757904 (0.02)%
              B1tC1wN1_B1tC1wN1 : 7.8736345 (0.02)%
    GbB1tC2wN2hN1_GtT1bC2zC1wN1 : 7.8724326 (0.02)%
    GbB1tC2zC1wN1_GtT1bC2wN2hN1 : 7.8724326 (0.02)%
              C2hC1wN1_N3zN2zN1 : 7.8224757 (0.02)%
           T1tN3wC1wN1_T1tN3zN1 : 7.8197798 (0.02)%
    GbB1bN3wC1wN1_GbB1tC2hC1wN1 : 7.8181267 (0.02)%
       GbB1bN2hN1_GbB1tC2hC1wN1 : 7.8147403 (0.02)%
     GbB1tC1wN1_QqGbB2tC2zC1wN1 : 7.8116825 (0.02)%
     GbB2tC2zC1wN1_QqGbB1tC1wN1 : 7.8116825 (0.02)%
  GtT1bC2hC1wN1_QqGtT1bC2hC1wN1 : 7.7923839 (0.02)%
    GtT1bC2hC1wN1_GtT1bC2wN2hN1 : 7.7849214 (0.02)%
              N3wC1wN1_N4hN2zN1 : 7.7807843 (0.02)%
             GtT1tN4zN1_QqC1wN1 : 7.7482551 (0.02)%
           QqGtT1tN4hN1_QqN2hN1 : 7.7365848 (0.02)%
        B2tC2hC1wN1_B2tC2wN2hN1 : 7.7282668 (0.02)%
           B1bN3wC1wN1_B1tC1wN1 : 7.7111165 (0.02)%
              B1bN2hN1_B1tC1wN1 : 7.7077765 (0.02)%
                 C1wN1_C2hC1wN1 : 7.6845630 (0.02)%
        QqGbB1tC2wN2hN1_QqN2zN1 : 7.6844873 (0.02)%
        QqGbB1tC2wN2zN1_QqN2hN1 : 7.6844873 (0.02)%
QqGbB1tC2zC1wN1_QqGtT1tN3wC1wN1 : 7.6840353 (0.02)%
          GtT1bC1wN1_QqC2hC1wN1 : 7.6664892 (0.02)%
  GbB1tC2wN2hN1_QqGbB1tC2hC1wN1 : 7.6021485 (0.02)%
  GbB1tC2hC1wN1_QqGbB1tC2wN2hN1 : 7.6021485 (0.02)%
QqGtT1bC2hC1wN1_QqGtT1tN3wC1wN1 : 7.5986183 (0.02)%
   QqGbB1tC1wN1_QqGbB1tC2hC1wN1 : 7.5961802 (0.02)%
  GtT1tN3wC1wN1_QqGbB2tC2wN2hN1 : 7.5386787 (0.02)%
  GbB2tC2wN2hN1_QqGtT1tN3wC1wN1 : 7.5386787 (0.02)%
     GtT1tN2hN1_QqGbB1tC2zC1wN1 : 7.5195464 (0.02)%
     GbB1tC2zC1wN1_QqGtT1tN2hN1 : 7.5195464 (0.02)%
   QqGtT1bC1wN1_QqGtT1tN3zN2hN1 : 7.5016033 (0.02)%
        T2bC2hC1wN1_T2tN4wC1wN1 : 7.4922541 (0.02)%
             GtT1bC2wN1_QqN2zN1 : 7.4574051 (0.02)%
  GbB1tC2zC1wN1_QqGtT1bC2zC1wN1 : 7.4513956 (0.02)%
  GtT1bC2zC1wN1_QqGbB1tC2zC1wN1 : 7.4513956 (0.02)%
     GtT1tN2hN1_QqGtT1bC2hC1wN1 : 7.4359579 (0.02)%
     GtT1bC2hC1wN1_QqGtT1tN2hN1 : 7.4359579 (0.02)%
       GtT1bC2wN2hN1_GtT1tN2hN1 : 7.4288367 (0.02)%
              QqGtT1bC1wN1_QqN1 : 7.4197439 (0.02)%
              C2zC1wN1_N3zN2zN1 : 7.3970198 (0.02)%
    GbB1bN3wC1wN1_GbB1tC2zC1wN1 : 7.3929073 (0.02)%
       GbB1bN2hN1_GbB1tC2zC1wN1 : 7.3897051 (0.02)%
  GtT1bC2zC1wN1_QqGtT1bC2hC1wN1 : 7.3685647 (0.02)%
  GtT1bC2hC1wN1_QqGtT1bC2zC1wN1 : 7.3685647 (0.02)%
          GbB1tC1wN1_GtT1bC2wN1 : 7.3646479 (0.02)%
    GtT1bC2wN2hN1_GtT1bC2zC1wN1 : 7.3615080 (0.02)%
        T1bC2hC1wN1_T1tN3zN2hN1 : 7.3297280 (0.02)%
             QqN2hN1_QqN4hN2hN1 : 7.3183665 (0.02)%
    GbB1bN3wC1wN1_GtT1bC2hC1wN1 : 7.3107265 (0.02)%
        B2tC2wN2hN1_B2tC2zC1wN1 : 7.3079348 (0.02)%
       GbB1bN2hN1_GtT1bC2hC1wN1 : 7.3075600 (0.02)%
              C2wN2zN1_N4hN2hN1 : 7.2928355 (0.02)%
              C2wN2hN1_N4hN2zN1 : 7.2928355 (0.02)%
                 C2hC1wN1_N3hN1 : 7.2775442 (0.02)%
                 C1wN1_C2zC1wN1 : 7.2666080 (0.02)%
   QqGtT1tN2hN1_QqGtT1tN3wC1wN1 : 7.2510552 (0.02)%
          GtT1bC1wN1_QqC2zC1wN1 : 7.2495172 (0.02)%
       GbB1bN3zN2hN1_GtT1bC1wN1 : 7.2173872 (0.02)%
              N3zN2zN1_N4wC1wN1 : 7.2007504 (0.02)%
     GtT1tN3wC1wN1_QqGbB1tC2wN1 : 7.1940503 (0.02)%
     GbB1tC2wN1_QqGtT1tN3wC1wN1 : 7.1940503 (0.02)%
  GbB1tC2zC1wN1_QqGbB1tC2wN2hN1 : 7.1886759 (0.02)%
  GbB1tC2wN2hN1_QqGbB1tC2zC1wN1 : 7.1886759 (0.02)%
        QqGtT1bC2wN2zN1_QqN2hN1 : 7.1857604 (0.02)%
        QqGtT1bC2wN2hN1_QqN2zN1 : 7.1857604 (0.02)%
QqGtT1bC2zC1wN1_QqGtT1tN3wC1wN1 : 7.1853377 (0.02)%
          GbB2tC2wN1_GtT1bC1wN1 : 7.1852793 (0.02)%
   QqGbB1tC1wN1_QqGbB1tC2zC1wN1 : 7.1830323 (0.02)%
        T2tN3wC1wN1_T2tN4wC1wN1 : 7.1355253 (0.01)%
                 N2hN1_N3zN2hN1 : 7.1268802 (0.01)%
  GbB1tC2wN2hN1_QqGtT1bC2hC1wN1 : 7.1087654 (0.01)%
  GbB1tC2hC1wN1_QqGtT1bC2wN2hN1 : 7.1087654 (0.01)%
  GtT1bC2wN2hN1_QqGbB1tC2hC1wN1 : 7.1087654 (0.01)%
  GtT1bC2hC1wN1_QqGbB1tC2wN2hN1 : 7.1087654 (0.01)%
   QqGbB1tC1wN1_QqGtT1bC2hC1wN1 : 7.1031845 (0.01)%
    GbB1tC2wN2hN1_GtT1bC2wN2hN1 : 7.1019575 (0.01)%
                 C2hC1wN1_N4zN1 : 7.1017411 (0.01)%
        GtT1tN2hN1_QqGtT1tN2hN1 : 7.0958350 (0.01)%
        T2bC2zC1wN1_T2tN4wC1wN1 : 7.0847585 (0.01)%
     GbB1tC1wN1_QqGbB2tC2wN2hN1 : 7.0471530 (0.01)%
     GbB2tC2wN2hN1_QqGbB1tC1wN1 : 7.0471530 (0.01)%
   QqGbB1bN4wC1wN1_QqGtT1bC1wN1 : 7.0438639 (0.01)%
     GtT1tN2hN1_QqGtT1bC2zC1wN1 : 7.0315243 (0.01)%
     GtT1bC2zC1wN1_QqGtT1tN2hN1 : 7.0315243 (0.01)%
    GbB2bN4wC1wN1_GtT1tN3wC1wN1 : 7.0163207 (0.01)%
          GbB1wT1bC1wN1_QqC1wN1 : 7.0048294 (0.01)%
           T1tN2hN1_T1tN3zN2hN1 : 6.9944640 (0.01)%
           T1bC1wN1_T1tN4hN2hN1 : 6.9796213 (0.01)%
       GbB1bN3wC1wN1_GtT1tN2hN1 : 6.9763317 (0.01)%
          GbB1bN2hN1_GtT1tN2hN1 : 6.9733099 (0.01)%
  GtT1bC2zC1wN1_QqGtT1bC2zC1wN1 : 6.9677965 (0.01)%
QqGbB1tC2wN2hN1_QqGtT1tN3wC1wN1 : 6.9319986 (0.01)%
        T1bC2zC1wN1_T1tN3zN2hN1 : 6.9310721 (0.01)%
   QqGbB2tC2hC1wN1_QqGtT1bC1wN1 : 6.9301840 (0.01)%
    GbB1bN3wC1wN1_GtT1bC2zC1wN1 : 6.9131041 (0.01)%
       GbB1bN2hN1_GtT1bC2zC1wN1 : 6.9101097 (0.01)%
                 C2zC1wN1_N3hN1 : 6.8817265 (0.01)%
    GbB1tC2hC1wN1_GtT1tN3zN2hN1 : 6.8455724 (0.01)%
    GbB2bN3wC1wN1_GtT1tN3wC1wN1 : 6.8401322 (0.01)%
       GtT1tN3wC1wN1_GtT1tN3zN1 : 6.8292698 (0.01)%
     GtT1tN2hN1_QqGbB1tC2wN2hN1 : 6.7836083 (0.01)%
     GbB1tC2wN2hN1_QqGtT1tN2hN1 : 6.7836083 (0.01)%
      QqGbB1tC1wN1_QqGtT1tN2hN1 : 6.7782827 (0.01)%
        QqGbB1bN3wC1wN1_QqN2zN1 : 6.7480616 (0.01)%
           QqGbB1bN2zN1_QqN2hN1 : 6.7451388 (0.01)%
           QqGbB1bN2hN1_QqN2zN1 : 6.7451388 (0.01)%
     GtT1bC2wN1_QqGtT1tN3wC1wN1 : 6.7271530 (0.01)%
     GtT1tN3wC1wN1_QqGtT1bC2wN1 : 6.7271530 (0.01)%
        GbB1tC1wN1_QqGbB1tC2wN1 : 6.7249946 (0.01)%
        GbB1tC2wN1_QqGbB1tC1wN1 : 6.7249946 (0.01)%
  GbB1tC2zC1wN1_QqGtT1bC2wN2hN1 : 6.7221274 (0.01)%
  GbB1tC2wN2hN1_QqGtT1bC2zC1wN1 : 6.7221274 (0.01)%
  GtT1bC2zC1wN1_QqGbB1tC2wN2hN1 : 6.7221274 (0.01)%
  GtT1bC2wN2hN1_QqGbB1tC2zC1wN1 : 6.7221274 (0.01)%
   QqGbB1tC1wN1_QqGtT1bC2zC1wN1 : 6.7168501 (0.01)%
                 C2zC1wN1_N4zN1 : 6.7154852 (0.01)%
             GbB2tC1wN1_QqN2hN1 : 6.7131888 (0.01)%
                 N3hN1_N4wC1wN1 : 6.6991296 (0.01)%
   QqGtT1bC1wN1_QqGtT1tN4wC1wN1 : 6.6962709 (0.01)%
  GbB1bN3wC1wN1_QqGbB1tC2hC1wN1 : 6.6757565 (0.01)%
  GbB1tC2hC1wN1_QqGbB1bN3wC1wN1 : 6.6757565 (0.01)%
              C2wN2zN1_N3zN2hN1 : 6.6730733 (0.01)%
              C2wN2hN1_N3zN2zN1 : 6.6730733 (0.01)%
     GbB1bN2hN1_QqGbB1tC2hC1wN1 : 6.6728650 (0.01)%
     GbB1tC2hC1wN1_QqGbB1bN2hN1 : 6.6728650 (0.01)%
    GbB1bN3wC1wN1_GbB1tC2wN2hN1 : 6.6693633 (0.01)%
       GbB1bN2hN1_GbB1tC2wN2hN1 : 6.6664746 (0.01)%
QqGtT1tN3wC1wN1_QqGtT1tN3wC1wN1 : 6.6490888 (0.01)%
  GtT1bC2wN2hN1_QqGtT1bC2hC1wN1 : 6.6474031 (0.01)%
  GtT1bC2hC1wN1_QqGtT1bC2wN2hN1 : 6.6474031 (0.01)%
          GbB2bN4wC1wN1_QqN2zN1 : 6.6414613 (0.01)%
                 T1bC1wN1_T1tN1 : 6.6377341 (0.01)%
       GbB1tC1wN1_GbB2bN4wC1wN1 : 6.5588530 (0.01)%
                 C1wN1_C2wN2hN1 : 6.5554250 (0.01)%
   QqGbB2tC2zC1wN1_QqGtT1bC1wN1 : 6.5532589 (0.01)%
          GbB2bN4hN2zN1_QqC1wN1 : 6.5442402 (0.01)%
        T1bC2hC1wN1_T1tN4wC1wN1 : 6.5428471 (0.01)%
          GtT1bC1wN1_QqC2wN2hN1 : 6.5400068 (0.01)%
             QqC1wN1_QqC2wN2zN1 : 6.5302440 (0.01)%
  GbB1tC2wN2hN1_QqGbB1tC2wN2hN1 : 6.4851201 (0.01)%
QqGtT1bC2wN2hN1_QqGtT1tN3wC1wN1 : 6.4821086 (0.01)%
   QqGbB1tC1wN1_QqGbB1tC2wN2hN1 : 6.4800288 (0.01)%
          GbB2bN3wC1wN1_QqN2zN1 : 6.4746860 (0.01)%
    GbB1tC2zC1wN1_GtT1tN3zN2hN1 : 6.4732492 (0.01)%
             GtT1tN3zN1_QqN2zN1 : 6.4644039 (0.01)%
                 N3wC1wN1_N4zN1 : 6.4635851 (0.01)%
                    N3zN1_N4hN1 : 6.4388927 (0.01)%
    GbB1bN4wC1wN1_GbB1tC2hC1wN1 : 6.4278633 (0.01)%
       GbB1bN4hN2hN1_GtT1bC1wN1 : 6.4119415 (0.01)%
    GtT1bC2hC1wN1_GtT1tN3zN2hN1 : 6.4012915 (0.01)%
       GbB1tC1wN1_GbB2bN3wC1wN1 : 6.3941521 (0.01)%
        T2bC2wN2hN1_T2tN4wC1wN1 : 6.3913731 (0.01)%
          GbB1tC1wN1_GtT1tN3zN1 : 6.3839979 (0.01)%
        B1tC2hC1wN1_B1tC2zC1wN1 : 6.3628282 (0.01)%
     GtT1tN2hN1_QqGtT1bC2wN2hN1 : 6.3433489 (0.01)%
     GtT1bC2wN2hN1_QqGtT1tN2hN1 : 6.3433489 (0.01)%
           B1bN4wC1wN1_B1tC1wN1 : 6.3398822 (0.01)%
    GbB1tC2hC1wN1_GbB2tC2hC1wN1 : 6.3241249 (0.01)%
  GbB1bN3wC1wN1_QqGbB1tC2zC1wN1 : 6.3126694 (0.01)%
  GbB1tC2zC1wN1_QqGbB1bN3wC1wN1 : 6.3126694 (0.01)%
     GbB1bN2hN1_QqGbB1tC2zC1wN1 : 6.3099351 (0.01)%
     GbB1tC2zC1wN1_QqGbB1bN2hN1 : 6.3099351 (0.01)%
        GbB1tC1wN1_QqGtT1bC2wN1 : 6.2885392 (0.01)%
        GtT1bC2wN1_QqGbB1tC1wN1 : 6.2885392 (0.01)%
  GtT1bC2zC1wN1_QqGtT1bC2wN2hN1 : 6.2858581 (0.01)%
  GtT1bC2wN2hN1_QqGtT1bC2zC1wN1 : 6.2858581 (0.01)%
        T1bC2wN2hN1_T1tN3zN2hN1 : 6.2527279 (0.01)%
        T2tN4wC1wN1_T2tN4wC1wN1 : 6.2501483 (0.01)%
           T1tN2hN1_T1tN4wC1wN1 : 6.2435753 (0.01)%
  GbB1bN3wC1wN1_QqGtT1bC2hC1wN1 : 6.2424968 (0.01)%
  GtT1bC2hC1wN1_QqGbB1bN3wC1wN1 : 6.2424968 (0.01)%
     GbB1bN2hN1_QqGtT1bC2hC1wN1 : 6.2397929 (0.01)%
     GtT1bC2hC1wN1_QqGbB1bN2hN1 : 6.2397929 (0.01)%
    GbB1bN3wC1wN1_GtT1bC2wN2hN1 : 6.2365185 (0.01)%
       GbB1bN2hN1_GtT1bC2wN2hN1 : 6.2338172 (0.01)%
                 C2wN2hN1_N3hN1 : 6.2082118 (0.01)%
        T1bC2zC1wN1_T1tN4wC1wN1 : 6.1869888 (0.01)%
     GtT1bC1wN1_QqGbB1bN3zN2hN1 : 6.1627960 (0.01)%
     GbB1bN3zN2hN1_QqGtT1bC1wN1 : 6.1627960 (0.01)%
        QqC1wN1_QqGbB1bN3zN2zN1 : 6.1535963 (0.01)%
        B2bN4wC1wN1_B2tC2hC1wN1 : 6.1417776 (0.01)%
        GbB2tC2wN1_QqGtT1bC1wN1 : 6.1353797 (0.01)%
        GtT1bC1wN1_QqGbB2tC2wN1 : 6.1353797 (0.01)%
    GbB1tC2hC1wN1_GtT1tN4wC1wN1 : 6.1106679 (0.01)%
       GtT1tN2hN1_GtT1tN3zN2hN1 : 6.1084945 (0.01)%
       GtT1bC1wN1_GtT1tN4hN2hN1 : 6.0955319 (0.01)%
QqGbB1bN3wC1wN1_QqGtT1tN3wC1wN1 : 6.0872707 (0.01)%
   QqGbB1bN2hN1_QqGtT1tN3wC1wN1 : 6.0846340 (0.01)%
    GbB1bN4wC1wN1_GbB1tC2zC1wN1 : 6.0782588 (0.01)%
  GbB1tC2wN2hN1_QqGtT1bC2wN2hN1 : 6.0642327 (0.01)%
  GtT1bC2wN2hN1_QqGbB1tC2wN2hN1 : 6.0642327 (0.01)%
   QqGbB1tC1wN1_QqGtT1bC2wN2hN1 : 6.0594718 (0.01)%
                 C2wN2hN1_N4zN1 : 6.0582405 (0.01)%
    GtT1bC2zC1wN1_GtT1tN3zN2hN1 : 6.0531322 (0.01)%
    GbB1bN4wC1wN1_GtT1bC2hC1wN1 : 6.0106919 (0.01)%
  GtT1tN3wC1wN1_QqGbB2bN4wC1wN1 : 5.9911090 (0.01)%
  GbB2bN4wC1wN1_QqGtT1tN3wC1wN1 : 5.9911090 (0.01)%
        B2bN3wC1wN1_B2tC2hC1wN1 : 5.9875500 (0.01)%
    GbB1tC2hC1wN1_GbB2tC2zC1wN1 : 5.9801626 (0.01)%
    GbB1tC2zC1wN1_GbB2tC2hC1wN1 : 5.9801626 (0.01)%
           QqGbB2bN3zN1_QqN2hN1 : 5.9680523 (0.01)%
     GtT1tN2hN1_QqGbB1bN3wC1wN1 : 5.9569631 (0.01)%
     GbB1bN3wC1wN1_QqGtT1tN2hN1 : 5.9569631 (0.01)%
        GbB1bN2hN1_QqGtT1tN2hN1 : 5.9543829 (0.01)%
        GtT1tN2hN1_QqGbB1bN2hN1 : 5.9543829 (0.01)%
    GbB2tC2hC1wN1_GtT1bC2hC1wN1 : 5.9136862 (0.01)%
   QqGbB2tC2wN2hN1_QqGtT1bC1wN1 : 5.9118913 (0.01)%
        QqGtT1tN3zN2zN1_QqN2hN1 : 5.9086206 (0.01)%
        QqGtT1tN3zN2hN1_QqN2zN1 : 5.9086206 (0.01)%
          GbB2bN3zN2zN1_QqC1wN1 : 5.9043035 (0.01)%
  GbB1bN3wC1wN1_QqGtT1bC2zC1wN1 : 5.9029742 (0.01)%
  GtT1bC2zC1wN1_QqGbB1bN3wC1wN1 : 5.9029742 (0.01)%
     GbB1bN2hN1_QqGtT1bC2zC1wN1 : 5.9004173 (0.01)%
     GtT1bC2zC1wN1_QqGbB1bN2hN1 : 5.9004173 (0.01)%
       GbB1bN2hN1_GbB1bN3wC1wN1 : 5.8541031 (0.01)%
  GbB1tC2hC1wN1_QqGtT1tN3zN2hN1 : 5.8453101 (0.01)%
  GtT1tN3zN2hN1_QqGbB1tC2hC1wN1 : 5.8453101 (0.01)%
                   QqN1_QqN2zN1 : 5.8441442 (0.01)%
  GbB2bN3wC1wN1_QqGtT1tN3wC1wN1 : 5.8406648 (0.01)%
  GtT1tN3wC1wN1_QqGbB2bN3wC1wN1 : 5.8406648 (0.01)%
    GbB1tC2wN2hN1_GtT1tN3zN2hN1 : 5.8397122 (0.01)%
     GtT1tN3zN1_QqGtT1tN3wC1wN1 : 5.8313896 (0.01)%
     GtT1tN3wC1wN1_QqGtT1tN3zN1 : 5.8313896 (0.01)%
      QqGbB1tC1wN1_QqGbB1tC1wN1 : 5.8103069 (0.01)%
        B2bN4wC1wN1_B2tC2zC1wN1 : 5.8077331 (0.01)%
             GtT1bC1wN1_GtT1tN1 : 5.7969506 (0.01)%
             GbB1tC2hC1wN1_QqN1 : 5.7815245 (0.01)%
    GbB1tC2zC1wN1_GtT1tN4wC1wN1 : 5.7783154 (0.01)%
        B1tC2hC1wN1_B1tC2wN2hN1 : 5.7400981 (0.01)%
       GbB1bN4wC1wN1_GtT1tN2hN1 : 5.7357610 (0.01)%
           QqC1wN1_QqGbB1bN3hN1 : 5.7249227 (0.01)%
    GtT1bC2hC1wN1_GtT1tN4wC1wN1 : 5.7140827 (0.01)%
  GbB1bN3wC1wN1_QqGbB1tC2wN2hN1 : 5.6948484 (0.01)%
  GbB1tC2wN2hN1_QqGbB1bN3wC1wN1 : 5.6948484 (0.01)%
     GbB1bN2hN1_QqGbB1tC2wN2hN1 : 5.6923817 (0.01)%
     GbB1tC2wN2hN1_QqGbB1bN2hN1 : 5.6923817 (0.01)%
   QqGbB1bN3wC1wN1_QqGbB1tC1wN1 : 5.6903775 (0.01)%
      QqGbB1bN2hN1_QqGbB1tC1wN1 : 5.6879128 (0.01)%
          GtT1bC1wN1_QqN4wC1wN1 : 5.6868502 (0.01)%
    GbB1bN4wC1wN1_GtT1bC2zC1wN1 : 5.6837769 (0.01)%
  GtT1bC2wN2hN1_QqGtT1bC2wN2hN1 : 5.6706611 (0.01)%
        B2bN3wC1wN1_B2tC2zC1wN1 : 5.6618937 (0.01)%
    GbB1tC2zC1wN1_GbB2tC2zC1wN1 : 5.6549081 (0.01)%
       GbB2tC2hC1wN1_GtT1tN2hN1 : 5.6431924 (0.01)%
      QqGbB1tC2wN1_QqGtT1bC1wN1 : 5.6416310 (0.01)%
     GbB1tC1wN1_QqGbB2bN4wC1wN1 : 5.6004856 (0.01)%
     GbB2bN4wC1wN1_QqGbB1tC1wN1 : 5.6004856 (0.01)%
    GbB2tC2zC1wN1_GtT1bC2hC1wN1 : 5.5920472 (0.01)%
    GbB2tC2hC1wN1_GtT1bC2zC1wN1 : 5.5920472 (0.01)%
        T1bC2wN2hN1_T1tN4wC1wN1 : 5.5814681 (0.01)%
        QqGbB1bN4wC1wN1_QqN2zN1 : 5.5480832 (0.01)%
                    C2hC1wN1_N1 : 5.5378612 (0.01)%
  GbB1tC2zC1wN1_QqGtT1tN3zN2hN1 : 5.5273900 (0.01)%
  GtT1tN3zN2hN1_QqGbB1tC2zC1wN1 : 5.5273900 (0.01)%
           QqGtT1tN3hN1_QqN2hN1 : 5.4970126 (0.01)%
             GbB2bN3hN1_QqC1wN1 : 5.4929962 (0.01)%
  GbB1bN4wC1wN1_QqGbB1tC2hC1wN1 : 5.4886358 (0.01)%
  GbB1tC2hC1wN1_QqGbB1bN4wC1wN1 : 5.4886358 (0.01)%
    GbB1bN4wC1wN1_GbB1tC2wN2hN1 : 5.4833795 (0.01)%
     GbB1bN4hN2hN1_QqGtT1bC1wN1 : 5.4750405 (0.01)%
     GtT1bC1wN1_QqGbB1bN4hN2hN1 : 5.4750405 (0.01)%
             GbB1tC2zC1wN1_QqN1 : 5.4670737 (0.01)%
        QqC1wN1_QqGbB1bN4hN2zN1 : 5.4668675 (0.01)%
  GtT1tN3zN2hN1_QqGtT1bC2hC1wN1 : 5.4659467 (0.01)%
  GtT1bC2hC1wN1_QqGtT1tN3zN2hN1 : 5.4659467 (0.01)%
    GtT1bC2wN2hN1_GtT1tN3zN2hN1 : 5.4607121 (0.01)%
     GbB1tC1wN1_QqGbB2bN3wC1wN1 : 5.4598505 (0.01)%
     GbB2bN3wC1wN1_QqGbB1tC1wN1 : 5.4598505 (0.01)%
        QqGbB2tC2hC1wN1_QqN2zN1 : 5.4585435 (0.01)%
       GtT1tN2hN1_GtT1tN4wC1wN1 : 5.4527188 (0.01)%
        GbB1tC1wN1_QqGtT1tN3zN1 : 5.4511800 (0.01)%
        GtT1tN3zN1_QqGbB1tC1wN1 : 5.4511800 (0.01)%
       GtT1tN3wC1wN1_QqC2hC1wN1 : 5.4471848 (0.01)%
          GtT1tN3hN2hN1_QqC1wN1 : 5.4366950 (0.01)%
             GbB2bN4zN1_QqC1wN1 : 5.4363740 (0.01)%
           QqGbB2bN4hN1_QqN2hN1 : 5.4281858 (0.01)%
        B1tC2wN2hN1_B1tC2zC1wN1 : 5.4279004 (0.01)%
        T2tN4hN2hN1_T2tN4wC1wN1 : 5.4138159 (0.01)%
             GtT1bC2hC1wN1_QqN1 : 5.4063008 (0.01)%
    GtT1bC2zC1wN1_GtT1tN4wC1wN1 : 5.4032999 (0.01)%
                 C1wN1_N4wC1wN1 : 5.4027148 (0.01)%
  GbB2tC2hC1wN1_QqGbB1tC2hC1wN1 : 5.4000555 (0.01)%
  GbB1tC2hC1wN1_QqGbB2tC2hC1wN1 : 5.4000555 (0.01)%
    GbB1tC2hC1wN1_GbB2tC2wN2hN1 : 5.3948840 (0.01)%
    GbB1tC2wN2hN1_GbB2tC2hC1wN1 : 5.3948840 (0.01)%
       GbB2tC2zC1wN1_GtT1tN2hN1 : 5.3362653 (0.01)%
QqGtT1tN3wC1wN1_QqGtT1tN3zN2hN1 : 5.3300303 (0.01)%
  GbB1bN3wC1wN1_QqGtT1bC2wN2hN1 : 5.3252500 (0.01)%
  GtT1bC2wN2hN1_QqGbB1bN3wC1wN1 : 5.3252500 (0.01)%
     GbB1bN2hN1_QqGtT1bC2wN2hN1 : 5.3229434 (0.01)%
     GtT1bC2wN2hN1_QqGbB1bN2hN1 : 5.3229434 (0.01)%
    GbB2tC2zC1wN1_GtT1bC2zC1wN1 : 5.2879019 (0.01)%
      QqGtT1bC1wN1_QqGtT1bC2wN1 : 5.2754865 (0.01)%
        QqGtT1tN4wC1wN1_QqN2zN1 : 5.2743023 (0.01)%
           QqGtT1tN3wC1wN1_QqN1 : 5.2718676 (0.01)%
        B2bN4wC1wN1_B2tC2wN2hN1 : 5.2393301 (0.01)%
                    C2zC1wN1_N1 : 5.2366629 (0.01)%
        T1bC2hC1wN1_T1bC2hC1wN1 : 5.2247175 (0.01)%
    GbB1tC2hC1wN1_GbB1tC2hC1wN1 : 5.2182741 (0.01)%
  GbB1tC2hC1wN1_QqGtT1tN4wC1wN1 : 5.2177885 (0.01)%
  GtT1tN4wC1wN1_QqGbB1tC2hC1wN1 : 5.2177885 (0.01)%
     GtT1tN2hN1_QqGtT1tN3zN2hN1 : 5.2159326 (0.01)%
     GtT1tN3zN2hN1_QqGtT1tN2hN1 : 5.2159326 (0.01)%
    GbB1tC2wN2hN1_GtT1tN4wC1wN1 : 5.2127915 (0.01)%
     GtT1bC1wN1_QqGtT1tN4hN2hN1 : 5.2048641 (0.01)%
     GtT1tN4hN2hN1_QqGtT1bC1wN1 : 5.2048641 (0.01)%
        QqC1wN1_QqGtT1tN4hN2zN1 : 5.1970944 (0.01)%
  GbB1bN4wC1wN1_QqGbB1tC2zC1wN1 : 5.1901149 (0.01)%
  GbB1tC2zC1wN1_QqGbB1bN4wC1wN1 : 5.1901149 (0.01)%
  GtT1bC2zC1wN1_QqGtT1tN3zN2hN1 : 5.1686598 (0.01)%
  GtT1tN3zN2hN1_QqGtT1bC2zC1wN1 : 5.1686598 (0.01)%
        QqGbB2tC2zC1wN1_QqN2zN1 : 5.1616593 (0.01)%
                GtT1tN2hN1_QqN1 : 5.1590150 (0.01)%
           T1bC2hC1wN1_T1bC2wN1 : 5.1546155 (0.01)%
       GtT1tN3wC1wN1_QqC2zC1wN1 : 5.1509183 (0.01)%
       GbB1tC2hC1wN1_GbB1tC2wN1 : 5.1482585 (0.01)%
  GbB1bN4wC1wN1_QqGtT1bC2hC1wN1 : 5.1324208 (0.01)%
  GtT1bC2hC1wN1_QqGbB1bN4wC1wN1 : 5.1324208 (0.01)%
    GbB1bN3wC1wN1_GtT1tN3zN2hN1 : 5.1280894 (0.01)%
    GbB1bN3zN2hN1_GtT1tN3wC1wN1 : 5.1280894 (0.01)%
    GbB1bN4wC1wN1_GtT1bC2wN2hN1 : 5.1275056 (0.01)%
       GbB1bN2hN1_GtT1tN3zN2hN1 : 5.1258682 (0.01)%
             GtT1bC2zC1wN1_QqN1 : 5.1122580 (0.01)%
        B2bN3wC1wN1_B2tC2wN2hN1 : 5.1077641 (0.01)%
  GbB2tC2zC1wN1_QqGbB1tC2hC1wN1 : 5.1063524 (0.01)%
  GbB2tC2hC1wN1_QqGbB1tC2zC1wN1 : 5.1063524 (0.01)%
  GbB1tC2zC1wN1_QqGbB2tC2hC1wN1 : 5.1063524 (0.01)%
  GbB1tC2hC1wN1_QqGbB2tC2zC1wN1 : 5.1063524 (0.01)%
       GbB2tC2wN1_GtT1tN3wC1wN1 : 5.1052761 (0.01)%
    GbB1tC2wN2hN1_GbB2tC2zC1wN1 : 5.1014622 (0.01)%
    GbB1tC2zC1wN1_GbB2tC2wN2hN1 : 5.1014622 (0.01)%
          GbB1tC1wN1_QqC2hC1wN1 : 5.0920256 (0.01)%
              B1tC1wN1_B1tC2wN1 : 5.0777920 (0.01)%
  GtT1bC2hC1wN1_QqGbB2tC2hC1wN1 : 5.0495893 (0.01)%
  GbB2tC2hC1wN1_QqGtT1bC2hC1wN1 : 5.0495893 (0.01)%
    GbB2tC2wN2hN1_GtT1bC2hC1wN1 : 5.0447535 (0.01)%
    GbB2tC2hC1wN1_GtT1bC2wN2hN1 : 5.0447535 (0.01)%
        B1bN3wC1wN1_B1tC2hC1wN1 : 5.0406142 (0.01)%
           B1bN2hN1_B1tC2hC1wN1 : 5.0384309 (0.01)%
QqGbB1bN4wC1wN1_QqGtT1tN3wC1wN1 : 5.0047978 (0.01)%
  GbB1bN3wC1wN1_QqGbB1bN3wC1wN1 : 5.0008786 (0.01)%
     GbB1bN2hN1_QqGbB1bN3wC1wN1 : 4.9987125 (0.01)%
     GbB1bN3wC1wN1_QqGbB1bN2hN1 : 4.9987125 (0.01)%
        GbB1bN2hN1_QqGbB1bN2hN1 : 4.9965473 (0.01)%
  GbB1tC2wN2hN1_QqGtT1tN3zN2hN1 : 4.9864243 (0.01)%
  GtT1tN3zN2hN1_QqGbB1tC2wN2hN1 : 4.9864243 (0.01)%
   QqGbB1tC1wN1_QqGtT1tN3zN2hN1 : 4.9825096 (0.01)%
       GbB1wT1tN3wC1wN1_QqC1wN1 : 4.9770631 (0.01)%
        T1tN3wC1wN1_T1tN4hN2hN1 : 4.9591523 (0.01)%
           GtT1tN1_QqGtT1bC1wN1 : 4.9499109 (0.01)%
           GtT1bC1wN1_QqGtT1tN1 : 4.9499109 (0.01)%
  GbB1tC2zC1wN1_QqGtT1tN4wC1wN1 : 4.9339987 (0.01)%
  GtT1tN4wC1wN1_QqGbB1tC2zC1wN1 : 4.9339987 (0.01)%
             GbB1tC2wN2hN1_QqN1 : 4.9320111 (0.01)%
              QqGbB1tC1wN1_QqN1 : 4.9281391 (0.01)%
QqGbB2tC2hC1wN1_QqGtT1tN3wC1wN1 : 4.9240261 (0.01)%
              T1bC2wN1_T1tN2hN1 : 4.9188418 (0.01)%
     GtT1tN2hN1_QqGbB1bN4wC1wN1 : 4.8976623 (0.01)%
     GbB1bN4wC1wN1_QqGtT1tN2hN1 : 4.8976623 (0.01)%
  GtT1tN4wC1wN1_QqGtT1bC2hC1wN1 : 4.8791515 (0.01)%
  GtT1bC2hC1wN1_QqGtT1tN4wC1wN1 : 4.8791515 (0.01)%
    GtT1bC2wN2hN1_GtT1tN4wC1wN1 : 4.8744789 (0.01)%
           T1bC2wN1_T1bC2zC1wN1 : 4.8742616 (0.01)%
       GbB1tC2wN1_GbB1tC2zC1wN1 : 4.8682504 (0.01)%
          GbB1bN3zN2zN1_QqN2hN1 : 4.8541121 (0.01)%
          GbB1bN3zN2hN1_QqN2zN1 : 4.8541121 (0.01)%
  GtT1bC2zC1wN1_QqGbB1bN4wC1wN1 : 4.8532740 (0.01)%
  GbB1bN4wC1wN1_QqGtT1bC2zC1wN1 : 4.8532740 (0.01)%
                 C2wN1_C2wN2zN1 : 4.8344031 (0.01)%
             GbB2tC2wN1_QqN2zN1 : 4.8325177 (0.01)%
  GbB2tC2zC1wN1_QqGbB1tC2zC1wN1 : 4.8286234 (0.01)%
  GbB1tC2zC1wN1_QqGbB2tC2zC1wN1 : 4.8286234 (0.01)%
     GtT1tN2hN1_QqGbB2tC2hC1wN1 : 4.8186196 (0.01)%
     GbB2tC2hC1wN1_QqGtT1tN2hN1 : 4.8186196 (0.01)%
    GbB1bN3wC1wN1_GbB1bN4wC1wN1 : 4.8151791 (0.01)%
          GbB1tC1wN1_QqC2zC1wN1 : 4.8150758 (0.01)%
       GbB1tC2hC1wN1_GtT1bC2wN1 : 4.8141341 (0.01)%
       GbB1tC2wN1_GtT1bC2hC1wN1 : 4.8141341 (0.01)%
       GbB2tC2wN2hN1_GtT1tN2hN1 : 4.8140049 (0.01)%
       GbB1bN2hN1_GbB1bN4wC1wN1 : 4.8130935 (0.01)%
       GbB1bN3zN2hN1_GbB1tC1wN1 : 4.7937353 (0.01)%
           QqC1wN1_QqGbB2bN2hN1 : 4.7842064 (0.01)%
  GbB2tC2zC1wN1_QqGtT1bC2hC1wN1 : 4.7749477 (0.01)%
  GtT1bC2hC1wN1_QqGbB2tC2zC1wN1 : 4.7749477 (0.01)%
  GbB2tC2hC1wN1_QqGtT1bC2zC1wN1 : 4.7749477 (0.01)%
  GtT1bC2zC1wN1_QqGbB2tC2hC1wN1 : 4.7749477 (0.01)%
          GbB1tC1wN1_GbB2tC2wN1 : 4.7724095 (0.01)%
    GbB2tC2zC1wN1_GtT1bC2wN2hN1 : 4.7703748 (0.01)%
    GbB2tC2wN2hN1_GtT1bC2zC1wN1 : 4.7703748 (0.01)%
        B1bN3wC1wN1_B1tC2zC1wN1 : 4.7664607 (0.01)%
           B1bN2hN1_B1tC2zC1wN1 : 4.7643961 (0.01)%
QqGtT1tN3wC1wN1_QqGtT1tN4wC1wN1 : 4.7578264 (0.01)%
              T1tN2hN1_T1tN2hN1 : 4.7576882 (0.01)%
    GbB1bN3wC1wN1_GbB2tC2hC1wN1 : 4.7374676 (0.01)%
       GbB1bN2hN1_GbB2tC2hC1wN1 : 4.7354157 (0.01)%
                    C2wN2hN1_N1 : 4.7241506 (0.01)%
              T1tN1_T1tN3wC1wN1 : 4.7162350 (0.01)%
   QqGbB2bN4wC1wN1_QqGtT1bC1wN1 : 4.6982749 (0.01)%
QqGbB1tC2hC1wN1_QqGbB1tC2zC1wN1 : 4.6954153 (0.01)%
  GbB1bN4wC1wN1_QqGbB1tC2wN2hN1 : 4.6821583 (0.01)%
  GbB1tC2wN2hN1_QqGbB1bN4wC1wN1 : 4.6821583 (0.01)%
   QqGbB1bN4wC1wN1_QqGbB1tC1wN1 : 4.6784825 (0.01)%
        T1bC2zC1wN1_T1bC2zC1wN1 : 4.6718396 (0.01)%
    GbB1tC2zC1wN1_GbB1tC2zC1wN1 : 4.6660781 (0.01)%
  GtT1bC2wN2hN1_QqGtT1tN3zN2hN1 : 4.6628030 (0.01)%
  GtT1tN3zN2hN1_QqGtT1bC2wN2hN1 : 4.6628030 (0.01)%
        QqGbB2tC2wN2hN1_QqN2zN1 : 4.6564876 (0.01)%
        QqGbB2tC2wN2zN1_QqN2hN1 : 4.6564876 (0.01)%
QqGbB2tC2zC1wN1_QqGtT1tN3wC1wN1 : 4.6562137 (0.01)%
     GtT1tN2hN1_QqGtT1tN4wC1wN1 : 4.6559777 (0.01)%
     GtT1tN4wC1wN1_QqGtT1tN2hN1 : 4.6559777 (0.01)%
       GtT1tN3wC1wN1_QqC2wN2hN1 : 4.6467979 (0.01)%
QqGbB1tC2hC1wN1_QqGtT1bC2hC1wN1 : 4.6432203 (0.01)%
                    N1_N3wC1wN1 : 4.6235088 (0.01)%
  GtT1bC2zC1wN1_QqGtT1tN4wC1wN1 : 4.6137798 (0.01)%
  GtT1tN4wC1wN1_QqGtT1bC2zC1wN1 : 4.6137798 (0.01)%
             GtT1bC2wN2hN1_QqN1 : 4.6119212 (0.01)%
  GbB1tC2hC1wN1_QqGbB2tC2wN2hN1 : 4.6065936 (0.01)%
  GbB2tC2wN2hN1_QqGbB1tC2hC1wN1 : 4.6065936 (0.01)%
  GbB2tC2hC1wN1_QqGbB1tC2wN2hN1 : 4.6065936 (0.01)%
  GbB1tC2wN2hN1_QqGbB2tC2hC1wN1 : 4.6065936 (0.01)%
   QqGbB1tC1wN1_QqGbB2tC2hC1wN1 : 4.6029771 (0.01)%
    GbB1tC2wN2hN1_GbB2tC2wN2hN1 : 4.6021820 (0.01)%
          GbB1tC2wN1_GtT1tN2hN1 : 4.5939341 (0.01)%
        T1tN3zN2hN1_T1tN4wC1wN1 : 4.5894625 (0.01)%
   QqGbB2bN3wC1wN1_QqGtT1bC1wN1 : 4.5802954 (0.01)%
    GbB1bN3wC1wN1_GtT1tN4wC1wN1 : 4.5775648 (0.01)%
       GbB1bN2hN1_GtT1tN4wC1wN1 : 4.5755821 (0.01)%
      QqGtT1bC1wN1_QqGtT1tN3zN1 : 4.5730217 (0.01)%
    GtT1bC2hC1wN1_GtT1bC2hC1wN1 : 4.5629169 (0.01)%
     GtT1tN2hN1_QqGbB2tC2zC1wN1 : 4.5565401 (0.01)%
     GbB2tC2zC1wN1_QqGtT1tN2hN1 : 4.5565401 (0.01)%
    GbB1bN4hN2hN1_GtT1tN3wC1wN1 : 4.5558051 (0.01)%
       GbB1tC2zC1wN1_GtT1bC2wN1 : 4.5522986 (0.01)%
       GbB1tC2wN1_GtT1bC2zC1wN1 : 4.5522986 (0.01)%
           QqC1wN1_QqGbB1bN4zN1 : 4.5413884 (0.01)%
        B2tC2hC1wN1_B2tC2hC1wN1 : 4.5297104 (0.01)%
             GbB1bN3hN1_QqN2hN1 : 4.5159635 (0.01)%
  GtT1bC2zC1wN1_QqGbB2tC2zC1wN1 : 4.5152435 (0.01)%
  GbB2tC2zC1wN1_QqGtT1bC2zC1wN1 : 4.5152435 (0.01)%
       GtT1bC2hC1wN1_GtT1bC2wN1 : 4.5016945 (0.01)%
    GbB1bN3wC1wN1_GbB2tC2zC1wN1 : 4.4798019 (0.01)%
       GbB1bN2hN1_GbB2tC2zC1wN1 : 4.4778616 (0.01)%
           B2tC2hC1wN1_B2tC2wN1 : 4.4689335 (0.01)%
           T1bC2hC1wN1_T1tN3zN1 : 4.4682455 (0.01)%
             GbB1bN1_GtT1bC1wN1 : 4.4615490 (0.01)%
  GbB1tC2wN2hN1_QqGtT1tN4wC1wN1 : 4.4511081 (0.01)%
  GtT1tN4wC1wN1_QqGbB1tC2wN2hN1 : 4.4511081 (0.01)%
   QqGbB1tC1wN1_QqGtT1tN4wC1wN1 : 4.4476137 (0.01)%
           QqGbB1tC2wN1_QqN2zN1 : 4.4436177 (0.01)%
   QqGbB1tC2hC1wN1_QqGtT1tN2hN1 : 4.4308380 (0.01)%
          GbB1bN3zN1_GtT1bC1wN1 : 4.3997619 (0.01)%
           T1bC2wN1_T1bC2wN2hN1 : 4.3972175 (0.01)%
     GbB1tC2wN1_QqGbB1tC2hC1wN1 : 4.3960046 (0.01)%
     GbB1tC2hC1wN1_QqGbB1tC2wN1 : 4.3960046 (0.01)%
       GbB1tC2wN1_GbB1tC2wN2hN1 : 4.3917946 (0.01)%
QqGbB1tC2zC1wN1_QqGtT1bC2hC1wN1 : 4.3906806 (0.01)%
QqGbB1tC2hC1wN1_QqGtT1bC2zC1wN1 : 4.3906806 (0.01)%
  GbB1bN3wC1wN1_QqGtT1tN3zN2hN1 : 4.3787825 (0.01)%
  GbB1bN3zN2hN1_QqGtT1tN3wC1wN1 : 4.3787825 (0.01)%
  GtT1tN3zN2hN1_QqGbB1bN3wC1wN1 : 4.3787825 (0.01)%
  GtT1tN3wC1wN1_QqGbB1bN3zN2hN1 : 4.3787825 (0.01)%
  GbB1bN4wC1wN1_QqGtT1bC2wN2hN1 : 4.3782840 (0.01)%
  GtT1bC2wN2hN1_QqGbB1bN4wC1wN1 : 4.3782840 (0.01)%
     GbB1bN2hN1_QqGtT1tN3zN2hN1 : 4.3768859 (0.01)%
     GtT1tN3zN2hN1_QqGbB1bN2hN1 : 4.3768859 (0.01)%
     GtT1tN3wC1wN1_QqGbB2tC2wN1 : 4.3593027 (0.01)%
     GbB2tC2wN1_QqGtT1tN3wC1wN1 : 4.3593027 (0.01)%
  GbB1tC2zC1wN1_QqGbB2tC2wN2hN1 : 4.3560460 (0.01)%
  GbB2tC2zC1wN1_QqGbB1tC2wN2hN1 : 4.3560460 (0.01)%
  GbB1tC2wN2hN1_QqGbB2tC2zC1wN1 : 4.3560460 (0.01)%
  GbB2tC2wN2hN1_QqGbB1tC2zC1wN1 : 4.3560460 (0.01)%
   QqGbB1tC1wN1_QqGbB2tC2zC1wN1 : 4.3526262 (0.01)%
                    N2hN1_N3zN1 : 4.3445883 (0.01)%
          GbB1tC1wN1_QqC2wN2hN1 : 4.3438243 (0.01)%
             GbB1bN3wC1wN1_QqN1 : 4.3310001 (0.01)%
    GtT1tN3wC1wN1_GtT1tN4hN2hN1 : 4.3309901 (0.01)%
                GbB1bN2hN1_QqN1 : 4.3291241 (0.01)%
           QqC1wN1_QqGtT1tN4zN1 : 4.3172848 (0.01)%
          GbB1bN4hN2zN1_QqN2hN1 : 4.3124031 (0.01)%
          GbB1bN4hN2hN1_QqN2zN1 : 4.3124031 (0.01)%
  GtT1bC2hC1wN1_QqGbB2tC2wN2hN1 : 4.3076235 (0.01)%
  GbB2tC2wN2hN1_QqGtT1bC2hC1wN1 : 4.3076235 (0.01)%
  GtT1bC2wN2hN1_QqGbB2tC2hC1wN1 : 4.3076235 (0.01)%
  GbB2tC2hC1wN1_QqGtT1bC2wN2hN1 : 4.3076235 (0.01)%
    GbB2tC2wN2hN1_GtT1bC2wN2hN1 : 4.3034982 (0.01)%
        B1bN3wC1wN1_B1tC2wN2hN1 : 4.2999671 (0.01)%
           B1bN2hN1_B1tC2wN2hN1 : 4.2981046 (0.01)%
          GtT1bC2wN1_GtT1tN2hN1 : 4.2957856 (0.01)%
    GbB1tC2hC1wN1_GbB2bN4wC1wN1 : 4.2874009 (0.01)%
        T2bC2hC1wN1_T2tN3wC1wN1 : 4.2767920 (0.01)%
       GbB2bN4hN2hN1_GtT1bC1wN1 : 4.2767811 (0.01)%
        QqC2hC1wN1_QqGtT1bC1wN1 : 4.2717253 (0.01)%
              T1tN2hN1_T1tN3zN1 : 4.2638666 (0.01)%
       GbB1bN4hN2hN1_GbB1tC1wN1 : 4.2587643 (0.01)%
       GtT1bC2wN1_GtT1bC2zC1wN1 : 4.2568522 (0.01)%
        T2bC2hC1wN1_T2bC2zC1wN1 : 4.2463641 (0.01)%
QqGbB1tC2hC1wN1_QqGbB1tC2wN2hN1 : 4.2358750 (0.01)%
           B2tC2wN1_B2tC2zC1wN1 : 4.2258731 (0.01)%
           T1bC2zC1wN1_T1tN3zN1 : 4.2252225 (0.01)%
                 C2wN1_N4hN2zN1 : 4.2171418 (0.01)%
    GbB1bN4wC1wN1_GtT1tN3zN2hN1 : 4.2161836 (0.01)%
QqGbB2tC2wN2hN1_QqGtT1tN3wC1wN1 : 4.2005100 (0.01)%
   QqGbB1tC2zC1wN1_QqGtT1tN2hN1 : 4.1898496 (0.01)%
    GbB1tC2hC1wN1_GbB2bN3wC1wN1 : 4.1797390 (0.01)%
       GbB1tC2hC1wN1_GtT1tN3zN1 : 4.1731014 (0.01)%
  GtT1bC2wN2hN1_QqGtT1tN4wC1wN1 : 4.1622291 (0.01)%
  GtT1tN4wC1wN1_QqGtT1bC2wN2hN1 : 4.1622291 (0.01)%
     GbB1tC2zC1wN1_QqGbB1tC2wN1 : 4.1569107 (0.01)%
     GbB1tC2wN1_QqGbB1tC2zC1wN1 : 4.1569107 (0.01)%
           QqGtT1bC2wN1_QqN2zN1 : 4.1552248 (0.01)%
          GtT1tN2hN1_GtT1tN2hN1 : 4.1550449 (0.01)%
QqGbB1tC2zC1wN1_QqGtT1bC2zC1wN1 : 4.1518763 (0.01)%
    GbB2tC2hC1wN1_GtT1tN3zN2hN1 : 4.1481392 (0.01)%
        B1bN4wC1wN1_B1tC2hC1wN1 : 4.1442637 (0.01)%
   QqGtT1bC2hC1wN1_QqGtT1tN2hN1 : 4.1432745 (0.01)%
          GtT1tN1_GtT1tN3wC1wN1 : 4.1188424 (0.01)%
  GbB1bN4wC1wN1_QqGbB1bN3wC1wN1 : 4.1115941 (0.01)%
  GbB1bN3wC1wN1_QqGbB1bN4wC1wN1 : 4.1115941 (0.01)%
     GtT1bC2wN1_QqGbB1tC2hC1wN1 : 4.1107018 (0.01)%
     GtT1bC2hC1wN1_QqGbB1tC2wN1 : 4.1107018 (0.01)%
     GbB1tC2wN1_QqGtT1bC2hC1wN1 : 4.1107018 (0.01)%
     GbB1tC2hC1wN1_QqGtT1bC2wN1 : 4.1107018 (0.01)%
     GtT1tN2hN1_QqGbB2tC2wN2hN1 : 4.1105915 (0.01)%
     GbB2tC2wN2hN1_QqGtT1tN2hN1 : 4.1105915 (0.01)%
     GbB1bN2hN1_QqGbB1bN4wC1wN1 : 4.1098132 (0.01)%
     GbB1bN4wC1wN1_QqGbB1bN2hN1 : 4.1098132 (0.01)%
       GbB1tC2wN2hN1_GtT1bC2wN1 : 4.1067651 (0.01)%
       GbB1tC2wN1_GtT1bC2wN2hN1 : 4.1067651 (0.01)%
QqGtT1bC2hC1wN1_QqGtT1bC2zC1wN1 : 4.1057234 (0.01)%
          GtT1tN4hN2zN1_QqN2hN1 : 4.0995992 (0.01)%
          GtT1tN4hN2hN1_QqN2zN1 : 4.0995992 (0.01)%
     GbB1tC1wN1_QqGbB1bN3zN2hN1 : 4.0932836 (0.01)%
     GbB1bN3zN2hN1_QqGbB1tC1wN1 : 4.0932836 (0.01)%
    GtT1bC2zC1wN1_GtT1bC2zC1wN1 : 4.0800706 (0.01)%
        GbB1tC1wN1_QqGbB2tC2wN1 : 4.0750739 (0.01)%
        GbB2tC2wN1_QqGbB1tC1wN1 : 4.0750739 (0.01)%
  GtT1bC2zC1wN1_QqGbB2tC2wN2hN1 : 4.0733365 (0.01)%
  GtT1bC2wN2hN1_QqGbB2tC2zC1wN1 : 4.0733365 (0.01)%
  GbB2tC2zC1wN1_QqGtT1bC2wN2hN1 : 4.0733365 (0.01)%
  GbB2tC2wN2hN1_QqGtT1bC2zC1wN1 : 4.0733365 (0.01)%
                 C2wN2zN1_N3zN1 : 4.0679449 (0.01)%
        B2bN3wC1wN1_B2bN4wC1wN1 : 4.0592221 (0.01)%
    GbB1tC2zC1wN1_GbB2bN4wC1wN1 : 4.0542138 (0.01)%
        B2tC2zC1wN1_B2tC2zC1wN1 : 4.0503779 (0.01)%
       GbB1tC1wN1_GtT1tN4hN2hN1 : 4.0486073 (0.01)%
  GbB2tC2hC1wN1_QqGbB1bN3wC1wN1 : 4.0452377 (0.01)%
  GbB1bN3wC1wN1_QqGbB2tC2hC1wN1 : 4.0452377 (0.01)%
        T2bC2zC1wN1_T2tN3wC1wN1 : 4.0441820 (0.01)%
     GbB1bN2hN1_QqGbB2tC2hC1wN1 : 4.0434855 (0.01)%
     GbB2tC2hC1wN1_QqGbB1bN2hN1 : 4.0434855 (0.01)%
    GbB1bN3wC1wN1_GbB2tC2wN2hN1 : 4.0413637 (0.01)%
       GtT1tN3wC1wN1_QqN4wC1wN1 : 4.0406140 (0.01)%
       GbB1bN2hN1_GbB2tC2wN2hN1 : 4.0396132 (0.01)%
        QqC2zC1wN1_QqGtT1bC1wN1 : 4.0393908 (0.01)%
    GbB2bN4wC1wN1_GtT1bC2hC1wN1 : 4.0091465 (0.01)%
   QqGbB1tC2wN1_QqGtT1tN3wC1wN1 : 4.0084850 (0.01)%
    GtT1tN3zN2hN1_GtT1tN4wC1wN1 : 4.0081279 (0.01)%
QqGbB1tC2wN2hN1_QqGbB1tC2zC1wN1 : 4.0054903 (0.01)%
QqGbB1tC2wN2hN1_QqGtT1bC2hC1wN1 : 3.9609647 (0.01)%
QqGbB1tC2hC1wN1_QqGtT1bC2wN2hN1 : 3.9609647 (0.01)%
    GbB1tC2zC1wN1_GbB2bN3wC1wN1 : 3.9524075 (0.01)%
       GbB1tC2zC1wN1_GtT1tN3zN1 : 3.9461309 (0.01)%
  GbB1tC2wN2hN1_QqGbB2tC2wN2hN1 : 3.9297197 (0.01)%
  GbB2tC2wN2hN1_QqGbB1tC2wN2hN1 : 3.9297197 (0.01)%
   QqGbB1tC1wN1_QqGbB2tC2wN2hN1 : 3.9266346 (0.01)%
        GtT1tN2hN1_QqGbB1tC2wN1 : 3.9226770 (0.01)%
        GbB1tC2wN1_QqGtT1tN2hN1 : 3.9226770 (0.01)%
    GbB2tC2zC1wN1_GtT1tN3zN2hN1 : 3.9225264 (0.01)%
        B1bN4wC1wN1_B1tC2zC1wN1 : 3.9188618 (0.01)%
   QqGtT1bC2zC1wN1_QqGtT1tN2hN1 : 3.9179263 (0.01)%
  GbB1bN3wC1wN1_QqGtT1tN4wC1wN1 : 3.9086996 (0.01)%
  GtT1tN4wC1wN1_QqGbB1bN3wC1wN1 : 3.9086996 (0.01)%
    GbB2bN3wC1wN1_GtT1bC2hC1wN1 : 3.9084719 (0.01)%
     GbB1bN2hN1_QqGtT1tN4wC1wN1 : 3.9070065 (0.01)%
     GtT1tN4wC1wN1_QqGbB1bN2hN1 : 3.9070065 (0.01)%
        QqC1wN1_QqGbB1wT1bC1wN1 : 3.9030521 (0.01)%
       GtT1bC2hC1wN1_GtT1tN3zN1 : 3.9022651 (0.01)%
                GtT1tN1_QqN2zN1 : 3.8987860 (0.01)%
    GbB1bN4wC1wN1_GbB2tC2hC1wN1 : 3.8950244 (0.01)%
  GbB1bN4hN2hN1_QqGtT1tN3wC1wN1 : 3.8901193 (0.01)%
  GtT1tN3wC1wN1_QqGbB1bN4hN2hN1 : 3.8901193 (0.01)%
     GtT1bC2wN1_QqGbB1tC2zC1wN1 : 3.8871252 (0.01)%
     GtT1bC2zC1wN1_QqGbB1tC2wN1 : 3.8871252 (0.01)%
     GbB1tC2wN1_QqGtT1bC2zC1wN1 : 3.8871252 (0.01)%
     GbB1tC2zC1wN1_QqGtT1bC2wN1 : 3.8871252 (0.01)%
                 C2wN1_N3zN2zN1 : 3.8587593 (0.01)%
       GbB2bN3zN2hN1_GtT1bC1wN1 : 3.8585707 (0.01)%
       GbB1bN3wC1wN1_GbB1tC2wN1 : 3.8566139 (0.01)%
          GbB1bN2hN1_GbB1tC2wN1 : 3.8549435 (0.01)%
             GbB1tC1wN1_GtT1tN1 : 3.8502918 (0.01)%
     GtT1bC2wN1_QqGtT1bC2hC1wN1 : 3.8439153 (0.01)%
     GtT1bC2hC1wN1_QqGtT1bC2wN1 : 3.8439153 (0.01)%
       GtT1bC2wN1_GtT1bC2wN2hN1 : 3.8402341 (0.01)%
  GtT1tN3zN2hN1_QqGtT1tN3zN2hN1 : 3.8340735 (0.01)%
        T2bC2hC1wN1_T2bC2wN2hN1 : 3.8307724 (0.01)%
       GbB2bN4wC1wN1_GtT1tN2hN1 : 3.8257670 (0.01)%
  GbB2tC2zC1wN1_QqGbB1bN3wC1wN1 : 3.8252216 (0.01)%
  GbB1bN3wC1wN1_QqGbB2tC2zC1wN1 : 3.8252216 (0.01)%
     GbB1bN2hN1_QqGbB2tC2zC1wN1 : 3.8235648 (0.01)%
     GbB2tC2zC1wN1_QqGbB1bN2hN1 : 3.8235648 (0.01)%
           B2tC2wN1_B2tC2wN2hN1 : 3.8122868 (0.01)%
           T1bC2wN2hN1_T1tN3zN1 : 3.8116999 (0.01)%
           GbB1bN1_QqGtT1bC1wN1 : 3.8096358 (0.01)%
           GtT1bC1wN1_QqGbB1bN1 : 3.8096358 (0.01)%
        T1bC2wN2hN1_T1bC2wN2hN1 : 3.8021230 (0.01)%
    GbB1tC2wN2hN1_GbB1tC2wN2hN1 : 3.7974340 (0.01)%
             GtT1tN3zN2hN1_QqN1 : 3.7922351 (0.01)%
    GbB2bN4wC1wN1_GtT1bC2zC1wN1 : 3.7910934 (0.01)%
                    C1wN1_C2wN1 : 3.7907281 (0.01)%
             GtT1bC1wN1_QqC2wN1 : 3.7818125 (0.01)%
   QqGbB1tC2wN2hN1_QqGtT1tN2hN1 : 3.7797889 (0.01)%
          GbB1tC1wN1_QqN4wC1wN1 : 3.7771639 (0.01)%
           B1bN2hN1_B1bN3wC1wN1 : 3.7743409 (0.01)%
             GbB2bN2hN1_QqN2hN1 : 3.7739028 (0.01)%
    GbB1bN4wC1wN1_GtT1tN4wC1wN1 : 3.7635564 (0.01)%
        GtT1bC1wN1_QqGbB1bN3zN1 : 3.7568768 (0.01)%
        GbB1bN3zN1_QqGtT1bC1wN1 : 3.7568768 (0.01)%
     GbB1tC2wN2hN1_QqGbB1tC2wN1 : 3.7500738 (0.01)%
     GbB1tC2wN1_QqGbB1tC2wN2hN1 : 3.7500738 (0.01)%
   QqGtT1bC2wN1_QqGtT1tN3wC1wN1 : 3.7483324 (0.01)%
      QqGbB1tC1wN1_QqGbB1tC2wN1 : 3.7471297 (0.01)%
QqGbB1tC2zC1wN1_QqGtT1bC2wN2hN1 : 3.7455321 (0.01)%
QqGbB1tC2wN2hN1_QqGtT1bC2zC1wN1 : 3.7455321 (0.01)%
           QqGbB2tC1wN1_QqN2hN1 : 3.7405516 (0.01)%
       GbB2bN3wC1wN1_GtT1tN2hN1 : 3.7296972 (0.01)%
          GtT1tN2hN1_GtT1tN3zN1 : 3.7237743 (0.01)%
QqGbB1bN3wC1wN1_QqGbB1tC2hC1wN1 : 3.7196945 (0.01)%
   QqGbB1bN2hN1_QqGbB1tC2hC1wN1 : 3.7180834 (0.01)%
QqGtT1bC2hC1wN1_QqGtT1bC2wN2hN1 : 3.7038962 (0.01)%
    GbB2tC2hC1wN1_GtT1tN4wC1wN1 : 3.7028169 (0.01)%
        QqGbB2bN4wC1wN1_QqN2zN1 : 3.7005854 (0.01)%
  GtT1tN3wC1wN1_QqGtT1tN4hN2hN1 : 3.6981538 (0.01)%
  GtT1tN4hN2hN1_QqGtT1tN3wC1wN1 : 3.6981538 (0.01)%
    GbB2bN3wC1wN1_GtT1bC2zC1wN1 : 3.6958944 (0.01)%
           T2bC2wN1_T2tN4wC1wN1 : 3.6958638 (0.01)%
       GtT1bC2zC1wN1_GtT1tN3zN1 : 3.6900251 (0.01)%
    GbB1bN4wC1wN1_GbB2tC2zC1wN1 : 3.6831783 (0.01)%
  GtT1bC2wN2hN1_QqGbB2tC2wN2hN1 : 3.6746790 (0.01)%
  GbB2tC2wN2hN1_QqGtT1bC2wN2hN1 : 3.6746790 (0.01)%
        GtT1tN2hN1_QqGtT1bC2wN1 : 3.6680934 (0.01)%
        GtT1bC2wN1_QqGtT1tN2hN1 : 3.6680934 (0.01)%
                QqN2hN1_QqN4hN1 : 3.6609589 (0.01)%
  GbB2bN4wC1wN1_QqGbB1tC2hC1wN1 : 3.6609339 (0.01)%
  GbB1tC2hC1wN1_QqGbB2bN4wC1wN1 : 3.6609339 (0.01)%
    GbB1tC2wN2hN1_GbB2bN4wC1wN1 : 3.6574279 (0.01)%
     GbB2bN4hN2hN1_QqGtT1bC1wN1 : 3.6518658 (0.01)%
     GtT1bC1wN1_QqGbB2bN4hN2hN1 : 3.6518658 (0.01)%
        T2bC2wN2hN1_T2tN3wC1wN1 : 3.6483778 (0.01)%
                 C2wN2zN1_N4hN1 : 3.6481872 (0.01)%
        QqC1wN1_QqGbB2bN4hN2zN1 : 3.6464143 (0.01)%
        QqC2wN2hN1_QqGtT1bC1wN1 : 3.6440555 (0.01)%
     GbB1tC1wN1_QqGbB1bN4hN2hN1 : 3.6364815 (0.01)%
     GbB1bN4hN2hN1_QqGbB1tC1wN1 : 3.6364815 (0.01)%
     GtT1bC2wN1_QqGtT1bC2zC1wN1 : 3.6348489 (0.01)%
     GtT1bC2zC1wN1_QqGtT1bC2wN1 : 3.6348489 (0.01)%
              T1bC1wN1_T1tN2zN1 : 3.6276126 (0.01)%
    GbB2tC2hC1wN1_GbB2tC2zC1wN1 : 3.6237360 (0.01)%
        T2bC2wN2hN1_T2bC2zC1wN1 : 3.6224209 (0.01)%
           T1bC2wN1_T1tN3zN2hN1 : 3.6156911 (0.01)%
        QqGbB2bN3wC1wN1_QqN2zN1 : 3.6076591 (0.01)%
       GbB1bN3wC1wN1_GtT1bC2wN1 : 3.6063179 (0.01)%
          GbB1bN2hN1_GtT1bC2wN1 : 3.6047558 (0.01)%
           QqGtT1tN3zN1_QqN2zN1 : 3.6019300 (0.01)%
  GbB1bN4wC1wN1_QqGtT1tN3zN2hN1 : 3.6001227 (0.01)%
  GtT1tN3zN2hN1_QqGbB1bN4wC1wN1 : 3.6001227 (0.01)%
                    C2wN1_N3hN1 : 3.5899493 (0.01)%
             GbB1bN4zN1_QqN2hN1 : 3.5823618 (0.01)%
  GbB2bN3wC1wN1_QqGbB1tC2hC1wN1 : 3.5690033 (0.01)%
  GbB1tC2hC1wN1_QqGbB2bN3wC1wN1 : 3.5690033 (0.01)%
    GbB1tC2wN2hN1_GbB2bN3wC1wN1 : 3.5655853 (0.01)%
     GtT1tN3zN1_QqGbB1tC2hC1wN1 : 3.5633355 (0.01)%
     GbB1tC2hC1wN1_QqGtT1tN3zN1 : 3.5633355 (0.01)%
             GbB1bN4wC1wN1_QqN1 : 3.5608372 (0.01)%
       GbB1tC2wN2hN1_GtT1tN3zN1 : 3.5599230 (0.01)%
  GbB2tC2hC1wN1_QqGtT1tN3zN2hN1 : 3.5420208 (0.01)%
  GtT1tN3zN2hN1_QqGbB2tC2hC1wN1 : 3.5420208 (0.01)%
    GbB2tC2wN2hN1_GtT1tN3zN2hN1 : 3.5386287 (0.01)%
        B1bN4wC1wN1_B1tC2wN2hN1 : 3.5353227 (0.01)%
   QqGtT1bC2wN2hN1_QqGtT1tN2hN1 : 3.5344788 (0.01)%
QqGbB1bN3wC1wN1_QqGbB1tC2zC1wN1 : 3.5173844 (0.01)%
        GtT1tN1_QqGtT1tN3wC1wN1 : 3.5170048 (0.01)%
        GtT1tN3wC1wN1_QqGtT1tN1 : 3.5170048 (0.01)%
   QqGbB1bN2hN1_QqGbB1tC2zC1wN1 : 3.5158609 (0.01)%
     GtT1bC2wN1_QqGbB1tC2wN2hN1 : 3.5066922 (0.01)%
     GtT1bC2wN2hN1_QqGbB1tC2wN1 : 3.5066922 (0.01)%
     GbB1tC2wN1_QqGtT1bC2wN2hN1 : 3.5066922 (0.01)%
     GbB1tC2wN2hN1_QqGtT1bC2wN1 : 3.5066922 (0.01)%
      QqGbB1tC1wN1_QqGtT1bC2wN1 : 3.5039392 (0.01)%
             GbB2tC2hC1wN1_QqN1 : 3.5033693 (0.01)%
                    C2wN1_N4zN1 : 3.5032272 (0.01)%
QqGtT1bC2wN2hN1_QqGtT1bC2zC1wN1 : 3.5024453 (0.01)%
    GbB2tC2zC1wN1_GtT1tN4wC1wN1 : 3.5014247 (0.01)%
              T1bC1wN1_T1tN4hN1 : 3.4915041 (0.01)%
QqGbB1bN3wC1wN1_QqGtT1bC2hC1wN1 : 3.4782846 (0.01)%
   QqGbB1bN2hN1_QqGtT1bC2hC1wN1 : 3.4767780 (0.01)%
  GbB1tC2zC1wN1_QqGbB2bN4wC1wN1 : 3.4618197 (0.01)%
  GbB2bN4wC1wN1_QqGbB1tC2zC1wN1 : 3.4618197 (0.01)%
     GbB1tC1wN1_QqGtT1tN4hN2hN1 : 3.4570323 (0.01)%
     GtT1tN4hN2hN1_QqGbB1tC1wN1 : 3.4570323 (0.01)%
  GbB1bN3wC1wN1_QqGbB2tC2wN2hN1 : 3.4508471 (0.01)%
  GbB2tC2wN2hN1_QqGbB1bN3wC1wN1 : 3.4508471 (0.01)%
     GbB1bN2hN1_QqGbB2tC2wN2hN1 : 3.4493524 (0.01)%
     GbB2tC2wN2hN1_QqGbB1bN2hN1 : 3.4493524 (0.01)%
   QqGbB1bN3zN2hN1_QqGtT1bC1wN1 : 3.4338758 (0.01)%
  GtT1bC2hC1wN1_QqGbB2bN4wC1wN1 : 3.4233375 (0.01)%
  GbB2bN4wC1wN1_QqGtT1bC2hC1wN1 : 3.4233375 (0.01)%
  GtT1tN4wC1wN1_QqGtT1tN3zN2hN1 : 3.4224677 (0.01)%
  GtT1tN3zN2hN1_QqGtT1tN4wC1wN1 : 3.4224677 (0.01)%
    GbB2bN4wC1wN1_GtT1bC2wN2hN1 : 3.4200591 (0.01)%
      QqGbB2tC2wN1_QqGtT1bC1wN1 : 3.4185995 (0.01)%
             GtT1tN4zN1_QqN2hN1 : 3.4055832 (0.01)%
             GtT1tN4wC1wN1_QqN1 : 3.3851208 (0.01)%
  GbB1bN4wC1wN1_QqGbB1bN4wC1wN1 : 3.3804473 (0.01)%
QqGbB1tC2wN2hN1_QqGtT1bC2wN2hN1 : 3.3789568 (0.01)%
       GbB1tC2wN1_GtT1tN3zN2hN1 : 3.3768614 (0.01)%
  GbB2bN3wC1wN1_QqGbB1tC2zC1wN1 : 3.3748891 (0.01)%
  GbB1tC2zC1wN1_QqGbB2bN3wC1wN1 : 3.3748891 (0.01)%
     GtT1tN3zN1_QqGbB1tC2zC1wN1 : 3.3695296 (0.01)%
     GbB1tC2zC1wN1_QqGtT1tN3zN1 : 3.3695296 (0.01)%
             QqC2hC1wN1_QqN2zN1 : 3.3646146 (0.01)%
        B1tC2hC1wN1_B1tC2hC1wN1 : 3.3644002 (0.01)%
  GbB2tC2zC1wN1_QqGtT1tN3zN2hN1 : 3.3493742 (0.01)%
  GtT1tN3zN2hN1_QqGbB2tC2zC1wN1 : 3.3493742 (0.01)%
QqGbB2bN4wC1wN1_QqGtT1tN3wC1wN1 : 3.3382127 (0.01)%
  GbB2bN3wC1wN1_QqGtT1bC2hC1wN1 : 3.3373733 (0.01)%
  GtT1bC2hC1wN1_QqGbB2bN3wC1wN1 : 3.3373733 (0.01)%
    GbB2bN3wC1wN1_GtT1bC2wN2hN1 : 3.3341771 (0.01)%
     GtT1tN3zN1_QqGtT1bC2hC1wN1 : 3.3320734 (0.01)%
     GtT1bC2hC1wN1_QqGtT1tN3zN1 : 3.3320734 (0.01)%
       GtT1bC2wN2hN1_GtT1tN3zN1 : 3.3288823 (0.01)%
       GbB1tC2hC1wN1_QqC2hC1wN1 : 3.3285629 (0.01)%
  GbB2tC2hC1wN1_QqGbB1bN4wC1wN1 : 3.3258907 (0.01)%
  GbB1bN4wC1wN1_QqGbB2tC2hC1wN1 : 3.3258907 (0.01)%
    GbB1bN4wC1wN1_GbB2tC2wN2hN1 : 3.3227056 (0.01)%
    GtT1bC2wN2hN1_GtT1bC2wN2hN1 : 3.3205185 (0.01)%
           B1tC2hC1wN1_B1tC2wN1 : 3.3192587 (0.01)%
   QqGbB1bN3wC1wN1_QqGtT1tN2hN1 : 3.3191868 (0.01)%
      QqGbB1bN2hN1_QqGtT1tN2hN1 : 3.3177491 (0.01)%
             GbB2tC2zC1wN1_QqN1 : 3.3128249 (0.01)%
        B2tC2wN2hN1_B2tC2wN2hN1 : 3.2963535 (0.01)%
     GtT1bC1wN1_QqGbB2bN3zN2hN1 : 3.2947635 (0.01)%
     GbB2bN3zN2hN1_QqGtT1bC1wN1 : 3.2947635 (0.01)%
     GbB1bN3wC1wN1_QqGbB1tC2wN1 : 3.2930927 (0.01)%
     GbB1tC2wN1_QqGbB1bN3wC1wN1 : 3.2930927 (0.01)%
        GbB1bN2hN1_QqGbB1tC2wN1 : 3.2916663 (0.01)%
        GbB1tC2wN1_QqGbB1bN2hN1 : 3.2916663 (0.01)%
        QqC1wN1_QqGbB2bN3zN2zN1 : 3.2898452 (0.01)%
QqGbB1bN3wC1wN1_QqGtT1bC2zC1wN1 : 3.2891045 (0.01)%
           GtT1tN1_QqGbB1tC1wN1 : 3.2876943 (0.01)%
           GbB1tC1wN1_QqGtT1tN1 : 3.2876943 (0.01)%
   QqGbB1bN2hN1_QqGtT1bC2zC1wN1 : 3.2876798 (0.01)%
     GtT1bC2wN1_QqGtT1bC2wN2hN1 : 3.2791062 (0.01)%
     GtT1bC2wN2hN1_QqGtT1bC2wN1 : 3.2791062 (0.01)%
  GbB2tC2hC1wN1_QqGbB2tC2hC1wN1 : 3.2722146 (0.01)%
    GbB2tC2hC1wN1_GbB2tC2wN2hN1 : 3.2690809 (0.01)%
     GtT1tN2hN1_QqGbB2bN4wC1wN1 : 3.2667530 (0.01)%
     GbB2bN4wC1wN1_QqGtT1tN2hN1 : 3.2667530 (0.01)%
QqGbB1tC2hC1wN1_QqGtT1tN3zN2hN1 : 3.2569744 (0.01)%
------------------------------------------------------------
                                              SUM=90.00%
