/Users/rafalmaselek/Projects/fastlim-1.0
 
#################################################################
#                                                               #
#                                                               #
#                     This is Fastlim  ver. 1.0                 #
#                                                               #
#          A fast LHC limit calculator for BSM models.          #
#                                                               #
#                  http://cern.ch/fastlim-1.0/                  #
#                                                               #
#  for bugs/feature requests: fastlim-1.0.developers@gmail.com  #
#                                                               #
#    please refer to:                                           #
#    M.Papucci, K.Sakurai, A.Weiler, L.Zeune arXiv:1402.xxxx    #
#                                                               #
#################################################################
 
!!!-  ERROR  !!!
[Br(T2->all) =  1.1482453954703307 ]:  !!! The total Br is deviated from 1 !!!


!! Masses incompatible with the data for ERER !!

!! Problem with reading tables for ER ER !! Probably mass outside the table !! Setting xsec to 10^-20 !!

!! Masses incompatible with the data for ELEL !!

!! Problem with reading tables for EL EL !! Probably mass outside the table !! Setting xsec to 10^-20 !!

!! Masses incompatible with the data for TAU1TAU1 !!

!! Problem with reading tables for TAU1 TAU1 !! Probably mass outside the table !! Setting xsec to 10^-20 !!

!! Masses incompatible with the data for TAU2TAU2 !!

!! Problem with reading tables for TAU2 TAU2 !! Probably mass outside the table !! Setting xsec to 10^-20 !!
!! EWK PROCESS C1C2 NOT FOUND !! WILL TRY TO LOOK FOR +/- MODES !!
XSEC FOUND FOR: C1-C2+
XSEC FOUND FOR: C1+C2-
!! EWK PROCESS C1N1 NOT FOUND !! WILL TRY TO LOOK FOR +/- MODES !!
XSEC FOUND FOR: C1+N1
XSEC FOUND FOR: C1-N1
!! EWK PROCESS C1N2 NOT FOUND !! WILL TRY TO LOOK FOR +/- MODES !!
XSEC FOUND FOR: C1+N2
XSEC FOUND FOR: C1-N2
!! EWK PROCESS C1N3 NOT FOUND !! WILL TRY TO LOOK FOR +/- MODES !!
XSEC FOUND FOR: C1+N3
XSEC FOUND FOR: C1-N3
!! EWK PROCESS C1N4 NOT FOUND !! WILL TRY TO LOOK FOR +/- MODES !!
XSEC FOUND FOR: C1+N4
XSEC FOUND FOR: C1-N4
!! EWK PROCESS C2N1 NOT FOUND !! WILL TRY TO LOOK FOR +/- MODES !!
XSEC FOUND FOR: C2+N1
XSEC FOUND FOR: C2-N1
!! EWK PROCESS C2N2 NOT FOUND !! WILL TRY TO LOOK FOR +/- MODES !!
XSEC FOUND FOR: C2+N2
XSEC FOUND FOR: C2-N2
!! EWK PROCESS C2N3 NOT FOUND !! WILL TRY TO LOOK FOR +/- MODES !!
XSEC FOUND FOR: C2+N3
XSEC FOUND FOR: C2-N3
!! EWK PROCESS C2N4 NOT FOUND !! WILL TRY TO LOOK FOR +/- MODES !!
XSEC FOUND FOR: C2+N4
XSEC FOUND FOR: C2-N4
---------------  Output inclusive processes  ---------------
The total xsec = 1980255.14 [fb]
The total rate = 100.00%
Output upto 0.10%
                        Modes : xsec/fb      (rate)
                  C1wN1_N2hN1 : 167551.0387453 (8.46)%
           GtT1bC1wN1_QqC1wN1 : 108304.7103541 (5.47)%
                  C1wN1_C1wN1 : 90174.3080330 (4.55)%
      GtT1bC1wN1_QqGtT1bC1wN1 : 57812.8848329 (2.92)%
           GtT1bC1wN1_QqN2hN1 : 51755.5645271 (2.61)%
        GtT1bC1wN1_GtT1bC1wN1 : 44877.1627533 (2.27)%
           GtT1tN2hN1_QqC1wN1 : 40420.7964461 (2.04)%
         QqC1wN1_QqGtT1bC1wN1 : 40120.4498233 (2.03)%
              QqC1wN1_QqC1wN1 : 37580.1493901 (1.90)%
              QqC1wN1_QqN2hN1 : 35916.8468358 (1.81)%
        GtT1bC1wN1_GtT1tN2hN1 : 33497.5395769 (1.69)%
        GtT1tN3wC1wN1_QqC1wN1 : 23159.3816489 (1.17)%
      GtT1tN2hN1_QqGtT1bC1wN1 : 21576.5578630 (1.09)%
      GtT1bC1wN1_QqGtT1tN2hN1 : 21576.5578630 (1.09)%
           GtT1tN2hN1_QqN2hN1 : 19315.8832322 (0.98)%
     GtT1bC1wN1_GtT1tN3wC1wN1 : 19192.6525841 (0.97)%
         QqGtT1bC1wN1_QqN2hN1 : 19172.3566121 (0.97)%
        GtT1bC2wN2hN1_QqC1wN1 : 15332.1837466 (0.77)%
         QqC1wN1_QqGtT1tN2hN1 : 14973.4995858 (0.76)%
        GtT1bC2zC1wN1_QqC1wN1 : 14849.1480673 (0.75)%
        GtT1bC2hC1wN1_QqC1wN1 : 13397.6744698 (0.68)%
     GtT1bC1wN1_GtT1bC2wN2hN1 : 12706.0938183 (0.64)%
   GtT1tN3wC1wN1_QqGtT1bC1wN1 : 12362.4416675 (0.62)%
   GtT1bC1wN1_QqGtT1tN3wC1wN1 : 12362.4416675 (0.62)%
     GtT1bC1wN1_GtT1bC2zC1wN1 : 12305.7922852 (0.62)%
              GtT1tN1_QqC1wN1 : 11374.5851070 (0.57)%
     GtT1bC1wN1_GtT1bC2hC1wN1 : 11102.9264698 (0.56)%
        GtT1tN3wC1wN1_QqN2hN1 : 11067.1721241 (0.56)%
    QqGtT1bC1wN1_QqGtT1bC1wN1 : 10708.1166530 (0.54)%
           GbB1tC1wN1_QqC1wN1 : 10144.8140128 (0.51)%
        GtT1tN3zN2hN1_QqC1wN1 : 9638.9183116 (0.49)%
        GbB1tC2wN2hN1_QqC1wN1 : 9470.8396603 (0.48)%
           GtT1bC1wN1_GtT1tN1 : 9426.3509948 (0.48)%
            T1bC1wN1_T1bC1wN1 : 9328.4972866 (0.47)%
        GbB1tC2zC1wN1_QqC1wN1 : 9172.4638030 (0.46)%
              QqN2hN1_QqN2hN1 : 8581.7905701 (0.43)%
      QqC1wN1_QqGtT1tN3wC1wN1 : 8579.1726541 (0.43)%
        GbB1tC1wN1_GtT1bC1wN1 : 8407.2145721 (0.42)%
        GbB1tC2hC1wN1_QqC1wN1 : 8275.8743843 (0.42)%
   GtT1bC1wN1_QqGtT1bC2wN2hN1 : 8184.2956810 (0.41)%
   GtT1bC2wN2hN1_QqGtT1bC1wN1 : 8184.2956810 (0.41)%
                  C1wN1_N2zN1 : 8069.9988091 (0.41)%
      GtT1tN2hN1_QqGtT1tN2hN1 : 8052.6659509 (0.41)%
    QqGtT1bC1wN1_QqGtT1tN2hN1 : 7992.8306375 (0.40)%
     GtT1bC1wN1_GtT1tN3zN2hN1 : 7987.9684719 (0.40)%
   GtT1bC2zC1wN1_QqGtT1bC1wN1 : 7926.4519915 (0.40)%
   GtT1bC1wN1_QqGtT1bC2zC1wN1 : 7926.4519915 (0.40)%
     GbB1tC2wN2hN1_GtT1bC1wN1 : 7848.6782607 (0.40)%
     GbB1tC2zC1wN1_GtT1bC1wN1 : 7601.4080937 (0.38)%
        GtT1bC2wN2hN1_QqN2hN1 : 7326.7895980 (0.37)%
     GtT1tN2hN1_GtT1tN3wC1wN1 : 7162.9599565 (0.36)%
         QqGtT1tN2hN1_QqN2hN1 : 7155.3852226 (0.36)%
   GtT1bC2hC1wN1_QqGtT1bC1wN1 : 7151.6576575 (0.36)%
   GtT1bC1wN1_QqGtT1bC2hC1wN1 : 7151.6576575 (0.36)%
        GtT1bC2zC1wN1_QqN2hN1 : 7095.9613710 (0.36)%
            T1bC1wN1_T1tN2hN1 : 6963.0450742 (0.35)%
     GbB1tC2hC1wN1_GtT1bC1wN1 : 6858.3861303 (0.35)%
        GtT1bC2hC1wN1_QqN2hN1 : 6402.3457822 (0.32)%
        GtT1tN2hN1_GtT1tN2hN1 : 6250.8695340 (0.32)%
         GtT1tN1_QqGtT1bC1wN1 : 6071.7357229 (0.31)%
         GtT1bC1wN1_QqGtT1tN1 : 6071.7357229 (0.31)%
      QqC1wN1_QqGtT1bC2wN2hN1 : 5679.6616387 (0.29)%
      QqC1wN1_QqGtT1bC2zC1wN1 : 5500.7256656 (0.28)%
              GtT1tN1_QqN2hN1 : 5435.5722068 (0.27)%
      GtT1bC1wN1_QqGbB1tC1wN1 : 5415.2858381 (0.27)%
      GbB1tC1wN1_QqGtT1bC1wN1 : 5415.2858381 (0.27)%
   GtT1tN3zN2hN1_QqGtT1bC1wN1 : 5145.2395047 (0.26)%
   GtT1bC1wN1_QqGtT1tN3zN2hN1 : 5145.2395047 (0.26)%
   GtT1bC1wN1_QqGbB1tC2wN2hN1 : 5055.5193838 (0.26)%
   GbB1tC2wN2hN1_QqGtT1bC1wN1 : 5055.5193838 (0.26)%
      QqC1wN1_QqGtT1bC2hC1wN1 : 4963.0410769 (0.25)%
   GtT1bC1wN1_QqGbB1tC2zC1wN1 : 4896.2468183 (0.25)%
   GbB1tC2zC1wN1_QqGtT1bC1wN1 : 4896.2468183 (0.25)%
           GbB1tC1wN1_QqN2hN1 : 4847.9015782 (0.24)%
           GbB1bN2hN1_QqC1wN1 : 4795.6596279 (0.24)%
     GtT1bC2wN2hN1_GtT1tN2hN1 : 4742.0876726 (0.24)%
   GtT1tN3wC1wN1_QqGtT1tN2hN1 : 4613.8319985 (0.23)%
   GtT1tN2hN1_QqGtT1tN3wC1wN1 : 4613.8319985 (0.23)%
        GtT1tN3zN2hN1_QqN2hN1 : 4606.1492341 (0.23)%
     GtT1bC2zC1wN1_GtT1tN2hN1 : 4592.6896756 (0.23)%
 QqGtT1bC1wN1_QqGtT1tN3wC1wN1 : 4579.5489318 (0.23)%
           GtT1tN3zN1_QqC1wN1 : 4526.1962662 (0.23)%
        GbB1tC2wN2hN1_QqN2hN1 : 4525.8295005 (0.23)%
   GtT1bC1wN1_QqGbB1tC2hC1wN1 : 4417.6487902 (0.22)%
   GbB1tC2hC1wN1_QqGtT1bC1wN1 : 4417.6487902 (0.22)%
           GtT1bC2wN1_QqC1wN1 : 4390.2529812 (0.22)%
        GbB1tC2zC1wN1_QqN2hN1 : 4383.2446500 (0.22)%
            QqC1wN1_QqGtT1tN1 : 4213.6068649 (0.21)%
     GtT1bC2hC1wN1_GtT1tN2hN1 : 4143.7637322 (0.21)%
      QqGtT1tN3wC1wN1_QqN2hN1 : 4099.7286493 (0.21)%
         T1bC1wN1_T1tN3wC1wN1 : 3989.5259987 (0.20)%
        GbB1bN2hN1_GtT1bC1wN1 : 3974.2610811 (0.20)%
        GbB1tC2hC1wN1_QqN2hN1 : 3954.7915258 (0.20)%
         QqC1wN1_QqGbB1tC1wN1 : 3758.0498599 (0.19)%
        GtT1bC1wN1_GtT1tN3zN1 : 3750.9512897 (0.19)%
        GtT1bC1wN1_GtT1bC2wN1 : 3638.2923129 (0.18)%
      QqC1wN1_QqGtT1tN3zN2hN1 : 3570.6456091 (0.18)%
           GtT1tN1_GtT1tN2hN1 : 3518.0428769 (0.18)%
      QqC1wN1_QqGbB1tC2wN2hN1 : 3508.3824714 (0.18)%
      QqC1wN1_QqGbB1tC2zC1wN1 : 3397.8519730 (0.17)%
              GtT1bC1wN1_QqN1 : 3204.7077378 (0.16)%
        GbB1tC1wN1_GtT1tN2hN1 : 3137.6872510 (0.16)%
      QqC1wN1_QqGbB1tC2hC1wN1 : 3065.7189507 (0.15)%
   GtT1bC2wN2hN1_QqGtT1tN2hN1 : 3054.4908776 (0.15)%
   GtT1tN2hN1_QqGtT1bC2wN2hN1 : 3054.4908776 (0.15)%
 QqGtT1bC1wN1_QqGtT1bC2wN2hN1 : 3031.7944911 (0.15)%
     GtT1tN2hN1_GtT1tN3zN2hN1 : 2981.2188830 (0.15)%
   GtT1bC2zC1wN1_QqGtT1tN2hN1 : 2958.2600927 (0.15)%
   GtT1tN2hN1_QqGtT1bC2zC1wN1 : 2958.2600927 (0.15)%
 QqGtT1bC1wN1_QqGtT1bC2zC1wN1 : 2936.2787488 (0.15)%
     GbB1tC2wN2hN1_GtT1tN2hN1 : 2929.2338746 (0.15)%
     GbB1tC2zC1wN1_GtT1tN2hN1 : 2836.9492726 (0.14)%
  GtT1bC2wN2hN1_GtT1tN3wC1wN1 : 2717.0127231 (0.14)%
      QqGtT1bC2wN2hN1_QqN2hN1 : 2714.1395187 (0.14)%
           GbB1tC2wN1_QqC1wN1 : 2711.9021491 (0.14)%
   GtT1bC2hC1wN1_QqGtT1tN2hN1 : 2669.0962700 (0.13)%
   GtT1tN2hN1_QqGtT1bC2hC1wN1 : 2669.0962700 (0.13)%
 QqGtT1bC1wN1_QqGtT1bC2hC1wN1 : 2649.2635571 (0.13)%
GtT1tN3wC1wN1_QqGtT1tN3wC1wN1 : 2643.5277261 (0.13)%
         T1bC1wN1_T1bC2wN2hN1 : 2641.1821612 (0.13)%
  GtT1bC2zC1wN1_GtT1tN3wC1wN1 : 2631.4140825 (0.13)%
      QqGtT1bC2zC1wN1_QqN2hN1 : 2628.6313975 (0.13)%
      GbB1bN2hN1_QqGtT1bC1wN1 : 2559.9156016 (0.13)%
      GtT1bC1wN1_QqGbB1bN2hN1 : 2559.9156016 (0.13)%
     GbB1tC2hC1wN1_GtT1tN2hN1 : 2559.6433324 (0.13)%
         T1bC1wN1_T1bC2zC1wN1 : 2557.9725388 (0.13)%
           GtT1bC1wN1_QqN2zN1 : 2492.7768113 (0.13)%
      GtT1tN3zN1_QqGtT1bC1wN1 : 2416.0764810 (0.12)%
      GtT1bC1wN1_QqGtT1tN3zN1 : 2416.0764810 (0.12)%
  GtT1bC2hC1wN1_GtT1tN3wC1wN1 : 2374.1987832 (0.12)%
      QqGtT1bC2hC1wN1_QqN2hN1 : 2371.6880999 (0.12)%
      GtT1bC2wN1_QqGtT1bC1wN1 : 2343.5101683 (0.12)%
      GtT1bC1wN1_QqGtT1bC2wN1 : 2343.5101683 (0.12)%
         T1bC1wN1_T1bC2hC1wN1 : 2307.9359989 (0.12)%
           GbB1bN2hN1_QqN2hN1 : 2291.7015383 (0.12)%
         GtT1tN1_QqGtT1tN2hN1 : 2266.0546612 (0.11)%
         GtT1tN2hN1_QqGtT1tN1 : 2266.0546612 (0.11)%
       QqGtT1bC1wN1_QqGtT1tN1 : 2249.2167479 (0.11)%
        GbB1tC2wN1_GtT1bC1wN1 : 2247.4086994 (0.11)%
                 QqC1wN1_QqN1 : 2223.9733645 (0.11)%
           GtT1tN3zN1_QqN2hN1 : 2162.9331001 (0.11)%
           GtT1bC2wN1_QqN2hN1 : 2097.9698917 (0.11)%
  GtT1tN3wC1wN1_GtT1tN3wC1wN1 : 2052.0343233 (0.10)%
      GtT1tN2hN1_QqGbB1tC1wN1 : 2021.0586025 (0.10)%
      GbB1tC1wN1_QqGtT1tN2hN1 : 2021.0586025 (0.10)%
        GtT1tN1_GtT1tN3wC1wN1 : 2015.6875867 (0.10)%
            QqGtT1tN1_QqN2hN1 : 2013.5560242 (0.10)%
    QqGbB1tC1wN1_QqGtT1bC1wN1 : 2006.0411319 (0.10)%
               T1bC1wN1_T1tN1 : 1959.4306833 (0.10)%
------------------------------------------------------------
                                            SUM=77.63%

SHOWING PROCESSES TO GET 90.00% SUSY COVERAGE
---------------  Output inclusive processes  ---------------
The total xsec = 1980255.14 [fb]
The total rate = 100.00%
                          Modes : xsec/fb      (rate)
                    C1wN1_N2hN1 : 167551.0387453 (8.46)%
             GtT1bC1wN1_QqC1wN1 : 108304.7103541 (5.47)%
                    C1wN1_C1wN1 : 90174.3080330 (4.55)%
        GtT1bC1wN1_QqGtT1bC1wN1 : 57812.8848329 (2.92)%
             GtT1bC1wN1_QqN2hN1 : 51755.5645271 (2.61)%
          GtT1bC1wN1_GtT1bC1wN1 : 44877.1627533 (2.27)%
             GtT1tN2hN1_QqC1wN1 : 40420.7964461 (2.04)%
           QqC1wN1_QqGtT1bC1wN1 : 40120.4498233 (2.03)%
                QqC1wN1_QqC1wN1 : 37580.1493901 (1.90)%
                QqC1wN1_QqN2hN1 : 35916.8468358 (1.81)%
          GtT1bC1wN1_GtT1tN2hN1 : 33497.5395769 (1.69)%
          GtT1tN3wC1wN1_QqC1wN1 : 23159.3816489 (1.17)%
        GtT1tN2hN1_QqGtT1bC1wN1 : 21576.5578630 (1.09)%
        GtT1bC1wN1_QqGtT1tN2hN1 : 21576.5578630 (1.09)%
             GtT1tN2hN1_QqN2hN1 : 19315.8832322 (0.98)%
       GtT1bC1wN1_GtT1tN3wC1wN1 : 19192.6525841 (0.97)%
           QqGtT1bC1wN1_QqN2hN1 : 19172.3566121 (0.97)%
          GtT1bC2wN2hN1_QqC1wN1 : 15332.1837466 (0.77)%
           QqC1wN1_QqGtT1tN2hN1 : 14973.4995858 (0.76)%
          GtT1bC2zC1wN1_QqC1wN1 : 14849.1480673 (0.75)%
          GtT1bC2hC1wN1_QqC1wN1 : 13397.6744698 (0.68)%
       GtT1bC1wN1_GtT1bC2wN2hN1 : 12706.0938183 (0.64)%
     GtT1tN3wC1wN1_QqGtT1bC1wN1 : 12362.4416675 (0.62)%
     GtT1bC1wN1_QqGtT1tN3wC1wN1 : 12362.4416675 (0.62)%
       GtT1bC1wN1_GtT1bC2zC1wN1 : 12305.7922852 (0.62)%
                GtT1tN1_QqC1wN1 : 11374.5851070 (0.57)%
       GtT1bC1wN1_GtT1bC2hC1wN1 : 11102.9264698 (0.56)%
          GtT1tN3wC1wN1_QqN2hN1 : 11067.1721241 (0.56)%
      QqGtT1bC1wN1_QqGtT1bC1wN1 : 10708.1166530 (0.54)%
             GbB1tC1wN1_QqC1wN1 : 10144.8140128 (0.51)%
          GtT1tN3zN2hN1_QqC1wN1 : 9638.9183116 (0.49)%
          GbB1tC2wN2hN1_QqC1wN1 : 9470.8396603 (0.48)%
             GtT1bC1wN1_GtT1tN1 : 9426.3509948 (0.48)%
              T1bC1wN1_T1bC1wN1 : 9328.4972866 (0.47)%
          GbB1tC2zC1wN1_QqC1wN1 : 9172.4638030 (0.46)%
                QqN2hN1_QqN2hN1 : 8581.7905701 (0.43)%
        QqC1wN1_QqGtT1tN3wC1wN1 : 8579.1726541 (0.43)%
          GbB1tC1wN1_GtT1bC1wN1 : 8407.2145721 (0.42)%
          GbB1tC2hC1wN1_QqC1wN1 : 8275.8743843 (0.42)%
     GtT1bC1wN1_QqGtT1bC2wN2hN1 : 8184.2956810 (0.41)%
     GtT1bC2wN2hN1_QqGtT1bC1wN1 : 8184.2956810 (0.41)%
                    C1wN1_N2zN1 : 8069.9988091 (0.41)%
        GtT1tN2hN1_QqGtT1tN2hN1 : 8052.6659509 (0.41)%
      QqGtT1bC1wN1_QqGtT1tN2hN1 : 7992.8306375 (0.40)%
       GtT1bC1wN1_GtT1tN3zN2hN1 : 7987.9684719 (0.40)%
     GtT1bC2zC1wN1_QqGtT1bC1wN1 : 7926.4519915 (0.40)%
     GtT1bC1wN1_QqGtT1bC2zC1wN1 : 7926.4519915 (0.40)%
       GbB1tC2wN2hN1_GtT1bC1wN1 : 7848.6782607 (0.40)%
       GbB1tC2zC1wN1_GtT1bC1wN1 : 7601.4080937 (0.38)%
          GtT1bC2wN2hN1_QqN2hN1 : 7326.7895980 (0.37)%
       GtT1tN2hN1_GtT1tN3wC1wN1 : 7162.9599565 (0.36)%
           QqGtT1tN2hN1_QqN2hN1 : 7155.3852226 (0.36)%
     GtT1bC2hC1wN1_QqGtT1bC1wN1 : 7151.6576575 (0.36)%
     GtT1bC1wN1_QqGtT1bC2hC1wN1 : 7151.6576575 (0.36)%
          GtT1bC2zC1wN1_QqN2hN1 : 7095.9613710 (0.36)%
              T1bC1wN1_T1tN2hN1 : 6963.0450742 (0.35)%
       GbB1tC2hC1wN1_GtT1bC1wN1 : 6858.3861303 (0.35)%
          GtT1bC2hC1wN1_QqN2hN1 : 6402.3457822 (0.32)%
          GtT1tN2hN1_GtT1tN2hN1 : 6250.8695340 (0.32)%
           GtT1tN1_QqGtT1bC1wN1 : 6071.7357229 (0.31)%
           GtT1bC1wN1_QqGtT1tN1 : 6071.7357229 (0.31)%
        QqC1wN1_QqGtT1bC2wN2hN1 : 5679.6616387 (0.29)%
        QqC1wN1_QqGtT1bC2zC1wN1 : 5500.7256656 (0.28)%
                GtT1tN1_QqN2hN1 : 5435.5722068 (0.27)%
        GtT1bC1wN1_QqGbB1tC1wN1 : 5415.2858381 (0.27)%
        GbB1tC1wN1_QqGtT1bC1wN1 : 5415.2858381 (0.27)%
     GtT1tN3zN2hN1_QqGtT1bC1wN1 : 5145.2395047 (0.26)%
     GtT1bC1wN1_QqGtT1tN3zN2hN1 : 5145.2395047 (0.26)%
     GtT1bC1wN1_QqGbB1tC2wN2hN1 : 5055.5193838 (0.26)%
     GbB1tC2wN2hN1_QqGtT1bC1wN1 : 5055.5193838 (0.26)%
        QqC1wN1_QqGtT1bC2hC1wN1 : 4963.0410769 (0.25)%
     GtT1bC1wN1_QqGbB1tC2zC1wN1 : 4896.2468183 (0.25)%
     GbB1tC2zC1wN1_QqGtT1bC1wN1 : 4896.2468183 (0.25)%
             GbB1tC1wN1_QqN2hN1 : 4847.9015782 (0.24)%
             GbB1bN2hN1_QqC1wN1 : 4795.6596279 (0.24)%
       GtT1bC2wN2hN1_GtT1tN2hN1 : 4742.0876726 (0.24)%
     GtT1tN3wC1wN1_QqGtT1tN2hN1 : 4613.8319985 (0.23)%
     GtT1tN2hN1_QqGtT1tN3wC1wN1 : 4613.8319985 (0.23)%
          GtT1tN3zN2hN1_QqN2hN1 : 4606.1492341 (0.23)%
       GtT1bC2zC1wN1_GtT1tN2hN1 : 4592.6896756 (0.23)%
   QqGtT1bC1wN1_QqGtT1tN3wC1wN1 : 4579.5489318 (0.23)%
             GtT1tN3zN1_QqC1wN1 : 4526.1962662 (0.23)%
          GbB1tC2wN2hN1_QqN2hN1 : 4525.8295005 (0.23)%
     GtT1bC1wN1_QqGbB1tC2hC1wN1 : 4417.6487902 (0.22)%
     GbB1tC2hC1wN1_QqGtT1bC1wN1 : 4417.6487902 (0.22)%
             GtT1bC2wN1_QqC1wN1 : 4390.2529812 (0.22)%
          GbB1tC2zC1wN1_QqN2hN1 : 4383.2446500 (0.22)%
              QqC1wN1_QqGtT1tN1 : 4213.6068649 (0.21)%
       GtT1bC2hC1wN1_GtT1tN2hN1 : 4143.7637322 (0.21)%
        QqGtT1tN3wC1wN1_QqN2hN1 : 4099.7286493 (0.21)%
           T1bC1wN1_T1tN3wC1wN1 : 3989.5259987 (0.20)%
          GbB1bN2hN1_GtT1bC1wN1 : 3974.2610811 (0.20)%
          GbB1tC2hC1wN1_QqN2hN1 : 3954.7915258 (0.20)%
           QqC1wN1_QqGbB1tC1wN1 : 3758.0498599 (0.19)%
          GtT1bC1wN1_GtT1tN3zN1 : 3750.9512897 (0.19)%
          GtT1bC1wN1_GtT1bC2wN1 : 3638.2923129 (0.18)%
        QqC1wN1_QqGtT1tN3zN2hN1 : 3570.6456091 (0.18)%
             GtT1tN1_GtT1tN2hN1 : 3518.0428769 (0.18)%
        QqC1wN1_QqGbB1tC2wN2hN1 : 3508.3824714 (0.18)%
        QqC1wN1_QqGbB1tC2zC1wN1 : 3397.8519730 (0.17)%
                GtT1bC1wN1_QqN1 : 3204.7077378 (0.16)%
          GbB1tC1wN1_GtT1tN2hN1 : 3137.6872510 (0.16)%
        QqC1wN1_QqGbB1tC2hC1wN1 : 3065.7189507 (0.15)%
     GtT1bC2wN2hN1_QqGtT1tN2hN1 : 3054.4908776 (0.15)%
     GtT1tN2hN1_QqGtT1bC2wN2hN1 : 3054.4908776 (0.15)%
   QqGtT1bC1wN1_QqGtT1bC2wN2hN1 : 3031.7944911 (0.15)%
       GtT1tN2hN1_GtT1tN3zN2hN1 : 2981.2188830 (0.15)%
     GtT1bC2zC1wN1_QqGtT1tN2hN1 : 2958.2600927 (0.15)%
     GtT1tN2hN1_QqGtT1bC2zC1wN1 : 2958.2600927 (0.15)%
   QqGtT1bC1wN1_QqGtT1bC2zC1wN1 : 2936.2787488 (0.15)%
       GbB1tC2wN2hN1_GtT1tN2hN1 : 2929.2338746 (0.15)%
       GbB1tC2zC1wN1_GtT1tN2hN1 : 2836.9492726 (0.14)%
    GtT1bC2wN2hN1_GtT1tN3wC1wN1 : 2717.0127231 (0.14)%
        QqGtT1bC2wN2hN1_QqN2hN1 : 2714.1395187 (0.14)%
             GbB1tC2wN1_QqC1wN1 : 2711.9021491 (0.14)%
     GtT1bC2hC1wN1_QqGtT1tN2hN1 : 2669.0962700 (0.13)%
     GtT1tN2hN1_QqGtT1bC2hC1wN1 : 2669.0962700 (0.13)%
   QqGtT1bC1wN1_QqGtT1bC2hC1wN1 : 2649.2635571 (0.13)%
  GtT1tN3wC1wN1_QqGtT1tN3wC1wN1 : 2643.5277261 (0.13)%
           T1bC1wN1_T1bC2wN2hN1 : 2641.1821612 (0.13)%
    GtT1bC2zC1wN1_GtT1tN3wC1wN1 : 2631.4140825 (0.13)%
        QqGtT1bC2zC1wN1_QqN2hN1 : 2628.6313975 (0.13)%
        GbB1bN2hN1_QqGtT1bC1wN1 : 2559.9156016 (0.13)%
        GtT1bC1wN1_QqGbB1bN2hN1 : 2559.9156016 (0.13)%
       GbB1tC2hC1wN1_GtT1tN2hN1 : 2559.6433324 (0.13)%
           T1bC1wN1_T1bC2zC1wN1 : 2557.9725388 (0.13)%
             GtT1bC1wN1_QqN2zN1 : 2492.7768113 (0.13)%
        GtT1tN3zN1_QqGtT1bC1wN1 : 2416.0764810 (0.12)%
        GtT1bC1wN1_QqGtT1tN3zN1 : 2416.0764810 (0.12)%
    GtT1bC2hC1wN1_GtT1tN3wC1wN1 : 2374.1987832 (0.12)%
        QqGtT1bC2hC1wN1_QqN2hN1 : 2371.6880999 (0.12)%
        GtT1bC2wN1_QqGtT1bC1wN1 : 2343.5101683 (0.12)%
        GtT1bC1wN1_QqGtT1bC2wN1 : 2343.5101683 (0.12)%
           T1bC1wN1_T1bC2hC1wN1 : 2307.9359989 (0.12)%
             GbB1bN2hN1_QqN2hN1 : 2291.7015383 (0.12)%
           GtT1tN1_QqGtT1tN2hN1 : 2266.0546612 (0.11)%
           GtT1tN2hN1_QqGtT1tN1 : 2266.0546612 (0.11)%
         QqGtT1bC1wN1_QqGtT1tN1 : 2249.2167479 (0.11)%
          GbB1tC2wN1_GtT1bC1wN1 : 2247.4086994 (0.11)%
                   QqC1wN1_QqN1 : 2223.9733645 (0.11)%
             GtT1tN3zN1_QqN2hN1 : 2162.9331001 (0.11)%
             GtT1bC2wN1_QqN2hN1 : 2097.9698917 (0.11)%
    GtT1tN3wC1wN1_GtT1tN3wC1wN1 : 2052.0343233 (0.10)%
        GtT1tN2hN1_QqGbB1tC1wN1 : 2021.0586025 (0.10)%
        GbB1tC1wN1_QqGtT1tN2hN1 : 2021.0586025 (0.10)%
          GtT1tN1_GtT1tN3wC1wN1 : 2015.6875867 (0.10)%
              QqGtT1tN1_QqN2hN1 : 2013.5560242 (0.10)%
      QqGbB1tC1wN1_QqGtT1bC1wN1 : 2006.0411319 (0.10)%
                 T1bC1wN1_T1tN1 : 1959.4306833 (0.10)%
             GtT1tN2zN1_QqC1wN1 : 1946.8442668 (0.10)%
          GtT1bC1wN1_QqC2wN2hN1 : 1928.3205492 (0.10)%
     GtT1tN3zN2hN1_QqGtT1tN2hN1 : 1920.2736244 (0.10)%
     GtT1tN2hN1_QqGtT1tN3zN2hN1 : 1920.2736244 (0.10)%
   QqGtT1bC1wN1_QqGtT1tN3zN2hN1 : 1906.0050362 (0.10)%
     GtT1tN2hN1_QqGbB1tC2wN2hN1 : 1886.7888504 (0.10)%
     GbB1tC2wN2hN1_QqGtT1tN2hN1 : 1886.7888504 (0.10)%
   QqGbB1tC2wN2hN1_QqGtT1bC1wN1 : 1872.7690708 (0.09)%
          GtT1bC1wN1_QqC2zC1wN1 : 1867.5694101 (0.09)%
     GtT1tN2hN1_QqGbB1tC2zC1wN1 : 1827.3461546 (0.09)%
     GbB1tC2zC1wN1_QqGtT1tN2hN1 : 1827.3461546 (0.09)%
   QqGbB1tC2zC1wN1_QqGtT1bC1wN1 : 1813.7680638 (0.09)%
       GbB1tC1wN1_GtT1tN3wC1wN1 : 1797.7601366 (0.09)%
           QqGbB1tC1wN1_QqN2hN1 : 1795.8590294 (0.09)%
           QqC1wN1_QqGbB1bN2hN1 : 1776.5064958 (0.09)%
  GtT1tN3wC1wN1_QqGtT1bC2wN2hN1 : 1750.0921851 (0.09)%
  GtT1bC2wN2hN1_QqGtT1tN3wC1wN1 : 1750.0921851 (0.09)%
    GtT1bC2wN2hN1_GtT1bC2zC1wN1 : 1742.0726010 (0.09)%
                QqC1wN1_QqN2zN1 : 1729.9141406 (0.09)%
   QqGtT1tN2hN1_QqGtT1tN3wC1wN1 : 1709.1501799 (0.09)%
    GtT1tN3wC1wN1_GtT1tN3zN2hN1 : 1708.1104768 (0.09)%
        QqGtT1tN3zN2hN1_QqN2hN1 : 1706.3041729 (0.09)%
  GtT1tN3wC1wN1_QqGtT1bC2zC1wN1 : 1694.9560753 (0.09)%
  GtT1bC2zC1wN1_QqGtT1tN3wC1wN1 : 1694.9560753 (0.09)%
          GtT1bC1wN1_QqC2hC1wN1 : 1685.0183521 (0.09)%
    GbB1tC2wN2hN1_GtT1tN3wC1wN1 : 1678.3252980 (0.08)%
           QqC1wN1_QqGtT1tN3zN1 : 1676.6863564 (0.08)%
        QqGbB1tC2wN2hN1_QqN2hN1 : 1676.5504916 (0.08)%
           T1bC1wN1_T1tN3zN2hN1 : 1660.4379075 (0.08)%
     GtT1tN2hN1_QqGbB1tC2hC1wN1 : 1648.7268369 (0.08)%
     GbB1tC2hC1wN1_QqGtT1tN2hN1 : 1648.7268369 (0.08)%
   QqGbB1tC2hC1wN1_QqGtT1bC1wN1 : 1636.4759764 (0.08)%
           QqC1wN1_QqGtT1bC2wN1 : 1626.3274595 (0.08)%
    GbB1tC2zC1wN1_GtT1tN3wC1wN1 : 1625.4501816 (0.08)%
                       C1wN1_N1 : 1624.0397567 (0.08)%
        QqGbB1tC2zC1wN1_QqN2hN1 : 1623.7312899 (0.08)%
          GtT1bC1wN1_GtT1tN2zN1 : 1613.3896066 (0.08)%
    GtT1bC2hC1wN1_GtT1bC2wN2hN1 : 1571.7885972 (0.08)%
                    N2hN1_N2hN1 : 1556.4037668 (0.08)%
  GtT1tN3wC1wN1_QqGtT1bC2hC1wN1 : 1529.2776147 (0.08)%
  GtT1bC2hC1wN1_QqGtT1tN3wC1wN1 : 1529.2776147 (0.08)%
    GtT1bC2hC1wN1_GtT1bC2zC1wN1 : 1522.2698864 (0.08)%
          GtT1bC1wN1_QqN4wC1wN1 : 1493.1852677 (0.08)%
      QqGtT1tN2hN1_QqGtT1tN2hN1 : 1491.5167548 (0.08)%
           T1tN2hN1_T1tN3wC1wN1 : 1488.9455665 (0.08)%
          GbB1bN2hN1_GtT1tN2hN1 : 1483.2484908 (0.07)%
    GbB1tC2hC1wN1_GtT1tN3wC1wN1 : 1466.5657788 (0.07)%
        QqGbB1tC2hC1wN1_QqN2hN1 : 1465.0149052 (0.07)%
        GtT1bC1wN1_QqGbB1tC2wN1 : 1447.6091216 (0.07)%
        GbB1tC2wN1_QqGtT1bC1wN1 : 1447.6091216 (0.07)%
          GtT1tN2hN1_GtT1tN3zN1 : 1399.9062281 (0.07)%
          GtT1bC2wN1_GtT1tN2hN1 : 1357.8603600 (0.07)%
             QqC1wN1_QqC2wN2hN1 : 1338.1980169 (0.07)%
          GtT1bC2wN2hN1_GtT1tN1 : 1334.4437656 (0.07)%
              T1tN2hN1_T1tN2hN1 : 1299.3517395 (0.07)%
        GtT1tN3wC1wN1_QqGtT1tN1 : 1298.3520700 (0.07)%
        GtT1tN1_QqGtT1tN3wC1wN1 : 1298.3520700 (0.07)%
             QqC1wN1_QqC2zC1wN1 : 1296.0385047 (0.07)%
             GbB1tC2wN1_QqN2hN1 : 1295.9364944 (0.07)%
          GtT1bC2zC1wN1_GtT1tN1 : 1292.4025298 (0.07)%
          GbB1wT1bC1wN1_QqC1wN1 : 1276.2177251 (0.06)%
                GtT1tN2hN1_QqN1 : 1196.0406774 (0.06)%
       GbB1tC1wN1_GtT1bC2wN2hN1 : 1190.1694598 (0.06)%
              QqGtT1bC1wN1_QqN1 : 1187.1535003 (0.06)%
             QqC1wN1_QqC2hC1wN1 : 1169.3534139 (0.06)%
          GtT1bC2hC1wN1_GtT1tN1 : 1166.0728481 (0.06)%
  GtT1bC2wN2hN1_QqGtT1bC2wN2hN1 : 1158.6118905 (0.06)%
     GtT1tN3wC1wN1_QqGbB1tC1wN1 : 1157.9798427 (0.06)%
     GbB1tC1wN1_QqGtT1tN3wC1wN1 : 1157.9798427 (0.06)%
       GbB1tC1wN1_GtT1bC2zC1wN1 : 1152.6735412 (0.06)%
   QqGtT1bC2wN2hN1_QqGtT1tN2hN1 : 1131.5070932 (0.06)%
    GtT1bC2wN2hN1_GtT1tN3zN2hN1 : 1130.8187795 (0.06)%
  GtT1bC2zC1wN1_QqGtT1bC2wN2hN1 : 1122.1101834 (0.06)%
  GtT1bC2wN2hN1_QqGtT1bC2zC1wN1 : 1122.1101834 (0.06)%
    GbB1tC2wN2hN1_GtT1bC2wN2hN1 : 1111.1001255 (0.06)%
              C2wN2hN1_N4wC1wN1 : 1102.9974958 (0.06)%
  GtT1tN3zN2hN1_QqGtT1tN3wC1wN1 : 1100.2343755 (0.06)%
  GtT1tN3wC1wN1_QqGtT1tN3zN2hN1 : 1100.2343755 (0.06)%
   QqGtT1bC2zC1wN1_QqGtT1tN2hN1 : 1095.8593142 (0.06)%
    GtT1bC2zC1wN1_GtT1tN3zN2hN1 : 1095.1926856 (0.06)%
  GtT1bC2zC1wN1_QqGtT1bC2zC1wN1 : 1086.7584511 (0.05)%
  GtT1tN3wC1wN1_QqGbB1tC2wN2hN1 : 1081.0490371 (0.05)%
  GbB1tC2wN2hN1_QqGtT1tN3wC1wN1 : 1081.0490371 (0.05)%
                          N1_N1 : 1079.1801352 (0.05)%
    GbB1tC2zC1wN1_GtT1bC2wN2hN1 : 1076.0952616 (0.05)%
    GbB1tC2wN2hN1_GtT1bC2zC1wN1 : 1076.0952616 (0.05)%
              C2wN2hN1_N3wC1wN1 : 1074.3368278 (0.05)%
              C2zC1wN1_N4wC1wN1 : 1068.2479028 (0.05)%
                   QqN1_QqN2hN1 : 1062.7699995 (0.05)%
       GbB1wT1bC1wN1_GtT1bC1wN1 : 1057.6276945 (0.05)%
  GtT1tN3wC1wN1_QqGbB1tC2zC1wN1 : 1046.9909235 (0.05)%
  GbB1tC2zC1wN1_QqGtT1tN3wC1wN1 : 1046.9909235 (0.05)%
    GbB1tC2zC1wN1_GtT1bC2zC1wN1 : 1042.1932152 (0.05)%
              C2zC1wN1_N3wC1wN1 : 1040.4901802 (0.05)%
       GbB1tC1wN1_GtT1bC2hC1wN1 : 1040.0020799 (0.05)%
        GtT1tN2zN1_QqGtT1bC1wN1 : 1039.2224218 (0.05)%
        GtT1bC1wN1_QqGtT1tN2zN1 : 1039.2224218 (0.05)%
             QqC1wN1_QqN4wC1wN1 : 1036.2268685 (0.05)%
              N3wC1wN1_N4wC1wN1 : 1029.2163631 (0.05)%
  GtT1bC2hC1wN1_QqGtT1bC2wN2hN1 : 1012.4262273 (0.05)%
  GtT1bC2wN2hN1_QqGtT1bC2hC1wN1 : 1012.4262273 (0.05)%
           QqC1wN1_QqGbB1tC2wN1 : 1004.5983572 (0.05)%
   QqGtT1bC2hC1wN1_QqGtT1tN2hN1 : 988.7413264 (0.05)%
    GtT1bC2hC1wN1_GtT1tN3zN2hN1 : 988.1398594 (0.05)%
           T1bC2wN2hN1_T1tN2hN1 : 985.7252391 (0.05)%
  GtT1bC2zC1wN1_QqGtT1bC2hC1wN1 : 980.5300539 (0.05)%
  GtT1bC2hC1wN1_QqGtT1bC2zC1wN1 : 980.5300539 (0.05)%
    GbB1tC2hC1wN1_GtT1bC2wN2hN1 : 970.9091692 (0.05)%
    GbB1tC2wN2hN1_GtT1bC2hC1wN1 : 970.9091692 (0.05)%
              C2hC1wN1_N4wC1wN1 : 963.8288735 (0.05)%
        GbB1bN2hN1_QqGtT1tN2hN1 : 955.3954497 (0.05)%
        GtT1tN2hN1_QqGbB1bN2hN1 : 955.3954497 (0.05)%
           T1bC2zC1wN1_T1tN2hN1 : 954.6702721 (0.05)%
      QqGbB1bN2hN1_QqGtT1bC1wN1 : 948.2963863 (0.05)%
  GtT1tN3wC1wN1_QqGbB1tC2hC1wN1 : 944.6497201 (0.05)%
  GbB1tC2hC1wN1_QqGtT1tN3wC1wN1 : 944.6497201 (0.05)%
    GbB1tC2hC1wN1_GtT1bC2zC1wN1 : 940.3209779 (0.05)%
    GbB1tC2zC1wN1_GtT1bC2hC1wN1 : 940.3209779 (0.05)%
              C2hC1wN1_N3wC1wN1 : 938.7844111 (0.05)%
             GtT1tN2hN1_QqN2zN1 : 930.3383366 (0.05)%
             GtT1tN2zN1_QqN2hN1 : 930.3383366 (0.05)%
           QqGtT1bC1wN1_QqN2zN1 : 923.4254600 (0.05)%
        GtT1tN3zN1_QqGtT1tN2hN1 : 901.7127262 (0.05)%
        GtT1tN2hN1_QqGtT1tN3zN1 : 901.7127262 (0.05)%
    GtT1bC2wN2hN1_GtT1bC2wN2hN1 : 899.3706944 (0.05)%
      QqGtT1bC1wN1_QqGtT1tN3zN1 : 895.0125522 (0.05)%
  GtT1bC2hC1wN1_QqGtT1bC2hC1wN1 : 884.6852635 (0.04)%
             GbB1tC1wN1_GtT1tN1 : 882.9586206 (0.04)%
        GtT1bC2wN1_QqGtT1tN2hN1 : 874.6299877 (0.04)%
        GtT1tN2hN1_QqGtT1bC2wN1 : 874.6299877 (0.04)%
      QqGtT1bC1wN1_QqGtT1bC2wN1 : 868.1310518 (0.04)%
           T1bC2hC1wN1_T1tN2hN1 : 861.3532220 (0.04)%
        GtT1bC2wN2hN1_QqGtT1tN1 : 859.5468051 (0.04)%
        GtT1tN1_QqGtT1bC2wN2hN1 : 859.5468051 (0.04)%
           B1tC1wN1_B1tC2wN2hN1 : 853.9831559 (0.04)%
       GbB1bN2hN1_GtT1tN3wC1wN1 : 849.8377296 (0.04)%
           QqGbB1bN2hN1_QqN2hN1 : 848.9390376 (0.04)%
    GbB1tC2hC1wN1_GtT1bC2hC1wN1 : 848.4065417 (0.04)%
    GtT1bC2zC1wN1_GtT1bC2zC1wN1 : 843.5945728 (0.04)%
         QqGtT1tN1_QqGtT1tN2hN1 : 839.4383959 (0.04)%
          GtT1tN1_GtT1tN3zN2hN1 : 838.9277522 (0.04)%
          GbB1tC2wN1_GtT1tN2hN1 : 838.7636075 (0.04)%
        GtT1bC2zC1wN1_QqGtT1tN1 : 832.4670504 (0.04)%
        GtT1tN1_QqGtT1bC2zC1wN1 : 832.4670504 (0.04)%
           B1tC1wN1_B1tC2zC1wN1 : 827.0786823 (0.04)%
                QqN2hN1_QqN2zN1 : 826.6739520 (0.04)%
          GbB1tC2wN2hN1_GtT1tN1 : 824.2989484 (0.04)%
       GtT1tN3wC1wN1_GtT1tN3zN1 : 802.0861898 (0.04)%
           QqGtT1tN3zN1_QqN2hN1 : 801.2379944 (0.04)%
          GbB1tC2zC1wN1_GtT1tN1 : 798.3296665 (0.04)%
              T1bC1wN1_T1tN3zN1 : 779.7003371 (0.04)%
       GtT1bC2wN1_GtT1tN3wC1wN1 : 777.9957118 (0.04)%
           QqGtT1bC2wN1_QqN2hN1 : 777.1729918 (0.04)%
        B1tC2wN2hN1_B1tC2zC1wN1 : 772.1314138 (0.04)%
     GtT1bC2wN2hN1_QqGbB1tC1wN1 : 766.6163109 (0.04)%
     GbB1tC1wN1_QqGtT1bC2wN2hN1 : 766.6163109 (0.04)%
              T1bC1wN1_T1bC2wN1 : 756.2822132 (0.04)%
        GtT1tN1_QqGtT1bC2hC1wN1 : 751.0951132 (0.04)%
        GtT1bC2hC1wN1_QqGtT1tN1 : 751.0951132 (0.04)%
      QqGbB1tC1wN1_QqGtT1tN2hN1 : 748.6819363 (0.04)%
       GbB1tC1wN1_GtT1tN3zN2hN1 : 748.2265012 (0.04)%
           B1tC1wN1_B1tC2hC1wN1 : 746.2334469 (0.04)%
     GtT1bC2zC1wN1_QqGbB1tC1wN1 : 742.4643026 (0.04)%
     GbB1tC1wN1_QqGtT1bC2zC1wN1 : 742.4643026 (0.04)%
          GtT1bC2wN2zN1_QqC1wN1 : 738.4657565 (0.04)%
       GbB1tC1wN1_GbB1tC2wN2hN1 : 735.1793005 (0.04)%
                 T1tN1_T1tN2hN1 : 731.2862805 (0.04)%
  GtT1tN3zN2hN1_QqGtT1bC2wN2hN1 : 728.3871334 (0.04)%
  GtT1bC2wN2hN1_QqGtT1tN3zN2hN1 : 728.3871334 (0.04)%
           QqC1wN1_QqGtT1tN2zN1 : 721.1899415 (0.04)%
          GbB1tC2hC1wN1_GtT1tN1 : 720.2945881 (0.04)%
          GtT1tN2hN1_QqC2wN2hN1 : 719.6755538 (0.04)%
  GtT1bC2wN2hN1_QqGbB1tC2wN2hN1 : 715.6858817 (0.04)%
  GbB1tC2wN2hN1_QqGtT1bC2wN2hN1 : 715.6858817 (0.04)%
        QqC2wN2hN1_QqGtT1bC1wN1 : 714.3280065 (0.04)%
       GbB1tC1wN1_GbB1tC2zC1wN1 : 712.0177054 (0.04)%
   QqGtT1tN2hN1_QqGtT1tN3zN2hN1 : 711.3470997 (0.04)%
  GtT1tN3zN2hN1_QqGtT1bC2zC1wN1 : 705.4395233 (0.04)%
  GtT1bC2zC1wN1_QqGtT1tN3zN2hN1 : 705.4395233 (0.04)%
   QqGbB1tC2wN2hN1_QqGtT1tN2hN1 : 698.9429837 (0.04)%
    GbB1tC2wN2hN1_GtT1tN3zN2hN1 : 698.5178056 (0.04)%
          GtT1tN2hN1_QqC2zC1wN1 : 697.0023993 (0.04)%
        B1tC2hC1wN1_B1tC2wN2hN1 : 696.6571606 (0.04)%
  GtT1bC2wN2hN1_QqGbB1tC2zC1wN1 : 693.1384207 (0.04)%
  GbB1tC2zC1wN1_QqGtT1bC2wN2hN1 : 693.1384207 (0.04)%
  GbB1tC2wN2hN1_QqGtT1bC2zC1wN1 : 693.1384207 (0.04)%
  GtT1bC2zC1wN1_QqGbB1tC2wN2hN1 : 693.1384207 (0.04)%
        QqC2zC1wN1_QqGtT1bC1wN1 : 691.8233248 (0.03)%
    GtT1bC2hC1wN1_GtT1bC2hC1wN1 : 686.7355723 (0.03)%
             GtT1tN3wC1wN1_QqN1 : 685.2799784 (0.03)%
     GbB1wT1bC1wN1_QqGtT1bC1wN1 : 681.2430237 (0.03)%
     GtT1bC1wN1_QqGbB1wT1bC1wN1 : 681.2430237 (0.03)%
   QqGbB1tC2zC1wN1_QqGtT1tN2hN1 : 676.9230024 (0.03)%
    GbB1tC2zC1wN1_GtT1tN3zN2hN1 : 676.5112194 (0.03)%
        B1tC2hC1wN1_B1tC2zC1wN1 : 674.7091935 (0.03)%
  GtT1bC2zC1wN1_QqGbB1tC2zC1wN1 : 671.3013104 (0.03)%
  GbB1tC2zC1wN1_QqGtT1bC2zC1wN1 : 671.3013104 (0.03)%
     GtT1bC2hC1wN1_QqGbB1tC1wN1 : 669.8899483 (0.03)%
     GbB1tC1wN1_QqGtT1bC2hC1wN1 : 669.8899483 (0.03)%
    GbB1tC2wN2hN1_GbB1tC2zC1wN1 : 664.7145541 (0.03)%
                 C1wN1_N3wC1wN1 : 661.9713726 (0.03)%
QqGtT1bC2wN2hN1_QqGtT1tN3wC1wN1 : 648.3050042 (0.03)%
       GbB1tC1wN1_GbB1tC2hC1wN1 : 642.4194432 (0.03)%
             QqC2wN2hN1_QqN2hN1 : 639.4845948 (0.03)%
              GtT1tN1_QqGtT1tN1 : 637.6774796 (0.03)%
  GtT1tN3zN2hN1_QqGtT1bC2hC1wN1 : 636.4842649 (0.03)%
  GtT1bC2hC1wN1_QqGtT1tN3zN2hN1 : 636.4842649 (0.03)%
          GtT1tN2hN1_QqC2hC1wN1 : 628.8718524 (0.03)%
QqGtT1bC2zC1wN1_QqGtT1tN3wC1wN1 : 627.8803567 (0.03)%
  GtT1bC2wN2hN1_QqGbB1tC2hC1wN1 : 625.3855696 (0.03)%
  GtT1bC2hC1wN1_QqGbB1tC2wN2hN1 : 625.3855696 (0.03)%
  GbB1tC2hC1wN1_QqGtT1bC2wN2hN1 : 625.3855696 (0.03)%
  GbB1tC2wN2hN1_QqGtT1bC2hC1wN1 : 625.3855696 (0.03)%
        QqC2hC1wN1_QqGtT1bC1wN1 : 624.1990217 (0.03)%
           T1tN2hN1_T1tN3zN2hN1 : 619.6980948 (0.03)%
             QqC2zC1wN1_QqN2hN1 : 619.3378316 (0.03)%
       GtT1bC1wN1_GtT1bC2wN2zN1 : 611.9816550 (0.03)%
   QqGbB1tC2hC1wN1_QqGtT1tN2hN1 : 610.7551750 (0.03)%
    GbB1tC2hC1wN1_GtT1tN3zN2hN1 : 610.3836430 (0.03)%
          GbB1wT1bC1wN1_QqN2hN1 : 609.8660770 (0.03)%
  GtT1bC2zC1wN1_QqGbB1tC2hC1wN1 : 605.6829918 (0.03)%
  GtT1bC2hC1wN1_QqGbB1tC2zC1wN1 : 605.6829918 (0.03)%
  GbB1tC2hC1wN1_QqGtT1bC2zC1wN1 : 605.6829918 (0.03)%
  GbB1tC2zC1wN1_QqGtT1bC2hC1wN1 : 605.6829918 (0.03)%
          GtT1tN2hN1_GtT1tN2zN1 : 602.1390267 (0.03)%
    GbB1tC2hC1wN1_GbB1tC2wN2hN1 : 599.7400774 (0.03)%
    GbB1tC2hC1wN1_GbB1tC2zC1wN1 : 580.8454528 (0.03)%
              C2wN2hN1_C2zC1wN1 : 576.1796432 (0.03)%
           GtT1tN1_QqGbB1tC1wN1 : 568.7345402 (0.03)%
           GbB1tC1wN1_QqGtT1tN1 : 568.7345402 (0.03)%
             GtT1tN3hN1_QqC1wN1 : 567.3859941 (0.03)%
QqGtT1bC2hC1wN1_QqGtT1tN3wC1wN1 : 566.5063468 (0.03)%
          GtT1bC1wN1_QqN4hN2hN1 : 565.7190694 (0.03)%
        T1bC2wN2hN1_T1tN3wC1wN1 : 564.7782583 (0.03)%
       GbB1bN2hN1_GtT1bC2wN2hN1 : 562.6172763 (0.03)%
             QqC2hC1wN1_QqN2hN1 : 558.7988359 (0.03)%
          GtT1tN2hN1_QqN4wC1wN1 : 557.2771264 (0.03)%
        QqGtT1bC1wN1_QqN4wC1wN1 : 553.1362802 (0.03)%
------------------------------------------------------------
                                              SUM=90.02%
