/Users/rafalmaselek/Projects/fastlim-1.0
 
#################################################################
#                                                               #
#                                                               #
#                     This is Fastlim  ver. 1.0                 #
#                                                               #
#          A fast LHC limit calculator for BSM models.          #
#                                                               #
#                  http://cern.ch/fastlim-1.0/                  #
#                                                               #
#  for bugs/feature requests: fastlim-1.0.developers@gmail.com  #
#                                                               #
#    please refer to:                                           #
#    M.Papucci, K.Sakurai, A.Weiler, L.Zeune arXiv:1402.xxxx    #
#                                                               #
#################################################################
 

!! Masses incompatible with the data for ERER !!

!! Problem with reading tables for ER ER !! Probably mass outside the table !! Setting xsec to 10^-20 !!

!! Masses incompatible with the data for ELEL !!

!! Problem with reading tables for EL EL !! Probably mass outside the table !! Setting xsec to 10^-20 !!

!! Masses incompatible with the data for TAU1TAU1 !!

!! Problem with reading tables for TAU1 TAU1 !! Probably mass outside the table !! Setting xsec to 10^-20 !!

!! Masses incompatible with the data for TAU2TAU2 !!

!! Problem with reading tables for TAU2 TAU2 !! Probably mass outside the table !! Setting xsec to 10^-20 !!
!! EWK PROCESS C1C2 NOT FOUND !! WILL TRY TO LOOK FOR +/- MODES !!
XSEC FOUND FOR: C1-C2+
XSEC FOUND FOR: C1+C2-
!! EWK PROCESS C1N1 NOT FOUND !! WILL TRY TO LOOK FOR +/- MODES !!
XSEC FOUND FOR: C1+N1
XSEC FOUND FOR: C1-N1
!! EWK PROCESS C1N2 NOT FOUND !! WILL TRY TO LOOK FOR +/- MODES !!
XSEC FOUND FOR: C1+N2
XSEC FOUND FOR: C1-N2
!! EWK PROCESS C1N3 NOT FOUND !! WILL TRY TO LOOK FOR +/- MODES !!
XSEC FOUND FOR: C1+N3
XSEC FOUND FOR: C1-N3
!! EWK PROCESS C1N4 NOT FOUND !! WILL TRY TO LOOK FOR +/- MODES !!
XSEC FOUND FOR: C1+N4
XSEC FOUND FOR: C1-N4
!! EWK PROCESS C2N1 NOT FOUND !! WILL TRY TO LOOK FOR +/- MODES !!
XSEC FOUND FOR: C2+N1
XSEC FOUND FOR: C2-N1
!! EWK PROCESS C2N2 NOT FOUND !! WILL TRY TO LOOK FOR +/- MODES !!
XSEC FOUND FOR: C2+N2
XSEC FOUND FOR: C2-N2
!! EWK PROCESS C2N3 NOT FOUND !! WILL TRY TO LOOK FOR +/- MODES !!
XSEC FOUND FOR: C2+N3
XSEC FOUND FOR: C2-N3
!! EWK PROCESS C2N4 NOT FOUND !! WILL TRY TO LOOK FOR +/- MODES !!
XSEC FOUND FOR: C2+N4
XSEC FOUND FOR: C2-N4
---------------  Output inclusive processes  ---------------
The total xsec = 10071.13 [fb]
The total rate = 100.00%
Output upto 0.10%
                        Modes : xsec/fb      (rate)
        QqC1eNUnN1_QqC1mNUnN1 : 120.6116392 (1.20)%
        QqC1eNUnN1_QqN2nNUnN1 : 120.0994054 (1.19)%
        QqC1mNUnN1_QqN2nNUnN1 : 120.0994054 (1.19)%
            GqQqN1_QqC1eNUnN1 : 119.5742804 (1.19)%
            GqQqN1_QqC1mNUnN1 : 119.5742804 (1.19)%
            GqQqN1_QqN2nNUnN1 : 119.0664522 (1.18)%
      QqC1eNUnN1_QqC1taNUTnN1 : 115.3425555 (1.15)%
      QqC1mNUnN1_QqC1taNUTnN1 : 115.3425555 (1.15)%
      QqC1taNUTnN1_QqN2nNUnN1 : 114.8526994 (1.14)%
          GqQqN1_QqC1taNUTnN1 : 114.3505151 (1.14)%
         QqC1eNUnN1_QqC1nEeN1 : 103.4904477 (1.03)%
         QqC1mNUnN1_QqC1nEeN1 : 103.4904477 (1.03)%
         QqC1eNUnN1_QqC1nMmN1 : 103.4904477 (1.03)%
         QqC1mNUnN1_QqC1nMmN1 : 103.4904477 (1.03)%
         QqC1nEeN1_QqN2nNUnN1 : 103.0509271 (1.02)%
         QqC1nMmN1_QqN2nNUnN1 : 103.0509271 (1.02)%
             GqQqN1_QqC1nEeN1 : 102.6003452 (1.02)%
             GqQqN1_QqC1nMmN1 : 102.6003452 (1.02)%
       QqC1nEeN1_QqC1taNUTnN1 : 98.9693266 (0.98)%
       QqC1nMmN1_QqC1taNUTnN1 : 98.9693266 (0.98)%
     QqC1eNUnN1_QqC1nTAU2taN1 : 98.1391617 (0.97)%
     QqC1mNUnN1_QqC1nTAU2taN1 : 98.1391617 (0.97)%
            C1eNUnN1_N2nNUnN1 : 97.7706106 (0.97)%
            C1mNUnN1_N2nNUnN1 : 97.7706106 (0.97)%
     QqC1nTAU2taN1_QqN2nNUnN1 : 97.7223678 (0.97)%
         GqQqN1_QqC1nTAU2taN1 : 97.2950846 (0.97)%
   QqC1nTAU2taN1_QqC1taNUTnN1 : 93.8518188 (0.93)%
          C1taNUTnN1_N2nNUnN1 : 93.4993684 (0.93)%
          QqC1nEeN1_QqC1nMmN1 : 88.7996618 (0.88)%
      QqC1nEeN1_QqC1nTAU2taN1 : 84.2080072 (0.84)%
      QqC1nMmN1_QqC1nTAU2taN1 : 84.2080072 (0.84)%
             C1nEeN1_N2nNUnN1 : 83.8917731 (0.83)%
             C1nMmN1_N2nNUnN1 : 83.8917731 (0.83)%
         C1nTAU2taN1_N2nNUnN1 : 79.5538957 (0.79)%
        QqC1eNUnN1_QqC1eNUnN1 : 60.3058196 (0.60)%
        QqC1mNUnN1_QqC1mNUnN1 : 60.3058196 (0.60)%
        QqN2nNUnN1_QqN2nNUnN1 : 59.7946735 (0.59)%
       QqC1eNUnN1_QqN2nNUTnN1 : 57.4870688 (0.57)%
       QqC1mNUnN1_QqN2nNUTnN1 : 57.4870688 (0.57)%
       QqN2nNUTnN1_QqN2nNUnN1 : 57.2429231 (0.57)%
           GqQqN1_QqN2nNUTnN1 : 56.9926330 (0.57)%
    QqC1taNUTnN1_QqC1taNUTnN1 : 55.1518295 (0.55)%
     QqC1taNUTnN1_QqN2nNUTnN1 : 54.9756680 (0.55)%
         QqC1eNUnN1_QqN2eEeN1 : 52.5690972 (0.52)%
         QqC1mNUnN1_QqN2eEeN1 : 52.5690972 (0.52)%
         QqC1eNUnN1_QqN2mMmN1 : 52.5690972 (0.52)%
         QqC1mNUnN1_QqN2mMmN1 : 52.5690972 (0.52)%
         QqN2eEeN1_QqN2nNUnN1 : 52.3458379 (0.52)%
         QqN2mMmN1_QqN2nNUnN1 : 52.3458379 (0.52)%
             GqQqN1_QqN2eEeN1 : 52.1169599 (0.52)%
             GqQqN1_QqN2mMmN1 : 52.1169599 (0.52)%
       QqC1taNUTnN1_QqN2eEeN1 : 50.2725446 (0.50)%
       QqC1taNUTnN1_QqN2mMmN1 : 50.2725446 (0.50)%
    QqC1eNUnN1_QqN2taTAU2taN1 : 49.7809637 (0.49)%
    QqC1mNUnN1_QqN2taTAU2taN1 : 49.7809637 (0.49)%
    QqN2nNUnN1_QqN2taTAU2taN1 : 49.5695455 (0.49)%
        GqQqN1_QqN2taTAU2taN1 : 49.3528066 (0.49)%
        QqC1nEeN1_QqN2nNUTnN1 : 49.3266034 (0.49)%
        QqC1nMmN1_QqN2nNUTnN1 : 49.3266034 (0.49)%
            C1eNUnN1_C1mNUnN1 : 48.9791446 (0.49)%
  QqC1taNUTnN1_QqN2taTAU2taN1 : 47.6062145 (0.47)%
          C1eNUnN1_C1taNUTnN1 : 46.8394240 (0.47)%
          C1mNUnN1_C1taNUTnN1 : 46.8394240 (0.47)%
           C1eNUnN1_N2nNUTnN1 : 46.7991145 (0.46)%
           C1mNUnN1_N2nNUTnN1 : 46.7991145 (0.46)%
    QqC1nTAU2taN1_QqN2nNUTnN1 : 46.7760224 (0.46)%
          QqC1nEeN1_QqN2eEeN1 : 45.1067529 (0.45)%
          QqC1nMmN1_QqN2eEeN1 : 45.1067529 (0.45)%
          QqC1nEeN1_QqN2mMmN1 : 45.1067529 (0.45)%
          QqC1nMmN1_QqN2mMmN1 : 45.1067529 (0.45)%
         C1taNUTnN1_N2nNUTnN1 : 44.7546314 (0.44)%
          QqC1nEeN1_QqC1nEeN1 : 44.3998309 (0.44)%
          QqC1nMmN1_QqC1nMmN1 : 44.3998309 (0.44)%
             C1eNUnN1_N2eEeN1 : 42.7954886 (0.42)%
             C1eNUnN1_N2mMmN1 : 42.7954886 (0.42)%
             C1mNUnN1_N2eEeN1 : 42.7954886 (0.42)%
             C1mNUnN1_N2mMmN1 : 42.7954886 (0.42)%
      QqC1nTAU2taN1_QqN2eEeN1 : 42.7743720 (0.42)%
      QqC1nTAU2taN1_QqN2mMmN1 : 42.7743720 (0.42)%
     QqC1nEeN1_QqN2taTAU2taN1 : 42.7144035 (0.42)%
     QqC1nMmN1_QqN2taTAU2taN1 : 42.7144035 (0.42)%
                        N1_N1 : 42.2931730 (0.42)%
             C1eNUnN1_C1nEeN1 : 42.0264051 (0.42)%
             C1mNUnN1_C1nEeN1 : 42.0264051 (0.42)%
             C1eNUnN1_C1nMmN1 : 42.0264051 (0.42)%
             C1mNUnN1_C1nMmN1 : 42.0264051 (0.42)%
           C1taNUTnN1_N2eEeN1 : 40.9259094 (0.41)%
           C1taNUTnN1_N2mMmN1 : 40.9259094 (0.41)%
        C1eNUnN1_N2taTAU2taN1 : 40.5257228 (0.40)%
        C1mNUnN1_N2taTAU2taN1 : 40.5257228 (0.40)%
 QqC1nTAU2taN1_QqN2taTAU2taN1 : 40.5057263 (0.40)%
           C1nEeN1_C1taNUTnN1 : 40.1904244 (0.40)%
           C1nMmN1_C1taNUTnN1 : 40.1904244 (0.40)%
            C1nEeN1_N2nNUTnN1 : 40.1558369 (0.40)%
            C1nMmN1_N2nNUTnN1 : 40.1558369 (0.40)%
  QqC1nTAU2taN1_QqC1nTAU2taN1 : 39.9268890 (0.40)%
         C1eNUnN1_C1nTAU2taN1 : 39.8533029 (0.40)%
         C1mNUnN1_C1nTAU2taN1 : 39.8533029 (0.40)%
      C1taNUTnN1_N2taTAU2taN1 : 38.7553015 (0.38)%
       C1nTAU2taN1_C1taNUTnN1 : 38.1122571 (0.38)%
        C1nTAU2taN1_N2nNUTnN1 : 38.0794581 (0.38)%
              C1nEeN1_N2eEeN1 : 36.7205379 (0.36)%
              C1nEeN1_N2mMmN1 : 36.7205379 (0.36)%
              C1nMmN1_N2eEeN1 : 36.7205379 (0.36)%
              C1nMmN1_N2mMmN1 : 36.7205379 (0.36)%
              C1nEeN1_C1nMmN1 : 36.0606282 (0.36)%
          C1nTAU2taN1_N2eEeN1 : 34.8217917 (0.35)%
          C1nTAU2taN1_N2mMmN1 : 34.8217917 (0.35)%
         C1nEeN1_N2taTAU2taN1 : 34.7729724 (0.35)%
         C1nMmN1_N2taTAU2taN1 : 34.7729724 (0.35)%
          C1nEeN1_C1nTAU2taN1 : 34.1960046 (0.34)%
          C1nMmN1_C1nTAU2taN1 : 34.1960046 (0.34)%
     C1nTAU2taN1_N2taTAU2taN1 : 32.9749309 (0.33)%
        QqN2eEeN1_QqN2nNUTnN1 : 25.0559840 (0.25)%
        QqN2mMmN1_QqN2nNUTnN1 : 25.0559840 (0.25)%
            C1eNUnN1_C1eNUnN1 : 24.4895723 (0.24)%
            C1mNUnN1_C1mNUnN1 : 24.4895723 (0.24)%
                GqQqN1_GqQqN1 : 23.8729544 (0.24)%
   QqN2nNUTnN1_QqN2taTAU2taN1 : 23.7270773 (0.24)%
          QqN2eEeN1_QqN2mMmN1 : 22.9124651 (0.23)%
        C1taNUTnN1_C1taNUTnN1 : 22.3965900 (0.22)%
     QqN2eEeN1_QqN2taTAU2taN1 : 21.6972453 (0.22)%
     QqN2mMmN1_QqN2taTAU2taN1 : 21.6972453 (0.22)%
              C1nEeN1_C1nEeN1 : 18.0303141 (0.18)%
              C1nMmN1_C1nMmN1 : 18.0303141 (0.18)%
      C1nTAU2taN1_C1nTAU2taN1 : 16.2138985 (0.16)%
              QqC1eNUnN1_QqN1 : 15.8111542 (0.16)%
              QqC1mNUnN1_QqN1 : 15.8111542 (0.16)%
              QqN1_QqN2nNUnN1 : 15.7440048 (0.16)%
                  GqQqN1_QqN1 : 15.6751654 (0.16)%
           GbB2bN1_QqC1eNUnN1 : 15.5722733 (0.15)%
           GbB2bN1_QqC1mNUnN1 : 15.5722733 (0.15)%
           GbB2bN1_QqN2nNUnN1 : 15.5061384 (0.15)%
            QqC1taNUTnN1_QqN1 : 15.1204224 (0.15)%
         GbB2bN1_QqC1taNUTnN1 : 14.8919774 (0.15)%
      QqN2nNUTnN1_QqN2nNUTnN1 : 13.7000173 (0.14)%
               QqC1nEeN1_QqN1 : 13.5667125 (0.13)%
               QqC1nMmN1_QqN1 : 13.5667125 (0.13)%
            GbB2bN1_QqC1nEeN1 : 13.3617414 (0.13)%
            GbB2bN1_QqC1nMmN1 : 13.3617414 (0.13)%
           QqC1nTAU2taN1_QqN1 : 12.8652046 (0.13)%
        GbB2bN1_QqC1nTAU2taN1 : 12.6708323 (0.13)%
          QqN2eEeN1_QqN2eEeN1 : 11.4562326 (0.11)%
          QqN2mMmN1_QqN2mMmN1 : 11.4562326 (0.11)%
QqN2taTAU2taN1_QqN2taTAU2taN1 : 10.2732388 (0.10)%
                  B2bN1_B2bN1 : 8.9574929 (0.09)%
------------------------------------------------------------
                                            SUM=75.46%

SHOWING PROCESSES TO GET 90.00% SUSY COVERAGE
---------------  Output inclusive processes  ---------------
The total xsec = 10071.13 [fb]
The total rate = 100.00%
                             Modes : xsec/fb      (rate)
             QqC1eNUnN1_QqC1mNUnN1 : 120.6116392 (1.20)%
             QqC1eNUnN1_QqN2nNUnN1 : 120.0994054 (1.19)%
             QqC1mNUnN1_QqN2nNUnN1 : 120.0994054 (1.19)%
                 GqQqN1_QqC1eNUnN1 : 119.5742804 (1.19)%
                 GqQqN1_QqC1mNUnN1 : 119.5742804 (1.19)%
                 GqQqN1_QqN2nNUnN1 : 119.0664522 (1.18)%
           QqC1eNUnN1_QqC1taNUTnN1 : 115.3425555 (1.15)%
           QqC1mNUnN1_QqC1taNUTnN1 : 115.3425555 (1.15)%
           QqC1taNUTnN1_QqN2nNUnN1 : 114.8526994 (1.14)%
               GqQqN1_QqC1taNUTnN1 : 114.3505151 (1.14)%
              QqC1eNUnN1_QqC1nEeN1 : 103.4904477 (1.03)%
              QqC1mNUnN1_QqC1nEeN1 : 103.4904477 (1.03)%
              QqC1eNUnN1_QqC1nMmN1 : 103.4904477 (1.03)%
              QqC1mNUnN1_QqC1nMmN1 : 103.4904477 (1.03)%
              QqC1nEeN1_QqN2nNUnN1 : 103.0509271 (1.02)%
              QqC1nMmN1_QqN2nNUnN1 : 103.0509271 (1.02)%
                  GqQqN1_QqC1nEeN1 : 102.6003452 (1.02)%
                  GqQqN1_QqC1nMmN1 : 102.6003452 (1.02)%
            QqC1nEeN1_QqC1taNUTnN1 : 98.9693266 (0.98)%
            QqC1nMmN1_QqC1taNUTnN1 : 98.9693266 (0.98)%
          QqC1eNUnN1_QqC1nTAU2taN1 : 98.1391617 (0.97)%
          QqC1mNUnN1_QqC1nTAU2taN1 : 98.1391617 (0.97)%
                 C1eNUnN1_N2nNUnN1 : 97.7706106 (0.97)%
                 C1mNUnN1_N2nNUnN1 : 97.7706106 (0.97)%
          QqC1nTAU2taN1_QqN2nNUnN1 : 97.7223678 (0.97)%
              GqQqN1_QqC1nTAU2taN1 : 97.2950846 (0.97)%
        QqC1nTAU2taN1_QqC1taNUTnN1 : 93.8518188 (0.93)%
               C1taNUTnN1_N2nNUnN1 : 93.4993684 (0.93)%
               QqC1nEeN1_QqC1nMmN1 : 88.7996618 (0.88)%
           QqC1nEeN1_QqC1nTAU2taN1 : 84.2080072 (0.84)%
           QqC1nMmN1_QqC1nTAU2taN1 : 84.2080072 (0.84)%
                  C1nEeN1_N2nNUnN1 : 83.8917731 (0.83)%
                  C1nMmN1_N2nNUnN1 : 83.8917731 (0.83)%
              C1nTAU2taN1_N2nNUnN1 : 79.5538957 (0.79)%
             QqC1eNUnN1_QqC1eNUnN1 : 60.3058196 (0.60)%
             QqC1mNUnN1_QqC1mNUnN1 : 60.3058196 (0.60)%
             QqN2nNUnN1_QqN2nNUnN1 : 59.7946735 (0.59)%
            QqC1eNUnN1_QqN2nNUTnN1 : 57.4870688 (0.57)%
            QqC1mNUnN1_QqN2nNUTnN1 : 57.4870688 (0.57)%
            QqN2nNUTnN1_QqN2nNUnN1 : 57.2429231 (0.57)%
                GqQqN1_QqN2nNUTnN1 : 56.9926330 (0.57)%
         QqC1taNUTnN1_QqC1taNUTnN1 : 55.1518295 (0.55)%
          QqC1taNUTnN1_QqN2nNUTnN1 : 54.9756680 (0.55)%
              QqC1eNUnN1_QqN2eEeN1 : 52.5690972 (0.52)%
              QqC1mNUnN1_QqN2eEeN1 : 52.5690972 (0.52)%
              QqC1eNUnN1_QqN2mMmN1 : 52.5690972 (0.52)%
              QqC1mNUnN1_QqN2mMmN1 : 52.5690972 (0.52)%
              QqN2eEeN1_QqN2nNUnN1 : 52.3458379 (0.52)%
              QqN2mMmN1_QqN2nNUnN1 : 52.3458379 (0.52)%
                  GqQqN1_QqN2eEeN1 : 52.1169599 (0.52)%
                  GqQqN1_QqN2mMmN1 : 52.1169599 (0.52)%
            QqC1taNUTnN1_QqN2eEeN1 : 50.2725446 (0.50)%
            QqC1taNUTnN1_QqN2mMmN1 : 50.2725446 (0.50)%
         QqC1eNUnN1_QqN2taTAU2taN1 : 49.7809637 (0.49)%
         QqC1mNUnN1_QqN2taTAU2taN1 : 49.7809637 (0.49)%
         QqN2nNUnN1_QqN2taTAU2taN1 : 49.5695455 (0.49)%
             GqQqN1_QqN2taTAU2taN1 : 49.3528066 (0.49)%
             QqC1nEeN1_QqN2nNUTnN1 : 49.3266034 (0.49)%
             QqC1nMmN1_QqN2nNUTnN1 : 49.3266034 (0.49)%
                 C1eNUnN1_C1mNUnN1 : 48.9791446 (0.49)%
       QqC1taNUTnN1_QqN2taTAU2taN1 : 47.6062145 (0.47)%
               C1eNUnN1_C1taNUTnN1 : 46.8394240 (0.47)%
               C1mNUnN1_C1taNUTnN1 : 46.8394240 (0.47)%
                C1eNUnN1_N2nNUTnN1 : 46.7991145 (0.46)%
                C1mNUnN1_N2nNUTnN1 : 46.7991145 (0.46)%
         QqC1nTAU2taN1_QqN2nNUTnN1 : 46.7760224 (0.46)%
               QqC1nEeN1_QqN2eEeN1 : 45.1067529 (0.45)%
               QqC1nMmN1_QqN2eEeN1 : 45.1067529 (0.45)%
               QqC1nEeN1_QqN2mMmN1 : 45.1067529 (0.45)%
               QqC1nMmN1_QqN2mMmN1 : 45.1067529 (0.45)%
              C1taNUTnN1_N2nNUTnN1 : 44.7546314 (0.44)%
               QqC1nEeN1_QqC1nEeN1 : 44.3998309 (0.44)%
               QqC1nMmN1_QqC1nMmN1 : 44.3998309 (0.44)%
                  C1eNUnN1_N2eEeN1 : 42.7954886 (0.42)%
                  C1eNUnN1_N2mMmN1 : 42.7954886 (0.42)%
                  C1mNUnN1_N2eEeN1 : 42.7954886 (0.42)%
                  C1mNUnN1_N2mMmN1 : 42.7954886 (0.42)%
           QqC1nTAU2taN1_QqN2eEeN1 : 42.7743720 (0.42)%
           QqC1nTAU2taN1_QqN2mMmN1 : 42.7743720 (0.42)%
          QqC1nEeN1_QqN2taTAU2taN1 : 42.7144035 (0.42)%
          QqC1nMmN1_QqN2taTAU2taN1 : 42.7144035 (0.42)%
                             N1_N1 : 42.2931730 (0.42)%
                  C1eNUnN1_C1nEeN1 : 42.0264051 (0.42)%
                  C1mNUnN1_C1nEeN1 : 42.0264051 (0.42)%
                  C1eNUnN1_C1nMmN1 : 42.0264051 (0.42)%
                  C1mNUnN1_C1nMmN1 : 42.0264051 (0.42)%
                C1taNUTnN1_N2eEeN1 : 40.9259094 (0.41)%
                C1taNUTnN1_N2mMmN1 : 40.9259094 (0.41)%
             C1eNUnN1_N2taTAU2taN1 : 40.5257228 (0.40)%
             C1mNUnN1_N2taTAU2taN1 : 40.5257228 (0.40)%
      QqC1nTAU2taN1_QqN2taTAU2taN1 : 40.5057263 (0.40)%
                C1nEeN1_C1taNUTnN1 : 40.1904244 (0.40)%
                C1nMmN1_C1taNUTnN1 : 40.1904244 (0.40)%
                 C1nEeN1_N2nNUTnN1 : 40.1558369 (0.40)%
                 C1nMmN1_N2nNUTnN1 : 40.1558369 (0.40)%
       QqC1nTAU2taN1_QqC1nTAU2taN1 : 39.9268890 (0.40)%
              C1eNUnN1_C1nTAU2taN1 : 39.8533029 (0.40)%
              C1mNUnN1_C1nTAU2taN1 : 39.8533029 (0.40)%
           C1taNUTnN1_N2taTAU2taN1 : 38.7553015 (0.38)%
            C1nTAU2taN1_C1taNUTnN1 : 38.1122571 (0.38)%
             C1nTAU2taN1_N2nNUTnN1 : 38.0794581 (0.38)%
                   C1nEeN1_N2eEeN1 : 36.7205379 (0.36)%
                   C1nEeN1_N2mMmN1 : 36.7205379 (0.36)%
                   C1nMmN1_N2eEeN1 : 36.7205379 (0.36)%
                   C1nMmN1_N2mMmN1 : 36.7205379 (0.36)%
                   C1nEeN1_C1nMmN1 : 36.0606282 (0.36)%
               C1nTAU2taN1_N2eEeN1 : 34.8217917 (0.35)%
               C1nTAU2taN1_N2mMmN1 : 34.8217917 (0.35)%
              C1nEeN1_N2taTAU2taN1 : 34.7729724 (0.35)%
              C1nMmN1_N2taTAU2taN1 : 34.7729724 (0.35)%
               C1nEeN1_C1nTAU2taN1 : 34.1960046 (0.34)%
               C1nMmN1_C1nTAU2taN1 : 34.1960046 (0.34)%
          C1nTAU2taN1_N2taTAU2taN1 : 32.9749309 (0.33)%
             QqN2eEeN1_QqN2nNUTnN1 : 25.0559840 (0.25)%
             QqN2mMmN1_QqN2nNUTnN1 : 25.0559840 (0.25)%
                 C1eNUnN1_C1eNUnN1 : 24.4895723 (0.24)%
                 C1mNUnN1_C1mNUnN1 : 24.4895723 (0.24)%
                     GqQqN1_GqQqN1 : 23.8729544 (0.24)%
        QqN2nNUTnN1_QqN2taTAU2taN1 : 23.7270773 (0.24)%
               QqN2eEeN1_QqN2mMmN1 : 22.9124651 (0.23)%
             C1taNUTnN1_C1taNUTnN1 : 22.3965900 (0.22)%
          QqN2eEeN1_QqN2taTAU2taN1 : 21.6972453 (0.22)%
          QqN2mMmN1_QqN2taTAU2taN1 : 21.6972453 (0.22)%
                   C1nEeN1_C1nEeN1 : 18.0303141 (0.18)%
                   C1nMmN1_C1nMmN1 : 18.0303141 (0.18)%
           C1nTAU2taN1_C1nTAU2taN1 : 16.2138985 (0.16)%
                   QqC1eNUnN1_QqN1 : 15.8111542 (0.16)%
                   QqC1mNUnN1_QqN1 : 15.8111542 (0.16)%
                   QqN1_QqN2nNUnN1 : 15.7440048 (0.16)%
                       GqQqN1_QqN1 : 15.6751654 (0.16)%
                GbB2bN1_QqC1eNUnN1 : 15.5722733 (0.15)%
                GbB2bN1_QqC1mNUnN1 : 15.5722733 (0.15)%
                GbB2bN1_QqN2nNUnN1 : 15.5061384 (0.15)%
                 QqC1taNUTnN1_QqN1 : 15.1204224 (0.15)%
              GbB2bN1_QqC1taNUTnN1 : 14.8919774 (0.15)%
           QqN2nNUTnN1_QqN2nNUTnN1 : 13.7000173 (0.14)%
                    QqC1nEeN1_QqN1 : 13.5667125 (0.13)%
                    QqC1nMmN1_QqN1 : 13.5667125 (0.13)%
                 GbB2bN1_QqC1nEeN1 : 13.3617414 (0.13)%
                 GbB2bN1_QqC1nMmN1 : 13.3617414 (0.13)%
                QqC1nTAU2taN1_QqN1 : 12.8652046 (0.13)%
             GbB2bN1_QqC1nTAU2taN1 : 12.6708323 (0.13)%
               QqN2eEeN1_QqN2eEeN1 : 11.4562326 (0.11)%
               QqN2mMmN1_QqN2mMmN1 : 11.4562326 (0.11)%
     QqN2taTAU2taN1_QqN2taTAU2taN1 : 10.2732388 (0.10)%
                       B2bN1_B2bN1 : 8.9574929 (0.09)%
     QqC1eNUnN1_QqC1taNUTwTAU1taN1 : 7.6627537 (0.08)%
     QqC1mNUnN1_QqC1taNUTwTAU1taN1 : 7.6627537 (0.08)%
     QqC1taNUTwTAU1taN1_QqN2nNUnN1 : 7.6302102 (0.08)%
         GqQqN1_QqC1taNUTwTAU1taN1 : 7.5968478 (0.08)%
                  QqN1_QqN2nNUTnN1 : 7.5360630 (0.07)%
               GbB2bN1_QqN2nNUTnN1 : 7.4222053 (0.07)%
   QqC1taNUTnN1_QqC1taNUTwTAU1taN1 : 7.3279959 (0.07)%
                    QqN1_QqN2eEeN1 : 6.8913590 (0.07)%
                    QqN1_QqN2mMmN1 : 6.8913590 (0.07)%
                 GbB2bN1_QqN2eEeN1 : 6.7872417 (0.07)%
                 GbB2bN1_QqN2mMmN1 : 6.7872417 (0.07)%
      QqC1nEeN1_QqC1taNUTwTAU1taN1 : 6.5750024 (0.07)%
      QqC1nMmN1_QqC1taNUTwTAU1taN1 : 6.5750024 (0.07)%
               QqN1_QqN2taTAU2taN1 : 6.5258585 (0.06)%
            GbB2bN1_QqN2taTAU2taN1 : 6.4272634 (0.06)%
  QqC1nTAU2taN1_QqC1taNUTwTAU1taN1 : 6.2350220 (0.06)%
                    GbB2bN1_GqQqN1 : 6.2179955 (0.06)%
         C1taNUTwTAU1taN1_N2nNUnN1 : 6.2116071 (0.06)%
                GtT1tN1_QqC1eNUnN1 : 5.2615032 (0.05)%
                GtT1tN1_QqC1mNUnN1 : 5.2615032 (0.05)%
                GtT1tN1_QqN2nNUnN1 : 5.2391577 (0.05)%
              GtT1tN1_QqC1taNUTnN1 : 5.0316472 (0.05)%
                 GtT1tN1_QqC1nEeN1 : 4.5146167 (0.04)%
                 GtT1tN1_QqC1nMmN1 : 4.5146167 (0.04)%
             GtT1tN1_QqC1nTAU2taN1 : 4.2811748 (0.04)%
      QqC1eNUnN1_QqN2nNUTwTAU1taN1 : 3.8191390 (0.04)%
      QqC1mNUnN1_QqN2nNUTwTAU1taN1 : 3.8191390 (0.04)%
      QqN2nNUTwTAU1taN1_QqN2nNUnN1 : 3.8029192 (0.04)%
          QqC1eNUnN1_QqC1nTAU1taN1 : 3.8008945 (0.04)%
          QqC1mNUnN1_QqC1nTAU1taN1 : 3.8008945 (0.04)%
          GqQqN1_QqN2nNUTwTAU1taN1 : 3.7862913 (0.04)%
          QqC1nTAU1taN1_QqN2nNUnN1 : 3.7847522 (0.04)%
              GqQqN1_QqC1nTAU1taN1 : 3.7682037 (0.04)%
    QqC1taNUTnN1_QqN2nNUTwTAU1taN1 : 3.6522947 (0.04)%
    QqC1taNUTwTAU1taN1_QqN2nNUTnN1 : 3.6522947 (0.04)%
        QqC1nTAU1taN1_QqC1taNUTnN1 : 3.6348472 (0.04)%
     QqC1eNUnN1_QqC1nTAU2hTAU1taN1 : 3.5416618 (0.04)%
     QqC1mNUnN1_QqC1nTAU2hTAU1taN1 : 3.5416618 (0.04)%
     QqC1nTAU2hTAU1taN1_QqN2nNUnN1 : 3.5266205 (0.04)%
         GqQqN1_QqC1nTAU2hTAU1taN1 : 3.5112006 (0.03)%
   QqC1nTAU2hTAU1taN1_QqC1taNUTnN1 : 3.3869395 (0.03)%
      QqC1taNUTwTAU1taN1_QqN2eEeN1 : 3.3398439 (0.03)%
      QqC1taNUTwTAU1taN1_QqN2mMmN1 : 3.3398439 (0.03)%
       QqC1nEeN1_QqN2nNUTwTAU1taN1 : 3.2770005 (0.03)%
       QqC1nMmN1_QqN2nNUTwTAU1taN1 : 3.2770005 (0.03)%
     QqC1eNUnN1_QqC1nTAU2zTAU1taN1 : 3.2701464 (0.03)%
     QqC1mNUnN1_QqC1nTAU2zTAU1taN1 : 3.2701464 (0.03)%
           QqC1nEeN1_QqC1nTAU1taN1 : 3.2613459 (0.03)%
           QqC1nMmN1_QqC1nTAU1taN1 : 3.2613459 (0.03)%
     QqC1nTAU2zTAU1taN1_QqN2nNUnN1 : 3.2562581 (0.03)%
         GqQqN1_QqC1nTAU2zTAU1taN1 : 3.2420204 (0.03)%
             GtT1bC2wN1_QqC1eNUnN1 : 3.1898653 (0.03)%
             GtT1bC2wN1_QqC1mNUnN1 : 3.1898653 (0.03)%
             GtT1bC2wN1_QqN2nNUnN1 : 3.1763180 (0.03)%
 QqC1taNUTwTAU1taN1_QqN2taTAU2taN1 : 3.1627069 (0.03)%
                 N2nNUnN1_N2nNUnN1 : 3.1463647 (0.03)%
   QqC1nTAU2zTAU1taN1_QqC1taNUTnN1 : 3.1272856 (0.03)%
         C1eNUnN1_C1taNUTwTAU1taN1 : 3.1117654 (0.03)%
         C1mNUnN1_C1taNUTwTAU1taN1 : 3.1117654 (0.03)%
          C1eNUnN1_N2nNUTwTAU1taN1 : 3.1090874 (0.03)%
          C1mNUnN1_N2nNUTwTAU1taN1 : 3.1090874 (0.03)%
   QqC1nTAU2taN1_QqN2nNUTwTAU1taN1 : 3.1075533 (0.03)%
       QqC1nTAU1taN1_QqC1nTAU2taN1 : 3.0927081 (0.03)%
              C1nTAU1taN1_N2nNUnN1 : 3.0810938 (0.03)%
           GtT1bC2wN1_QqC1taNUTnN1 : 3.0505117 (0.03)%
      QqC1nEeN1_QqC1nTAU2hTAU1taN1 : 3.0389121 (0.03)%
      QqC1nMmN1_QqC1nTAU2hTAU1taN1 : 3.0389121 (0.03)%
                N2nNUTnN1_N2nNUnN1 : 3.0120929 (0.03)%
       C1taNUTnN1_C1taNUTwTAU1taN1 : 2.9758237 (0.03)%
        C1taNUTnN1_N2nNUTwTAU1taN1 : 2.9732627 (0.03)%
        C1taNUTwTAU1taN1_N2nNUTnN1 : 2.9732627 (0.03)%
  QqC1nTAU2hTAU1taN1_QqC1nTAU2taN1 : 2.8817760 (0.03)%
         C1nTAU2hTAU1taN1_N2nNUnN1 : 2.8709538 (0.03)%
             GbB1tC2wN1_QqC1eNUnN1 : 2.8089557 (0.03)%
             GbB1tC2wN1_QqC1mNUnN1 : 2.8089557 (0.03)%
      QqC1nEeN1_QqC1nTAU2zTAU1taN1 : 2.8059391 (0.03)%
      QqC1nMmN1_QqC1nTAU2zTAU1taN1 : 2.8059391 (0.03)%
             GbB1tC2wN1_QqN2nNUnN1 : 2.7970262 (0.03)%
                  N2eEeN1_N2nNUnN1 : 2.7544108 (0.03)%
                  N2mMmN1_N2nNUnN1 : 2.7544108 (0.03)%
              GtT1bC2wN1_QqC1nEeN1 : 2.7370541 (0.03)%
              GtT1bC2wN1_QqC1nMmN1 : 2.7370541 (0.03)%
          C1taNUTwTAU1taN1_N2eEeN1 : 2.7189025 (0.03)%
          C1taNUTwTAU1taN1_N2mMmN1 : 2.7189025 (0.03)%
           GbB1tC2wN1_QqC1taNUTnN1 : 2.6862427 (0.03)%
          C1nEeN1_C1taNUTwTAU1taN1 : 2.6700408 (0.03)%
          C1nMmN1_C1taNUTwTAU1taN1 : 2.6700408 (0.03)%
           C1nEeN1_N2nNUTwTAU1taN1 : 2.6677429 (0.03)%
           C1nMmN1_N2nNUTwTAU1taN1 : 2.6677429 (0.03)%
  QqC1nTAU2taN1_QqC1nTAU2zTAU1taN1 : 2.6608495 (0.03)%
                QqC1eNUnN1_QqC1wN1 : 2.6538587 (0.03)%
                QqC1mNUnN1_QqC1wN1 : 2.6538587 (0.03)%
         C1nTAU2zTAU1taN1_N2nNUnN1 : 2.6508570 (0.03)%
                QqC1wN1_QqN2nNUnN1 : 2.6425879 (0.03)%
                    GqQqN1_QqC1wN1 : 2.6310334 (0.03)%
             N2nNUnN1_N2taTAU2taN1 : 2.6083238 (0.03)%
          GtT1bC2wN1_QqC1nTAU2taN1 : 2.5955265 (0.03)%
     C1taNUTwTAU1taN1_N2taTAU2taN1 : 2.5746987 (0.03)%
              QqC1taNUTnN1_QqC1wN1 : 2.5379213 (0.03)%
      C1nTAU2taN1_C1taNUTwTAU1taN1 : 2.5319782 (0.03)%
       C1nTAU2taN1_N2nNUTwTAU1taN1 : 2.5297992 (0.03)%
               GtT1tN1_QqN2nNUTnN1 : 2.5077878 (0.02)%
              GbB1tC2wN1_QqC1nEeN1 : 2.4102159 (0.02)%
              GbB1tC2wN1_QqC1nMmN1 : 2.4102159 (0.02)%
                 GtT1tN1_QqN2eEeN1 : 2.2932486 (0.02)%
                 GtT1tN1_QqN2mMmN1 : 2.2932486 (0.02)%
          GbB1tC2wN1_QqC1nTAU2taN1 : 2.2855884 (0.02)%
                 QqC1nEeN1_QqC1wN1 : 2.2771354 (0.02)%
                 QqC1nMmN1_QqC1wN1 : 2.2771354 (0.02)%
            GtT1tN1_QqN2taTAU2taN1 : 2.1716204 (0.02)%
             QqC1nTAU2taN1_QqC1wN1 : 2.1593892 (0.02)%
                    C1wN1_N2nNUnN1 : 2.1512798 (0.02)%
                    GqQqN1_GtT1tN1 : 2.1009138 (0.02)%
       GtT1bC2wN2nNUnN1_QqC1eNUnN1 : 2.0813988 (0.02)%
       GtT1bC2wN2nNUnN1_QqC1mNUnN1 : 2.0813988 (0.02)%
       GtT1bC2wN2nNUnN1_QqN2nNUnN1 : 2.0725591 (0.02)%
                      GbB2bN1_QqN1 : 2.0413918 (0.02)%
          GtT1bC1eNUnN1_QqC1eNUnN1 : 2.0048652 (0.02)%
          GtT1bC1eNUnN1_QqC1mNUnN1 : 2.0048652 (0.02)%
          GtT1bC1mNUnN1_QqC1eNUnN1 : 2.0048652 (0.02)%
          GtT1bC1mNUnN1_QqC1mNUnN1 : 2.0048652 (0.02)%
          GtT1bC1eNUnN1_QqN2nNUnN1 : 1.9963506 (0.02)%
          GtT1bC1mNUnN1_QqN2nNUnN1 : 1.9963506 (0.02)%
     GtT1bC2wN2nNUnN1_QqC1taNUTnN1 : 1.9904700 (0.02)%
         QqC1eNUnN1_QqN2taTAU1taN1 : 1.9553504 (0.02)%
         QqC1mNUnN1_QqN2taTAU1taN1 : 1.9553504 (0.02)%
         QqN2nNUnN1_QqN2taTAU1taN1 : 1.9470461 (0.02)%
             GqQqN1_QqN2taTAU1taN1 : 1.9385328 (0.02)%
        GtT1bC1eNUnN1_QqC1taNUTnN1 : 1.9172799 (0.02)%
        GtT1bC1mNUnN1_QqC1taNUTnN1 : 1.9172799 (0.02)%
        GtT1bC1taNUTnN1_QqC1eNUnN1 : 1.9172799 (0.02)%
        GtT1bC1taNUTnN1_QqC1mNUnN1 : 1.9172799 (0.02)%
        GtT1bC1taNUTnN1_QqN2nNUnN1 : 1.9091373 (0.02)%
                       C1eNUnN1_N1 : 1.8699466 (0.02)%
                       C1mNUnN1_N1 : 1.8699466 (0.02)%
       QqC1taNUTnN1_QqN2taTAU1taN1 : 1.8699283 (0.02)%
          GtT1tN2nNUnN1_QqC1eNUnN1 : 1.8646709 (0.02)%
          GtT1tN2nNUnN1_QqC1mNUnN1 : 1.8646709 (0.02)%
          GtT1tN2nNUnN1_QqN2nNUnN1 : 1.8567517 (0.02)%
      GtT1bC1taNUTnN1_QqC1taNUTnN1 : 1.8335210 (0.02)%
       GbB1tC2wN2nNUnN1_QqC1eNUnN1 : 1.8328539 (0.02)%
       GbB1tC2wN2nNUnN1_QqC1mNUnN1 : 1.8328539 (0.02)%
       GbB1tC2wN2nNUnN1_QqN2nNUnN1 : 1.8250698 (0.02)%
     QqN2nNUTnN1_QqN2nNUTwTAU1taN1 : 1.8203144 (0.02)%
         QqC1nTAU1taN1_QqN2nNUTnN1 : 1.8116186 (0.02)%
    QqC1eNUnN1_QqN2taTAU2hTAU1taN1 : 1.7965034 (0.02)%
    QqC1mNUnN1_QqN2taTAU2hTAU1taN1 : 1.7965034 (0.02)%
    QqN2nNUnN1_QqN2taTAU2hTAU1taN1 : 1.7888737 (0.02)%
                     C1taNUTnN1_N1 : 1.7882554 (0.02)%
        GtT1bC2wN2nNUnN1_QqC1nEeN1 : 1.7859378 (0.02)%
        GtT1bC2wN2nNUnN1_QqC1nMmN1 : 1.7859378 (0.02)%
        GtT1tN2nNUnN1_QqC1taNUTnN1 : 1.7832102 (0.02)%
        GqQqN1_QqN2taTAU2hTAU1taN1 : 1.7810520 (0.02)%
             GtT1tN3zN1_QqC1eNUnN1 : 1.7792388 (0.02)%
             GtT1tN3zN1_QqC1mNUnN1 : 1.7792388 (0.02)%
             GtT1tN3zN1_QqN2nNUnN1 : 1.7716824 (0.02)%
     GbB1tC2wN2nNUnN1_QqC1taNUTnN1 : 1.7527832 (0.02)%
       GtT1tN3wC1eNUnN1_QqC1eNUnN1 : 1.7292320 (0.02)%
       GtT1tN3wC1eNUnN1_QqC1mNUnN1 : 1.7292320 (0.02)%
       GtT1tN3wC1mNUnN1_QqC1eNUnN1 : 1.7292320 (0.02)%
       GtT1tN3wC1mNUnN1_QqC1mNUnN1 : 1.7292320 (0.02)%
       GtT1tN3wC1eNUnN1_QqN2nNUnN1 : 1.7218880 (0.02)%
       GtT1tN3wC1mNUnN1_QqN2nNUnN1 : 1.7218880 (0.02)%
           GtT1bC1nEeN1_QqC1eNUnN1 : 1.7202685 (0.02)%
           GtT1bC1nEeN1_QqC1mNUnN1 : 1.7202685 (0.02)%
           GtT1bC1nMmN1_QqC1eNUnN1 : 1.7202685 (0.02)%
           GtT1bC1nMmN1_QqC1mNUnN1 : 1.7202685 (0.02)%
           GtT1bC1eNUnN1_QqC1nEeN1 : 1.7202685 (0.02)%
           GtT1bC1eNUnN1_QqC1nMmN1 : 1.7202685 (0.02)%
           GtT1bC1mNUnN1_QqC1nEeN1 : 1.7202685 (0.02)%
           GtT1bC1mNUnN1_QqC1nMmN1 : 1.7202685 (0.02)%
  QqC1taNUTnN1_QqN2taTAU2hTAU1taN1 : 1.7180207 (0.02)%
           GtT1bC1nEeN1_QqN2nNUnN1 : 1.7129625 (0.02)%
           GtT1bC1nMmN1_QqN2nNUnN1 : 1.7129625 (0.02)%
           GtT1tN3zN1_QqC1taNUTnN1 : 1.7015103 (0.02)%
    GtT1bC2wN2nNUnN1_QqC1nTAU2taN1 : 1.6935905 (0.02)%
    QqC1nTAU2hTAU1taN1_QqN2nNUTnN1 : 1.6880606 (0.02)%
          QqC1nEeN1_QqN2taTAU1taN1 : 1.6777825 (0.02)%
          QqC1nMmN1_QqN2taTAU1taN1 : 1.6777825 (0.02)%
       QqN2eEeN1_QqN2nNUTwTAU1taN1 : 1.6645880 (0.02)%
       QqN2mMmN1_QqN2nNUTwTAU1taN1 : 1.6645880 (0.02)%
    QqC1eNUnN1_QqN2taTAU2zTAU1taN1 : 1.6587775 (0.02)%
    QqC1mNUnN1_QqN2taTAU2zTAU1taN1 : 1.6587775 (0.02)%
           QqC1nTAU1taN1_QqN2eEeN1 : 1.6566361 (0.02)%
           QqC1nTAU1taN1_QqN2mMmN1 : 1.6566361 (0.02)%
     GtT1tN3wC1eNUnN1_QqC1taNUTnN1 : 1.6536882 (0.02)%
     GtT1tN3wC1mNUnN1_QqC1taNUTnN1 : 1.6536882 (0.02)%
     GtT1tN3wC1taNUTnN1_QqC1eNUnN1 : 1.6536882 (0.02)%
     GtT1tN3wC1taNUTnN1_QqC1mNUnN1 : 1.6536882 (0.02)%
    QqN2nNUnN1_QqN2taTAU2zTAU1taN1 : 1.6517328 (0.02)%
     GtT1tN3wC1taNUTnN1_QqN2nNUnN1 : 1.6466650 (0.02)%
         GtT1bC1nEeN1_QqC1taNUTnN1 : 1.6451162 (0.02)%
         GtT1bC1nMmN1_QqC1taNUTnN1 : 1.6451162 (0.02)%
         GtT1bC1taNUTnN1_QqC1nEeN1 : 1.6451162 (0.02)%
         GtT1bC1taNUTnN1_QqC1nMmN1 : 1.6451162 (0.02)%
        GqQqN1_QqN2taTAU2zTAU1taN1 : 1.6445107 (0.02)%
       GtT1bC1nTAU2taN1_QqC1eNUnN1 : 1.6313168 (0.02)%
       GtT1bC1nTAU2taN1_QqC1mNUnN1 : 1.6313168 (0.02)%
       GtT1bC1eNUnN1_QqC1nTAU2taN1 : 1.6313168 (0.02)%
       GtT1bC1mNUnN1_QqC1nTAU2taN1 : 1.6313168 (0.02)%
       GtT1bC1nTAU2taN1_QqN2nNUnN1 : 1.6243886 (0.02)%
                        C1nEeN1_N1 : 1.6045019 (0.02)%
                        C1nMmN1_N1 : 1.6045019 (0.02)%
           GtT1tN2nNUnN1_QqC1nEeN1 : 1.5999752 (0.02)%
           GtT1tN2nNUnN1_QqC1nMmN1 : 1.5999752 (0.02)%
             C1eNUnN1_N2taTAU1taN1 : 1.5918131 (0.02)%
             C1mNUnN1_N2taTAU1taN1 : 1.5918131 (0.02)%
      QqC1nTAU2taN1_QqN2taTAU1taN1 : 1.5910276 (0.02)%
  QqC1taNUTnN1_QqN2taTAU2zTAU1taN1 : 1.5863116 (0.02)%
                       N1_N2nNUnN1 : 1.5833544 (0.02)%
   GtT1tN3wC1taNUTnN1_QqC1taNUTnN1 : 1.5814445 (0.02)%
  QqN2nNUTwTAU1taN1_QqN2taTAU2taN1 : 1.5763024 (0.02)%
        GbB1tC2wN2nNUnN1_QqC1nEeN1 : 1.5726747 (0.02)%
        GbB1tC2wN2nNUnN1_QqC1nMmN1 : 1.5726747 (0.02)%
      QqC1nTAU1taN1_QqN2taTAU2taN1 : 1.5687722 (0.02)%
     GtT1bC1nTAU2taN1_QqC1taNUTnN1 : 1.5600505 (0.02)%
     GtT1bC1taNUTnN1_QqC1nTAU2taN1 : 1.5600505 (0.02)%
       GtT1tN3zN2nNUnN1_QqC1eNUnN1 : 1.5591887 (0.02)%
       GtT1tN3zN2nNUnN1_QqC1mNUnN1 : 1.5591887 (0.02)%
    QqC1nTAU2zTAU1taN1_QqN2nNUTnN1 : 1.5586483 (0.02)%
       GtT1tN3zN2nNUnN1_QqN2nNUnN1 : 1.5525669 (0.02)%
      QqC1nTAU2hTAU1taN1_QqN2eEeN1 : 1.5436484 (0.02)%
      QqC1nTAU2hTAU1taN1_QqN2mMmN1 : 1.5436484 (0.02)%
              C1eNUnN1_C1nTAU1taN1 : 1.5435041 (0.02)%
              C1mNUnN1_C1nTAU1taN1 : 1.5435041 (0.02)%
     QqC1nEeN1_QqN2taTAU2hTAU1taN1 : 1.5414843 (0.02)%
     QqC1nMmN1_QqN2taTAU2hTAU1taN1 : 1.5414843 (0.02)%
              GtT1tN3zN1_QqC1nEeN1 : 1.5266704 (0.02)%
              GtT1tN3zN1_QqC1nMmN1 : 1.5266704 (0.02)%
           C1taNUTnN1_N2taTAU1taN1 : 1.5222726 (0.02)%
                    C1nTAU2taN1_N1 : 1.5215363 (0.02)%
            GtT1bC2wN1_QqN2nNUTnN1 : 1.5203840 (0.02)%
       GtT1tN2nNUnN1_QqC1nTAU2taN1 : 1.5172436 (0.02)%
    GbB1tC2wN2nNUnN1_QqC1nTAU2taN1 : 1.4913548 (0.01)%
     GtT1tN3zN2nNUnN1_QqC1taNUTnN1 : 1.4910734 (0.01)%
        GtT1tN3wC1nEeN1_QqC1eNUnN1 : 1.4837622 (0.01)%
        GtT1tN3wC1nEeN1_QqC1mNUnN1 : 1.4837622 (0.01)%
        GtT1tN3wC1nMmN1_QqC1eNUnN1 : 1.4837622 (0.01)%
        GtT1tN3wC1nMmN1_QqC1mNUnN1 : 1.4837622 (0.01)%
        GtT1tN3wC1eNUnN1_QqC1nEeN1 : 1.4837622 (0.01)%
        GtT1tN3wC1eNUnN1_QqC1nMmN1 : 1.4837622 (0.01)%
        GtT1tN3wC1mNUnN1_QqC1nEeN1 : 1.4837622 (0.01)%
        GtT1tN3wC1mNUnN1_QqC1nMmN1 : 1.4837622 (0.01)%
        GtT1tN3wC1nEeN1_QqN2nNUnN1 : 1.4774608 (0.01)%
        GtT1tN3wC1nMmN1_QqN2nNUnN1 : 1.4774608 (0.01)%
            C1nTAU1taN1_C1taNUTnN1 : 1.4760740 (0.01)%
            GtT1bC1nEeN1_QqC1nEeN1 : 1.4760711 (0.01)%
            GtT1bC1nEeN1_QqC1nMmN1 : 1.4760711 (0.01)%
            GtT1bC1nMmN1_QqC1nEeN1 : 1.4760711 (0.01)%
            GtT1bC1nMmN1_QqC1nMmN1 : 1.4760711 (0.01)%
             C1nTAU1taN1_N2nNUTnN1 : 1.4748037 (0.01)%
        C1eNUnN1_N2taTAU2hTAU1taN1 : 1.4624988 (0.01)%
        C1mNUnN1_N2taTAU2hTAU1taN1 : 1.4624988 (0.01)%
 QqC1nTAU2hTAU1taN1_QqN2taTAU2taN1 : 1.4617772 (0.01)%
 QqC1nTAU2taN1_QqN2taTAU2hTAU1taN1 : 1.4617772 (0.01)%
          GtT1tN3zN1_QqC1nTAU2taN1 : 1.4477293 (0.01)%
         C1eNUnN1_C1nTAU2hTAU1taN1 : 1.4382324 (0.01)%
         C1mNUnN1_C1nTAU2hTAU1taN1 : 1.4382324 (0.01)%
      QqC1nTAU2zTAU1taN1_QqN2eEeN1 : 1.4253072 (0.01)%
      QqC1nTAU2zTAU1taN1_QqN2mMmN1 : 1.4253072 (0.01)%
     QqC1nEeN1_QqN2taTAU2zTAU1taN1 : 1.4233090 (0.01)%
     QqC1nMmN1_QqN2taTAU2zTAU1taN1 : 1.4233090 (0.01)%
      GtT1tN3wC1nEeN1_QqC1taNUTnN1 : 1.4189421 (0.01)%
      GtT1tN3wC1nMmN1_QqC1taNUTnN1 : 1.4189421 (0.01)%
      GtT1tN3wC1taNUTnN1_QqC1nEeN1 : 1.4189421 (0.01)%
      GtT1tN3wC1taNUTnN1_QqC1nMmN1 : 1.4189421 (0.01)%
    GtT1tN3wC1eNUnN1_QqC1nTAU2taN1 : 1.4070398 (0.01)%
    GtT1tN3wC1mNUnN1_QqC1nTAU2taN1 : 1.4070398 (0.01)%
    GtT1tN3wC1nTAU2taN1_QqC1eNUnN1 : 1.4070398 (0.01)%
    GtT1tN3wC1nTAU2taN1_QqC1mNUnN1 : 1.4070398 (0.01)%
    GtT1tN3wC1nTAU2taN1_QqN2nNUnN1 : 1.4010642 (0.01)%
        GtT1bC1nEeN1_QqC1nTAU2taN1 : 1.3997464 (0.01)%
        GtT1bC1nMmN1_QqC1nTAU2taN1 : 1.3997464 (0.01)%
        GtT1bC1nTAU2taN1_QqC1nEeN1 : 1.3997464 (0.01)%
        GtT1bC1nTAU2taN1_QqC1nMmN1 : 1.3997464 (0.01)%
      C1taNUTnN1_N2taTAU2hTAU1taN1 : 1.3986075 (0.01)%
              GtT1bC2wN1_QqN2eEeN1 : 1.3903164 (0.01)%
              GtT1bC2wN1_QqN2mMmN1 : 1.3903164 (0.01)%
       C1nTAU2hTAU1taN1_C1taNUTnN1 : 1.3754013 (0.01)%
        C1nTAU2hTAU1taN1_N2nNUTnN1 : 1.3742176 (0.01)%
              C1nEeN1_N2taTAU1taN1 : 1.3658504 (0.01)%
              C1nMmN1_N2taTAU1taN1 : 1.3658504 (0.01)%
        C1eNUnN1_N2taTAU2zTAU1taN1 : 1.3503788 (0.01)%
        C1mNUnN1_N2taTAU2zTAU1taN1 : 1.3503788 (0.01)%
 QqC1nTAU2zTAU1taN1_QqN2taTAU2taN1 : 1.3497125 (0.01)%
 QqC1nTAU2taN1_QqN2taTAU2zTAU1taN1 : 1.3497125 (0.01)%
               C1nTAU1taN1_N2eEeN1 : 1.3486355 (0.01)%
               C1nTAU1taN1_N2mMmN1 : 1.3486355 (0.01)%
  GtT1tN3wC1nTAU2taN1_QqC1taNUTnN1 : 1.3455714 (0.01)%
  GtT1tN3wC1taNUTnN1_QqC1nTAU2taN1 : 1.3455714 (0.01)%
            GbB1tC2wN1_QqN2nNUTnN1 : 1.3388312 (0.01)%
        GtT1tN3zN2nNUnN1_QqC1nEeN1 : 1.3378571 (0.01)%
        GtT1tN3zN2nNUnN1_QqC1nMmN1 : 1.3378571 (0.01)%
         C1eNUnN1_C1nTAU2zTAU1taN1 : 1.3279728 (0.01)%
         C1mNUnN1_C1nTAU2zTAU1taN1 : 1.3279728 (0.01)%
    GtT1bC1nTAU2taN1_QqC1nTAU2taN1 : 1.3273683 (0.01)%
               C1nEeN1_C1nTAU1taN1 : 1.3243990 (0.01)%
               C1nMmN1_C1nTAU1taN1 : 1.3243990 (0.01)%
                 N2eEeN1_N2nNUTnN1 : 1.3184329 (0.01)%
                 N2mMmN1_N2nNUTnN1 : 1.3184329 (0.01)%
         GtT1bC2wN1_QqN2taTAU2taN1 : 1.3165775 (0.01)%
          C1nTAU2taN1_N2taTAU1taN1 : 1.2952249 (0.01)%
                 C2wN1_C2wN2nNUnN1 : 1.2922185 (0.01)%
          GbB1bN2nNUnN1_QqC1eNUnN1 : 1.2918967 (0.01)%
          GbB1bN2nNUnN1_QqC1mNUnN1 : 1.2918967 (0.01)%
      C1taNUTnN1_N2taTAU2zTAU1taN1 : 1.2913857 (0.01)%
          GbB1bN2nNUnN1_QqN2nNUnN1 : 1.2864100 (0.01)%
          C1nTAU1taN1_N2taTAU2taN1 : 1.2771072 (0.01)%
                 GqQqN1_GtT1bC2wN1 : 1.2737105 (0.01)%
         GtT1tN3wC1nEeN1_QqC1nEeN1 : 1.2731376 (0.01)%
         GtT1tN3wC1nEeN1_QqC1nMmN1 : 1.2731376 (0.01)%
         GtT1tN3wC1nMmN1_QqC1nEeN1 : 1.2731376 (0.01)%
         GtT1tN3wC1nMmN1_QqC1nMmN1 : 1.2731376 (0.01)%
       C1nTAU2zTAU1taN1_C1taNUTnN1 : 1.2699585 (0.01)%
        C1nTAU2zTAU1taN1_N2nNUTnN1 : 1.2688655 (0.01)%
    GtT1tN3zN2nNUnN1_QqC1nTAU2taN1 : 1.2686792 (0.01)%
               QqC1wN1_QqN2nNUTnN1 : 1.2649074 (0.01)%
          C1nTAU2hTAU1taN1_N2eEeN1 : 1.2566544 (0.01)%
          C1nTAU2hTAU1taN1_N2mMmN1 : 1.2566544 (0.01)%
           C1nTAU1taN1_C1nTAU2taN1 : 1.2559169 (0.01)%
          GbB1tC1eNUnN1_QqC1eNUnN1 : 1.2558711 (0.01)%
          GbB1tC1eNUnN1_QqC1mNUnN1 : 1.2558711 (0.01)%
          GbB1tC1mNUnN1_QqC1eNUnN1 : 1.2558711 (0.01)%
          GbB1tC1mNUnN1_QqC1mNUnN1 : 1.2558711 (0.01)%
         C1nEeN1_N2taTAU2hTAU1taN1 : 1.2548926 (0.01)%
         C1nMmN1_N2taTAU2hTAU1taN1 : 1.2548926 (0.01)%
          GbB1tC1eNUnN1_QqN2nNUnN1 : 1.2505374 (0.01)%
          GbB1tC1mNUnN1_QqN2nNUnN1 : 1.2505374 (0.01)%
            N2nNUTnN1_N2taTAU2taN1 : 1.2485065 (0.01)%
        GbB1bN2nNUnN1_QqC1taNUTnN1 : 1.2354584 (0.01)%
          C1nEeN1_C1nTAU2hTAU1taN1 : 1.2340709 (0.01)%
          C1nMmN1_C1nTAU2hTAU1taN1 : 1.2340709 (0.01)%
              GbB1tC2wN1_QqN2eEeN1 : 1.2242953 (0.01)%
              GbB1tC2wN1_QqN2mMmN1 : 1.2242953 (0.01)%
     GtT1tN3wC1nEeN1_QqC1nTAU2taN1 : 1.2073062 (0.01)%
     GtT1tN3wC1nMmN1_QqC1nTAU2taN1 : 1.2073062 (0.01)%
     GtT1tN3wC1nTAU2taN1_QqC1nEeN1 : 1.2073062 (0.01)%
     GtT1tN3wC1nTAU2taN1_QqC1nMmN1 : 1.2073062 (0.01)%
                   N2eEeN1_N2mMmN1 : 1.2056420 (0.01)%
        GbB1tC1eNUnN1_QqC1taNUTnN1 : 1.2010066 (0.01)%
        GbB1tC1mNUnN1_QqC1taNUTnN1 : 1.2010066 (0.01)%
        GbB1tC1taNUTnN1_QqC1eNUnN1 : 1.2010066 (0.01)%
        GbB1tC1taNUTnN1_QqC1mNUnN1 : 1.2010066 (0.01)%
                       C2wN1_N3zN1 : 1.1976012 (0.01)%
        GbB1tC1taNUTnN1_QqN2nNUnN1 : 1.1959060 (0.01)%
     C1nTAU2taN1_N2taTAU2hTAU1taN1 : 1.1900046 (0.01)%
     C1nTAU2hTAU1taN1_N2taTAU2taN1 : 1.1900046 (0.01)%
      C1nTAU2hTAU1taN1_C1nTAU2taN1 : 1.1702595 (0.01)%
                 C2wN1_N3wC1eNUnN1 : 1.1639418 (0.01)%
                 C2wN1_N3wC1mNUnN1 : 1.1639418 (0.01)%
          C1nTAU2zTAU1taN1_N2eEeN1 : 1.1603151 (0.01)%
          C1nTAU2zTAU1taN1_N2mMmN1 : 1.1603151 (0.01)%
         GbB1tC2wN1_QqN2taTAU2taN1 : 1.1593618 (0.01)%
         C1nEeN1_N2taTAU2zTAU1taN1 : 1.1586884 (0.01)%
         C1nMmN1_N2taTAU2zTAU1taN1 : 1.1586884 (0.01)%
                 QqC1wN1_QqN2eEeN1 : 1.1566956 (0.01)%
                 QqC1wN1_QqN2mMmN1 : 1.1566956 (0.01)%
       GtT1bC2hC1eNUnN1_QqC1eNUnN1 : 1.1512388 (0.01)%
       GtT1bC2hC1eNUnN1_QqC1mNUnN1 : 1.1512388 (0.01)%
       GtT1bC2hC1mNUnN1_QqC1eNUnN1 : 1.1512388 (0.01)%
       GtT1bC2hC1mNUnN1_QqC1mNUnN1 : 1.1512388 (0.01)%
      GbB1tC1taNUTnN1_QqC1taNUTnN1 : 1.1485390 (0.01)%
       GtT1bC2hC1eNUnN1_QqN2nNUnN1 : 1.1463495 (0.01)%
       GtT1bC2hC1mNUnN1_QqN2nNUnN1 : 1.1463495 (0.01)%
 GtT1tN3wC1nTAU2taN1_QqC1nTAU2taN1 : 1.1448788 (0.01)%
              N2eEeN1_N2taTAU2taN1 : 1.1416978 (0.01)%
              N2mMmN1_N2taTAU2taN1 : 1.1416978 (0.01)%
          C1nEeN1_C1nTAU2zTAU1taN1 : 1.1394630 (0.01)%
          C1nMmN1_C1nTAU2zTAU1taN1 : 1.1394630 (0.01)%
                 GbB1tC2wN1_GqQqN1 : 1.1216136 (0.01)%
               C2wN1_N3wC1taNUTnN1 : 1.1130934 (0.01)%
                       C2wN1_N4hN1 : 1.1120283 (0.01)%
           GbB1bN2nNUnN1_QqC1nEeN1 : 1.1085080 (0.01)%
           GbB1bN2nNUnN1_QqC1nMmN1 : 1.1085080 (0.01)%
                 C2wN1_N4hN2nNUnN1 : 1.1034555 (0.01)%
                 C2wN1_N4wC1eNUnN1 : 1.1029792 (0.01)%
                 C2wN1_N4wC1mNUnN1 : 1.1029792 (0.01)%
     GtT1bC2hC1eNUnN1_QqC1taNUTnN1 : 1.1009453 (0.01)%
     GtT1bC2hC1mNUnN1_QqC1taNUTnN1 : 1.1009453 (0.01)%
     GtT1bC2hC1taNUTnN1_QqC1eNUnN1 : 1.1009453 (0.01)%
     GtT1bC2hC1taNUTnN1_QqC1mNUnN1 : 1.1009453 (0.01)%
     C1nTAU2taN1_N2taTAU2zTAU1taN1 : 1.0987749 (0.01)%
     C1nTAU2zTAU1taN1_N2taTAU2taN1 : 1.0987749 (0.01)%
     GtT1bC2hC1taNUTnN1_QqN2nNUnN1 : 1.0962697 (0.01)%
            QqC1wN1_QqN2taTAU2taN1 : 1.0953474 (0.01)%
             GtT2tN4hN1_QqC1eNUnN1 : 1.0872762 (0.01)%
             GtT2tN4hN1_QqC1mNUnN1 : 1.0872762 (0.01)%
             GtT2tN4hN1_QqN2nNUnN1 : 1.0826585 (0.01)%
      C1nTAU2taN1_C1nTAU2zTAU1taN1 : 1.0805436 (0.01)%
       GtT2tN4hN2nNUnN1_QqC1eNUnN1 : 1.0788942 (0.01)%
       GtT2tN4hN2nNUnN1_QqC1mNUnN1 : 1.0788942 (0.01)%
       GtT2tN4wC1eNUnN1_QqC1eNUnN1 : 1.0784285 (0.01)%
       GtT2tN4wC1eNUnN1_QqC1mNUnN1 : 1.0784285 (0.01)%
       GtT2tN4wC1mNUnN1_QqC1eNUnN1 : 1.0784285 (0.01)%
       GtT2tN4wC1mNUnN1_QqC1mNUnN1 : 1.0784285 (0.01)%
                    C1eNUnN1_C1wN1 : 1.0777047 (0.01)%
                    C1mNUnN1_C1wN1 : 1.0777047 (0.01)%
           GbB1tC1nEeN1_QqC1eNUnN1 : 1.0775963 (0.01)%
           GbB1tC1nEeN1_QqC1mNUnN1 : 1.0775963 (0.01)%
           GbB1tC1nMmN1_QqC1eNUnN1 : 1.0775963 (0.01)%
           GbB1tC1nMmN1_QqC1mNUnN1 : 1.0775963 (0.01)%
           GbB1tC1eNUnN1_QqC1nEeN1 : 1.0775963 (0.01)%
           GbB1tC1eNUnN1_QqC1nMmN1 : 1.0775963 (0.01)%
           GbB1tC1mNUnN1_QqC1nEeN1 : 1.0775963 (0.01)%
           GbB1tC1mNUnN1_QqC1nMmN1 : 1.0775963 (0.01)%
       GtT2tN4hN2nNUnN1_QqN2nNUnN1 : 1.0743122 (0.01)%
       GtT2tN4wC1eNUnN1_QqN2nNUnN1 : 1.0738484 (0.01)%
       GtT2tN4wC1mNUnN1_QqN2nNUnN1 : 1.0738484 (0.01)%
           GbB1tC1nEeN1_QqN2nNUnN1 : 1.0730198 (0.01)%
           GbB1tC1nMmN1_QqN2nNUnN1 : 1.0730198 (0.01)%
       GtT1bC2zC1eNUnN1_QqC1eNUnN1 : 1.0628421 (0.01)%
       GtT1bC2zC1eNUnN1_QqC1mNUnN1 : 1.0628421 (0.01)%
       GtT1bC2zC1mNUnN1_QqC1eNUnN1 : 1.0628421 (0.01)%
       GtT1bC2zC1mNUnN1_QqC1mNUnN1 : 1.0628421 (0.01)%
       GtT1bC2zC1eNUnN1_QqN2nNUnN1 : 1.0583283 (0.01)%
       GtT1bC2zC1mNUnN1_QqN2nNUnN1 : 1.0583283 (0.01)%
                GtT2tN1_QqC1eNUnN1 : 1.0564050 (0.01)%
                GtT2tN1_QqC1mNUnN1 : 1.0564050 (0.01)%
               C2wN1_N4wC1taNUTnN1 : 1.0547940 (0.01)%
   GtT1bC2hC1taNUTnN1_QqC1taNUTnN1 : 1.0528491 (0.01)%
                GtT2tN1_QqN2nNUnN1 : 1.0519185 (0.01)%
       GbB1bN2nNUnN1_QqC1nTAU2taN1 : 1.0511892 (0.01)%
                 C2wN1_N3zN2nNUnN1 : 1.0494860 (0.01)%
           GtT2tN4hN1_QqC1taNUTnN1 : 1.0397770 (0.01)%
                         QqN1_QqN1 : 1.0363535 (0.01)%
     GtT2tN4hN2nNUnN1_QqC1taNUTnN1 : 1.0317613 (0.01)%
     GtT2tN4wC1eNUnN1_QqC1taNUTnN1 : 1.0313159 (0.01)%
     GtT2tN4wC1mNUnN1_QqC1taNUTnN1 : 1.0313159 (0.01)%
     GtT2tN4wC1taNUTnN1_QqC1eNUnN1 : 1.0313159 (0.01)%
     GtT2tN4wC1taNUTnN1_QqC1mNUnN1 : 1.0313159 (0.01)%
                  C1taNUTnN1_C1wN1 : 1.0306237 (0.01)%
         GbB1tC1nEeN1_QqC1taNUTnN1 : 1.0305201 (0.01)%
         GbB1tC1nMmN1_QqC1taNUTnN1 : 1.0305201 (0.01)%
         GbB1tC1taNUTnN1_QqC1nEeN1 : 1.0305201 (0.01)%
         GbB1tC1taNUTnN1_QqC1nMmN1 : 1.0305201 (0.01)%
                   C1wN1_N2nNUTnN1 : 1.0297368 (0.01)%
     GtT2tN4wC1taNUTnN1_QqN2nNUnN1 : 1.0269359 (0.01)%
       GbB1tC1nTAU2taN1_QqC1eNUnN1 : 1.0218760 (0.01)%
       GbB1tC1nTAU2taN1_QqC1mNUnN1 : 1.0218760 (0.01)%
       GbB1tC1eNUnN1_QqC1nTAU2taN1 : 1.0218760 (0.01)%
       GbB1tC1mNUnN1_QqC1nTAU2taN1 : 1.0218760 (0.01)%
       GbB1tC1nTAU2taN1_QqN2nNUnN1 : 1.0175361 (0.01)%
     GtT1bC2zC1eNUnN1_QqC1taNUTnN1 : 1.0164104 (0.01)%
     GtT1bC2zC1mNUnN1_QqC1taNUTnN1 : 1.0164104 (0.01)%
     GtT1bC2zC1taNUTnN1_QqC1eNUnN1 : 1.0164104 (0.01)%
     GtT1bC2zC1taNUTnN1_QqC1mNUnN1 : 1.0164104 (0.01)%
       GbB1tC2hC1eNUnN1_QqC1eNUnN1 : 1.0137666 (0.01)%
       GbB1tC2hC1eNUnN1_QqC1mNUnN1 : 1.0137666 (0.01)%
       GbB1tC2hC1mNUnN1_QqC1eNUnN1 : 1.0137666 (0.01)%
       GbB1tC2hC1mNUnN1_QqC1mNUnN1 : 1.0137666 (0.01)%
     GtT1bC2zC1taNUTnN1_QqN2nNUnN1 : 1.0120938 (0.01)%
              GtT2tN1_QqC1taNUTnN1 : 1.0102545 (0.01)%
       GbB1tC2hC1eNUnN1_QqN2nNUnN1 : 1.0094611 (0.01)%
       GbB1tC2hC1mNUnN1_QqN2nNUnN1 : 1.0094611 (0.01)%
           QqC1taNUTwTAU1taN1_QqN1 : 1.0045215 (0.01)%
                  C2wN1_N3wC1nEeN1 : 0.9987167 (0.01)%
                  C2wN1_N3wC1nMmN1 : 0.9987167 (0.01)%
      GtT1bC2wN2nNUTnN1_QqC1eNUnN1 : 0.9962873 (0.01)%
      GtT1bC2wN2nNUTnN1_QqC1mNUnN1 : 0.9962873 (0.01)%
      GtT1bC2wN2nNUTnN1_QqN2nNUnN1 : 0.9920561 (0.01)%
      GtT1bC2wN2nNUnN1_QqN2nNUTnN1 : 0.9920561 (0.01)%
                       C2wN1_C2wN1 : 0.9902002 (0.01)%
        GbB2bN1_QqC1taNUTwTAU1taN1 : 0.9893448 (0.01)%
        GtT1bC2hC1eNUnN1_QqC1nEeN1 : 0.9878169 (0.01)%
        GtT1bC2hC1eNUnN1_QqC1nMmN1 : 0.9878169 (0.01)%
        GtT1bC2hC1mNUnN1_QqC1nEeN1 : 0.9878169 (0.01)%
        GtT1bC2hC1mNUnN1_QqC1nMmN1 : 0.9878169 (0.01)%
        GtT1bC2hC1nEeN1_QqC1eNUnN1 : 0.9878169 (0.01)%
        GtT1bC2hC1nEeN1_QqC1mNUnN1 : 0.9878169 (0.01)%
        GtT1bC2hC1nMmN1_QqC1eNUnN1 : 0.9878169 (0.01)%
        GtT1bC2hC1nMmN1_QqC1mNUnN1 : 0.9878169 (0.01)%
   GtT2tN4wC1taNUTnN1_QqC1taNUTnN1 : 0.9862614 (0.01)%
        GtT1bC2hC1nEeN1_QqN2nNUnN1 : 0.9836217 (0.01)%
        GtT1bC2hC1nMmN1_QqN2nNUnN1 : 0.9836217 (0.01)%
                QqC1eNUnN1_QqC2wN1 : 0.9779798 (0.01)%
                QqC1mNUnN1_QqC2wN1 : 0.9779798 (0.01)%
     GbB1tC1nTAU2taN1_QqC1taNUTnN1 : 0.9772339 (0.01)%
     GbB1tC1taNUTnN1_QqC1nTAU2taN1 : 0.9772339 (0.01)%
                QqC2wN1_QqN2nNUnN1 : 0.9738264 (0.01)%
   GtT1bC2zC1taNUTnN1_QqC1taNUTnN1 : 0.9720072 (0.01)%
                    GqQqN1_QqC2wN1 : 0.9695684 (0.01)%
     GbB1tC2hC1eNUnN1_QqC1taNUTnN1 : 0.9694788 (0.01)%
     GbB1tC2hC1mNUnN1_QqC1taNUTnN1 : 0.9694788 (0.01)%
     GbB1tC2hC1taNUTnN1_QqC1eNUnN1 : 0.9694788 (0.01)%
     GbB1tC2hC1taNUTnN1_QqC1mNUnN1 : 0.9694788 (0.01)%
     GbB1tC2hC1taNUTnN1_QqN2nNUnN1 : 0.9653615 (0.01)%
         GtT1bC1eNUnN1_QqN2nNUTnN1 : 0.9555780 (0.01)%
         GtT1bC1mNUnN1_QqN2nNUTnN1 : 0.9555780 (0.01)%
    GtT1bC2wN2nNUTnN1_QqC1taNUTnN1 : 0.9527631 (0.01)%
                    T1bC2wN1_T1tN1 : 0.9515665 (0.01)%
              C2wN1_N3wC1nTAU2taN1 : 0.9470750 (0.01)%
                  C2wN1_N4wC1nEeN1 : 0.9464079 (0.01)%
                  C2wN1_N4wC1nMmN1 : 0.9464079 (0.01)%
      GtT1bC2hC1nEeN1_QqC1taNUTnN1 : 0.9446628 (0.01)%
      GtT1bC2hC1nMmN1_QqC1taNUTnN1 : 0.9446628 (0.01)%
      GtT1bC2hC1taNUTnN1_QqC1nEeN1 : 0.9446628 (0.01)%
      GtT1bC2hC1taNUTnN1_QqC1nMmN1 : 0.9446628 (0.01)%
                     C1wN1_N2eEeN1 : 0.9416436 (0.01)%
                     C1wN1_N2mMmN1 : 0.9416436 (0.01)%
    GtT1bC2hC1eNUnN1_QqC1nTAU2taN1 : 0.9367389 (0.01)%
    GtT1bC2hC1mNUnN1_QqC1nTAU2taN1 : 0.9367389 (0.01)%
    GtT1bC2hC1nTAU2taN1_QqC1eNUnN1 : 0.9367389 (0.01)%
    GtT1bC2hC1nTAU2taN1_QqC1mNUnN1 : 0.9367389 (0.01)%
       GbB1tC2zC1eNUnN1_QqC1eNUnN1 : 0.9359256 (0.01)%
       GbB1tC2zC1eNUnN1_QqC1mNUnN1 : 0.9359256 (0.01)%
       GbB1tC2zC1mNUnN1_QqC1eNUnN1 : 0.9359256 (0.01)%
       GbB1tC2zC1mNUnN1_QqC1mNUnN1 : 0.9359256 (0.01)%
             GtT1tN3hN1_QqC1eNUnN1 : 0.9355135 (0.01)%
             GtT1tN3hN1_QqC1mNUnN1 : 0.9355135 (0.01)%
              QqC1taNUTnN1_QqC2wN1 : 0.9352555 (0.01)%
              GtT2tN4hN1_QqC1nEeN1 : 0.9329340 (0.01)%
              GtT2tN4hN1_QqC1nMmN1 : 0.9329340 (0.01)%
    GtT1bC2hC1nTAU2taN1_QqN2nNUnN1 : 0.9327606 (0.01)%
        QqN2nNUTnN1_QqN2taTAU1taN1 : 0.9319778 (0.01)%
       GbB1tC2zC1eNUnN1_QqN2nNUnN1 : 0.9319507 (0.01)%
       GbB1tC2zC1mNUnN1_QqN2nNUnN1 : 0.9319507 (0.01)%
             GtT1tN3hN1_QqN2nNUnN1 : 0.9315404 (0.01)%
   GbB1tC2hC1taNUTnN1_QqC1taNUTnN1 : 0.9271258 (0.01)%
        GtT2tN4hN2nNUnN1_QqC1nEeN1 : 0.9257419 (0.01)%
        GtT2tN4hN2nNUnN1_QqC1nMmN1 : 0.9257419 (0.01)%
        GtT2tN4wC1eNUnN1_QqC1nEeN1 : 0.9253423 (0.01)%
        GtT2tN4wC1eNUnN1_QqC1nMmN1 : 0.9253423 (0.01)%
        GtT2tN4wC1mNUnN1_QqC1nEeN1 : 0.9253423 (0.01)%
        GtT2tN4wC1mNUnN1_QqC1nMmN1 : 0.9253423 (0.01)%
        GtT2tN4wC1nEeN1_QqC1eNUnN1 : 0.9253423 (0.01)%
        GtT2tN4wC1nEeN1_QqC1mNUnN1 : 0.9253423 (0.01)%
        GtT2tN4wC1nMmN1_QqC1eNUnN1 : 0.9253423 (0.01)%
        GtT2tN4wC1nMmN1_QqC1mNUnN1 : 0.9253423 (0.01)%
                     C1nEeN1_C1wN1 : 0.9247212 (0.01)%
                     C1nMmN1_C1wN1 : 0.9247212 (0.01)%
            GbB1tC1nEeN1_QqC1nEeN1 : 0.9246282 (0.01)%
            GbB1tC1nEeN1_QqC1nMmN1 : 0.9246282 (0.01)%
            GbB1tC1nMmN1_QqC1nEeN1 : 0.9246282 (0.01)%
            GbB1tC1nMmN1_QqC1nMmN1 : 0.9246282 (0.01)%
        GtT2tN4wC1nEeN1_QqN2nNUnN1 : 0.9214124 (0.01)%
        GtT2tN4wC1nMmN1_QqN2nNUnN1 : 0.9214124 (0.01)%
       GtT1bC1taNUTnN1_QqN2nNUTnN1 : 0.9138322 (0.01)%
        GtT1bC2zC1eNUnN1_QqC1nEeN1 : 0.9119684 (0.01)%
        GtT1bC2zC1eNUnN1_QqC1nMmN1 : 0.9119684 (0.01)%
        GtT1bC2zC1mNUnN1_QqC1nEeN1 : 0.9119684 (0.01)%
        GtT1bC2zC1mNUnN1_QqC1nMmN1 : 0.9119684 (0.01)%
        GtT1bC2zC1nEeN1_QqC1eNUnN1 : 0.9119684 (0.01)%
        GtT1bC2zC1nEeN1_QqC1mNUnN1 : 0.9119684 (0.01)%
        GtT1bC2zC1nMmN1_QqC1eNUnN1 : 0.9119684 (0.01)%
        GtT1bC2zC1nMmN1_QqC1mNUnN1 : 0.9119684 (0.01)%
        GtT1bC2wN2eEeN1_QqC1eNUnN1 : 0.9107533 (0.01)%
        GtT1bC2wN2eEeN1_QqC1mNUnN1 : 0.9107533 (0.01)%
        GtT1bC2wN2mMmN1_QqC1eNUnN1 : 0.9107533 (0.01)%
        GtT1bC2wN2mMmN1_QqC1mNUnN1 : 0.9107533 (0.01)%
        GtT1bC2zC1nEeN1_QqN2nNUnN1 : 0.9080953 (0.01)%
        GtT1bC2zC1nMmN1_QqN2nNUnN1 : 0.9080953 (0.01)%
        GtT1bC2wN2nNUnN1_QqN2eEeN1 : 0.9071865 (0.01)%
        GtT1bC2wN2nNUnN1_QqN2mMmN1 : 0.9071865 (0.01)%
        GtT1bC2wN2eEeN1_QqN2nNUnN1 : 0.9068854 (0.01)%
        GtT1bC2wN2mMmN1_QqN2nNUnN1 : 0.9068854 (0.01)%
                 GtT2tN1_QqC1nEeN1 : 0.9064451 (0.01)%
                 GtT2tN1_QqC1nMmN1 : 0.9064451 (0.01)%
              C2wN1_N4wC1nTAU2taN1 : 0.8974710 (0.01)%
  GtT1bC2hC1nTAU2taN1_QqC1taNUTnN1 : 0.8958161 (0.01)%
  GtT1bC2hC1taNUTnN1_QqC1nTAU2taN1 : 0.8958161 (0.01)%
     GbB1tC2zC1eNUnN1_QqC1taNUTnN1 : 0.8950384 (0.01)%
     GbB1tC2zC1mNUnN1_QqC1taNUTnN1 : 0.8950384 (0.01)%
     GbB1tC2zC1taNUTnN1_QqC1eNUnN1 : 0.8950384 (0.01)%
     GbB1tC2zC1taNUTnN1_QqC1mNUnN1 : 0.8950384 (0.01)%
           GtT1tN3hN1_QqC1taNUTnN1 : 0.8946443 (0.01)%
         GtT1tN2nNUTnN1_QqC1eNUnN1 : 0.8925478 (0.01)%
         GtT1tN2nNUTnN1_QqC1mNUnN1 : 0.8925478 (0.01)%
                C1wN1_N2taTAU2taN1 : 0.8917012 (0.01)%
     GbB1tC2zC1taNUTnN1_QqN2nNUnN1 : 0.8912372 (0.01)%
         GtT1tN2nNUTnN1_QqN2nNUnN1 : 0.8887572 (0.01)%
         GtT1tN2nNUnN1_QqN2nNUTnN1 : 0.8887572 (0.01)%
      GtT2tN4wC1nEeN1_QqC1taNUTnN1 : 0.8849174 (0.01)%
      GtT2tN4wC1nMmN1_QqC1taNUTnN1 : 0.8849174 (0.01)%
      GtT2tN4wC1taNUTnN1_QqC1nEeN1 : 0.8849174 (0.01)%
      GtT2tN4wC1taNUTnN1_QqC1nMmN1 : 0.8849174 (0.01)%
          GtT2tN4hN1_QqC1nTAU2taN1 : 0.8846938 (0.01)%
    GtT2tN4hN2nNUnN1_QqC1nTAU2taN1 : 0.8778736 (0.01)%
    GtT2tN4wC1eNUnN1_QqC1nTAU2taN1 : 0.8774947 (0.01)%
    GtT2tN4wC1mNUnN1_QqC1nTAU2taN1 : 0.8774947 (0.01)%
    GtT2tN4wC1nTAU2taN1_QqC1eNUnN1 : 0.8774947 (0.01)%
    GtT2tN4wC1nTAU2taN1_QqC1mNUnN1 : 0.8774947 (0.01)%
      GbB1tC2wN2nNUTnN1_QqC1eNUnN1 : 0.8773182 (0.01)%
      GbB1tC2wN2nNUTnN1_QqC1mNUnN1 : 0.8773182 (0.01)%
                 C1nTAU2taN1_C1wN1 : 0.8769057 (0.01)%
        GbB1tC1nEeN1_QqC1nTAU2taN1 : 0.8768175 (0.01)%
        GbB1tC1nMmN1_QqC1nTAU2taN1 : 0.8768175 (0.01)%
        GbB1tC1nTAU2taN1_QqC1nEeN1 : 0.8768175 (0.01)%
        GbB1tC1nTAU2taN1_QqC1nMmN1 : 0.8768175 (0.01)%
           GtT1bC1eNUnN1_QqN2eEeN1 : 0.8738291 (0.01)%
           GtT1bC1eNUnN1_QqN2mMmN1 : 0.8738291 (0.01)%
           GtT1bC1mNUnN1_QqN2eEeN1 : 0.8738291 (0.01)%
           GtT1bC1mNUnN1_QqN2mMmN1 : 0.8738291 (0.01)%
    GtT2tN4wC1nTAU2taN1_QqN2nNUnN1 : 0.8737680 (0.01)%
      GbB1tC2wN2nNUnN1_QqN2nNUTnN1 : 0.8735923 (0.01)%
      GbB1tC2wN2nNUTnN1_QqN2nNUnN1 : 0.8735923 (0.01)%
      GtT1bC2zC1nEeN1_QqC1taNUTnN1 : 0.8721279 (0.01)%
      GtT1bC2zC1nMmN1_QqC1taNUTnN1 : 0.8721279 (0.01)%
      GtT1bC2zC1taNUTnN1_QqC1nEeN1 : 0.8721279 (0.01)%
      GtT1bC2zC1taNUTnN1_QqC1nMmN1 : 0.8721279 (0.01)%
      GtT1bC2wN2eEeN1_QqC1taNUTnN1 : 0.8709658 (0.01)%
      GtT1bC2wN2mMmN1_QqC1taNUTnN1 : 0.8709658 (0.01)%
        GbB1tC2hC1eNUnN1_QqC1nEeN1 : 0.8698593 (0.01)%
        GbB1tC2hC1eNUnN1_QqC1nMmN1 : 0.8698593 (0.01)%
        GbB1tC2hC1mNUnN1_QqC1nEeN1 : 0.8698593 (0.01)%
        GbB1tC2hC1mNUnN1_QqC1nMmN1 : 0.8698593 (0.01)%
        GbB1tC2hC1nEeN1_QqC1eNUnN1 : 0.8698593 (0.01)%
        GbB1tC2hC1nEeN1_QqC1mNUnN1 : 0.8698593 (0.01)%
        GbB1tC2hC1nMmN1_QqC1eNUnN1 : 0.8698593 (0.01)%
        GbB1tC2hC1nMmN1_QqC1mNUnN1 : 0.8698593 (0.01)%
        GbB1tC2hC1nEeN1_QqN2nNUnN1 : 0.8661650 (0.01)%
        GbB1tC2hC1nMmN1_QqN2nNUnN1 : 0.8661650 (0.01)%
    GtT1bC2zC1eNUnN1_QqC1nTAU2taN1 : 0.8648124 (0.01)%
    GtT1bC2zC1mNUnN1_QqC1nTAU2taN1 : 0.8648124 (0.01)%
    GtT1bC2zC1nTAU2taN1_QqC1eNUnN1 : 0.8648124 (0.01)%
    GtT1bC2zC1nTAU2taN1_QqC1mNUnN1 : 0.8648124 (0.01)%
   GtT1bC2wN2taTAU2taN1_QqC1eNUnN1 : 0.8627356 (0.01)%
   GtT1bC2wN2taTAU2taN1_QqC1mNUnN1 : 0.8627356 (0.01)%
    GtT1bC2zC1nTAU2taN1_QqN2nNUnN1 : 0.8611395 (0.01)%
             GtT2tN1_QqC1nTAU2taN1 : 0.8595746 (0.01)%
   GtT1bC2wN2nNUnN1_QqN2taTAU2taN1 : 0.8590716 (0.01)%
   GtT1bC2wN2taTAU2taN1_QqN2nNUnN1 : 0.8590716 (0.01)%
   QqN2nNUTnN1_QqN2taTAU2hTAU1taN1 : 0.8562666 (0.01)%
   GbB1tC2zC1taNUTnN1_QqC1taNUTnN1 : 0.8559374 (0.01)%
       GtT1bC2wN2nNUTnN1_QqC1nEeN1 : 0.8548613 (0.01)%
       GtT1bC2wN2nNUTnN1_QqC1nMmN1 : 0.8548613 (0.01)%
       GtT1tN2nNUTnN1_QqC1taNUTnN1 : 0.8535557 (0.01)%
          QqN2eEeN1_QqN2taTAU1taN1 : 0.8522478 (0.01)%
          QqN2mMmN1_QqN2taTAU1taN1 : 0.8522478 (0.01)%
            GtT1tN3zN1_QqN2nNUTnN1 : 0.8480377 (0.01)%
         GtT1bC2hC1nEeN1_QqC1nEeN1 : 0.8475933 (0.01)%
         GtT1bC2hC1nEeN1_QqC1nMmN1 : 0.8475933 (0.01)%
         GtT1bC2hC1nMmN1_QqC1nEeN1 : 0.8475933 (0.01)%
         GtT1bC2hC1nMmN1_QqC1nMmN1 : 0.8475933 (0.01)%
  GtT2tN4wC1nTAU2taN1_QqC1taNUTnN1 : 0.8391601 (0.01)%
  GtT2tN4wC1taNUTnN1_QqC1nTAU2taN1 : 0.8391601 (0.01)%
                 QqC1nEeN1_QqC2wN1 : 0.8391526 (0.01)%
                 QqC1nMmN1_QqC2wN1 : 0.8391526 (0.01)%
    GbB1tC2wN2nNUTnN1_QqC1taNUTnN1 : 0.8389914 (0.01)%
         GtT1bC1taNUTnN1_QqN2eEeN1 : 0.8356546 (0.01)%
         GtT1bC1taNUTnN1_QqN2mMmN1 : 0.8356546 (0.01)%
      GbB1tC2hC1nEeN1_QqC1taNUTnN1 : 0.8318583 (0.01)%
      GbB1tC2hC1nMmN1_QqC1taNUTnN1 : 0.8318583 (0.01)%
      GbB1tC2hC1taNUTnN1_QqC1nEeN1 : 0.8318583 (0.01)%
      GbB1tC2hC1taNUTnN1_QqC1nMmN1 : 0.8318583 (0.01)%
    GbB1tC1nTAU2taN1_QqC1nTAU2taN1 : 0.8314790 (0.01)%
           GqQqN1_GtT1bC2wN2nNUnN1 : 0.8311008 (0.01)%
      GtT1bC1eNUnN1_QqN2taTAU2taN1 : 0.8274833 (0.01)%
      GtT1bC1mNUnN1_QqN2taTAU2taN1 : 0.8274833 (0.01)%
  GtT1bC2zC1nTAU2taN1_QqC1taNUTnN1 : 0.8270319 (0.01)%
  GtT1bC2zC1taNUTnN1_QqC1nTAU2taN1 : 0.8270319 (0.01)%
 GtT1bC2wN2taTAU2taN1_QqC1taNUTnN1 : 0.8250458 (0.01)%
    GbB1tC2hC1eNUnN1_QqC1nTAU2taN1 : 0.8248806 (0.01)%
    GbB1tC2hC1mNUnN1_QqC1nTAU2taN1 : 0.8248806 (0.01)%
    GbB1tC2hC1nTAU2taN1_QqC1eNUnN1 : 0.8248806 (0.01)%
    GbB1tC2hC1nTAU2taN1_QqC1mNUnN1 : 0.8248806 (0.01)%
      GtT1tN3wC1eNUnN1_QqN2nNUTnN1 : 0.8242030 (0.01)%
      GtT1tN3wC1mNUnN1_QqN2nNUTnN1 : 0.8242030 (0.01)%
    GbB1tC2hC1nTAU2taN1_QqN2nNUnN1 : 0.8213774 (0.01)%
          GtT1bC1nEeN1_QqN2nNUTnN1 : 0.8199307 (0.01)%
          GtT1bC1nMmN1_QqN2nNUTnN1 : 0.8199307 (0.01)%
           GtT1tN2eEeN1_QqC1eNUnN1 : 0.8159201 (0.01)%
           GtT1tN2eEeN1_QqC1mNUnN1 : 0.8159201 (0.01)%
           GtT1tN2mMmN1_QqC1eNUnN1 : 0.8159201 (0.01)%
           GtT1tN2mMmN1_QqC1mNUnN1 : 0.8159201 (0.01)%
           GtT1tN2nNUnN1_QqN2eEeN1 : 0.8127248 (0.01)%
           GtT1tN2nNUnN1_QqN2mMmN1 : 0.8127248 (0.01)%
           GtT1tN2eEeN1_QqN2nNUnN1 : 0.8124550 (0.01)%
           GtT1tN2mMmN1_QqN2nNUnN1 : 0.8124550 (0.01)%
   GtT1bC2wN2nNUTnN1_QqC1nTAU2taN1 : 0.8106581 (0.01)%
     QqN2taTAU1taN1_QqN2taTAU2taN1 : 0.8070467 (0.01)%
     GtT1bC2hC1nEeN1_QqC1nTAU2taN1 : 0.8037659 (0.01)%
     GtT1bC2hC1nMmN1_QqC1nTAU2taN1 : 0.8037659 (0.01)%
     GtT1bC2hC1nTAU2taN1_QqC1nEeN1 : 0.8037659 (0.01)%
     GtT1bC2hC1nTAU2taN1_QqC1nMmN1 : 0.8037659 (0.01)%
        GbB1tC2zC1nEeN1_QqC1eNUnN1 : 0.8030681 (0.01)%
        GbB1tC2zC1nEeN1_QqC1mNUnN1 : 0.8030681 (0.01)%
        GbB1tC2zC1nMmN1_QqC1eNUnN1 : 0.8030681 (0.01)%
        GbB1tC2zC1nMmN1_QqC1mNUnN1 : 0.8030681 (0.01)%
        GbB1tC2zC1eNUnN1_QqC1nEeN1 : 0.8030681 (0.01)%
        GbB1tC2zC1eNUnN1_QqC1nMmN1 : 0.8030681 (0.01)%
        GbB1tC2zC1mNUnN1_QqC1nEeN1 : 0.8030681 (0.01)%
        GbB1tC2zC1mNUnN1_QqC1nMmN1 : 0.8030681 (0.01)%
              GtT1tN3hN1_QqC1nEeN1 : 0.8027145 (0.01)%
              GtT1tN3hN1_QqC1nMmN1 : 0.8027145 (0.01)%
        GbB1tC2wN2eEeN1_QqC1eNUnN1 : 0.8019980 (0.01)%
        GbB1tC2wN2eEeN1_QqC1mNUnN1 : 0.8019980 (0.01)%
        GbB1tC2wN2mMmN1_QqC1eNUnN1 : 0.8019980 (0.01)%
        GbB1tC2wN2mMmN1_QqC1mNUnN1 : 0.8019980 (0.01)%
              GqQqN1_GtT1bC1eNUnN1 : 0.8005410 (0.01)%
              GqQqN1_GtT1bC1mNUnN1 : 0.8005410 (0.01)%
        GbB1tC2zC1nEeN1_QqN2nNUnN1 : 0.7996575 (0.01)%
        GbB1tC2zC1nMmN1_QqN2nNUnN1 : 0.7996575 (0.01)%
        GbB1tC2wN2nNUnN1_QqN2eEeN1 : 0.7988572 (0.01)%
        GbB1tC2wN2nNUnN1_QqN2mMmN1 : 0.7988572 (0.01)%
        GbB1tC2wN2eEeN1_QqN2nNUnN1 : 0.7985920 (0.01)%
        GbB1tC2wN2mMmN1_QqN2nNUnN1 : 0.7985920 (0.01)%
             QqC1nTAU2taN1_QqC2wN1 : 0.7957617 (0.01)%
         GtT2tN4wC1nEeN1_QqC1nEeN1 : 0.7939871 (0.01)%
         GtT2tN4wC1nEeN1_QqC1nMmN1 : 0.7939871 (0.01)%
         GtT2tN4wC1nMmN1_QqC1nEeN1 : 0.7939871 (0.01)%
         GtT2tN4wC1nMmN1_QqC1nMmN1 : 0.7939871 (0.01)%
    GtT1bC1taNUTnN1_QqN2taTAU2taN1 : 0.7913336 (0.01)%
   QqN2nNUTnN1_QqN2taTAU2zTAU1taN1 : 0.7906224 (0.01)%
  GbB1tC2hC1nTAU2taN1_QqC1taNUTnN1 : 0.7888446 (0.01)%
  GbB1tC2hC1taNUTnN1_QqC1nTAU2taN1 : 0.7888446 (0.01)%
    GtT1tN3wC1taNUTnN1_QqN2nNUTnN1 : 0.7881966 (0.01)%
                       T1tN1_T1tN1 : 0.7847777 (0.01)%
     QqN2eEeN1_QqN2taTAU2hTAU1taN1 : 0.7830137 (0.01)%
     QqN2mMmN1_QqN2taTAU2hTAU1taN1 : 0.7830137 (0.01)%
         GtT1bC2zC1nEeN1_QqC1nEeN1 : 0.7825117 (0.01)%
         GtT1bC2zC1nEeN1_QqC1nMmN1 : 0.7825117 (0.01)%
         GtT1bC2zC1nMmN1_QqC1nEeN1 : 0.7825117 (0.01)%
         GtT1bC2zC1nMmN1_QqC1nMmN1 : 0.7825117 (0.01)%
         GtT1bC2wN2eEeN1_QqC1nEeN1 : 0.7814691 (0.01)%
         GtT1bC2wN2eEeN1_QqC1nMmN1 : 0.7814691 (0.01)%
         GtT1bC2wN2mMmN1_QqC1nEeN1 : 0.7814691 (0.01)%
         GtT1bC2wN2mMmN1_QqC1nMmN1 : 0.7814691 (0.01)%
                 C2wN2nNUnN1_N3zN1 : 0.7814392 (0.01)%
         GtT1tN2eEeN1_QqC1taNUTnN1 : 0.7802756 (0.01)%
         GtT1tN2mMmN1_QqC1taNUTnN1 : 0.7802756 (0.01)%
      GtT1bC1nTAU2taN1_QqN2nNUTnN1 : 0.7775338 (0.01)%
              GtT1tN3zN1_QqN2eEeN1 : 0.7754888 (0.01)%
              GtT1tN3zN1_QqN2mMmN1 : 0.7754888 (0.01)%
      GtT1tN2taTAU2taN1_QqC1eNUnN1 : 0.7729024 (0.01)%
      GtT1tN2taTAU2taN1_QqC1mNUnN1 : 0.7729024 (0.01)%
      GtT1tN2taTAU2taN1_QqN2nNUnN1 : 0.7696199 (0.01)%
      GtT1tN2nNUnN1_QqN2taTAU2taN1 : 0.7696199 (0.01)%
      GbB1tC2zC1nEeN1_QqC1taNUTnN1 : 0.7679850 (0.01)%
      GbB1tC2zC1nMmN1_QqC1taNUTnN1 : 0.7679850 (0.01)%
      GbB1tC2zC1taNUTnN1_QqC1nEeN1 : 0.7679850 (0.01)%
      GbB1tC2zC1taNUTnN1_QqC1nMmN1 : 0.7679850 (0.01)%
      GbB1tC2wN2eEeN1_QqC1taNUTnN1 : 0.7669617 (0.01)%
      GbB1tC2wN2mMmN1_QqC1taNUTnN1 : 0.7669617 (0.01)%
          GtT1tN2nNUTnN1_QqC1nEeN1 : 0.7658479 (0.01)%
          GtT1tN2nNUTnN1_QqC1nMmN1 : 0.7658479 (0.01)%
            GqQqN1_GtT1bC1taNUTnN1 : 0.7655683 (0.01)%
 GtT1bC2hC1nTAU2taN1_QqC1nTAU2taN1 : 0.7622048 (0.01)%
    GbB1tC2zC1nTAU2taN1_QqC1eNUnN1 : 0.7615430 (0.01)%
    GbB1tC2zC1nTAU2taN1_QqC1mNUnN1 : 0.7615430 (0.01)%
    GbB1tC2zC1eNUnN1_QqC1nTAU2taN1 : 0.7615430 (0.01)%
    GbB1tC2zC1mNUnN1_QqC1nTAU2taN1 : 0.7615430 (0.01)%
          GtT1tN3hN1_QqC1nTAU2taN1 : 0.7612077 (0.01)%
                QqC1eNUnN1_QqN2zN1 : 0.7604286 (0.01)%
                QqC1mNUnN1_QqN2zN1 : 0.7604286 (0.01)%
   GbB1tC2wN2taTAU2taN1_QqC1eNUnN1 : 0.7597143 (0.01)%
   GbB1tC2wN2taTAU2taN1_QqC1mNUnN1 : 0.7597143 (0.01)%
           C2wN2nNUnN1_N3wC1eNUnN1 : 0.7594763 (0.01)%
           C2wN2nNUnN1_N3wC1mNUnN1 : 0.7594763 (0.01)%
    GbB1tC2zC1nTAU2taN1_QqN2nNUnN1 : 0.7583088 (0.01)%
                      N1_N2nNUTnN1 : 0.7578922 (0.01)%
                QqN2nNUnN1_QqN2zN1 : 0.7571990 (0.01)%
   GbB1tC2wN2taTAU2taN1_QqN2nNUnN1 : 0.7564878 (0.01)%
   GbB1tC2wN2nNUnN1_QqN2taTAU2taN1 : 0.7564878 (0.01)%
                    GqQqN1_QqN2zN1 : 0.7538882 (0.01)%
        GtT1tN3wC1eNUnN1_QqN2eEeN1 : 0.7536931 (0.01)%
        GtT1tN3wC1eNUnN1_QqN2mMmN1 : 0.7536931 (0.01)%
        GtT1tN3wC1mNUnN1_QqN2eEeN1 : 0.7536931 (0.01)%
        GtT1tN3wC1mNUnN1_QqN2mMmN1 : 0.7536931 (0.01)%
     GtT2tN4wC1nEeN1_QqC1nTAU2taN1 : 0.7529316 (0.01)%
     GtT2tN4wC1nMmN1_QqC1nTAU2taN1 : 0.7529316 (0.01)%
     GtT2tN4wC1nTAU2taN1_QqC1nEeN1 : 0.7529316 (0.01)%
     GtT2tN4wC1nTAU2taN1_QqC1nMmN1 : 0.7529316 (0.01)%
       GbB1tC2wN2nNUTnN1_QqC1nEeN1 : 0.7527802 (0.01)%
       GbB1tC2wN2nNUTnN1_QqC1nMmN1 : 0.7527802 (0.01)%
            GtT1bC1nEeN1_QqN2eEeN1 : 0.7497863 (0.01)%
            GtT1bC1nEeN1_QqN2mMmN1 : 0.7497863 (0.01)%
            GtT1bC1nMmN1_QqN2eEeN1 : 0.7497863 (0.01)%
            GtT1bC1nMmN1_QqN2mMmN1 : 0.7497863 (0.01)%
         GbB1tC2hC1nEeN1_QqC1nEeN1 : 0.7463801 (0.01)%
         GbB1tC2hC1nEeN1_QqC1nMmN1 : 0.7463801 (0.01)%
         GbB1tC2hC1nMmN1_QqC1nEeN1 : 0.7463801 (0.01)%
         GbB1tC2hC1nMmN1_QqC1nMmN1 : 0.7463801 (0.01)%
      GtT1tN3zN2nNUTnN1_QqC1eNUnN1 : 0.7463250 (0.01)%
      GtT1tN3zN2nNUTnN1_QqC1mNUnN1 : 0.7463250 (0.01)%
              GqQqN1_GtT1tN2nNUnN1 : 0.7445615 (0.01)%
      GtT1tN3zN2nNUTnN1_QqN2nNUnN1 : 0.7431554 (0.01)%
      GtT1tN3zN2nNUnN1_QqN2nNUTnN1 : 0.7431554 (0.01)%
     GtT1bC2zC1nEeN1_QqC1nTAU2taN1 : 0.7420496 (0.01)%
     GtT1bC2zC1nMmN1_QqC1nTAU2taN1 : 0.7420496 (0.01)%
     GtT1bC2zC1nTAU2taN1_QqC1nEeN1 : 0.7420496 (0.01)%
     GtT1bC2zC1nTAU2taN1_QqC1nMmN1 : 0.7420496 (0.01)%
QqN2taTAU2hTAU1taN1_QqN2taTAU2taN1 : 0.7414846 (0.01)%
     GtT1bC2wN2eEeN1_QqC1nTAU2taN1 : 0.7410609 (0.01)%
     GtT1bC2wN2mMmN1_QqC1nTAU2taN1 : 0.7410609 (0.01)%
    GtT1bC2wN2taTAU2taN1_QqC1nEeN1 : 0.7402677 (0.01)%
    GtT1bC2wN2taTAU2taN1_QqC1nMmN1 : 0.7402677 (0.01)%
    GtT1tN2taTAU2taN1_QqC1taNUTnN1 : 0.7391371 (0.01)%
             GtT2hT1tN1_QqC1eNUnN1 : 0.7372843 (0.01)%
             GtT2hT1tN1_QqC1mNUnN1 : 0.7372843 (0.01)%
         GtT1tN3zN1_QqN2taTAU2taN1 : 0.7343588 (0.01)%
             GtT2hT1tN1_QqN2nNUnN1 : 0.7341531 (0.01)%
           GbB1tC2wN2nNUnN1_GqQqN1 : 0.7318570 (0.01)%
  GbB1tC2zC1nTAU2taN1_QqC1taNUTnN1 : 0.7282740 (0.01)%
  GbB1tC2zC1taNUTnN1_QqC1nTAU2taN1 : 0.7282740 (0.01)%
              QqC1taNUTnN1_QqN2zN1 : 0.7272082 (0.01)%
 GbB1tC2wN2taTAU2taN1_QqC1taNUTnN1 : 0.7265251 (0.01)%
         C2wN2nNUnN1_N3wC1taNUTnN1 : 0.7262975 (0.01)%
      GtT1tN2nNUTnN1_QqC1nTAU2taN1 : 0.7262475 (0.01)%
                 C2wN2nNUnN1_N4hN1 : 0.7256025 (0.01)%
             GtT2tN3zN1_QqC1eNUnN1 : 0.7234716 (0.01)%
             GtT2tN3zN1_QqC1mNUnN1 : 0.7234716 (0.01)%
     QqN2eEeN1_QqN2taTAU2zTAU1taN1 : 0.7229853 (0.01)%
     QqN2mMmN1_QqN2taTAU2zTAU1taN1 : 0.7229853 (0.01)%
               N2nNUTnN1_N2nNUTnN1 : 0.7208878 (0.01)%
      GtT1tN3wC1taNUTnN1_QqN2eEeN1 : 0.7207670 (0.01)%
      GtT1tN3wC1taNUTnN1_QqN2mMmN1 : 0.7207670 (0.01)%
             GtT2tN3zN1_QqN2nNUnN1 : 0.7203990 (0.01)%
           C2wN2nNUnN1_N4hN2nNUnN1 : 0.7200088 (0.01)%
           C2wN2nNUnN1_N4wC1eNUnN1 : 0.7196980 (0.01)%
           C2wN2nNUnN1_N4wC1mNUnN1 : 0.7196980 (0.01)%
                 C2hC1eNUnN1_C2wN1 : 0.7147367 (0.01)%
                 C2hC1mNUnN1_C2wN1 : 0.7147367 (0.01)%
 GtT2tN4wC1nTAU2taN1_QqC1nTAU2taN1 : 0.7139990 (0.01)%
   GbB1tC2wN2nNUTnN1_QqC1nTAU2taN1 : 0.7138554 (0.01)%
    GtT1tN3zN2nNUTnN1_QqC1taNUTnN1 : 0.7137208 (0.01)%
   GtT1tN3wC1eNUnN1_QqN2taTAU2taN1 : 0.7137191 (0.01)%
   GtT1tN3wC1mNUnN1_QqN2taTAU2taN1 : 0.7137191 (0.01)%
        GtT1bC1nTAU2taN1_QqN2eEeN1 : 0.7110164 (0.01)%
        GtT1bC1nTAU2taN1_QqN2mMmN1 : 0.7110164 (0.01)%
                 GqQqN1_GtT1tN3zN1 : 0.7104485 (0.01)%
       GtT1bC1nEeN1_QqN2taTAU2taN1 : 0.7100195 (0.01)%
       GtT1bC1nMmN1_QqN2taTAU2taN1 : 0.7100195 (0.01)%
     GbB1tC2hC1nEeN1_QqC1nTAU2taN1 : 0.7077863 (0.01)%
     GbB1tC2hC1nMmN1_QqC1nTAU2taN1 : 0.7077863 (0.01)%
     GbB1tC2hC1nTAU2taN1_QqC1nEeN1 : 0.7077863 (0.01)%
     GbB1tC2hC1nTAU2taN1_QqC1nMmN1 : 0.7077863 (0.01)%
       GtT1tN3wC1nEeN1_QqN2nNUTnN1 : 0.7072049 (0.01)%
       GtT1tN3wC1nMmN1_QqN2nNUTnN1 : 0.7072049 (0.01)%
           GtT2hT1tN1_QqC1taNUTnN1 : 0.7050750 (0.01)%
 GtT1bC2zC1nTAU2taN1_QqC1nTAU2taN1 : 0.7036797 (0.01)%
       GtT2tN3wC1eNUnN1_QqC1eNUnN1 : 0.7031379 (0.01)%
       GtT2tN3wC1eNUnN1_QqC1mNUnN1 : 0.7031379 (0.01)%
       GtT2tN3wC1mNUnN1_QqC1eNUnN1 : 0.7031379 (0.01)%
       GtT2tN3wC1mNUnN1_QqC1mNUnN1 : 0.7031379 (0.01)%
GtT1bC2wN2taTAU2taN1_QqC1nTAU2taN1 : 0.7019899 (0.01)%
       GtT2tN3wC1eNUnN1_QqN2nNUnN1 : 0.7001517 (0.01)%
       GtT2tN3wC1mNUnN1_QqN2nNUnN1 : 0.7001517 (0.01)%
            GtT1tN2eEeN1_QqC1nEeN1 : 0.7000978 (0.01)%
            GtT1tN2eEeN1_QqC1nMmN1 : 0.7000978 (0.01)%
            GtT1tN2mMmN1_QqC1nEeN1 : 0.7000978 (0.01)%
            GtT1tN2mMmN1_QqC1nMmN1 : 0.7000978 (0.01)%
                        N1_N2eEeN1 : 0.6930551 (0.01)%
                        N1_N2mMmN1 : 0.6930551 (0.01)%
           GtT2tN3zN1_QqC1taNUTnN1 : 0.6918657 (0.01)%
           GqQqN1_GtT1tN3wC1eNUnN1 : 0.6904809 (0.01)%
           GqQqN1_GtT1tN3wC1mNUnN1 : 0.6904809 (0.01)%
                      GtT1tN1_QqN1 : 0.6897381 (0.01)%
         GbB1tC2zC1nEeN1_QqC1nEeN1 : 0.6890701 (0.01)%
         GbB1tC2zC1nEeN1_QqC1nMmN1 : 0.6890701 (0.01)%
         GbB1tC2zC1nMmN1_QqC1nEeN1 : 0.6890701 (0.01)%
         GbB1tC2zC1nMmN1_QqC1nMmN1 : 0.6890701 (0.01)%
         C2wN2nNUnN1_N4wC1taNUTnN1 : 0.6882570 (0.01)%
         GbB1tC2wN2eEeN1_QqC1nEeN1 : 0.6881520 (0.01)%
         GbB1tC2wN2eEeN1_QqC1nMmN1 : 0.6881520 (0.01)%
         GbB1tC2wN2mMmN1_QqC1nEeN1 : 0.6881520 (0.01)%
         GbB1tC2wN2mMmN1_QqC1nMmN1 : 0.6881520 (0.01)%
               GqQqN1_GtT1bC1nEeN1 : 0.6869017 (0.01)%
               GqQqN1_GtT1bC1nMmN1 : 0.6869017 (0.01)%
           C2wN2nNUnN1_N3zN2nNUnN1 : 0.6847935 (0.01)%
QqN2taTAU2taN1_QqN2taTAU2zTAU1taN1 : 0.6846399 (0.01)%
               C2hC1taNUTnN1_C2wN1 : 0.6835125 (0.01)%
 GtT1tN3wC1taNUTnN1_QqN2taTAU2taN1 : 0.6825394 (0.01)%
        GtT1tN3zN2eEeN1_QqC1eNUnN1 : 0.6822509 (0.01)%
        GtT1tN3zN2eEeN1_QqC1mNUnN1 : 0.6822509 (0.01)%
        GtT1tN3zN2mMmN1_QqC1eNUnN1 : 0.6822509 (0.01)%
        GtT1tN3zN2mMmN1_QqC1mNUnN1 : 0.6822509 (0.01)%
        GtT1tN3zN2nNUnN1_QqN2eEeN1 : 0.6795790 (0.01)%
        GtT1tN3zN2nNUnN1_QqN2mMmN1 : 0.6795790 (0.01)%
        GtT1tN3zN2eEeN1_QqN2nNUnN1 : 0.6793534 (0.01)%
        GtT1tN3zN2mMmN1_QqN2nNUnN1 : 0.6793534 (0.01)%
   GtT1bC1nTAU2taN1_QqN2taTAU2taN1 : 0.6733058 (0.01)%
     GtT2tN3wC1eNUnN1_QqC1taNUTnN1 : 0.6724204 (0.01)%
     GtT2tN3wC1mNUnN1_QqC1taNUTnN1 : 0.6724204 (0.01)%
     GtT2tN3wC1taNUTnN1_QqC1eNUnN1 : 0.6724204 (0.01)%
     GtT2tN3wC1taNUTnN1_QqC1mNUnN1 : 0.6724204 (0.01)%
 GbB1tC2hC1nTAU2taN1_QqC1nTAU2taN1 : 0.6711881 (0.01)%
   GtT1tN3wC1nTAU2taN1_QqN2nNUTnN1 : 0.6706367 (0.01)%
     GtT2tN3wC1taNUTnN1_QqN2nNUnN1 : 0.6695646 (0.01)%
        GtT1tN2eEeN1_QqC1nTAU2taN1 : 0.6638971 (0.01)%
        GtT1tN2mMmN1_QqC1nTAU2taN1 : 0.6638971 (0.01)%
       GtT1tN2taTAU2taN1_QqC1nEeN1 : 0.6631865 (0.01)%
       GtT1tN2taTAU2taN1_QqC1nMmN1 : 0.6631865 (0.01)%
         GqQqN1_GtT1tN3wC1taNUTnN1 : 0.6603163 (0.01)%
                 C2wN1_C2zC1eNUnN1 : 0.6598564 (0.01)%
                 C2wN1_C2zC1mNUnN1 : 0.6598564 (0.01)%
                   N1_N2taTAU2taN1 : 0.6562972 (0.01)%
     GbB1tC2zC1nEeN1_QqC1nTAU2taN1 : 0.6534397 (0.01)%
     GbB1tC2zC1nMmN1_QqC1nTAU2taN1 : 0.6534397 (0.01)%
     GbB1tC2zC1nTAU2taN1_QqC1nEeN1 : 0.6534397 (0.01)%
     GbB1tC2zC1nTAU2taN1_QqC1nMmN1 : 0.6534397 (0.01)%
     GbB1tC2wN2eEeN1_QqC1nTAU2taN1 : 0.6525690 (0.01)%
     GbB1tC2wN2mMmN1_QqC1nTAU2taN1 : 0.6525690 (0.01)%
                 QqC1nEeN1_QqN2zN1 : 0.6524834 (0.01)%
                 QqC1nMmN1_QqN2zN1 : 0.6524834 (0.01)%
      GtT1tN3zN2eEeN1_QqC1taNUTnN1 : 0.6524459 (0.01)%
      GtT1tN3zN2mMmN1_QqC1taNUTnN1 : 0.6524459 (0.01)%
    GbB1tC2wN2taTAU2taN1_QqC1nEeN1 : 0.6518705 (0.01)%
    GbB1tC2wN2taTAU2taN1_QqC1nMmN1 : 0.6518705 (0.01)%
            C2wN2nNUnN1_N3wC1nEeN1 : 0.6516663 (0.01)%
            C2wN2nNUnN1_N3wC1nMmN1 : 0.6516663 (0.01)%
           GqQqN1_GtT1bC1nTAU2taN1 : 0.6513834 (0.01)%
         GtT1tN3wC1nEeN1_QqN2eEeN1 : 0.6467041 (0.01)%
         GtT1tN3wC1nEeN1_QqN2mMmN1 : 0.6467041 (0.01)%
         GtT1tN3wC1nMmN1_QqN2eEeN1 : 0.6467041 (0.01)%
         GtT1tN3wC1nMmN1_QqN2mMmN1 : 0.6467041 (0.01)%
   GtT1tN3zN2taTAU2taN1_QqC1eNUnN1 : 0.6462806 (0.01)%
   GtT1tN3zN2taTAU2taN1_QqC1mNUnN1 : 0.6462806 (0.01)%
   GtT1tN3zN2taTAU2taN1_QqN2nNUnN1 : 0.6435359 (0.01)%
   GtT1tN3zN2nNUnN1_QqN2taTAU2taN1 : 0.6435359 (0.01)%
   GtT2tN3wC1taNUTnN1_QqC1taNUTnN1 : 0.6430448 (0.01)%
       GtT1tN3zN2nNUTnN1_QqC1nEeN1 : 0.6403819 (0.01)%
       GtT1tN3zN2nNUTnN1_QqC1nMmN1 : 0.6403819 (0.01)%
          QqC1eNUnN1_QqC2wN2nNUnN1 : 0.6381354 (0.01)%
          QqC1mNUnN1_QqC2wN2nNUnN1 : 0.6381354 (0.01)%
          QqC2wN2nNUnN1_QqN2nNUnN1 : 0.6354253 (0.01)%
       GtT2tN3zN2nNUnN1_QqC1eNUnN1 : 0.6339951 (0.01)%
       GtT2tN3zN2nNUnN1_QqC1mNUnN1 : 0.6339951 (0.01)%
              GqQqN1_QqC2wN2nNUnN1 : 0.6326469 (0.01)%
              GtT2hT1tN1_QqC1nEeN1 : 0.6326245 (0.01)%
              GtT2hT1tN1_QqC1nMmN1 : 0.6326245 (0.01)%
       GtT2tN3zN2nNUnN1_QqN2nNUnN1 : 0.6313026 (0.01)%
               C2wN1_C2zC1taNUTnN1 : 0.6310297 (0.01)%
                       C2wN1_N3hN1 : 0.6296918 (0.01)%
   GtT1tN2taTAU2taN1_QqC1nTAU2taN1 : 0.6288944 (0.01)%
           GqQqN1_GtT1tN3zN2nNUnN1 : 0.6225827 (0.01)%
              T1bC2wN2nNUnN1_T1tN1 : 0.6209006 (0.01)%
              GtT2tN3zN1_QqC1nEeN1 : 0.6207726 (0.01)%
              GtT2tN3zN1_QqC1nMmN1 : 0.6207726 (0.01)%
 GbB1tC2zC1nTAU2taN1_QqC1nTAU2taN1 : 0.6196516 (0.01)%
                    C1eNUnN1_N2zN1 : 0.6190502 (0.01)%
                    C1mNUnN1_N2zN1 : 0.6190502 (0.01)%
             QqC1nTAU2taN1_QqN2zN1 : 0.6187448 (0.01)%
                C2wN1_C2wN2nNUTnN1 : 0.6185364 (0.01)%
         GbB1bN2nNUTnN1_QqC1eNUnN1 : 0.6183823 (0.01)%
         GbB1bN2nNUTnN1_QqC1mNUnN1 : 0.6183823 (0.01)%
GbB1tC2wN2taTAU2taN1_QqC1nTAU2taN1 : 0.6181636 (0.01)%
 GtT1tN3zN2taTAU2taN1_QqC1taNUTnN1 : 0.6180470 (0.01)%
        C2wN2nNUnN1_N3wC1nTAU2taN1 : 0.6179699 (0.01)%
            C2wN2nNUnN1_N4wC1nEeN1 : 0.6175346 (0.01)%
            C2wN2nNUnN1_N4wC1nMmN1 : 0.6175346 (0.01)%
         GbB1bN2nNUTnN1_QqN2nNUnN1 : 0.6157561 (0.01)%
         GbB1bN2nNUnN1_QqN2nNUTnN1 : 0.6157561 (0.01)%
             GtT1tN4hN1_QqC1eNUnN1 : 0.6144594 (0.01)%
             GtT1tN4hN1_QqC1mNUnN1 : 0.6144594 (0.01)%
                  C2hC1nEeN1_C2wN1 : 0.6132776 (0.01)%
                  C2hC1nMmN1_C2wN1 : 0.6132776 (0.01)%
     GtT1tN3wC1nTAU2taN1_QqN2eEeN1 : 0.6132643 (0.01)%
     GtT1tN3wC1nTAU2taN1_QqN2mMmN1 : 0.6132643 (0.01)%
    GtT1tN3wC1nEeN1_QqN2taTAU2taN1 : 0.6124045 (0.01)%
    GtT1tN3wC1nMmN1_QqN2taTAU2taN1 : 0.6124045 (0.01)%
             GtT1tN4hN1_QqN2nNUnN1 : 0.6118498 (0.01)%
        QqC1taNUTnN1_QqC2wN2nNUnN1 : 0.6102576 (0.01)%
       GtT1tN4hN2nNUnN1_QqC1eNUnN1 : 0.6097225 (0.01)%
       GtT1tN4hN2nNUnN1_QqC1mNUnN1 : 0.6097225 (0.01)%
       GtT1tN4wC1eNUnN1_QqC1eNUnN1 : 0.6094593 (0.01)%
       GtT1tN4wC1eNUnN1_QqC1mNUnN1 : 0.6094593 (0.01)%
       GtT1tN4wC1mNUnN1_QqC1eNUnN1 : 0.6094593 (0.01)%
       GtT1tN4wC1mNUnN1_QqC1mNUnN1 : 0.6094593 (0.01)%
   GtT1tN3zN2nNUTnN1_QqC1nTAU2taN1 : 0.6072690 (0.01)%
       GtT1tN4hN2nNUnN1_QqN2nNUnN1 : 0.6071330 (0.01)%
       GtT1tN4wC1eNUnN1_QqN2nNUnN1 : 0.6068709 (0.01)%
       GtT1tN4wC1mNUnN1_QqN2nNUnN1 : 0.6068709 (0.01)%
     GtT2tN3zN2nNUnN1_QqC1taNUTnN1 : 0.6062982 (0.01)%
        GtT2tN3wC1nEeN1_QqC1eNUnN1 : 0.6033253 (0.01)%
        GtT2tN3wC1nEeN1_QqC1mNUnN1 : 0.6033253 (0.01)%
        GtT2tN3wC1nMmN1_QqC1eNUnN1 : 0.6033253 (0.01)%
        GtT2tN3wC1nMmN1_QqC1mNUnN1 : 0.6033253 (0.01)%
        GtT2tN3wC1eNUnN1_QqC1nEeN1 : 0.6033253 (0.01)%
        GtT2tN3wC1eNUnN1_QqC1nMmN1 : 0.6033253 (0.01)%
        GtT2tN3wC1mNUnN1_QqC1nEeN1 : 0.6033253 (0.01)%
        GtT2tN3wC1mNUnN1_QqC1nMmN1 : 0.6033253 (0.01)%
                   N2eEeN1_N2eEeN1 : 0.6028210 (0.01)%
                   N2mMmN1_N2mMmN1 : 0.6028210 (0.01)%
        GtT2tN3wC1nEeN1_QqN2nNUnN1 : 0.6007630 (0.01)%
        GtT2tN3wC1nMmN1_QqN2nNUnN1 : 0.6007630 (0.01)%
          GtT2hT1tN1_QqC1nTAU2taN1 : 0.5999128 (0.01)%
         GbB1tC1eNUnN1_QqN2nNUTnN1 : 0.5985852 (0.01)%
         GbB1tC1mNUnN1_QqN2nNUTnN1 : 0.5985852 (0.01)%
                 T1bC1eNUnN1_T1tN1 : 0.5980699 (0.01)%
                 T1bC1mNUnN1_T1tN1 : 0.5980699 (0.01)%
            GqQqN1_GtT1tN3wC1nEeN1 : 0.5924650 (0.01)%
            GqQqN1_GtT1tN3wC1nMmN1 : 0.5924650 (0.01)%
                  C1taNUTnN1_N2zN1 : 0.5920062 (0.01)%
       GbB1bN2nNUTnN1_QqC1taNUTnN1 : 0.5913675 (0.01)%
          GtT2tN3zN1_QqC1nTAU2taN1 : 0.5886737 (0.01)%
                       C2wN1_N4zN1 : 0.5883756 (0.01)%
           GtT1tN4hN1_QqC1taNUTnN1 : 0.5876159 (0.01)%
        C2wN2nNUnN1_N4wC1nTAU2taN1 : 0.5856031 (0.01)%
         GtT1tN3zN2eEeN1_QqC1nEeN1 : 0.5854033 (0.01)%
         GtT1tN3zN2eEeN1_QqC1nMmN1 : 0.5854033 (0.01)%
         GtT1tN3zN2mMmN1_QqC1nEeN1 : 0.5854033 (0.01)%
         GtT1tN3zN2mMmN1_QqC1nMmN1 : 0.5854033 (0.01)%
     GtT1tN4hN2nNUnN1_QqC1taNUTnN1 : 0.5830859 (0.01)%
     GtT1tN4wC1eNUnN1_QqC1taNUTnN1 : 0.5828342 (0.01)%
     GtT1tN4wC1mNUnN1_QqC1taNUTnN1 : 0.5828342 (0.01)%
     GtT1tN4wC1taNUTnN1_QqC1eNUnN1 : 0.5828342 (0.01)%
     GtT1tN4wC1taNUTnN1_QqC1mNUnN1 : 0.5828342 (0.01)%
              C2hC1nTAU2taN1_C2wN1 : 0.5815663 (0.01)%
GtT1tN3wC1nTAU2taN1_QqN2taTAU2taN1 : 0.5807383 (0.01)%
     GtT1tN4wC1taNUTnN1_QqN2nNUnN1 : 0.5803589 (0.01)%
      GtT2tN3wC1nEeN1_QqC1taNUTnN1 : 0.5769682 (0.01)%
      GtT2tN3wC1nMmN1_QqC1taNUTnN1 : 0.5769682 (0.01)%
      GtT2tN3wC1taNUTnN1_QqC1nEeN1 : 0.5769682 (0.01)%
      GtT2tN3wC1taNUTnN1_QqC1nMmN1 : 0.5769682 (0.01)%
             GtT2tN4zN1_QqC1eNUnN1 : 0.5752792 (0.01)%
             GtT2tN4zN1_QqC1mNUnN1 : 0.5752792 (0.01)%
             GtT2tN4zN1_QqN2nNUnN1 : 0.5728360 (0.01)%
       GbB1tC1taNUTnN1_QqN2nNUTnN1 : 0.5724352 (0.01)%
    GtT2tN3wC1eNUnN1_QqC1nTAU2taN1 : 0.5721286 (0.01)%
    GtT2tN3wC1mNUnN1_QqC1nTAU2taN1 : 0.5721286 (0.01)%
    GtT2tN3wC1nTAU2taN1_QqC1eNUnN1 : 0.5721286 (0.01)%
    GtT2tN3wC1nTAU2taN1_QqC1mNUnN1 : 0.5721286 (0.01)%
               T1bC1taNUTnN1_T1tN1 : 0.5719424 (0.01)%
    GtT2tN3wC1nTAU2taN1_QqN2nNUnN1 : 0.5696988 (0.01)%
                  C2wN1_C2zC1nEeN1 : 0.5661878 (0.01)%
                  C2wN1_C2zC1nMmN1 : 0.5661878 (0.01)%
                  C2wN1_C2wN2eEeN1 : 0.5656211 (0.01)%
                  C2wN1_C2wN2mMmN1 : 0.5656211 (0.01)%
           GbB1bN2eEeN1_QqC1eNUnN1 : 0.5652925 (0.01)%
           GbB1bN2eEeN1_QqC1mNUnN1 : 0.5652925 (0.01)%
           GbB1bN2mMmN1_QqC1eNUnN1 : 0.5652925 (0.01)%
           GbB1bN2mMmN1_QqC1mNUnN1 : 0.5652925 (0.01)%
           GbB1bN2nNUnN1_QqN2eEeN1 : 0.5630787 (0.01)%
           GbB1bN2nNUnN1_QqN2mMmN1 : 0.5630787 (0.01)%
           GbB1bN2eEeN1_QqN2nNUnN1 : 0.5628917 (0.01)%
           GbB1bN2mMmN1_QqN2nNUnN1 : 0.5628917 (0.01)%
        GqQqN1_GtT1tN3wC1nTAU2taN1 : 0.5618298 (0.01)%
   GtT1tN4wC1taNUTnN1_QqC1taNUTnN1 : 0.5573723 (0.01)%
                 T1tN1_T1tN2nNUnN1 : 0.5562487 (0.01)%
     GtT1tN3zN2eEeN1_QqC1nTAU2taN1 : 0.5551333 (0.01)%
     GtT1tN3zN2mMmN1_QqC1nTAU2taN1 : 0.5551333 (0.01)%
    GtT1tN3zN2taTAU2taN1_QqC1nEeN1 : 0.5545391 (0.01)%
    GtT1tN3zN2taTAU2taN1_QqC1nMmN1 : 0.5545391 (0.01)%
             GtT2bC2wN1_QqC1eNUnN1 : 0.5516360 (0.01)%
             GtT2bC2wN1_QqC1mNUnN1 : 0.5516360 (0.01)%
           GtT2tN4zN1_QqC1taNUTnN1 : 0.5501473 (0.01)%
             GtT2bC2wN1_QqN2nNUnN1 : 0.5492932 (0.01)%
      GtT1bC2hC1eNUnN1_QqN2nNUTnN1 : 0.5487144 (0.01)%
      GtT1bC2hC1mNUnN1_QqN2nNUTnN1 : 0.5487144 (0.01)%
           QqC1nEeN1_QqC2wN2nNUnN1 : 0.5475501 (0.01)%
           QqC1nMmN1_QqC2wN2nNUnN1 : 0.5475501 (0.01)%
           GbB1tC1eNUnN1_QqN2eEeN1 : 0.5473768 (0.01)%
           GbB1tC1eNUnN1_QqN2mMmN1 : 0.5473768 (0.01)%
           GbB1tC1mNUnN1_QqN2eEeN1 : 0.5473768 (0.01)%
           GbB1tC1mNUnN1_QqN2mMmN1 : 0.5473768 (0.01)%
  GtT2tN3wC1nTAU2taN1_QqC1taNUTnN1 : 0.5471344 (0.01)%
  GtT2tN3wC1taNUTnN1_QqC1nTAU2taN1 : 0.5471344 (0.01)%
                QqC1eNUnN1_QqN2hN1 : 0.5469499 (0.01)%
                QqC1mNUnN1_QqN2hN1 : 0.5469499 (0.01)%
                QqN2hN1_QqN2nNUnN1 : 0.5446270 (0.01)%
        GtT2tN3zN2nNUnN1_QqC1nEeN1 : 0.5439976 (0.01)%
        GtT2tN3zN2nNUnN1_QqC1nMmN1 : 0.5439976 (0.01)%
                    GqQqN1_QqN2hN1 : 0.5422457 (0.01)%
         GbB1bN2eEeN1_QqC1taNUTnN1 : 0.5405969 (0.01)%
         GbB1bN2mMmN1_QqC1taNUTnN1 : 0.5405969 (0.01)%
         N2taTAU2taN1_N2taTAU2taN1 : 0.5405725 (0.01)%
              C2wN1_C2zC1nTAU2taN1 : 0.5369113 (0.01)%
             C2wN1_C2wN2taTAU2taN1 : 0.5356220 (0.01)%
      GbB1bN2taTAU2taN1_QqC1eNUnN1 : 0.5354886 (0.01)%
      GbB1bN2taTAU2taN1_QqC1mNUnN1 : 0.5354886 (0.01)%
      GbB1bN2taTAU2taN1_QqN2nNUnN1 : 0.5332144 (0.01)%
      GbB1bN2nNUnN1_QqN2taTAU2taN1 : 0.5332144 (0.01)%
                     C1nEeN1_N2zN1 : 0.5311742 (0.01)%
                     C1nMmN1_N2zN1 : 0.5311742 (0.01)%
                    T1tN1_T1tN3zN1 : 0.5307635 (0.01)%
          GbB1bN2nNUTnN1_QqC1nEeN1 : 0.5306011 (0.01)%
          GbB1bN2nNUTnN1_QqC1nMmN1 : 0.5306011 (0.01)%
                C2wN1_N4hN2nNUTnN1 : 0.5281827 (0.01)%
           GtT2bC2wN1_QqC1taNUTnN1 : 0.5275370 (0.01)%
              GtT1tN4hN1_QqC1nEeN1 : 0.5272350 (0.01)%
              GtT1tN4hN1_QqC1nMmN1 : 0.5272350 (0.01)%
GtT1tN3zN2taTAU2taN1_QqC1nTAU2taN1 : 0.5258650 (0.01)%
    GtT1bC2hC1taNUTnN1_QqN2nNUTnN1 : 0.5247431 (0.01)%
         GbB1tC1taNUTnN1_QqN2eEeN1 : 0.5234639 (0.01)%
         GbB1tC1taNUTnN1_QqN2mMmN1 : 0.5234639 (0.01)%
        GtT1tN4hN2nNUnN1_QqC1nEeN1 : 0.5231705 (0.01)%
        GtT1tN4hN2nNUnN1_QqC1nMmN1 : 0.5231705 (0.01)%
              QqC1taNUTnN1_QqN2hN1 : 0.5230556 (0.01)%
        GtT1tN4wC1eNUnN1_QqC1nEeN1 : 0.5229447 (0.01)%
        GtT1tN4wC1eNUnN1_QqC1nMmN1 : 0.5229447 (0.01)%
        GtT1tN4wC1mNUnN1_QqC1nEeN1 : 0.5229447 (0.01)%
        GtT1tN4wC1mNUnN1_QqC1nMmN1 : 0.5229447 (0.01)%
        GtT1tN4wC1nEeN1_QqC1eNUnN1 : 0.5229447 (0.01)%
        GtT1tN4wC1nEeN1_QqC1mNUnN1 : 0.5229447 (0.01)%
        GtT1tN4wC1nMmN1_QqC1eNUnN1 : 0.5229447 (0.01)%
        GtT1tN4wC1nMmN1_QqC1mNUnN1 : 0.5229447 (0.01)%
        GtT1tN4wC1nEeN1_QqN2nNUnN1 : 0.5207237 (0.01)%
        GtT1tN4wC1nMmN1_QqN2nNUnN1 : 0.5207237 (0.01)%
                    B2bN1_B2tC2wN1 : 0.5197320 (0.01)%
       QqC1nTAU2taN1_QqC2wN2nNUnN1 : 0.5192374 (0.01)%
      GbB1tC1eNUnN1_QqN2taTAU2taN1 : 0.5183453 (0.01)%
      GbB1tC1mNUnN1_QqN2taTAU2taN1 : 0.5183453 (0.01)%
            GtT2tN4hN1_QqN2nNUTnN1 : 0.5182279 (0.01)%
         GtT2tN3wC1nEeN1_QqC1nEeN1 : 0.5176815 (0.01)%
         GtT2tN3wC1nEeN1_QqC1nMmN1 : 0.5176815 (0.01)%
         GtT2tN3wC1nMmN1_QqC1nEeN1 : 0.5176815 (0.01)%
         GtT2tN3wC1nMmN1_QqC1nMmN1 : 0.5176815 (0.01)%
      GtT2tN4hN2nNUTnN1_QqC1eNUnN1 : 0.5164261 (0.01)%
      GtT2tN4hN2nNUTnN1_QqC1mNUnN1 : 0.5164261 (0.01)%
    GtT2tN3zN2nNUnN1_QqC1nTAU2taN1 : 0.5158686 (0.01)%
              GbB1bN2nNUnN1_GqQqN1 : 0.5158532 (0.01)%
              T1tN1_T1tN3wC1eNUnN1 : 0.5158460 (0.01)%
              T1tN1_T1tN3wC1mNUnN1 : 0.5158460 (0.01)%
      GtT2tN4hN2nNUnN1_QqN2nNUTnN1 : 0.5142328 (0.01)%
      GtT2tN4hN2nNUTnN1_QqN2nNUnN1 : 0.5142328 (0.01)%
      GtT2tN4wC1eNUnN1_QqN2nNUTnN1 : 0.5140109 (0.01)%
      GtT2tN4wC1mNUnN1_QqN2nNUTnN1 : 0.5140109 (0.01)%
          GbB1tC1nEeN1_QqN2nNUTnN1 : 0.5136142 (0.01)%
          GbB1tC1nMmN1_QqN2nNUTnN1 : 0.5136142 (0.01)%
                  T1bC1nEeN1_T1tN1 : 0.5131721 (0.01)%
                  T1bC1nMmN1_T1tN1 : 0.5131721 (0.01)%
    GbB1bN2taTAU2taN1_QqC1taNUTnN1 : 0.5120950 (0.01)%
      GtT1bC2zC1eNUnN1_QqN2nNUTnN1 : 0.5065819 (0.01)%
      GtT1bC2zC1mNUnN1_QqN2nNUTnN1 : 0.5065819 (0.01)%
                 C1nTAU2taN1_N2zN1 : 0.5037082 (0.01)%
               GtT2tN1_QqN2nNUTnN1 : 0.5035138 (0.00)%
      GbB1bN2nNUTnN1_QqC1nTAU2taN1 : 0.5031648 (0.00)%
                C2wN1_N3zN2nNUTnN1 : 0.5023495 (0.00)%
        GtT1bC2hC1eNUnN1_QqN2eEeN1 : 0.5017723 (0.00)%
        GtT1bC2hC1eNUnN1_QqN2mMmN1 : 0.5017723 (0.00)%
        GtT1bC2hC1mNUnN1_QqN2eEeN1 : 0.5017723 (0.00)%
        GtT1bC2hC1mNUnN1_QqN2mMmN1 : 0.5017723 (0.00)%
              GbB1tC1eNUnN1_GqQqN1 : 0.5014683 (0.00)%
              GbB1tC1mNUnN1_GqQqN1 : 0.5014683 (0.00)%
            QqN1_QqN2nNUTwTAU1taN1 : 0.5006565 (0.00)%
      GtT1tN4wC1nEeN1_QqC1taNUTnN1 : 0.5000991 (0.00)%
      GtT1tN4wC1nMmN1_QqC1taNUTnN1 : 0.5000991 (0.00)%
      GtT1tN4wC1taNUTnN1_QqC1nEeN1 : 0.5000991 (0.00)%
      GtT1tN4wC1taNUTnN1_QqC1nMmN1 : 0.5000991 (0.00)%
          GtT1tN4hN1_QqC1nTAU2taN1 : 0.4999727 (0.00)%
                QqC1nTAU1taN1_QqN1 : 0.4982648 (0.00)%
    GtT1tN4hN2nNUnN1_QqC1nTAU2taN1 : 0.4961184 (0.00)%
    GtT1tN4wC1eNUnN1_QqC1nTAU2taN1 : 0.4959042 (0.00)%
    GtT1tN4wC1mNUnN1_QqC1nTAU2taN1 : 0.4959042 (0.00)%
    GtT1tN4wC1nTAU2taN1_QqC1eNUnN1 : 0.4959042 (0.00)%
    GtT1tN4wC1nTAU2taN1_QqC1mNUnN1 : 0.4959042 (0.00)%
    GbB1tC1taNUTnN1_QqN2taTAU2taN1 : 0.4957007 (0.00)%
    GtT2tN4hN2nNUTnN1_QqC1taNUTnN1 : 0.4938653 (0.00)%
    GtT1tN4wC1nTAU2taN1_QqN2nNUnN1 : 0.4937981 (0.00)%
              GtT2tN4zN1_QqC1nEeN1 : 0.4936166 (0.00)%
              GtT2tN4zN1_QqC1nMmN1 : 0.4936166 (0.00)%
            T1tN1_T1tN3wC1taNUTnN1 : 0.4933106 (0.00)%
         GbB2bN1_QqN2nNUTwTAU1taN1 : 0.4930923 (0.00)%
    GtT2tN4wC1taNUTnN1_QqN2nNUTnN1 : 0.4915556 (0.00)%
     GtT2tN3wC1nEeN1_QqC1nTAU2taN1 : 0.4909132 (0.00)%
     GtT2tN3wC1nMmN1_QqC1nTAU2taN1 : 0.4909132 (0.00)%
     GtT2tN3wC1nTAU2taN1_QqC1nEeN1 : 0.4909132 (0.00)%
     GtT2tN3wC1nTAU2taN1_QqC1nMmN1 : 0.4909132 (0.00)%
             GbB2bN1_QqC1nTAU1taN1 : 0.4907368 (0.00)%
      GbB1tC1nTAU2taN1_QqN2nNUTnN1 : 0.4870563 (0.00)%
              T1bC1nTAU2taN1_T1tN1 : 0.4866370 (0.00)%
            GbB1bN2eEeN1_QqC1nEeN1 : 0.4850475 (0.00)%
            GbB1bN2eEeN1_QqC1nMmN1 : 0.4850475 (0.00)%
            GbB1bN2mMmN1_QqC1nEeN1 : 0.4850475 (0.00)%
            GbB1bN2mMmN1_QqC1nMmN1 : 0.4850475 (0.00)%
    GtT1bC2zC1taNUTnN1_QqN2nNUTnN1 : 0.4844512 (0.00)%
      GbB1tC2hC1eNUnN1_QqN2nNUTnN1 : 0.4831911 (0.00)%
      GbB1tC2hC1mNUnN1_QqN2nNUTnN1 : 0.4831911 (0.00)%
                  C2wN1_N4hN2eEeN1 : 0.4829971 (0.00)%
                  C2wN1_N4hN2mMmN1 : 0.4829971 (0.00)%
      GtT1bC2hC1taNUTnN1_QqN2eEeN1 : 0.4798517 (0.00)%
      GtT1bC2hC1taNUTnN1_QqN2mMmN1 : 0.4798517 (0.00)%
            GbB1tC1taNUTnN1_GqQqN1 : 0.4795609 (0.00)%
   GtT1bC2hC1eNUnN1_QqN2taTAU2taN1 : 0.4751596 (0.00)%
   GtT1bC2hC1mNUnN1_QqN2taTAU2taN1 : 0.4751596 (0.00)%
     GtT1bC2wN2nNUTnN1_QqN2nNUTnN1 : 0.4748600 (0.00)%
  GtT1tN4wC1nTAU2taN1_QqC1taNUTnN1 : 0.4742400 (0.00)%
  GtT1tN4wC1taNUTnN1_QqC1nTAU2taN1 : 0.4742400 (0.00)%
              GtT2tN4hN1_QqN2eEeN1 : 0.4738939 (0.00)%
              GtT2tN4hN1_QqN2mMmN1 : 0.4738939 (0.00)%
              GtT2bC2wN1_QqC1nEeN1 : 0.4733296 (0.00)%
              GtT2bC2wN1_QqC1nMmN1 : 0.4733296 (0.00)%
        GtT2tN4hN2eEeN1_QqC1eNUnN1 : 0.4720895 (0.00)%
        GtT2tN4hN2eEeN1_QqC1mNUnN1 : 0.4720895 (0.00)%
        GtT2tN4hN2mMmN1_QqC1eNUnN1 : 0.4720895 (0.00)%
        GtT2tN4hN2mMmN1_QqC1mNUnN1 : 0.4720895 (0.00)%
       GtT1bC2hC1nEeN1_QqN2nNUTnN1 : 0.4708227 (0.00)%
       GtT1bC2hC1nMmN1_QqN2nNUTnN1 : 0.4708227 (0.00)%
        GtT2tN4hN2nNUnN1_QqN2eEeN1 : 0.4702406 (0.00)%
        GtT2tN4hN2nNUnN1_QqN2mMmN1 : 0.4702406 (0.00)%
        GtT2tN4hN2eEeN1_QqN2nNUnN1 : 0.4700845 (0.00)%
        GtT2tN4hN2mMmN1_QqN2nNUnN1 : 0.4700845 (0.00)%
        GtT2tN4wC1eNUnN1_QqN2eEeN1 : 0.4700377 (0.00)%
        GtT2tN4wC1eNUnN1_QqN2mMmN1 : 0.4700377 (0.00)%
        GtT2tN4wC1mNUnN1_QqN2eEeN1 : 0.4700377 (0.00)%
        GtT2tN4wC1mNUnN1_QqN2mMmN1 : 0.4700377 (0.00)%
            GbB1tC1nEeN1_QqN2eEeN1 : 0.4696750 (0.00)%
            GbB1tC1nEeN1_QqN2mMmN1 : 0.4696750 (0.00)%
            GbB1tC1nMmN1_QqN2eEeN1 : 0.4696750 (0.00)%
            GbB1tC1nMmN1_QqN2mMmN1 : 0.4696750 (0.00)%
                 QqC1nEeN1_QqN2hN1 : 0.4693087 (0.00)%
                 QqC1nMmN1_QqN2hN1 : 0.4693087 (0.00)%
          GtT2tN4zN1_QqC1nTAU2taN1 : 0.4680926 (0.00)%
           C2hC1eNUnN1_C2wN2nNUnN1 : 0.4663683 (0.00)%
           C2hC1mNUnN1_C2wN2nNUnN1 : 0.4663683 (0.00)%
               QqC2wN1_QqN2nNUTnN1 : 0.4661341 (0.00)%
 GtT2tN3wC1nTAU2taN1_QqC1nTAU2taN1 : 0.4655290 (0.00)%
              T1tN1_T1tN3zN2nNUnN1 : 0.4651205 (0.00)%
           QqC1nTAU2hTAU1taN1_QqN1 : 0.4642816 (0.00)%
        GtT1bC2zC1eNUnN1_QqN2eEeN1 : 0.4632443 (0.00)%
        GtT1bC2zC1eNUnN1_QqN2mMmN1 : 0.4632443 (0.00)%
        GtT1bC2zC1mNUnN1_QqN2eEeN1 : 0.4632443 (0.00)%
        GtT1bC2zC1mNUnN1_QqN2mMmN1 : 0.4632443 (0.00)%
    GbB1tC2hC1taNUTnN1_QqN2nNUTnN1 : 0.4620822 (0.00)%
                 GtT2tN1_QqN2eEeN1 : 0.4604386 (0.00)%
                 GtT2tN1_QqN2mMmN1 : 0.4604386 (0.00)%
        GbB1bN2eEeN1_QqC1nTAU2taN1 : 0.4599667 (0.00)%
        GbB1bN2mMmN1_QqC1nTAU2taN1 : 0.4599667 (0.00)%
           GqQqN1_GtT1bC2hC1eNUnN1 : 0.4596887 (0.00)%
           GqQqN1_GtT1bC2hC1mNUnN1 : 0.4596887 (0.00)%
       GbB1bN2taTAU2taN1_QqC1nEeN1 : 0.4594743 (0.00)%
       GbB1bN2taTAU2taN1_QqC1nMmN1 : 0.4594743 (0.00)%
                  C2wN1_N3zN2eEeN1 : 0.4593739 (0.00)%
                  C2wN1_N3zN2mMmN1 : 0.4593739 (0.00)%
             C2wN1_N4hN2taTAU2taN1 : 0.4573801 (0.00)%
        GbB2bN1_QqC1nTAU2hTAU1taN1 : 0.4572670 (0.00)%
 GtT1bC2hC1taNUTnN1_QqN2taTAU2taN1 : 0.4544016 (0.00)%
             GbB2tC2wN1_QqC1eNUnN1 : 0.4517675 (0.00)%
             GbB2tC2wN1_QqC1mNUnN1 : 0.4517675 (0.00)%
      GtT2tN4hN2eEeN1_QqC1taNUTnN1 : 0.4514656 (0.00)%
      GtT2tN4hN2mMmN1_QqC1taNUTnN1 : 0.4514656 (0.00)%
             GbB2tC2wN1_QqN2nNUnN1 : 0.4498489 (0.00)%
      GtT2tN4wC1taNUTnN1_QqN2eEeN1 : 0.4495034 (0.00)%
      GtT2tN4wC1taNUTnN1_QqN2mMmN1 : 0.4495034 (0.00)%
          GtT2bC2wN1_QqC1nTAU2taN1 : 0.4488546 (0.00)%
         GtT2tN4hN1_QqN2taTAU2taN1 : 0.4487598 (0.00)%
         GtT1tN4wC1nEeN1_QqC1nEeN1 : 0.4487111 (0.00)%
         GtT1tN4wC1nEeN1_QqC1nMmN1 : 0.4487111 (0.00)%
         GtT1tN4wC1nMmN1_QqC1nEeN1 : 0.4487111 (0.00)%
         GtT1tN4wC1nMmN1_QqC1nMmN1 : 0.4487111 (0.00)%
   GtT2tN4hN2taTAU2taN1_QqC1eNUnN1 : 0.4471995 (0.00)%
   GtT2tN4hN2taTAU2taN1_QqC1mNUnN1 : 0.4471995 (0.00)%
          GtT2hT1bC2wN1_QqC1eNUnN1 : 0.4469897 (0.00)%
          GtT2hT1bC2wN1_QqC1mNUnN1 : 0.4469897 (0.00)%
   GtT1bC2hC1nTAU2taN1_QqN2nNUTnN1 : 0.4464774 (0.00)%
      GbB1tC2zC1eNUnN1_QqN2nNUTnN1 : 0.4460898 (0.00)%
      GbB1tC2zC1mNUnN1_QqN2nNUTnN1 : 0.4460898 (0.00)%
         C2hC1taNUTnN1_C2wN2nNUnN1 : 0.4459944 (0.00)%
            GtT1tN3hN1_QqN2nNUTnN1 : 0.4458934 (0.00)%
        GbB1tC1nTAU2taN1_QqN2eEeN1 : 0.4453890 (0.00)%
        GbB1tC1nTAU2taN1_QqN2mMmN1 : 0.4453890 (0.00)%
   GtT2tN4hN2taTAU2taN1_QqN2nNUnN1 : 0.4453003 (0.00)%
   GtT2tN4hN2nNUnN1_QqN2taTAU2taN1 : 0.4453003 (0.00)%
                    C1eNUnN1_N2hN1 : 0.4452614 (0.00)%
                    C1mNUnN1_N2hN1 : 0.4452614 (0.00)%
   GtT2tN4wC1eNUnN1_QqN2taTAU2taN1 : 0.4451080 (0.00)%
   GtT2tN4wC1mNUnN1_QqN2taTAU2taN1 : 0.4451080 (0.00)%
          GtT2hT1bC2wN1_QqN2nNUnN1 : 0.4450913 (0.00)%
             QqC1nTAU2taN1_QqN2hN1 : 0.4450417 (0.00)%
       GbB1tC1nEeN1_QqN2taTAU2taN1 : 0.4447646 (0.00)%
       GbB1tC1nMmN1_QqN2taTAU2taN1 : 0.4447646 (0.00)%
       GtT2tN4hN2nNUTnN1_QqC1nEeN1 : 0.4431178 (0.00)%
       GtT2tN4hN2nNUTnN1_QqC1nMmN1 : 0.4431178 (0.00)%
      GtT1bC2zC1taNUTnN1_QqN2eEeN1 : 0.4430068 (0.00)%
      GtT1bC2zC1taNUTnN1_QqN2mMmN1 : 0.4430068 (0.00)%
               T1tN1_T1tN3wC1nEeN1 : 0.4426201 (0.00)%
               T1tN1_T1tN3wC1nMmN1 : 0.4426201 (0.00)%
        GbB1tC2hC1eNUnN1_QqN2eEeN1 : 0.4418545 (0.00)%
        GbB1tC2hC1eNUnN1_QqN2mMmN1 : 0.4418545 (0.00)%
        GbB1tC2hC1mNUnN1_QqN2eEeN1 : 0.4418545 (0.00)%
        GbB1tC2hC1mNUnN1_QqN2mMmN1 : 0.4418545 (0.00)%
       GtT2tN4wC1nEeN1_QqN2nNUTnN1 : 0.4410455 (0.00)%
       GtT2tN4wC1nMmN1_QqN2nNUTnN1 : 0.4410455 (0.00)%
         GqQqN1_GtT1bC2hC1taNUTnN1 : 0.4396065 (0.00)%
   GtT1bC2zC1eNUnN1_QqN2taTAU2taN1 : 0.4386750 (0.00)%
   GtT1bC2zC1mNUnN1_QqN2taTAU2taN1 : 0.4386750 (0.00)%
          GtT2bC1eNUnN1_QqC1eNUnN1 : 0.4383586 (0.00)%
          GtT2bC1eNUnN1_QqC1mNUnN1 : 0.4383586 (0.00)%
          GtT2bC1mNUnN1_QqC1eNUnN1 : 0.4383586 (0.00)%
          GtT2bC1mNUnN1_QqC1mNUnN1 : 0.4383586 (0.00)%
          GtT2bC1eNUnN1_QqN2nNUnN1 : 0.4364969 (0.00)%
          GtT2bC1mNUnN1_QqN2nNUnN1 : 0.4364969 (0.00)%
            GtT2tN1_QqN2taTAU2taN1 : 0.4360181 (0.00)%
   GbB1bN2taTAU2taN1_QqC1nTAU2taN1 : 0.4357158 (0.00)%
             C2wN1_N3zN2taTAU2taN1 : 0.4350099 (0.00)%
       GtT1bC2zC1nEeN1_QqN2nNUTnN1 : 0.4346711 (0.00)%
       GtT1bC2zC1nMmN1_QqN2nNUTnN1 : 0.4346711 (0.00)%
       GtT1bC2wN2nNUTnN1_QqN2eEeN1 : 0.4342361 (0.00)%
       GtT1bC2wN2nNUTnN1_QqN2mMmN1 : 0.4342361 (0.00)%
                 GqQqN1_GtT2tN4hN1 : 0.4341484 (0.00)%
       GtT1bC2wN2eEeN1_QqN2nNUTnN1 : 0.4340919 (0.00)%
       GtT1bC2wN2mMmN1_QqN2nNUTnN1 : 0.4340919 (0.00)%
                 C2hC1eNUnN1_N3zN1 : 0.4322204 (0.00)%
                 C2hC1mNUnN1_N3zN1 : 0.4322204 (0.00)%
           GbB2tC2wN1_QqC1taNUTnN1 : 0.4320315 (0.00)%
           GqQqN1_GtT2tN4hN2nNUnN1 : 0.4308015 (0.00)%
           GqQqN1_GtT2tN4wC1eNUnN1 : 0.4306156 (0.00)%
           GqQqN1_GtT2tN4wC1mNUnN1 : 0.4306156 (0.00)%
           C2wN2nNUnN1_C2zC1eNUnN1 : 0.4305587 (0.00)%
           C2wN2nNUnN1_C2zC1mNUnN1 : 0.4305587 (0.00)%
         GtT1bC2hC1nEeN1_QqN2eEeN1 : 0.4305442 (0.00)%
         GtT1bC2hC1nEeN1_QqN2mMmN1 : 0.4305442 (0.00)%
         GtT1bC2hC1nMmN1_QqN2eEeN1 : 0.4305442 (0.00)%
------------------------------------------------------------
                                                 SUM=90.00%
