/Users/rafalmaselek/Projects/fastlim-1.0
 
#################################################################
#                                                               #
#                                                               #
#                     This is Fastlim  ver. 1.0                 #
#                                                               #
#          A fast LHC limit calculator for BSM models.          #
#                                                               #
#                  http://cern.ch/fastlim-1.0/                  #
#                                                               #
#  for bugs/feature requests: fastlim-1.0.developers@gmail.com  #
#                                                               #
#    please refer to:                                           #
#    M.Papucci, K.Sakurai, A.Weiler, L.Zeune arXiv:1402.xxxx    #
#                                                               #
#################################################################
 
!!!-  ERROR  !!!
[Br(T2->all) =  1.1694601489778327 ]:  !!! The total Br is deviated from 1 !!!

!! EWK PROCESS C1C2 NOT FOUND !! WILL TRY TO LOOK FOR +/- MODES !!
XSEC FOUND FOR: C1-C2+
XSEC FOUND FOR: C1+C2-
!! EWK PROCESS C1N1 NOT FOUND !! WILL TRY TO LOOK FOR +/- MODES !!
XSEC FOUND FOR: C1+N1
XSEC FOUND FOR: C1-N1
!! EWK PROCESS C1N2 NOT FOUND !! WILL TRY TO LOOK FOR +/- MODES !!
XSEC FOUND FOR: C1+N2
XSEC FOUND FOR: C1-N2
!! EWK PROCESS C1N3 NOT FOUND !! WILL TRY TO LOOK FOR +/- MODES !!
XSEC FOUND FOR: C1+N3
XSEC FOUND FOR: C1-N3
!! EWK PROCESS C1N4 NOT FOUND !! WILL TRY TO LOOK FOR +/- MODES !!
XSEC FOUND FOR: C1+N4
XSEC FOUND FOR: C1-N4
!! EWK PROCESS C2N1 NOT FOUND !! WILL TRY TO LOOK FOR +/- MODES !!
XSEC FOUND FOR: C2+N1
XSEC FOUND FOR: C2-N1
!! EWK PROCESS C2N2 NOT FOUND !! WILL TRY TO LOOK FOR +/- MODES !!
XSEC FOUND FOR: C2+N2
XSEC FOUND FOR: C2-N2
!! EWK PROCESS C2N3 NOT FOUND !! WILL TRY TO LOOK FOR +/- MODES !!
XSEC FOUND FOR: C2+N3
XSEC FOUND FOR: C2-N3
!! EWK PROCESS C2N4 NOT FOUND !! WILL TRY TO LOOK FOR +/- MODES !!
XSEC FOUND FOR: C2+N4
XSEC FOUND FOR: C2-N4
---------------  Output inclusive processes  ---------------
The total xsec = 1661444.11 [fb]
The total rate = 100.00%
Output upto 0.10%
                              Modes : xsec/fb      (rate)
       QqC1nTAU1taN1_QqN2taTAU1taN1 : 119809.6912241 (7.21)%
        QqC1nTAU1taN1_QqC1nTAU1taN1 : 115877.7770200 (6.98)%
               GqQqN1_QqC1nTAU1taN1 : 67853.1264776 (4.09)%
     GbB1tC1nTAU1taN1_QqC1nTAU1taN1 : 55752.2776880 (3.36)%
           C1nTAU1taN1_N2taTAU1taN1 : 55289.5281417 (3.33)%
              QqC1nTAU1taN1_QqC1wN1 : 49601.3288630 (2.99)%
     GtT1bC1nTAU1taN1_QqC1nTAU1taN1 : 48209.8138744 (2.90)%
    GbB1bN2taTAU1taN1_QqC1nTAU1taN1 : 38448.6989451 (2.31)%
              GqQqN1_QqN2taTAU1taN1 : 35077.7445898 (2.11)%
      QqN2taTAU1taN1_QqN2taTAU1taN1 : 30968.7553566 (1.86)%
    GbB1tC1nTAU1taN1_QqN2taTAU1taN1 : 28822.0198326 (1.74)%
            C1nTAU1taN1_C1nTAU1taN1 : 27801.6141685 (1.67)%
             QqC1wN1_QqN2taTAU1taN1 : 25642.1897632 (1.54)%
    GtT1bC1nTAU1taN1_QqN2taTAU1taN1 : 24922.8241290 (1.50)%
   GbB1bN2taTAU1taN1_QqN2taTAU1taN1 : 19876.6617165 (1.20)%
              QqC1nTAU1taN1_QqN2hN1 : 18285.4675434 (1.10)%
    GtT1tN2taTAU1taN1_QqC1nTAU1taN1 : 16675.3939157 (1.00)%
      T1bC1nTAU1taN1_T1bC1nTAU1taN1 : 16275.7736124 (0.98)%
                     GqQqN1_QqC1wN1 : 14522.2204263 (0.87)%
              GbB1bN1_QqC1nTAU1taN1 : 14348.3438624 (0.86)%
           GbB1tC1nTAU1taN1_QqC1wN1 : 11932.3442837 (0.72)%
           GbB1tC1wN1_QqC1nTAU1taN1 : 11932.3442837 (0.72)%
                  C1nTAU1taN1_C1wN1 : 11900.4440951 (0.72)%
                 C1wN1_N2taTAU1taN1 : 11833.3046187 (0.71)%
     T1bC1nTAU1taN1_T1tN2taTAU1taN1 : 11259.3231318 (0.68)%
  GbB1bN3wC1nTAU1taN1_QqC1nTAU1taN1 : 10589.0314231 (0.64)%
           GtT1bC1nTAU1taN1_QqC1wN1 : 10318.0734646 (0.62)%
           GtT1bC1wN1_QqC1nTAU1taN1 : 10318.0734646 (0.62)%
             QqN2hN1_QqN2taTAU1taN1 : 9452.9610276 (0.57)%
 GbB2tC2wN2taTAU1taN1_QqC1nTAU1taN1 : 9331.6365850 (0.56)%
  GbB1bN4wC1nTAU1taN1_QqC1nTAU1taN1 : 8798.0527253 (0.53)%
  GbB2tC2zC1nTAU1taN1_QqC1nTAU1taN1 : 8788.8488961 (0.53)%
  GbB2tC2hC1nTAU1taN1_QqC1nTAU1taN1 : 8684.4341171 (0.52)%
   GtT1tN2taTAU1taN1_QqN2taTAU1taN1 : 8620.6080556 (0.52)%
                  C1nTAU1taN1_N2hN1 : 8438.3396869 (0.51)%
          GbB1bN2taTAU1taN1_QqC1wN1 : 8228.9573108 (0.50)%
             GbB1bN1_QqN2taTAU1taN1 : 7417.6028050 (0.45)%
            T1bC1nTAU1taN1_T1bC1wN1 : 6966.8233220 (0.42)%
                 QqC1nTAU1taN1_QqN1 : 6826.3709829 (0.41)%
            GbB1tC1nTAU1taN1_GqQqN1 : 6576.7412366 (0.40)%
  GbB2bN3wC1nTAU1taN1_QqC1nTAU1taN1 : 6390.6772522 (0.38)%
          GbB1tC1wN1_QqN2taTAU1taN1 : 6168.6136936 (0.37)%
  GbB2bN4wC1nTAU1taN1_QqC1nTAU1taN1 : 6099.6072674 (0.37)%
           GbB1bN2hN1_QqC1nTAU1taN1 : 5868.0765259 (0.35)%
            GqQqN1_GtT1bC1nTAU1taN1 : 5687.0048017 (0.34)%
 GbB1bN3wC1nTAU1taN1_QqN2taTAU1taN1 : 5474.1669101 (0.33)%
                     GqQqN1_QqN2hN1 : 5353.5983078 (0.32)%
          GtT1bC1wN1_QqN2taTAU1taN1 : 5334.0909172 (0.32)%
                    QqC1wN1_QqC1wN1 : 5307.9457689 (0.32)%
GbB2tC2wN2taTAU1taN1_QqN2taTAU1taN1 : 4824.1368044 (0.29)%
 GbB1bN3zN2taTAU1taN1_QqC1nTAU1taN1 : 4685.1793686 (0.28)%
  GbB1tC1nTAU1taN1_GtT1bC1nTAU1taN1 : 4672.7908849 (0.28)%
 GbB1bN4wC1nTAU1taN1_QqN2taTAU1taN1 : 4548.2922071 (0.27)%
 GbB2tC2zC1nTAU1taN1_QqN2taTAU1taN1 : 4543.5341423 (0.27)%
           GbB1bN2taTAU1taN1_GqQqN1 : 4535.5482203 (0.27)%
 GbB2tC2hC1nTAU1taN1_QqN2taTAU1taN1 : 4489.5552745 (0.27)%
           GbB1tC1nTAU1taN1_QqN2hN1 : 4398.8437229 (0.26)%
              QqC1nTAU1taN1_QqN2zN1 : 4330.0179881 (0.26)%
           GbB2tC2wN1_QqC1nTAU1taN1 : 4250.5262500 (0.26)%
     B1bN2taTAU1taN1_B1tC1nTAU1taN1 : 4136.3629216 (0.25)%
                      GqQqN1_GqQqN1 : 4002.1006624 (0.24)%
 GbB1bN4hN2taTAU1taN1_QqC1nTAU1taN1 : 3952.9631687 (0.24)%
                    QqC1wN1_QqN2hN1 : 3913.5350727 (0.24)%
     GbB2tC2nTAU1taN1_QqC1nTAU1taN1 : 3899.6465279 (0.23)%
           GtT1bC1nTAU1taN1_QqN2hN1 : 3803.7448143 (0.23)%
 GbB1bN2taTAU1taN1_GbB1tC1nTAU1taN1 : 3726.6837502 (0.22)%
    GbB1bN3taTAU1taN1_QqC1nTAU1taN1 : 3607.8502911 (0.22)%
          GtT1tN2taTAU1taN1_QqC1wN1 : 3568.9401316 (0.21)%
  GbB2wT1bC1nTAU1taN1_QqC1nTAU1taN1 : 3563.6312147 (0.21)%
                QqN1_QqN2taTAU1taN1 : 3529.0002133 (0.21)%
 GbB2bN3wC1nTAU1taN1_QqN2taTAU1taN1 : 3303.7614631 (0.20)%
 GbB1bN2taTAU1taN1_GtT1bC1nTAU1taN1 : 3222.5182076 (0.19)%
 GbB2bN4wC1nTAU1taN1_QqN2taTAU1taN1 : 3153.2882408 (0.19)%
                    GbB1bN1_QqC1wN1 : 3070.8947861 (0.18)%
          GbB1bN2hN1_QqN2taTAU1taN1 : 3033.5947700 (0.18)%
          GbB1bN2taTAU1taN1_QqN2hN1 : 3033.5947700 (0.18)%
      B1tC1nTAU1taN1_B1tC1nTAU1taN1 : 2998.9526375 (0.18)%
 GbB2bN3zN2taTAU1taN1_QqC1nTAU1taN1 : 2827.5928191 (0.17)%
 GbB2bN4hN2taTAU1taN1_QqC1nTAU1taN1 : 2740.5522136 (0.16)%
  GbB1tC1nTAU1taN1_GbB1tC1nTAU1taN1 : 2701.9263720 (0.16)%
                 GbB1tC1wN1_QqC1wN1 : 2553.8120774 (0.15)%
           GtT1tN2hN1_QqC1nTAU1taN1 : 2545.0142731 (0.15)%
 GtT1bC2wN2taTAU1taN1_QqC1nTAU1taN1 : 2461.1054958 (0.15)%
GbB1bN3zN2taTAU1taN1_QqN2taTAU1taN1 : 2422.0774160 (0.15)%
           T1bC1wN1_T1tN2taTAU1taN1 : 2409.7691714 (0.15)%
  GtT1bC2zC1nTAU1taN1_QqC1nTAU1taN1 : 2317.9518537 (0.14)%
    GbB1bN4taTAU1taN1_QqC1nTAU1taN1 : 2316.7049438 (0.14)%
  GtT1bC2hC1nTAU1taN1_QqC1nTAU1taN1 : 2290.4137274 (0.14)%
        GbB1bN3wC1nTAU1taN1_QqC1wN1 : 2266.3104327 (0.14)%
        GbB1bN3wC1wN1_QqC1nTAU1taN1 : 2266.3104327 (0.14)%
             QqN2taTAU1taN1_QqN2zN1 : 2238.4711352 (0.13)%
                 GtT1bC1wN1_QqC1wN1 : 2208.3188352 (0.13)%
          GbB2tC2wN1_QqN2taTAU1taN1 : 2197.3766267 (0.13)%
    GbB2bN3taTAU1taN1_QqC1nTAU1taN1 : 2177.4046996 (0.13)%
           GbB1bN3zN1_QqC1nTAU1taN1 : 2158.9911927 (0.13)%
              GtT1tN1_QqC1nTAU1taN1 : 2133.7836038 (0.13)%
GbB1bN4hN2taTAU1taN1_QqN2taTAU1taN1 : 2043.5466957 (0.12)%
  GtT1bC1nTAU1taN1_GtT1bC1nTAU1taN1 : 2020.3154757 (0.12)%
    GbB2tC2nTAU1taN1_QqN2taTAU1taN1 : 2015.9838168 (0.12)%
                        GqQqN1_QqN1 : 1998.6171016 (0.12)%
                  C1nTAU1taN1_N2zN1 : 1998.2077323 (0.12)%
       GbB2tC2wN2taTAU1taN1_QqC1wN1 : 1997.1973358 (0.12)%
           GqQqN1_GtT1tN2taTAU1taN1 : 1967.0900517 (0.12)%
    T1tN2taTAU1taN1_T1tN2taTAU1taN1 : 1947.2554793 (0.12)%
        GbB1bN4wC1wN1_QqC1nTAU1taN1 : 1882.9974038 (0.11)%
        GbB1bN4wC1nTAU1taN1_QqC1wN1 : 1882.9974038 (0.11)%
        GbB2tC2zC1nTAU1taN1_QqC1wN1 : 1881.0275604 (0.11)%
        GbB2tC2zC1wN1_QqC1nTAU1taN1 : 1881.0275604 (0.11)%
   GbB1bN3taTAU1taN1_QqN2taTAU1taN1 : 1865.1351470 (0.11)%
        GbB2tC2hC1nTAU1taN1_QqC1wN1 : 1858.6802565 (0.11)%
        GbB2tC2hC1wN1_QqC1nTAU1taN1 : 1858.6802565 (0.11)%
 GbB2wT1bC1nTAU1taN1_QqN2taTAU1taN1 : 1842.2753976 (0.11)%
                        C1wN1_N2hN1 : 1806.0100592 (0.11)%
    QqC1nTAU1taN1_QqC2wN2taTAU1taN1 : 1785.3287017 (0.11)%
    GbB2bN2taTAU1taN1_QqC1nTAU1taN1 : 1773.5104001 (0.11)%
            T1bC1nTAU1taN1_T1tN2hN1 : 1718.4084658 (0.10)%
                     GbB1bN1_GqQqN1 : 1692.5827727 (0.10)%
     QqC1nTAU1taN1_QqC2zC1nTAU1taN1 : 1681.4825617 (0.10)%
  T1bC1nTAU1taN1_T1bC2wN2taTAU1taN1 : 1661.7527705 (0.10)%
     QqC1nTAU1taN1_QqC2hC1nTAU1taN1 : 1661.5059262 (0.10)%
              GbB1tC1nTAU1taN1_QqN1 : 1642.1860189 (0.10)%
------------------------------------------------------------
                                                  SUM=76.12%

SHOWING PROCESSES TO GET 90.00% SUSY COVERAGE
---------------  Output inclusive processes  ---------------
The total xsec = 1661444.11 [fb]
The total rate = 100.00%
                                   Modes : xsec/fb      (rate)
            QqC1nTAU1taN1_QqN2taTAU1taN1 : 119809.6912241 (7.21)%
             QqC1nTAU1taN1_QqC1nTAU1taN1 : 115877.7770200 (6.98)%
                    GqQqN1_QqC1nTAU1taN1 : 67853.1264776 (4.09)%
          GbB1tC1nTAU1taN1_QqC1nTAU1taN1 : 55752.2776880 (3.36)%
                C1nTAU1taN1_N2taTAU1taN1 : 55289.5281417 (3.33)%
                   QqC1nTAU1taN1_QqC1wN1 : 49601.3288630 (2.99)%
          GtT1bC1nTAU1taN1_QqC1nTAU1taN1 : 48209.8138744 (2.90)%
         GbB1bN2taTAU1taN1_QqC1nTAU1taN1 : 38448.6989451 (2.31)%
                   GqQqN1_QqN2taTAU1taN1 : 35077.7445898 (2.11)%
           QqN2taTAU1taN1_QqN2taTAU1taN1 : 30968.7553566 (1.86)%
         GbB1tC1nTAU1taN1_QqN2taTAU1taN1 : 28822.0198326 (1.74)%
                 C1nTAU1taN1_C1nTAU1taN1 : 27801.6141685 (1.67)%
                  QqC1wN1_QqN2taTAU1taN1 : 25642.1897632 (1.54)%
         GtT1bC1nTAU1taN1_QqN2taTAU1taN1 : 24922.8241290 (1.50)%
        GbB1bN2taTAU1taN1_QqN2taTAU1taN1 : 19876.6617165 (1.20)%
                   QqC1nTAU1taN1_QqN2hN1 : 18285.4675434 (1.10)%
         GtT1tN2taTAU1taN1_QqC1nTAU1taN1 : 16675.3939157 (1.00)%
           T1bC1nTAU1taN1_T1bC1nTAU1taN1 : 16275.7736124 (0.98)%
                          GqQqN1_QqC1wN1 : 14522.2204263 (0.87)%
                   GbB1bN1_QqC1nTAU1taN1 : 14348.3438624 (0.86)%
                GbB1tC1nTAU1taN1_QqC1wN1 : 11932.3442837 (0.72)%
                GbB1tC1wN1_QqC1nTAU1taN1 : 11932.3442837 (0.72)%
                       C1nTAU1taN1_C1wN1 : 11900.4440951 (0.72)%
                      C1wN1_N2taTAU1taN1 : 11833.3046187 (0.71)%
          T1bC1nTAU1taN1_T1tN2taTAU1taN1 : 11259.3231318 (0.68)%
       GbB1bN3wC1nTAU1taN1_QqC1nTAU1taN1 : 10589.0314231 (0.64)%
                GtT1bC1nTAU1taN1_QqC1wN1 : 10318.0734646 (0.62)%
                GtT1bC1wN1_QqC1nTAU1taN1 : 10318.0734646 (0.62)%
                  QqN2hN1_QqN2taTAU1taN1 : 9452.9610276 (0.57)%
      GbB2tC2wN2taTAU1taN1_QqC1nTAU1taN1 : 9331.6365850 (0.56)%
       GbB1bN4wC1nTAU1taN1_QqC1nTAU1taN1 : 8798.0527253 (0.53)%
       GbB2tC2zC1nTAU1taN1_QqC1nTAU1taN1 : 8788.8488961 (0.53)%
       GbB2tC2hC1nTAU1taN1_QqC1nTAU1taN1 : 8684.4341171 (0.52)%
        GtT1tN2taTAU1taN1_QqN2taTAU1taN1 : 8620.6080556 (0.52)%
                       C1nTAU1taN1_N2hN1 : 8438.3396869 (0.51)%
               GbB1bN2taTAU1taN1_QqC1wN1 : 8228.9573108 (0.50)%
                  GbB1bN1_QqN2taTAU1taN1 : 7417.6028050 (0.45)%
                 T1bC1nTAU1taN1_T1bC1wN1 : 6966.8233220 (0.42)%
                      QqC1nTAU1taN1_QqN1 : 6826.3709829 (0.41)%
                 GbB1tC1nTAU1taN1_GqQqN1 : 6576.7412366 (0.40)%
       GbB2bN3wC1nTAU1taN1_QqC1nTAU1taN1 : 6390.6772522 (0.38)%
               GbB1tC1wN1_QqN2taTAU1taN1 : 6168.6136936 (0.37)%
       GbB2bN4wC1nTAU1taN1_QqC1nTAU1taN1 : 6099.6072674 (0.37)%
                GbB1bN2hN1_QqC1nTAU1taN1 : 5868.0765259 (0.35)%
                 GqQqN1_GtT1bC1nTAU1taN1 : 5687.0048017 (0.34)%
      GbB1bN3wC1nTAU1taN1_QqN2taTAU1taN1 : 5474.1669101 (0.33)%
                          GqQqN1_QqN2hN1 : 5353.5983078 (0.32)%
               GtT1bC1wN1_QqN2taTAU1taN1 : 5334.0909172 (0.32)%
                         QqC1wN1_QqC1wN1 : 5307.9457689 (0.32)%
     GbB2tC2wN2taTAU1taN1_QqN2taTAU1taN1 : 4824.1368044 (0.29)%
      GbB1bN3zN2taTAU1taN1_QqC1nTAU1taN1 : 4685.1793686 (0.28)%
       GbB1tC1nTAU1taN1_GtT1bC1nTAU1taN1 : 4672.7908849 (0.28)%
      GbB1bN4wC1nTAU1taN1_QqN2taTAU1taN1 : 4548.2922071 (0.27)%
      GbB2tC2zC1nTAU1taN1_QqN2taTAU1taN1 : 4543.5341423 (0.27)%
                GbB1bN2taTAU1taN1_GqQqN1 : 4535.5482203 (0.27)%
      GbB2tC2hC1nTAU1taN1_QqN2taTAU1taN1 : 4489.5552745 (0.27)%
                GbB1tC1nTAU1taN1_QqN2hN1 : 4398.8437229 (0.26)%
                   QqC1nTAU1taN1_QqN2zN1 : 4330.0179881 (0.26)%
                GbB2tC2wN1_QqC1nTAU1taN1 : 4250.5262500 (0.26)%
          B1bN2taTAU1taN1_B1tC1nTAU1taN1 : 4136.3629216 (0.25)%
                           GqQqN1_GqQqN1 : 4002.1006624 (0.24)%
      GbB1bN4hN2taTAU1taN1_QqC1nTAU1taN1 : 3952.9631687 (0.24)%
                         QqC1wN1_QqN2hN1 : 3913.5350727 (0.24)%
          GbB2tC2nTAU1taN1_QqC1nTAU1taN1 : 3899.6465279 (0.23)%
                GtT1bC1nTAU1taN1_QqN2hN1 : 3803.7448143 (0.23)%
      GbB1bN2taTAU1taN1_GbB1tC1nTAU1taN1 : 3726.6837502 (0.22)%
         GbB1bN3taTAU1taN1_QqC1nTAU1taN1 : 3607.8502911 (0.22)%
               GtT1tN2taTAU1taN1_QqC1wN1 : 3568.9401316 (0.21)%
       GbB2wT1bC1nTAU1taN1_QqC1nTAU1taN1 : 3563.6312147 (0.21)%
                     QqN1_QqN2taTAU1taN1 : 3529.0002133 (0.21)%
      GbB2bN3wC1nTAU1taN1_QqN2taTAU1taN1 : 3303.7614631 (0.20)%
      GbB1bN2taTAU1taN1_GtT1bC1nTAU1taN1 : 3222.5182076 (0.19)%
      GbB2bN4wC1nTAU1taN1_QqN2taTAU1taN1 : 3153.2882408 (0.19)%
                         GbB1bN1_QqC1wN1 : 3070.8947861 (0.18)%
               GbB1bN2hN1_QqN2taTAU1taN1 : 3033.5947700 (0.18)%
               GbB1bN2taTAU1taN1_QqN2hN1 : 3033.5947700 (0.18)%
           B1tC1nTAU1taN1_B1tC1nTAU1taN1 : 2998.9526375 (0.18)%
      GbB2bN3zN2taTAU1taN1_QqC1nTAU1taN1 : 2827.5928191 (0.17)%
      GbB2bN4hN2taTAU1taN1_QqC1nTAU1taN1 : 2740.5522136 (0.16)%
       GbB1tC1nTAU1taN1_GbB1tC1nTAU1taN1 : 2701.9263720 (0.16)%
                      GbB1tC1wN1_QqC1wN1 : 2553.8120774 (0.15)%
                GtT1tN2hN1_QqC1nTAU1taN1 : 2545.0142731 (0.15)%
      GtT1bC2wN2taTAU1taN1_QqC1nTAU1taN1 : 2461.1054958 (0.15)%
     GbB1bN3zN2taTAU1taN1_QqN2taTAU1taN1 : 2422.0774160 (0.15)%
                T1bC1wN1_T1tN2taTAU1taN1 : 2409.7691714 (0.15)%
       GtT1bC2zC1nTAU1taN1_QqC1nTAU1taN1 : 2317.9518537 (0.14)%
         GbB1bN4taTAU1taN1_QqC1nTAU1taN1 : 2316.7049438 (0.14)%
       GtT1bC2hC1nTAU1taN1_QqC1nTAU1taN1 : 2290.4137274 (0.14)%
             GbB1bN3wC1nTAU1taN1_QqC1wN1 : 2266.3104327 (0.14)%
             GbB1bN3wC1wN1_QqC1nTAU1taN1 : 2266.3104327 (0.14)%
                  QqN2taTAU1taN1_QqN2zN1 : 2238.4711352 (0.13)%
                      GtT1bC1wN1_QqC1wN1 : 2208.3188352 (0.13)%
               GbB2tC2wN1_QqN2taTAU1taN1 : 2197.3766267 (0.13)%
         GbB2bN3taTAU1taN1_QqC1nTAU1taN1 : 2177.4046996 (0.13)%
                GbB1bN3zN1_QqC1nTAU1taN1 : 2158.9911927 (0.13)%
                   GtT1tN1_QqC1nTAU1taN1 : 2133.7836038 (0.13)%
     GbB1bN4hN2taTAU1taN1_QqN2taTAU1taN1 : 2043.5466957 (0.12)%
       GtT1bC1nTAU1taN1_GtT1bC1nTAU1taN1 : 2020.3154757 (0.12)%
         GbB2tC2nTAU1taN1_QqN2taTAU1taN1 : 2015.9838168 (0.12)%
                             GqQqN1_QqN1 : 1998.6171016 (0.12)%
                       C1nTAU1taN1_N2zN1 : 1998.2077323 (0.12)%
            GbB2tC2wN2taTAU1taN1_QqC1wN1 : 1997.1973358 (0.12)%
                GqQqN1_GtT1tN2taTAU1taN1 : 1967.0900517 (0.12)%
         T1tN2taTAU1taN1_T1tN2taTAU1taN1 : 1947.2554793 (0.12)%
             GbB1bN4wC1wN1_QqC1nTAU1taN1 : 1882.9974038 (0.11)%
             GbB1bN4wC1nTAU1taN1_QqC1wN1 : 1882.9974038 (0.11)%
             GbB2tC2zC1nTAU1taN1_QqC1wN1 : 1881.0275604 (0.11)%
             GbB2tC2zC1wN1_QqC1nTAU1taN1 : 1881.0275604 (0.11)%
        GbB1bN3taTAU1taN1_QqN2taTAU1taN1 : 1865.1351470 (0.11)%
             GbB2tC2hC1nTAU1taN1_QqC1wN1 : 1858.6802565 (0.11)%
             GbB2tC2hC1wN1_QqC1nTAU1taN1 : 1858.6802565 (0.11)%
      GbB2wT1bC1nTAU1taN1_QqN2taTAU1taN1 : 1842.2753976 (0.11)%
                             C1wN1_N2hN1 : 1806.0100592 (0.11)%
         QqC1nTAU1taN1_QqC2wN2taTAU1taN1 : 1785.3287017 (0.11)%
         GbB2bN2taTAU1taN1_QqC1nTAU1taN1 : 1773.5104001 (0.11)%
                 T1bC1nTAU1taN1_T1tN2hN1 : 1718.4084658 (0.10)%
                          GbB1bN1_GqQqN1 : 1692.5827727 (0.10)%
          QqC1nTAU1taN1_QqC2zC1nTAU1taN1 : 1681.4825617 (0.10)%
       T1bC1nTAU1taN1_T1bC2wN2taTAU1taN1 : 1661.7527705 (0.10)%
          QqC1nTAU1taN1_QqC2hC1nTAU1taN1 : 1661.5059262 (0.10)%
                   GbB1tC1nTAU1taN1_QqN1 : 1642.1860189 (0.10)%
                GbB1bN4hN1_QqC1nTAU1taN1 : 1630.2791509 (0.10)%
      GbB1tC1nTAU1taN1_GtT1tN2taTAU1taN1 : 1616.2814670 (0.10)%
         GbB2bN4taTAU1taN1_QqC1nTAU1taN1 : 1606.1497644 (0.10)%
        T1bC1nTAU1taN1_T1bC2zC1nTAU1taN1 : 1565.0945972 (0.09)%
        T1bC1nTAU1taN1_T1bC2hC1nTAU1taN1 : 1546.5006939 (0.09)%
                    B1bN1_B1tC1nTAU1taN1 : 1543.6141968 (0.09)%
                       TAU1taN1_TAU1taN1 : 1515.9686151 (0.09)%
     GbB2bN3zN2taTAU1taN1_QqN2taTAU1taN1 : 1461.7687329 (0.09)%
                            QqC1wN1_QqN1 : 1461.0095256 (0.09)%
                    T1bC1nTAU1taN1_T1tN1 : 1440.7431219 (0.09)%
         B1bN2taTAU1taN1_B1bN2taTAU1taN1 : 1426.2894656 (0.09)%
             GbB2tC2wN2hN1_QqC1nTAU1taN1 : 1424.2031355 (0.09)%
                   GtT1bC1nTAU1taN1_QqN1 : 1420.0223847 (0.09)%
     GbB2bN4hN2taTAU1taN1_QqN2taTAU1taN1 : 1416.7717182 (0.09)%
                       GbB1tC1wN1_GqQqN1 : 1407.5826846 (0.08)%
      GtT1bC1nTAU1taN1_GtT1tN2taTAU1taN1 : 1397.6223380 (0.08)%
                GbB1bN1_GbB1tC1nTAU1taN1 : 1390.7295014 (0.08)%
                GbB1bN2zN1_QqC1nTAU1taN1 : 1389.5667066 (0.08)%
             GbB2bN3wC1nTAU1taN1_QqC1wN1 : 1367.7604636 (0.08)%
             GbB2bN3wC1wN1_QqC1nTAU1taN1 : 1367.7604636 (0.08)%
               GtT1tN2hN1_QqN2taTAU1taN1 : 1315.6852939 (0.08)%
               GtT1tN2taTAU1taN1_QqN2hN1 : 1315.6852939 (0.08)%
             GbB2bN4wC1wN1_QqC1nTAU1taN1 : 1305.4644030 (0.08)%
             GbB2bN4wC1nTAU1taN1_QqC1wN1 : 1305.4644030 (0.08)%
                GbB2bN3zN1_QqC1nTAU1taN1 : 1302.9913078 (0.08)%
     GbB1bN2taTAU1taN1_GbB1bN2taTAU1taN1 : 1285.0250027 (0.08)%
                 B1tC1nTAU1taN1_B1tC1wN1 : 1283.6977015 (0.08)%
                             C1wN1_C1wN1 : 1273.4923304 (0.08)%
     GtT1bC2wN2taTAU1taN1_QqN2taTAU1taN1 : 1272.3073272 (0.08)%
                          GqQqN1_QqN2zN1 : 1267.7377222 (0.08)%
                      GbB1bN2hN1_QqC1wN1 : 1255.9111895 (0.08)%
              GbB1bN3wC1nTAU1taN1_GqQqN1 : 1249.1206190 (0.08)%
      GbB2wT1tN2taTAU1taN1_QqC1nTAU1taN1 : 1232.6318959 (0.07)%
                       GqQqN1_GtT1bC1wN1 : 1217.1574337 (0.07)%
                GbB1bN1_GtT1bC1nTAU1taN1 : 1202.5842386 (0.07)%
      GtT1bC2zC1nTAU1taN1_QqN2taTAU1taN1 : 1198.3017926 (0.07)%
        GbB1bN4taTAU1taN1_QqN2taTAU1taN1 : 1197.6571829 (0.07)%
      GtT1bC2hC1nTAU1taN1_QqN2taTAU1taN1 : 1184.0655237 (0.07)%
            GbB1bN3wC1wN1_QqN2taTAU1taN1 : 1171.6049451 (0.07)%
             GbB1tC1nTAU1taN1_GbB1tC1wN1 : 1156.5560023 (0.07)%
          QqC1nTAU1taN1_QqN4wC1nTAU1taN1 : 1147.7380608 (0.07)%
        B1bN3wC1nTAU1taN1_B1tC1nTAU1taN1 : 1139.1822911 (0.07)%
                  GbB1bN2taTAU1taN1_QqN1 : 1132.5082754 (0.07)%
                         GbB1bN1_QqN2hN1 : 1132.0815032 (0.07)%
                GbB2bN4hN1_QqC1nTAU1taN1 : 1130.2572135 (0.07)%
        GbB2bN3taTAU1taN1_QqN2taTAU1taN1 : 1125.6437232 (0.07)%
                GtT1bC2wN1_QqC1nTAU1taN1 : 1121.0245297 (0.07)%
               GbB1bN3zN1_QqN2taTAU1taN1 : 1116.1245702 (0.07)%
     GbB1bN2taTAU1taN1_GtT1tN2taTAU1taN1 : 1114.6436004 (0.07)%
                  GtT1tN1_QqN2taTAU1taN1 : 1103.0931093 (0.07)%
             GbB2tC2wN2taTAU1taN1_GqQqN1 : 1100.7937555 (0.07)%
                   B1bN1_B1bN2taTAU1taN1 : 1064.5297376 (0.06)%
                GbB1tC1nTAU1taN1_QqN2zN1 : 1041.6508302 (0.06)%
              GbB1bN4wC1nTAU1taN1_GqQqN1 : 1037.8502648 (0.06)%
              GbB2tC2zC1nTAU1taN1_GqQqN1 : 1036.7645476 (0.06)%
          GtT1bC2nTAU1taN1_QqC1nTAU1taN1 : 1028.4842765 (0.06)%
    GbB1bN3wC1nTAU1taN1_GbB1tC1nTAU1taN1 : 1026.3538798 (0.06)%
              GbB2tC2hC1nTAU1taN1_GqQqN1 : 1024.4474009 (0.06)%
               GbB2tC2hpN1_QqC1nTAU1taN1 : 1013.8391503 (0.06)%
     GbB2tC2taNUTwTAU1taN1_QqC1nTAU1taN1 : 1008.3427946 (0.06)%
            GbB1bN3zN2taTAU1taN1_QqC1wN1 : 1002.7424094 (0.06)%
             GbB1tC1nTAU1taN1_GtT1bC1wN1 : 1000.0909724 (0.06)%
             GbB1tC1wN1_GtT1bC1nTAU1taN1 : 1000.0909724 (0.06)%
                                   N1_N1 : 994.6369879 (0.06)%
            GbB1bN4wC1wN1_QqN2taTAU1taN1 : 973.4452253 (0.06)%
            GbB2tC2zC1wN1_QqN2taTAU1taN1 : 972.4268837 (0.06)%
            GbB2tC2hC1wN1_QqN2taTAU1taN1 : 960.8740923 (0.06)%
               GbB1bN1_GbB1bN2taTAU1taN1 : 959.0951640 (0.06)%
        B1bN4wC1nTAU1taN1_B1tC1nTAU1taN1 : 946.5063857 (0.06)%
                      GbB1tC1wN1_QqN2hN1 : 941.4596126 (0.06)%
          GbB2tC1nTAU1taN1_QqC1nTAU1taN1 : 940.9994849 (0.06)%
               N2taTAU1taN1_N2taTAU1taN1 : 936.3181980 (0.06)%
                         QqC1wN1_QqN2zN1 : 926.7292303 (0.06)%
        QqC2wN2taTAU1taN1_QqN2taTAU1taN1 : 922.9538484 (0.06)%
        GbB2bN2taTAU1taN1_QqN2taTAU1taN1 : 916.8441909 (0.06)%
                      GbB2tC2wN1_QqC1wN1 : 909.7160637 (0.05)%
   GbB1tC1nTAU1taN1_GbB2tC2wN2taTAU1taN1 : 904.4794591 (0.05)%
                GtT1bC1nTAU1taN1_QqN2zN1 : 900.7307814 (0.05)%
    GbB1bN3wC1nTAU1taN1_GtT1bC1nTAU1taN1 : 887.5032836 (0.05)%
                B1bN2taTAU1taN1_B1tC1wN1 : 885.2823330 (0.05)%
         QqC2zC1nTAU1taN1_QqN2taTAU1taN1 : 869.2689474 (0.05)%
             GtT1bC1nTAU1taN1_GtT1bC1wN1 : 864.7933615 (0.05)%
         QqC2hC1nTAU1taN1_QqN2taTAU1taN1 : 858.9417104 (0.05)%
    GbB1bN4wC1nTAU1taN1_GbB1tC1nTAU1taN1 : 852.7612383 (0.05)%
    GbB1tC1nTAU1taN1_GbB2tC2zC1nTAU1taN1 : 851.8691468 (0.05)%
            GbB1bN4hN2taTAU1taN1_QqC1wN1 : 846.0303224 (0.05)%
               GbB1bN4hN1_QqN2taTAU1taN1 : 842.7985361 (0.05)%
    GbB1tC1nTAU1taN1_GbB2tC2hC1nTAU1taN1 : 841.7486259 (0.05)%
             GbB1bN3wC1nTAU1taN1_QqN2hN1 : 835.4724926 (0.05)%
                GbB2tC2nTAU1taN1_QqC1wN1 : 834.6192637 (0.05)%
        GbB2bN4taTAU1taN1_QqN2taTAU1taN1 : 830.3244689 (0.05)%
                      GtT1bC1wN1_QqN2hN1 : 814.0939631 (0.05)%
                   QqC1nTAU1taN1_QqC2wN1 : 813.2106777 (0.05)%
            GbB1bN2taTAU1taN1_GbB1tC1wN1 : 797.6010199 (0.05)%
       B1bN2taTAU1taN1_B1bN3wC1nTAU1taN1 : 785.6195078 (0.05)%
   GbB2tC2wN2taTAU1taN1_GtT1bC1nTAU1taN1 : 782.1166809 (0.05)%
               GbB1bN3taTAU1taN1_QqC1wN1 : 772.1677675 (0.05)%
             GbB2wT1bC1nTAU1taN1_QqC1wN1 : 762.7038090 (0.05)%
             GbB2wT1bC1wN1_QqC1nTAU1taN1 : 762.7038090 (0.05)%
                 T1bC1nTAU1taN1_T1bC2wN1 : 756.9222941 (0.05)%
           GbB2tC2taNUTnN1_QqC1nTAU1taN1 : 755.5053484 (0.05)%
              GbB2bN3wC1nTAU1taN1_GqQqN1 : 753.8675074 (0.05)%
             QqC1nTAU1taN1_QqC2nTAU1taN1 : 746.0803697 (0.04)%
                       T1bC1wN1_T1bC1wN1 : 745.5348722 (0.04)%
    GbB1bN4wC1nTAU1taN1_GtT1bC1nTAU1taN1 : 737.3951753 (0.04)%
    GbB2tC2zC1nTAU1taN1_GtT1bC1nTAU1taN1 : 736.6237706 (0.04)%
            GbB2tC2wN2hN1_QqN2taTAU1taN1 : 736.2642876 (0.04)%
            GbB2tC2wN2taTAU1taN1_QqN2hN1 : 736.2642876 (0.04)%
    GbB2tC2hC1nTAU1taN1_GtT1bC1nTAU1taN1 : 727.8724075 (0.04)%
                         QqN2hN1_QqN2hN1 : 721.3598929 (0.04)%
              GbB2bN4wC1nTAU1taN1_GqQqN1 : 719.5318345 (0.04)%
               GbB1bN2zN1_QqN2taTAU1taN1 : 718.3584391 (0.04)%
               GbB1bN2taTAU1taN1_QqN2zN1 : 718.3584391 (0.04)%
             GbB1bN3zN2hN1_QqC1nTAU1taN1 : 715.0564733 (0.04)%
               GbB1bN3h3N1_QqC1nTAU1taN1 : 708.2781357 (0.04)%
   GbB1bN2taTAU1taN1_GbB1bN3wC1nTAU1taN1 : 707.8091330 (0.04)%
            GbB2bN3wC1wN1_QqN2taTAU1taN1 : 707.0853577 (0.04)%
           T1bC1nTAU1taN1_T1bC2nTAU1taN1 : 694.4385760 (0.04)%
             GbB1bN4wC1nTAU1taN1_QqN2hN1 : 694.1646263 (0.04)%
             GbB2tC2zC1nTAU1taN1_QqN2hN1 : 693.4384460 (0.04)%
                       GbB1bN2hN1_GqQqN1 : 692.2196270 (0.04)%
 GbB2tC2taNUTtaC1nTAU1taN1_QqC1nTAU1taN1 : 690.3455770 (0.04)%
            GbB1bN2taTAU1taN1_GtT1bC1wN1 : 689.6973237 (0.04)%
             GbB2tC2hC1nTAU1taN1_QqN2hN1 : 685.2001405 (0.04)%
                GbB1bN3hN1_QqC1nTAU1taN1 : 679.0025572 (0.04)%
            GbB2bN4wC1wN1_QqN2taTAU1taN1 : 674.8804260 (0.04)%
               GbB2bN3zN1_QqN2taTAU1taN1 : 673.6019204 (0.04)%
       B1bN2taTAU1taN1_B1bN4wC1nTAU1taN1 : 652.7435395 (0.04)%
     GbB2wT1tN2taTAU1taN1_QqN2taTAU1taN1 : 637.2285119 (0.04)%
                 B1bN2hN1_B1tC1nTAU1taN1 : 631.2955920 (0.04)%
  GbB1bN2taTAU1taN1_GbB2tC2wN2taTAU1taN1 : 623.7603174 (0.04)%
    GbB1tC1nTAU1taN1_GbB2bN3wC1nTAU1taN1 : 619.4236404 (0.04)%
            GbB2bN3zN2taTAU1taN1_QqC1wN1 : 605.1736792 (0.04)%
             GbB1bN4hN2hN1_QqC1nTAU1taN1 : 603.3049496 (0.04)%
                GtT1tN2zN1_QqC1nTAU1taN1 : 602.6620624 (0.04)%
                T1tN2hN1_T1tN2taTAU1taN1 : 594.3839184 (0.04)%
         QqN2taTAU1taN1_QqN4wC1nTAU1taN1 : 593.3413041 (0.04)%
    GbB1tC1nTAU1taN1_GbB2bN4wC1nTAU1taN1 : 591.2113520 (0.04)%
   GbB1bN2taTAU1taN1_GbB1bN4wC1nTAU1taN1 : 588.0936436 (0.04)%
   GbB1bN2taTAU1taN1_GbB2tC2zC1nTAU1taN1 : 587.4784264 (0.04)%
            GbB2bN4hN2taTAU1taN1_QqC1wN1 : 586.5448713 (0.04)%
               GbB2bN4hN1_QqN2taTAU1taN1 : 584.3043042 (0.04)%
   GbB1bN2taTAU1taN1_GbB2tC2hC1nTAU1taN1 : 580.4989652 (0.03)%
               GtT1bC2wN1_QqN2taTAU1taN1 : 579.5313226 (0.03)%
                GbB1bN4zN1_QqC1nTAU1taN1 : 577.4329871 (0.03)%
      T1bC2wN2taTAU1taN1_T1tN2taTAU1taN1 : 574.7871608 (0.03)%
             GbB1bN2hN1_GbB1tC1nTAU1taN1 : 568.7699723 (0.03)%
               GbB1bN4h2N1_QqC1nTAU1taN1 : 553.2306813 (0.03)%
             GbB1bN3zN2taTAU1taN1_GqQqN1 : 552.6807806 (0.03)%
                      GtT1tN2hN1_QqC1wN1 : 544.6949931 (0.03)%
       T1bC2zC1nTAU1taN1_T1tN2taTAU1taN1 : 541.3538619 (0.03)%
                            QqN1_QqN2hN1 : 538.5993253 (0.03)%
    GbB2bN3wC1nTAU1taN1_GtT1bC1nTAU1taN1 : 535.6247251 (0.03)%
       T1bC2hC1nTAU1taN1_T1tN2taTAU1taN1 : 534.9223776 (0.03)%
         GtT1bC2nTAU1taN1_QqN2taTAU1taN1 : 531.6911782 (0.03)%
            GtT1bC2wN2taTAU1taN1_QqC1wN1 : 526.7364727 (0.03)%
              GbB2tC2hpN1_QqN2taTAU1taN1 : 524.1201491 (0.03)%
                GqQqN1_QqC2wN2taTAU1taN1 : 522.7064987 (0.03)%
    GbB2tC2taNUTwTAU1taN1_QqN2taTAU1taN1 : 521.2787213 (0.03)%
         QqC1nTAU1taN1_QqN4hN2taTAU1taN1 : 515.6784602 (0.03)%
    GbB2bN4wC1nTAU1taN1_GtT1bC1nTAU1taN1 : 511.2291448 (0.03)%
             GbB2bN3wC1nTAU1taN1_QqN2hN1 : 504.2231758 (0.03)%
       B1bN3zN2taTAU1taN1_B1tC1nTAU1taN1 : 504.0379194 (0.03)%
                       GbB2tC2wN1_GqQqN1 : 501.4075196 (0.03)%
                   T1tN1_T1tN2taTAU1taN1 : 498.3416686 (0.03)%
             GtT1bC2zC1nTAU1taN1_QqC1wN1 : 496.0981093 (0.03)%
             GtT1bC2zC1wN1_QqC1nTAU1taN1 : 496.0981093 (0.03)%
               GbB1bN4taTAU1taN1_QqC1wN1 : 495.8312403 (0.03)%
                 GqQqN1_QqC2zC1nTAU1taN1 : 492.3025444 (0.03)%
             GbB1bN2hN1_GtT1bC1nTAU1taN1 : 491.8237539 (0.03)%
                  GtT1tN2taTAU1taN1_QqN1 : 491.1745292 (0.03)%
             GtT1bC2hC1wN1_QqC1nTAU1taN1 : 490.2042801 (0.03)%
             GtT1bC2hC1nTAU1taN1_QqC1wN1 : 490.2042801 (0.03)%
         GbB2tC1nTAU1taN1_QqN2taTAU1taN1 : 486.4645345 (0.03)%
                 GqQqN1_QqC2hC1nTAU1taN1 : 486.4538079 (0.03)%
                   GbB1bN3wC1wN1_QqC1wN1 : 485.0455884 (0.03)%
             GbB2bN4wC1nTAU1taN1_QqN2hN1 : 481.2578114 (0.03)%
             GbB1bN4hN2taTAU1taN1_GqQqN1 : 466.3058974 (0.03)%
               GbB2bN3taTAU1taN1_QqC1wN1 : 466.0175978 (0.03)%
                      GbB1bN2hN1_QqN2hN1 : 462.9900815 (0.03)%
                      GbB1bN3zN1_QqC1wN1 : 462.0766592 (0.03)%
                 GbB2tC2nTAU1taN1_GqQqN1 : 460.0164727 (0.03)%
                         GtT1tN1_QqC1wN1 : 456.6816217 (0.03)%
   GbB1bN3zN2taTAU1taN1_GbB1tC1nTAU1taN1 : 454.1163238 (0.03)%
      GbB1bN4zN2taTAU1taN1_QqC1nTAU1taN1 : 436.7158904 (0.03)%
                B1bN2hN1_B1bN2taTAU1taN1 : 435.3632743 (0.03)%
             GbB2bN3zN2hN1_QqC1nTAU1taN1 : 431.5498704 (0.03)%
      GbB1tC1nTAU1taN1_QqC2wN2taTAU1taN1 : 429.4876209 (0.03)%
                             C1wN1_N2zN1 : 427.6650856 (0.03)%
               GbB2bN3h3N1_QqC1nTAU1taN1 : 427.4590177 (0.03)%
   GbB1bN2taTAU1taN1_GbB2bN3wC1nTAU1taN1 : 427.1759658 (0.03)%
                GbB1bN3taTAU1taN1_GqQqN1 : 425.5951285 (0.03)%
       B1bN4hN2taTAU1taN1_B1tC1nTAU1taN1 : 425.2651125 (0.03)%
                            GbB1bN1_QqN1 : 422.6311581 (0.03)%
                  QqC2wN1_QqN2taTAU1taN1 : 420.4020939 (0.03)%
              GbB2wT1bC1nTAU1taN1_GqQqN1 : 420.3788856 (0.03)%
         GbB1bN3taTAU2taN1_QqC1nTAU1taN1 : 418.5521844 (0.03)%
             GbB2bN4hN2hN1_QqC1nTAU1taN1 : 418.2656515 (0.03)%
               GbB1bN1_GtT1tN2taTAU1taN1 : 415.9643916 (0.03)%
         GbB1bN4taTAU2taN1_QqC1nTAU1taN1 : 413.3389427 (0.02)%
             GbB1tC1nTAU1taN1_GbB2tC2wN1 : 411.9870773 (0.02)%
                GbB2bN3hN1_QqC1nTAU1taN1 : 409.7906620 (0.02)%
   GbB1bN2taTAU1taN1_GbB2bN4wC1nTAU1taN1 : 407.7197960 (0.02)%
                 T1bC1nTAU1taN1_T1tN2zN1 : 406.9209360 (0.02)%
       GbB1tC1nTAU1taN1_QqC2zC1nTAU1taN1 : 404.5058730 (0.02)%
                   GbB1bN4wC1wN1_QqC1wN1 : 403.0072714 (0.02)%
                   GbB2tC2zC1wN1_QqC1wN1 : 402.5856770 (0.02)%
                GbB2bN4zN1_QqC1nTAU1taN1 : 400.3288631 (0.02)%
       GbB1tC1nTAU1taN1_QqC2hC1nTAU1taN1 : 399.7001934 (0.02)%
                   GbB2tC2hC1wN1_QqC1wN1 : 397.8028101 (0.02)%
            GbB2wT1bC1wN1_QqN2taTAU1taN1 : 394.2917711 (0.02)%
   GbB1bN3zN2taTAU1taN1_GtT1bC1nTAU1taN1 : 392.6810591 (0.02)%
            GbB1bN2hN1_GbB1bN2taTAU1taN1 : 392.2434444 (0.02)%
          GbB2tC2taNUTnN1_QqN2taTAU1taN1 : 390.5704133 (0.02)%
      GbB1bN3hN2taTAU1taN1_QqC1nTAU1taN1 : 390.2657722 (0.02)%
          B1bN3taTAU1taN1_B1tC1nTAU1taN1 : 388.1374033 (0.02)%
            QqC2nTAU1taN1_QqN2taTAU1taN1 : 385.6980217 (0.02)%
               GbB2bN4h2N1_QqC1nTAU1taN1 : 383.5496319 (0.02)%
   GbB1bN4hN2taTAU1taN1_GbB1tC1nTAU1taN1 : 383.1454382 (0.02)%
               QqC1wN1_QqC2wN2taTAU1taN1 : 382.1037922 (0.02)%
               GbB2bN2taTAU1taN1_QqC1wN1 : 379.5743880 (0.02)%
       GbB1tC1nTAU1taN1_GbB2tC2nTAU1taN1 : 377.9776623 (0.02)%
             GtT1bC2wN2hN1_QqC1nTAU1taN1 : 375.6162311 (0.02)%
      GtT1bC1nTAU1taN1_QqC2wN2taTAU1taN1 : 371.3842577 (0.02)%
            GbB1bN3zN2hN1_QqN2taTAU1taN1 : 369.6597289 (0.02)%
            GbB1bN3zN2taTAU1taN1_QqN2hN1 : 369.6597289 (0.02)%
                       T1bC1wN1_T1tN2hN1 : 367.7812331 (0.02)%
              GbB1bN3h3N1_QqN2taTAU1taN1 : 366.1555603 (0.02)%
                QqC1wN1_QqC2zC1nTAU1taN1 : 359.8781909 (0.02)%
                QqC1nTAU1taN1_QqC2zC1wN1 : 359.8781909 (0.02)%
          GbB2tC2nTAU2taN1_QqC1nTAU1taN1 : 357.8169647 (0.02)%
GbB2tC2taNUTtaC1nTAU1taN1_QqN2taTAU1taN1 : 356.8850411 (0.02)%
             GbB2tC2wN1_GtT1bC1nTAU1taN1 : 356.2512805 (0.02)%
             T1bC1wN1_T1bC2wN2taTAU1taN1 : 355.6555354 (0.02)%
                QqC1wN1_QqC2hC1nTAU1taN1 : 355.6027047 (0.02)%
                QqC1nTAU1taN1_QqC2hC1wN1 : 355.6027047 (0.02)%
                         GbB1tC1wN1_QqN1 : 351.4677744 (0.02)%
               GbB1bN3hN1_QqN2taTAU1taN1 : 351.0210880 (0.02)%
       GtT1bC1nTAU1taN1_QqC2zC1nTAU1taN1 : 349.7821731 (0.02)%
      GbB1bN3taTAU1taN1_GbB1tC1nTAU1taN1 : 349.6949812 (0.02)%
                      GbB1bN4hN1_QqC1wN1 : 348.9194149 (0.02)%
      B1bN2taTAU1taN1_B1bN3zN2taTAU1taN1 : 347.6019819 (0.02)%
            GbB1tC1wN1_GtT1tN2taTAU1taN1 : 345.9235698 (0.02)%
       GtT1bC1nTAU1taN1_QqC2hC1nTAU1taN1 : 345.6266314 (0.02)%
    GbB1tC1nTAU1taN1_GbB2wT1bC1nTAU1taN1 : 345.4089970 (0.02)%
               GbB2bN4taTAU1taN1_QqC1wN1 : 343.7551389 (0.02)%
                         QqN2hN1_QqN2zN1 : 341.6375660 (0.02)%
                          C1nTAU1taN1_N1 : 338.6422690 (0.02)%
             GbB2tC2wN2zN1_QqC1nTAU1taN1 : 337.2528037 (0.02)%
                 GqQqN1_QqN4wC1nTAU1taN1 : 336.0334389 (0.02)%
                      GbB2tC2wN1_QqN2hN1 : 335.3656835 (0.02)%
              T1bC1wN1_T1bC2zC1nTAU1taN1 : 334.9683339 (0.02)%
              T1bC1nTAU1taN1_T1bC2zC1wN1 : 334.9683339 (0.02)%
             GbB2bN3zN2taTAU1taN1_GqQqN1 : 333.5531222 (0.02)%
   GbB1bN4hN2taTAU1taN1_GtT1bC1nTAU1taN1 : 331.3114913 (0.02)%
              T1bC1wN1_T1bC2hC1nTAU1taN1 : 330.9887861 (0.02)%
              T1bC1nTAU1taN1_T1bC2hC1wN1 : 330.9887861 (0.02)%
    B2tC2wN2taTAU1taN1_B2tC2zC1nTAU1taN1 : 330.5344618 (0.02)%
                          B1bN1_B1tC1wN1 : 330.3710055 (0.02)%
 GbB2tC2taNUTnN2taTAU1taN1_QqC1nTAU1taN1 : 328.1642438 (0.02)%
       GbB2tC2nTAU1taN1_GtT1bC1nTAU1taN1 : 326.8428395 (0.02)%
    B2tC2hC1nTAU1taN1_B2tC2wN2taTAU1taN1 : 326.6075901 (0.02)%
             GbB2bN4hN2taTAU1taN1_GqQqN1 : 323.2854962 (0.02)%
  GbB1bN2taTAU1taN1_GbB1bN3zN2taTAU1taN1 : 313.1743230 (0.02)%
                GbB1bN3wC1nTAU1taN1_QqN1 : 311.9004295 (0.02)%
            GbB1bN4hN2hN1_QqN2taTAU1taN1 : 311.8880150 (0.02)%
            GbB1bN4hN2taTAU1taN1_QqN2hN1 : 311.8880150 (0.02)%
               GtT1tN2zN1_QqN2taTAU1taN1 : 311.5556644 (0.02)%
               GtT1tN2taTAU1taN1_QqN2zN1 : 311.5556644 (0.02)%
                          T1bC1wN1_T1tN1 : 308.3540918 (0.02)%
                GbB2tC2nTAU1taN1_QqN2hN1 : 307.6813426 (0.02)%
     B2tC2hC1nTAU1taN1_B2tC2zC1nTAU1taN1 : 307.6100029 (0.02)%
   GbB1bN3wC1nTAU1taN1_GtT1tN2taTAU1taN1 : 306.9803773 (0.02)%
 GbB1bN3taTAU2nC1nTAU1taN1_QqC1nTAU1taN1 : 304.8771315 (0.02)%
                   GbB2tC2wN2hN1_QqC1wN1 : 304.8141322 (0.02)%
                         GtT1bC1wN1_QqN1 : 303.9193498 (0.02)%
      GbB2bN4zN2taTAU1taN1_QqC1nTAU1taN1 : 302.7710224 (0.02)%
      GbB1bN3taTAU1taN1_GtT1bC1nTAU1taN1 : 302.3863895 (0.02)%
            QqC1nTAU1taN1_QqN4taTAU1taN1 : 302.2226080 (0.02)%
 GbB1bN4taTAU2nC1nTAU1taN1_QqC1nTAU1taN1 : 301.0797600 (0.02)%
                       GqQqN1_GtT1tN2hN1 : 300.2191303 (0.02)%
            GtT1bC1wN1_GtT1tN2taTAU1taN1 : 299.1251946 (0.02)%
    GbB2wT1bC1nTAU1taN1_GtT1bC1nTAU1taN1 : 298.6802360 (0.02)%
               GbB1bN4zN1_QqN2taTAU1taN1 : 298.5130957 (0.02)%
                      GbB1bN1_GbB1tC1wN1 : 297.6499599 (0.02)%
                      GbB1bN2zN1_QqC1wN1 : 297.4010935 (0.02)%
     GbB1bN2taTAU1taN1_QqC2wN2taTAU1taN1 : 296.1895177 (0.02)%
      B1bN2taTAU1taN1_B1bN4hN2taTAU1taN1 : 293.2775298 (0.02)%
                 B1bN1_B1bN3wC1nTAU1taN1 : 293.1786810 (0.02)%
                   GbB2bN3wC1wN1_QqC1wN1 : 292.7340268 (0.02)%
             GqQqN1_GtT1bC2wN2taTAU1taN1 : 290.3209460 (0.02)%
    GbB1bN3taTAU2zTAU1taN1_QqC1nTAU1taN1 : 289.7722250 (0.02)%
         GbB2bN4taTAU2taN1_QqC1nTAU1taN1 : 286.5640043 (0.02)%
    GbB1bN4taTAU2zTAU1taN1_QqC1nTAU1taN1 : 286.1629913 (0.02)%
              GbB1bN4h2N1_QqN2taTAU1taN1 : 286.0013318 (0.02)%
                      N2hN1_N2taTAU1taN1 : 285.8035247 (0.02)%
               GbB1bN3taTAU1taN1_QqN2hN1 : 284.6586770 (0.02)%
            GbB1bN2taTAU1taN1_GbB2tC2wN1 : 284.1205375 (0.02)%
    T2bC2wN2taTAU1taN1_T2tN4wC1nTAU1taN1 : 281.7066318 (0.02)%
             GbB2wT1bC1nTAU1taN1_QqN2hN1 : 281.1698006 (0.02)%
                   GbB2bN4wC1wN1_QqC1wN1 : 279.4011537 (0.02)%
      GbB1bN2taTAU1taN1_QqC2zC1nTAU1taN1 : 278.9612403 (0.02)%
                      GbB2bN3zN1_QqC1wN1 : 278.8718511 (0.02)%
       GbB1tC1nTAU1taN1_QqN4wC1nTAU1taN1 : 276.1056206 (0.02)%
      GbB1bN2taTAU1taN1_QqC2hC1nTAU1taN1 : 275.6470774 (0.02)%
               GbB2tC2wN2taTAU1taN1_QqN1 : 274.8638041 (0.02)%
   GbB1tC1nTAU1taN1_GbB2bN3zN2taTAU1taN1 : 274.0676408 (0.02)%
              GqQqN1_GtT1bC2zC1nTAU1taN1 : 273.4340223 (0.02)%
                GbB1bN4taTAU1taN1_GqQqN1 : 273.2869323 (0.02)%
                QqC1nTAU1taN1_QqC2wN2hN1 : 272.4785424 (0.02)%
                GbB2bN2hN1_QqC1nTAU1taN1 : 270.6748221 (0.02)%
  GbB2tC2wN2taTAU1taN1_GtT1tN2taTAU1taN1 : 270.5279837 (0.02)%
              GqQqN1_GtT1bC2hC1nTAU1taN1 : 270.1855249 (0.02)%
                         GbB1bN1_QqN2zN1 : 268.0780932 (0.02)%
         B1bN2taTAU1taN1_B1bN3taTAU1taN1 : 267.6729775 (0.02)%
               GtT1bC2hpN1_QqC1nTAU1taN1 : 267.3877280 (0.02)%
                    GbB1bN3wC1wN1_GqQqN1 : 267.3422127 (0.02)%
        QqN2taTAU1taN1_QqN4hN2taTAU1taN1 : 266.5881184 (0.02)%
     GtT1bC2taNUTwTAU1taN1_QqC1nTAU1taN1 : 265.9381311 (0.02)%
   GbB1tC1nTAU1taN1_GbB2bN4hN2taTAU1taN1 : 265.6311314 (0.02)%
     T2bC2zC1nTAU1taN1_T2tN4wC1nTAU1taN1 : 265.3207717 (0.02)%
  GbB1bN2taTAU1taN1_GbB1bN4hN2taTAU1taN1 : 264.2303457 (0.02)%
             GbB1bN1_GbB1bN3wC1nTAU1taN1 : 264.1412872 (0.02)%
            GbB2wT1tN2taTAU1taN1_QqC1wN1 : 263.8132246 (0.02)%
     T2bC2hC1nTAU1taN1_T2tN4wC1nTAU1taN1 : 262.1686627 (0.02)%
                T1bC2wN1_T1tN2taTAU1taN1 : 261.8134443 (0.02)%
      GbB1bN2taTAU1taN1_GbB2tC2nTAU1taN1 : 260.6664687 (0.02)%
  GbB2tC2nTAU2nC1nTAU1taN1_QqC1nTAU1taN1 : 260.6370577 (0.02)%
                GbB1bN4wC1nTAU1taN1_QqN1 : 259.1470659 (0.02)%
                GbB2tC2zC1nTAU1taN1_QqN1 : 258.8759666 (0.02)%
          C2wN2taTAU1taN1_N3wC1nTAU1taN1 : 258.7109260 (0.02)%
                      GbB1bN1_GtT1bC1wN1 : 257.3822947 (0.02)%
                GbB2bN3taTAU1taN1_GqQqN1 : 256.8545694 (0.02)%
            GtT1bC2zC1wN1_QqN2taTAU1taN1 : 256.4657470 (0.02)%
                GbB2tC2hC1nTAU1taN1_QqN1 : 255.8004243 (0.02)%
   GbB1bN4wC1nTAU1taN1_GtT1tN2taTAU1taN1 : 255.0591681 (0.02)%
   GbB2tC2zC1nTAU1taN1_GtT1tN2taTAU1taN1 : 254.7923453 (0.02)%
          C2wN2taTAU1taN1_N4wC1nTAU1taN1 : 254.7678560 (0.02)%
                       GbB1bN3zN1_GqQqN1 : 254.6824452 (0.02)%
              T1bC1nTAU1taN1_T1bC2wN2hN1 : 253.6182678 (0.02)%
            GtT1bC2hC1wN1_QqN2taTAU1taN1 : 253.4188390 (0.02)%
         GbB2bN3taTAU2taN1_QqC1nTAU1taN1 : 252.6040217 (0.02)%
   GbB2tC2hC1nTAU1taN1_GtT1tN2taTAU1taN1 : 251.7653179 (0.02)%
                          GqQqN1_GtT1tN1 : 251.7088664 (0.02)%
          B1bN4taTAU1taN1_B1tC1nTAU1taN1 : 249.2342444 (0.02)%
                 T2tN1_T2tN4wC1nTAU1taN1 : 248.3698125 (0.01)%
     GbB2tC2nTAU2zTAU1taN1_QqC1nTAU1taN1 : 247.7239920 (0.01)%
             GbB1tC1nTAU1taN1_GtT1tN2hN1 : 246.6783947 (0.01)%
                QqC1wN1_QqN4wC1nTAU1taN1 : 245.6438778 (0.01)%
                QqC1nTAU1taN1_QqN4wC1wN1 : 245.6438778 (0.01)%
              B1bN3wC1wN1_B1tC1nTAU1taN1 : 243.8127349 (0.01)%
              B1bN3wC1nTAU1taN1_B1tC1wN1 : 243.8127349 (0.01)%
           C2zC1nTAU1taN1_N3wC1nTAU1taN1 : 243.6626432 (0.01)%
                 B1bN1_B1bN4wC1nTAU1taN1 : 243.5918254 (0.01)%
                      GbB2bN4hN1_QqC1wN1 : 241.9025511 (0.01)%
     GtT1tN2taTAU1taN1_GtT1tN2taTAU1taN1 : 241.7132650 (0.01)%
           N3wC1nTAU1taN1_N4wC1nTAU1taN1 : 241.3825214 (0.01)%
     GbB1bN2taTAU1taN1_GbB1bN3taTAU1taN1 : 241.1617536 (0.01)%
           C2hC1nTAU1taN1_N3wC1nTAU1taN1 : 240.7678408 (0.01)%
    B2bN3wC1nTAU1taN1_B2tC2wN2taTAU1taN1 : 240.3430860 (0.01)%
          T1bC2nTAU1taN1_T1tN2taTAU1taN1 : 240.2008196 (0.01)%
           C2zC1nTAU1taN1_N4wC1nTAU1taN1 : 239.9489274 (0.01)%
                      GtT1bC2wN1_QqC1wN1 : 239.9265320 (0.01)%
       GtT1bC1nTAU1taN1_QqN4wC1nTAU1taN1 : 238.7525879 (0.01)%
   GbB1tC1nTAU1taN1_GtT1bC2wN2taTAU1taN1 : 238.5454413 (0.01)%
   GbB1bN2taTAU1taN1_GbB2wT1bC1nTAU1taN1 : 238.2059907 (0.01)%
                          GqQqN1_QqC2wN1 : 238.0908936 (0.01)%
           C2hC1nTAU1taN1_N4wC1nTAU1taN1 : 237.0982453 (0.01)%
   GbB2bN3zN2taTAU1taN1_GtT1bC1nTAU1taN1 : 236.9903168 (0.01)%
      GbB2bN3hN2taTAU1taN1_QqC1nTAU1taN1 : 235.5326463 (0.01)%
            GbB1bN1_GbB2tC2wN2taTAU1taN1 : 232.7758225 (0.01)%
                 B1bN3zN1_B1tC1nTAU1taN1 : 232.2671862 (0.01)%
   GbB2bN4hN2taTAU1taN1_GtT1bC1nTAU1taN1 : 229.6951431 (0.01)%
    B2bN4wC1nTAU1taN1_B2tC2wN2taTAU1taN1 : 229.3964124 (0.01)%
     B2bN3wC1nTAU1taN1_B2tC2zC1nTAU1taN1 : 226.3631944 (0.01)%
     GbB1bN4zN2taTAU1taN1_QqN2taTAU1taN1 : 225.7671718 (0.01)%
    GbB1tC1nTAU1taN1_GtT1bC2zC1nTAU1taN1 : 224.6701122 (0.01)%
      GbB1bN4taTAU1taN1_GbB1tC1nTAU1taN1 : 224.5492541 (0.01)%
     B2bN3wC1nTAU1taN1_B2tC2hC1nTAU1taN1 : 223.6739158 (0.01)%
            GbB2bN3zN2hN1_QqN2taTAU1taN1 : 223.0965162 (0.01)%
            GbB2bN3zN2taTAU1taN1_QqN2hN1 : 223.0965162 (0.01)%
                      GbB1tC1wN1_QqN2zN1 : 222.9386286 (0.01)%
                    GbB1bN4wC1wN1_GqQqN1 : 222.1252151 (0.01)%
    GbB1tC1nTAU1taN1_GtT1bC2hC1nTAU1taN1 : 222.0009481 (0.01)%
                    GbB2tC2zC1wN1_GqQqN1 : 221.8928452 (0.01)%
              GbB2bN3h3N1_QqN2taTAU1taN1 : 220.9816853 (0.01)%
                GtT1bC2nTAU1taN1_QqC1wN1 : 220.1206657 (0.01)%
          GbB1bN3wC1nTAU1taN1_GbB1tC1wN1 : 219.6647089 (0.01)%
          GbB1bN3wC1wN1_GbB1tC1nTAU1taN1 : 219.6647089 (0.01)%
             GbB1bN1_GbB1bN4wC1nTAU1taN1 : 219.4656790 (0.01)%
                    GbB2tC2hC1wN1_GqQqN1 : 219.2566761 (0.01)%
             GbB1bN1_GbB2tC2zC1nTAU1taN1 : 219.2360913 (0.01)%
                    GqQqN1_QqC2nTAU1taN1 : 218.4365587 (0.01)%
                     GbB2tC2hpN1_QqC1wN1 : 216.9862522 (0.01)%
             GbB1bN1_GbB2tC2hC1nTAU1taN1 : 216.6314854 (0.01)%
        GbB1bN3taTAU2taN1_QqN2taTAU1taN1 : 216.3771573 (0.01)%
            GbB2bN4hN2hN1_QqN2taTAU1taN1 : 216.2290296 (0.01)%
            GbB2bN4hN2taTAU1taN1_QqN2hN1 : 216.2290296 (0.01)%
     B2bN4wC1nTAU1taN1_B2tC2zC1nTAU1taN1 : 216.0532493 (0.01)%
           GbB2tC2taNUTwTAU1taN1_QqC1wN1 : 215.8098983 (0.01)%
                   GbB1tC1wN1_GtT1bC1wN1 : 214.0438076 (0.01)%
        GbB1bN4taTAU2taN1_QqN2taTAU1taN1 : 213.6820898 (0.01)%
     B2bN4wC1nTAU1taN1_B2tC2hC1nTAU1taN1 : 213.4864567 (0.01)%
             GtT1bC1nTAU1taN1_GtT1tN2hN1 : 213.3064332 (0.01)%
                   QqC1nTAU1taN1_QqN4hN1 : 212.6758602 (0.01)%
               GbB2bN3hN1_QqN2taTAU1taN1 : 211.8477500 (0.01)%
      GbB1tC1nTAU1taN1_GbB2bN3taTAU1taN1 : 211.0474199 (0.01)%
             GbB1bN3zN1_GbB1tC1nTAU1taN1 : 209.2626699 (0.01)%
                GbB2bN2taTAU1taN1_GqQqN1 : 209.2097304 (0.01)%
 GbB2bN4taTAU2nC1nTAU1taN1_QqC1nTAU1taN1 : 208.7357679 (0.01)%
               GbB2bN4zN1_QqN2taTAU1taN1 : 206.9563237 (0.01)%
                GbB1tC1nTAU1taN1_GtT1tN1 : 206.8193957 (0.01)%
   GtT1bC1nTAU1taN1_GtT1bC2wN2taTAU1taN1 : 206.2737489 (0.01)%
     T2tN4wC1nTAU1taN1_T2tN4wC1nTAU1taN1 : 203.4810665 (0.01)%
    GbB1bN3taTAU2hTAU1taN1_QqC1nTAU1taN1 : 203.0867440 (0.01)%
              B1bN4wC1nTAU1taN1_B1tC1wN1 : 202.5754019 (0.01)%
              B1bN4wC1wN1_B1tC1nTAU1taN1 : 202.5754019 (0.01)%
     GbB1bN3hN2taTAU1taN1_QqN2taTAU1taN1 : 201.7540501 (0.01)%
                GbB2tC1nTAU1taN1_QqC1wN1 : 201.3967911 (0.01)%
                GbB2tC1wN1_QqC1nTAU1taN1 : 201.3967911 (0.01)%
------------------------------------------------------------
                                                       SUM=90.00%
