/Users/rafalmaselek/Projects/fastlim-1.0
 
#################################################################
#                                                               #
#                                                               #
#                     This is Fastlim  ver. 1.0                 #
#                                                               #
#          A fast LHC limit calculator for BSM models.          #
#                                                               #
#                  http://cern.ch/fastlim-1.0/                  #
#                                                               #
#  for bugs/feature requests: fastlim-1.0.developers@gmail.com  #
#                                                               #
#    please refer to:                                           #
#    M.Papucci, K.Sakurai, A.Weiler, L.Zeune arXiv:1402.xxxx    #
#                                                               #
#################################################################
 

!! Masses incompatible with the data for ERER !!

!! Problem with reading tables for ER ER !! Probably mass outside the table !! Setting xsec to 10^-20 !!

!! Masses incompatible with the data for ELEL !!

!! Problem with reading tables for EL EL !! Probably mass outside the table !! Setting xsec to 10^-20 !!

!! Masses incompatible with the data for TAU1TAU1 !!

!! Problem with reading tables for TAU1 TAU1 !! Probably mass outside the table !! Setting xsec to 10^-20 !!

!! Masses incompatible with the data for TAU2TAU2 !!

!! Problem with reading tables for TAU2 TAU2 !! Probably mass outside the table !! Setting xsec to 10^-20 !!
!! EWK PROCESS C1C2 NOT FOUND !! WILL TRY TO LOOK FOR +/- MODES !!
XSEC FOUND FOR: C1-C2+
XSEC FOUND FOR: C1+C2-
!! EWK PROCESS C1N1 NOT FOUND !! WILL TRY TO LOOK FOR +/- MODES !!
XSEC FOUND FOR: C1+N1
XSEC FOUND FOR: C1-N1
!! EWK PROCESS C1N2 NOT FOUND !! WILL TRY TO LOOK FOR +/- MODES !!
XSEC FOUND FOR: C1+N2
XSEC FOUND FOR: C1-N2
!! EWK PROCESS C1N3 NOT FOUND !! WILL TRY TO LOOK FOR +/- MODES !!
XSEC FOUND FOR: C1+N3
XSEC FOUND FOR: C1-N3
!! EWK PROCESS C1N4 NOT FOUND !! WILL TRY TO LOOK FOR +/- MODES !!
XSEC FOUND FOR: C1+N4
XSEC FOUND FOR: C1-N4
!! EWK PROCESS C2N1 NOT FOUND !! WILL TRY TO LOOK FOR +/- MODES !!
XSEC FOUND FOR: C2+N1
XSEC FOUND FOR: C2-N1
!! EWK PROCESS C2N2 NOT FOUND !! WILL TRY TO LOOK FOR +/- MODES !!
XSEC FOUND FOR: C2+N2
XSEC FOUND FOR: C2-N2
!! EWK PROCESS C2N3 NOT FOUND !! WILL TRY TO LOOK FOR +/- MODES !!
XSEC FOUND FOR: C2+N3
XSEC FOUND FOR: C2-N3
!! EWK PROCESS C2N4 NOT FOUND !! WILL TRY TO LOOK FOR +/- MODES !!
XSEC FOUND FOR: C2+N4
XSEC FOUND FOR: C2-N4
---------------  Output inclusive processes  ---------------
The total xsec = 13793.53 [fb]
The total rate = 100.00%
Output upto 0.10%
                  Modes : xsec/fb      (rate)
            C1wN1_N2hN1 : 3238.0145337 (23.47)%
            C1wN1_C1wN1 : 1692.9833039 (12.27)%
        QqC1wN1_QqC1wN1 : 1324.8846210 (9.61)%
        QqC1wN1_QqN2hN1 : 1217.9002698 (8.83)%
            C1wN1_N2zN1 : 303.8945849 (2.20)%
        QqN2hN1_QqN2hN1 : 279.8887246 (2.03)%
     GtT1bC1wN1_QqC1wN1 : 156.7308915 (1.14)%
  GtT1tN3wC1wN1_QqC1wN1 : 127.8699151 (0.93)%
        QqC1wN1_QqN2zN1 : 114.3025435 (0.83)%
  GtT1bC2hC1wN1_QqC1wN1 : 79.9393172 (0.58)%
     GbB1tC1wN1_QqC1wN1 : 75.3629641 (0.55)%
  GtT1bC2zC1wN1_QqC1wN1 : 73.9090122 (0.54)%
     GtT1bC1wN1_QqN2hN1 : 72.0374409 (0.52)%
  GtT1bC2wN2hN1_QqC1wN1 : 68.9031562 (0.50)%
     GtT1tN2hN1_QqC1wN1 : 66.1102449 (0.48)%
           QqC1wN1_QqN1 : 62.4684769 (0.45)%
  GtT2tN4wC1wN1_QqC1wN1 : 61.3698596 (0.44)%
  GbB1tC2hC1wN1_QqC1wN1 : 59.8039572 (0.43)%
  GtT1tN3wC1wN1_QqN2hN1 : 58.7722137 (0.43)%
  GtT1tN4wC1wN1_QqC1wN1 : 56.0679840 (0.41)%
  GtT1tN3zN2hN1_QqC1wN1 : 55.4614191 (0.40)%
  GbB1tC2zC1wN1_QqC1wN1 : 55.2925838 (0.40)%
        QqN2hN1_QqN2zN1 : 52.5363101 (0.38)%
  GbB1tC2wN2hN1_QqC1wN1 : 51.5476182 (0.37)%
                  N1_N1 : 49.0491746 (0.36)%
      C2hC1wN1_N3wC1wN1 : 45.4476631 (0.33)%
      C2hC1wN1_N4wC1wN1 : 45.2685099 (0.33)%
      C2zC1wN1_N3wC1wN1 : 42.0192717 (0.30)%
      C2zC1wN1_N4wC1wN1 : 41.8536331 (0.30)%
  GtT2tN3wC1wN1_QqC1wN1 : 39.8912241 (0.29)%
      C2wN2hN1_N3wC1wN1 : 39.1733072 (0.28)%
      C2wN2hN1_N4wC1wN1 : 39.0188873 (0.28)%
      N3wC1wN1_N4wC1wN1 : 38.3555746 (0.28)%
     GtT1bC2wN1_QqC1wN1 : 37.3947212 (0.27)%
  GtT1bC2hC1wN1_QqN2hN1 : 36.7421111 (0.27)%
     GbB1bN2hN1_QqC1wN1 : 36.3086846 (0.26)%
  GbB2tC2hC1wN1_QqC1wN1 : 34.7289091 (0.25)%
     GbB1tC1wN1_QqN2hN1 : 34.6387047 (0.25)%
  GtT1bC2zC1wN1_QqN2hN1 : 33.9704320 (0.25)%
        GtT1tN1_QqC1wN1 : 32.4813091 (0.24)%
  GbB2tC2zC1wN1_QqC1wN1 : 32.1090979 (0.23)%
     GtT1tN3zN1_QqC1wN1 : 31.7320269 (0.23)%
  GtT1bC2wN2hN1_QqN2hN1 : 31.6696153 (0.23)%
            N2hN1_N2hN1 : 30.9314724 (0.22)%
     GtT1tN2hN1_QqN2hN1 : 30.3859234 (0.22)%
  GtT2bC2hC1wN1_QqC1wN1 : 30.2774827 (0.22)%
  GbB2tC2wN2hN1_QqC1wN1 : 29.9343493 (0.22)%
  GtT2tN4hN2hN1_QqC1wN1 : 29.1597675 (0.21)%
           QqN1_QqN2hN1 : 28.7120756 (0.21)%
  GtT2tN4wC1wN1_QqN2hN1 : 28.2071236 (0.20)%
  GtT2bC2zC1wN1_QqC1wN1 : 27.9934695 (0.20)%
     GbB1tC2wN1_QqC1wN1 : 27.9756243 (0.20)%
  GbB1tC2hC1wN1_QqN2hN1 : 27.4873957 (0.20)%
     QqC1wN1_QqC2hC1wN1 : 27.1926414 (0.20)%
  GtT1tN4hN2hN1_QqC1wN1 : 26.6405918 (0.19)%
  GtT2bC2wN2hN1_QqC1wN1 : 26.0974723 (0.19)%
  GtT1tN4wC1wN1_QqN2hN1 : 25.7702489 (0.19)%
  GtT1tN3zN2hN1_QqN2hN1 : 25.4914565 (0.18)%
  GbB1tC2zC1wN1_QqN2hN1 : 25.4138556 (0.18)%
  GbB1bN3wC1wN1_QqC1wN1 : 25.1858047 (0.18)%
     QqC1wN1_QqC2zC1wN1 : 25.1413364 (0.18)%
      C2hC1wN1_C2zC1wN1 : 24.1491733 (0.18)%
   QqC1wN1_QqGtT1bC1wN1 : 23.9248929 (0.17)%
  GbB1tC2wN2hN1_QqN2hN1 : 23.6925756 (0.17)%
     QqC1wN1_QqC2wN2hN1 : 23.4385142 (0.17)%
      C2hC1wN1_C2wN2hN1 : 22.5135503 (0.16)%
  GbB2bN4wC1wN1_QqC1wN1 : 21.7567038 (0.16)%
      C2hC1wN1_N4hN2hN1 : 21.5092430 (0.16)%
         C2wN1_N3wC1wN1 : 21.2599100 (0.15)%
         C2wN1_N4wC1wN1 : 21.1761042 (0.15)%
      C2wN2hN1_C2zC1wN1 : 20.8152173 (0.15)%
  GbB2bN3wC1wN1_QqC1wN1 : 20.5130269 (0.15)%
  GbB1bN4wC1wN1_QqC1wN1 : 20.4020478 (0.15)%
     QqC1wN1_QqN4wC1wN1 : 20.3654490 (0.15)%
      C2zC1wN1_N4hN2hN1 : 19.8866711 (0.14)%
      C2hC1wN1_N3zN2hN1 : 19.7121574 (0.14)%
QqC1wN1_QqGtT1tN3wC1wN1 : 19.5192791 (0.14)%
      C2wN2hN1_N4hN2hN1 : 18.5397472 (0.13)%
  GtT2tN3wC1wN1_QqN2hN1 : 18.3350051 (0.13)%
      C2zC1wN1_N3zN2hN1 : 18.2251504 (0.13)%
      N3wC1wN1_N4hN2hN1 : 18.2245755 (0.13)%
  GtT2tN3zN2hN1_QqC1wN1 : 17.3021457 (0.13)%
     GtT1bC2wN1_QqN2hN1 : 17.1875499 (0.12)%
      C2wN2hN1_N3zN2hN1 : 16.9907613 (0.12)%
     GbB1bN2hN1_QqN2hN1 : 16.6883803 (0.12)%
      N3zN2hN1_N4wC1wN1 : 16.6360836 (0.12)%
     GbB2tC2wN1_QqC1wN1 : 16.2457964 (0.12)%
  GbB2tC2hC1wN1_QqN2hN1 : 15.9622759 (0.12)%
        GtT1tN1_QqN2hN1 : 14.9292227 (0.11)%
               C1wN1_N1 : 14.9216526 (0.11)%
  GbB2tC2zC1wN1_QqN2hN1 : 14.7581451 (0.11)%
     GtT1tN3zN1_QqN2hN1 : 14.5848338 (0.11)%
     GtT2bC2wN1_QqC1wN1 : 14.1634688 (0.10)%
  GtT2bC2hC1wN1_QqN2hN1 : 13.9162889 (0.10)%
     GtT2tN4hN1_QqC1wN1 : 13.8144738 (0.10)%
  GbB2tC2wN2hN1_QqN2hN1 : 13.7585762 (0.10)%
------------------------------------------------------------
                                      SUM=81.75%

SHOWING PROCESSES TO GET 90.00% SUSY COVERAGE
---------------  Output inclusive processes  ---------------
The total xsec = 13793.53 [fb]
The total rate = 100.00%
                    Modes : xsec/fb      (rate)
              C1wN1_N2hN1 : 3238.0145337 (23.47)%
              C1wN1_C1wN1 : 1692.9833039 (12.27)%
          QqC1wN1_QqC1wN1 : 1324.8846210 (9.61)%
          QqC1wN1_QqN2hN1 : 1217.9002698 (8.83)%
              C1wN1_N2zN1 : 303.8945849 (2.20)%
          QqN2hN1_QqN2hN1 : 279.8887246 (2.03)%
       GtT1bC1wN1_QqC1wN1 : 156.7308915 (1.14)%
    GtT1tN3wC1wN1_QqC1wN1 : 127.8699151 (0.93)%
          QqC1wN1_QqN2zN1 : 114.3025435 (0.83)%
    GtT1bC2hC1wN1_QqC1wN1 : 79.9393172 (0.58)%
       GbB1tC1wN1_QqC1wN1 : 75.3629641 (0.55)%
    GtT1bC2zC1wN1_QqC1wN1 : 73.9090122 (0.54)%
       GtT1bC1wN1_QqN2hN1 : 72.0374409 (0.52)%
    GtT1bC2wN2hN1_QqC1wN1 : 68.9031562 (0.50)%
       GtT1tN2hN1_QqC1wN1 : 66.1102449 (0.48)%
             QqC1wN1_QqN1 : 62.4684769 (0.45)%
    GtT2tN4wC1wN1_QqC1wN1 : 61.3698596 (0.44)%
    GbB1tC2hC1wN1_QqC1wN1 : 59.8039572 (0.43)%
    GtT1tN3wC1wN1_QqN2hN1 : 58.7722137 (0.43)%
    GtT1tN4wC1wN1_QqC1wN1 : 56.0679840 (0.41)%
    GtT1tN3zN2hN1_QqC1wN1 : 55.4614191 (0.40)%
    GbB1tC2zC1wN1_QqC1wN1 : 55.2925838 (0.40)%
          QqN2hN1_QqN2zN1 : 52.5363101 (0.38)%
    GbB1tC2wN2hN1_QqC1wN1 : 51.5476182 (0.37)%
                    N1_N1 : 49.0491746 (0.36)%
        C2hC1wN1_N3wC1wN1 : 45.4476631 (0.33)%
        C2hC1wN1_N4wC1wN1 : 45.2685099 (0.33)%
        C2zC1wN1_N3wC1wN1 : 42.0192717 (0.30)%
        C2zC1wN1_N4wC1wN1 : 41.8536331 (0.30)%
    GtT2tN3wC1wN1_QqC1wN1 : 39.8912241 (0.29)%
        C2wN2hN1_N3wC1wN1 : 39.1733072 (0.28)%
        C2wN2hN1_N4wC1wN1 : 39.0188873 (0.28)%
        N3wC1wN1_N4wC1wN1 : 38.3555746 (0.28)%
       GtT1bC2wN1_QqC1wN1 : 37.3947212 (0.27)%
    GtT1bC2hC1wN1_QqN2hN1 : 36.7421111 (0.27)%
       GbB1bN2hN1_QqC1wN1 : 36.3086846 (0.26)%
    GbB2tC2hC1wN1_QqC1wN1 : 34.7289091 (0.25)%
       GbB1tC1wN1_QqN2hN1 : 34.6387047 (0.25)%
    GtT1bC2zC1wN1_QqN2hN1 : 33.9704320 (0.25)%
          GtT1tN1_QqC1wN1 : 32.4813091 (0.24)%
    GbB2tC2zC1wN1_QqC1wN1 : 32.1090979 (0.23)%
       GtT1tN3zN1_QqC1wN1 : 31.7320269 (0.23)%
    GtT1bC2wN2hN1_QqN2hN1 : 31.6696153 (0.23)%
              N2hN1_N2hN1 : 30.9314724 (0.22)%
       GtT1tN2hN1_QqN2hN1 : 30.3859234 (0.22)%
    GtT2bC2hC1wN1_QqC1wN1 : 30.2774827 (0.22)%
    GbB2tC2wN2hN1_QqC1wN1 : 29.9343493 (0.22)%
    GtT2tN4hN2hN1_QqC1wN1 : 29.1597675 (0.21)%
             QqN1_QqN2hN1 : 28.7120756 (0.21)%
    GtT2tN4wC1wN1_QqN2hN1 : 28.2071236 (0.20)%
    GtT2bC2zC1wN1_QqC1wN1 : 27.9934695 (0.20)%
       GbB1tC2wN1_QqC1wN1 : 27.9756243 (0.20)%
    GbB1tC2hC1wN1_QqN2hN1 : 27.4873957 (0.20)%
       QqC1wN1_QqC2hC1wN1 : 27.1926414 (0.20)%
    GtT1tN4hN2hN1_QqC1wN1 : 26.6405918 (0.19)%
    GtT2bC2wN2hN1_QqC1wN1 : 26.0974723 (0.19)%
    GtT1tN4wC1wN1_QqN2hN1 : 25.7702489 (0.19)%
    GtT1tN3zN2hN1_QqN2hN1 : 25.4914565 (0.18)%
    GbB1tC2zC1wN1_QqN2hN1 : 25.4138556 (0.18)%
    GbB1bN3wC1wN1_QqC1wN1 : 25.1858047 (0.18)%
       QqC1wN1_QqC2zC1wN1 : 25.1413364 (0.18)%
        C2hC1wN1_C2zC1wN1 : 24.1491733 (0.18)%
     QqC1wN1_QqGtT1bC1wN1 : 23.9248929 (0.17)%
    GbB1tC2wN2hN1_QqN2hN1 : 23.6925756 (0.17)%
       QqC1wN1_QqC2wN2hN1 : 23.4385142 (0.17)%
        C2hC1wN1_C2wN2hN1 : 22.5135503 (0.16)%
    GbB2bN4wC1wN1_QqC1wN1 : 21.7567038 (0.16)%
        C2hC1wN1_N4hN2hN1 : 21.5092430 (0.16)%
           C2wN1_N3wC1wN1 : 21.2599100 (0.15)%
           C2wN1_N4wC1wN1 : 21.1761042 (0.15)%
        C2wN2hN1_C2zC1wN1 : 20.8152173 (0.15)%
    GbB2bN3wC1wN1_QqC1wN1 : 20.5130269 (0.15)%
    GbB1bN4wC1wN1_QqC1wN1 : 20.4020478 (0.15)%
       QqC1wN1_QqN4wC1wN1 : 20.3654490 (0.15)%
        C2zC1wN1_N4hN2hN1 : 19.8866711 (0.14)%
        C2hC1wN1_N3zN2hN1 : 19.7121574 (0.14)%
  QqC1wN1_QqGtT1tN3wC1wN1 : 19.5192791 (0.14)%
        C2wN2hN1_N4hN2hN1 : 18.5397472 (0.13)%
    GtT2tN3wC1wN1_QqN2hN1 : 18.3350051 (0.13)%
        C2zC1wN1_N3zN2hN1 : 18.2251504 (0.13)%
        N3wC1wN1_N4hN2hN1 : 18.2245755 (0.13)%
    GtT2tN3zN2hN1_QqC1wN1 : 17.3021457 (0.13)%
       GtT1bC2wN1_QqN2hN1 : 17.1875499 (0.12)%
        C2wN2hN1_N3zN2hN1 : 16.9907613 (0.12)%
       GbB1bN2hN1_QqN2hN1 : 16.6883803 (0.12)%
        N3zN2hN1_N4wC1wN1 : 16.6360836 (0.12)%
       GbB2tC2wN1_QqC1wN1 : 16.2457964 (0.12)%
    GbB2tC2hC1wN1_QqN2hN1 : 15.9622759 (0.12)%
          GtT1tN1_QqN2hN1 : 14.9292227 (0.11)%
                 C1wN1_N1 : 14.9216526 (0.11)%
    GbB2tC2zC1wN1_QqN2hN1 : 14.7581451 (0.11)%
       GtT1tN3zN1_QqN2hN1 : 14.5848338 (0.11)%
       GtT2bC2wN1_QqC1wN1 : 14.1634688 (0.10)%
    GtT2bC2hC1wN1_QqN2hN1 : 13.9162889 (0.10)%
       GtT2tN4hN1_QqC1wN1 : 13.8144738 (0.10)%
    GbB2tC2wN2hN1_QqN2hN1 : 13.7585762 (0.10)%
    GtT2tN4hN2hN1_QqN2hN1 : 13.4025590 (0.10)%
        C2hC1wN1_C2hC1wN1 : 13.0597634 (0.09)%
    GtT2bC2zC1wN1_QqN2hN1 : 12.8664993 (0.09)%
       GbB1tC2wN1_QqN2hN1 : 12.8582972 (0.09)%
          QqC1wN1_QqC2wN1 : 12.7204144 (0.09)%
       GtT1tN4hN1_QqC1wN1 : 12.6210114 (0.09)%
           C1wN1_N3wC1wN1 : 12.5412385 (0.09)%
       QqC2hC1wN1_QqN2hN1 : 12.4984187 (0.09)%
    GtT1tN4hN2hN1_QqN2hN1 : 12.2446828 (0.09)%
           C2hC1wN1_C2wN1 : 12.2184234 (0.09)%
  QqC1wN1_QqGtT1bC2hC1wN1 : 12.2026971 (0.09)%
    GtT2bC2wN2hN1_QqN2hN1 : 11.9950515 (0.09)%
    GbB1bN3wC1wN1_QqN2hN1 : 11.5760263 (0.08)%
       QqC2zC1wN1_QqN2hN1 : 11.5555875 (0.08)%
     QqC1wN1_QqGbB1tC1wN1 : 11.5041191 (0.08)%
           C2wN1_C2zC1wN1 : 11.2967140 (0.08)%
  QqC1wN1_QqGtT1bC2zC1wN1 : 11.2821740 (0.08)%
           C2hC1wN1_N3zN1 : 11.2782312 (0.08)%
        C2zC1wN1_C2zC1wN1 : 11.1637277 (0.08)%
     QqGtT1bC1wN1_QqN2hN1 : 10.9964796 (0.08)%
    GbB1bN3zN2hN1_QqC1wN1 : 10.9239180 (0.08)%
       QqC2wN2hN1_QqN2hN1 : 10.7729278 (0.08)%
           C2wN1_C2wN2hN1 : 10.5315878 (0.08)%
  QqC1wN1_QqGtT1bC2wN2hN1 : 10.5180326 (0.08)%
           C2zC1wN1_N3zN1 : 10.4274462 (0.08)%
    GbB2bN4hN2hN1_QqC1wN1 : 10.3376548 (0.07)%
           C2hC1wN1_N4hN1 : 10.1900290 (0.07)%
     QqC1wN1_QqGtT1tN2hN1 : 10.0916961 (0.07)%
           C2wN1_N4hN2hN1 : 10.0617841 (0.07)%
    GbB2bN4wC1wN1_QqN2hN1 : 9.9999257 (0.07)%
       GtT2tN3zN1_QqC1wN1 : 9.8993527 (0.07)%
    GtT2hT1bC1wN1_QqC1wN1 : 9.7507340 (0.07)%
           C2wN2hN1_N3zN1 : 9.7211954 (0.07)%
        C2wN2hN1_C2wN2hN1 : 9.7027015 (0.07)%
    GbB1bN4hN2hN1_QqC1wN1 : 9.6939927 (0.07)%
       QqC1wN1_QqN4hN2hN1 : 9.6766028 (0.07)%
           N3zN1_N4wC1wN1 : 9.5182680 (0.07)%
    GbB2bN3wC1wN1_QqN2hN1 : 9.4283006 (0.07)%
           C2zC1wN1_N4hN1 : 9.4213336 (0.07)%
    GbB1bN4wC1wN1_QqN2hN1 : 9.3772919 (0.07)%
  QqC1wN1_QqGtT2tN4wC1wN1 : 9.3680786 (0.07)%
       QqN2hN1_QqN4wC1wN1 : 9.3604701 (0.07)%
           C2wN1_N3zN2hN1 : 9.2211274 (0.07)%
  QqC1wN1_QqGbB1tC2hC1wN1 : 9.1290444 (0.07)%
     T1bC1wN1_T1tN3wC1wN1 : 8.9901520 (0.07)%
  QqGtT1tN3wC1wN1_QqN2hN1 : 8.9715493 (0.07)%
    GbB2bN3zN2hN1_QqC1wN1 : 8.8971795 (0.06)%
           C2wN2hN1_N4hN1 : 8.7832268 (0.06)%
          GtT2tN1_QqC1wN1 : 8.6840450 (0.06)%
           N3wC1wN1_N4hN1 : 8.6339139 (0.06)%
  QqC1wN1_QqGtT1tN4wC1wN1 : 8.5587500 (0.06)%
  QqC1wN1_QqGtT1tN3zN2hN1 : 8.4661581 (0.06)%
  QqC1wN1_QqGbB1tC2zC1wN1 : 8.4403855 (0.06)%
 GtT2hT1tN3wC1wN1_QqC1wN1 : 7.9551996 (0.06)%
    GtT2tN3zN2hN1_QqN2hN1 : 7.9524992 (0.06)%
        N3zN2hN1_N4hN2hN1 : 7.9046022 (0.06)%
  QqC1wN1_QqGbB1tC2wN2hN1 : 7.8687184 (0.06)%
       GbB2tC2wN1_QqN2hN1 : 7.4669747 (0.05)%
          GbB1bN1_QqC1wN1 : 7.3350745 (0.05)%
       GtT1bC1wN1_QqN2zN1 : 6.7608678 (0.05)%
       GtT2bC2wN1_QqN2hN1 : 6.5098848 (0.05)%
    GtT1bC2wN2zN1_QqC1wN1 : 6.4667085 (0.05)%
       GtT2tN4hN1_QqN2hN1 : 6.3494780 (0.05)%
       GbB2tC1wN1_QqC1wN1 : 6.3405039 (0.05)%
       GbB1bN3zN1_QqC1wN1 : 6.2500756 (0.05)%
       GtT1tN2zN1_QqC1wN1 : 6.2045878 (0.04)%
  QqC1wN1_QqGtT2tN3wC1wN1 : 6.0893756 (0.04)%
           GqQqN1_QqC1wN1 : 6.0240996 (0.04)%
          QqC2wN1_QqN2hN1 : 5.8466209 (0.04)%
              N2hN1_N2zN1 : 5.8059696 (0.04)%
       GtT1tN4hN1_QqN2hN1 : 5.8009328 (0.04)%
     QqC1wN1_QqGtT1bC2wN1 : 5.7082856 (0.04)%
       GtT1tN3hN1_QqC1wN1 : 5.6796662 (0.04)%
     T1bC1wN1_T1bC2hC1wN1 : 5.6202948 (0.04)%
  QqGtT1bC2hC1wN1_QqN2hN1 : 5.6086650 (0.04)%
     QqC1wN1_QqGbB1bN2hN1 : 5.5425027 (0.04)%
    GtT1tN3wC1wN1_QqN2zN1 : 5.5158979 (0.04)%
        T1bC1wN1_T1bC1wN1 : 5.5096406 (0.04)%
           C1wN1_N3zN2hN1 : 5.4395507 (0.04)%
           N2hN1_N3wC1wN1 : 5.3193656 (0.04)%
  QqC1wN1_QqGbB2tC2hC1wN1 : 5.3013507 (0.04)%
     QqGbB1tC1wN1_QqN2hN1 : 5.2875811 (0.04)%
              C2wN1_N3zN1 : 5.2758308 (0.04)%
    GtT1tN3zN2zN1_QqC1wN1 : 5.2051727 (0.04)%
     T1bC1wN1_T1bC2zC1wN1 : 5.1963220 (0.04)%
  QqGtT1bC2zC1wN1_QqN2hN1 : 5.1855696 (0.04)%
       GbB2bN3zN1_QqC1wN1 : 5.0904853 (0.04)%
                 N1_N2hN1 : 5.0604436 (0.04)%
    GbB1bN3zN2hN1_QqN2hN1 : 5.0209062 (0.04)%
 GtT2hT1bC2hC1wN1_QqC1wN1 : 4.9732826 (0.04)%
        QqC1wN1_QqGtT1tN1 : 4.9582557 (0.04)%
  QqC1wN1_QqGbB2tC2zC1wN1 : 4.9014379 (0.04)%
       GbB2bN4hN1_QqC1wN1 : 4.8974760 (0.04)%
     T1bC1wN1_T1bC2wN2hN1 : 4.8443752 (0.04)%
     QqC1wN1_QqGtT1tN3zN1 : 4.8438782 (0.04)%
    GbB1tC2wN2zN1_QqC1wN1 : 4.8378541 (0.04)%
  QqGtT1bC2wN2hN1_QqN2hN1 : 4.8343511 (0.04)%
              C2wN1_N4hN1 : 4.7667819 (0.03)%
    GbB2bN4hN2hN1_QqN2hN1 : 4.7514449 (0.03)%
 GtT1bC2nTAU1taN1_QqC1wN1 : 4.7436402 (0.03)%
        T1bC1wN1_T1tN2hN1 : 4.6480140 (0.03)%
     QqGtT1tN2hN1_QqN2hN1 : 4.6383961 (0.03)%
  QqC1wN1_QqGtT2bC2hC1wN1 : 4.6218427 (0.03)%
 GtT2hT1bC2zC1wN1_QqC1wN1 : 4.5981179 (0.03)%
       GbB1bN4hN1_QqC1wN1 : 4.5925403 (0.03)%
  T1bC2hC1wN1_T1tN3wC1wN1 : 4.5853540 (0.03)%
          QqC1wN1_QqN4hN1 : 4.5843019 (0.03)%
  QqC1wN1_QqGbB2tC2wN2hN1 : 4.5694636 (0.03)%
       GtT2tN3zN1_QqN2hN1 : 4.5499903 (0.03)%
           N3zN1_N4hN2hN1 : 4.5225862 (0.03)%
    GtT2hT1bC1wN1_QqN2hN1 : 4.4816814 (0.03)%
    GbB1bN4hN2hN1_QqN2hN1 : 4.4556017 (0.03)%
  QqC1wN1_QqGtT2tN4hN2hN1 : 4.4512240 (0.03)%
       QqN2hN1_QqN4hN2hN1 : 4.4476089 (0.03)%
 GtT1bC1wN1_GtT1tN3wC1wN1 : 4.3870592 (0.03)%
GtT1tN3taTAU1taN1_QqC1wN1 : 4.3461167 (0.03)%
  QqGtT2tN4wC1wN1_QqN2hN1 : 4.3058034 (0.03)%
 GtT2hT1bC2wN2hN1_QqC1wN1 : 4.2866875 (0.03)%
  QqC1wN1_QqGtT2bC2zC1wN1 : 4.2731892 (0.03)%
     QqC1wN1_QqGbB1tC2wN1 : 4.2704652 (0.03)%
  T1bC2zC1wN1_T1tN3wC1wN1 : 4.2394530 (0.03)%
  QqGbB1tC2hC1wN1_QqN2hN1 : 4.1959373 (0.03)%
    GtT2hT1tN2hN1_QqC1wN1 : 4.1129315 (0.03)%
    GbB2bN3zN2hN1_QqN2hN1 : 4.0893664 (0.03)%
  QqC1wN1_QqGtT1tN4hN2hN1 : 4.0666731 (0.03)%
          GtT2tN1_QqN2hN1 : 3.9914044 (0.03)%
  QqC1wN1_QqGtT2bC2wN2hN1 : 3.9837662 (0.03)%
  T1bC2wN2hN1_T1tN3wC1wN1 : 3.9523150 (0.03)%
     T1bC1wN1_T1tN4wC1wN1 : 3.9419726 (0.03)%
  QqGtT1tN4wC1wN1_QqN2hN1 : 3.9338157 (0.03)%
     T1bC1wN1_T1tN3zN2hN1 : 3.8993268 (0.03)%
  QqGtT1tN3zN2hN1_QqN2hN1 : 3.8912582 (0.03)%
  QqGbB1tC2zC1wN1_QqN2hN1 : 3.8794124 (0.03)%
  QqC1wN1_QqGbB1bN3wC1wN1 : 3.8446006 (0.03)%
     T1tN2hN1_T1tN3wC1wN1 : 3.7921124 (0.03)%
           N3zN2hN1_N4hN1 : 3.7448145 (0.03)%
          GtT1bC1wN1_QqN1 : 3.6949406 (0.03)%
        C2wN2zN1_N3wC1wN1 : 3.6764986 (0.03)%
  T1tN3wC1wN1_T1tN3wC1wN1 : 3.6673369 (0.03)%
        C2wN2zN1_N4wC1wN1 : 3.6620060 (0.03)%
 GtT2hT1tN3wC1wN1_QqN2hN1 : 3.6564089 (0.03)%
  QqGbB1tC2wN2hN1_QqN2hN1 : 3.6166599 (0.03)%
 GbB1tC2nTAU1taN1_QqC1wN1 : 3.5487976 (0.03)%
 GtT2hT1tN4wC1wN1_QqC1wN1 : 3.4881700 (0.03)%
 GtT2hT1tN3zN2hN1_QqC1wN1 : 3.4504337 (0.03)%
    GtT1bC2hC1wN1_QqN2zN1 : 3.4483257 (0.02)%
       GbB1bN2zN1_QqC1wN1 : 3.4076477 (0.02)%
          GbB1bN1_QqN2hN1 : 3.3713838 (0.02)%
  QqC1wN1_QqGbB2bN4wC1wN1 : 3.3211500 (0.02)%
       GbB1tC1wN1_QqN2zN1 : 3.2509165 (0.02)%
  T1tN3wC1wN1_T1tN4wC1wN1 : 3.2160839 (0.02)%
    GtT1bC2zC1wN1_QqN2zN1 : 3.1881977 (0.02)%
  T1tN3wC1wN1_T1tN3zN2hN1 : 3.1812911 (0.02)%
  QqC1wN1_QqGbB2bN3wC1wN1 : 3.1313034 (0.02)%
  QqC1wN1_QqGbB1bN4wC1wN1 : 3.1143625 (0.02)%
              C1wN1_N3zN1 : 3.1122169 (0.02)%
       GbB2bN2hN1_QqC1wN1 : 3.0541003 (0.02)%
       GtT1tN3wC1wN1_QqN1 : 3.0145413 (0.02)%
    GtT1bC2wN2hN1_QqN2zN1 : 2.9722611 (0.02)%
    GtT1bC2wN2zN1_QqN2hN1 : 2.9722611 (0.02)%
       GbB2tC1wN1_QqN2hN1 : 2.9142543 (0.02)%
       GbB1bN3zN1_QqN2hN1 : 2.8726912 (0.02)%
              C2wN1_C2wN1 : 2.8578211 (0.02)%
       GtT1tN2zN1_QqN2hN1 : 2.8517839 (0.02)%
       GtT1tN2hN1_QqN2zN1 : 2.8517839 (0.02)%
    GbB2tC2wN2zN1_QqC1wN1 : 2.8094027 (0.02)%
  QqGtT2tN3wC1wN1_QqN2hN1 : 2.7988294 (0.02)%
           GqQqN1_QqN2hN1 : 2.7688269 (0.02)%
 GtT1bC1wN1_GtT1bC2hC1wN1 : 2.7426195 (0.02)%
    GtT2tN4hN2zN1_QqC1wN1 : 2.7367065 (0.02)%
    GbB1wT1bC1wN1_QqC1wN1 : 2.7015449 (0.02)%
     C2nTAU1taN1_N3wC1wN1 : 2.6968877 (0.02)%
             QqN1_QqN2zN1 : 2.6946897 (0.02)%
    GtT1bC1wN1_GtT1bC1wN1 : 2.6886219 (0.02)%
     C2nTAU1taN1_N4wC1wN1 : 2.6862567 (0.02)%
  T1bC2hC1wN1_T1bC2zC1wN1 : 2.6503418 (0.02)%
    GtT2tN4wC1wN1_QqN2zN1 : 2.6472988 (0.02)%
  QqC1wN1_QqGtT2tN3zN2hN1 : 2.6411640 (0.02)%
        T1bC1wN1_T1bC2wN1 : 2.6291112 (0.02)%
     QqGtT1bC2wN1_QqN2hN1 : 2.6236710 (0.02)%
       GtT1tN3hN1_QqN2hN1 : 2.6105167 (0.02)%
       GtT2tN4zN1_QqC1wN1 : 2.5988549 (0.02)%
    GbB1tC1wN1_GtT1bC1wN1 : 2.5856104 (0.02)%
    GbB1tC2hC1wN1_QqN2zN1 : 2.5797508 (0.02)%
     QqGbB1bN2hN1_QqN2hN1 : 2.5474730 (0.02)%
 GtT1bC1wN1_GtT1bC2zC1wN1 : 2.5357271 (0.02)%
    GtT1tN4hN2zN1_QqC1wN1 : 2.5002765 (0.02)%
     QqC1wN1_QqGbB2tC2wN1 : 2.4799128 (0.02)%
  T1bC2hC1wN1_T1bC2wN2hN1 : 2.4708342 (0.02)%
------------------------------------------------------------
                                        SUM=90.01%
