/Users/rafalmaselek/Projects/fastlim-1.0
 
#################################################################
#                                                               #
#                                                               #
#                     This is Fastlim  ver. 1.0                 #
#                                                               #
#          A fast LHC limit calculator for BSM models.          #
#                                                               #
#                  http://cern.ch/fastlim-1.0/                  #
#                                                               #
#  for bugs/feature requests: fastlim-1.0.developers@gmail.com  #
#                                                               #
#    please refer to:                                           #
#    M.Papucci, K.Sakurai, A.Weiler, L.Zeune arXiv:1402.xxxx    #
#                                                               #
#################################################################
 

!! Masses incompatible with the data for ERER !!

!! Problem with reading tables for ER ER !! Probably mass outside the table !! Setting xsec to 10^-20 !!

!! Masses incompatible with the data for ELEL !!

!! Problem with reading tables for EL EL !! Probably mass outside the table !! Setting xsec to 10^-20 !!

!! Masses incompatible with the data for TAU1TAU1 !!

!! Problem with reading tables for TAU1 TAU1 !! Probably mass outside the table !! Setting xsec to 10^-20 !!

!! Masses incompatible with the data for TAU2TAU2 !!

!! Problem with reading tables for TAU2 TAU2 !! Probably mass outside the table !! Setting xsec to 10^-20 !!
!! EWK PROCESS C1C2 NOT FOUND !! WILL TRY TO LOOK FOR +/- MODES !!
XSEC FOUND FOR: C1-C2+
XSEC FOUND FOR: C1+C2-
!! EWK PROCESS C1N1 NOT FOUND !! WILL TRY TO LOOK FOR +/- MODES !!
XSEC FOUND FOR: C1+N1
XSEC FOUND FOR: C1-N1
!! EWK PROCESS C1N2 NOT FOUND !! WILL TRY TO LOOK FOR +/- MODES !!
XSEC FOUND FOR: C1+N2
XSEC FOUND FOR: C1-N2
!! EWK PROCESS C1N3 NOT FOUND !! WILL TRY TO LOOK FOR +/- MODES !!
XSEC FOUND FOR: C1+N3
XSEC FOUND FOR: C1-N3
!! EWK PROCESS C1N4 NOT FOUND !! WILL TRY TO LOOK FOR +/- MODES !!
XSEC FOUND FOR: C1+N4
XSEC FOUND FOR: C1-N4
!! EWK PROCESS C2N1 NOT FOUND !! WILL TRY TO LOOK FOR +/- MODES !!
XSEC FOUND FOR: C2+N1
XSEC FOUND FOR: C2-N1
!! EWK PROCESS C2N2 NOT FOUND !! WILL TRY TO LOOK FOR +/- MODES !!
XSEC FOUND FOR: C2+N2
XSEC FOUND FOR: C2-N2
!! EWK PROCESS C2N3 NOT FOUND !! WILL TRY TO LOOK FOR +/- MODES !!
XSEC FOUND FOR: C2+N3
XSEC FOUND FOR: C2-N3
!! EWK PROCESS C2N4 NOT FOUND !! WILL TRY TO LOOK FOR +/- MODES !!
XSEC FOUND FOR: C2+N4
XSEC FOUND FOR: C2-N4
---------------  Output inclusive processes  ---------------
The total xsec = 11144.32 [fb]
The total rate = 100.00%
Output upto 0.10%
                  Modes : xsec/fb      (rate)
            C1wN1_N2hN1 : 3265.7392486 (29.30)%
            C1wN1_C1wN1 : 1774.3005046 (15.92)%
            C1wN1_N2zN1 : 436.2465277 (3.91)%
        QqC1wN1_QqC1wN1 : 306.3522860 (2.75)%
        QqC1wN1_QqN2hN1 : 272.0885188 (2.44)%
     GtT1bC1wN1_QqC1wN1 : 67.7044563 (0.61)%
        QqN2hN1_QqN2hN1 : 60.4142400 (0.54)%
  GtT1tN3wC1wN1_QqC1wN1 : 59.6607582 (0.54)%
   QqC1wN1_QqGtT1bC1wN1 : 52.9304287 (0.47)%
      C2hC1wN1_N4wC1wN1 : 51.7986161 (0.46)%
      C2hC1wN1_N3wC1wN1 : 51.7834301 (0.46)%
      C2zC1wN1_N4wC1wN1 : 46.9165354 (0.42)%
      C2zC1wN1_N3wC1wN1 : 46.9027807 (0.42)%
QqC1wN1_QqGtT1tN3wC1wN1 : 46.6419742 (0.42)%
      N3wC1wN1_N4wC1wN1 : 43.7623395 (0.39)%
      C2wN2hN1_N4wC1wN1 : 42.4039922 (0.38)%
      C2wN2hN1_N3wC1wN1 : 42.3915605 (0.38)%
  GtT1bC2hC1wN1_QqC1wN1 : 40.3787624 (0.36)%
                  N1_N1 : 39.7720648 (0.36)%
  GtT1bC2zC1wN1_QqC1wN1 : 36.5730164 (0.33)%
        QqC1wN1_QqN2zN1 : 36.3463408 (0.33)%
     GbB1tC1wN1_QqC1wN1 : 35.5305302 (0.32)%
  GtT1bC2wN2hN1_QqC1wN1 : 33.0553372 (0.30)%
QqC1wN1_QqGtT1bC2hC1wN1 : 31.5675706 (0.28)%
     GtT1bC1wN1_QqN2hN1 : 30.0660483 (0.27)%
  GtT1tN4wC1wN1_QqC1wN1 : 28.7230794 (0.26)%
QqC1wN1_QqGtT1bC2zC1wN1 : 28.5922898 (0.26)%
      C2hC1wN1_C2zC1wN1 : 28.5639820 (0.26)%
  GbB1tC2hC1wN1_QqC1wN1 : 27.9750439 (0.25)%
   QqC1wN1_QqGbB1tC1wN1 : 27.7772882 (0.25)%
     GtT1tN2hN1_QqC1wN1 : 27.5425953 (0.25)%
         C2wN1_N4wC1wN1 : 26.6209986 (0.24)%
         C2wN1_N3wC1wN1 : 26.6131940 (0.24)%
  GtT1tN3wC1wN1_QqN2hN1 : 26.4940202 (0.24)%
QqC1wN1_QqGtT1bC2wN2hN1 : 25.8422158 (0.23)%
      C2hC1wN1_C2wN2hN1 : 25.8166307 (0.23)%
  GbB1tC2zC1wN1_QqC1wN1 : 25.3383630 (0.23)%
  GtT1tN3zN2hN1_QqC1wN1 : 24.7470865 (0.22)%
            N2hN1_N2hN1 : 24.2821196 (0.22)%
      C2hC1wN1_N4hN2hN1 : 24.1373201 (0.22)%
   QqGtT1bC1wN1_QqN2hN1 : 23.5052301 (0.21)%
      C2wN2hN1_C2zC1wN1 : 23.3833828 (0.21)%
  GbB1tC2wN2hN1_QqC1wN1 : 22.9012594 (0.21)%
QqC1wN1_QqGtT1tN4wC1wN1 : 22.4553152 (0.20)%
QqC1wN1_QqGbB1tC2hC1wN1 : 21.8705111 (0.20)%
      C2zC1wN1_N4hN2hN1 : 21.8623492 (0.20)%
   QqC1wN1_QqGtT1tN2hN1 : 21.5324286 (0.19)%
      C2hC1wN1_N3zN2hN1 : 21.4795968 (0.19)%
     GtT1bC2wN1_QqC1wN1 : 20.7519632 (0.19)%
QqGtT1tN3wC1wN1_QqN2hN1 : 20.7126668 (0.19)%
      N3wC1wN1_N4hN2hN1 : 20.3925447 (0.18)%
QqC1wN1_QqGbB1tC2zC1wN1 : 19.8091896 (0.18)%
      C2wN2hN1_N4hN2hN1 : 19.7595768 (0.18)%
      C2zC1wN1_N3zN2hN1 : 19.4551194 (0.17)%
QqC1wN1_QqGtT1tN3zN2hN1 : 19.3469377 (0.17)%
      N3zN2hN1_N4wC1wN1 : 18.1524747 (0.16)%
  GtT1bC2hC1wN1_QqN2hN1 : 17.9313133 (0.16)%
QqC1wN1_QqGbB1tC2wN2hN1 : 17.9038950 (0.16)%
      C2wN2hN1_N3zN2hN1 : 17.5838801 (0.16)%
  GbB1bN3wC1wN1_QqC1wN1 : 17.2676050 (0.15)%
     GbB1bN2hN1_QqC1wN1 : 16.9963032 (0.15)%
  GtT1bC2zC1wN1_QqN2hN1 : 16.2412659 (0.15)%
   QqC1wN1_QqGtT1bC2wN1 : 16.2236043 (0.15)%
         C2hC1wN1_C2wN1 : 16.2075422 (0.15)%
        QqN2hN1_QqN2zN1 : 16.1406043 (0.14)%
     GtT1tN3zN1_QqC1wN1 : 15.9891323 (0.14)%
     GbB1tC1wN1_QqN2hN1 : 15.7783209 (0.14)%
      C2hC1wN1_C2hC1wN1 : 15.7681586 (0.14)%
  GbB2tC2hC1wN1_QqC1wN1 : 14.9653226 (0.13)%
         C2wN1_C2zC1wN1 : 14.6799622 (0.13)%
  GtT1bC2wN2hN1_QqN2hN1 : 14.6791425 (0.13)%
  GbB1bN4wC1wN1_QqC1wN1 : 14.4308495 (0.13)%
     GbB1tC2wN1_QqC1wN1 : 14.3772877 (0.13)%
QqGtT1bC2hC1wN1_QqN2hN1 : 14.0184583 (0.13)%
           QqC1wN1_QqN1 : 14.0090246 (0.13)%
         C2hC1wN1_N3zN1 : 13.8780019 (0.12)%
         C1wN1_N3wC1wN1 : 13.8746313 (0.12)%
  GbB2tC2zC1wN1_QqC1wN1 : 13.5548232 (0.12)%
QqC1wN1_QqGbB1bN3wC1wN1 : 13.4995801 (0.12)%
  GtT1tN4hN2hN1_QqC1wN1 : 13.3844920 (0.12)%
   QqC1wN1_QqGbB1bN2hN1 : 13.2874801 (0.12)%
         C2wN1_C2wN2hN1 : 13.2680087 (0.12)%
      C2zC1wN1_C2zC1wN1 : 12.9358965 (0.12)%
  GtT1tN4wC1wN1_QqN2hN1 : 12.7552829 (0.11)%
QqGtT1bC2zC1wN1_QqN2hN1 : 12.6972021 (0.11)%
               C1wN1_N1 : 12.6032791 (0.11)%
         C2zC1wN1_N3zN1 : 12.5699838 (0.11)%
         C2hC1wN1_N4hN1 : 12.5220341 (0.11)%
   QqC1wN1_QqGtT1tN3zN1 : 12.5000875 (0.11)%
        GtT1tN1_QqC1wN1 : 12.4820159 (0.11)%
  GbB1tC2hC1wN1_QqN2hN1 : 12.4230969 (0.11)%
         C2wN1_N4hN2hN1 : 12.4049562 (0.11)%
   QqGbB1tC1wN1_QqN2hN1 : 12.3352779 (0.11)%
  GbB2tC2wN2hN1_QqC1wN1 : 12.2510883 (0.11)%
     GtT1tN2hN1_QqN2hN1 : 12.2310560 (0.11)%
         N3zN1_N4wC1wN1 : 11.7283430 (0.11)%
QqC1wN1_QqGbB2tC2hC1wN1 : 11.6996869 (0.10)%
QqGtT1bC2wN2hN1_QqN2hN1 : 11.4759552 (0.10)%
         C2wN2hN1_N3zN1 : 11.3609731 (0.10)%
         C2zC1wN1_N4hN1 : 11.3418176 (0.10)%
QqC1wN1_QqGbB1bN4wC1wN1 : 11.2818430 (0.10)%
  GbB1tC2zC1wN1_QqN2hN1 : 11.2522053 (0.10)%
   QqC1wN1_QqGbB1tC2wN1 : 11.2399691 (0.10)%
         C2wN1_N3zN2hN1 : 11.0390655 (0.10)%
------------------------------------------------------------
                                      SUM=74.92%

SHOWING PROCESSES TO GET 90.00% SUSY COVERAGE
---------------  Output inclusive processes  ---------------
The total xsec = 11144.32 [fb]
The total rate = 100.00%
                          Modes : xsec/fb      (rate)
                    C1wN1_N2hN1 : 3265.7392486 (29.30)%
                    C1wN1_C1wN1 : 1774.3005046 (15.92)%
                    C1wN1_N2zN1 : 436.2465277 (3.91)%
                QqC1wN1_QqC1wN1 : 306.3522860 (2.75)%
                QqC1wN1_QqN2hN1 : 272.0885188 (2.44)%
             GtT1bC1wN1_QqC1wN1 : 67.7044563 (0.61)%
                QqN2hN1_QqN2hN1 : 60.4142400 (0.54)%
          GtT1tN3wC1wN1_QqC1wN1 : 59.6607582 (0.54)%
           QqC1wN1_QqGtT1bC1wN1 : 52.9304287 (0.47)%
              C2hC1wN1_N4wC1wN1 : 51.7986161 (0.46)%
              C2hC1wN1_N3wC1wN1 : 51.7834301 (0.46)%
              C2zC1wN1_N4wC1wN1 : 46.9165354 (0.42)%
              C2zC1wN1_N3wC1wN1 : 46.9027807 (0.42)%
        QqC1wN1_QqGtT1tN3wC1wN1 : 46.6419742 (0.42)%
              N3wC1wN1_N4wC1wN1 : 43.7623395 (0.39)%
              C2wN2hN1_N4wC1wN1 : 42.4039922 (0.38)%
              C2wN2hN1_N3wC1wN1 : 42.3915605 (0.38)%
          GtT1bC2hC1wN1_QqC1wN1 : 40.3787624 (0.36)%
                          N1_N1 : 39.7720648 (0.36)%
          GtT1bC2zC1wN1_QqC1wN1 : 36.5730164 (0.33)%
                QqC1wN1_QqN2zN1 : 36.3463408 (0.33)%
             GbB1tC1wN1_QqC1wN1 : 35.5305302 (0.32)%
          GtT1bC2wN2hN1_QqC1wN1 : 33.0553372 (0.30)%
        QqC1wN1_QqGtT1bC2hC1wN1 : 31.5675706 (0.28)%
             GtT1bC1wN1_QqN2hN1 : 30.0660483 (0.27)%
          GtT1tN4wC1wN1_QqC1wN1 : 28.7230794 (0.26)%
        QqC1wN1_QqGtT1bC2zC1wN1 : 28.5922898 (0.26)%
              C2hC1wN1_C2zC1wN1 : 28.5639820 (0.26)%
          GbB1tC2hC1wN1_QqC1wN1 : 27.9750439 (0.25)%
           QqC1wN1_QqGbB1tC1wN1 : 27.7772882 (0.25)%
             GtT1tN2hN1_QqC1wN1 : 27.5425953 (0.25)%
                 C2wN1_N4wC1wN1 : 26.6209986 (0.24)%
                 C2wN1_N3wC1wN1 : 26.6131940 (0.24)%
          GtT1tN3wC1wN1_QqN2hN1 : 26.4940202 (0.24)%
        QqC1wN1_QqGtT1bC2wN2hN1 : 25.8422158 (0.23)%
              C2hC1wN1_C2wN2hN1 : 25.8166307 (0.23)%
          GbB1tC2zC1wN1_QqC1wN1 : 25.3383630 (0.23)%
          GtT1tN3zN2hN1_QqC1wN1 : 24.7470865 (0.22)%
                    N2hN1_N2hN1 : 24.2821196 (0.22)%
              C2hC1wN1_N4hN2hN1 : 24.1373201 (0.22)%
           QqGtT1bC1wN1_QqN2hN1 : 23.5052301 (0.21)%
              C2wN2hN1_C2zC1wN1 : 23.3833828 (0.21)%
          GbB1tC2wN2hN1_QqC1wN1 : 22.9012594 (0.21)%
        QqC1wN1_QqGtT1tN4wC1wN1 : 22.4553152 (0.20)%
        QqC1wN1_QqGbB1tC2hC1wN1 : 21.8705111 (0.20)%
              C2zC1wN1_N4hN2hN1 : 21.8623492 (0.20)%
           QqC1wN1_QqGtT1tN2hN1 : 21.5324286 (0.19)%
              C2hC1wN1_N3zN2hN1 : 21.4795968 (0.19)%
             GtT1bC2wN1_QqC1wN1 : 20.7519632 (0.19)%
        QqGtT1tN3wC1wN1_QqN2hN1 : 20.7126668 (0.19)%
              N3wC1wN1_N4hN2hN1 : 20.3925447 (0.18)%
        QqC1wN1_QqGbB1tC2zC1wN1 : 19.8091896 (0.18)%
              C2wN2hN1_N4hN2hN1 : 19.7595768 (0.18)%
              C2zC1wN1_N3zN2hN1 : 19.4551194 (0.17)%
        QqC1wN1_QqGtT1tN3zN2hN1 : 19.3469377 (0.17)%
              N3zN2hN1_N4wC1wN1 : 18.1524747 (0.16)%
          GtT1bC2hC1wN1_QqN2hN1 : 17.9313133 (0.16)%
        QqC1wN1_QqGbB1tC2wN2hN1 : 17.9038950 (0.16)%
              C2wN2hN1_N3zN2hN1 : 17.5838801 (0.16)%
          GbB1bN3wC1wN1_QqC1wN1 : 17.2676050 (0.15)%
             GbB1bN2hN1_QqC1wN1 : 16.9963032 (0.15)%
          GtT1bC2zC1wN1_QqN2hN1 : 16.2412659 (0.15)%
           QqC1wN1_QqGtT1bC2wN1 : 16.2236043 (0.15)%
                 C2hC1wN1_C2wN1 : 16.2075422 (0.15)%
                QqN2hN1_QqN2zN1 : 16.1406043 (0.14)%
             GtT1tN3zN1_QqC1wN1 : 15.9891323 (0.14)%
             GbB1tC1wN1_QqN2hN1 : 15.7783209 (0.14)%
              C2hC1wN1_C2hC1wN1 : 15.7681586 (0.14)%
          GbB2tC2hC1wN1_QqC1wN1 : 14.9653226 (0.13)%
                 C2wN1_C2zC1wN1 : 14.6799622 (0.13)%
          GtT1bC2wN2hN1_QqN2hN1 : 14.6791425 (0.13)%
          GbB1bN4wC1wN1_QqC1wN1 : 14.4308495 (0.13)%
             GbB1tC2wN1_QqC1wN1 : 14.3772877 (0.13)%
        QqGtT1bC2hC1wN1_QqN2hN1 : 14.0184583 (0.13)%
                   QqC1wN1_QqN1 : 14.0090246 (0.13)%
                 C2hC1wN1_N3zN1 : 13.8780019 (0.12)%
                 C1wN1_N3wC1wN1 : 13.8746313 (0.12)%
          GbB2tC2zC1wN1_QqC1wN1 : 13.5548232 (0.12)%
        QqC1wN1_QqGbB1bN3wC1wN1 : 13.4995801 (0.12)%
          GtT1tN4hN2hN1_QqC1wN1 : 13.3844920 (0.12)%
           QqC1wN1_QqGbB1bN2hN1 : 13.2874801 (0.12)%
                 C2wN1_C2wN2hN1 : 13.2680087 (0.12)%
              C2zC1wN1_C2zC1wN1 : 12.9358965 (0.12)%
          GtT1tN4wC1wN1_QqN2hN1 : 12.7552829 (0.11)%
        QqGtT1bC2zC1wN1_QqN2hN1 : 12.6972021 (0.11)%
                       C1wN1_N1 : 12.6032791 (0.11)%
                 C2zC1wN1_N3zN1 : 12.5699838 (0.11)%
                 C2hC1wN1_N4hN1 : 12.5220341 (0.11)%
           QqC1wN1_QqGtT1tN3zN1 : 12.5000875 (0.11)%
                GtT1tN1_QqC1wN1 : 12.4820159 (0.11)%
          GbB1tC2hC1wN1_QqN2hN1 : 12.4230969 (0.11)%
                 C2wN1_N4hN2hN1 : 12.4049562 (0.11)%
           QqGbB1tC1wN1_QqN2hN1 : 12.3352779 (0.11)%
          GbB2tC2wN2hN1_QqC1wN1 : 12.2510883 (0.11)%
             GtT1tN2hN1_QqN2hN1 : 12.2310560 (0.11)%
                 N3zN1_N4wC1wN1 : 11.7283430 (0.11)%
        QqC1wN1_QqGbB2tC2hC1wN1 : 11.6996869 (0.10)%
        QqGtT1bC2wN2hN1_QqN2hN1 : 11.4759552 (0.10)%
                 C2wN2hN1_N3zN1 : 11.3609731 (0.10)%
                 C2zC1wN1_N4hN1 : 11.3418176 (0.10)%
        QqC1wN1_QqGbB1bN4wC1wN1 : 11.2818430 (0.10)%
          GbB1tC2zC1wN1_QqN2hN1 : 11.2522053 (0.10)%
           QqC1wN1_QqGbB1tC2wN1 : 11.2399691 (0.10)%
                 C2wN1_N3zN2hN1 : 11.0390655 (0.10)%
          GtT1tN3zN2hN1_QqN2hN1 : 10.9896326 (0.10)%
          GtT2tN4wC1wN1_QqC1wN1 : 10.8042666 (0.10)%
        QqC1wN1_QqGbB2tC2zC1wN1 : 10.5969776 (0.10)%
                 N3wC1wN1_N4hN1 : 10.5793079 (0.09)%
              C2wN2hN1_C2wN2hN1 : 10.5671569 (0.09)%
        QqC1wN1_QqGtT1tN4hN2hN1 : 10.4638149 (0.09)%
          GbB2bN4wC1wN1_QqC1wN1 : 10.3584091 (0.09)%
                 C2wN2hN1_N4hN1 : 10.2509348 (0.09)%
          GbB1tC2wN2hN1_QqN2hN1 : 10.1699416 (0.09)%
          GbB2bN3wC1wN1_QqC1wN1 : 10.1663868 (0.09)%
        QqGtT1tN4wC1wN1_QqN2hN1 : 9.9719077 (0.09)%
              QqC1wN1_QqGtT1tN1 : 9.7582713 (0.09)%
        QqGbB1tC2hC1wN1_QqN2hN1 : 9.7122092 (0.09)%
        QqC1wN1_QqGbB2tC2wN2hN1 : 9.5777352 (0.09)%
           QqGtT1tN2hN1_QqN2hN1 : 9.5620743 (0.09)%
             GtT1bC2wN1_QqN2hN1 : 9.2154869 (0.08)%
        QqGbB1tC2zC1wN1_QqN2hN1 : 8.7968220 (0.08)%
        QqGtT1tN3zN2hN1_QqN2hN1 : 8.5915462 (0.08)%
              N3zN2hN1_N4hN2hN1 : 8.4587606 (0.08)%
        QqC1wN1_QqGtT2tN4wC1wN1 : 8.4466296 (0.08)%
        QqC1wN1_QqGbB2bN4wC1wN1 : 8.0980642 (0.07)%
        QqGbB1tC2wN2hN1_QqN2hN1 : 7.9507229 (0.07)%
        QqC1wN1_QqGbB2bN3wC1wN1 : 7.9479437 (0.07)%
             GbB2tC2wN1_QqC1wN1 : 7.6911675 (0.07)%
          GbB1bN3wC1wN1_QqN2hN1 : 7.6681606 (0.07)%
             GbB1bN2hN1_QqN2hN1 : 7.5476815 (0.07)%
          GtT2tN3wC1wN1_QqC1wN1 : 7.2119208 (0.06)%
             QqC1wN1_QqC2hC1wN1 : 7.2099483 (0.06)%
           QqGtT1bC2wN1_QqN2hN1 : 7.2045431 (0.06)%
          GbB1bN3zN2hN1_QqC1wN1 : 7.1625458 (0.06)%
                    C2wN1_N3zN1 : 7.1323579 (0.06)%
             GtT1tN3zN1_QqN2hN1 : 7.1004192 (0.06)%
             GtT1tN4hN1_QqC1wN1 : 6.9436484 (0.06)%
          GbB1bN4hN2hN1_QqC1wN1 : 6.7245432 (0.06)%
          GbB2tC2hC1wN1_QqN2hN1 : 6.6457680 (0.06)%
          GtT2bC2hC1wN1_QqC1wN1 : 6.5828723 (0.06)%
             QqC1wN1_QqC2zC1wN1 : 6.5304022 (0.06)%
                    N2hN1_N2zN1 : 6.4873461 (0.06)%
                    C2wN1_N4hN1 : 6.4354818 (0.06)%
          GbB1bN4wC1wN1_QqN2hN1 : 6.4084204 (0.06)%
             GbB1tC2wN1_QqN2hN1 : 6.3846348 (0.06)%
                   QqN1_QqN2hN1 : 6.2210973 (0.06)%
          GbB2tC2zC1wN1_QqN2hN1 : 6.0193965 (0.05)%
           QqC1wN1_QqGbB2tC2wN1 : 6.0128508 (0.05)%
        QqGbB1bN3wC1wN1_QqN2hN1 : 5.9948643 (0.05)%
          GtT2bC2zC1wN1_QqC1wN1 : 5.9624289 (0.05)%
          GtT1tN4hN2hN1_QqN2hN1 : 5.9437562 (0.05)%
             QqC1wN1_QqC2wN2hN1 : 5.9022927 (0.05)%
           QqGbB1bN2hN1_QqN2hN1 : 5.9006754 (0.05)%
        GtT1bC1wN1_QqGtT1bC1wN1 : 5.8488643 (0.05)%
                 C1wN1_N3zN2hN1 : 5.7551515 (0.05)%
                 N2hN1_N3wC1wN1 : 5.7070530 (0.05)%
              C2wN2zN1_N4wC1wN1 : 5.6644432 (0.05)%
              C2wN2zN1_N3wC1wN1 : 5.6627825 (0.05)%
        QqC1wN1_QqGtT2tN3wC1wN1 : 5.6381822 (0.05)%
        QqC1wN1_QqGbB1bN3zN2hN1 : 5.5995815 (0.05)%
           QqGtT1tN3zN1_QqN2hN1 : 5.5510118 (0.05)%
                GtT1tN1_QqN2hN1 : 5.5429866 (0.05)%
                 N3zN1_N4hN2hN1 : 5.4652188 (0.05)%
          GbB2tC2wN2hN1_QqN2hN1 : 5.4404368 (0.05)%
           QqC1wN1_QqGtT1tN4hN1 : 5.4284505 (0.05)%
          GtT2bC2wN2hN1_QqC1wN1 : 5.3889484 (0.05)%
           T1bC1wN1_T1tN3wC1wN1 : 5.3213968 (0.05)%
        QqC1wN1_QqGbB1bN4hN2hN1 : 5.2571570 (0.05)%
             QqC1wN1_QqN4wC1wN1 : 5.2426717 (0.05)%
        QqGbB2tC2hC1wN1_QqN2hN1 : 5.1955716 (0.05)%
     GtT1tN3wC1wN1_QqGtT1bC1wN1 : 5.1539839 (0.05)%
     GtT1bC1wN1_QqGtT1tN3wC1wN1 : 5.1539839 (0.05)%
        QqC1wN1_QqGtT2bC2hC1wN1 : 5.1464006 (0.05)%
          GtT2tN4hN2hN1_QqC1wN1 : 5.0346141 (0.05)%
        QqGbB1bN4wC1wN1_QqN2hN1 : 5.0100164 (0.04)%
           QqGbB1tC2wN1_QqN2hN1 : 4.9914211 (0.04)%
          GbB2bN4hN2hN1_QqC1wN1 : 4.8268516 (0.04)%
          GtT2tN4wC1wN1_QqN2hN1 : 4.7979353 (0.04)%
        QqGbB2tC2zC1wN1_QqN2hN1 : 4.7058828 (0.04)%
       GtT1bC1wN1_GtT1tN3wC1wN1 : 4.6620425 (0.04)%
        QqC1wN1_QqGtT2bC2zC1wN1 : 4.6613463 (0.04)%
        QqGtT1tN4hN2hN1_QqN2hN1 : 4.6467482 (0.04)%
             GbB1bN3zN1_QqC1wN1 : 4.6277323 (0.04)%
          GbB2bN4wC1wN1_QqN2hN1 : 4.5999399 (0.04)%
  GtT1tN3wC1wN1_QqGtT1tN3wC1wN1 : 4.5416595 (0.04)%
          GbB2bN3wC1wN1_QqN2hN1 : 4.5146670 (0.04)%
          GtT1bC2wN2zN1_QqC1wN1 : 4.4156238 (0.04)%
                 N3zN2hN1_N4hN1 : 4.3882622 (0.04)%
              QqGtT1tN1_QqN2hN1 : 4.3334320 (0.04)%
        QqGbB2tC2wN2hN1_QqN2hN1 : 4.2532599 (0.04)%
          GbB2bN3zN2hN1_QqC1wN1 : 4.2169838 (0.04)%
        QqC1wN1_QqGtT2bC2wN2hN1 : 4.2130070 (0.04)%
                    C2wN1_C2wN1 : 4.1647923 (0.04)%
                       N1_N2hN1 : 4.1214737 (0.04)%
   QqGtT1bC1wN1_QqGtT1tN3wC1wN1 : 4.0293149 (0.04)%
             GtT1bC1wN1_QqN2zN1 : 4.0163063 (0.04)%
        QqC1wN1_QqGtT2tN4hN2hN1 : 3.9359932 (0.04)%
        QqC1wN1_QqGbB2bN4hN2hN1 : 3.7735674 (0.03)%
        QqGtT2tN4wC1wN1_QqN2hN1 : 3.7509610 (0.03)%
                    C1wN1_N3zN1 : 3.7184126 (0.03)%
                QqC1wN1_QqC2wN1 : 3.7054276 (0.03)%
             GtT1tN2zN1_QqC1wN1 : 3.6792164 (0.03)%
           QqC1wN1_QqGbB1bN3zN1 : 3.6178986 (0.03)%
           T1bC1wN1_T1bC2hC1wN1 : 3.6015536 (0.03)%
        QqGbB2bN4wC1wN1_QqN2hN1 : 3.5961708 (0.03)%
          GtT1tN3wC1wN1_QqN2zN1 : 3.5391449 (0.03)%
        QqGbB2bN3wC1wN1_QqN2hN1 : 3.5295056 (0.03)%
             GbB1bN4hN1_QqC1wN1 : 3.4885795 (0.03)%
     GtT1bC2hC1wN1_QqGtT1bC1wN1 : 3.4882475 (0.03)%
     GtT1bC1wN1_QqGtT1bC2hC1wN1 : 3.4882475 (0.03)%
        QqC1wN1_QqGtT1bC2wN2zN1 : 3.4520750 (0.03)%
              C2hC1wN1_C2wN2zN1 : 3.4486573 (0.03)%
                GbB1bN1_QqC1wN1 : 3.4458125 (0.03)%
             GbB2tC2wN1_QqN2hN1 : 3.4154770 (0.03)%
             GtT2bC2wN1_QqC1wN1 : 3.3831528 (0.03)%
             GtT1tN3hN1_QqC1wN1 : 3.3586911 (0.03)%
          GtT1tN3zN2zN1_QqC1wN1 : 3.3057846 (0.03)%
        QqC1wN1_QqGbB2bN3zN2hN1 : 3.2967810 (0.03)%
           T1bC1wN1_T1bC2zC1wN1 : 3.2621029 (0.03)%
              C2hC1wN1_N4hN2zN1 : 3.2243303 (0.03)%
          GtT2tN3wC1wN1_QqN2hN1 : 3.2026542 (0.03)%
             QqC2hC1wN1_QqN2hN1 : 3.2017782 (0.03)%
          GbB1bN3zN2hN1_QqN2hN1 : 3.1807278 (0.03)%
        T1bC2hC1wN1_T1tN3wC1wN1 : 3.1736672 (0.03)%
     GtT1bC1wN1_QqGtT1bC2zC1wN1 : 3.1594761 (0.03)%
     GtT1bC2zC1wN1_QqGtT1bC1wN1 : 3.1594761 (0.03)%
       GtT1bC1wN1_GtT1bC2hC1wN1 : 3.1552986 (0.03)%
           QqGtT1bC1wN1_QqN2zN1 : 3.1398940 (0.03)%
              C2wN2zN1_C2zC1wN1 : 3.1236173 (0.03)%
             GtT1tN4hN1_QqN2hN1 : 3.0835204 (0.03)%
  GtT1tN3wC1wN1_QqGtT1bC2hC1wN1 : 3.0738227 (0.03)%
  GtT1bC2hC1wN1_QqGtT1tN3wC1wN1 : 3.0738227 (0.03)%
        GbB1tC1wN1_QqGtT1bC1wN1 : 3.0694176 (0.03)%
        GtT1bC1wN1_QqGbB1tC1wN1 : 3.0694176 (0.03)%
          GbB1tC2wN2zN1_QqC1wN1 : 3.0592139 (0.03)%
              T1bC1wN1_T1bC1wN1 : 3.0194242 (0.03)%
          GtT2tN3zN2hN1_QqC1wN1 : 2.9914811 (0.03)%
          GbB1bN4hN2hN1_QqN2hN1 : 2.9862206 (0.03)%
           T1bC1wN1_T1bC2wN2hN1 : 2.9483461 (0.03)%
          GtT2bC2hC1wN1_QqN2hN1 : 2.9233077 (0.03)%
              C2zC1wN1_N4hN2zN1 : 2.9204334 (0.03)%
                 C2hC1wN1_N3hN1 : 2.9152252 (0.03)%
             QqC2zC1wN1_QqN2hN1 : 2.9000068 (0.03)%
           QqC1wN1_QqGtT1tN2zN1 : 2.8763617 (0.03)%
        T1bC2zC1wN1_T1tN3wC1wN1 : 2.8745454 (0.03)%
              C2hC1wN1_N3zN2zN1 : 2.8693042 (0.03)%
       GtT1bC1wN1_GtT1bC2zC1wN1 : 2.8579080 (0.03)%
     GtT1bC2wN2hN1_QqGtT1bC1wN1 : 2.8555902 (0.03)%
     GtT1bC1wN1_QqGtT1bC2wN2hN1 : 2.8555902 (0.03)%
                    N3zN1_N4hN1 : 2.8352632 (0.03)%
              C2wN2hN1_C2wN2zN1 : 2.8231804 (0.03)%
  GtT1tN3wC1wN1_QqGtT1bC2zC1wN1 : 2.7841112 (0.02)%
  GtT1bC2zC1wN1_QqGtT1tN3wC1wN1 : 2.7841112 (0.02)%
    GtT1bC2hC1wN1_GtT1tN3wC1wN1 : 2.7804301 (0.02)%
          GbB1tC1wN1_GtT1bC1wN1 : 2.7764455 (0.02)%
                 C2hC1wN1_N4zN1 : 2.7672930 (0.02)%
        QqGtT1tN3wC1wN1_QqN2zN1 : 2.7668556 (0.02)%
           QqC1wN1_QqGbB1bN4hN1 : 2.7273243 (0.02)%
   QqGtT1bC1wN1_QqGtT1bC2hC1wN1 : 2.7270648 (0.02)%
             GbB2bN3zN1_QqC1wN1 : 2.7246000 (0.02)%
              N3wC1wN1_N4hN2zN1 : 2.7240928 (0.02)%
     GbB1tC1wN1_QqGtT1tN3wC1wN1 : 2.7047523 (0.02)%
     GtT1tN3wC1wN1_QqGbB1tC1wN1 : 2.7047523 (0.02)%
              QqC1wN1_QqGbB1bN1 : 2.6938896 (0.02)%
           QqGbB2tC2wN1_QqN2hN1 : 2.6701737 (0.02)%
          GtT2bC2zC1wN1_QqN2hN1 : 2.6477825 (0.02)%
          GtT1bC1wN1_GtT1bC1wN1 : 2.6452987 (0.02)%
           QqC1wN1_QqGtT2bC2wN1 : 2.6449032 (0.02)%
                 C2zC1wN1_N3hN1 : 2.6404618 (0.02)%
              C2wN2zN1_N4hN2hN1 : 2.6395392 (0.02)%
              C2wN2hN1_N4hN2zN1 : 2.6395392 (0.02)%
           QqC1wN1_QqGtT1tN3hN1 : 2.6257793 (0.02)%
             QqC2wN2hN1_QqN2hN1 : 2.6210773 (0.02)%
             GtT2tN4hN1_QqC1wN1 : 2.6118728 (0.02)%
              C2zC1wN1_N3zN2zN1 : 2.5988689 (0.02)%
        T1bC2wN2hN1_T1tN3wC1wN1 : 2.5980648 (0.02)%
        QqC1wN1_QqGtT1tN3zN2zN1 : 2.5844177 (0.02)%
       GtT1bC1wN1_GtT1bC2wN2hN1 : 2.5830276 (0.02)%
           T1bC1wN1_T1tN4wC1wN1 : 2.5619336 (0.02)%
    GtT1bC2zC1wN1_GtT1tN3wC1wN1 : 2.5183712 (0.02)%
  GtT1bC2wN2hN1_QqGtT1tN3wC1wN1 : 2.5163288 (0.02)%
  GtT1tN3wC1wN1_QqGtT1bC2wN2hN1 : 2.5163288 (0.02)%
                 C2zC1wN1_N4zN1 : 2.5064724 (0.02)%
             GbB2bN4hN1_QqC1wN1 : 2.5040891 (0.02)%
        QqGtT2tN3wC1wN1_QqN2hN1 : 2.5037917 (0.02)%
        QqGbB1bN3zN2hN1_QqN2hN1 : 2.4866500 (0.02)%
     GtT1tN4wC1wN1_QqGtT1bC1wN1 : 2.4813344 (0.02)%
     GtT1bC1wN1_QqGtT1tN4wC1wN1 : 2.4813344 (0.02)%
   QqGtT1bC1wN1_QqGtT1bC2zC1wN1 : 2.4700357 (0.02)%
                 N3hN1_N4wC1wN1 : 2.4636660 (0.02)%
              T1bC1wN1_T1tN2hN1 : 2.4566412 (0.02)%
       GbB1tC1wN1_GtT1tN3wC1wN1 : 2.4465870 (0.02)%
             QqC1wN1_QqN4hN2hN1 : 2.4430005 (0.02)%
              N3zN2zN1_N4wC1wN1 : 2.4248580 (0.02)%
     GtT1bC1wN1_QqGbB1tC2hC1wN1 : 2.4167129 (0.02)%
     GbB1tC2hC1wN1_QqGtT1bC1wN1 : 2.4167129 (0.02)%
           QqGtT1tN4hN1_QqN2hN1 : 2.4106545 (0.02)%
QqGtT1bC2hC1wN1_QqGtT1tN3wC1wN1 : 2.4030730 (0.02)%
      QqGbB1tC1wN1_QqGtT1bC1wN1 : 2.3996292 (0.02)%
                 C1wN1_C2hC1wN1 : 2.3994821 (0.02)%
          GtT1bC2hC1wN1_QqN2zN1 : 2.3953147 (0.02)%
          GtT2bC2wN2hN1_QqN2hN1 : 2.3931125 (0.02)%
        QqC1wN1_QqGbB1tC2wN2zN1 : 2.3916521 (0.02)%
                 C2wN2hN1_N3hN1 : 2.3864960 (0.02)%
        GtT1tN2hN1_QqGtT1bC1wN1 : 2.3793545 (0.02)%
        GtT1bC1wN1_QqGtT1tN2hN1 : 2.3793545 (0.02)%
                 N2hN1_N3zN2hN1 : 2.3672668 (0.02)%
              C2wN2zN1_N3zN2hN1 : 2.3489036 (0.02)%
              C2wN2hN1_N3zN2zN1 : 2.3489036 (0.02)%
        T1tN3wC1wN1_T1tN3wC1wN1 : 2.3445914 (0.02)%
        QqC1wN1_QqGtT2tN3zN2hN1 : 2.3386995 (0.02)%
                 N3wC1wN1_N4zN1 : 2.3379624 (0.02)%
        QqGbB1bN4hN2hN1_QqN2hN1 : 2.3345869 (0.02)%
             QqN2hN1_QqN4wC1wN1 : 2.3281543 (0.02)%
      QqGtT1bC1wN1_QqGtT1bC1wN1 : 2.2862815 (0.02)%
        QqGtT2bC2hC1wN1_QqN2hN1 : 2.2854024 (0.02)%
    GtT1bC2wN2hN1_GtT1tN3wC1wN1 : 2.2761483 (0.02)%
             GbB1bN2zN1_QqC1wN1 : 2.2704134 (0.02)%
                 C2wN2hN1_N4zN1 : 2.2653939 (0.02)%
        T1tN3wC1wN1_T1tN4wC1wN1 : 2.2575604 (0.02)%
       GtT1bC1wN1_GtT1tN4wC1wN1 : 2.2444940 (0.02)%
          GtT2tN4hN2hN1_QqN2hN1 : 2.2357605 (0.02)%
   QqGtT1bC1wN1_QqGtT1bC2wN2hN1 : 2.2324618 (0.02)%
           T1bC1wN1_T1tN3zN2hN1 : 2.2072979 (0.02)%
     GbB1tC2zC1wN1_QqGtT1bC1wN1 : 2.1889349 (0.02)%
     GtT1bC1wN1_QqGbB1tC2zC1wN1 : 2.1889349 (0.02)%
  GtT1tN4wC1wN1_QqGtT1tN3wC1wN1 : 2.1865369 (0.02)%
  GtT1tN3wC1wN1_QqGtT1tN4wC1wN1 : 2.1865369 (0.02)%
       GbB1tC2hC1wN1_GtT1bC1wN1 : 2.1860407 (0.02)%
QqGtT1bC2zC1wN1_QqGtT1tN3wC1wN1 : 2.1765805 (0.02)%
                 C1wN1_C2zC1wN1 : 2.1733281 (0.02)%
          GtT1bC2zC1wN1_QqN2zN1 : 2.1695534 (0.02)%
           T1tN2hN1_T1tN3wC1wN1 : 2.1647774 (0.02)%
          GtT1bC1wN1_GtT1tN2hN1 : 2.1522480 (0.02)%
          GbB2bN4hN2hN1_QqN2hN1 : 2.1434978 (0.02)%
     GtT1bC1wN1_QqGtT1tN3zN2hN1 : 2.1378556 (0.02)%
     GtT1tN3zN2hN1_QqGtT1bC1wN1 : 2.1378556 (0.02)%
           QqC1wN1_QqGbB2bN3zN1 : 2.1300555 (0.02)%
  GtT1tN3wC1wN1_QqGbB1tC2hC1wN1 : 2.1295928 (0.02)%
  GbB1tC2hC1wN1_QqGtT1tN3wC1wN1 : 2.1295928 (0.02)%
   QqGbB1tC1wN1_QqGtT1tN3wC1wN1 : 2.1145387 (0.02)%
             GbB1tC1wN1_QqN2zN1 : 2.1077120 (0.02)%
     GtT1tN3wC1wN1_QqGtT1tN2hN1 : 2.0966728 (0.02)%
     GtT1tN2hN1_QqGtT1tN3wC1wN1 : 2.0966728 (0.02)%
  GtT1bC2hC1wN1_QqGtT1bC2hC1wN1 : 2.0803818 (0.02)%
        QqGtT2bC2zC1wN1_QqN2hN1 : 2.0700006 (0.02)%
             GbB1bN3zN1_QqN2hN1 : 2.0550734 (0.02)%
    GtT1tN3wC1wN1_GtT1tN3wC1wN1 : 2.0540818 (0.02)%
           QqC1wN1_QqGtT2tN4hN1 : 2.0419268 (0.02)%
       GbB1tC2zC1wN1_GtT1bC1wN1 : 1.9800037 (0.02)%
     GbB1tC2wN2hN1_QqGtT1bC1wN1 : 1.9783980 (0.02)%
     GtT1bC1wN1_QqGbB1tC2wN2hN1 : 1.9783980 (0.02)%
    GtT1tN3wC1wN1_GtT1tN4wC1wN1 : 1.9778346 (0.02)%
QqGtT1bC2wN2hN1_QqGtT1tN3wC1wN1 : 1.9672319 (0.02)%
                 C1wN1_C2wN2hN1 : 1.9642923 (0.02)%
          GtT1bC2wN2hN1_QqN2zN1 : 1.9608807 (0.02)%
          GtT1bC2wN2zN1_QqN2hN1 : 1.9608807 (0.02)%
           QqC1wN1_QqGbB2bN4hN1 : 1.9576630 (0.02)%
        T1bC2hC1wN1_T1bC2zC1wN1 : 1.9455097 (0.02)%
        T1tN3wC1wN1_T1tN3zN2hN1 : 1.9450576 (0.02)%
   QqGtT1bC1wN1_QqGtT1tN4wC1wN1 : 1.9398737 (0.02)%
       GtT1bC1wN1_GtT1tN3zN2hN1 : 1.9337999 (0.02)%
             GtT2tN3zN1_QqC1wN1 : 1.9328007 (0.02)%
  GbB1tC2zC1wN1_QqGtT1tN3wC1wN1 : 1.9288762 (0.02)%
  GtT1tN3wC1wN1_QqGbB1tC2zC1wN1 : 1.9288762 (0.02)%
    GbB1tC2hC1wN1_GtT1tN3wC1wN1 : 1.9263258 (0.02)%
       GtT1tN2hN1_GtT1tN3wC1wN1 : 1.8965480 (0.02)%
   QqGbB1tC2hC1wN1_QqGtT1bC1wN1 : 1.8893535 (0.02)%
  GtT1bC2zC1wN1_QqGtT1bC2hC1wN1 : 1.8843033 (0.02)%
  GtT1bC2hC1wN1_QqGtT1bC2zC1wN1 : 1.8843033 (0.02)%
  GtT1tN3wC1wN1_QqGtT1tN3zN2hN1 : 1.8838654 (0.02)%
  GtT1tN3zN2hN1_QqGtT1tN3wC1wN1 : 1.8838654 (0.02)%
                 C1wN1_N4wC1wN1 : 1.8776670 (0.02)%
          GbB2bN3zN2hN1_QqN2hN1 : 1.8726691 (0.02)%
        QqGtT1bC2hC1wN1_QqN2zN1 : 1.8726246 (0.02)%
        QqGtT2bC2wN2hN1_QqN2hN1 : 1.8709030 (0.02)%
      QqGtT1bC1wN1_QqGtT1tN2hN1 : 1.8601472 (0.02)%
              T1bC1wN1_T1bC2wN1 : 1.8509559 (0.02)%
     GbB1tC1wN1_QqGtT1bC2hC1wN1 : 1.8305927 (0.02)%
     GtT1bC2hC1wN1_QqGbB1tC1wN1 : 1.8305927 (0.02)%
                    C2hC1wN1_N1 : 1.7952955 (0.02)%
        GtT1bC2wN1_QqGtT1bC1wN1 : 1.7927242 (0.02)%
        GtT1bC1wN1_QqGtT1bC2wN1 : 1.7927242 (0.02)%
       GbB1tC2wN2hN1_GtT1bC1wN1 : 1.7895623 (0.02)%
          GtT1tN4hN2zN1_QqC1wN1 : 1.7879376 (0.02)%
QqGtT1tN3wC1wN1_QqGtT1tN3wC1wN1 : 1.7753040 (0.02)%
           QqC1wN1_QqGbB1bN2zN1 : 1.7749785 (0.02)%
                 C2wN1_C2wN2zN1 : 1.7723775 (0.02)%
        T1bC2hC1wN1_T1bC2wN2hN1 : 1.7583860 (0.02)%
        QqGtT2tN4hN2hN1_QqN2hN1 : 1.7478873 (0.02)%
    GbB1tC2zC1wN1_GtT1tN3wC1wN1 : 1.7447673 (0.02)%
  GtT1tN3wC1wN1_QqGbB1tC2wN2hN1 : 1.7433523 (0.02)%
  GbB1tC2wN2hN1_QqGtT1tN3wC1wN1 : 1.7433523 (0.02)%
   QqGbB1tC2zC1wN1_QqGtT1bC1wN1 : 1.7112797 (0.02)%
QqGtT1tN3wC1wN1_QqGtT1tN4wC1wN1 : 1.7094050 (0.02)%
  GtT1bC2zC1wN1_QqGtT1bC2zC1wN1 : 1.7067055 (0.02)%
    GtT1bC2hC1wN1_GtT1bC2zC1wN1 : 1.7044489 (0.02)%
    GtT1tN3wC1wN1_GtT1tN3zN2hN1 : 1.7040528 (0.02)%
          GtT1tN4wC1wN1_QqN2zN1 : 1.7038861 (0.02)%
  GtT1bC2wN2hN1_QqGtT1bC2hC1wN1 : 1.7030666 (0.02)%
  GtT1bC2hC1wN1_QqGtT1bC2wN2hN1 : 1.7030666 (0.02)%
        QqGtT1bC2zC1wN1_QqN2zN1 : 1.6961276 (0.02)%
        QqGbB2bN4hN2hN1_QqN2hN1 : 1.6757576 (0.02)%
   QqGtT1bC1wN1_QqGtT1tN3zN2hN1 : 1.6713466 (0.01)%
QqGbB1tC2hC1wN1_QqGtT1tN3wC1wN1 : 1.6648869 (0.01)%
          GbB1tC2hC1wN1_QqN2zN1 : 1.6595118 (0.01)%
     GbB1tC1wN1_QqGtT1bC2zC1wN1 : 1.6580572 (0.01)%
     GtT1bC2zC1wN1_QqGbB1tC1wN1 : 1.6580572 (0.01)%
                 C2wN1_N4hN2zN1 : 1.6570885 (0.01)%
       GbB1tC1wN1_GtT1bC2hC1wN1 : 1.6558649 (0.01)%
           QqGbB1tC1wN1_QqN2zN1 : 1.6477807 (0.01)%
                QqC2wN1_QqN2hN1 : 1.6454983 (0.01)%
   QqGtT1tN2hN1_QqGtT1tN3wC1wN1 : 1.6391505 (0.01)%
          GbB2tC2wN2zN1_QqC1wN1 : 1.6365344 (0.01)%
             GtT1tN2hN1_QqN2zN1 : 1.6338585 (0.01)%
             GtT1tN2zN1_QqN2hN1 : 1.6338585 (0.01)%
           T1bC2wN1_T1tN3wC1wN1 : 1.6310511 (0.01)%
                    C2zC1wN1_N1 : 1.6260867 (0.01)%
          GtT1bC1wN1_GtT1bC2wN1 : 1.6216109 (0.01)%
        GbB1tC1wN1_QqGbB1tC1wN1 : 1.6107955 (0.01)%
           QqGbB1bN3zN1_QqN2hN1 : 1.6066286 (0.01)%
        T1bC2wN2hN1_T1bC2zC1wN1 : 1.5926560 (0.01)%
     GtT1bC2wN1_QqGtT1tN3wC1wN1 : 1.5797377 (0.01)%
     GtT1tN3wC1wN1_QqGtT1bC2wN1 : 1.5797377 (0.01)%
    GbB1tC2wN2hN1_GtT1tN3wC1wN1 : 1.5769515 (0.01)%
             GbB1bN4hN1_QqN2hN1 : 1.5492008 (0.01)%
                GtT1bC1wN1_QqN1 : 1.5480110 (0.01)%
   QqGbB1tC2wN2hN1_QqGtT1bC1wN1 : 1.5466848 (0.01)%
  GtT1bC2wN2hN1_QqGtT1bC2zC1wN1 : 1.5425506 (0.01)%
  GtT1bC2zC1wN1_QqGtT1bC2wN2hN1 : 1.5425506 (0.01)%
    GtT1bC2hC1wN1_GtT1bC2wN2hN1 : 1.5405110 (0.01)%
             GtT1tN4zN1_QqC1wN1 : 1.5345039 (0.01)%
        QqGtT1bC2wN2hN1_QqN2zN1 : 1.5329900 (0.01)%
        QqGtT1bC2wN2zN1_QqN2hN1 : 1.5329900 (0.01)%
                GbB1bN1_QqN2hN1 : 1.5302089 (0.01)%
                    N2hN1_N3zN1 : 1.5294949 (0.01)%
        T1bC2hC1wN1_T1tN4wC1wN1 : 1.5279306 (0.01)%
                 C2wN2zN1_N3zN1 : 1.5176304 (0.01)%
           QqC1wN1_QqGtT2tN3zN1 : 1.5110375 (0.01)%
QqGbB1tC2zC1wN1_QqGtT1tN3wC1wN1 : 1.5079693 (0.01)%
          GbB1tC2zC1wN1_QqN2zN1 : 1.5031009 (0.01)%
             GtT2bC2wN1_QqN2hN1 : 1.5023832 (0.01)%
       GbB1tC1wN1_GtT1bC2zC1wN1 : 1.4997977 (0.01)%
     GbB1tC1wN1_QqGtT1bC2wN2hN1 : 1.4985813 (0.01)%
     GtT1bC2wN2hN1_QqGbB1tC1wN1 : 1.4985813 (0.01)%
                    C2wN1_N3hN1 : 1.4982293 (0.01)%
     GbB1bN3wC1wN1_QqGtT1bC1wN1 : 1.4917168 (0.01)%
     GtT1bC1wN1_QqGbB1bN3wC1wN1 : 1.4917168 (0.01)%
             GtT1tN3hN1_QqN2hN1 : 1.4915203 (0.01)%
                GtT2tN1_QqC1wN1 : 1.4857877 (0.01)%
  GtT1tN4wC1wN1_QqGtT1bC2hC1wN1 : 1.4798614 (0.01)%
  GtT1bC2hC1wN1_QqGtT1tN4wC1wN1 : 1.4798614 (0.01)%
                 C2wN1_N3zN2zN1 : 1.4746291 (0.01)%
QqGtT1bC2hC1wN1_QqGtT1bC2zC1wN1 : 1.4731229 (0.01)%
QqGtT1tN3wC1wN1_QqGtT1tN3zN2hN1 : 1.4727805 (0.01)%
                    C2wN2hN1_N1 : 1.4696859 (0.01)%
        GbB1bN2hN1_QqGtT1bC1wN1 : 1.4682796 (0.01)%
        GtT1bC1wN1_QqGbB1bN2hN1 : 1.4682796 (0.01)%
          GtT1tN3zN2zN1_QqN2hN1 : 1.4680257 (0.01)%
          GtT1tN3zN2hN1_QqN2zN1 : 1.4680257 (0.01)%
           T1bC2hC1wN1_T1tN2hN1 : 1.4651345 (0.01)%
        QqGbB2bN3zN2hN1_QqN2hN1 : 1.4640273 (0.01)%
  GtT1bC2hC1wN1_QqGbB1tC2hC1wN1 : 1.4413213 (0.01)%
  GbB1tC2hC1wN1_QqGtT1bC2hC1wN1 : 1.4413213 (0.01)%
           B1tC1wN1_B1tC2hC1wN1 : 1.4330246 (0.01)%
   QqGbB1tC1wN1_QqGtT1bC2hC1wN1 : 1.4311326 (0.01)%
       GtT1bC2wN1_GtT1tN3wC1wN1 : 1.4289537 (0.01)%
              T1bC1wN1_T1tN3zN1 : 1.4261387 (0.01)%
                    N1_N3wC1wN1 : 1.4256348 (0.01)%
                    C2wN1_N4zN1 : 1.4222021 (0.01)%
     GtT1tN2hN1_QqGtT1bC2hC1wN1 : 1.4190409 (0.01)%
     GtT1bC2hC1wN1_QqGtT1tN2hN1 : 1.4190409 (0.01)%
      QqGtT1bC1wN1_QqGtT1bC2wN1 : 1.4015275 (0.01)%
        QqC1wN1_QqGtT1tN4hN2zN1 : 1.3977855 (0.01)%
    GtT1bC2wN2hN1_GtT1bC2zC1wN1 : 1.3953160 (0.01)%
  GtT1bC2wN2hN1_QqGtT1bC2wN2hN1 : 1.3941844 (0.01)%
        T1bC2zC1wN1_T1tN4wC1wN1 : 1.3839213 (0.01)%
        GtT1tN3zN1_QqGtT1bC1wN1 : 1.3812719 (0.01)%
        GtT1bC1wN1_QqGtT1tN3zN1 : 1.3812719 (0.01)%
                 C2wN2zN1_N4hN1 : 1.3693484 (0.01)%
             GtT1tN3wC1wN1_QqN1 : 1.3640979 (0.01)%
QqGbB1tC2wN2hN1_QqGtT1tN3wC1wN1 : 1.3629293 (0.01)%
          GbB1tC2wN2hN1_QqN2zN1 : 1.3585291 (0.01)%
          GbB1tC2wN2zN1_QqN2hN1 : 1.3585291 (0.01)%
       GbB1tC1wN1_GtT1bC2wN2hN1 : 1.3555436 (0.01)%
       GbB1bN3wC1wN1_GtT1bC1wN1 : 1.3493343 (0.01)%
  GtT1tN4wC1wN1_QqGtT1bC2zC1wN1 : 1.3403827 (0.01)%
  GtT1bC2zC1wN1_QqGtT1tN4wC1wN1 : 1.3403827 (0.01)%
    GtT1bC2hC1wN1_GtT1tN4wC1wN1 : 1.3386104 (0.01)%
        QqGtT1tN4wC1wN1_QqN2zN1 : 1.3320752 (0.01)%
QqGtT1bC2hC1wN1_QqGtT1bC2wN2hN1 : 1.3314344 (0.01)%
          GtT2tN3zN2hN1_QqN2hN1 : 1.3284504 (0.01)%
          GbB1bN2hN1_GtT1bC1wN1 : 1.3281341 (0.01)%
           T1bC2zC1wN1_T1tN2hN1 : 1.3270438 (0.01)%
        T1bC2hC1wN1_T1tN3zN2hN1 : 1.3164268 (0.01)%
  GbB1bN3wC1wN1_QqGtT1tN3wC1wN1 : 1.3144919 (0.01)%
  GtT1tN3wC1wN1_QqGbB1bN3wC1wN1 : 1.3144919 (0.01)%
  GtT1bC2zC1wN1_QqGbB1tC2hC1wN1 : 1.3054751 (0.01)%
  GbB1tC2zC1wN1_QqGtT1bC2hC1wN1 : 1.3054751 (0.01)%
  GbB1tC2hC1wN1_QqGtT1bC2zC1wN1 : 1.3054751 (0.01)%
  GtT1bC2hC1wN1_QqGbB1tC2zC1wN1 : 1.3054751 (0.01)%
    GbB1tC2hC1wN1_GtT1bC2hC1wN1 : 1.3037490 (0.01)%
     GbB1tC1wN1_QqGtT1tN4wC1wN1 : 1.3021761 (0.01)%
     GtT1tN4wC1wN1_QqGbB1tC1wN1 : 1.3021761 (0.01)%
           B1tC1wN1_B1tC2zC1wN1 : 1.2979604 (0.01)%
        QqGbB1tC2hC1wN1_QqN2zN1 : 1.2973839 (0.01)%
   QqGbB1tC1wN1_QqGtT1bC2zC1wN1 : 1.2962467 (0.01)%
     GbB1bN2hN1_QqGtT1tN3wC1wN1 : 1.2938391 (0.01)%
     GtT1tN3wC1wN1_QqGbB1bN2hN1 : 1.2938391 (0.01)%
     GbB2tC2hC1wN1_QqGtT1bC1wN1 : 1.2928269 (0.01)%
     GtT1bC1wN1_QqGbB2tC2hC1wN1 : 1.2928269 (0.01)%
     GtT1tN2hN1_QqGtT1bC2zC1wN1 : 1.2852946 (0.01)%
     GtT1bC2zC1wN1_QqGtT1tN2hN1 : 1.2852946 (0.01)%
       GtT1bC2hC1wN1_GtT1tN2hN1 : 1.2835951 (0.01)%
        QqC1wN1_QqGbB2tC2wN2zN1 : 1.2794205 (0.01)%
           QqGtT1tN2hN1_QqN2zN1 : 1.2773285 (0.01)%
           QqGtT1tN2zN1_QqN2hN1 : 1.2773285 (0.01)%
  GtT1bC2hC1wN1_QqGtT1tN3zN2hN1 : 1.2750115 (0.01)%
  GtT1tN3zN2hN1_QqGtT1bC2hC1wN1 : 1.2750115 (0.01)%
     GbB1tC1wN1_QqGbB1tC2hC1wN1 : 1.2682635 (0.01)%
     GbB1tC2hC1wN1_QqGbB1tC1wN1 : 1.2682635 (0.01)%
                QqC1wN1_QqN4hN1 : 1.2673874 (0.01)%
           T1tN3wC1wN1_T1tN3zN1 : 1.2567048 (0.01)%
        T1bC2wN2hN1_T1tN4wC1wN1 : 1.2508125 (0.01)%
          GtT1bC1wN1_GtT1tN3zN1 : 1.2494312 (0.01)%
        GbB1tC1wN1_QqGtT1tN2hN1 : 1.2486582 (0.01)%
        GtT1tN2hN1_QqGbB1tC1wN1 : 1.2486582 (0.01)%
     GtT1bC1wN1_QqGbB1bN4wC1wN1 : 1.2466547 (0.01)%
     GbB1bN4wC1wN1_QqGtT1bC1wN1 : 1.2466547 (0.01)%
        GbB1tC2wN1_QqGtT1bC1wN1 : 1.2420276 (0.01)%
        GtT1bC1wN1_QqGbB1tC2wN1 : 1.2420276 (0.01)%
   QqGtT1bC2wN1_QqGtT1tN3wC1wN1 : 1.2350176 (0.01)%
                    C1wN1_C2wN1 : 1.2331721 (0.01)%
             GtT1bC2wN1_QqN2zN1 : 1.2310304 (0.01)%
             GbB2tC1wN1_QqC1wN1 : 1.2182224 (0.01)%
     GtT1tN3zN1_QqGtT1tN3wC1wN1 : 1.2171685 (0.01)%
     GtT1tN3wC1wN1_QqGtT1tN3zN1 : 1.2171685 (0.01)%
    GtT1bC2zC1wN1_GtT1tN4wC1wN1 : 1.2124448 (0.01)%
  GtT1bC2wN2hN1_QqGtT1tN4wC1wN1 : 1.2114615 (0.01)%
  GtT1tN4wC1wN1_QqGtT1bC2wN2hN1 : 1.2114615 (0.01)%
           QqGbB1bN4hN1_QqN2hN1 : 1.2111443 (0.01)%
              QqGtT1bC1wN1_QqN1 : 1.2102140 (0.01)%
             GbB2bN3zN1_QqN2hN1 : 1.2099345 (0.01)%
QqGtT1bC2wN2hN1_QqGtT1bC2zC1wN1 : 1.2059452 (0.01)%
           QqC1wN1_QqGtT1tN4zN1 : 1.1996544 (0.01)%
           T1bC2wN2hN1_T1tN2hN1 : 1.1994056 (0.01)%
              QqGbB1bN1_QqN2hN1 : 1.1962967 (0.01)%
           T1bC1wN1_T1tN4hN2hN1 : 1.1938198 (0.01)%
        T1bC2zC1wN1_T1tN3zN2hN1 : 1.1923520 (0.01)%
    GbB1bN3wC1wN1_GtT1tN3wC1wN1 : 1.1890252 (0.01)%
  GbB1tC2zC1wN1_QqGtT1bC2zC1wN1 : 1.1824325 (0.01)%
  GtT1bC2zC1wN1_QqGbB1tC2zC1wN1 : 1.1824325 (0.01)%
    GbB1tC2zC1wN1_GtT1bC2hC1wN1 : 1.1808691 (0.01)%
    GbB1tC2hC1wN1_GtT1bC2zC1wN1 : 1.1808691 (0.01)%
  GtT1bC2wN2hN1_QqGbB1tC2hC1wN1 : 1.1799114 (0.01)%
  GbB1tC2wN2hN1_QqGtT1bC2hC1wN1 : 1.1799114 (0.01)%
  GtT1bC2hC1wN1_QqGbB1tC2wN2hN1 : 1.1799114 (0.01)%
  GbB1tC2hC1wN1_QqGtT1bC2wN2hN1 : 1.1799114 (0.01)%
       GbB1tC1wN1_GtT1tN4wC1wN1 : 1.1778850 (0.01)%
        QqGbB1tC2zC1wN1_QqN2zN1 : 1.1751039 (0.01)%
           QqGtT2bC2wN1_QqN2hN1 : 1.1745429 (0.01)%
           B1tC1wN1_B1tC2wN2hN1 : 1.1731195 (0.01)%
   QqGbB1tC1wN1_QqGtT1bC2wN2hN1 : 1.1715706 (0.01)%
     GtT1bC1wN1_QqGbB2tC2zC1wN1 : 1.1709764 (0.01)%
     GbB2tC2zC1wN1_QqGtT1bC1wN1 : 1.1709764 (0.01)%
       GbB1bN2hN1_GtT1tN3wC1wN1 : 1.1703438 (0.01)%
       GbB2tC2hC1wN1_GtT1bC1wN1 : 1.1694281 (0.01)%
   QqGbB1bN3wC1wN1_QqGtT1bC1wN1 : 1.1662041 (0.01)%
           QqGtT1tN3hN1_QqN2hN1 : 1.1660504 (0.01)%
       GtT1bC2zC1wN1_GtT1tN2hN1 : 1.1626148 (0.01)%
     GtT1bC2wN2hN1_QqGtT1tN2hN1 : 1.1616719 (0.01)%
     GtT1tN2hN1_QqGtT1bC2wN2hN1 : 1.1616719 (0.01)%
              QqC1wN1_QqGtT2tN1 : 1.1615688 (0.01)%
             GtT2tN4hN1_QqN2hN1 : 1.1598748 (0.01)%
QqGtT1bC2hC1wN1_QqGtT1tN4wC1wN1 : 1.1569356 (0.01)%
     GtT1bC1wN1_QqGtT1tN4hN2hN1 : 1.1562618 (0.01)%
     GtT1tN4hN2hN1_QqGtT1bC1wN1 : 1.1562618 (0.01)%
  GtT1bC2zC1wN1_QqGtT1tN3zN2hN1 : 1.1548402 (0.01)%
  GtT1tN3zN2hN1_QqGtT1bC2zC1wN1 : 1.1548402 (0.01)%
    GtT1bC2hC1wN1_GtT1tN3zN2hN1 : 1.1533133 (0.01)%
     GbB1tC1wN1_QqGbB1tC2zC1wN1 : 1.1487282 (0.01)%
     GbB1tC2zC1wN1_QqGbB1tC1wN1 : 1.1487282 (0.01)%
                 N3hN1_N4hN2hN1 : 1.1480286 (0.01)%
      QqGbB1bN2hN1_QqGtT1bC1wN1 : 1.1478811 (0.01)%
        QqGtT1tN3zN2hN1_QqN2zN1 : 1.1476826 (0.01)%
        QqGtT1tN3zN2zN1_QqN2hN1 : 1.1476826 (0.01)%
       GbB1tC1wN1_GbB1tC2hC1wN1 : 1.1472093 (0.01)%
          GtT2hT1bC1wN1_QqC1wN1 : 1.1393288 (0.01)%
  GtT1tN3wC1wN1_QqGbB2tC2hC1wN1 : 1.1392312 (0.01)%
  GbB2tC2hC1wN1_QqGtT1tN3wC1wN1 : 1.1392312 (0.01)%
              N3zN2zN1_N4hN2hN1 : 1.1299448 (0.01)%
              N3zN2hN1_N4hN2zN1 : 1.1299448 (0.01)%
          GbB1tC1wN1_GtT1tN2hN1 : 1.1294753 (0.01)%
       GbB1bN4wC1wN1_GtT1bC1wN1 : 1.1276631 (0.01)%
QqGbB1tC2hC1wN1_QqGtT1bC2hC1wN1 : 1.1268055 (0.01)%
          GbB1tC2wN1_GtT1bC1wN1 : 1.1234776 (0.01)%
     GbB1tC1wN1_QqGtT1tN3zN2hN1 : 1.1219224 (0.01)%
     GtT1tN3zN2hN1_QqGbB1tC1wN1 : 1.1219224 (0.01)%
                 T1bC1wN1_T1tN1 : 1.1133241 (0.01)%
             GbB2bN4hN1_QqN2hN1 : 1.1120105 (0.01)%
   QqGtT1bC2hC1wN1_QqGtT1tN2hN1 : 1.1093870 (0.01)%
           T1bC2hC1wN1_T1bC2wN1 : 1.1039053 (0.01)%
       GtT1tN3wC1wN1_GtT1tN3zN1 : 1.1009912 (0.01)%
  GtT1tN3wC1wN1_QqGbB1bN4wC1wN1 : 1.0985446 (0.01)%
  GbB1bN4wC1wN1_QqGtT1tN3wC1wN1 : 1.0985446 (0.01)%
    GtT1bC2wN2hN1_GtT1tN4wC1wN1 : 1.0958290 (0.01)%
     GtT1tN3wC1wN1_QqGbB1tC2wN1 : 1.0944672 (0.01)%
     GbB1tC2wN1_QqGtT1tN3wC1wN1 : 1.0944672 (0.01)%
             QqN2hN1_QqN4hN2hN1 : 1.0848824 (0.01)%
        B2tC2hC1wN1_B2tC2zC1wN1 : 1.0836983 (0.01)%
      QqGtT1bC1wN1_QqGtT1tN3zN1 : 1.0798597 (0.01)%
           GtT1tN1_QqGtT1bC1wN1 : 1.0782986 (0.01)%
           GtT1bC1wN1_QqGtT1tN1 : 1.0782986 (0.01)%
                QqN2zN1_QqN2zN1 : 1.0780534 (0.01)%
        T1bC2wN2hN1_T1tN3zN2hN1 : 1.0776687 (0.01)%
        T1bC2hC1wN1_T1bC2hC1wN1 : 1.0739786 (0.01)%
    GbB1tC2zC1wN1_GtT1bC2zC1wN1 : 1.0695708 (0.01)%
     GtT1bC2wN1_QqGtT1bC2hC1wN1 : 1.0691761 (0.01)%
     GtT1bC2hC1wN1_QqGtT1bC2wN1 : 1.0691761 (0.01)%
  GtT1bC2wN2hN1_QqGbB1tC2zC1wN1 : 1.0687034 (0.01)%
  GbB1tC2zC1wN1_QqGtT1bC2wN2hN1 : 1.0687034 (0.01)%
  GbB1tC2wN2hN1_QqGtT1bC2zC1wN1 : 1.0687034 (0.01)%
  GtT1bC2zC1wN1_QqGbB1tC2wN2hN1 : 1.0687034 (0.01)%
    GbB1tC2wN2hN1_GtT1bC2hC1wN1 : 1.0672903 (0.01)%
    GbB1tC2hC1wN1_GtT1bC2wN2hN1 : 1.0672903 (0.01)%
           QqGtT1tN3wC1wN1_QqN1 : 1.0664333 (0.01)%
        QqGbB1tC2wN2hN1_QqN2zN1 : 1.0620797 (0.01)%
        QqGbB1tC2wN2zN1_QqN2hN1 : 1.0620797 (0.01)%
       GbB2tC2zC1wN1_GtT1bC1wN1 : 1.0592082 (0.01)%
     GtT1bC1wN1_QqGbB2tC2wN2hN1 : 1.0583491 (0.01)%
     GbB2tC2wN2hN1_QqGtT1bC1wN1 : 1.0583491 (0.01)%
  GtT1tN4wC1wN1_QqGtT1tN4wC1wN1 : 1.0526864 (0.01)%
        T1tN3wC1wN1_T1tN4hN2hN1 : 1.0519868 (0.01)%
       GtT1bC2wN2hN1_GtT1tN2hN1 : 1.0507918 (0.01)%
        T2tN3wC1wN1_T2tN4wC1wN1 : 1.0486390 (0.01)%
QqGtT1bC2zC1wN1_QqGtT1tN4wC1wN1 : 1.0478931 (0.01)%
       GtT1bC1wN1_GtT1tN4hN2hN1 : 1.0458980 (0.01)%
    GtT1bC2zC1wN1_GtT1tN3zN2hN1 : 1.0446121 (0.01)%
  GtT1bC2wN2hN1_QqGtT1tN3zN2hN1 : 1.0437649 (0.01)%
  GtT1tN3zN2hN1_QqGtT1bC2wN2hN1 : 1.0437649 (0.01)%
           T1tN2hN1_T1tN4wC1wN1 : 1.0422106 (0.01)%
       GbB1tC1wN1_GbB1tC2zC1wN1 : 1.0390835 (0.01)%
        QqGtT2tN3zN2hN1_QqN2hN1 : 1.0385646 (0.01)%
     GbB1tC1wN1_QqGbB1tC2wN2hN1 : 1.0382408 (0.01)%
     GbB1tC2wN2hN1_QqGbB1tC1wN1 : 1.0382408 (0.01)%
  GtT1tN3wC1wN1_QqGbB2tC2zC1wN1 : 1.0318573 (0.01)%
  GbB2tC2zC1wN1_QqGtT1tN3wC1wN1 : 1.0318573 (0.01)%
    GbB2tC2hC1wN1_GtT1tN3wC1wN1 : 1.0304930 (0.01)%
QqGbB1bN3wC1wN1_QqGtT1tN3wC1wN1 : 1.0276520 (0.01)%
  GtT1tN4wC1wN1_QqGbB1tC2hC1wN1 : 1.0252713 (0.01)%
  GbB1tC2hC1wN1_QqGtT1tN4wC1wN1 : 1.0252713 (0.01)%
          GbB1bN3wC1wN1_QqN2zN1 : 1.0243342 (0.01)%
        B1tC2hC1wN1_B1tC2zC1wN1 : 1.0219520 (0.01)%
QqGbB1tC2hC1wN1_QqGtT1bC2zC1wN1 : 1.0206028 (0.01)%
QqGbB1tC2zC1wN1_QqGtT1bC2hC1wN1 : 1.0206028 (0.01)%
  GtT1tN3wC1wN1_QqGtT1tN4hN2hN1 : 1.0188909 (0.01)%
  GtT1tN4hN2hN1_QqGtT1tN3wC1wN1 : 1.0188909 (0.01)%
   QqGbB1tC1wN1_QqGtT1tN4wC1wN1 : 1.0180237 (0.01)%
       GbB1tC1wN1_GtT1tN3zN2hN1 : 1.0148362 (0.01)%
   QqGbB1bN2hN1_QqGtT1tN3wC1wN1 : 1.0115059 (0.01)%
   QqGbB2tC2hC1wN1_QqGtT1bC1wN1 : 1.0107146 (0.01)%
     GtT1tN2hN1_QqGtT1tN4wC1wN1 : 1.0094223 (0.01)%
     GtT1tN4wC1wN1_QqGtT1tN2hN1 : 1.0094223 (0.01)%
             GbB1bN2zN1_QqN2hN1 : 1.0082403 (0.01)%
             GbB1bN2hN1_QqN2zN1 : 1.0082403 (0.01)%
   QqGtT1bC2zC1wN1_QqGtT1tN2hN1 : 1.0048259 (0.01)%
       GtT2hT1tN3wC1wN1_QqC1wN1 : 1.0039697 (0.01)%
           T1bC2wN1_T1bC2zC1wN1 : 0.9998609 (0.01)%
  GbB1tC2hC1wN1_QqGbB1tC2hC1wN1 : 0.9985702 (0.01)%
QqGtT1bC2hC1wN1_QqGtT1tN3zN2hN1 : 0.9967868 (0.01)%
    GbB1bN4wC1wN1_GtT1tN3wC1wN1 : 0.9936899 (0.01)%
   QqGbB1tC1wN1_QqGbB1tC2hC1wN1 : 0.9915113 (0.01)%
       GbB1tC2wN1_GtT1tN3wC1wN1 : 0.9900017 (0.01)%
     GtT1tN2hN1_QqGbB1tC2hC1wN1 : 0.9831339 (0.01)%
     GbB1tC2hC1wN1_QqGtT1tN2hN1 : 0.9831339 (0.01)%
              T1tN1_T1tN3wC1wN1 : 0.9810545 (0.01)%
        B2tC2hC1wN1_B2tC2wN2hN1 : 0.9794656 (0.01)%
      QqGbB1tC1wN1_QqGtT1tN2hN1 : 0.9761841 (0.01)%
             GtT1bC1wN1_GtT1tN1 : 0.9753763 (0.01)%
   QqGbB1bN4wC1wN1_QqGtT1bC1wN1 : 0.9746178 (0.01)%
             GbB1bN3hN1_QqC1wN1 : 0.9721055 (0.01)%
      QqGbB1tC2wN1_QqGtT1bC1wN1 : 0.9710004 (0.01)%
                 N3zN2hN1_N4zN1 : 0.9697791 (0.01)%
     GtT1bC2wN1_QqGtT1bC2zC1wN1 : 0.9684050 (0.01)%
     GtT1bC2zC1wN1_QqGtT1bC2wN1 : 0.9684050 (0.01)%
        GtT1tN2hN1_QqGtT1tN2hN1 : 0.9679363 (0.01)%
       GtT1bC2hC1wN1_GtT1bC2wN1 : 0.9671245 (0.01)%
    GbB1tC2zC1wN1_GtT1bC2wN2hN1 : 0.9666969 (0.01)%
    GbB1tC2wN2hN1_GtT1bC2zC1wN1 : 0.9666969 (0.01)%
  GtT1bC2wN2hN1_QqGbB1tC2wN2hN1 : 0.9659130 (0.01)%
  GbB1tC2wN2hN1_QqGtT1bC2wN2hN1 : 0.9659130 (0.01)%
           QqGtT1bC2wN1_QqN2zN1 : 0.9624029 (0.01)%
       GbB2tC2wN2hN1_GtT1bC1wN1 : 0.9573310 (0.01)%
        T2bC2hC1wN1_T2tN4wC1wN1 : 0.9571732 (0.01)%
          GbB1bN3zN2zN1_QqC1wN1 : 0.9567928 (0.01)%
           QqC1wN1_QqGbB2tC1wN1 : 0.9523898 (0.01)%
   QqGtT1tN3wC1wN1_QqGtT1tN3zN1 : 0.9515659 (0.01)%
        GtT1tN3wC1wN1_QqGtT1tN1 : 0.9501902 (0.01)%
        GtT1tN1_QqGtT1tN3wC1wN1 : 0.9501902 (0.01)%
             GtT1tN3zN1_QqN2zN1 : 0.9484937 (0.01)%
QqGtT1bC2wN2hN1_QqGtT1tN4wC1wN1 : 0.9471042 (0.01)%
           QqGbB2bN3zN1_QqN2hN1 : 0.9459104 (0.01)%
    GtT1bC2wN2hN1_GtT1tN3zN2hN1 : 0.9441389 (0.01)%
    GtT1bC2hC1wN1_GtT1bC2hC1wN1 : 0.9409059 (0.01)%
        GbB1tC1wN1_QqGtT1bC2wN1 : 0.9408013 (0.01)%
        GtT1bC2wN1_QqGbB1tC1wN1 : 0.9408013 (0.01)%
       GbB1tC1wN1_GbB1tC2wN2hN1 : 0.9391420 (0.01)%
        T1tN3zN2hN1_T1tN4wC1wN1 : 0.9364287 (0.01)%
    GbB2tC2zC1wN1_GtT1tN3wC1wN1 : 0.9333678 (0.01)%
     GtT2tN4wC1wN1_QqGtT1bC1wN1 : 0.9333609 (0.01)%
     GtT1bC1wN1_QqGtT2tN4wC1wN1 : 0.9333609 (0.01)%
  GtT1tN3wC1wN1_QqGbB2tC2wN2hN1 : 0.9326109 (0.01)%
  GbB2tC2wN2hN1_QqGtT1tN3wC1wN1 : 0.9326109 (0.01)%
  GbB1tC2zC1wN1_QqGtT1tN4wC1wN1 : 0.9286383 (0.01)%
  GtT1tN4wC1wN1_QqGbB1tC2zC1wN1 : 0.9286383 (0.01)%
    GbB1tC2hC1wN1_GtT1tN4wC1wN1 : 0.9274104 (0.01)%
QqGbB1tC2zC1wN1_QqGtT1bC2zC1wN1 : 0.9244098 (0.01)%
        B1tC2hC1wN1_B1tC2wN2hN1 : 0.9236583 (0.01)%
             GtT1bC2hC1wN1_QqN1 : 0.9232297 (0.01)%
                       C2wN1_N1 : 0.9226609 (0.01)%
QqGbB1tC2wN2hN1_QqGtT1bC2hC1wN1 : 0.9224388 (0.01)%
QqGbB1tC2hC1wN1_QqGtT1bC2wN2hN1 : 0.9224388 (0.01)%
    GtT1tN3wC1wN1_GtT1tN4hN2hN1 : 0.9216390 (0.01)%
   QqGbB2tC2zC1wN1_QqGtT1bC1wN1 : 0.9154535 (0.01)%
       GtT1tN2hN1_GtT1tN4wC1wN1 : 0.9130742 (0.01)%
              B1tC1wN1_B1tC1wN1 : 0.9100276 (0.01)%
   QqGtT1bC2wN2hN1_QqGtT1tN2hN1 : 0.9081794 (0.01)%
  GtT1tN4wC1wN1_QqGtT1tN3zN2hN1 : 0.9069683 (0.01)%
  GtT1tN3zN2hN1_QqGtT1tN4wC1wN1 : 0.9069683 (0.01)%
           QqGtT2tN4hN1_QqN2hN1 : 0.9067744 (0.01)%
  GbB1tC2zC1wN1_QqGbB1tC2hC1wN1 : 0.9044538 (0.01)%
  GbB1tC2hC1wN1_QqGbB1tC2zC1wN1 : 0.9044538 (0.01)%
   QqGtT1bC1wN1_QqGtT1tN4hN2hN1 : 0.9039499 (0.01)%
           T1bC2wN1_T1bC2wN2hN1 : 0.9036919 (0.01)%
QqGtT1bC2zC1wN1_QqGtT1tN3zN2hN1 : 0.9028385 (0.01)%
          GbB1bN4hN2zN1_QqC1wN1 : 0.8982832 (0.01)%
   QqGbB1tC1wN1_QqGbB1tC2zC1wN1 : 0.8980602 (0.01)%
           T1tN2hN1_T1tN3zN2hN1 : 0.8979426 (0.01)%
     GbB2bN4wC1wN1_QqGtT1bC1wN1 : 0.8948440 (0.01)%
     GtT1bC1wN1_QqGbB2bN4wC1wN1 : 0.8948440 (0.01)%
        QqC1wN1_QqGtT2hT1bC1wN1 : 0.8907119 (0.01)%
QqGbB2tC2hC1wN1_QqGtT1tN3wC1wN1 : 0.8906356 (0.01)%
     GtT1tN2hN1_QqGbB1tC2zC1wN1 : 0.8904724 (0.01)%
     GbB1tC2zC1wN1_QqGtT1tN2hN1 : 0.8904724 (0.01)%
  GbB1bN3wC1wN1_QqGtT1bC2hC1wN1 : 0.8896561 (0.01)%
  GtT1bC2hC1wN1_QqGbB1bN3wC1wN1 : 0.8896561 (0.01)%
       GbB1tC2hC1wN1_GtT1tN2hN1 : 0.8892950 (0.01)%
          GbB2tC2hC1wN1_QqN2zN1 : 0.8877602 (0.01)%
        B2tC2wN2hN1_B2tC2zC1wN1 : 0.8871498 (0.01)%
           B1bN3wC1wN1_B1tC1wN1 : 0.8845349 (0.01)%
  GbB1tC2hC1wN1_QqGtT1tN3zN2hN1 : 0.8833481 (0.01)%
  GtT1tN3zN2hN1_QqGbB1tC2hC1wN1 : 0.8833481 (0.01)%
        T1bC2zC1wN1_T1bC2zC1wN1 : 0.8810716 (0.01)%
     GtT1bC1wN1_QqGbB2bN3wC1wN1 : 0.8782556 (0.01)%
     GbB2bN3wC1wN1_QqGtT1bC1wN1 : 0.8782556 (0.01)%
   QqGbB1tC1wN1_QqGtT1tN3zN2hN1 : 0.8771037 (0.01)%
       GtT1bC2wN1_GtT1bC2zC1wN1 : 0.8759719 (0.01)%
     GbB1bN2hN1_QqGtT1bC2hC1wN1 : 0.8756781 (0.01)%
     GtT1bC2hC1wN1_QqGbB1bN2hN1 : 0.8756781 (0.01)%
     GtT1bC2wN2hN1_QqGtT1bC2wN1 : 0.8752615 (0.01)%
     GtT1bC2wN1_QqGtT1bC2wN2hN1 : 0.8752615 (0.01)%
                 C1wN1_N4hN2hN1 : 0.8749626 (0.01)%
    GbB1tC2wN2hN1_GtT1bC2wN2hN1 : 0.8737178 (0.01)%
              B1bN2hN1_B1tC1wN1 : 0.8706374 (0.01)%
     GtT1tN2hN1_QqGtT1tN3zN2hN1 : 0.8696930 (0.01)%
     GtT1tN3zN2hN1_QqGtT1tN2hN1 : 0.8696930 (0.01)%
           QqGbB2bN4hN1_QqN2hN1 : 0.8693548 (0.01)%
        T2bC2zC1wN1_T2tN4wC1wN1 : 0.8669585 (0.01)%
          GtT1tN1_GtT1tN3wC1wN1 : 0.8594957 (0.01)%
QqGbB1bN4wC1wN1_QqGtT1tN3wC1wN1 : 0.8588273 (0.01)%
             GtT2tN3zN1_QqN2hN1 : 0.8583140 (0.01)%
          GbB1bN4wC1wN1_QqN2zN1 : 0.8560546 (0.01)%
   QqGbB1tC2wN1_QqGtT1tN3wC1wN1 : 0.8556397 (0.01)%
             GbB1tC2wN1_QqN2zN1 : 0.8528773 (0.01)%
          GbB1tC1wN1_GtT1bC2wN1 : 0.8510030 (0.01)%
           T1bC2hC1wN1_T1tN3zN1 : 0.8505454 (0.01)%
                 C2hC1wN1_N2hN1 : 0.8503279 (0.01)%
       GtT1bC1wN1_GtT2tN4wC1wN1 : 0.8442727 (0.01)%
    GbB2tC2wN2hN1_GtT1tN3wC1wN1 : 0.8435943 (0.01)%
         QqGtT1bC1wN1_QqGtT1tN1 : 0.8429992 (0.01)%
    GbB1tC2zC1wN1_GtT1tN4wC1wN1 : 0.8400009 (0.01)%
  GbB1tC2wN2hN1_QqGtT1tN4wC1wN1 : 0.8393197 (0.01)%
  GtT1tN4wC1wN1_QqGbB1tC2wN2hN1 : 0.8393197 (0.01)%
        B1tC2wN2hN1_B1tC2zC1wN1 : 0.8366024 (0.01)%
             GtT1bC2zC1wN1_QqN1 : 0.8362142 (0.01)%
   QqGtT1bC2hC1wN1_QqGtT1bC2wN1 : 0.8358674 (0.01)%
QqGbB1tC2zC1wN1_QqGtT1bC2wN2hN1 : 0.8354979 (0.01)%
QqGbB1tC2wN2hN1_QqGtT1bC2zC1wN1 : 0.8354979 (0.01)%
              C2hC1wN1_N4zN2hN1 : 0.8354569 (0.01)%
                   QqN1_QqN2zN1 : 0.8310315 (0.01)%
        B2bN4wC1wN1_B2tC2hC1wN1 : 0.8281473 (0.01)%
   QqGbB2tC2wN2hN1_QqGtT1bC1wN1 : 0.8274030 (0.01)%
     GtT1bC2hC1wN1_QqGtT1tN3zN1 : 0.8237870 (0.01)%
     GtT1tN3zN1_QqGtT1bC2hC1wN1 : 0.8237870 (0.01)%
  GtT2tN4wC1wN1_QqGtT1tN3wC1wN1 : 0.8224719 (0.01)%
  GtT1tN3wC1wN1_QqGtT2tN4wC1wN1 : 0.8224719 (0.01)%
    GtT1tN3zN2hN1_GtT1tN4wC1wN1 : 0.8203993 (0.01)%
  GbB1tC2zC1wN1_QqGbB1tC2zC1wN1 : 0.8192079 (0.01)%
    GbB1tC2hC1wN1_GbB1tC2zC1wN1 : 0.8181248 (0.01)%
  GbB1tC2wN2hN1_QqGbB1tC2hC1wN1 : 0.8174613 (0.01)%
  GbB1tC2hC1wN1_QqGbB1tC2wN2hN1 : 0.8174613 (0.01)%
QqGtT1bC2wN2hN1_QqGtT1tN3zN2hN1 : 0.8160013 (0.01)%
QqGtT1bC2hC1wN1_QqGtT1bC2hC1wN1 : 0.8132072 (0.01)%
        B2bN3wC1wN1_B2tC2hC1wN1 : 0.8127952 (0.01)%
                GbB1tC1wN1_QqN1 : 0.8123786 (0.01)%
   QqGbB1tC1wN1_QqGbB1tC2wN2hN1 : 0.8116826 (0.01)%
       GbB2bN4wC1wN1_GtT1bC1wN1 : 0.8094323 (0.01)%
QqGbB2tC2zC1wN1_QqGtT1tN3wC1wN1 : 0.8066921 (0.01)%
  GbB1bN3wC1wN1_QqGtT1bC2zC1wN1 : 0.8058049 (0.01)%
  GtT1bC2zC1wN1_QqGbB1bN3wC1wN1 : 0.8058049 (0.01)%
       GbB1tC2zC1wN1_GtT1tN2hN1 : 0.8054779 (0.01)%
     GtT1tN2hN1_QqGbB1tC2wN2hN1 : 0.8048246 (0.01)%
     GbB1tC2wN2hN1_QqGtT1tN2hN1 : 0.8048246 (0.01)%
    GbB1bN3wC1wN1_GtT1bC2hC1wN1 : 0.8047395 (0.01)%
          GbB2tC2zC1wN1_QqN2zN1 : 0.8040877 (0.01)%
QqGbB1tC2hC1wN1_QqGtT1tN4wC1wN1 : 0.8015433 (0.01)%
        QqGbB1bN3wC1wN1_QqN2zN1 : 0.8008106 (0.01)%
  GbB1tC2zC1wN1_QqGtT1tN3zN2hN1 : 0.8000915 (0.01)%
  GtT1tN3zN2hN1_QqGbB1tC2zC1wN1 : 0.8000915 (0.01)%
    GbB1tC2hC1wN1_GtT1tN3zN2hN1 : 0.7990336 (0.01)%
          GtT1bC1wN1_QqC2hC1wN1 : 0.7967064 (0.01)%
QqGtT1tN3wC1wN1_QqGtT1tN4hN2hN1 : 0.7965552 (0.01)%
       GbB2bN3wC1wN1_GtT1bC1wN1 : 0.7944272 (0.01)%
          GtT1tN4hN2zN1_QqN2hN1 : 0.7939835 (0.01)%
          GtT1tN4hN2hN1_QqN2zN1 : 0.7939835 (0.01)%
     GbB1bN2hN1_QqGtT1bC2zC1wN1 : 0.7931444 (0.01)%
     GtT1bC2zC1wN1_QqGbB1bN2hN1 : 0.7931444 (0.01)%
       GbB1bN2hN1_GtT1bC2hC1wN1 : 0.7920957 (0.01)%
       GtT1bC2wN1_GtT1bC2wN2hN1 : 0.7917188 (0.01)%
   QqGtT1tN2hN1_QqGtT1tN4wC1wN1 : 0.7891527 (0.01)%
  GtT1tN3wC1wN1_QqGbB2bN4wC1wN1 : 0.7885312 (0.01)%
  GbB2bN4wC1wN1_QqGtT1tN3wC1wN1 : 0.7885312 (0.01)%
             QqC1wN1_QqC2wN2zN1 : 0.7884447 (0.01)%
           QqGbB1bN2hN1_QqN2zN1 : 0.7882286 (0.01)%
           QqGbB1bN2zN1_QqN2hN1 : 0.7882286 (0.01)%
       GtT1tN2hN1_GtT1tN3zN2hN1 : 0.7866819 (0.01)%
        T2tN4wC1wN1_T2tN4wC1wN1 : 0.7854895 (0.01)%
           T1bC2wN1_T1tN4wC1wN1 : 0.7852534 (0.01)%
     QqC1wN1_QqGtT2hT1tN3wC1wN1 : 0.7848899 (0.01)%
        T2bC2wN2hN1_T2tN4wC1wN1 : 0.7835723 (0.01)%
     GbB1tC1wN1_QqGbB1bN3wC1wN1 : 0.7828361 (0.01)%
     GbB1bN3wC1wN1_QqGbB1tC1wN1 : 0.7828361 (0.01)%
  GtT1tN3zN2hN1_QqGtT1tN3zN2hN1 : 0.7814212 (0.01)%
                    C1wN1_N3hN1 : 0.7810930 (0.01)%
  GtT1tN3wC1wN1_QqGbB2bN3wC1wN1 : 0.7739135 (0.01)%
  GbB2bN3wC1wN1_QqGtT1tN3wC1wN1 : 0.7739135 (0.01)%
    GtT1bC2zC1wN1_GtT1bC2zC1wN1 : 0.7719013 (0.01)%
  GbB2tC2hC1wN1_QqGtT1bC2hC1wN1 : 0.7710386 (0.01)%
  GtT1bC2hC1wN1_QqGbB2tC2hC1wN1 : 0.7710386 (0.01)%
             GbB1bN4zN1_QqC1wN1 : 0.7709547 (0.01)%
        GbB1bN2hN1_QqGbB1tC1wN1 : 0.7705365 (0.01)%
        GbB1tC1wN1_QqGbB1bN2hN1 : 0.7705365 (0.01)%
           T1bC2zC1wN1_T1tN3zN1 : 0.7703805 (0.01)%
                 C2zC1wN1_N2hN1 : 0.7701835 (0.01)%
                 C1wN1_N3zN2zN1 : 0.7687891 (0.01)%
   QqGbB1tC2hC1wN1_QqGtT1tN2hN1 : 0.7686008 (0.01)%
                 N2zN1_N3wC1wN1 : 0.7623640 (0.01)%
     GtT1bC2wN1_QqGtT1tN4wC1wN1 : 0.7605490 (0.01)%
     GtT1tN4wC1wN1_QqGtT1bC2wN1 : 0.7605490 (0.01)%
           QqC1wN1_QqGbB1bN3hN1 : 0.7599789 (0.01)%
    GbB1tC2wN2hN1_GtT1tN4wC1wN1 : 0.7592076 (0.01)%
   QqGtT1bC2wN1_QqGtT1bC2zC1wN1 : 0.7570859 (0.01)%
              C2zC1wN1_N4zN2hN1 : 0.7567141 (0.01)%
             GtT1bC2wN2hN1_QqN1 : 0.7557852 (0.01)%
QqGbB1tC2wN2hN1_QqGtT1bC2wN2hN1 : 0.7551377 (0.01)%
              T1bC2wN1_T1tN2hN1 : 0.7529804 (0.01)%
        B2bN4wC1wN1_B2tC2zC1wN1 : 0.7500934 (0.01)%
        QqC1wN1_QqGbB1bN3zN2zN1 : 0.7480077 (0.01)%
     GtT1bC2zC1wN1_QqGtT1tN3zN1 : 0.7461441 (0.01)%
     GtT1tN3zN1_QqGtT1bC2zC1wN1 : 0.7461441 (0.01)%
       GtT1bC2hC1wN1_GtT1tN3zN1 : 0.7451575 (0.01)%
    GtT1tN3wC1wN1_GtT2tN4wC1wN1 : 0.7439680 (0.01)%
  GtT1bC2hC1wN1_QqGbB1bN4wC1wN1 : 0.7435016 (0.01)%
  GbB1bN4wC1wN1_QqGtT1bC2hC1wN1 : 0.7435016 (0.01)%
      QqGtT1tN1_QqGtT1tN3wC1wN1 : 0.7428458 (0.01)%
           QqGtT1tN3zN1_QqN2zN1 : 0.7415196 (0.01)%
     GtT1bC2wN1_QqGbB1tC2hC1wN1 : 0.7407421 (0.01)%
     GtT1bC2hC1wN1_QqGbB1tC2wN1 : 0.7407421 (0.01)%
     GbB1tC2wN1_QqGtT1bC2hC1wN1 : 0.7407421 (0.01)%
     GbB1tC2hC1wN1_QqGtT1bC2wN1 : 0.7407421 (0.01)%
                GtT1tN1_QqN2zN1 : 0.7404476 (0.01)%
  GbB1tC2zC1wN1_QqGbB1tC2wN2hN1 : 0.7404146 (0.01)%
  GbB1tC2wN2hN1_QqGbB1tC2zC1wN1 : 0.7404146 (0.01)%
    GbB1tC2hC1wN1_GbB1tC2wN2hN1 : 0.7394356 (0.01)%
           B1bN4wC1wN1_B1tC1wN1 : 0.7392218 (0.01)%
              B1tC1wN1_B1tC2wN1 : 0.7364781 (0.01)%
        B2bN3wC1wN1_B2tC2zC1wN1 : 0.7361883 (0.01)%
      QqGbB1tC1wN1_QqGtT1bC2wN1 : 0.7355057 (0.01)%
        T2tN4hN2hN1_T2tN4wC1wN1 : 0.7320509 (0.01)%
                 N3zN1_N4hN2zN1 : 0.7300591 (0.01)%
   QqGtT1bC1wN1_QqGtT2tN4wC1wN1 : 0.7296889 (0.01)%
        GtT1tN2hN1_QqGtT1bC2wN1 : 0.7292914 (0.01)%
        GtT1bC2wN1_QqGtT1tN2hN1 : 0.7292914 (0.01)%
QqGbB2tC2wN2hN1_QqGtT1tN3wC1wN1 : 0.7291026 (0.01)%
    GbB1bN3wC1wN1_GtT1bC2zC1wN1 : 0.7288918 (0.01)%
          GbB1tC1wN1_GbB1tC1wN1 : 0.7285235 (0.01)%
  GtT1bC2wN2hN1_QqGbB1bN3wC1wN1 : 0.7283007 (0.01)%
  GbB1bN3wC1wN1_QqGtT1bC2wN2hN1 : 0.7283007 (0.01)%
       GbB1tC2wN2hN1_GtT1tN2hN1 : 0.7280051 (0.01)%
          GbB2tC2wN2zN1_QqN2hN1 : 0.7267487 (0.01)%
          GbB2tC2wN2hN1_QqN2zN1 : 0.7267487 (0.01)%
QqGbB1tC2zC1wN1_QqGtT1tN4wC1wN1 : 0.7259969 (0.01)%
        GbB1tC1wN1_QqGtT1tN3zN1 : 0.7248758 (0.01)%
        GtT1tN3zN1_QqGbB1tC1wN1 : 0.7248758 (0.01)%
    GbB1tC2zC1wN1_GtT1tN3zN2hN1 : 0.7237238 (0.01)%
  GbB1tC2wN2hN1_QqGtT1tN3zN2hN1 : 0.7231368 (0.01)%
  GtT1tN3zN2hN1_QqGbB1tC2wN2hN1 : 0.7231368 (0.01)%
           QqGtT1bC2hC1wN1_QqN1 : 0.7217685 (0.01)%
          GtT1bC1wN1_QqC2zC1wN1 : 0.7216158 (0.01)%
          GtT2bC2wN2zN1_QqC1wN1 : 0.7198707 (0.01)%
        T1bC2wN2hN1_T1bC2wN2hN1 : 0.7197353 (0.01)%
       GbB1bN2hN1_GtT1bC2zC1wN1 : 0.7174398 (0.01)%
     GtT1bC2wN2hN1_QqGbB1bN2hN1 : 0.7168579 (0.01)%
     GbB1bN2hN1_QqGtT1bC2wN2hN1 : 0.7168579 (0.01)%
    GbB2bN4wC1wN1_GtT1tN3wC1wN1 : 0.7132668 (0.01)%
        T1bC2hC1wN1_T1tN4hN2hN1 : 0.7119910 (0.01)%
QqGtT1tN3zN2hN1_QqGtT1tN4wC1wN1 : 0.7090556 (0.01)%
       GbB1bN3wC1wN1_GbB1tC1wN1 : 0.7081153 (0.01)%
QqGbB1tC2hC1wN1_QqGbB1tC2zC1wN1 : 0.7070897 (0.01)%
              N3wC1wN1_N4zN2hN1 : 0.7058403 (0.01)%
        QqC1wN1_QqGbB1bN4hN2zN1 : 0.7022656 (0.01)%
       GtT1tN3wC1wN1_QqC2hC1wN1 : 0.7020528 (0.01)%
    GbB2bN3wC1wN1_GtT1tN3wC1wN1 : 0.7000444 (0.01)%
   QqGbB2bN4wC1wN1_QqGtT1bC1wN1 : 0.6995770 (0.01)%
  GtT1bC2hC1wN1_QqGbB2tC2zC1wN1 : 0.6983673 (0.01)%
  GbB2tC2zC1wN1_QqGtT1bC2hC1wN1 : 0.6983673 (0.01)%
  GbB2tC2hC1wN1_QqGtT1bC2zC1wN1 : 0.6983673 (0.01)%
  GtT1bC2zC1wN1_QqGbB2tC2hC1wN1 : 0.6983673 (0.01)%
    GbB2tC2hC1wN1_GtT1bC2hC1wN1 : 0.6974439 (0.01)%
          GbB1bN2hN1_GbB1tC1wN1 : 0.6969897 (0.01)%
        B1bN3wC1wN1_B1tC2hC1wN1 : 0.6964406 (0.01)%
           T1bC2wN2hN1_T1tN3zN1 : 0.6962835 (0.01)%
   QqGbB1tC2zC1wN1_QqGtT1tN2hN1 : 0.6961593 (0.01)%
                 C2wN2hN1_N2hN1 : 0.6961054 (0.01)%
QqGbB1bN3wC1wN1_QqGtT1bC2hC1wN1 : 0.6955211 (0.01)%
        QqGbB2tC2hC1wN1_QqN2zN1 : 0.6940389 (0.01)%
QqGbB1tC2hC1wN1_QqGtT1tN3zN2hN1 : 0.6905896 (0.01)%
  GtT1bC2hC1wN1_QqGtT1tN4hN2hN1 : 0.6895915 (0.01)%
  GtT1tN4hN2hN1_QqGtT1bC2hC1wN1 : 0.6895915 (0.01)%
       GtT1bC2wN1_GtT1tN4wC1wN1 : 0.6879556 (0.01)%
   QqGbB2bN3wC1wN1_QqGtT1bC1wN1 : 0.6866083 (0.01)%
           B1bN2hN1_B1tC2hC1wN1 : 0.6854984 (0.01)%
------------------------------------------------------------
                                              SUM=90.00%
