/Users/rafalmaselek/Projects/fastlim-1.0
 
#################################################################
#                                                               #
#                                                               #
#                     This is Fastlim  ver. 1.0                 #
#                                                               #
#          A fast LHC limit calculator for BSM models.          #
#                                                               #
#                  http://cern.ch/fastlim-1.0/                  #
#                                                               #
#  for bugs/feature requests: fastlim-1.0.developers@gmail.com  #
#                                                               #
#    please refer to:                                           #
#    M.Papucci, K.Sakurai, A.Weiler, L.Zeune arXiv:1402.xxxx    #
#                                                               #
#################################################################
 

!! Masses incompatible with the data for ERER !!

!! Problem with reading tables for ER ER !! Probably mass outside the table !! Setting xsec to 10^-20 !!

!! Masses incompatible with the data for ELEL !!

!! Problem with reading tables for EL EL !! Probably mass outside the table !! Setting xsec to 10^-20 !!

!! Masses incompatible with the data for TAU1TAU1 !!

!! Problem with reading tables for TAU1 TAU1 !! Probably mass outside the table !! Setting xsec to 10^-20 !!

!! Masses incompatible with the data for TAU2TAU2 !!

!! Problem with reading tables for TAU2 TAU2 !! Probably mass outside the table !! Setting xsec to 10^-20 !!
!! EWK PROCESS C1C2 NOT FOUND !! WILL TRY TO LOOK FOR +/- MODES !!
XSEC FOUND FOR: C1-C2+
XSEC FOUND FOR: C1+C2-
!! EWK PROCESS C1N1 NOT FOUND !! WILL TRY TO LOOK FOR +/- MODES !!
XSEC FOUND FOR: C1+N1
XSEC FOUND FOR: C1-N1
!! EWK PROCESS C1N2 NOT FOUND !! WILL TRY TO LOOK FOR +/- MODES !!
XSEC FOUND FOR: C1+N2
XSEC FOUND FOR: C1-N2
!! EWK PROCESS C1N3 NOT FOUND !! WILL TRY TO LOOK FOR +/- MODES !!
XSEC FOUND FOR: C1+N3
XSEC FOUND FOR: C1-N3
!! EWK PROCESS C1N4 NOT FOUND !! WILL TRY TO LOOK FOR +/- MODES !!
XSEC FOUND FOR: C1+N4
XSEC FOUND FOR: C1-N4
!! EWK PROCESS C2N1 NOT FOUND !! WILL TRY TO LOOK FOR +/- MODES !!
XSEC FOUND FOR: C2+N1
XSEC FOUND FOR: C2-N1
!! EWK PROCESS C2N2 NOT FOUND !! WILL TRY TO LOOK FOR +/- MODES !!
XSEC FOUND FOR: C2+N2
XSEC FOUND FOR: C2-N2
!! EWK PROCESS C2N3 NOT FOUND !! WILL TRY TO LOOK FOR +/- MODES !!
XSEC FOUND FOR: C2+N3
XSEC FOUND FOR: C2-N3
!! EWK PROCESS C2N4 NOT FOUND !! WILL TRY TO LOOK FOR +/- MODES !!
XSEC FOUND FOR: C2+N4
XSEC FOUND FOR: C2-N4
---------------  Output inclusive processes  ---------------
The total xsec = 65327.27 [fb]
The total rate = 100.00%
Output upto 0.10%
                  Modes : xsec/fb      (rate)
            C1wN1_N2hN1 : 24180.3737651 (37.01)%
            C1wN1_C1wN1 : 12718.8812789 (19.47)%
            C1wN1_N2zN1 : 2737.2651748 (4.19)%
         GbtC1wN1_GttN1 : 251.9017171 (0.39)%
      C2hC1wN1_N4wC1wN1 : 213.3469489 (0.33)%
      C2hC1wN1_N3wC1wN1 : 209.5573561 (0.32)%
   GbtC1wN1_GbtC2hC1wN1 : 205.3199904 (0.31)%
      C2zC1wN1_N4wC1wN1 : 205.0883865 (0.31)%
      C2zC1wN1_N3wC1wN1 : 201.4454871 (0.31)%
   GbtC1wN1_GbtC2zC1wN1 : 197.3721478 (0.30)%
      GbtC1wN1_GqqC1wN1 : 192.3232957 (0.29)%
      C2wN2hN1_N4wC1wN1 : 190.3847939 (0.29)%
      N3wC1wN1_N4wC1wN1 : 187.5848201 (0.29)%
      C2wN2hN1_N3wC1wN1 : 187.0030682 (0.29)%
   GbtC1wN1_GbtC2wN2hN1 : 183.2217627 (0.28)%
      GbtC2hC1wN1_GttN1 : 163.5023716 (0.25)%
      GbtC1wN1_GbtC1wN1 : 158.1642444 (0.24)%
      GbtC2zC1wN1_GttN1 : 157.1732699 (0.24)%
         GqqC1wN1_GttN1 : 153.1527198 (0.23)%
      GbtC2wN2hN1_GttN1 : 145.9049003 (0.22)%
   GbtC1wN1_GttN4wC1wN1 : 143.0183585 (0.22)%
    GbtC1wN1_QqGbtC1wN1 : 136.5177269 (0.21)%
GbtC2hC1wN1_GbtC2zC1wN1 : 128.1087506 (0.20)%
   GbtC2hC1wN1_GqqC1wN1 : 124.8316816 (0.19)%
   GbtC1wN1_GttN3wC1wN1 : 122.5662913 (0.19)%
   GbtC2zC1wN1_GqqC1wN1 : 119.9995046 (0.18)%
GbtC2hC1wN1_GbtC2wN2hN1 : 118.9241307 (0.18)%
      C2hC1wN1_C2zC1wN1 : 116.7039148 (0.18)%
GbtC2wN2hN1_GbtC2zC1wN1 : 114.3206322 (0.17)%
      GttN1_GttN4wC1wN1 : 113.8897423 (0.17)%
   GbtC2wN2hN1_GqqC1wN1 : 111.3962684 (0.17)%
       GbtC1wN1_QqGttN1 : 108.7130975 (0.17)%
       GttN1_QqGbtC1wN1 : 108.7130975 (0.17)%
      C2hC1wN1_C2wN2hN1 : 108.3369524 (0.17)%
      C2wN2hN1_C2zC1wN1 : 104.1432787 (0.16)%
       GbtC1wN1_QqC1wN1 : 103.9514958 (0.16)%
            GttN1_GttN1 : 100.2983881 (0.15)%
      GbbN2hN1_GbtC1wN1 : 99.6053432 (0.15)%
      GttN1_GttN3wC1wN1 : 97.6031573 (0.15)%
      C2hC1wN1_N4hN2hN1 : 93.0453278 (0.14)%
GbtC2hC1wN1_GttN4wC1wN1 : 92.8292235 (0.14)%
         C2wN1_N4wC1wN1 : 91.5180112 (0.14)%
         C2wN1_N3wC1wN1 : 89.8924149 (0.14)%
      C2zC1wN1_N4hN2hN1 : 89.4435858 (0.14)%
GbtC2zC1wN1_GttN4wC1wN1 : 89.2358469 (0.14)%
 GbtC1wN1_QqGbtC2hC1wN1 : 88.6098450 (0.14)%
 GbtC2hC1wN1_QqGbtC1wN1 : 88.6098450 (0.14)%
      GbtC1wN1_GbtC2wN1 : 88.0747405 (0.13)%
   GqqC1wN1_GttN4wC1wN1 : 86.9531611 (0.13)%
          GttN1_QqGttN1 : 86.5714499 (0.13)%
      GbtC1wN1_GqqN2hN1 : 86.4214905 (0.13)%
      C2hC1wN1_N3zN2hN1 : 86.1668060 (0.13)%
 GbtC1wN1_QqGbtC2zC1wN1 : 85.1797986 (0.13)%
 GbtC2zC1wN1_QqGbtC1wN1 : 85.1797986 (0.13)%
      C2wN2hN1_N4hN2hN1 : 83.0310236 (0.13)%
    GbtC1wN1_QqGqqC1wN1 : 83.0008680 (0.13)%
    GqqC1wN1_QqGbtC1wN1 : 83.0008680 (0.13)%
GbtC2wN2hN1_GttN4wC1wN1 : 82.8381782 (0.13)%
      C2zC1wN1_N3zN2hN1 : 82.8313285 (0.13)%
          GttN1_QqC1wN1 : 82.7796459 (0.13)%
            N2hN1_N2hN1 : 82.1185123 (0.13)%
      N3wC1wN1_N4hN2hN1 : 81.8098930 (0.13)%
GbtC2hC1wN1_GttN3wC1wN1 : 79.5543577 (0.12)%
         GbbN2hN1_GttN1 : 79.3186762 (0.12)%
 GbtC2wN2hN1_QqGbtC1wN1 : 79.0729240 (0.12)%
 GbtC1wN1_QqGbtC2wN2hN1 : 79.0729240 (0.12)%
                  N1_N1 : 78.9104517 (0.12)%
      N3zN2hN1_N4wC1wN1 : 77.1320325 (0.12)%
      C2wN2hN1_N3zN2hN1 : 76.8928250 (0.12)%
GbtC2zC1wN1_GttN3wC1wN1 : 76.4748450 (0.12)%
   GqqC1wN1_GttN3wC1wN1 : 74.5185904 (0.11)%
         C1wN1_N3wC1wN1 : 71.1571844 (0.11)%
GbtC2wN2hN1_GttN3wC1wN1 : 70.9920628 (0.11)%
    GttN1_QqGbtC2hC1wN1 : 70.5626363 (0.11)%
    GbtC2hC1wN1_QqGttN1 : 70.5626363 (0.11)%
         GbtC2wN1_GttN1 : 70.1365168 (0.11)%
         GqqN2hN1_GttN1 : 68.8199850 (0.11)%
    GttN1_QqGbtC2zC1wN1 : 67.8311891 (0.10)%
    GbtC2zC1wN1_QqGttN1 : 67.8311891 (0.10)%
    GbtC2hC1wN1_QqC1wN1 : 67.4720136 (0.10)%
GbtC2hC1wN1_GbtC2hC1wN1 : 66.6337367 (0.10)%
       GttN1_QqGqqC1wN1 : 66.0960423 (0.10)%
       GqqC1wN1_QqGttN1 : 66.0960423 (0.10)%
    GbtC2zC1wN1_QqC1wN1 : 64.8602030 (0.10)%
------------------------------------------------------------
                                      SUM=74.39%

SHOWING PROCESSES TO GET 90.00% SUSY COVERAGE
---------------  Output inclusive processes  ---------------
The total xsec = 65327.27 [fb]
The total rate = 100.00%
                      Modes : xsec/fb      (rate)
                C1wN1_N2hN1 : 24180.3737651 (37.01)%
                C1wN1_C1wN1 : 12718.8812789 (19.47)%
                C1wN1_N2zN1 : 2737.2651748 (4.19)%
             GbtC1wN1_GttN1 : 251.9017171 (0.39)%
          C2hC1wN1_N4wC1wN1 : 213.3469489 (0.33)%
          C2hC1wN1_N3wC1wN1 : 209.5573561 (0.32)%
       GbtC1wN1_GbtC2hC1wN1 : 205.3199904 (0.31)%
          C2zC1wN1_N4wC1wN1 : 205.0883865 (0.31)%
          C2zC1wN1_N3wC1wN1 : 201.4454871 (0.31)%
       GbtC1wN1_GbtC2zC1wN1 : 197.3721478 (0.30)%
          GbtC1wN1_GqqC1wN1 : 192.3232957 (0.29)%
          C2wN2hN1_N4wC1wN1 : 190.3847939 (0.29)%
          N3wC1wN1_N4wC1wN1 : 187.5848201 (0.29)%
          C2wN2hN1_N3wC1wN1 : 187.0030682 (0.29)%
       GbtC1wN1_GbtC2wN2hN1 : 183.2217627 (0.28)%
          GbtC2hC1wN1_GttN1 : 163.5023716 (0.25)%
          GbtC1wN1_GbtC1wN1 : 158.1642444 (0.24)%
          GbtC2zC1wN1_GttN1 : 157.1732699 (0.24)%
             GqqC1wN1_GttN1 : 153.1527198 (0.23)%
          GbtC2wN2hN1_GttN1 : 145.9049003 (0.22)%
       GbtC1wN1_GttN4wC1wN1 : 143.0183585 (0.22)%
        GbtC1wN1_QqGbtC1wN1 : 136.5177269 (0.21)%
    GbtC2hC1wN1_GbtC2zC1wN1 : 128.1087506 (0.20)%
       GbtC2hC1wN1_GqqC1wN1 : 124.8316816 (0.19)%
       GbtC1wN1_GttN3wC1wN1 : 122.5662913 (0.19)%
       GbtC2zC1wN1_GqqC1wN1 : 119.9995046 (0.18)%
    GbtC2hC1wN1_GbtC2wN2hN1 : 118.9241307 (0.18)%
          C2hC1wN1_C2zC1wN1 : 116.7039148 (0.18)%
    GbtC2wN2hN1_GbtC2zC1wN1 : 114.3206322 (0.17)%
          GttN1_GttN4wC1wN1 : 113.8897423 (0.17)%
       GbtC2wN2hN1_GqqC1wN1 : 111.3962684 (0.17)%
           GbtC1wN1_QqGttN1 : 108.7130975 (0.17)%
           GttN1_QqGbtC1wN1 : 108.7130975 (0.17)%
          C2hC1wN1_C2wN2hN1 : 108.3369524 (0.17)%
          C2wN2hN1_C2zC1wN1 : 104.1432787 (0.16)%
           GbtC1wN1_QqC1wN1 : 103.9514958 (0.16)%
                GttN1_GttN1 : 100.2983881 (0.15)%
          GbbN2hN1_GbtC1wN1 : 99.6053432 (0.15)%
          GttN1_GttN3wC1wN1 : 97.6031573 (0.15)%
          C2hC1wN1_N4hN2hN1 : 93.0453278 (0.14)%
    GbtC2hC1wN1_GttN4wC1wN1 : 92.8292235 (0.14)%
             C2wN1_N4wC1wN1 : 91.5180112 (0.14)%
             C2wN1_N3wC1wN1 : 89.8924149 (0.14)%
          C2zC1wN1_N4hN2hN1 : 89.4435858 (0.14)%
    GbtC2zC1wN1_GttN4wC1wN1 : 89.2358469 (0.14)%
     GbtC1wN1_QqGbtC2hC1wN1 : 88.6098450 (0.14)%
     GbtC2hC1wN1_QqGbtC1wN1 : 88.6098450 (0.14)%
          GbtC1wN1_GbtC2wN1 : 88.0747405 (0.13)%
       GqqC1wN1_GttN4wC1wN1 : 86.9531611 (0.13)%
              GttN1_QqGttN1 : 86.5714499 (0.13)%
          GbtC1wN1_GqqN2hN1 : 86.4214905 (0.13)%
          C2hC1wN1_N3zN2hN1 : 86.1668060 (0.13)%
     GbtC1wN1_QqGbtC2zC1wN1 : 85.1797986 (0.13)%
     GbtC2zC1wN1_QqGbtC1wN1 : 85.1797986 (0.13)%
          C2wN2hN1_N4hN2hN1 : 83.0310236 (0.13)%
        GbtC1wN1_QqGqqC1wN1 : 83.0008680 (0.13)%
        GqqC1wN1_QqGbtC1wN1 : 83.0008680 (0.13)%
    GbtC2wN2hN1_GttN4wC1wN1 : 82.8381782 (0.13)%
          C2zC1wN1_N3zN2hN1 : 82.8313285 (0.13)%
              GttN1_QqC1wN1 : 82.7796459 (0.13)%
                N2hN1_N2hN1 : 82.1185123 (0.13)%
          N3wC1wN1_N4hN2hN1 : 81.8098930 (0.13)%
    GbtC2hC1wN1_GttN3wC1wN1 : 79.5543577 (0.12)%
             GbbN2hN1_GttN1 : 79.3186762 (0.12)%
     GbtC2wN2hN1_QqGbtC1wN1 : 79.0729240 (0.12)%
     GbtC1wN1_QqGbtC2wN2hN1 : 79.0729240 (0.12)%
                      N1_N1 : 78.9104517 (0.12)%
          N3zN2hN1_N4wC1wN1 : 77.1320325 (0.12)%
          C2wN2hN1_N3zN2hN1 : 76.8928250 (0.12)%
    GbtC2zC1wN1_GttN3wC1wN1 : 76.4748450 (0.12)%
       GqqC1wN1_GttN3wC1wN1 : 74.5185904 (0.11)%
             C1wN1_N3wC1wN1 : 71.1571844 (0.11)%
    GbtC2wN2hN1_GttN3wC1wN1 : 70.9920628 (0.11)%
        GttN1_QqGbtC2hC1wN1 : 70.5626363 (0.11)%
        GbtC2hC1wN1_QqGttN1 : 70.5626363 (0.11)%
             GbtC2wN1_GttN1 : 70.1365168 (0.11)%
             GqqN2hN1_GttN1 : 68.8199850 (0.11)%
        GttN1_QqGbtC2zC1wN1 : 67.8311891 (0.10)%
        GbtC2zC1wN1_QqGttN1 : 67.8311891 (0.10)%
        GbtC2hC1wN1_QqC1wN1 : 67.4720136 (0.10)%
    GbtC2hC1wN1_GbtC2hC1wN1 : 66.6337367 (0.10)%
           GttN1_QqGqqC1wN1 : 66.0960423 (0.10)%
           GqqC1wN1_QqGttN1 : 66.0960423 (0.10)%
        GbtC2zC1wN1_QqC1wN1 : 64.8602030 (0.10)%
       GbbN2hN1_GbtC2hC1wN1 : 64.6510473 (0.10)%
             GbtC1wN1_GqqN1 : 63.5246086 (0.10)%
           GqqC1wN1_QqC1wN1 : 63.2010551 (0.10)%
        GbtC2wN2hN1_QqGttN1 : 62.9681045 (0.10)%
        GttN1_QqGbtC2wN2hN1 : 62.9681045 (0.10)%
       GbtC1wN1_GttN4hN2hN1 : 62.3734725 (0.10)%
       GbbN2hN1_GbtC2zC1wN1 : 62.1484350 (0.10)%
     GttN4wC1wN1_QqGbtC1wN1 : 61.7223611 (0.09)%
     GbtC1wN1_QqGttN4wC1wN1 : 61.7223611 (0.09)%
    GbtC2zC1wN1_GbtC2zC1wN1 : 61.5748599 (0.09)%
          C2hC1wN1_C2hC1wN1 : 60.7016920 (0.09)%
          GbbN2hN1_GqqC1wN1 : 60.5586552 (0.09)%
         QqGbtC1wN1_QqGttN1 : 60.5537789 (0.09)%
        GbtC2wN2hN1_QqC1wN1 : 60.2101200 (0.09)%
          GqqC1wN1_GqqC1wN1 : 58.4649365 (0.09)%
         QqC1wN1_QqGbtC1wN1 : 57.9015412 (0.09)%
       GbbN2hN1_GbtC2wN2hN1 : 57.6927694 (0.09)%
  GbtC2hC1wN1_QqGbtC2hC1wN1 : 57.5141765 (0.09)%
       GbtC2hC1wN1_GbtC2wN1 : 57.1668551 (0.09)%
       GbtC2hC1wN1_GqqN2hN1 : 56.0937766 (0.09)%
          C2zC1wN1_C2zC1wN1 : 56.0931799 (0.09)%
    GttN3wC1wN1_GttN4wC1wN1 : 55.4146415 (0.08)%
  GbtC2zC1wN1_QqGbtC2hC1wN1 : 55.2878291 (0.08)%
  GbtC2hC1wN1_QqGbtC2zC1wN1 : 55.2878291 (0.08)%
       GbtC2wN1_GbtC2zC1wN1 : 54.9539524 (0.08)%
       GbtC2zC1wN1_GqqN2hN1 : 53.9224123 (0.08)%
     GqqC1wN1_QqGbtC2hC1wN1 : 53.8735461 (0.08)%
     GbtC2hC1wN1_QqGqqC1wN1 : 53.8735461 (0.08)%
          GbtC2wN1_GqqC1wN1 : 53.5482100 (0.08)%
  GbtC2zC1wN1_QqGbtC2zC1wN1 : 53.1476626 (0.08)%
    GbtC2wN2hN1_GbtC2wN2hN1 : 53.0622683 (0.08)%
     GbtC1wN1_QqGttN3wC1wN1 : 52.8958727 (0.08)%
     GttN3wC1wN1_QqGbtC1wN1 : 52.8958727 (0.08)%
          GqqC1wN1_GqqN2hN1 : 52.5430572 (0.08)%
             C2hC1wN1_C2wN1 : 52.0775962 (0.08)%
     GbtC2zC1wN1_QqGqqC1wN1 : 51.7881259 (0.08)%
     GqqC1wN1_QqGbtC2zC1wN1 : 51.7881259 (0.08)%
  GbtC2wN2hN1_QqGbtC2hC1wN1 : 51.3240273 (0.08)%
  GbtC2hC1wN1_QqGbtC2wN2hN1 : 51.3240273 (0.08)%
       GbtC2wN1_GbtC2wN2hN1 : 51.0140875 (0.08)%
                GqqN1_GttN1 : 50.5865218 (0.08)%
        GqqC1wN1_QqGqqC1wN1 : 50.4633666 (0.08)%
       GbtC1wN1_GttN3zN2hN1 : 50.3973998 (0.08)%
          GbtC1wN1_GttN2hN1 : 50.2137337 (0.08)%
             C2wN1_C2zC1wN1 : 50.0616964 (0.08)%
       GbtC2wN2hN1_GqqN2hN1 : 50.0565026 (0.08)%
          GttN1_GttN4hN2hN1 : 49.6698381 (0.08)%
   QqGbtC1wN1_QqGbtC2hC1wN1 : 49.3561594 (0.08)%
  GbtC2wN2hN1_QqGbtC2zC1wN1 : 49.3372978 (0.08)%
  GbtC2zC1wN1_QqGbtC2wN2hN1 : 49.3372978 (0.08)%
        GttN4wC1wN1_QqGttN1 : 49.1513389 (0.08)%
        GttN1_QqGttN4wC1wN1 : 49.1513389 (0.08)%
                   C1wN1_N1 : 49.1184223 (0.08)%
          C2wN2hN1_C2wN2hN1 : 48.3384189 (0.07)%
     GbtC2wN2hN1_QqGqqC1wN1 : 48.0752315 (0.07)%
     GqqC1wN1_QqGbtC2wN2hN1 : 48.0752315 (0.07)%
   QqGbtC1wN1_QqGbtC2zC1wN1 : 47.4456051 (0.07)%
           GbtC1wN1_QqN2hN1 : 47.0600447 (0.07)%
        GttN4wC1wN1_QqC1wN1 : 46.9985247 (0.07)%
             C2wN1_C2wN2hN1 : 46.4725766 (0.07)%
      QqGbtC1wN1_QqGqqC1wN1 : 46.2319291 (0.07)%
            QqC1wN1_QqGttN1 : 46.1087071 (0.07)%
  GbtC2wN2hN1_QqGbtC2wN2hN1 : 45.8001130 (0.07)%
             C2hC1wN1_N3zN1 : 45.2532254 (0.07)%
       GbbN2hN1_GttN4wC1wN1 : 45.0335433 (0.07)%
   QqGbtC1wN1_QqGbtC2wN2hN1 : 44.0440432 (0.07)%
             C2zC1wN1_N3zN1 : 43.5014939 (0.07)%
        GbbN2hN1_QqGbtC1wN1 : 42.9866279 (0.07)%
        GbtC1wN1_QqGbbN2hN1 : 42.9866279 (0.07)%
        GttN3wC1wN1_QqGttN1 : 42.1225455 (0.06)%
        GttN1_QqGttN3wC1wN1 : 42.1225455 (0.06)%
          GbtC2hC1wN1_GqqN1 : 41.2320499 (0.06)%
             C2hC1wN1_N4hN1 : 40.7935325 (0.06)%
             N3zN1_N4wC1wN1 : 40.5083282 (0.06)%
    GbtC2hC1wN1_GttN4hN2hN1 : 40.4848795 (0.06)%
             C2wN2hN1_N3zN1 : 40.3827008 (0.06)%
        GttN3wC1wN1_QqC1wN1 : 40.2775904 (0.06)%
          GttN1_GttN3zN2hN1 : 40.1329377 (0.06)%
  GttN4wC1wN1_QqGbtC2hC1wN1 : 40.0622613 (0.06)%
  GbtC2hC1wN1_QqGttN4wC1wN1 : 40.0622613 (0.06)%
             GttN1_GttN2hN1 : 39.9866790 (0.06)%
             C2wN1_N4hN2hN1 : 39.9130308 (0.06)%
       GbtC2wN1_GttN4wC1wN1 : 39.8203300 (0.06)%
          GbtC2zC1wN1_GqqN1 : 39.6359762 (0.06)%
      QqGbtC2hC1wN1_QqGttN1 : 39.3037672 (0.06)%
             C2zC1wN1_N4hN1 : 39.2144336 (0.06)%
       GqqN2hN1_GttN4wC1wN1 : 39.0728630 (0.06)%
    GbtC2zC1wN1_GttN4hN2hN1 : 38.9177284 (0.06)%
             GqqC1wN1_GqqN1 : 38.6220733 (0.06)%
       GbbN2hN1_GttN3wC1wN1 : 38.5936074 (0.06)%
  GttN4wC1wN1_QqGbtC2zC1wN1 : 38.5114696 (0.06)%
  GbtC2zC1wN1_QqGttN4wC1wN1 : 38.5114696 (0.06)%
      QqGbtC1wN1_QqGbtC1wN1 : 38.0205534 (0.06)%
        GbtC1wN1_QqGbtC2wN1 : 38.0103715 (0.06)%
        GbtC2wN1_QqGbtC1wN1 : 38.0103715 (0.06)%
       GqqC1wN1_GttN4hN2hN1 : 37.9221986 (0.06)%
      QqGbtC2zC1wN1_QqGttN1 : 37.7823365 (0.06)%
      QqC1wN1_QqGbtC2hC1wN1 : 37.5822738 (0.06)%
     GttN4wC1wN1_QqGqqC1wN1 : 37.5263320 (0.06)%
     GqqC1wN1_QqGttN4wC1wN1 : 37.5263320 (0.06)%
              GttN1_QqN2hN1 : 37.4753033 (0.06)%
        GbtC1wN1_QqGqqN2hN1 : 37.2968792 (0.06)%
        GqqN2hN1_QqGbtC1wN1 : 37.2968792 (0.06)%
             C2wN1_N3zN2hN1 : 36.9623974 (0.06)%
         QqGqqC1wN1_QqGttN1 : 36.8158504 (0.06)%
          GbtC2wN2hN1_GqqN1 : 36.7943172 (0.06)%
             C2wN2hN1_N4hN1 : 36.4029967 (0.06)%
    GbtC2wN2hN1_GttN4hN2hN1 : 36.1275635 (0.06)%
      QqC1wN1_QqGbtC2zC1wN1 : 36.1274812 (0.06)%
             N3wC1wN1_N4hN1 : 35.8676208 (0.05)%
  GttN4wC1wN1_QqGbtC2wN2hN1 : 35.7504309 (0.05)%
  GbtC2wN2hN1_QqGttN4wC1wN1 : 35.7504309 (0.05)%
         QqC1wN1_QqGqqC1wN1 : 35.2033270 (0.05)%
      QqGbtC2wN2hN1_QqGttN1 : 35.0735722 (0.05)%
   QqGbtC1wN1_QqGttN4wC1wN1 : 34.3796865 (0.05)%
  GttN3wC1wN1_QqGbtC2hC1wN1 : 34.3332342 (0.05)%
  GbtC2hC1wN1_QqGttN3wC1wN1 : 34.3332342 (0.05)%
           GbbN2hN1_QqGttN1 : 34.2315212 (0.05)%
           GttN1_QqGbbN2hN1 : 34.2315212 (0.05)%
       GbtC2wN1_GttN3wC1wN1 : 34.1258998 (0.05)%
          N3zN2hN1_N4hN2hN1 : 33.6389870 (0.05)%
      QqC1wN1_QqGbtC2wN2hN1 : 33.5373601 (0.05)%
       GqqN2hN1_GttN3wC1wN1 : 33.4853229 (0.05)%
  GttN3wC1wN1_QqGbtC2zC1wN1 : 33.0042104 (0.05)%
  GbtC2zC1wN1_QqGttN3wC1wN1 : 33.0042104 (0.05)%
           GbbN2hN1_QqC1wN1 : 32.7321907 (0.05)%
    GbtC2hC1wN1_GttN3zN2hN1 : 32.7115451 (0.05)%
       GbtC2hC1wN1_GttN2hN1 : 32.5923326 (0.05)%
    GttN4wC1wN1_GttN4wC1wN1 : 32.3307125 (0.05)%
     GttN3wC1wN1_QqGqqC1wN1 : 32.1599506 (0.05)%
     GqqC1wN1_QqGttN3wC1wN1 : 32.1599506 (0.05)%
    GbtC2zC1wN1_GttN3zN2hN1 : 31.4452962 (0.05)%
       GbtC2zC1wN1_GttN2hN1 : 31.3306984 (0.05)%
QqGbtC2hC1wN1_QqGbtC2zC1wN1 : 30.7956176 (0.05)%
       GqqC1wN1_GttN3zN2hN1 : 30.6409140 (0.05)%
  GttN3wC1wN1_QqGbtC2wN2hN1 : 30.6380088 (0.05)%
  GbtC2wN2hN1_QqGttN3wC1wN1 : 30.6380088 (0.05)%
        GbtC2hC1wN1_QqN2hN1 : 30.5453611 (0.05)%
          GqqC1wN1_GttN2hN1 : 30.5292476 (0.05)%
             N2hN1_N3wC1wN1 : 30.4376194 (0.05)%
           GttN1_QqGbtC2wN1 : 30.2687813 (0.05)%
           GbtC2wN1_QqGttN1 : 30.2687813 (0.05)%
   QqGbtC2hC1wN1_QqGqqC1wN1 : 30.0078544 (0.05)%
           GttN1_QqGqqN2hN1 : 29.7006063 (0.05)%
           GqqN2hN1_QqGttN1 : 29.7006063 (0.05)%
   QqGbtC1wN1_QqGttN3wC1wN1 : 29.4632851 (0.05)%
        GbtC2zC1wN1_QqN2hN1 : 29.3629642 (0.04)%
             C1wN1_N3zN2hN1 : 29.2587548 (0.04)%
    GbtC2wN2hN1_GttN3zN2hN1 : 29.1908593 (0.04)%
       GbtC2wN2hN1_GttN2hN1 : 29.0844775 (0.04)%
           GbtC2wN1_QqC1wN1 : 28.9430176 (0.04)%
   QqGbtC2zC1wN1_QqGqqC1wN1 : 28.8462641 (0.04)%
          GqqN1_GttN4wC1wN1 : 28.7207304 (0.04)%
           GqqC1wN1_QqN2hN1 : 28.6118488 (0.04)%
QqGbtC2hC1wN1_QqGbtC2wN2hN1 : 28.5877587 (0.04)%
           GqqN2hN1_QqC1wN1 : 28.3997285 (0.04)%
    GttN4hN2hN1_GttN4wC1wN1 : 28.2002790 (0.04)%
  GttN4wC1wN1_QqGttN4wC1wN1 : 27.9058987 (0.04)%
     GbbN2hN1_QqGbtC2hC1wN1 : 27.9014200 (0.04)%
     GbtC2hC1wN1_QqGbbN2hN1 : 27.9014200 (0.04)%
          GbbN2hN1_GbtC2wN1 : 27.7329266 (0.04)%
QqGbtC2wN2hN1_QqGbtC2zC1wN1 : 27.4811397 (0.04)%
           GqqN1_QqGbtC1wN1 : 27.4152834 (0.04)%
           GbtC1wN1_QqGqqN1 : 27.4152834 (0.04)%
      QqGttN1_QqGttN4wC1wN1 : 27.3775596 (0.04)%
          GbtC1wN1_GttN4hN1 : 27.3461799 (0.04)%
        GbtC2wN2hN1_QqN2hN1 : 27.2578179 (0.04)%
          GbbN2hN1_GqqN2hN1 : 27.2123521 (0.04)%
     GbtC1wN1_QqGttN4hN2hN1 : 26.9184882 (0.04)%
     GttN4hN2hN1_QqGbtC1wN1 : 26.9184882 (0.04)%
     GbbN2hN1_QqGbtC2zC1wN1 : 26.8213689 (0.04)%
     GbtC2zC1wN1_QqGbbN2hN1 : 26.8213689 (0.04)%
   QqGbtC2wN2hN1_QqGqqC1wN1 : 26.7781621 (0.04)%
          GbtC1wN1_GttN3zN1 : 26.4677896 (0.04)%
         QqGbtC1wN1_QqN2hN1 : 26.2126975 (0.04)%
      QqC1wN1_QqGttN4wC1wN1 : 26.1784305 (0.04)%
        GbbN2hN1_QqGqqC1wN1 : 26.1352684 (0.04)%
        GqqC1wN1_QqGbbN2hN1 : 26.1352684 (0.04)%
     GbtC2wN2hN1_QqGbbN2hN1 : 24.8984395 (0.04)%
     GbbN2hN1_QqGbtC2wN2hN1 : 24.8984395 (0.04)%
       GbbN3wC1wN1_GbtC1wN1 : 24.8506499 (0.04)%
     GbtC2hC1wN1_QqGbtC2wN1 : 24.6714709 (0.04)%
     GbtC2wN1_QqGbtC2hC1wN1 : 24.6714709 (0.04)%
          GqqN1_GttN3wC1wN1 : 24.6135772 (0.04)%
     GqqN2hN1_QqGbtC2hC1wN1 : 24.2083630 (0.04)%
     GbtC2hC1wN1_QqGqqN2hN1 : 24.2083630 (0.04)%
    GttN3wC1wN1_GttN4hN2hN1 : 24.1675520 (0.04)%
            QqGttN1_QqGttN1 : 24.1103812 (0.04)%
          GbtC2wN1_GqqN2hN1 : 24.0621715 (0.04)%
      QqGbbN2hN1_QqGbtC1wN1 : 23.9437825 (0.04)%
  GttN3wC1wN1_QqGttN4wC1wN1 : 23.9152690 (0.04)%
  GttN4wC1wN1_QqGttN3wC1wN1 : 23.9152690 (0.04)%
    GttN3wC1wN1_GttN3wC1wN1 : 23.7450882 (0.04)%
     GbtC2zC1wN1_QqGbtC2wN1 : 23.7164496 (0.04)%
     GbtC2wN1_QqGbtC2zC1wN1 : 23.7164496 (0.04)%
      QqGttN1_QqGttN3wC1wN1 : 23.4624840 (0.04)%
     GqqN2hN1_QqGbtC2zC1wN1 : 23.2712684 (0.04)%
     GbtC2zC1wN1_QqGqqN2hN1 : 23.2712684 (0.04)%
       GbbN4wC1wN1_GbtC1wN1 : 23.1579471 (0.04)%
        GqqC1wN1_QqGbtC2wN1 : 23.1097741 (0.04)%
        GbtC2wN1_QqGqqC1wN1 : 23.1097741 (0.04)%
    GttN3zN2hN1_GttN4wC1wN1 : 22.7856600 (0.03)%
       GttN2hN1_GttN4wC1wN1 : 22.7026209 (0.03)%
        GqqN2hN1_QqGqqC1wN1 : 22.6759808 (0.03)%
        GqqC1wN1_QqGqqN2hN1 : 22.6759808 (0.03)%
      QqC1wN1_QqGttN3wC1wN1 : 22.4348341 (0.03)%
QqGbtC2hC1wN1_QqGttN4wC1wN1 : 22.3148946 (0.03)%
            QqC1wN1_QqC1wN1 : 22.0445797 (0.03)%
     GbtC2wN2hN1_QqGbtC2wN1 : 22.0161241 (0.03)%
     GbtC2wN1_QqGbtC2wN2hN1 : 22.0161241 (0.03)%
              GqqN1_QqGttN1 : 21.8315998 (0.03)%
              GttN1_QqGqqN1 : 21.8315998 (0.03)%
             GttN1_GttN4hN1 : 21.7765706 (0.03)%
     GbtC1wN1_QqGttN3zN2hN1 : 21.7499805 (0.03)%
     GttN3zN2hN1_QqGbtC1wN1 : 21.7499805 (0.03)%
        GbtC1wN1_QqGttN2hN1 : 21.6707158 (0.03)%
        GttN2hN1_QqGbtC1wN1 : 21.6707158 (0.03)%
     GbtC2wN2hN1_QqGqqN2hN1 : 21.6028597 (0.03)%
     GqqN2hN1_QqGbtC2wN2hN1 : 21.6028597 (0.03)%
          C2wN2zN1_N4wC1wN1 : 21.5519277 (0.03)%
QqGbtC2zC1wN1_QqGttN4wC1wN1 : 21.4510953 (0.03)%
        GttN1_QqGttN4hN2hN1 : 21.4359870 (0.03)%
        GttN4hN2hN1_QqGttN1 : 21.4359870 (0.03)%
        GttN4wC1wN1_QqN2hN1 : 21.2767758 (0.03)%
      QqGbtC1wN1_QqGbtC2wN1 : 21.1719810 (0.03)%
          C2wN2zN1_N3wC1wN1 : 21.1691098 (0.03)%
             GttN1_GttN3zN1 : 21.0770825 (0.03)%
   QqGqqC1wN1_QqGttN4wC1wN1 : 20.9023684 (0.03)%
              GqqN1_QqC1wN1 : 20.8753821 (0.03)%
            QqGttN1_QqN2hN1 : 20.8739451 (0.03)%
      QqGbtC1wN1_QqGqqN2hN1 : 20.7745620 (0.03)%
       GbtC1wN1_GbtC2wN2zN1 : 20.7410586 (0.03)%
        GttN4hN2hN1_QqC1wN1 : 20.4970971 (0.03)%
  GttN3wC1wN1_QqGttN3wC1wN1 : 20.4953116 (0.03)%
             C1wN1_N4wC1wN1 : 20.0998279 (0.03)%
             GbbN2hN1_GqqN1 : 20.0025943 (0.03)%
            QqC1wN1_QqN2hN1 : 19.9596725 (0.03)%
QqGbtC2wN2hN1_QqGttN4wC1wN1 : 19.9131820 (0.03)%
          GbbN3wC1wN1_GttN1 : 19.7893064 (0.03)%
             GbbN1_GbtC1wN1 : 19.6789730 (0.03)%
       GbbN2hN1_GttN4hN2hN1 : 19.6401252 (0.03)%
    GttN3wC1wN1_GttN3zN2hN1 : 19.5272402 (0.03)%
       GttN2hN1_GttN3wC1wN1 : 19.4560760 (0.03)%
     GbbN2hN1_QqGttN4wC1wN1 : 19.4351036 (0.03)%
     GttN4wC1wN1_QqGbbN2hN1 : 19.4351036 (0.03)%
                C2wN1_N3zN1 : 19.4119729 (0.03)%
QqGbtC2hC1wN1_QqGttN3wC1wN1 : 19.1237957 (0.03)%
         QqGbbN2hN1_QqGttN1 : 19.0671411 (0.03)%
                N2hN1_N2zN1 : 18.5919495 (0.03)%
          GbbN4wC1wN1_GttN1 : 18.4413572 (0.03)%
QqGbtC2zC1wN1_QqGttN3wC1wN1 : 18.3835224 (0.03)%
        GttN3wC1wN1_QqN2hN1 : 18.2341311 (0.03)%
         QqC1wN1_QqGbbN2hN1 : 18.2320059 (0.03)%
   QqGqqC1wN1_QqGttN3wC1wN1 : 17.9132651 (0.03)%
        GqqN1_QqGbtC2hC1wN1 : 17.7944950 (0.03)%
        GbtC2hC1wN1_QqGqqN1 : 17.7944950 (0.03)%
       GbtC2hC1wN1_GttN4hN1 : 17.7496419 (0.03)%
             GbtC2wN1_GqqN1 : 17.6870362 (0.03)%
             N3zN1_N4hN2hN1 : 17.6665787 (0.03)%
                C2wN1_N4hN1 : 17.4989283 (0.03)%
  GttN4hN2hN1_QqGbtC2hC1wN1 : 17.4720391 (0.03)%
  GbtC2hC1wN1_QqGttN4hN2hN1 : 17.4720391 (0.03)%
       GbtC2wN1_GttN4hN2hN1 : 17.3665275 (0.03)%
             GqqN1_GqqN2hN1 : 17.3550330 (0.03)%
        GttN1_QqGttN3zN2hN1 : 17.3201518 (0.03)%
        GttN3zN2hN1_QqGttN1 : 17.3201518 (0.03)%
           GttN1_QqGttN2hN1 : 17.2570310 (0.03)%
           GttN2hN1_QqGttN1 : 17.2570310 (0.03)%
     GttN4wC1wN1_QqGbtC2wN1 : 17.1852398 (0.03)%
     GbtC2wN1_QqGttN4wC1wN1 : 17.1852398 (0.03)%
       GbtC2hC1wN1_GttN3zN1 : 17.1795033 (0.03)%
        GqqN1_QqGbtC2zC1wN1 : 17.1056783 (0.03)%
        GbtC2zC1wN1_QqGqqN1 : 17.1056783 (0.03)%
QqGbtC2wN2hN1_QqGttN3wC1wN1 : 17.0655354 (0.03)%
       GbtC2zC1wN1_GttN4hN1 : 17.0625614 (0.03)%
       GqqN2hN1_GttN4hN2hN1 : 17.0405406 (0.03)%
      QqGbtC2hC1wN1_QqN2hN1 : 17.0139301 (0.03)%
     GttN4wC1wN1_QqGqqN2hN1 : 16.8626559 (0.03)%
     GqqN2hN1_QqGttN4wC1wN1 : 16.8626559 (0.03)%
         QqGbtC2wN1_QqGttN1 : 16.8598737 (0.03)%
  GttN4hN2hN1_QqGbtC2zC1wN1 : 16.7957045 (0.03)%
  GbtC2zC1wN1_QqGttN4hN2hN1 : 16.7957045 (0.03)%
           GqqN1_QqGqqC1wN1 : 16.6681088 (0.03)%
           GqqC1wN1_QqGqqN1 : 16.6681088 (0.03)%
     GbbN2hN1_QqGttN3wC1wN1 : 16.6558238 (0.03)%
     GttN3wC1wN1_QqGbbN2hN1 : 16.6558238 (0.03)%
          GqqC1wN1_GttN4hN1 : 16.6260948 (0.03)%
        GttN3zN2hN1_QqC1wN1 : 16.5615342 (0.03)%
         QqGqqN2hN1_QqGttN1 : 16.5433972 (0.03)%
          GbtC2wN2zN1_GttN1 : 16.5167175 (0.03)%
       GbtC2zC1wN1_GttN3zN1 : 16.5144926 (0.03)%
           GttN2hN1_QqC1wN1 : 16.5011781 (0.03)%
     GttN4hN2hN1_QqGqqC1wN1 : 16.3660642 (0.03)%
     GqqC1wN1_QqGttN4hN2hN1 : 16.3660642 (0.03)%
      QqGbtC2zC1wN1_QqN2hN1 : 16.3553287 (0.03)%
       T1bC1wN1_T1tN3wC1wN1 : 16.1774109 (0.02)%
    GbbN3wC1wN1_GbtC2hC1wN1 : 16.1298630 (0.02)%
         QqC1wN1_QqGbtC2wN1 : 16.1214162 (0.02)%
          GqqC1wN1_GttN3zN1 : 16.0920458 (0.02)%
QqGbtC2hC1wN1_QqGbtC2hC1wN1 : 16.0178525 (0.02)%
         QqGqqC1wN1_QqN2hN1 : 15.9369534 (0.02)%
        GqqN1_QqGbtC2wN2hN1 : 15.8793050 (0.02)%
        GbtC2wN2hN1_QqGqqN1 : 15.8793050 (0.02)%
       GbbN2hN1_GttN3zN2hN1 : 15.8691059 (0.02)%
       GbtC2wN2hN1_GttN4hN1 : 15.8392793 (0.02)%
         QqC1wN1_QqGqqN2hN1 : 15.8188012 (0.02)%
          GbbN2hN1_GttN2hN1 : 15.8112733 (0.02)%
          GbbN2hN1_GbbN2hN1 : 15.6818383 (0.02)%
                GbbN1_GttN1 : 15.6709474 (0.02)%
  GbtC2wN2hN1_QqGttN4hN2hN1 : 15.5915544 (0.02)%
  GttN4hN2hN1_QqGbtC2wN2hN1 : 15.5915544 (0.02)%
   QqGbbN2hN1_QqGbtC2hC1wN1 : 15.5412407 (0.02)%
    GbbN3wC1wN1_GbtC2zC1wN1 : 15.5054834 (0.02)%
                C1wN1_N3zN1 : 15.3661612 (0.02)%
       GbtC2wN2hN1_GttN3zN1 : 15.3305037 (0.02)%
         QqGbtC1wN1_QqGqqN1 : 15.2704600 (0.02)%
      QqGbtC2wN2hN1_QqN2hN1 : 15.1827509 (0.02)%
       GbbN3wC1wN1_GqqC1wN1 : 15.1088475 (0.02)%
    GbbN4wC1wN1_GbtC2hC1wN1 : 15.0311769 (0.02)%
   QqGbtC1wN1_QqGttN4hN2hN1 : 14.9937424 (0.02)%
   QqGbbN2hN1_QqGbtC2zC1wN1 : 14.9396464 (0.02)%
    T1bC2hC1wN1_T1tN3wC1wN1 : 14.8930044 (0.02)%
           GbbN2hN1_QqN2hN1 : 14.8182414 (0.02)%
QqGbtC2zC1wN1_QqGbtC2zC1wN1 : 14.8017667 (0.02)%
             N3zN2hN1_N4hN1 : 14.7482216 (0.02)%
     GttN3wC1wN1_QqGbtC2wN1 : 14.7276974 (0.02)%
     GbtC2wN1_QqGttN3wC1wN1 : 14.7276974 (0.02)%
      QqGbbN2hN1_QqGqqC1wN1 : 14.5574848 (0.02)%
     GttN3wC1wN1_QqGqqN2hN1 : 14.4512440 (0.02)%
     GqqN2hN1_QqGttN3wC1wN1 : 14.4512440 (0.02)%
    GbbN4wC1wN1_GbtC2zC1wN1 : 14.4493270 (0.02)%
------------------------------------------------------------
                                          SUM=90.01%
