/Users/rafalmaselek/Projects/fastlim-1.0
 
#################################################################
#                                                               #
#                                                               #
#                     This is Fastlim  ver. 1.0                 #
#                                                               #
#          A fast LHC limit calculator for BSM models.          #
#                                                               #
#                  http://cern.ch/fastlim-1.0/                  #
#                                                               #
#  for bugs/feature requests: fastlim-1.0.developers@gmail.com  #
#                                                               #
#    please refer to:                                           #
#    M.Papucci, K.Sakurai, A.Weiler, L.Zeune arXiv:1402.xxxx    #
#                                                               #
#################################################################
 

!! Masses incompatible with the data for ERER !!

!! Problem with reading tables for ER ER !! Probably mass outside the table !! Setting xsec to 10^-20 !!

!! Masses incompatible with the data for ELEL !!

!! Problem with reading tables for EL EL !! Probably mass outside the table !! Setting xsec to 10^-20 !!

!! Masses incompatible with the data for TAU1TAU1 !!

!! Problem with reading tables for TAU1 TAU1 !! Probably mass outside the table !! Setting xsec to 10^-20 !!

!! Masses incompatible with the data for TAU2TAU2 !!

!! Problem with reading tables for TAU2 TAU2 !! Probably mass outside the table !! Setting xsec to 10^-20 !!
!! EWK PROCESS C1C2 NOT FOUND !! WILL TRY TO LOOK FOR +/- MODES !!
XSEC FOUND FOR: C1-C2+
XSEC FOUND FOR: C1+C2-
!! EWK PROCESS C1N1 NOT FOUND !! WILL TRY TO LOOK FOR +/- MODES !!
XSEC FOUND FOR: C1+N1
XSEC FOUND FOR: C1-N1
!! EWK PROCESS C1N2 NOT FOUND !! WILL TRY TO LOOK FOR +/- MODES !!
XSEC FOUND FOR: C1+N2
XSEC FOUND FOR: C1-N2
!! EWK PROCESS C1N3 NOT FOUND !! WILL TRY TO LOOK FOR +/- MODES !!
XSEC FOUND FOR: C1+N3
XSEC FOUND FOR: C1-N3
!! EWK PROCESS C1N4 NOT FOUND !! WILL TRY TO LOOK FOR +/- MODES !!
XSEC FOUND FOR: C1+N4
XSEC FOUND FOR: C1-N4
!! EWK PROCESS C2N1 NOT FOUND !! WILL TRY TO LOOK FOR +/- MODES !!
XSEC FOUND FOR: C2+N1
XSEC FOUND FOR: C2-N1
!! EWK PROCESS C2N2 NOT FOUND !! WILL TRY TO LOOK FOR +/- MODES !!
XSEC FOUND FOR: C2+N2
XSEC FOUND FOR: C2-N2
!! EWK PROCESS C2N3 NOT FOUND !! WILL TRY TO LOOK FOR +/- MODES !!
XSEC FOUND FOR: C2+N3
XSEC FOUND FOR: C2-N3
!! EWK PROCESS C2N4 NOT FOUND !! WILL TRY TO LOOK FOR +/- MODES !!
XSEC FOUND FOR: C2+N4
XSEC FOUND FOR: C2-N4
---------------  Output inclusive processes  ---------------
The total xsec = 835797.64 [fb]
The total rate = 100.00%
Output upto 0.10%
                Modes : xsec/fb      (rate)
          C1wN1_N2zN1 : 161138.7585411 (19.28)%
          C1wN1_C1wN1 : 83942.3626727 (10.04)%
       GqqC1wN1_GttN1 : 25975.6243603 (3.11)%
    GbtC1wN1_GqqC1wN1 : 24599.7263152 (2.94)%
       GbtC1wN1_GttN1 : 19556.1742048 (2.34)%
    GqqC1wN1_GqqC1wN1 : 16337.3787592 (1.95)%
    GqqC1wN1_GqqN2zN1 : 15761.0447381 (1.89)%
       GqqN2zN1_GttN1 : 12529.6408829 (1.50)%
  GqqC1wN1_QqGqqC1wN1 : 12010.4506509 (1.44)%
    GbtC1wN1_GqqN2zN1 : 11865.9606511 (1.42)%
    GbbN2zN1_GqqC1wN1 : 10586.3475916 (1.27)%
          GttN1_GttN1 : 10324.9895661 (1.24)%
       GqqC1wN1_GqqN1 : 10181.5722045 (1.22)%
     GttN1_QqGqqC1wN1 : 9548.0113151 (1.14)%
     GqqC1wN1_QqGttN1 : 9548.0113151 (1.14)%
    GbtC1wN1_GbtC1wN1 : 9260.1534142 (1.11)%
  GqqC1wN1_QqGbtC1wN1 : 9042.2644688 (1.08)%
  GbtC1wN1_QqGqqC1wN1 : 9042.2644688 (1.08)%
       GbbN2zN1_GttN1 : 8415.8845933 (1.01)%
          GqqN1_GttN1 : 8094.0981683 (0.97)%
    GbbN2zN1_GbtC1wN1 : 7970.1051580 (0.95)%
       GbtC1wN1_GqqN1 : 7665.3633787 (0.92)%
        GttN1_QqGttN1 : 7590.4329258 (0.91)%
     GttN1_QqGbtC1wN1 : 7188.3766873 (0.86)%
     GbtC1wN1_QqGttN1 : 7188.3766873 (0.86)%
  GbtC1wN1_QqGbtC1wN1 : 6807.6168913 (0.81)%
          C1wN1_N2hN1 : 5967.8361023 (0.71)%
  GqqN2zN1_QqGqqC1wN1 : 5793.3788774 (0.69)%
  GqqC1wN1_QqGqqN2zN1 : 5793.3788774 (0.69)%
    GbbN2zN1_GqqN2zN1 : 5106.4464032 (0.61)%
       GqqN1_GqqN2zN1 : 4911.1983441 (0.59)%
     GttN1_QqGqqN2zN1 : 4605.5929692 (0.55)%
     GqqN2zN1_QqGttN1 : 4605.5929692 (0.55)%
     GqqC1wN1_QqC1wN1 : 4421.8062759 (0.53)%
  GqqN2zN1_QqGbtC1wN1 : 4361.6401666 (0.52)%
  GbtC1wN1_QqGqqN2zN1 : 4361.6401666 (0.52)%
   QqGqqC1wN1_QqGttN1 : 4036.8139431 (0.48)%
  GbbN2zN1_QqGqqC1wN1 : 3891.2853523 (0.47)%
  GqqC1wN1_QqGbbN2zN1 : 3891.2853523 (0.47)%
QqGbtC1wN1_QqGqqC1wN1 : 3822.9886916 (0.46)%
    GqqN2zN1_GqqN2zN1 : 3801.2605158 (0.45)%
     GqqN1_QqGqqC1wN1 : 3742.4997092 (0.45)%
     GqqC1wN1_QqGqqN1 : 3742.4997092 (0.45)%
        GttN1_QqC1wN1 : 3515.2266624 (0.42)%
     GbtC1wN1_QqC1wN1 : 3329.0292711 (0.40)%
       GbbN2zN1_GqqN1 : 3298.7440634 (0.39)%
     GbbN2zN1_QqGttN1 : 3093.4756450 (0.37)%
     GttN1_QqGbbN2zN1 : 3093.4756450 (0.37)%
   QqGbtC1wN1_QqGttN1 : 3039.1814883 (0.36)%
        GqqN1_QqGttN1 : 2975.1947374 (0.36)%
        GttN1_QqGqqN1 : 2975.1947374 (0.36)%
  GbbN2zN1_QqGbtC1wN1 : 2929.6179054 (0.35)%
  GbtC1wN1_QqGbbN2zN1 : 2929.6179054 (0.35)%
     GqqN1_QqGbtC1wN1 : 2817.6021973 (0.34)%
     GbtC1wN1_QqGqqN1 : 2817.6021973 (0.34)%
  GqqN2zN1_QqGqqN2zN1 : 2794.5028703 (0.33)%
QqGqqC1wN1_QqGqqC1wN1 : 2538.9556553 (0.30)%
    GqqC1wN1_GttN2zN1 : 2486.5954552 (0.30)%
QqGqqC1wN1_QqGqqN2zN1 : 2449.3888684 (0.29)%
     GqqC1wN1_QqN2zN1 : 2162.7605792 (0.26)%
     GqqN2zN1_QqC1wN1 : 2132.9090659 (0.26)%
       GttN1_GttN2zN1 : 1976.7819070 (0.24)%
   QqGqqN2zN1_QqGttN1 : 1947.2035904 (0.23)%
  GbbN2zN1_QqGqqN2zN1 : 1877.0062025 (0.22)%
  GqqN2zN1_QqGbbN2zN1 : 1877.0062025 (0.22)%
    GbtC1wN1_GttN2zN1 : 1872.0741116 (0.22)%
   QqC1wN1_QqGqqC1wN1 : 1869.5002173 (0.22)%
QqGbtC1wN1_QqGqqN2zN1 : 1844.0625234 (0.22)%
     GqqN1_QqGqqN2zN1 : 1805.2377379 (0.22)%
     GqqN2zN1_QqGqqN1 : 1805.2377379 (0.22)%
        GttN1_QqN2zN1 : 1719.3411873 (0.21)%
    GbbN2zN1_GbbN2zN1 : 1714.9439482 (0.21)%
 GbtC2hC1wN1_GqqC1wN1 : 1690.8368613 (0.20)%
 GbtC2zC1wN1_GqqC1wN1 : 1682.4528353 (0.20)%
QqGbbN2zN1_QqGqqC1wN1 : 1645.2007071 (0.20)%
     GbtC1wN1_QqN2zN1 : 1628.2697218 (0.19)%
 GbtC2wN2zN1_GqqC1wN1 : 1620.4963836 (0.19)%
      QqGttN1_QqGttN1 : 1604.5836383 (0.19)%
          GqqN1_GqqN1 : 1586.3072969 (0.19)%
   QqGqqC1wN1_QqGqqN1 : 1582.2954655 (0.19)%
  GgN4wC1wN1_GqqC1wN1 : 1540.9308817 (0.18)%
       GbbN1_GqqC1wN1 : 1486.6616378 (0.18)%
      QqC1wN1_QqGttN1 : 1486.2064503 (0.18)%
QqGbtC1wN1_QqGbtC1wN1 : 1439.0998229 (0.17)%
     GbbN2zN1_QqC1wN1 : 1432.6281746 (0.17)%
   QqC1wN1_QqGbtC1wN1 : 1407.4838556 (0.17)%
        GqqN1_QqC1wN1 : 1377.8507720 (0.16)%
    GbtC2hC1wN1_GttN1 : 1344.1734997 (0.16)%
    GbtC2zC1wN1_GttN1 : 1337.5084062 (0.16)%
   QqGbbN2zN1_QqGttN1 : 1307.8938854 (0.16)%
    GbtC2wN2zN1_GttN1 : 1288.2545590 (0.15)%
 GbtC1wN1_GbtC2hC1wN1 : 1272.9742220 (0.15)%
 GbtC1wN1_GbtC2zC1wN1 : 1266.6621707 (0.15)%
  GbbN2zN1_QqGbbN2zN1 : 1260.7438416 (0.15)%
      QqGqqN1_QqGttN1 : 1257.8857736 (0.15)%
QqGbbN2zN1_QqGbtC1wN1 : 1238.6162959 (0.15)%
     GgN4wC1wN1_GttN1 : 1225.0019522 (0.15)%
 GbtC1wN1_GbtC2wN2zN1 : 1220.0172414 (0.15)%
     GbbN2zN1_QqGqqN1 : 1212.5385402 (0.15)%
     GqqN1_QqGbbN2zN1 : 1212.5385402 (0.15)%
    GqqN2zN1_GttN2zN1 : 1199.4378900 (0.14)%
   QqGbtC1wN1_QqGqqN1 : 1191.2570546 (0.14)%
          GbbN1_GttN1 : 1181.8592451 (0.14)%
        GqqN1_QqGqqN1 : 1166.1763976 (0.14)%
  GbtC1wN1_GgN4wC1wN1 : 1160.1150503 (0.14)%
       GbbN1_GbtC1wN1 : 1119.2575612 (0.13)%
     GqqN2zN1_QqN2zN1 : 1043.2324165 (0.12)%
   QqGqqC1wN1_QqN2zN1 : 914.3958646 (0.11)%
  GttN2zN1_QqGqqC1wN1 : 914.0123530 (0.11)%
  GqqC1wN1_QqGttN2zN1 : 914.0123530 (0.11)%
   QqC1wN1_QqGqqN2zN1 : 901.7749113 (0.11)%
 GbtC2hC1wN1_GqqN2zN1 : 815.5945886 (0.10)%
------------------------------------------------------------
                                    SUM=86.49%

SHOWING PROCESSES TO GET 90.00% SUSY COVERAGE
---------------  Output inclusive processes  ---------------
The total xsec = 835797.64 [fb]
The total rate = 100.00%
                 Modes : xsec/fb      (rate)
           C1wN1_N2zN1 : 161138.7585411 (19.28)%
           C1wN1_C1wN1 : 83942.3626727 (10.04)%
        GqqC1wN1_GttN1 : 25975.6243603 (3.11)%
     GbtC1wN1_GqqC1wN1 : 24599.7263152 (2.94)%
        GbtC1wN1_GttN1 : 19556.1742048 (2.34)%
     GqqC1wN1_GqqC1wN1 : 16337.3787592 (1.95)%
     GqqC1wN1_GqqN2zN1 : 15761.0447381 (1.89)%
        GqqN2zN1_GttN1 : 12529.6408829 (1.50)%
   GqqC1wN1_QqGqqC1wN1 : 12010.4506509 (1.44)%
     GbtC1wN1_GqqN2zN1 : 11865.9606511 (1.42)%
     GbbN2zN1_GqqC1wN1 : 10586.3475916 (1.27)%
           GttN1_GttN1 : 10324.9895661 (1.24)%
        GqqC1wN1_GqqN1 : 10181.5722045 (1.22)%
      GttN1_QqGqqC1wN1 : 9548.0113151 (1.14)%
      GqqC1wN1_QqGttN1 : 9548.0113151 (1.14)%
     GbtC1wN1_GbtC1wN1 : 9260.1534142 (1.11)%
   GqqC1wN1_QqGbtC1wN1 : 9042.2644688 (1.08)%
   GbtC1wN1_QqGqqC1wN1 : 9042.2644688 (1.08)%
        GbbN2zN1_GttN1 : 8415.8845933 (1.01)%
           GqqN1_GttN1 : 8094.0981683 (0.97)%
     GbbN2zN1_GbtC1wN1 : 7970.1051580 (0.95)%
        GbtC1wN1_GqqN1 : 7665.3633787 (0.92)%
         GttN1_QqGttN1 : 7590.4329258 (0.91)%
      GttN1_QqGbtC1wN1 : 7188.3766873 (0.86)%
      GbtC1wN1_QqGttN1 : 7188.3766873 (0.86)%
   GbtC1wN1_QqGbtC1wN1 : 6807.6168913 (0.81)%
           C1wN1_N2hN1 : 5967.8361023 (0.71)%
   GqqN2zN1_QqGqqC1wN1 : 5793.3788774 (0.69)%
   GqqC1wN1_QqGqqN2zN1 : 5793.3788774 (0.69)%
     GbbN2zN1_GqqN2zN1 : 5106.4464032 (0.61)%
        GqqN1_GqqN2zN1 : 4911.1983441 (0.59)%
      GttN1_QqGqqN2zN1 : 4605.5929692 (0.55)%
      GqqN2zN1_QqGttN1 : 4605.5929692 (0.55)%
      GqqC1wN1_QqC1wN1 : 4421.8062759 (0.53)%
   GqqN2zN1_QqGbtC1wN1 : 4361.6401666 (0.52)%
   GbtC1wN1_QqGqqN2zN1 : 4361.6401666 (0.52)%
    QqGqqC1wN1_QqGttN1 : 4036.8139431 (0.48)%
   GbbN2zN1_QqGqqC1wN1 : 3891.2853523 (0.47)%
   GqqC1wN1_QqGbbN2zN1 : 3891.2853523 (0.47)%
 QqGbtC1wN1_QqGqqC1wN1 : 3822.9886916 (0.46)%
     GqqN2zN1_GqqN2zN1 : 3801.2605158 (0.45)%
      GqqN1_QqGqqC1wN1 : 3742.4997092 (0.45)%
      GqqC1wN1_QqGqqN1 : 3742.4997092 (0.45)%
         GttN1_QqC1wN1 : 3515.2266624 (0.42)%
      GbtC1wN1_QqC1wN1 : 3329.0292711 (0.40)%
        GbbN2zN1_GqqN1 : 3298.7440634 (0.39)%
      GbbN2zN1_QqGttN1 : 3093.4756450 (0.37)%
      GttN1_QqGbbN2zN1 : 3093.4756450 (0.37)%
    QqGbtC1wN1_QqGttN1 : 3039.1814883 (0.36)%
         GqqN1_QqGttN1 : 2975.1947374 (0.36)%
         GttN1_QqGqqN1 : 2975.1947374 (0.36)%
   GbbN2zN1_QqGbtC1wN1 : 2929.6179054 (0.35)%
   GbtC1wN1_QqGbbN2zN1 : 2929.6179054 (0.35)%
      GqqN1_QqGbtC1wN1 : 2817.6021973 (0.34)%
      GbtC1wN1_QqGqqN1 : 2817.6021973 (0.34)%
   GqqN2zN1_QqGqqN2zN1 : 2794.5028703 (0.33)%
 QqGqqC1wN1_QqGqqC1wN1 : 2538.9556553 (0.30)%
     GqqC1wN1_GttN2zN1 : 2486.5954552 (0.30)%
 QqGqqC1wN1_QqGqqN2zN1 : 2449.3888684 (0.29)%
      GqqC1wN1_QqN2zN1 : 2162.7605792 (0.26)%
      GqqN2zN1_QqC1wN1 : 2132.9090659 (0.26)%
        GttN1_GttN2zN1 : 1976.7819070 (0.24)%
    QqGqqN2zN1_QqGttN1 : 1947.2035904 (0.23)%
   GbbN2zN1_QqGqqN2zN1 : 1877.0062025 (0.22)%
   GqqN2zN1_QqGbbN2zN1 : 1877.0062025 (0.22)%
     GbtC1wN1_GttN2zN1 : 1872.0741116 (0.22)%
    QqC1wN1_QqGqqC1wN1 : 1869.5002173 (0.22)%
 QqGbtC1wN1_QqGqqN2zN1 : 1844.0625234 (0.22)%
      GqqN1_QqGqqN2zN1 : 1805.2377379 (0.22)%
      GqqN2zN1_QqGqqN1 : 1805.2377379 (0.22)%
         GttN1_QqN2zN1 : 1719.3411873 (0.21)%
     GbbN2zN1_GbbN2zN1 : 1714.9439482 (0.21)%
  GbtC2hC1wN1_GqqC1wN1 : 1690.8368613 (0.20)%
  GbtC2zC1wN1_GqqC1wN1 : 1682.4528353 (0.20)%
 QqGbbN2zN1_QqGqqC1wN1 : 1645.2007071 (0.20)%
      GbtC1wN1_QqN2zN1 : 1628.2697218 (0.19)%
  GbtC2wN2zN1_GqqC1wN1 : 1620.4963836 (0.19)%
       QqGttN1_QqGttN1 : 1604.5836383 (0.19)%
           GqqN1_GqqN1 : 1586.3072969 (0.19)%
    QqGqqC1wN1_QqGqqN1 : 1582.2954655 (0.19)%
   GgN4wC1wN1_GqqC1wN1 : 1540.9308817 (0.18)%
        GbbN1_GqqC1wN1 : 1486.6616378 (0.18)%
       QqC1wN1_QqGttN1 : 1486.2064503 (0.18)%
 QqGbtC1wN1_QqGbtC1wN1 : 1439.0998229 (0.17)%
      GbbN2zN1_QqC1wN1 : 1432.6281746 (0.17)%
    QqC1wN1_QqGbtC1wN1 : 1407.4838556 (0.17)%
         GqqN1_QqC1wN1 : 1377.8507720 (0.16)%
     GbtC2hC1wN1_GttN1 : 1344.1734997 (0.16)%
     GbtC2zC1wN1_GttN1 : 1337.5084062 (0.16)%
    QqGbbN2zN1_QqGttN1 : 1307.8938854 (0.16)%
     GbtC2wN2zN1_GttN1 : 1288.2545590 (0.15)%
  GbtC1wN1_GbtC2hC1wN1 : 1272.9742220 (0.15)%
  GbtC1wN1_GbtC2zC1wN1 : 1266.6621707 (0.15)%
   GbbN2zN1_QqGbbN2zN1 : 1260.7438416 (0.15)%
       QqGqqN1_QqGttN1 : 1257.8857736 (0.15)%
 QqGbbN2zN1_QqGbtC1wN1 : 1238.6162959 (0.15)%
      GgN4wC1wN1_GttN1 : 1225.0019522 (0.15)%
  GbtC1wN1_GbtC2wN2zN1 : 1220.0172414 (0.15)%
      GbbN2zN1_QqGqqN1 : 1212.5385402 (0.15)%
      GqqN1_QqGbbN2zN1 : 1212.5385402 (0.15)%
     GqqN2zN1_GttN2zN1 : 1199.4378900 (0.14)%
    QqGbtC1wN1_QqGqqN1 : 1191.2570546 (0.14)%
           GbbN1_GttN1 : 1181.8592451 (0.14)%
         GqqN1_QqGqqN1 : 1166.1763976 (0.14)%
   GbtC1wN1_GgN4wC1wN1 : 1160.1150503 (0.14)%
        GbbN1_GbtC1wN1 : 1119.2575612 (0.13)%
      GqqN2zN1_QqN2zN1 : 1043.2324165 (0.12)%
    QqGqqC1wN1_QqN2zN1 : 914.3958646 (0.11)%
   GttN2zN1_QqGqqC1wN1 : 914.0123530 (0.11)%
   GqqC1wN1_QqGttN2zN1 : 914.0123530 (0.11)%
    QqC1wN1_QqGqqN2zN1 : 901.7749113 (0.11)%
  GbtC2hC1wN1_GqqN2zN1 : 815.5945886 (0.10)%
  GbtC2zC1wN1_GqqN2zN1 : 811.5504573 (0.10)%
     GbbN2zN1_GttN2zN1 : 805.6360875 (0.10)%
 QqGbbN2zN1_QqGqqN2zN1 : 793.5814652 (0.09)%
  GbtC2wN2zN1_GqqN2zN1 : 781.6650509 (0.09)%
        GqqN1_GttN2zN1 : 774.8321057 (0.09)%
    QqGqqN1_QqGqqN2zN1 : 763.2383991 (0.09)%
     GbtC2wN1_GqqC1wN1 : 750.9677627 (0.09)%
   GgN4wC1wN1_GqqN2zN1 : 743.2857169 (0.09)%
       QqGttN1_QqN2zN1 : 726.9221044 (0.09)%
      GttN1_QqGttN2zN1 : 726.6172221 (0.09)%
      GttN2zN1_QqGttN1 : 726.6172221 (0.09)%
        GbbN1_GqqN2zN1 : 717.1083235 (0.09)%
           N2zN1_N2zN1 : 706.4479628 (0.08)%
      GbbN2zN1_QqN2zN1 : 700.7163017 (0.08)%
    QqGbtC1wN1_QqN2zN1 : 688.4179018 (0.08)%
   GbtC1wN1_QqGttN2zN1 : 688.1291688 (0.08)%
   GttN2zN1_QqGbtC1wN1 : 688.1291688 (0.08)%
         GqqN1_QqN2zN1 : 673.9239912 (0.08)%
GbtC2hC1wN1_QqGqqC1wN1 : 621.5107387 (0.07)%
GqqC1wN1_QqGbtC2hC1wN1 : 621.5107387 (0.07)%
GqqC1wN1_QqGbtC2zC1wN1 : 618.4289735 (0.07)%
GbtC2zC1wN1_QqGqqC1wN1 : 618.4289735 (0.07)%
    QqC1wN1_QqGbbN2zN1 : 605.7024023 (0.07)%
        GbtC2wN1_GttN1 : 597.0008040 (0.07)%
GqqC1wN1_QqGbtC2wN2zN1 : 595.6552802 (0.07)%
GbtC2wN2zN1_QqGqqC1wN1 : 595.6552802 (0.07)%
   GgN4hN2zN1_GqqC1wN1 : 595.2333923 (0.07)%
 QqGqqN2zN1_QqGqqN2zN1 : 590.7454327 (0.07)%
     GqqC1wN1_GqqN2hN1 : 583.7163737 (0.07)%
       QqC1wN1_QqGqqN1 : 582.5430055 (0.07)%
 GqqC1wN1_QqGgN4wC1wN1 : 566.4089259 (0.07)%
 GgN4wC1wN1_QqGqqC1wN1 : 566.4089259 (0.07)%
     GbtC1wN1_GbtC2wN1 : 565.3783788 (0.07)%
  GbbN2zN1_GbtC2hC1wN1 : 547.8169723 (0.07)%
      GbbN1_QqGqqC1wN1 : 546.4608643 (0.07)%
      GqqC1wN1_QqGbbN1 : 546.4608643 (0.07)%
  GbbN2zN1_GbtC2zC1wN1 : 545.1006181 (0.07)%
     GbtC2hC1wN1_GqqN1 : 526.8708599 (0.06)%
  GbbN2zN1_GbtC2wN2zN1 : 525.0272471 (0.06)%
     GbtC2zC1wN1_GqqN1 : 524.2583671 (0.06)%
    QqGbbN2zN1_QqGqqN1 : 512.6504697 (0.06)%
     GbtC2wN2zN1_GqqN1 : 504.9525135 (0.06)%
   GbbN2zN1_GgN4wC1wN1 : 499.2486913 (0.06)%
   GttN1_QqGbtC2hC1wN1 : 494.0856707 (0.06)%
   GbtC2hC1wN1_QqGttN1 : 494.0856707 (0.06)%
   GttN1_QqGbtC2zC1wN1 : 491.6357436 (0.06)%
   GbtC2zC1wN1_QqGttN1 : 491.6357436 (0.06)%
------------------------------------------------------------
                                     SUM=90.01%
