/Users/rafalmaselek/Projects/fastlim-1.0
 
#################################################################
#                                                               #
#                                                               #
#                     This is Fastlim  ver. 1.0                 #
#                                                               #
#          A fast LHC limit calculator for BSM models.          #
#                                                               #
#                  http://cern.ch/fastlim-1.0/                  #
#                                                               #
#  for bugs/feature requests: fastlim-1.0.developers@gmail.com  #
#                                                               #
#    please refer to:                                           #
#    M.Papucci, K.Sakurai, A.Weiler, L.Zeune arXiv:1402.xxxx    #
#                                                               #
#################################################################
 

!! Masses incompatible with the data for ERER !!

!! Problem with reading tables for ER ER !! Probably mass outside the table !! Setting xsec to 10^-20 !!

!! Masses incompatible with the data for ELEL !!

!! Problem with reading tables for EL EL !! Probably mass outside the table !! Setting xsec to 10^-20 !!

!! Masses incompatible with the data for TAU1TAU1 !!

!! Problem with reading tables for TAU1 TAU1 !! Probably mass outside the table !! Setting xsec to 10^-20 !!

!! Masses incompatible with the data for TAU2TAU2 !!

!! Problem with reading tables for TAU2 TAU2 !! Probably mass outside the table !! Setting xsec to 10^-20 !!
!! EWK PROCESS C1C2 NOT FOUND !! WILL TRY TO LOOK FOR +/- MODES !!
XSEC FOUND FOR: C1-C2+
XSEC FOUND FOR: C1+C2-
!! EWK PROCESS C1N1 NOT FOUND !! WILL TRY TO LOOK FOR +/- MODES !!
XSEC FOUND FOR: C1+N1
XSEC FOUND FOR: C1-N1
!! EWK PROCESS C1N2 NOT FOUND !! WILL TRY TO LOOK FOR +/- MODES !!
XSEC FOUND FOR: C1+N2
XSEC FOUND FOR: C1-N2
!! EWK PROCESS C1N3 NOT FOUND !! WILL TRY TO LOOK FOR +/- MODES !!
XSEC FOUND FOR: C1+N3
XSEC FOUND FOR: C1-N3
!! EWK PROCESS C1N4 NOT FOUND !! WILL TRY TO LOOK FOR +/- MODES !!
XSEC FOUND FOR: C1+N4
XSEC FOUND FOR: C1-N4
!! EWK PROCESS C2N1 NOT FOUND !! WILL TRY TO LOOK FOR +/- MODES !!
XSEC FOUND FOR: C2+N1
XSEC FOUND FOR: C2-N1
!! EWK PROCESS C2N2 NOT FOUND !! WILL TRY TO LOOK FOR +/- MODES !!
XSEC FOUND FOR: C2+N2
XSEC FOUND FOR: C2-N2
!! EWK PROCESS C2N3 NOT FOUND !! WILL TRY TO LOOK FOR +/- MODES !!
XSEC FOUND FOR: C2+N3
XSEC FOUND FOR: C2-N3
!! EWK PROCESS C2N4 NOT FOUND !! WILL TRY TO LOOK FOR +/- MODES !!
XSEC FOUND FOR: C2+N4
XSEC FOUND FOR: C2-N4
---------------  Output inclusive processes  ---------------
The total xsec = 6622.29 [fb]
The total rate = 100.00%
Output upto 0.10%
                       Modes : xsec/fb      (rate)
                 C1wN1_N2hN1 : 2696.5196190 (40.72)%
                 C1wN1_C1wN1 : 1342.3372451 (20.27)%
             QqC1wN1_QqC1wN1 : 139.9045786 (2.11)%
             QqC1wN1_QqN2hN1 : 136.4120693 (2.06)%
          GtT1bC1wN1_QqC1wN1 : 71.7143294 (1.08)%
                 C1wN1_N2zN1 : 70.4146005 (1.06)%
        QqC1wN1_QqGtT1bC1wN1 : 65.2462902 (0.99)%
             GtT1tN1_QqC1wN1 : 48.7378043 (0.74)%
           QqC1wN1_QqGtT1tN1 : 44.3420575 (0.67)%
       GtT1tN3wC1wN1_QqC1wN1 : 40.1075097 (0.61)%
     QqC1wN1_QqGtT1tN3wC1wN1 : 36.4901441 (0.55)%
          GtT1bC1wN1_QqN2hN1 : 34.9620440 (0.53)%
             QqN2hN1_QqN2hN1 : 33.2516863 (0.50)%
          GtT1tN2hN1_QqC1wN1 : 33.0671500 (0.50)%
       GtT1bC2hC1wN1_QqC1wN1 : 31.8672579 (0.48)%
        QqGtT1bC1wN1_QqN2hN1 : 31.8087569 (0.48)%
        QqC1wN1_QqGtT1tN2hN1 : 30.0847666 (0.45)%
       GtT1bC2zC1wN1_QqC1wN1 : 29.3502035 (0.44)%
     QqC1wN1_QqGtT1bC2hC1wN1 : 28.9930948 (0.44)%
                       N1_N1 : 28.9507275 (0.44)%
       GtT1bC2wN2hN1_QqC1wN1 : 28.3447873 (0.43)%
     QqC1wN1_QqGtT1bC2zC1wN1 : 26.7030579 (0.40)%
     QqC1wN1_QqGtT1bC2wN2hN1 : 25.7883219 (0.39)%
             GtT1tN1_QqN2hN1 : 23.7605688 (0.36)%
           QqGtT1tN1_QqN2hN1 : 21.6175621 (0.33)%
                 N2hN1_N2hN1 : 20.8623839 (0.32)%
       GtT1tN3wC1wN1_QqN2hN1 : 19.5531427 (0.30)%
       GtT1tN3zN2hN1_QqC1wN1 : 19.0479126 (0.29)%
     QqGtT1tN3wC1wN1_QqN2hN1 : 17.7896110 (0.27)%
     QqC1wN1_QqGtT1tN3zN2hN1 : 17.3299484 (0.26)%
     GtT1bC1wN1_QqGtT1bC1wN1 : 16.7224475 (0.25)%
          GtT1tN2hN1_QqN2hN1 : 16.1208389 (0.24)%
       GtT1bC2hC1wN1_QqN2hN1 : 15.5358696 (0.23)%
        QqGtT1tN2hN1_QqN2hN1 : 14.6668726 (0.22)%
       GtT1bC2zC1wN1_QqN2hN1 : 14.3087597 (0.22)%
     QqGtT1bC2hC1wN1_QqN2hN1 : 14.1346627 (0.21)%
       GtT1bC2wN2hN1_QqN2hN1 : 13.8186009 (0.21)%
       GtT1tN4wC1wN1_QqC1wN1 : 13.1850993 (0.20)%
     QqGtT1bC2zC1wN1_QqN2hN1 : 13.0182279 (0.20)%
     QqGtT1bC2wN2hN1_QqN2hN1 : 12.5722774 (0.19)%
     QqC1wN1_QqGtT1tN4wC1wN1 : 11.9959124 (0.18)%
        GtT1tN1_QqGtT1bC1wN1 : 11.3647493 (0.17)%
        GtT1bC1wN1_QqGtT1tN1 : 11.3647493 (0.17)%
      QqGtT1bC1wN1_QqGtT1tN1 : 10.3397429 (0.16)%
          GtT1bC2wN1_QqC1wN1 : 10.1183513 (0.15)%
                    C1wN1_N1 : 9.4075694 (0.14)%
  GtT1tN3wC1wN1_QqGtT1bC1wN1 : 9.3523251 (0.14)%
  GtT1bC1wN1_QqGtT1tN3wC1wN1 : 9.3523251 (0.14)%
       GtT1tN3zN2hN1_QqN2hN1 : 9.2862049 (0.14)%
          GtT1bC1wN1_GtT1tN1 : 9.2321648 (0.14)%
        QqC1wN1_QqGtT1bC2wN1 : 9.2057598 (0.14)%
QqGtT1bC1wN1_QqGtT1tN3wC1wN1 : 8.5088228 (0.13)%
     QqGtT1tN3zN2hN1_QqN2hN1 : 8.4486660 (0.13)%
           C2hC1wN1_N3wC1wN1 : 8.0611236 (0.12)%
           C2hC1wN1_N4wC1wN1 : 7.7944685 (0.12)%
           GtT1tN1_QqGtT1tN1 : 7.7236018 (0.12)%
     GtT1tN2hN1_QqGtT1bC1wN1 : 7.7106442 (0.12)%
     GtT1bC1wN1_QqGtT1tN2hN1 : 7.7106442 (0.12)%
   QqGtT1bC1wN1_QqGtT1bC1wN1 : 7.6071105 (0.11)%
    GtT1bC1wN1_GtT1tN3wC1wN1 : 7.5973702 (0.11)%
  GtT1bC1wN1_QqGtT1bC2hC1wN1 : 7.4308517 (0.11)%
  GtT1bC2hC1wN1_QqGtT1bC1wN1 : 7.4308517 (0.11)%
           C2zC1wN1_N3wC1wN1 : 7.4244110 (0.11)%
           C2zC1wN1_N4wC1wN1 : 7.1788177 (0.11)%
           C2wN2hN1_N3wC1wN1 : 7.1700815 (0.11)%
   QqGtT1bC1wN1_QqGtT1tN2hN1 : 7.0152079 (0.11)%
           C2wN2hN1_N4wC1wN1 : 6.9329012 (0.10)%
          GtT1tN3zN1_QqC1wN1 : 6.9266571 (0.10)%
  GtT1bC1wN1_QqGtT1bC2zC1wN1 : 6.8439215 (0.10)%
  GtT1bC2zC1wN1_QqGtT1bC1wN1 : 6.8439215 (0.10)%
       GtT1tN4hN2hN1_QqC1wN1 : 6.8319052 (0.10)%
       GtT1bC1wN1_GtT1bC1wN1 : 6.7922480 (0.10)%
QqGtT1bC1wN1_QqGtT1bC2hC1wN1 : 6.7606504 (0.10)%
           N3wC1wN1_N4wC1wN1 : 6.7492336 (0.10)%
  GtT1bC2wN2hN1_QqGtT1bC1wN1 : 6.6094771 (0.10)%
------------------------------------------------------------
                                           SUM=84.96%

SHOWING PROCESSES TO GET 90.00% SUSY COVERAGE
---------------  Output inclusive processes  ---------------
The total xsec = 6622.29 [fb]
The total rate = 100.00%
                          Modes : xsec/fb      (rate)
                    C1wN1_N2hN1 : 2696.5196190 (40.72)%
                    C1wN1_C1wN1 : 1342.3372451 (20.27)%
                QqC1wN1_QqC1wN1 : 139.9045786 (2.11)%
                QqC1wN1_QqN2hN1 : 136.4120693 (2.06)%
             GtT1bC1wN1_QqC1wN1 : 71.7143294 (1.08)%
                    C1wN1_N2zN1 : 70.4146005 (1.06)%
           QqC1wN1_QqGtT1bC1wN1 : 65.2462902 (0.99)%
                GtT1tN1_QqC1wN1 : 48.7378043 (0.74)%
              QqC1wN1_QqGtT1tN1 : 44.3420575 (0.67)%
          GtT1tN3wC1wN1_QqC1wN1 : 40.1075097 (0.61)%
        QqC1wN1_QqGtT1tN3wC1wN1 : 36.4901441 (0.55)%
             GtT1bC1wN1_QqN2hN1 : 34.9620440 (0.53)%
                QqN2hN1_QqN2hN1 : 33.2516863 (0.50)%
             GtT1tN2hN1_QqC1wN1 : 33.0671500 (0.50)%
          GtT1bC2hC1wN1_QqC1wN1 : 31.8672579 (0.48)%
           QqGtT1bC1wN1_QqN2hN1 : 31.8087569 (0.48)%
           QqC1wN1_QqGtT1tN2hN1 : 30.0847666 (0.45)%
          GtT1bC2zC1wN1_QqC1wN1 : 29.3502035 (0.44)%
        QqC1wN1_QqGtT1bC2hC1wN1 : 28.9930948 (0.44)%
                          N1_N1 : 28.9507275 (0.44)%
          GtT1bC2wN2hN1_QqC1wN1 : 28.3447873 (0.43)%
        QqC1wN1_QqGtT1bC2zC1wN1 : 26.7030579 (0.40)%
        QqC1wN1_QqGtT1bC2wN2hN1 : 25.7883219 (0.39)%
                GtT1tN1_QqN2hN1 : 23.7605688 (0.36)%
              QqGtT1tN1_QqN2hN1 : 21.6175621 (0.33)%
                    N2hN1_N2hN1 : 20.8623839 (0.32)%
          GtT1tN3wC1wN1_QqN2hN1 : 19.5531427 (0.30)%
          GtT1tN3zN2hN1_QqC1wN1 : 19.0479126 (0.29)%
        QqGtT1tN3wC1wN1_QqN2hN1 : 17.7896110 (0.27)%
        QqC1wN1_QqGtT1tN3zN2hN1 : 17.3299484 (0.26)%
        GtT1bC1wN1_QqGtT1bC1wN1 : 16.7224475 (0.25)%
             GtT1tN2hN1_QqN2hN1 : 16.1208389 (0.24)%
          GtT1bC2hC1wN1_QqN2hN1 : 15.5358696 (0.23)%
           QqGtT1tN2hN1_QqN2hN1 : 14.6668726 (0.22)%
          GtT1bC2zC1wN1_QqN2hN1 : 14.3087597 (0.22)%
        QqGtT1bC2hC1wN1_QqN2hN1 : 14.1346627 (0.21)%
          GtT1bC2wN2hN1_QqN2hN1 : 13.8186009 (0.21)%
          GtT1tN4wC1wN1_QqC1wN1 : 13.1850993 (0.20)%
        QqGtT1bC2zC1wN1_QqN2hN1 : 13.0182279 (0.20)%
        QqGtT1bC2wN2hN1_QqN2hN1 : 12.5722774 (0.19)%
        QqC1wN1_QqGtT1tN4wC1wN1 : 11.9959124 (0.18)%
           GtT1tN1_QqGtT1bC1wN1 : 11.3647493 (0.17)%
           GtT1bC1wN1_QqGtT1tN1 : 11.3647493 (0.17)%
         QqGtT1bC1wN1_QqGtT1tN1 : 10.3397429 (0.16)%
             GtT1bC2wN1_QqC1wN1 : 10.1183513 (0.15)%
                       C1wN1_N1 : 9.4075694 (0.14)%
     GtT1tN3wC1wN1_QqGtT1bC1wN1 : 9.3523251 (0.14)%
     GtT1bC1wN1_QqGtT1tN3wC1wN1 : 9.3523251 (0.14)%
          GtT1tN3zN2hN1_QqN2hN1 : 9.2862049 (0.14)%
             GtT1bC1wN1_GtT1tN1 : 9.2321648 (0.14)%
           QqC1wN1_QqGtT1bC2wN1 : 9.2057598 (0.14)%
   QqGtT1bC1wN1_QqGtT1tN3wC1wN1 : 8.5088228 (0.13)%
        QqGtT1tN3zN2hN1_QqN2hN1 : 8.4486660 (0.13)%
              C2hC1wN1_N3wC1wN1 : 8.0611236 (0.12)%
              C2hC1wN1_N4wC1wN1 : 7.7944685 (0.12)%
              GtT1tN1_QqGtT1tN1 : 7.7236018 (0.12)%
        GtT1tN2hN1_QqGtT1bC1wN1 : 7.7106442 (0.12)%
        GtT1bC1wN1_QqGtT1tN2hN1 : 7.7106442 (0.12)%
      QqGtT1bC1wN1_QqGtT1bC1wN1 : 7.6071105 (0.11)%
       GtT1bC1wN1_GtT1tN3wC1wN1 : 7.5973702 (0.11)%
     GtT1bC1wN1_QqGtT1bC2hC1wN1 : 7.4308517 (0.11)%
     GtT1bC2hC1wN1_QqGtT1bC1wN1 : 7.4308517 (0.11)%
              C2zC1wN1_N3wC1wN1 : 7.4244110 (0.11)%
              C2zC1wN1_N4wC1wN1 : 7.1788177 (0.11)%
              C2wN2hN1_N3wC1wN1 : 7.1700815 (0.11)%
      QqGtT1bC1wN1_QqGtT1tN2hN1 : 7.0152079 (0.11)%
              C2wN2hN1_N4wC1wN1 : 6.9329012 (0.10)%
             GtT1tN3zN1_QqC1wN1 : 6.9266571 (0.10)%
     GtT1bC1wN1_QqGtT1bC2zC1wN1 : 6.8439215 (0.10)%
     GtT1bC2zC1wN1_QqGtT1bC1wN1 : 6.8439215 (0.10)%
          GtT1tN4hN2hN1_QqC1wN1 : 6.8319052 (0.10)%
          GtT1bC1wN1_GtT1bC1wN1 : 6.7922480 (0.10)%
   QqGtT1bC1wN1_QqGtT1bC2hC1wN1 : 6.7606504 (0.10)%
              N3wC1wN1_N4wC1wN1 : 6.7492336 (0.10)%
     GtT1bC2wN2hN1_QqGtT1bC1wN1 : 6.6094771 (0.10)%
     GtT1bC1wN1_QqGtT1bC2wN2hN1 : 6.6094771 (0.10)%
          GtT1tN4wC1wN1_QqN2hN1 : 6.4279765 (0.10)%
        GtT1tN1_QqGtT1tN3wC1wN1 : 6.3559374 (0.10)%
        GtT1tN3wC1wN1_QqGtT1tN1 : 6.3559374 (0.10)%
                   QqC1wN1_QqN1 : 6.3027262 (0.10)%
           QqC1wN1_QqGtT1tN3zN1 : 6.3019300 (0.10)%
          GtT1bC1wN1_GtT1tN2hN1 : 6.2637491 (0.09)%
   QqGtT1bC1wN1_QqGtT1bC2zC1wN1 : 6.2266564 (0.09)%
        QqC1wN1_QqGtT1tN4hN2hN1 : 6.2157239 (0.09)%
                 T1bC1wN1_T1tN1 : 6.0955509 (0.09)%
       GtT1bC1wN1_GtT1bC2hC1wN1 : 6.0364594 (0.09)%
   QqGtT1bC1wN1_QqGtT1bC2wN2hN1 : 6.0133569 (0.09)%
        QqGtT1tN4wC1wN1_QqN2hN1 : 5.8482262 (0.09)%
      QqGtT1tN1_QqGtT1tN3wC1wN1 : 5.7826845 (0.09)%
       GtT1bC1wN1_GtT1bC2zC1wN1 : 5.5596661 (0.08)%
       GtT1bC1wN1_GtT1bC2wN2hN1 : 5.3692150 (0.08)%
           GtT1tN1_QqGtT1tN2hN1 : 5.2402340 (0.08)%
           GtT1tN2hN1_QqGtT1tN1 : 5.2402340 (0.08)%
  GtT1tN3wC1wN1_QqGtT1tN3wC1wN1 : 5.2304536 (0.08)%
          GtT1tN1_GtT1tN3wC1wN1 : 5.1632518 (0.08)%
        GtT1tN1_QqGtT1bC2hC1wN1 : 5.0500841 (0.08)%
        GtT1bC2hC1wN1_QqGtT1tN1 : 5.0500841 (0.08)%
           T1bC1wN1_T1tN3wC1wN1 : 5.0161752 (0.08)%
             GtT1bC2wN1_QqN2hN1 : 4.9328809 (0.07)%
         QqGtT1tN1_QqGtT1tN2hN1 : 4.7676083 (0.07)%
              C2hC1wN1_C2zC1wN1 : 4.6694676 (0.07)%
        GtT1bC2zC1wN1_QqGtT1tN1 : 4.6512002 (0.07)%
        GtT1tN1_QqGtT1bC2zC1wN1 : 4.6512002 (0.07)%
      QqGtT1bC2hC1wN1_QqGtT1tN1 : 4.5946083 (0.07)%
              C2hC1wN1_C2wN2hN1 : 4.5095110 (0.07)%
        GtT1bC2wN2hN1_QqGtT1tN1 : 4.4918694 (0.07)%
        GtT1tN1_QqGtT1bC2wN2hN1 : 4.4918694 (0.07)%
           QqGtT1bC2wN1_QqN2hN1 : 4.4879758 (0.07)%
              T1bC1wN1_T1bC1wN1 : 4.4845921 (0.07)%
     GtT1tN3zN2hN1_QqGtT1bC1wN1 : 4.4416189 (0.07)%
     GtT1bC1wN1_QqGtT1tN3zN2hN1 : 4.4416189 (0.07)%
     GtT1tN2hN1_QqGtT1tN3wC1wN1 : 4.3123144 (0.07)%
     GtT1tN3wC1wN1_QqGtT1tN2hN1 : 4.3123144 (0.07)%
             GtT1tN1_GtT1tN2hN1 : 4.2569091 (0.06)%
      QqGtT1bC2zC1wN1_QqGtT1tN1 : 4.2317004 (0.06)%
  GtT1tN3wC1wN1_QqGtT1bC2hC1wN1 : 4.1558355 (0.06)%
  GtT1bC2hC1wN1_QqGtT1tN3wC1wN1 : 4.1558355 (0.06)%
              C2wN2hN1_C2zC1wN1 : 4.1533246 (0.06)%
              T1bC1wN1_T1tN2hN1 : 4.1356499 (0.06)%
          GtT1bC2hC1wN1_GtT1tN1 : 4.1024406 (0.06)%
      QqGtT1bC2wN2hN1_QqGtT1tN1 : 4.0867399 (0.06)%
   QqGtT1bC1wN1_QqGtT1tN3zN2hN1 : 4.0410216 (0.06)%
              C2hC1wN1_N4hN2hN1 : 4.0387310 (0.06)%
           T1bC1wN1_T1bC2hC1wN1 : 3.9855815 (0.06)%
   QqGtT1tN2hN1_QqGtT1tN3wC1wN1 : 3.9233793 (0.06)%
              C2hC1wN1_N3zN2hN1 : 3.8283997 (0.06)%
  GtT1tN3wC1wN1_QqGtT1bC2zC1wN1 : 3.8275844 (0.06)%
  GtT1bC2zC1wN1_QqGtT1tN3wC1wN1 : 3.8275844 (0.06)%
QqGtT1bC2hC1wN1_QqGtT1tN3wC1wN1 : 3.7810135 (0.06)%
          GtT1bC2zC1wN1_GtT1tN1 : 3.7784069 (0.06)%
              C2zC1wN1_N4hN2hN1 : 3.7197294 (0.06)%
  GtT1tN3wC1wN1_QqGtT1bC2wN2hN1 : 3.6964672 (0.06)%
  GtT1bC2wN2hN1_QqGtT1tN3wC1wN1 : 3.6964672 (0.06)%
             GbB1tC1wN1_QqC1wN1 : 3.6959052 (0.06)%
           T1bC1wN1_T1bC2zC1wN1 : 3.6707780 (0.06)%
          GtT1bC2wN2hN1_GtT1tN1 : 3.6489743 (0.06)%
       GtT1bC1wN1_GtT1tN3zN2hN1 : 3.6081533 (0.05)%
              C2wN2hN1_N4hN2hN1 : 3.5923069 (0.05)%
                QqC1wN1_QqN2zN1 : 3.5621478 (0.05)%
        GtT1tN2hN1_QqGtT1tN2hN1 : 3.5553429 (0.05)%
           T1bC1wN1_T1bC2wN2hN1 : 3.5450324 (0.05)%
              C2zC1wN1_N3zN2hN1 : 3.5260113 (0.05)%
            QqGtT1tN1_QqGtT1tN1 : 3.5134984 (0.05)%
                       N1_N2hN1 : 3.5067874 (0.05)%
       GtT1tN2hN1_GtT1tN3wC1wN1 : 3.5031127 (0.05)%
              N3wC1wN1_N4hN2hN1 : 3.4971389 (0.05)%
QqGtT1bC2zC1wN1_QqGtT1tN3wC1wN1 : 3.4823679 (0.05)%
     GtT1tN2hN1_QqGtT1bC2hC1wN1 : 3.4263318 (0.05)%
------------------------------------------------------------
                                              SUM=90.02%
