/Users/rafalmaselek/Projects/fastlim-1.0
 
#################################################################
#                                                               #
#                                                               #
#                     This is Fastlim  ver. 1.0                 #
#                                                               #
#          A fast LHC limit calculator for BSM models.          #
#                                                               #
#                  http://cern.ch/fastlim-1.0/                  #
#                                                               #
#  for bugs/feature requests: fastlim-1.0.developers@gmail.com  #
#                                                               #
#    please refer to:                                           #
#    M.Papucci, K.Sakurai, A.Weiler, L.Zeune arXiv:1402.xxxx    #
#                                                               #
#################################################################
 
!!!-  ERROR  !!!
[Br(T2->all) =  1.165271952792548 ]:  !!! The total Br is deviated from 1 !!!


!! Masses incompatible with the data for ERER !!

!! Problem with reading tables for ER ER !! Probably mass outside the table !! Setting xsec to 10^-20 !!

!! Masses incompatible with the data for ELEL !!

!! Problem with reading tables for EL EL !! Probably mass outside the table !! Setting xsec to 10^-20 !!

!! Masses incompatible with the data for TAU1TAU1 !!

!! Problem with reading tables for TAU1 TAU1 !! Probably mass outside the table !! Setting xsec to 10^-20 !!

!! Masses incompatible with the data for TAU2TAU2 !!

!! Problem with reading tables for TAU2 TAU2 !! Probably mass outside the table !! Setting xsec to 10^-20 !!
!! EWK PROCESS C1C2 NOT FOUND !! WILL TRY TO LOOK FOR +/- MODES !!
XSEC FOUND FOR: C1-C2+
XSEC FOUND FOR: C1+C2-
!! EWK PROCESS C1N1 NOT FOUND !! WILL TRY TO LOOK FOR +/- MODES !!
XSEC FOUND FOR: C1+N1
XSEC FOUND FOR: C1-N1
!! EWK PROCESS C1N2 NOT FOUND !! WILL TRY TO LOOK FOR +/- MODES !!
XSEC FOUND FOR: C1+N2
XSEC FOUND FOR: C1-N2
!! EWK PROCESS C1N3 NOT FOUND !! WILL TRY TO LOOK FOR +/- MODES !!
XSEC FOUND FOR: C1+N3
XSEC FOUND FOR: C1-N3
!! EWK PROCESS C1N4 NOT FOUND !! WILL TRY TO LOOK FOR +/- MODES !!
XSEC FOUND FOR: C1+N4
XSEC FOUND FOR: C1-N4
!! EWK PROCESS C2N1 NOT FOUND !! WILL TRY TO LOOK FOR +/- MODES !!
XSEC FOUND FOR: C2+N1
XSEC FOUND FOR: C2-N1
!! EWK PROCESS C2N2 NOT FOUND !! WILL TRY TO LOOK FOR +/- MODES !!
XSEC FOUND FOR: C2+N2
XSEC FOUND FOR: C2-N2
!! EWK PROCESS C2N3 NOT FOUND !! WILL TRY TO LOOK FOR +/- MODES !!
XSEC FOUND FOR: C2+N3
XSEC FOUND FOR: C2-N3
!! EWK PROCESS C2N4 NOT FOUND !! WILL TRY TO LOOK FOR +/- MODES !!
XSEC FOUND FOR: C2+N4
XSEC FOUND FOR: C2-N4
---------------  Output inclusive processes  ---------------
The total xsec = 587308.42 [fb]
The total rate = 100.00%
Output upto 0.10%
                   Modes : xsec/fb      (rate)
             C1wN1_N2hN1 : 44166.0485836 (7.52)%
         QqC1wN1_QqC1wN1 : 41411.3404238 (7.05)%
         QqC1wN1_QqN2hN1 : 35142.2130961 (5.98)%
             C1wN1_C1wN1 : 26864.4945729 (4.57)%
      GbB1tC1wN1_QqC1wN1 : 16419.5238843 (2.80)%
      GtT1bC1wN1_QqC1wN1 : 11254.0468597 (1.92)%
             C1wN1_N2zN1 : 8639.2951454 (1.47)%
      GbB1bN2hN1_QqC1wN1 : 8500.2974248 (1.45)%
         QqN2hN1_QqN2hN1 : 7455.5371104 (1.27)%
   GbB1bN3wC1wN1_QqC1wN1 : 7374.3871250 (1.26)%
      GbB1tC1wN1_QqN2hN1 : 6966.9129443 (1.19)%
         QqC1wN1_QqN2zN1 : 6874.1479198 (1.17)%
   GbB1bN4wC1wN1_QqC1wN1 : 5863.3086059 (1.00)%
   GbB1tC2zC1wN1_QqC1wN1 : 5751.3641802 (0.98)%
   GbB1tC2hC1wN1_QqC1wN1 : 5580.8064260 (0.95)%
   GtT1tN3wC1wN1_QqC1wN1 : 5330.4809190 (0.91)%
   GbB2tC2zC1wN1_QqC1wN1 : 5231.6652414 (0.89)%
   GbB1tC2wN2hN1_QqC1wN1 : 5127.3450176 (0.87)%
   GbB2tC2hC1wN1_QqC1wN1 : 5076.5192541 (0.86)%
      GtT1bC1wN1_QqN2hN1 : 4775.1667646 (0.81)%
   GbB2tC2wN2hN1_QqC1wN1 : 4664.0330657 (0.79)%
      GtT1tN2hN1_QqC1wN1 : 3699.1434659 (0.63)%
      GbB1bN2hN1_QqN2hN1 : 3606.7326054 (0.61)%
   GbB2bN4wC1wN1_QqC1wN1 : 3434.7655841 (0.58)%
   GbB2bN3wC1wN1_QqC1wN1 : 3376.2229492 (0.57)%
   GbB1bN3wC1wN1_QqN2hN1 : 3129.0013937 (0.53)%
         QqN2hN1_QqN2zN1 : 2916.7465793 (0.50)%
         GbB1bN1_QqC1wN1 : 2739.0742367 (0.47)%
      GbB1tC2wN1_QqC1wN1 : 2687.8233172 (0.46)%
   GbB1bN3zN2hN1_QqC1wN1 : 2682.7577025 (0.46)%
    QqC1wN1_QqGbB1tC1wN1 : 2499.3122496 (0.43)%
   GbB1bN4wC1wN1_QqN2hN1 : 2487.8407505 (0.42)%
      GbB2tC2wN1_QqC1wN1 : 2444.9489518 (0.42)%
   GbB1tC2zC1wN1_QqN2hN1 : 2440.3419878 (0.42)%
   GtT1bC2zC1wN1_QqC1wN1 : 2423.9616012 (0.41)%
   GbB1tC2hC1wN1_QqN2hN1 : 2367.9732009 (0.40)%
   GtT1bC2hC1wN1_QqC1wN1 : 2352.0785777 (0.40)%
   GtT1tN3wC1wN1_QqN2hN1 : 2261.7584271 (0.39)%
   GbB2tC2zC1wN1_QqN2hN1 : 2219.8302793 (0.38)%
   GbB1tC2wN2hN1_QqN2hN1 : 2175.5665161 (0.37)%
   GtT1bC2wN2hN1_QqC1wN1 : 2160.9633905 (0.37)%
   GbB2tC2hC1wN1_QqN2hN1 : 2154.0008074 (0.37)%
   GbB1bN4hN2hN1_QqC1wN1 : 2138.3578141 (0.36)%
            QqC1wN1_QqN1 : 2033.8510757 (0.35)%
   GbB2tC2wN2hN1_QqN2hN1 : 1978.9801804 (0.34)%
   GtT1tN3zN2hN1_QqC1wN1 : 1939.1969124 (0.33)%
    QqC1wN1_QqGtT1bC1wN1 : 1713.0446274 (0.29)%
      GbB1bN2zN1_QqC1wN1 : 1662.7382488 (0.28)%
      GbB1bN3zN1_QqC1wN1 : 1606.1781471 (0.27)%
      GtT1tN2hN1_QqN2hN1 : 1569.5711202 (0.27)%
   GbB2bN4wC1wN1_QqN2hN1 : 1457.3938305 (0.25)%
      QqC1wN1_QqC2zC1wN1 : 1432.7368910 (0.24)%
   GbB2bN3wC1wN1_QqN2hN1 : 1432.5538020 (0.24)%
      QqC1wN1_QqC2hC1wN1 : 1390.2488170 (0.24)%
      GbB1tC1wN1_QqN2zN1 : 1362.7937999 (0.23)%
       T1bC1wN1_T1bC1wN1 : 1322.3172544 (0.23)%
    QqC1wN1_QqGbB1bN2hN1 : 1293.8802385 (0.22)%
      QqC1wN1_QqC2wN2hN1 : 1277.2858976 (0.22)%
   GbB2bN4hN2hN1_QqC1wN1 : 1252.6643777 (0.21)%
    T1bC1wN1_T1tN3wC1wN1 : 1252.6315167 (0.21)%
   GbB2bN3zN2hN1_QqC1wN1 : 1228.2496117 (0.21)%
         GbB1bN1_QqN2hN1 : 1162.2073751 (0.20)%
      GtT1tN3zN1_QqC1wN1 : 1161.0052226 (0.20)%
   GbB1tC1wN1_GtT1bC1wN1 : 1158.8191658 (0.20)%
      GbB1tC2wN1_QqN2hN1 : 1140.4612699 (0.19)%
   GbB1bN3zN2hN1_QqN2hN1 : 1138.3118960 (0.19)%
      GtT1bC2wN1_QqC1wN1 : 1132.8061148 (0.19)%
 QqC1wN1_QqGbB1bN3wC1wN1 : 1122.4988133 (0.19)%
      QqC1wN1_QqN4wC1wN1 : 1085.5706033 (0.18)%
      GbB1bN4hN1_QqC1wN1 : 1077.9741297 (0.18)%
    QqGbB1tC1wN1_QqN2hN1 : 1060.4747730 (0.18)%
      GbB2tC2wN1_QqN2hN1 : 1037.4080650 (0.18)%
   GtT1bC2zC1wN1_QqN2hN1 : 1028.5029928 (0.18)%
   GbB1tC2wN2zN1_QqC1wN1 : 1002.9569848 (0.17)%
   GtT1bC2hC1wN1_QqN2hN1 : 998.0025489 (0.17)%
      GtT1bC1wN1_QqN2zN1 : 934.0676010 (0.16)%
   GtT1bC2wN2hN1_QqN2hN1 : 916.9111068 (0.16)%
   GbB2tC2wN2zN1_QqC1wN1 : 912.3288027 (0.16)%
   GbB1bN4hN2hN1_QqN2hN1 : 907.3194107 (0.15)%
 QqC1wN1_QqGbB1bN4wC1wN1 : 892.4886693 (0.15)%
 QqC1wN1_QqGbB1tC2zC1wN1 : 875.4489502 (0.15)%
   GbB1bN2hN1_GbB1tC1wN1 : 875.2680431 (0.15)%
       T1bC1wN1_T1tN2hN1 : 869.2768552 (0.15)%
            QqN1_QqN2hN1 : 862.9765081 (0.15)%
 QqC1wN1_QqGbB1tC2hC1wN1 : 849.4873519 (0.14)%
   GbB1tC1wN1_GbB1tC1wN1 : 845.3518636 (0.14)%
   GtT1tN3zN2hN1_QqN2hN1 : 822.8141185 (0.14)%
 QqC1wN1_QqGtT1tN3wC1wN1 : 811.3838349 (0.14)%
 QqC1wN1_QqGbB2tC2zC1wN1 : 796.3425198 (0.14)%
 QqC1wN1_QqGbB1tC2wN2hN1 : 780.4633253 (0.13)%
 QqC1wN1_QqGbB2tC2hC1wN1 : 772.7268371 (0.13)%
GbB1bN3wC1wN1_GbB1tC1wN1 : 759.3340639 (0.13)%
      GbB2bN3zN1_QqC1wN1 : 735.3581293 (0.13)%
    QqGtT1bC1wN1_QqN2hN1 : 726.8562032 (0.12)%
      GtT1tN2zN1_QqC1wN1 : 723.5873077 (0.12)%
 QqC1wN1_QqGbB2tC2wN2hN1 : 709.9398896 (0.12)%
      GbB1bN2zN1_QqN2hN1 : 705.5108729 (0.12)%
      GbB1bN2hN1_QqN2zN1 : 705.5108729 (0.12)%
      GbB1bN3zN1_QqN2hN1 : 681.5120464 (0.12)%
         QqC1wN1_QqC2wN1 : 669.5704710 (0.11)%
      GbB2bN4hN1_QqC1wN1 : 631.4844894 (0.11)%
   GtT1tN4wC1wN1_QqC1wN1 : 628.2537082 (0.11)%
   GbB1bN3wC1wN1_QqN2zN1 : 612.0621477 (0.10)%
      QqC2zC1wN1_QqN2hN1 : 607.9197705 (0.10)%
GbB1bN4wC1wN1_GbB1tC1wN1 : 603.7396567 (0.10)%
   GbB1bN2hN1_GtT1bC1wN1 : 599.9143240 (0.10)%
       C2zC1wN1_N4wC1wN1 : 594.3507559 (0.10)%
GbB1tC1wN1_GbB1tC2zC1wN1 : 592.2128391 (0.10)%
       N3wC1wN1_N4wC1wN1 : 591.8985492 (0.10)%
      QqC2hC1wN1_QqN2hN1 : 589.8917988 (0.10)%
       C2zC1wN1_N3wC1wN1 : 578.1838776 (0.10)%
------------------------------------------------------------
                                       SUM=67.45%

SHOWING PROCESSES TO GET 90.00% SUSY COVERAGE
---------------  Output inclusive processes  ---------------
The total xsec = 587308.42 [fb]
The total rate = 100.00%
                        Modes : xsec/fb      (rate)
                  C1wN1_N2hN1 : 44166.0485836 (7.52)%
              QqC1wN1_QqC1wN1 : 41411.3404238 (7.05)%
              QqC1wN1_QqN2hN1 : 35142.2130961 (5.98)%
                  C1wN1_C1wN1 : 26864.4945729 (4.57)%
           GbB1tC1wN1_QqC1wN1 : 16419.5238843 (2.80)%
           GtT1bC1wN1_QqC1wN1 : 11254.0468597 (1.92)%
                  C1wN1_N2zN1 : 8639.2951454 (1.47)%
           GbB1bN2hN1_QqC1wN1 : 8500.2974248 (1.45)%
              QqN2hN1_QqN2hN1 : 7455.5371104 (1.27)%
        GbB1bN3wC1wN1_QqC1wN1 : 7374.3871250 (1.26)%
           GbB1tC1wN1_QqN2hN1 : 6966.9129443 (1.19)%
              QqC1wN1_QqN2zN1 : 6874.1479198 (1.17)%
        GbB1bN4wC1wN1_QqC1wN1 : 5863.3086059 (1.00)%
        GbB1tC2zC1wN1_QqC1wN1 : 5751.3641802 (0.98)%
        GbB1tC2hC1wN1_QqC1wN1 : 5580.8064260 (0.95)%
        GtT1tN3wC1wN1_QqC1wN1 : 5330.4809190 (0.91)%
        GbB2tC2zC1wN1_QqC1wN1 : 5231.6652414 (0.89)%
        GbB1tC2wN2hN1_QqC1wN1 : 5127.3450176 (0.87)%
        GbB2tC2hC1wN1_QqC1wN1 : 5076.5192541 (0.86)%
           GtT1bC1wN1_QqN2hN1 : 4775.1667646 (0.81)%
        GbB2tC2wN2hN1_QqC1wN1 : 4664.0330657 (0.79)%
           GtT1tN2hN1_QqC1wN1 : 3699.1434659 (0.63)%
           GbB1bN2hN1_QqN2hN1 : 3606.7326054 (0.61)%
        GbB2bN4wC1wN1_QqC1wN1 : 3434.7655841 (0.58)%
        GbB2bN3wC1wN1_QqC1wN1 : 3376.2229492 (0.57)%
        GbB1bN3wC1wN1_QqN2hN1 : 3129.0013937 (0.53)%
              QqN2hN1_QqN2zN1 : 2916.7465793 (0.50)%
              GbB1bN1_QqC1wN1 : 2739.0742367 (0.47)%
           GbB1tC2wN1_QqC1wN1 : 2687.8233172 (0.46)%
        GbB1bN3zN2hN1_QqC1wN1 : 2682.7577025 (0.46)%
         QqC1wN1_QqGbB1tC1wN1 : 2499.3122496 (0.43)%
        GbB1bN4wC1wN1_QqN2hN1 : 2487.8407505 (0.42)%
           GbB2tC2wN1_QqC1wN1 : 2444.9489518 (0.42)%
        GbB1tC2zC1wN1_QqN2hN1 : 2440.3419878 (0.42)%
        GtT1bC2zC1wN1_QqC1wN1 : 2423.9616012 (0.41)%
        GbB1tC2hC1wN1_QqN2hN1 : 2367.9732009 (0.40)%
        GtT1bC2hC1wN1_QqC1wN1 : 2352.0785777 (0.40)%
        GtT1tN3wC1wN1_QqN2hN1 : 2261.7584271 (0.39)%
        GbB2tC2zC1wN1_QqN2hN1 : 2219.8302793 (0.38)%
        GbB1tC2wN2hN1_QqN2hN1 : 2175.5665161 (0.37)%
        GtT1bC2wN2hN1_QqC1wN1 : 2160.9633905 (0.37)%
        GbB2tC2hC1wN1_QqN2hN1 : 2154.0008074 (0.37)%
        GbB1bN4hN2hN1_QqC1wN1 : 2138.3578141 (0.36)%
                 QqC1wN1_QqN1 : 2033.8510757 (0.35)%
        GbB2tC2wN2hN1_QqN2hN1 : 1978.9801804 (0.34)%
        GtT1tN3zN2hN1_QqC1wN1 : 1939.1969124 (0.33)%
         QqC1wN1_QqGtT1bC1wN1 : 1713.0446274 (0.29)%
           GbB1bN2zN1_QqC1wN1 : 1662.7382488 (0.28)%
           GbB1bN3zN1_QqC1wN1 : 1606.1781471 (0.27)%
           GtT1tN2hN1_QqN2hN1 : 1569.5711202 (0.27)%
        GbB2bN4wC1wN1_QqN2hN1 : 1457.3938305 (0.25)%
           QqC1wN1_QqC2zC1wN1 : 1432.7368910 (0.24)%
        GbB2bN3wC1wN1_QqN2hN1 : 1432.5538020 (0.24)%
           QqC1wN1_QqC2hC1wN1 : 1390.2488170 (0.24)%
           GbB1tC1wN1_QqN2zN1 : 1362.7937999 (0.23)%
            T1bC1wN1_T1bC1wN1 : 1322.3172544 (0.23)%
         QqC1wN1_QqGbB1bN2hN1 : 1293.8802385 (0.22)%
           QqC1wN1_QqC2wN2hN1 : 1277.2858976 (0.22)%
        GbB2bN4hN2hN1_QqC1wN1 : 1252.6643777 (0.21)%
         T1bC1wN1_T1tN3wC1wN1 : 1252.6315167 (0.21)%
        GbB2bN3zN2hN1_QqC1wN1 : 1228.2496117 (0.21)%
              GbB1bN1_QqN2hN1 : 1162.2073751 (0.20)%
           GtT1tN3zN1_QqC1wN1 : 1161.0052226 (0.20)%
        GbB1tC1wN1_GtT1bC1wN1 : 1158.8191658 (0.20)%
           GbB1tC2wN1_QqN2hN1 : 1140.4612699 (0.19)%
        GbB1bN3zN2hN1_QqN2hN1 : 1138.3118960 (0.19)%
           GtT1bC2wN1_QqC1wN1 : 1132.8061148 (0.19)%
      QqC1wN1_QqGbB1bN3wC1wN1 : 1122.4988133 (0.19)%
           QqC1wN1_QqN4wC1wN1 : 1085.5706033 (0.18)%
           GbB1bN4hN1_QqC1wN1 : 1077.9741297 (0.18)%
         QqGbB1tC1wN1_QqN2hN1 : 1060.4747730 (0.18)%
           GbB2tC2wN1_QqN2hN1 : 1037.4080650 (0.18)%
        GtT1bC2zC1wN1_QqN2hN1 : 1028.5029928 (0.18)%
        GbB1tC2wN2zN1_QqC1wN1 : 1002.9569848 (0.17)%
        GtT1bC2hC1wN1_QqN2hN1 : 998.0025489 (0.17)%
           GtT1bC1wN1_QqN2zN1 : 934.0676010 (0.16)%
        GtT1bC2wN2hN1_QqN2hN1 : 916.9111068 (0.16)%
        GbB2tC2wN2zN1_QqC1wN1 : 912.3288027 (0.16)%
        GbB1bN4hN2hN1_QqN2hN1 : 907.3194107 (0.15)%
      QqC1wN1_QqGbB1bN4wC1wN1 : 892.4886693 (0.15)%
      QqC1wN1_QqGbB1tC2zC1wN1 : 875.4489502 (0.15)%
        GbB1bN2hN1_GbB1tC1wN1 : 875.2680431 (0.15)%
            T1bC1wN1_T1tN2hN1 : 869.2768552 (0.15)%
                 QqN1_QqN2hN1 : 862.9765081 (0.15)%
      QqC1wN1_QqGbB1tC2hC1wN1 : 849.4873519 (0.14)%
        GbB1tC1wN1_GbB1tC1wN1 : 845.3518636 (0.14)%
        GtT1tN3zN2hN1_QqN2hN1 : 822.8141185 (0.14)%
      QqC1wN1_QqGtT1tN3wC1wN1 : 811.3838349 (0.14)%
      QqC1wN1_QqGbB2tC2zC1wN1 : 796.3425198 (0.14)%
      QqC1wN1_QqGbB1tC2wN2hN1 : 780.4633253 (0.13)%
      QqC1wN1_QqGbB2tC2hC1wN1 : 772.7268371 (0.13)%
     GbB1bN3wC1wN1_GbB1tC1wN1 : 759.3340639 (0.13)%
           GbB2bN3zN1_QqC1wN1 : 735.3581293 (0.13)%
         QqGtT1bC1wN1_QqN2hN1 : 726.8562032 (0.12)%
           GtT1tN2zN1_QqC1wN1 : 723.5873077 (0.12)%
      QqC1wN1_QqGbB2tC2wN2hN1 : 709.9398896 (0.12)%
           GbB1bN2zN1_QqN2hN1 : 705.5108729 (0.12)%
           GbB1bN2hN1_QqN2zN1 : 705.5108729 (0.12)%
           GbB1bN3zN1_QqN2hN1 : 681.5120464 (0.12)%
              QqC1wN1_QqC2wN1 : 669.5704710 (0.11)%
           GbB2bN4hN1_QqC1wN1 : 631.4844894 (0.11)%
        GtT1tN4wC1wN1_QqC1wN1 : 628.2537082 (0.11)%
        GbB1bN3wC1wN1_QqN2zN1 : 612.0621477 (0.10)%
           QqC2zC1wN1_QqN2hN1 : 607.9197705 (0.10)%
     GbB1bN4wC1wN1_GbB1tC1wN1 : 603.7396567 (0.10)%
        GbB1bN2hN1_GtT1bC1wN1 : 599.9143240 (0.10)%
            C2zC1wN1_N4wC1wN1 : 594.3507559 (0.10)%
     GbB1tC1wN1_GbB1tC2zC1wN1 : 592.2128391 (0.10)%
            N3wC1wN1_N4wC1wN1 : 591.8985492 (0.10)%
           QqC2hC1wN1_QqN2hN1 : 589.8917988 (0.10)%
            C2zC1wN1_N3wC1wN1 : 578.1838776 (0.10)%
            C2hC1wN1_N4wC1wN1 : 576.7251758 (0.10)%
     GbB1tC1wN1_GbB1tC2hC1wN1 : 574.6506593 (0.10)%
         T1bC1wN1_T1bC2zC1wN1 : 569.6166524 (0.10)%
         QqC1wN1_QqGtT1tN2hN1 : 563.0683717 (0.10)%
            C2hC1wN1_N3wC1wN1 : 561.0377292 (0.10)%
         T1bC1wN1_T1bC2hC1wN1 : 552.7245667 (0.09)%
         QqGbB1bN2hN1_QqN2hN1 : 549.0019714 (0.09)%
     GbB1tC1wN1_GtT1tN3wC1wN1 : 548.8748651 (0.09)%
           QqC2wN2hN1_QqN2hN1 : 541.9608824 (0.09)%
     GbB1tC1wN1_GbB2tC2zC1wN1 : 538.6999029 (0.09)%
        GbB2bN4hN2hN1_QqN2hN1 : 531.5138082 (0.09)%
            C2wN2hN1_N4wC1wN1 : 529.8640968 (0.09)%
     GbB1tC1wN1_GbB1tC2wN2hN1 : 527.9581426 (0.09)%
        GbB1bN3zN2zN1_QqC1wN1 : 524.7726781 (0.09)%
      QqC1wN1_QqGbB2bN4wC1wN1 : 522.8258602 (0.09)%
     GbB1tC1wN1_GbB2tC2hC1wN1 : 522.7246590 (0.09)%
        GbB2bN3zN2hN1_QqN2hN1 : 521.1544609 (0.09)%
     GbB1bN3wC1wN1_GtT1bC1wN1 : 520.4524319 (0.09)%
            C2wN2hN1_N3wC1wN1 : 515.4513140 (0.09)%
                        N1_N1 : 514.4600355 (0.09)%
      QqC1wN1_QqGbB2bN3wC1wN1 : 513.9147416 (0.09)%
         T1bC1wN1_T1bC2wN2hN1 : 507.8136270 (0.09)%
      GbB1tC1wN1_QqGbB1tC1wN1 : 495.4864629 (0.08)%
           GtT1tN3zN1_QqN2hN1 : 492.6222204 (0.08)%
        GbB1bN4wC1wN1_QqN2zN1 : 486.6450862 (0.08)%
           GtT1bC2wN1_QqN2hN1 : 480.6571518 (0.08)%
     GbB1tC1wN1_GbB2tC2wN2hN1 : 480.2513242 (0.08)%
        GbB1tC2zC1wN1_QqN2zN1 : 477.3538807 (0.08)%
      QqGbB1bN3wC1wN1_QqN2hN1 : 476.2836954 (0.08)%
        GbB1tC2hC1wN1_QqN2zN1 : 463.1978643 (0.08)%
           QqN2hN1_QqN4wC1wN1 : 460.6148108 (0.08)%
           GbB1bN4hN1_QqN2hN1 : 457.3915767 (0.08)%
         T1bC1wN1_T1tN3zN2hN1 : 455.6998152 (0.08)%
                  N2hN1_N2hN1 : 452.6328734 (0.08)%
        GtT1tN3wC1wN1_QqN2zN1 : 442.4212540 (0.08)%
        GbB2tC2zC1wN1_QqN2zN1 : 434.2197133 (0.07)%
        GbB1tC2wN2zN1_QqN2hN1 : 425.5613043 (0.07)%
        GbB1tC2wN2hN1_QqN2zN1 : 425.5613043 (0.07)%
        GtT1bC2wN2zN1_QqC1wN1 : 422.7047954 (0.07)%
        GbB2tC2hC1wN1_QqN2zN1 : 421.3428485 (0.07)%
        GbB1bN4hN2zN1_QqC1wN1 : 418.2829317 (0.07)%
            QqC1wN1_QqGbB1bN1 : 416.9305907 (0.07)%
     GbB1bN4wC1wN1_GtT1bC1wN1 : 413.8070285 (0.07)%
         T1tN2hN1_T1tN3wC1wN1 : 411.7331079 (0.07)%
         QqC1wN1_QqGbB1tC2wN1 : 409.1293870 (0.07)%
      QqC1wN1_QqGbB1bN3zN2hN1 : 408.3583200 (0.07)%
     GbB1tC2zC1wN1_GtT1bC1wN1 : 405.9064738 (0.07)%
              GbB1tC1wN1_QqN1 : 403.2091931 (0.07)%
           GbB2tC1wN1_QqC1wN1 : 402.6434413 (0.07)%
           GbB1bN3hN1_QqC1wN1 : 401.9201811 (0.07)%
        GtT1bC1wN1_GtT1bC1wN1 : 397.1310400 (0.07)%
           QqC1wN1_QqN4hN2hN1 : 395.9092960 (0.07)%
     GbB1tC2hC1wN1_GtT1bC1wN1 : 393.8692433 (0.07)%
     GbB1bN2hN1_GbB1bN3wC1wN1 : 393.1030786 (0.07)%
        GbB2tC2wN2zN1_QqN2hN1 : 387.1071652 (0.07)%
        GbB2tC2wN2hN1_QqN2zN1 : 387.1071652 (0.07)%
        GbB1tC1wN1_GtT1tN2hN1 : 380.8975028 (0.06)%
        GtT1tN3zN2zN1_QqC1wN1 : 379.3251832 (0.06)%
      QqGbB1bN4wC1wN1_QqN2hN1 : 378.6888650 (0.06)%
     GtT1bC1wN1_GtT1tN3wC1wN1 : 376.2023488 (0.06)%
         QqC1wN1_QqGbB2tC2wN1 : 372.1600521 (0.06)%
      QqGbB1tC2zC1wN1_QqN2hN1 : 371.4587991 (0.06)%
     GbB2tC2zC1wN1_GtT1bC1wN1 : 369.2283646 (0.06)%
      QqC1wN1_QqGtT1bC2zC1wN1 : 368.9654441 (0.06)%
     GbB1tC2wN2hN1_GtT1bC1wN1 : 361.8658932 (0.06)%
      QqGbB1tC2hC1wN1_QqN2hN1 : 360.4431206 (0.06)%
     GbB2tC2hC1wN1_GtT1bC1wN1 : 358.2788301 (0.06)%
      QqC1wN1_QqGtT1bC2hC1wN1 : 358.0237066 (0.06)%
     GbB1tC1wN1_GbB2bN4wC1wN1 : 353.6747482 (0.06)%
           GbB2bN2hN1_QqC1wN1 : 350.8366796 (0.06)%
     GbB1tC1wN1_GbB2bN3wC1wN1 : 347.6466653 (0.06)%
      QqGtT1tN3wC1wN1_QqN2hN1 : 344.2755455 (0.06)%
      GtT1bC1wN1_QqGbB1tC1wN1 : 339.6095959 (0.06)%
      GbB1tC1wN1_QqGtT1bC1wN1 : 339.6095959 (0.06)%
      QqGbB2tC2zC1wN1_QqN2hN1 : 337.8934157 (0.06)%
      QqGbB1tC2wN2hN1_QqN2hN1 : 331.1557681 (0.06)%
     GbB2tC2wN2hN1_GtT1bC1wN1 : 329.1673343 (0.06)%
      QqC1wN1_QqGtT1bC2wN2hN1 : 328.9329405 (0.06)%
      QqGbB2tC2hC1wN1_QqN2hN1 : 327.8731248 (0.06)%
      QqC1wN1_QqGbB1bN4hN2hN1 : 325.4920128 (0.06)%
           GbB1bN4zN1_QqC1wN1 : 319.4460483 (0.05)%
              GtT1tN1_QqC1wN1 : 316.3405590 (0.05)%
     GbB1bN2hN1_GbB1bN4wC1wN1 : 312.5527077 (0.05)%
           GbB2bN3zN1_QqN2hN1 : 312.0173341 (0.05)%
           GtT1tN2zN1_QqN2hN1 : 307.0228964 (0.05)%
           GtT1tN2hN1_QqN2zN1 : 307.0228964 (0.05)%
     GbB1bN2hN1_GbB1tC2zC1wN1 : 306.5853374 (0.05)%
            C2hC1wN1_C2zC1wN1 : 305.4921132 (0.05)%
            B1bN2hN1_B1tC1wN1 : 305.4817608 (0.05)%
      QqGbB2tC2wN2hN1_QqN2hN1 : 301.2322063 (0.05)%
     GbB1bN2hN1_GbB1tC2hC1wN1 : 297.4934933 (0.05)%
      T1tN3wC1wN1_T1tN3wC1wN1 : 296.6545493 (0.05)%
      QqC1wN1_QqGtT1tN3zN2hN1 : 295.1765613 (0.05)%
            B1tC1wN1_B1tC1wN1 : 295.0405626 (0.05)%
           GtT1tN3hN1_QqC1wN1 : 290.5228353 (0.05)%
              QqN2zN1_QqN2zN1 : 285.2715533 (0.05)%
        GbB2bN4wC1wN1_QqN2zN1 : 285.0799618 (0.05)%
     GbB1bN2hN1_GtT1tN3wC1wN1 : 284.1495061 (0.05)%
              QqC2wN1_QqN2hN1 : 284.1031941 (0.05)%
        GbB1tC1wN1_QqC2zC1wN1 : 284.0388328 (0.05)%
               C1wN1_N3wC1wN1 : 283.0223716 (0.05)%
           GbB1bN1_GbB1tC1wN1 : 282.0400307 (0.05)%
            C2wN2hN1_C2zC1wN1 : 280.6697357 (0.05)%
        GbB2bN3wC1wN1_QqN2zN1 : 280.2210183 (0.05)%
     GbB1bN2hN1_GbB2tC2zC1wN1 : 278.8819840 (0.05)%
               C2wN1_N4wC1wN1 : 277.7618962 (0.05)%
        GbB1tC1wN1_GbB1tC2wN1 : 276.7627693 (0.05)%
              GtT1bC1wN1_QqN1 : 276.3621640 (0.05)%
     GbB1bN3zN2hN1_GbB1tC1wN1 : 276.2411674 (0.05)%
        GbB1tC1wN1_QqC2hC1wN1 : 275.6156094 (0.05)%
     GbB1bN2hN1_GbB1tC2wN2hN1 : 273.3210336 (0.05)%
            T1bC1wN1_T1tN3zN1 : 272.8293666 (0.05)%
            C2hC1wN1_C2wN2hN1 : 272.3464234 (0.05)%
  GbB1bN3wC1wN1_GbB1bN4wC1wN1 : 271.1534136 (0.05)%
     GbB1bN2hN1_GbB2tC2hC1wN1 : 270.6116879 (0.05)%
               C2wN1_N3wC1wN1 : 270.2065213 (0.05)%
      T1bC2zC1wN1_T1tN3wC1wN1 : 269.7990096 (0.05)%
           GbB2bN4hN1_QqN2hN1 : 267.9430594 (0.05)%
        GtT1tN4wC1wN1_QqN2hN1 : 266.5722175 (0.05)%
            T1bC1wN1_T1bC2wN1 : 266.2027429 (0.05)%
  GbB1bN3wC1wN1_GbB1tC2zC1wN1 : 265.9764538 (0.05)%
         B1bN3wC1wN1_B1tC1wN1 : 265.0190519 (0.05)%
      T1bC2hC1wN1_T1tN3wC1wN1 : 261.7980708 (0.04)%
        GtT1bC1wN1_GtT1tN2hN1 : 261.0695886 (0.04)%
  GbB1bN3wC1wN1_GbB1tC2hC1wN1 : 258.0888735 (0.04)%
      GbB1tC1wN1_QqGbB1bN2hN1 : 256.5106232 (0.04)%
      GbB1bN2hN1_QqGbB1tC1wN1 : 256.5106232 (0.04)%
        GbB1tC1wN1_QqC2wN2hN1 : 253.2208097 (0.04)%
         QqC1wN1_QqGbB1bN2zN1 : 253.0951629 (0.04)%
        GbB1tC1wN1_GbB2tC2wN1 : 251.7542125 (0.04)%
           QqC1wN1_QqC2wN2zN1 : 249.8491536 (0.04)%
     GbB1tC1wN1_GtT1bC2zC1wN1 : 249.5931638 (0.04)%
     GbB1bN2hN1_GbB2tC2wN2hN1 : 248.6234755 (0.04)%
  GbB1bN3wC1wN1_GtT1tN3wC1wN1 : 246.5123695 (0.04)%
        GbB2bN4hN2zN1_QqC1wN1 : 245.0329523 (0.04)%
         QqC1wN1_QqGbB1bN3zN1 : 244.4858174 (0.04)%
     GbB2bN4wC1wN1_GtT1bC1wN1 : 242.4109382 (0.04)%
     GbB1tC1wN1_GtT1bC2hC1wN1 : 242.1914329 (0.04)%
                     C1wN1_N1 : 241.9656942 (0.04)%
  GbB1bN3wC1wN1_GbB2tC2zC1wN1 : 241.9425591 (0.04)%
      T1bC2wN2hN1_T1tN3wC1wN1 : 240.5259977 (0.04)%
        GbB2bN3zN2zN1_QqC1wN1 : 240.2571941 (0.04)%
         QqGtT1tN2hN1_QqN2hN1 : 238.9136466 (0.04)%
     GbB2bN3wC1wN1_GtT1bC1wN1 : 238.2792515 (0.04)%
  GbB1bN3wC1wN1_GbB1tC2wN2hN1 : 237.1181866 (0.04)%
  GbB1bN3wC1wN1_GbB2tC2hC1wN1 : 234.7677084 (0.04)%
      GtT1bC1wN1_QqGtT1bC1wN1 : 232.7705927 (0.04)%
        GtT1tN4hN2hN1_QqC1wN1 : 229.1251095 (0.04)%
              GbB1bN1_QqN2zN1 : 227.3387105 (0.04)%
        GbB1bN2hN1_GbB1bN2hN1 : 226.5607317 (0.04)%
           GbB1tC2wN1_QqN2zN1 : 223.0849675 (0.04)%
        GbB1bN3zN2zN1_QqN2hN1 : 222.6645297 (0.04)%
        GbB1bN3zN2hN1_QqN2zN1 : 222.6645297 (0.04)%
   GbB1tC1wN1_QqGbB1bN3wC1wN1 : 222.5344059 (0.04)%
   GbB1bN3wC1wN1_QqGbB1tC1wN1 : 222.5344059 (0.04)%
     GbB1tC1wN1_GtT1bC2wN2hN1 : 222.5124726 (0.04)%
      QqGbB2bN4wC1wN1_QqN2hN1 : 221.8384820 (0.04)%
     GbB1bN4hN2hN1_GbB1tC1wN1 : 220.1847966 (0.04)%
      QqGbB2bN3wC1wN1_QqN2hN1 : 218.0574352 (0.04)%
            C2zC1wN1_N4hN2hN1 : 216.7606498 (0.04)%
            N3wC1wN1_N4hN2hN1 : 215.8663262 (0.04)%
      T1tN3wC1wN1_T1tN3zN2hN1 : 215.8422832 (0.04)%
  GbB1bN3wC1wN1_GbB2tC2wN2hN1 : 215.6919535 (0.04)%
            N3zN2hN1_N4wC1wN1 : 215.3291338 (0.04)%
        GbB1tC1wN1_QqN4wC1wN1 : 215.2134206 (0.04)%
  GbB1bN4wC1wN1_GbB1tC2zC1wN1 : 211.4754764 (0.04)%
         B1bN4wC1wN1_B1tC1wN1 : 210.7142548 (0.04)%
            C2zC1wN1_N3zN2hN1 : 210.3398187 (0.04)%
            C2hC1wN1_N4hN2hN1 : 210.3325731 (0.04)%
              GbB1bN2hN1_QqN1 : 208.7391869 (0.04)%
         QqGbB1tC1wN1_QqN2zN1 : 207.4388552 (0.04)%
        GbB2wT1bC1wN1_QqC1wN1 : 207.2529094 (0.04)%
         B1tC1wN1_B1tC2zC1wN1 : 206.6912214 (0.04)%
  GbB1bN4wC1wN1_GbB1tC2hC1wN1 : 205.2041326 (0.03)%
            C2hC1wN1_N3zN2hN1 : 204.1021530 (0.03)%
           GbB2tC2wN1_QqN2zN1 : 202.9267899 (0.03)%
  GbB1tC2hC1wN1_GbB1tC2zC1wN1 : 201.2863004 (0.03)%
        GtT1bC2zC1wN1_QqN2zN1 : 201.1848739 (0.03)%
         B1tC1wN1_B1tC2hC1wN1 : 200.5617555 (0.03)%
     GbB1tC1wN1_GtT1tN3zN2hN1 : 199.6773762 (0.03)%
              QqC1wN1_QqN4hN1 : 199.5830520 (0.03)%
      B2tC2hC1wN1_B2tC2zC1wN1 : 198.2410237 (0.03)%
        GbB1bN2hN1_GtT1tN2hN1 : 197.1885473 (0.03)%
  GbB1bN4wC1wN1_GtT1tN3wC1wN1 : 195.9997588 (0.03)%
        GtT1bC2hC1wN1_QqN2zN1 : 195.2186997 (0.03)%
        GtT1bC1wN1_QqC2zC1wN1 : 194.6820357 (0.03)%
           GbB1bN1_GtT1bC1wN1 : 193.3120439 (0.03)%
            C2wN2hN1_N4hN2hN1 : 193.2422644 (0.03)%
  GbB1bN4wC1wN1_GbB2tC2zC1wN1 : 192.3663438 (0.03)%
  GbB1tC2zC1wN1_GtT1tN3wC1wN1 : 192.2576599 (0.03)%
      QqC1wN1_QqGbB2bN4hN2hN1 : 190.6754085 (0.03)%
        GbB1tC2wN1_GtT1bC1wN1 : 189.6949751 (0.03)%
     GbB1bN3zN2hN1_GtT1bC1wN1 : 189.3374659 (0.03)%
        GtT1bC1wN1_QqC2hC1wN1 : 188.9087044 (0.03)%
  GbB1tC2zC1wN1_GbB2tC2zC1wN1 : 188.6936154 (0.03)%
  GbB1bN4wC1wN1_GbB1tC2wN2hN1 : 188.5305288 (0.03)%
            C2wN2hN1_N3zN2hN1 : 187.5180892 (0.03)%
         T1bC2zC1wN1_T1tN2hN1 : 187.2298689 (0.03)%
           GbB2bN4zN1_QqC1wN1 : 187.1336419 (0.03)%
      QqC1wN1_QqGbB2bN3zN2hN1 : 186.9590934 (0.03)%
  GbB1bN4wC1wN1_GbB2tC2hC1wN1 : 186.6616848 (0.03)%
  GbB1tC2hC1wN1_GtT1tN3wC1wN1 : 186.5562239 (0.03)%
  GbB1tC2wN2hN1_GbB1tC2zC1wN1 : 184.9310352 (0.03)%
         B1tC1wN1_B1tC2wN2hN1 : 184.2653623 (0.03)%
           GbB2bN3hN1_QqC1wN1 : 184.0115139 (0.03)%
  GbB1tC2hC1wN1_GbB2tC2zC1wN1 : 183.0978719 (0.03)%
  GbB1tC2zC1wN1_GbB2tC2hC1wN1 : 183.0978719 (0.03)%
     GbB1bN2hN1_GbB2bN4wC1wN1 : 183.0954766 (0.03)%
      B2tC2wN2hN1_B2tC2zC1wN1 : 182.1331986 (0.03)%
         T1bC2hC1wN1_T1tN2hN1 : 181.6775330 (0.03)%
           GbB1bN3wC1wN1_QqN1 : 181.0905543 (0.03)%
     GbB1bN2hN1_GbB2bN3wC1wN1 : 179.9747712 (0.03)%
  GbB1tC2hC1wN1_GbB1tC2wN2hN1 : 179.4468716 (0.03)%
        GtT1bC2wN2zN1_QqN2hN1 : 179.3564498 (0.03)%
        GtT1bC2wN2hN1_QqN2zN1 : 179.3564498 (0.03)%
  GbB1tC2hC1wN1_GbB2tC2hC1wN1 : 177.6680711 (0.03)%
        GbB1bN4hN2zN1_QqN2hN1 : 177.4802236 (0.03)%
        GbB1bN4hN2hN1_QqN2zN1 : 177.4802236 (0.03)%
                  N2hN1_N2zN1 : 177.0785076 (0.03)%
   GbB1tC1wN1_QqGbB1bN4wC1wN1 : 176.9350964 (0.03)%
   GbB1bN4wC1wN1_QqGbB1tC1wN1 : 176.9350964 (0.03)%
            QqGbB1bN1_QqN2hN1 : 176.9064164 (0.03)%
      B2tC2hC1wN1_B2tC2wN2hN1 : 176.7320053 (0.03)%
         QqC1wN1_QqGtT1tN3zN1 : 176.7234297 (0.03)%
      T2bC2zC1wN1_T2tN4wC1wN1 : 176.2702229 (0.03)%
      GtT1bC1wN1_QqGbB1bN2hN1 : 175.8140244 (0.03)%
      GbB1bN2hN1_QqGtT1bC1wN1 : 175.8140244 (0.03)%
  GbB2tC2zC1wN1_GtT1tN3wC1wN1 : 174.8850682 (0.03)%
         QqGbB1tC2wN1_QqN2hN1 : 173.5963139 (0.03)%
        GtT1bC1wN1_QqC2wN2hN1 : 173.5591652 (0.03)%
   GbB1tC1wN1_QqGbB1tC2zC1wN1 : 173.5569871 (0.03)%
   GbB1tC2zC1wN1_QqGbB1tC1wN1 : 173.5569871 (0.03)%
      QqGbB1bN3zN2hN1_QqN2hN1 : 173.2691451 (0.03)%
        GbB2tC2wN1_GtT1bC1wN1 : 172.5539501 (0.03)%
         QqC1wN1_QqGtT1bC2wN1 : 172.4310777 (0.03)%
  GbB1bN4wC1wN1_GbB2tC2wN2hN1 : 171.4947243 (0.03)%
  GbB1tC2wN2hN1_GtT1tN3wC1wN1 : 171.3978325 (0.03)%
        GbB1bN2zN1_GbB1tC1wN1 : 171.2106742 (0.03)%
     GtT1bC1wN1_GtT1bC2zC1wN1 : 171.0727534 (0.03)%
     GbB1bN3wC1wN1_GtT1tN2hN1 : 171.0698593 (0.03)%
      T2bC2hC1wN1_T2tN4wC1wN1 : 171.0428973 (0.03)%
           GbB2tC1wN1_QqN2hN1 : 170.8442841 (0.03)%
           GbB1bN3hN1_QqN2hN1 : 170.5374000 (0.03)%
  GbB1bN3wC1wN1_GbB1bN3wC1wN1 : 170.5172264 (0.03)%
            T1bC1wN1_T1tN2zN1 : 170.0387414 (0.03)%
  GbB2tC2hC1wN1_GtT1tN3wC1wN1 : 169.6988196 (0.03)%
                 QqN1_QqN2zN1 : 168.8063342 (0.03)%
   GbB1tC1wN1_QqGbB1tC2hC1wN1 : 168.4101229 (0.03)%
   GbB1tC2hC1wN1_QqGbB1tC1wN1 : 168.4101229 (0.03)%
  GbB1tC2wN2hN1_GbB2tC2zC1wN1 : 168.2204845 (0.03)%
  GbB1tC2zC1wN1_GbB2tC2wN2hN1 : 168.2204845 (0.03)%
           QqN2hN1_QqN4hN2hN1 : 167.9869415 (0.03)%
         T1bC2wN2hN1_T1tN2hN1 : 166.9155535 (0.03)%
  GbB2tC2hC1wN1_GbB2tC2zC1wN1 : 166.5529676 (0.03)%
     GtT1bC1wN1_GtT1bC2hC1wN1 : 165.9995597 (0.03)%
        GbB1bN3zN1_GbB1tC1wN1 : 165.3867310 (0.03)%
         QqC1wN1_QqGbB1bN4hN1 : 164.0847790 (0.03)%
  GbB1tC2wN2hN1_GbB2tC2hC1wN1 : 163.2318754 (0.03)%
  GbB1tC2hC1wN1_GbB2tC2wN2hN1 : 163.2318754 (0.03)%
        GbB1bN4zN2hN1_QqC1wN1 : 161.9823082 (0.03)%
        GtT1tN3zN2zN1_QqN2hN1 : 160.9501924 (0.03)%
        GtT1tN3zN2hN1_QqN2zN1 : 160.9501924 (0.03)%
   GbB1tC1wN1_QqGtT1tN3wC1wN1 : 160.8561341 (0.03)%
   GtT1tN3wC1wN1_QqGbB1tC1wN1 : 160.8561341 (0.03)%
  GbB1bN3wC1wN1_GbB2bN4wC1wN1 : 158.8434919 (0.03)%
         QqGbB2tC2wN1_QqN2hN1 : 157.9099798 (0.03)%
   GbB1tC1wN1_QqGbB2tC2zC1wN1 : 157.8742066 (0.03)%
   GbB2tC2zC1wN1_QqGbB1tC1wN1 : 157.8742066 (0.03)%
            C2zC1wN1_C2zC1wN1 : 157.4142035 (0.03)%
      T2bC2wN2hN1_T2tN4wC1wN1 : 157.1450217 (0.03)%
      QqGtT1bC2zC1wN1_QqN2hN1 : 156.5544864 (0.03)%
  GbB1bN3wC1wN1_GbB2bN3wC1wN1 : 156.1361408 (0.03)%
  GbB2tC2wN2hN1_GtT1tN3wC1wN1 : 155.9101554 (0.03)%
   GbB1tC1wN1_QqGbB1tC2wN2hN1 : 154.7261702 (0.03)%
   GbB1tC2wN2hN1_QqGbB1tC1wN1 : 154.7261702 (0.03)%
   GbB1tC1wN1_QqGbB2tC2hC1wN1 : 153.1924182 (0.03)%
   GbB2tC2hC1wN1_QqGbB1tC1wN1 : 153.1924182 (0.03)%
  GbB2tC2wN2hN1_GbB2tC2zC1wN1 : 153.0199157 (0.03)%
      QqC1wN1_QqGbB1tC2wN2zN1 : 152.6659784 (0.03)%
   GtT1bC1wN1_QqGbB1bN3wC1wN1 : 152.5265074 (0.03)%
   GbB1bN3wC1wN1_QqGtT1bC1wN1 : 152.5265074 (0.03)%
     GtT1bC1wN1_GtT1bC2wN2hN1 : 152.5114742 (0.03)%
      QqGtT1bC2hC1wN1_QqN2hN1 : 151.9118345 (0.03)%
     GbB1bN4hN2hN1_GtT1bC1wN1 : 150.9160701 (0.03)%
  GbB1tC2wN2hN1_GbB2tC2wN2hN1 : 149.9686746 (0.03)%
         T1tN2hN1_T1tN3zN2hN1 : 149.7860294 (0.03)%
           GbB2bN2hN1_QqN2hN1 : 148.8623313 (0.03)%
      T2tN4wC1wN1_T2tN4wC1wN1 : 148.7700099 (0.03)%
  GbB2tC2hC1wN1_GbB2tC2wN2hN1 : 148.4820821 (0.03)%
            C2hC1wN1_C2hC1wN1 : 148.2163444 (0.03)%
         T1bC1wN1_T1tN4wC1wN1 : 147.6359089 (0.03)%
        GtT1bC1wN1_QqN4wC1wN1 : 147.5086572 (0.03)%
               C2wN1_C2zC1wN1 : 147.1308557 (0.03)%
        GbB1bN2hN1_QqC2zC1wN1 : 147.0453453 (0.03)%
           GbB1bN1_GbB1bN2hN1 : 146.0105764 (0.02)%
           GbB1bN4wC1wN1_QqN1 : 143.9834643 (0.02)%
        GbB1bN2hN1_GbB1tC2wN1 : 143.2785671 (0.02)%
     GbB1bN2hN1_GbB1bN3zN2hN1 : 143.0085367 (0.02)%
     GbB1tC2nTAU1taN1_QqC1wN1 : 142.9900068 (0.02)%
            T1tN2hN1_T1tN2hN1 : 142.8632668 (0.02)%
               C2hC1wN1_C2wN1 : 142.7676633 (0.02)%
        GbB1bN2hN1_QqC2hC1wN1 : 142.6846888 (0.02)%
         QqGtT1bC1wN1_QqN2zN1 : 142.1799203 (0.02)%
           GbB1tC2zC1wN1_QqN1 : 141.2344795 (0.02)%
   GbB1tC1wN1_QqGbB2tC2wN2hN1 : 140.7449609 (0.02)%
   GbB2tC2wN2hN1_QqGbB1tC1wN1 : 140.7449609 (0.02)%
      QqGtT1bC2wN2hN1_QqN2hN1 : 139.5684295 (0.02)%
      QqC1wN1_QqGbB2tC2wN2zN1 : 138.8709300 (0.02)%
      QqGbB1bN4hN2hN1_QqN2hN1 : 138.1084210 (0.02)%
           GbB1bN2zN1_QqN2zN1 : 138.0045726 (0.02)%
         B1bN2hN1_B1bN3wC1wN1 : 137.1989090 (0.02)%
           GbB1tC2hC1wN1_QqN1 : 137.0461453 (0.02)%
     GtT1bC1wN1_GtT1tN3zN2hN1 : 136.8601528 (0.02)%
     GbB1bN4wC1wN1_GtT1tN2hN1 : 136.0161002 (0.02)%
           GbB1bN4zN1_QqN2hN1 : 135.5430782 (0.02)%
              GtT1tN1_QqN2hN1 : 134.2253984 (0.02)%
      B2bN4wC1wN1_B2tC2zC1wN1 : 134.1295899 (0.02)%
     GbB1tC2zC1wN1_GtT1tN2hN1 : 133.4192312 (0.02)%
           GbB1bN3zN1_QqN2zN1 : 133.3101761 (0.02)%
      GbB1bN2hN1_QqGbB1bN2hN1 : 132.7941422 (0.02)%
           GbB1tC1wN1_QqC2wN1 : 132.7417590 (0.02)%
      B2bN3wC1wN1_B2tC2zC1wN1 : 131.8434660 (0.02)%
               C2wN1_C2wN2hN1 : 131.1672564 (0.02)%
        GbB1bN2hN1_QqC2wN2hN1 : 131.0910238 (0.02)%
           GtT1tN3wC1wN1_QqN1 : 130.8989789 (0.02)%
        GbB1bN2hN1_GbB2tC2wN1 : 130.3317745 (0.02)%
      B2bN4wC1wN1_B2tC2hC1wN1 : 130.1519524 (0.02)%
     GbB2tC2nTAU1taN1_QqC1wN1 : 130.0692888 (0.02)%
     GbB1tC2hC1wN1_GtT1tN2hN1 : 129.4626596 (0.02)%
         T1tN3wC1wN1_T1tN3zN1 : 129.2256689 (0.02)%
     GbB1bN2hN1_GtT1bC2zC1wN1 : 129.2130114 (0.02)%
     GbB1tC1wN1_GbB2bN4hN2hN1 : 128.9857335 (0.02)%
               N3zN1_N4wC1wN1 : 128.9184442 (0.02)%
           GbB2tC2zC1wN1_QqN1 : 128.4723927 (0.02)%
      B2bN3wC1wN1_B2tC2hC1wN1 : 127.9336239 (0.02)%
     GbB1bN3wC1wN1_QqC2zC1wN1 : 127.5683952 (0.02)%
        GbB1bN1_GbB1bN3wC1wN1 : 126.6706870 (0.02)%
     GbB1tC1wN1_GbB2bN3zN2hN1 : 126.4717668 (0.02)%
  GbB1bN4wC1wN1_GbB2bN4wC1wN1 : 126.2950259 (0.02)%
         T1bC2wN1_T1tN3wC1wN1 : 126.0869676 (0.02)%
               C2zC1wN1_N3zN1 : 125.9313206 (0.02)%
           GbB1tC2wN2hN1_QqN1 : 125.9106331 (0.02)%
     GbB1bN2hN1_GtT1bC2hC1wN1 : 125.3811760 (0.02)%
      QqGtT1tN3zN2hN1_QqN2hN1 : 125.2453737 (0.02)%
            C2wN2hN1_C2wN2hN1 : 125.1086286 (0.02)%
           GbB2tC2hC1wN1_QqN1 : 124.6625205 (0.02)%
     GbB1bN3wC1wN1_GbB1tC2wN1 : 124.3005471 (0.02)%
  GbB1bN4wC1wN1_GbB2bN3wC1wN1 : 124.1424355 (0.02)%
  GbB1bN3wC1wN1_GbB1bN3zN2hN1 : 124.0662837 (0.02)%
  GbB1tC2zC1wN1_GbB2bN4wC1wN1 : 123.8837552 (0.02)%
     GbB1bN3wC1wN1_QqC2hC1wN1 : 123.7853312 (0.02)%
     GtT1tN2hN1_GtT1tN3wC1wN1 : 123.6556483 (0.02)%
           GtT1tN3hN1_QqN2hN1 : 123.2707669 (0.02)%
        GbB1bN3hN2hN1_QqC1wN1 : 122.8365507 (0.02)%
               C2hC1wN1_N3zN1 : 122.1968043 (0.02)%
  GbB1tC2zC1wN1_GbB2bN3wC1wN1 : 121.7722628 (0.02)%
     GbB2tC2zC1wN1_GtT1tN2hN1 : 121.3633379 (0.02)%
   GtT1bC1wN1_QqGbB1bN4wC1wN1 : 121.2724486 (0.02)%
   GbB1bN4wC1wN1_QqGtT1bC1wN1 : 121.2724486 (0.02)%
  GbB1tC2hC1wN1_GbB2bN4wC1wN1 : 120.2099599 (0.02)%
      B2bN4wC1wN1_B2tC2wN2hN1 : 119.5766192 (0.02)%
        GbB1tC1wN1_GtT1tN3zN1 : 119.5476721 (0.02)%
      T2tN3wC1wN1_T2tN4wC1wN1 : 119.5435297 (0.02)%
      T1bC2hC1wN1_T1bC2zC1wN1 : 119.0490090 (0.02)%
   GtT1bC1wN1_QqGbB1tC2zC1wN1 : 118.9570708 (0.02)%
   GbB1tC2zC1wN1_QqGtT1bC1wN1 : 118.9570708 (0.02)%
     GbB1tC2wN2hN1_GtT1tN2hN1 : 118.9433340 (0.02)%
           QqC2zC1wN1_QqN2zN1 : 118.9148337 (0.02)%
  GbB1tC2hC1wN1_GbB2bN3wC1wN1 : 118.1610842 (0.02)%
     GbB2tC2hC1wN1_GtT1tN2hN1 : 117.7642860 (0.02)%
      B2bN3wC1wN1_B2tC2wN2hN1 : 117.5385382 (0.02)%
        GbB1bN2zN1_GtT1bC1wN1 : 117.3488929 (0.02)%
        GbB1tC1wN1_GtT1bC2wN1 : 116.6440351 (0.02)%
           GtT1tN4hN1_QqC1wN1 : 115.5049631 (0.02)%
   GtT1bC1wN1_QqGbB1tC2hC1wN1 : 115.4293772 (0.02)%
   GbB1tC2hC1wN1_QqGtT1bC1wN1 : 115.4293772 (0.02)%
           QqC2hC1wN1_QqN2zN1 : 115.3883926 (0.02)%
   GbB1bN2hN1_QqGbB1bN3wC1wN1 : 115.2048409 (0.02)%
   GbB1bN3wC1wN1_QqGbB1bN2hN1 : 115.2048409 (0.02)%
     GbB1bN2hN1_GtT1bC2wN2hN1 : 115.1934862 (0.02)%
  GbB2bN4wC1wN1_GtT1tN3wC1wN1 : 114.8179758 (0.02)%
           GbB2tC2wN2hN1_QqN1 : 114.5332241 (0.02)%
               N2hN1_N3wC1wN1 : 114.2921886 (0.02)%
     GbB1bN2hN1_GbB1bN4hN2hN1 : 113.9884611 (0.02)%
     GbB1bN3wC1wN1_QqC2wN2hN1 : 113.7273097 (0.02)%
        GbB1bN3zN1_GtT1bC1wN1 : 113.3571250 (0.02)%
     GbB1bN3wC1wN1_GbB2tC2wN1 : 113.0686271 (0.02)%
  GbB2bN3wC1wN1_GtT1tN3wC1wN1 : 112.8610019 (0.02)%
  GbB2bN4wC1wN1_GbB2tC2zC1wN1 : 112.6894970 (0.02)%
               C2wN2hN1_N3zN1 : 112.2678566 (0.02)%
  GbB1bN3wC1wN1_GtT1bC2zC1wN1 : 112.0980502 (0.02)%
         QqC1wN1_QqGbB2bN3zN1 : 111.9331835 (0.02)%
      GtT1tN2hN1_QqGbB1tC1wN1 : 111.6278112 (0.02)%
      GbB1tC1wN1_QqGtT1tN2hN1 : 111.6278112 (0.02)%
        GbB1bN2hN1_QqN4wC1wN1 : 111.4148070 (0.02)%
        GbB1bN4hN1_GbB1tC1wN1 : 110.9980345 (0.02)%
  GbB2bN3wC1wN1_GbB2tC2zC1wN1 : 110.7688011 (0.02)%
  GbB1tC2wN2hN1_GbB2bN4wC1wN1 : 110.4424507 (0.02)%
   GtT1bC1wN1_QqGtT1tN3wC1wN1 : 110.2518248 (0.02)%
   GtT1tN3wC1wN1_QqGtT1bC1wN1 : 110.2518248 (0.02)%
         QqC1wN1_QqGtT1tN2zN1 : 110.1414776 (0.02)%
      T1bC2wN2hN1_T1bC2zC1wN1 : 109.3758315 (0.02)%
  GbB2bN4wC1wN1_GbB2tC2hC1wN1 : 109.3476694 (0.02)%
               C2zC1wN1_N4hN1 : 109.2718773 (0.02)%
         B1bN2hN1_B1bN4wC1wN1 : 109.0856136 (0.02)%
               N3wC1wN1_N4hN1 : 108.8210371 (0.02)%
  GbB1bN3wC1wN1_GtT1bC2hC1wN1 : 108.7737621 (0.02)%
  GbB1tC2wN2hN1_GbB2bN3wC1wN1 : 108.5600539 (0.02)%
      T2tN4hN2hN1_T2tN4wC1wN1 : 108.5133103 (0.02)%
   GtT1bC1wN1_QqGbB2tC2zC1wN1 : 108.2079926 (0.02)%
   GbB2tC2zC1wN1_QqGtT1bC1wN1 : 108.2079926 (0.02)%
     GbB2tC2wN2hN1_GtT1tN2hN1 : 108.1954970 (0.02)%
  GbB1bN4wC1wN1_GbB1bN4wC1wN1 : 107.7958152 (0.02)%
  GbB2bN3wC1wN1_GbB2tC2hC1wN1 : 107.4839321 (0.02)%
         QqGbB1bN2zN1_QqN2hN1 : 107.3899572 (0.02)%
         QqGbB1bN2hN1_QqN2zN1 : 107.3899572 (0.02)%
         B1bN2hN1_B1tC2zC1wN1 : 107.0029112 (0.02)%
      T1bC2hC1wN1_T1bC2wN2hN1 : 106.1322712 (0.02)%
   GtT1bC1wN1_QqGbB1tC2wN2hN1 : 106.0503083 (0.02)%
   GbB1tC2wN2hN1_QqGtT1bC1wN1 : 106.0503083 (0.02)%
               C2hC1wN1_N4hN1 : 106.0313999 (0.02)%
           QqC2wN2zN1_QqN2hN1 : 106.0126539 (0.02)%
           QqC2wN2hN1_QqN2zN1 : 106.0126539 (0.02)%
        GbB1wT1bC1wN1_QqC1wN1 : 105.7574139 (0.02)%
   GtT1bC1wN1_QqGbB2tC2hC1wN1 : 104.9990648 (0.02)%
   GbB2tC2hC1wN1_QqGtT1bC1wN1 : 104.9990648 (0.02)%
        GbB2bN4hN2zN1_QqN2hN1 : 103.9691077 (0.02)%
        GbB2bN4hN2hN1_QqN2zN1 : 103.9691077 (0.02)%
         B1bN2hN1_B1tC2hC1wN1 : 103.8297204 (0.02)%
         QqGbB1bN3zN1_QqN2hN1 : 103.7369547 (0.02)%
  GbB1tC2zC1wN1_GbB1tC2zC1wN1 : 103.7189548 (0.02)%
   GbB2bN4wC1wN1_QqGbB1tC1wN1 : 103.6497685 (0.02)%
   GbB1tC1wN1_QqGbB2bN4wC1wN1 : 103.6497685 (0.02)%
            C2wN2zN1_N4wC1wN1 : 103.6464086 (0.02)%
     GbB1bN2hN1_GtT1tN3zN2hN1 : 103.3718821 (0.02)%
     GbB1tC1wN1_GbB1tC2wN2zN1 : 103.2735860 (0.02)%
               C1wN1_N3zN2hN1 : 102.9618373 (0.02)%
      B2tC2zC1wN1_B2tC2zC1wN1 : 102.1497823 (0.02)%
        GbB2bN3zN2zN1_QqN2hN1 : 101.9427218 (0.02)%
        GbB2bN3zN2hN1_QqN2zN1 : 101.9427218 (0.02)%
   GbB1tC1wN1_QqGbB2bN3wC1wN1 : 101.8831471 (0.02)%
   GbB2bN3wC1wN1_QqGbB1tC1wN1 : 101.8831471 (0.02)%
     GbB1bN4wC1wN1_QqC2zC1wN1 : 101.4284790 (0.02)%
      T2bC2hC1wN1_T2bC2zC1wN1 : 101.3301325 (0.02)%
               C2wN1_N4hN2hN1 : 101.3001977 (0.02)%
            C2wN2zN1_N3wC1wN1 : 100.8271326 (0.02)%
        GbB1bN1_GbB1bN4wC1wN1 : 100.7147193 (0.02)%
  GbB2bN4wC1wN1_GbB2tC2wN2hN1 : 100.4627620 (0.02)%
GbB1bN3wC1wN1_QqGbB1bN3wC1wN1 : 99.9453376 (0.02)%
  GbB1bN3wC1wN1_GtT1bC2wN2hN1 : 99.9354868 (0.02)%
     GbB1tC2zC1wN1_QqC2zC1wN1 : 99.4919695 (0.02)%
         T1bC1wN1_T1bC2wN2zN1 : 99.3331290 (0.02)%
  GbB1bN3wC1wN1_GbB1bN4hN2hN1 : 98.8900738 (0.02)%
     GbB1bN4wC1wN1_GbB1tC2wN1 : 98.8302425 (0.02)%
        GbB1bN1_GbB1tC2zC1wN1 : 98.7918372 (0.02)%
  GbB2bN3wC1wN1_GbB2tC2wN2hN1 : 98.7504603 (0.02)%
  GbB1bN3zN2hN1_GbB1bN4wC1wN1 : 98.6439818 (0.02)%
               B1bN1_B1tC1wN1 : 98.4362286 (0.02)%
     GbB1bN4wC1wN1_QqC2hC1wN1 : 98.4205989 (0.02)%
               C2wN1_N3zN2hN1 : 98.2995080 (0.02)%
     GbB2wT1tN3wC1wN1_QqC1wN1 : 98.1653704 (0.02)%
      T1bC2zC1wN1_T1tN3zN2hN1 : 98.1512577 (0.02)%
  GbB1tC2hC1wN1_GbB1tC2hC1wN1 : 97.6585592 (0.02)%
               C2wN2hN1_N4hN1 : 97.4159518 (0.02)%
        GtT1tN4hN2hN1_QqN2hN1 : 97.2193044 (0.02)%
     GbB1tC2wN1_GbB1tC2zC1wN1 : 96.9433395 (0.02)%
  GbB1bN3zN2hN1_GbB1tC2zC1wN1 : 96.7606349 (0.02)%
     GbB1bN3wC1wN1_QqN4wC1wN1 : 96.6573141 (0.02)%
            B1tC1wN1_B1tC2wN1 : 96.5943847 (0.02)%
     GbB1tC2hC1wN1_QqC2zC1wN1 : 96.5415170 (0.02)%
     GbB1tC2zC1wN1_QqC2hC1wN1 : 96.5415170 (0.02)%
   GtT1bC1wN1_QqGbB2tC2wN2hN1 : 96.4674978 (0.02)%
   GbB2tC2wN2hN1_QqGtT1bC1wN1 : 96.4674978 (0.02)%
         B1bN3zN2hN1_B1tC1wN1 : 96.4123378 (0.02)%
           GtT1tN3zN1_QqN2zN1 : 96.3615468 (0.02)%
      B2tC2hC1wN1_B2tC2hC1wN1 : 96.1810750 (0.02)%
         QqC1wN1_QqGbB2bN4hN1 : 96.1219662 (0.02)%
        GbB1bN1_GbB1tC2hC1wN1 : 95.8621472 (0.02)%
      QqC1wN1_QqGtT1tN4wC1wN1 : 95.6301900 (0.02)%
         B2tC2wN1_B2tC2zC1wN1 : 95.4766758 (0.02)%
         B1bN2hN1_B1tC2wN2hN1 : 95.3931670 (0.02)%
      T1bC2hC1wN1_T1tN3zN2hN1 : 95.2405643 (0.02)%
    GbB1bN3taTAU1taN1_QqC1wN1 : 95.0715678 (0.02)%
        GbB2bN4zN2hN1_QqC1wN1 : 94.8903247 (0.02)%
      B1bN3wC1wN1_B1bN4wC1wN1 : 94.6366349 (0.02)%
     GbB1tC2hC1wN1_GbB1tC2wN1 : 94.0684670 (0.02)%
           GtT1bC2wN1_QqN2zN1 : 94.0210667 (0.02)%
     GbB1tC1wN1_GbB2tC2wN2zN1 : 93.9416830 (0.02)%
  GbB1bN3zN2hN1_GbB1tC2hC1wN1 : 93.8911806 (0.02)%
     GbB1tC2hC1wN1_QqC2hC1wN1 : 93.6785607 (0.02)%
      QqGbB1bN3wC1wN1_QqN2zN1 : 93.1655774 (0.02)%
      T2bC2wN2hN1_T2bC2zC1wN1 : 93.0966800 (0.02)%
      B1bN3wC1wN1_B1tC2zC1wN1 : 92.8297978 (0.02)%
         B2tC2hC1wN1_B2tC2wN1 : 92.6452976 (0.02)%
     GtT1tN3wC1wN1_QqC2zC1wN1 : 92.2111743 (0.02)%
   GbB1bN2hN1_QqGbB1bN4wC1wN1 : 91.5983286 (0.02)%
   GbB1bN4wC1wN1_QqGbB1bN2hN1 : 91.5983286 (0.02)%
        GbB1bN1_GtT1tN3wC1wN1 : 91.5622775 (0.02)%
           GtT1bC1wN1_QqC2wN1 : 90.9820520 (0.02)%
              GtT1tN2hN1_QqN1 : 90.8387273 (0.02)%
     GbB2tC2zC1wN1_QqC2zC1wN1 : 90.5017770 (0.02)%
     GbB1bN4wC1wN1_QqC2wN2hN1 : 90.4235569 (0.02)%
      T2bC2hC1wN1_T2bC2wN2hN1 : 90.3358810 (0.02)%
           QqN2zN1_QqN4wC1wN1 : 90.1005960 (0.02)%
      B1bN3wC1wN1_B1tC2hC1wN1 : 90.0769132 (0.02)%
     GbB1bN4wC1wN1_GbB2tC2wN1 : 89.8998443 (0.02)%
        GbB1bN1_GbB2tC2zC1wN1 : 89.8649094 (0.02)%
   GbB1tC2zC1wN1_QqGbB1bN2hN1 : 89.8494999 (0.02)%
   GbB1bN2hN1_QqGbB1tC2zC1wN1 : 89.8494999 (0.02)%
     GbB1tC2wN1_GtT1tN3wC1wN1 : 89.8490523 (0.02)%
  GbB1bN3zN2hN1_GtT1tN3wC1wN1 : 89.6797180 (0.02)%
  GbB1bN3wC1wN1_GtT1tN3zN2hN1 : 89.6797180 (0.02)%
            T1tN2hN1_T1tN3zN1 : 89.6775161 (0.02)%
     GtT1tN3wC1wN1_QqC2hC1wN1 : 89.4766351 (0.02)%
           GbB1bN4hN1_QqN2zN1 : 89.4701010 (0.02)%
         T1bC1wN1_T1tN3zN2zN1 : 89.1391765 (0.02)%
  GbB1bN4wC1wN1_GtT1bC2zC1wN1 : 89.1281474 (0.02)%
  GtT1tN3wC1wN1_GtT1tN3wC1wN1 : 89.0941484 (0.02)%
        GtT1tN3hN2hN1_QqC1wN1 : 88.7908213 (0.02)%
     GbB1tC2zC1wN1_QqC2wN2hN1 : 88.6971574 (0.02)%
     GbB1tC2wN2hN1_QqC2zC1wN1 : 88.6971574 (0.02)%
        GbB1bN2hN1_GbB1bN2zN1 : 88.6348266 (0.02)%
     GbB2bN4hN2hN1_GtT1bC1wN1 : 88.4076481 (0.02)%
     GbB1tC2zC1wN1_GbB2tC2wN1 : 88.1834437 (0.02)%
     GbB1tC2wN1_GbB2tC2zC1wN1 : 88.1834437 (0.02)%
        GbB1bN1_GbB1tC2wN2hN1 : 88.0729890 (0.01)%
  GbB1bN3zN2hN1_GbB2tC2zC1wN1 : 88.0172485 (0.01)%
        GbB2wT1bC1wN1_QqN2hN1 : 87.9387848 (0.01)%
     GbB2tC2hC1wN1_QqC2zC1wN1 : 87.8179303 (0.01)%
     GbB2tC2zC1wN1_QqC2hC1wN1 : 87.8179303 (0.01)%
      T1bC2wN2hN1_T1tN3zN2hN1 : 87.5019120 (0.01)%
            T1bC2wN1_T1tN2hN1 : 87.4993813 (0.01)%
  GbB1tC2zC1wN1_GtT1bC2zC1wN1 : 87.4264803 (0.01)%
        GbB1bN1_GbB2tC2hC1wN1 : 87.1999491 (0.01)%
   GbB1tC2hC1wN1_QqGbB1bN2hN1 : 87.1849966 (0.01)%
   GbB1bN2hN1_QqGbB1tC2hC1wN1 : 87.1849966 (0.01)%
     GbB2bN3zN2hN1_GtT1bC1wN1 : 86.6845592 (0.01)%
      B2bN3wC1wN1_B2bN4wC1wN1 : 86.5597049 (0.01)%
  GbB1bN4wC1wN1_GtT1bC2hC1wN1 : 86.4850359 (0.01)%
     GbB1tC2wN1_GbB1tC2wN2hN1 : 86.4250520 (0.01)%
  GbB1bN3zN2hN1_GbB1tC2wN2hN1 : 86.2621708 (0.01)%
     GbB1tC2hC1wN1_QqC2wN2hN1 : 86.0668270 (0.01)%
     GbB1tC2wN2hN1_QqC2hC1wN1 : 86.0668270 (0.01)%
  GbB2tC2zC1wN1_GbB2tC2zC1wN1 : 85.8215371 (0.01)%
        GbB1bN2hN1_GbB1bN3zN1 : 85.6198032 (0.01)%
     GbB1tC2hC1wN1_GbB2tC2wN1 : 85.5683476 (0.01)%
     GbB1tC2wN1_GbB2tC2hC1wN1 : 85.5683476 (0.01)%
  GbB1bN3zN2hN1_GbB2tC2hC1wN1 : 85.4070809 (0.01)%
     GbB2tC2hC1wN1_QqC2hC1wN1 : 85.2136735 (0.01)%
         B2tC2wN1_B2tC2wN2hN1 : 85.1175204 (0.01)%
  GbB1tC2zC1wN1_GtT1bC2hC1wN1 : 84.8338321 (0.01)%
  GbB1tC2hC1wN1_GtT1bC2zC1wN1 : 84.8338321 (0.01)%
              QqN2hN1_QqN4hN1 : 84.6844134 (0.01)%
           GbB2bN4wC1wN1_QqN1 : 84.3464810 (0.01)%
   GtT1tN3wC1wN1_QqGbB1bN2hN1 : 83.2743380 (0.01)%
   GbB1bN2hN1_QqGtT1tN3wC1wN1 : 83.2743380 (0.01)%
        GbB1tC2wN2zN1_QqN2zN1 : 83.2437999 (0.01)%
           GbB2bN3wC1wN1_QqN1 : 82.9088676 (0.01)%
      B1bN3wC1wN1_B1tC2wN2hN1 : 82.7578269 (0.01)%
         GbB1tC1wN1_QqGbB1bN1 : 82.6561242 (0.01)%
         GbB1bN1_QqGbB1tC1wN1 : 82.6561242 (0.01)%
  GbB1tC2wN2hN1_GbB1tC2wN2hN1 : 82.4330709 (0.01)%
         T2bC2wN1_T2tN4wC1wN1 : 82.3775370 (0.01)%
  GbB1tC2hC1wN1_GtT1bC2hC1wN1 : 82.3180693 (0.01)%
     GtT1tN3wC1wN1_QqC2wN2hN1 : 82.2063236 (0.01)%
        GtT1bC1wN1_GtT1tN3zN1 : 81.9387403 (0.01)%
   GbB2tC2zC1wN1_QqGbB1bN2hN1 : 81.7306105 (0.01)%
   GbB1bN2hN1_QqGbB2tC2zC1wN1 : 81.7306105 (0.01)%
     GbB2tC2wN1_GtT1tN3wC1wN1 : 81.7302034 (0.01)%
      B2tC2wN2hN1_B2tC2wN2hN1 : 81.1859342 (0.01)%
      GbB1tC1wN1_QqGbB1tC2wN1 : 81.1095424 (0.01)%
      GbB1tC2wN1_QqGbB1tC1wN1 : 81.1095424 (0.01)%
  GtT1bC2zC1wN1_GtT1tN3wC1wN1 : 81.0286343 (0.01)%
   GbB1tC1wN1_QqGbB1bN3zN2hN1 : 80.9566790 (0.01)%
   GbB1bN3zN2hN1_QqGbB1tC1wN1 : 80.9566790 (0.01)%
      QqGbB2bN4hN2hN1_QqN2hN1 : 80.9048411 (0.01)%
  GbB2tC2hC1wN1_GbB2tC2hC1wN1 : 80.8069045 (0.01)%
     GbB2tC2zC1wN1_QqC2wN2hN1 : 80.6823948 (0.01)%
     GbB2tC2wN2hN1_QqC2zC1wN1 : 80.6823948 (0.01)%
         T1tN2zN1_T1tN3wC1wN1 : 80.5388744 (0.01)%
     GbB2tC2wN1_GbB2tC2zC1wN1 : 80.2151008 (0.01)%
        GbB1bN1_GbB2tC2wN2hN1 : 80.1146269 (0.01)%
   GbB1tC2wN2hN1_QqGbB1bN2hN1 : 80.1008893 (0.01)%
   GbB1bN2hN1_QqGbB1tC2wN2hN1 : 80.1008893 (0.01)%
        GtT1bC1wN1_GtT1bC2wN1 : 79.9485689 (0.01)%
      QqC1wN1_QqGbB1bN3zN2zN1 : 79.8787341 (0.01)%
     GbB2bN4wC1wN1_GtT1tN2hN1 : 79.6791456 (0.01)%
  GbB2tC2zC1wN1_GtT1bC2zC1wN1 : 79.5265373 (0.01)%
GbB1bN4wC1wN1_QqGbB1bN3wC1wN1 : 79.4656353 (0.01)%
GbB1bN3wC1wN1_QqGbB1bN4wC1wN1 : 79.4656353 (0.01)%
  GbB1bN4wC1wN1_GtT1bC2wN2hN1 : 79.4578031 (0.01)%
           GbB2bN4zN1_QqN2hN1 : 79.4020461 (0.01)%
      QqGbB2bN3zN2hN1_QqN2hN1 : 79.3279840 (0.01)%
   GbB2tC2hC1wN1_QqGbB1bN2hN1 : 79.3068743 (0.01)%
   GbB1bN2hN1_QqGbB2tC2hC1wN1 : 79.3068743 (0.01)%
     GbB1tC2wN2hN1_QqC2wN2hN1 : 79.0735752 (0.01)%
            B1bN2hN1_B1bN2hN1 : 79.0731157 (0.01)%
  GbB1bN4hN2hN1_GbB1bN4wC1wN1 : 78.6266046 (0.01)%
  GtT1bC2hC1wN1_GtT1tN3wC1wN1 : 78.6257154 (0.01)%
     GbB1tC2wN2hN1_GbB2tC2wN1 : 78.6155991 (0.01)%
     GbB1tC2wN1_GbB2tC2wN2hN1 : 78.6155991 (0.01)%
            N3zN2hN1_N4hN2hN1 : 78.5308717 (0.01)%
        GbB1tC1wN1_QqN4hN2hN1 : 78.4886709 (0.01)%
  GbB1bN3zN2hN1_GbB2tC2wN2hN1 : 78.4674360 (0.01)%
     GbB2bN3wC1wN1_GtT1tN2hN1 : 78.3210828 (0.01)%
     GbB2tC2hC1wN1_QqC2wN2hN1 : 78.2897437 (0.01)%
     GbB2tC2wN2hN1_QqC2hC1wN1 : 78.2897437 (0.01)%
           GbB2bN3hN1_QqN2hN1 : 78.0773065 (0.01)%
GbB1tC2zC1wN1_QqGbB1bN3wC1wN1 : 77.9484484 (0.01)%
GbB1bN3wC1wN1_QqGbB1tC2zC1wN1 : 77.9484484 (0.01)%
  GbB1tC2wN2hN1_GtT1bC2zC1wN1 : 77.9407657 (0.01)%
  GbB1tC2zC1wN1_GtT1bC2wN2hN1 : 77.9407657 (0.01)%
     GbB2tC2hC1wN1_GbB2tC2wN1 : 77.8363073 (0.01)%
           QqC1wN1_QqN4hN2zN1 : 77.4435877 (0.01)%
  GbB2tC2zC1wN1_GtT1bC2hC1wN1 : 77.1681634 (0.01)%
  GbB2tC2hC1wN1_GtT1bC2zC1wN1 : 77.1681634 (0.01)%
  GbB1bN4hN2hN1_GbB1tC2zC1wN1 : 77.1254368 (0.01)%
     GbB1bN2zN1_GbB1bN3wC1wN1 : 76.8946652 (0.01)%
     GbB1bN4wC1wN1_QqN4wC1wN1 : 76.8513576 (0.01)%
         B1bN4hN2hN1_B1tC1wN1 : 76.8478181 (0.01)%
      GtT1bC1wN1_QqGtT1tN2hN1 : 76.5104169 (0.01)%
      GtT1tN2hN1_QqGtT1bC1wN1 : 76.5104169 (0.01)%
        GbB1bN4hN1_GtT1bC1wN1 : 76.0787639 (0.01)%
        GbB2tC2wN2zN1_QqN2zN1 : 75.7218080 (0.01)%
        GbB1tC1wN1_GbB2bN3zN1 : 75.7191706 (0.01)%
GbB1tC2hC1wN1_QqGbB1bN3wC1wN1 : 75.6368730 (0.01)%
GbB1bN3wC1wN1_QqGbB1tC2hC1wN1 : 75.6368730 (0.01)%
  GbB1tC2wN2hN1_GtT1bC2hC1wN1 : 75.6294181 (0.01)%
  GbB1tC2hC1wN1_GtT1bC2wN2hN1 : 75.6294181 (0.01)%
     GbB1tC2zC1wN1_QqN4wC1wN1 : 75.3840834 (0.01)%
         QqGtT1tN3zN1_QqN2hN1 : 74.9849240 (0.01)%
  GbB2tC2hC1wN1_GtT1bC2hC1wN1 : 74.8797274 (0.01)%
  GbB1bN4hN2hN1_GbB1tC2hC1wN1 : 74.8382679 (0.01)%
    GbB1bN4taTAU1taN1_QqC1wN1 : 74.6060712 (0.01)%
        GbB1tC1wN1_GtT1tN2zN1 : 74.5071396 (0.01)%
               T1bC1wN1_T1tN1 : 74.3381620 (0.01)%
     GbB1bN3wC1wN1_GbB1bN3zN1 : 74.2789979 (0.01)%
      QqGbB1bN4wC1wN1_QqN2zN1 : 74.0751092 (0.01)%
      B1bN4wC1wN1_B1tC2zC1wN1 : 73.8081339 (0.01)%
      GbB2tC2wN1_QqGbB1tC1wN1 : 73.7804041 (0.01)%
      GbB1tC1wN1_QqGbB2tC2wN1 : 73.7804041 (0.01)%
           QqC1wN1_QqN3wC1wN1 : 73.3158417 (0.01)%
         QqGtT1bC2wN1_QqN2hN1 : 73.1636505 (0.01)%
     GbB1tC2hC1wN1_QqN4wC1wN1 : 73.1485547 (0.01)%
   GbB1tC1wN1_QqGtT1bC2zC1wN1 : 73.1470759 (0.01)%
   GtT1bC2zC1wN1_QqGbB1tC1wN1 : 73.1470759 (0.01)%
   GbB2tC2wN2hN1_QqGbB1bN2hN1 : 72.8628940 (0.01)%
   GbB1bN2hN1_QqGbB2tC2wN2hN1 : 72.8628940 (0.01)%
  GbB2bN3wC1wN1_GbB2bN4wC1wN1 : 72.7234730 (0.01)%
      QqGbB1tC2zC1wN1_QqN2zN1 : 72.6608402 (0.01)%
GtT1tN3wC1wN1_QqGbB1bN3wC1wN1 : 72.2442022 (0.01)%
GbB1bN3wC1wN1_QqGtT1tN3wC1wN1 : 72.2442022 (0.01)%
  GtT1bC2wN2hN1_GtT1tN3wC1wN1 : 72.2370818 (0.01)%
     GbB2tC2wN2hN1_QqC2wN2hN1 : 71.9284090 (0.01)%
      B1bN4wC1wN1_B1tC2hC1wN1 : 71.6193402 (0.01)%
     GbB2tC2wN1_GbB2tC2wN2hN1 : 71.5118161 (0.01)%
  GbB1bN4hN2hN1_GtT1tN3wC1wN1 : 71.4814184 (0.01)%
  GbB1bN4wC1wN1_GtT1tN3zN2hN1 : 71.3035339 (0.01)%
   GbB2bN4wC1wN1_QqGtT1bC1wN1 : 71.0422154 (0.01)%
   GtT1bC1wN1_QqGbB2bN4wC1wN1 : 71.0422154 (0.01)%
   GbB1tC1wN1_QqGtT1bC2hC1wN1 : 70.9778860 (0.01)%
   GtT1bC2hC1wN1_QqGbB1tC1wN1 : 70.9778860 (0.01)%
GbB2tC2zC1wN1_QqGbB1bN3wC1wN1 : 70.9049498 (0.01)%
GbB1bN3wC1wN1_QqGbB2tC2zC1wN1 : 70.9049498 (0.01)%
  GbB2tC2zC1wN1_GtT1bC2wN2hN1 : 70.8979613 (0.01)%
  GbB2tC2wN2hN1_GtT1bC2zC1wN1 : 70.8979613 (0.01)%
      T2bC2zC1wN1_T2tN3wC1wN1 : 70.8206064 (0.01)%
     GbB1tC2wN2zN1_GtT1bC1wN1 : 70.7843775 (0.01)%
      QqGbB1tC2hC1wN1_QqN2zN1 : 70.5060697 (0.01)%
      B1tC2hC1wN1_B1tC2zC1wN1 : 70.2519576 (0.01)%
  GbB1bN4hN2hN1_GbB2tC2zC1wN1 : 70.1563063 (0.01)%
  GbB1tC2zC1wN1_GtT1tN3zN2hN1 : 69.9421809 (0.01)%
      T1tN3wC1wN1_T1tN4wC1wN1 : 69.9277696 (0.01)%
     GtT1tN3wC1wN1_QqN4wC1wN1 : 69.8674968 (0.01)%
   GtT1bC1wN1_QqGbB2bN3wC1wN1 : 69.8313617 (0.01)%
   GbB2bN3wC1wN1_QqGtT1bC1wN1 : 69.8313617 (0.01)%
         QqGbB1bN4hN1_QqN2hN1 : 69.6222606 (0.01)%
GbB1tC2wN2hN1_QqGbB1bN3wC1wN1 : 69.4910940 (0.01)%
GbB1bN3wC1wN1_QqGbB1tC2wN2hN1 : 69.4910940 (0.01)%
  GbB1tC2wN2hN1_GtT1bC2wN2hN1 : 69.4842448 (0.01)%
GbB2tC2hC1wN1_QqGbB1bN3wC1wN1 : 68.8022505 (0.01)%
GbB1bN3wC1wN1_QqGbB2tC2hC1wN1 : 68.8022505 (0.01)%
  GbB2tC2hC1wN1_GtT1bC2wN2hN1 : 68.7954693 (0.01)%
  GbB2tC2wN2hN1_GtT1bC2hC1wN1 : 68.7954693 (0.01)%
  GbB1bN4hN2hN1_GbB1tC2wN2hN1 : 68.7573786 (0.01)%
        GbB1bN4zN2hN1_QqN2hN1 : 68.7301683 (0.01)%
    GtT1tN3taTAU1taN1_QqC1wN1 : 68.7212604 (0.01)%
      T2bC2hC1wN1_T2tN3wC1wN1 : 68.7204084 (0.01)%
           GbB1bN2hN1_QqC2wN1 : 68.7196803 (0.01)%
           GbB2bN2zN1_QqC1wN1 : 68.6269594 (0.01)%
     GbB2tC2zC1wN1_QqN4wC1wN1 : 68.5723033 (0.01)%
            T1bC1wN1_T1tN3hN1 : 68.2711495 (0.01)%
  GbB2tC2wN2hN1_GbB2tC2wN2hN1 : 68.2086786 (0.01)%
        GbB2wT1tN2hN1_QqC1wN1 : 68.1228944 (0.01)%
  GbB1bN4hN2hN1_GbB2tC2hC1wN1 : 68.0758082 (0.01)%
  GbB1tC2hC1wN1_GtT1tN3zN2hN1 : 67.8680327 (0.01)%
            T2tN1_T2tN4wC1wN1 : 67.6994205 (0.01)%
      QqGtT1tN3wC1wN1_QqN2zN1 : 67.3435398 (0.01)%
                 GbB1bN1_QqN1 : 67.2626028 (0.01)%
     GbB1tC2wN2hN1_QqN4wC1wN1 : 67.2049609 (0.01)%
     GbB1bN2hN1_GbB2bN4hN2hN1 : 66.7752065 (0.01)%
     GbB2tC2hC1wN1_QqN4wC1wN1 : 66.5387791 (0.01)%
      QqGbB2tC2zC1wN1_QqN2zN1 : 66.0951351 (0.01)%
              GbB1tC2wN1_QqN1 : 66.0040497 (0.01)%
           GbB1bN3zN2hN1_QqN1 : 65.8796550 (0.01)%
      B1bN4wC1wN1_B1tC2wN2hN1 : 65.8000008 (0.01)%
     GbB1bN2hN1_GbB2bN3zN2hN1 : 65.4737398 (0.01)%
   GbB1tC1wN1_QqGtT1bC2wN2hN1 : 65.2106671 (0.01)%
   GtT1bC2wN2hN1_QqGbB1tC1wN1 : 65.2106671 (0.01)%
        GbB1tC1wN1_GbB2bN4hN1 : 65.0233946 (0.01)%
  GtT1tN3wC1wN1_GtT1tN3zN2hN1 : 64.8238311 (0.01)%
      QqGbB1tC2wN2zN1_QqN2hN1 : 64.7771877 (0.01)%
      QqGbB1tC2wN2hN1_QqN2zN1 : 64.7771877 (0.01)%
     GbB1tC1wN1_GtT1tN4wC1wN1 : 64.6907239 (0.01)%
      B1tC2wN2hN1_B1tC2zC1wN1 : 64.5437232 (0.01)%
   GbB1tC1wN1_QqGbB1bN4hN2hN1 : 64.5285063 (0.01)%
   GbB1bN4hN2hN1_QqGbB1tC1wN1 : 64.5285063 (0.01)%
     GbB2tC2wN2zN1_GtT1bC1wN1 : 64.3882313 (0.01)%
      QqC1wN1_QqGtT1bC2wN2zN1 : 64.3423817 (0.01)%
      T2bC2zC1wN1_T2tN4hN2hN1 : 64.2860258 (0.01)%
      QqGbB2tC2hC1wN1_QqN2zN1 : 64.1350718 (0.01)%
        GtT1tN2hN1_QqC2zC1wN1 : 63.9909172 (0.01)%
      QqC1wN1_QqGbB1bN4hN2zN1 : 63.6693038 (0.01)%
  GbB2tC2zC1wN1_GtT1tN3zN2hN1 : 63.6221364 (0.01)%
           GbB1bN1_GtT1tN2hN1 : 63.5406084 (0.01)%
GbB2tC2wN2hN1_QqGbB1bN3wC1wN1 : 63.2118102 (0.01)%
GbB1bN3wC1wN1_QqGbB2tC2wN2hN1 : 63.2118102 (0.01)%
  GbB2tC2wN2hN1_GtT1bC2wN2hN1 : 63.2055800 (0.01)%
GbB1bN4wC1wN1_QqGbB1bN4wC1wN1 : 63.1824090 (0.01)%
      T2bC2wN2hN1_T2tN3wC1wN1 : 63.1366180 (0.01)%
         B2bN4wC1wN1_B2tC2wN1 : 62.6836743 (0.01)%
      B1tC2hC1wN1_B1tC2wN2hN1 : 62.6296673 (0.01)%
  GbB1bN4hN2hN1_GbB2tC2wN2hN1 : 62.5443940 (0.01)%
      T2bC2hC1wN1_T2tN4hN2hN1 : 62.3796120 (0.01)%
  GbB1tC2wN2hN1_GtT1tN3zN2hN1 : 62.3535011 (0.01)%
        GbB1tC2wN1_GtT1tN2hN1 : 62.3516977 (0.01)%
     GbB1bN3zN2hN1_GtT1tN2hN1 : 62.2341864 (0.01)%
        GtT1tN2hN1_QqC2hC1wN1 : 62.0932548 (0.01)%
GbB1tC2zC1wN1_QqGbB1bN4wC1wN1 : 61.9761074 (0.01)%
GbB1bN4wC1wN1_QqGbB1tC2zC1wN1 : 61.9761074 (0.01)%
        GbB1bN2hN1_GtT1tN3zN1 : 61.8891739 (0.01)%
  GbB2tC2hC1wN1_GtT1tN3zN2hN1 : 61.7354104 (0.01)%
                  C1wN1_N3zN1 : 61.6436784 (0.01)%
         B2bN3wC1wN1_B2tC2wN1 : 61.6152848 (0.01)%
            QqGbB1tC1wN1_QqN1 : 61.3748415 (0.01)%
      T1bC2zC1wN1_T1bC2zC1wN1 : 61.3436620 (0.01)%
         QqC1wN1_QqGbB2tC1wN1 : 61.2887251 (0.01)%
         QqC1wN1_QqGbB1bN3hN1 : 61.1786334 (0.01)%
     GbB1bN2zN1_GbB1bN4wC1wN1 : 61.1382539 (0.01)%
     GbB2tC2wN2hN1_QqN4wC1wN1 : 61.1322543 (0.01)%
           GbB2bN3zN1_QqN2zN1 : 61.0335297 (0.01)%
GbB1tC2zC1wN1_QqGbB1tC2zC1wN1 : 60.7928370 (0.01)%
     GbB1tC2nTAU1taN1_QqN2hN1 : 60.6716088 (0.01)%
        GbB1bN2hN1_GtT1bC2wN1 : 60.3859770 (0.01)%
     GtT1bC2nTAU1taN1_QqC1wN1 : 60.2643608 (0.01)%
GbB1tC2hC1wN1_QqGbB1bN4wC1wN1 : 60.1381946 (0.01)%
GbB1bN4wC1wN1_QqGbB1tC2hC1wN1 : 60.1381946 (0.01)%
           GtT1tN2zN1_QqN2zN1 : 60.0565707 (0.01)%
              GbB2tC2wN1_QqN1 : 60.0398587 (0.01)%
     GbB1bN2zN1_GbB1tC2zC1wN1 : 59.9709800 (0.01)%
            B1bN2zN1_B1tC1wN1 : 59.7551100 (0.01)%
        GbB1bN3wC1wN1_QqC2wN1 : 59.6173875 (0.01)%
           GtT1bC2zC1wN1_QqN1 : 59.5244788 (0.01)%
      B1bN3wC1wN1_B1bN3wC1wN1 : 59.5130863 (0.01)%
     GbB2bN4wC1wN1_QqC2zC1wN1 : 59.4174846 (0.01)%
              QqC1wN1_QqN4zN1 : 59.1442925 (0.01)%
     GbB1bN3zN1_GbB1bN4wC1wN1 : 59.0585604 (0.01)%
        GbB1bN1_GbB2bN4wC1wN1 : 58.9993594 (0.01)%
GbB1tC2hC1wN1_QqGbB1tC2zC1wN1 : 58.9900143 (0.01)%
GbB1tC2zC1wN1_QqGbB1tC2hC1wN1 : 58.9900143 (0.01)%
      QqGbB2tC2wN2zN1_QqN2hN1 : 58.9238572 (0.01)%
      QqGbB2tC2wN2hN1_QqN2zN1 : 58.9238572 (0.01)%
                  C2wN1_N3zN1 : 58.8523226 (0.01)%
         T1bC2zC1wN1_T1tN3zN1 : 58.7635645 (0.01)%
   GbB1tC1wN1_QqGtT1tN3zN2hN1 : 58.5184945 (0.01)%
   GtT1tN3zN2hN1_QqGbB1tC1wN1 : 58.5184945 (0.01)%
     GbB2bN3wC1wN1_QqC2zC1wN1 : 58.4047645 (0.01)%
     GbB1bN2zN1_GbB1tC2hC1wN1 : 58.1925297 (0.01)%
        GbB1bN1_GbB2bN3wC1wN1 : 57.9937659 (0.01)%
     GbB1bN3zN1_GbB1tC2zC1wN1 : 57.9309928 (0.01)%
  GbB1bN3wC1wN1_GbB2bN4hN2hN1 : 57.9304698 (0.01)%
     GbB1tC2wN1_GbB2bN4wC1wN1 : 57.8954202 (0.01)%
      GtT1tN2hN1_QqGbB1bN2hN1 : 57.7891054 (0.01)%
      GbB1bN2hN1_QqGtT1tN2hN1 : 57.7891054 (0.01)%
  GbB1bN3zN2hN1_GbB2bN4wC1wN1 : 57.7863074 (0.01)%
      T1bC2hC1wN1_T1bC2hC1wN1 : 57.7592944 (0.01)%
           GtT1bC2hC1wN1_QqN1 : 57.7592695 (0.01)%
      QqC1wN1_QqGtT1tN3zN2zN1 : 57.7393159 (0.01)%
            B1bN3zN1_B1tC1wN1 : 57.7224659 (0.01)%
     GbB2bN4wC1wN1_QqC2hC1wN1 : 57.6554483 (0.01)%
        GbB1bN2hN1_GbB1bN4hN1 : 57.4630734 (0.01)%
GtT1tN3wC1wN1_QqGbB1bN4wC1wN1 : 57.4407128 (0.01)%
GbB1bN4wC1wN1_QqGtT1tN3wC1wN1 : 57.4407128 (0.01)%
         T1bC2wN1_T1bC2zC1wN1 : 57.3362840 (0.01)%
      T2bC2wN2hN1_T2tN4hN2hN1 : 57.3110351 (0.01)%
GbB1tC2hC1wN1_QqGbB1tC2hC1wN1 : 57.2406547 (0.01)%
        GtT1tN2hN1_QqC2wN2hN1 : 57.0479455 (0.01)%
         T1bC2hC1wN1_T1tN3zN1 : 57.0209203 (0.01)%
     GbB1tC2wN1_GbB2bN3wC1wN1 : 56.9086424 (0.01)%
  GbB1bN3zN2hN1_GbB2bN3wC1wN1 : 56.8013893 (0.01)%
  GbB1bN3wC1wN1_GbB2bN3zN2hN1 : 56.8013893 (0.01)%
  GbB2tC2wN2hN1_GtT1tN3zN2hN1 : 56.7191772 (0.01)%
        GbB2tC2wN1_GtT1tN2hN1 : 56.7175368 (0.01)%
     GbB2bN3wC1wN1_QqC2hC1wN1 : 56.6727606 (0.01)%
         GtT1bC1wN1_QqGbB1bN1 : 56.6530370 (0.01)%
         GbB1bN1_QqGtT1bC1wN1 : 56.6530370 (0.01)%
GbB2tC2zC1wN1_QqGbB1bN4wC1wN1 : 56.3758852 (0.01)%
GbB1bN4wC1wN1_QqGbB2tC2zC1wN1 : 56.3758852 (0.01)%
GtT1tN3wC1wN1_QqGbB1tC2zC1wN1 : 56.3440337 (0.01)%
GbB1tC2zC1wN1_QqGtT1tN3wC1wN1 : 56.3440337 (0.01)%
        GbB2bN3hN2hN1_QqC1wN1 : 56.2383795 (0.01)%
     GtT1bC2zC1wN1_GtT1tN2hN1 : 56.2306756 (0.01)%
     GbB1bN3zN1_GbB1tC2hC1wN1 : 56.2130387 (0.01)%
            T1tN2hN1_T1tN2zN1 : 55.8908015 (0.01)%
         T1bC2hC1wN1_T1bC2wN1 : 55.6359660 (0.01)%
      GtT1bC1wN1_QqGbB1tC2wN1 : 55.5930000 (0.01)%
      GbB1tC2wN1_QqGtT1bC1wN1 : 55.5930000 (0.01)%
     GbB1bN2zN1_GtT1tN3wC1wN1 : 55.5823201 (0.01)%
              QqC2wN1_QqN2zN1 : 55.5732610 (0.01)%
   GtT1bC1wN1_QqGbB1bN3zN2hN1 : 55.4882264 (0.01)%
   GbB1bN3zN2hN1_QqGtT1bC1wN1 : 55.4882264 (0.01)%
GbB2tC2zC1wN1_QqGbB1tC2zC1wN1 : 55.2995363 (0.01)%
GbB1tC2zC1wN1_QqGbB2tC2zC1wN1 : 55.2995363 (0.01)%
GbB1tC2wN2hN1_QqGbB1bN4wC1wN1 : 55.2517412 (0.01)%
GbB1bN4wC1wN1_QqGbB1tC2wN2hN1 : 55.2517412 (0.01)%
     GbB2tC2nTAU1taN1_QqN2hN1 : 55.1892624 (0.01)%
            C2wN2zN1_C2zC1wN1 : 54.9016442 (0.01)%
GbB2tC2hC1wN1_QqGbB1bN4wC1wN1 : 54.7040481 (0.01)%
GbB1bN4wC1wN1_QqGbB2tC2hC1wN1 : 54.7040481 (0.01)%
         T2tN4hN1_T2tN4wC1wN1 : 54.7029784 (0.01)%
                     N1_N2hN1 : 54.7008331 (0.01)%
GtT1tN3wC1wN1_QqGbB1tC2hC1wN1 : 54.6731411 (0.01)%
GbB1tC2hC1wN1_QqGtT1tN3wC1wN1 : 54.6731411 (0.01)%
     GtT1bC2hC1wN1_GtT1tN2hN1 : 54.5631446 (0.01)%
     GbB1bN2zN1_GbB2tC2zC1wN1 : 54.5519431 (0.01)%
               C1wN1_C2zC1wN1 : 54.4203830 (0.01)%
GbB1tC2zC1wN1_QqGbB1tC2wN2hN1 : 54.1968549 (0.01)%
GbB1tC2wN2hN1_QqGbB1tC2zC1wN1 : 54.1968549 (0.01)%
     GbB1bN3zN2zN1_GbB1tC1wN1 : 54.0353745 (0.01)%
         T1bC1wN1_T1tN4hN2hN1 : 53.8430468 (0.01)%
        GtT1bC1wN1_QqN4hN2hN1 : 53.7966379 (0.01)%
     GbB1bN3zN1_GtT1tN3wC1wN1 : 53.6916186 (0.01)%
     GbB1bN3wC1wN1_GtT1tN3zN1 : 53.6916186 (0.01)%
GbB2tC2hC1wN1_QqGbB1tC2zC1wN1 : 53.6596184 (0.01)%
GbB2tC2zC1wN1_QqGbB1tC2hC1wN1 : 53.6596184 (0.01)%
GbB1tC2hC1wN1_QqGbB2tC2zC1wN1 : 53.6596184 (0.01)%
GbB1tC2zC1wN1_QqGbB2tC2hC1wN1 : 53.6596184 (0.01)%
   GbB2bN4wC1wN1_QqGbB1bN2hN1 : 53.6589165 (0.01)%
   GbB1bN2hN1_QqGbB2bN4wC1wN1 : 53.6589165 (0.01)%
     GbB1bN2zN1_GbB1tC2wN2hN1 : 53.4641688 (0.01)%
     GbB1bN2hN1_GbB1tC2wN2zN1 : 53.4641688 (0.01)%
         QqC1wN1_QqGbB2bN2hN1 : 53.4029133 (0.01)%
            C2hC1wN1_C2wN2zN1 : 53.2735259 (0.01)%
           GtT1bC2wN2hN1_QqN1 : 53.0661127 (0.01)%
     GbB2bN4wC1wN1_QqC2wN2hN1 : 52.9707273 (0.01)%
     GbB1bN2zN1_GbB2tC2hC1wN1 : 52.9341953 (0.01)%
               C1wN1_C2hC1wN1 : 52.8065366 (0.01)%
   GbB2bN3wC1wN1_QqGbB1bN2hN1 : 52.7443462 (0.01)%
   GbB1bN2hN1_QqGbB2bN3wC1wN1 : 52.7443462 (0.01)%
     GbB1bN3zN1_GbB2tC2zC1wN1 : 52.6962912 (0.01)%
     GbB2bN4wC1wN1_GbB2tC2wN1 : 52.6639329 (0.01)%
GbB1tC2hC1wN1_QqGbB1tC2wN2hN1 : 52.5896372 (0.01)%
GbB1tC2wN2hN1_QqGbB1tC2hC1wN1 : 52.5896372 (0.01)%
           GbB1bN4hN2hN1_QqN1 : 52.5109945 (0.01)%
           GbB2bN4hN1_QqN2zN1 : 52.4121864 (0.01)%
         T1bC2wN2hN1_T1tN3zN1 : 52.3877571 (0.01)%
     GbB1bN3wC1wN1_GtT1bC2wN1 : 52.3875282 (0.01)%
GtT1tN3wC1wN1_QqGtT1tN3wC1wN1 : 52.2207927 (0.01)%
      T2bC2zC1wN1_T2bC2zC1wN1 : 52.2134661 (0.01)%
  GbB2bN4wC1wN1_GtT1bC2zC1wN1 : 52.2118677 (0.01)%
        GtT1tN4wC1wN1_QqN2zN1 : 52.1440368 (0.01)%
        GbB1bN3hN2hN1_QqN2hN1 : 52.1203636 (0.01)%
GbB2tC2hC1wN1_QqGbB1tC2hC1wN1 : 52.0683327 (0.01)%
GbB1tC2hC1wN1_QqGbB2tC2hC1wN1 : 52.0683327 (0.01)%
     GbB2bN3wC1wN1_QqC2wN2hN1 : 52.0678867 (0.01)%
        GbB2bN3zN1_GtT1bC1wN1 : 51.8984046 (0.01)%
     GbB2bN3wC1wN1_GbB2tC2wN1 : 51.7663214 (0.01)%
    QqGbB1tC1wN1_QqGtT1bC1wN1 : 51.6939729 (0.01)%
     GbB1bN3zN1_GbB1tC2wN2hN1 : 51.6455189 (0.01)%
  GbB2bN3wC1wN1_GtT1bC2zC1wN1 : 51.3219612 (0.01)%
GbB2tC2zC1wN1_QqGtT1tN3wC1wN1 : 51.2527313 (0.01)%
GtT1tN3wC1wN1_QqGbB2tC2zC1wN1 : 51.2527313 (0.01)%
     GbB1bN3zN1_GbB2tC2hC1wN1 : 51.1335731 (0.01)%
         T1bC2wN1_T1bC2wN2hN1 : 51.1153356 (0.01)%
        GtT1bC1wN1_GtT1tN2zN1 : 51.0676708 (0.01)%
                  C2wN1_N4hN1 : 51.0667540 (0.01)%
               B1bN1_B1bN2hN1 : 50.9598955 (0.01)%
  GbB2bN4wC1wN1_GtT1bC2hC1wN1 : 50.6635152 (0.01)%
      GbB2tC2wN1_QqGtT1bC1wN1 : 50.5695617 (0.01)%
      GtT1bC1wN1_QqGbB2tC2wN1 : 50.5695617 (0.01)%
GbB2tC2zC1wN1_QqGbB2tC2zC1wN1 : 50.3026156 (0.01)%
GbB2tC2wN2hN1_QqGbB1bN4wC1wN1 : 50.2591394 (0.01)%
GbB1bN4wC1wN1_QqGbB2tC2wN2hN1 : 50.2591394 (0.01)%
GtT1tN3wC1wN1_QqGbB1tC2wN2hN1 : 50.2307438 (0.01)%
GbB1tC2wN2hN1_QqGtT1tN3wC1wN1 : 50.2307438 (0.01)%
      GbB1tC1wN1_QqGbB1bN2zN1 : 50.1758942 (0.01)%
      GbB1bN2zN1_QqGbB1tC1wN1 : 50.1758942 (0.01)%
   GtT1bC1wN1_QqGtT1bC2zC1wN1 : 50.1354744 (0.01)%
   GtT1bC2zC1wN1_QqGtT1bC1wN1 : 50.1354744 (0.01)%
   GtT1tN2hN1_QqGbB1bN3wC1wN1 : 50.1346263 (0.01)%
   GbB1bN3wC1wN1_QqGtT1tN2hN1 : 50.1346263 (0.01)%
     GtT1bC2wN2hN1_GtT1tN2hN1 : 50.1296849 (0.01)%
     GbB1wT1tN3wC1wN1_QqC1wN1 : 50.0920144 (0.01)%
            B1bN2hN1_B1tC2wN1 : 50.0063830 (0.01)%
         B1bN2hN1_B1bN3zN2hN1 : 49.9121383 (0.01)%
     GbB1bN3wC1wN1_GbB1bN4hN1 : 49.8517790 (0.01)%
  GbB2bN3wC1wN1_GtT1bC2hC1wN1 : 49.7999991 (0.01)%
GbB2tC2hC1wN1_QqGtT1tN3wC1wN1 : 49.7328222 (0.01)%
GtT1tN3wC1wN1_QqGbB2tC2hC1wN1 : 49.7328222 (0.01)%
     GbB1bN4hN2hN1_GtT1tN2hN1 : 49.6052844 (0.01)%
        GbB1tC1wN1_QqC2wN2zN1 : 49.5323757 (0.01)%
GbB2tC2zC1wN1_QqGbB1tC2wN2hN1 : 49.2995736 (0.01)%
GbB2tC2wN2hN1_QqGbB1tC2zC1wN1 : 49.2995736 (0.01)%
GbB1tC2zC1wN1_QqGbB2tC2wN2hN1 : 49.2995736 (0.01)%
GbB1tC2wN2hN1_QqGbB2tC2zC1wN1 : 49.2995736 (0.01)%
      T2bC2hC1wN1_T2bC2hC1wN1 : 49.1625845 (0.01)%
           GtT1tN4hN1_QqN2hN1 : 49.0095223 (0.01)%
            C2wN2hN1_C2wN2zN1 : 48.9448526 (0.01)%
      B2bN4hN2hN1_B2tC2zC1wN1 : 48.9172711 (0.01)%
GbB2tC2hC1wN1_QqGbB2tC2zC1wN1 : 48.8108824 (0.01)%
GbB2tC2zC1wN1_QqGbB2tC2hC1wN1 : 48.8108824 (0.01)%
         T2bC2wN1_T2bC2zC1wN1 : 48.8025336 (0.01)%
      T1bC2wN2hN1_T1bC2wN2hN1 : 48.7543135 (0.01)%
   GtT1bC2hC1wN1_QqGtT1bC1wN1 : 48.6486978 (0.01)%
   GtT1bC1wN1_QqGtT1bC2hC1wN1 : 48.6486978 (0.01)%
     GbB1bN2zN1_GbB2tC2wN2hN1 : 48.6330938 (0.01)%
     GbB1bN2hN1_GbB2tC2wN2zN1 : 48.6330938 (0.01)%
         QqC1wN1_QqGbB1bN4zN1 : 48.6247608 (0.01)%
         T1tN2hN1_T1tN4wC1wN1 : 48.5271134 (0.01)%
               C1wN1_C2wN2hN1 : 48.5158079 (0.01)%
        GtT1tN2hN1_QqN4wC1wN1 : 48.4852864 (0.01)%
      GbB1tC1wN1_QqGbB1bN3zN1 : 48.4690990 (0.01)%
      GbB1bN3zN1_QqGbB1tC1wN1 : 48.4690990 (0.01)%
GbB1tC2wN2hN1_QqGbB1tC2wN2hN1 : 48.3165324 (0.01)%
            QqC1wN1_QqGtT1tN1 : 48.1520560 (0.01)%
      B2bN3zN2hN1_B2tC2zC1wN1 : 47.9638603 (0.01)%
GbB2tC2hC1wN1_QqGbB1tC2wN2hN1 : 47.8375858 (0.01)%
GbB2tC2wN2hN1_QqGbB1tC2hC1wN1 : 47.8375858 (0.01)%
GbB1tC2hC1wN1_QqGbB2tC2wN2hN1 : 47.8375858 (0.01)%
GbB1tC2wN2hN1_QqGbB2tC2hC1wN1 : 47.8375858 (0.01)%
           GtT1tN3zN2hN1_QqN1 : 47.6202616 (0.01)%
         QqGbB2bN3zN1_QqN2hN1 : 47.4939926 (0.01)%
      B2bN4hN2hN1_B2tC2hC1wN1 : 47.4666205 (0.01)%
        GbB1bN4wC1wN1_QqC2wN1 : 47.4012464 (0.01)%
           GbB1bN1_QqC2zC1wN1 : 47.3828264 (0.01)%
------------------------------------------------------------
                                            SUM=90.01%
