/Users/rafalmaselek/Projects/fastlim-1.0
 
#################################################################
#                                                               #
#                                                               #
#                     This is Fastlim  ver. 1.0                 #
#                                                               #
#          A fast LHC limit calculator for BSM models.          #
#                                                               #
#                  http://cern.ch/fastlim-1.0/                  #
#                                                               #
#  for bugs/feature requests: fastlim-1.0.developers@gmail.com  #
#                                                               #
#    please refer to:                                           #
#    M.Papucci, K.Sakurai, A.Weiler, L.Zeune arXiv:1402.xxxx    #
#                                                               #
#################################################################
 

!! Masses incompatible with the data for ERER !!

!! Problem with reading tables for ER ER !! Probably mass outside the table !! Setting xsec to 10^-20 !!

!! Masses incompatible with the data for ELEL !!

!! Problem with reading tables for EL EL !! Probably mass outside the table !! Setting xsec to 10^-20 !!

!! Masses incompatible with the data for TAU1TAU1 !!

!! Problem with reading tables for TAU1 TAU1 !! Probably mass outside the table !! Setting xsec to 10^-20 !!

!! Masses incompatible with the data for TAU2TAU2 !!

!! Problem with reading tables for TAU2 TAU2 !! Probably mass outside the table !! Setting xsec to 10^-20 !!
!! EWK PROCESS C1C2 NOT FOUND !! WILL TRY TO LOOK FOR +/- MODES !!
XSEC FOUND FOR: C1-C2+
XSEC FOUND FOR: C1+C2-
!! EWK PROCESS C1N1 NOT FOUND !! WILL TRY TO LOOK FOR +/- MODES !!
XSEC FOUND FOR: C1+N1
XSEC FOUND FOR: C1-N1
!! EWK PROCESS C1N2 NOT FOUND !! WILL TRY TO LOOK FOR +/- MODES !!
XSEC FOUND FOR: C1+N2
XSEC FOUND FOR: C1-N2
!! EWK PROCESS C1N3 NOT FOUND !! WILL TRY TO LOOK FOR +/- MODES !!
XSEC FOUND FOR: C1+N3
XSEC FOUND FOR: C1-N3
!! EWK PROCESS C1N4 NOT FOUND !! WILL TRY TO LOOK FOR +/- MODES !!
XSEC FOUND FOR: C1+N4
XSEC FOUND FOR: C1-N4
!! EWK PROCESS C2N1 NOT FOUND !! WILL TRY TO LOOK FOR +/- MODES !!
XSEC FOUND FOR: C2+N1
XSEC FOUND FOR: C2-N1
!! EWK PROCESS C2N2 NOT FOUND !! WILL TRY TO LOOK FOR +/- MODES !!
XSEC FOUND FOR: C2+N2
XSEC FOUND FOR: C2-N2
!! EWK PROCESS C2N3 NOT FOUND !! WILL TRY TO LOOK FOR +/- MODES !!
XSEC FOUND FOR: C2+N3
XSEC FOUND FOR: C2-N3
!! EWK PROCESS C2N4 NOT FOUND !! WILL TRY TO LOOK FOR +/- MODES !!
XSEC FOUND FOR: C2+N4
XSEC FOUND FOR: C2-N4
---------------  Output inclusive processes  ---------------
The total xsec = 180730.40 [fb]
The total rate = 100.00%
Output upto 0.10%
                 Modes : xsec/fb      (rate)
           C1wN1_N2zN1 : 60707.3361423 (33.59)%
           C1wN1_C1wN1 : 30726.8371433 (17.00)%
        GqqC1wN1_GttN1 : 2899.2786896 (1.60)%
     GbtC1wN1_GqqC1wN1 : 2663.2587310 (1.47)%
        GbtC1wN1_GttN1 : 2444.5876298 (1.35)%
     GqqC1wN1_GqqC1wN1 : 1579.3112076 (0.87)%
     GqqC1wN1_GqqN2zN1 : 1545.8893433 (0.86)%
        GqqN2zN1_GttN1 : 1418.9616358 (0.79)%
           C1wN1_N2hN1 : 1337.6657712 (0.74)%
           GttN1_GttN1 : 1330.6143968 (0.74)%
     GbtC1wN1_GqqN2zN1 : 1303.4490196 (0.72)%
     GbtC1wN1_GbtC1wN1 : 1122.7912260 (0.62)%
        GqqC1wN1_GqqN1 : 1014.3103658 (0.56)%
   GqqC1wN1_QqGqqC1wN1 : 988.6702706 (0.55)%
     GbbN2zN1_GqqC1wN1 : 970.3331716 (0.54)%
           GqqN1_GttN1 : 931.0287973 (0.52)%
      GttN1_QqGqqC1wN1 : 907.4939229 (0.50)%
      GqqC1wN1_QqGttN1 : 907.4939229 (0.50)%
        GbbN2zN1_GttN1 : 890.6624206 (0.49)%
        GbtC1wN1_GqqN1 : 855.2370567 (0.47)%
   GqqC1wN1_QqGbtC1wN1 : 833.6180727 (0.46)%
   GbtC1wN1_QqGqqC1wN1 : 833.6180727 (0.46)%
         GttN1_QqGttN1 : 832.9826886 (0.46)%
     GbbN2zN1_GbtC1wN1 : 818.1567631 (0.45)%
      GttN1_QqGbtC1wN1 : 765.1725328 (0.42)%
      GbtC1wN1_QqGttN1 : 765.1725328 (0.42)%
  GbtC2hC1wN1_GqqC1wN1 : 722.6247235 (0.40)%
   GbtC1wN1_QqGbtC1wN1 : 702.8825604 (0.39)%
  GbtC2zC1wN1_GqqC1wN1 : 692.6578868 (0.38)%
  GbtC2wN2zN1_GqqC1wN1 : 676.0699843 (0.37)%
     GbtC2hC1wN1_GttN1 : 663.2924693 (0.37)%
     GbtC2zC1wN1_GttN1 : 635.7861074 (0.35)%
     GbtC2wN2zN1_GttN1 : 620.5601812 (0.34)%
  GbtC1wN1_GbtC2hC1wN1 : 609.2961903 (0.34)%
  GbtC1wN1_GbtC2zC1wN1 : 584.0290234 (0.32)%
  GbtC1wN1_GbtC2wN2zN1 : 570.0425856 (0.32)%
        GqqN1_GqqN2zN1 : 496.4226106 (0.27)%
   GqqN2zN1_QqGqqC1wN1 : 483.8738648 (0.27)%
   GqqC1wN1_QqGqqN2zN1 : 483.8738648 (0.27)%
     GbbN2zN1_GqqN2zN1 : 474.8993429 (0.26)%
      GttN1_QqGqqN2zN1 : 444.1446302 (0.25)%
      GqqN2zN1_QqGttN1 : 444.1446302 (0.25)%
      GqqC1wN1_QqC1wN1 : 431.1191866 (0.24)%
   GqqN2zN1_QqGbtC1wN1 : 407.9883967 (0.23)%
   GbtC1wN1_QqGqqN2zN1 : 407.9883967 (0.23)%
    QqGqqC1wN1_QqGttN1 : 403.1952845 (0.22)%
         GttN1_QqC1wN1 : 395.7214589 (0.22)%
     GqqC1wN1_GttN2zN1 : 387.9069815 (0.21)%
     GqqN2zN1_GqqN2zN1 : 378.2936906 (0.21)%
 QqGbtC1wN1_QqGqqC1wN1 : 370.3725915 (0.20)%
      GbtC1wN1_QqC1wN1 : 363.5071834 (0.20)%
  GqqC1wN1_GttN4wC1wN1 : 357.6857039 (0.20)%
        GttN1_GttN2zN1 : 356.0572608 (0.20)%
  GbtC2hC1wN1_GqqN2zN1 : 353.6661596 (0.20)%
    QqGbtC1wN1_QqGttN1 : 339.9625598 (0.19)%
  GbtC2zC1wN1_GqqN2zN1 : 338.9998249 (0.19)%
     GbtC2wN1_GqqC1wN1 : 330.9470933 (0.18)%
  GbtC2wN2zN1_GqqN2zN1 : 330.8813928 (0.18)%
     GttN1_GttN4wC1wN1 : 328.3173494 (0.18)%
     GbtC1wN1_GttN2zN1 : 327.0719065 (0.18)%
      GqqN1_QqGqqC1wN1 : 317.4860341 (0.18)%
      GqqC1wN1_QqGqqN1 : 317.4860341 (0.18)%
        GbbN2zN1_GqqN1 : 311.5975463 (0.17)%
        GbtC2wN1_GttN1 : 303.7741550 (0.17)%
   GqqC1wN1_QqGbbN2zN1 : 303.7208736 (0.17)%
   GbbN2zN1_QqGqqC1wN1 : 303.7208736 (0.17)%
  GbtC1wN1_GttN4wC1wN1 : 301.5902025 (0.17)%
         GqqN1_QqGttN1 : 291.4183375 (0.16)%
         GttN1_QqGqqN1 : 291.4183375 (0.16)%
     GbtC1wN1_GbtC2wN1 : 279.0449823 (0.15)%
      GttN1_QqGbbN2zN1 : 278.7833874 (0.15)%
      GbbN2zN1_QqGttN1 : 278.7833874 (0.15)%
      GqqN1_QqGbtC1wN1 : 267.6950079 (0.15)%
      GbtC1wN1_QqGqqN1 : 267.6950079 (0.15)%
   GbbN2zN1_QqGbtC1wN1 : 256.0886241 (0.14)%
   GbtC1wN1_QqGbbN2zN1 : 256.0886241 (0.14)%
   GqqN2zN1_QqGqqN2zN1 : 236.8169894 (0.13)%
     C2hC1wN1_N3wC1wN1 : 233.1676238 (0.13)%
     GbtC2hC1wN1_GqqN1 : 232.0523479 (0.13)%
     C2hC1wN1_N4wC1wN1 : 227.5873636 (0.13)%
GqqC1wN1_QqGbtC2hC1wN1 : 226.1864468 (0.13)%
GbtC2hC1wN1_QqGqqC1wN1 : 226.1864468 (0.13)%
     C2zC1wN1_N3wC1wN1 : 223.4982949 (0.12)%
     GbtC2zC1wN1_GqqN1 : 222.4292689 (0.12)%
  GbbN2zN1_GbtC2hC1wN1 : 221.9913138 (0.12)%
 QqGqqC1wN1_QqGqqC1wN1 : 219.6307771 (0.12)%
     C2zC1wN1_N4wC1wN1 : 218.1494449 (0.12)%
     C2wN2zN1_N3wC1wN1 : 218.1459153 (0.12)%
     GbtC2wN2zN1_GqqN1 : 217.1024906 (0.12)%
GqqC1wN1_QqGbtC2zC1wN1 : 216.8066234 (0.12)%
GbtC2zC1wN1_QqGqqC1wN1 : 216.8066234 (0.12)%
 QqGqqC1wN1_QqGqqN2zN1 : 214.9828838 (0.12)%
      GqqC1wN1_QqN2zN1 : 213.3091607 (0.12)%
     C2wN2zN1_N4wC1wN1 : 212.9251607 (0.12)%
  GbbN2zN1_GbtC2zC1wN1 : 212.7854602 (0.12)%
           N2zN1_N2zN1 : 212.7485032 (0.12)%
GqqC1wN1_QqGbtC2wN2zN1 : 211.6144972 (0.12)%
GbtC2wN2zN1_QqGqqC1wN1 : 211.6144972 (0.12)%
      GqqN2zN1_QqC1wN1 : 210.9978556 (0.12)%
  GbbN2zN1_GbtC2wN2zN1 : 207.6896336 (0.11)%
   GttN1_QqGbtC2hC1wN1 : 207.6150482 (0.11)%
   GbtC2hC1wN1_QqGttN1 : 207.6150482 (0.11)%
     N3wC1wN1_N4wC1wN1 : 203.5980019 (0.11)%
   GttN1_QqGbtC2zC1wN1 : 199.0053701 (0.11)%
   GbtC2zC1wN1_QqGttN1 : 199.0053701 (0.11)%
    QqGqqN2zN1_QqGttN1 : 197.3313716 (0.11)%
         GttN1_QqN2zN1 : 195.7950722 (0.11)%
   GttN1_QqGbtC2wN2zN1 : 194.2395518 (0.11)%
   GbtC2wN2zN1_QqGttN1 : 194.2395518 (0.11)%
  GqqC1wN1_GttN3wC1wN1 : 193.7433841 (0.11)%
    QqC1wN1_QqGqqC1wN1 : 191.5442282 (0.11)%
GbtC1wN1_QqGbtC2hC1wN1 : 190.7138461 (0.11)%
GbtC2hC1wN1_QqGbtC1wN1 : 190.7138461 (0.11)%
     GqqN2zN1_GttN2zN1 : 189.8489879 (0.11)%
       QqGttN1_QqGttN1 : 185.0451466 (0.10)%
GbtC1wN1_QqGbtC2zC1wN1 : 182.8050513 (0.10)%
GbtC2zC1wN1_QqGbtC1wN1 : 182.8050513 (0.10)%
 QqGbtC1wN1_QqGqqN2zN1 : 181.2673270 (0.10)%
      GbtC1wN1_QqN2zN1 : 179.8560923 (0.10)%
------------------------------------------------------------
                                     SUM=83.48%

SHOWING PROCESSES TO GET 90.00% SUSY COVERAGE
---------------  Output inclusive processes  ---------------
The total xsec = 180730.40 [fb]
The total rate = 100.00%
                   Modes : xsec/fb      (rate)
             C1wN1_N2zN1 : 60707.3361423 (33.59)%
             C1wN1_C1wN1 : 30726.8371433 (17.00)%
          GqqC1wN1_GttN1 : 2899.2786896 (1.60)%
       GbtC1wN1_GqqC1wN1 : 2663.2587310 (1.47)%
          GbtC1wN1_GttN1 : 2444.5876298 (1.35)%
       GqqC1wN1_GqqC1wN1 : 1579.3112076 (0.87)%
       GqqC1wN1_GqqN2zN1 : 1545.8893433 (0.86)%
          GqqN2zN1_GttN1 : 1418.9616358 (0.79)%
             C1wN1_N2hN1 : 1337.6657712 (0.74)%
             GttN1_GttN1 : 1330.6143968 (0.74)%
       GbtC1wN1_GqqN2zN1 : 1303.4490196 (0.72)%
       GbtC1wN1_GbtC1wN1 : 1122.7912260 (0.62)%
          GqqC1wN1_GqqN1 : 1014.3103658 (0.56)%
     GqqC1wN1_QqGqqC1wN1 : 988.6702706 (0.55)%
       GbbN2zN1_GqqC1wN1 : 970.3331716 (0.54)%
             GqqN1_GttN1 : 931.0287973 (0.52)%
        GttN1_QqGqqC1wN1 : 907.4939229 (0.50)%
        GqqC1wN1_QqGttN1 : 907.4939229 (0.50)%
          GbbN2zN1_GttN1 : 890.6624206 (0.49)%
          GbtC1wN1_GqqN1 : 855.2370567 (0.47)%
     GqqC1wN1_QqGbtC1wN1 : 833.6180727 (0.46)%
     GbtC1wN1_QqGqqC1wN1 : 833.6180727 (0.46)%
           GttN1_QqGttN1 : 832.9826886 (0.46)%
       GbbN2zN1_GbtC1wN1 : 818.1567631 (0.45)%
        GttN1_QqGbtC1wN1 : 765.1725328 (0.42)%
        GbtC1wN1_QqGttN1 : 765.1725328 (0.42)%
    GbtC2hC1wN1_GqqC1wN1 : 722.6247235 (0.40)%
     GbtC1wN1_QqGbtC1wN1 : 702.8825604 (0.39)%
    GbtC2zC1wN1_GqqC1wN1 : 692.6578868 (0.38)%
    GbtC2wN2zN1_GqqC1wN1 : 676.0699843 (0.37)%
       GbtC2hC1wN1_GttN1 : 663.2924693 (0.37)%
       GbtC2zC1wN1_GttN1 : 635.7861074 (0.35)%
       GbtC2wN2zN1_GttN1 : 620.5601812 (0.34)%
    GbtC1wN1_GbtC2hC1wN1 : 609.2961903 (0.34)%
    GbtC1wN1_GbtC2zC1wN1 : 584.0290234 (0.32)%
    GbtC1wN1_GbtC2wN2zN1 : 570.0425856 (0.32)%
          GqqN1_GqqN2zN1 : 496.4226106 (0.27)%
     GqqN2zN1_QqGqqC1wN1 : 483.8738648 (0.27)%
     GqqC1wN1_QqGqqN2zN1 : 483.8738648 (0.27)%
       GbbN2zN1_GqqN2zN1 : 474.8993429 (0.26)%
        GttN1_QqGqqN2zN1 : 444.1446302 (0.25)%
        GqqN2zN1_QqGttN1 : 444.1446302 (0.25)%
        GqqC1wN1_QqC1wN1 : 431.1191866 (0.24)%
     GqqN2zN1_QqGbtC1wN1 : 407.9883967 (0.23)%
     GbtC1wN1_QqGqqN2zN1 : 407.9883967 (0.23)%
      QqGqqC1wN1_QqGttN1 : 403.1952845 (0.22)%
           GttN1_QqC1wN1 : 395.7214589 (0.22)%
       GqqC1wN1_GttN2zN1 : 387.9069815 (0.21)%
       GqqN2zN1_GqqN2zN1 : 378.2936906 (0.21)%
   QqGbtC1wN1_QqGqqC1wN1 : 370.3725915 (0.20)%
        GbtC1wN1_QqC1wN1 : 363.5071834 (0.20)%
    GqqC1wN1_GttN4wC1wN1 : 357.6857039 (0.20)%
          GttN1_GttN2zN1 : 356.0572608 (0.20)%
    GbtC2hC1wN1_GqqN2zN1 : 353.6661596 (0.20)%
      QqGbtC1wN1_QqGttN1 : 339.9625598 (0.19)%
    GbtC2zC1wN1_GqqN2zN1 : 338.9998249 (0.19)%
       GbtC2wN1_GqqC1wN1 : 330.9470933 (0.18)%
    GbtC2wN2zN1_GqqN2zN1 : 330.8813928 (0.18)%
       GttN1_GttN4wC1wN1 : 328.3173494 (0.18)%
       GbtC1wN1_GttN2zN1 : 327.0719065 (0.18)%
        GqqN1_QqGqqC1wN1 : 317.4860341 (0.18)%
        GqqC1wN1_QqGqqN1 : 317.4860341 (0.18)%
          GbbN2zN1_GqqN1 : 311.5975463 (0.17)%
          GbtC2wN1_GttN1 : 303.7741550 (0.17)%
     GqqC1wN1_QqGbbN2zN1 : 303.7208736 (0.17)%
     GbbN2zN1_QqGqqC1wN1 : 303.7208736 (0.17)%
    GbtC1wN1_GttN4wC1wN1 : 301.5902025 (0.17)%
           GqqN1_QqGttN1 : 291.4183375 (0.16)%
           GttN1_QqGqqN1 : 291.4183375 (0.16)%
       GbtC1wN1_GbtC2wN1 : 279.0449823 (0.15)%
        GttN1_QqGbbN2zN1 : 278.7833874 (0.15)%
        GbbN2zN1_QqGttN1 : 278.7833874 (0.15)%
        GqqN1_QqGbtC1wN1 : 267.6950079 (0.15)%
        GbtC1wN1_QqGqqN1 : 267.6950079 (0.15)%
     GbbN2zN1_QqGbtC1wN1 : 256.0886241 (0.14)%
     GbtC1wN1_QqGbbN2zN1 : 256.0886241 (0.14)%
     GqqN2zN1_QqGqqN2zN1 : 236.8169894 (0.13)%
       C2hC1wN1_N3wC1wN1 : 233.1676238 (0.13)%
       GbtC2hC1wN1_GqqN1 : 232.0523479 (0.13)%
       C2hC1wN1_N4wC1wN1 : 227.5873636 (0.13)%
  GqqC1wN1_QqGbtC2hC1wN1 : 226.1864468 (0.13)%
  GbtC2hC1wN1_QqGqqC1wN1 : 226.1864468 (0.13)%
       C2zC1wN1_N3wC1wN1 : 223.4982949 (0.12)%
       GbtC2zC1wN1_GqqN1 : 222.4292689 (0.12)%
    GbbN2zN1_GbtC2hC1wN1 : 221.9913138 (0.12)%
   QqGqqC1wN1_QqGqqC1wN1 : 219.6307771 (0.12)%
       C2zC1wN1_N4wC1wN1 : 218.1494449 (0.12)%
       C2wN2zN1_N3wC1wN1 : 218.1459153 (0.12)%
       GbtC2wN2zN1_GqqN1 : 217.1024906 (0.12)%
  GqqC1wN1_QqGbtC2zC1wN1 : 216.8066234 (0.12)%
  GbtC2zC1wN1_QqGqqC1wN1 : 216.8066234 (0.12)%
   QqGqqC1wN1_QqGqqN2zN1 : 214.9828838 (0.12)%
        GqqC1wN1_QqN2zN1 : 213.3091607 (0.12)%
       C2wN2zN1_N4wC1wN1 : 212.9251607 (0.12)%
    GbbN2zN1_GbtC2zC1wN1 : 212.7854602 (0.12)%
             N2zN1_N2zN1 : 212.7485032 (0.12)%
  GqqC1wN1_QqGbtC2wN2zN1 : 211.6144972 (0.12)%
  GbtC2wN2zN1_QqGqqC1wN1 : 211.6144972 (0.12)%
        GqqN2zN1_QqC1wN1 : 210.9978556 (0.12)%
    GbbN2zN1_GbtC2wN2zN1 : 207.6896336 (0.11)%
     GttN1_QqGbtC2hC1wN1 : 207.6150482 (0.11)%
     GbtC2hC1wN1_QqGttN1 : 207.6150482 (0.11)%
       N3wC1wN1_N4wC1wN1 : 203.5980019 (0.11)%
     GttN1_QqGbtC2zC1wN1 : 199.0053701 (0.11)%
     GbtC2zC1wN1_QqGttN1 : 199.0053701 (0.11)%
      QqGqqN2zN1_QqGttN1 : 197.3313716 (0.11)%
           GttN1_QqN2zN1 : 195.7950722 (0.11)%
     GttN1_QqGbtC2wN2zN1 : 194.2395518 (0.11)%
     GbtC2wN2zN1_QqGttN1 : 194.2395518 (0.11)%
    GqqC1wN1_GttN3wC1wN1 : 193.7433841 (0.11)%
      QqC1wN1_QqGqqC1wN1 : 191.5442282 (0.11)%
  GbtC1wN1_QqGbtC2hC1wN1 : 190.7138461 (0.11)%
  GbtC2hC1wN1_QqGbtC1wN1 : 190.7138461 (0.11)%
       GqqN2zN1_GttN2zN1 : 189.8489879 (0.11)%
         QqGttN1_QqGttN1 : 185.0451466 (0.10)%
  GbtC1wN1_QqGbtC2zC1wN1 : 182.8050513 (0.10)%
  GbtC2zC1wN1_QqGbtC1wN1 : 182.8050513 (0.10)%
   QqGbtC1wN1_QqGqqN2zN1 : 181.2673270 (0.10)%
        GbtC1wN1_QqN2zN1 : 179.8560923 (0.10)%
  GbtC1wN1_QqGbtC2wN2zN1 : 178.4272013 (0.10)%
  GbtC2wN2zN1_QqGbtC1wN1 : 178.4272013 (0.10)%
       GttN1_GttN3wC1wN1 : 177.8357749 (0.10)%
         QqC1wN1_QqGttN1 : 175.8171842 (0.10)%
    GqqN2zN1_GttN4wC1wN1 : 175.0581251 (0.10)%
    GbtC1wN1_GttN3wC1wN1 : 163.3587974 (0.09)%
             GqqN1_GqqN1 : 162.8598457 (0.09)%
       GbtC2wN1_GqqN2zN1 : 161.9717451 (0.09)%
      QqC1wN1_QqGbtC1wN1 : 161.5045330 (0.09)%
 GbtC2hC1wN1_GbtC2zC1wN1 : 158.4651940 (0.09)%
   QqGbtC1wN1_QqGbtC1wN1 : 156.1437089 (0.09)%
        GqqN1_QqGqqN2zN1 : 155.3836490 (0.09)%
        GqqN2zN1_QqGqqN1 : 155.3836490 (0.09)%
    GqqC1wN1_GttN4hN2zN1 : 155.1787643 (0.09)%
 GbtC2hC1wN1_GbtC2wN2zN1 : 154.6702395 (0.09)%
       GbbN2zN1_GbbN2zN1 : 149.0438457 (0.08)%
     GqqN2zN1_QqGbbN2zN1 : 148.6467200 (0.08)%
     GbbN2zN1_QqGqqN2zN1 : 148.6467200 (0.08)%
 GbtC2wN2zN1_GbtC2zC1wN1 : 148.2561526 (0.08)%
          GbbN1_GqqC1wN1 : 146.1356516 (0.08)%
       GttN1_GttN4hN2zN1 : 142.4375646 (0.08)%
                   N1_N1 : 142.1351291 (0.08)%
      QqGqqC1wN1_QqGqqN1 : 141.0575527 (0.08)%
           GqqN1_QqC1wN1 : 138.4428407 (0.08)%
   QqGbbN2zN1_QqGqqC1wN1 : 134.9417566 (0.07)%
             GbbN1_GttN1 : 134.1369511 (0.07)%
        GbbN2zN1_QqC1wN1 : 132.4404100 (0.07)%
    GbtC1wN1_GttN4hN2zN1 : 130.8422295 (0.07)%
         QqGqqN1_QqGttN1 : 129.4757976 (0.07)%
       C2hC1wN1_C2zC1wN1 : 127.3764756 (0.07)%
          GqqN1_GttN2zN1 : 124.5663522 (0.07)%
       C2hC1wN1_C2wN2zN1 : 124.3260396 (0.07)%
      QqGbbN2zN1_QqGttN1 : 123.8621487 (0.07)%
          GbbN1_GbtC1wN1 : 123.2173394 (0.07)%
     GttN2zN1_QqGqqC1wN1 : 121.4175200 (0.07)%
     GqqC1wN1_QqGttN2zN1 : 121.4175200 (0.07)%
       C2wN2zN1_C2zC1wN1 : 119.1703093 (0.07)%
       GbbN2zN1_GttN2zN1 : 119.1655608 (0.07)%
      QqGbtC1wN1_QqGqqN1 : 118.9356338 (0.07)%
       GqqN1_GttN4wC1wN1 : 114.8615661 (0.06)%
   QqGbbN2zN1_QqGbtC1wN1 : 113.7789720 (0.06)%
  GqqC1wN1_QqGttN4wC1wN1 : 111.9580549 (0.06)%
  GttN4wC1wN1_QqGqqC1wN1 : 111.9580549 (0.06)%
        GttN1_QqGttN2zN1 : 111.4483411 (0.06)%
        GttN2zN1_QqGttN1 : 111.4483411 (0.06)%
  GqqN2zN1_QqGbtC2hC1wN1 : 110.6999102 (0.06)%
  GbtC2hC1wN1_QqGqqN2zN1 : 110.6999102 (0.06)%
    GbbN2zN1_GttN4wC1wN1 : 109.8815426 (0.06)%
          C2wN1_N3wC1wN1 : 106.7859220 (0.06)%
          GbtC2wN1_GqqN1 : 106.2751488 (0.06)%
  GqqN2zN1_QqGbtC2zC1wN1 : 106.1092478 (0.06)%
  GbtC2zC1wN1_QqGqqN2zN1 : 106.1092478 (0.06)%
        GqqN2zN1_QqN2zN1 : 104.3975237 (0.06)%
          C2wN1_N4wC1wN1 : 104.2302789 (0.06)%
     GgN4wC1wN1_GqqC1wN1 : 104.0348444 (0.06)%
     GqqC1wN1_QqGbtC2wN1 : 103.5886881 (0.06)%
     GbtC2wN1_QqGqqC1wN1 : 103.5886881 (0.06)%
  GqqN2zN1_QqGbtC2wN2zN1 : 103.5681234 (0.06)%
  GbtC2wN2zN1_QqGqqN2zN1 : 103.5681234 (0.06)%
     GttN1_QqGttN4wC1wN1 : 102.7655604 (0.06)%
     GttN4wC1wN1_QqGttN1 : 102.7655604 (0.06)%
     GttN2zN1_QqGbtC1wN1 : 102.3757283 (0.06)%
     GbtC1wN1_QqGttN2zN1 : 102.3757283 (0.06)%
           GqqN1_QqGqqN1 : 101.9524758 (0.06)%
       GbbN2zN1_GbtC2wN1 : 101.6674045 (0.06)%
QqGbtC2hC1wN1_QqGqqC1wN1 : 100.4935752 (0.06)%
       C2hC1wN1_N4hN2zN1 : 98.7367554 (0.05)%
     GbtC2hC1wN1_QqC1wN1 : 98.6307770 (0.05)%
        GqqN1_QqGbbN2zN1 : 97.5321485 (0.05)%
        GbbN2zN1_QqGqqN1 : 97.5321485 (0.05)%
QqGbtC2zC1wN1_QqGqqC1wN1 : 96.3261637 (0.05)%
        GgN4wC1wN1_GttN1 : 95.4928978 (0.05)%
        GttN1_QqGbtC2wN1 : 95.0833739 (0.05)%
        GbtC2wN1_QqGttN1 : 95.0833739 (0.05)%
    GqqN2zN1_GttN3wC1wN1 : 94.8216638 (0.05)%
      QqGqqC1wN1_QqN2zN1 : 94.7722575 (0.05)%
       C2zC1wN1_N4hN2zN1 : 94.6421983 (0.05)%
     GbtC2zC1wN1_QqC1wN1 : 94.5406147 (0.05)%
  GbtC1wN1_QqGttN4wC1wN1 : 94.3997819 (0.05)%
  GttN4wC1wN1_QqGbtC1wN1 : 94.3997819 (0.05)%
QqGbtC2wN2zN1_QqGqqC1wN1 : 94.0193265 (0.05)%
      QqC1wN1_QqGqqN2zN1 : 93.7453555 (0.05)%
     GbbN2zN1_QqGbbN2zN1 : 93.3034722 (0.05)%
       C2wN2zN1_N4hN2zN1 : 92.3756889 (0.05)%
     GbtC2wN2zN1_QqC1wN1 : 92.2765381 (0.05)%
   QqGbtC2hC1wN1_QqGttN1 : 92.2423901 (0.05)%
       C2hC1wN1_N3zN2zN1 : 91.1790296 (0.05)%
    GbtC2hC1wN1_GttN2zN1 : 88.7447559 (0.05)%
   QqGbtC2zC1wN1_QqGttN1 : 88.4171506 (0.05)%
       N3wC1wN1_N4hN2zN1 : 88.3291840 (0.05)%
     GbtC1wN1_GgN4wC1wN1 : 87.7191609 (0.05)%
       C2zC1wN1_N3zN2zN1 : 87.3978871 (0.05)%
     GbtC2wN1_QqGbtC1wN1 : 87.3429748 (0.05)%
     GbtC1wN1_QqGbtC2wN1 : 87.3429748 (0.05)%
         QqGttN1_QqN2zN1 : 86.9908303 (0.05)%
   QqGbtC2wN2zN1_QqGttN1 : 86.2997199 (0.05)%
       C2wN2zN1_N3zN2zN1 : 85.3048659 (0.05)%
    GbtC2zC1wN1_GttN2zN1 : 85.0645613 (0.05)%
QqGbtC1wN1_QqGbtC2hC1wN1 : 84.7332654 (0.05)%
    GbtC2wN2zN1_GttN2zN1 : 83.0274190 (0.05)%
 GbtC2hC1wN1_GbtC2hC1wN1 : 82.6604802 (0.05)%
 GbtC2hC1wN1_GttN4wC1wN1 : 81.8307790 (0.05)%
------------------------------------------------------------
                                       SUM=90.01%
