/Users/rafalmaselek/Projects/fastlim-1.0
 
#################################################################
#                                                               #
#                                                               #
#                     This is Fastlim  ver. 1.0                 #
#                                                               #
#          A fast LHC limit calculator for BSM models.          #
#                                                               #
#                  http://cern.ch/fastlim-1.0/                  #
#                                                               #
#  for bugs/feature requests: fastlim-1.0.developers@gmail.com  #
#                                                               #
#    please refer to:                                           #
#    M.Papucci, K.Sakurai, A.Weiler, L.Zeune arXiv:1402.xxxx    #
#                                                               #
#################################################################
 

!! Masses incompatible with the data for ERER !!

!! Problem with reading tables for ER ER !! Probably mass outside the table !! Setting xsec to 10^-20 !!

!! Masses incompatible with the data for ELEL !!

!! Problem with reading tables for EL EL !! Probably mass outside the table !! Setting xsec to 10^-20 !!

!! Masses incompatible with the data for TAU1TAU1 !!

!! Problem with reading tables for TAU1 TAU1 !! Probably mass outside the table !! Setting xsec to 10^-20 !!

!! Masses incompatible with the data for TAU2TAU2 !!

!! Problem with reading tables for TAU2 TAU2 !! Probably mass outside the table !! Setting xsec to 10^-20 !!
!! EWK PROCESS C1C2 NOT FOUND !! WILL TRY TO LOOK FOR +/- MODES !!
XSEC FOUND FOR: C1-C2+
XSEC FOUND FOR: C1+C2-
!! EWK PROCESS C1N1 NOT FOUND !! WILL TRY TO LOOK FOR +/- MODES !!
XSEC FOUND FOR: C1+N1
XSEC FOUND FOR: C1-N1
!! EWK PROCESS C1N2 NOT FOUND !! WILL TRY TO LOOK FOR +/- MODES !!
XSEC FOUND FOR: C1+N2
XSEC FOUND FOR: C1-N2
!! EWK PROCESS C1N3 NOT FOUND !! WILL TRY TO LOOK FOR +/- MODES !!
XSEC FOUND FOR: C1+N3
XSEC FOUND FOR: C1-N3
!! EWK PROCESS C1N4 NOT FOUND !! WILL TRY TO LOOK FOR +/- MODES !!
XSEC FOUND FOR: C1+N4
XSEC FOUND FOR: C1-N4
!! EWK PROCESS C2N1 NOT FOUND !! WILL TRY TO LOOK FOR +/- MODES !!
XSEC FOUND FOR: C2+N1
XSEC FOUND FOR: C2-N1
!! EWK PROCESS C2N2 NOT FOUND !! WILL TRY TO LOOK FOR +/- MODES !!
XSEC FOUND FOR: C2+N2
XSEC FOUND FOR: C2-N2
!! EWK PROCESS C2N3 NOT FOUND !! WILL TRY TO LOOK FOR +/- MODES !!
XSEC FOUND FOR: C2+N3
XSEC FOUND FOR: C2-N3
!! EWK PROCESS C2N4 NOT FOUND !! WILL TRY TO LOOK FOR +/- MODES !!
XSEC FOUND FOR: C2+N4
XSEC FOUND FOR: C2-N4
---------------  Output inclusive processes  ---------------
The total xsec = 29818.22 [fb]
The total rate = 100.00%
Output upto 0.10%
                Modes : xsec/fb      (rate)
      QqC1wN1_QqC1wN1 : 4862.0223378 (16.31)%
      QqC1wN1_QqN2zN1 : 3185.9090035 (10.68)%
          C1wN1_N2zN1 : 2846.5989973 (9.55)%
          C1wN1_C1wN1 : 2224.2782388 (7.46)%
       GqQqN1_QqC1wN1 : 1718.1082295 (5.76)%
      QqC1wN1_QqN2hN1 : 1708.6070284 (5.73)%
          C1wN1_N2hN1 : 1526.6346429 (5.12)%
       GqQqN1_QqN2zN1 : 562.9073765 (1.89)%
      QqN2hN1_QqN2zN1 : 559.7944782 (1.88)%
      QqN2zN1_QqN2zN1 : 521.9030001 (1.75)%
   GtT1bC1wN1_QqC1wN1 : 379.8958247 (1.27)%
GtT1tN3wC1wN1_QqC1wN1 : 320.1859775 (1.07)%
       GqQqN1_QqN2hN1 : 301.8879380 (1.01)%
      GbB2bN1_QqC1wN1 : 251.7056947 (0.84)%
         QqC1wN1_QqN1 : 217.4951912 (0.73)%
GtT1bC2hC1wN1_QqC1wN1 : 209.5306999 (0.70)%
GtT1bC2zC1wN1_QqC1wN1 : 194.1390362 (0.65)%
   GbB1tC1wN1_QqC1wN1 : 185.5097337 (0.62)%
GbB1tC2hC1wN1_QqC1wN1 : 162.0244045 (0.54)%
GbB1tC2zC1wN1_QqC1wN1 : 150.1224486 (0.50)%
      QqN2hN1_QqN2hN1 : 150.1092434 (0.50)%
GtT2tN4wC1wN1_QqC1wN1 : 148.3897470 (0.50)%
      GtT1tN1_QqC1wN1 : 146.9846659 (0.49)%
GtT1bC2wN2zN1_QqC1wN1 : 125.5034471 (0.42)%
   GtT1bC1wN1_QqN2zN1 : 124.4660600 (0.42)%
   GtT1tN2zN1_QqC1wN1 : 114.4392875 (0.38)%
GtT1tN3wC1wN1_QqN2zN1 : 104.9031985 (0.35)%
   GtT1bC2wN1_QqC1wN1 : 102.0076226 (0.34)%
GtT1tN4wC1wN1_QqC1wN1 : 97.9740835 (0.33)%
GbB1tC2wN2zN1_QqC1wN1 : 97.0484100 (0.33)%
GtT1tN3zN2zN1_QqC1wN1 : 92.8003104 (0.31)%
GtT2tN3wC1wN1_QqC1wN1 : 90.5120288 (0.30)%
      GbB2bN1_QqN2zN1 : 82.4668608 (0.28)%
                N1_N1 : 82.0600665 (0.28)%
   GbB1tC2wN1_QqC1wN1 : 78.8797265 (0.26)%
         QqN1_QqN2zN1 : 71.2584023 (0.24)%
GtT1bC2hC1wN1_QqN2zN1 : 68.6489795 (0.23)%
        GqQqN1_GqQqN1 : 68.4451738 (0.23)%
GtT1bC2wN2hN1_QqC1wN1 : 67.3076574 (0.23)%
   GtT1bC1wN1_QqN2hN1 : 66.7513054 (0.22)%
GtT1bC2zC1wN1_QqN2zN1 : 63.6061767 (0.21)%
   GbB1bN2zN1_QqC1wN1 : 63.2016018 (0.21)%
   GtT1tN2hN1_QqC1wN1 : 61.3739346 (0.21)%
   GbB1tC1wN1_QqN2zN1 : 60.7789403 (0.20)%
GtT1tN3wC1wN1_QqN2hN1 : 56.2597180 (0.19)%
   GtT1tN3zN1_QqC1wN1 : 56.0442372 (0.19)%
GbB1tC2hC1wN1_QqN2zN1 : 53.0843930 (0.18)%
GbB1tC2wN2hN1_QqC1wN1 : 52.0471851 (0.17)%
GtT1tN3zN2hN1_QqC1wN1 : 49.7689238 (0.17)%
GbB1tC2zC1wN1_QqN2zN1 : 49.1849304 (0.16)%
GtT2tN4wC1wN1_QqN2zN1 : 48.6172418 (0.16)%
      GtT1tN1_QqN2zN1 : 48.1568921 (0.16)%
GtT2tN4hN2zN1_QqC1wN1 : 47.9118487 (0.16)%
   GtT2bC1wN1_QqC1wN1 : 45.7127480 (0.15)%
      GbB2bN1_QqN2hN1 : 44.2270818 (0.15)%
GtT1bC2wN2zN1_QqN2zN1 : 41.1189557 (0.14)%
          GqQqN1_QqN1 : 38.4284822 (0.13)%
         QqN1_QqN2hN1 : 38.2159713 (0.13)%
   QqC1wN1_QqC2hC1wN1 : 37.8418299 (0.13)%
   GtT1tN2zN1_QqN2zN1 : 37.4939820 (0.13)%
    C2hC1wN1_N3wC1wN1 : 37.1851612 (0.12)%
GtT1bC2hC1wN1_QqN2hN1 : 36.8165345 (0.12)%
    C2hC1wN1_N4wC1wN1 : 35.7353193 (0.12)%
   QqC1wN1_QqC2zC1wN1 : 35.0620524 (0.12)%
GtT2hT1bC1wN1_QqC1wN1 : 34.8334511 (0.12)%
    C2zC1wN1_N3wC1wN1 : 34.4536211 (0.12)%
GtT1bC2zC1wN1_QqN2hN1 : 34.1120730 (0.11)%
   GbB1bN2hN1_QqC1wN1 : 33.8950990 (0.11)%
   GtT1bC2wN1_QqN2zN1 : 33.4209698 (0.11)%
    C2zC1wN1_N4wC1wN1 : 33.1102814 (0.11)%
   GbB1tC1wN1_QqN2hN1 : 32.5958226 (0.11)%
GtT1tN4wC1wN1_QqN2zN1 : 32.0994530 (0.11)%
GbB1tC2wN2zN1_QqN2zN1 : 31.7961726 (0.11)%
GtT1tN4hN2zN1_QqC1wN1 : 31.6337184 (0.11)%
    N3wC1wN1_N4wC1wN1 : 30.7923626 (0.10)%
   GtT1tN3hN1_QqC1wN1 : 30.7778575 (0.10)%
GtT1tN3zN2zN1_QqN2zN1 : 30.4043589 (0.10)%
    GqQqN1_GtT1bC1wN1 : 30.2682163 (0.10)%
GtT2tN3wC1wN1_QqN2zN1 : 29.6546445 (0.10)%
------------------------------------------------------------
                                    SUM=86.16%

SHOWING PROCESSES TO GET 90.00% SUSY COVERAGE
---------------  Output inclusive processes  ---------------
The total xsec = 29818.22 [fb]
The total rate = 100.00%
                   Modes : xsec/fb      (rate)
         QqC1wN1_QqC1wN1 : 4862.0223378 (16.31)%
         QqC1wN1_QqN2zN1 : 3185.9090035 (10.68)%
             C1wN1_N2zN1 : 2846.5989973 (9.55)%
             C1wN1_C1wN1 : 2224.2782388 (7.46)%
          GqQqN1_QqC1wN1 : 1718.1082295 (5.76)%
         QqC1wN1_QqN2hN1 : 1708.6070284 (5.73)%
             C1wN1_N2hN1 : 1526.6346429 (5.12)%
          GqQqN1_QqN2zN1 : 562.9073765 (1.89)%
         QqN2hN1_QqN2zN1 : 559.7944782 (1.88)%
         QqN2zN1_QqN2zN1 : 521.9030001 (1.75)%
      GtT1bC1wN1_QqC1wN1 : 379.8958247 (1.27)%
   GtT1tN3wC1wN1_QqC1wN1 : 320.1859775 (1.07)%
          GqQqN1_QqN2hN1 : 301.8879380 (1.01)%
         GbB2bN1_QqC1wN1 : 251.7056947 (0.84)%
            QqC1wN1_QqN1 : 217.4951912 (0.73)%
   GtT1bC2hC1wN1_QqC1wN1 : 209.5306999 (0.70)%
   GtT1bC2zC1wN1_QqC1wN1 : 194.1390362 (0.65)%
      GbB1tC1wN1_QqC1wN1 : 185.5097337 (0.62)%
   GbB1tC2hC1wN1_QqC1wN1 : 162.0244045 (0.54)%
   GbB1tC2zC1wN1_QqC1wN1 : 150.1224486 (0.50)%
         QqN2hN1_QqN2hN1 : 150.1092434 (0.50)%
   GtT2tN4wC1wN1_QqC1wN1 : 148.3897470 (0.50)%
         GtT1tN1_QqC1wN1 : 146.9846659 (0.49)%
   GtT1bC2wN2zN1_QqC1wN1 : 125.5034471 (0.42)%
      GtT1bC1wN1_QqN2zN1 : 124.4660600 (0.42)%
      GtT1tN2zN1_QqC1wN1 : 114.4392875 (0.38)%
   GtT1tN3wC1wN1_QqN2zN1 : 104.9031985 (0.35)%
      GtT1bC2wN1_QqC1wN1 : 102.0076226 (0.34)%
   GtT1tN4wC1wN1_QqC1wN1 : 97.9740835 (0.33)%
   GbB1tC2wN2zN1_QqC1wN1 : 97.0484100 (0.33)%
   GtT1tN3zN2zN1_QqC1wN1 : 92.8003104 (0.31)%
   GtT2tN3wC1wN1_QqC1wN1 : 90.5120288 (0.30)%
         GbB2bN1_QqN2zN1 : 82.4668608 (0.28)%
                   N1_N1 : 82.0600665 (0.28)%
      GbB1tC2wN1_QqC1wN1 : 78.8797265 (0.26)%
            QqN1_QqN2zN1 : 71.2584023 (0.24)%
   GtT1bC2hC1wN1_QqN2zN1 : 68.6489795 (0.23)%
           GqQqN1_GqQqN1 : 68.4451738 (0.23)%
   GtT1bC2wN2hN1_QqC1wN1 : 67.3076574 (0.23)%
      GtT1bC1wN1_QqN2hN1 : 66.7513054 (0.22)%
   GtT1bC2zC1wN1_QqN2zN1 : 63.6061767 (0.21)%
      GbB1bN2zN1_QqC1wN1 : 63.2016018 (0.21)%
      GtT1tN2hN1_QqC1wN1 : 61.3739346 (0.21)%
      GbB1tC1wN1_QqN2zN1 : 60.7789403 (0.20)%
   GtT1tN3wC1wN1_QqN2hN1 : 56.2597180 (0.19)%
      GtT1tN3zN1_QqC1wN1 : 56.0442372 (0.19)%
   GbB1tC2hC1wN1_QqN2zN1 : 53.0843930 (0.18)%
   GbB1tC2wN2hN1_QqC1wN1 : 52.0471851 (0.17)%
   GtT1tN3zN2hN1_QqC1wN1 : 49.7689238 (0.17)%
   GbB1tC2zC1wN1_QqN2zN1 : 49.1849304 (0.16)%
   GtT2tN4wC1wN1_QqN2zN1 : 48.6172418 (0.16)%
         GtT1tN1_QqN2zN1 : 48.1568921 (0.16)%
   GtT2tN4hN2zN1_QqC1wN1 : 47.9118487 (0.16)%
      GtT2bC1wN1_QqC1wN1 : 45.7127480 (0.15)%
         GbB2bN1_QqN2hN1 : 44.2270818 (0.15)%
   GtT1bC2wN2zN1_QqN2zN1 : 41.1189557 (0.14)%
             GqQqN1_QqN1 : 38.4284822 (0.13)%
            QqN1_QqN2hN1 : 38.2159713 (0.13)%
      QqC1wN1_QqC2hC1wN1 : 37.8418299 (0.13)%
      GtT1tN2zN1_QqN2zN1 : 37.4939820 (0.13)%
       C2hC1wN1_N3wC1wN1 : 37.1851612 (0.12)%
   GtT1bC2hC1wN1_QqN2hN1 : 36.8165345 (0.12)%
       C2hC1wN1_N4wC1wN1 : 35.7353193 (0.12)%
      QqC1wN1_QqC2zC1wN1 : 35.0620524 (0.12)%
   GtT2hT1bC1wN1_QqC1wN1 : 34.8334511 (0.12)%
       C2zC1wN1_N3wC1wN1 : 34.4536211 (0.12)%
   GtT1bC2zC1wN1_QqN2hN1 : 34.1120730 (0.11)%
      GbB1bN2hN1_QqC1wN1 : 33.8950990 (0.11)%
      GtT1bC2wN1_QqN2zN1 : 33.4209698 (0.11)%
       C2zC1wN1_N4wC1wN1 : 33.1102814 (0.11)%
      GbB1tC1wN1_QqN2hN1 : 32.5958226 (0.11)%
   GtT1tN4wC1wN1_QqN2zN1 : 32.0994530 (0.11)%
   GbB1tC2wN2zN1_QqN2zN1 : 31.7961726 (0.11)%
   GtT1tN4hN2zN1_QqC1wN1 : 31.6337184 (0.11)%
       N3wC1wN1_N4wC1wN1 : 30.7923626 (0.10)%
      GtT1tN3hN1_QqC1wN1 : 30.7778575 (0.10)%
   GtT1tN3zN2zN1_QqN2zN1 : 30.4043589 (0.10)%
       GqQqN1_GtT1bC1wN1 : 30.2682163 (0.10)%
   GtT2tN3wC1wN1_QqN2zN1 : 29.6546445 (0.10)%
             N2hN1_N2zN1 : 29.3887854 (0.10)%
GtT2hT1tN3wC1wN1_QqC1wN1 : 29.3585290 (0.10)%
   GtT2bC2hC1wN1_QqC1wN1 : 28.6190080 (0.10)%
   GbB1tC2hC1wN1_QqN2hN1 : 28.4692271 (0.10)%
             N2zN1_N2zN1 : 27.3995115 (0.09)%
             B2bN1_B2bN1 : 27.2679033 (0.09)%
   GtT2bC2zC1wN1_QqC1wN1 : 26.5167187 (0.09)%
   GbB1tC2zC1wN1_QqN2hN1 : 26.3779404 (0.09)%
   GtT2tN3zN2zN1_QqC1wN1 : 26.2333299 (0.09)%
   GtT2tN4wC1wN1_QqN2hN1 : 26.0734883 (0.09)%
      GbB1tC2wN1_QqN2zN1 : 25.8435290 (0.09)%
         GtT1tN1_QqN2hN1 : 25.8266022 (0.09)%
   GtT2tN4hN2hN1_QqC1wN1 : 25.6951851 (0.09)%
    GqQqN1_GtT1tN3wC1wN1 : 25.5108316 (0.09)%
      GtT2tN4hN1_QqC1wN1 : 25.3824308 (0.09)%
    T1bC1wN1_T1tN3wC1wN1 : 24.3281149 (0.08)%
         GtT2tN1_QqC1wN1 : 23.7662978 (0.08)%
                C1wN1_N1 : 23.7079433 (0.08)%
      QqC1wN1_QqC2wN2zN1 : 22.6662732 (0.08)%
       C2wN2zN1_N3wC1wN1 : 22.2729457 (0.07)%
   GtT1bC2wN2hN1_QqN2zN1 : 22.0521479 (0.07)%
   GtT1bC2wN2zN1_QqN2hN1 : 22.0521479 (0.07)%
      QqC1wN1_QqN4wC1wN1 : 21.7851732 (0.07)%
       C2wN2zN1_N4wC1wN1 : 21.4045281 (0.07)%
      GbB1bN2zN1_QqN2zN1 : 20.7068724 (0.07)%
      GtT1tN2zN1_QqN2hN1 : 20.1080700 (0.07)%
      GtT1tN2hN1_QqN2zN1 : 20.1080700 (0.07)%
       C2hC1wN1_C2zC1wN1 : 20.0649779 (0.07)%
          GbB2bN1_GqQqN1 : 20.0546621 (0.07)%
GtT2hT1bC2hC1wN1_QqC1wN1 : 19.2123127 (0.06)%
         QqC1wN1_QqC2wN1 : 18.4228617 (0.06)%
      GtT1tN3zN1_QqN2zN1 : 18.3618901 (0.06)%
          C2wN1_N3wC1wN1 : 18.1031700 (0.06)%
      GtT1bC2wN1_QqN2hN1 : 17.9237084 (0.06)%
GtT2hT1bC2zC1wN1_QqC1wN1 : 17.8010185 (0.06)%
          C2wN1_N4wC1wN1 : 17.3973311 (0.06)%
   GtT1tN4wC1wN1_QqN2hN1 : 17.2149772 (0.06)%
   GtT2bC2wN2zN1_QqC1wN1 : 17.1420425 (0.06)%
   GbB1tC2wN2zN1_QqN2hN1 : 17.0523276 (0.06)%
   GbB1tC2wN2hN1_QqN2zN1 : 17.0523276 (0.06)%
   GtT1tN4hN2hN1_QqC1wN1 : 16.9652032 (0.06)%
      GtT1tN4hN1_QqC1wN1 : 16.7587077 (0.06)%
    GqQqN1_GtT1bC2hC1wN1 : 16.6943676 (0.06)%
   GbB2tC2hC1wN1_QqC1wN1 : 16.3287865 (0.05)%
   GtT1tN3zN2hN1_QqN2zN1 : 16.3058961 (0.05)%
   GtT1tN3zN2zN1_QqN2hN1 : 16.3058961 (0.05)%
    T1bC1wN1_T1bC2hC1wN1 : 15.9203941 (0.05)%
   GtT2tN3wC1wN1_QqN2hN1 : 15.9038233 (0.05)%
      GtT2tN3zN1_QqC1wN1 : 15.8429100 (0.05)%
   GtT2tN4hN2zN1_QqN2zN1 : 15.6974588 (0.05)%
   GbB2bN3wC1wN1_QqC1wN1 : 15.5768490 (0.05)%
    GqQqN1_GtT1bC2zC1wN1 : 15.4680361 (0.05)%
   GbB2tC2zC1wN1_QqC1wN1 : 15.1293098 (0.05)%
      GtT2bC1wN1_QqN2zN1 : 14.9769628 (0.05)%
       GbB1tC1wN1_GqQqN1 : 14.7804961 (0.05)%
    T1bC1wN1_T1bC2zC1wN1 : 14.7509170 (0.05)%
------------------------------------------------------------
                                       SUM=90.05%
