/Users/rafalmaselek/Projects/fastlim-1.0
 
#################################################################
#                                                               #
#                                                               #
#                     This is Fastlim  ver. 1.0                 #
#                                                               #
#          A fast LHC limit calculator for BSM models.          #
#                                                               #
#                  http://cern.ch/fastlim-1.0/                  #
#                                                               #
#  for bugs/feature requests: fastlim-1.0.developers@gmail.com  #
#                                                               #
#    please refer to:                                           #
#    M.Papucci, K.Sakurai, A.Weiler, L.Zeune arXiv:1402.xxxx    #
#                                                               #
#################################################################
 

!! Masses incompatible with the data for ERER !!

!! Problem with reading tables for ER ER !! Probably mass outside the table !! Setting xsec to 10^-20 !!

!! Masses incompatible with the data for ELEL !!

!! Problem with reading tables for EL EL !! Probably mass outside the table !! Setting xsec to 10^-20 !!

!! Masses incompatible with the data for TAU1TAU1 !!

!! Problem with reading tables for TAU1 TAU1 !! Probably mass outside the table !! Setting xsec to 10^-20 !!

!! Masses incompatible with the data for TAU2TAU2 !!

!! Problem with reading tables for TAU2 TAU2 !! Probably mass outside the table !! Setting xsec to 10^-20 !!
!! EWK PROCESS C1C2 NOT FOUND !! WILL TRY TO LOOK FOR +/- MODES !!
XSEC FOUND FOR: C1-C2+
XSEC FOUND FOR: C1+C2-
!! EWK PROCESS C1N1 NOT FOUND !! WILL TRY TO LOOK FOR +/- MODES !!
XSEC FOUND FOR: C1+N1
XSEC FOUND FOR: C1-N1
!! EWK PROCESS C1N2 NOT FOUND !! WILL TRY TO LOOK FOR +/- MODES !!
XSEC FOUND FOR: C1+N2
XSEC FOUND FOR: C1-N2
!! EWK PROCESS C1N3 NOT FOUND !! WILL TRY TO LOOK FOR +/- MODES !!
XSEC FOUND FOR: C1+N3
XSEC FOUND FOR: C1-N3
!! EWK PROCESS C1N4 NOT FOUND !! WILL TRY TO LOOK FOR +/- MODES !!
XSEC FOUND FOR: C1+N4
XSEC FOUND FOR: C1-N4
!! EWK PROCESS C2N1 NOT FOUND !! WILL TRY TO LOOK FOR +/- MODES !!
XSEC FOUND FOR: C2+N1
XSEC FOUND FOR: C2-N1
!! EWK PROCESS C2N2 NOT FOUND !! WILL TRY TO LOOK FOR +/- MODES !!
XSEC FOUND FOR: C2+N2
XSEC FOUND FOR: C2-N2
!! EWK PROCESS C2N3 NOT FOUND !! WILL TRY TO LOOK FOR +/- MODES !!
XSEC FOUND FOR: C2+N3
XSEC FOUND FOR: C2-N3
!! EWK PROCESS C2N4 NOT FOUND !! WILL TRY TO LOOK FOR +/- MODES !!
XSEC FOUND FOR: C2+N4
XSEC FOUND FOR: C2-N4
---------------  Output inclusive processes  ---------------
The total xsec = 199809.92 [fb]
The total rate = 100.00%
Output upto 0.10%
                   Modes : xsec/fb      (rate)
         QqC1wN1_QqC1wN1 : 24855.4656131 (12.44)%
         QqC1wN1_QqN2hN1 : 24093.6812686 (12.06)%
             C1wN1_N2hN1 : 21754.1500649 (10.89)%
             C1wN1_C1wN1 : 11299.9185667 (5.66)%
      GtT1bC1wN1_QqC1wN1 : 10574.0416103 (5.29)%
          GqQqN1_QqC1wN1 : 5868.9444099 (2.94)%
         QqN2hN1_QqN2hN1 : 5838.8111302 (2.92)%
      GtT1bC1wN1_QqN2hN1 : 5124.9812063 (2.56)%
      GtT1tN2hN1_QqC1wN1 : 4450.6542241 (2.23)%
   GtT1tN3wC1wN1_QqC1wN1 : 4373.4990166 (2.19)%
          GqQqN1_QqN2hN1 : 2844.5348439 (1.42)%
      GbB1tC1wN1_QqC1wN1 : 2578.3237382 (1.29)%
   GbB1tC2zC1wN1_QqC1wN1 : 2165.6678312 (1.08)%
   GbB1tC2wN2hN1_QqC1wN1 : 2164.0173310 (1.08)%
      GtT1tN2hN1_QqN2hN1 : 2157.1240302 (1.08)%
   GbB1tC2hC1wN1_QqC1wN1 : 2146.0340980 (1.07)%
   GtT1tN3wC1wN1_QqN2hN1 : 2119.7287747 (1.06)%
   GtT1bC2zC1wN1_QqC1wN1 : 2031.0563421 (1.02)%
   GtT1bC2wN2hN1_QqC1wN1 : 2029.5084322 (1.02)%
   GtT1bC2hC1wN1_QqC1wN1 : 2012.6429835 (1.01)%
   GtT1tN3zN2hN1_QqC1wN1 : 1982.2598402 (0.99)%
         GtT1tN1_QqC1wN1 : 1660.0376676 (0.83)%
            QqC1wN1_QqN1 : 1281.7576467 (0.64)%
      GbB1tC1wN1_QqN2hN1 : 1249.6509082 (0.63)%
      GbB1bN2hN1_QqC1wN1 : 1243.1476308 (0.62)%
   GbB1tC2zC1wN1_QqN2hN1 : 1049.6466103 (0.53)%
   GbB1tC2wN2hN1_QqN2hN1 : 1048.8466530 (0.52)%
   GbB1tC2hC1wN1_QqN2hN1 : 1040.1306166 (0.52)%
   GtT1bC2zC1wN1_QqN2hN1 : 984.4036903 (0.49)%
   GtT1bC2wN2hN1_QqN2hN1 : 983.6534559 (0.49)%
   GtT1bC2hC1wN1_QqN2hN1 : 975.4791825 (0.49)%
   GtT1tN3zN2hN1_QqN2hN1 : 960.7532107 (0.48)%
      GtT1tN3zN1_QqC1wN1 : 853.7160505 (0.43)%
         QqC1wN1_QqN2zN1 : 807.7243592 (0.40)%
         GtT1tN1_QqN2hN1 : 804.5799479 (0.40)%
         GbB2bN1_QqC1wN1 : 794.4870892 (0.40)%
      GbB1tC2wN1_QqC1wN1 : 741.5252567 (0.37)%
             C1wN1_N2zN1 : 729.2931589 (0.36)%
      GtT1bC2wN1_QqC1wN1 : 695.4342461 (0.35)%
            QqN1_QqN2hN1 : 621.2368073 (0.31)%
      GbB1bN2hN1_QqN2hN1 : 602.5234701 (0.30)%
       GqQqN1_GtT1bC1wN1 : 601.0816871 (0.30)%
   GtT1bC1wN1_GtT1bC1wN1 : 541.4826183 (0.27)%
      QqC1wN1_QqC2zC1wN1 : 474.1546248 (0.24)%
      QqC1wN1_QqC2wN2hN1 : 473.7932618 (0.24)%
       T1bC1wN1_T1bC1wN1 : 470.8788030 (0.24)%
      QqC1wN1_QqC2hC1wN1 : 469.8559852 (0.24)%
   GtT1bC1wN1_GtT1tN2hN1 : 455.8241760 (0.23)%
GtT1bC1wN1_GtT1tN3wC1wN1 : 447.9221448 (0.22)%
      GtT1tN3zN1_QqN2hN1 : 413.7754395 (0.21)%
       T1bC1wN1_T1tN2hN1 : 396.3893487 (0.20)%
         QqN2hN1_QqN2zN1 : 391.4843835 (0.20)%
      QqC1wN1_QqN4wC1wN1 : 390.3426566 (0.20)%
    T1bC1wN1_T1tN3wC1wN1 : 389.5176618 (0.19)%
         GbB2bN1_QqN2hN1 : 385.0686001 (0.19)%
   GtT1tN4wC1wN1_QqC1wN1 : 369.6144000 (0.18)%
      GbB1tC2wN1_QqN2hN1 : 359.3992860 (0.18)%
   GbB1wT1bC1wN1_QqC1wN1 : 347.7193585 (0.17)%
      GtT1bC2wN1_QqN2hN1 : 337.0600923 (0.17)%
             N2hN1_N2hN1 : 273.4906058 (0.14)%
         GtT1bC1wN1_QqN1 : 272.6434278 (0.14)%
                   N1_N1 : 266.7061163 (0.13)%
   GbB1tC1wN1_GtT1bC1wN1 : 264.0650642 (0.13)%
       GqQqN1_GtT1tN2hN1 : 252.9975622 (0.13)%
    GqQqN1_GtT1tN3wC1wN1 : 248.6116723 (0.12)%
      QqC2zC1wN1_QqN2hN1 : 229.8112331 (0.12)%
      QqC2wN2hN1_QqN2hN1 : 229.6360892 (0.11)%
      QqC2hC1wN1_QqN2hN1 : 227.7277868 (0.11)%
GbB1tC2zC1wN1_GtT1bC1wN1 : 221.8019430 (0.11)%
GbB1tC2wN2hN1_GtT1bC1wN1 : 221.6329032 (0.11)%
GbB1tC2hC1wN1_GtT1bC1wN1 : 219.7911083 (0.11)%
GtT1bC1wN1_GtT1bC2zC1wN1 : 208.0153921 (0.10)%
GtT1bC1wN1_GtT1bC2wN2hN1 : 207.8568593 (0.10)%
GtT1bC1wN1_GtT1bC2hC1wN1 : 206.1295449 (0.10)%
GtT1bC1wN1_GtT1tN3zN2hN1 : 203.0177841 (0.10)%
      QqN2hN1_QqN4wC1wN1 : 189.1896072 (0.09)%
------------------------------------------------------------
                                       SUM=86.71%

SHOWING PROCESSES TO GET 90.00% SUSY COVERAGE
---------------  Output inclusive processes  ---------------
The total xsec = 199809.92 [fb]
The total rate = 100.00%
                   Modes : xsec/fb      (rate)
         QqC1wN1_QqC1wN1 : 24855.4656131 (12.44)%
         QqC1wN1_QqN2hN1 : 24093.6812686 (12.06)%
             C1wN1_N2hN1 : 21754.1500649 (10.89)%
             C1wN1_C1wN1 : 11299.9185667 (5.66)%
      GtT1bC1wN1_QqC1wN1 : 10574.0416103 (5.29)%
          GqQqN1_QqC1wN1 : 5868.9444099 (2.94)%
         QqN2hN1_QqN2hN1 : 5838.8111302 (2.92)%
      GtT1bC1wN1_QqN2hN1 : 5124.9812063 (2.56)%
      GtT1tN2hN1_QqC1wN1 : 4450.6542241 (2.23)%
   GtT1tN3wC1wN1_QqC1wN1 : 4373.4990166 (2.19)%
          GqQqN1_QqN2hN1 : 2844.5348439 (1.42)%
      GbB1tC1wN1_QqC1wN1 : 2578.3237382 (1.29)%
   GbB1tC2zC1wN1_QqC1wN1 : 2165.6678312 (1.08)%
   GbB1tC2wN2hN1_QqC1wN1 : 2164.0173310 (1.08)%
      GtT1tN2hN1_QqN2hN1 : 2157.1240302 (1.08)%
   GbB1tC2hC1wN1_QqC1wN1 : 2146.0340980 (1.07)%
   GtT1tN3wC1wN1_QqN2hN1 : 2119.7287747 (1.06)%
   GtT1bC2zC1wN1_QqC1wN1 : 2031.0563421 (1.02)%
   GtT1bC2wN2hN1_QqC1wN1 : 2029.5084322 (1.02)%
   GtT1bC2hC1wN1_QqC1wN1 : 2012.6429835 (1.01)%
   GtT1tN3zN2hN1_QqC1wN1 : 1982.2598402 (0.99)%
         GtT1tN1_QqC1wN1 : 1660.0376676 (0.83)%
            QqC1wN1_QqN1 : 1281.7576467 (0.64)%
      GbB1tC1wN1_QqN2hN1 : 1249.6509082 (0.63)%
      GbB1bN2hN1_QqC1wN1 : 1243.1476308 (0.62)%
   GbB1tC2zC1wN1_QqN2hN1 : 1049.6466103 (0.53)%
   GbB1tC2wN2hN1_QqN2hN1 : 1048.8466530 (0.52)%
   GbB1tC2hC1wN1_QqN2hN1 : 1040.1306166 (0.52)%
   GtT1bC2zC1wN1_QqN2hN1 : 984.4036903 (0.49)%
   GtT1bC2wN2hN1_QqN2hN1 : 983.6534559 (0.49)%
   GtT1bC2hC1wN1_QqN2hN1 : 975.4791825 (0.49)%
   GtT1tN3zN2hN1_QqN2hN1 : 960.7532107 (0.48)%
      GtT1tN3zN1_QqC1wN1 : 853.7160505 (0.43)%
         QqC1wN1_QqN2zN1 : 807.7243592 (0.40)%
         GtT1tN1_QqN2hN1 : 804.5799479 (0.40)%
         GbB2bN1_QqC1wN1 : 794.4870892 (0.40)%
      GbB1tC2wN1_QqC1wN1 : 741.5252567 (0.37)%
             C1wN1_N2zN1 : 729.2931589 (0.36)%
      GtT1bC2wN1_QqC1wN1 : 695.4342461 (0.35)%
            QqN1_QqN2hN1 : 621.2368073 (0.31)%
      GbB1bN2hN1_QqN2hN1 : 602.5234701 (0.30)%
       GqQqN1_GtT1bC1wN1 : 601.0816871 (0.30)%
   GtT1bC1wN1_GtT1bC1wN1 : 541.4826183 (0.27)%
      QqC1wN1_QqC2zC1wN1 : 474.1546248 (0.24)%
      QqC1wN1_QqC2wN2hN1 : 473.7932618 (0.24)%
       T1bC1wN1_T1bC1wN1 : 470.8788030 (0.24)%
      QqC1wN1_QqC2hC1wN1 : 469.8559852 (0.24)%
   GtT1bC1wN1_GtT1tN2hN1 : 455.8241760 (0.23)%
GtT1bC1wN1_GtT1tN3wC1wN1 : 447.9221448 (0.22)%
      GtT1tN3zN1_QqN2hN1 : 413.7754395 (0.21)%
       T1bC1wN1_T1tN2hN1 : 396.3893487 (0.20)%
         QqN2hN1_QqN2zN1 : 391.4843835 (0.20)%
      QqC1wN1_QqN4wC1wN1 : 390.3426566 (0.20)%
    T1bC1wN1_T1tN3wC1wN1 : 389.5176618 (0.19)%
         GbB2bN1_QqN2hN1 : 385.0686001 (0.19)%
   GtT1tN4wC1wN1_QqC1wN1 : 369.6144000 (0.18)%
      GbB1tC2wN1_QqN2hN1 : 359.3992860 (0.18)%
   GbB1wT1bC1wN1_QqC1wN1 : 347.7193585 (0.17)%
      GtT1bC2wN1_QqN2hN1 : 337.0600923 (0.17)%
             N2hN1_N2hN1 : 273.4906058 (0.14)%
         GtT1bC1wN1_QqN1 : 272.6434278 (0.14)%
                   N1_N1 : 266.7061163 (0.13)%
   GbB1tC1wN1_GtT1bC1wN1 : 264.0650642 (0.13)%
       GqQqN1_GtT1tN2hN1 : 252.9975622 (0.13)%
    GqQqN1_GtT1tN3wC1wN1 : 248.6116723 (0.12)%
      QqC2zC1wN1_QqN2hN1 : 229.8112331 (0.12)%
      QqC2wN2hN1_QqN2hN1 : 229.6360892 (0.11)%
      QqC2hC1wN1_QqN2hN1 : 227.7277868 (0.11)%
GbB1tC2zC1wN1_GtT1bC1wN1 : 221.8019430 (0.11)%
GbB1tC2wN2hN1_GtT1bC1wN1 : 221.6329032 (0.11)%
GbB1tC2hC1wN1_GtT1bC1wN1 : 219.7911083 (0.11)%
GtT1bC1wN1_GtT1bC2zC1wN1 : 208.0153921 (0.10)%
GtT1bC1wN1_GtT1bC2wN2hN1 : 207.8568593 (0.10)%
GtT1bC1wN1_GtT1bC2hC1wN1 : 206.1295449 (0.10)%
GtT1bC1wN1_GtT1tN3zN2hN1 : 203.0177841 (0.10)%
      QqN2hN1_QqN4wC1wN1 : 189.1896072 (0.09)%
GtT1tN2hN1_GtT1tN3wC1wN1 : 188.5321298 (0.09)%
    T1bC1wN1_T1bC2zC1wN1 : 180.8923049 (0.09)%
    T1bC1wN1_T1bC2wN2hN1 : 180.7544431 (0.09)%
    T1bC1wN1_T1bC2hC1wN1 : 179.2523529 (0.09)%
   GtT1tN4wC1wN1_QqN2hN1 : 179.1431246 (0.09)%
    T1bC1wN1_T1tN3zN2hN1 : 176.5463340 (0.09)%
      QqC1wN1_QqN4hN2hN1 : 176.4258455 (0.09)%
      GtT1bC1wN1_QqN2zN1 : 171.8115266 (0.09)%
      GtT1bC1wN1_GtT1tN1 : 170.0166456 (0.09)%
       C2zC1wN1_N3wC1wN1 : 169.5095919 (0.08)%
       C2wN2hN1_N3wC1wN1 : 169.3804051 (0.08)%
   GbB1wT1bC1wN1_QqN2hN1 : 168.5311297 (0.08)%
       C2hC1wN1_N3wC1wN1 : 167.9728345 (0.08)%
   GtT1tN4hN2hN1_QqC1wN1 : 167.0571534 (0.08)%
       C2zC1wN1_N4wC1wN1 : 167.0176913 (0.08)%
       C2wN2hN1_N4wC1wN1 : 166.8904037 (0.08)%
           GqQqN1_GqQqN1 : 166.8101535 (0.08)%
       C2hC1wN1_N4wC1wN1 : 165.5035252 (0.08)%
   GbB2tC2zC1wN1_QqC1wN1 : 165.2508439 (0.08)%
   GbB2tC2wN2hN1_QqC1wN1 : 165.1249028 (0.08)%
       N3wC1wN1_N4wC1wN1 : 164.5227646 (0.08)%
    T1tN2hN1_T1tN3wC1wN1 : 163.9494614 (0.08)%
   GbB2tC2hC1wN1_QqC1wN1 : 163.7526959 (0.08)%
         QqC1wN1_QqC2wN1 : 162.3506730 (0.08)%
             GqQqN1_QqN1 : 151.3261609 (0.08)%
      GtT1tN2zN1_QqC1wN1 : 149.2051709 (0.07)%
          T1bC1wN1_T1tN1 : 147.8482077 (0.07)%
       GbB1tC1wN1_GqQqN1 : 146.5648840 (0.07)%
   GbB1wT1tN2hN1_QqC1wN1 : 146.3563970 (0.07)%
GbB1wT1tN3wC1wN1_QqC1wN1 : 143.8192064 (0.07)%
                C1wN1_N1 : 132.8881494 (0.07)%
   GbB1bN2hN1_GtT1bC1wN1 : 127.3198761 (0.06)%
    GbB1tC2zC1wN1_GqQqN1 : 123.1074476 (0.06)%
    GbB1tC2wN2hN1_GqQqN1 : 123.0136249 (0.06)%
    GbB1tC2hC1wN1_GqQqN1 : 121.9913675 (0.06)%
    GqQqN1_GtT1bC2zC1wN1 : 115.4554538 (0.06)%
    GqQqN1_GtT1bC2wN2hN1 : 115.3674628 (0.06)%
         GtT1tN2hN1_QqN1 : 114.7566530 (0.06)%
    GqQqN1_GtT1bC2hC1wN1 : 114.4087459 (0.06)%
      GtT1tN3wC1wN1_QqN1 : 112.7672661 (0.06)%
    GqQqN1_GtT1tN3zN2hN1 : 112.6816153 (0.06)%
   GbB1tC1wN1_GtT1tN2hN1 : 111.1459872 (0.06)%
GbB1tC1wN1_GtT1tN3wC1wN1 : 109.2191937 (0.05)%
             B2bN1_B2bN1 : 107.4529433 (0.05)%
------------------------------------------------------------
                                       SUM=90.02%
