/Users/rafalmaselek/Projects/fastlim-1.0
 
#################################################################
#                                                               #
#                                                               #
#                     This is Fastlim  ver. 1.0                 #
#                                                               #
#          A fast LHC limit calculator for BSM models.          #
#                                                               #
#                  http://cern.ch/fastlim-1.0/                  #
#                                                               #
#  for bugs/feature requests: fastlim-1.0.developers@gmail.com  #
#                                                               #
#    please refer to:                                           #
#    M.Papucci, K.Sakurai, A.Weiler, L.Zeune arXiv:1402.xxxx    #
#                                                               #
#################################################################
 

!! Masses incompatible with the data for ERER !!

!! Problem with reading tables for ER ER !! Probably mass outside the table !! Setting xsec to 10^-20 !!

!! Masses incompatible with the data for ELEL !!

!! Problem with reading tables for EL EL !! Probably mass outside the table !! Setting xsec to 10^-20 !!

!! Masses incompatible with the data for TAU1TAU1 !!

!! Problem with reading tables for TAU1 TAU1 !! Probably mass outside the table !! Setting xsec to 10^-20 !!

!! Masses incompatible with the data for TAU2TAU2 !!

!! Problem with reading tables for TAU2 TAU2 !! Probably mass outside the table !! Setting xsec to 10^-20 !!
Decoupling mG=1904.93815 GeV; mQ=3212.49006 GeV

!! Masses incompatible with the data for QQ !!

!! Problem with reading tables for Q Q !! Probably mass outside the table !! Setting xsec to 10^-20 !!

!! Masses incompatible with the data for GQ !!

!! Problem with reading tables for G Q !! Probably mass outside the table !! Setting xsec to 10^-20 !!
!! EWK PROCESS C1C2 NOT FOUND !! WILL TRY TO LOOK FOR +/- MODES !!
XSEC FOUND FOR: C1-C2+
XSEC FOUND FOR: C1+C2-
!! EWK PROCESS C1N1 NOT FOUND !! WILL TRY TO LOOK FOR +/- MODES !!
XSEC FOUND FOR: C1+N1
XSEC FOUND FOR: C1-N1
!! EWK PROCESS C1N2 NOT FOUND !! WILL TRY TO LOOK FOR +/- MODES !!
XSEC FOUND FOR: C1+N2
XSEC FOUND FOR: C1-N2
!! EWK PROCESS C1N3 NOT FOUND !! WILL TRY TO LOOK FOR +/- MODES !!
XSEC FOUND FOR: C1+N3
XSEC FOUND FOR: C1-N3
!! EWK PROCESS C1N4 NOT FOUND !! WILL TRY TO LOOK FOR +/- MODES !!
XSEC FOUND FOR: C1+N4
XSEC FOUND FOR: C1-N4
!! EWK PROCESS C2N1 NOT FOUND !! WILL TRY TO LOOK FOR +/- MODES !!
XSEC FOUND FOR: C2+N1
XSEC FOUND FOR: C2-N1
!! EWK PROCESS C2N2 NOT FOUND !! WILL TRY TO LOOK FOR +/- MODES !!
XSEC FOUND FOR: C2+N2
XSEC FOUND FOR: C2-N2
!! EWK PROCESS C2N3 NOT FOUND !! WILL TRY TO LOOK FOR +/- MODES !!
XSEC FOUND FOR: C2+N3
XSEC FOUND FOR: C2-N3
!! EWK PROCESS C2N4 NOT FOUND !! WILL TRY TO LOOK FOR +/- MODES !!
XSEC FOUND FOR: C2+N4
XSEC FOUND FOR: C2-N4
---------------  Output inclusive processes  ---------------
The total xsec = 18322.40 [fb]
The total rate = 100.00%
Output upto 0.10%
                  Modes : xsec/fb      (rate)
            C1wN1_N2hN1 : 8476.8101893 (46.26)%
            C1wN1_C1wN1 : 4358.9680334 (23.79)%
            C1wN1_N2zN1 : 860.4429197 (4.70)%
      C2hC1wN1_N4wC1wN1 : 130.3800583 (0.71)%
      C2zC1wN1_N4wC1wN1 : 124.6934548 (0.68)%
      C2wN2hN1_N4wC1wN1 : 122.2618681 (0.67)%
      C2hC1wN1_N3wC1wN1 : 112.9611488 (0.62)%
      N3wC1wN1_N4wC1wN1 : 108.6250237 (0.59)%
      C2zC1wN1_N3wC1wN1 : 108.0342813 (0.59)%
      C2wN2hN1_N3wC1wN1 : 105.9275571 (0.58)%
         C2wN1_N4wC1wN1 : 87.7729064 (0.48)%
         C2wN1_N3wC1wN1 : 76.0463561 (0.42)%
      C2hC1wN1_C2zC1wN1 : 69.2947412 (0.38)%
      C2hC1wN1_C2wN2hN1 : 67.9434580 (0.37)%
      C2wN2hN1_C2zC1wN1 : 64.9800638 (0.35)%
         C1wN1_N3wC1wN1 : 58.4801636 (0.32)%
      C2hC1wN1_N4hN2hN1 : 56.8085100 (0.31)%
      C2zC1wN1_N4hN2hN1 : 54.3307731 (0.30)%
      C2wN2hN1_N4hN2hN1 : 53.2712951 (0.29)%
         C2hC1wN1_C2wN1 : 48.7772261 (0.27)%
      N3wC1wN1_N4hN2hN1 : 47.3295213 (0.26)%
         C2wN1_C2zC1wN1 : 46.6497784 (0.25)%
         C2hC1wN1_N3zN1 : 46.2200887 (0.25)%
         C2wN1_C2wN2hN1 : 45.7400837 (0.25)%
      C2hC1wN1_N3zN2hN1 : 45.4853552 (0.25)%
         N3zN1_N4wC1wN1 : 44.4458851 (0.24)%
         C2zC1wN1_N3zN1 : 44.2041721 (0.24)%
      N3zN2hN1_N4wC1wN1 : 43.7393550 (0.24)%
      C2zC1wN1_N3zN2hN1 : 43.5014844 (0.24)%
         C2wN2hN1_N3zN1 : 43.3421680 (0.24)%
      C2wN2hN1_N3zN2hN1 : 42.6531831 (0.23)%
         C2hC1wN1_N4hN1 : 39.3735196 (0.21)%
         C2wN1_N4hN2hN1 : 38.2439469 (0.21)%
         C2zC1wN1_N4hN1 : 37.6562202 (0.21)%
         C2wN2hN1_N4hN1 : 36.9219044 (0.20)%
      C2hC1wN1_C2hC1wN1 : 36.2274524 (0.20)%
   GbtC1wN1_GbtC2hC1wN1 : 33.6008605 (0.18)%
      C2zC1wN1_C2zC1wN1 : 33.1362050 (0.18)%
         N3wC1wN1_N4hN1 : 32.8037090 (0.18)%
   GbtC1wN1_GbtC2zC1wN1 : 32.1353390 (0.18)%
      C2wN2hN1_C2wN2hN1 : 31.8564595 (0.17)%
   GbtC1wN1_GbtC2wN2hN1 : 31.5086834 (0.17)%
            C2wN1_N3zN1 : 31.1157364 (0.17)%
         C2wN1_N3zN2hN1 : 30.6211078 (0.17)%
         GbtC1wN1_GttN1 : 29.6897510 (0.16)%
      GbtC1wN1_GqqC1wN1 : 26.7754575 (0.15)%
         C1wN1_N4wC1wN1 : 26.7144022 (0.15)%
   GbtC1wN1_GttN4wC1wN1 : 26.6053016 (0.15)%
            C2wN1_N4hN1 : 26.5065708 (0.14)%
         N2hN1_N3wC1wN1 : 25.4206510 (0.14)%
            C1wN1_N3zN1 : 23.9282123 (0.13)%
GbtC2hC1wN1_GbtC2zC1wN1 : 23.8005798 (0.13)%
         C1wN1_N3zN2hN1 : 23.5478396 (0.13)%
   GbtC1wN1_GttN3wC1wN1 : 23.4569044 (0.13)%
GbtC2hC1wN1_GbtC2wN2hN1 : 23.3364562 (0.13)%
      GbtC1wN1_GbtC1wN1 : 22.6837971 (0.12)%
      GbtC1wN1_GbtC2wN1 : 22.6203702 (0.12)%
GbtC2wN2hN1_GbtC2zC1wN1 : 22.3186228 (0.12)%
      GbtC2hC1wN1_GttN1 : 21.9892899 (0.12)%
      GbtC2zC1wN1_GttN1 : 21.0302140 (0.11)%
      GbtC2wN2hN1_GttN1 : 20.6201140 (0.11)%
   GbtC2hC1wN1_GqqC1wN1 : 19.8308601 (0.11)%
GbtC2hC1wN1_GttN4wC1wN1 : 19.7048366 (0.11)%
         N3zN1_N4hN2hN1 : 19.3657262 (0.11)%
      N3zN2hN1_N4hN2hN1 : 19.0578806 (0.10)%
   GbtC2zC1wN1_GqqC1wN1 : 18.9659254 (0.10)%
GbtC2zC1wN1_GttN4wC1wN1 : 18.8453984 (0.10)%
   GbtC2wN2hN1_GqqC1wN1 : 18.5960800 (0.10)%
GbtC2wN2hN1_GttN4wC1wN1 : 18.4779034 (0.10)%
         GqqC1wN1_GttN1 : 17.5225661 (0.10)%
------------------------------------------------------------
                                      SUM=90.96%

SHOWING PROCESSES TO GET 90.00% SUSY COVERAGE
---------------  Output inclusive processes  ---------------
The total xsec = 18322.40 [fb]
The total rate = 100.00%
                  Modes : xsec/fb      (rate)
            C1wN1_N2hN1 : 8476.8101893 (46.26)%
            C1wN1_C1wN1 : 4358.9680334 (23.79)%
            C1wN1_N2zN1 : 860.4429197 (4.70)%
      C2hC1wN1_N4wC1wN1 : 130.3800583 (0.71)%
      C2zC1wN1_N4wC1wN1 : 124.6934548 (0.68)%
      C2wN2hN1_N4wC1wN1 : 122.2618681 (0.67)%
      C2hC1wN1_N3wC1wN1 : 112.9611488 (0.62)%
      N3wC1wN1_N4wC1wN1 : 108.6250237 (0.59)%
      C2zC1wN1_N3wC1wN1 : 108.0342813 (0.59)%
      C2wN2hN1_N3wC1wN1 : 105.9275571 (0.58)%
         C2wN1_N4wC1wN1 : 87.7729064 (0.48)%
         C2wN1_N3wC1wN1 : 76.0463561 (0.42)%
      C2hC1wN1_C2zC1wN1 : 69.2947412 (0.38)%
      C2hC1wN1_C2wN2hN1 : 67.9434580 (0.37)%
      C2wN2hN1_C2zC1wN1 : 64.9800638 (0.35)%
         C1wN1_N3wC1wN1 : 58.4801636 (0.32)%
      C2hC1wN1_N4hN2hN1 : 56.8085100 (0.31)%
      C2zC1wN1_N4hN2hN1 : 54.3307731 (0.30)%
      C2wN2hN1_N4hN2hN1 : 53.2712951 (0.29)%
         C2hC1wN1_C2wN1 : 48.7772261 (0.27)%
      N3wC1wN1_N4hN2hN1 : 47.3295213 (0.26)%
         C2wN1_C2zC1wN1 : 46.6497784 (0.25)%
         C2hC1wN1_N3zN1 : 46.2200887 (0.25)%
         C2wN1_C2wN2hN1 : 45.7400837 (0.25)%
      C2hC1wN1_N3zN2hN1 : 45.4853552 (0.25)%
         N3zN1_N4wC1wN1 : 44.4458851 (0.24)%
         C2zC1wN1_N3zN1 : 44.2041721 (0.24)%
      N3zN2hN1_N4wC1wN1 : 43.7393550 (0.24)%
      C2zC1wN1_N3zN2hN1 : 43.5014844 (0.24)%
         C2wN2hN1_N3zN1 : 43.3421680 (0.24)%
      C2wN2hN1_N3zN2hN1 : 42.6531831 (0.23)%
         C2hC1wN1_N4hN1 : 39.3735196 (0.21)%
         C2wN1_N4hN2hN1 : 38.2439469 (0.21)%
         C2zC1wN1_N4hN1 : 37.6562202 (0.21)%
         C2wN2hN1_N4hN1 : 36.9219044 (0.20)%
      C2hC1wN1_C2hC1wN1 : 36.2274524 (0.20)%
   GbtC1wN1_GbtC2hC1wN1 : 33.6008605 (0.18)%
      C2zC1wN1_C2zC1wN1 : 33.1362050 (0.18)%
         N3wC1wN1_N4hN1 : 32.8037090 (0.18)%
   GbtC1wN1_GbtC2zC1wN1 : 32.1353390 (0.18)%
      C2wN2hN1_C2wN2hN1 : 31.8564595 (0.17)%
   GbtC1wN1_GbtC2wN2hN1 : 31.5086834 (0.17)%
            C2wN1_N3zN1 : 31.1157364 (0.17)%
         C2wN1_N3zN2hN1 : 30.6211078 (0.17)%
         GbtC1wN1_GttN1 : 29.6897510 (0.16)%
      GbtC1wN1_GqqC1wN1 : 26.7754575 (0.15)%
         C1wN1_N4wC1wN1 : 26.7144022 (0.15)%
   GbtC1wN1_GttN4wC1wN1 : 26.6053016 (0.15)%
            C2wN1_N4hN1 : 26.5065708 (0.14)%
         N2hN1_N3wC1wN1 : 25.4206510 (0.14)%
            C1wN1_N3zN1 : 23.9282123 (0.13)%
GbtC2hC1wN1_GbtC2zC1wN1 : 23.8005798 (0.13)%
         C1wN1_N3zN2hN1 : 23.5478396 (0.13)%
   GbtC1wN1_GttN3wC1wN1 : 23.4569044 (0.13)%
GbtC2hC1wN1_GbtC2wN2hN1 : 23.3364562 (0.13)%
      GbtC1wN1_GbtC1wN1 : 22.6837971 (0.12)%
      GbtC1wN1_GbtC2wN1 : 22.6203702 (0.12)%
GbtC2wN2hN1_GbtC2zC1wN1 : 22.3186228 (0.12)%
      GbtC2hC1wN1_GttN1 : 21.9892899 (0.12)%
      GbtC2zC1wN1_GttN1 : 21.0302140 (0.11)%
      GbtC2wN2hN1_GttN1 : 20.6201140 (0.11)%
------------------------------------------------------------
                                      SUM=90.03%
