/Users/rafalmaselek/Projects/fastlim-1.0
 
#################################################################
#                                                               #
#                                                               #
#                     This is Fastlim  ver. 1.0                 #
#                                                               #
#          A fast LHC limit calculator for BSM models.          #
#                                                               #
#                  http://cern.ch/fastlim-1.0/                  #
#                                                               #
#  for bugs/feature requests: fastlim-1.0.developers@gmail.com  #
#                                                               #
#    please refer to:                                           #
#    M.Papucci, K.Sakurai, A.Weiler, L.Zeune arXiv:1402.xxxx    #
#                                                               #
#################################################################
 
!!!-  ERROR  !!!
[Br(T2->all) =  1.1862121446768936 ]:  !!! The total Br is deviated from 1 !!!


!! Masses incompatible with the data for ELEL !!

!! Problem with reading tables for EL EL !! Probably mass outside the table !! Setting xsec to 10^-20 !!
!! EWK PROCESS C1C2 NOT FOUND !! WILL TRY TO LOOK FOR +/- MODES !!
XSEC FOUND FOR: C1-C2+
XSEC FOUND FOR: C1+C2-
!! EWK PROCESS C1N1 NOT FOUND !! WILL TRY TO LOOK FOR +/- MODES !!
XSEC FOUND FOR: C1+N1
XSEC FOUND FOR: C1-N1
!! EWK PROCESS C1N2 NOT FOUND !! WILL TRY TO LOOK FOR +/- MODES !!
XSEC FOUND FOR: C1+N2
XSEC FOUND FOR: C1-N2
!! EWK PROCESS C1N3 NOT FOUND !! WILL TRY TO LOOK FOR +/- MODES !!
XSEC FOUND FOR: C1+N3
XSEC FOUND FOR: C1-N3
!! EWK PROCESS C1N4 NOT FOUND !! WILL TRY TO LOOK FOR +/- MODES !!
XSEC FOUND FOR: C1+N4
XSEC FOUND FOR: C1-N4
!! EWK PROCESS C2N1 NOT FOUND !! WILL TRY TO LOOK FOR +/- MODES !!
XSEC FOUND FOR: C2+N1
XSEC FOUND FOR: C2-N1
!! EWK PROCESS C2N2 NOT FOUND !! WILL TRY TO LOOK FOR +/- MODES !!
XSEC FOUND FOR: C2+N2
XSEC FOUND FOR: C2-N2
!! EWK PROCESS C2N3 NOT FOUND !! WILL TRY TO LOOK FOR +/- MODES !!
XSEC FOUND FOR: C2+N3
XSEC FOUND FOR: C2-N3
!! EWK PROCESS C2N4 NOT FOUND !! WILL TRY TO LOOK FOR +/- MODES !!
XSEC FOUND FOR: C2+N4
XSEC FOUND FOR: C2-N4
---------------  Output inclusive processes  ---------------
The total xsec = 872845.62 [fb]
The total rate = 100.00%
Output upto 0.10%
                              Modes : xsec/fb      (rate)
               GqQqN1_QqC1nTAU1taN1 : 72328.5966548 (8.29)%
       QqC1nTAU1taN1_QqN2taTAU1taN1 : 69290.1750272 (7.94)%
        QqC1nTAU1taN1_QqC1nTAU1taN1 : 67335.8411315 (7.72)%
              GqQqN1_QqN2taTAU1taN1 : 37213.9193442 (4.27)%
           C1nTAU1taN1_N2taTAU1taN1 : 34170.6283124 (3.92)%
              QqC1nTAU1taN1_QqC1wN1 : 28787.7372303 (3.30)%
      QqN2taTAU1taN1_QqN2taTAU1taN1 : 17825.3077211 (2.04)%
            C1nTAU1taN1_C1nTAU1taN1 : 17249.8216222 (1.98)%
                     GqQqN1_QqC1wN1 : 15461.1318411 (1.77)%
             QqC1wN1_QqN2taTAU1taN1 : 14811.6316497 (1.70)%
     GtT1bC1nTAU1taN1_QqC1nTAU1taN1 : 14561.2024638 (1.67)%
     GbB1tC1nTAU1taN1_QqC1nTAU1taN1 : 13068.9449927 (1.50)%
              QqC1nTAU1taN1_QqN2hN1 : 11878.3298360 (1.36)%
    GbB1bN2taTAU1taN1_QqC1nTAU1taN1 : 7984.9359533 (0.92)%
                      GqQqN1_GqQqN1 : 7727.4951246 (0.89)%
    GtT1bC1nTAU1taN1_QqN2taTAU1taN1 : 7491.9110712 (0.86)%
                  C1nTAU1taN1_C1wN1 : 7374.7253140 (0.85)%
                 C1wN1_N2taTAU1taN1 : 7304.3943041 (0.84)%
    GbB1tC1nTAU1taN1_QqN2taTAU1taN1 : 6724.1269341 (0.77)%
                     GqQqN1_QqN2hN1 : 6379.5366124 (0.73)%
             QqN2hN1_QqN2taTAU1taN1 : 6111.5413392 (0.70)%
                  C1nTAU1taN1_N2hN1 : 5857.8289583 (0.67)%
    GtT1tN2taTAU1taN1_QqC1nTAU1taN1 : 5746.3498206 (0.66)%
 GbB2tC2wN2taTAU1taN1_QqC1nTAU1taN1 : 4402.7780902 (0.50)%
                 QqC1nTAU1taN1_QqN1 : 4259.5284284 (0.49)%
   GbB1bN2taTAU1taN1_QqN2taTAU1taN1 : 4108.3440890 (0.47)%
  GbB2tC2zC1nTAU1taN1_QqC1nTAU1taN1 : 4074.5479309 (0.47)%
  GbB2tC2hC1nTAU1taN1_QqC1nTAU1taN1 : 3880.7729393 (0.44)%
  GtT1tN3wC1nTAU1taN1_QqC1nTAU1taN1 : 3854.1899055 (0.44)%
 GbB1tC2wN2taTAU1taN1_QqC1nTAU1taN1 : 3797.8851462 (0.44)%
  GbB1tC2zC1nTAU1taN1_QqC1nTAU1taN1 : 3514.7501753 (0.40)%
  GbB1tC2hC1nTAU1taN1_QqC1nTAU1taN1 : 3347.5977213 (0.38)%
           GtT1bC1wN1_QqC1nTAU1taN1 : 3112.6370685 (0.36)%
           GtT1bC1nTAU1taN1_QqC1wN1 : 3112.6370685 (0.36)%
            GqQqN1_GtT1bC1nTAU1taN1 : 3111.4006424 (0.36)%
  GbB1bN3wC1nTAU1taN1_QqC1nTAU1taN1 : 3087.2110571 (0.35)%
                    QqC1wN1_QqC1wN1 : 3076.8673893 (0.35)%
   GtT1tN2taTAU1taN1_QqN2taTAU1taN1 : 2956.5650190 (0.34)%
              GbB1bN1_QqC1nTAU1taN1 : 2842.7257992 (0.33)%
           GbB1tC1wN1_QqC1nTAU1taN1 : 2793.6485830 (0.32)%
           GbB1tC1nTAU1taN1_QqC1wN1 : 2793.6485830 (0.32)%
            GbB1tC1nTAU1taN1_GqQqN1 : 2792.5388680 (0.32)%
                    QqC1wN1_QqN2hN1 : 2539.1398719 (0.29)%
     GbB2tC2nTAU1taN1_QqC1nTAU1taN1 : 2298.7039245 (0.26)%
                        GqQqN1_QqN1 : 2287.6799967 (0.26)%
GbB2tC2wN2taTAU1taN1_QqN2taTAU1taN1 : 2265.2814560 (0.26)%
  GbB1bN4wC1nTAU1taN1_QqC1nTAU1taN1 : 2238.9549892 (0.26)%
                QqN1_QqN2taTAU1taN1 : 2191.5778089 (0.25)%
      T1bC1nTAU1taN1_T1bC1nTAU1taN1 : 2145.9023706 (0.25)%
 GbB2tC2zC1nTAU1taN1_QqN2taTAU1taN1 : 2096.4031528 (0.24)%
           GbB2tC2wN1_QqC1nTAU1taN1 : 2066.4100800 (0.24)%
  GbB2bN4wC1nTAU1taN1_QqC1nTAU1taN1 : 2057.9917664 (0.24)%
 GbB2tC2hC1nTAU1taN1_QqN2taTAU1taN1 : 1996.7036253 (0.23)%
 GtT1tN3wC1nTAU1taN1_QqN2taTAU1taN1 : 1983.0263397 (0.23)%
     GbB1tC2nTAU1taN1_QqC1nTAU1taN1 : 1982.8874659 (0.23)%
GbB1tC2wN2taTAU1taN1_QqN2taTAU1taN1 : 1954.0568744 (0.22)%
  GbB2bN3wC1nTAU1taN1_QqC1nTAU1taN1 : 1879.0475545 (0.22)%
 GbB1tC2zC1nTAU1taN1_QqN2taTAU1taN1 : 1808.3805796 (0.21)%
           GbB1tC2wN1_QqC1nTAU1taN1 : 1782.5082228 (0.20)%
    GtT1tN3taTAU1taN1_QqC1nTAU1taN1 : 1764.6301506 (0.20)%
 GtT1bC2wN2taTAU1taN1_QqC1nTAU1taN1 : 1762.2245621 (0.20)%
    QqC1nTAU1taN1_QqC2wN2taTAU1taN1 : 1731.2164630 (0.20)%
 GtT1tN3zN2taTAU1taN1_QqC1nTAU1taN1 : 1727.7308340 (0.20)%
 GbB1tC2hC1nTAU1taN1_QqN2taTAU1taN1 : 1722.3786629 (0.20)%
          GbB1bN2taTAU1taN1_QqC1wN1 : 1706.8787897 (0.20)%
           GbB1bN2taTAU1taN1_GqQqN1 : 1706.2007699 (0.20)%
     T1bC1nTAU1taN1_T1tN2taTAU1taN1 : 1693.6933241 (0.19)%
  GtT1bC2zC1nTAU1taN1_QqC1nTAU1taN1 : 1630.8494991 (0.19)%
     QqC1nTAU1taN1_QqC2zC1nTAU1taN1 : 1602.1530753 (0.18)%
          GtT1bC1wN1_QqN2taTAU1taN1 : 1601.4886251 (0.18)%
 GbB1bN3wC1nTAU1taN1_QqN2taTAU1taN1 : 1588.4066412 (0.18)%
  GtT1bC2hC1nTAU1taN1_QqC1nTAU1taN1 : 1553.2905028 (0.18)%
              QqC1nTAU1taN1_QqN2zN1 : 1539.6096757 (0.18)%
     QqC1nTAU1taN1_QqC2hC1nTAU1taN1 : 1525.9588069 (0.17)%
             GbB1bN1_QqN2taTAU1taN1 : 1462.6160813 (0.17)%
          GbB1tC1wN1_QqN2taTAU1taN1 : 1437.3652726 (0.16)%
    GbB1bN3taTAU1taN1_QqC1nTAU1taN1 : 1413.4710137 (0.16)%
                  TAU1taN1_TAU1taN1 : 1395.9730775 (0.16)%
 GbB1bN3zN2taTAU1taN1_QqC1nTAU1taN1 : 1383.9146137 (0.16)%
           GbB1bN2hN1_QqC1nTAU1taN1 : 1368.8477903 (0.16)%
           GtT1bC1nTAU1taN1_QqN2hN1 : 1284.3291386 (0.15)%
     GbB2tC1nTAU1taN1_QqC1nTAU1taN1 : 1272.1720754 (0.15)%
                        C1wN1_N2hN1 : 1252.1833689 (0.14)%
     QqC1nTAU1taN1_QqN4wC1nTAU1taN1 : 1232.5141897 (0.14)%
          GtT1tN2taTAU1taN1_QqC1wN1 : 1228.3533248 (0.14)%
           GqQqN1_GtT1tN2taTAU1taN1 : 1227.8653887 (0.14)%
    GbB2tC2nTAU1taN1_QqN2taTAU1taN1 : 1182.7103856 (0.14)%
           GbB1tC1nTAU1taN1_QqN2hN1 : 1152.7088444 (0.13)%
 GbB1bN4wC1nTAU1taN1_QqN2taTAU1taN1 : 1151.9688510 (0.13)%
   T1bC1nTAU1taN1_T1tN3wC1nTAU1taN1 : 1135.9934422 (0.13)%
          GbB2tC2wN1_QqN2taTAU1taN1 : 1063.1924523 (0.12)%
 GbB2bN4wC1nTAU1taN1_QqN2taTAU1taN1 : 1058.8611303 (0.12)%
    GbB1tC2nTAU1taN1_QqN2taTAU1taN1 : 1020.2190785 (0.12)%
           GtT1tN2hN1_QqC1nTAU1taN1 : 985.0897114 (0.11)%
           GtT1tN3zN1_QqC1nTAU1taN1 : 978.3418955 (0.11)%
 GbB1bN4hN2taTAU1taN1_QqC1nTAU1taN1 : 978.0552019 (0.11)%
 GbB2bN3wC1nTAU1taN1_QqN2taTAU1taN1 : 966.7922146 (0.11)%
       GbB2tC2wN2taTAU1taN1_QqC1wN1 : 941.1482549 (0.11)%
        GbB2tC2wN2taTAU1taN1_GqQqN1 : 940.7744046 (0.11)%
           GqQqN1_QqC2wN2taTAU1taN1 : 929.7905482 (0.11)%
     GtT1bC2nTAU1taN1_QqC1nTAU1taN1 : 920.0628407 (0.11)%
            T1bC1nTAU1taN1_T1bC1wN1 : 917.4263294 (0.11)%
          GbB1tC2wN1_QqN2taTAU1taN1 : 917.1215854 (0.11)%
                       QqC1wN1_QqN1 : 910.5268685 (0.10)%
   GtT1tN3taTAU1taN1_QqN2taTAU1taN1 : 907.9231056 (0.10)%
GtT1bC2wN2taTAU1taN1_QqN2taTAU1taN1 : 906.6854018 (0.10)%
        QqC1nTAU1taN1_QqC2nTAU1taN1 : 903.8734172 (0.10)%
 GbB2bN4hN2taTAU1taN1_QqC1nTAU1taN1 : 899.0040275 (0.10)%
   QqC2wN2taTAU1taN1_QqN2taTAU1taN1 : 890.7313677 (0.10)%
GtT1tN3zN2taTAU1taN1_QqN2taTAU1taN1 : 888.9379703 (0.10)%
        GbB2tC2zC1wN1_QqC1nTAU1taN1 : 870.9849999 (0.10)%
------------------------------------------------------------
                                                  SUM=74.32%

SHOWING PROCESSES TO GET 90.00% SUSY COVERAGE
---------------  Output inclusive processes  ---------------
The total xsec = 872845.62 [fb]
The total rate = 100.00%
                                   Modes : xsec/fb      (rate)
                    GqQqN1_QqC1nTAU1taN1 : 72328.5966548 (8.29)%
            QqC1nTAU1taN1_QqN2taTAU1taN1 : 69290.1750272 (7.94)%
             QqC1nTAU1taN1_QqC1nTAU1taN1 : 67335.8411315 (7.72)%
                   GqQqN1_QqN2taTAU1taN1 : 37213.9193442 (4.27)%
                C1nTAU1taN1_N2taTAU1taN1 : 34170.6283124 (3.92)%
                   QqC1nTAU1taN1_QqC1wN1 : 28787.7372303 (3.30)%
           QqN2taTAU1taN1_QqN2taTAU1taN1 : 17825.3077211 (2.04)%
                 C1nTAU1taN1_C1nTAU1taN1 : 17249.8216222 (1.98)%
                          GqQqN1_QqC1wN1 : 15461.1318411 (1.77)%
                  QqC1wN1_QqN2taTAU1taN1 : 14811.6316497 (1.70)%
          GtT1bC1nTAU1taN1_QqC1nTAU1taN1 : 14561.2024638 (1.67)%
          GbB1tC1nTAU1taN1_QqC1nTAU1taN1 : 13068.9449927 (1.50)%
                   QqC1nTAU1taN1_QqN2hN1 : 11878.3298360 (1.36)%
         GbB1bN2taTAU1taN1_QqC1nTAU1taN1 : 7984.9359533 (0.92)%
                           GqQqN1_GqQqN1 : 7727.4951246 (0.89)%
         GtT1bC1nTAU1taN1_QqN2taTAU1taN1 : 7491.9110712 (0.86)%
                       C1nTAU1taN1_C1wN1 : 7374.7253140 (0.85)%
                      C1wN1_N2taTAU1taN1 : 7304.3943041 (0.84)%
         GbB1tC1nTAU1taN1_QqN2taTAU1taN1 : 6724.1269341 (0.77)%
                          GqQqN1_QqN2hN1 : 6379.5366124 (0.73)%
                  QqN2hN1_QqN2taTAU1taN1 : 6111.5413392 (0.70)%
                       C1nTAU1taN1_N2hN1 : 5857.8289583 (0.67)%
         GtT1tN2taTAU1taN1_QqC1nTAU1taN1 : 5746.3498206 (0.66)%
      GbB2tC2wN2taTAU1taN1_QqC1nTAU1taN1 : 4402.7780902 (0.50)%
                      QqC1nTAU1taN1_QqN1 : 4259.5284284 (0.49)%
        GbB1bN2taTAU1taN1_QqN2taTAU1taN1 : 4108.3440890 (0.47)%
       GbB2tC2zC1nTAU1taN1_QqC1nTAU1taN1 : 4074.5479309 (0.47)%
       GbB2tC2hC1nTAU1taN1_QqC1nTAU1taN1 : 3880.7729393 (0.44)%
       GtT1tN3wC1nTAU1taN1_QqC1nTAU1taN1 : 3854.1899055 (0.44)%
      GbB1tC2wN2taTAU1taN1_QqC1nTAU1taN1 : 3797.8851462 (0.44)%
       GbB1tC2zC1nTAU1taN1_QqC1nTAU1taN1 : 3514.7501753 (0.40)%
       GbB1tC2hC1nTAU1taN1_QqC1nTAU1taN1 : 3347.5977213 (0.38)%
                GtT1bC1wN1_QqC1nTAU1taN1 : 3112.6370685 (0.36)%
                GtT1bC1nTAU1taN1_QqC1wN1 : 3112.6370685 (0.36)%
                 GqQqN1_GtT1bC1nTAU1taN1 : 3111.4006424 (0.36)%
       GbB1bN3wC1nTAU1taN1_QqC1nTAU1taN1 : 3087.2110571 (0.35)%
                         QqC1wN1_QqC1wN1 : 3076.8673893 (0.35)%
        GtT1tN2taTAU1taN1_QqN2taTAU1taN1 : 2956.5650190 (0.34)%
                   GbB1bN1_QqC1nTAU1taN1 : 2842.7257992 (0.33)%
                GbB1tC1wN1_QqC1nTAU1taN1 : 2793.6485830 (0.32)%
                GbB1tC1nTAU1taN1_QqC1wN1 : 2793.6485830 (0.32)%
                 GbB1tC1nTAU1taN1_GqQqN1 : 2792.5388680 (0.32)%
                         QqC1wN1_QqN2hN1 : 2539.1398719 (0.29)%
          GbB2tC2nTAU1taN1_QqC1nTAU1taN1 : 2298.7039245 (0.26)%
                             GqQqN1_QqN1 : 2287.6799967 (0.26)%
     GbB2tC2wN2taTAU1taN1_QqN2taTAU1taN1 : 2265.2814560 (0.26)%
       GbB1bN4wC1nTAU1taN1_QqC1nTAU1taN1 : 2238.9549892 (0.26)%
                     QqN1_QqN2taTAU1taN1 : 2191.5778089 (0.25)%
           T1bC1nTAU1taN1_T1bC1nTAU1taN1 : 2145.9023706 (0.25)%
      GbB2tC2zC1nTAU1taN1_QqN2taTAU1taN1 : 2096.4031528 (0.24)%
                GbB2tC2wN1_QqC1nTAU1taN1 : 2066.4100800 (0.24)%
       GbB2bN4wC1nTAU1taN1_QqC1nTAU1taN1 : 2057.9917664 (0.24)%
      GbB2tC2hC1nTAU1taN1_QqN2taTAU1taN1 : 1996.7036253 (0.23)%
      GtT1tN3wC1nTAU1taN1_QqN2taTAU1taN1 : 1983.0263397 (0.23)%
          GbB1tC2nTAU1taN1_QqC1nTAU1taN1 : 1982.8874659 (0.23)%
     GbB1tC2wN2taTAU1taN1_QqN2taTAU1taN1 : 1954.0568744 (0.22)%
       GbB2bN3wC1nTAU1taN1_QqC1nTAU1taN1 : 1879.0475545 (0.22)%
      GbB1tC2zC1nTAU1taN1_QqN2taTAU1taN1 : 1808.3805796 (0.21)%
                GbB1tC2wN1_QqC1nTAU1taN1 : 1782.5082228 (0.20)%
         GtT1tN3taTAU1taN1_QqC1nTAU1taN1 : 1764.6301506 (0.20)%
      GtT1bC2wN2taTAU1taN1_QqC1nTAU1taN1 : 1762.2245621 (0.20)%
         QqC1nTAU1taN1_QqC2wN2taTAU1taN1 : 1731.2164630 (0.20)%
      GtT1tN3zN2taTAU1taN1_QqC1nTAU1taN1 : 1727.7308340 (0.20)%
      GbB1tC2hC1nTAU1taN1_QqN2taTAU1taN1 : 1722.3786629 (0.20)%
               GbB1bN2taTAU1taN1_QqC1wN1 : 1706.8787897 (0.20)%
                GbB1bN2taTAU1taN1_GqQqN1 : 1706.2007699 (0.20)%
          T1bC1nTAU1taN1_T1tN2taTAU1taN1 : 1693.6933241 (0.19)%
       GtT1bC2zC1nTAU1taN1_QqC1nTAU1taN1 : 1630.8494991 (0.19)%
          QqC1nTAU1taN1_QqC2zC1nTAU1taN1 : 1602.1530753 (0.18)%
               GtT1bC1wN1_QqN2taTAU1taN1 : 1601.4886251 (0.18)%
      GbB1bN3wC1nTAU1taN1_QqN2taTAU1taN1 : 1588.4066412 (0.18)%
       GtT1bC2hC1nTAU1taN1_QqC1nTAU1taN1 : 1553.2905028 (0.18)%
                   QqC1nTAU1taN1_QqN2zN1 : 1539.6096757 (0.18)%
          QqC1nTAU1taN1_QqC2hC1nTAU1taN1 : 1525.9588069 (0.17)%
                  GbB1bN1_QqN2taTAU1taN1 : 1462.6160813 (0.17)%
               GbB1tC1wN1_QqN2taTAU1taN1 : 1437.3652726 (0.16)%
         GbB1bN3taTAU1taN1_QqC1nTAU1taN1 : 1413.4710137 (0.16)%
                       TAU1taN1_TAU1taN1 : 1395.9730775 (0.16)%
      GbB1bN3zN2taTAU1taN1_QqC1nTAU1taN1 : 1383.9146137 (0.16)%
                GbB1bN2hN1_QqC1nTAU1taN1 : 1368.8477903 (0.16)%
                GtT1bC1nTAU1taN1_QqN2hN1 : 1284.3291386 (0.15)%
          GbB2tC1nTAU1taN1_QqC1nTAU1taN1 : 1272.1720754 (0.15)%
                             C1wN1_N2hN1 : 1252.1833689 (0.14)%
          QqC1nTAU1taN1_QqN4wC1nTAU1taN1 : 1232.5141897 (0.14)%
               GtT1tN2taTAU1taN1_QqC1wN1 : 1228.3533248 (0.14)%
                GqQqN1_GtT1tN2taTAU1taN1 : 1227.8653887 (0.14)%
         GbB2tC2nTAU1taN1_QqN2taTAU1taN1 : 1182.7103856 (0.14)%
                GbB1tC1nTAU1taN1_QqN2hN1 : 1152.7088444 (0.13)%
      GbB1bN4wC1nTAU1taN1_QqN2taTAU1taN1 : 1151.9688510 (0.13)%
        T1bC1nTAU1taN1_T1tN3wC1nTAU1taN1 : 1135.9934422 (0.13)%
               GbB2tC2wN1_QqN2taTAU1taN1 : 1063.1924523 (0.12)%
      GbB2bN4wC1nTAU1taN1_QqN2taTAU1taN1 : 1058.8611303 (0.12)%
         GbB1tC2nTAU1taN1_QqN2taTAU1taN1 : 1020.2190785 (0.12)%
                GtT1tN2hN1_QqC1nTAU1taN1 : 985.0897114 (0.11)%
                GtT1tN3zN1_QqC1nTAU1taN1 : 978.3418955 (0.11)%
      GbB1bN4hN2taTAU1taN1_QqC1nTAU1taN1 : 978.0552019 (0.11)%
      GbB2bN3wC1nTAU1taN1_QqN2taTAU1taN1 : 966.7922146 (0.11)%
            GbB2tC2wN2taTAU1taN1_QqC1wN1 : 941.1482549 (0.11)%
             GbB2tC2wN2taTAU1taN1_GqQqN1 : 940.7744046 (0.11)%
                GqQqN1_QqC2wN2taTAU1taN1 : 929.7905482 (0.11)%
          GtT1bC2nTAU1taN1_QqC1nTAU1taN1 : 920.0628407 (0.11)%
                 T1bC1nTAU1taN1_T1bC1wN1 : 917.4263294 (0.11)%
               GbB1tC2wN1_QqN2taTAU1taN1 : 917.1215854 (0.11)%
                            QqC1wN1_QqN1 : 910.5268685 (0.10)%
        GtT1tN3taTAU1taN1_QqN2taTAU1taN1 : 907.9231056 (0.10)%
     GtT1bC2wN2taTAU1taN1_QqN2taTAU1taN1 : 906.6854018 (0.10)%
             QqC1nTAU1taN1_QqC2nTAU1taN1 : 903.8734172 (0.10)%
      GbB2bN4hN2taTAU1taN1_QqC1nTAU1taN1 : 899.0040275 (0.10)%
        QqC2wN2taTAU1taN1_QqN2taTAU1taN1 : 890.7313677 (0.10)%
     GtT1tN3zN2taTAU1taN1_QqN2taTAU1taN1 : 888.9379703 (0.10)%
             GbB2tC2zC1wN1_QqC1nTAU1taN1 : 870.9849999 (0.10)%
             GbB2tC2zC1nTAU1taN1_QqC1wN1 : 870.9849999 (0.10)%
              GbB2tC2zC1nTAU1taN1_GqQqN1 : 870.6390204 (0.10)%
                 GqQqN1_QqC2zC1nTAU1taN1 : 860.4740181 (0.10)%
         GbB2bN3taTAU1taN1_QqC1nTAU1taN1 : 860.3167074 (0.10)%
      GbB2bN3zN2taTAU1taN1_QqC1nTAU1taN1 : 842.3270461 (0.10)%
      GtT1bC2zC1nTAU1taN1_QqN2taTAU1taN1 : 839.0913764 (0.10)%
         GbB2bN2taTAU1taN1_QqC1nTAU1taN1 : 831.0205848 (0.10)%
             GbB2tC2hC1nTAU1taN1_QqC1wN1 : 829.5631996 (0.10)%
             GbB2tC2hC1wN1_QqC1nTAU1taN1 : 829.5631996 (0.10)%
              GbB2tC2hC1nTAU1taN1_GqQqN1 : 829.2336740 (0.10)%
                GtT1bC2wN1_QqC1nTAU1taN1 : 827.0865630 (0.09)%
                          GqQqN1_QqN2zN1 : 826.8836133 (0.09)%
         QqC2zC1nTAU1taN1_QqN2taTAU1taN1 : 824.3267266 (0.09)%
             GtT1tN3wC1wN1_QqC1nTAU1taN1 : 823.8807474 (0.09)%
             GtT1tN3wC1nTAU1taN1_QqC1wN1 : 823.8807474 (0.09)%
              GqQqN1_GtT1tN3wC1nTAU1taN1 : 823.5534790 (0.09)%
                 GqQqN1_QqC2hC1nTAU1taN1 : 819.5520929 (0.09)%
                   QqC1nTAU1taN1_QqC2wN1 : 812.5331499 (0.09)%
            GbB1tC2wN2taTAU1taN1_QqC1wN1 : 811.8449089 (0.09)%
             GbB1tC2wN2taTAU1taN1_GqQqN1 : 811.5224215 (0.09)%
      GtT1bC2hC1nTAU1taN1_QqN2taTAU1taN1 : 799.1863545 (0.09)%
                  QqN2taTAU1taN1_QqN2zN1 : 792.1474070 (0.09)%
                             C1wN1_C1wN1 : 788.2193603 (0.09)%
         QqC2hC1nTAU1taN1_QqN2taTAU1taN1 : 785.1238734 (0.09)%
                GbB1bN3zN1_QqC1nTAU1taN1 : 783.6531129 (0.09)%
                       C1nTAU1taN1_N2zN1 : 759.2624778 (0.09)%
             GbB2tC2wN2hN1_QqC1nTAU1taN1 : 754.7628553 (0.09)%
     GbB2tC2taNUTwTAU1taN1_QqC1nTAU1taN1 : 754.1773000 (0.09)%
             GbB1tC2zC1wN1_QqC1nTAU1taN1 : 751.3213081 (0.09)%
             GbB1tC2zC1nTAU1taN1_QqC1wN1 : 751.3213081 (0.09)%
              GbB1tC2zC1nTAU1taN1_GqQqN1 : 751.0228623 (0.09)%
         GbB1bN4taTAU1taN1_QqC1nTAU1taN1 : 735.2036356 (0.08)%
                   GtT1tN1_QqC1nTAU1taN1 : 728.7979457 (0.08)%
        GbB1bN3taTAU1taN1_QqN2taTAU1taN1 : 727.2475719 (0.08)%
             GbB1tC2hC1wN1_QqC1nTAU1taN1 : 715.5904043 (0.08)%
             GbB1tC2hC1nTAU1taN1_QqC1wN1 : 715.5904043 (0.08)%
              GbB1tC2hC1nTAU1taN1_GqQqN1 : 715.3061518 (0.08)%
     GbB1bN3zN2taTAU1taN1_QqN2taTAU1taN1 : 712.0404542 (0.08)%
               GbB1bN2hN1_QqN2taTAU1taN1 : 704.2883952 (0.08)%
               GbB1bN2taTAU1taN1_QqN2hN1 : 704.2883952 (0.08)%
         GbB2bN4taTAU1taN1_QqC1nTAU1taN1 : 675.7809049 (0.08)%
                                   N1_N1 : 675.0372120 (0.08)%
                      GtT1bC1wN1_QqC1wN1 : 665.3646596 (0.08)%
                       GqQqN1_GtT1bC1wN1 : 665.1003582 (0.08)%
                 GqQqN1_QqN4wC1nTAU1taN1 : 661.9507546 (0.08)%
             GbB1bN3wC1wN1_QqC1nTAU1taN1 : 659.9295352 (0.08)%
             GbB1bN3wC1nTAU1taN1_QqC1wN1 : 659.9295352 (0.08)%
              GbB1bN3wC1nTAU1taN1_GqQqN1 : 659.6673929 (0.08)%
         GbB2tC1nTAU1taN1_QqN2taTAU1taN1 : 654.5475952 (0.08)%
             GbB1tC2wN2hN1_QqC1nTAU1taN1 : 651.0667988 (0.07)%
     GbB1tC2taNUTwTAU1taN1_QqC1nTAU1taN1 : 650.5616923 (0.07)%
         QqN2taTAU1taN1_QqN4wC1nTAU1taN1 : 634.1431435 (0.07)%
                         GbB1bN1_QqC1wN1 : 607.6677884 (0.07)%
                          GbB1bN1_GqQqN1 : 607.4264059 (0.07)%
                      GbB1tC1wN1_QqC1wN1 : 597.1769267 (0.07)%
                       GbB1tC1wN1_GqQqN1 : 596.9397114 (0.07)%
               N2taTAU1taN1_N2taTAU1taN1 : 566.5154668 (0.06)%
       GbB1tC1nTAU1taN1_GtT1bC1nTAU1taN1 : 562.1942873 (0.06)%
         QqC1nTAU1taN1_QqN4hN2taTAU1taN1 : 538.4060512 (0.06)%
                         QqN2hN1_QqN2hN1 : 523.8470231 (0.06)%
          T1bC1nTAU1taN1_T1tN3taTAU1taN1 : 520.1114445 (0.06)%
       T1bC1nTAU1taN1_T1bC2wN2taTAU1taN1 : 519.4024154 (0.06)%
       T1bC1nTAU1taN1_T1tN3zN2taTAU1taN1 : 509.2356489 (0.06)%
               GtT1tN2hN1_QqN2taTAU1taN1 : 506.8403199 (0.06)%
               GtT1tN2taTAU1taN1_QqN2hN1 : 506.8403199 (0.06)%
               GtT1tN3zN1_QqN2taTAU1taN1 : 503.3684887 (0.06)%
     GbB1bN4hN2taTAU1taN1_QqN2taTAU1taN1 : 503.2209815 (0.06)%
                GbB2tC2nTAU1taN1_QqC1wN1 : 491.3763862 (0.06)%
                 GbB2tC2nTAU1taN1_GqQqN1 : 491.1811978 (0.06)%
                    GqQqN1_QqC2nTAU1taN1 : 485.4464927 (0.06)%
        T1bC1nTAU1taN1_T1bC2zC1nTAU1taN1 : 480.6806052 (0.06)%
                GbB1bN4hN1_QqC1nTAU1taN1 : 479.5785045 (0.05)%
             GbB1bN4wC1wN1_QqC1nTAU1taN1 : 478.6043125 (0.05)%
             GbB1bN4wC1nTAU1taN1_QqC1wN1 : 478.6043125 (0.05)%
              GbB1bN4wC1nTAU1taN1_GqQqN1 : 478.4141975 (0.05)%
                GbB2bN3zN1_QqC1nTAU1taN1 : 476.9746668 (0.05)%
         GtT1bC2nTAU1taN1_QqN2taTAU1taN1 : 473.3832250 (0.05)%
       GbB2wT1bC1nTAU1taN1_QqC1nTAU1taN1 : 465.4036996 (0.05)%
            QqC2nTAU1taN1_QqN2taTAU1taN1 : 465.0535749 (0.05)%
     GbB2bN4hN2taTAU1taN1_QqN2taTAU1taN1 : 462.5482163 (0.05)%
                   GtT1bC1nTAU1taN1_QqN1 : 460.5560338 (0.05)%
        T1bC1nTAU1taN1_T1bC2hC1nTAU1taN1 : 457.8206752 (0.05)%
       T1tN2taTAU1taN1_T1tN3wC1nTAU1taN1 : 448.3019674 (0.05)%
            GbB2tC2zC1wN1_QqN2taTAU1taN1 : 448.1320949 (0.05)%
        GbB2bN3taTAU1taN1_QqN2taTAU1taN1 : 442.6431320 (0.05)%
                      GbB2tC2wN1_QqC1wN1 : 441.7207047 (0.05)%
                       GbB2tC2wN1_GqQqN1 : 441.5452409 (0.05)%
                GbB2bN4hN1_QqC1nTAU1taN1 : 440.8166392 (0.05)%
             GbB2bN4wC1wN1_QqC1nTAU1taN1 : 439.9211861 (0.05)%
             GbB2bN4wC1nTAU1taN1_QqC1wN1 : 439.9211861 (0.05)%
              GbB2bN4wC1nTAU1taN1_GqQqN1 : 439.7464372 (0.05)%
                          GqQqN1_QqC2wN1 : 436.3900523 (0.05)%
     GbB2bN3zN2taTAU1taN1_QqN2taTAU1taN1 : 433.3872383 (0.05)%
        GbB2bN2taTAU1taN1_QqN2taTAU1taN1 : 427.5699301 (0.05)%
            GbB2tC2hC1wN1_QqN2taTAU1taN1 : 426.8200881 (0.05)%
               GtT1bC2wN1_QqN2taTAU1taN1 : 425.5458293 (0.05)%
            GtT1tN3wC1wN1_QqN2taTAU1taN1 : 423.8963992 (0.05)%
                GbB1tC2nTAU1taN1_QqC1wN1 : 423.8667132 (0.05)%
                 GbB1tC2nTAU1taN1_GqQqN1 : 423.6983416 (0.05)%
                  QqC2wN1_QqN2taTAU1taN1 : 418.0579259 (0.05)%
          B1bN2taTAU1taN1_B1tC1nTAU1taN1 : 417.5646721 (0.05)%
                   GbB1tC1nTAU1taN1_QqN1 : 413.3574467 (0.05)%
            QqC1nTAU1taN1_QqN4taTAU1taN1 : 404.7195757 (0.05)%
               GbB1bN3zN1_QqN2taTAU1taN1 : 403.1988050 (0.05)%
             GbB2bN3wC1wN1_QqC1nTAU1taN1 : 401.6696482 (0.05)%
             GbB2bN3wC1nTAU1taN1_QqC1wN1 : 401.6696482 (0.05)%
              GbB2bN3wC1nTAU1taN1_GqQqN1 : 401.5100939 (0.05)%
            GbB2tC2wN2hN1_QqN2taTAU1taN1 : 388.3344254 (0.04)%
            GbB2tC2wN2taTAU1taN1_QqN2hN1 : 388.3344254 (0.04)%
    GbB2tC2taNUTwTAU1taN1_QqN2taTAU1taN1 : 388.0331502 (0.04)%
            GbB1tC2zC1wN1_QqN2taTAU1taN1 : 386.5637086 (0.04)%
                      GbB1tC2wN1_QqC1wN1 : 381.0331724 (0.04)%
                       GbB1tC2wN1_GqQqN1 : 380.8818154 (0.04)%
       GbB1wT1bC1nTAU1taN1_QqC1nTAU1taN1 : 379.0264292 (0.04)%
        GbB1bN4taTAU1taN1_QqN2taTAU1taN1 : 378.2709753 (0.04)%
               GtT1tN3taTAU1taN1_QqC1wN1 : 377.2115134 (0.04)%
                GqQqN1_GtT1tN3taTAU1taN1 : 377.0616745 (0.04)%
            GtT1bC2wN2taTAU1taN1_QqC1wN1 : 376.6972892 (0.04)%
             GqQqN1_GtT1bC2wN2taTAU1taN1 : 376.5476545 (0.04)%
                            QqN1_QqN2hN1 : 375.6994995 (0.04)%
                  GtT1tN1_QqN2taTAU1taN1 : 374.9751720 (0.04)%
               QqC1wN1_QqC2wN2taTAU1taN1 : 370.0689246 (0.04)%
            GtT1tN3zN2taTAU1taN1_QqC1wN1 : 369.3238283 (0.04)%
             GqQqN1_GtT1tN3zN2taTAU1taN1 : 369.1771226 (0.04)%
            GbB1tC2hC1wN1_QqN2taTAU1taN1 : 368.1797355 (0.04)%
                T1bC1wN1_T1tN2taTAU1taN1 : 362.0478897 (0.04)%
             GbB2tC2zC1nTAU1taN1_QqN2hN1 : 359.3838247 (0.04)%
           GbB2tC2taNUTnN1_QqC1nTAU1taN1 : 358.8767169 (0.04)%
             GtT1bC2zC1wN1_QqC1nTAU1taN1 : 348.6142451 (0.04)%
             GtT1bC2zC1nTAU1taN1_QqC1wN1 : 348.6142451 (0.04)%
              GqQqN1_GtT1bC2zC1nTAU1taN1 : 348.4757658 (0.04)%
        GbB2bN4taTAU1taN1_QqN2taTAU1taN1 : 347.6972768 (0.04)%
      GbB1bN2taTAU1taN1_GtT1bC1nTAU1taN1 : 343.4925604 (0.04)%
                QqC1wN1_QqC2zC1nTAU1taN1 : 342.4800296 (0.04)%
                QqC1nTAU1taN1_QqC2zC1wN1 : 342.4800296 (0.04)%
             GbB2tC2hC1nTAU1taN1_QqN2hN1 : 342.2924569 (0.04)%
           B1tC1nTAU1taN1_B1tC1nTAU1taN1 : 341.7140578 (0.04)%
             GtT1tN3wC1nTAU1taN1_QqN2hN1 : 339.9477765 (0.04)%
            GbB1bN3wC1wN1_QqN2taTAU1taN1 : 339.5415594 (0.04)%
            GbB1tC2wN2hN1_QqN2taTAU1taN1 : 334.9815766 (0.04)%
            GbB1tC2wN2taTAU1taN1_QqN2hN1 : 334.9815766 (0.04)%
    GbB1tC2taNUTwTAU1taN1_QqN2taTAU1taN1 : 334.7216933 (0.04)%
         T1tN2taTAU1taN1_T1tN2taTAU1taN1 : 334.1947327 (0.04)%
             GtT1bC2hC1wN1_QqC1nTAU1taN1 : 332.0350506 (0.04)%
             GtT1bC2hC1nTAU1taN1_QqC1wN1 : 332.0350506 (0.04)%
              GqQqN1_GtT1bC2hC1nTAU1taN1 : 331.9031571 (0.04)%
                         QqC1wN1_QqN2zN1 : 329.1106047 (0.04)%
                QqC1wN1_QqC2hC1nTAU1taN1 : 326.1925627 (0.04)%
                QqC1nTAU1taN1_QqC2hC1wN1 : 326.1925627 (0.04)%
       GtT1bC1nTAU1taN1_GtT1bC1nTAU1taN1 : 313.1937905 (0.04)%
             GbB1tC2zC1nTAU1taN1_QqN2hN1 : 310.0084678 (0.04)%
           GbB1tC2taNUTnN1_QqC1nTAU1taN1 : 309.5710310 (0.04)%
      GbB1bN2taTAU1taN1_GbB1tC1nTAU1taN1 : 308.2908426 (0.04)%
               GbB1bN3taTAU1taN1_QqC1wN1 : 302.1469060 (0.03)%
             GtT1bC2wN2hN1_QqC1nTAU1taN1 : 302.0959982 (0.03)%
                GbB1bN3taTAU1taN1_GqQqN1 : 302.0268849 (0.03)%
     GtT1bC2taNUTwTAU1taN1_QqC1nTAU1taN1 : 301.8616280 (0.03)%
                QqC1nTAU1taN1_QqC2wN2hN1 : 296.7803178 (0.03)%
        QqC1nTAU1taN1_QqC2taNUTwTAU1taN1 : 296.5500716 (0.03)%
             GtT1tN3zN2hN1_QqC1nTAU1taN1 : 296.1827807 (0.03)%
            GbB1bN3zN2taTAU1taN1_QqC1wN1 : 295.8288601 (0.03)%
             GbB1bN3zN2taTAU1taN1_GqQqN1 : 295.7113486 (0.03)%
             GbB1tC2hC1nTAU1taN1_QqN2hN1 : 295.2652646 (0.03)%
                      GbB1bN2hN1_QqC1wN1 : 292.6081403 (0.03)%
                       GbB1bN2hN1_GqQqN1 : 292.4919082 (0.03)%
                 T1bC1nTAU1taN1_T1tN2hN1 : 290.3477721 (0.03)%
                GqQqN1_QqN4hN2taTAU1taN1 : 289.1636420 (0.03)%
                 T1bC1nTAU1taN1_T1tN3zN1 : 288.3589041 (0.03)%
        QqN2taTAU1taN1_QqN4hN2taTAU1taN1 : 277.0162880 (0.03)%
                      GtT1bC1wN1_QqN2hN1 : 274.5412335 (0.03)%
             GbB1bN3wC1nTAU1taN1_QqN2hN1 : 272.2986050 (0.03)%
                GbB2tC1nTAU1taN1_QqC1wN1 : 271.9425109 (0.03)%
                GbB2tC1wN1_QqC1nTAU1taN1 : 271.9425109 (0.03)%
                 GbB2tC1nTAU1taN1_GqQqN1 : 271.8344877 (0.03)%
           T1bC1nTAU1taN1_T1bC2nTAU1taN1 : 271.1815917 (0.03)%
                   QqC1nTAU1taN1_QqN4hN1 : 264.0014269 (0.03)%
                QqC1nTAU1taN1_QqN4wC1wN1 : 263.4651475 (0.03)%
                QqC1wN1_QqN4wC1nTAU1taN1 : 263.4651475 (0.03)%
                          C1nTAU1taN1_N1 : 260.7354103 (0.03)%
          C2wN2taTAU1taN1_N4wC1nTAU1taN1 : 254.7344169 (0.03)%
                  GbB1bN2taTAU1taN1_QqN1 : 252.5554082 (0.03)%
       GbB1tC1nTAU1taN1_GbB1tC1nTAU1taN1 : 252.2898172 (0.03)%
                         GbB1bN1_QqN2hN1 : 250.7344834 (0.03)%
          C2wN2taTAU1taN1_N3wC1nTAU1taN1 : 249.4334322 (0.03)%
      GtT1bC1nTAU1taN1_GtT1tN2taTAU1taN1 : 247.1940194 (0.03)%
               GbB1bN4hN1_QqN2taTAU1taN1 : 246.7488187 (0.03)%
                      GbB1tC1wN1_QqN2hN1 : 246.4057681 (0.03)%
            GbB1bN4wC1wN1_QqN2taTAU1taN1 : 246.2475854 (0.03)%
               GbB2bN3zN1_QqN2taTAU1taN1 : 245.4091134 (0.03)%
                 T1bC1nTAU1taN1_T1bC2wN1 : 243.7775343 (0.03)%
              T1bC1wN1_T1tN3wC1nTAU1taN1 : 242.8326443 (0.03)%
              T1bC1nTAU1taN1_T1tN3wC1wN1 : 242.8326443 (0.03)%
      GbB2wT1bC1nTAU1taN1_QqN2taTAU1taN1 : 239.4557138 (0.03)%
             GbB1bN3zN2hN1_QqC1nTAU1taN1 : 237.2427872 (0.03)%
           C2zC1nTAU1taN1_N4wC1nTAU1taN1 : 235.7437895 (0.03)%
           N3wC1nTAU1taN1_N4wC1nTAU1taN1 : 230.9771696 (0.03)%
           C2zC1nTAU1taN1_N3wC1nTAU1taN1 : 230.8379969 (0.03)%
               GbB2bN4hN1_QqN2taTAU1taN1 : 226.8053801 (0.03)%
            GbB2bN4wC1wN1_QqN2taTAU1taN1 : 226.3446589 (0.03)%
           C2hC1nTAU1taN1_N4wC1nTAU1taN1 : 224.5324229 (0.03)%
      GbB1tC1nTAU1taN1_GtT1tN2taTAU1taN1 : 221.8611444 (0.03)%
           C2hC1nTAU1taN1_N3wC1nTAU1taN1 : 219.8599371 (0.03)%
                   GqQqN1_QqN4taTAU1taN1 : 217.3641738 (0.02)%
                    T1bC1nTAU1taN1_T1tN1 : 214.8077047 (0.02)%
                      GtT1tN2hN1_QqC1wN1 : 210.5751059 (0.02)%
                       GqQqN1_GtT1tN2hN1 : 210.4914597 (0.02)%
 GbB2tC2taNUTtaC1nTAU1taN1_QqC1nTAU1taN1 : 209.1393481 (0.02)%
                      GtT1tN3zN1_QqC1wN1 : 209.1326769 (0.02)%
            GbB1bN4hN2taTAU1taN1_QqC1wN1 : 209.0713926 (0.02)%
                       GqQqN1_GtT1tN3zN1 : 209.0496035 (0.02)%
             GbB1bN4hN2taTAU1taN1_GqQqN1 : 208.9883436 (0.02)%
           QqN2taTAU1taN1_QqN4taTAU1taN1 : 208.2330135 (0.02)%
            GbB2bN3wC1wN1_QqN2taTAU1taN1 : 206.6637898 (0.02)%
                GtT1tN3hN1_QqC1nTAU1taN1 : 206.5840065 (0.02)%
         T1tN2taTAU1taN1_T1tN3taTAU1taN1 : 205.2538115 (0.02)%
      T1bC2wN2taTAU1taN1_T1tN2taTAU1taN1 : 204.9740043 (0.02)%
                GbB2tC2nTAU1taN1_QqN2hN1 : 202.7505928 (0.02)%
      T1tN2taTAU1taN1_T1tN3zN2taTAU1taN1 : 200.9618496 (0.02)%
       B1tC1nTAU1taN1_B1tC2wN2taTAU1taN1 : 198.6068110 (0.02)%
             GbB1bN4wC1nTAU1taN1_QqN2hN1 : 197.4806092 (0.02)%
                GtT1bC2nTAU1taN1_QqC1wN1 : 196.6748083 (0.02)%
                 GqQqN1_GtT1bC2nTAU1taN1 : 196.5966836 (0.02)%
      GbB1wT1bC1nTAU1taN1_QqN2taTAU1taN1 : 195.0135855 (0.02)%
                      N2hN1_N2taTAU1taN1 : 194.2341052 (0.02)%
                   QqC1wN1_QqC2nTAU1taN1 : 193.2141189 (0.02)%
            GbB2bN4hN2taTAU1taN1_QqC1wN1 : 192.1732266 (0.02)%
             GbB2bN4hN2taTAU1taN1_GqQqN1 : 192.0968900 (0.02)%
       T1bC2zC1nTAU1taN1_T1tN2taTAU1taN1 : 189.6930502 (0.02)%
   GbB2tC2wN2taTAU1taN1_GtT1bC1nTAU1taN1 : 189.3968252 (0.02)%
      GtT1bC1nTAU1taN1_QqC2wN2taTAU1taN1 : 187.1855538 (0.02)%
                   GbB2tC2zC1wN1_QqC1wN1 : 186.1838130 (0.02)%
                    GbB2tC2zC1wN1_GqQqN1 : 186.1098556 (0.02)%
          GbB2tC2taNUTnN1_QqN2taTAU1taN1 : 184.6463199 (0.02)%
                       GqQqN1_QqC2zC1wN1 : 183.9369607 (0.02)%
               GbB2bN3taTAU1taN1_QqC1wN1 : 183.9033336 (0.02)%
                GbB2bN3taTAU1taN1_GqQqN1 : 183.8302821 (0.02)%
        B1tC1nTAU1taN1_B1tC2zC1nTAU1taN1 : 183.8005356 (0.02)%
      GbB2wT1tN2taTAU1taN1_QqC1nTAU1taN1 : 183.6642593 (0.02)%
                      GbB2tC2wN1_QqN2hN1 : 182.2617799 (0.02)%
                  GtT1tN2taTAU1taN1_QqN1 : 181.7512042 (0.02)%
             GbB2bN4wC1nTAU1taN1_QqN2hN1 : 181.5192666 (0.02)%
       T1bC2hC1nTAU1taN1_T1tN2taTAU1taN1 : 180.6717379 (0.02)%
 GbB1tC2taNUTtaC1nTAU1taN1_QqC1nTAU1taN1 : 180.4059181 (0.02)%
            GbB2bN3zN2taTAU1taN1_QqC1wN1 : 180.0578211 (0.02)%
             GbB2bN3zN2taTAU1taN1_GqQqN1 : 179.9862971 (0.02)%
            GtT1bC2zC1wN1_QqN2taTAU1taN1 : 179.3661566 (0.02)%
               GbB2bN2taTAU1taN1_QqC1wN1 : 177.6409252 (0.02)%
                GbB2bN2taTAU1taN1_GqQqN1 : 177.5703612 (0.02)%
                GbB1bN2zN1_QqC1nTAU1taN1 : 177.4232010 (0.02)%
                   GbB2tC2hC1wN1_QqC1wN1 : 177.3293910 (0.02)%
                    GbB2tC2hC1wN1_GqQqN1 : 177.2589509 (0.02)%
                      GtT1bC2wN1_QqC1wN1 : 176.7999793 (0.02)%
                       GqQqN1_GtT1bC2wN1 : 176.7297495 (0.02)%
               QqC2zC1wN1_QqN2taTAU1taN1 : 176.2100302 (0.02)%
                   GtT1tN3wC1wN1_QqC1wN1 : 176.1146966 (0.02)%
                    GqQqN1_GtT1tN3wC1wN1 : 176.0447390 (0.02)%
    GbB2tC2zC1nTAU1taN1_GtT1bC1nTAU1taN1 : 175.2771606 (0.02)%
                       GqQqN1_QqC2hC1wN1 : 175.1893932 (0.02)%
        B1tC1nTAU1taN1_B1tC2hC1nTAU1taN1 : 175.0594561 (0.02)%
                GbB1tC2nTAU1taN1_QqN2hN1 : 174.8949070 (0.02)%
                         QqC1wN1_QqC2wN1 : 173.6890073 (0.02)%
       GtT1bC1nTAU1taN1_QqC2zC1nTAU1taN1 : 173.2307410 (0.02)%
            GtT1bC2hC1wN1_QqN2taTAU1taN1 : 170.8359648 (0.02)%
     GbB2tC2nTAU2zTAU1taN1_QqC1nTAU1taN1 : 170.7791366 (0.02)%
   GbB1tC1nTAU1taN1_GbB2tC2wN2taTAU1taN1 : 169.9871076 (0.02)%
      GbB1tC1nTAU1taN1_QqC2wN2taTAU1taN1 : 168.0024512 (0.02)%
               QqC2hC1wN1_QqN2taTAU1taN1 : 167.8299356 (0.02)%
             GbB1bN4hN2hN1_QqC1nTAU1taN1 : 167.6668053 (0.02)%
                      GbB1bN3zN1_QqC1wN1 : 167.5155424 (0.02)%
                       GbB1bN3zN1_GqQqN1 : 167.4490005 (0.02)%
    GbB2tC2hC1nTAU1taN1_GtT1bC1nTAU1taN1 : 166.9414308 (0.02)%
                GtT1bC1nTAU1taN1_QqN2zN1 : 166.4683163 (0.02)%
    GtT1bC1nTAU1taN1_GtT1tN3wC1nTAU1taN1 : 165.7978933 (0.02)%
             GbB2bN3wC1nTAU1taN1_QqN2hN1 : 165.7360052 (0.02)%
                GbB1bN3hN1_QqC1nTAU1taN1 : 165.4740541 (0.02)%
       GtT1bC1nTAU1taN1_QqC2hC1nTAU1taN1 : 164.9923337 (0.02)%
   GbB1tC2wN2taTAU1taN1_GtT1bC1nTAU1taN1 : 163.3757992 (0.02)%
                             C1wN1_N2zN1 : 162.3017425 (0.02)%
        B1bN3wC1nTAU1taN1_B1tC1nTAU1taN1 : 161.4427818 (0.02)%
                   GbB2tC2wN2hN1_QqC1wN1 : 161.3398926 (0.02)%
                    GbB2tC2wN2hN1_GqQqN1 : 161.2758039 (0.02)%
           GbB2tC2taNUTwTAU1taN1_QqC1wN1 : 161.2147229 (0.02)%
            GbB2tC2taNUTwTAU1taN1_GqQqN1 : 161.1506839 (0.02)%
                   GbB1tC2zC1wN1_QqC1wN1 : 160.6042193 (0.02)%
                    GbB1tC2zC1wN1_GqQqN1 : 160.5404228 (0.02)%
                       GqQqN1_QqC2wN2hN1 : 159.3928548 (0.02)%
          GbB1tC2taNUTnN1_QqN2taTAU1taN1 : 159.2779607 (0.02)%
               GqQqN1_QqC2taNUTwTAU1taN1 : 159.2691957 (0.02)%
          GbB2tC2nTAU2taN1_QqC1nTAU1taN1 : 158.8969201 (0.02)%
    GbB1tC1nTAU1taN1_GbB2tC2zC1nTAU1taN1 : 157.3144509 (0.02)%
                      GbB1tC2wN1_QqN2hN1 : 157.2210301 (0.02)%
               GbB1bN4taTAU1taN1_QqC1wN1 : 157.1588675 (0.02)%
                GbB1bN4taTAU1taN1_GqQqN1 : 157.0964397 (0.02)%
                         GtT1tN1_QqC1wN1 : 155.7895721 (0.02)%
                          GqQqN1_GtT1tN1 : 155.7276882 (0.02)%
               GtT1tN3taTAU1taN1_QqN2hN1 : 155.6441459 (0.02)%
       GbB1tC1nTAU1taN1_QqC2zC1nTAU1taN1 : 155.4777520 (0.02)%
            GtT1bC2wN2hN1_QqN2taTAU1taN1 : 155.4319679 (0.02)%
            GtT1bC2wN2taTAU1taN1_QqN2hN1 : 155.4319679 (0.02)%
    GtT1bC2taNUTwTAU1taN1_QqN2taTAU1taN1 : 155.3113816 (0.02)%
             GbB2bN4hN2hN1_QqC1nTAU1taN1 : 154.1151593 (0.02)%
    GtT1tN3taTAU2zTAU1taN1_QqC1nTAU1taN1 : 153.1779453 (0.02)%
                   GbB1tC2hC1wN1_QqC1wN1 : 152.9662968 (0.02)%
                    GbB1tC2hC1wN1_GqQqN1 : 152.9055344 (0.02)%
               QqC2wN2hN1_QqN2taTAU1taN1 : 152.6969874 (0.02)%
               QqC2wN2taTAU1taN1_QqN2hN1 : 152.6969874 (0.02)%
       QqC2taNUTwTAU1taN1_QqN2taTAU1taN1 : 152.5785230 (0.02)%
            GtT1tN3zN2taTAU1taN1_QqN2hN1 : 152.3895474 (0.02)%
            GtT1tN3zN2hN1_QqN2taTAU1taN1 : 152.3895474 (0.02)%
    GbB1tC2zC1nTAU1taN1_GtT1bC1nTAU1taN1 : 151.1960201 (0.02)%
     T1tN3wC1nTAU1taN1_T1tN3wC1nTAU1taN1 : 150.3424758 (0.02)%
    GbB1tC1nTAU1taN1_GbB2tC2hC1nTAU1taN1 : 149.8329813 (0.02)%
      GbB1wT1tN2taTAU1taN1_QqC1nTAU1taN1 : 149.5768264 (0.02)%
                GbB1tC1nTAU1taN1_QqN2zN1 : 149.4083524 (0.02)%
    GbB1tC1nTAU1taN1_GtT1tN3wC1nTAU1taN1 : 148.8066355 (0.02)%
                    B1bN1_B1tC1nTAU1taN1 : 148.6576565 (0.02)%
       GbB1tC1nTAU1taN1_QqC2hC1nTAU1taN1 : 148.0836310 (0.02)%
              C1nTAU1taN1_N3wC1nTAU1taN1 : 148.0017520 (0.02)%
     GbB1tC2nTAU2zTAU1taN1_QqC1nTAU1taN1 : 147.3159748 (0.02)%
   GbB1tC1nTAU1taN1_GbB1tC2wN2taTAU1taN1 : 146.6327618 (0.02)%
                 B1tC1nTAU1taN1_B1tC1wN1 : 146.0912099 (0.02)%
               GbB2bN4taTAU1taN1_QqC1wN1 : 144.4565241 (0.02)%
                GbB2bN4taTAU1taN1_GqQqN1 : 144.3991420 (0.02)%
             GbB2bN3zN2hN1_QqC1nTAU1taN1 : 144.3990938 (0.02)%
    GbB1tC2hC1nTAU1taN1_GtT1bC1nTAU1taN1 : 144.0055273 (0.02)%
             GtT1bC2zC1nTAU1taN1_QqN2hN1 : 143.8444069 (0.02)%
           GtT1bC2taNUTnN1_QqC1nTAU1taN1 : 143.6414356 (0.02)%
         GtT1tN3taTAU2taN1_QqC1nTAU1taN1 : 142.5203583 (0.02)%
                GbB2bN2hN1_QqC1nTAU1taN1 : 142.4608410 (0.02)%
                          GqQqN1_QqN4hN1 : 141.7881800 (0.02)%
                       GqQqN1_QqN4wC1wN1 : 141.5001585 (0.02)%
                QqC2zC1nTAU1taN1_QqN2hN1 : 141.3133211 (0.02)%
              QqC1nTAU1taN1_QqC2taNUTnN1 : 141.1139212 (0.02)%
                   GbB1bN3wC1wN1_QqC1wN1 : 141.0680978 (0.02)%
                    GbB1bN3wC1wN1_GqQqN1 : 141.0120617 (0.02)%
               GbB2tC1wN1_QqN2taTAU1taN1 : 139.9176416 (0.02)%
    B2tC2wN2taTAU1taN1_B2tC2zC1nTAU1taN1 : 139.7367756 (0.02)%
               GbB2tC2wN2taTAU1taN1_QqN1 : 139.2553960 (0.02)%
                   GbB1tC2wN2hN1_QqC1wN1 : 139.1735784 (0.02)%
                    GbB1tC2wN2hN1_GqQqN1 : 139.1182947 (0.02)%
           GbB1tC2taNUTwTAU1taN1_QqC1wN1 : 139.0656056 (0.02)%
            GbB1tC2taNUTwTAU1taN1_GqQqN1 : 139.0103649 (0.02)%
       T1tN3taTAU1taN1_T1tN3wC1nTAU1taN1 : 137.6677705 (0.02)%
    T1bC2wN2taTAU1taN1_T1tN3wC1nTAU1taN1 : 137.4800983 (0.02)%
          GbB1tC2nTAU2taN1_QqC1nTAU1taN1 : 137.0662432 (0.02)%
             GtT1bC2hC1nTAU1taN1_QqN2hN1 : 137.0035379 (0.02)%
                  QqN2taTAU1taN1_QqN4hN1 : 135.8318599 (0.02)%
                         QqN2hN1_QqN2zN1 : 135.7968597 (0.02)%
    GbB1tC1nTAU1taN1_GbB1tC2zC1nTAU1taN1 : 135.7011878 (0.02)%
               QqN2taTAU1taN1_QqN4wC1wN1 : 135.5559378 (0.02)%
     GbB1bN2taTAU1taN1_GtT1tN2taTAU1taN1 : 135.5539433 (0.02)%
    T1tN3wC1nTAU1taN1_T1tN3zN2taTAU1taN1 : 134.7890672 (0.02)%
                QqC2hC1nTAU1taN1_QqN2hN1 : 134.5928240 (0.02)%
             GtT1bC1nTAU1taN1_GtT1bC1wN1 : 133.8980904 (0.02)%
       GtT1bC1nTAU1taN1_QqN4wC1nTAU1taN1 : 133.2640118 (0.02)%
    B2tC2hC1nTAU1taN1_B2tC2wN2taTAU1taN1 : 133.0912549 (0.02)%
              C2nTAU1taN1_N4wC1nTAU1taN1 : 132.9976192 (0.02)%
    GbB1bN3wC1nTAU1taN1_GtT1bC1nTAU1taN1 : 132.8043251 (0.02)%
          C2wN2taTAU1taN1_C2zC1nTAU1taN1 : 131.6696258 (0.02)%
              C2nTAU1taN1_N3wC1nTAU1taN1 : 130.2299589 (0.01)%
    GbB1tC1nTAU1taN1_GbB1tC2hC1nTAU1taN1 : 129.2475892 (0.01)%
                GbB2tC2zC1nTAU1taN1_QqN1 : 128.8738096 (0.01)%
                GtT1tN2zN1_QqC1nTAU1taN1 : 127.6823991 (0.01)%
         B1bN2taTAU1taN1_B1bN2taTAU1taN1 : 127.5629810 (0.01)%
     T1bC2zC1nTAU1taN1_T1tN3wC1nTAU1taN1 : 127.2308617 (0.01)%
          C2hC1nTAU1taN1_C2wN2taTAU1taN1 : 125.4077580 (0.01)%
               GbB1bN3taTAU1taN1_QqN2hN1 : 124.6711605 (0.01)%
    GbB2wT1tN3wC1nTAU1taN1_QqC1nTAU1taN1 : 123.1872330 (0.01)%
     B2tC2hC1nTAU1taN1_B2tC2zC1nTAU1taN1 : 123.1692096 (0.01)%
                GbB2tC2hC1nTAU1taN1_QqN1 : 122.7449036 (0.01)%
    GbB1bN3taTAU2zTAU1taN1_QqC1nTAU1taN1 : 122.6957307 (0.01)%
                GbB1bN1_GtT1bC1nTAU1taN1 : 122.2871628 (0.01)%
            GbB1bN3zN2hN1_QqN2taTAU1taN1 : 122.0642229 (0.01)%
            GbB1bN3zN2taTAU1taN1_QqN2hN1 : 122.0642229 (0.01)%
                GtT1tN3wC1nTAU1taN1_QqN1 : 121.9041093 (0.01)%
      B1bN2taTAU1taN1_B1tC2wN2taTAU1taN1 : 121.3458827 (0.01)%
     T1bC2hC1nTAU1taN1_T1tN3wC1nTAU1taN1 : 121.1800900 (0.01)%
                      GbB1bN2hN1_QqN2hN1 : 120.7352969 (0.01)%
                GbB1bN4zN1_QqC1nTAU1taN1 : 120.1904694 (0.01)%
             GbB1tC1nTAU1taN1_GtT1bC1wN1 : 120.1759801 (0.01)%
             GbB1tC1wN1_GtT1bC1nTAU1taN1 : 120.1759801 (0.01)%
               GbB1tC2wN2taTAU1taN1_QqN1 : 120.1232470 (0.01)%
       GbB1tC1nTAU1taN1_QqN4wC1nTAU1taN1 : 119.6068830 (0.01)%
                    C2wN1_N4wC1nTAU1taN1 : 119.5576420 (0.01)%
    GbB1bN3wC1nTAU1taN1_GbB1tC1nTAU1taN1 : 119.1943058 (0.01)%
     GbB2tC2nTAU2hTAU1taN1_QqC1nTAU1taN1 : 118.2588481 (0.01)%
        B1bN4wC1nTAU1taN1_B1tC1nTAU1taN1 : 117.0840332 (0.01)%
                    C2wN1_N3wC1nTAU1taN1 : 117.0696656 (0.01)%
           C2hC1nTAU1taN1_C2zC1nTAU1taN1 : 116.0585227 (0.01)%
               QqC1wN1_QqN4hN2taTAU1taN1 : 115.0909506 (0.01)%
                T1tN2hN1_T1tN2taTAU1taN1 : 114.5811874 (0.01)%
            C2wN2taTAU1taN1_N3taTAU1taN1 : 114.2024046 (0.01)%
         GbB1bN3taTAU2taN1_QqC1nTAU1taN1 : 114.1589898 (0.01)%
                T1tN2taTAU1taN1_T1tN3zN1 : 113.7963119 (0.01)%
       B1bN2taTAU1taN1_B1tC2zC1nTAU1taN1 : 112.2994630 (0.01)%
                GbB2tC1nTAU1taN1_QqN2hN1 : 112.2082925 (0.01)%
         C2wN2taTAU1taN1_N3zN2taTAU1taN1 : 111.8143741 (0.01)%
         C2wN2taTAU1taN1_N4hN2taTAU1taN1 : 111.2770568 (0.01)%
                T1bC1wN1_T1tN3taTAU1taN1 : 111.1802522 (0.01)%
                GbB1tC2zC1nTAU1taN1_QqN1 : 111.1679756 (0.01)%
             T1bC1wN1_T1bC2wN2taTAU1taN1 : 111.0286884 (0.01)%
                GbB2bN4zN1_QqC1nTAU1taN1 : 110.4760916 (0.01)%
                GbB1bN1_GbB1tC1nTAU1taN1 : 109.7549607 (0.01)%
             T1bC1wN1_T1tN3zN2taTAU1taN1 : 108.8554164 (0.01)%
                QqN2hN1_QqN4wC1nTAU1taN1 : 108.7103824 (0.01)%
             GbB1tC1nTAU1taN1_GbB1tC1wN1 : 107.8601357 (0.01)%
GbB2tC2taNUTtaC1nTAU1taN1_QqN2taTAU1taN1 : 107.6046708 (0.01)%
          T1bC2nTAU1taN1_T1tN2taTAU1taN1 : 107.0175554 (0.01)%
       B1bN2taTAU1taN1_B1tC2hC1nTAU1taN1 : 106.9587901 (0.01)%
               GtT1tN3hN1_QqN2taTAU1taN1 : 106.2899173 (0.01)%
    GtT1tN3taTAU2hTAU1taN1_QqC1nTAU1taN1 : 106.0706110 (0.01)%
                GbB1tC2hC1nTAU1taN1_QqN1 : 105.8811134 (0.01)%
             N3taTAU1taN1_N4wC1nTAU1taN1 : 105.7522560 (0.01)%
             C2zC1nTAU1taN1_N3taTAU1taN1 : 105.6885362 (0.01)%
    GbB1bN4taTAU2zTAU1taN1_QqC1nTAU1taN1 : 105.3651344 (0.01)%
  GbB1bN2taTAU1taN1_GbB2tC2wN2taTAU1taN1 : 103.8596588 (0.01)%
           B1tC1nTAU1taN1_B1tC2nTAU1taN1 : 103.6932243 (0.01)%
          N3zN2taTAU1taN1_N4wC1nTAU1taN1 : 103.5409224 (0.01)%
          C2zC1nTAU1taN1_N3zN2taTAU1taN1 : 103.4785350 (0.01)%
          C2zC1nTAU1taN1_N4hN2taTAU1taN1 : 102.9812751 (0.01)%
              T1bC1nTAU1taN1_T1bC2zC1wN1 : 102.7514227 (0.01)%
              T1bC1wN1_T1bC2zC1nTAU1taN1 : 102.7514227 (0.01)%
     GbB1bN2taTAU1taN1_QqC2wN2taTAU1taN1 : 102.6470624 (0.01)%
                      GbB1bN4hN1_QqC1wN1 : 102.5158351 (0.01)%
                       GbB1bN4hN1_GqQqN1 : 102.4751129 (0.01)%
                   GbB1bN4wC1wN1_QqC1wN1 : 102.3075895 (0.01)%
                    GbB1bN4wC1wN1_GqQqN1 : 102.2669501 (0.01)%
     GbB1tC2nTAU2hTAU1taN1_QqC1nTAU1taN1 : 102.0113922 (0.01)%
                      GbB2bN3zN1_QqC1wN1 : 101.9592326 (0.01)%
                       GbB2bN3zN1_GqQqN1 : 101.9187315 (0.01)%
    T2bC2wN2taTAU1taN1_T2tN4wC1nTAU1taN1 : 100.9232911 (0.01)%
          N3wC1nTAU1taN1_N4hN2taTAU1taN1 : 100.8990459 (0.01)%
                GbB2bN3hN1_QqC1nTAU1taN1 : 100.7166698 (0.01)%
             C2hC1nTAU1taN1_N3taTAU1taN1 : 100.6622620 (0.01)%
    GbB1wT1tN3wC1nTAU1taN1_QqC1nTAU1taN1 : 100.3241210 (0.01)%
             GbB2wT1bC1wN1_QqC1nTAU1taN1 : 99.4857953 (0.01)%
             GbB2wT1bC1nTAU1taN1_QqC1wN1 : 99.4857953 (0.01)%
              GbB2wT1bC1nTAU1taN1_GqQqN1 : 99.4462767 (0.01)%
       GbB2tC2nTAU1taN1_GtT1bC1nTAU1taN1 : 98.8846625 (0.01)%
       B1bN2taTAU1taN1_B1bN3wC1nTAU1taN1 : 98.6391995 (0.01)%
          C2hC1nTAU1taN1_N3zN2taTAU1taN1 : 98.5573627 (0.01)%
                         GtT1bC1wN1_QqN1 : 98.4495468 (0.01)%
          C2hC1nTAU1taN1_N4hN2taTAU1taN1 : 98.0837512 (0.01)%
                       T1bC1wN1_T1bC1wN1 : 98.0556107 (0.01)%
         GbB1bN4taTAU2taN1_QqC1nTAU1taN1 : 98.0341959 (0.01)%
              T1bC1wN1_T1bC2hC1nTAU1taN1 : 97.8648301 (0.01)%
              T1bC1nTAU1taN1_T1bC2hC1wN1 : 97.8648301 (0.01)%
             GbB2tC2wN2zN1_QqC1nTAU1taN1 : 97.8285846 (0.01)%
          GtT1bC1nTAU1taN1_QqC2nTAU1taN1 : 97.7301509 (0.01)%
                GbB1bN3wC1nTAU1taN1_QqN1 : 97.6453479 (0.01)%
 GbB2tC2taNUTnN2taTAU1taN1_QqC1nTAU1taN1 : 97.4809080 (0.01)%
    GbB2bN4taTAU2zTAU1taN1_QqC1nTAU1taN1 : 96.8490122 (0.01)%
    GbB1bN4wC1nTAU1taN1_GtT1bC1nTAU1taN1 : 96.3144083 (0.01)%
                T1bC2wN1_T1tN2taTAU1taN1 : 96.2029746 (0.01)%
   GbB1bN2taTAU1taN1_GbB2tC2zC1nTAU1taN1 : 96.1168492 (0.01)%
             T1tN2taTAU1taN1_T1tN3wC1wN1 : 95.8300886 (0.01)%
      GbB1bN2taTAU1taN1_QqC2zC1nTAU1taN1 : 94.9946528 (0.01)%
     GbB2wT1tN2taTAU1taN1_QqN2taTAU1taN1 : 94.4974360 (0.01)%
                      GbB2bN4hN1_QqC1wN1 : 94.2300071 (0.01)%
                       GbB2bN4hN1_GqQqN1 : 94.1925763 (0.01)%
     GbB1bN2taTAU1taN1_GbB1bN2taTAU1taN1 : 94.1806180 (0.01)%
                   GbB2bN4wC1wN1_QqC1wN1 : 94.0385929 (0.01)%
                    GbB2bN4wC1wN1_GqQqN1 : 94.0012382 (0.01)%
     T2bC2zC1nTAU1taN1_T2tN4wC1nTAU1taN1 : 93.3993898 (0.01)%
                 B1tC1nTAU1taN1_B1tC2wN1 : 93.2145813 (0.01)%
GbB1tC2taNUTtaC1nTAU1taN1_QqN2taTAU1taN1 : 92.8209809 (0.01)%
                QqC1nTAU1taN1_QqN4hN2hN1 : 92.2982899 (0.01)%
   GbB1bN2taTAU1taN1_GbB2tC2hC1nTAU1taN1 : 91.5457797 (0.01)%
               GbB1bN2zN1_QqN2taTAU1taN1 : 91.2863376 (0.01)%
               GbB1bN2taTAU1taN1_QqN2zN1 : 91.2863376 (0.01)%
   GbB1bN2taTAU1taN1_GtT1tN3wC1nTAU1taN1 : 90.9186973 (0.01)%
                   B1bN1_B1bN2taTAU1taN1 : 90.8276733 (0.01)%
      GbB1bN2taTAU1taN1_QqC2hC1nTAU1taN1 : 90.4769521 (0.01)%
         GbB2bN4taTAU2taN1_QqC1nTAU1taN1 : 90.1105958 (0.01)%
                            GbB1bN1_QqN1 : 89.9125277 (0.01)%
  GbB1bN2taTAU1taN1_GbB1tC2wN2taTAU1taN1 : 89.5904920 (0.01)%
                B1bN2taTAU1taN1_B1tC1wN1 : 89.2596116 (0.01)%
              T1bC1nTAU1taN1_T1bC2wN2hN1 : 89.0405199 (0.01)%
     T2tN4wC1nTAU1taN1_T2tN4wC1nTAU1taN1 : 89.0064730 (0.01)%
      T1bC1nTAU1taN1_T1bC2taNUTwTAU1taN1 : 88.9714410 (0.01)%
     T2bC2hC1nTAU1taN1_T2tN4wC1nTAU1taN1 : 88.9575557 (0.01)%
             GbB2tC2wN1_GtT1bC1nTAU1taN1 : 88.8919452 (0.01)%
       GbB1tC1nTAU1taN1_GbB2tC2nTAU1taN1 : 88.7507895 (0.01)%
    GbB2bN4wC1nTAU1taN1_GtT1bC1nTAU1taN1 : 88.5298098 (0.01)%
                         GbB1tC1wN1_QqN1 : 88.3602652 (0.01)%
    GbB2tC2nTAU2zTAU1taN1_QqN2taTAU1taN1 : 87.8678878 (0.01)%
                GtT1bC1nTAU1taN1_QqC2wN1 : 87.8541020 (0.01)%
          GbB1tC1nTAU1taN1_QqC2nTAU1taN1 : 87.7145943 (0.01)%
              T1bC1nTAU1taN1_T1tN3zN2hN1 : 87.2976436 (0.01)%
                      GtT1tN2hN1_QqN2hN1 : 86.8870152 (0.01)%
                  QqC1wN1_QqN4taTAU1taN1 : 86.5138135 (0.01)%
    GbB1bN4wC1nTAU1taN1_GbB1tC1nTAU1taN1 : 86.4439395 (0.01)%
                      GtT1tN3zN1_QqN2hN1 : 86.2918435 (0.01)%
            GbB1bN4hN2hN1_QqN2taTAU1taN1 : 86.2665565 (0.01)%
            GbB1bN4hN2taTAU1taN1_QqN2hN1 : 86.2665565 (0.01)%
                   GbB2bN3wC1wN1_QqC1wN1 : 85.8618537 (0.01)%
                    GbB2bN3wC1wN1_GqQqN1 : 85.8277470 (0.01)%
       GbB1tC2nTAU1taN1_GtT1bC1nTAU1taN1 : 85.2990051 (0.01)%
               GbB1bN3hN1_QqN2taTAU1taN1 : 85.1383601 (0.01)%
    GbB1bN3taTAU2hTAU1taN1_QqC1nTAU1taN1 : 84.9626955 (0.01)%
                   T1tN1_T1tN2taTAU1taN1 : 84.7704864 (0.01)%
             GbB1tC2wN2zN1_QqC1nTAU1taN1 : 84.3880206 (0.01)%
 GbB1tC2taNUTnN2taTAU1taN1_QqC1nTAU1taN1 : 84.0881109 (0.01)%
 GtT1bC2taNUTtaC1nTAU1taN1_QqC1nTAU1taN1 : 83.7086241 (0.01)%
            C2wN2taTAU1taN1_N4taTAU1taN1 : 83.6469113 (0.01)%
  GbB2tC2nTAU2nC1nTAU1taN1_QqC1nTAU1taN1 : 83.1445249 (0.01)%
   GbB1bN2taTAU1taN1_GbB1tC2zC1nTAU1taN1 : 82.9114587 (0.01)%
    QqC1nTAU1taN1_QqC2taNUTtaC1nTAU1taN1 : 82.2356874 (0.01)%
         GbB2tC2nTAU2taN1_QqN2taTAU1taN1 : 81.7543467 (0.01)%
                GtT1bC2nTAU1taN1_QqN2hN1 : 81.1515064 (0.01)%
             GbB1wT1bC1wN1_QqC1nTAU1taN1 : 81.0215857 (0.01)%
             GbB1wT1bC1nTAU1taN1_QqC1wN1 : 81.0215857 (0.01)%
              GbB1wT1bC1nTAU1taN1_GqQqN1 : 80.9894017 (0.01)%
    GbB2bN3wC1nTAU1taN1_GtT1bC1nTAU1taN1 : 80.8320642 (0.01)%
             GbB1tC1nTAU1taN1_GbB2tC2wN1 : 79.7821433 (0.01)%
                   QqC2nTAU1taN1_QqN2hN1 : 79.7235647 (0.01)%
    GbB1tC1nTAU1taN1_GbB2bN4wC1nTAU1taN1 : 79.4571202 (0.01)%
            GbB2bN4hN2hN1_QqN2taTAU1taN1 : 79.2940742 (0.01)%
            GbB2bN4hN2taTAU1taN1_QqN2hN1 : 79.2940742 (0.01)%
   GbB1bN2taTAU1taN1_GbB1tC2hC1nTAU1taN1 : 78.9684036 (0.01)%
                GbB1tC1nTAU1taN1_QqC2wN1 : 78.8506601 (0.01)%
------------------------------------------------------------
                                                       SUM=90.01%
