/Users/rafalmaselek/Projects/fastlim-1.0
 
#################################################################
#                                                               #
#                                                               #
#                     This is Fastlim  ver. 1.0                 #
#                                                               #
#          A fast LHC limit calculator for BSM models.          #
#                                                               #
#                  http://cern.ch/fastlim-1.0/                  #
#                                                               #
#  for bugs/feature requests: fastlim-1.0.developers@gmail.com  #
#                                                               #
#    please refer to:                                           #
#    M.Papucci, K.Sakurai, A.Weiler, L.Zeune arXiv:1402.xxxx    #
#                                                               #
#################################################################
 

!! Masses incompatible with the data for ERER !!

!! Problem with reading tables for ER ER !! Probably mass outside the table !! Setting xsec to 10^-20 !!

!! Masses incompatible with the data for ELEL !!

!! Problem with reading tables for EL EL !! Probably mass outside the table !! Setting xsec to 10^-20 !!

!! Masses incompatible with the data for TAU1TAU1 !!

!! Problem with reading tables for TAU1 TAU1 !! Probably mass outside the table !! Setting xsec to 10^-20 !!

!! Masses incompatible with the data for TAU2TAU2 !!

!! Problem with reading tables for TAU2 TAU2 !! Probably mass outside the table !! Setting xsec to 10^-20 !!
Decoupling mG=1543.97349 GeV; mQ=3200.4092425 GeV

!! Masses incompatible with the data for QQ !!

!! Problem with reading tables for Q Q !! Probably mass outside the table !! Setting xsec to 10^-20 !!

!! Masses incompatible with the data for GQ !!

!! Problem with reading tables for G Q !! Probably mass outside the table !! Setting xsec to 10^-20 !!
!! EWK PROCESS C1C2 NOT FOUND !! WILL TRY TO LOOK FOR +/- MODES !!
XSEC FOUND FOR: C1-C2+
XSEC FOUND FOR: C1+C2-
!! EWK PROCESS C1N1 NOT FOUND !! WILL TRY TO LOOK FOR +/- MODES !!
XSEC FOUND FOR: C1+N1
XSEC FOUND FOR: C1-N1
!! EWK PROCESS C1N2 NOT FOUND !! WILL TRY TO LOOK FOR +/- MODES !!
XSEC FOUND FOR: C1+N2
XSEC FOUND FOR: C1-N2
!! EWK PROCESS C1N3 NOT FOUND !! WILL TRY TO LOOK FOR +/- MODES !!
XSEC FOUND FOR: C1+N3
XSEC FOUND FOR: C1-N3
!! EWK PROCESS C1N4 NOT FOUND !! WILL TRY TO LOOK FOR +/- MODES !!
XSEC FOUND FOR: C1+N4
XSEC FOUND FOR: C1-N4
!! EWK PROCESS C2N1 NOT FOUND !! WILL TRY TO LOOK FOR +/- MODES !!
XSEC FOUND FOR: C2+N1
XSEC FOUND FOR: C2-N1
!! EWK PROCESS C2N2 NOT FOUND !! WILL TRY TO LOOK FOR +/- MODES !!
XSEC FOUND FOR: C2+N2
XSEC FOUND FOR: C2-N2
!! EWK PROCESS C2N3 NOT FOUND !! WILL TRY TO LOOK FOR +/- MODES !!
XSEC FOUND FOR: C2+N3
XSEC FOUND FOR: C2-N3
!! EWK PROCESS C2N4 NOT FOUND !! WILL TRY TO LOOK FOR +/- MODES !!
XSEC FOUND FOR: C2+N4
XSEC FOUND FOR: C2-N4
---------------  Output inclusive processes  ---------------
The total xsec = 83316.47 [fb]
The total rate = 100.00%
Output upto 0.10%
                  Modes : xsec/fb      (rate)
            C1wN1_N2hN1 : 27921.9836312 (33.51)%
            C1wN1_C1wN1 : 15416.7422717 (18.50)%
            C1wN1_N2zN1 : 3053.7245918 (3.67)%
            C1wN1_N3zN1 : 2523.7570776 (3.03)%
      C2wN2hN1_N4wC1wN1 : 1792.4707372 (2.15)%
         C2wN1_N4wC1wN1 : 1636.7258762 (1.96)%
         C2wN2hN1_N3zN1 : 1313.6582176 (1.58)%
      C2zC1wN1_N4wC1wN1 : 1229.9594318 (1.48)%
            C2wN1_N3zN1 : 1199.5165960 (1.44)%
         N3zN1_N4wC1wN1 : 1192.3212020 (1.43)%
            N2hN1_N3zN1 : 1101.3131554 (1.32)%
         C2wN1_C2wN2hN1 : 923.3202107 (1.11)%
         C2zC1wN1_N3zN1 : 901.4073599 (1.08)%
         C2wN2hN1_N4hN1 : 721.5371933 (0.87)%
         C1wN1_N4wC1wN1 : 706.6530975 (0.85)%
      C2wN2hN1_C2zC1wN1 : 693.8525371 (0.83)%
            C2wN1_N4hN1 : 658.8440025 (0.79)%
         C2wN1_C2zC1wN1 : 633.5648209 (0.76)%
      C2wN2hN1_C2wN2hN1 : 505.5899961 (0.61)%
         C2zC1wN1_N4hN1 : 495.1051406 (0.59)%
            N3zN1_N4hN1 : 479.9543311 (0.58)%
            C2wN1_C2wN1 : 421.5472112 (0.51)%
         C1wN1_C2wN2hN1 : 412.7186663 (0.50)%
   GbtC1wN1_GbtC2wN2hN1 : 391.1931570 (0.47)%
      GbtC1wN1_GttN3zN1 : 388.1295556 (0.47)%
            C1wN1_C2wN1 : 376.8582140 (0.45)%
         C2wN2hN1_N2hN1 : 371.1286913 (0.45)%
      GbtC1wN1_GbtC2wN1 : 357.2030212 (0.43)%
            C2wN1_N2hN1 : 338.8819242 (0.41)%
               C1wN1_N1 : 328.4440820 (0.39)%
   GbtC2wN2hN1_GttN3zN1 : 293.1414747 (0.35)%
            C1wN1_N4hN1 : 284.4545699 (0.34)%
         C1wN1_C2zC1wN1 : 283.1997230 (0.34)%
   GbtC2wN1_GbtC2wN2hN1 : 269.7836815 (0.32)%
   GbtC1wN1_GbtC2zC1wN1 : 268.4293267 (0.32)%
      GbtC2wN1_GttN3zN1 : 267.6708897 (0.32)%
   GbtC1wN1_GttN4wC1wN1 : 266.7780393 (0.32)%
      GbtC1wN1_GbtC1wN1 : 258.9767046 (0.31)%
         C2zC1wN1_N2hN1 : 254.6614708 (0.31)%
      C2zC1wN1_C2zC1wN1 : 238.0542272 (0.29)%
            C1wN1_N3hN1 : 233.0497054 (0.28)%
GbtC2wN2hN1_GbtC2zC1wN1 : 202.7358328 (0.24)%
GbtC2wN2hN1_GttN4wC1wN1 : 201.4886698 (0.24)%
   GbtC2zC1wN1_GttN3zN1 : 201.1481215 (0.24)%
   GttN3zN1_GttN4wC1wN1 : 199.9107256 (0.24)%
      C2wN2zN1_N4wC1wN1 : 196.0359279 (0.24)%
         GbtC1wN1_GttN1 : 188.4145103 (0.23)%
      GbtC1wN1_GqqC1wN1 : 185.3782009 (0.22)%
   GbtC2wN1_GbtC2zC1wN1 : 185.1204467 (0.22)%
   GbtC2wN1_GttN4wC1wN1 : 183.9816476 (0.22)%
GbtC2wN2hN1_GbtC2wN2hN1 : 147.7276560 (0.18)%
      GttN3zN1_GttN3zN1 : 145.4228790 (0.17)%
               N1_N3zN1 : 145.2134342 (0.17)%
         C2wN2zN1_N3zN1 : 143.6699648 (0.17)%
      GbtC2wN2hN1_GttN1 : 142.3032764 (0.17)%
         GttN1_GttN3zN1 : 141.1888384 (0.17)%
   GbtC2wN2hN1_GqqC1wN1 : 140.0100519 (0.17)%
      GqqC1wN1_GttN3zN1 : 138.9135731 (0.17)%
GbtC2zC1wN1_GttN4wC1wN1 : 138.2577047 (0.17)%
      GbtC1wN1_GttN2hN1 : 133.3899214 (0.16)%
         GbtC2wN1_GttN1 : 129.9387766 (0.16)%
      GbtC2wN1_GqqC1wN1 : 127.8448066 (0.15)%
      GbtC2wN1_GbtC2wN1 : 123.1713085 (0.15)%
         C2wN2hN1_N3hN1 : 121.3063109 (0.15)%
            N2zN1_N3zN1 : 120.4465668 (0.14)%
         C2wN2hN1_N4zN1 : 115.2673859 (0.14)%
      GbbN2hN1_GbtC1wN1 : 113.0203736 (0.14)%
            C2wN1_N3hN1 : 110.7662032 (0.13)%
      C2wN2hN1_C2wN2zN1 : 110.5890344 (0.13)%
         N3hN1_N4wC1wN1 : 110.1017635 (0.13)%
      GbtC1wN1_GttN4hN1 : 107.3882400 (0.13)%
            C2wN1_N4zN1 : 105.2519906 (0.13)%
            N2hN1_N3hN1 : 101.6978650 (0.12)%
         C2wN1_C2wN2zN1 : 100.9801335 (0.12)%
   GbtC2wN2hN1_GttN2hN1 : 100.7450160 (0.12)%
      GttN2hN1_GttN3zN1 : 99.9560385 (0.12)%
      GbtC2zC1wN1_GttN1 : 97.6458100 (0.12)%
      GttN1_GttN4wC1wN1 : 97.0451256 (0.12)%
      GbbN3zN1_GbtC1wN1 : 96.5405401 (0.12)%
   GbtC2zC1wN1_GqqC1wN1 : 96.0722428 (0.12)%
   GqqC1wN1_GttN4wC1wN1 : 95.4812385 (0.11)%
      GbtC2wN1_GttN2hN1 : 91.9914457 (0.11)%
   GbbN2hN1_GbtC2wN2hN1 : 85.3605672 (0.10)%
      GbbN2hN1_GttN3zN1 : 84.6920719 (0.10)%
      GbtC1wN1_GqqN2hN1 : 84.1820739 (0.10)%
         C2zC1wN1_N3hN1 : 83.2380904 (0.10)%
------------------------------------------------------------
                                      SUM=92.75%

SHOWING PROCESSES TO GET 90.00% SUSY COVERAGE
---------------  Output inclusive processes  ---------------
The total xsec = 83316.47 [fb]
The total rate = 100.00%
                  Modes : xsec/fb      (rate)
            C1wN1_N2hN1 : 27921.9836312 (33.51)%
            C1wN1_C1wN1 : 15416.7422717 (18.50)%
            C1wN1_N2zN1 : 3053.7245918 (3.67)%
            C1wN1_N3zN1 : 2523.7570776 (3.03)%
      C2wN2hN1_N4wC1wN1 : 1792.4707372 (2.15)%
         C2wN1_N4wC1wN1 : 1636.7258762 (1.96)%
         C2wN2hN1_N3zN1 : 1313.6582176 (1.58)%
      C2zC1wN1_N4wC1wN1 : 1229.9594318 (1.48)%
            C2wN1_N3zN1 : 1199.5165960 (1.44)%
         N3zN1_N4wC1wN1 : 1192.3212020 (1.43)%
            N2hN1_N3zN1 : 1101.3131554 (1.32)%
         C2wN1_C2wN2hN1 : 923.3202107 (1.11)%
         C2zC1wN1_N3zN1 : 901.4073599 (1.08)%
         C2wN2hN1_N4hN1 : 721.5371933 (0.87)%
         C1wN1_N4wC1wN1 : 706.6530975 (0.85)%
      C2wN2hN1_C2zC1wN1 : 693.8525371 (0.83)%
            C2wN1_N4hN1 : 658.8440025 (0.79)%
         C2wN1_C2zC1wN1 : 633.5648209 (0.76)%
      C2wN2hN1_C2wN2hN1 : 505.5899961 (0.61)%
         C2zC1wN1_N4hN1 : 495.1051406 (0.59)%
            N3zN1_N4hN1 : 479.9543311 (0.58)%
            C2wN1_C2wN1 : 421.5472112 (0.51)%
         C1wN1_C2wN2hN1 : 412.7186663 (0.50)%
   GbtC1wN1_GbtC2wN2hN1 : 391.1931570 (0.47)%
      GbtC1wN1_GttN3zN1 : 388.1295556 (0.47)%
            C1wN1_C2wN1 : 376.8582140 (0.45)%
         C2wN2hN1_N2hN1 : 371.1286913 (0.45)%
      GbtC1wN1_GbtC2wN1 : 357.2030212 (0.43)%
            C2wN1_N2hN1 : 338.8819242 (0.41)%
               C1wN1_N1 : 328.4440820 (0.39)%
   GbtC2wN2hN1_GttN3zN1 : 293.1414747 (0.35)%
            C1wN1_N4hN1 : 284.4545699 (0.34)%
         C1wN1_C2zC1wN1 : 283.1997230 (0.34)%
   GbtC2wN1_GbtC2wN2hN1 : 269.7836815 (0.32)%
   GbtC1wN1_GbtC2zC1wN1 : 268.4293267 (0.32)%
      GbtC2wN1_GttN3zN1 : 267.6708897 (0.32)%
   GbtC1wN1_GttN4wC1wN1 : 266.7780393 (0.32)%
      GbtC1wN1_GbtC1wN1 : 258.9767046 (0.31)%
         C2zC1wN1_N2hN1 : 254.6614708 (0.31)%
      C2zC1wN1_C2zC1wN1 : 238.0542272 (0.29)%
            C1wN1_N3hN1 : 233.0497054 (0.28)%
GbtC2wN2hN1_GbtC2zC1wN1 : 202.7358328 (0.24)%
GbtC2wN2hN1_GttN4wC1wN1 : 201.4886698 (0.24)%
   GbtC2zC1wN1_GttN3zN1 : 201.1481215 (0.24)%
   GttN3zN1_GttN4wC1wN1 : 199.9107256 (0.24)%
      C2wN2zN1_N4wC1wN1 : 196.0359279 (0.24)%
         GbtC1wN1_GttN1 : 188.4145103 (0.23)%
      GbtC1wN1_GqqC1wN1 : 185.3782009 (0.22)%
   GbtC2wN1_GbtC2zC1wN1 : 185.1204467 (0.22)%
   GbtC2wN1_GttN4wC1wN1 : 183.9816476 (0.22)%
GbtC2wN2hN1_GbtC2wN2hN1 : 147.7276560 (0.18)%
      GttN3zN1_GttN3zN1 : 145.4228790 (0.17)%
               N1_N3zN1 : 145.2134342 (0.17)%
         C2wN2zN1_N3zN1 : 143.6699648 (0.17)%
      GbtC2wN2hN1_GttN1 : 142.3032764 (0.17)%
         GttN1_GttN3zN1 : 141.1888384 (0.17)%
   GbtC2wN2hN1_GqqC1wN1 : 140.0100519 (0.17)%
      GqqC1wN1_GttN3zN1 : 138.9135731 (0.17)%
GbtC2zC1wN1_GttN4wC1wN1 : 138.2577047 (0.17)%
      GbtC1wN1_GttN2hN1 : 133.3899214 (0.16)%
         GbtC2wN1_GttN1 : 129.9387766 (0.16)%
      GbtC2wN1_GqqC1wN1 : 127.8448066 (0.15)%
      GbtC2wN1_GbtC2wN1 : 123.1713085 (0.15)%
         C2wN2hN1_N3hN1 : 121.3063109 (0.15)%
------------------------------------------------------------
                                      SUM=90.10%
