/Users/rafalmaselek/Projects/fastlim-1.0
 
#################################################################
#                                                               #
#                                                               #
#                     This is Fastlim  ver. 1.0                 #
#                                                               #
#          A fast LHC limit calculator for BSM models.          #
#                                                               #
#                  http://cern.ch/fastlim-1.0/                  #
#                                                               #
#  for bugs/feature requests: fastlim-1.0.developers@gmail.com  #
#                                                               #
#    please refer to:                                           #
#    M.Papucci, K.Sakurai, A.Weiler, L.Zeune arXiv:1402.xxxx    #
#                                                               #
#################################################################
 
!!!-  ERROR  !!!
[Br(T2->all) =  1.155050991069037 ]:  !!! The total Br is deviated from 1 !!!


!! Masses incompatible with the data for ERER !!

!! Problem with reading tables for ER ER !! Probably mass outside the table !! Setting xsec to 10^-20 !!

!! Masses incompatible with the data for ELEL !!

!! Problem with reading tables for EL EL !! Probably mass outside the table !! Setting xsec to 10^-20 !!

!! Masses incompatible with the data for TAU1TAU1 !!

!! Problem with reading tables for TAU1 TAU1 !! Probably mass outside the table !! Setting xsec to 10^-20 !!

!! Masses incompatible with the data for TAU2TAU2 !!

!! Problem with reading tables for TAU2 TAU2 !! Probably mass outside the table !! Setting xsec to 10^-20 !!
!! EWK PROCESS C1C2 NOT FOUND !! WILL TRY TO LOOK FOR +/- MODES !!
XSEC FOUND FOR: C1-C2+
XSEC FOUND FOR: C1+C2-
!! EWK PROCESS C1N1 NOT FOUND !! WILL TRY TO LOOK FOR +/- MODES !!
XSEC FOUND FOR: C1+N1
XSEC FOUND FOR: C1-N1
!! EWK PROCESS C1N2 NOT FOUND !! WILL TRY TO LOOK FOR +/- MODES !!
XSEC FOUND FOR: C1+N2
XSEC FOUND FOR: C1-N2
!! EWK PROCESS C1N3 NOT FOUND !! WILL TRY TO LOOK FOR +/- MODES !!
XSEC FOUND FOR: C1+N3
XSEC FOUND FOR: C1-N3
!! EWK PROCESS C1N4 NOT FOUND !! WILL TRY TO LOOK FOR +/- MODES !!
XSEC FOUND FOR: C1+N4
XSEC FOUND FOR: C1-N4
!! EWK PROCESS C2N1 NOT FOUND !! WILL TRY TO LOOK FOR +/- MODES !!
XSEC FOUND FOR: C2+N1
XSEC FOUND FOR: C2-N1
!! EWK PROCESS C2N2 NOT FOUND !! WILL TRY TO LOOK FOR +/- MODES !!
XSEC FOUND FOR: C2+N2
XSEC FOUND FOR: C2-N2
!! EWK PROCESS C2N3 NOT FOUND !! WILL TRY TO LOOK FOR +/- MODES !!
XSEC FOUND FOR: C2+N3
XSEC FOUND FOR: C2-N3
!! EWK PROCESS C2N4 NOT FOUND !! WILL TRY TO LOOK FOR +/- MODES !!
XSEC FOUND FOR: C2+N4
XSEC FOUND FOR: C2-N4
---------------  Output inclusive processes  ---------------
The total xsec = 338900.75 [fb]
The total rate = 100.00%
Output upto 0.10%
                Modes : xsec/fb      (rate)
      QqC1wN1_QqC1wN1 : 33997.0225523 (10.03)%
      QqC1wN1_QqN2hN1 : 29234.5938025 (8.63)%
          C1wN1_N2hN1 : 28071.9713008 (8.28)%
          C1wN1_C1wN1 : 16292.4787024 (4.81)%
   GbB1tC1wN1_QqC1wN1 : 9004.7915835 (2.66)%
   GtT1bC1wN1_QqC1wN1 : 7604.6466184 (2.24)%
      QqN2hN1_QqN2hN1 : 6284.8259247 (1.85)%
      QqC1wN1_QqN2zN1 : 5184.9450484 (1.53)%
          C1wN1_N2zN1 : 4978.7463981 (1.47)%
   GbB1bN2hN1_QqC1wN1 : 4606.7265162 (1.36)%
GbB1bN3wC1wN1_QqC1wN1 : 3998.3629710 (1.18)%
   GbB1tC1wN1_QqN2hN1 : 3871.6835248 (1.14)%
GtT1tN3wC1wN1_QqC1wN1 : 3653.9823523 (1.08)%
GbB2tC2zC1wN1_QqC1wN1 : 3337.0101575 (0.98)%
GbB2tC2hC1wN1_QqC1wN1 : 3326.2372003 (0.98)%
   GtT1bC1wN1_QqN2hN1 : 3269.6797868 (0.96)%
GbB1bN4wC1wN1_QqC1wN1 : 3234.8620665 (0.95)%
GbB1tC2zC1wN1_QqC1wN1 : 3194.7652258 (0.94)%
GbB1tC2hC1wN1_QqC1wN1 : 3184.4514817 (0.94)%
GbB2tC2wN2hN1_QqC1wN1 : 2983.6861556 (0.88)%
GbB1tC2wN2hN1_QqC1wN1 : 2856.5021755 (0.84)%
   GtT1tN2hN1_QqC1wN1 : 2618.9993312 (0.77)%
      QqN2hN1_QqN2zN1 : 2229.3093777 (0.66)%
GbB2bN4wC1wN1_QqC1wN1 : 2136.3624704 (0.63)%
GbB2bN3wC1wN1_QqC1wN1 : 2091.1421417 (0.62)%
   GbB1bN2hN1_QqN2hN1 : 1980.6996076 (0.58)%
GbB1bN3wC1wN1_QqN2hN1 : 1719.1287436 (0.51)%
GtT1bC2zC1wN1_QqC1wN1 : 1700.7722779 (0.50)%
GtT1bC2hC1wN1_QqC1wN1 : 1695.2816303 (0.50)%
         QqC1wN1_QqN1 : 1650.0075406 (0.49)%
   GbB2tC2wN1_QqC1wN1 : 1577.9790129 (0.47)%
GtT1tN3wC1wN1_QqN2hN1 : 1571.0594901 (0.46)%
GtT1bC2wN2hN1_QqC1wN1 : 1520.6938127 (0.45)%
   GbB1tC2wN1_QqC1wN1 : 1510.7153528 (0.45)%
GbB1bN3zN2hN1_QqC1wN1 : 1507.9874312 (0.44)%
      GbB1bN1_QqC1wN1 : 1454.9603776 (0.43)%
GbB2tC2zC1wN1_QqN2hN1 : 1434.7747118 (0.42)%
GbB2tC2hC1wN1_QqN2hN1 : 1430.1427911 (0.42)%
GbB1bN4wC1wN1_QqN2hN1 : 1390.8553077 (0.41)%
GtT1tN3zN2hN1_QqC1wN1 : 1378.1038643 (0.41)%
GbB1tC2zC1wN1_QqN2hN1 : 1373.6153442 (0.41)%
GbB1tC2hC1wN1_QqN2hN1 : 1369.1808659 (0.40)%
       GqQqN1_QqC1wN1 : 1297.3662350 (0.38)%
GbB2tC2wN2hN1_QqN2hN1 : 1282.8601778 (0.38)%
GbB1bN4hN2hN1_QqC1wN1 : 1250.4916251 (0.37)%
GbB1tC2wN2hN1_QqN2hN1 : 1228.1763891 (0.36)%
   GtT1tN2hN1_QqN2hN1 : 1126.0601057 (0.33)%
   QqC1wN1_QqC2zC1wN1 : 989.0414450 (0.29)%
   QqC1wN1_QqC2hC1wN1 : 985.8484966 (0.29)%
GbB2bN4wC1wN1_QqN2hN1 : 918.5464542 (0.27)%
GbB2bN3wC1wN1_QqN2hN1 : 899.1036053 (0.27)%
   QqC1wN1_QqC2wN2hN1 : 884.3213318 (0.26)%
   GbB1bN3zN1_QqC1wN1 : 874.5570419 (0.26)%
GbB2bN4hN2hN1_QqC1wN1 : 825.8476938 (0.24)%
   GbB1bN2zN1_QqC1wN1 : 817.0328618 (0.24)%
   GtT1bC2wN1_QqC1wN1 : 804.2477648 (0.24)%
   GtT1tN3zN1_QqC1wN1 : 799.2310904 (0.24)%
GbB2bN3zN2hN1_QqC1wN1 : 788.6767883 (0.23)%
   QqC1wN1_QqN4wC1wN1 : 751.0051336 (0.22)%
GtT1bC2zC1wN1_QqN2hN1 : 731.2609011 (0.22)%
GtT1bC2hC1wN1_QqN2hN1 : 728.9001524 (0.22)%
         QqN1_QqN2hN1 : 709.4341886 (0.21)%
   GbB1tC1wN1_QqN2zN1 : 686.6682143 (0.20)%
   GbB2tC2wN1_QqN2hN1 : 678.4649362 (0.20)%
    T1bC1wN1_T1bC1wN1 : 669.6328164 (0.20)%
GtT1bC2wN2hN1_QqN2hN1 : 653.8346975 (0.19)%
   GbB1tC2wN1_QqN2hN1 : 649.5443773 (0.19)%
GbB1bN3zN2hN1_QqN2hN1 : 648.3714852 (0.19)%
 T1bC1wN1_T1tN3wC1wN1 : 643.5082698 (0.19)%
      GbB1bN1_QqN2hN1 : 625.5720714 (0.18)%
   GbB1bN4hN1_QqC1wN1 : 612.2825407 (0.18)%
GtT1tN3zN2hN1_QqN2hN1 : 592.5269871 (0.17)%
   GtT1bC1wN1_QqN2zN1 : 579.8989422 (0.17)%
       GqQqN1_QqN2hN1 : 557.8131855 (0.16)%
GtT1tN4wC1wN1_QqC1wN1 : 543.0093549 (0.16)%
GbB1bN4hN2hN1_QqN2hN1 : 537.6590650 (0.16)%
GbB2tC2wN2zN1_QqC1wN1 : 529.1761145 (0.16)%
GbB1tC2wN2zN1_QqC1wN1 : 506.6192098 (0.15)%
GbB1tC1wN1_GtT1bC1wN1 : 503.6909924 (0.15)%
      QqC1wN1_QqC2wN1 : 467.6901086 (0.14)%
   GtT1tN2zN1_QqC1wN1 : 464.4965381 (0.14)%
    T1bC1wN1_T1tN2hN1 : 461.2358697 (0.14)%
   GbB2bN3zN1_QqC1wN1 : 457.3929628 (0.13)%
   QqC2zC1wN1_QqN2hN1 : 425.2464294 (0.13)%
   QqC2hC1wN1_QqN2hN1 : 423.8735952 (0.13)%
 QqC1wN1_QqGbB1tC1wN1 : 415.2640452 (0.12)%
   GbB2bN4hN1_QqC1wN1 : 404.3626634 (0.12)%
   QqC2wN2hN1_QqN2hN1 : 380.2211633 (0.11)%
   GbB1bN3zN1_QqN2hN1 : 376.0229273 (0.11)%
    C2zC1wN1_N4wC1wN1 : 369.9716964 (0.11)%
    C2hC1wN1_N4wC1wN1 : 368.7773071 (0.11)%
                N1_N1 : 364.7425757 (0.11)%
    C2zC1wN1_N3wC1wN1 : 364.5995265 (0.11)%
    C2hC1wN1_N3wC1wN1 : 363.4224803 (0.11)%
GbB2bN4hN2hN1_QqN2hN1 : 355.0799461 (0.10)%
    N3wC1wN1_N4wC1wN1 : 351.4867049 (0.10)%
   GbB1bN2zN1_QqN2hN1 : 351.2899373 (0.10)%
   GbB1bN2hN1_QqN2zN1 : 351.2899373 (0.10)%
 QqC1wN1_QqGtT1bC1wN1 : 350.6951036 (0.10)%
   GtT1bC2wN1_QqN2hN1 : 345.7928806 (0.10)%
   GtT1tN3zN1_QqN2hN1 : 343.6359206 (0.10)%
GbB2bN3zN2hN1_QqN2hN1 : 339.0980124 (0.10)%
    C2wN2hN1_N4wC1wN1 : 330.7989417 (0.10)%
------------------------------------------------------------
                                    SUM=75.44%

SHOWING PROCESSES TO GET 90.00% SUSY COVERAGE
---------------  Output inclusive processes  ---------------
The total xsec = 338900.75 [fb]
The total rate = 100.00%
                      Modes : xsec/fb      (rate)
            QqC1wN1_QqC1wN1 : 33997.0225523 (10.03)%
            QqC1wN1_QqN2hN1 : 29234.5938025 (8.63)%
                C1wN1_N2hN1 : 28071.9713008 (8.28)%
                C1wN1_C1wN1 : 16292.4787024 (4.81)%
         GbB1tC1wN1_QqC1wN1 : 9004.7915835 (2.66)%
         GtT1bC1wN1_QqC1wN1 : 7604.6466184 (2.24)%
            QqN2hN1_QqN2hN1 : 6284.8259247 (1.85)%
            QqC1wN1_QqN2zN1 : 5184.9450484 (1.53)%
                C1wN1_N2zN1 : 4978.7463981 (1.47)%
         GbB1bN2hN1_QqC1wN1 : 4606.7265162 (1.36)%
      GbB1bN3wC1wN1_QqC1wN1 : 3998.3629710 (1.18)%
         GbB1tC1wN1_QqN2hN1 : 3871.6835248 (1.14)%
      GtT1tN3wC1wN1_QqC1wN1 : 3653.9823523 (1.08)%
      GbB2tC2zC1wN1_QqC1wN1 : 3337.0101575 (0.98)%
      GbB2tC2hC1wN1_QqC1wN1 : 3326.2372003 (0.98)%
         GtT1bC1wN1_QqN2hN1 : 3269.6797868 (0.96)%
      GbB1bN4wC1wN1_QqC1wN1 : 3234.8620665 (0.95)%
      GbB1tC2zC1wN1_QqC1wN1 : 3194.7652258 (0.94)%
      GbB1tC2hC1wN1_QqC1wN1 : 3184.4514817 (0.94)%
      GbB2tC2wN2hN1_QqC1wN1 : 2983.6861556 (0.88)%
      GbB1tC2wN2hN1_QqC1wN1 : 2856.5021755 (0.84)%
         GtT1tN2hN1_QqC1wN1 : 2618.9993312 (0.77)%
            QqN2hN1_QqN2zN1 : 2229.3093777 (0.66)%
      GbB2bN4wC1wN1_QqC1wN1 : 2136.3624704 (0.63)%
      GbB2bN3wC1wN1_QqC1wN1 : 2091.1421417 (0.62)%
         GbB1bN2hN1_QqN2hN1 : 1980.6996076 (0.58)%
      GbB1bN3wC1wN1_QqN2hN1 : 1719.1287436 (0.51)%
      GtT1bC2zC1wN1_QqC1wN1 : 1700.7722779 (0.50)%
      GtT1bC2hC1wN1_QqC1wN1 : 1695.2816303 (0.50)%
               QqC1wN1_QqN1 : 1650.0075406 (0.49)%
         GbB2tC2wN1_QqC1wN1 : 1577.9790129 (0.47)%
      GtT1tN3wC1wN1_QqN2hN1 : 1571.0594901 (0.46)%
      GtT1bC2wN2hN1_QqC1wN1 : 1520.6938127 (0.45)%
         GbB1tC2wN1_QqC1wN1 : 1510.7153528 (0.45)%
      GbB1bN3zN2hN1_QqC1wN1 : 1507.9874312 (0.44)%
            GbB1bN1_QqC1wN1 : 1454.9603776 (0.43)%
      GbB2tC2zC1wN1_QqN2hN1 : 1434.7747118 (0.42)%
      GbB2tC2hC1wN1_QqN2hN1 : 1430.1427911 (0.42)%
      GbB1bN4wC1wN1_QqN2hN1 : 1390.8553077 (0.41)%
      GtT1tN3zN2hN1_QqC1wN1 : 1378.1038643 (0.41)%
      GbB1tC2zC1wN1_QqN2hN1 : 1373.6153442 (0.41)%
      GbB1tC2hC1wN1_QqN2hN1 : 1369.1808659 (0.40)%
             GqQqN1_QqC1wN1 : 1297.3662350 (0.38)%
      GbB2tC2wN2hN1_QqN2hN1 : 1282.8601778 (0.38)%
      GbB1bN4hN2hN1_QqC1wN1 : 1250.4916251 (0.37)%
      GbB1tC2wN2hN1_QqN2hN1 : 1228.1763891 (0.36)%
         GtT1tN2hN1_QqN2hN1 : 1126.0601057 (0.33)%
         QqC1wN1_QqC2zC1wN1 : 989.0414450 (0.29)%
         QqC1wN1_QqC2hC1wN1 : 985.8484966 (0.29)%
      GbB2bN4wC1wN1_QqN2hN1 : 918.5464542 (0.27)%
      GbB2bN3wC1wN1_QqN2hN1 : 899.1036053 (0.27)%
         QqC1wN1_QqC2wN2hN1 : 884.3213318 (0.26)%
         GbB1bN3zN1_QqC1wN1 : 874.5570419 (0.26)%
      GbB2bN4hN2hN1_QqC1wN1 : 825.8476938 (0.24)%
         GbB1bN2zN1_QqC1wN1 : 817.0328618 (0.24)%
         GtT1bC2wN1_QqC1wN1 : 804.2477648 (0.24)%
         GtT1tN3zN1_QqC1wN1 : 799.2310904 (0.24)%
      GbB2bN3zN2hN1_QqC1wN1 : 788.6767883 (0.23)%
         QqC1wN1_QqN4wC1wN1 : 751.0051336 (0.22)%
      GtT1bC2zC1wN1_QqN2hN1 : 731.2609011 (0.22)%
      GtT1bC2hC1wN1_QqN2hN1 : 728.9001524 (0.22)%
               QqN1_QqN2hN1 : 709.4341886 (0.21)%
         GbB1tC1wN1_QqN2zN1 : 686.6682143 (0.20)%
         GbB2tC2wN1_QqN2hN1 : 678.4649362 (0.20)%
          T1bC1wN1_T1bC1wN1 : 669.6328164 (0.20)%
      GtT1bC2wN2hN1_QqN2hN1 : 653.8346975 (0.19)%
         GbB1tC2wN1_QqN2hN1 : 649.5443773 (0.19)%
      GbB1bN3zN2hN1_QqN2hN1 : 648.3714852 (0.19)%
       T1bC1wN1_T1tN3wC1wN1 : 643.5082698 (0.19)%
            GbB1bN1_QqN2hN1 : 625.5720714 (0.18)%
         GbB1bN4hN1_QqC1wN1 : 612.2825407 (0.18)%
      GtT1tN3zN2hN1_QqN2hN1 : 592.5269871 (0.17)%
         GtT1bC1wN1_QqN2zN1 : 579.8989422 (0.17)%
             GqQqN1_QqN2hN1 : 557.8131855 (0.16)%
      GtT1tN4wC1wN1_QqC1wN1 : 543.0093549 (0.16)%
      GbB1bN4hN2hN1_QqN2hN1 : 537.6590650 (0.16)%
      GbB2tC2wN2zN1_QqC1wN1 : 529.1761145 (0.16)%
      GbB1tC2wN2zN1_QqC1wN1 : 506.6192098 (0.15)%
      GbB1tC1wN1_GtT1bC1wN1 : 503.6909924 (0.15)%
            QqC1wN1_QqC2wN1 : 467.6901086 (0.14)%
         GtT1tN2zN1_QqC1wN1 : 464.4965381 (0.14)%
          T1bC1wN1_T1tN2hN1 : 461.2358697 (0.14)%
         GbB2bN3zN1_QqC1wN1 : 457.3929628 (0.13)%
         QqC2zC1wN1_QqN2hN1 : 425.2464294 (0.13)%
         QqC2hC1wN1_QqN2hN1 : 423.8735952 (0.13)%
       QqC1wN1_QqGbB1tC1wN1 : 415.2640452 (0.12)%
         GbB2bN4hN1_QqC1wN1 : 404.3626634 (0.12)%
         QqC2wN2hN1_QqN2hN1 : 380.2211633 (0.11)%
         GbB1bN3zN1_QqN2hN1 : 376.0229273 (0.11)%
          C2zC1wN1_N4wC1wN1 : 369.9716964 (0.11)%
          C2hC1wN1_N4wC1wN1 : 368.7773071 (0.11)%
                      N1_N1 : 364.7425757 (0.11)%
          C2zC1wN1_N3wC1wN1 : 364.5995265 (0.11)%
          C2hC1wN1_N3wC1wN1 : 363.4224803 (0.11)%
      GbB2bN4hN2hN1_QqN2hN1 : 355.0799461 (0.10)%
          N3wC1wN1_N4wC1wN1 : 351.4867049 (0.10)%
         GbB1bN2zN1_QqN2hN1 : 351.2899373 (0.10)%
         GbB1bN2hN1_QqN2zN1 : 351.2899373 (0.10)%
       QqC1wN1_QqGtT1bC1wN1 : 350.6951036 (0.10)%
         GtT1bC2wN1_QqN2hN1 : 345.7928806 (0.10)%
         GtT1tN3zN1_QqN2hN1 : 343.6359206 (0.10)%
      GbB2bN3zN2hN1_QqN2hN1 : 339.0980124 (0.10)%
          C2wN2hN1_N4wC1wN1 : 330.7989417 (0.10)%
          C2wN2hN1_N3wC1wN1 : 325.9955793 (0.10)%
         QqN2hN1_QqN4wC1wN1 : 322.9007774 (0.10)%
         GbB2tC1wN1_QqC1wN1 : 322.3226980 (0.10)%
      GbB1bN2hN1_GbB1tC1wN1 : 305.1248489 (0.09)%
      GbB1bN3wC1wN1_QqN2zN1 : 304.8986460 (0.09)%
                N2hN1_N2hN1 : 304.3231625 (0.09)%
       T1bC1wN1_T1bC2zC1wN1 : 299.5255369 (0.09)%
       T1bC1wN1_T1bC2hC1wN1 : 298.5585708 (0.09)%
      GbB1tC1wN1_GbB1tC1wN1 : 298.2145415 (0.09)%
         QqC1wN1_QqN4hN2hN1 : 290.3139641 (0.09)%
      GtT1tN3wC1wN1_QqN2zN1 : 278.6376024 (0.08)%
      GtT1bC2wN2zN1_QqC1wN1 : 269.7049224 (0.08)%
       T1bC1wN1_T1bC2wN2hN1 : 267.8116504 (0.08)%
      GbB1bN3zN2zN1_QqC1wN1 : 267.4513632 (0.08)%
   GbB1bN3wC1wN1_GbB1tC1wN1 : 264.8301116 (0.08)%
         GbB1bN4hN1_QqN2hN1 : 263.2558681 (0.08)%
      GbB1bN2hN1_GtT1bC1wN1 : 257.6813277 (0.08)%
      GbB2tC2zC1wN1_QqN2zN1 : 254.4666120 (0.08)%
            GtT1tN1_QqC1wN1 : 254.0575325 (0.07)%
      GbB2tC2hC1wN1_QqN2zN1 : 253.6451108 (0.07)%
         GbB2bN2hN1_QqC1wN1 : 251.3676109 (0.07)%
   GbB2tC2nTAU1taN1_QqC1wN1 : 247.7030268 (0.07)%
      GbB1bN4wC1wN1_QqN2zN1 : 246.6772205 (0.07)%
      GtT1tN3zN2zN1_QqC1wN1 : 244.4156692 (0.07)%
      GbB1tC2zC1wN1_QqN2zN1 : 243.6196010 (0.07)%
      GbB1tC2hC1wN1_QqN2zN1 : 242.8331175 (0.07)%
       T1bC1wN1_T1tN3zN2hN1 : 242.6999224 (0.07)%
   GbB1tC1wN1_GtT1tN3wC1wN1 : 242.0201871 (0.07)%
   GbB1tC2nTAU1taN1_QqC1wN1 : 237.1443235 (0.07)%
      GtT1tN4wC1wN1_QqN2hN1 : 233.4712973 (0.07)%
      GbB2tC2wN2zN1_QqN2hN1 : 227.5235829 (0.07)%
      GbB2tC2wN2hN1_QqN2zN1 : 227.5235829 (0.07)%
   GbB1bN3wC1wN1_GtT1bC1wN1 : 223.6519740 (0.07)%
      GbB1bN4hN2zN1_QqC1wN1 : 221.7828099 (0.07)%
       T1tN2hN1_T1tN3wC1wN1 : 221.6207817 (0.07)%
   GbB1tC1wN1_GbB2tC2zC1wN1 : 221.0256495 (0.07)%
   GbB1tC1wN1_GbB2tC2hC1wN1 : 220.3121066 (0.07)%
            GbB1tC1wN1_QqN1 : 218.5187540 (0.06)%
      GbB1tC2wN2zN1_QqN2hN1 : 217.8250579 (0.06)%
      GbB1tC2wN2hN1_QqN2zN1 : 217.8250579 (0.06)%
         GbB1bN3hN1_QqC1wN1 : 216.0044057 (0.06)%
   GbB1bN4wC1wN1_GbB1tC1wN1 : 214.2599080 (0.06)%
      GtT1bC1wN1_GtT1bC1wN1 : 212.6863219 (0.06)%
       QqC1wN1_QqGbB1bN2hN1 : 212.4433276 (0.06)%
   GbB1tC1wN1_GbB1tC2zC1wN1 : 211.6041083 (0.06)%
   GbB1tC1wN1_GbB1tC2hC1wN1 : 210.9209813 (0.06)%
      GtT1tN4hN2hN1_QqC1wN1 : 209.9096149 (0.06)%
   GtT1bC1wN1_GtT1tN3wC1wN1 : 204.3887390 (0.06)%
            QqC2wN1_QqN2hN1 : 201.0871736 (0.06)%
          C2hC1wN1_C2zC1wN1 : 200.5500680 (0.06)%
         GtT1tN2zN1_QqN2hN1 : 199.7140719 (0.06)%
         GtT1tN2hN1_QqN2zN1 : 199.7140719 (0.06)%
            QqN2zN1_QqN2zN1 : 197.6912472 (0.06)%
   GbB1tC1wN1_GbB2tC2wN2hN1 : 197.6233632 (0.06)%
         GtT1tN3hN1_QqC1wN1 : 197.3998590 (0.06)%
         GbB2bN3zN1_QqN2hN1 : 196.6598318 (0.06)%
   GbB1tC1wN1_GbB1tC2wN2hN1 : 189.1993787 (0.06)%
   GbB2tC2zC1wN1_GtT1bC1wN1 : 186.6586186 (0.06)%
   GbB2tC2hC1wN1_GtT1bC1wN1 : 186.0560237 (0.05)%
            GtT1bC1wN1_QqN1 : 184.5415175 (0.05)%
    QqC1wN1_QqGbB1bN3wC1wN1 : 184.3880967 (0.05)%
  GbB1bN3taTAU1taN1_QqC1wN1 : 184.1925100 (0.05)%
   GbB1bN4wC1wN1_GtT1bC1wN1 : 180.9448747 (0.05)%
          C2wN2hN1_C2zC1wN1 : 179.8965093 (0.05)%
          C2hC1wN1_C2wN2hN1 : 179.3157447 (0.05)%
   GbB1tC2zC1wN1_GtT1bC1wN1 : 178.7020224 (0.05)%
       QqGbB1tC1wN1_QqN2hN1 : 178.5461604 (0.05)%
   GbB1tC2hC1wN1_GtT1bC1wN1 : 178.1251140 (0.05)%
             C2wN1_N4wC1wN1 : 174.9492943 (0.05)%
         GbB2bN4hN1_QqN2hN1 : 173.8590225 (0.05)%
      GbB1tC1wN1_GtT1tN2hN1 : 173.4684645 (0.05)%
         GbB1bN4zN1_QqC1wN1 : 173.0204761 (0.05)%
             C2wN1_N3wC1wN1 : 172.4089450 (0.05)%
    QqC1wN1_QqGtT1tN3wC1wN1 : 168.5066754 (0.05)%
  GtT1tN3taTAU1taN1_QqC1wN1 : 168.3279347 (0.05)%
   GbB2tC2wN2hN1_GtT1bC1wN1 : 166.8951276 (0.05)%
      GbB2bN4wC1wN1_QqN2zN1 : 162.9101783 (0.05)%
          B1bN2hN1_B1tC1wN1 : 161.4603961 (0.05)%
             C1wN1_N3wC1wN1 : 159.9905629 (0.05)%
   GbB1tC2wN2hN1_GtT1bC1wN1 : 159.7809791 (0.05)%
      GbB2bN3wC1wN1_QqN2zN1 : 159.4618628 (0.05)%
          B1tC1wN1_B1tC1wN1 : 157.8037258 (0.05)%
         QqC1wN1_QqC2wN2zN1 : 156.8401306 (0.05)%
    T1tN3wC1wN1_T1tN3wC1wN1 : 154.6007316 (0.05)%
    QqC1wN1_QqGbB2tC2zC1wN1 : 153.8892182 (0.05)%
    QqC1wN1_QqGbB2tC2hC1wN1 : 153.3924136 (0.05)%
       QqGtT1bC1wN1_QqN2hN1 : 150.7842177 (0.04)%
    QqC1wN1_QqGbB1bN4wC1wN1 : 149.1785673 (0.04)%
    QqC1wN1_QqGbB1tC2zC1wN1 : 147.3294655 (0.04)%
    QqC1wN1_QqGbB1tC2hC1wN1 : 146.8538380 (0.04)%
      GtT1bC1wN1_GtT1tN2hN1 : 146.4960471 (0.04)%
      GbB2bN4hN2zN1_QqC1wN1 : 146.4694512 (0.04)%
                   C1wN1_N1 : 146.1227479 (0.04)%
      GbB2wT1bC1wN1_QqC1wN1 : 145.6178556 (0.04)%
    T1bC2zC1wN1_T1tN3wC1wN1 : 143.9200374 (0.04)%
    T1bC2hC1wN1_T1tN3wC1wN1 : 143.4554166 (0.04)%
          C2zC1wN1_N4hN2hN1 : 143.0189289 (0.04)%
          C2hC1wN1_N4hN2hN1 : 142.5572171 (0.04)%
            QqC1wN1_QqN4hN1 : 142.1474306 (0.04)%
          T1bC1wN1_T1bC2wN1 : 141.6372707 (0.04)%
   GbB1tC1wN1_GbB2bN4wC1wN1 : 141.5011883 (0.04)%
          T1bC1wN1_T1tN3zN1 : 140.7537767 (0.04)%
       B1bN3wC1wN1_B1tC1wN1 : 140.1379628 (0.04)%
      GbB2bN3zN2zN1_QqC1wN1 : 139.8769498 (0.04)%
         GbB2tC1wN1_QqN2hN1 : 138.5852707 (0.04)%
   GbB1tC1wN1_GbB2bN3wC1wN1 : 138.5060363 (0.04)%
    QqC1wN1_QqGbB2tC2wN2hN1 : 137.5953648 (0.04)%
          C2zC1wN1_N3zN2hN1 : 137.5091524 (0.04)%
          C2hC1wN1_N3zN2hN1 : 137.0652281 (0.04)%
          N3wC1wN1_N4hN2hN1 : 135.8732372 (0.04)%
   GbB1bN2hN1_GbB1bN3wC1wN1 : 135.4834130 (0.04)%
          N3zN2hN1_N4wC1wN1 : 132.5636359 (0.04)%
    QqC1wN1_QqGbB1tC2wN2hN1 : 131.7301614 (0.04)%
      GbB1tC1wN1_QqC2zC1wN1 : 130.9837070 (0.04)%
      GbB1tC1wN1_QqC2hC1wN1 : 130.5608488 (0.04)%
      GtT1bC2zC1wN1_QqN2zN1 : 129.6938693 (0.04)%
      GtT1bC2hC1wN1_QqN2zN1 : 129.2751752 (0.04)%
    T1bC2wN2hN1_T1tN3wC1wN1 : 128.6817249 (0.04)%
          C2wN2hN1_N4hN2hN1 : 127.8760261 (0.04)%
   GtT1bC2nTAU1taN1_QqC1wN1 : 126.2466763 (0.04)%
  GbB1bN4taTAU1taN1_QqC1wN1 : 125.8923584 (0.04)%
               QqN1_QqN2zN1 : 125.8227601 (0.04)%
         QqN2hN1_QqN4hN2hN1 : 124.8228548 (0.04)%
   GbB1bN2hN1_GtT1tN3wC1wN1 : 123.8141719 (0.04)%
          C2wN2hN1_N3zN2hN1 : 122.9496271 (0.04)%
       QqC1wN1_QqGtT1tN2hN1 : 120.7775046 (0.04)%
         GbB2tC2wN1_QqN2zN1 : 120.3301621 (0.04)%
   GbB2bN4wC1wN1_GtT1bC1wN1 : 119.4993269 (0.04)%
      GbB1tC1wN1_QqC2wN2hN1 : 117.1150984 (0.03)%
   GbB2bN3wC1wN1_GtT1bC1wN1 : 116.9698877 (0.03)%
    T1tN3wC1wN1_T1tN3zN2hN1 : 116.6157059 (0.03)%
      GtT1bC2wN2zN1_QqN2hN1 : 115.9618293 (0.03)%
      GtT1bC2wN2hN1_QqN2zN1 : 115.9618293 (0.03)%
         GbB1tC2wN1_QqN2zN1 : 115.2009132 (0.03)%
      GbB1bN3zN2hN1_QqN2zN1 : 114.9928932 (0.03)%
      GbB1bN3zN2zN1_QqN2hN1 : 114.9928932 (0.03)%
         GbB2bN4zN1_QqC1wN1 : 114.2659082 (0.03)%
       B1bN4wC1wN1_B1tC1wN1 : 113.3781458 (0.03)%
   GbB1bN2hN1_GbB2tC2zC1wN1 : 113.0736576 (0.03)%
         GbB2bN3hN1_QqC1wN1 : 112.9702128 (0.03)%
   GbB1bN2hN1_GbB2tC2hC1wN1 : 112.7086189 (0.03)%
   GbB1tC1wN1_GtT1bC2zC1wN1 : 112.6500309 (0.03)%
   GbB1tC1wN1_GtT1bC2hC1wN1 : 112.2863598 (0.03)%
       B1tC1wN1_B1tC2zC1wN1 : 111.9727983 (0.03)%
            GbB1bN2hN1_QqN1 : 111.7911646 (0.03)%
       B1tC1wN1_B1tC2hC1wN1 : 111.6113136 (0.03)%
            GbB1bN1_QqN2zN1 : 110.9492691 (0.03)%
      GtT1bC1wN1_QqC2zC1wN1 : 110.6171970 (0.03)%
      GtT1bC1wN1_QqC2hC1wN1 : 110.2600886 (0.03)%
   GbB1bN2hN1_GbB1bN4wC1wN1 : 109.6123980 (0.03)%
            GtT1tN1_QqN2hN1 : 109.2341065 (0.03)%
    B2tC2hC1wN1_B2tC2zC1wN1 : 109.1721244 (0.03)%
   GbB1bN2hN1_GbB1tC2zC1wN1 : 108.2537278 (0.03)%
         GbB2bN2hN1_QqN2hN1 : 108.0775528 (0.03)%
                N2hN1_N2zN1 : 107.9473781 (0.03)%
   GbB1bN2hN1_GbB1tC2hC1wN1 : 107.9042494 (0.03)%
GbB1bN3wC1wN1_GtT1tN3wC1wN1 : 107.4632928 (0.03)%
   GbB2tC2nTAU1taN1_QqN2hN1 : 106.5019350 (0.03)%
      GtT1tN3zN2zN1_QqN2hN1 : 105.0885088 (0.03)%
      GtT1tN3zN2hN1_QqN2zN1 : 105.0885088 (0.03)%
      GbB1tC1wN1_GbB2tC2wN1 : 104.5168638 (0.03)%
       T1bC2zC1wN1_T1tN2hN1 : 103.1549814 (0.03)%
       T1bC2hC1wN1_T1tN2hN1 : 102.8219635 (0.03)%
         GtT1tN4hN1_QqC1wN1 : 102.7787710 (0.03)%
   GbB1tC2nTAU1taN1_QqN2hN1 : 101.9621345 (0.03)%
   GbB1bN2hN1_GbB2tC2wN2hN1 : 101.1013724 (0.03)%
   GbB1tC1wN1_GtT1bC2wN2hN1 : 100.7225995 (0.03)%
          C2zC1wN1_C2zC1wN1 : 100.5998030 (0.03)%
       B1tC1wN1_B1tC2wN2hN1 : 100.1170725 (0.03)%
      GbB1tC1wN1_GbB1tC2wN1 : 100.0616798 (0.03)%
          C2hC1wN1_C2hC1wN1 : 99.9513135 (0.03)%
   GbB1bN3zN2hN1_GbB1tC1wN1 : 99.8809969 (0.03)%
      GbB1tC1wN1_QqN4wC1wN1 : 99.4593673 (0.03)%
             GqQqN1_QqN2zN1 : 98.9317907 (0.03)%
      GtT1bC1wN1_QqC2wN2hN1 : 98.9050029 (0.03)%
    QqC1wN1_QqGbB2bN4wC1wN1 : 98.5202726 (0.03)%
GbB1bN3wC1wN1_GbB2tC2zC1wN1 : 98.1411690 (0.03)%
    B2tC2wN2hN1_B2tC2zC1wN1 : 97.9290822 (0.03)%
GbB1bN3wC1wN1_GbB2tC2hC1wN1 : 97.8243373 (0.03)%
    B2tC2hC1wN1_B2tC2wN2hN1 : 97.6129351 (0.03)%
         GbB1bN3wC1wN1_QqN1 : 97.0280418 (0.03)%
   GbB1bN2hN1_GbB1tC2wN2hN1 : 96.7917788 (0.03)%
    QqC1wN1_QqGbB2bN3wC1wN1 : 96.4348966 (0.03)%
         GbB1bN1_GbB1tC1wN1 : 96.3687694 (0.03)%
  GbB2bN3taTAU1taN1_QqC1wN1 : 96.3326048 (0.03)%
       T1bC1wN1_T1tN4wC1wN1 : 95.6301856 (0.03)%
      GbB1bN4hN2hN1_QqN2zN1 : 95.3573265 (0.03)%
      GbB1bN4hN2zN1_QqN2hN1 : 95.3573265 (0.03)%
             C2wN1_C2zC1wN1 : 95.1416809 (0.03)%
GbB1bN3wC1wN1_GbB1bN4wC1wN1 : 95.1370028 (0.03)%
   GtT1bC1wN1_GtT1bC2zC1wN1 : 95.1342037 (0.03)%
             C2hC1wN1_C2wN1 : 94.8345325 (0.03)%
   GtT1bC1wN1_GtT1bC2hC1wN1 : 94.8270794 (0.03)%
GbB1bN3wC1wN1_GbB1tC2zC1wN1 : 93.9577583 (0.03)%
GbB1bN3wC1wN1_GbB1tC2hC1wN1 : 93.6544320 (0.03)%
         GbB1bN3hN1_QqN2hN1 : 92.8728545 (0.03)%
       T1bC2wN2hN1_T1tN2hN1 : 92.2328898 (0.03)%
       QqGbB1bN2hN1_QqN2hN1 : 91.3417400 (0.03)%
   GbB1tC1wN1_GtT1tN3zN2hN1 : 91.2782063 (0.03)%
      GtT1tN4hN2hN1_QqN2hN1 : 90.2523496 (0.03)%
    T2bC2zC1wN1_T2tN4wC1wN1 : 89.7809707 (0.03)%
GbB2tC2zC1wN1_GtT1tN3wC1wN1 : 89.6882304 (0.03)%
    T2bC2hC1wN1_T2tN4wC1wN1 : 89.4911285 (0.03)%
GbB2tC2hC1wN1_GtT1tN3wC1wN1 : 89.3986876 (0.03)%
      GbB1bN2hN1_GtT1tN2hN1 : 88.7440612 (0.03)%
         GtT1tN3wC1wN1_QqN1 : 88.6709774 (0.03)%
      GbB2tC2wN1_GtT1bC1wN1 : 88.2656536 (0.03)%
GbB1bN3wC1wN1_GbB2tC2wN2hN1 : 87.7499418 (0.03)%
GbB1bN4wC1wN1_GtT1tN3wC1wN1 : 86.9428143 (0.03)%
          GbB1tC1wN1_GqQqN1 : 85.9305789 (0.03)%
GbB1tC2zC1wN1_GtT1tN3wC1wN1 : 85.8651386 (0.03)%
GbB1tC2hC1wN1_GtT1tN3wC1wN1 : 85.5879379 (0.03)%
             C2wN1_C2wN2hN1 : 85.0680408 (0.03)%
   GtT1bC1wN1_GtT1bC2wN2hN1 : 85.0613552 (0.03)%
         GtT1tN3hN1_QqN2hN1 : 84.8736780 (0.03)%
      GbB1tC2wN1_GtT1bC1wN1 : 84.5032012 (0.02)%
   GbB1bN3zN2hN1_GtT1bC1wN1 : 84.3506125 (0.02)%
      GbB1bN4zN2hN1_QqC1wN1 : 84.0470839 (0.02)%
GbB1bN3wC1wN1_GbB1tC2wN2hN1 : 84.0094724 (0.02)%
      GtT1bC1wN1_QqN4wC1wN1 : 83.9945416 (0.02)%
       T1tN2hN1_T1tN3zN2hN1 : 83.5845459 (0.02)%
  GbB2bN4taTAU1taN1_QqC1wN1 : 83.1416314 (0.02)%
   GbB1bN4hN2hN1_GbB1tC1wN1 : 82.8258562 (0.02)%
          T1bC1wN1_T1tN2zN1 : 81.8031766 (0.02)%
GbB2tC2hC1wN1_GbB2tC2zC1wN1 : 81.6436150 (0.02)%
         GbB1bN1_GtT1bC1wN1 : 81.3844973 (0.02)%
         GbB2tC2zC1wN1_QqN1 : 80.9790315 (0.02)%
         GbB2tC2hC1wN1_QqN1 : 80.7176048 (0.02)%
          C2wN2hN1_C2wN2hN1 : 80.4244966 (0.02)%
    T2bC2wN2hN1_T2tN4wC1wN1 : 80.2749248 (0.02)%
GbB2tC2wN2hN1_GtT1tN3wC1wN1 : 80.1920039 (0.02)%
             C2zC1wN1_N3zN1 : 79.7484085 (0.02)%
             C2hC1wN1_N3zN1 : 79.4909546 (0.02)%
          T1tN2hN1_T1tN2hN1 : 79.4235745 (0.02)%
GbB1bN4wC1wN1_GbB2tC2zC1wN1 : 79.4007815 (0.02)%
    QqGbB1bN3wC1wN1_QqN2hN1 : 79.2791648 (0.02)%
  GbB1bN3taTAU1taN1_QqN2hN1 : 79.1950707 (0.02)%
GbB1bN4wC1wN1_GbB2tC2hC1wN1 : 79.1444499 (0.02)%
         GbB1bN4wC1wN1_QqN1 : 78.5002098 (0.02)%
    QqC1wN1_QqGtT1bC2zC1wN1 : 78.4326399 (0.02)%
GbB1tC2zC1wN1_GbB2tC2zC1wN1 : 78.4165910 (0.02)%
    QqC1wN1_QqGtT1bC2hC1wN1 : 78.1794338 (0.02)%
GbB1tC2hC1wN1_GbB2tC2zC1wN1 : 78.1634367 (0.02)%
GbB1tC2zC1wN1_GbB2tC2hC1wN1 : 78.1634367 (0.02)%
      GbB1bN2hN1_GbB1bN2hN1 : 78.0488210 (0.02)%
GbB1tC2hC1wN1_GbB2tC2hC1wN1 : 77.9110996 (0.02)%
         GbB1tC2zC1wN1_QqN1 : 77.5271820 (0.02)%
         GbB1tC2hC1wN1_QqN1 : 77.2768990 (0.02)%
   GtT1bC1wN1_GtT1tN3zN2hN1 : 77.0854602 (0.02)%
   GbB1bN3wC1wN1_GtT1tN2hN1 : 77.0245351 (0.02)%
             N3zN1_N4wC1wN1 : 76.8802570 (0.02)%
GbB1tC2wN2hN1_GtT1tN3wC1wN1 : 76.7737026 (0.02)%
GbB1bN4wC1wN1_GbB1tC2zC1wN1 : 76.0162072 (0.02)%
GbB1bN4wC1wN1_GbB1tC2hC1wN1 : 75.7708021 (0.02)%
    T2tN4wC1wN1_T2tN4wC1wN1 : 75.6421736 (0.02)%
         QqC2zC1wN1_QqN2zN1 : 75.4202156 (0.02)%
         QqC2hC1wN1_QqN2zN1 : 75.1767346 (0.02)%
GbB1tC2hC1wN1_GbB1tC2zC1wN1 : 74.8316061 (0.02)%
         GbB1bN4zN1_QqN2hN1 : 74.3915637 (0.02)%
      QqC1wN1_QqC2nTAU1taN1 : 73.4155870 (0.02)%
GbB2tC2wN2hN1_GbB2tC2zC1wN1 : 73.2355840 (0.02)%
GbB2tC2hC1wN1_GbB2tC2wN2hN1 : 72.9991556 (0.02)%
       QqC1wN1_QqGbB2tC2wN1 : 72.7699183 (0.02)%
          GqQqN1_GtT1bC1wN1 : 72.5693294 (0.02)%
    QqGtT1tN3wC1wN1_QqN2hN1 : 72.4508183 (0.02)%
         GbB2tC2wN2hN1_QqN1 : 72.4049385 (0.02)%
   GbB1bN2hN1_GbB2bN4wC1wN1 : 72.3900459 (0.02)%
  GtT1tN3taTAU1taN1_QqN2hN1 : 72.3739673 (0.02)%
       B1bN2hN1_B1bN3wC1wN1 : 71.6926387 (0.02)%
             C2wN2hN1_N3zN1 : 71.3046143 (0.02)%
GbB1bN4wC1wN1_GbB2tC2wN2hN1 : 70.9937943 (0.02)%
   GbB1bN2hN1_GbB2bN3wC1wN1 : 70.8577677 (0.02)%
   GtT1tN2hN1_GtT1tN3wC1wN1 : 70.3903807 (0.02)%
    QqC1wN1_QqGtT1bC2wN2hN1 : 70.1281599 (0.02)%
    B2bN4wC1wN1_B2tC2zC1wN1 : 70.1186402 (0.02)%
GbB1tC2wN2hN1_GbB2tC2zC1wN1 : 70.1138103 (0.02)%
GbB1tC2zC1wN1_GbB2tC2wN2hN1 : 70.1138103 (0.02)%
             C2zC1wN1_N4hN1 : 70.0268529 (0.02)%
   GbB2wT1tN3wC1wN1_QqC1wN1 : 69.9684155 (0.02)%
   GbB1bN4hN2hN1_GtT1bC1wN1 : 69.9473566 (0.02)%
    B2bN4wC1wN1_B2tC2hC1wN1 : 69.8922743 (0.02)%
GbB1tC2wN2hN1_GbB2tC2hC1wN1 : 69.8874600 (0.02)%
GbB1tC2hC1wN1_GbB2tC2wN2hN1 : 69.8874600 (0.02)%
             C2hC1wN1_N4hN1 : 69.8007834 (0.02)%
       QqC1wN1_QqGbB1tC2wN1 : 69.6679943 (0.02)%
    QqC1wN1_QqGbB1bN3zN2hN1 : 69.5421937 (0.02)%
         GbB1tC2wN2hN1_QqN1 : 69.3185723 (0.02)%
    B2bN3wC1wN1_B2tC2zC1wN1 : 68.6344407 (0.02)%
    B2bN3wC1wN1_B2tC2hC1wN1 : 68.4128664 (0.02)%
       T1bC2wN1_T1tN3wC1wN1 : 68.0557708 (0.02)%
GbB1bN4wC1wN1_GbB1tC2wN2hN1 : 67.9675801 (0.02)%
       T1tN3wC1wN1_T1tN3zN1 : 67.6312578 (0.02)%
             C2wN1_N4hN2hN1 : 67.6296618 (0.02)%
         QqC2wN2hN1_QqN2zN1 : 67.4346923 (0.02)%
         QqC2wN2zN1_QqN2hN1 : 67.4346923 (0.02)%
GbB1tC2wN2hN1_GbB1tC2zC1wN1 : 67.1251067 (0.02)%
          QqC1wN1_QqGbB1bN1 : 67.0968036 (0.02)%
      GbB1bN2hN1_QqC2zC1wN1 : 67.0094483 (0.02)%
GbB1tC2hC1wN1_GbB1tC2wN2hN1 : 66.9084050 (0.02)%
      GbB1bN2hN1_QqC2hC1wN1 : 66.7931199 (0.02)%
    T1bC2hC1wN1_T1bC2zC1wN1 : 66.7723520 (0.02)%
         GbB1bN3zN1_QqN2zN1 : 66.6901079 (0.02)%
             N3wC1wN1_N4hN1 : 66.5280832 (0.02)%
    QqGbB2tC2zC1wN1_QqN2hN1 : 66.1659235 (0.02)%
      GbB1wT1bC1wN1_QqC1wN1 : 66.1529456 (0.02)%
      GbB1bN3hN2hN1_QqC1wN1 : 66.0897914 (0.02)%
    QqGbB2tC2hC1wN1_QqN2hN1 : 65.9523183 (0.02)%
             N2hN1_N3wC1wN1 : 65.2086045 (0.02)%
             C2wN1_N3zN2hN1 : 65.0242422 (0.02)%
   GbB2tC2zC1wN1_GtT1tN2hN1 : 64.2842228 (0.02)%
    QqGbB1bN4wC1wN1_QqN2hN1 : 64.1405407 (0.02)%
   GbB2tC2hC1wN1_GtT1tN2hN1 : 64.0766923 (0.02)%
    T2tN3wC1wN1_T2tN4wC1wN1 : 63.7470040 (0.02)%
            GtT1tN2hN1_QqN1 : 63.5551045 (0.02)%
    QqC1wN1_QqGtT1tN3zN2hN1 : 63.5524965 (0.02)%
    QqGbB1tC2zC1wN1_QqN2hN1 : 63.3455043 (0.02)%
    QqGbB1tC2hC1wN1_QqN2hN1 : 63.1410044 (0.02)%
      GbB2bN4hN2zN1_QqN2hN1 : 62.9757342 (0.02)%
      GbB2bN4hN2hN1_QqN2zN1 : 62.9757342 (0.02)%
GbB1bN3wC1wN1_GbB2bN4wC1wN1 : 62.8302284 (0.02)%
    B2bN4wC1wN1_B2tC2wN2hN1 : 62.6944498 (0.02)%
GbB1tC2wN2hN1_GbB2tC2wN2hN1 : 62.6901313 (0.02)%
             C2wN2hN1_N4hN1 : 62.6123811 (0.02)%
      GbB2wT1bC1wN1_QqN2hN1 : 62.6095837 (0.02)%
   GbB1bN4wC1wN1_GtT1tN2hN1 : 62.3164401 (0.02)%
         GbB1bN2zN1_QqN2zN1 : 62.3035515 (0.02)%
         GbB1tC1wN1_QqC2wN1 : 61.9385411 (0.02)%
   GbB1tC2zC1wN1_GtT1tN2hN1 : 61.5440139 (0.02)%
GbB1bN3wC1wN1_GbB2bN3wC1wN1 : 61.5003025 (0.02)%
    B2bN3wC1wN1_B2tC2wN2hN1 : 61.3673980 (0.02)%
   GbB1tC2hC1wN1_GtT1tN2hN1 : 61.3453297 (0.02)%
         GtT1bC2wN1_QqN2zN1 : 61.3286128 (0.02)%
            QqN2hN1_QqN4hN1 : 61.1174462 (0.02)%
         GtT1tN3zN1_QqN2zN1 : 60.9460619 (0.02)%
      GtT1tN3hN2hN1_QqC1wN1 : 60.3974509 (0.02)%
             C1wN1_N3zN2hN1 : 60.3406343 (0.02)%
      GbB2bN3zN2zN1_QqN2hN1 : 60.1412345 (0.02)%
      GbB2bN3zN2hN1_QqN2zN1 : 60.1412345 (0.02)%
      GbB1bN2hN1_QqC2wN2hN1 : 59.9144605 (0.02)%
    T1bC2wN2hN1_T1bC2zC1wN1 : 59.8958313 (0.02)%
           QqC1wN1_QqGqQqN1 : 59.8292082 (0.02)%
    T1bC2hC1wN1_T1bC2wN2hN1 : 59.7024680 (0.02)%
    QqGbB2tC2wN2hN1_QqN2hN1 : 59.1602484 (0.02)%
GbB1bN3wC1wN1_GbB1bN3wC1wN1 : 58.7957479 (0.02)%
          C2wN2zN1_N4wC1wN1 : 58.6693404 (0.02)%
    T2tN4hN2hN1_T2tN4wC1wN1 : 58.4815690 (0.02)%
   GbB1bN3wC1wN1_QqC2zC1wN1 : 58.1601916 (0.02)%
       B1bN2hN1_B1bN4wC1wN1 : 58.0026873 (0.02)%
   GbB1bN3wC1wN1_QqC2hC1wN1 : 57.9724315 (0.02)%
      GbB1bN3zN1_GbB1tC1wN1 : 57.9259664 (0.02)%
          C2wN2zN1_N3wC1wN1 : 57.8174329 (0.02)%
    QqC1wN1_QqGbB1bN4hN2hN1 : 57.6675435 (0.02)%
   GbB1bN2hN1_GtT1bC2zC1wN1 : 57.6301938 (0.02)%
   GbB2tC2wN2hN1_GtT1tN2hN1 : 57.4777829 (0.02)%
   GbB1bN2hN1_GtT1bC2hC1wN1 : 57.4441448 (0.02)%
GbB2bN4wC1wN1_GtT1tN3wC1wN1 : 57.4186354 (0.02)%
       B1bN2hN1_B1tC2zC1wN1 : 57.2837310 (0.02)%
         QqN2zN1_QqN4wC1wN1 : 57.2685497 (0.02)%
       B1bN2hN1_B1tC2hC1wN1 : 57.0988004 (0.02)%
    QqGbB1tC2wN2hN1_QqN2hN1 : 56.6384564 (0.02)%
GbB2bN3wC1wN1_GtT1tN3wC1wN1 : 56.2032566 (0.02)%
      GbB2bN4zN2hN1_QqC1wN1 : 55.5062417 (0.02)%
   GbB1tC2wN2hN1_GtT1tN2hN1 : 55.0277085 (0.02)%
    GbB1tC1wN1_QqGbB1tC1wN1 : 54.9954952 (0.02)%
    B2tC2zC1wN1_B2tC2zC1wN1 : 54.7628545 (0.02)%
   GbB1tC1wN1_GbB2bN4hN2hN1 : 54.6997205 (0.02)%
    B2tC2hC1wN1_B2tC2hC1wN1 : 54.4098406 (0.02)%
   GtT1bC2nTAU1taN1_QqN2hN1 : 54.2807873 (0.02)%
    T1bC2zC1wN1_T1tN3zN2hN1 : 54.2796162 (0.02)%
  GbB1bN4taTAU1taN1_QqN2hN1 : 54.1284454 (0.02)%
      GbB1bN2zN1_GbB1tC1wN1 : 54.1158733 (0.02)%
    T1bC2hC1wN1_T1tN3zN2hN1 : 54.1043839 (0.02)%
      GbB1bN2hN1_GbB2tC2wN1 : 53.4693783 (0.02)%
      GbB1tC1wN1_GtT1bC2wN1 : 53.2690571 (0.02)%
   GtT1tN3wC1wN1_QqC2zC1wN1 : 53.1508308 (0.02)%
    T2bC2hC1wN1_T2bC2zC1wN1 : 53.1092643 (0.02)%
   GtT1tN3wC1wN1_QqC2hC1wN1 : 52.9792426 (0.02)%
          B1tC1wN1_B1tC2wN1 : 52.9488127 (0.02)%
      GbB1tC1wN1_GtT1tN3zN1 : 52.9367795 (0.02)%
       B1bN3zN2hN1_B1tC1wN1 : 52.8532022 (0.02)%
GbB2bN4wC1wN1_GbB2tC2zC1wN1 : 52.4377381 (0.02)%
         GtT1bC1wN1_QqC2wN1 : 52.3077866 (0.02)%
GbB2bN4wC1wN1_GbB2tC2hC1wN1 : 52.2684520 (0.02)%
   GbB1tC1wN1_GbB2bN3zN2hN1 : 52.2377191 (0.02)%
   GbB1bN3wC1wN1_QqC2wN2hN1 : 52.0021667 (0.02)%
       QqGtT1tN2hN1_QqN2hN1 : 51.9292724 (0.02)%
         GbB2bN4wC1wN1_QqN1 : 51.8429839 (0.02)%
       B2tC2wN1_B2tC2zC1wN1 : 51.7916525 (0.02)%
       B2tC2hC1wN1_B2tC2wN1 : 51.6244521 (0.02)%
   GbB1bN2hN1_GtT1bC2wN2hN1 : 51.5282853 (0.02)%
         QqC1wN1_QqN4hN2zN1 : 51.4890667 (0.02)%
GbB2bN3wC1wN1_GbB2tC2zC1wN1 : 51.3277898 (0.02)%
          N3zN2hN1_N4hN2hN1 : 51.2447558 (0.02)%
       B1bN2hN1_B1tC2wN2hN1 : 51.2185061 (0.02)%
      GbB1bN2hN1_GbB1tC2wN1 : 51.1901680 (0.02)%
GbB2bN3wC1wN1_GbB2tC2hC1wN1 : 51.1620870 (0.02)%
   GbB1bN2hN1_GbB1bN3zN2hN1 : 51.0977331 (0.02)%
             B1bN1_B1tC1wN1 : 50.9946658 (0.02)%
      GbB1bN2hN1_QqN4wC1wN1 : 50.8820332 (0.02)%
GbB1bN4wC1wN1_GbB2bN4wC1wN1 : 50.8325842 (0.01)%
         GbB2bN3wC1wN1_QqN1 : 50.7456248 (0.01)%
    B1bN3wC1wN1_B1bN4wC1wN1 : 50.3428620 (0.01)%
GbB1tC2zC1wN1_GbB2bN4wC1wN1 : 50.2025029 (0.01)%
      GbB2wT1tN2hN1_QqC1wN1 : 50.1500051 (0.01)%
GbB1tC2hC1wN1_GbB2bN4wC1wN1 : 50.0404329 (0.01)%
GbB1bN3wC1wN1_GtT1bC2zC1wN1 : 50.0195599 (0.01)%
GbB1bN3wC1wN1_GtT1bC2hC1wN1 : 49.8580805 (0.01)%
GbB1bN4wC1wN1_GbB2bN3wC1wN1 : 49.7566122 (0.01)%
    B1bN3wC1wN1_B1tC2zC1wN1 : 49.7188509 (0.01)%
    B1bN3wC1wN1_B1tC2hC1wN1 : 49.5583423 (0.01)%
         GbB1bN1_GbB1bN2hN1 : 49.3009262 (0.01)%
GbB1tC2zC1wN1_GbB2bN3wC1wN1 : 49.1398678 (0.01)%
         GbB2bN4zN1_QqN2hN1 : 49.1295584 (0.01)%
GtT1tN3wC1wN1_GtT1tN3wC1wN1 : 49.1037180 (0.01)%
GbB1tC2hC1wN1_GbB2bN3wC1wN1 : 48.9812283 (0.01)%
      GbB1bN3zN1_GtT1bC1wN1 : 48.9191227 (0.01)%
          T1bC2wN1_T1tN2hN1 : 48.7791131 (0.01)%
         GbB2bN3hN1_QqN2hN1 : 48.5724636 (0.01)%
   GbB2tC2zC1wN1_QqC2zC1wN1 : 48.5401529 (0.01)%
    T1bC2wN2hN1_T1tN3zN2hN1 : 48.5324682 (0.01)%
          T1tN2hN1_T1tN3zN1 : 48.4748425 (0.01)%
   GbB2tC2hC1wN1_QqC2zC1wN1 : 48.3834495 (0.01)%
   GbB2tC2zC1wN1_QqC2hC1wN1 : 48.3834495 (0.01)%
   GbB2tC2hC1wN1_QqC2hC1wN1 : 48.2272519 (0.01)%
    T2bC2wN2hN1_T2bC2zC1wN1 : 47.6398306 (0.01)%
   GtT1tN3wC1wN1_QqC2wN2hN1 : 47.5231991 (0.01)%
       T1bC1wN1_T1bC2wN2zN1 : 47.4981353 (0.01)%
    T2bC2hC1wN1_T2bC2wN2hN1 : 47.4860337 (0.01)%
         QqC1wN1_QqN3wC1wN1 : 47.1754659 (0.01)%
   GbB1bN4wC1wN1_QqC2zC1wN1 : 47.0543067 (0.01)%
   GbB1bN4wC1wN1_QqC2hC1wN1 : 46.9024001 (0.01)%
GbB2bN4wC1wN1_GbB2tC2wN2hN1 : 46.8856089 (0.01)%
   GbB1bN2hN1_GtT1tN3zN2hN1 : 46.6966647 (0.01)%
         GbB1bN4hN1_QqN2zN1 : 46.6901377 (0.01)%
   GbB1tC2zC1wN1_QqC2zC1wN1 : 46.4710580 (0.01)%
    GtT1bC1wN1_QqGbB1tC1wN1 : 46.4443072 (0.01)%
    GbB1tC1wN1_QqGtT1bC1wN1 : 46.4443072 (0.01)%
   GbB1bN3wC1wN1_GbB2tC2wN1 : 46.4082210 (0.01)%
   GbB1tC2hC1wN1_QqC2zC1wN1 : 46.3210343 (0.01)%
   GbB1tC2zC1wN1_QqC2hC1wN1 : 46.3210343 (0.01)%
       B2tC2wN1_B2tC2wN2hN1 : 46.3079311 (0.01)%
   GbB2bN4hN2hN1_GtT1bC1wN1 : 46.1945222 (0.01)%
   GbB1tC2hC1wN1_QqC2hC1wN1 : 46.1714949 (0.01)%
    T1tN3wC1wN1_T1tN4wC1wN1 : 45.9496710 (0.01)%
GbB2bN3wC1wN1_GbB2tC2wN2hN1 : 45.8931824 (0.01)%
GtT1bC2zC1wN1_GtT1tN3wC1wN1 : 45.7113550 (0.01)%
      GbB1bN2zN1_GtT1bC1wN1 : 45.7014567 (0.01)%
GtT1bC2hC1wN1_GtT1tN3wC1wN1 : 45.5637838 (0.01)%
      GtT1bC1wN1_GtT1bC2wN1 : 44.9863110 (0.01)%
GbB1tC2wN2hN1_GbB2bN4wC1wN1 : 44.8870413 (0.01)%
             T1bC1wN1_T1tN1 : 44.7424501 (0.01)%
GbB1bN3wC1wN1_GtT1bC2wN2hN1 : 44.7234684 (0.01)%
      GtT1bC1wN1_GtT1tN3zN1 : 44.7056989 (0.01)%
         GbB2bN2zN1_QqC1wN1 : 44.5816781 (0.01)%
    B1bN3wC1wN1_B1tC2wN2hN1 : 44.4545986 (0.01)%
   GbB1bN3wC1wN1_GbB1tC2wN1 : 44.4300028 (0.01)%
GbB1bN3wC1wN1_GbB1bN3zN2hN1 : 44.3497749 (0.01)%
         GtT1tN4hN1_QqN2hN1 : 44.1905702 (0.01)%
   GbB1bN3wC1wN1_QqN4wC1wN1 : 44.1625603 (0.01)%
   GbB2bN3zN2hN1_GtT1bC1wN1 : 44.1153347 (0.01)%
          GbB1bN2hN1_GqQqN1 : 43.9608927 (0.01)%
    B2bN3wC1wN1_B2bN4wC1wN1 : 43.9399452 (0.01)%
GbB1tC2wN2hN1_GbB2bN3wC1wN1 : 43.9369185 (0.01)%
       B1bN4hN2hN1_B1tC1wN1 : 43.8282742 (0.01)%
    B2tC2wN2hN1_B2tC2wN2hN1 : 43.7801554 (0.01)%
   GbB2tC2zC1wN1_QqC2wN2hN1 : 43.4007017 (0.01)%
   GbB2tC2wN2hN1_QqC2zC1wN1 : 43.4007017 (0.01)%
   GbB2tC2hC1wN1_QqC2wN2hN1 : 43.2605900 (0.01)%
   GbB2tC2wN2hN1_QqC2hC1wN1 : 43.2605900 (0.01)%
       T1bC1wN1_T1tN3zN2zN1 : 43.0444072 (0.01)%
      GbB1bN1_GbB1bN3wC1wN1 : 42.7902540 (0.01)%
       T2bC2wN1_T2tN4wC1wN1 : 42.4549165 (0.01)%
   GbB2tC2wN1_GtT1tN3wC1wN1 : 42.4110622 (0.01)%
   GbB1bN2hN1_GbB1bN4hN2hN1 : 42.3725596 (0.01)%
    QqGbB2bN4wC1wN1_QqN2hN1 : 42.3595941 (0.01)%
   GbB1bN4wC1wN1_QqC2wN2hN1 : 42.0721774 (0.01)%
GbB2tC2zC1wN1_GtT1bC2zC1wN1 : 41.7460297 (0.01)%
GbB2tC2hC1wN1_GtT1bC2zC1wN1 : 41.6112599 (0.01)%
GbB2tC2zC1wN1_GtT1bC2hC1wN1 : 41.6112599 (0.01)%
   GbB1tC2zC1wN1_QqC2wN2hN1 : 41.5506834 (0.01)%
   GbB1tC2wN2hN1_QqC2zC1wN1 : 41.5506834 (0.01)%
GbB2tC2hC1wN1_GtT1bC2hC1wN1 : 41.4769252 (0.01)%
    QqGbB2bN3wC1wN1_QqN2hN1 : 41.4629697 (0.01)%
  GbB2bN3taTAU1taN1_QqN2hN1 : 41.4189885 (0.01)%
   GbB1tC2hC1wN1_QqC2wN2hN1 : 41.4165442 (0.01)%
   GbB1tC2wN2hN1_QqC2hC1wN1 : 41.4165442 (0.01)%
      GtT1tN4wC1wN1_QqN2zN1 : 41.4076506 (0.01)%
------------------------------------------------------------
                                          SUM=90.01%
