/Users/rafalmaselek/Projects/fastlim-1.0
 
#################################################################
#                                                               #
#                                                               #
#                     This is Fastlim  ver. 1.0                 #
#                                                               #
#          A fast LHC limit calculator for BSM models.          #
#                                                               #
#                  http://cern.ch/fastlim-1.0/                  #
#                                                               #
#  for bugs/feature requests: fastlim-1.0.developers@gmail.com  #
#                                                               #
#    please refer to:                                           #
#    M.Papucci, K.Sakurai, A.Weiler, L.Zeune arXiv:1402.xxxx    #
#                                                               #
#################################################################
 

!! Masses incompatible with the data for ERER !!

!! Problem with reading tables for ER ER !! Probably mass outside the table !! Setting xsec to 10^-20 !!

!! Masses incompatible with the data for ELEL !!

!! Problem with reading tables for EL EL !! Probably mass outside the table !! Setting xsec to 10^-20 !!

!! Masses incompatible with the data for TAU1TAU1 !!

!! Problem with reading tables for TAU1 TAU1 !! Probably mass outside the table !! Setting xsec to 10^-20 !!

!! Masses incompatible with the data for TAU2TAU2 !!

!! Problem with reading tables for TAU2 TAU2 !! Probably mass outside the table !! Setting xsec to 10^-20 !!
Decoupling mG=1660.20432 GeV; mQ=3115.1400025 GeV

!! Masses incompatible with the data for QQ !!

!! Problem with reading tables for Q Q !! Probably mass outside the table !! Setting xsec to 10^-20 !!

!! Masses incompatible with the data for GQ !!

!! Problem with reading tables for G Q !! Probably mass outside the table !! Setting xsec to 10^-20 !!
!! EWK PROCESS C1C2 NOT FOUND !! WILL TRY TO LOOK FOR +/- MODES !!
XSEC FOUND FOR: C1-C2+
XSEC FOUND FOR: C1+C2-
!! EWK PROCESS C1N1 NOT FOUND !! WILL TRY TO LOOK FOR +/- MODES !!
XSEC FOUND FOR: C1+N1
XSEC FOUND FOR: C1-N1
!! EWK PROCESS C1N2 NOT FOUND !! WILL TRY TO LOOK FOR +/- MODES !!
XSEC FOUND FOR: C1+N2
XSEC FOUND FOR: C1-N2
!! EWK PROCESS C1N3 NOT FOUND !! WILL TRY TO LOOK FOR +/- MODES !!
XSEC FOUND FOR: C1+N3
XSEC FOUND FOR: C1-N3
!! EWK PROCESS C1N4 NOT FOUND !! WILL TRY TO LOOK FOR +/- MODES !!
XSEC FOUND FOR: C1+N4
XSEC FOUND FOR: C1-N4
!! EWK PROCESS C2N1 NOT FOUND !! WILL TRY TO LOOK FOR +/- MODES !!
XSEC FOUND FOR: C2+N1
XSEC FOUND FOR: C2-N1
!! EWK PROCESS C2N2 NOT FOUND !! WILL TRY TO LOOK FOR +/- MODES !!
XSEC FOUND FOR: C2+N2
XSEC FOUND FOR: C2-N2
!! EWK PROCESS C2N3 NOT FOUND !! WILL TRY TO LOOK FOR +/- MODES !!
XSEC FOUND FOR: C2+N3
XSEC FOUND FOR: C2-N3
!! EWK PROCESS C2N4 NOT FOUND !! WILL TRY TO LOOK FOR +/- MODES !!
XSEC FOUND FOR: C2+N4
XSEC FOUND FOR: C2-N4

!! Masses incompatible with the data for B2B2 !!

!! Problem with reading tables for B2 B2 !! Probably mass outside the table !! Setting xsec to 10^-20 !!
---------------  Output inclusive processes  ---------------
The total xsec = 37658.80 [fb]
The total rate = 100.00%
Output upto 0.10%
               Modes : xsec/fb      (rate)
         C1wN1_N2hN1 : 19931.9923355 (52.93)%
         C1wN1_C1wN1 : 9742.2572346 (25.87)%
         C1wN1_N2zN1 : 583.1631303 (1.55)%
      GqqC1wN1_GttN1 : 403.2522623 (1.07)%
   GbtC1wN1_GqqC1wN1 : 383.8403422 (1.02)%
      GbtC1wN1_GttN1 : 373.0103233 (0.99)%
   GqqC1wN1_GqqC1wN1 : 207.4801643 (0.55)%
   GqqC1wN1_GqqN2hN1 : 201.6553802 (0.54)%
      GqqN2hN1_GttN1 : 195.9656928 (0.52)%
         GttN1_GttN1 : 195.9372690 (0.52)%
   GbtC1wN1_GqqN2hN1 : 186.5322172 (0.50)%
   GbtC1wN1_GbtC1wN1 : 177.5271010 (0.47)%
      GqqC1wN1_GqqN1 : 135.8617949 (0.36)%
         GqqN1_GttN1 : 132.0284672 (0.35)%
      GbtC1wN1_GqqN1 : 125.6728276 (0.33)%
   GbbN2hN1_GqqC1wN1 : 119.5812727 (0.32)%
      GbbN2hN1_GttN1 : 116.2072984 (0.31)%
   GbbN2hN1_GbtC1wN1 : 110.6132646 (0.29)%
GbtC2hC1wN1_GqqC1wN1 : 95.3511248 (0.25)%
   GbtC2hC1wN1_GttN1 : 92.6608019 (0.25)%
GbtC2zC1wN1_GqqC1wN1 : 89.5574549 (0.24)%
GbtC1wN1_GbtC2hC1wN1 : 88.2002588 (0.23)%
GbtC2wN2hN1_GqqC1wN1 : 87.4171866 (0.23)%
   GbtC2zC1wN1_GttN1 : 87.0305998 (0.23)%
   GbtC2wN2hN1_GttN1 : 84.9507190 (0.23)%
GbtC1wN1_GbtC2zC1wN1 : 82.8410857 (0.22)%
GbtC1wN1_GbtC2wN2hN1 : 80.8613270 (0.21)%
   GqqC1wN1_GttN2hN1 : 72.1451065 (0.19)%
      GttN1_GttN2hN1 : 70.1095392 (0.19)%
   GbtC1wN1_GttN2hN1 : 66.7345779 (0.18)%
GqqC1wN1_GttN4wC1wN1 : 66.2698105 (0.18)%
      GqqN1_GqqN2hN1 : 66.0238100 (0.18)%
   GttN1_GttN4wC1wN1 : 64.4000141 (0.17)%
GbtC1wN1_GttN4wC1wN1 : 61.2999002 (0.16)%
   GbbN2hN1_GqqN2hN1 : 58.1120781 (0.15)%
   C2hC1wN1_N3wC1wN1 : 54.9752883 (0.15)%
   C2hC1wN1_N4wC1wN1 : 54.4945868 (0.14)%
   C2zC1wN1_N3wC1wN1 : 51.6349116 (0.14)%
   C2zC1wN1_N4wC1wN1 : 51.1834182 (0.14)%
   C2wN2hN1_N3wC1wN1 : 50.4009265 (0.13)%
   C2wN2hN1_N4wC1wN1 : 49.9602230 (0.13)%
GqqC1wN1_GttN3wC1wN1 : 49.0152783 (0.13)%
   GqqN2hN1_GqqN2hN1 : 48.9985302 (0.13)%
   GttN1_GttN3wC1wN1 : 47.6323168 (0.13)%
   N3wC1wN1_N4wC1wN1 : 46.7129562 (0.12)%
GbtC2hC1wN1_GqqN2hN1 : 46.3371219 (0.12)%
GbtC1wN1_GttN3wC1wN1 : 45.3393732 (0.12)%
GbtC2zC1wN1_GqqN2hN1 : 43.5216125 (0.12)%
GbtC2wN2hN1_GqqN2hN1 : 42.4815212 (0.11)%
      GbbN2hN1_GqqN1 : 39.1519989 (0.10)%
   GqqN2hN1_GttN2hN1 : 35.0598549 (0.09)%
------------------------------------------------------------
                                   SUM=93.98%

SHOWING PROCESSES TO GET 90.00% SUSY COVERAGE
---------------  Output inclusive processes  ---------------
The total xsec = 37658.80 [fb]
The total rate = 100.00%
               Modes : xsec/fb      (rate)
         C1wN1_N2hN1 : 19931.9923355 (52.93)%
         C1wN1_C1wN1 : 9742.2572346 (25.87)%
         C1wN1_N2zN1 : 583.1631303 (1.55)%
      GqqC1wN1_GttN1 : 403.2522623 (1.07)%
   GbtC1wN1_GqqC1wN1 : 383.8403422 (1.02)%
      GbtC1wN1_GttN1 : 373.0103233 (0.99)%
   GqqC1wN1_GqqC1wN1 : 207.4801643 (0.55)%
   GqqC1wN1_GqqN2hN1 : 201.6553802 (0.54)%
      GqqN2hN1_GttN1 : 195.9656928 (0.52)%
         GttN1_GttN1 : 195.9372690 (0.52)%
   GbtC1wN1_GqqN2hN1 : 186.5322172 (0.50)%
   GbtC1wN1_GbtC1wN1 : 177.5271010 (0.47)%
      GqqC1wN1_GqqN1 : 135.8617949 (0.36)%
         GqqN1_GttN1 : 132.0284672 (0.35)%
      GbtC1wN1_GqqN1 : 125.6728276 (0.33)%
   GbbN2hN1_GqqC1wN1 : 119.5812727 (0.32)%
      GbbN2hN1_GttN1 : 116.2072984 (0.31)%
   GbbN2hN1_GbtC1wN1 : 110.6132646 (0.29)%
GbtC2hC1wN1_GqqC1wN1 : 95.3511248 (0.25)%
   GbtC2hC1wN1_GttN1 : 92.6608019 (0.25)%
GbtC2zC1wN1_GqqC1wN1 : 89.5574549 (0.24)%
GbtC1wN1_GbtC2hC1wN1 : 88.2002588 (0.23)%
GbtC2wN2hN1_GqqC1wN1 : 87.4171866 (0.23)%
   GbtC2zC1wN1_GttN1 : 87.0305998 (0.23)%
   GbtC2wN2hN1_GttN1 : 84.9507190 (0.23)%
------------------------------------------------------------
                                   SUM=90.15%
