/Users/rafalmaselek/Projects/fastlim-1.0
 
#################################################################
#                                                               #
#                                                               #
#                     This is Fastlim  ver. 1.0                 #
#                                                               #
#          A fast LHC limit calculator for BSM models.          #
#                                                               #
#                  http://cern.ch/fastlim-1.0/                  #
#                                                               #
#  for bugs/feature requests: fastlim-1.0.developers@gmail.com  #
#                                                               #
#    please refer to:                                           #
#    M.Papucci, K.Sakurai, A.Weiler, L.Zeune arXiv:1402.xxxx    #
#                                                               #
#################################################################
 

!! Masses incompatible with the data for ERER !!

!! Problem with reading tables for ER ER !! Probably mass outside the table !! Setting xsec to 10^-20 !!

!! Masses incompatible with the data for ELEL !!

!! Problem with reading tables for EL EL !! Probably mass outside the table !! Setting xsec to 10^-20 !!

!! Masses incompatible with the data for TAU1TAU1 !!

!! Problem with reading tables for TAU1 TAU1 !! Probably mass outside the table !! Setting xsec to 10^-20 !!

!! Masses incompatible with the data for TAU2TAU2 !!

!! Problem with reading tables for TAU2 TAU2 !! Probably mass outside the table !! Setting xsec to 10^-20 !!
!! EWK PROCESS C1C2 NOT FOUND !! WILL TRY TO LOOK FOR +/- MODES !!
XSEC FOUND FOR: C1-C2+
XSEC FOUND FOR: C1+C2-
!! EWK PROCESS C1N1 NOT FOUND !! WILL TRY TO LOOK FOR +/- MODES !!
XSEC FOUND FOR: C1+N1
XSEC FOUND FOR: C1-N1
!! EWK PROCESS C1N2 NOT FOUND !! WILL TRY TO LOOK FOR +/- MODES !!
XSEC FOUND FOR: C1+N2
XSEC FOUND FOR: C1-N2
!! EWK PROCESS C1N3 NOT FOUND !! WILL TRY TO LOOK FOR +/- MODES !!
XSEC FOUND FOR: C1+N3
XSEC FOUND FOR: C1-N3
!! EWK PROCESS C1N4 NOT FOUND !! WILL TRY TO LOOK FOR +/- MODES !!
XSEC FOUND FOR: C1+N4
XSEC FOUND FOR: C1-N4
!! EWK PROCESS C2N1 NOT FOUND !! WILL TRY TO LOOK FOR +/- MODES !!
XSEC FOUND FOR: C2+N1
XSEC FOUND FOR: C2-N1
!! EWK PROCESS C2N2 NOT FOUND !! WILL TRY TO LOOK FOR +/- MODES !!
XSEC FOUND FOR: C2+N2
XSEC FOUND FOR: C2-N2
!! EWK PROCESS C2N3 NOT FOUND !! WILL TRY TO LOOK FOR +/- MODES !!
XSEC FOUND FOR: C2+N3
XSEC FOUND FOR: C2-N3
!! EWK PROCESS C2N4 NOT FOUND !! WILL TRY TO LOOK FOR +/- MODES !!
XSEC FOUND FOR: C2+N4
XSEC FOUND FOR: C2-N4
---------------  Output inclusive processes  ---------------
The total xsec = 9496.77 [fb]
The total rate = 100.00%
Output upto 0.10%
                Modes : xsec/fb      (rate)
          C1wN1_N2hN1 : 2373.0509667 (24.99)%
          C1wN1_C1wN1 : 1273.7943164 (13.41)%
      QqC1wN1_QqC1wN1 : 1007.4144668 (10.61)%
      QqC1wN1_QqN2hN1 : 927.2127373 (9.76)%
          C1wN1_N2zN1 : 218.2119581 (2.30)%
      QqN2hN1_QqN2hN1 : 213.3489960 (2.25)%
   GtT1bC1wN1_QqC1wN1 : 90.4852996 (0.95)%
      QqC1wN1_QqN2zN1 : 85.2610878 (0.90)%
GtT1tN3wC1wN1_QqC1wN1 : 74.6481669 (0.79)%
GtT1bC2hC1wN1_QqC1wN1 : 48.3126114 (0.51)%
         QqC1wN1_QqN1 : 47.5257088 (0.50)%
   GbB1tC1wN1_QqC1wN1 : 45.8110521 (0.48)%
GtT1bC2zC1wN1_QqC1wN1 : 44.2190441 (0.47)%
GtT2tN4wC1wN1_QqC1wN1 : 42.0440135 (0.44)%
   GtT1bC1wN1_QqN2hN1 : 41.6408167 (0.44)%
GtT1bC2wN2hN1_QqC1wN1 : 41.1329432 (0.43)%
      QqN2hN1_QqN2zN1 : 39.2366644 (0.41)%
                N1_N1 : 38.8774721 (0.41)%
   GtT1tN2hN1_QqC1wN1 : 38.4608640 (0.40)%
GbB1tC2hC1wN1_QqC1wN1 : 36.2335497 (0.38)%
GtT1tN3wC1wN1_QqN2hN1 : 34.3526589 (0.36)%
GtT1tN4wC1wN1_QqC1wN1 : 34.1660038 (0.36)%
GbB1tC2zC1wN1_QqC1wN1 : 33.1634512 (0.35)%
GtT1tN3zN2hN1_QqC1wN1 : 32.6257268 (0.34)%
    C2hC1wN1_N3wC1wN1 : 31.3431682 (0.33)%
    C2hC1wN1_N4wC1wN1 : 30.9516677 (0.33)%
GbB1tC2wN2hN1_QqC1wN1 : 30.8489336 (0.32)%
    C2zC1wN1_N3wC1wN1 : 28.6874358 (0.30)%
       GqQqN1_QqC1wN1 : 28.3917439 (0.30)%
    C2zC1wN1_N4wC1wN1 : 28.3291074 (0.30)%
GtT2tN3wC1wN1_QqC1wN1 : 27.8832219 (0.29)%
    C2wN2hN1_N3wC1wN1 : 26.6853047 (0.28)%
    N3wC1wN1_N4wC1wN1 : 26.5251959 (0.28)%
    C2wN2hN1_N4wC1wN1 : 26.3519845 (0.28)%
GbB2tC2hC1wN1_QqC1wN1 : 23.7693551 (0.25)%
          N2hN1_N2hN1 : 23.0178161 (0.24)%
   GtT1bC2wN1_QqC1wN1 : 22.6221914 (0.24)%
GtT1bC2hC1wN1_QqN2hN1 : 22.2331871 (0.23)%
   GbB1bN2hN1_QqC1wN1 : 22.0182383 (0.23)%
         QqN1_QqN2hN1 : 21.8710590 (0.23)%
GbB2tC2zC1wN1_QqC1wN1 : 21.7553581 (0.23)%
   GbB1tC1wN1_QqN2hN1 : 21.0819838 (0.22)%
GtT2bC2hC1wN1_QqC1wN1 : 20.8113804 (0.22)%
      GtT1tN1_QqC1wN1 : 20.4657936 (0.22)%
GtT1bC2zC1wN1_QqN2hN1 : 20.3493509 (0.21)%
GtT2tN4hN2hN1_QqC1wN1 : 20.3149665 (0.21)%
GbB2tC2wN2hN1_QqC1wN1 : 20.2370251 (0.21)%
GtT2tN4wC1wN1_QqN2hN1 : 19.3484142 (0.20)%
GtT2bC2zC1wN1_QqC1wN1 : 19.0480150 (0.20)%
GtT1bC2wN2hN1_QqN2hN1 : 18.9291449 (0.20)%
   QqC1wN1_QqC2hC1wN1 : 18.8353770 (0.20)%
   GtT1tN3zN1_QqC1wN1 : 18.6570579 (0.20)%
    C2hC1wN1_C2zC1wN1 : 17.7918068 (0.19)%
GtT2bC2wN2hN1_QqC1wN1 : 17.7186309 (0.19)%
   GtT1tN2hN1_QqN2hN1 : 17.6994693 (0.19)%
   QqC1wN1_QqC2zC1wN1 : 17.2394400 (0.18)%
   GbB1tC2wN1_QqC1wN1 : 16.9662180 (0.18)%
GbB1tC2hC1wN1_QqN2hN1 : 16.6744721 (0.18)%
    C2hC1wN1_C2wN2hN1 : 16.5500949 (0.17)%
GtT1tN4hN2hN1_QqC1wN1 : 16.5084435 (0.17)%
   QqC1wN1_QqC2wN2hN1 : 16.0362785 (0.17)%
GtT1tN4wC1wN1_QqN2hN1 : 15.7229993 (0.17)%
GbB1tC2zC1wN1_QqN2hN1 : 15.2616303 (0.16)%
GbB1bN3wC1wN1_QqC1wN1 : 15.2541418 (0.16)%
    C2wN2hN1_C2zC1wN1 : 15.1477918 (0.16)%
GtT1tN3zN2hN1_QqN2hN1 : 15.0141726 (0.16)%
    C2hC1wN1_N4hN2hN1 : 14.9553299 (0.16)%
       C2wN1_N3wC1wN1 : 14.6763160 (0.15)%
       C2wN1_N4wC1wN1 : 14.4929974 (0.15)%
GbB2bN4wC1wN1_QqC1wN1 : 14.3676698 (0.15)%
GbB1tC2wN2hN1_QqN2hN1 : 14.1965026 (0.15)%
   QqC1wN1_QqN4wC1wN1 : 13.9938675 (0.15)%
    C2hC1wN1_N3zN2hN1 : 13.6988447 (0.14)%
    C2zC1wN1_N4hN2hN1 : 13.6881525 (0.14)%
GbB2bN3wC1wN1_QqC1wN1 : 13.5149757 (0.14)%
       GqQqN1_QqN2hN1 : 13.0657180 (0.14)%
GtT2tN3wC1wN1_QqN2hN1 : 12.8316990 (0.14)%
    N3wC1wN1_N4hN2hN1 : 12.8165325 (0.13)%
    C2wN2hN1_N4hN2hN1 : 12.7328397 (0.13)%
    C2zC1wN1_N3zN2hN1 : 12.5381303 (0.13)%
GbB1bN4wC1wN1_QqC1wN1 : 12.3887808 (0.13)%
GtT2tN3zN2hN1_QqC1wN1 : 12.1866406 (0.13)%
    C2wN2hN1_N3zN2hN1 : 11.6630789 (0.12)%
    N3zN2hN1_N4wC1wN1 : 11.5931017 (0.12)%
             C1wN1_N1 : 11.5855848 (0.12)%
   GbB2tC2wN1_QqC1wN1 : 11.1299076 (0.12)%
GbB2tC2hC1wN1_QqN2hN1 : 10.9385211 (0.12)%
   GtT1bC2wN1_QqN2hN1 : 10.4106029 (0.11)%
   GbB1bN2hN1_QqN2hN1 : 10.1326672 (0.11)%
GbB2tC2zC1wN1_QqN2hN1 : 10.0116912 (0.11)%
   GtT2bC2wN1_QqC1wN1 : 9.7448475 (0.10)%
    C2hC1wN1_C2hC1wN1 : 9.7194395 (0.10)%
   GtT2tN4hN1_QqC1wN1 : 9.6193288 (0.10)%
GtT2bC2hC1wN1_QqN2hN1 : 9.5772781 (0.10)%
      GtT1tN1_QqN2hN1 : 9.4182410 (0.10)%
------------------------------------------------------------
                                    SUM=85.33%

SHOWING PROCESSES TO GET 90.00% SUSY COVERAGE
---------------  Output inclusive processes  ---------------
The total xsec = 9496.77 [fb]
The total rate = 100.00%
                    Modes : xsec/fb      (rate)
              C1wN1_N2hN1 : 2373.0509667 (24.99)%
              C1wN1_C1wN1 : 1273.7943164 (13.41)%
          QqC1wN1_QqC1wN1 : 1007.4144668 (10.61)%
          QqC1wN1_QqN2hN1 : 927.2127373 (9.76)%
              C1wN1_N2zN1 : 218.2119581 (2.30)%
          QqN2hN1_QqN2hN1 : 213.3489960 (2.25)%
       GtT1bC1wN1_QqC1wN1 : 90.4852996 (0.95)%
          QqC1wN1_QqN2zN1 : 85.2610878 (0.90)%
    GtT1tN3wC1wN1_QqC1wN1 : 74.6481669 (0.79)%
    GtT1bC2hC1wN1_QqC1wN1 : 48.3126114 (0.51)%
             QqC1wN1_QqN1 : 47.5257088 (0.50)%
       GbB1tC1wN1_QqC1wN1 : 45.8110521 (0.48)%
    GtT1bC2zC1wN1_QqC1wN1 : 44.2190441 (0.47)%
    GtT2tN4wC1wN1_QqC1wN1 : 42.0440135 (0.44)%
       GtT1bC1wN1_QqN2hN1 : 41.6408167 (0.44)%
    GtT1bC2wN2hN1_QqC1wN1 : 41.1329432 (0.43)%
          QqN2hN1_QqN2zN1 : 39.2366644 (0.41)%
                    N1_N1 : 38.8774721 (0.41)%
       GtT1tN2hN1_QqC1wN1 : 38.4608640 (0.40)%
    GbB1tC2hC1wN1_QqC1wN1 : 36.2335497 (0.38)%
    GtT1tN3wC1wN1_QqN2hN1 : 34.3526589 (0.36)%
    GtT1tN4wC1wN1_QqC1wN1 : 34.1660038 (0.36)%
    GbB1tC2zC1wN1_QqC1wN1 : 33.1634512 (0.35)%
    GtT1tN3zN2hN1_QqC1wN1 : 32.6257268 (0.34)%
        C2hC1wN1_N3wC1wN1 : 31.3431682 (0.33)%
        C2hC1wN1_N4wC1wN1 : 30.9516677 (0.33)%
    GbB1tC2wN2hN1_QqC1wN1 : 30.8489336 (0.32)%
        C2zC1wN1_N3wC1wN1 : 28.6874358 (0.30)%
           GqQqN1_QqC1wN1 : 28.3917439 (0.30)%
        C2zC1wN1_N4wC1wN1 : 28.3291074 (0.30)%
    GtT2tN3wC1wN1_QqC1wN1 : 27.8832219 (0.29)%
        C2wN2hN1_N3wC1wN1 : 26.6853047 (0.28)%
        N3wC1wN1_N4wC1wN1 : 26.5251959 (0.28)%
        C2wN2hN1_N4wC1wN1 : 26.3519845 (0.28)%
    GbB2tC2hC1wN1_QqC1wN1 : 23.7693551 (0.25)%
              N2hN1_N2hN1 : 23.0178161 (0.24)%
       GtT1bC2wN1_QqC1wN1 : 22.6221914 (0.24)%
    GtT1bC2hC1wN1_QqN2hN1 : 22.2331871 (0.23)%
       GbB1bN2hN1_QqC1wN1 : 22.0182383 (0.23)%
             QqN1_QqN2hN1 : 21.8710590 (0.23)%
    GbB2tC2zC1wN1_QqC1wN1 : 21.7553581 (0.23)%
       GbB1tC1wN1_QqN2hN1 : 21.0819838 (0.22)%
    GtT2bC2hC1wN1_QqC1wN1 : 20.8113804 (0.22)%
          GtT1tN1_QqC1wN1 : 20.4657936 (0.22)%
    GtT1bC2zC1wN1_QqN2hN1 : 20.3493509 (0.21)%
    GtT2tN4hN2hN1_QqC1wN1 : 20.3149665 (0.21)%
    GbB2tC2wN2hN1_QqC1wN1 : 20.2370251 (0.21)%
    GtT2tN4wC1wN1_QqN2hN1 : 19.3484142 (0.20)%
    GtT2bC2zC1wN1_QqC1wN1 : 19.0480150 (0.20)%
    GtT1bC2wN2hN1_QqN2hN1 : 18.9291449 (0.20)%
       QqC1wN1_QqC2hC1wN1 : 18.8353770 (0.20)%
       GtT1tN3zN1_QqC1wN1 : 18.6570579 (0.20)%
        C2hC1wN1_C2zC1wN1 : 17.7918068 (0.19)%
    GtT2bC2wN2hN1_QqC1wN1 : 17.7186309 (0.19)%
       GtT1tN2hN1_QqN2hN1 : 17.6994693 (0.19)%
       QqC1wN1_QqC2zC1wN1 : 17.2394400 (0.18)%
       GbB1tC2wN1_QqC1wN1 : 16.9662180 (0.18)%
    GbB1tC2hC1wN1_QqN2hN1 : 16.6744721 (0.18)%
        C2hC1wN1_C2wN2hN1 : 16.5500949 (0.17)%
    GtT1tN4hN2hN1_QqC1wN1 : 16.5084435 (0.17)%
       QqC1wN1_QqC2wN2hN1 : 16.0362785 (0.17)%
    GtT1tN4wC1wN1_QqN2hN1 : 15.7229993 (0.17)%
    GbB1tC2zC1wN1_QqN2hN1 : 15.2616303 (0.16)%
    GbB1bN3wC1wN1_QqC1wN1 : 15.2541418 (0.16)%
        C2wN2hN1_C2zC1wN1 : 15.1477918 (0.16)%
    GtT1tN3zN2hN1_QqN2hN1 : 15.0141726 (0.16)%
        C2hC1wN1_N4hN2hN1 : 14.9553299 (0.16)%
           C2wN1_N3wC1wN1 : 14.6763160 (0.15)%
           C2wN1_N4wC1wN1 : 14.4929974 (0.15)%
    GbB2bN4wC1wN1_QqC1wN1 : 14.3676698 (0.15)%
    GbB1tC2wN2hN1_QqN2hN1 : 14.1965026 (0.15)%
       QqC1wN1_QqN4wC1wN1 : 13.9938675 (0.15)%
        C2hC1wN1_N3zN2hN1 : 13.6988447 (0.14)%
        C2zC1wN1_N4hN2hN1 : 13.6881525 (0.14)%
    GbB2bN3wC1wN1_QqC1wN1 : 13.5149757 (0.14)%
           GqQqN1_QqN2hN1 : 13.0657180 (0.14)%
    GtT2tN3wC1wN1_QqN2hN1 : 12.8316990 (0.14)%
        N3wC1wN1_N4hN2hN1 : 12.8165325 (0.13)%
        C2wN2hN1_N4hN2hN1 : 12.7328397 (0.13)%
        C2zC1wN1_N3zN2hN1 : 12.5381303 (0.13)%
    GbB1bN4wC1wN1_QqC1wN1 : 12.3887808 (0.13)%
    GtT2tN3zN2hN1_QqC1wN1 : 12.1866406 (0.13)%
        C2wN2hN1_N3zN2hN1 : 11.6630789 (0.12)%
        N3zN2hN1_N4wC1wN1 : 11.5931017 (0.12)%
                 C1wN1_N1 : 11.5855848 (0.12)%
       GbB2tC2wN1_QqC1wN1 : 11.1299076 (0.12)%
    GbB2tC2hC1wN1_QqN2hN1 : 10.9385211 (0.12)%
       GtT1bC2wN1_QqN2hN1 : 10.4106029 (0.11)%
       GbB1bN2hN1_QqN2hN1 : 10.1326672 (0.11)%
    GbB2tC2zC1wN1_QqN2hN1 : 10.0116912 (0.11)%
       GtT2bC2wN1_QqC1wN1 : 9.7448475 (0.10)%
        C2hC1wN1_C2hC1wN1 : 9.7194395 (0.10)%
       GtT2tN4hN1_QqC1wN1 : 9.6193288 (0.10)%
    GtT2bC2hC1wN1_QqN2hN1 : 9.5772781 (0.10)%
          GtT1tN1_QqN2hN1 : 9.4182410 (0.10)%
    GtT2tN4hN2hN1_QqN2hN1 : 9.3488312 (0.10)%
    GbB2tC2wN2hN1_QqN2hN1 : 9.3129631 (0.10)%
           C2hC1wN1_C2wN1 : 9.1021791 (0.10)%
          QqC1wN1_QqC2wN1 : 8.8195916 (0.09)%
    GtT2bC2zC1wN1_QqN2hN1 : 8.7657874 (0.09)%
       QqC2hC1wN1_QqN2hN1 : 8.6679326 (0.09)%
       GtT1tN3zN1_QqN2hN1 : 8.5858712 (0.09)%
           C2wN1_C2zC1wN1 : 8.3309440 (0.09)%
           C1wN1_N3wC1wN1 : 8.2861209 (0.09)%
    GtT2bC2wN2hN1_QqN2hN1 : 8.1540125 (0.09)%
        C2zC1wN1_C2zC1wN1 : 8.1421462 (0.09)%
       QqC2zC1wN1_QqN2hN1 : 7.9334916 (0.08)%
           C2hC1wN1_N3zN1 : 7.8336995 (0.08)%
       GtT1tN4hN1_QqC1wN1 : 7.8169042 (0.08)%
       GbB1tC2wN1_QqN2hN1 : 7.8077564 (0.08)%
           C2wN1_C2wN2hN1 : 7.7495173 (0.08)%
    GtT1tN4hN2hN1_QqN2hN1 : 7.5970912 (0.08)%
       QqC2wN2hN1_QqN2hN1 : 7.3798035 (0.08)%
           C2zC1wN1_N3zN1 : 7.1699437 (0.08)%
           C2hC1wN1_N4hN1 : 7.0814902 (0.07)%
        C2wN2hN1_C2wN2hN1 : 7.0453045 (0.07)%
    GbB1bN3wC1wN1_QqN2hN1 : 7.0198687 (0.07)%
           C2wN1_N4hN2hN1 : 7.0027748 (0.07)%
    GtT2hT1bC1wN1_QqC1wN1 : 6.9715662 (0.07)%
       GtT2tN3zN1_QqC1wN1 : 6.9689439 (0.07)%
    GbB2bN4hN2hN1_QqC1wN1 : 6.9422186 (0.07)%
       QqC1wN1_QqN4hN2hN1 : 6.7616035 (0.07)%
           C2wN2hN1_N3zN1 : 6.6695446 (0.07)%
    GbB1bN3zN2hN1_QqC1wN1 : 6.6669750 (0.07)%
           N3zN1_N4wC1wN1 : 6.6295280 (0.07)%
    GbB2bN4wC1wN1_QqN2hN1 : 6.6119194 (0.07)%
           C2zC1wN1_N4hN1 : 6.4814697 (0.07)%
       QqN2hN1_QqN4wC1wN1 : 6.4398977 (0.07)%
           C2wN1_N3zN2hN1 : 6.4144305 (0.07)%
    GbB2bN3wC1wN1_QqN2hN1 : 6.2195144 (0.07)%
           N3wC1wN1_N4hN1 : 6.0687494 (0.06)%
          GtT2tN1_QqC1wN1 : 6.0679406 (0.06)%
           C2wN2hN1_N4hN1 : 6.0291200 (0.06)%
    GbB1bN4hN2hN1_QqC1wN1 : 5.9860524 (0.06)%
    GbB2bN3zN2hN1_QqC1wN1 : 5.9068551 (0.06)%
 GtT2hT1tN3wC1wN1_QqC1wN1 : 5.7513722 (0.06)%
    GbB1bN4wC1wN1_QqN2hN1 : 5.7012460 (0.06)%
    GtT2tN3zN2hN1_QqN2hN1 : 5.6082222 (0.06)%
        N3zN2hN1_N4hN2hN1 : 5.6015935 (0.06)%
     T1bC1wN1_T1tN3wC1wN1 : 5.3746351 (0.06)%
       GbB2tC1wN1_QqC1wN1 : 5.1833421 (0.05)%
 GtT1bC2nTAU1taN1_QqC1wN1 : 5.1289718 (0.05)%
       GbB2tC2wN1_QqN2hN1 : 5.1219197 (0.05)%
     QqC1wN1_QqGtT1bC1wN1 : 4.9296068 (0.05)%
GtT1tN3taTAU1taN1_QqC1wN1 : 4.8086648 (0.05)%
          GbB1bN1_QqC1wN1 : 4.6131603 (0.05)%
       GtT2bC2wN1_QqN2hN1 : 4.4845230 (0.05)%
       GtT2tN4hN1_QqN2hN1 : 4.4267600 (0.05)%
              N2hN1_N2zN1 : 4.2331689 (0.04)%
  QqC1wN1_QqGtT1tN3wC1wN1 : 4.0668055 (0.04)%
          QqC2wN1_QqN2hN1 : 4.0587256 (0.04)%
                 N1_N2hN1 : 4.0078815 (0.04)%
 GbB1tC2nTAU1taN1_QqC1wN1 : 3.8466323 (0.04)%
       GtT1bC1wN1_QqN2zN1 : 3.8290472 (0.04)%
       GbB1bN3zN1_QqC1wN1 : 3.8125170 (0.04)%
    GtT1bC2wN2zN1_QqC1wN1 : 3.7823461 (0.04)%
 GtT2hT1bC2hC1wN1_QqC1wN1 : 3.7223126 (0.04)%
              C2wN1_N3zN1 : 3.6680991 (0.04)%
           C1wN1_N3zN2hN1 : 3.6215319 (0.04)%
       GtT1tN4hN1_QqN2hN1 : 3.5972945 (0.04)%
       GtT1tN2zN1_QqC1wN1 : 3.5366372 (0.04)%
           N2hN1_N3wC1wN1 : 3.5069351 (0.04)%
     T1bC1wN1_T1bC2hC1wN1 : 3.4784867 (0.04)%
 GtT2hT1bC2zC1wN1_QqC1wN1 : 3.4069180 (0.04)%
       GbB2bN3zN1_QqC1wN1 : 3.3778416 (0.04)%
     C2nTAU1taN1_N3wC1wN1 : 3.3274588 (0.04)%
              C2wN1_N4hN1 : 3.3158801 (0.03)%
       GtT1tN3hN1_QqC1wN1 : 3.3038272 (0.03)%
       GbB2bN4hN1_QqC1wN1 : 3.2872062 (0.03)%
     C2nTAU1taN1_N4wC1wN1 : 3.2858963 (0.03)%
        T1bC1wN1_T1bC1wN1 : 3.2574508 (0.03)%
------------------------------------------------------------
                                        SUM=90.02%
