/Users/rafalmaselek/Projects/fastlim-1.0
 
#################################################################
#                                                               #
#                                                               #
#                     This is Fastlim  ver. 1.0                 #
#                                                               #
#          A fast LHC limit calculator for BSM models.          #
#                                                               #
#                  http://cern.ch/fastlim-1.0/                  #
#                                                               #
#  for bugs/feature requests: fastlim-1.0.developers@gmail.com  #
#                                                               #
#    please refer to:                                           #
#    M.Papucci, K.Sakurai, A.Weiler, L.Zeune arXiv:1402.xxxx    #
#                                                               #
#################################################################
 

!! Masses incompatible with the data for ERER !!

!! Problem with reading tables for ER ER !! Probably mass outside the table !! Setting xsec to 10^-20 !!

!! Masses incompatible with the data for ELEL !!

!! Problem with reading tables for EL EL !! Probably mass outside the table !! Setting xsec to 10^-20 !!

!! Masses incompatible with the data for TAU1TAU1 !!

!! Problem with reading tables for TAU1 TAU1 !! Probably mass outside the table !! Setting xsec to 10^-20 !!

!! Masses incompatible with the data for TAU2TAU2 !!

!! Problem with reading tables for TAU2 TAU2 !! Probably mass outside the table !! Setting xsec to 10^-20 !!
Decoupling mG=1898.09625 GeV; mQ=3094.1697799999997 GeV

!! Masses incompatible with the data for QQ !!

!! Problem with reading tables for Q Q !! Probably mass outside the table !! Setting xsec to 10^-20 !!

!! Masses incompatible with the data for GQ !!

!! Problem with reading tables for G Q !! Probably mass outside the table !! Setting xsec to 10^-20 !!
!! EWK PROCESS C1C2 NOT FOUND !! WILL TRY TO LOOK FOR +/- MODES !!
XSEC FOUND FOR: C1-C2+
XSEC FOUND FOR: C1+C2-
!! EWK PROCESS C1N1 NOT FOUND !! WILL TRY TO LOOK FOR +/- MODES !!
XSEC FOUND FOR: C1+N1
XSEC FOUND FOR: C1-N1
!! EWK PROCESS C1N2 NOT FOUND !! WILL TRY TO LOOK FOR +/- MODES !!
XSEC FOUND FOR: C1+N2
XSEC FOUND FOR: C1-N2
!! EWK PROCESS C1N3 NOT FOUND !! WILL TRY TO LOOK FOR +/- MODES !!
XSEC FOUND FOR: C1+N3
XSEC FOUND FOR: C1-N3
!! EWK PROCESS C1N4 NOT FOUND !! WILL TRY TO LOOK FOR +/- MODES !!
XSEC FOUND FOR: C1+N4
XSEC FOUND FOR: C1-N4
!! EWK PROCESS C2N1 NOT FOUND !! WILL TRY TO LOOK FOR +/- MODES !!
XSEC FOUND FOR: C2+N1
XSEC FOUND FOR: C2-N1
!! EWK PROCESS C2N2 NOT FOUND !! WILL TRY TO LOOK FOR +/- MODES !!
XSEC FOUND FOR: C2+N2
XSEC FOUND FOR: C2-N2
!! EWK PROCESS C2N3 NOT FOUND !! WILL TRY TO LOOK FOR +/- MODES !!
XSEC FOUND FOR: C2+N3
XSEC FOUND FOR: C2-N3
!! EWK PROCESS C2N4 NOT FOUND !! WILL TRY TO LOOK FOR +/- MODES !!
XSEC FOUND FOR: C2+N4
XSEC FOUND FOR: C2-N4
---------------  Output inclusive processes  ---------------
The total xsec = 22924.37 [fb]
The total rate = 100.00%
Output upto 0.10%
               Modes : xsec/fb      (rate)
         C1wN1_N2hN1 : 8169.7003611 (35.64)%
         C1wN1_C1wN1 : 4510.7909347 (19.68)%
         C1wN1_N2zN1 : 1028.5814750 (4.49)%
         C1wN1_N3zN1 : 612.0411510 (2.67)%
      C2wN1_N4wC1wN1 : 599.2147389 (2.61)%
         C2wN1_N3zN1 : 590.2875117 (2.57)%
         C2wN1_N4hN1 : 384.0637876 (1.68)%
   C2wN2hN1_N4wC1wN1 : 382.9502439 (1.67)%
      C2wN2hN1_N3zN1 : 377.2449707 (1.65)%
      N3zN1_N4wC1wN1 : 359.4326675 (1.57)%
      C2wN1_C2wN2hN1 : 317.2227888 (1.38)%
         N2hN1_N3zN1 : 263.0028585 (1.15)%
   C2zC1wN1_N4wC1wN1 : 262.6657822 (1.15)%
      C2zC1wN1_N3zN1 : 258.7525322 (1.13)%
         C2wN1_C2wN1 : 248.1844229 (1.08)%
      C2wN2hN1_N4hN1 : 245.4501059 (1.07)%
         N3zN1_N4hN1 : 230.3766291 (1.00)%
      C2wN1_C2zC1wN1 : 217.5832847 (0.95)%
      C2zC1wN1_N4hN1 : 168.3543622 (0.73)%
   C2wN2hN1_C2zC1wN1 : 139.0546102 (0.61)%
      C1wN1_N4wC1wN1 : 137.0841980 (0.60)%
         C1wN1_C2wN1 : 122.1388185 (0.53)%
         C2wN1_N2hN1 : 101.4160364 (0.44)%
   C2wN2hN1_C2wN2hN1 : 101.3664522 (0.44)%
         C1wN1_N4hN1 : 87.8634534 (0.38)%
      C1wN1_C2wN2hN1 : 78.0573095 (0.34)%
         C1wN1_N3hN1 : 72.8542911 (0.32)%
         C2wN1_N3hN1 : 70.2648476 (0.31)%
   GbtC1wN1_GbtC2wN1 : 68.1235607 (0.30)%
      C2wN2hN1_N2hN1 : 64.8136525 (0.28)%
         C2wN1_N4zN1 : 63.5672019 (0.28)%
   GbtC2wN1_GttN3zN1 : 57.8859083 (0.25)%
   GbtC1wN1_GttN3zN1 : 54.1681193 (0.24)%
      C1wN1_C2zC1wN1 : 53.5395514 (0.23)%
   C2wN2zN1_N4wC1wN1 : 48.2141951 (0.21)%
   C2zC1wN1_C2zC1wN1 : 47.6888167 (0.21)%
      C2wN2zN1_N3zN1 : 47.4958898 (0.21)%
GbtC2wN1_GbtC2wN2hN1 : 46.5249910 (0.20)%
      C2wN2hN1_N3hN1 : 44.9053382 (0.20)%
      C2zC1wN1_N2hN1 : 44.4557198 (0.19)%
GbtC1wN1_GbtC2wN2hN1 : 43.5368700 (0.19)%
            C1wN1_N1 : 43.1434135 (0.19)%
      N3hN1_N4wC1wN1 : 42.7850515 (0.19)%
      C2wN2hN1_N4zN1 : 40.6249611 (0.18)%
      C2wN1_C2wN2zN1 : 39.9389781 (0.17)%
         N3zN1_N4zN1 : 38.1301184 (0.17)%
GbtC2wN2hN1_GttN3zN1 : 36.9941212 (0.16)%
   GbtC2wN1_GbtC2wN1 : 36.3995855 (0.16)%
GbtC2wN1_GttN4wC1wN1 : 34.6280985 (0.15)%
         N2zN1_N3zN1 : 33.1125814 (0.14)%
GbtC1wN1_GttN4wC1wN1 : 32.4040691 (0.14)%
GbtC2wN1_GbtC2zC1wN1 : 31.9115168 (0.14)%
   GbtC1wN1_GbtC1wN1 : 31.8741234 (0.14)%
         N2hN1_N3hN1 : 31.3065335 (0.14)%
      C2wN2zN1_N4hN1 : 30.9026550 (0.13)%
      C2zC1wN1_N3hN1 : 30.8005961 (0.13)%
GbtC1wN1_GbtC2zC1wN1 : 29.8619630 (0.13)%
      C2zC1wN1_N4zN1 : 27.8646831 (0.12)%
GttN3zN1_GttN4wC1wN1 : 27.5343648 (0.12)%
      GbtC2wN1_GttN1 : 27.4921470 (0.12)%
         N3hN1_N4hN1 : 27.4228718 (0.12)%
            N1_N3zN1 : 26.6441772 (0.12)%
      GbtC1wN1_GttN1 : 25.7264323 (0.11)%
   C2wN2hN1_C2wN2zN1 : 25.5244747 (0.11)%
GbtC2zC1wN1_GttN3zN1 : 25.3742880 (0.11)%
   GbtC2wN1_GqqC1wN1 : 23.3251446 (0.10)%
   GttN3zN1_GttN3zN1 : 23.0138498 (0.10)%
   GbtC2wN1_GttN4hN1 : 22.1947122 (0.10)%
------------------------------------------------------------
                                   SUM=94.52%

SHOWING PROCESSES TO GET 90.00% SUSY COVERAGE
---------------  Output inclusive processes  ---------------
The total xsec = 22924.37 [fb]
The total rate = 100.00%
            Modes : xsec/fb      (rate)
      C1wN1_N2hN1 : 8169.7003611 (35.64)%
      C1wN1_C1wN1 : 4510.7909347 (19.68)%
      C1wN1_N2zN1 : 1028.5814750 (4.49)%
      C1wN1_N3zN1 : 612.0411510 (2.67)%
   C2wN1_N4wC1wN1 : 599.2147389 (2.61)%
      C2wN1_N3zN1 : 590.2875117 (2.57)%
      C2wN1_N4hN1 : 384.0637876 (1.68)%
C2wN2hN1_N4wC1wN1 : 382.9502439 (1.67)%
   C2wN2hN1_N3zN1 : 377.2449707 (1.65)%
   N3zN1_N4wC1wN1 : 359.4326675 (1.57)%
   C2wN1_C2wN2hN1 : 317.2227888 (1.38)%
      N2hN1_N3zN1 : 263.0028585 (1.15)%
C2zC1wN1_N4wC1wN1 : 262.6657822 (1.15)%
   C2zC1wN1_N3zN1 : 258.7525322 (1.13)%
      C2wN1_C2wN1 : 248.1844229 (1.08)%
   C2wN2hN1_N4hN1 : 245.4501059 (1.07)%
      N3zN1_N4hN1 : 230.3766291 (1.00)%
   C2wN1_C2zC1wN1 : 217.5832847 (0.95)%
   C2zC1wN1_N4hN1 : 168.3543622 (0.73)%
C2wN2hN1_C2zC1wN1 : 139.0546102 (0.61)%
   C1wN1_N4wC1wN1 : 137.0841980 (0.60)%
      C1wN1_C2wN1 : 122.1388185 (0.53)%
      C2wN1_N2hN1 : 101.4160364 (0.44)%
C2wN2hN1_C2wN2hN1 : 101.3664522 (0.44)%
      C1wN1_N4hN1 : 87.8634534 (0.38)%
   C1wN1_C2wN2hN1 : 78.0573095 (0.34)%
      C1wN1_N3hN1 : 72.8542911 (0.32)%
      C2wN1_N3hN1 : 70.2648476 (0.31)%
GbtC1wN1_GbtC2wN1 : 68.1235607 (0.30)%
   C2wN2hN1_N2hN1 : 64.8136525 (0.28)%
      C2wN1_N4zN1 : 63.5672019 (0.28)%
GbtC2wN1_GttN3zN1 : 57.8859083 (0.25)%
GbtC1wN1_GttN3zN1 : 54.1681193 (0.24)%
   C1wN1_C2zC1wN1 : 53.5395514 (0.23)%
C2wN2zN1_N4wC1wN1 : 48.2141951 (0.21)%
C2zC1wN1_C2zC1wN1 : 47.6888167 (0.21)%
   C2wN2zN1_N3zN1 : 47.4958898 (0.21)%
------------------------------------------------------------
                                SUM=90.04%
