/Users/rafalmaselek/Projects/fastlim-1.0
 
#################################################################
#                                                               #
#                                                               #
#                     This is Fastlim  ver. 1.0                 #
#                                                               #
#          A fast LHC limit calculator for BSM models.          #
#                                                               #
#                  http://cern.ch/fastlim-1.0/                  #
#                                                               #
#  for bugs/feature requests: fastlim-1.0.developers@gmail.com  #
#                                                               #
#    please refer to:                                           #
#    M.Papucci, K.Sakurai, A.Weiler, L.Zeune arXiv:1402.xxxx    #
#                                                               #
#################################################################
 

!! Masses incompatible with the data for ERER !!

!! Problem with reading tables for ER ER !! Probably mass outside the table !! Setting xsec to 10^-20 !!

!! Masses incompatible with the data for ELEL !!

!! Problem with reading tables for EL EL !! Probably mass outside the table !! Setting xsec to 10^-20 !!

!! Masses incompatible with the data for TAU1TAU1 !!

!! Problem with reading tables for TAU1 TAU1 !! Probably mass outside the table !! Setting xsec to 10^-20 !!

!! Masses incompatible with the data for TAU2TAU2 !!

!! Problem with reading tables for TAU2 TAU2 !! Probably mass outside the table !! Setting xsec to 10^-20 !!
!!! THERE IS MASS SHIFTING IN EWKfast --------------------------------------------------------
Energy  Precision  PDF  Process
13      LO    NNPDF30           C1C1       0.5038802628228555 
13      LO    NNPDF30           C1+C2-     0.00014208349339534134 # mass is shifted in the grid
13      LO    NNPDF30           C1-C2+     0.0001420535869383898 # mass is shifted in the grid
13      LO    NNPDF30           C2C2       0.013197333283214001 # mass is shifted in the grid
13      LO    NNPDF30           N1N1       0.01424292844719091 
13      LO    NNPDF30           N1N2       0.001601202305485112 
13      LO    NNPDF30           N1N3       5.044546481814954e-05 # mass is shifted in the grid
13      LO    NNPDF30           N1N4       2.004525694901712e-05 # mass is shifted in the grid
13      LO    NNPDF30           N2N2       0.00851547081291257 
13      LO    NNPDF30           N2N3       9.49312244604814e-05 # mass is shifted in the grid
13      LO    NNPDF30           N2N4       4.2688066136611983e-05 # mass is shifted in the grid
13      LO    NNPDF30           N3N3       1.0250494067571715e-09 # mass is shifted in the grid
13      LO    NNPDF30           N3N4       0.0022656236085443478 # mass is shifted in the grid
13      LO    NNPDF30           N4N4       5.2878398191756473e-08 # mass is shifted in the grid
13      LO    NNPDF30           N1C1+      0.002928135615354232 
13      LO    NNPDF30           N2C1+      0.8145396754265595 
13      LO    NNPDF30           N3C1+      0.00015569665826697195 # mass is shifted in the grid
13      LO    NNPDF30           N4C1+      5.3680427521446746e-05 # mass is shifted in the grid
13      LO    NNPDF30           N1C1-      0.0010226569798418416 
13      LO    NNPDF30           N2C1-      0.2802039538590617 
13      LO    NNPDF30           N3C1-      5.157716659114184e-05 # mass is shifted in the grid
13      LO    NNPDF30           N4C1-      1.758163143495851e-05 # mass is shifted in the grid
13      LO    NNPDF30           N1C2+      0.00027760115207793763 # mass is shifted in the grid
13      LO    NNPDF30           N2C2+      4.775772095010422e-05 # mass is shifted in the grid
13      LO    NNPDF30           N3C2+      0.003187388127185105 # mass is shifted in the grid
13      LO    NNPDF30           N4C2+      0.016291140289651094 # mass is shifted in the grid
13      LO    NNPDF30           N1C2-      9.30444714790238e-05 # mass is shifted in the grid
13      LO    NNPDF30           N2C2-      1.5718683068655716e-05 # mass is shifted in the grid
13      LO    NNPDF30           N3C2-      0.001101477501624477 # mass is shifted in the grid
13      LO    NNPDF30           N4C2-      0.00547598866578802 # mass is shifted in the grid

SLHA file: /Users/rafalmaselek/Projects/CheckMateCalculations/UML/SLHA_FIX/cmssm_1619_1142_5_-1142_1.slha
Input file: /Users/rafalmaselek/ScienceSoft/EWKfast_LO/input_default.dat
Sort: OFF 
Cut: -1 
Unit: fb 
ScaleVariation: OFF 

mC2 = 1591.84116 is out of range. |mC2| = 1500 was used.
mN3 = -1585.40411 is out of range. |mN3| = 1500 was used.
mN4 = 1591.90794 is out of range. |mN4| = 1500 was used.

-----------------------------------------------------------------------------------------------
!!! THERE IS MASS SHIFTING IN EWKfast --------------------------------------------------------
Energy  Precision  PDF  Process
13      LO    NNPDF30           C1C1       0.5038802628228555 
13      LO    NNPDF30           C1+C2-     0.00014208349339534134 # mass is shifted in the grid
13      LO    NNPDF30           C1-C2+     0.0001420535869383898 # mass is shifted in the grid
13      LO    NNPDF30           C2C2       0.013197333283214001 # mass is shifted in the grid
13      LO    NNPDF30           N1N1       0.01424292844719091 
13      LO    NNPDF30           N1N2       0.001601202305485112 
13      LO    NNPDF30           N1N3       5.044546481814954e-05 # mass is shifted in the grid
13      LO    NNPDF30           N1N4       2.004525694901712e-05 # mass is shifted in the grid
13      LO    NNPDF30           N2N2       0.00851547081291257 
13      LO    NNPDF30           N2N3       9.49312244604814e-05 # mass is shifted in the grid
13      LO    NNPDF30           N2N4       4.2688066136611983e-05 # mass is shifted in the grid
13      LO    NNPDF30           N3N3       1.0250494067571715e-09 # mass is shifted in the grid
13      LO    NNPDF30           N3N4       0.0022656236085443478 # mass is shifted in the grid
13      LO    NNPDF30           N4N4       5.2878398191756473e-08 # mass is shifted in the grid
13      LO    NNPDF30           N1C1+      0.002928135615354232 
13      LO    NNPDF30           N2C1+      0.8145396754265595 
13      LO    NNPDF30           N3C1+      0.00015569665826697195 # mass is shifted in the grid
13      LO    NNPDF30           N4C1+      5.3680427521446746e-05 # mass is shifted in the grid
13      LO    NNPDF30           N1C1-      0.0010226569798418416 
13      LO    NNPDF30           N2C1-      0.2802039538590617 
13      LO    NNPDF30           N3C1-      5.157716659114184e-05 # mass is shifted in the grid
13      LO    NNPDF30           N4C1-      1.758163143495851e-05 # mass is shifted in the grid
13      LO    NNPDF30           N1C2+      0.00027760115207793763 # mass is shifted in the grid
13      LO    NNPDF30           N2C2+      4.775772095010422e-05 # mass is shifted in the grid
13      LO    NNPDF30           N3C2+      0.003187388127185105 # mass is shifted in the grid
13      LO    NNPDF30           N4C2+      0.016291140289651094 # mass is shifted in the grid
13      LO    NNPDF30           N1C2-      9.30444714790238e-05 # mass is shifted in the grid
13      LO    NNPDF30           N2C2-      1.5718683068655716e-05 # mass is shifted in the grid
13      LO    NNPDF30           N3C2-      0.001101477501624477 # mass is shifted in the grid
13      LO    NNPDF30           N4C2-      0.00547598866578802 # mass is shifted in the grid

SLHA file: /Users/rafalmaselek/Projects/CheckMateCalculations/UML/SLHA_FIX/cmssm_1619_1142_5_-1142_1.slha
Input file: /Users/rafalmaselek/ScienceSoft/EWKfast_LO/input_default.dat
Sort: OFF 
Cut: -1 
Unit: fb 
ScaleVariation: OFF 

mC2 = 1591.84116 is out of range. |mC2| = 1500 was used.
mN3 = -1585.40411 is out of range. |mN3| = 1500 was used.
mN4 = 1591.90794 is out of range. |mN4| = 1500 was used.

-----------------------------------------------------------------------------------------------
!! EWK PROCESS C1C2 NOT FOUND !! WILL TRY TO LOOK FOR +/- MODES !!
XSEC FOUND FOR: C1-C2+
XSEC FOUND FOR: C1+C2-
!!! THERE IS MASS SHIFTING IN EWKfast --------------------------------------------------------
Energy  Precision  PDF  Process
13      LO    NNPDF30           C1C1       0.5038802628228555 
13      LO    NNPDF30           C1+C2-     0.00014208349339534134 # mass is shifted in the grid
13      LO    NNPDF30           C1-C2+     0.0001420535869383898 # mass is shifted in the grid
13      LO    NNPDF30           C2C2       0.013197333283214001 # mass is shifted in the grid
13      LO    NNPDF30           N1N1       0.01424292844719091 
13      LO    NNPDF30           N1N2       0.001601202305485112 
13      LO    NNPDF30           N1N3       5.044546481814954e-05 # mass is shifted in the grid
13      LO    NNPDF30           N1N4       2.004525694901712e-05 # mass is shifted in the grid
13      LO    NNPDF30           N2N2       0.00851547081291257 
13      LO    NNPDF30           N2N3       9.49312244604814e-05 # mass is shifted in the grid
13      LO    NNPDF30           N2N4       4.2688066136611983e-05 # mass is shifted in the grid
13      LO    NNPDF30           N3N3       1.0250494067571715e-09 # mass is shifted in the grid
13      LO    NNPDF30           N3N4       0.0022656236085443478 # mass is shifted in the grid
13      LO    NNPDF30           N4N4       5.2878398191756473e-08 # mass is shifted in the grid
13      LO    NNPDF30           N1C1+      0.002928135615354232 
13      LO    NNPDF30           N2C1+      0.8145396754265595 
13      LO    NNPDF30           N3C1+      0.00015569665826697195 # mass is shifted in the grid
13      LO    NNPDF30           N4C1+      5.3680427521446746e-05 # mass is shifted in the grid
13      LO    NNPDF30           N1C1-      0.0010226569798418416 
13      LO    NNPDF30           N2C1-      0.2802039538590617 
13      LO    NNPDF30           N3C1-      5.157716659114184e-05 # mass is shifted in the grid
13      LO    NNPDF30           N4C1-      1.758163143495851e-05 # mass is shifted in the grid
13      LO    NNPDF30           N1C2+      0.00027760115207793763 # mass is shifted in the grid
13      LO    NNPDF30           N2C2+      4.775772095010422e-05 # mass is shifted in the grid
13      LO    NNPDF30           N3C2+      0.003187388127185105 # mass is shifted in the grid
13      LO    NNPDF30           N4C2+      0.016291140289651094 # mass is shifted in the grid
13      LO    NNPDF30           N1C2-      9.30444714790238e-05 # mass is shifted in the grid
13      LO    NNPDF30           N2C2-      1.5718683068655716e-05 # mass is shifted in the grid
13      LO    NNPDF30           N3C2-      0.001101477501624477 # mass is shifted in the grid
13      LO    NNPDF30           N4C2-      0.00547598866578802 # mass is shifted in the grid

SLHA file: /Users/rafalmaselek/Projects/CheckMateCalculations/UML/SLHA_FIX/cmssm_1619_1142_5_-1142_1.slha
Input file: /Users/rafalmaselek/ScienceSoft/EWKfast_LO/input_default.dat
Sort: OFF 
Cut: -1 
Unit: fb 
ScaleVariation: OFF 

mC2 = 1591.84116 is out of range. |mC2| = 1500 was used.
mN3 = -1585.40411 is out of range. |mN3| = 1500 was used.
mN4 = 1591.90794 is out of range. |mN4| = 1500 was used.

-----------------------------------------------------------------------------------------------
!!! THERE IS MASS SHIFTING IN EWKfast --------------------------------------------------------
Energy  Precision  PDF  Process
13      LO    NNPDF30           C1C1       0.5038802628228555 
13      LO    NNPDF30           C1+C2-     0.00014208349339534134 # mass is shifted in the grid
13      LO    NNPDF30           C1-C2+     0.0001420535869383898 # mass is shifted in the grid
13      LO    NNPDF30           C2C2       0.013197333283214001 # mass is shifted in the grid
13      LO    NNPDF30           N1N1       0.01424292844719091 
13      LO    NNPDF30           N1N2       0.001601202305485112 
13      LO    NNPDF30           N1N3       5.044546481814954e-05 # mass is shifted in the grid
13      LO    NNPDF30           N1N4       2.004525694901712e-05 # mass is shifted in the grid
13      LO    NNPDF30           N2N2       0.00851547081291257 
13      LO    NNPDF30           N2N3       9.49312244604814e-05 # mass is shifted in the grid
13      LO    NNPDF30           N2N4       4.2688066136611983e-05 # mass is shifted in the grid
13      LO    NNPDF30           N3N3       1.0250494067571715e-09 # mass is shifted in the grid
13      LO    NNPDF30           N3N4       0.0022656236085443478 # mass is shifted in the grid
13      LO    NNPDF30           N4N4       5.2878398191756473e-08 # mass is shifted in the grid
13      LO    NNPDF30           N1C1+      0.002928135615354232 
13      LO    NNPDF30           N2C1+      0.8145396754265595 
13      LO    NNPDF30           N3C1+      0.00015569665826697195 # mass is shifted in the grid
13      LO    NNPDF30           N4C1+      5.3680427521446746e-05 # mass is shifted in the grid
13      LO    NNPDF30           N1C1-      0.0010226569798418416 
13      LO    NNPDF30           N2C1-      0.2802039538590617 
13      LO    NNPDF30           N3C1-      5.157716659114184e-05 # mass is shifted in the grid
13      LO    NNPDF30           N4C1-      1.758163143495851e-05 # mass is shifted in the grid
13      LO    NNPDF30           N1C2+      0.00027760115207793763 # mass is shifted in the grid
13      LO    NNPDF30           N2C2+      4.775772095010422e-05 # mass is shifted in the grid
13      LO    NNPDF30           N3C2+      0.003187388127185105 # mass is shifted in the grid
13      LO    NNPDF30           N4C2+      0.016291140289651094 # mass is shifted in the grid
13      LO    NNPDF30           N1C2-      9.30444714790238e-05 # mass is shifted in the grid
13      LO    NNPDF30           N2C2-      1.5718683068655716e-05 # mass is shifted in the grid
13      LO    NNPDF30           N3C2-      0.001101477501624477 # mass is shifted in the grid
13      LO    NNPDF30           N4C2-      0.00547598866578802 # mass is shifted in the grid

SLHA file: /Users/rafalmaselek/Projects/CheckMateCalculations/UML/SLHA_FIX/cmssm_1619_1142_5_-1142_1.slha
Input file: /Users/rafalmaselek/ScienceSoft/EWKfast_LO/input_default.dat
Sort: OFF 
Cut: -1 
Unit: fb 
ScaleVariation: OFF 

mC2 = 1591.84116 is out of range. |mC2| = 1500 was used.
mN3 = -1585.40411 is out of range. |mN3| = 1500 was used.
mN4 = 1591.90794 is out of range. |mN4| = 1500 was used.

-----------------------------------------------------------------------------------------------
!! EWK PROCESS C1N1 NOT FOUND !! WILL TRY TO LOOK FOR +/- MODES !!
XSEC FOUND FOR: C1+N1
XSEC FOUND FOR: C1-N1
!!! THERE IS MASS SHIFTING IN EWKfast --------------------------------------------------------
Energy  Precision  PDF  Process
13      LO    NNPDF30           C1C1       0.5038802628228555 
13      LO    NNPDF30           C1+C2-     0.00014208349339534134 # mass is shifted in the grid
13      LO    NNPDF30           C1-C2+     0.0001420535869383898 # mass is shifted in the grid
13      LO    NNPDF30           C2C2       0.013197333283214001 # mass is shifted in the grid
13      LO    NNPDF30           N1N1       0.01424292844719091 
13      LO    NNPDF30           N1N2       0.001601202305485112 
13      LO    NNPDF30           N1N3       5.044546481814954e-05 # mass is shifted in the grid
13      LO    NNPDF30           N1N4       2.004525694901712e-05 # mass is shifted in the grid
13      LO    NNPDF30           N2N2       0.00851547081291257 
13      LO    NNPDF30           N2N3       9.49312244604814e-05 # mass is shifted in the grid
13      LO    NNPDF30           N2N4       4.2688066136611983e-05 # mass is shifted in the grid
13      LO    NNPDF30           N3N3       1.0250494067571715e-09 # mass is shifted in the grid
13      LO    NNPDF30           N3N4       0.0022656236085443478 # mass is shifted in the grid
13      LO    NNPDF30           N4N4       5.2878398191756473e-08 # mass is shifted in the grid
13      LO    NNPDF30           N1C1+      0.002928135615354232 
13      LO    NNPDF30           N2C1+      0.8145396754265595 
13      LO    NNPDF30           N3C1+      0.00015569665826697195 # mass is shifted in the grid
13      LO    NNPDF30           N4C1+      5.3680427521446746e-05 # mass is shifted in the grid
13      LO    NNPDF30           N1C1-      0.0010226569798418416 
13      LO    NNPDF30           N2C1-      0.2802039538590617 
13      LO    NNPDF30           N3C1-      5.157716659114184e-05 # mass is shifted in the grid
13      LO    NNPDF30           N4C1-      1.758163143495851e-05 # mass is shifted in the grid
13      LO    NNPDF30           N1C2+      0.00027760115207793763 # mass is shifted in the grid
13      LO    NNPDF30           N2C2+      4.775772095010422e-05 # mass is shifted in the grid
13      LO    NNPDF30           N3C2+      0.003187388127185105 # mass is shifted in the grid
13      LO    NNPDF30           N4C2+      0.016291140289651094 # mass is shifted in the grid
13      LO    NNPDF30           N1C2-      9.30444714790238e-05 # mass is shifted in the grid
13      LO    NNPDF30           N2C2-      1.5718683068655716e-05 # mass is shifted in the grid
13      LO    NNPDF30           N3C2-      0.001101477501624477 # mass is shifted in the grid
13      LO    NNPDF30           N4C2-      0.00547598866578802 # mass is shifted in the grid

SLHA file: /Users/rafalmaselek/Projects/CheckMateCalculations/UML/SLHA_FIX/cmssm_1619_1142_5_-1142_1.slha
Input file: /Users/rafalmaselek/ScienceSoft/EWKfast_LO/input_default.dat
Sort: OFF 
Cut: -1 
Unit: fb 
ScaleVariation: OFF 

mC2 = 1591.84116 is out of range. |mC2| = 1500 was used.
mN3 = -1585.40411 is out of range. |mN3| = 1500 was used.
mN4 = 1591.90794 is out of range. |mN4| = 1500 was used.

-----------------------------------------------------------------------------------------------
!! EWK PROCESS C1N2 NOT FOUND !! WILL TRY TO LOOK FOR +/- MODES !!
XSEC FOUND FOR: C1+N2
XSEC FOUND FOR: C1-N2
!!! THERE IS MASS SHIFTING IN EWKfast --------------------------------------------------------
Energy  Precision  PDF  Process
13      LO    NNPDF30           C1C1       0.5038802628228555 
13      LO    NNPDF30           C1+C2-     0.00014208349339534134 # mass is shifted in the grid
13      LO    NNPDF30           C1-C2+     0.0001420535869383898 # mass is shifted in the grid
13      LO    NNPDF30           C2C2       0.013197333283214001 # mass is shifted in the grid
13      LO    NNPDF30           N1N1       0.01424292844719091 
13      LO    NNPDF30           N1N2       0.001601202305485112 
13      LO    NNPDF30           N1N3       5.044546481814954e-05 # mass is shifted in the grid
13      LO    NNPDF30           N1N4       2.004525694901712e-05 # mass is shifted in the grid
13      LO    NNPDF30           N2N2       0.00851547081291257 
13      LO    NNPDF30           N2N3       9.49312244604814e-05 # mass is shifted in the grid
13      LO    NNPDF30           N2N4       4.2688066136611983e-05 # mass is shifted in the grid
13      LO    NNPDF30           N3N3       1.0250494067571715e-09 # mass is shifted in the grid
13      LO    NNPDF30           N3N4       0.0022656236085443478 # mass is shifted in the grid
13      LO    NNPDF30           N4N4       5.2878398191756473e-08 # mass is shifted in the grid
13      LO    NNPDF30           N1C1+      0.002928135615354232 
13      LO    NNPDF30           N2C1+      0.8145396754265595 
13      LO    NNPDF30           N3C1+      0.00015569665826697195 # mass is shifted in the grid
13      LO    NNPDF30           N4C1+      5.3680427521446746e-05 # mass is shifted in the grid
13      LO    NNPDF30           N1C1-      0.0010226569798418416 
13      LO    NNPDF30           N2C1-      0.2802039538590617 
13      LO    NNPDF30           N3C1-      5.157716659114184e-05 # mass is shifted in the grid
13      LO    NNPDF30           N4C1-      1.758163143495851e-05 # mass is shifted in the grid
13      LO    NNPDF30           N1C2+      0.00027760115207793763 # mass is shifted in the grid
13      LO    NNPDF30           N2C2+      4.775772095010422e-05 # mass is shifted in the grid
13      LO    NNPDF30           N3C2+      0.003187388127185105 # mass is shifted in the grid
13      LO    NNPDF30           N4C2+      0.016291140289651094 # mass is shifted in the grid
13      LO    NNPDF30           N1C2-      9.30444714790238e-05 # mass is shifted in the grid
13      LO    NNPDF30           N2C2-      1.5718683068655716e-05 # mass is shifted in the grid
13      LO    NNPDF30           N3C2-      0.001101477501624477 # mass is shifted in the grid
13      LO    NNPDF30           N4C2-      0.00547598866578802 # mass is shifted in the grid

SLHA file: /Users/rafalmaselek/Projects/CheckMateCalculations/UML/SLHA_FIX/cmssm_1619_1142_5_-1142_1.slha
Input file: /Users/rafalmaselek/ScienceSoft/EWKfast_LO/input_default.dat
Sort: OFF 
Cut: -1 
Unit: fb 
ScaleVariation: OFF 

mC2 = 1591.84116 is out of range. |mC2| = 1500 was used.
mN3 = -1585.40411 is out of range. |mN3| = 1500 was used.
mN4 = 1591.90794 is out of range. |mN4| = 1500 was used.

-----------------------------------------------------------------------------------------------
!! EWK PROCESS C1N3 NOT FOUND !! WILL TRY TO LOOK FOR +/- MODES !!
XSEC FOUND FOR: C1+N3
XSEC FOUND FOR: C1-N3
!!! THERE IS MASS SHIFTING IN EWKfast --------------------------------------------------------
Energy  Precision  PDF  Process
13      LO    NNPDF30           C1C1       0.5038802628228555 
13      LO    NNPDF30           C1+C2-     0.00014208349339534134 # mass is shifted in the grid
13      LO    NNPDF30           C1-C2+     0.0001420535869383898 # mass is shifted in the grid
13      LO    NNPDF30           C2C2       0.013197333283214001 # mass is shifted in the grid
13      LO    NNPDF30           N1N1       0.01424292844719091 
13      LO    NNPDF30           N1N2       0.001601202305485112 
13      LO    NNPDF30           N1N3       5.044546481814954e-05 # mass is shifted in the grid
13      LO    NNPDF30           N1N4       2.004525694901712e-05 # mass is shifted in the grid
13      LO    NNPDF30           N2N2       0.00851547081291257 
13      LO    NNPDF30           N2N3       9.49312244604814e-05 # mass is shifted in the grid
13      LO    NNPDF30           N2N4       4.2688066136611983e-05 # mass is shifted in the grid
13      LO    NNPDF30           N3N3       1.0250494067571715e-09 # mass is shifted in the grid
13      LO    NNPDF30           N3N4       0.0022656236085443478 # mass is shifted in the grid
13      LO    NNPDF30           N4N4       5.2878398191756473e-08 # mass is shifted in the grid
13      LO    NNPDF30           N1C1+      0.002928135615354232 
13      LO    NNPDF30           N2C1+      0.8145396754265595 
13      LO    NNPDF30           N3C1+      0.00015569665826697195 # mass is shifted in the grid
13      LO    NNPDF30           N4C1+      5.3680427521446746e-05 # mass is shifted in the grid
13      LO    NNPDF30           N1C1-      0.0010226569798418416 
13      LO    NNPDF30           N2C1-      0.2802039538590617 
13      LO    NNPDF30           N3C1-      5.157716659114184e-05 # mass is shifted in the grid
13      LO    NNPDF30           N4C1-      1.758163143495851e-05 # mass is shifted in the grid
13      LO    NNPDF30           N1C2+      0.00027760115207793763 # mass is shifted in the grid
13      LO    NNPDF30           N2C2+      4.775772095010422e-05 # mass is shifted in the grid
13      LO    NNPDF30           N3C2+      0.003187388127185105 # mass is shifted in the grid
13      LO    NNPDF30           N4C2+      0.016291140289651094 # mass is shifted in the grid
13      LO    NNPDF30           N1C2-      9.30444714790238e-05 # mass is shifted in the grid
13      LO    NNPDF30           N2C2-      1.5718683068655716e-05 # mass is shifted in the grid
13      LO    NNPDF30           N3C2-      0.001101477501624477 # mass is shifted in the grid
13      LO    NNPDF30           N4C2-      0.00547598866578802 # mass is shifted in the grid

SLHA file: /Users/rafalmaselek/Projects/CheckMateCalculations/UML/SLHA_FIX/cmssm_1619_1142_5_-1142_1.slha
Input file: /Users/rafalmaselek/ScienceSoft/EWKfast_LO/input_default.dat
Sort: OFF 
Cut: -1 
Unit: fb 
ScaleVariation: OFF 

mC2 = 1591.84116 is out of range. |mC2| = 1500 was used.
mN3 = -1585.40411 is out of range. |mN3| = 1500 was used.
mN4 = 1591.90794 is out of range. |mN4| = 1500 was used.

-----------------------------------------------------------------------------------------------
!! EWK PROCESS C1N4 NOT FOUND !! WILL TRY TO LOOK FOR +/- MODES !!
XSEC FOUND FOR: C1+N4
XSEC FOUND FOR: C1-N4
!!! THERE IS MASS SHIFTING IN EWKfast --------------------------------------------------------
Energy  Precision  PDF  Process
13      LO    NNPDF30           C1C1       0.5038802628228555 
13      LO    NNPDF30           C1+C2-     0.00014208349339534134 # mass is shifted in the grid
13      LO    NNPDF30           C1-C2+     0.0001420535869383898 # mass is shifted in the grid
13      LO    NNPDF30           C2C2       0.013197333283214001 # mass is shifted in the grid
13      LO    NNPDF30           N1N1       0.01424292844719091 
13      LO    NNPDF30           N1N2       0.001601202305485112 
13      LO    NNPDF30           N1N3       5.044546481814954e-05 # mass is shifted in the grid
13      LO    NNPDF30           N1N4       2.004525694901712e-05 # mass is shifted in the grid
13      LO    NNPDF30           N2N2       0.00851547081291257 
13      LO    NNPDF30           N2N3       9.49312244604814e-05 # mass is shifted in the grid
13      LO    NNPDF30           N2N4       4.2688066136611983e-05 # mass is shifted in the grid
13      LO    NNPDF30           N3N3       1.0250494067571715e-09 # mass is shifted in the grid
13      LO    NNPDF30           N3N4       0.0022656236085443478 # mass is shifted in the grid
13      LO    NNPDF30           N4N4       5.2878398191756473e-08 # mass is shifted in the grid
13      LO    NNPDF30           N1C1+      0.002928135615354232 
13      LO    NNPDF30           N2C1+      0.8145396754265595 
13      LO    NNPDF30           N3C1+      0.00015569665826697195 # mass is shifted in the grid
13      LO    NNPDF30           N4C1+      5.3680427521446746e-05 # mass is shifted in the grid
13      LO    NNPDF30           N1C1-      0.0010226569798418416 
13      LO    NNPDF30           N2C1-      0.2802039538590617 
13      LO    NNPDF30           N3C1-      5.157716659114184e-05 # mass is shifted in the grid
13      LO    NNPDF30           N4C1-      1.758163143495851e-05 # mass is shifted in the grid
13      LO    NNPDF30           N1C2+      0.00027760115207793763 # mass is shifted in the grid
13      LO    NNPDF30           N2C2+      4.775772095010422e-05 # mass is shifted in the grid
13      LO    NNPDF30           N3C2+      0.003187388127185105 # mass is shifted in the grid
13      LO    NNPDF30           N4C2+      0.016291140289651094 # mass is shifted in the grid
13      LO    NNPDF30           N1C2-      9.30444714790238e-05 # mass is shifted in the grid
13      LO    NNPDF30           N2C2-      1.5718683068655716e-05 # mass is shifted in the grid
13      LO    NNPDF30           N3C2-      0.001101477501624477 # mass is shifted in the grid
13      LO    NNPDF30           N4C2-      0.00547598866578802 # mass is shifted in the grid

SLHA file: /Users/rafalmaselek/Projects/CheckMateCalculations/UML/SLHA_FIX/cmssm_1619_1142_5_-1142_1.slha
Input file: /Users/rafalmaselek/ScienceSoft/EWKfast_LO/input_default.dat
Sort: OFF 
Cut: -1 
Unit: fb 
ScaleVariation: OFF 

mC2 = 1591.84116 is out of range. |mC2| = 1500 was used.
mN3 = -1585.40411 is out of range. |mN3| = 1500 was used.
mN4 = 1591.90794 is out of range. |mN4| = 1500 was used.

-----------------------------------------------------------------------------------------------
!! EWK PROCESS C2N1 NOT FOUND !! WILL TRY TO LOOK FOR +/- MODES !!
XSEC FOUND FOR: C2+N1
XSEC FOUND FOR: C2-N1
!!! THERE IS MASS SHIFTING IN EWKfast --------------------------------------------------------
Energy  Precision  PDF  Process
13      LO    NNPDF30           C1C1       0.5038802628228555 
13      LO    NNPDF30           C1+C2-     0.00014208349339534134 # mass is shifted in the grid
13      LO    NNPDF30           C1-C2+     0.0001420535869383898 # mass is shifted in the grid
13      LO    NNPDF30           C2C2       0.013197333283214001 # mass is shifted in the grid
13      LO    NNPDF30           N1N1       0.01424292844719091 
13      LO    NNPDF30           N1N2       0.001601202305485112 
13      LO    NNPDF30           N1N3       5.044546481814954e-05 # mass is shifted in the grid
13      LO    NNPDF30           N1N4       2.004525694901712e-05 # mass is shifted in the grid
13      LO    NNPDF30           N2N2       0.00851547081291257 
13      LO    NNPDF30           N2N3       9.49312244604814e-05 # mass is shifted in the grid
13      LO    NNPDF30           N2N4       4.2688066136611983e-05 # mass is shifted in the grid
13      LO    NNPDF30           N3N3       1.0250494067571715e-09 # mass is shifted in the grid
13      LO    NNPDF30           N3N4       0.0022656236085443478 # mass is shifted in the grid
13      LO    NNPDF30           N4N4       5.2878398191756473e-08 # mass is shifted in the grid
13      LO    NNPDF30           N1C1+      0.002928135615354232 
13      LO    NNPDF30           N2C1+      0.8145396754265595 
13      LO    NNPDF30           N3C1+      0.00015569665826697195 # mass is shifted in the grid
13      LO    NNPDF30           N4C1+      5.3680427521446746e-05 # mass is shifted in the grid
13      LO    NNPDF30           N1C1-      0.0010226569798418416 
13      LO    NNPDF30           N2C1-      0.2802039538590617 
13      LO    NNPDF30           N3C1-      5.157716659114184e-05 # mass is shifted in the grid
13      LO    NNPDF30           N4C1-      1.758163143495851e-05 # mass is shifted in the grid
13      LO    NNPDF30           N1C2+      0.00027760115207793763 # mass is shifted in the grid
13      LO    NNPDF30           N2C2+      4.775772095010422e-05 # mass is shifted in the grid
13      LO    NNPDF30           N3C2+      0.003187388127185105 # mass is shifted in the grid
13      LO    NNPDF30           N4C2+      0.016291140289651094 # mass is shifted in the grid
13      LO    NNPDF30           N1C2-      9.30444714790238e-05 # mass is shifted in the grid
13      LO    NNPDF30           N2C2-      1.5718683068655716e-05 # mass is shifted in the grid
13      LO    NNPDF30           N3C2-      0.001101477501624477 # mass is shifted in the grid
13      LO    NNPDF30           N4C2-      0.00547598866578802 # mass is shifted in the grid

SLHA file: /Users/rafalmaselek/Projects/CheckMateCalculations/UML/SLHA_FIX/cmssm_1619_1142_5_-1142_1.slha
Input file: /Users/rafalmaselek/ScienceSoft/EWKfast_LO/input_default.dat
Sort: OFF 
Cut: -1 
Unit: fb 
ScaleVariation: OFF 

mC2 = 1591.84116 is out of range. |mC2| = 1500 was used.
mN3 = -1585.40411 is out of range. |mN3| = 1500 was used.
mN4 = 1591.90794 is out of range. |mN4| = 1500 was used.

-----------------------------------------------------------------------------------------------
!! EWK PROCESS C2N2 NOT FOUND !! WILL TRY TO LOOK FOR +/- MODES !!
XSEC FOUND FOR: C2+N2
XSEC FOUND FOR: C2-N2
!!! THERE IS MASS SHIFTING IN EWKfast --------------------------------------------------------
Energy  Precision  PDF  Process
13      LO    NNPDF30           C1C1       0.5038802628228555 
13      LO    NNPDF30           C1+C2-     0.00014208349339534134 # mass is shifted in the grid
13      LO    NNPDF30           C1-C2+     0.0001420535869383898 # mass is shifted in the grid
13      LO    NNPDF30           C2C2       0.013197333283214001 # mass is shifted in the grid
13      LO    NNPDF30           N1N1       0.01424292844719091 
13      LO    NNPDF30           N1N2       0.001601202305485112 
13      LO    NNPDF30           N1N3       5.044546481814954e-05 # mass is shifted in the grid
13      LO    NNPDF30           N1N4       2.004525694901712e-05 # mass is shifted in the grid
13      LO    NNPDF30           N2N2       0.00851547081291257 
13      LO    NNPDF30           N2N3       9.49312244604814e-05 # mass is shifted in the grid
13      LO    NNPDF30           N2N4       4.2688066136611983e-05 # mass is shifted in the grid
13      LO    NNPDF30           N3N3       1.0250494067571715e-09 # mass is shifted in the grid
13      LO    NNPDF30           N3N4       0.0022656236085443478 # mass is shifted in the grid
13      LO    NNPDF30           N4N4       5.2878398191756473e-08 # mass is shifted in the grid
13      LO    NNPDF30           N1C1+      0.002928135615354232 
13      LO    NNPDF30           N2C1+      0.8145396754265595 
13      LO    NNPDF30           N3C1+      0.00015569665826697195 # mass is shifted in the grid
13      LO    NNPDF30           N4C1+      5.3680427521446746e-05 # mass is shifted in the grid
13      LO    NNPDF30           N1C1-      0.0010226569798418416 
13      LO    NNPDF30           N2C1-      0.2802039538590617 
13      LO    NNPDF30           N3C1-      5.157716659114184e-05 # mass is shifted in the grid
13      LO    NNPDF30           N4C1-      1.758163143495851e-05 # mass is shifted in the grid
13      LO    NNPDF30           N1C2+      0.00027760115207793763 # mass is shifted in the grid
13      LO    NNPDF30           N2C2+      4.775772095010422e-05 # mass is shifted in the grid
13      LO    NNPDF30           N3C2+      0.003187388127185105 # mass is shifted in the grid
13      LO    NNPDF30           N4C2+      0.016291140289651094 # mass is shifted in the grid
13      LO    NNPDF30           N1C2-      9.30444714790238e-05 # mass is shifted in the grid
13      LO    NNPDF30           N2C2-      1.5718683068655716e-05 # mass is shifted in the grid
13      LO    NNPDF30           N3C2-      0.001101477501624477 # mass is shifted in the grid
13      LO    NNPDF30           N4C2-      0.00547598866578802 # mass is shifted in the grid

SLHA file: /Users/rafalmaselek/Projects/CheckMateCalculations/UML/SLHA_FIX/cmssm_1619_1142_5_-1142_1.slha
Input file: /Users/rafalmaselek/ScienceSoft/EWKfast_LO/input_default.dat
Sort: OFF 
Cut: -1 
Unit: fb 
ScaleVariation: OFF 

mC2 = 1591.84116 is out of range. |mC2| = 1500 was used.
mN3 = -1585.40411 is out of range. |mN3| = 1500 was used.
mN4 = 1591.90794 is out of range. |mN4| = 1500 was used.

-----------------------------------------------------------------------------------------------
!! EWK PROCESS C2N3 NOT FOUND !! WILL TRY TO LOOK FOR +/- MODES !!
XSEC FOUND FOR: C2+N3
XSEC FOUND FOR: C2-N3
!!! THERE IS MASS SHIFTING IN EWKfast --------------------------------------------------------
Energy  Precision  PDF  Process
13      LO    NNPDF30           C1C1       0.5038802628228555 
13      LO    NNPDF30           C1+C2-     0.00014208349339534134 # mass is shifted in the grid
13      LO    NNPDF30           C1-C2+     0.0001420535869383898 # mass is shifted in the grid
13      LO    NNPDF30           C2C2       0.013197333283214001 # mass is shifted in the grid
13      LO    NNPDF30           N1N1       0.01424292844719091 
13      LO    NNPDF30           N1N2       0.001601202305485112 
13      LO    NNPDF30           N1N3       5.044546481814954e-05 # mass is shifted in the grid
13      LO    NNPDF30           N1N4       2.004525694901712e-05 # mass is shifted in the grid
13      LO    NNPDF30           N2N2       0.00851547081291257 
13      LO    NNPDF30           N2N3       9.49312244604814e-05 # mass is shifted in the grid
13      LO    NNPDF30           N2N4       4.2688066136611983e-05 # mass is shifted in the grid
13      LO    NNPDF30           N3N3       1.0250494067571715e-09 # mass is shifted in the grid
13      LO    NNPDF30           N3N4       0.0022656236085443478 # mass is shifted in the grid
13      LO    NNPDF30           N4N4       5.2878398191756473e-08 # mass is shifted in the grid
13      LO    NNPDF30           N1C1+      0.002928135615354232 
13      LO    NNPDF30           N2C1+      0.8145396754265595 
13      LO    NNPDF30           N3C1+      0.00015569665826697195 # mass is shifted in the grid
13      LO    NNPDF30           N4C1+      5.3680427521446746e-05 # mass is shifted in the grid
13      LO    NNPDF30           N1C1-      0.0010226569798418416 
13      LO    NNPDF30           N2C1-      0.2802039538590617 
13      LO    NNPDF30           N3C1-      5.157716659114184e-05 # mass is shifted in the grid
13      LO    NNPDF30           N4C1-      1.758163143495851e-05 # mass is shifted in the grid
13      LO    NNPDF30           N1C2+      0.00027760115207793763 # mass is shifted in the grid
13      LO    NNPDF30           N2C2+      4.775772095010422e-05 # mass is shifted in the grid
13      LO    NNPDF30           N3C2+      0.003187388127185105 # mass is shifted in the grid
13      LO    NNPDF30           N4C2+      0.016291140289651094 # mass is shifted in the grid
13      LO    NNPDF30           N1C2-      9.30444714790238e-05 # mass is shifted in the grid
13      LO    NNPDF30           N2C2-      1.5718683068655716e-05 # mass is shifted in the grid
13      LO    NNPDF30           N3C2-      0.001101477501624477 # mass is shifted in the grid
13      LO    NNPDF30           N4C2-      0.00547598866578802 # mass is shifted in the grid

SLHA file: /Users/rafalmaselek/Projects/CheckMateCalculations/UML/SLHA_FIX/cmssm_1619_1142_5_-1142_1.slha
Input file: /Users/rafalmaselek/ScienceSoft/EWKfast_LO/input_default.dat
Sort: OFF 
Cut: -1 
Unit: fb 
ScaleVariation: OFF 

mC2 = 1591.84116 is out of range. |mC2| = 1500 was used.
mN3 = -1585.40411 is out of range. |mN3| = 1500 was used.
mN4 = 1591.90794 is out of range. |mN4| = 1500 was used.

-----------------------------------------------------------------------------------------------
!! EWK PROCESS C2N4 NOT FOUND !! WILL TRY TO LOOK FOR +/- MODES !!
XSEC FOUND FOR: C2+N4
XSEC FOUND FOR: C2-N4
!!! THERE IS MASS SHIFTING IN EWKfast --------------------------------------------------------
Energy  Precision  PDF  Process
13      LO    NNPDF30           C1C1       0.5038802628228555 
13      LO    NNPDF30           C1+C2-     0.00014208349339534134 # mass is shifted in the grid
13      LO    NNPDF30           C1-C2+     0.0001420535869383898 # mass is shifted in the grid
13      LO    NNPDF30           C2C2       0.013197333283214001 # mass is shifted in the grid
13      LO    NNPDF30           N1N1       0.01424292844719091 
13      LO    NNPDF30           N1N2       0.001601202305485112 
13      LO    NNPDF30           N1N3       5.044546481814954e-05 # mass is shifted in the grid
13      LO    NNPDF30           N1N4       2.004525694901712e-05 # mass is shifted in the grid
13      LO    NNPDF30           N2N2       0.00851547081291257 
13      LO    NNPDF30           N2N3       9.49312244604814e-05 # mass is shifted in the grid
13      LO    NNPDF30           N2N4       4.2688066136611983e-05 # mass is shifted in the grid
13      LO    NNPDF30           N3N3       1.0250494067571715e-09 # mass is shifted in the grid
13      LO    NNPDF30           N3N4       0.0022656236085443478 # mass is shifted in the grid
13      LO    NNPDF30           N4N4       5.2878398191756473e-08 # mass is shifted in the grid
13      LO    NNPDF30           N1C1+      0.002928135615354232 
13      LO    NNPDF30           N2C1+      0.8145396754265595 
13      LO    NNPDF30           N3C1+      0.00015569665826697195 # mass is shifted in the grid
13      LO    NNPDF30           N4C1+      5.3680427521446746e-05 # mass is shifted in the grid
13      LO    NNPDF30           N1C1-      0.0010226569798418416 
13      LO    NNPDF30           N2C1-      0.2802039538590617 
13      LO    NNPDF30           N3C1-      5.157716659114184e-05 # mass is shifted in the grid
13      LO    NNPDF30           N4C1-      1.758163143495851e-05 # mass is shifted in the grid
13      LO    NNPDF30           N1C2+      0.00027760115207793763 # mass is shifted in the grid
13      LO    NNPDF30           N2C2+      4.775772095010422e-05 # mass is shifted in the grid
13      LO    NNPDF30           N3C2+      0.003187388127185105 # mass is shifted in the grid
13      LO    NNPDF30           N4C2+      0.016291140289651094 # mass is shifted in the grid
13      LO    NNPDF30           N1C2-      9.30444714790238e-05 # mass is shifted in the grid
13      LO    NNPDF30           N2C2-      1.5718683068655716e-05 # mass is shifted in the grid
13      LO    NNPDF30           N3C2-      0.001101477501624477 # mass is shifted in the grid
13      LO    NNPDF30           N4C2-      0.00547598866578802 # mass is shifted in the grid

SLHA file: /Users/rafalmaselek/Projects/CheckMateCalculations/UML/SLHA_FIX/cmssm_1619_1142_5_-1142_1.slha
Input file: /Users/rafalmaselek/ScienceSoft/EWKfast_LO/input_default.dat
Sort: OFF 
Cut: -1 
Unit: fb 
ScaleVariation: OFF 

mC2 = 1591.84116 is out of range. |mC2| = 1500 was used.
mN3 = -1585.40411 is out of range. |mN3| = 1500 was used.
mN4 = 1591.90794 is out of range. |mN4| = 1500 was used.

-----------------------------------------------------------------------------------------------
!!! THERE IS MASS SHIFTING IN EWKfast --------------------------------------------------------
Energy  Precision  PDF  Process
13      LO    NNPDF30           C1C1       0.5038802628228555 
13      LO    NNPDF30           C1+C2-     0.00014208349339534134 # mass is shifted in the grid
13      LO    NNPDF30           C1-C2+     0.0001420535869383898 # mass is shifted in the grid
13      LO    NNPDF30           C2C2       0.013197333283214001 # mass is shifted in the grid
13      LO    NNPDF30           N1N1       0.01424292844719091 
13      LO    NNPDF30           N1N2       0.001601202305485112 
13      LO    NNPDF30           N1N3       5.044546481814954e-05 # mass is shifted in the grid
13      LO    NNPDF30           N1N4       2.004525694901712e-05 # mass is shifted in the grid
13      LO    NNPDF30           N2N2       0.00851547081291257 
13      LO    NNPDF30           N2N3       9.49312244604814e-05 # mass is shifted in the grid
13      LO    NNPDF30           N2N4       4.2688066136611983e-05 # mass is shifted in the grid
13      LO    NNPDF30           N3N3       1.0250494067571715e-09 # mass is shifted in the grid
13      LO    NNPDF30           N3N4       0.0022656236085443478 # mass is shifted in the grid
13      LO    NNPDF30           N4N4       5.2878398191756473e-08 # mass is shifted in the grid
13      LO    NNPDF30           N1C1+      0.002928135615354232 
13      LO    NNPDF30           N2C1+      0.8145396754265595 
13      LO    NNPDF30           N3C1+      0.00015569665826697195 # mass is shifted in the grid
13      LO    NNPDF30           N4C1+      5.3680427521446746e-05 # mass is shifted in the grid
13      LO    NNPDF30           N1C1-      0.0010226569798418416 
13      LO    NNPDF30           N2C1-      0.2802039538590617 
13      LO    NNPDF30           N3C1-      5.157716659114184e-05 # mass is shifted in the grid
13      LO    NNPDF30           N4C1-      1.758163143495851e-05 # mass is shifted in the grid
13      LO    NNPDF30           N1C2+      0.00027760115207793763 # mass is shifted in the grid
13      LO    NNPDF30           N2C2+      4.775772095010422e-05 # mass is shifted in the grid
13      LO    NNPDF30           N3C2+      0.003187388127185105 # mass is shifted in the grid
13      LO    NNPDF30           N4C2+      0.016291140289651094 # mass is shifted in the grid
13      LO    NNPDF30           N1C2-      9.30444714790238e-05 # mass is shifted in the grid
13      LO    NNPDF30           N2C2-      1.5718683068655716e-05 # mass is shifted in the grid
13      LO    NNPDF30           N3C2-      0.001101477501624477 # mass is shifted in the grid
13      LO    NNPDF30           N4C2-      0.00547598866578802 # mass is shifted in the grid

SLHA file: /Users/rafalmaselek/Projects/CheckMateCalculations/UML/SLHA_FIX/cmssm_1619_1142_5_-1142_1.slha
Input file: /Users/rafalmaselek/ScienceSoft/EWKfast_LO/input_default.dat
Sort: OFF 
Cut: -1 
Unit: fb 
ScaleVariation: OFF 

mC2 = 1591.84116 is out of range. |mC2| = 1500 was used.
mN3 = -1585.40411 is out of range. |mN3| = 1500 was used.
mN4 = 1591.90794 is out of range. |mN4| = 1500 was used.

-----------------------------------------------------------------------------------------------
!!! THERE IS MASS SHIFTING IN EWKfast --------------------------------------------------------
Energy  Precision  PDF  Process
13      LO    NNPDF30           C1C1       0.5038802628228555 
13      LO    NNPDF30           C1+C2-     0.00014208349339534134 # mass is shifted in the grid
13      LO    NNPDF30           C1-C2+     0.0001420535869383898 # mass is shifted in the grid
13      LO    NNPDF30           C2C2       0.013197333283214001 # mass is shifted in the grid
13      LO    NNPDF30           N1N1       0.01424292844719091 
13      LO    NNPDF30           N1N2       0.001601202305485112 
13      LO    NNPDF30           N1N3       5.044546481814954e-05 # mass is shifted in the grid
13      LO    NNPDF30           N1N4       2.004525694901712e-05 # mass is shifted in the grid
13      LO    NNPDF30           N2N2       0.00851547081291257 
13      LO    NNPDF30           N2N3       9.49312244604814e-05 # mass is shifted in the grid
13      LO    NNPDF30           N2N4       4.2688066136611983e-05 # mass is shifted in the grid
13      LO    NNPDF30           N3N3       1.0250494067571715e-09 # mass is shifted in the grid
13      LO    NNPDF30           N3N4       0.0022656236085443478 # mass is shifted in the grid
13      LO    NNPDF30           N4N4       5.2878398191756473e-08 # mass is shifted in the grid
13      LO    NNPDF30           N1C1+      0.002928135615354232 
13      LO    NNPDF30           N2C1+      0.8145396754265595 
13      LO    NNPDF30           N3C1+      0.00015569665826697195 # mass is shifted in the grid
13      LO    NNPDF30           N4C1+      5.3680427521446746e-05 # mass is shifted in the grid
13      LO    NNPDF30           N1C1-      0.0010226569798418416 
13      LO    NNPDF30           N2C1-      0.2802039538590617 
13      LO    NNPDF30           N3C1-      5.157716659114184e-05 # mass is shifted in the grid
13      LO    NNPDF30           N4C1-      1.758163143495851e-05 # mass is shifted in the grid
13      LO    NNPDF30           N1C2+      0.00027760115207793763 # mass is shifted in the grid
13      LO    NNPDF30           N2C2+      4.775772095010422e-05 # mass is shifted in the grid
13      LO    NNPDF30           N3C2+      0.003187388127185105 # mass is shifted in the grid
13      LO    NNPDF30           N4C2+      0.016291140289651094 # mass is shifted in the grid
13      LO    NNPDF30           N1C2-      9.30444714790238e-05 # mass is shifted in the grid
13      LO    NNPDF30           N2C2-      1.5718683068655716e-05 # mass is shifted in the grid
13      LO    NNPDF30           N3C2-      0.001101477501624477 # mass is shifted in the grid
13      LO    NNPDF30           N4C2-      0.00547598866578802 # mass is shifted in the grid

SLHA file: /Users/rafalmaselek/Projects/CheckMateCalculations/UML/SLHA_FIX/cmssm_1619_1142_5_-1142_1.slha
Input file: /Users/rafalmaselek/ScienceSoft/EWKfast_LO/input_default.dat
Sort: OFF 
Cut: -1 
Unit: fb 
ScaleVariation: OFF 

mC2 = 1591.84116 is out of range. |mC2| = 1500 was used.
mN3 = -1585.40411 is out of range. |mN3| = 1500 was used.
mN4 = 1591.90794 is out of range. |mN4| = 1500 was used.

-----------------------------------------------------------------------------------------------
!!! THERE IS MASS SHIFTING IN EWKfast --------------------------------------------------------
Energy  Precision  PDF  Process
13      LO    NNPDF30           C1C1       0.5038802628228555 
13      LO    NNPDF30           C1+C2-     0.00014208349339534134 # mass is shifted in the grid
13      LO    NNPDF30           C1-C2+     0.0001420535869383898 # mass is shifted in the grid
13      LO    NNPDF30           C2C2       0.013197333283214001 # mass is shifted in the grid
13      LO    NNPDF30           N1N1       0.01424292844719091 
13      LO    NNPDF30           N1N2       0.001601202305485112 
13      LO    NNPDF30           N1N3       5.044546481814954e-05 # mass is shifted in the grid
13      LO    NNPDF30           N1N4       2.004525694901712e-05 # mass is shifted in the grid
13      LO    NNPDF30           N2N2       0.00851547081291257 
13      LO    NNPDF30           N2N3       9.49312244604814e-05 # mass is shifted in the grid
13      LO    NNPDF30           N2N4       4.2688066136611983e-05 # mass is shifted in the grid
13      LO    NNPDF30           N3N3       1.0250494067571715e-09 # mass is shifted in the grid
13      LO    NNPDF30           N3N4       0.0022656236085443478 # mass is shifted in the grid
13      LO    NNPDF30           N4N4       5.2878398191756473e-08 # mass is shifted in the grid
13      LO    NNPDF30           N1C1+      0.002928135615354232 
13      LO    NNPDF30           N2C1+      0.8145396754265595 
13      LO    NNPDF30           N3C1+      0.00015569665826697195 # mass is shifted in the grid
13      LO    NNPDF30           N4C1+      5.3680427521446746e-05 # mass is shifted in the grid
13      LO    NNPDF30           N1C1-      0.0010226569798418416 
13      LO    NNPDF30           N2C1-      0.2802039538590617 
13      LO    NNPDF30           N3C1-      5.157716659114184e-05 # mass is shifted in the grid
13      LO    NNPDF30           N4C1-      1.758163143495851e-05 # mass is shifted in the grid
13      LO    NNPDF30           N1C2+      0.00027760115207793763 # mass is shifted in the grid
13      LO    NNPDF30           N2C2+      4.775772095010422e-05 # mass is shifted in the grid
13      LO    NNPDF30           N3C2+      0.003187388127185105 # mass is shifted in the grid
13      LO    NNPDF30           N4C2+      0.016291140289651094 # mass is shifted in the grid
13      LO    NNPDF30           N1C2-      9.30444714790238e-05 # mass is shifted in the grid
13      LO    NNPDF30           N2C2-      1.5718683068655716e-05 # mass is shifted in the grid
13      LO    NNPDF30           N3C2-      0.001101477501624477 # mass is shifted in the grid
13      LO    NNPDF30           N4C2-      0.00547598866578802 # mass is shifted in the grid

SLHA file: /Users/rafalmaselek/Projects/CheckMateCalculations/UML/SLHA_FIX/cmssm_1619_1142_5_-1142_1.slha
Input file: /Users/rafalmaselek/ScienceSoft/EWKfast_LO/input_default.dat
Sort: OFF 
Cut: -1 
Unit: fb 
ScaleVariation: OFF 

mC2 = 1591.84116 is out of range. |mC2| = 1500 was used.
mN3 = -1585.40411 is out of range. |mN3| = 1500 was used.
mN4 = 1591.90794 is out of range. |mN4| = 1500 was used.

-----------------------------------------------------------------------------------------------
!!! THERE IS MASS SHIFTING IN EWKfast --------------------------------------------------------
Energy  Precision  PDF  Process
13      LO    NNPDF30           C1C1       0.5038802628228555 
13      LO    NNPDF30           C1+C2-     0.00014208349339534134 # mass is shifted in the grid
13      LO    NNPDF30           C1-C2+     0.0001420535869383898 # mass is shifted in the grid
13      LO    NNPDF30           C2C2       0.013197333283214001 # mass is shifted in the grid
13      LO    NNPDF30           N1N1       0.01424292844719091 
13      LO    NNPDF30           N1N2       0.001601202305485112 
13      LO    NNPDF30           N1N3       5.044546481814954e-05 # mass is shifted in the grid
13      LO    NNPDF30           N1N4       2.004525694901712e-05 # mass is shifted in the grid
13      LO    NNPDF30           N2N2       0.00851547081291257 
13      LO    NNPDF30           N2N3       9.49312244604814e-05 # mass is shifted in the grid
13      LO    NNPDF30           N2N4       4.2688066136611983e-05 # mass is shifted in the grid
13      LO    NNPDF30           N3N3       1.0250494067571715e-09 # mass is shifted in the grid
13      LO    NNPDF30           N3N4       0.0022656236085443478 # mass is shifted in the grid
13      LO    NNPDF30           N4N4       5.2878398191756473e-08 # mass is shifted in the grid
13      LO    NNPDF30           N1C1+      0.002928135615354232 
13      LO    NNPDF30           N2C1+      0.8145396754265595 
13      LO    NNPDF30           N3C1+      0.00015569665826697195 # mass is shifted in the grid
13      LO    NNPDF30           N4C1+      5.3680427521446746e-05 # mass is shifted in the grid
13      LO    NNPDF30           N1C1-      0.0010226569798418416 
13      LO    NNPDF30           N2C1-      0.2802039538590617 
13      LO    NNPDF30           N3C1-      5.157716659114184e-05 # mass is shifted in the grid
13      LO    NNPDF30           N4C1-      1.758163143495851e-05 # mass is shifted in the grid
13      LO    NNPDF30           N1C2+      0.00027760115207793763 # mass is shifted in the grid
13      LO    NNPDF30           N2C2+      4.775772095010422e-05 # mass is shifted in the grid
13      LO    NNPDF30           N3C2+      0.003187388127185105 # mass is shifted in the grid
13      LO    NNPDF30           N4C2+      0.016291140289651094 # mass is shifted in the grid
13      LO    NNPDF30           N1C2-      9.30444714790238e-05 # mass is shifted in the grid
13      LO    NNPDF30           N2C2-      1.5718683068655716e-05 # mass is shifted in the grid
13      LO    NNPDF30           N3C2-      0.001101477501624477 # mass is shifted in the grid
13      LO    NNPDF30           N4C2-      0.00547598866578802 # mass is shifted in the grid

SLHA file: /Users/rafalmaselek/Projects/CheckMateCalculations/UML/SLHA_FIX/cmssm_1619_1142_5_-1142_1.slha
Input file: /Users/rafalmaselek/ScienceSoft/EWKfast_LO/input_default.dat
Sort: OFF 
Cut: -1 
Unit: fb 
ScaleVariation: OFF 

mC2 = 1591.84116 is out of range. |mC2| = 1500 was used.
mN3 = -1585.40411 is out of range. |mN3| = 1500 was used.
mN4 = 1591.90794 is out of range. |mN4| = 1500 was used.

-----------------------------------------------------------------------------------------------
!!! THERE IS MASS SHIFTING IN EWKfast --------------------------------------------------------
Energy  Precision  PDF  Process
13      LO    NNPDF30           C1C1       0.5038802628228555 
13      LO    NNPDF30           C1+C2-     0.00014208349339534134 # mass is shifted in the grid
13      LO    NNPDF30           C1-C2+     0.0001420535869383898 # mass is shifted in the grid
13      LO    NNPDF30           C2C2       0.013197333283214001 # mass is shifted in the grid
13      LO    NNPDF30           N1N1       0.01424292844719091 
13      LO    NNPDF30           N1N2       0.001601202305485112 
13      LO    NNPDF30           N1N3       5.044546481814954e-05 # mass is shifted in the grid
13      LO    NNPDF30           N1N4       2.004525694901712e-05 # mass is shifted in the grid
13      LO    NNPDF30           N2N2       0.00851547081291257 
13      LO    NNPDF30           N2N3       9.49312244604814e-05 # mass is shifted in the grid
13      LO    NNPDF30           N2N4       4.2688066136611983e-05 # mass is shifted in the grid
13      LO    NNPDF30           N3N3       1.0250494067571715e-09 # mass is shifted in the grid
13      LO    NNPDF30           N3N4       0.0022656236085443478 # mass is shifted in the grid
13      LO    NNPDF30           N4N4       5.2878398191756473e-08 # mass is shifted in the grid
13      LO    NNPDF30           N1C1+      0.002928135615354232 
13      LO    NNPDF30           N2C1+      0.8145396754265595 
13      LO    NNPDF30           N3C1+      0.00015569665826697195 # mass is shifted in the grid
13      LO    NNPDF30           N4C1+      5.3680427521446746e-05 # mass is shifted in the grid
13      LO    NNPDF30           N1C1-      0.0010226569798418416 
13      LO    NNPDF30           N2C1-      0.2802039538590617 
13      LO    NNPDF30           N3C1-      5.157716659114184e-05 # mass is shifted in the grid
13      LO    NNPDF30           N4C1-      1.758163143495851e-05 # mass is shifted in the grid
13      LO    NNPDF30           N1C2+      0.00027760115207793763 # mass is shifted in the grid
13      LO    NNPDF30           N2C2+      4.775772095010422e-05 # mass is shifted in the grid
13      LO    NNPDF30           N3C2+      0.003187388127185105 # mass is shifted in the grid
13      LO    NNPDF30           N4C2+      0.016291140289651094 # mass is shifted in the grid
13      LO    NNPDF30           N1C2-      9.30444714790238e-05 # mass is shifted in the grid
13      LO    NNPDF30           N2C2-      1.5718683068655716e-05 # mass is shifted in the grid
13      LO    NNPDF30           N3C2-      0.001101477501624477 # mass is shifted in the grid
13      LO    NNPDF30           N4C2-      0.00547598866578802 # mass is shifted in the grid

SLHA file: /Users/rafalmaselek/Projects/CheckMateCalculations/UML/SLHA_FIX/cmssm_1619_1142_5_-1142_1.slha
Input file: /Users/rafalmaselek/ScienceSoft/EWKfast_LO/input_default.dat
Sort: OFF 
Cut: -1 
Unit: fb 
ScaleVariation: OFF 

mC2 = 1591.84116 is out of range. |mC2| = 1500 was used.
mN3 = -1585.40411 is out of range. |mN3| = 1500 was used.
mN4 = 1591.90794 is out of range. |mN4| = 1500 was used.

-----------------------------------------------------------------------------------------------
!!! THERE IS MASS SHIFTING IN EWKfast --------------------------------------------------------
Energy  Precision  PDF  Process
13      LO    NNPDF30           C1C1       0.5038802628228555 
13      LO    NNPDF30           C1+C2-     0.00014208349339534134 # mass is shifted in the grid
13      LO    NNPDF30           C1-C2+     0.0001420535869383898 # mass is shifted in the grid
13      LO    NNPDF30           C2C2       0.013197333283214001 # mass is shifted in the grid
13      LO    NNPDF30           N1N1       0.01424292844719091 
13      LO    NNPDF30           N1N2       0.001601202305485112 
13      LO    NNPDF30           N1N3       5.044546481814954e-05 # mass is shifted in the grid
13      LO    NNPDF30           N1N4       2.004525694901712e-05 # mass is shifted in the grid
13      LO    NNPDF30           N2N2       0.00851547081291257 
13      LO    NNPDF30           N2N3       9.49312244604814e-05 # mass is shifted in the grid
13      LO    NNPDF30           N2N4       4.2688066136611983e-05 # mass is shifted in the grid
13      LO    NNPDF30           N3N3       1.0250494067571715e-09 # mass is shifted in the grid
13      LO    NNPDF30           N3N4       0.0022656236085443478 # mass is shifted in the grid
13      LO    NNPDF30           N4N4       5.2878398191756473e-08 # mass is shifted in the grid
13      LO    NNPDF30           N1C1+      0.002928135615354232 
13      LO    NNPDF30           N2C1+      0.8145396754265595 
13      LO    NNPDF30           N3C1+      0.00015569665826697195 # mass is shifted in the grid
13      LO    NNPDF30           N4C1+      5.3680427521446746e-05 # mass is shifted in the grid
13      LO    NNPDF30           N1C1-      0.0010226569798418416 
13      LO    NNPDF30           N2C1-      0.2802039538590617 
13      LO    NNPDF30           N3C1-      5.157716659114184e-05 # mass is shifted in the grid
13      LO    NNPDF30           N4C1-      1.758163143495851e-05 # mass is shifted in the grid
13      LO    NNPDF30           N1C2+      0.00027760115207793763 # mass is shifted in the grid
13      LO    NNPDF30           N2C2+      4.775772095010422e-05 # mass is shifted in the grid
13      LO    NNPDF30           N3C2+      0.003187388127185105 # mass is shifted in the grid
13      LO    NNPDF30           N4C2+      0.016291140289651094 # mass is shifted in the grid
13      LO    NNPDF30           N1C2-      9.30444714790238e-05 # mass is shifted in the grid
13      LO    NNPDF30           N2C2-      1.5718683068655716e-05 # mass is shifted in the grid
13      LO    NNPDF30           N3C2-      0.001101477501624477 # mass is shifted in the grid
13      LO    NNPDF30           N4C2-      0.00547598866578802 # mass is shifted in the grid

SLHA file: /Users/rafalmaselek/Projects/CheckMateCalculations/UML/SLHA_FIX/cmssm_1619_1142_5_-1142_1.slha
Input file: /Users/rafalmaselek/ScienceSoft/EWKfast_LO/input_default.dat
Sort: OFF 
Cut: -1 
Unit: fb 
ScaleVariation: OFF 

mC2 = 1591.84116 is out of range. |mC2| = 1500 was used.
mN3 = -1585.40411 is out of range. |mN3| = 1500 was used.
mN4 = 1591.90794 is out of range. |mN4| = 1500 was used.

-----------------------------------------------------------------------------------------------
!!! THERE IS MASS SHIFTING IN EWKfast --------------------------------------------------------
Energy  Precision  PDF  Process
13      LO    NNPDF30           C1C1       0.5038802628228555 
13      LO    NNPDF30           C1+C2-     0.00014208349339534134 # mass is shifted in the grid
13      LO    NNPDF30           C1-C2+     0.0001420535869383898 # mass is shifted in the grid
13      LO    NNPDF30           C2C2       0.013197333283214001 # mass is shifted in the grid
13      LO    NNPDF30           N1N1       0.01424292844719091 
13      LO    NNPDF30           N1N2       0.001601202305485112 
13      LO    NNPDF30           N1N3       5.044546481814954e-05 # mass is shifted in the grid
13      LO    NNPDF30           N1N4       2.004525694901712e-05 # mass is shifted in the grid
13      LO    NNPDF30           N2N2       0.00851547081291257 
13      LO    NNPDF30           N2N3       9.49312244604814e-05 # mass is shifted in the grid
13      LO    NNPDF30           N2N4       4.2688066136611983e-05 # mass is shifted in the grid
13      LO    NNPDF30           N3N3       1.0250494067571715e-09 # mass is shifted in the grid
13      LO    NNPDF30           N3N4       0.0022656236085443478 # mass is shifted in the grid
13      LO    NNPDF30           N4N4       5.2878398191756473e-08 # mass is shifted in the grid
13      LO    NNPDF30           N1C1+      0.002928135615354232 
13      LO    NNPDF30           N2C1+      0.8145396754265595 
13      LO    NNPDF30           N3C1+      0.00015569665826697195 # mass is shifted in the grid
13      LO    NNPDF30           N4C1+      5.3680427521446746e-05 # mass is shifted in the grid
13      LO    NNPDF30           N1C1-      0.0010226569798418416 
13      LO    NNPDF30           N2C1-      0.2802039538590617 
13      LO    NNPDF30           N3C1-      5.157716659114184e-05 # mass is shifted in the grid
13      LO    NNPDF30           N4C1-      1.758163143495851e-05 # mass is shifted in the grid
13      LO    NNPDF30           N1C2+      0.00027760115207793763 # mass is shifted in the grid
13      LO    NNPDF30           N2C2+      4.775772095010422e-05 # mass is shifted in the grid
13      LO    NNPDF30           N3C2+      0.003187388127185105 # mass is shifted in the grid
13      LO    NNPDF30           N4C2+      0.016291140289651094 # mass is shifted in the grid
13      LO    NNPDF30           N1C2-      9.30444714790238e-05 # mass is shifted in the grid
13      LO    NNPDF30           N2C2-      1.5718683068655716e-05 # mass is shifted in the grid
13      LO    NNPDF30           N3C2-      0.001101477501624477 # mass is shifted in the grid
13      LO    NNPDF30           N4C2-      0.00547598866578802 # mass is shifted in the grid

SLHA file: /Users/rafalmaselek/Projects/CheckMateCalculations/UML/SLHA_FIX/cmssm_1619_1142_5_-1142_1.slha
Input file: /Users/rafalmaselek/ScienceSoft/EWKfast_LO/input_default.dat
Sort: OFF 
Cut: -1 
Unit: fb 
ScaleVariation: OFF 

mC2 = 1591.84116 is out of range. |mC2| = 1500 was used.
mN3 = -1585.40411 is out of range. |mN3| = 1500 was used.
mN4 = 1591.90794 is out of range. |mN4| = 1500 was used.

-----------------------------------------------------------------------------------------------
!!! THERE IS MASS SHIFTING IN EWKfast --------------------------------------------------------
Energy  Precision  PDF  Process
13      LO    NNPDF30           C1C1       0.5038802628228555 
13      LO    NNPDF30           C1+C2-     0.00014208349339534134 # mass is shifted in the grid
13      LO    NNPDF30           C1-C2+     0.0001420535869383898 # mass is shifted in the grid
13      LO    NNPDF30           C2C2       0.013197333283214001 # mass is shifted in the grid
13      LO    NNPDF30           N1N1       0.01424292844719091 
13      LO    NNPDF30           N1N2       0.001601202305485112 
13      LO    NNPDF30           N1N3       5.044546481814954e-05 # mass is shifted in the grid
13      LO    NNPDF30           N1N4       2.004525694901712e-05 # mass is shifted in the grid
13      LO    NNPDF30           N2N2       0.00851547081291257 
13      LO    NNPDF30           N2N3       9.49312244604814e-05 # mass is shifted in the grid
13      LO    NNPDF30           N2N4       4.2688066136611983e-05 # mass is shifted in the grid
13      LO    NNPDF30           N3N3       1.0250494067571715e-09 # mass is shifted in the grid
13      LO    NNPDF30           N3N4       0.0022656236085443478 # mass is shifted in the grid
13      LO    NNPDF30           N4N4       5.2878398191756473e-08 # mass is shifted in the grid
13      LO    NNPDF30           N1C1+      0.002928135615354232 
13      LO    NNPDF30           N2C1+      0.8145396754265595 
13      LO    NNPDF30           N3C1+      0.00015569665826697195 # mass is shifted in the grid
13      LO    NNPDF30           N4C1+      5.3680427521446746e-05 # mass is shifted in the grid
13      LO    NNPDF30           N1C1-      0.0010226569798418416 
13      LO    NNPDF30           N2C1-      0.2802039538590617 
13      LO    NNPDF30           N3C1-      5.157716659114184e-05 # mass is shifted in the grid
13      LO    NNPDF30           N4C1-      1.758163143495851e-05 # mass is shifted in the grid
13      LO    NNPDF30           N1C2+      0.00027760115207793763 # mass is shifted in the grid
13      LO    NNPDF30           N2C2+      4.775772095010422e-05 # mass is shifted in the grid
13      LO    NNPDF30           N3C2+      0.003187388127185105 # mass is shifted in the grid
13      LO    NNPDF30           N4C2+      0.016291140289651094 # mass is shifted in the grid
13      LO    NNPDF30           N1C2-      9.30444714790238e-05 # mass is shifted in the grid
13      LO    NNPDF30           N2C2-      1.5718683068655716e-05 # mass is shifted in the grid
13      LO    NNPDF30           N3C2-      0.001101477501624477 # mass is shifted in the grid
13      LO    NNPDF30           N4C2-      0.00547598866578802 # mass is shifted in the grid

SLHA file: /Users/rafalmaselek/Projects/CheckMateCalculations/UML/SLHA_FIX/cmssm_1619_1142_5_-1142_1.slha
Input file: /Users/rafalmaselek/ScienceSoft/EWKfast_LO/input_default.dat
Sort: OFF 
Cut: -1 
Unit: fb 
ScaleVariation: OFF 

mC2 = 1591.84116 is out of range. |mC2| = 1500 was used.
mN3 = -1585.40411 is out of range. |mN3| = 1500 was used.
mN4 = 1591.90794 is out of range. |mN4| = 1500 was used.

-----------------------------------------------------------------------------------------------
!!! THERE IS MASS SHIFTING IN EWKfast --------------------------------------------------------
Energy  Precision  PDF  Process
13      LO    NNPDF30           C1C1       0.5038802628228555 
13      LO    NNPDF30           C1+C2-     0.00014208349339534134 # mass is shifted in the grid
13      LO    NNPDF30           C1-C2+     0.0001420535869383898 # mass is shifted in the grid
13      LO    NNPDF30           C2C2       0.013197333283214001 # mass is shifted in the grid
13      LO    NNPDF30           N1N1       0.01424292844719091 
13      LO    NNPDF30           N1N2       0.001601202305485112 
13      LO    NNPDF30           N1N3       5.044546481814954e-05 # mass is shifted in the grid
13      LO    NNPDF30           N1N4       2.004525694901712e-05 # mass is shifted in the grid
13      LO    NNPDF30           N2N2       0.00851547081291257 
13      LO    NNPDF30           N2N3       9.49312244604814e-05 # mass is shifted in the grid
13      LO    NNPDF30           N2N4       4.2688066136611983e-05 # mass is shifted in the grid
13      LO    NNPDF30           N3N3       1.0250494067571715e-09 # mass is shifted in the grid
13      LO    NNPDF30           N3N4       0.0022656236085443478 # mass is shifted in the grid
13      LO    NNPDF30           N4N4       5.2878398191756473e-08 # mass is shifted in the grid
13      LO    NNPDF30           N1C1+      0.002928135615354232 
13      LO    NNPDF30           N2C1+      0.8145396754265595 
13      LO    NNPDF30           N3C1+      0.00015569665826697195 # mass is shifted in the grid
13      LO    NNPDF30           N4C1+      5.3680427521446746e-05 # mass is shifted in the grid
13      LO    NNPDF30           N1C1-      0.0010226569798418416 
13      LO    NNPDF30           N2C1-      0.2802039538590617 
13      LO    NNPDF30           N3C1-      5.157716659114184e-05 # mass is shifted in the grid
13      LO    NNPDF30           N4C1-      1.758163143495851e-05 # mass is shifted in the grid
13      LO    NNPDF30           N1C2+      0.00027760115207793763 # mass is shifted in the grid
13      LO    NNPDF30           N2C2+      4.775772095010422e-05 # mass is shifted in the grid
13      LO    NNPDF30           N3C2+      0.003187388127185105 # mass is shifted in the grid
13      LO    NNPDF30           N4C2+      0.016291140289651094 # mass is shifted in the grid
13      LO    NNPDF30           N1C2-      9.30444714790238e-05 # mass is shifted in the grid
13      LO    NNPDF30           N2C2-      1.5718683068655716e-05 # mass is shifted in the grid
13      LO    NNPDF30           N3C2-      0.001101477501624477 # mass is shifted in the grid
13      LO    NNPDF30           N4C2-      0.00547598866578802 # mass is shifted in the grid

SLHA file: /Users/rafalmaselek/Projects/CheckMateCalculations/UML/SLHA_FIX/cmssm_1619_1142_5_-1142_1.slha
Input file: /Users/rafalmaselek/ScienceSoft/EWKfast_LO/input_default.dat
Sort: OFF 
Cut: -1 
Unit: fb 
ScaleVariation: OFF 

mC2 = 1591.84116 is out of range. |mC2| = 1500 was used.
mN3 = -1585.40411 is out of range. |mN3| = 1500 was used.
mN4 = 1591.90794 is out of range. |mN4| = 1500 was used.

-----------------------------------------------------------------------------------------------
---------------  Output inclusive processes  ---------------
The total xsec = 2185.65 [fb]
The total rate = 100.00%
Output upto 0.10%
                  Modes : xsec/fb      (rate)
            C1wN1_N2hN1 : 1067.5588201 (48.84)%
            C1wN1_C1wN1 : 503.8802628 (23.05)%
        QqC1wN1_QqC1wN1 : 49.5255072 (2.27)%
        QqC1wN1_QqN2hN1 : 48.3154643 (2.21)%
            C1wN1_N2zN1 : 27.1848092 (1.24)%
                  N1_N1 : 14.2429284 (0.65)%
     GtT1bC1wN1_QqC1wN1 : 13.9418531 (0.64)%
   QqC1wN1_QqGtT1bC1wN1 : 12.5688599 (0.58)%
        GtT1tN1_QqC1wN1 : 12.3317017 (0.56)%
        QqN2hN1_QqN2hN1 : 11.7837465 (0.54)%
      QqC1wN1_QqGtT1tN1 : 11.1172762 (0.51)%
  GtT1tN3wC1wN1_QqC1wN1 : 9.1422610 (0.42)%
QqC1wN1_QqGtT1tN3wC1wN1 : 8.2419315 (0.38)%
            N2hN1_N2hN1 : 8.0978073 (0.37)%
  GtT1bC2hC1wN1_QqC1wN1 : 7.5704200 (0.35)%
  GtT1bC2zC1wN1_QqC1wN1 : 6.8822861 (0.31)%
QqC1wN1_QqGtT1bC2hC1wN1 : 6.8248853 (0.31)%
     GtT1bC1wN1_QqN2hN1 : 6.8006078 (0.31)%
  GtT1bC2wN2hN1_QqC1wN1 : 6.6169115 (0.30)%
     GtT1tN2hN1_QqC1wN1 : 6.5054698 (0.30)%
QqC1wN1_QqGtT1bC2zC1wN1 : 6.2045188 (0.28)%
   QqGtT1bC1wN1_QqN2hN1 : 6.1308843 (0.28)%
        GtT1tN1_QqN2hN1 : 6.0152023 (0.28)%
QqC1wN1_QqGtT1bC2wN2hN1 : 5.9652783 (0.27)%
   QqC1wN1_QqGtT1tN2hN1 : 5.8648114 (0.27)%
      QqGtT1tN1_QqN2hN1 : 5.4228255 (0.25)%
  GtT1tN3wC1wN1_QqN2hN1 : 4.4594454 (0.20)%
  GtT1tN3zN2hN1_QqC1wN1 : 4.3799600 (0.20)%
QqGtT1tN3wC1wN1_QqN2hN1 : 4.0202794 (0.18)%
      C2hC1wN1_N4wC1wN1 : 3.9689487 (0.18)%
               C1wN1_N1 : 3.9507926 (0.18)%
QqC1wN1_QqGtT1tN3zN2hN1 : 3.9486217 (0.18)%
  GtT1tN4wC1wN1_QqC1wN1 : 3.7384455 (0.17)%
  GtT1bC2hC1wN1_QqN2hN1 : 3.6927270 (0.17)%
      C2zC1wN1_N4wC1wN1 : 3.6081803 (0.17)%
      C2wN2hN1_N4wC1wN1 : 3.4690522 (0.16)%
QqC1wN1_QqGtT1tN4wC1wN1 : 3.3702836 (0.15)%
  GtT1bC2zC1wN1_QqN2hN1 : 3.3570665 (0.15)%
QqGtT1bC2hC1wN1_QqN2hN1 : 3.3290674 (0.15)%
  GtT1bC2wN2hN1_QqN2hN1 : 3.2276212 (0.15)%
     GtT1tN2hN1_QqN2hN1 : 3.1732617 (0.15)%
QqGtT1bC2zC1wN1_QqN2hN1 : 3.0264628 (0.14)%
QqGtT1bC2wN2hN1_QqN2hN1 : 2.9097652 (0.13)%
   QqGtT1tN2hN1_QqN2hN1 : 2.8607590 (0.13)%
      C2hC1wN1_C2zC1wN1 : 2.4551864 (0.11)%
     GtT1bC2wN1_QqC1wN1 : 2.4288313 (0.11)%
      C2hC1wN1_C2wN2hN1 : 2.3605167 (0.11)%
           QqC1wN1_QqN1 : 2.2294665 (0.10)%
   QqC1wN1_QqGtT1bC2wN1 : 2.1896401 (0.10)%
      C2wN2hN1_C2zC1wN1 : 2.1459511 (0.10)%
------------------------------------------------------------
                                      SUM=89.36%

SHOWING PROCESSES TO GET 90.00% SUSY COVERAGE
---------------  Output inclusive processes  ---------------
The total xsec = 2185.65 [fb]
The total rate = 100.00%
                  Modes : xsec/fb      (rate)
            C1wN1_N2hN1 : 1067.5588201 (48.84)%
            C1wN1_C1wN1 : 503.8802628 (23.05)%
        QqC1wN1_QqC1wN1 : 49.5255072 (2.27)%
        QqC1wN1_QqN2hN1 : 48.3154643 (2.21)%
            C1wN1_N2zN1 : 27.1848092 (1.24)%
                  N1_N1 : 14.2429284 (0.65)%
     GtT1bC1wN1_QqC1wN1 : 13.9418531 (0.64)%
   QqC1wN1_QqGtT1bC1wN1 : 12.5688599 (0.58)%
        GtT1tN1_QqC1wN1 : 12.3317017 (0.56)%
        QqN2hN1_QqN2hN1 : 11.7837465 (0.54)%
      QqC1wN1_QqGtT1tN1 : 11.1172762 (0.51)%
  GtT1tN3wC1wN1_QqC1wN1 : 9.1422610 (0.42)%
QqC1wN1_QqGtT1tN3wC1wN1 : 8.2419315 (0.38)%
            N2hN1_N2hN1 : 8.0978073 (0.37)%
  GtT1bC2hC1wN1_QqC1wN1 : 7.5704200 (0.35)%
  GtT1bC2zC1wN1_QqC1wN1 : 6.8822861 (0.31)%
QqC1wN1_QqGtT1bC2hC1wN1 : 6.8248853 (0.31)%
     GtT1bC1wN1_QqN2hN1 : 6.8006078 (0.31)%
  GtT1bC2wN2hN1_QqC1wN1 : 6.6169115 (0.30)%
     GtT1tN2hN1_QqC1wN1 : 6.5054698 (0.30)%
QqC1wN1_QqGtT1bC2zC1wN1 : 6.2045188 (0.28)%
   QqGtT1bC1wN1_QqN2hN1 : 6.1308843 (0.28)%
        GtT1tN1_QqN2hN1 : 6.0152023 (0.28)%
QqC1wN1_QqGtT1bC2wN2hN1 : 5.9652783 (0.27)%
   QqC1wN1_QqGtT1tN2hN1 : 5.8648114 (0.27)%
      QqGtT1tN1_QqN2hN1 : 5.4228255 (0.25)%
  GtT1tN3wC1wN1_QqN2hN1 : 4.4594454 (0.20)%
  GtT1tN3zN2hN1_QqC1wN1 : 4.3799600 (0.20)%
QqGtT1tN3wC1wN1_QqN2hN1 : 4.0202794 (0.18)%
      C2hC1wN1_N4wC1wN1 : 3.9689487 (0.18)%
               C1wN1_N1 : 3.9507926 (0.18)%
QqC1wN1_QqGtT1tN3zN2hN1 : 3.9486217 (0.18)%
  GtT1tN4wC1wN1_QqC1wN1 : 3.7384455 (0.17)%
  GtT1bC2hC1wN1_QqN2hN1 : 3.6927270 (0.17)%
      C2zC1wN1_N4wC1wN1 : 3.6081803 (0.17)%
      C2wN2hN1_N4wC1wN1 : 3.4690522 (0.16)%
QqC1wN1_QqGtT1tN4wC1wN1 : 3.3702836 (0.15)%
  GtT1bC2zC1wN1_QqN2hN1 : 3.3570665 (0.15)%
QqGtT1bC2hC1wN1_QqN2hN1 : 3.3290674 (0.15)%
  GtT1bC2wN2hN1_QqN2hN1 : 3.2276212 (0.15)%
     GtT1tN2hN1_QqN2hN1 : 3.1732617 (0.15)%
QqGtT1bC2zC1wN1_QqN2hN1 : 3.0264628 (0.14)%
QqGtT1bC2wN2hN1_QqN2hN1 : 2.9097652 (0.13)%
   QqGtT1tN2hN1_QqN2hN1 : 2.8607590 (0.13)%
      C2hC1wN1_C2zC1wN1 : 2.4551864 (0.11)%
     GtT1bC2wN1_QqC1wN1 : 2.4288313 (0.11)%
      C2hC1wN1_C2wN2hN1 : 2.3605167 (0.11)%
           QqC1wN1_QqN1 : 2.2294665 (0.10)%
   QqC1wN1_QqGtT1bC2wN1 : 2.1896401 (0.10)%
      C2wN2hN1_C2zC1wN1 : 2.1459511 (0.10)%
  GtT1tN3zN2hN1_QqN2hN1 : 2.1364728 (0.10)%
      C2hC1wN1_N4hN2hN1 : 2.1009837 (0.10)%
  GtT1tN4hN2hN1_QqC1wN1 : 1.9789657 (0.09)%
QqGtT1tN3zN2hN1_QqN2hN1 : 1.9260731 (0.09)%
      C2zC1wN1_N4hN2hN1 : 1.9100091 (0.09)%
      C2wN2hN1_N4hN2hN1 : 1.8363609 (0.08)%
  GtT1tN4wC1wN1_QqN2hN1 : 1.8235526 (0.08)%
QqC1wN1_QqGtT1tN4hN2hN1 : 1.7840772 (0.08)%
------------------------------------------------------------
                                      SUM=90.07%
