/Users/rafalmaselek/Projects/fastlim-1.0
 
#################################################################
#                                                               #
#                                                               #
#                     This is Fastlim  ver. 1.0                 #
#                                                               #
#          A fast LHC limit calculator for BSM models.          #
#                                                               #
#                  http://cern.ch/fastlim-1.0/                  #
#                                                               #
#  for bugs/feature requests: fastlim-1.0.developers@gmail.com  #
#                                                               #
#    please refer to:                                           #
#    M.Papucci, K.Sakurai, A.Weiler, L.Zeune arXiv:1402.xxxx    #
#                                                               #
#################################################################
 

!! Masses incompatible with the data for ERER !!

!! Problem with reading tables for ER ER !! Probably mass outside the table !! Setting xsec to 10^-20 !!

!! Masses incompatible with the data for ELEL !!

!! Problem with reading tables for EL EL !! Probably mass outside the table !! Setting xsec to 10^-20 !!

!! Masses incompatible with the data for TAU1TAU1 !!

!! Problem with reading tables for TAU1 TAU1 !! Probably mass outside the table !! Setting xsec to 10^-20 !!

!! Masses incompatible with the data for TAU2TAU2 !!

!! Problem with reading tables for TAU2 TAU2 !! Probably mass outside the table !! Setting xsec to 10^-20 !!
Decoupling mG=2611.52493 GeV; mQ=3657.64411 GeV

!! Masses incompatible with the data for QQ !!

!! Problem with reading tables for Q Q !! Probably mass outside the table !! Setting xsec to 10^-20 !!

!! Masses incompatible with the data for GQ !!

!! Problem with reading tables for G Q !! Probably mass outside the table !! Setting xsec to 10^-20 !!
!! EWK PROCESS C1C2 NOT FOUND !! WILL TRY TO LOOK FOR +/- MODES !!
XSEC FOUND FOR: C1-C2+
XSEC FOUND FOR: C1+C2-
!! EWK PROCESS C1N1 NOT FOUND !! WILL TRY TO LOOK FOR +/- MODES !!
XSEC FOUND FOR: C1+N1
XSEC FOUND FOR: C1-N1
!! EWK PROCESS C1N2 NOT FOUND !! WILL TRY TO LOOK FOR +/- MODES !!
XSEC FOUND FOR: C1+N2
XSEC FOUND FOR: C1-N2
!! EWK PROCESS C1N3 NOT FOUND !! WILL TRY TO LOOK FOR +/- MODES !!
XSEC FOUND FOR: C1+N3
XSEC FOUND FOR: C1-N3
!! EWK PROCESS C1N4 NOT FOUND !! WILL TRY TO LOOK FOR +/- MODES !!
XSEC FOUND FOR: C1+N4
XSEC FOUND FOR: C1-N4
!! EWK PROCESS C2N1 NOT FOUND !! WILL TRY TO LOOK FOR +/- MODES !!
XSEC FOUND FOR: C2+N1
XSEC FOUND FOR: C2-N1
!! EWK PROCESS C2N2 NOT FOUND !! WILL TRY TO LOOK FOR +/- MODES !!
XSEC FOUND FOR: C2+N2
XSEC FOUND FOR: C2-N2
!! EWK PROCESS C2N3 NOT FOUND !! WILL TRY TO LOOK FOR +/- MODES !!
XSEC FOUND FOR: C2+N3
XSEC FOUND FOR: C2-N3
!! EWK PROCESS C2N4 NOT FOUND !! WILL TRY TO LOOK FOR +/- MODES !!
XSEC FOUND FOR: C2+N4
XSEC FOUND FOR: C2-N4

!! Masses incompatible with the data for B2B2 !!

!! Problem with reading tables for B2 B2 !! Probably mass outside the table !! Setting xsec to 10^-20 !!
---------------  Output inclusive processes  ---------------
The total xsec = 2161.58 [fb]
The total rate = 100.00%
Output upto 0.10%
            Modes : xsec/fb      (rate)
      C1wN1_N2hN1 : 1158.6916193 (53.60)%
      C1wN1_C1wN1 : 597.0421420 (27.62)%
      C1wN1_N2zN1 : 104.4684637 (4.83)%
C2hC1wN1_N3wC1wN1 : 12.7759761 (0.59)%
C2hC1wN1_N4wC1wN1 : 12.5151147 (0.58)%
C2zC1wN1_N3wC1wN1 : 10.8854155 (0.50)%
C2zC1wN1_N4wC1wN1 : 10.6631558 (0.49)%
N3wC1wN1_N4wC1wN1 : 10.1191461 (0.47)%
C2wN2hN1_N3wC1wN1 : 10.0621150 (0.47)%
C2wN2hN1_N4wC1wN1 : 9.8566655 (0.46)%
C2hC1wN1_C2zC1wN1 : 7.5698067 (0.35)%
C2hC1wN1_C2wN2hN1 : 6.9972768 (0.32)%
C2hC1wN1_N4hN2hN1 : 6.5894952 (0.30)%
   C2wN1_N3wC1wN1 : 6.3122188 (0.29)%
   C2wN1_N4wC1wN1 : 6.1833352 (0.29)%
C2wN2hN1_C2zC1wN1 : 5.9618353 (0.28)%
C2hC1wN1_N3zN2hN1 : 5.6664868 (0.26)%
C2zC1wN1_N4hN2hN1 : 5.6143963 (0.26)%
            N1_N1 : 5.3400506 (0.25)%
N3wC1wN1_N4hN2hN1 : 5.3279627 (0.25)%
C2wN2hN1_N4hN2hN1 : 5.1897606 (0.24)%
C2zC1wN1_N3zN2hN1 : 4.8279726 (0.22)%
N3zN2hN1_N4wC1wN1 : 4.4881116 (0.21)%
C2wN2hN1_N3zN2hN1 : 4.4628168 (0.21)%
C2hC1wN1_C2hC1wN1 : 4.4422590 (0.21)%
   C2hC1wN1_C2wN1 : 4.3895684 (0.20)%
   C2wN1_C2zC1wN1 : 3.7400098 (0.17)%
   C2hC1wN1_N3zN1 : 3.6346321 (0.17)%
   C2wN1_C2wN2hN1 : 3.4571403 (0.16)%
   C2hC1wN1_N4hN1 : 3.2822473 (0.15)%
   C2wN1_N4hN2hN1 : 3.2556679 (0.15)%
C2zC1wN1_C2zC1wN1 : 3.2248217 (0.15)%
   C2zC1wN1_N3zN1 : 3.0967873 (0.14)%
      N2hN1_N2hN1 : 3.0445097 (0.14)%
   N3zN1_N4wC1wN1 : 2.8787916 (0.13)%
   C2wN2hN1_N3zN1 : 2.8625669 (0.13)%
   C2wN1_N3zN2hN1 : 2.7996377 (0.13)%
   C2zC1wN1_N4hN1 : 2.7965476 (0.13)%
C2wN2hN1_C2wN2hN1 : 2.7554609 (0.13)%
   N3wC1wN1_N4hN1 : 2.6538742 (0.12)%
   C1wN1_N3wC1wN1 : 2.6079758 (0.12)%
   C2wN2hN1_N4hN1 : 2.5850353 (0.12)%
N3zN2hN1_N4hN2hN1 : 2.3630938 (0.11)%
      C2wN1_N3zN1 : 1.7957605 (0.08)%
------------------------------------------------------------
                                SUM=96.19%

SHOWING PROCESSES TO GET 90.00% SUSY COVERAGE
---------------  Output inclusive processes  ---------------
The total xsec = 2161.58 [fb]
The total rate = 100.00%
            Modes : xsec/fb      (rate)
      C1wN1_N2hN1 : 1158.6916193 (53.60)%
      C1wN1_C1wN1 : 597.0421420 (27.62)%
      C1wN1_N2zN1 : 104.4684637 (4.83)%
C2hC1wN1_N3wC1wN1 : 12.7759761 (0.59)%
C2hC1wN1_N4wC1wN1 : 12.5151147 (0.58)%
C2zC1wN1_N3wC1wN1 : 10.8854155 (0.50)%
C2zC1wN1_N4wC1wN1 : 10.6631558 (0.49)%
N3wC1wN1_N4wC1wN1 : 10.1191461 (0.47)%
C2wN2hN1_N3wC1wN1 : 10.0621150 (0.47)%
C2wN2hN1_N4wC1wN1 : 9.8566655 (0.46)%
C2hC1wN1_C2zC1wN1 : 7.5698067 (0.35)%
C2hC1wN1_C2wN2hN1 : 6.9972768 (0.32)%
------------------------------------------------------------
                                SUM=90.29%
