/Users/rafalmaselek/Projects/fastlim-1.0
 
#################################################################
#                                                               #
#                                                               #
#                     This is Fastlim  ver. 1.0                 #
#                                                               #
#          A fast LHC limit calculator for BSM models.          #
#                                                               #
#                  http://cern.ch/fastlim-1.0/                  #
#                                                               #
#  for bugs/feature requests: fastlim-1.0.developers@gmail.com  #
#                                                               #
#    please refer to:                                           #
#    M.Papucci, K.Sakurai, A.Weiler, L.Zeune arXiv:1402.xxxx    #
#                                                               #
#################################################################
 
!!!-  ERROR  !!!
[Br(T2->all) =  1.1741783402329544 ]:  !!! The total Br is deviated from 1 !!!


!! Masses incompatible with the data for ERER !!

!! Problem with reading tables for ER ER !! Probably mass outside the table !! Setting xsec to 10^-20 !!

!! Masses incompatible with the data for ELEL !!

!! Problem with reading tables for EL EL !! Probably mass outside the table !! Setting xsec to 10^-20 !!

!! Masses incompatible with the data for TAU1TAU1 !!

!! Problem with reading tables for TAU1 TAU1 !! Probably mass outside the table !! Setting xsec to 10^-20 !!

!! Masses incompatible with the data for TAU2TAU2 !!

!! Problem with reading tables for TAU2 TAU2 !! Probably mass outside the table !! Setting xsec to 10^-20 !!
!! EWK PROCESS C1C2 NOT FOUND !! WILL TRY TO LOOK FOR +/- MODES !!
XSEC FOUND FOR: C1-C2+
XSEC FOUND FOR: C1+C2-
!! EWK PROCESS C1N1 NOT FOUND !! WILL TRY TO LOOK FOR +/- MODES !!
XSEC FOUND FOR: C1+N1
XSEC FOUND FOR: C1-N1
!! EWK PROCESS C1N2 NOT FOUND !! WILL TRY TO LOOK FOR +/- MODES !!
XSEC FOUND FOR: C1+N2
XSEC FOUND FOR: C1-N2
!! EWK PROCESS C1N3 NOT FOUND !! WILL TRY TO LOOK FOR +/- MODES !!
XSEC FOUND FOR: C1+N3
XSEC FOUND FOR: C1-N3
!! EWK PROCESS C1N4 NOT FOUND !! WILL TRY TO LOOK FOR +/- MODES !!
XSEC FOUND FOR: C1+N4
XSEC FOUND FOR: C1-N4
!! EWK PROCESS C2N1 NOT FOUND !! WILL TRY TO LOOK FOR +/- MODES !!
XSEC FOUND FOR: C2+N1
XSEC FOUND FOR: C2-N1
!! EWK PROCESS C2N2 NOT FOUND !! WILL TRY TO LOOK FOR +/- MODES !!
XSEC FOUND FOR: C2+N2
XSEC FOUND FOR: C2-N2
!! EWK PROCESS C2N3 NOT FOUND !! WILL TRY TO LOOK FOR +/- MODES !!
XSEC FOUND FOR: C2+N3
XSEC FOUND FOR: C2-N3
!! EWK PROCESS C2N4 NOT FOUND !! WILL TRY TO LOOK FOR +/- MODES !!
XSEC FOUND FOR: C2+N4
XSEC FOUND FOR: C2-N4
---------------  Output inclusive processes  ---------------
The total xsec = 1320810.76 [fb]
The total rate = 100.00%
Output upto 0.10%
                   Modes : xsec/fb      (rate)
         QqC1wN1_QqC1wN1 : 122799.5876345 (9.30)%
         QqC1wN1_QqN2hN1 : 118148.2296616 (8.95)%
      GtT1bC1wN1_QqC1wN1 : 117063.8021414 (8.86)%
             C1wN1_N2hN1 : 89128.8390316 (6.75)%
      GtT1bC1wN1_QqN2hN1 : 56314.8510792 (4.26)%
             C1wN1_C1wN1 : 46837.3564285 (3.55)%
      GtT1tN2hN1_QqC1wN1 : 44151.6286807 (3.34)%
      GbB1tC1wN1_QqC1wN1 : 29233.6022005 (2.21)%
          GqQqN1_QqC1wN1 : 28967.3104314 (2.19)%
         QqN2hN1_QqN2hN1 : 28418.2635322 (2.15)%
   GbB1tC2wN2hN1_QqC1wN1 : 24177.7062623 (1.83)%
   GbB1tC2zC1wN1_QqC1wN1 : 23583.8726247 (1.79)%
   GbB1tC2hC1wN1_QqC1wN1 : 21739.4231301 (1.65)%
      GtT1tN2hN1_QqN2hN1 : 21239.6346998 (1.61)%
      GbB1bN2hN1_QqC1wN1 : 14216.8297253 (1.08)%
      GbB1tC1wN1_QqN2hN1 : 14063.1512416 (1.06)%
          GqQqN1_QqN2hN1 : 13935.0486083 (1.06)%
   GtT1bC1wN1_GtT1bC1wN1 : 12769.2662498 (0.97)%
   GtT1bC2wN2hN1_QqC1wN1 : 12507.7714946 (0.95)%
   GtT1bC2zC1wN1_QqC1wN1 : 12200.5655354 (0.92)%
   GbB1tC2wN2hN1_QqN2hN1 : 11630.9559633 (0.88)%
   GbB1tC2zC1wN1_QqN2hN1 : 11345.2856514 (0.86)%
   GtT1bC2hC1wN1_QqC1wN1 : 11246.3826794 (0.85)%
         GtT1tN1_QqC1wN1 : 10789.3584000 (0.82)%
   GbB1tC2hC1wN1_QqN2hN1 : 10457.9925966 (0.79)%
   GtT1bC1wN1_GtT1tN2hN1 : 9632.0791170 (0.73)%
       T1bC1wN1_T1bC1wN1 : 9289.2378623 (0.70)%
      GbB1tC2wN1_QqC1wN1 : 7314.4913137 (0.55)%
            QqC1wN1_QqN1 : 7048.3681694 (0.53)%
       T1bC1wN1_T1tN2hN1 : 7007.0333155 (0.53)%
      GbB1bN2hN1_QqN2hN1 : 6839.1649182 (0.52)%
   GtT1tN3wC1wN1_QqC1wN1 : 6683.3740994 (0.51)%
   GbB1tC1wN1_GtT1bC1wN1 : 6377.5760416 (0.48)%
       GqQqN1_GtT1bC1wN1 : 6319.4820717 (0.48)%
   GtT1bC2wN2hN1_QqN2hN1 : 6017.0033449 (0.46)%
   GtT1bC2zC1wN1_QqN2hN1 : 5869.2184829 (0.44)%
   GbB1wT1bC1wN1_QqC1wN1 : 5537.7668683 (0.42)%
   GtT1bC2hC1wN1_QqN2hN1 : 5410.1981499 (0.41)%
GbB1tC2wN2hN1_GtT1bC1wN1 : 5274.5863866 (0.40)%
         GtT1tN1_QqN2hN1 : 5190.3415097 (0.39)%
GbB1tC2zC1wN1_GtT1bC1wN1 : 5145.0361809 (0.39)%
         QqC1wN1_QqN2zN1 : 4921.1368166 (0.37)%
GbB1tC2hC1wN1_GtT1bC1wN1 : 4742.6527584 (0.36)%
      GtT1bC2wN1_QqC1wN1 : 3783.9811998 (0.29)%
             C1wN1_N2zN1 : 3712.4145866 (0.28)%
      QqC1wN1_QqC2wN2hN1 : 3568.2300513 (0.27)%
      GbB1tC2wN1_QqN2hN1 : 3518.7178403 (0.27)%
         GbB2bN1_QqC1wN1 : 3480.7222622 (0.26)%
      QqC1wN1_QqC2zC1wN1 : 3480.5900160 (0.26)%
            QqN1_QqN2hN1 : 3390.6963258 (0.26)%
         GtT1bC1wN1_QqN1 : 3359.5747050 (0.25)%
   GtT1tN3wC1wN1_QqN2hN1 : 3215.1118469 (0.24)%
      QqC1wN1_QqC2hC1wN1 : 3208.3797391 (0.24)%
   GbB1bN2hN1_GtT1bC1wN1 : 3101.5306298 (0.23)%
   GtT1tN3zN2hN1_QqC1wN1 : 2863.9527973 (0.22)%
      QqC1wN1_QqN4wC1wN1 : 2817.5309077 (0.21)%
GtT1bC1wN1_GtT1bC2wN2hN1 : 2728.6840421 (0.21)%
   GbB1wT1bC1wN1_QqN2hN1 : 2664.0046777 (0.20)%
GtT1bC1wN1_GtT1bC2zC1wN1 : 2661.6642697 (0.20)%
GtT1bC1wN1_GtT1bC2hC1wN1 : 2453.5006066 (0.19)%
   GbB1tC1wN1_GtT1tN2hN1 : 2405.3581391 (0.18)%
       GqQqN1_GtT1tN2hN1 : 2383.4474943 (0.18)%
         QqN2hN1_QqN2zN1 : 2367.3678959 (0.18)%
      GtT1bC1wN1_GtT1tN1 : 2353.7966058 (0.18)%
      GtT1bC1wN1_QqN2zN1 : 2345.6389297 (0.18)%
   GbB1wT1tN2hN1_QqC1wN1 : 2088.6168227 (0.16)%
GbB1tC2wN2hN1_GtT1tN2hN1 : 1989.3560206 (0.15)%
    T1bC1wN1_T1bC2wN2hN1 : 1985.0314515 (0.15)%
GbB1tC2zC1wN1_GtT1tN2hN1 : 1940.4950365 (0.15)%
    T1bC1wN1_T1bC2zC1wN1 : 1936.2766840 (0.15)%
      GtT1tN2zN1_QqC1wN1 : 1839.0136360 (0.14)%
      GtT1bC2wN1_QqN2hN1 : 1820.3264703 (0.14)%
   GtT1tN2hN1_GtT1tN2hN1 : 1816.4111058 (0.14)%
GbB1tC2hC1wN1_GtT1tN2hN1 : 1788.7326374 (0.14)%
    T1bC1wN1_T1bC2hC1wN1 : 1784.8441942 (0.14)%
      QqC2wN2hN1_QqN2hN1 : 1716.5369677 (0.13)%
          T1bC1wN1_T1tN1 : 1712.3126829 (0.13)%
   GtT1bC1wN1_QqC2wN2hN1 : 1700.7816751 (0.13)%
         GbB2bN1_QqN2hN1 : 1674.4403672 (0.13)%
      QqC2zC1wN1_QqN2hN1 : 1674.3767487 (0.13)%
   GtT1bC1wN1_QqC2zC1wN1 : 1659.0084251 (0.13)%
   GbB1tC2wN1_GtT1bC1wN1 : 1595.7227658 (0.12)%
       GbB1tC1wN1_GqQqN1 : 1578.1242503 (0.12)%
      QqC2hC1wN1_QqN2hN1 : 1543.4269510 (0.12)%
   GtT1bC1wN1_QqC2hC1wN1 : 1529.2605546 (0.12)%
    QqC1wN1_QqGtT1bC1wN1 : 1459.5953009 (0.11)%
GtT1bC1wN1_GtT1tN3wC1wN1 : 1458.0388089 (0.11)%
   GtT1tN3zN2hN1_QqN2hN1 : 1377.7365191 (0.10)%
      QqN2hN1_QqN4wC1wN1 : 1355.4047500 (0.10)%
   GtT1bC1wN1_QqN4wC1wN1 : 1342.9641217 (0.10)%
       T1tN2hN1_T1tN2hN1 : 1321.3817057 (0.10)%
GbB1tC1wN1_GbB1tC2wN2hN1 : 1317.1890659 (0.10)%
------------------------------------------------------------
                                       SUM=85.74%

SHOWING PROCESSES TO GET 90.00% SUSY COVERAGE
---------------  Output inclusive processes  ---------------
The total xsec = 1320810.76 [fb]
The total rate = 100.00%
                      Modes : xsec/fb      (rate)
            QqC1wN1_QqC1wN1 : 122799.5876345 (9.30)%
            QqC1wN1_QqN2hN1 : 118148.2296616 (8.95)%
         GtT1bC1wN1_QqC1wN1 : 117063.8021414 (8.86)%
                C1wN1_N2hN1 : 89128.8390316 (6.75)%
         GtT1bC1wN1_QqN2hN1 : 56314.8510792 (4.26)%
                C1wN1_C1wN1 : 46837.3564285 (3.55)%
         GtT1tN2hN1_QqC1wN1 : 44151.6286807 (3.34)%
         GbB1tC1wN1_QqC1wN1 : 29233.6022005 (2.21)%
             GqQqN1_QqC1wN1 : 28967.3104314 (2.19)%
            QqN2hN1_QqN2hN1 : 28418.2635322 (2.15)%
      GbB1tC2wN2hN1_QqC1wN1 : 24177.7062623 (1.83)%
      GbB1tC2zC1wN1_QqC1wN1 : 23583.8726247 (1.79)%
      GbB1tC2hC1wN1_QqC1wN1 : 21739.4231301 (1.65)%
         GtT1tN2hN1_QqN2hN1 : 21239.6346998 (1.61)%
         GbB1bN2hN1_QqC1wN1 : 14216.8297253 (1.08)%
         GbB1tC1wN1_QqN2hN1 : 14063.1512416 (1.06)%
             GqQqN1_QqN2hN1 : 13935.0486083 (1.06)%
      GtT1bC1wN1_GtT1bC1wN1 : 12769.2662498 (0.97)%
      GtT1bC2wN2hN1_QqC1wN1 : 12507.7714946 (0.95)%
      GtT1bC2zC1wN1_QqC1wN1 : 12200.5655354 (0.92)%
      GbB1tC2wN2hN1_QqN2hN1 : 11630.9559633 (0.88)%
      GbB1tC2zC1wN1_QqN2hN1 : 11345.2856514 (0.86)%
      GtT1bC2hC1wN1_QqC1wN1 : 11246.3826794 (0.85)%
            GtT1tN1_QqC1wN1 : 10789.3584000 (0.82)%
      GbB1tC2hC1wN1_QqN2hN1 : 10457.9925966 (0.79)%
      GtT1bC1wN1_GtT1tN2hN1 : 9632.0791170 (0.73)%
          T1bC1wN1_T1bC1wN1 : 9289.2378623 (0.70)%
         GbB1tC2wN1_QqC1wN1 : 7314.4913137 (0.55)%
               QqC1wN1_QqN1 : 7048.3681694 (0.53)%
          T1bC1wN1_T1tN2hN1 : 7007.0333155 (0.53)%
         GbB1bN2hN1_QqN2hN1 : 6839.1649182 (0.52)%
      GtT1tN3wC1wN1_QqC1wN1 : 6683.3740994 (0.51)%
      GbB1tC1wN1_GtT1bC1wN1 : 6377.5760416 (0.48)%
          GqQqN1_GtT1bC1wN1 : 6319.4820717 (0.48)%
      GtT1bC2wN2hN1_QqN2hN1 : 6017.0033449 (0.46)%
      GtT1bC2zC1wN1_QqN2hN1 : 5869.2184829 (0.44)%
      GbB1wT1bC1wN1_QqC1wN1 : 5537.7668683 (0.42)%
      GtT1bC2hC1wN1_QqN2hN1 : 5410.1981499 (0.41)%
   GbB1tC2wN2hN1_GtT1bC1wN1 : 5274.5863866 (0.40)%
            GtT1tN1_QqN2hN1 : 5190.3415097 (0.39)%
   GbB1tC2zC1wN1_GtT1bC1wN1 : 5145.0361809 (0.39)%
            QqC1wN1_QqN2zN1 : 4921.1368166 (0.37)%
   GbB1tC2hC1wN1_GtT1bC1wN1 : 4742.6527584 (0.36)%
         GtT1bC2wN1_QqC1wN1 : 3783.9811998 (0.29)%
                C1wN1_N2zN1 : 3712.4145866 (0.28)%
         QqC1wN1_QqC2wN2hN1 : 3568.2300513 (0.27)%
         GbB1tC2wN1_QqN2hN1 : 3518.7178403 (0.27)%
            GbB2bN1_QqC1wN1 : 3480.7222622 (0.26)%
         QqC1wN1_QqC2zC1wN1 : 3480.5900160 (0.26)%
               QqN1_QqN2hN1 : 3390.6963258 (0.26)%
            GtT1bC1wN1_QqN1 : 3359.5747050 (0.25)%
      GtT1tN3wC1wN1_QqN2hN1 : 3215.1118469 (0.24)%
         QqC1wN1_QqC2hC1wN1 : 3208.3797391 (0.24)%
      GbB1bN2hN1_GtT1bC1wN1 : 3101.5306298 (0.23)%
      GtT1tN3zN2hN1_QqC1wN1 : 2863.9527973 (0.22)%
         QqC1wN1_QqN4wC1wN1 : 2817.5309077 (0.21)%
   GtT1bC1wN1_GtT1bC2wN2hN1 : 2728.6840421 (0.21)%
      GbB1wT1bC1wN1_QqN2hN1 : 2664.0046777 (0.20)%
   GtT1bC1wN1_GtT1bC2zC1wN1 : 2661.6642697 (0.20)%
   GtT1bC1wN1_GtT1bC2hC1wN1 : 2453.5006066 (0.19)%
      GbB1tC1wN1_GtT1tN2hN1 : 2405.3581391 (0.18)%
          GqQqN1_GtT1tN2hN1 : 2383.4474943 (0.18)%
            QqN2hN1_QqN2zN1 : 2367.3678959 (0.18)%
         GtT1bC1wN1_GtT1tN1 : 2353.7966058 (0.18)%
         GtT1bC1wN1_QqN2zN1 : 2345.6389297 (0.18)%
      GbB1wT1tN2hN1_QqC1wN1 : 2088.6168227 (0.16)%
   GbB1tC2wN2hN1_GtT1tN2hN1 : 1989.3560206 (0.15)%
       T1bC1wN1_T1bC2wN2hN1 : 1985.0314515 (0.15)%
   GbB1tC2zC1wN1_GtT1tN2hN1 : 1940.4950365 (0.15)%
       T1bC1wN1_T1bC2zC1wN1 : 1936.2766840 (0.15)%
         GtT1tN2zN1_QqC1wN1 : 1839.0136360 (0.14)%
         GtT1bC2wN1_QqN2hN1 : 1820.3264703 (0.14)%
      GtT1tN2hN1_GtT1tN2hN1 : 1816.4111058 (0.14)%
   GbB1tC2hC1wN1_GtT1tN2hN1 : 1788.7326374 (0.14)%
       T1bC1wN1_T1bC2hC1wN1 : 1784.8441942 (0.14)%
         QqC2wN2hN1_QqN2hN1 : 1716.5369677 (0.13)%
             T1bC1wN1_T1tN1 : 1712.3126829 (0.13)%
      GtT1bC1wN1_QqC2wN2hN1 : 1700.7816751 (0.13)%
            GbB2bN1_QqN2hN1 : 1674.4403672 (0.13)%
         QqC2zC1wN1_QqN2hN1 : 1674.3767487 (0.13)%
      GtT1bC1wN1_QqC2zC1wN1 : 1659.0084251 (0.13)%
      GbB1tC2wN1_GtT1bC1wN1 : 1595.7227658 (0.12)%
          GbB1tC1wN1_GqQqN1 : 1578.1242503 (0.12)%
         QqC2hC1wN1_QqN2hN1 : 1543.4269510 (0.12)%
      GtT1bC1wN1_QqC2hC1wN1 : 1529.2605546 (0.12)%
       QqC1wN1_QqGtT1bC1wN1 : 1459.5953009 (0.11)%
   GtT1bC1wN1_GtT1tN3wC1wN1 : 1458.0388089 (0.11)%
      GtT1tN3zN2hN1_QqN2hN1 : 1377.7365191 (0.10)%
         QqN2hN1_QqN4wC1wN1 : 1355.4047500 (0.10)%
      GtT1bC1wN1_QqN4wC1wN1 : 1342.9641217 (0.10)%
          T1tN2hN1_T1tN2hN1 : 1321.3817057 (0.10)%
   GbB1tC1wN1_GbB1tC2wN2hN1 : 1317.1890659 (0.10)%
         GtT1tN3zN1_QqC1wN1 : 1310.5906433 (0.10)%
       GbB1tC2wN2hN1_GqQqN1 : 1305.1906607 (0.10)%
   GbB1tC1wN1_GbB1tC2zC1wN1 : 1284.8373132 (0.10)%
       GbB1tC2zC1wN1_GqQqN1 : 1273.1336033 (0.10)%
            GtT1tN2hN1_QqN1 : 1267.0927493 (0.10)%
   GbB1wT1bC1wN1_GtT1bC1wN1 : 1208.1141784 (0.09)%
   GbB1tC1wN1_GbB1tC2hC1wN1 : 1184.3526485 (0.09)%
       GbB1tC2hC1wN1_GqQqN1 : 1173.5642633 (0.09)%
      GbB1bN2hN1_GtT1tN2hN1 : 1169.7691874 (0.09)%
         QqC1wN1_QqN4hN2hN1 : 1122.3914525 (0.08)%
                N2hN1_N2hN1 : 1116.2990912 (0.08)%
            QqC1wN1_QqC2wN1 : 1079.4980894 (0.08)%
      GbB2tC2wN2hN1_QqC1wN1 : 1064.7733894 (0.08)%
            GbB1bN1_QqC1wN1 : 1063.5154641 (0.08)%
GbB1tC2wN2hN1_GbB1tC2zC1wN1 : 1062.6271419 (0.08)%
       T1bC1wN1_T1tN3wC1wN1 : 1060.6771794 (0.08)%
      GbB2tC2zC1wN1_QqC1wN1 : 1038.6212703 (0.08)%
   GtT1bC2wN2hN1_GtT1tN2hN1 : 1029.1468619 (0.08)%
      GbB1tC2wN2zN1_QqC1wN1 : 1007.0552963 (0.08)%
      GbB1wT1tN2hN1_QqN2hN1 : 1004.7524784 (0.08)%
   GtT1bC2zC1wN1_GtT1tN2hN1 : 1003.8697732 (0.08)%
GbB1tC2hC1wN1_GbB1tC2wN2hN1 : 979.5211090 (0.07)%
      GbB2tC2hC1wN1_QqC1wN1 : 957.3926906 (0.07)%
GbB1tC2hC1wN1_GbB1tC2zC1wN1 : 955.4628887 (0.07)%
   GtT1bC2hC1wN1_GtT1tN2hN1 : 925.3590415 (0.07)%
         GtT1tN1_GtT1tN2hN1 : 887.7548126 (0.07)%
         GtT1tN2hN1_QqN2zN1 : 884.6780742 (0.07)%
         GtT1tN2zN1_QqN2hN1 : 884.6780742 (0.07)%
                      N1_N1 : 876.7194970 (0.07)%
            GbB1tC1wN1_QqN1 : 838.9653223 (0.06)%
                GqQqN1_QqN1 : 831.3231043 (0.06)%
      GtT1bC1wN1_GtT1bC2wN1 : 825.5098936 (0.06)%
      GbB1tC1wN1_GbB1tC1wN1 : 796.3158448 (0.06)%
                   C1wN1_N1 : 782.3482287 (0.06)%
              GqQqN1_GqQqN1 : 781.8744804 (0.06)%
      GbB1bN2hN1_GbB1tC1wN1 : 774.5256090 (0.06)%
          GbB1bN2hN1_GqQqN1 : 767.4703787 (0.06)%
         GbB2bN1_GtT1bC1wN1 : 759.3511998 (0.06)%
       T1bC2wN2hN1_T1tN2hN1 : 748.6718350 (0.06)%
       T1bC2zC1wN1_T1tN2hN1 : 730.2835515 (0.06)%
       QqGtT1bC1wN1_QqN2hN1 : 702.1546413 (0.05)%
    GtT1bC1wN1_QqGtT1bC1wN1 : 695.7098912 (0.05)%
         GbB1tC2wN2hN1_QqN1 : 693.8678643 (0.05)%
                B2bN1_B2bN1 : 683.1689995 (0.05)%
          C2wN2hN1_N4wC1wN1 : 682.9800279 (0.05)%
   GbB1tC1wN1_GtT1bC2wN2hN1 : 681.4169911 (0.05)%
         GbB1tC2zC1wN1_QqN1 : 676.8256324 (0.05)%
       GqQqN1_GtT1bC2wN2hN1 : 675.2098964 (0.05)%
          C2wN2hN1_N3wC1wN1 : 673.6392701 (0.05)%
       T1bC2hC1wN1_T1tN2hN1 : 673.1694740 (0.05)%
          N3wC1wN1_N4wC1wN1 : 667.8038605 (0.05)%
          C2zC1wN1_N4wC1wN1 : 666.2052143 (0.05)%
   GbB1tC1wN1_GtT1bC2zC1wN1 : 664.6805676 (0.05)%
       GqQqN1_GtT1bC2zC1wN1 : 658.6259267 (0.05)%
          C2zC1wN1_N3wC1wN1 : 657.0938768 (0.05)%
             T1tN1_T1tN2hN1 : 645.8135852 (0.05)%
      GtT1tN2hN1_QqC2wN2hN1 : 641.4645656 (0.05)%
   GbB1bN2hN1_GbB1tC2wN2hN1 : 640.5728770 (0.05)%
         GtT1tN3zN1_QqN2hN1 : 630.4742846 (0.05)%
       B1tC1wN1_B1tC2wN2hN1 : 625.8307129 (0.05)%
      GtT1tN2hN1_QqC2zC1wN1 : 625.7094219 (0.05)%
   GbB1bN2hN1_GbB1tC2zC1wN1 : 624.8396343 (0.05)%
   GtT1bC1wN1_GtT1tN3zN2hN1 : 624.7973349 (0.05)%
         GbB1tC2hC1wN1_QqN1 : 623.8923964 (0.05)%
          C2hC1wN1_N4wC1wN1 : 614.1025809 (0.05)%
   GbB1tC1wN1_GtT1bC2hC1wN1 : 612.6971738 (0.05)%
------------------------------------------------------------
                                          SUM=90.05%
