/Users/rafalmaselek/Projects/fastlim-1.0
 
#################################################################
#                                                               #
#                                                               #
#                     This is Fastlim  ver. 1.0                 #
#                                                               #
#          A fast LHC limit calculator for BSM models.          #
#                                                               #
#                  http://cern.ch/fastlim-1.0/                  #
#                                                               #
#  for bugs/feature requests: fastlim-1.0.developers@gmail.com  #
#                                                               #
#    please refer to:                                           #
#    M.Papucci, K.Sakurai, A.Weiler, L.Zeune arXiv:1402.xxxx    #
#                                                               #
#################################################################
 

!! Masses incompatible with the data for ERER !!

!! Problem with reading tables for ER ER !! Probably mass outside the table !! Setting xsec to 10^-20 !!

!! Masses incompatible with the data for ELEL !!

!! Problem with reading tables for EL EL !! Probably mass outside the table !! Setting xsec to 10^-20 !!

!! Masses incompatible with the data for TAU1TAU1 !!

!! Problem with reading tables for TAU1 TAU1 !! Probably mass outside the table !! Setting xsec to 10^-20 !!

!! Masses incompatible with the data for TAU2TAU2 !!

!! Problem with reading tables for TAU2 TAU2 !! Probably mass outside the table !! Setting xsec to 10^-20 !!
!! EWK PROCESS C1C2 NOT FOUND !! WILL TRY TO LOOK FOR +/- MODES !!
XSEC FOUND FOR: C1-C2+
XSEC FOUND FOR: C1+C2-
!! EWK PROCESS C1N1 NOT FOUND !! WILL TRY TO LOOK FOR +/- MODES !!
XSEC FOUND FOR: C1+N1
XSEC FOUND FOR: C1-N1
!! EWK PROCESS C1N2 NOT FOUND !! WILL TRY TO LOOK FOR +/- MODES !!
XSEC FOUND FOR: C1+N2
XSEC FOUND FOR: C1-N2
!! EWK PROCESS C1N3 NOT FOUND !! WILL TRY TO LOOK FOR +/- MODES !!
XSEC FOUND FOR: C1+N3
XSEC FOUND FOR: C1-N3
!! EWK PROCESS C1N4 NOT FOUND !! WILL TRY TO LOOK FOR +/- MODES !!
XSEC FOUND FOR: C1+N4
XSEC FOUND FOR: C1-N4
!! EWK PROCESS C2N1 NOT FOUND !! WILL TRY TO LOOK FOR +/- MODES !!
XSEC FOUND FOR: C2+N1
XSEC FOUND FOR: C2-N1
!! EWK PROCESS C2N2 NOT FOUND !! WILL TRY TO LOOK FOR +/- MODES !!
XSEC FOUND FOR: C2+N2
XSEC FOUND FOR: C2-N2
!! EWK PROCESS C2N3 NOT FOUND !! WILL TRY TO LOOK FOR +/- MODES !!
XSEC FOUND FOR: C2+N3
XSEC FOUND FOR: C2-N3
!! EWK PROCESS C2N4 NOT FOUND !! WILL TRY TO LOOK FOR +/- MODES !!
XSEC FOUND FOR: C2+N4
XSEC FOUND FOR: C2-N4
---------------  Output inclusive processes  ---------------
The total xsec = 72452.94 [fb]
The total rate = 100.00%
Output upto 0.10%
                  Modes : xsec/fb      (rate)
            C1wN1_N2hN1 : 25357.0474978 (35.00)%
            C1wN1_C1wN1 : 13537.8304371 (18.68)%
            C1wN1_N2zN1 : 2887.1339233 (3.98)%
      C2zC1wN1_N4wC1wN1 : 423.5232393 (0.58)%
      C2wN2hN1_N4wC1wN1 : 422.9371006 (0.58)%
      C2hC1wN1_N4wC1wN1 : 394.3404592 (0.54)%
      C2zC1wN1_N3wC1wN1 : 358.8998361 (0.50)%
      C2wN2hN1_N3wC1wN1 : 358.4031336 (0.49)%
      N3wC1wN1_N4wC1wN1 : 358.0116122 (0.49)%
      C2hC1wN1_N3wC1wN1 : 334.1699181 (0.46)%
         C2wN1_N4wC1wN1 : 259.1589657 (0.36)%
         C1wN1_N3wC1wN1 : 246.8081244 (0.34)%
      C2wN2hN1_C2zC1wN1 : 219.7330751 (0.30)%
         C2wN1_N3wC1wN1 : 219.6151278 (0.30)%
      C2hC1wN1_C2zC1wN1 : 204.8759535 (0.28)%
      C2hC1wN1_C2wN2hN1 : 204.5924136 (0.28)%
   GbtC1wN1_GbtC2zC1wN1 : 185.4887530 (0.26)%
   GbtC1wN1_GbtC2wN2hN1 : 185.2320443 (0.26)%
   GbtC1wN1_GbtC2hC1wN1 : 172.7076894 (0.24)%
      C2zC1wN1_N4hN2hN1 : 156.7094446 (0.22)%
      C2wN2hN1_N4hN2hN1 : 156.4925653 (0.22)%
         GbtC1wN1_GttN1 : 151.9346796 (0.21)%
      GbtC1wN1_GqqC1wN1 : 150.2290091 (0.21)%
      C2hC1wN1_N4hN2hN1 : 145.9114132 (0.20)%
   GbtC1wN1_GttN4wC1wN1 : 143.7471462 (0.20)%
GbtC2wN2hN1_GbtC2zC1wN1 : 140.7585742 (0.19)%
      C2zC1wN1_N3zN2hN1 : 135.9865562 (0.19)%
      C2wN2hN1_N3zN2hN1 : 135.7983564 (0.19)%
      N3zN2hN1_N4wC1wN1 : 135.6500096 (0.19)%
         C2wN1_C2zC1wN1 : 134.6436536 (0.19)%
         C2wN1_C2wN2hN1 : 134.4573124 (0.19)%
         C2zC1wN1_N3zN1 : 133.6056706 (0.18)%
         C2wN2hN1_N3zN1 : 133.4207659 (0.18)%
         N3zN1_N4wC1wN1 : 133.2750164 (0.18)%
      N3wC1wN1_N4hN2hN1 : 132.4692383 (0.18)%
GbtC2hC1wN1_GbtC2zC1wN1 : 131.2412666 (0.18)%
GbtC2hC1wN1_GbtC2wN2hN1 : 131.0596341 (0.18)%
      C2hC1wN1_N3zN2hN1 : 126.6164310 (0.17)%
         C2hC1wN1_C2wN1 : 125.3660609 (0.17)%
         C2hC1wN1_N3zN1 : 124.3995999 (0.17)%
      GbtC1wN1_GbtC1wN1 : 122.0474884 (0.17)%
   GbtC1wN1_GttN3wC1wN1 : 120.0891559 (0.17)%
      GbtC2zC1wN1_GttN1 : 115.4557731 (0.16)%
      GbtC2wN2hN1_GttN1 : 115.2959871 (0.16)%
   GbtC2zC1wN1_GqqC1wN1 : 114.1596272 (0.16)%
   GbtC2wN2hN1_GqqC1wN1 : 114.0016350 (0.16)%
      GbtC1wN1_GbtC2wN1 : 113.5027997 (0.16)%
      C2zC1wN1_C2zC1wN1 : 110.0187990 (0.15)%
      C2wN2hN1_C2wN2hN1 : 109.7144868 (0.15)%
GbtC2zC1wN1_GttN4wC1wN1 : 109.2340336 (0.15)%
GbtC2wN2hN1_GttN4wC1wN1 : 109.0828582 (0.15)%
         C2zC1wN1_N4hN1 : 108.6798525 (0.15)%
         C2wN2hN1_N4hN1 : 108.5294440 (0.15)%
      GbtC2hC1wN1_GttN1 : 107.5003172 (0.15)%
         N2hN1_N3wC1wN1 : 106.8206478 (0.15)%
   GbtC2hC1wN1_GqqC1wN1 : 106.2934820 (0.15)%
    GbtC1wN1_QqGbtC1wN1 : 104.9999971 (0.14)%
GbtC2hC1wN1_GttN4wC1wN1 : 101.7072854 (0.14)%
         C2hC1wN1_N4hN1 : 101.1912900 (0.14)%
         C2wN1_N4hN2hN1 : 95.8923946 (0.13)%
      C2hC1wN1_C2hC1wN1 : 95.3795094 (0.13)%
         C1wN1_N3zN2hN1 : 93.5151914 (0.13)%
         GqqC1wN1_GttN1 : 93.5086689 (0.13)%
            C1wN1_N3zN1 : 91.8779048 (0.13)%
         N3wC1wN1_N4hN1 : 91.8689828 (0.13)%
GbtC2zC1wN1_GttN3wC1wN1 : 91.2562317 (0.13)%
GbtC2wN2hN1_GttN3wC1wN1 : 91.1299369 (0.13)%
      GttN1_GttN4wC1wN1 : 89.4740928 (0.12)%
   GqqC1wN1_GttN4wC1wN1 : 88.4696261 (0.12)%
               C1wN1_N1 : 88.1713296 (0.12)%
   GbtC2wN1_GbtC2zC1wN1 : 86.2512332 (0.12)%
   GbtC2wN1_GbtC2wN2hN1 : 86.1318651 (0.12)%
       GbtC1wN1_QqC1wN1 : 86.0279779 (0.12)%
GbtC2hC1wN1_GttN3wC1wN1 : 84.9682402 (0.12)%
         C2wN1_N3zN2hN1 : 83.2118098 (0.11)%
            C2wN1_N3zN1 : 81.7549173 (0.11)%
         C1wN1_N4wC1wN1 : 81.0244903 (0.11)%
   GbtC2hC1wN1_GbtC2wN1 : 80.3081101 (0.11)%
                  N1_N1 : 80.0216364 (0.11)%
 GbtC2zC1wN1_QqGbtC1wN1 : 79.7899194 (0.11)%
 GbtC1wN1_QqGbtC2zC1wN1 : 79.7899194 (0.11)%
 GbtC2wN2hN1_QqGbtC1wN1 : 79.6794934 (0.11)%
 GbtC1wN1_QqGbtC2wN2hN1 : 79.6794934 (0.11)%
            N2hN1_N2hN1 : 78.9430576 (0.11)%
      GttN1_GttN3wC1wN1 : 74.7483937 (0.10)%
      GbbN2hN1_GbtC1wN1 : 74.3855042 (0.10)%
 GbtC1wN1_QqGbtC2hC1wN1 : 74.2920117 (0.10)%
 GbtC2hC1wN1_QqGbtC1wN1 : 74.2920117 (0.10)%
   GqqC1wN1_GttN3wC1wN1 : 73.9092427 (0.10)%
GttN3wC1wN1_GttN4wC1wN1 : 70.7203142 (0.10)%
------------------------------------------------------------
                                      SUM=74.42%

SHOWING PROCESSES TO GET 90.00% SUSY COVERAGE
---------------  Output inclusive processes  ---------------
The total xsec = 72452.94 [fb]
The total rate = 100.00%
                      Modes : xsec/fb      (rate)
                C1wN1_N2hN1 : 25357.0474978 (35.00)%
                C1wN1_C1wN1 : 13537.8304371 (18.68)%
                C1wN1_N2zN1 : 2887.1339233 (3.98)%
          C2zC1wN1_N4wC1wN1 : 423.5232393 (0.58)%
          C2wN2hN1_N4wC1wN1 : 422.9371006 (0.58)%
          C2hC1wN1_N4wC1wN1 : 394.3404592 (0.54)%
          C2zC1wN1_N3wC1wN1 : 358.8998361 (0.50)%
          C2wN2hN1_N3wC1wN1 : 358.4031336 (0.49)%
          N3wC1wN1_N4wC1wN1 : 358.0116122 (0.49)%
          C2hC1wN1_N3wC1wN1 : 334.1699181 (0.46)%
             C2wN1_N4wC1wN1 : 259.1589657 (0.36)%
             C1wN1_N3wC1wN1 : 246.8081244 (0.34)%
          C2wN2hN1_C2zC1wN1 : 219.7330751 (0.30)%
             C2wN1_N3wC1wN1 : 219.6151278 (0.30)%
          C2hC1wN1_C2zC1wN1 : 204.8759535 (0.28)%
          C2hC1wN1_C2wN2hN1 : 204.5924136 (0.28)%
       GbtC1wN1_GbtC2zC1wN1 : 185.4887530 (0.26)%
       GbtC1wN1_GbtC2wN2hN1 : 185.2320443 (0.26)%
       GbtC1wN1_GbtC2hC1wN1 : 172.7076894 (0.24)%
          C2zC1wN1_N4hN2hN1 : 156.7094446 (0.22)%
          C2wN2hN1_N4hN2hN1 : 156.4925653 (0.22)%
             GbtC1wN1_GttN1 : 151.9346796 (0.21)%
          GbtC1wN1_GqqC1wN1 : 150.2290091 (0.21)%
          C2hC1wN1_N4hN2hN1 : 145.9114132 (0.20)%
       GbtC1wN1_GttN4wC1wN1 : 143.7471462 (0.20)%
    GbtC2wN2hN1_GbtC2zC1wN1 : 140.7585742 (0.19)%
          C2zC1wN1_N3zN2hN1 : 135.9865562 (0.19)%
          C2wN2hN1_N3zN2hN1 : 135.7983564 (0.19)%
          N3zN2hN1_N4wC1wN1 : 135.6500096 (0.19)%
             C2wN1_C2zC1wN1 : 134.6436536 (0.19)%
             C2wN1_C2wN2hN1 : 134.4573124 (0.19)%
             C2zC1wN1_N3zN1 : 133.6056706 (0.18)%
             C2wN2hN1_N3zN1 : 133.4207659 (0.18)%
             N3zN1_N4wC1wN1 : 133.2750164 (0.18)%
          N3wC1wN1_N4hN2hN1 : 132.4692383 (0.18)%
    GbtC2hC1wN1_GbtC2zC1wN1 : 131.2412666 (0.18)%
    GbtC2hC1wN1_GbtC2wN2hN1 : 131.0596341 (0.18)%
          C2hC1wN1_N3zN2hN1 : 126.6164310 (0.17)%
             C2hC1wN1_C2wN1 : 125.3660609 (0.17)%
             C2hC1wN1_N3zN1 : 124.3995999 (0.17)%
          GbtC1wN1_GbtC1wN1 : 122.0474884 (0.17)%
       GbtC1wN1_GttN3wC1wN1 : 120.0891559 (0.17)%
          GbtC2zC1wN1_GttN1 : 115.4557731 (0.16)%
          GbtC2wN2hN1_GttN1 : 115.2959871 (0.16)%
       GbtC2zC1wN1_GqqC1wN1 : 114.1596272 (0.16)%
       GbtC2wN2hN1_GqqC1wN1 : 114.0016350 (0.16)%
          GbtC1wN1_GbtC2wN1 : 113.5027997 (0.16)%
          C2zC1wN1_C2zC1wN1 : 110.0187990 (0.15)%
          C2wN2hN1_C2wN2hN1 : 109.7144868 (0.15)%
    GbtC2zC1wN1_GttN4wC1wN1 : 109.2340336 (0.15)%
    GbtC2wN2hN1_GttN4wC1wN1 : 109.0828582 (0.15)%
             C2zC1wN1_N4hN1 : 108.6798525 (0.15)%
             C2wN2hN1_N4hN1 : 108.5294440 (0.15)%
          GbtC2hC1wN1_GttN1 : 107.5003172 (0.15)%
             N2hN1_N3wC1wN1 : 106.8206478 (0.15)%
       GbtC2hC1wN1_GqqC1wN1 : 106.2934820 (0.15)%
        GbtC1wN1_QqGbtC1wN1 : 104.9999971 (0.14)%
    GbtC2hC1wN1_GttN4wC1wN1 : 101.7072854 (0.14)%
             C2hC1wN1_N4hN1 : 101.1912900 (0.14)%
             C2wN1_N4hN2hN1 : 95.8923946 (0.13)%
          C2hC1wN1_C2hC1wN1 : 95.3795094 (0.13)%
             C1wN1_N3zN2hN1 : 93.5151914 (0.13)%
             GqqC1wN1_GttN1 : 93.5086689 (0.13)%
                C1wN1_N3zN1 : 91.8779048 (0.13)%
             N3wC1wN1_N4hN1 : 91.8689828 (0.13)%
    GbtC2zC1wN1_GttN3wC1wN1 : 91.2562317 (0.13)%
    GbtC2wN2hN1_GttN3wC1wN1 : 91.1299369 (0.13)%
          GttN1_GttN4wC1wN1 : 89.4740928 (0.12)%
       GqqC1wN1_GttN4wC1wN1 : 88.4696261 (0.12)%
                   C1wN1_N1 : 88.1713296 (0.12)%
       GbtC2wN1_GbtC2zC1wN1 : 86.2512332 (0.12)%
       GbtC2wN1_GbtC2wN2hN1 : 86.1318651 (0.12)%
           GbtC1wN1_QqC1wN1 : 86.0279779 (0.12)%
    GbtC2hC1wN1_GttN3wC1wN1 : 84.9682402 (0.12)%
             C2wN1_N3zN2hN1 : 83.2118098 (0.11)%
                C2wN1_N3zN1 : 81.7549173 (0.11)%
             C1wN1_N4wC1wN1 : 81.0244903 (0.11)%
       GbtC2hC1wN1_GbtC2wN1 : 80.3081101 (0.11)%
                      N1_N1 : 80.0216364 (0.11)%
     GbtC2zC1wN1_QqGbtC1wN1 : 79.7899194 (0.11)%
     GbtC1wN1_QqGbtC2zC1wN1 : 79.7899194 (0.11)%
     GbtC2wN2hN1_QqGbtC1wN1 : 79.6794934 (0.11)%
     GbtC1wN1_QqGbtC2wN2hN1 : 79.6794934 (0.11)%
                N2hN1_N2hN1 : 78.9430576 (0.11)%
          GttN1_GttN3wC1wN1 : 74.7483937 (0.10)%
          GbbN2hN1_GbtC1wN1 : 74.3855042 (0.10)%
     GbtC1wN1_QqGbtC2hC1wN1 : 74.2920117 (0.10)%
     GbtC2hC1wN1_QqGbtC1wN1 : 74.2920117 (0.10)%
       GqqC1wN1_GttN3wC1wN1 : 73.9092427 (0.10)%
    GttN3wC1wN1_GttN4wC1wN1 : 70.7203142 (0.10)%
             GbtC2wN1_GttN1 : 70.6487766 (0.10)%
    GbtC2zC1wN1_GbtC2zC1wN1 : 70.4768241 (0.10)%
    GbtC2wN2hN1_GbtC2wN2hN1 : 70.2818851 (0.10)%
          GbtC2wN1_GqqC1wN1 : 69.8556494 (0.10)%
          GbtC1wN1_GqqN2hN1 : 67.4967663 (0.09)%
       GbtC2wN1_GttN4wC1wN1 : 66.8416194 (0.09)%
                C2wN1_N4hN1 : 66.5025093 (0.09)%
        GbtC2zC1wN1_QqC1wN1 : 65.3730058 (0.09)%
           GttN1_QqGbtC1wN1 : 65.3562852 (0.09)%
           GbtC1wN1_QqGttN1 : 65.3562852 (0.09)%
        GbtC2wN2hN1_QqC1wN1 : 65.2825323 (0.09)%
        GqqC1wN1_QqGbtC1wN1 : 64.6225732 (0.09)%
        GbtC1wN1_QqGqqC1wN1 : 64.6225732 (0.09)%
     GttN4wC1wN1_QqGbtC1wN1 : 61.8343324 (0.09)%
     GbtC1wN1_QqGttN4wC1wN1 : 61.8343324 (0.09)%
    GbtC2hC1wN1_GbtC2hC1wN1 : 61.0990573 (0.08)%
        GbtC2hC1wN1_QqC1wN1 : 60.8684926 (0.08)%
  GbtC2zC1wN1_QqGbtC2zC1wN1 : 60.6326801 (0.08)%
  GbtC2wN2hN1_QqGbtC2zC1wN1 : 60.5487670 (0.08)%
  GbtC2zC1wN1_QqGbtC2wN2hN1 : 60.5487670 (0.08)%
  GbtC2wN2hN1_QqGbtC2wN2hN1 : 60.4649700 (0.08)%
       GbbN2hN1_GbtC2zC1wN1 : 56.5258433 (0.08)%
  GbtC2zC1wN1_QqGbtC2hC1wN1 : 56.4547980 (0.08)%
  GbtC2hC1wN1_QqGbtC2zC1wN1 : 56.4547980 (0.08)%
       GbbN2hN1_GbtC2wN2hN1 : 56.4476139 (0.08)%
  GbtC2wN2hN1_QqGbtC2hC1wN1 : 56.3766669 (0.08)%
  GbtC2hC1wN1_QqGbtC2wN2hN1 : 56.3766669 (0.08)%
       GbtC2wN1_GttN3wC1wN1 : 55.8407861 (0.08)%
              GttN1_QqC1wN1 : 53.5473258 (0.07)%
       GbtC1wN1_GttN4hN2hN1 : 53.1884283 (0.07)%
           GqqC1wN1_QqC1wN1 : 52.9461853 (0.07)%
       GbbN2hN1_GbtC2hC1wN1 : 52.6309419 (0.07)%
  GbtC2hC1wN1_QqGbtC2hC1wN1 : 52.5647920 (0.07)%
     GttN3wC1wN1_QqGbtC1wN1 : 51.6576014 (0.07)%
     GbtC1wN1_QqGttN3wC1wN1 : 51.6576014 (0.07)%
       GbtC2zC1wN1_GqqN2hN1 : 51.2910637 (0.07)%
       GbtC2wN2hN1_GqqN2hN1 : 51.2200790 (0.07)%
             GbtC1wN1_GqqN1 : 51.0627626 (0.07)%
        GttN4wC1wN1_QqC1wN1 : 50.6617403 (0.07)%
          N3zN2hN1_N4hN2hN1 : 50.1923760 (0.07)%
        GbtC2zC1wN1_QqGttN1 : 49.6645035 (0.07)%
        GttN1_QqGbtC2zC1wN1 : 49.6645035 (0.07)%
        GbtC2wN2hN1_QqGttN1 : 49.5957699 (0.07)%
        GttN1_QqGbtC2wN2hN1 : 49.5957699 (0.07)%
             C1wN1_C2zC1wN1 : 49.4134936 (0.07)%
             C1wN1_C2wN2hN1 : 49.3451074 (0.07)%
             N3zN1_N4hN2hN1 : 49.3135957 (0.07)%
     GbtC2zC1wN1_QqGqqC1wN1 : 49.1069529 (0.07)%
     GqqC1wN1_QqGbtC2zC1wN1 : 49.1069529 (0.07)%
     GbtC2wN2hN1_QqGqqC1wN1 : 49.0389909 (0.07)%
     GqqC1wN1_QqGbtC2wN2hN1 : 49.0389909 (0.07)%
        GbtC1wN1_QqGbtC2wN1 : 48.8244116 (0.07)%
        GbtC2wN1_QqGbtC1wN1 : 48.8244116 (0.07)%
          C2wN2zN1_N4wC1wN1 : 48.1552930 (0.07)%
         QqC1wN1_QqGbtC1wN1 : 47.8116634 (0.07)%
       GbtC2hC1wN1_GqqN2hN1 : 47.7568637 (0.07)%
                GttN1_GttN1 : 47.2851739 (0.07)%
  GbtC2zC1wN1_QqGttN4wC1wN1 : 46.9881575 (0.06)%
  GttN4wC1wN1_QqGbtC2zC1wN1 : 46.9881575 (0.06)%
  GttN4wC1wN1_QqGbtC2wN2hN1 : 46.9231278 (0.06)%
  GbtC2wN2hN1_QqGttN4wC1wN1 : 46.9231278 (0.06)%
             GbbN2hN1_GttN1 : 46.3005748 (0.06)%
        GbtC2hC1wN1_QqGttN1 : 46.2423813 (0.06)%
        GttN1_QqGbtC2hC1wN1 : 46.2423813 (0.06)%
          GqqC1wN1_GqqC1wN1 : 46.2294543 (0.06)%
             C1wN1_C2hC1wN1 : 46.0086672 (0.06)%
          GbbN2hN1_GqqC1wN1 : 45.7807888 (0.06)%
     GqqC1wN1_QqGbtC2hC1wN1 : 45.7232486 (0.06)%
     GbtC2hC1wN1_QqGqqC1wN1 : 45.7232486 (0.06)%
       GbtC1wN1_GttN3zN2hN1 : 45.5015832 (0.06)%
          GbtC1wN1_GttN3zN1 : 44.7049304 (0.06)%
   QqGbtC1wN1_QqGbtC2zC1wN1 : 44.3447452 (0.06)%
   QqGbtC1wN1_QqGbtC2wN2hN1 : 44.2833740 (0.06)%
       GbbN2hN1_GttN4wC1wN1 : 43.8055059 (0.06)%
  GttN4wC1wN1_QqGbtC2hC1wN1 : 43.7504483 (0.06)%
  GbtC2hC1wN1_QqGttN4wC1wN1 : 43.7504483 (0.06)%
          GbtC1wN1_GttN2hN1 : 42.6505054 (0.06)%
    GttN4wC1wN1_GttN4wC1wN1 : 42.3262336 (0.06)%
        GttN3wC1wN1_QqC1wN1 : 42.3238011 (0.06)%
             GqqN2hN1_GttN1 : 42.0127431 (0.06)%
          GqqC1wN1_GqqN2hN1 : 41.5410937 (0.06)%
   QqGbtC1wN1_QqGbtC2hC1wN1 : 41.2891799 (0.06)%
                C2wN1_C2wN1 : 41.1950358 (0.06)%
          C2wN2zN1_N3wC1wN1 : 40.8075051 (0.06)%
              GttN1_QqGttN1 : 40.6804203 (0.06)%
             N2hN1_N3zN2hN1 : 40.4741673 (0.06)%
    GbtC2zC1wN1_GttN4hN2hN1 : 40.4181002 (0.06)%
    GbtC2wN2hN1_GttN4hN2hN1 : 40.3621633 (0.06)%
           GttN1_QqGqqC1wN1 : 40.2237280 (0.06)%
           GqqC1wN1_QqGttN1 : 40.2237280 (0.06)%
           GbtC2wN1_QqC1wN1 : 40.0025288 (0.06)%
        GqqC1wN1_QqGqqC1wN1 : 39.7721627 (0.05)%
                N2hN1_N3zN1 : 39.7655358 (0.05)%
       GqqN2hN1_GttN4wC1wN1 : 39.7487390 (0.05)%
  GttN3wC1wN1_QqGbtC2zC1wN1 : 39.2548187 (0.05)%
  GbtC2zC1wN1_QqGttN3wC1wN1 : 39.2548187 (0.05)%
  GttN3wC1wN1_QqGbtC2wN2hN1 : 39.2004917 (0.05)%
  GbtC2wN2hN1_QqGttN3wC1wN1 : 39.2004917 (0.05)%
           GbtC1wN1_QqN2hN1 : 39.1509334 (0.05)%
          GbtC2zC1wN1_GqqN1 : 38.8027983 (0.05)%
          GbtC2wN2hN1_GqqN1 : 38.7490969 (0.05)%
        GttN1_QqGttN4wC1wN1 : 38.4882131 (0.05)%
        GttN4wC1wN1_QqGttN1 : 38.4882131 (0.05)%
     GttN4wC1wN1_QqGqqC1wN1 : 38.0561313 (0.05)%
     GqqC1wN1_QqGttN4wC1wN1 : 38.0561313 (0.05)%
    GbtC2hC1wN1_GttN4hN2hN1 : 37.6330995 (0.05)%
     GbtC2wN1_QqGbtC2zC1wN1 : 37.1018665 (0.05)%
     GbtC2zC1wN1_QqGbtC2wN1 : 37.1018665 (0.05)%
     GbtC2wN2hN1_QqGbtC2wN1 : 37.0505190 (0.05)%
     GbtC2wN1_QqGbtC2wN2hN1 : 37.0505190 (0.05)%
          GbtC1wN1_GttN4hN1 : 36.8868038 (0.05)%
       GbbN2hN1_GttN3wC1wN1 : 36.5959698 (0.05)%
  GttN3wC1wN1_QqGbtC2hC1wN1 : 36.5499736 (0.05)%
  GbtC2hC1wN1_QqGttN3wC1wN1 : 36.5499736 (0.05)%
  GttN4wC1wN1_QqGttN4wC1wN1 : 36.4141406 (0.05)%
      QqC1wN1_QqGbtC2zC1wN1 : 36.3322750 (0.05)%
         QqGbtC1wN1_QqGttN1 : 36.3229821 (0.05)%
      QqC1wN1_QqGbtC2wN2hN1 : 36.2819926 (0.05)%
          GbtC2hC1wN1_GqqN1 : 36.1290997 (0.05)%
      QqGbtC1wN1_QqGqqC1wN1 : 35.9152080 (0.05)%
             C2zC1wN1_N2hN1 : 34.9291095 (0.05)%
             C2wN2hN1_N2hN1 : 34.8807691 (0.05)%
             N3zN2hN1_N4hN1 : 34.8090061 (0.05)%
          GbbN2hN1_GbtC2wN1 : 34.5888436 (0.05)%
    GbtC2zC1wN1_GttN3zN2hN1 : 34.5768357 (0.05)%
     GbtC2wN1_QqGbtC2hC1wN1 : 34.5453701 (0.05)%
     GbtC2hC1wN1_QqGbtC2wN1 : 34.5453701 (0.05)%
    GbtC2wN2hN1_GttN3zN2hN1 : 34.5289828 (0.05)%
   QqGbtC1wN1_QqGttN4wC1wN1 : 34.3655908 (0.05)%
                N3zN1_N4hN1 : 34.1995616 (0.05)%
       GbtC2zC1wN1_GttN3zN1 : 33.9714561 (0.05)%
       GbtC2wN2hN1_GttN3zN1 : 33.9244410 (0.05)%
      QqC1wN1_QqGbtC2hC1wN1 : 33.8288072 (0.05)%
QqGbtC2wN2hN1_QqGbtC2zC1wN1 : 33.6511137 (0.05)%
       GqqN2hN1_GttN3wC1wN1 : 33.2068680 (0.05)%
          GttN1_GttN4hN2hN1 : 33.1066494 (0.05)%
       GqqC1wN1_GttN4hN2hN1 : 32.7349829 (0.05)%
             C2hC1wN1_N2hN1 : 32.5223265 (0.04)%
       GbtC2zC1wN1_GttN2hN1 : 32.4102903 (0.04)%
       GbtC2wN2hN1_GttN2hN1 : 32.3654358 (0.04)%
    GbtC2hC1wN1_GttN3zN2hN1 : 32.1943261 (0.04)%
        GttN1_QqGttN3wC1wN1 : 32.1538002 (0.04)%
        GttN3wC1wN1_QqGttN1 : 32.1538002 (0.04)%
        GbbN2hN1_QqGbtC1wN1 : 31.9976995 (0.04)%
        GbtC1wN1_QqGbbN2hN1 : 31.9976995 (0.04)%
     GttN3wC1wN1_QqGqqC1wN1 : 31.7928307 (0.04)%
     GqqC1wN1_QqGttN3wC1wN1 : 31.7928307 (0.04)%
                GqqN1_GttN1 : 31.7835483 (0.04)%
       GbtC2hC1wN1_GttN3zN1 : 31.6306601 (0.04)%
             GqqC1wN1_GqqN1 : 31.4267353 (0.04)%
          GbtC2wN1_GqqN2hN1 : 31.3856190 (0.04)%
QqGbtC2hC1wN1_QqGbtC2zC1wN1 : 31.3758136 (0.04)%
QqGbtC2hC1wN1_QqGbtC2wN2hN1 : 31.3323907 (0.04)%
    GttN4hN2hN1_GttN4wC1wN1 : 31.3225814 (0.04)%
  GttN3wC1wN1_QqGttN4wC1wN1 : 30.4210798 (0.04)%
  GttN4wC1wN1_QqGttN3wC1wN1 : 30.4210798 (0.04)%
           GttN1_QqGbtC2wN1 : 30.3903072 (0.04)%
           GbtC2wN1_QqGttN1 : 30.3903072 (0.04)%
                C1wN1_C2wN1 : 30.2367113 (0.04)%
       GbtC2hC1wN1_GttN2hN1 : 30.1770661 (0.04)%
          GqqN1_GttN4wC1wN1 : 30.0707802 (0.04)%
        GqqC1wN1_QqGbtC2wN1 : 30.0491353 (0.04)%
        GbtC2wN1_QqGqqC1wN1 : 30.0491353 (0.04)%
             C1wN1_N4hN2hN1 : 29.9801798 (0.04)%
            QqC1wN1_QqGttN1 : 29.7599313 (0.04)%
        GbtC2zC1wN1_QqN2hN1 : 29.7509515 (0.04)%
        GbtC2wN2hN1_QqN2hN1 : 29.7097774 (0.04)%
    GttN3wC1wN1_GttN3wC1wN1 : 29.5405615 (0.04)%
         QqC1wN1_QqGqqC1wN1 : 29.4258362 (0.04)%
      QqGbtC1wN1_QqGbtC1wN1 : 29.1778595 (0.04)%
        GqqN2hN1_QqGbtC1wN1 : 29.0344371 (0.04)%
        GbtC1wN1_QqGqqN2hN1 : 29.0344371 (0.04)%
     GttN4wC1wN1_QqGbtC2wN1 : 28.7526189 (0.04)%
     GbtC2wN1_QqGttN4wC1wN1 : 28.7526189 (0.04)%
   QqGbtC1wN1_QqGttN3wC1wN1 : 28.7096815 (0.04)%
          GttN1_GttN3zN2hN1 : 28.3220431 (0.04)%
      QqC1wN1_QqGttN4wC1wN1 : 28.1562130 (0.04)%
       GbtC2zC1wN1_GttN4hN1 : 28.0304303 (0.04)%
       GqqC1wN1_GttN3zN2hN1 : 28.0040902 (0.04)%
       GbtC2wN2hN1_GttN4hN1 : 27.9916374 (0.04)%
             GttN1_GttN3zN1 : 27.8261739 (0.04)%
        GbtC2hC1wN1_QqN2hN1 : 27.7009684 (0.04)%
      QqGbtC2zC1wN1_QqGttN1 : 27.6019800 (0.04)%
      QqGbtC2wN2hN1_QqGttN1 : 27.5637800 (0.04)%
          GqqC1wN1_GttN3zN1 : 27.5137878 (0.04)%
   QqGbtC2zC1wN1_QqGqqC1wN1 : 27.2921107 (0.04)%
   QqGbtC2wN2hN1_QqGqqC1wN1 : 27.2543396 (0.04)%
      QqGbtC1wN1_QqGbtC2wN1 : 27.1350831 (0.04)%
       GbbN3wC1wN1_GbtC1wN1 : 26.9764780 (0.04)%
    GttN3zN2hN1_GttN4wC1wN1 : 26.7958104 (0.04)%
             GttN1_GttN2hN1 : 26.5474159 (0.04)%
          GbtC2wN1_GbtC2wN1 : 26.3890837 (0.04)%
       GbbN4wC1wN1_GbtC1wN1 : 26.3334972 (0.04)%
       GttN3zN1_GttN4wC1wN1 : 26.3266629 (0.04)%
          GqqC1wN1_GttN2hN1 : 26.2493856 (0.04)%
           GbbN2hN1_QqC1wN1 : 26.2161663 (0.04)%
    GttN3wC1wN1_GttN4hN2hN1 : 26.1674924 (0.04)%
QqGbtC2zC1wN1_QqGttN4wC1wN1 : 26.1145504 (0.04)%
       GbtC2hC1wN1_GttN4hN1 : 26.0989994 (0.04)%
QqGbtC2wN2hN1_QqGttN4wC1wN1 : 26.0784090 (0.04)%
      QqGbtC2hC1wN1_QqGttN1 : 25.7000713 (0.04)%
  GttN3wC1wN1_QqGttN3wC1wN1 : 25.4143605 (0.04)%
   QqGbtC2hC1wN1_QqGqqC1wN1 : 25.4115536 (0.04)%
          GqqN1_GttN3wC1wN1 : 25.1217134 (0.03)%
       GttN2hN1_GttN4wC1wN1 : 25.1168153 (0.03)%
          C2wN2zN1_C2zC1wN1 : 25.0186389 (0.03)%
          C2wN2hN1_C2wN2zN1 : 24.9840142 (0.03)%
       GbtC2wN1_GttN4hN2hN1 : 24.7323218 (0.03)%
              GttN1_QqN2hN1 : 24.3691394 (0.03)%
     GbbN2hN1_QqGbtC2zC1wN1 : 24.3151803 (0.03)%
     GbtC2zC1wN1_QqGbbN2hN1 : 24.3151803 (0.03)%
QqGbtC2hC1wN1_QqGttN4wC1wN1 : 24.3151328 (0.03)%
     GbbN2hN1_QqGbtC2wN2hN1 : 24.2815291 (0.03)%
     GbtC2wN2hN1_QqGbbN2hN1 : 24.2815291 (0.03)%
           GqqC1wN1_QqN2hN1 : 24.0955631 (0.03)%
     GttN3wC1wN1_QqGbtC2wN1 : 24.0204959 (0.03)%
     GbtC2wN1_QqGttN3wC1wN1 : 24.0204959 (0.03)%
           GqqN2hN1_QqC1wN1 : 23.7883237 (0.03)%
             GbtC2wN1_GqqN1 : 23.7438992 (0.03)%
      QqC1wN1_QqGttN3wC1wN1 : 23.5222468 (0.03)%
                N1_N3wC1wN1 : 23.3052641 (0.03)%
          C2hC1wN1_C2wN2zN1 : 23.2947348 (0.03)%
        GttN4wC1wN1_QqN2hN1 : 23.0559228 (0.03)%
             GttN1_GttN4hN1 : 22.9598527 (0.03)%
     GbtC1wN1_QqGttN4hN2hN1 : 22.8795565 (0.03)%
     GttN4hN2hN1_QqGbtC1wN1 : 22.8795565 (0.03)%
        GbtC2wN1_QqGbtC2wN1 : 22.7030785 (0.03)%
          GqqC1wN1_GttN4hN1 : 22.7020976 (0.03)%
     GbbN2hN1_QqGbtC2hC1wN1 : 22.6397479 (0.03)%
     GbtC2hC1wN1_QqGbbN2hN1 : 22.6397479 (0.03)%
    GttN3wC1wN1_GttN3zN2hN1 : 22.3857401 (0.03)%
         QqGqqC1wN1_QqGttN1 : 22.3550918 (0.03)%
         QqC1wN1_QqGbtC2wN1 : 22.2321562 (0.03)%
     GbtC2zC1wN1_QqGqqN2hN1 : 22.0633854 (0.03)%
     GqqN2hN1_QqGbtC2zC1wN1 : 22.0633854 (0.03)%
     GbtC2wN2hN1_QqGqqN2hN1 : 22.0328505 (0.03)%
     GqqN2hN1_QqGbtC2wN2hN1 : 22.0328505 (0.03)%
       GttN3wC1wN1_GttN3zN1 : 21.9938051 (0.03)%
           GqqN1_QqGbtC1wN1 : 21.9651793 (0.03)%
           GbtC1wN1_QqGqqN1 : 21.9651793 (0.03)%
QqGbtC2zC1wN1_QqGttN3wC1wN1 : 21.8166023 (0.03)%
QqGbtC2wN2hN1_QqGttN3wC1wN1 : 21.7864090 (0.03)%
         QqGbtC1wN1_QqN2hN1 : 21.7588660 (0.03)%
       GttN4hN1_GttN4wC1wN1 : 21.7225805 (0.03)%
      QqGttN1_QqGttN4wC1wN1 : 21.3905468 (0.03)%
                C2wN1_N2hN1 : 21.3735423 (0.03)%
             C2zC1wN1_N4zN1 : 21.1664648 (0.03)%
       GbtC2wN1_GttN3zN2hN1 : 21.1579818 (0.03)%
   QqGqqC1wN1_QqGttN4wC1wN1 : 21.1504092 (0.03)%
             C2wN2hN1_N4zN1 : 21.1371713 (0.03)%
       GbtC1wN1_GbtC2wN2zN1 : 21.0903781 (0.03)%
       GttN2hN1_GttN3wC1wN1 : 20.9830750 (0.03)%
             C2zC1wN1_N3hN1 : 20.8830613 (0.03)%
             C2wN2hN1_N3hN1 : 20.8541600 (0.03)%
             N3hN1_N4wC1wN1 : 20.8313788 (0.03)%
                C1wN1_N4hN1 : 20.7916091 (0.03)%
          GbtC2wN1_GttN3zN1 : 20.7875427 (0.03)%
   QqGbtC2wN1_QqGbtC2zC1wN1 : 20.6200586 (0.03)%
   QqGbtC2wN1_QqGbtC2wN2hN1 : 20.5915213 (0.03)%
          GbbN2hN1_GqqN2hN1 : 20.5689648 (0.03)%
     GbtC2hC1wN1_QqGqqN2hN1 : 20.5431124 (0.03)%
     GqqN2hN1_QqGbtC2hC1wN1 : 20.5431124 (0.03)%
    GbbN3wC1wN1_GbtC2zC1wN1 : 20.4995339 (0.03)%
    GbbN3wC1wN1_GbtC2wN2hN1 : 20.4711634 (0.03)%
QqGbtC2hC1wN1_QqGttN3wC1wN1 : 20.3133339 (0.03)%
    GbbN4wC1wN1_GbtC2zC1wN1 : 20.0109303 (0.03)%
    GbbN4wC1wN1_GbtC2wN2hN1 : 19.9832360 (0.03)%
           GbbN2hN1_QqGttN1 : 19.9166746 (0.03)%
           GttN1_QqGbbN2hN1 : 19.9166746 (0.03)%
          GbtC2wN1_GttN2hN1 : 19.8322466 (0.03)%
             C2hC1wN1_N4zN1 : 19.7079940 (0.03)%
        GbbN2hN1_QqGqqC1wN1 : 19.6930832 (0.03)%
        GqqC1wN1_QqGbbN2hN1 : 19.6930832 (0.03)%
                C2zC1wN1_N1 : 19.6844112 (0.03)%
                C2wN2hN1_N1 : 19.6571688 (0.03)%
            QqC1wN1_QqC1wN1 : 19.5863849 (0.03)%
     GbtC1wN1_QqGttN3zN2hN1 : 19.5729800 (0.03)%
     GttN3zN2hN1_QqGbtC1wN1 : 19.5729800 (0.03)%
             C2hC1wN1_N3hN1 : 19.4441183 (0.03)%
        GttN3wC1wN1_QqN2hN1 : 19.2613654 (0.03)%
        GbtC1wN1_QqGttN3zN1 : 19.2302915 (0.03)%
        GttN3zN1_QqGbtC1wN1 : 19.2302915 (0.03)%
   QqGbtC2hC1wN1_QqGbtC2wN1 : 19.1992378 (0.03)%
    GbbN3wC1wN1_GbtC2hC1wN1 : 19.0870178 (0.03)%
     GbbN2hN1_QqGttN4wC1wN1 : 18.8433947 (0.03)%
     GttN4wC1wN1_QqGbbN2hN1 : 18.8433947 (0.03)%
        GttN4hN2hN1_QqC1wN1 : 18.7455432 (0.03)%
    GbbN4wC1wN1_GbtC2hC1wN1 : 18.6320813 (0.03)%
        GttN2hN1_QqGbtC1wN1 : 18.3465592 (0.03)%
        GbtC1wN1_QqGttN2hN1 : 18.3465592 (0.03)%
                C2hC1wN1_N1 : 18.3280610 (0.03)%
           GbtC2wN1_QqN2hN1 : 18.2049651 (0.03)%
       GttN3wC1wN1_GttN4hN1 : 18.1474653 (0.03)%
           GttN1_QqGqqN2hN1 : 18.0722191 (0.02)%
           GqqN2hN1_QqGttN1 : 18.0722191 (0.02)%
              GqqN1_QqC1wN1 : 17.9963810 (0.02)%
                N2hN1_N2zN1 : 17.9767916 (0.02)%
             N3wC1wN1_N4zN1 : 17.8923835 (0.02)%
      QqGttN1_QqGttN3wC1wN1 : 17.8700779 (0.02)%
        GqqN2hN1_QqGqqC1wN1 : 17.8693342 (0.02)%
        GqqC1wN1_QqGqqN2hN1 : 17.8693342 (0.02)%
          C2zC1wN1_N4hN2zN1 : 17.8428168 (0.02)%
            QqC1wN1_QqN2hN1 : 17.8273457 (0.02)%
          C2wN2zN1_N4hN2hN1 : 17.8181231 (0.02)%
          C2wN2hN1_N4hN2zN1 : 17.8181231 (0.02)%
      QqGbbN2hN1_QqGbtC1wN1 : 17.7833221 (0.02)%
   QqGqqC1wN1_QqGttN3wC1wN1 : 17.6694624 (0.02)%
  GbtC2zC1wN1_QqGttN4hN2hN1 : 17.3862669 (0.02)%
  GttN4hN2hN1_QqGbtC2zC1wN1 : 17.3862669 (0.02)%
  GbtC2wN2hN1_QqGttN4hN2hN1 : 17.3622050 (0.02)%
  GttN4hN2hN1_QqGbtC2wN2hN1 : 17.3622050 (0.02)%
          GbtC2wN1_GttN4hN1 : 17.1521576 (0.02)%
     GqqN2hN1_QqGttN4wC1wN1 : 17.0983342 (0.02)%
     GttN4wC1wN1_QqGqqN2hN1 : 17.0983342 (0.02)%
QqGttN3wC1wN1_QqGttN4wC1wN1 : 16.9070861 (0.02)%
         QqGbtC2wN1_QqGttN1 : 16.8899836 (0.02)%
QqGbtC2zC1wN1_QqGbtC2zC1wN1 : 16.8488750 (0.02)%
QqGbtC2wN2hN1_QqGbtC2wN2hN1 : 16.8022710 (0.02)%
          GbbN3wC1wN1_GttN1 : 16.7912613 (0.02)%
      QqGbtC2wN1_QqGqqC1wN1 : 16.7003709 (0.02)%
        GqqN1_QqGbtC2zC1wN1 : 16.6914279 (0.02)%
        GbtC2zC1wN1_QqGqqN1 : 16.6914279 (0.02)%
        GqqN1_QqGbtC2wN2hN1 : 16.6683277 (0.02)%
        GbtC2wN2hN1_QqGqqN1 : 16.6683277 (0.02)%
          C2hC1wN1_N4hN2zN1 : 16.6133613 (0.02)%
       GbbN3wC1wN1_GqqC1wN1 : 16.6027569 (0.02)%
      QqGbtC2zC1wN1_QqN2hN1 : 16.5346497 (0.02)%
      QqGbtC2wN2hN1_QqN2hN1 : 16.5117664 (0.02)%
          GbbN4wC1wN1_GttN1 : 16.3910438 (0.02)%
       GbbN2hN1_GttN4hN2hN1 : 16.2086418 (0.02)%
       GbbN4wC1wN1_GqqC1wN1 : 16.2070324 (0.02)%
  GttN4hN2hN1_QqGbtC2hC1wN1 : 16.1882698 (0.02)%
  GbtC2hC1wN1_QqGttN4hN2hN1 : 16.1882698 (0.02)%
      QqGbtC1wN1_QqGqqN2hN1 : 16.1364334 (0.02)%
        GttN3zN2hN1_QqC1wN1 : 16.0364185 (0.02)%
    GbtC2wN2zN1_GbtC2zC1wN1 : 16.0266630 (0.02)%
    GbtC2wN2hN1_GbtC2wN2zN1 : 16.0044827 (0.02)%
   QqGbtC2wN1_QqGttN4wC1wN1 : 15.9798076 (0.02)%
    GbbN3wC1wN1_GttN4wC1wN1 : 15.8864052 (0.02)%
        GbtC1wN1_QqGttN4hN1 : 15.8672429 (0.02)%
        GttN4hN1_QqGbtC1wN1 : 15.8672429 (0.02)%
           GttN3zN1_QqC1wN1 : 15.7556490 (0.02)%
     GbbN2hN1_QqGttN3wC1wN1 : 15.7421376 (0.02)%
     GttN3wC1wN1_QqGbbN2hN1 : 15.7421376 (0.02)%
             GbbN1_GbtC1wN1 : 15.5815379 (0.02)%
             GbbN2hN1_GqqN1 : 15.5608665 (0.02)%
        GqqN1_QqGbtC2hC1wN1 : 15.5413086 (0.02)%
        GbtC2hC1wN1_QqGqqN1 : 15.5413086 (0.02)%
    GbbN4wC1wN1_GttN4wC1wN1 : 15.5077549 (0.02)%
          C2zC1wN1_N3zN2zN1 : 15.4833247 (0.02)%
          C2wN2zN1_N3zN2hN1 : 15.4618964 (0.02)%
          C2wN2hN1_N3zN2zN1 : 15.4618964 (0.02)%
          N3zN2zN1_N4wC1wN1 : 15.4450057 (0.02)%
      QqGbtC2hC1wN1_QqN2hN1 : 15.3953331 (0.02)%
             C2wN1_C2wN2zN1 : 15.3092062 (0.02)%
             C2wN2zN1_N3zN1 : 15.1911858 (0.02)%
          N3wC1wN1_N4hN2zN1 : 15.0828456 (0.02)%
           GttN2hN1_QqC1wN1 : 15.0315946 (0.02)%
------------------------------------------------------------
                                          SUM=90.01%
