/Users/rafalmaselek/Projects/fastlim-1.0
 
#################################################################
#                                                               #
#                                                               #
#                     This is Fastlim  ver. 1.0                 #
#                                                               #
#          A fast LHC limit calculator for BSM models.          #
#                                                               #
#                  http://cern.ch/fastlim-1.0/                  #
#                                                               #
#  for bugs/feature requests: fastlim-1.0.developers@gmail.com  #
#                                                               #
#    please refer to:                                           #
#    M.Papucci, K.Sakurai, A.Weiler, L.Zeune arXiv:1402.xxxx    #
#                                                               #
#################################################################
 

!! Masses incompatible with the data for ERER !!

!! Problem with reading tables for ER ER !! Probably mass outside the table !! Setting xsec to 10^-20 !!

!! Masses incompatible with the data for ELEL !!

!! Problem with reading tables for EL EL !! Probably mass outside the table !! Setting xsec to 10^-20 !!

!! Masses incompatible with the data for TAU1TAU1 !!

!! Problem with reading tables for TAU1 TAU1 !! Probably mass outside the table !! Setting xsec to 10^-20 !!

!! Masses incompatible with the data for TAU2TAU2 !!

!! Problem with reading tables for TAU2 TAU2 !! Probably mass outside the table !! Setting xsec to 10^-20 !!
Decoupling mG=1539.7765 GeV; mQ=3072.72069 GeV

!! Masses incompatible with the data for QQ !!

!! Problem with reading tables for Q Q !! Probably mass outside the table !! Setting xsec to 10^-20 !!

!! Masses incompatible with the data for GQ !!

!! Problem with reading tables for G Q !! Probably mass outside the table !! Setting xsec to 10^-20 !!
!! EWK PROCESS C1C2 NOT FOUND !! WILL TRY TO LOOK FOR +/- MODES !!
XSEC FOUND FOR: C1-C2+
XSEC FOUND FOR: C1+C2-
!! EWK PROCESS C1N1 NOT FOUND !! WILL TRY TO LOOK FOR +/- MODES !!
XSEC FOUND FOR: C1+N1
XSEC FOUND FOR: C1-N1
!! EWK PROCESS C1N2 NOT FOUND !! WILL TRY TO LOOK FOR +/- MODES !!
XSEC FOUND FOR: C1+N2
XSEC FOUND FOR: C1-N2
!! EWK PROCESS C1N3 NOT FOUND !! WILL TRY TO LOOK FOR +/- MODES !!
XSEC FOUND FOR: C1+N3
XSEC FOUND FOR: C1-N3
!! EWK PROCESS C1N4 NOT FOUND !! WILL TRY TO LOOK FOR +/- MODES !!
XSEC FOUND FOR: C1+N4
XSEC FOUND FOR: C1-N4
!! EWK PROCESS C2N1 NOT FOUND !! WILL TRY TO LOOK FOR +/- MODES !!
XSEC FOUND FOR: C2+N1
XSEC FOUND FOR: C2-N1
!! EWK PROCESS C2N2 NOT FOUND !! WILL TRY TO LOOK FOR +/- MODES !!
XSEC FOUND FOR: C2+N2
XSEC FOUND FOR: C2-N2
!! EWK PROCESS C2N3 NOT FOUND !! WILL TRY TO LOOK FOR +/- MODES !!
XSEC FOUND FOR: C2+N3
XSEC FOUND FOR: C2-N3
!! EWK PROCESS C2N4 NOT FOUND !! WILL TRY TO LOOK FOR +/- MODES !!
XSEC FOUND FOR: C2+N4
XSEC FOUND FOR: C2-N4

!! Masses incompatible with the data for B2B2 !!

!! Problem with reading tables for B2 B2 !! Probably mass outside the table !! Setting xsec to 10^-20 !!
---------------  Output inclusive processes  ---------------
The total xsec = 53508.64 [fb]
The total rate = 100.00%
Output upto 0.10%
               Modes : xsec/fb      (rate)
         C1wN1_N2zN1 : 25730.2657654 (48.09)%
         C1wN1_C1wN1 : 13276.8913481 (24.81)%
         C1wN1_N2hN1 : 1203.7661125 (2.25)%
      GqqC1wN1_GttN1 : 1188.2911418 (2.22)%
      GbtC1wN1_GttN1 : 1144.0557167 (2.14)%
   GbtC1wN1_GqqC1wN1 : 1104.9458211 (2.06)%
         GttN1_GttN1 : 615.1755353 (1.15)%
   GqqC1wN1_GqqC1wN1 : 573.8345223 (1.07)%
      GqqN2zN1_GttN1 : 567.8392797 (1.06)%
   GqqC1wN1_GqqN2zN1 : 548.4275198 (1.02)%
   GbtC1wN1_GbtC1wN1 : 531.9065079 (0.99)%
   GbtC1wN1_GqqN2zN1 : 528.0117112 (0.99)%
         GqqN1_GttN1 : 393.2842153 (0.73)%
      GqqC1wN1_GqqN1 : 379.8396737 (0.71)%
      GbtC1wN1_GqqN1 : 365.6997304 (0.68)%
      GbbN2zN1_GttN1 : 344.9329994 (0.64)%
   GbbN2zN1_GqqC1wN1 : 333.1413590 (0.62)%
   GbbN2zN1_GbtC1wN1 : 320.7398111 (0.60)%
      GttN1_GttN2zN1 : 205.4875831 (0.38)%
   GqqC1wN1_GttN2zN1 : 198.4629271 (0.37)%
   GbtC1wN1_GttN2zN1 : 191.0749296 (0.36)%
      GqqN1_GqqN2zN1 : 181.5109775 (0.34)%
   GbbN2zN1_GqqN2zN1 : 159.1956236 (0.30)%
   GqqN2zN1_GqqN2zN1 : 131.0363584 (0.24)%
      GbbN2zN1_GqqN1 : 110.2585329 (0.21)%
   GqqN2zN1_GttN2zN1 : 94.8379076 (0.18)%
   GbtC2hC1wN1_GttN1 : 72.9379588 (0.14)%
GbtC2hC1wN1_GqqC1wN1 : 70.4445523 (0.13)%
   GbtC2zC1wN1_GttN1 : 68.7126384 (0.13)%
GbtC1wN1_GbtC2hC1wN1 : 67.8221775 (0.13)%
GbtC2zC1wN1_GqqC1wN1 : 66.3636758 (0.12)%
      GqqN1_GttN2zN1 : 65.6845227 (0.12)%
   GbtC2wN2zN1_GttN1 : 64.3914401 (0.12)%
GbtC1wN1_GbtC2zC1wN1 : 63.8932161 (0.12)%
         GqqN1_GqqN1 : 62.8570486 (0.12)%
GbtC2wN2zN1_GqqC1wN1 : 62.1901990 (0.12)%
GbtC1wN1_GbtC2wN2zN1 : 59.8751015 (0.11)%
   GbbN2zN1_GttN2zN1 : 57.6091248 (0.11)%
         GbbN1_GttN1 : 56.6949340 (0.11)%
      GbbN1_GqqC1wN1 : 54.7568002 (0.10)%
      GbbN1_GbtC1wN1 : 52.7184190 (0.10)%
------------------------------------------------------------
                                   SUM=96.00%

SHOWING PROCESSES TO GET 90.00% SUSY COVERAGE
---------------  Output inclusive processes  ---------------
The total xsec = 53508.64 [fb]
The total rate = 100.00%
            Modes : xsec/fb      (rate)
      C1wN1_N2zN1 : 25730.2657654 (48.09)%
      C1wN1_C1wN1 : 13276.8913481 (24.81)%
      C1wN1_N2hN1 : 1203.7661125 (2.25)%
   GqqC1wN1_GttN1 : 1188.2911418 (2.22)%
   GbtC1wN1_GttN1 : 1144.0557167 (2.14)%
GbtC1wN1_GqqC1wN1 : 1104.9458211 (2.06)%
      GttN1_GttN1 : 615.1755353 (1.15)%
GqqC1wN1_GqqC1wN1 : 573.8345223 (1.07)%
   GqqN2zN1_GttN1 : 567.8392797 (1.06)%
GqqC1wN1_GqqN2zN1 : 548.4275198 (1.02)%
GbtC1wN1_GbtC1wN1 : 531.9065079 (0.99)%
GbtC1wN1_GqqN2zN1 : 528.0117112 (0.99)%
      GqqN1_GttN1 : 393.2842153 (0.73)%
   GqqC1wN1_GqqN1 : 379.8396737 (0.71)%
   GbtC1wN1_GqqN1 : 365.6997304 (0.68)%
   GbbN2zN1_GttN1 : 344.9329994 (0.64)%
------------------------------------------------------------
                                SUM=90.63%
