/Users/rafalmaselek/Projects/fastlim-1.0
 
#################################################################
#                                                               #
#                                                               #
#                     This is Fastlim  ver. 1.0                 #
#                                                               #
#          A fast LHC limit calculator for BSM models.          #
#                                                               #
#                  http://cern.ch/fastlim-1.0/                  #
#                                                               #
#  for bugs/feature requests: fastlim-1.0.developers@gmail.com  #
#                                                               #
#    please refer to:                                           #
#    M.Papucci, K.Sakurai, A.Weiler, L.Zeune arXiv:1402.xxxx    #
#                                                               #
#################################################################
 

!! Masses incompatible with the data for ERER !!

!! Problem with reading tables for ER ER !! Probably mass outside the table !! Setting xsec to 10^-20 !!

!! Masses incompatible with the data for ELEL !!

!! Problem with reading tables for EL EL !! Probably mass outside the table !! Setting xsec to 10^-20 !!

!! Masses incompatible with the data for TAU1TAU1 !!

!! Problem with reading tables for TAU1 TAU1 !! Probably mass outside the table !! Setting xsec to 10^-20 !!

!! Masses incompatible with the data for TAU2TAU2 !!

!! Problem with reading tables for TAU2 TAU2 !! Probably mass outside the table !! Setting xsec to 10^-20 !!
!! EWK PROCESS C1C2 NOT FOUND !! WILL TRY TO LOOK FOR +/- MODES !!
XSEC FOUND FOR: C1-C2+
XSEC FOUND FOR: C1+C2-
!! EWK PROCESS C1N1 NOT FOUND !! WILL TRY TO LOOK FOR +/- MODES !!
XSEC FOUND FOR: C1+N1
XSEC FOUND FOR: C1-N1
!! EWK PROCESS C1N2 NOT FOUND !! WILL TRY TO LOOK FOR +/- MODES !!
XSEC FOUND FOR: C1+N2
XSEC FOUND FOR: C1-N2
!! EWK PROCESS C1N3 NOT FOUND !! WILL TRY TO LOOK FOR +/- MODES !!
XSEC FOUND FOR: C1+N3
XSEC FOUND FOR: C1-N3
!! EWK PROCESS C1N4 NOT FOUND !! WILL TRY TO LOOK FOR +/- MODES !!
XSEC FOUND FOR: C1+N4
XSEC FOUND FOR: C1-N4
!! EWK PROCESS C2N1 NOT FOUND !! WILL TRY TO LOOK FOR +/- MODES !!
XSEC FOUND FOR: C2+N1
XSEC FOUND FOR: C2-N1
!! EWK PROCESS C2N2 NOT FOUND !! WILL TRY TO LOOK FOR +/- MODES !!
XSEC FOUND FOR: C2+N2
XSEC FOUND FOR: C2-N2
!! EWK PROCESS C2N3 NOT FOUND !! WILL TRY TO LOOK FOR +/- MODES !!
XSEC FOUND FOR: C2+N3
XSEC FOUND FOR: C2-N3
!! EWK PROCESS C2N4 NOT FOUND !! WILL TRY TO LOOK FOR +/- MODES !!
XSEC FOUND FOR: C2+N4
XSEC FOUND FOR: C2-N4
---------------  Output inclusive processes  ---------------
The total xsec = 206474.46 [fb]
The total rate = 100.00%
Output upto 0.10%
                  Modes : xsec/fb      (rate)
            C1wN1_N2hN1 : 66463.4205731 (32.19)%
            C1wN1_C1wN1 : 37825.2812824 (18.32)%
            C1wN1_N2zN1 : 8892.1891438 (4.31)%
            C1wN1_N3zN1 : 3463.5312871 (1.68)%
      C2wN2hN1_N4wC1wN1 : 2978.1384280 (1.44)%
      C2zC1wN1_N4wC1wN1 : 2287.0871116 (1.11)%
         C2wN1_N4wC1wN1 : 2148.4578973 (1.04)%
         C2wN2hN1_N3zN1 : 2143.7983805 (1.04)%
         N3zN1_N4wC1wN1 : 2040.1879463 (0.99)%
         C2zC1wN1_N3zN1 : 1646.3484706 (0.80)%
            C2wN1_N3zN1 : 1546.5569087 (0.75)%
            N2hN1_N3zN1 : 1477.5434106 (0.72)%
      C2wN2hN1_C2zC1wN1 : 1236.9651962 (0.60)%
         C2wN1_C2wN2hN1 : 1161.9879413 (0.56)%
         C1wN1_N4wC1wN1 : 1153.3059888 (0.56)%
   GbtC1wN1_GbtC2wN2hN1 : 1116.6976610 (0.54)%
         C2wN2hN1_N4hN1 : 949.4071876 (0.46)%
               C1wN1_N1 : 897.8903599 (0.43)%
         C2wN1_C2zC1wN1 : 892.3586693 (0.43)%
   GbtC1wN1_GbtC2zC1wN1 : 857.5776076 (0.42)%
      GbtC1wN1_GbtC2wN1 : 805.5965049 (0.39)%
      C2wN2hN1_C2wN2hN1 : 805.3592638 (0.39)%
         C1wN1_N3wC1wN1 : 794.6510920 (0.38)%
      GbtC1wN1_GttN3zN1 : 769.5545383 (0.37)%
   GbtC1wN1_GttN4wC1wN1 : 732.6373904 (0.35)%
         C2zC1wN1_N4hN1 : 729.1054446 (0.35)%
GbtC2wN2hN1_GbtC2zC1wN1 : 693.1860550 (0.34)%
      GbtC1wN1_GbtC1wN1 : 690.7632529 (0.33)%
      GbtC1wN1_GqqC1wN1 : 689.7059656 (0.33)%
            C2wN1_N4hN1 : 684.9115376 (0.33)%
         C1wN1_C2wN2hN1 : 667.4602634 (0.32)%
      C2hC1wN1_N4wC1wN1 : 664.1851813 (0.32)%
   GbtC2wN1_GbtC2wN2hN1 : 651.1693615 (0.32)%
            N3zN1_N4hN1 : 650.3959259 (0.32)%
   GbtC2wN2hN1_GttN3zN1 : 622.0363847 (0.30)%
GbtC2wN2hN1_GttN4wC1wN1 : 592.1959925 (0.29)%
         C2wN2hN1_N2hN1 : 565.5825310 (0.27)%
   GbtC2wN2hN1_GqqC1wN1 : 557.4942177 (0.27)%
         GbtC1wN1_GttN1 : 528.6537861 (0.26)%
         C1wN1_C2zC1wN1 : 512.5818705 (0.25)%
   GbtC2wN1_GbtC2zC1wN1 : 500.0711318 (0.24)%
      C2wN2hN1_N3wC1wN1 : 491.8597763 (0.24)%
            C1wN1_C2wN1 : 481.5122966 (0.23)%
         C2hC1wN1_N3zN1 : 478.1104540 (0.23)%
   GbtC2zC1wN1_GttN3zN1 : 477.6982107 (0.23)%
      C2zC1wN1_C2zC1wN1 : 474.9690497 (0.23)%
      N3wC1wN1_N4wC1wN1 : 468.0880422 (0.23)%
GbtC2zC1wN1_GttN4wC1wN1 : 454.7820240 (0.22)%
GbtC2wN2hN1_GbtC2wN2hN1 : 451.3173149 (0.22)%
      GbtC2wN1_GttN3zN1 : 448.7430707 (0.22)%
         C2zC1wN1_N2hN1 : 434.3439866 (0.21)%
   GbtC2zC1wN1_GqqC1wN1 : 428.1324965 (0.21)%
      GbtC2wN2hN1_GttN1 : 427.3146001 (0.21)%
   GbtC2wN1_GttN4wC1wN1 : 427.2159228 (0.21)%
            C2wN1_C2wN1 : 419.1346758 (0.20)%
   GttN3zN1_GttN4wC1wN1 : 408.1025057 (0.20)%
            C2wN1_N2hN1 : 408.0167141 (0.20)%
      GbtC2wN1_GqqC1wN1 : 402.1817265 (0.19)%
      C2wN2zN1_N4wC1wN1 : 398.4472958 (0.19)%
      GqqC1wN1_GttN3zN1 : 384.1883263 (0.19)%
      GbbN2hN1_GbtC1wN1 : 378.3858271 (0.18)%
      C2zC1wN1_N3wC1wN1 : 377.7279607 (0.18)%
            C1wN1_N3hN1 : 373.1074547 (0.18)%
            C1wN1_N4hN1 : 367.6649094 (0.18)%
   GqqC1wN1_GttN4wC1wN1 : 365.7580051 (0.18)%
      C2hC1wN1_C2wN2hN1 : 359.2228512 (0.17)%
         C2wN1_N3wC1wN1 : 354.8324050 (0.17)%
         N2hN1_N3wC1wN1 : 338.9983769 (0.16)%
      GbtC2zC1wN1_GttN1 : 328.1599355 (0.16)%
         GbtC2wN1_GttN1 : 308.2688899 (0.15)%
   GbbN2hN1_GbtC2wN2hN1 : 305.8519444 (0.15)%
      GbtC1wN1_GqqN2hN1 : 305.8247291 (0.15)%
         GttN1_GttN3zN1 : 294.4771009 (0.14)%
      GbtC1wN1_GttN2hN1 : 288.0143016 (0.14)%
         C2wN2zN1_N3zN1 : 286.8203370 (0.14)%
      GttN1_GttN4wC1wN1 : 280.3504157 (0.14)%
               N1_N3zN1 : 276.0506071 (0.13)%
      C2hC1wN1_C2zC1wN1 : 275.8682892 (0.13)%
GbtC2zC1wN1_GbtC2zC1wN1 : 266.1691071 (0.13)%
         GqqC1wN1_GttN1 : 263.9223124 (0.13)%
         C2hC1wN1_C2wN1 : 259.1468429 (0.13)%
         GbtC1wN1_GqqN1 : 257.6198281 (0.12)%
   GbtC1wN1_GbtC2hC1wN1 : 249.0461932 (0.12)%
   GbtC2wN2hN1_GqqN2hN1 : 247.2002949 (0.12)%
      GbbN3zN1_GbtC1wN1 : 245.6034807 (0.12)%
      C2wN2hN1_N4hN2hN1 : 242.2135694 (0.12)%
   GbbN2hN1_GbtC2zC1wN1 : 234.8816407 (0.11)%
      GbtC2wN1_GbtC2wN1 : 234.8799411 (0.11)%
      GbtC1wN1_GttN4hN1 : 233.5590575 (0.11)%
   GbtC2wN2hN1_GttN2hN1 : 232.8040002 (0.11)%
         C2wN2hN1_N3hN1 : 230.9397811 (0.11)%
      GbbN2hN1_GbtC2wN1 : 220.6445541 (0.11)%
         N3hN1_N4wC1wN1 : 219.7783905 (0.11)%
      C2wN2hN1_C2wN2zN1 : 215.4991976 (0.10)%
      GttN3zN1_GttN3zN1 : 214.3332701 (0.10)%
         C2hC1wN1_N4hN1 : 211.7370298 (0.10)%
      GbbN2hN1_GttN3zN1 : 210.7730320 (0.10)%
      GbtC2wN2hN1_GqqN1 : 208.2359319 (0.10)%
GbtC2hC1wN1_GbtC2wN2hN1 : 201.3058022 (0.10)%
------------------------------------------------------------
                                      SUM=84.38%

SHOWING PROCESSES TO GET 90.00% SUSY COVERAGE
---------------  Output inclusive processes  ---------------
The total xsec = 206474.46 [fb]
The total rate = 100.00%
                  Modes : xsec/fb      (rate)
            C1wN1_N2hN1 : 66463.4205731 (32.19)%
            C1wN1_C1wN1 : 37825.2812824 (18.32)%
            C1wN1_N2zN1 : 8892.1891438 (4.31)%
            C1wN1_N3zN1 : 3463.5312871 (1.68)%
      C2wN2hN1_N4wC1wN1 : 2978.1384280 (1.44)%
      C2zC1wN1_N4wC1wN1 : 2287.0871116 (1.11)%
         C2wN1_N4wC1wN1 : 2148.4578973 (1.04)%
         C2wN2hN1_N3zN1 : 2143.7983805 (1.04)%
         N3zN1_N4wC1wN1 : 2040.1879463 (0.99)%
         C2zC1wN1_N3zN1 : 1646.3484706 (0.80)%
            C2wN1_N3zN1 : 1546.5569087 (0.75)%
            N2hN1_N3zN1 : 1477.5434106 (0.72)%
      C2wN2hN1_C2zC1wN1 : 1236.9651962 (0.60)%
         C2wN1_C2wN2hN1 : 1161.9879413 (0.56)%
         C1wN1_N4wC1wN1 : 1153.3059888 (0.56)%
   GbtC1wN1_GbtC2wN2hN1 : 1116.6976610 (0.54)%
         C2wN2hN1_N4hN1 : 949.4071876 (0.46)%
               C1wN1_N1 : 897.8903599 (0.43)%
         C2wN1_C2zC1wN1 : 892.3586693 (0.43)%
   GbtC1wN1_GbtC2zC1wN1 : 857.5776076 (0.42)%
      GbtC1wN1_GbtC2wN1 : 805.5965049 (0.39)%
      C2wN2hN1_C2wN2hN1 : 805.3592638 (0.39)%
         C1wN1_N3wC1wN1 : 794.6510920 (0.38)%
      GbtC1wN1_GttN3zN1 : 769.5545383 (0.37)%
   GbtC1wN1_GttN4wC1wN1 : 732.6373904 (0.35)%
         C2zC1wN1_N4hN1 : 729.1054446 (0.35)%
GbtC2wN2hN1_GbtC2zC1wN1 : 693.1860550 (0.34)%
      GbtC1wN1_GbtC1wN1 : 690.7632529 (0.33)%
      GbtC1wN1_GqqC1wN1 : 689.7059656 (0.33)%
            C2wN1_N4hN1 : 684.9115376 (0.33)%
         C1wN1_C2wN2hN1 : 667.4602634 (0.32)%
      C2hC1wN1_N4wC1wN1 : 664.1851813 (0.32)%
   GbtC2wN1_GbtC2wN2hN1 : 651.1693615 (0.32)%
            N3zN1_N4hN1 : 650.3959259 (0.32)%
   GbtC2wN2hN1_GttN3zN1 : 622.0363847 (0.30)%
GbtC2wN2hN1_GttN4wC1wN1 : 592.1959925 (0.29)%
         C2wN2hN1_N2hN1 : 565.5825310 (0.27)%
   GbtC2wN2hN1_GqqC1wN1 : 557.4942177 (0.27)%
         GbtC1wN1_GttN1 : 528.6537861 (0.26)%
         C1wN1_C2zC1wN1 : 512.5818705 (0.25)%
   GbtC2wN1_GbtC2zC1wN1 : 500.0711318 (0.24)%
      C2wN2hN1_N3wC1wN1 : 491.8597763 (0.24)%
            C1wN1_C2wN1 : 481.5122966 (0.23)%
         C2hC1wN1_N3zN1 : 478.1104540 (0.23)%
   GbtC2zC1wN1_GttN3zN1 : 477.6982107 (0.23)%
      C2zC1wN1_C2zC1wN1 : 474.9690497 (0.23)%
      N3wC1wN1_N4wC1wN1 : 468.0880422 (0.23)%
GbtC2zC1wN1_GttN4wC1wN1 : 454.7820240 (0.22)%
GbtC2wN2hN1_GbtC2wN2hN1 : 451.3173149 (0.22)%
      GbtC2wN1_GttN3zN1 : 448.7430707 (0.22)%
         C2zC1wN1_N2hN1 : 434.3439866 (0.21)%
   GbtC2zC1wN1_GqqC1wN1 : 428.1324965 (0.21)%
      GbtC2wN2hN1_GttN1 : 427.3146001 (0.21)%
   GbtC2wN1_GttN4wC1wN1 : 427.2159228 (0.21)%
            C2wN1_C2wN1 : 419.1346758 (0.20)%
   GttN3zN1_GttN4wC1wN1 : 408.1025057 (0.20)%
            C2wN1_N2hN1 : 408.0167141 (0.20)%
      GbtC2wN1_GqqC1wN1 : 402.1817265 (0.19)%
      C2wN2zN1_N4wC1wN1 : 398.4472958 (0.19)%
      GqqC1wN1_GttN3zN1 : 384.1883263 (0.19)%
      GbbN2hN1_GbtC1wN1 : 378.3858271 (0.18)%
      C2zC1wN1_N3wC1wN1 : 377.7279607 (0.18)%
            C1wN1_N3hN1 : 373.1074547 (0.18)%
            C1wN1_N4hN1 : 367.6649094 (0.18)%
   GqqC1wN1_GttN4wC1wN1 : 365.7580051 (0.18)%
      C2hC1wN1_C2wN2hN1 : 359.2228512 (0.17)%
         C2wN1_N3wC1wN1 : 354.8324050 (0.17)%
         N2hN1_N3wC1wN1 : 338.9983769 (0.16)%
      GbtC2zC1wN1_GttN1 : 328.1599355 (0.16)%
         GbtC2wN1_GttN1 : 308.2688899 (0.15)%
   GbbN2hN1_GbtC2wN2hN1 : 305.8519444 (0.15)%
      GbtC1wN1_GqqN2hN1 : 305.8247291 (0.15)%
         GttN1_GttN3zN1 : 294.4771009 (0.14)%
      GbtC1wN1_GttN2hN1 : 288.0143016 (0.14)%
         C2wN2zN1_N3zN1 : 286.8203370 (0.14)%
      GttN1_GttN4wC1wN1 : 280.3504157 (0.14)%
               N1_N3zN1 : 276.0506071 (0.13)%
      C2hC1wN1_C2zC1wN1 : 275.8682892 (0.13)%
GbtC2zC1wN1_GbtC2zC1wN1 : 266.1691071 (0.13)%
         GqqC1wN1_GttN1 : 263.9223124 (0.13)%
         C2hC1wN1_C2wN1 : 259.1468429 (0.13)%
         GbtC1wN1_GqqN1 : 257.6198281 (0.12)%
   GbtC1wN1_GbtC2hC1wN1 : 249.0461932 (0.12)%
   GbtC2wN2hN1_GqqN2hN1 : 247.2002949 (0.12)%
      GbbN3zN1_GbtC1wN1 : 245.6034807 (0.12)%
      C2wN2hN1_N4hN2hN1 : 242.2135694 (0.12)%
   GbbN2hN1_GbtC2zC1wN1 : 234.8816407 (0.11)%
      GbtC2wN1_GbtC2wN1 : 234.8799411 (0.11)%
      GbtC1wN1_GttN4hN1 : 233.5590575 (0.11)%
   GbtC2wN2hN1_GttN2hN1 : 232.8040002 (0.11)%
         C2wN2hN1_N3hN1 : 230.9397811 (0.11)%
      GbbN2hN1_GbtC2wN1 : 220.6445541 (0.11)%
         N3hN1_N4wC1wN1 : 219.7783905 (0.11)%
      C2wN2hN1_C2wN2zN1 : 215.4991976 (0.10)%
      GttN3zN1_GttN3zN1 : 214.3332701 (0.10)%
         C2hC1wN1_N4hN1 : 211.7370298 (0.10)%
      GbbN2hN1_GttN3zN1 : 210.7730320 (0.10)%
      GbtC2wN2hN1_GqqN1 : 208.2359319 (0.10)%
GbtC2hC1wN1_GbtC2wN2hN1 : 201.3058022 (0.10)%
   GbbN2hN1_GttN4wC1wN1 : 200.6618069 (0.10)%
   GbbN3zN1_GbtC2wN2hN1 : 198.5230333 (0.10)%
            N2zN1_N3zN1 : 197.6816023 (0.10)%
GttN4wC1wN1_GttN4wC1wN1 : 194.2624856 (0.09)%
   GbtC2zC1wN1_GqqN2hN1 : 189.8396002 (0.09)%
      GbbN2hN1_GqqC1wN1 : 188.9033335 (0.09)%
   GbtC2wN2hN1_GttN4hN1 : 188.7874407 (0.09)%
      C2zC1wN1_N4hN2hN1 : 186.0100013 (0.09)%
   GbbN4wC1wN1_GbtC1wN1 : 183.9742703 (0.09)%
         C2wN2hN1_N4zN1 : 181.3135449 (0.09)%
   GbtC2zC1wN1_GttN2hN1 : 178.7838414 (0.09)%
      GbtC2wN1_GqqN2hN1 : 178.3326862 (0.09)%
         C2zC1wN1_N3hN1 : 177.3521982 (0.09)%
   GbtC1wN1_GttN3wC1wN1 : 176.5618103 (0.09)%
         C2wN1_N4hN2hN1 : 174.7352141 (0.08)%
      GqqC1wN1_GqqC1wN1 : 172.1625742 (0.08)%
      GqqN2hN1_GttN3zN1 : 170.3541751 (0.08)%
      GbtC2wN1_GttN2hN1 : 167.9470598 (0.08)%
            C2wN1_N3hN1 : 166.6021941 (0.08)%
         N3zN1_N4hN2hN1 : 165.9295619 (0.08)%
      C2wN2zN1_C2zC1wN1 : 165.4944689 (0.08)%
   GqqN2hN1_GttN4wC1wN1 : 162.1819274 (0.08)%
      GttN2hN1_GttN3zN1 : 160.4331962 (0.08)%
      GbtC2zC1wN1_GqqN1 : 159.9165813 (0.08)%
            N2hN1_N3hN1 : 159.1677440 (0.08)%
         C2wN1_C2wN2zN1 : 155.4632077 (0.08)%
GbtC2hC1wN1_GbtC2zC1wN1 : 154.5945283 (0.07)%
   GttN2hN1_GttN4wC1wN1 : 152.7368787 (0.07)%
      GqqC1wN1_GqqN2hN1 : 152.6783158 (0.07)%
   GbbN3zN1_GbtC2zC1wN1 : 152.4574770 (0.07)%
         GbtC2wN1_GqqN1 : 150.2234175 (0.07)%
   GbtC1wN1_GbtC2wN2zN1 : 149.4037883 (0.07)%
         N3wC1wN1_N4hN1 : 149.2227989 (0.07)%
         C1wN1_C2hC1wN1 : 148.8571558 (0.07)%
GbbN4wC1wN1_GbtC2wN2hN1 : 148.7077059 (0.07)%
   GbtC2hC1wN1_GbtC2wN1 : 145.2239548 (0.07)%
   GbtC2zC1wN1_GttN4hN1 : 144.9809446 (0.07)%
         GbbN2hN1_GttN1 : 144.7928065 (0.07)%
      GqqC1wN1_GttN2hN1 : 143.7867324 (0.07)%
         GqqN1_GttN3zN1 : 143.5025003 (0.07)%
      GbbN3zN1_GbtC2wN1 : 143.2164384 (0.07)%
GbtC2wN2hN1_GttN3wC1wN1 : 142.7161620 (0.07)%
         C2zC1wN1_N4zN1 : 139.2413018 (0.07)%
   GbtC2hC1wN1_GttN3zN1 : 138.7267110 (0.07)%
      GbbN3zN1_GttN3zN1 : 136.8090098 (0.07)%
      GqqN1_GttN4wC1wN1 : 136.6183839 (0.07)%
      GbtC2wN1_GttN4hN1 : 136.1930876 (0.07)%
    GbtC1wN1_QqGbtC1wN1 : 134.1975213 (0.06)%
GbtC2hC1wN1_GttN4wC1wN1 : 132.0716992 (0.06)%
            C2wN1_N4zN1 : 130.8013468 (0.06)%
   GbbN3zN1_GttN4wC1wN1 : 130.2459942 (0.06)%
      GttN3zN1_GttN4hN1 : 130.0998800 (0.06)%
         GqqC1wN1_GqqN1 : 128.6127566 (0.06)%
         C2wN2zN1_N4hN1 : 127.0218748 (0.06)%
         C2hC1wN1_N2hN1 : 126.1363583 (0.06)%
   GbtC2hC1wN1_GqqC1wN1 : 124.3325007 (0.06)%
            N3zN1_N4zN1 : 124.2097094 (0.06)%
   GttN4hN1_GttN4wC1wN1 : 123.8587155 (0.06)%
      GbbN3zN1_GqqC1wN1 : 122.6137791 (0.06)%
GbtC2wN2hN1_GbtC2wN2zN1 : 120.7641404 (0.06)%
         GqqN2hN1_GttN1 : 117.0266370 (0.06)%
      GqqC1wN1_GttN4hN1 : 116.6007852 (0.06)%
GbbN4wC1wN1_GbtC2zC1wN1 : 114.2013663 (0.06)%
         GttN1_GttN2hN1 : 110.2113136 (0.05)%
      C2hC1wN1_N3wC1wN1 : 109.6946910 (0.05)%
GbtC2zC1wN1_GttN3wC1wN1 : 109.6001085 (0.05)%
 GbtC2wN2hN1_QqGbtC1wN1 : 108.4728070 (0.05)%
 GbtC1wN1_QqGbtC2wN2hN1 : 108.4728070 (0.05)%
            C2wN2hN1_N1 : 107.6696593 (0.05)%
   GbbN4wC1wN1_GbtC2wN1 : 107.2791789 (0.05)%
   GbtC2wN1_GttN3wC1wN1 : 102.9568211 (0.05)%
   GbbN4wC1wN1_GttN3zN1 : 102.4795645 (0.05)%
            GttN1_GttN1 : 101.1471095 (0.05)%
            GqqN1_GttN1 : 98.5805896 (0.05)%
   GttN3wC1wN1_GttN3zN1 : 98.3505867 (0.05)%
GbbN4wC1wN1_GttN4wC1wN1 : 97.5634045 (0.05)%
      GbtC2hC1wN1_GttN1 : 95.2998096 (0.05)%
         GbbN3zN1_GttN1 : 93.9824241 (0.05)%
         C1wN1_N4hN2hN1 : 93.7989845 (0.05)%
GttN3wC1wN1_GttN4wC1wN1 : 93.6325025 (0.05)%
GbtC2wN2zN1_GbtC2zC1wN1 : 92.7418640 (0.04)%
   GbbN4wC1wN1_GqqC1wN1 : 91.8463389 (0.04)%
         GbbN1_GbtC1wN1 : 91.3488139 (0.04)%
------------------------------------------------------------
                                      SUM=90.03%
