/Users/rafalmaselek/Projects/fastlim-1.0
 
#################################################################
#                                                               #
#                                                               #
#                     This is Fastlim  ver. 1.0                 #
#                                                               #
#          A fast LHC limit calculator for BSM models.          #
#                                                               #
#                  http://cern.ch/fastlim-1.0/                  #
#                                                               #
#  for bugs/feature requests: fastlim-1.0.developers@gmail.com  #
#                                                               #
#    please refer to:                                           #
#    M.Papucci, K.Sakurai, A.Weiler, L.Zeune arXiv:1402.xxxx    #
#                                                               #
#################################################################
 

!! Masses incompatible with the data for ERER !!

!! Problem with reading tables for ER ER !! Probably mass outside the table !! Setting xsec to 10^-20 !!

!! Masses incompatible with the data for ELEL !!

!! Problem with reading tables for EL EL !! Probably mass outside the table !! Setting xsec to 10^-20 !!

!! Masses incompatible with the data for TAU1TAU1 !!

!! Problem with reading tables for TAU1 TAU1 !! Probably mass outside the table !! Setting xsec to 10^-20 !!

!! Masses incompatible with the data for TAU2TAU2 !!

!! Problem with reading tables for TAU2 TAU2 !! Probably mass outside the table !! Setting xsec to 10^-20 !!
Decoupling mG=2375.21618 GeV; mQ=3427.4230799999996 GeV

!! Masses incompatible with the data for QQ !!

!! Problem with reading tables for Q Q !! Probably mass outside the table !! Setting xsec to 10^-20 !!

!! Masses incompatible with the data for GQ !!

!! Problem with reading tables for G Q !! Probably mass outside the table !! Setting xsec to 10^-20 !!
!! EWK PROCESS C1C2 NOT FOUND !! WILL TRY TO LOOK FOR +/- MODES !!
XSEC FOUND FOR: C1-C2+
XSEC FOUND FOR: C1+C2-
!! EWK PROCESS C1N1 NOT FOUND !! WILL TRY TO LOOK FOR +/- MODES !!
XSEC FOUND FOR: C1+N1
XSEC FOUND FOR: C1-N1
!! EWK PROCESS C1N2 NOT FOUND !! WILL TRY TO LOOK FOR +/- MODES !!
XSEC FOUND FOR: C1+N2
XSEC FOUND FOR: C1-N2
!! EWK PROCESS C1N3 NOT FOUND !! WILL TRY TO LOOK FOR +/- MODES !!
XSEC FOUND FOR: C1+N3
XSEC FOUND FOR: C1-N3
!! EWK PROCESS C1N4 NOT FOUND !! WILL TRY TO LOOK FOR +/- MODES !!
XSEC FOUND FOR: C1+N4
XSEC FOUND FOR: C1-N4
!! EWK PROCESS C2N1 NOT FOUND !! WILL TRY TO LOOK FOR +/- MODES !!
XSEC FOUND FOR: C2+N1
XSEC FOUND FOR: C2-N1
!! EWK PROCESS C2N2 NOT FOUND !! WILL TRY TO LOOK FOR +/- MODES !!
XSEC FOUND FOR: C2+N2
XSEC FOUND FOR: C2-N2
!! EWK PROCESS C2N3 NOT FOUND !! WILL TRY TO LOOK FOR +/- MODES !!
XSEC FOUND FOR: C2+N3
XSEC FOUND FOR: C2-N3
!! EWK PROCESS C2N4 NOT FOUND !! WILL TRY TO LOOK FOR +/- MODES !!
XSEC FOUND FOR: C2+N4
XSEC FOUND FOR: C2-N4

!! Masses incompatible with the data for B2B2 !!

!! Problem with reading tables for B2 B2 !! Probably mass outside the table !! Setting xsec to 10^-20 !!
---------------  Output inclusive processes  ---------------
The total xsec = 3728.21 [fb]
The total rate = 100.00%
Output upto 0.10%
            Modes : xsec/fb      (rate)
      C1wN1_N2hN1 : 2293.4733521 (61.52)%
      C1wN1_C1wN1 : 1132.4070882 (30.37)%
      C1wN1_N2zN1 : 58.9208355 (1.58)%
            N1_N1 : 8.0650229 (0.22)%
      GttN1_GttN1 : 6.6504914 (0.18)%
      N2hN1_N2hN1 : 6.2454441 (0.17)%
GbtC2hC1wN1_GttN1 : 5.6339766 (0.15)%
GbtC2zC1wN1_GttN1 : 5.0982194 (0.14)%
GbtC2wN2hN1_GttN1 : 4.9048767 (0.13)%
   GbtC1wN1_GttN1 : 4.8440644 (0.13)%
GttN1_GttN4wC1wN1 : 4.6416095 (0.12)%
GttN1_GttN3wC1wN1 : 4.5199911 (0.12)%
C2hC1wN1_N3wC1wN1 : 4.3755500 (0.12)%
C2hC1wN1_N4wC1wN1 : 4.2047940 (0.11)%
   GqqC1wN1_GttN1 : 4.0304879 (0.11)%
C2zC1wN1_N3wC1wN1 : 3.9594615 (0.11)%
N3wC1wN1_N4wC1wN1 : 3.8727634 (0.10)%
C2wN2hN1_N3wC1wN1 : 3.8093046 (0.10)%
C2zC1wN1_N4wC1wN1 : 3.8049434 (0.10)%
C2wN2hN1_N4wC1wN1 : 3.6606464 (0.10)%
------------------------------------------------------------
                                SUM=95.68%

SHOWING PROCESSES TO GET 90.00% SUSY COVERAGE
---------------  Output inclusive processes  ---------------
The total xsec = 3728.21 [fb]
The total rate = 100.00%
      Modes : xsec/fb      (rate)
C1wN1_N2hN1 : 2293.4733521 (61.52)%
C1wN1_C1wN1 : 1132.4070882 (30.37)%
------------------------------------------------------------
                          SUM=91.89%
