/Users/rafalmaselek/Projects/fastlim-1.0
 
#################################################################
#                                                               #
#                                                               #
#                     This is Fastlim  ver. 1.0                 #
#                                                               #
#          A fast LHC limit calculator for BSM models.          #
#                                                               #
#                  http://cern.ch/fastlim-1.0/                  #
#                                                               #
#  for bugs/feature requests: fastlim-1.0.developers@gmail.com  #
#                                                               #
#    please refer to:                                           #
#    M.Papucci, K.Sakurai, A.Weiler, L.Zeune arXiv:1402.xxxx    #
#                                                               #
#################################################################
 

!! Masses incompatible with the data for ERER !!

!! Problem with reading tables for ER ER !! Probably mass outside the table !! Setting xsec to 10^-20 !!

!! Masses incompatible with the data for ELEL !!

!! Problem with reading tables for EL EL !! Probably mass outside the table !! Setting xsec to 10^-20 !!

!! Masses incompatible with the data for TAU1TAU1 !!

!! Problem with reading tables for TAU1 TAU1 !! Probably mass outside the table !! Setting xsec to 10^-20 !!

!! Masses incompatible with the data for TAU2TAU2 !!

!! Problem with reading tables for TAU2 TAU2 !! Probably mass outside the table !! Setting xsec to 10^-20 !!
!! EWK PROCESS C1C2 NOT FOUND !! WILL TRY TO LOOK FOR +/- MODES !!
XSEC FOUND FOR: C1-C2+
XSEC FOUND FOR: C1+C2-
!! EWK PROCESS C1N1 NOT FOUND !! WILL TRY TO LOOK FOR +/- MODES !!
XSEC FOUND FOR: C1+N1
XSEC FOUND FOR: C1-N1
!! EWK PROCESS C1N2 NOT FOUND !! WILL TRY TO LOOK FOR +/- MODES !!
XSEC FOUND FOR: C1+N2
XSEC FOUND FOR: C1-N2
!! EWK PROCESS C1N3 NOT FOUND !! WILL TRY TO LOOK FOR +/- MODES !!
XSEC FOUND FOR: C1+N3
XSEC FOUND FOR: C1-N3
!! EWK PROCESS C1N4 NOT FOUND !! WILL TRY TO LOOK FOR +/- MODES !!
XSEC FOUND FOR: C1+N4
XSEC FOUND FOR: C1-N4
!! EWK PROCESS C2N1 NOT FOUND !! WILL TRY TO LOOK FOR +/- MODES !!
XSEC FOUND FOR: C2+N1
XSEC FOUND FOR: C2-N1
!! EWK PROCESS C2N2 NOT FOUND !! WILL TRY TO LOOK FOR +/- MODES !!
XSEC FOUND FOR: C2+N2
XSEC FOUND FOR: C2-N2
!! EWK PROCESS C2N3 NOT FOUND !! WILL TRY TO LOOK FOR +/- MODES !!
XSEC FOUND FOR: C2+N3
XSEC FOUND FOR: C2-N3
!! EWK PROCESS C2N4 NOT FOUND !! WILL TRY TO LOOK FOR +/- MODES !!
XSEC FOUND FOR: C2+N4
XSEC FOUND FOR: C2-N4
---------------  Output inclusive processes  ---------------
The total xsec = 10417.20 [fb]
The total rate = 100.00%
Output upto 0.10%
            Modes : xsec/fb      (rate)
      C1wN1_N2hN1 : 6003.1737659 (57.63)%
      C1wN1_C1wN1 : 3009.5923911 (28.89)%
      C1wN1_N2zN1 : 158.2743027 (1.52)%
      GttN1_GttN1 : 24.1016034 (0.23)%
   GbtC1wN1_GttN1 : 23.1239226 (0.22)%
   GqqC1wN1_GttN1 : 20.7214351 (0.20)%
            N1_N1 : 18.5633213 (0.18)%
      N2hN1_N2hN1 : 17.7905667 (0.17)%
    GttN1_QqGttN1 : 16.0066039 (0.15)%
GbtC2hC1wN1_GttN1 : 15.7793480 (0.15)%
GbtC2zC1wN1_GttN1 : 14.5325848 (0.14)%
GbtC2wN2hN1_GttN1 : 14.0536774 (0.13)%
C2hC1wN1_N3wC1wN1 : 13.0426392 (0.13)%
C2hC1wN1_N4wC1wN1 : 12.6089065 (0.12)%
GttN1_GttN4wC1wN1 : 12.3953972 (0.12)%
C2zC1wN1_N3wC1wN1 : 12.0121098 (0.12)%
C2wN2hN1_N3wC1wN1 : 11.6162623 (0.11)%
C2zC1wN1_N4wC1wN1 : 11.6126474 (0.11)%
N3wC1wN1_N4wC1wN1 : 11.3424128 (0.11)%
C2wN2hN1_N4wC1wN1 : 11.2299637 (0.11)%
GttN1_GttN3wC1wN1 : 11.1712602 (0.11)%
   GqqN2hN1_GttN1 : 10.0977482 (0.10)%
------------------------------------------------------------
                                SUM=90.74%

SHOWING PROCESSES TO GET 90.00% SUSY COVERAGE
---------------  Output inclusive processes  ---------------
The total xsec = 10417.20 [fb]
The total rate = 100.00%
            Modes : xsec/fb      (rate)
      C1wN1_N2hN1 : 6003.1737659 (57.63)%
      C1wN1_C1wN1 : 3009.5923911 (28.89)%
      C1wN1_N2zN1 : 158.2743027 (1.52)%
      GttN1_GttN1 : 24.1016034 (0.23)%
   GbtC1wN1_GttN1 : 23.1239226 (0.22)%
   GqqC1wN1_GttN1 : 20.7214351 (0.20)%
            N1_N1 : 18.5633213 (0.18)%
      N2hN1_N2hN1 : 17.7905667 (0.17)%
    GttN1_QqGttN1 : 16.0066039 (0.15)%
GbtC2hC1wN1_GttN1 : 15.7793480 (0.15)%
GbtC2zC1wN1_GttN1 : 14.5325848 (0.14)%
GbtC2wN2hN1_GttN1 : 14.0536774 (0.13)%
C2hC1wN1_N3wC1wN1 : 13.0426392 (0.13)%
C2hC1wN1_N4wC1wN1 : 12.6089065 (0.12)%
GttN1_GttN4wC1wN1 : 12.3953972 (0.12)%
C2zC1wN1_N3wC1wN1 : 12.0121098 (0.12)%
------------------------------------------------------------
                                SUM=90.10%
