/Users/rafalmaselek/Projects/fastlim-1.0
 
#################################################################
#                                                               #
#                                                               #
#                     This is Fastlim  ver. 1.0                 #
#                                                               #
#          A fast LHC limit calculator for BSM models.          #
#                                                               #
#                  http://cern.ch/fastlim-1.0/                  #
#                                                               #
#  for bugs/feature requests: fastlim-1.0.developers@gmail.com  #
#                                                               #
#    please refer to:                                           #
#    M.Papucci, K.Sakurai, A.Weiler, L.Zeune arXiv:1402.xxxx    #
#                                                               #
#################################################################
 

!! Masses incompatible with the data for ERER !!

!! Problem with reading tables for ER ER !! Probably mass outside the table !! Setting xsec to 10^-20 !!

!! Masses incompatible with the data for ELEL !!

!! Problem with reading tables for EL EL !! Probably mass outside the table !! Setting xsec to 10^-20 !!

!! Masses incompatible with the data for TAU1TAU1 !!

!! Problem with reading tables for TAU1 TAU1 !! Probably mass outside the table !! Setting xsec to 10^-20 !!

!! Masses incompatible with the data for TAU2TAU2 !!

!! Problem with reading tables for TAU2 TAU2 !! Probably mass outside the table !! Setting xsec to 10^-20 !!
!! EWK PROCESS C1C2 NOT FOUND !! WILL TRY TO LOOK FOR +/- MODES !!
XSEC FOUND FOR: C1-C2+
XSEC FOUND FOR: C1+C2-
!! EWK PROCESS C1N1 NOT FOUND !! WILL TRY TO LOOK FOR +/- MODES !!
XSEC FOUND FOR: C1+N1
XSEC FOUND FOR: C1-N1
!! EWK PROCESS C1N2 NOT FOUND !! WILL TRY TO LOOK FOR +/- MODES !!
XSEC FOUND FOR: C1+N2
XSEC FOUND FOR: C1-N2
!! EWK PROCESS C1N3 NOT FOUND !! WILL TRY TO LOOK FOR +/- MODES !!
XSEC FOUND FOR: C1+N3
XSEC FOUND FOR: C1-N3
!! EWK PROCESS C1N4 NOT FOUND !! WILL TRY TO LOOK FOR +/- MODES !!
XSEC FOUND FOR: C1+N4
XSEC FOUND FOR: C1-N4
!! EWK PROCESS C2N1 NOT FOUND !! WILL TRY TO LOOK FOR +/- MODES !!
XSEC FOUND FOR: C2+N1
XSEC FOUND FOR: C2-N1
!! EWK PROCESS C2N2 NOT FOUND !! WILL TRY TO LOOK FOR +/- MODES !!
XSEC FOUND FOR: C2+N2
XSEC FOUND FOR: C2-N2
!! EWK PROCESS C2N3 NOT FOUND !! WILL TRY TO LOOK FOR +/- MODES !!
XSEC FOUND FOR: C2+N3
XSEC FOUND FOR: C2-N3
!! EWK PROCESS C2N4 NOT FOUND !! WILL TRY TO LOOK FOR +/- MODES !!
XSEC FOUND FOR: C2+N4
XSEC FOUND FOR: C2-N4
---------------  Output inclusive processes  ---------------
The total xsec = 16597.67 [fb]
The total rate = 100.00%
Output upto 0.10%
                          Modes : xsec/fb      (rate)
                    C1wN1_N2hN1 : 8182.1981306 (49.30)%
                    C1wN1_C1wN1 : 3929.2635471 (23.67)%
                    C1wN1_N2zN1 : 221.1264253 (1.33)%
                          N1_N1 : 37.1100968 (0.22)%
                    N2hN1_N2hN1 : 36.3258413 (0.22)%
    GtT1bC2hC1wN1_GtT1tN3wC1wN1 : 35.5562793 (0.21)%
    GtT1bC2zC1wN1_GtT1tN3wC1wN1 : 33.1126666 (0.20)%
    GtT1bC2wN2hN1_GtT1tN3wC1wN1 : 32.1320782 (0.19)%
       GtT1bC1wN1_GtT1tN3wC1wN1 : 31.8150532 (0.19)%
          GtT1tN3wC1wN1_QqC1wN1 : 31.1549864 (0.19)%
  GtT1tN3wC1wN1_QqGtT1tN3wC1wN1 : 28.7263029 (0.17)%
    GtT1bC2hC1wN1_GtT1bC2zC1wN1 : 27.7298626 (0.17)%
    GtT1bC2hC1wN1_GtT1bC2wN2hN1 : 26.9086789 (0.16)%
       GtT1bC1wN1_GtT1bC2hC1wN1 : 26.6431896 (0.16)%
          GtT1bC2hC1wN1_QqC1wN1 : 26.0904234 (0.16)%
          GtT1tN1_GtT1tN3wC1wN1 : 25.8315730 (0.16)%
    GtT1bC2wN2hN1_GtT1bC2zC1wN1 : 25.0593744 (0.15)%
       GtT1bC1wN1_GtT1bC2zC1wN1 : 24.8121308 (0.15)%
          GtT1bC2zC1wN1_QqC1wN1 : 24.2973537 (0.15)%
       GtT1bC1wN1_GtT1bC2wN2hN1 : 24.0773520 (0.15)%
  GtT1bC2hC1wN1_QqGtT1tN3wC1wN1 : 24.0565474 (0.14)%
  GtT1tN3wC1wN1_QqGtT1bC2hC1wN1 : 24.0565474 (0.14)%
    GtT1tN3wC1wN1_GtT1tN4wC1wN1 : 23.9689562 (0.14)%
        QqC1wN1_QqGtT1tN3wC1wN1 : 23.6119239 (0.14)%
          GtT1bC2wN2hN1_QqC1wN1 : 23.5778192 (0.14)%
             GtT1bC1wN1_QqC1wN1 : 23.3451932 (0.14)%
  GtT1tN3wC1wN1_QqGtT1bC2zC1wN1 : 22.4032562 (0.13)%
  GtT1bC2zC1wN1_QqGtT1tN3wC1wN1 : 22.4032562 (0.13)%
              C2hC1wN1_N3wC1wN1 : 22.0586829 (0.13)%
  GtT1tN3wC1wN1_QqGtT1bC2wN2hN1 : 21.7398130 (0.13)%
  GtT1bC2wN2hN1_QqGtT1tN3wC1wN1 : 21.7398130 (0.13)%
          GtT1bC2hC1wN1_GtT1tN1 : 21.6323855 (0.13)%
     GtT1bC1wN1_QqGtT1tN3wC1wN1 : 21.5253213 (0.13)%
     GtT1tN3wC1wN1_QqGtT1bC1wN1 : 21.5253213 (0.13)%
              C2hC1wN1_N4wC1wN1 : 21.4935708 (0.13)%
    GtT1tN3wC1wN1_GtT1tN3wC1wN1 : 21.2291572 (0.13)%
              C2zC1wN1_N3wC1wN1 : 20.5426953 (0.12)%
  GtT1bC2hC1wN1_QqGtT1bC2hC1wN1 : 20.1459085 (0.12)%
          GtT1bC2zC1wN1_GtT1tN1 : 20.1456953 (0.12)%
    GtT1bC2hC1wN1_GtT1tN4wC1wN1 : 20.0725562 (0.12)%
              C2zC1wN1_N4wC1wN1 : 20.0164207 (0.12)%
              C2wN2hN1_N3wC1wN1 : 19.9343502 (0.12)%
    GtT1tN3wC1wN1_GtT1tN3zN2hN1 : 19.9161307 (0.12)%
        QqC1wN1_QqGtT1bC2hC1wN1 : 19.7735632 (0.12)%
          GtT1bC2wN2hN1_GtT1tN1 : 19.5491068 (0.12)%
              C2wN2hN1_N4wC1wN1 : 19.4236605 (0.12)%
             GtT1bC1wN1_GtT1tN1 : 19.3562293 (0.12)%
                GtT1tN1_QqC1wN1 : 18.9546457 (0.11)%
  GtT1bC2hC1wN1_QqGtT1bC2zC1wN1 : 18.7613768 (0.11)%
  GtT1bC2zC1wN1_QqGtT1bC2hC1wN1 : 18.7613768 (0.11)%
    GtT1bC2zC1wN1_GtT1tN4wC1wN1 : 18.6930657 (0.11)%
              N3wC1wN1_N4wC1wN1 : 18.4827121 (0.11)%
        QqC1wN1_QqGtT1bC2zC1wN1 : 18.4146209 (0.11)%
QqGtT1bC2hC1wN1_QqGtT1tN3wC1wN1 : 18.2321173 (0.11)%
  GtT1bC2wN2hN1_QqGtT1bC2hC1wN1 : 18.2057831 (0.11)%
  GtT1bC2hC1wN1_QqGtT1bC2wN2hN1 : 18.2057831 (0.11)%
    GtT1bC2wN2hN1_GtT1tN4wC1wN1 : 18.1394949 (0.11)%
     GtT1bC1wN1_QqGtT1bC2hC1wN1 : 18.0261592 (0.11)%
     GtT1bC2hC1wN1_QqGtT1bC1wN1 : 18.0261592 (0.11)%
       GtT1bC1wN1_GtT1tN4wC1wN1 : 17.9605251 (0.11)%
        QqC1wN1_QqGtT1bC2wN2hN1 : 17.8692960 (0.11)%
           QqC1wN1_QqGtT1bC1wN1 : 17.6929920 (0.11)%
          GtT1tN4wC1wN1_QqC1wN1 : 17.5878981 (0.11)%
        GtT1tN1_QqGtT1tN3wC1wN1 : 17.4770384 (0.11)%
        GtT1tN3wC1wN1_QqGtT1tN1 : 17.4770384 (0.11)%
  GtT1bC2zC1wN1_QqGtT1bC2zC1wN1 : 17.4719973 (0.11)%
QqGtT1bC2zC1wN1_QqGtT1tN3wC1wN1 : 16.9791112 (0.10)%
  GtT1bC2wN2hN1_QqGtT1bC2zC1wN1 : 16.9545869 (0.10)%
  GtT1bC2zC1wN1_QqGtT1bC2wN2hN1 : 16.9545869 (0.10)%
     GtT1bC1wN1_QqGtT1bC2zC1wN1 : 16.7873077 (0.10)%
     GtT1bC2zC1wN1_QqGtT1bC1wN1 : 16.7873077 (0.10)%
    GtT1bC2hC1wN1_GtT1tN3zN2hN1 : 16.6785591 (0.10)%
QqGtT1bC2wN2hN1_QqGtT1tN3wC1wN1 : 16.4762970 (0.10)%
------------------------------------------------------------
                                              SUM=83.57%

SHOWING PROCESSES TO GET 90.00% SUSY COVERAGE
---------------  Output inclusive processes  ---------------
The total xsec = 16597.67 [fb]
The total rate = 100.00%
                          Modes : xsec/fb      (rate)
                    C1wN1_N2hN1 : 8182.1981306 (49.30)%
                    C1wN1_C1wN1 : 3929.2635471 (23.67)%
                    C1wN1_N2zN1 : 221.1264253 (1.33)%
                          N1_N1 : 37.1100968 (0.22)%
                    N2hN1_N2hN1 : 36.3258413 (0.22)%
    GtT1bC2hC1wN1_GtT1tN3wC1wN1 : 35.5562793 (0.21)%
    GtT1bC2zC1wN1_GtT1tN3wC1wN1 : 33.1126666 (0.20)%
    GtT1bC2wN2hN1_GtT1tN3wC1wN1 : 32.1320782 (0.19)%
       GtT1bC1wN1_GtT1tN3wC1wN1 : 31.8150532 (0.19)%
          GtT1tN3wC1wN1_QqC1wN1 : 31.1549864 (0.19)%
  GtT1tN3wC1wN1_QqGtT1tN3wC1wN1 : 28.7263029 (0.17)%
    GtT1bC2hC1wN1_GtT1bC2zC1wN1 : 27.7298626 (0.17)%
    GtT1bC2hC1wN1_GtT1bC2wN2hN1 : 26.9086789 (0.16)%
       GtT1bC1wN1_GtT1bC2hC1wN1 : 26.6431896 (0.16)%
          GtT1bC2hC1wN1_QqC1wN1 : 26.0904234 (0.16)%
          GtT1tN1_GtT1tN3wC1wN1 : 25.8315730 (0.16)%
    GtT1bC2wN2hN1_GtT1bC2zC1wN1 : 25.0593744 (0.15)%
       GtT1bC1wN1_GtT1bC2zC1wN1 : 24.8121308 (0.15)%
          GtT1bC2zC1wN1_QqC1wN1 : 24.2973537 (0.15)%
       GtT1bC1wN1_GtT1bC2wN2hN1 : 24.0773520 (0.15)%
  GtT1bC2hC1wN1_QqGtT1tN3wC1wN1 : 24.0565474 (0.14)%
  GtT1tN3wC1wN1_QqGtT1bC2hC1wN1 : 24.0565474 (0.14)%
    GtT1tN3wC1wN1_GtT1tN4wC1wN1 : 23.9689562 (0.14)%
        QqC1wN1_QqGtT1tN3wC1wN1 : 23.6119239 (0.14)%
          GtT1bC2wN2hN1_QqC1wN1 : 23.5778192 (0.14)%
             GtT1bC1wN1_QqC1wN1 : 23.3451932 (0.14)%
  GtT1tN3wC1wN1_QqGtT1bC2zC1wN1 : 22.4032562 (0.13)%
  GtT1bC2zC1wN1_QqGtT1tN3wC1wN1 : 22.4032562 (0.13)%
              C2hC1wN1_N3wC1wN1 : 22.0586829 (0.13)%
  GtT1tN3wC1wN1_QqGtT1bC2wN2hN1 : 21.7398130 (0.13)%
  GtT1bC2wN2hN1_QqGtT1tN3wC1wN1 : 21.7398130 (0.13)%
          GtT1bC2hC1wN1_GtT1tN1 : 21.6323855 (0.13)%
     GtT1bC1wN1_QqGtT1tN3wC1wN1 : 21.5253213 (0.13)%
     GtT1tN3wC1wN1_QqGtT1bC1wN1 : 21.5253213 (0.13)%
              C2hC1wN1_N4wC1wN1 : 21.4935708 (0.13)%
    GtT1tN3wC1wN1_GtT1tN3wC1wN1 : 21.2291572 (0.13)%
              C2zC1wN1_N3wC1wN1 : 20.5426953 (0.12)%
  GtT1bC2hC1wN1_QqGtT1bC2hC1wN1 : 20.1459085 (0.12)%
          GtT1bC2zC1wN1_GtT1tN1 : 20.1456953 (0.12)%
    GtT1bC2hC1wN1_GtT1tN4wC1wN1 : 20.0725562 (0.12)%
              C2zC1wN1_N4wC1wN1 : 20.0164207 (0.12)%
              C2wN2hN1_N3wC1wN1 : 19.9343502 (0.12)%
    GtT1tN3wC1wN1_GtT1tN3zN2hN1 : 19.9161307 (0.12)%
        QqC1wN1_QqGtT1bC2hC1wN1 : 19.7735632 (0.12)%
          GtT1bC2wN2hN1_GtT1tN1 : 19.5491068 (0.12)%
              C2wN2hN1_N4wC1wN1 : 19.4236605 (0.12)%
             GtT1bC1wN1_GtT1tN1 : 19.3562293 (0.12)%
                GtT1tN1_QqC1wN1 : 18.9546457 (0.11)%
  GtT1bC2hC1wN1_QqGtT1bC2zC1wN1 : 18.7613768 (0.11)%
  GtT1bC2zC1wN1_QqGtT1bC2hC1wN1 : 18.7613768 (0.11)%
    GtT1bC2zC1wN1_GtT1tN4wC1wN1 : 18.6930657 (0.11)%
              N3wC1wN1_N4wC1wN1 : 18.4827121 (0.11)%
        QqC1wN1_QqGtT1bC2zC1wN1 : 18.4146209 (0.11)%
QqGtT1bC2hC1wN1_QqGtT1tN3wC1wN1 : 18.2321173 (0.11)%
  GtT1bC2wN2hN1_QqGtT1bC2hC1wN1 : 18.2057831 (0.11)%
  GtT1bC2hC1wN1_QqGtT1bC2wN2hN1 : 18.2057831 (0.11)%
    GtT1bC2wN2hN1_GtT1tN4wC1wN1 : 18.1394949 (0.11)%
     GtT1bC1wN1_QqGtT1bC2hC1wN1 : 18.0261592 (0.11)%
     GtT1bC2hC1wN1_QqGtT1bC1wN1 : 18.0261592 (0.11)%
       GtT1bC1wN1_GtT1tN4wC1wN1 : 17.9605251 (0.11)%
        QqC1wN1_QqGtT1bC2wN2hN1 : 17.8692960 (0.11)%
           QqC1wN1_QqGtT1bC1wN1 : 17.6929920 (0.11)%
          GtT1tN4wC1wN1_QqC1wN1 : 17.5878981 (0.11)%
        GtT1tN1_QqGtT1tN3wC1wN1 : 17.4770384 (0.11)%
        GtT1tN3wC1wN1_QqGtT1tN1 : 17.4770384 (0.11)%
  GtT1bC2zC1wN1_QqGtT1bC2zC1wN1 : 17.4719973 (0.11)%
QqGtT1bC2zC1wN1_QqGtT1tN3wC1wN1 : 16.9791112 (0.10)%
  GtT1bC2wN2hN1_QqGtT1bC2zC1wN1 : 16.9545869 (0.10)%
  GtT1bC2zC1wN1_QqGtT1bC2wN2hN1 : 16.9545869 (0.10)%
     GtT1bC1wN1_QqGtT1bC2zC1wN1 : 16.7873077 (0.10)%
     GtT1bC2zC1wN1_QqGtT1bC1wN1 : 16.7873077 (0.10)%
    GtT1bC2hC1wN1_GtT1tN3zN2hN1 : 16.6785591 (0.10)%
QqGtT1bC2wN2hN1_QqGtT1tN3wC1wN1 : 16.4762970 (0.10)%
  GtT1bC2wN2hN1_QqGtT1bC2wN2hN1 : 16.4524989 (0.10)%
   QqGtT1bC1wN1_QqGtT1tN3wC1wN1 : 16.3137368 (0.10)%
     GtT1bC1wN1_QqGtT1bC2wN2hN1 : 16.2901735 (0.10)%
     GtT1bC2wN2hN1_QqGtT1bC1wN1 : 16.2901735 (0.10)%
  GtT1tN4wC1wN1_QqGtT1tN3wC1wN1 : 16.2168355 (0.10)%
  GtT1tN3wC1wN1_QqGtT1tN4wC1wN1 : 16.2168355 (0.10)%
                       C1wN1_N1 : 16.1574018 (0.10)%
        GtT1bC1wN1_QqGtT1bC1wN1 : 16.1294496 (0.10)%
    GtT1bC2zC1wN1_GtT1tN3zN2hN1 : 15.5323217 (0.09)%
          GtT1tN3wC1wN1_QqN2hN1 : 15.1750878 (0.09)%
    GtT1bC2wN2hN1_GtT1tN3zN2hN1 : 15.0723522 (0.09)%
       GtT1bC1wN1_GtT1tN3zN2hN1 : 14.9236438 (0.09)%
    GtT1bC2hC1wN1_GtT1bC2hC1wN1 : 14.8881204 (0.09)%
       GtT1tN2hN1_GtT1tN3wC1wN1 : 14.7464897 (0.09)%
        GtT1tN1_QqGtT1bC2hC1wN1 : 14.6359663 (0.09)%
        GtT1bC2hC1wN1_QqGtT1tN1 : 14.6359663 (0.09)%
          GtT1tN3zN2hN1_QqC1wN1 : 14.6140230 (0.09)%
          GtT1tN1_GtT1tN4wC1wN1 : 14.5826760 (0.09)%
              QqC1wN1_QqGtT1tN1 : 14.3654581 (0.09)%
QqGtT1bC2hC1wN1_QqGtT1bC2zC1wN1 : 14.2189823 (0.09)%
QqGtT1bC2hC1wN1_QqGtT1bC2wN2hN1 : 13.7979057 (0.08)%
   QqGtT1bC1wN1_QqGtT1bC2hC1wN1 : 13.6617713 (0.08)%
        GtT1tN1_QqGtT1bC2zC1wN1 : 13.6301065 (0.08)%
        GtT1bC2zC1wN1_QqGtT1tN1 : 13.6301065 (0.08)%
  GtT1tN4wC1wN1_QqGtT1bC2hC1wN1 : 13.5806223 (0.08)%
  GtT1bC2hC1wN1_QqGtT1tN4wC1wN1 : 13.5806223 (0.08)%
  GtT1tN3zN2hN1_QqGtT1tN3wC1wN1 : 13.4747885 (0.08)%
  GtT1tN3wC1wN1_QqGtT1tN3zN2hN1 : 13.4747885 (0.08)%
        QqC1wN1_QqGtT1tN4wC1wN1 : 13.3296194 (0.08)%
      QqGtT1tN1_QqGtT1tN3wC1wN1 : 13.2456004 (0.08)%
        GtT1tN1_QqGtT1bC2wN2hN1 : 13.2264687 (0.08)%
        GtT1bC2wN2hN1_QqGtT1tN1 : 13.2264687 (0.08)%
           GtT1tN1_QqGtT1bC1wN1 : 13.0959723 (0.08)%
           GtT1bC1wN1_QqGtT1tN1 : 13.0959723 (0.08)%
    GtT1bC2zC1wN1_GtT1bC2zC1wN1 : 12.9120610 (0.08)%
QqGtT1bC2wN2hN1_QqGtT1bC2zC1wN1 : 12.8496418 (0.08)%
                QqC1wN1_QqC1wN1 : 12.8041045 (0.08)%
   QqGtT1bC1wN1_QqGtT1bC2zC1wN1 : 12.7228633 (0.08)%
          GtT1bC2hC1wN1_QqN2hN1 : 12.7082214 (0.08)%
  GtT1tN4wC1wN1_QqGtT1bC2zC1wN1 : 12.6472912 (0.08)%
  GtT1bC2zC1wN1_QqGtT1tN4wC1wN1 : 12.6472912 (0.08)%
                QqC1wN1_QqN2hN1 : 12.4733426 (0.08)%
       GtT1bC2hC1wN1_GtT1tN2hN1 : 12.3492964 (0.07)%
   QqGtT1bC1wN1_QqGtT1bC2wN2hN1 : 12.3460923 (0.07)%
QqGtT1tN3wC1wN1_QqGtT1tN4wC1wN1 : 12.2905104 (0.07)%
  GtT1tN4wC1wN1_QqGtT1bC2wN2hN1 : 12.2727582 (0.07)%
  GtT1bC2wN2hN1_QqGtT1tN4wC1wN1 : 12.2727582 (0.07)%
    GtT1bC2wN2hN1_GtT1bC2wN2hN1 : 12.1586368 (0.07)%
     GtT1tN4wC1wN1_QqGtT1bC1wN1 : 12.1516714 (0.07)%
     GtT1bC1wN1_QqGtT1tN4wC1wN1 : 12.1516714 (0.07)%
    GtT1tN3wC1wN1_GtT1tN4hN2hN1 : 12.1393106 (0.07)%
          GtT1tN1_GtT1tN3zN2hN1 : 12.1169432 (0.07)%
              C2hC1wN1_C2zC1wN1 : 11.9208689 (0.07)%
          GtT1bC1wN1_GtT1bC1wN1 : 11.9198987 (0.07)%
          GtT1bC2zC1wN1_QqN2hN1 : 11.8348462 (0.07)%
              C2hC1wN1_C2wN2hN1 : 11.5678480 (0.07)%
        QqGtT1tN3wC1wN1_QqN2hN1 : 11.5009845 (0.07)%
       GtT1bC2zC1wN1_GtT1tN2hN1 : 11.5005884 (0.07)%
          GtT1bC2wN2hN1_QqN2hN1 : 11.4843727 (0.07)%
             GtT1bC1wN1_QqN2hN1 : 11.3710644 (0.07)%
  GtT1tN3zN2hN1_QqGtT1bC2hC1wN1 : 11.2843232 (0.07)%
  GtT1bC2hC1wN1_QqGtT1tN3zN2hN1 : 11.2843232 (0.07)%
    GtT1tN3zN2hN1_GtT1tN4wC1wN1 : 11.2432364 (0.07)%
       GtT1bC2wN2hN1_GtT1tN2hN1 : 11.1600135 (0.07)%
       GtT1bC2wN1_GtT1tN3wC1wN1 : 11.1187400 (0.07)%
      QqGtT1bC2hC1wN1_QqGtT1tN1 : 11.0923920 (0.07)%
        QqC1wN1_QqGtT1tN3zN2hN1 : 11.0757615 (0.07)%
          GtT1bC1wN1_GtT1tN2hN1 : 11.0499054 (0.07)%
QqGtT1tN3wC1wN1_QqGtT1tN3wC1wN1 : 10.8856295 (0.07)%
              C2hC1wN1_N4hN2hN1 : 10.8856276 (0.07)%
             GtT1tN2hN1_QqC1wN1 : 10.8206530 (0.07)%
              C2wN2hN1_C2zC1wN1 : 10.7728452 (0.06)%
              GtT1tN1_QqGtT1tN1 : 10.6330032 (0.06)%
  GtT1tN3zN2hN1_QqGtT1bC2zC1wN1 : 10.5088058 (0.06)%
  GtT1bC2zC1wN1_QqGtT1tN3zN2hN1 : 10.5088058 (0.06)%
              C2hC1wN1_N3zN2hN1 : 10.3471751 (0.06)%
      QqGtT1bC2zC1wN1_QqGtT1tN1 : 10.3300651 (0.06)%
QqGtT1bC2hC1wN1_QqGtT1tN4wC1wN1 : 10.2925617 (0.06)%
QqGtT1tN3wC1wN1_QqGtT1tN3zN2hN1 : 10.2123517 (0.06)%
  GtT1tN3zN2hN1_QqGtT1bC2wN2hN1 : 10.1976012 (0.06)%
  GtT1bC2wN2hN1_QqGtT1tN3zN2hN1 : 10.1976012 (0.06)%
    GtT1bC2hC1wN1_GtT1tN4hN2hN1 : 10.1659410 (0.06)%
              C2zC1wN1_N4hN2hN1 : 10.1375106 (0.06)%
     GtT1bC1wN1_QqGtT1tN3zN2hN1 : 10.0969885 (0.06)%
------------------------------------------------------------
                                              SUM=90.01%
