/Users/rafalmaselek/Projects/fastlim-1.0
 
#################################################################
#                                                               #
#                                                               #
#                     This is Fastlim  ver. 1.0                 #
#                                                               #
#          A fast LHC limit calculator for BSM models.          #
#                                                               #
#                  http://cern.ch/fastlim-1.0/                  #
#                                                               #
#  for bugs/feature requests: fastlim-1.0.developers@gmail.com  #
#                                                               #
#    please refer to:                                           #
#    M.Papucci, K.Sakurai, A.Weiler, L.Zeune arXiv:1402.xxxx    #
#                                                               #
#################################################################
 

!! Masses incompatible with the data for ERER !!

!! Problem with reading tables for ER ER !! Probably mass outside the table !! Setting xsec to 10^-20 !!

!! Masses incompatible with the data for ELEL !!

!! Problem with reading tables for EL EL !! Probably mass outside the table !! Setting xsec to 10^-20 !!

!! Masses incompatible with the data for TAU1TAU1 !!

!! Problem with reading tables for TAU1 TAU1 !! Probably mass outside the table !! Setting xsec to 10^-20 !!

!! Masses incompatible with the data for TAU2TAU2 !!

!! Problem with reading tables for TAU2 TAU2 !! Probably mass outside the table !! Setting xsec to 10^-20 !!
!! EWK PROCESS C1C2 NOT FOUND !! WILL TRY TO LOOK FOR +/- MODES !!
XSEC FOUND FOR: C1-C2+
XSEC FOUND FOR: C1+C2-
!! EWK PROCESS C1N1 NOT FOUND !! WILL TRY TO LOOK FOR +/- MODES !!
XSEC FOUND FOR: C1+N1
XSEC FOUND FOR: C1-N1
!! EWK PROCESS C1N2 NOT FOUND !! WILL TRY TO LOOK FOR +/- MODES !!
XSEC FOUND FOR: C1+N2
XSEC FOUND FOR: C1-N2
!! EWK PROCESS C1N3 NOT FOUND !! WILL TRY TO LOOK FOR +/- MODES !!
XSEC FOUND FOR: C1+N3
XSEC FOUND FOR: C1-N3
!! EWK PROCESS C1N4 NOT FOUND !! WILL TRY TO LOOK FOR +/- MODES !!
XSEC FOUND FOR: C1+N4
XSEC FOUND FOR: C1-N4
!! EWK PROCESS C2N1 NOT FOUND !! WILL TRY TO LOOK FOR +/- MODES !!
XSEC FOUND FOR: C2+N1
XSEC FOUND FOR: C2-N1
!! EWK PROCESS C2N2 NOT FOUND !! WILL TRY TO LOOK FOR +/- MODES !!
XSEC FOUND FOR: C2+N2
XSEC FOUND FOR: C2-N2
!! EWK PROCESS C2N3 NOT FOUND !! WILL TRY TO LOOK FOR +/- MODES !!
XSEC FOUND FOR: C2+N3
XSEC FOUND FOR: C2-N3
!! EWK PROCESS C2N4 NOT FOUND !! WILL TRY TO LOOK FOR +/- MODES !!
XSEC FOUND FOR: C2+N4
XSEC FOUND FOR: C2-N4
---------------  Output inclusive processes  ---------------
The total xsec = 132992.58 [fb]
The total rate = 100.00%
Output upto 0.10%
                        Modes : xsec/fb      (rate)
                  C1wN1_N2zN1 : 17069.3755533 (12.83)%
                  C1wN1_C1wN1 : 10289.3122963 (7.74)%
              QqC1wN1_QqC1wN1 : 5600.8459513 (4.21)%
              QqC1wN1_QqN2zN1 : 4511.5914942 (3.39)%
                  C1wN1_N2hN1 : 4341.6692257 (3.26)%
           GtT1bC1wN1_QqC1wN1 : 2950.8204694 (2.22)%
        GtT1tN3wC1wN1_QqC1wN1 : 2910.3407775 (2.19)%
        GtT1bC2hC1wN1_QqC1wN1 : 1950.2691473 (1.47)%
        GtT1bC2zC1wN1_QqC1wN1 : 1845.8875056 (1.39)%
        GtT1bC2wN2zN1_QqC1wN1 : 1474.5135963 (1.11)%
         QqC1wN1_QqGtT1bC1wN1 : 1426.8554843 (1.07)%
      QqC1wN1_QqGtT1tN3wC1wN1 : 1407.2817180 (1.06)%
           GtT1bC1wN1_QqN2zN1 : 1188.4719421 (0.89)%
        GtT1tN3wC1wN1_QqN2zN1 : 1172.1683484 (0.88)%
              QqC1wN1_QqN2hN1 : 1147.5427375 (0.86)%
              GtT1tN1_QqC1wN1 : 1087.4685186 (0.82)%
           GtT1tN2zN1_QqC1wN1 : 1066.3218592 (0.80)%
        GtT1tN3zN2zN1_QqC1wN1 : 985.3992110 (0.74)%
           GtT1bC2wN1_QqC1wN1 : 946.2282777 (0.71)%
      QqC1wN1_QqGtT1bC2hC1wN1 : 943.0435560 (0.71)%
              QqN2zN1_QqN2zN1 : 908.5439051 (0.68)%
      QqC1wN1_QqGtT1bC2zC1wN1 : 892.5702997 (0.67)%
        GtT1tN4wC1wN1_QqC1wN1 : 857.1636440 (0.64)%
        GtT1bC2hC1wN1_QqN2zN1 : 785.4900646 (0.59)%
        GtT1bC2zC1wN1_QqN2zN1 : 743.4493326 (0.56)%
      QqC1wN1_QqGtT1bC2wN2zN1 : 712.9941768 (0.54)%
        GtT1bC2wN2zN1_QqN2zN1 : 593.8748411 (0.45)%
         QqGtT1bC1wN1_QqN2zN1 : 574.6800682 (0.43)%
      QqGtT1tN3wC1wN1_QqN2zN1 : 566.7965414 (0.43)%
            QqC1wN1_QqGtT1tN1 : 525.8403335 (0.40)%
         QqC1wN1_QqGtT1tN2zN1 : 515.6149649 (0.39)%
     GtT1bC1wN1_GtT1tN3wC1wN1 : 480.7566925 (0.36)%
      QqC1wN1_QqGtT1tN3zN2zN1 : 476.4851956 (0.36)%
           GtT1tN3zN1_QqC1wN1 : 467.5575950 (0.35)%
              QqN2hN1_QqN2zN1 : 462.1841146 (0.35)%
         QqC1wN1_QqGtT1bC2wN1 : 457.5442734 (0.34)%
              GtT1tN1_QqN2zN1 : 437.9886325 (0.33)%
           GtT1tN2zN1_QqN2zN1 : 429.4716077 (0.32)%
      QqC1wN1_QqGtT1tN4wC1wN1 : 414.4774848 (0.31)%
        GtT1tN3zN2zN1_QqN2zN1 : 396.8792159 (0.30)%
           GtT1bC2wN1_QqN2zN1 : 381.1027376 (0.29)%
      QqGtT1bC2hC1wN1_QqN2zN1 : 379.8200596 (0.29)%
      GtT1bC1wN1_QqGtT1bC1wN1 : 375.8712886 (0.28)%
        GtT1bC2wN2hN1_QqC1wN1 : 375.0488870 (0.28)%
   GtT1tN3wC1wN1_QqGtT1bC1wN1 : 370.7150434 (0.28)%
   GtT1bC1wN1_QqGtT1tN3wC1wN1 : 370.7150434 (0.28)%
GtT1tN3wC1wN1_QqGtT1tN3wC1wN1 : 365.6295321 (0.27)%
      QqGtT1bC2zC1wN1_QqN2zN1 : 359.4914596 (0.27)%
        GbB1tC2hC1wN1_QqC1wN1 : 351.0974357 (0.26)%
           GbB1tC1wN1_QqC1wN1 : 347.2777231 (0.26)%
        GtT1tN4wC1wN1_QqN2zN1 : 345.2310811 (0.26)%
        GbB1tC2zC1wN1_QqC1wN1 : 332.3061182 (0.25)%
     GtT1bC1wN1_GtT1bC2hC1wN1 : 322.1632848 (0.24)%
        GtT1tN4hN2zN1_QqC1wN1 : 321.7767715 (0.24)%
  GtT1bC2hC1wN1_GtT1tN3wC1wN1 : 317.7438121 (0.24)%
     GtT1bC1wN1_GtT1bC2zC1wN1 : 304.9205711 (0.23)%
           GtT1bC1wN1_QqN2hN1 : 302.2929597 (0.23)%
  GtT1bC2zC1wN1_GtT1tN3wC1wN1 : 300.7376359 (0.23)%
        GtT1tN3wC1wN1_QqN2hN1 : 298.1460704 (0.22)%
      QqGtT1bC2wN2zN1_QqN2zN1 : 287.1654114 (0.22)%
           GtT1tN3hN1_QqC1wN1 : 278.4549372 (0.21)%
           GtT1tN2hN1_QqC1wN1 : 271.2235598 (0.20)%
        GbB1tC2wN2zN1_QqC1wN1 : 265.4494859 (0.20)%
        GtT1tN3zN2hN1_QqC1wN1 : 250.6405355 (0.19)%
   GtT1bC2hC1wN1_QqGtT1bC1wN1 : 248.4224930 (0.19)%
   GtT1bC1wN1_QqGtT1bC2hC1wN1 : 248.4224930 (0.19)%
GtT1tN3wC1wN1_QqGtT1bC2hC1wN1 : 245.0146049 (0.18)%
GtT1bC2hC1wN1_QqGtT1tN3wC1wN1 : 245.0146049 (0.18)%
        GtT1bC1wN1_GtT1bC1wN1 : 243.7217490 (0.18)%
     GtT1bC1wN1_GtT1bC2wN2zN1 : 243.5736341 (0.18)%
  GtT1bC2wN2zN1_GtT1tN3wC1wN1 : 240.2322632 (0.18)%
  GtT1tN3wC1wN1_GtT1tN3wC1wN1 : 237.0808087 (0.18)%
   GtT1bC2zC1wN1_QqGtT1bC1wN1 : 235.1265089 (0.18)%
   GtT1bC1wN1_QqGtT1bC2zC1wN1 : 235.1265089 (0.18)%
                 QqC1wN1_QqN1 : 233.6142065 (0.18)%
GtT1tN3wC1wN1_QqGtT1bC2zC1wN1 : 231.9010166 (0.17)%
GtT1bC2zC1wN1_QqGtT1tN3wC1wN1 : 231.9010166 (0.17)%
         QqC1wN1_QqGtT1tN3zN1 : 226.0852958 (0.17)%
            QqGtT1tN1_QqN2zN1 : 211.7873618 (0.16)%
         QqGtT1tN2zN1_QqN2zN1 : 207.6689941 (0.16)%
                        N1_N1 : 201.8591580 (0.15)%
  GtT1bC2hC1wN1_GtT1bC2zC1wN1 : 201.5294350 (0.15)%
        GtT1bC2hC1wN1_QqN2hN1 : 199.7927827 (0.15)%
      QqGtT1tN3zN2zN1_QqN2zN1 : 191.9090950 (0.14)%
        GtT1bC2zC1wN1_QqN2hN1 : 189.0995414 (0.14)%
           GtT1tN3zN1_QqN2zN1 : 188.3134161 (0.14)%
   GtT1bC1wN1_QqGtT1bC2wN2zN1 : 187.8214318 (0.14)%
   GtT1bC2wN2zN1_QqGtT1bC1wN1 : 187.8214318 (0.14)%
GtT1tN3wC1wN1_QqGtT1bC2wN2zN1 : 185.2448760 (0.14)%
GtT1bC2wN2zN1_QqGtT1tN3wC1wN1 : 185.2448760 (0.14)%
         QqGtT1bC2wN1_QqN2zN1 : 184.2804524 (0.14)%
      QqC1wN1_QqGtT1bC2wN2hN1 : 181.3531412 (0.14)%
           GtT1bC1wN1_GtT1tN1 : 179.6379902 (0.14)%
 QqGtT1bC1wN1_QqGtT1tN3wC1wN1 : 179.2575313 (0.13)%
        GtT1tN1_GtT1tN3wC1wN1 : 177.1736958 (0.13)%
        GtT1bC1wN1_GtT1tN2zN1 : 176.1447917 (0.13)%
     GtT1tN2zN1_GtT1tN3wC1wN1 : 173.7284174 (0.13)%
           GbB1tC2wN1_QqC1wN1 : 170.3448585 (0.13)%
      QqC1wN1_QqGbB1tC2hC1wN1 : 169.7715286 (0.13)%
         QqC1wN1_QqGbB1tC1wN1 : 167.9245244 (0.13)%
      QqGtT1tN4wC1wN1_QqN2zN1 : 166.9348801 (0.13)%
GtT1bC2hC1wN1_QqGtT1bC2hC1wN1 : 164.1884787 (0.12)%
     GtT1bC1wN1_GtT1tN3zN2zN1 : 162.7772490 (0.12)%
  GtT1bC2hC1wN1_GtT1bC2wN2zN1 : 160.9837496 (0.12)%
      QqC1wN1_QqGbB1tC2zC1wN1 : 160.6850746 (0.12)%
  GtT1tN3wC1wN1_GtT1tN3zN2zN1 : 160.5442521 (0.12)%
        GtT1bC1wN1_GtT1bC2wN1 : 156.3066362 (0.12)%
      QqC1wN1_QqGtT1tN4hN2zN1 : 155.5936581 (0.12)%
GtT1bC2zC1wN1_QqGtT1bC2hC1wN1 : 155.4008388 (0.12)%
GtT1bC2hC1wN1_QqGtT1bC2zC1wN1 : 155.4008388 (0.12)%
     GtT1bC2wN1_GtT1tN3wC1wN1 : 154.1624039 (0.12)%
  GtT1bC2wN2zN1_GtT1bC2zC1wN1 : 152.3676321 (0.11)%
        GtT1bC2wN2hN1_QqN2zN1 : 151.0546249 (0.11)%
        GtT1bC2wN2zN1_QqN2hN1 : 151.0546249 (0.11)%
            C2hC1wN1_N3wC1wN1 : 150.5002318 (0.11)%
GtT1bC2zC1wN1_QqGtT1bC2zC1wN1 : 147.0835280 (0.11)%
            C2hC1wN1_N4wC1wN1 : 146.7048968 (0.11)%
           GbB1bN2zN1_QqC1wN1 : 146.4090515 (0.11)%
         QqGtT1bC1wN1_QqN2hN1 : 146.1723517 (0.11)%
      QqGtT1tN3wC1wN1_QqN2hN1 : 144.1671427 (0.11)%
                  N2zN1_N2zN1 : 144.1418718 (0.11)%
            C2zC1wN1_N3wC1wN1 : 142.4452096 (0.11)%
     GtT1bC1wN1_GtT1tN4wC1wN1 : 141.5941259 (0.11)%
        GbB1tC2hC1wN1_QqN2zN1 : 141.4079425 (0.11)%
           GbB1tC1wN1_QqN2zN1 : 139.8695157 (0.11)%
  GtT1tN3wC1wN1_GtT1tN4wC1wN1 : 139.6517215 (0.11)%
            N3wC1wN1_N4wC1wN1 : 139.2752333 (0.10)%
            C2zC1wN1_N4wC1wN1 : 138.8530072 (0.10)%
         GtT1tN1_QqGtT1bC1wN1 : 138.5201837 (0.10)%
         GtT1bC1wN1_QqGtT1tN1 : 138.5201837 (0.10)%
        GtT1tN3hN2zN1_QqC1wN1 : 137.6238839 (0.10)%
      GtT1tN1_QqGtT1tN3wC1wN1 : 136.6199480 (0.10)%
      GtT1tN3wC1wN1_QqGtT1tN1 : 136.6199480 (0.10)%
      GtT1tN2zN1_QqGtT1bC1wN1 : 135.8265525 (0.10)%
      GtT1bC1wN1_QqGtT1tN2zN1 : 135.8265525 (0.10)%
         QqC1wN1_QqGtT1tN3hN1 : 134.6455870 (0.10)%
   GtT1tN2zN1_QqGtT1tN3wC1wN1 : 133.9632683 (0.10)%
   GtT1tN3wC1wN1_QqGtT1tN2zN1 : 133.9632683 (0.10)%
        GbB1tC2zC1wN1_QqN2zN1 : 133.8395547 (0.10)%
           GtT1tN4hN1_QqC1wN1 : 133.4228597 (0.10)%
         QqC1wN1_QqGtT1tN2hN1 : 131.1488882 (0.10)%
------------------------------------------------------------
                                            SUM=73.17%

SHOWING PROCESSES TO GET 90.00% SUSY COVERAGE
---------------  Output inclusive processes  ---------------
The total xsec = 132992.58 [fb]
The total rate = 100.00%
                          Modes : xsec/fb      (rate)
                    C1wN1_N2zN1 : 17069.3755533 (12.83)%
                    C1wN1_C1wN1 : 10289.3122963 (7.74)%
                QqC1wN1_QqC1wN1 : 5600.8459513 (4.21)%
                QqC1wN1_QqN2zN1 : 4511.5914942 (3.39)%
                    C1wN1_N2hN1 : 4341.6692257 (3.26)%
             GtT1bC1wN1_QqC1wN1 : 2950.8204694 (2.22)%
          GtT1tN3wC1wN1_QqC1wN1 : 2910.3407775 (2.19)%
          GtT1bC2hC1wN1_QqC1wN1 : 1950.2691473 (1.47)%
          GtT1bC2zC1wN1_QqC1wN1 : 1845.8875056 (1.39)%
          GtT1bC2wN2zN1_QqC1wN1 : 1474.5135963 (1.11)%
           QqC1wN1_QqGtT1bC1wN1 : 1426.8554843 (1.07)%
        QqC1wN1_QqGtT1tN3wC1wN1 : 1407.2817180 (1.06)%
             GtT1bC1wN1_QqN2zN1 : 1188.4719421 (0.89)%
          GtT1tN3wC1wN1_QqN2zN1 : 1172.1683484 (0.88)%
                QqC1wN1_QqN2hN1 : 1147.5427375 (0.86)%
                GtT1tN1_QqC1wN1 : 1087.4685186 (0.82)%
             GtT1tN2zN1_QqC1wN1 : 1066.3218592 (0.80)%
          GtT1tN3zN2zN1_QqC1wN1 : 985.3992110 (0.74)%
             GtT1bC2wN1_QqC1wN1 : 946.2282777 (0.71)%
        QqC1wN1_QqGtT1bC2hC1wN1 : 943.0435560 (0.71)%
                QqN2zN1_QqN2zN1 : 908.5439051 (0.68)%
        QqC1wN1_QqGtT1bC2zC1wN1 : 892.5702997 (0.67)%
          GtT1tN4wC1wN1_QqC1wN1 : 857.1636440 (0.64)%
          GtT1bC2hC1wN1_QqN2zN1 : 785.4900646 (0.59)%
          GtT1bC2zC1wN1_QqN2zN1 : 743.4493326 (0.56)%
        QqC1wN1_QqGtT1bC2wN2zN1 : 712.9941768 (0.54)%
          GtT1bC2wN2zN1_QqN2zN1 : 593.8748411 (0.45)%
           QqGtT1bC1wN1_QqN2zN1 : 574.6800682 (0.43)%
        QqGtT1tN3wC1wN1_QqN2zN1 : 566.7965414 (0.43)%
              QqC1wN1_QqGtT1tN1 : 525.8403335 (0.40)%
           QqC1wN1_QqGtT1tN2zN1 : 515.6149649 (0.39)%
       GtT1bC1wN1_GtT1tN3wC1wN1 : 480.7566925 (0.36)%
        QqC1wN1_QqGtT1tN3zN2zN1 : 476.4851956 (0.36)%
             GtT1tN3zN1_QqC1wN1 : 467.5575950 (0.35)%
                QqN2hN1_QqN2zN1 : 462.1841146 (0.35)%
           QqC1wN1_QqGtT1bC2wN1 : 457.5442734 (0.34)%
                GtT1tN1_QqN2zN1 : 437.9886325 (0.33)%
             GtT1tN2zN1_QqN2zN1 : 429.4716077 (0.32)%
        QqC1wN1_QqGtT1tN4wC1wN1 : 414.4774848 (0.31)%
          GtT1tN3zN2zN1_QqN2zN1 : 396.8792159 (0.30)%
             GtT1bC2wN1_QqN2zN1 : 381.1027376 (0.29)%
        QqGtT1bC2hC1wN1_QqN2zN1 : 379.8200596 (0.29)%
        GtT1bC1wN1_QqGtT1bC1wN1 : 375.8712886 (0.28)%
          GtT1bC2wN2hN1_QqC1wN1 : 375.0488870 (0.28)%
     GtT1tN3wC1wN1_QqGtT1bC1wN1 : 370.7150434 (0.28)%
     GtT1bC1wN1_QqGtT1tN3wC1wN1 : 370.7150434 (0.28)%
  GtT1tN3wC1wN1_QqGtT1tN3wC1wN1 : 365.6295321 (0.27)%
        QqGtT1bC2zC1wN1_QqN2zN1 : 359.4914596 (0.27)%
          GbB1tC2hC1wN1_QqC1wN1 : 351.0974357 (0.26)%
             GbB1tC1wN1_QqC1wN1 : 347.2777231 (0.26)%
          GtT1tN4wC1wN1_QqN2zN1 : 345.2310811 (0.26)%
          GbB1tC2zC1wN1_QqC1wN1 : 332.3061182 (0.25)%
       GtT1bC1wN1_GtT1bC2hC1wN1 : 322.1632848 (0.24)%
          GtT1tN4hN2zN1_QqC1wN1 : 321.7767715 (0.24)%
    GtT1bC2hC1wN1_GtT1tN3wC1wN1 : 317.7438121 (0.24)%
       GtT1bC1wN1_GtT1bC2zC1wN1 : 304.9205711 (0.23)%
             GtT1bC1wN1_QqN2hN1 : 302.2929597 (0.23)%
    GtT1bC2zC1wN1_GtT1tN3wC1wN1 : 300.7376359 (0.23)%
          GtT1tN3wC1wN1_QqN2hN1 : 298.1460704 (0.22)%
        QqGtT1bC2wN2zN1_QqN2zN1 : 287.1654114 (0.22)%
             GtT1tN3hN1_QqC1wN1 : 278.4549372 (0.21)%
             GtT1tN2hN1_QqC1wN1 : 271.2235598 (0.20)%
          GbB1tC2wN2zN1_QqC1wN1 : 265.4494859 (0.20)%
          GtT1tN3zN2hN1_QqC1wN1 : 250.6405355 (0.19)%
     GtT1bC2hC1wN1_QqGtT1bC1wN1 : 248.4224930 (0.19)%
     GtT1bC1wN1_QqGtT1bC2hC1wN1 : 248.4224930 (0.19)%
  GtT1tN3wC1wN1_QqGtT1bC2hC1wN1 : 245.0146049 (0.18)%
  GtT1bC2hC1wN1_QqGtT1tN3wC1wN1 : 245.0146049 (0.18)%
          GtT1bC1wN1_GtT1bC1wN1 : 243.7217490 (0.18)%
       GtT1bC1wN1_GtT1bC2wN2zN1 : 243.5736341 (0.18)%
    GtT1bC2wN2zN1_GtT1tN3wC1wN1 : 240.2322632 (0.18)%
    GtT1tN3wC1wN1_GtT1tN3wC1wN1 : 237.0808087 (0.18)%
     GtT1bC2zC1wN1_QqGtT1bC1wN1 : 235.1265089 (0.18)%
     GtT1bC1wN1_QqGtT1bC2zC1wN1 : 235.1265089 (0.18)%
                   QqC1wN1_QqN1 : 233.6142065 (0.18)%
  GtT1tN3wC1wN1_QqGtT1bC2zC1wN1 : 231.9010166 (0.17)%
  GtT1bC2zC1wN1_QqGtT1tN3wC1wN1 : 231.9010166 (0.17)%
           QqC1wN1_QqGtT1tN3zN1 : 226.0852958 (0.17)%
              QqGtT1tN1_QqN2zN1 : 211.7873618 (0.16)%
           QqGtT1tN2zN1_QqN2zN1 : 207.6689941 (0.16)%
                          N1_N1 : 201.8591580 (0.15)%
    GtT1bC2hC1wN1_GtT1bC2zC1wN1 : 201.5294350 (0.15)%
          GtT1bC2hC1wN1_QqN2hN1 : 199.7927827 (0.15)%
        QqGtT1tN3zN2zN1_QqN2zN1 : 191.9090950 (0.14)%
          GtT1bC2zC1wN1_QqN2hN1 : 189.0995414 (0.14)%
             GtT1tN3zN1_QqN2zN1 : 188.3134161 (0.14)%
     GtT1bC1wN1_QqGtT1bC2wN2zN1 : 187.8214318 (0.14)%
     GtT1bC2wN2zN1_QqGtT1bC1wN1 : 187.8214318 (0.14)%
  GtT1tN3wC1wN1_QqGtT1bC2wN2zN1 : 185.2448760 (0.14)%
  GtT1bC2wN2zN1_QqGtT1tN3wC1wN1 : 185.2448760 (0.14)%
           QqGtT1bC2wN1_QqN2zN1 : 184.2804524 (0.14)%
        QqC1wN1_QqGtT1bC2wN2hN1 : 181.3531412 (0.14)%
             GtT1bC1wN1_GtT1tN1 : 179.6379902 (0.14)%
   QqGtT1bC1wN1_QqGtT1tN3wC1wN1 : 179.2575313 (0.13)%
          GtT1tN1_GtT1tN3wC1wN1 : 177.1736958 (0.13)%
          GtT1bC1wN1_GtT1tN2zN1 : 176.1447917 (0.13)%
       GtT1tN2zN1_GtT1tN3wC1wN1 : 173.7284174 (0.13)%
             GbB1tC2wN1_QqC1wN1 : 170.3448585 (0.13)%
        QqC1wN1_QqGbB1tC2hC1wN1 : 169.7715286 (0.13)%
           QqC1wN1_QqGbB1tC1wN1 : 167.9245244 (0.13)%
        QqGtT1tN4wC1wN1_QqN2zN1 : 166.9348801 (0.13)%
  GtT1bC2hC1wN1_QqGtT1bC2hC1wN1 : 164.1884787 (0.12)%
       GtT1bC1wN1_GtT1tN3zN2zN1 : 162.7772490 (0.12)%
    GtT1bC2hC1wN1_GtT1bC2wN2zN1 : 160.9837496 (0.12)%
        QqC1wN1_QqGbB1tC2zC1wN1 : 160.6850746 (0.12)%
    GtT1tN3wC1wN1_GtT1tN3zN2zN1 : 160.5442521 (0.12)%
          GtT1bC1wN1_GtT1bC2wN1 : 156.3066362 (0.12)%
        QqC1wN1_QqGtT1tN4hN2zN1 : 155.5936581 (0.12)%
  GtT1bC2zC1wN1_QqGtT1bC2hC1wN1 : 155.4008388 (0.12)%
  GtT1bC2hC1wN1_QqGtT1bC2zC1wN1 : 155.4008388 (0.12)%
       GtT1bC2wN1_GtT1tN3wC1wN1 : 154.1624039 (0.12)%
    GtT1bC2wN2zN1_GtT1bC2zC1wN1 : 152.3676321 (0.11)%
          GtT1bC2wN2hN1_QqN2zN1 : 151.0546249 (0.11)%
          GtT1bC2wN2zN1_QqN2hN1 : 151.0546249 (0.11)%
              C2hC1wN1_N3wC1wN1 : 150.5002318 (0.11)%
  GtT1bC2zC1wN1_QqGtT1bC2zC1wN1 : 147.0835280 (0.11)%
              C2hC1wN1_N4wC1wN1 : 146.7048968 (0.11)%
             GbB1bN2zN1_QqC1wN1 : 146.4090515 (0.11)%
           QqGtT1bC1wN1_QqN2hN1 : 146.1723517 (0.11)%
        QqGtT1tN3wC1wN1_QqN2hN1 : 144.1671427 (0.11)%
                    N2zN1_N2zN1 : 144.1418718 (0.11)%
              C2zC1wN1_N3wC1wN1 : 142.4452096 (0.11)%
       GtT1bC1wN1_GtT1tN4wC1wN1 : 141.5941259 (0.11)%
          GbB1tC2hC1wN1_QqN2zN1 : 141.4079425 (0.11)%
             GbB1tC1wN1_QqN2zN1 : 139.8695157 (0.11)%
    GtT1tN3wC1wN1_GtT1tN4wC1wN1 : 139.6517215 (0.11)%
              N3wC1wN1_N4wC1wN1 : 139.2752333 (0.10)%
              C2zC1wN1_N4wC1wN1 : 138.8530072 (0.10)%
           GtT1tN1_QqGtT1bC1wN1 : 138.5201837 (0.10)%
           GtT1bC1wN1_QqGtT1tN1 : 138.5201837 (0.10)%
          GtT1tN3hN2zN1_QqC1wN1 : 137.6238839 (0.10)%
        GtT1tN1_QqGtT1tN3wC1wN1 : 136.6199480 (0.10)%
        GtT1tN3wC1wN1_QqGtT1tN1 : 136.6199480 (0.10)%
        GtT1tN2zN1_QqGtT1bC1wN1 : 135.8265525 (0.10)%
        GtT1bC1wN1_QqGtT1tN2zN1 : 135.8265525 (0.10)%
           QqC1wN1_QqGtT1tN3hN1 : 134.6455870 (0.10)%
     GtT1tN2zN1_QqGtT1tN3wC1wN1 : 133.9632683 (0.10)%
     GtT1tN3wC1wN1_QqGtT1tN2zN1 : 133.9632683 (0.10)%
          GbB1tC2zC1wN1_QqN2zN1 : 133.8395547 (0.10)%
             GtT1tN4hN1_QqC1wN1 : 133.4228597 (0.10)%
           QqC1wN1_QqGtT1tN2hN1 : 131.1488882 (0.10)%
          GtT1tN4hN2zN1_QqN2zN1 : 129.5987569 (0.10)%
        QqC1wN1_QqGbB1tC2wN2zN1 : 128.3568616 (0.10)%
     GtT1tN3zN2zN1_QqGtT1bC1wN1 : 125.5187413 (0.09)%
     GtT1bC1wN1_QqGtT1tN3zN2zN1 : 125.5187413 (0.09)%
  GtT1bC2hC1wN1_QqGtT1bC2wN2zN1 : 124.1357607 (0.09)%
  GtT1bC2wN2zN1_QqGtT1bC2hC1wN1 : 124.1357607 (0.09)%
  GtT1tN3zN2zN1_QqGtT1tN3wC1wN1 : 123.7968609 (0.09)%
  GtT1tN3wC1wN1_QqGtT1tN3zN2zN1 : 123.7968609 (0.09)%
           T1bC1wN1_T1tN3wC1wN1 : 121.7560850 (0.09)%
        QqC1wN1_QqGtT1tN3zN2hN1 : 121.1960627 (0.09)%
        GtT1bC1wN1_QqGtT1bC2wN1 : 120.5292039 (0.09)%
        GtT1bC2wN1_QqGtT1bC1wN1 : 120.5292039 (0.09)%
   QqGtT1bC1wN1_QqGtT1bC2hC1wN1 : 120.1235386 (0.09)%
     GtT1tN3wC1wN1_QqGtT1bC2wN1 : 118.8757705 (0.09)%
     GtT1bC2wN1_QqGtT1tN3wC1wN1 : 118.8757705 (0.09)%
          GtT1bC2hC1wN1_GtT1tN1 : 118.7271248 (0.09)%
QqGtT1bC2hC1wN1_QqGtT1tN3wC1wN1 : 118.4756702 (0.09)%
  GtT1bC2zC1wN1_QqGtT1bC2wN2zN1 : 117.4918087 (0.09)%
  GtT1bC2wN2zN1_QqGtT1bC2zC1wN1 : 117.4918087 (0.09)%
       GtT1bC2hC1wN1_GtT1tN2zN1 : 116.4183848 (0.09)%
              C2wN2zN1_N3wC1wN1 : 113.7866732 (0.09)%
   QqGtT1bC1wN1_QqGtT1bC2zC1wN1 : 113.6943275 (0.09)%
          GtT1bC2zC1wN1_GtT1tN1 : 112.3726520 (0.08)%
             GtT1tN3hN1_QqN2zN1 : 112.1504624 (0.08)%
QqGtT1bC2zC1wN1_QqGtT1tN3wC1wN1 : 112.1346557 (0.08)%
                GtT1tN1_QqN2hN1 : 111.4042960 (0.08)%
              C2wN2zN1_N4wC1wN1 : 110.9171856 (0.08)%
       GtT1bC2zC1wN1_GtT1tN2zN1 : 110.1874796 (0.08)%
             GtT1tN2zN1_QqN2hN1 : 109.2379541 (0.08)%
             GtT1tN2hN1_QqN2zN1 : 109.2379541 (0.08)%
     GtT1tN4wC1wN1_QqGtT1bC1wN1 : 109.1842783 (0.08)%
     GtT1bC1wN1_QqGtT1tN4wC1wN1 : 109.1842783 (0.08)%
  GtT1tN4wC1wN1_QqGtT1tN3wC1wN1 : 107.6864759 (0.08)%
  GtT1tN3wC1wN1_QqGtT1tN4wC1wN1 : 107.6864759 (0.08)%
    GtT1bC2hC1wN1_GtT1tN3zN2zN1 : 107.5834501 (0.08)%
          GbB1tC2wN2zN1_QqN2zN1 : 106.9123890 (0.08)%
    GtT1bC2hC1wN1_GtT1bC2hC1wN1 : 106.4627823 (0.08)%
       GtT1bC2hC1wN1_GtT1bC2wN1 : 103.3068644 (0.08)%
    GtT1bC2zC1wN1_GtT1tN3zN2zN1 : 101.8254053 (0.08)%
          GtT1tN3zN2zN1_QqN2hN1 : 100.9479388 (0.08)%
          GtT1tN3zN2hN1_QqN2zN1 : 100.9479388 (0.08)%
       GtT1bC2wN1_GtT1bC2zC1wN1 : 97.7777096 (0.07)%
             GtT1bC2wN1_QqN2hN1 : 96.9351235 (0.07)%
        QqGtT1bC2hC1wN1_QqN2hN1 : 96.6088688 (0.07)%
    GtT1bC2zC1wN1_GtT1bC2zC1wN1 : 95.3716226 (0.07)%
                   QqN1_QqN2zN1 : 94.0904174 (0.07)%
  GtT1bC2wN2zN1_QqGtT1bC2wN2zN1 : 93.8536443 (0.07)%
    GtT1bC2hC1wN1_GtT1tN4wC1wN1 : 93.5830078 (0.07)%
        GtT1tN1_QqGtT1bC2hC1wN1 : 91.5513645 (0.07)%
        GtT1bC2hC1wN1_QqGtT1tN1 : 91.5513645 (0.07)%
        QqGtT1bC2zC1wN1_QqN2hN1 : 91.4382018 (0.07)%
           QqGtT1tN3zN1_QqN2zN1 : 91.0580746 (0.07)%
      QqGtT1bC1wN1_QqGtT1bC1wN1 : 90.8754048 (0.07)%
   QqGtT1bC1wN1_QqGtT1bC2wN2zN1 : 90.8201779 (0.07)%
     GtT1tN2zN1_QqGtT1bC2hC1wN1 : 89.7710780 (0.07)%
     GtT1bC2hC1wN1_QqGtT1tN2zN1 : 89.7710780 (0.07)%
          GtT1bC2wN2zN1_GtT1tN1 : 89.7644102 (0.07)%
QqGtT1bC2wN2zN1_QqGtT1tN3wC1wN1 : 89.5742963 (0.07)%
    GtT1bC2zC1wN1_GtT1tN4wC1wN1 : 88.5742899 (0.07)%
QqGtT1tN3wC1wN1_QqGtT1tN3wC1wN1 : 88.3992280 (0.07)%
       GtT1bC2wN2zN1_GtT1tN2zN1 : 88.0188724 (0.07)%
          GtT1tN4wC1wN1_QqN2hN1 : 87.8110131 (0.07)%
        GtT1tN1_QqGtT1bC2zC1wN1 : 86.6513836 (0.07)%
        GtT1bC2zC1wN1_QqGtT1tN1 : 86.6513836 (0.07)%
     GtT1tN2zN1_QqGtT1bC2zC1wN1 : 84.9663810 (0.06)%
     GtT1bC2zC1wN1_QqGtT1tN2zN1 : 84.9663810 (0.06)%
             GtT1tN4zN1_QqC1wN1 : 84.2224821 (0.06)%
  GtT1tN3zN2zN1_QqGtT1bC2hC1wN1 : 82.9583945 (0.06)%
  GtT1bC2hC1wN1_QqGtT1tN3zN2zN1 : 82.9583945 (0.06)%
           QqC1wN1_QqGbB1tC2wN1 : 82.3694623 (0.06)%
              C2hC1wN1_C2zC1wN1 : 82.1926385 (0.06)%
          GtT1tN4hN2hN1_QqC1wN1 : 81.8453084 (0.06)%
           T1bC1wN1_T1bC2hC1wN1 : 81.5908357 (0.06)%
    GtT1bC2wN2zN1_GtT1tN3zN2zN1 : 81.3391629 (0.06)%
        T1bC2hC1wN1_T1tN3wC1wN1 : 80.4715633 (0.06)%
     GtT1bC2hC1wN1_QqGtT1bC2wN1 : 79.6606877 (0.06)%
     GtT1bC2wN1_QqGtT1bC2hC1wN1 : 79.6606877 (0.06)%
  GtT1tN3zN2zN1_QqGtT1bC2zC1wN1 : 78.5183236 (0.06)%
  GtT1bC2zC1wN1_QqGtT1tN3zN2zN1 : 78.5183236 (0.06)%
       GtT1bC2wN1_GtT1bC2wN2zN1 : 78.1058227 (0.06)%
          GtT1bC1wN1_GtT1tN3zN1 : 77.2354374 (0.06)%
           T1bC1wN1_T1bC2zC1wN1 : 77.2239587 (0.06)%
       GtT1tN3wC1wN1_GtT1tN3zN1 : 76.1759128 (0.06)%
        T1bC2zC1wN1_T1tN3wC1wN1 : 76.1645916 (0.06)%
     GtT1bC2wN1_QqGtT1bC2zC1wN1 : 75.3971154 (0.06)%
     GtT1bC2zC1wN1_QqGtT1bC2wN1 : 75.3971154 (0.06)%
QqGtT1bC2hC1wN1_QqGtT1bC2zC1wN1 : 75.1433513 (0.06)%
                    N2hN1_N2zN1 : 73.3262124 (0.06)%
        QqGtT1bC2wN2zN1_QqN2hN1 : 73.0417598 (0.05)%
        QqGtT1bC2wN2hN1_QqN2zN1 : 73.0417598 (0.05)%
                 C2wN1_N3wC1wN1 : 73.0194473 (0.05)%
  GtT1tN4wC1wN1_QqGtT1bC2hC1wN1 : 72.1625499 (0.05)%
  GtT1bC2hC1wN1_QqGtT1tN4wC1wN1 : 72.1625499 (0.05)%
                 C2wN1_N4wC1wN1 : 71.1780331 (0.05)%
           QqC1wN1_QqGbB1bN2zN1 : 70.7954144 (0.05)%
    GtT1bC2wN2zN1_GtT1tN4wC1wN1 : 70.7540380 (0.05)%
        GtT1tN1_QqGtT1bC2wN2zN1 : 69.2180010 (0.05)%
        GtT1bC2wN2zN1_QqGtT1tN1 : 69.2180010 (0.05)%
             QqC1wN1_QqC2hC1wN1 : 68.7604987 (0.05)%
             GbB1tC2wN1_QqN2zN1 : 68.6080657 (0.05)%
        QqGbB1tC2hC1wN1_QqN2zN1 : 68.3771515 (0.05)%
  GtT1tN4wC1wN1_QqGtT1bC2zC1wN1 : 68.3002905 (0.05)%
  GtT1bC2zC1wN1_QqGtT1tN4wC1wN1 : 68.3002905 (0.05)%
     GtT1tN2zN1_QqGtT1bC2wN2zN1 : 67.8720039 (0.05)%
     GtT1bC2wN2zN1_QqGtT1tN2zN1 : 67.8720039 (0.05)%
           QqGbB1tC1wN1_QqN2zN1 : 67.6332524 (0.05)%
          GbB1tC2wN2hN1_QqC1wN1 : 67.5182206 (0.05)%
         QqGtT1bC1wN1_QqGtT1tN1 : 66.9807892 (0.05)%
        QqC1wN1_QqGtT1tN3hN2zN1 : 66.5473876 (0.05)%
                       C1wN1_N1 : 66.1100634 (0.05)%
      QqGtT1tN1_QqGtT1tN3wC1wN1 : 66.0619391 (0.05)%
      QqGtT1bC1wN1_QqGtT1tN2zN1 : 65.6782964 (0.05)%
              C2hC1wN1_C2wN2zN1 : 65.6563104 (0.05)%
             QqC1wN1_QqC2zC1wN1 : 65.0803227 (0.05)%
             GtT1tN1_GtT1tN2zN1 : 64.9147983 (0.05)%
   QqGtT1tN2zN1_QqGtT1tN3wC1wN1 : 64.7773140 (0.05)%
        QqGbB1tC2zC1wN1_QqN2zN1 : 64.7174929 (0.05)%
           QqC1wN1_QqGtT1tN4hN1 : 64.5160019 (0.05)%
  GtT1tN3zN2zN1_QqGtT1bC2wN2zN1 : 62.7212305 (0.05)%
  GtT1bC2wN2zN1_QqGtT1tN3zN2zN1 : 62.7212305 (0.05)%
        QqGtT1tN4hN2zN1_QqN2zN1 : 62.6668748 (0.05)%
              C2wN2zN1_C2zC1wN1 : 62.1422757 (0.05)%
       GtT1bC1wN1_GtT1bC2wN2hN1 : 61.9540034 (0.05)%
              T1bC1wN1_T1bC1wN1 : 61.7247902 (0.05)%
           T1bC1wN1_T1bC2wN2zN1 : 61.6872788 (0.05)%
                GtT1bC1wN1_QqN1 : 61.5401306 (0.05)%
    GtT1bC2wN2hN1_GtT1tN3wC1wN1 : 61.1041113 (0.05)%
    GtT1bC2wN2zN1_GtT1bC2wN2zN1 : 60.8564023 (0.05)%
        T1bC2wN2zN1_T1tN3wC1wN1 : 60.8410456 (0.05)%
             GtT1tN3wC1wN1_QqN1 : 60.6959161 (0.05)%
   QqGtT1bC1wN1_QqGtT1tN3zN2zN1 : 60.6940023 (0.05)%
     GtT1bC2wN2zN1_QqGtT1bC2wN1 : 60.2279779 (0.05)%
     GtT1bC2wN1_QqGtT1bC2wN2zN1 : 60.2279779 (0.05)%
        T1tN3wC1wN1_T1tN3wC1wN1 : 60.0429106 (0.05)%
QqGtT1bC2hC1wN1_QqGtT1bC2wN2zN1 : 60.0252685 (0.05)%
          GtT1tN1_GtT1tN3zN2zN1 : 59.9884458 (0.05)%
QqGtT1tN3wC1wN1_QqGtT1tN3zN2zN1 : 59.8613951 (0.05)%
        GtT1bC1wN1_QqGtT1tN3zN1 : 59.5568173 (0.04)%
        GtT1tN3zN1_QqGtT1bC1wN1 : 59.5568173 (0.04)%
             GbB1bN2zN1_QqN2zN1 : 58.9676843 (0.04)%
       GtT1tN2zN1_GtT1tN3zN2zN1 : 58.8219245 (0.04)%
                QqN2hN1_QqN2hN1 : 58.7792606 (0.04)%
     GtT1tN3wC1wN1_QqGtT1tN3zN1 : 58.7398101 (0.04)%
     GtT1tN3zN1_QqGtT1tN3wC1wN1 : 58.7398101 (0.04)%
      QqGtT1bC1wN1_QqGtT1bC2wN1 : 58.2813348 (0.04)%
       GbB1tC2hC1wN1_GtT1bC1wN1 : 57.9974837 (0.04)%
             GtT1bC2wN1_GtT1tN1 : 57.6038251 (0.04)%
   QqGtT1bC2wN1_QqGtT1tN3wC1wN1 : 57.4818248 (0.04)%
          GbB1tC1wN1_GtT1bC1wN1 : 57.3665087 (0.04)%
    GbB1tC2hC1wN1_GtT1tN3wC1wN1 : 57.2018676 (0.04)%
QqGtT1bC2wN2zN1_QqGtT1bC2zC1wN1 : 56.8126165 (0.04)%
       GbB1tC1wN1_GtT1tN3wC1wN1 : 56.5795484 (0.04)%
          GtT1bC2wN1_GtT1tN2zN1 : 56.4836745 (0.04)%
          GtT1tN3hN2zN1_QqN2zN1 : 55.4293717 (0.04)%
              C2hC1wN1_N4hN2zN1 : 55.0725972 (0.04)%
       GbB1tC2zC1wN1_GtT1bC1wN1 : 54.8933621 (0.04)%
  GtT1tN4wC1wN1_QqGtT1bC2wN2zN1 : 54.5589623 (0.04)%
  GtT1bC2wN2zN1_QqGtT1tN4wC1wN1 : 54.5589623 (0.04)%
           QqGtT1tN3hN1_QqN2zN1 : 54.2298333 (0.04)%
    GbB1tC2zC1wN1_GtT1tN3wC1wN1 : 54.1403287 (0.04)%
              QqGtT1tN1_QqN2hN1 : 53.8690281 (0.04)%
             GtT1tN4hN1_QqN2zN1 : 53.7373679 (0.04)%
       GtT1bC1wN1_GtT1tN4hN2zN1 : 53.1540284 (0.04)%
           QqGtT1tN2zN1_QqN2hN1 : 52.8215035 (0.04)%
           QqGtT1tN2hN1_QqN2zN1 : 52.8215035 (0.04)%
   QqGtT1bC1wN1_QqGtT1tN4wC1wN1 : 52.7955489 (0.04)%
    GtT1tN3wC1wN1_GtT1tN4hN2zN1 : 52.4248554 (0.04)%
              N3wC1wN1_N4hN2zN1 : 52.2835228 (0.04)%
       GtT1bC2wN1_GtT1tN3zN2zN1 : 52.1971559 (0.04)%
          GtT1tN1_GtT1tN4wC1wN1 : 52.1818104 (0.04)%
              C2zC1wN1_N4hN2zN1 : 52.1250203 (0.04)%
QqGtT1tN3wC1wN1_QqGtT1tN4wC1wN1 : 52.0712935 (0.04)%
             QqC1wN1_QqC2wN2zN1 : 51.9868196 (0.04)%
        QqGbB1tC2wN2zN1_QqN2zN1 : 51.6969874 (0.04)%
          GtT1tN4zN2zN1_QqC1wN1 : 51.5255558 (0.04)%
       GtT1tN2zN1_GtT1tN4wC1wN1 : 51.1670951 (0.04)%
              GtT1tN1_QqGtT1tN1 : 51.0489677 (0.04)%
       GtT1bC2hC1wN1_GtT1tN3zN1 : 51.0467825 (0.04)%
        T1bC2hC1wN1_T1bC2zC1wN1 : 51.0391959 (0.04)%
              C2hC1wN1_N3zN2zN1 : 50.9571975 (0.04)%
           GtT1tN2zN1_QqGtT1tN1 : 50.0562814 (0.04)%
           GtT1tN1_QqGtT1tN2zN1 : 50.0562814 (0.04)%
        GtT1tN2zN1_QqGtT1tN2zN1 : 49.0828986 (0.04)%
        QqGtT1tN3zN2zN1_QqN2hN1 : 48.8129053 (0.04)%
        QqGtT1tN3zN2hN1_QqN2zN1 : 48.8129053 (0.04)%
       GtT1bC2zC1wN1_GtT1tN3zN1 : 48.3146739 (0.04)%
              C2zC1wN1_N3zN2zN1 : 48.2298837 (0.04)%
             GtT1tN3zN1_QqN2hN1 : 47.8983289 (0.04)%
     GtT1bC2wN2hN1_QqGtT1bC1wN1 : 47.7731905 (0.04)%
     GtT1bC1wN1_QqGtT1bC2wN2hN1 : 47.7731905 (0.04)%
    GtT1tN3zN2zN1_GtT1tN4wC1wN1 : 47.2840491 (0.04)%
              N3zN2zN1_N4wC1wN1 : 47.1565756 (0.04)%
  GtT1tN3wC1wN1_QqGtT1bC2wN2hN1 : 47.1178324 (0.04)%
  GtT1bC2wN2hN1_QqGtT1tN3wC1wN1 : 47.1178324 (0.04)%
           QqGtT1bC2wN1_QqN2hN1 : 46.8725272 (0.04)%
        GtT1tN1_QqGtT1tN3zN2zN1 : 46.2575345 (0.03)%
        GtT1tN3zN2zN1_QqGtT1tN1 : 46.2575345 (0.03)%
          GtT1bC1wN1_GtT1tN3hN1 : 45.9977318 (0.03)%
                 T1bC1wN1_T1tN1 : 45.4949848 (0.03)%
       GtT1bC2wN1_GtT1tN4wC1wN1 : 45.4044451 (0.03)%
       GtT1tN3hN1_GtT1tN3wC1wN1 : 45.3667297 (0.03)%
     GtT1tN2zN1_QqGtT1tN3zN2zN1 : 45.3580213 (0.03)%
     GtT1tN3zN2zN1_QqGtT1tN2zN1 : 45.3580213 (0.03)%
              T1tN1_T1tN3wC1wN1 : 44.8708794 (0.03)%
          GtT1bC1wN1_GtT1tN2hN1 : 44.8031868 (0.03)%
     GtT1bC1wN1_QqGbB1tC2hC1wN1 : 44.7222889 (0.03)%
     GbB1tC2hC1wN1_QqGtT1bC1wN1 : 44.7222889 (0.03)%
              T1bC1wN1_T1tN2zN1 : 44.6102999 (0.03)%
           GtT1tN1_QqGtT1bC2wN1 : 44.4187358 (0.03)%
           GtT1bC2wN1_QqGtT1tN1 : 44.4187358 (0.03)%
      QqGtT1bC2hC1wN1_QqGtT1tN1 : 44.2692356 (0.03)%
        GbB1tC1wN1_QqGtT1bC1wN1 : 44.2357394 (0.03)%
        GtT1bC1wN1_QqGbB1tC1wN1 : 44.2357394 (0.03)%
       GtT1tN2hN1_GtT1tN3wC1wN1 : 44.1885716 (0.03)%
  GtT1tN3wC1wN1_QqGbB1tC2hC1wN1 : 44.1087835 (0.03)%
  GbB1tC2hC1wN1_QqGtT1tN3wC1wN1 : 44.1087835 (0.03)%
           T1tN2zN1_T1tN3wC1wN1 : 43.9983307 (0.03)%
       GbB1tC2wN2zN1_GtT1bC1wN1 : 43.8493725 (0.03)%
     GbB1tC1wN1_QqGtT1tN3wC1wN1 : 43.6289085 (0.03)%
     GtT1tN3wC1wN1_QqGbB1tC1wN1 : 43.6289085 (0.03)%
        GtT1tN2zN1_QqGtT1bC2wN1 : 43.5549794 (0.03)%
        GtT1bC2wN1_QqGtT1tN2zN1 : 43.5549794 (0.03)%
              C2hC1wN1_C2hC1wN1 : 43.4202427 (0.03)%
   QqGtT1bC2hC1wN1_QqGtT1tN2zN1 : 43.4083864 (0.03)%
    GbB1tC2wN2zN1_GtT1tN3wC1wN1 : 43.2478418 (0.03)%
        QqGtT1tN4wC1wN1_QqN2hN1 : 42.4606061 (0.03)%
     GtT1bC1wN1_QqGbB1tC2zC1wN1 : 42.3286778 (0.03)%
     GbB1tC2zC1wN1_QqGtT1bC1wN1 : 42.3286778 (0.03)%
                 C2hC1wN1_C2wN1 : 42.1331194 (0.03)%
  GtT1tN3zN2zN1_QqGtT1tN3zN2zN1 : 41.9158231 (0.03)%
      QqGtT1bC2zC1wN1_QqGtT1tN1 : 41.8998726 (0.03)%
  GbB1tC2zC1wN1_QqGtT1tN3wC1wN1 : 41.7480082 (0.03)%
  GtT1tN3wC1wN1_QqGbB1tC2zC1wN1 : 41.7480082 (0.03)%
              C2wN2zN1_N4hN2zN1 : 41.6379931 (0.03)%
       GtT1bC1wN1_GtT1tN3zN2hN1 : 41.4030947 (0.03)%
           T1bC1wN1_T1tN3zN2zN1 : 41.2248459 (0.03)%
   QqGtT1bC2zC1wN1_QqGtT1tN2zN1 : 41.0850975 (0.03)%
     GtT1tN4hN2zN1_QqGtT1bC1wN1 : 40.9874647 (0.03)%
     GtT1bC1wN1_QqGtT1tN4hN2zN1 : 40.9874647 (0.03)%
    GtT1bC2hC1wN1_GtT1bC2wN2hN1 : 40.9469104 (0.03)%
    GtT1tN3wC1wN1_GtT1tN3zN2hN1 : 40.8351223 (0.03)%
        T1bC2hC1wN1_T1bC2wN2zN1 : 40.7706256 (0.03)%
           QqC1wN1_QqGtT1tN4zN1 : 40.7253886 (0.03)%
             GtT1bC2hC1wN1_QqN1 : 40.6733718 (0.03)%
        T1tN3wC1wN1_T1tN3zN2zN1 : 40.6593188 (0.03)%
  GtT1tN3wC1wN1_QqGtT1tN4hN2zN1 : 40.4251940 (0.03)%
  GtT1tN4hN2zN1_QqGtT1tN3wC1wN1 : 40.4251940 (0.03)%
     GtT1tN3zN2zN1_QqGtT1bC2wN1 : 40.2496132 (0.03)%
     GtT1bC2wN1_QqGtT1tN3zN2zN1 : 40.2496132 (0.03)%
        GtT1tN4wC1wN1_QqGtT1tN1 : 40.2377802 (0.03)%
        GtT1tN1_QqGtT1tN4wC1wN1 : 40.2377802 (0.03)%
QqGtT1bC2hC1wN1_QqGtT1tN3zN2zN1 : 40.1141450 (0.03)%
                 C2wN1_C2zC1wN1 : 39.8780850 (0.03)%
QqGtT1bC2hC1wN1_QqGtT1bC2hC1wN1 : 39.6962868 (0.03)%
              T1bC1wN1_T1bC2wN1 : 39.5861033 (0.03)%
        QqC1wN1_QqGtT1tN4hN2hN1 : 39.5759174 (0.03)%
     GtT1tN2zN1_QqGtT1tN4wC1wN1 : 39.4553257 (0.03)%
     GtT1tN4wC1wN1_QqGtT1tN2zN1 : 39.4553257 (0.03)%
     GtT1tN3zN1_QqGtT1bC2hC1wN1 : 39.3625517 (0.03)%
     GtT1bC2hC1wN1_QqGtT1tN3zN1 : 39.3625517 (0.03)%
           T1bC2wN1_T1tN3wC1wN1 : 39.0430566 (0.03)%
              C2zC1wN1_C2zC1wN1 : 38.8967760 (0.03)%
    GtT1bC2wN2hN1_GtT1bC2zC1wN1 : 38.7553638 (0.03)%
        GtT1bC2wN1_QqGtT1bC2wN1 : 38.6496374 (0.03)%
       GtT1bC2wN2zN1_GtT1tN3zN1 : 38.5942499 (0.03)%
        T1bC2wN2zN1_T1bC2zC1wN1 : 38.5885140 (0.03)%
              C2wN2zN1_N3zN2zN1 : 38.5265186 (0.03)%
   QqGtT1bC2hC1wN1_QqGtT1bC2wN1 : 38.5195542 (0.03)%
             GtT1bC2zC1wN1_QqN1 : 38.4964654 (0.03)%
             QqC1wN1_QqN4wC1wN1 : 38.4480014 (0.03)%
          GtT1bC2wN2hN1_QqN2hN1 : 38.4213948 (0.03)%
    GbB1tC2hC1wN1_GtT1bC2hC1wN1 : 38.3319502 (0.03)%
QqGtT1bC2zC1wN1_QqGtT1tN3zN2zN1 : 37.9671694 (0.03)%
       GbB1tC1wN1_GtT1bC2hC1wN1 : 37.9149234 (0.03)%
     GtT1tN3zN1_QqGtT1bC2zC1wN1 : 37.2558026 (0.03)%
     GtT1bC2zC1wN1_QqGtT1tN3zN1 : 37.2558026 (0.03)%
             GbB1bN2hN1_QqC1wN1 : 37.2397731 (0.03)%
  GtT1tN4wC1wN1_QqGtT1tN3zN2zN1 : 36.4610802 (0.03)%
  GtT1tN3zN2zN1_QqGtT1tN4wC1wN1 : 36.4610802 (0.03)%
   QqGtT1bC2wN1_QqGtT1bC2zC1wN1 : 36.4579237 (0.03)%
    GbB1tC2zC1wN1_GtT1bC2hC1wN1 : 36.2803606 (0.03)%
    GbB1tC2hC1wN1_GtT1bC2zC1wN1 : 36.2803606 (0.03)%
          GbB1tC2hC1wN1_QqN2hN1 : 35.9677195 (0.03)%
       GbB1tC1wN1_GtT1bC2zC1wN1 : 35.8856538 (0.03)%
           T1bC1wN1_T1tN4wC1wN1 : 35.8600238 (0.03)%
             GbB1tC1wN1_QqN2hN1 : 35.5764140 (0.03)%
QqGtT1bC2zC1wN1_QqGtT1bC2zC1wN1 : 35.5607772 (0.03)%
           B1tC1wN1_B1tC2hC1wN1 : 35.5389299 (0.03)%
        GtT1bC1wN1_QqGtT1tN3hN1 : 35.4691914 (0.03)%
        GtT1tN3hN1_QqGtT1bC1wN1 : 35.4691914 (0.03)%
        T1tN3wC1wN1_T1tN4wC1wN1 : 35.3680919 (0.03)%
    GtT1bC2hC1wN1_GtT1tN4hN2zN1 : 35.1307925 (0.03)%
     GtT1tN4wC1wN1_QqGtT1bC2wN1 : 35.0117036 (0.03)%
     GtT1bC2wN1_QqGtT1tN4wC1wN1 : 35.0117036 (0.03)%
          GtT1tN3hN2hN1_QqC1wN1 : 35.0052279 (0.03)%
     GtT1tN3hN1_QqGtT1tN3wC1wN1 : 34.9826210 (0.03)%
     GtT1tN3wC1wN1_QqGtT1tN3hN1 : 34.9826210 (0.03)%
QqGtT1bC2hC1wN1_QqGtT1tN4wC1wN1 : 34.8938647 (0.03)%
        GtT1tN2hN1_QqGtT1bC1wN1 : 34.5480689 (0.03)%
        GtT1bC1wN1_QqGtT1tN2hN1 : 34.5480689 (0.03)%
    GbB1tC2zC1wN1_GtT1bC2zC1wN1 : 34.3385754 (0.03)%
     GtT1tN2hN1_QqGtT1tN3wC1wN1 : 34.0741346 (0.03)%
     GtT1tN3wC1wN1_QqGtT1tN2hN1 : 34.0741346 (0.03)%
          GbB1tC2zC1wN1_QqN2hN1 : 34.0426675 (0.03)%
        B1tC2hC1wN1_B1tC2zC1wN1 : 34.0067993 (0.03)%
             GtT1tN4zN1_QqN2zN1 : 33.9214323 (0.03)%
     GtT1bC1wN1_QqGbB1tC2wN2zN1 : 33.8125756 (0.03)%
     GbB1tC2wN2zN1_QqGtT1bC1wN1 : 33.8125756 (0.03)%
           B1tC1wN1_B1tC2zC1wN1 : 33.6368274 (0.03)%
      QqGtT1bC2wN2zN1_QqGtT1tN1 : 33.4700418 (0.03)%
                QqC1wN1_QqC2wN1 : 33.3611022 (0.03)%
  GtT1tN3wC1wN1_QqGbB1tC2wN2zN1 : 33.3487309 (0.03)%
  GbB1tC2wN2zN1_QqGtT1tN3wC1wN1 : 33.3487309 (0.03)%
    GtT1bC2zC1wN1_GtT1tN4hN2zN1 : 33.2505342 (0.03)%
           QqGbB1tC2wN1_QqN2zN1 : 33.1751104 (0.02)%
                GtT1tN1_GtT1tN1 : 33.1010750 (0.02)%
QqGtT1bC2zC1wN1_QqGtT1tN4wC1wN1 : 33.0262871 (0.02)%
          GtT1tN4hN2hN1_QqN2zN1 : 32.9640023 (0.02)%
          GtT1tN4hN2zN1_QqN2hN1 : 32.9640023 (0.02)%
   QqGtT1bC2wN2zN1_QqGtT1tN2zN1 : 32.8191911 (0.02)%
        QqC1wN1_QqGbB1tC2wN2hN1 : 32.6481209 (0.02)%
     GtT1bC1wN1_QqGtT1tN3zN2hN1 : 31.9262327 (0.02)%
     GtT1tN3zN2hN1_QqGtT1bC1wN1 : 31.9262327 (0.02)%
                 C2wN1_C2wN2zN1 : 31.8550173 (0.02)%
          GtT1tN2zN1_GtT1tN2zN1 : 31.8262402 (0.02)%
  GtT1tN4wC1wN1_QqGtT1tN4wC1wN1 : 31.7161938 (0.02)%
  GtT1bC2wN2hN1_QqGtT1bC2hC1wN1 : 31.5744656 (0.02)%
  GtT1bC2hC1wN1_QqGtT1bC2wN2hN1 : 31.5744656 (0.02)%
  GtT1tN3wC1wN1_QqGtT1tN3zN2hN1 : 31.4882650 (0.02)%
  GtT1tN3zN2hN1_QqGtT1tN3wC1wN1 : 31.4882650 (0.02)%
    GtT1bC2wN2hN1_GtT1bC2wN2zN1 : 30.9581763 (0.02)%
             GtT1bC2wN2zN1_QqN1 : 30.7513657 (0.02)%
       GtT1bC2hC1wN1_GtT1tN3hN1 : 30.4010217 (0.02)%
QqGtT1bC2wN2zN1_QqGtT1tN3zN2zN1 : 30.3285586 (0.02)%
              T1bC2hC1wN1_T1tN1 : 30.0687440 (0.02)%
  GtT1bC2wN2hN1_QqGtT1bC2zC1wN1 : 29.8845478 (0.02)%
  GtT1bC2zC1wN1_QqGtT1bC2wN2hN1 : 29.8845478 (0.02)%
     GtT1tN3zN1_QqGtT1bC2wN2zN1 : 29.7603117 (0.02)%
     GtT1bC2wN2zN1_QqGtT1tN3zN1 : 29.7603117 (0.02)%
              QqGtT1bC1wN1_QqN1 : 29.7574433 (0.02)%
       GtT1bC2hC1wN1_GtT1tN2hN1 : 29.6115178 (0.02)%
  GtT1bC2hC1wN1_QqGbB1tC2hC1wN1 : 29.5580504 (0.02)%
  GbB1tC2hC1wN1_QqGtT1bC2hC1wN1 : 29.5580504 (0.02)%
           T1bC2hC1wN1_T1tN2zN1 : 29.4840342 (0.02)%
           QqGtT1tN3wC1wN1_QqN1 : 29.3492273 (0.02)%
     GbB1tC1wN1_QqGtT1bC2hC1wN1 : 29.2364780 (0.02)%
     GtT1bC2hC1wN1_QqGbB1tC1wN1 : 29.2364780 (0.02)%
   QqGtT1bC2wN1_QqGtT1bC2wN2zN1 : 29.1229580 (0.02)%
    GbB1tC2wN2zN1_GtT1bC2hC1wN1 : 28.9811187 (0.02)%
    GbB1tC2hC1wN1_GtT1bC2wN2zN1 : 28.9811187 (0.02)%
              C2wN2hN1_N3wC1wN1 : 28.9421306 (0.02)%
      QqGtT1bC1wN1_QqGtT1tN3zN1 : 28.7984214 (0.02)%
       GtT1bC2zC1wN1_GtT1tN3hN1 : 28.7739086 (0.02)%
       GbB1tC1wN1_GtT1bC2wN2zN1 : 28.6658229 (0.02)%
             GtT1tN3hN1_QqN2hN1 : 28.5259534 (0.02)%
           QqGbB1bN2zN1_QqN2zN1 : 28.5135489 (0.02)%
             GtT1tN1_GtT1tN3zN1 : 28.4636451 (0.02)%
              T1bC2zC1wN1_T1tN1 : 28.4594149 (0.02)%
   QqGtT1tN3wC1wN1_QqGtT1tN3zN1 : 28.4033614 (0.02)%
              C2wN2hN1_N4wC1wN1 : 28.2122641 (0.02)%
          GbB1tC2wN1_GtT1bC1wN1 : 28.1391208 (0.02)%
       GtT1bC2zC1wN1_GtT1tN2hN1 : 28.0266602 (0.02)%
  GbB1tC2zC1wN1_QqGtT1bC2hC1wN1 : 27.9760545 (0.02)%
  GtT1bC2zC1wN1_QqGbB1tC2hC1wN1 : 27.9760545 (0.02)%
  GtT1bC2hC1wN1_QqGbB1tC2zC1wN1 : 27.9760545 (0.02)%
  GbB1tC2hC1wN1_QqGtT1bC2zC1wN1 : 27.9760545 (0.02)%
          GtT1tN2zN1_GtT1tN3zN1 : 27.9101477 (0.02)%
           T1bC2zC1wN1_T1tN2zN1 : 27.9059997 (0.02)%
             GtT1tN2hN1_QqN2hN1 : 27.7851443 (0.02)%
       GbB1tC2wN1_GtT1tN3wC1wN1 : 27.7531051 (0.02)%
             QqC2hC1wN1_QqN2zN1 : 27.6939666 (0.02)%
     GtT1bC2zC1wN1_QqGbB1tC1wN1 : 27.6716932 (0.02)%
     GbB1tC1wN1_QqGtT1bC2zC1wN1 : 27.6716932 (0.02)%
    GbB1tC2zC1wN1_GtT1bC2wN2zN1 : 27.4300011 (0.02)%
    GbB1tC2wN2zN1_GtT1bC2zC1wN1 : 27.4300011 (0.02)%
    GtT1bC2hC1wN1_GtT1tN3zN2hN1 : 27.3643141 (0.02)%
        T1bC2hC1wN1_T1tN3zN2zN1 : 27.2465051 (0.02)%
          GbB1tC2wN2hN1_QqN2zN1 : 27.1936269 (0.02)%
          GbB1tC2wN2zN1_QqN2hN1 : 27.1936269 (0.02)%
    GtT1tN3zN2zN1_GtT1tN3zN2zN1 : 27.1789786 (0.02)%
        B1tC2hC1wN1_B1tC2wN2zN1 : 27.1649750 (0.02)%
  GtT1bC2hC1wN1_QqGtT1tN4hN2zN1 : 27.0896141 (0.02)%
  GtT1tN4hN2zN1_QqGtT1bC2hC1wN1 : 27.0896141 (0.02)%
        T1bC2hC1wN1_T1bC2hC1wN1 : 26.9626857 (0.02)%
           B1tC1wN1_B1tC2wN2zN1 : 26.8694377 (0.02)%
        QqGtT1tN3hN2zN1_QqN2zN1 : 26.8026143 (0.02)%
                 C2wN1_N4hN2zN1 : 26.7200293 (0.02)%
    GtT1bC2wN2zN1_GtT1tN4hN2zN1 : 26.5608628 (0.02)%
  GbB1tC2zC1wN1_QqGtT1bC2zC1wN1 : 26.4787296 (0.02)%
  GtT1bC2zC1wN1_QqGbB1tC2zC1wN1 : 26.4787296 (0.02)%
QqGtT1bC2wN2zN1_QqGtT1tN4wC1wN1 : 26.3817319 (0.02)%
             QqC2zC1wN1_QqN2zN1 : 26.2117395 (0.02)%
           T1bC2hC1wN1_T1bC2wN1 : 26.1634202 (0.02)%
           QqGtT1tN4hN1_QqN2zN1 : 25.9844538 (0.02)%
    GtT1bC2zC1wN1_GtT1tN3zN2hN1 : 25.8997306 (0.02)%
       GtT1tN3zN1_GtT1tN3zN2zN1 : 25.7920602 (0.02)%
        T1bC2zC1wN1_T1tN3zN2zN1 : 25.7882270 (0.02)%
        B1tC2wN2zN1_B1tC2zC1wN1 : 25.7110604 (0.02)%
          GtT1tN3zN2hN1_QqN2hN1 : 25.6765432 (0.02)%
  GtT1bC2zC1wN1_QqGtT1tN4hN2zN1 : 25.6397330 (0.02)%
  GtT1tN4hN2zN1_QqGtT1bC2zC1wN1 : 25.6397330 (0.02)%
                 C1wN1_N3wC1wN1 : 25.4983973 (0.02)%
          GtT1bC2wN1_GtT1bC2wN1 : 25.0611246 (0.02)%
        QqC1wN1_QqGtT1tN4zN2zN1 : 24.9149424 (0.02)%
              C2wN2zN1_C2wN2zN1 : 24.8199389 (0.02)%
          GtT1bC2wN1_GtT1tN3zN1 : 24.7667914 (0.02)%
           T1bC2wN1_T1bC2zC1wN1 : 24.7631105 (0.02)%
                 C2wN1_N3zN2zN1 : 24.7233267 (0.02)%
------------------------------------------------------------
                                              SUM=90.01%
