/Users/rafalmaselek/Projects/fastlim-1.0
 
#################################################################
#                                                               #
#                                                               #
#                     This is Fastlim  ver. 1.0                 #
#                                                               #
#          A fast LHC limit calculator for BSM models.          #
#                                                               #
#                  http://cern.ch/fastlim-1.0/                  #
#                                                               #
#  for bugs/feature requests: fastlim-1.0.developers@gmail.com  #
#                                                               #
#    please refer to:                                           #
#    M.Papucci, K.Sakurai, A.Weiler, L.Zeune arXiv:1402.xxxx    #
#                                                               #
#################################################################
 

!! Masses incompatible with the data for ERER !!

!! Problem with reading tables for ER ER !! Probably mass outside the table !! Setting xsec to 10^-20 !!

!! Masses incompatible with the data for ELEL !!

!! Problem with reading tables for EL EL !! Probably mass outside the table !! Setting xsec to 10^-20 !!

!! Masses incompatible with the data for TAU1TAU1 !!

!! Problem with reading tables for TAU1 TAU1 !! Probably mass outside the table !! Setting xsec to 10^-20 !!

!! Masses incompatible with the data for TAU2TAU2 !!

!! Problem with reading tables for TAU2 TAU2 !! Probably mass outside the table !! Setting xsec to 10^-20 !!
!! EWK PROCESS C1C2 NOT FOUND !! WILL TRY TO LOOK FOR +/- MODES !!
XSEC FOUND FOR: C1-C2+
XSEC FOUND FOR: C1+C2-
!! EWK PROCESS C1N1 NOT FOUND !! WILL TRY TO LOOK FOR +/- MODES !!
XSEC FOUND FOR: C1+N1
XSEC FOUND FOR: C1-N1
!! EWK PROCESS C1N2 NOT FOUND !! WILL TRY TO LOOK FOR +/- MODES !!
XSEC FOUND FOR: C1+N2
XSEC FOUND FOR: C1-N2
!! EWK PROCESS C1N3 NOT FOUND !! WILL TRY TO LOOK FOR +/- MODES !!
XSEC FOUND FOR: C1+N3
XSEC FOUND FOR: C1-N3
!! EWK PROCESS C1N4 NOT FOUND !! WILL TRY TO LOOK FOR +/- MODES !!
XSEC FOUND FOR: C1+N4
XSEC FOUND FOR: C1-N4
!! EWK PROCESS C2N1 NOT FOUND !! WILL TRY TO LOOK FOR +/- MODES !!
XSEC FOUND FOR: C2+N1
XSEC FOUND FOR: C2-N1
!! EWK PROCESS C2N2 NOT FOUND !! WILL TRY TO LOOK FOR +/- MODES !!
XSEC FOUND FOR: C2+N2
XSEC FOUND FOR: C2-N2
!! EWK PROCESS C2N3 NOT FOUND !! WILL TRY TO LOOK FOR +/- MODES !!
XSEC FOUND FOR: C2+N3
XSEC FOUND FOR: C2-N3
!! EWK PROCESS C2N4 NOT FOUND !! WILL TRY TO LOOK FOR +/- MODES !!
XSEC FOUND FOR: C2+N4
XSEC FOUND FOR: C2-N4
---------------  Output inclusive processes  ---------------
The total xsec = 25211.93 [fb]
The total rate = 100.00%
Output upto 0.10%
                  Modes : xsec/fb      (rate)
            C1wN1_N2hN1 : 11243.4786383 (44.60)%
            C1wN1_C1wN1 : 6375.4890433 (25.29)%
            C1wN1_N2zN1 : 1662.9528334 (6.60)%
      C2hC1wN1_N4wC1wN1 : 157.2753729 (0.62)%
      C2hC1wN1_N3wC1wN1 : 147.3742809 (0.58)%
      C2zC1wN1_N4wC1wN1 : 146.1479821 (0.58)%
      C2zC1wN1_N3wC1wN1 : 136.9474023 (0.54)%
      N3wC1wN1_N4wC1wN1 : 135.8142652 (0.54)%
      C2wN2hN1_N4wC1wN1 : 134.9788583 (0.54)%
      C2wN2hN1_N3wC1wN1 : 126.4814180 (0.50)%
         C2wN1_N4wC1wN1 : 94.0597599 (0.37)%
         C2wN1_N3wC1wN1 : 88.1383348 (0.35)%
      C2hC1wN1_C2zC1wN1 : 83.2536223 (0.33)%
      C2hC1wN1_C2wN2hN1 : 76.8910985 (0.30)%
      C2wN2hN1_C2zC1wN1 : 71.4509759 (0.28)%
      C2hC1wN1_N4hN2hN1 : 68.4673287 (0.27)%
      C2zC1wN1_N4hN2hN1 : 63.6231963 (0.25)%
         C1wN1_N3wC1wN1 : 60.0121453 (0.24)%
      N3wC1wN1_N4hN2hN1 : 59.1245773 (0.23)%
      C2wN2hN1_N4hN2hN1 : 58.7608962 (0.23)%
      C2hC1wN1_N3zN2hN1 : 57.7788941 (0.23)%
      C2zC1wN1_N3zN2hN1 : 53.6909792 (0.21)%
         C2hC1wN1_C2wN1 : 53.5814153 (0.21)%
      N3zN2hN1_N4wC1wN1 : 53.2467266 (0.21)%
         C2wN1_C2zC1wN1 : 49.7904762 (0.20)%
      C2wN2hN1_N3zN2hN1 : 49.5877328 (0.20)%
         C2hC1wN1_N3zN1 : 47.9021239 (0.19)%
         C2wN1_C2wN2hN1 : 45.9853194 (0.18)%
      C2hC1wN1_C2hC1wN1 : 44.7961864 (0.18)%
         C2zC1wN1_N3zN1 : 44.5130005 (0.18)%
         N3zN1_N4wC1wN1 : 44.1446888 (0.18)%
         C2hC1wN1_N4hN1 : 41.5794888 (0.16)%
         C2wN2hN1_N3zN1 : 41.1111663 (0.16)%
         C2wN1_N4hN2hN1 : 40.9474184 (0.16)%
   GbtC1wN1_GbtC2hC1wN1 : 39.8219130 (0.16)%
      C2zC1wN1_C2zC1wN1 : 38.6816724 (0.15)%
         C2zC1wN1_N4hN1 : 38.6376982 (0.15)%
   GbtC1wN1_GbtC2zC1wN1 : 37.0044726 (0.15)%
         N3wC1wN1_N4hN1 : 35.9057341 (0.14)%
         C2wN2hN1_N4hN1 : 35.6848744 (0.14)%
         C2wN1_N3zN2hN1 : 34.5551170 (0.14)%
         GbtC1wN1_GttN1 : 34.3591562 (0.14)%
   GbtC1wN1_GbtC2wN2hN1 : 34.1764655 (0.14)%
      C2wN2hN1_C2wN2hN1 : 32.9952252 (0.13)%
      GbtC1wN1_GqqC1wN1 : 31.6475438 (0.13)%
   GbtC1wN1_GttN4wC1wN1 : 28.8557375 (0.11)%
      GbtC1wN1_GbtC1wN1 : 28.7546760 (0.11)%
            C2wN1_N3zN1 : 28.6482378 (0.11)%
GbtC2hC1wN1_GbtC2zC1wN1 : 25.6234653 (0.10)%
   GbtC1wN1_GttN3wC1wN1 : 25.2300492 (0.10)%
         N2hN1_N3wC1wN1 : 25.0935053 (0.10)%
------------------------------------------------------------
                                      SUM=88.11%

SHOWING PROCESSES TO GET 90.00% SUSY COVERAGE
---------------  Output inclusive processes  ---------------
The total xsec = 25211.93 [fb]
The total rate = 100.00%
                  Modes : xsec/fb      (rate)
            C1wN1_N2hN1 : 11243.4786383 (44.60)%
            C1wN1_C1wN1 : 6375.4890433 (25.29)%
            C1wN1_N2zN1 : 1662.9528334 (6.60)%
      C2hC1wN1_N4wC1wN1 : 157.2753729 (0.62)%
      C2hC1wN1_N3wC1wN1 : 147.3742809 (0.58)%
      C2zC1wN1_N4wC1wN1 : 146.1479821 (0.58)%
      C2zC1wN1_N3wC1wN1 : 136.9474023 (0.54)%
      N3wC1wN1_N4wC1wN1 : 135.8142652 (0.54)%
      C2wN2hN1_N4wC1wN1 : 134.9788583 (0.54)%
      C2wN2hN1_N3wC1wN1 : 126.4814180 (0.50)%
         C2wN1_N4wC1wN1 : 94.0597599 (0.37)%
         C2wN1_N3wC1wN1 : 88.1383348 (0.35)%
      C2hC1wN1_C2zC1wN1 : 83.2536223 (0.33)%
      C2hC1wN1_C2wN2hN1 : 76.8910985 (0.30)%
      C2wN2hN1_C2zC1wN1 : 71.4509759 (0.28)%
      C2hC1wN1_N4hN2hN1 : 68.4673287 (0.27)%
      C2zC1wN1_N4hN2hN1 : 63.6231963 (0.25)%
         C1wN1_N3wC1wN1 : 60.0121453 (0.24)%
      N3wC1wN1_N4hN2hN1 : 59.1245773 (0.23)%
      C2wN2hN1_N4hN2hN1 : 58.7608962 (0.23)%
      C2hC1wN1_N3zN2hN1 : 57.7788941 (0.23)%
      C2zC1wN1_N3zN2hN1 : 53.6909792 (0.21)%
         C2hC1wN1_C2wN1 : 53.5814153 (0.21)%
      N3zN2hN1_N4wC1wN1 : 53.2467266 (0.21)%
         C2wN1_C2zC1wN1 : 49.7904762 (0.20)%
      C2wN2hN1_N3zN2hN1 : 49.5877328 (0.20)%
         C2hC1wN1_N3zN1 : 47.9021239 (0.19)%
         C2wN1_C2wN2hN1 : 45.9853194 (0.18)%
      C2hC1wN1_C2hC1wN1 : 44.7961864 (0.18)%
         C2zC1wN1_N3zN1 : 44.5130005 (0.18)%
         N3zN1_N4wC1wN1 : 44.1446888 (0.18)%
         C2hC1wN1_N4hN1 : 41.5794888 (0.16)%
         C2wN2hN1_N3zN1 : 41.1111663 (0.16)%
         C2wN1_N4hN2hN1 : 40.9474184 (0.16)%
   GbtC1wN1_GbtC2hC1wN1 : 39.8219130 (0.16)%
      C2zC1wN1_C2zC1wN1 : 38.6816724 (0.15)%
         C2zC1wN1_N4hN1 : 38.6376982 (0.15)%
   GbtC1wN1_GbtC2zC1wN1 : 37.0044726 (0.15)%
         N3wC1wN1_N4hN1 : 35.9057341 (0.14)%
         C2wN2hN1_N4hN1 : 35.6848744 (0.14)%
         C2wN1_N3zN2hN1 : 34.5551170 (0.14)%
         GbtC1wN1_GttN1 : 34.3591562 (0.14)%
   GbtC1wN1_GbtC2wN2hN1 : 34.1764655 (0.14)%
      C2wN2hN1_C2wN2hN1 : 32.9952252 (0.13)%
      GbtC1wN1_GqqC1wN1 : 31.6475438 (0.13)%
   GbtC1wN1_GttN4wC1wN1 : 28.8557375 (0.11)%
      GbtC1wN1_GbtC1wN1 : 28.7546760 (0.11)%
            C2wN1_N3zN1 : 28.6482378 (0.11)%
GbtC2hC1wN1_GbtC2zC1wN1 : 25.6234653 (0.10)%
   GbtC1wN1_GttN3wC1wN1 : 25.2300492 (0.10)%
         N2hN1_N3wC1wN1 : 25.0935053 (0.10)%
         C1wN1_N4wC1wN1 : 24.9510250 (0.10)%
            C2wN1_N4hN1 : 24.8669366 (0.10)%
      GbtC1wN1_GbtC2wN1 : 23.8158047 (0.09)%
      GbtC2hC1wN1_GttN1 : 23.7917361 (0.09)%
GbtC2hC1wN1_GbtC2wN2hN1 : 23.6652333 (0.09)%
         C1wN1_N3zN2hN1 : 23.5280903 (0.09)%
      N3zN2hN1_N4hN2hN1 : 23.1801144 (0.09)%
                  N1_N1 : 22.8718967 (0.09)%
      GbtC2zC1wN1_GttN1 : 22.1084469 (0.09)%
GbtC2wN2hN1_GbtC2zC1wN1 : 21.9908942 (0.09)%
   GbtC2hC1wN1_GqqC1wN1 : 21.9141007 (0.09)%
      GbtC2wN2hN1_GttN1 : 20.4188445 (0.08)%
   GbtC2zC1wN1_GqqC1wN1 : 20.3636561 (0.08)%
            N2hN1_N2hN1 : 20.1555159 (0.08)%
GbtC2hC1wN1_GttN4wC1wN1 : 19.9809358 (0.08)%
      C2wN2zN1_N4wC1wN1 : 19.9638815 (0.08)%
            C1wN1_N3zN1 : 19.5061798 (0.08)%
         N3zN1_N4hN2hN1 : 19.2176872 (0.08)%
         GqqC1wN1_GttN1 : 18.9079317 (0.07)%
   GbtC2wN2hN1_GqqC1wN1 : 18.8073965 (0.07)%
      C2wN2zN1_N3wC1wN1 : 18.7070781 (0.07)%
GbtC2zC1wN1_GttN4wC1wN1 : 18.5672645 (0.07)%
GbtC2hC1wN1_GttN3wC1wN1 : 17.4703555 (0.07)%
------------------------------------------------------------
                                      SUM=90.05%
