/Users/rafalmaselek/Projects/fastlim-1.0
 
#################################################################
#                                                               #
#                                                               #
#                     This is Fastlim  ver. 1.0                 #
#                                                               #
#          A fast LHC limit calculator for BSM models.          #
#                                                               #
#                  http://cern.ch/fastlim-1.0/                  #
#                                                               #
#  for bugs/feature requests: fastlim-1.0.developers@gmail.com  #
#                                                               #
#    please refer to:                                           #
#    M.Papucci, K.Sakurai, A.Weiler, L.Zeune arXiv:1402.xxxx    #
#                                                               #
#################################################################
 

!! Masses incompatible with the data for ERER !!

!! Problem with reading tables for ER ER !! Probably mass outside the table !! Setting xsec to 10^-20 !!

!! Masses incompatible with the data for ELEL !!

!! Problem with reading tables for EL EL !! Probably mass outside the table !! Setting xsec to 10^-20 !!

!! Masses incompatible with the data for TAU1TAU1 !!

!! Problem with reading tables for TAU1 TAU1 !! Probably mass outside the table !! Setting xsec to 10^-20 !!

!! Masses incompatible with the data for TAU2TAU2 !!

!! Problem with reading tables for TAU2 TAU2 !! Probably mass outside the table !! Setting xsec to 10^-20 !!
!! EWK PROCESS C1C2 NOT FOUND !! WILL TRY TO LOOK FOR +/- MODES !!
XSEC FOUND FOR: C1-C2+
XSEC FOUND FOR: C1+C2-
!! EWK PROCESS C1N1 NOT FOUND !! WILL TRY TO LOOK FOR +/- MODES !!
XSEC FOUND FOR: C1+N1
XSEC FOUND FOR: C1-N1
!! EWK PROCESS C1N2 NOT FOUND !! WILL TRY TO LOOK FOR +/- MODES !!
XSEC FOUND FOR: C1+N2
XSEC FOUND FOR: C1-N2
!! EWK PROCESS C1N3 NOT FOUND !! WILL TRY TO LOOK FOR +/- MODES !!
XSEC FOUND FOR: C1+N3
XSEC FOUND FOR: C1-N3
!! EWK PROCESS C1N4 NOT FOUND !! WILL TRY TO LOOK FOR +/- MODES !!
XSEC FOUND FOR: C1+N4
XSEC FOUND FOR: C1-N4
!! EWK PROCESS C2N1 NOT FOUND !! WILL TRY TO LOOK FOR +/- MODES !!
XSEC FOUND FOR: C2+N1
XSEC FOUND FOR: C2-N1
!! EWK PROCESS C2N2 NOT FOUND !! WILL TRY TO LOOK FOR +/- MODES !!
XSEC FOUND FOR: C2+N2
XSEC FOUND FOR: C2-N2
!! EWK PROCESS C2N3 NOT FOUND !! WILL TRY TO LOOK FOR +/- MODES !!
XSEC FOUND FOR: C2+N3
XSEC FOUND FOR: C2-N3
!! EWK PROCESS C2N4 NOT FOUND !! WILL TRY TO LOOK FOR +/- MODES !!
XSEC FOUND FOR: C2+N4
XSEC FOUND FOR: C2-N4
---------------  Output inclusive processes  ---------------
The total xsec = 7812.60 [fb]
The total rate = 100.00%
Output upto 0.10%
            Modes : xsec/fb      (rate)
      C1wN1_N2hN1 : 3977.3018212 (50.91)%
      C1wN1_C1wN1 : 2070.7077799 (26.50)%
      C1wN1_N2zN1 : 380.6723456 (4.87)%
C2hC1wN1_N3wC1wN1 : 40.3209631 (0.52)%
C2hC1wN1_N4wC1wN1 : 40.0809047 (0.51)%
C2zC1wN1_N3wC1wN1 : 35.9621729 (0.46)%
C2zC1wN1_N4wC1wN1 : 35.7480653 (0.46)%
C2wN2hN1_N3wC1wN1 : 33.2800964 (0.43)%
C2wN2hN1_N4wC1wN1 : 33.0819571 (0.42)%
N3wC1wN1_N4wC1wN1 : 32.4134016 (0.41)%
C2hC1wN1_C2zC1wN1 : 22.0155356 (0.28)%
C2hC1wN1_C2wN2hN1 : 20.3736061 (0.26)%
C2hC1wN1_N4hN2hN1 : 19.7894871 (0.25)%
   C2wN1_N3wC1wN1 : 18.4544421 (0.24)%
   C2wN1_N4wC1wN1 : 18.3445701 (0.23)%
C2wN2hN1_C2zC1wN1 : 18.1711718 (0.23)%
C2zC1wN1_N4hN2hN1 : 17.6501974 (0.23)%
C2hC1wN1_N3zN2hN1 : 17.5143239 (0.22)%
C2wN2hN1_N4hN2hN1 : 16.3338370 (0.21)%
N3wC1wN1_N4hN2hN1 : 16.0037454 (0.20)%
C2zC1wN1_N3zN2hN1 : 15.6209846 (0.20)%
            N1_N1 : 15.5499494 (0.20)%
C2wN2hN1_N3zN2hN1 : 14.4559639 (0.19)%
N3zN2hN1_N4wC1wN1 : 14.0794954 (0.18)%
C2hC1wN1_C2hC1wN1 : 12.3419628 (0.16)%
      N2hN1_N2hN1 : 11.7521843 (0.15)%
   C2hC1wN1_C2wN1 : 11.2975494 (0.14)%
   C2wN1_C2zC1wN1 : 10.0762580 (0.13)%
   C2hC1wN1_N3zN1 : 10.0371954 (0.13)%
C2zC1wN1_C2zC1wN1 : 9.8178024 (0.13)%
   C1wN1_N3wC1wN1 : 9.5328700 (0.12)%
   C2wN1_C2wN2hN1 : 9.3247657 (0.12)%
   C2hC1wN1_N4hN1 : 9.1269069 (0.12)%
   C2wN1_N4hN2hN1 : 9.0574211 (0.12)%
   C2zC1wN1_N3zN1 : 8.9521512 (0.11)%
C2wN2hN1_C2wN2hN1 : 8.4079784 (0.11)%
   C2wN2hN1_N3zN1 : 8.2844954 (0.11)%
   C2zC1wN1_N4hN1 : 8.1402670 (0.10)%
   N3zN1_N4wC1wN1 : 8.0687469 (0.10)%
   C2wN1_N3zN2hN1 : 8.0161050 (0.10)%
   C2wN2hN1_N4hN1 : 7.5331619 (0.10)%
------------------------------------------------------------
                                SUM=90.67%

SHOWING PROCESSES TO GET 90.00% SUSY COVERAGE
---------------  Output inclusive processes  ---------------
The total xsec = 7812.60 [fb]
The total rate = 100.00%
            Modes : xsec/fb      (rate)
      C1wN1_N2hN1 : 3977.3018212 (50.91)%
      C1wN1_C1wN1 : 2070.7077799 (26.50)%
      C1wN1_N2zN1 : 380.6723456 (4.87)%
C2hC1wN1_N3wC1wN1 : 40.3209631 (0.52)%
C2hC1wN1_N4wC1wN1 : 40.0809047 (0.51)%
C2zC1wN1_N3wC1wN1 : 35.9621729 (0.46)%
C2zC1wN1_N4wC1wN1 : 35.7480653 (0.46)%
C2wN2hN1_N3wC1wN1 : 33.2800964 (0.43)%
C2wN2hN1_N4wC1wN1 : 33.0819571 (0.42)%
N3wC1wN1_N4wC1wN1 : 32.4134016 (0.41)%
C2hC1wN1_C2zC1wN1 : 22.0155356 (0.28)%
C2hC1wN1_C2wN2hN1 : 20.3736061 (0.26)%
C2hC1wN1_N4hN2hN1 : 19.7894871 (0.25)%
   C2wN1_N3wC1wN1 : 18.4544421 (0.24)%
   C2wN1_N4wC1wN1 : 18.3445701 (0.23)%
C2wN2hN1_C2zC1wN1 : 18.1711718 (0.23)%
C2zC1wN1_N4hN2hN1 : 17.6501974 (0.23)%
C2hC1wN1_N3zN2hN1 : 17.5143239 (0.22)%
C2wN2hN1_N4hN2hN1 : 16.3338370 (0.21)%
N3wC1wN1_N4hN2hN1 : 16.0037454 (0.20)%
C2zC1wN1_N3zN2hN1 : 15.6209846 (0.20)%
            N1_N1 : 15.5499494 (0.20)%
C2wN2hN1_N3zN2hN1 : 14.4559639 (0.19)%
N3zN2hN1_N4wC1wN1 : 14.0794954 (0.18)%
C2hC1wN1_C2hC1wN1 : 12.3419628 (0.16)%
      N2hN1_N2hN1 : 11.7521843 (0.15)%
   C2hC1wN1_C2wN1 : 11.2975494 (0.14)%
   C2wN1_C2zC1wN1 : 10.0762580 (0.13)%
   C2hC1wN1_N3zN1 : 10.0371954 (0.13)%
C2zC1wN1_C2zC1wN1 : 9.8178024 (0.13)%
   C1wN1_N3wC1wN1 : 9.5328700 (0.12)%
   C2wN1_C2wN2hN1 : 9.3247657 (0.12)%
   C2hC1wN1_N4hN1 : 9.1269069 (0.12)%
   C2wN1_N4hN2hN1 : 9.0574211 (0.12)%
   C2zC1wN1_N3zN1 : 8.9521512 (0.11)%
------------------------------------------------------------
                                SUM=90.05%
