/Users/rafalmaselek/Projects/fastlim-1.0
 
#################################################################
#                                                               #
#                                                               #
#                     This is Fastlim  ver. 1.0                 #
#                                                               #
#          A fast LHC limit calculator for BSM models.          #
#                                                               #
#                  http://cern.ch/fastlim-1.0/                  #
#                                                               #
#  for bugs/feature requests: fastlim-1.0.developers@gmail.com  #
#                                                               #
#    please refer to:                                           #
#    M.Papucci, K.Sakurai, A.Weiler, L.Zeune arXiv:1402.xxxx    #
#                                                               #
#################################################################
 

!! Masses incompatible with the data for ERER !!

!! Problem with reading tables for ER ER !! Probably mass outside the table !! Setting xsec to 10^-20 !!

!! Masses incompatible with the data for ELEL !!

!! Problem with reading tables for EL EL !! Probably mass outside the table !! Setting xsec to 10^-20 !!

!! Masses incompatible with the data for TAU1TAU1 !!

!! Problem with reading tables for TAU1 TAU1 !! Probably mass outside the table !! Setting xsec to 10^-20 !!

!! Masses incompatible with the data for TAU2TAU2 !!

!! Problem with reading tables for TAU2 TAU2 !! Probably mass outside the table !! Setting xsec to 10^-20 !!
!! EWK PROCESS C1C2 NOT FOUND !! WILL TRY TO LOOK FOR +/- MODES !!
XSEC FOUND FOR: C1-C2+
XSEC FOUND FOR: C1+C2-
!! EWK PROCESS C1N1 NOT FOUND !! WILL TRY TO LOOK FOR +/- MODES !!
XSEC FOUND FOR: C1+N1
XSEC FOUND FOR: C1-N1
!! EWK PROCESS C1N2 NOT FOUND !! WILL TRY TO LOOK FOR +/- MODES !!
XSEC FOUND FOR: C1+N2
XSEC FOUND FOR: C1-N2
!! EWK PROCESS C1N3 NOT FOUND !! WILL TRY TO LOOK FOR +/- MODES !!
XSEC FOUND FOR: C1+N3
XSEC FOUND FOR: C1-N3
!! EWK PROCESS C1N4 NOT FOUND !! WILL TRY TO LOOK FOR +/- MODES !!
XSEC FOUND FOR: C1+N4
XSEC FOUND FOR: C1-N4
!! EWK PROCESS C2N1 NOT FOUND !! WILL TRY TO LOOK FOR +/- MODES !!
XSEC FOUND FOR: C2+N1
XSEC FOUND FOR: C2-N1
!! EWK PROCESS C2N2 NOT FOUND !! WILL TRY TO LOOK FOR +/- MODES !!
XSEC FOUND FOR: C2+N2
XSEC FOUND FOR: C2-N2
!! EWK PROCESS C2N3 NOT FOUND !! WILL TRY TO LOOK FOR +/- MODES !!
XSEC FOUND FOR: C2+N3
XSEC FOUND FOR: C2-N3
!! EWK PROCESS C2N4 NOT FOUND !! WILL TRY TO LOOK FOR +/- MODES !!
XSEC FOUND FOR: C2+N4
XSEC FOUND FOR: C2-N4
---------------  Output inclusive processes  ---------------
The total xsec = 845558.92 [fb]
The total rate = 100.00%
Output upto 0.10%
                  Modes : xsec/fb      (rate)
            C1wN1_N2zN1 : 233579.6817707 (27.62)%
            C1wN1_C1wN1 : 125440.7697593 (14.84)%
            C1wN1_N3zN1 : 49887.7100246 (5.90)%
      C2wN2zN1_N4wC1wN1 : 35698.4361465 (4.22)%
            N2zN1_N3zN1 : 23192.5142932 (2.74)%
      C2zC1wN1_N4wC1wN1 : 18367.8394108 (2.17)%
               C1wN1_N1 : 17307.0412295 (2.05)%
      C2wN2zN1_C2zC1wN1 : 12539.8551010 (1.48)%
   GbtC1wN1_GbtC2wN2zN1 : 12273.5057168 (1.45)%
      C2wN2zN1_C2wN2zN1 : 12185.7886112 (1.44)%
         C2wN2zN1_N3zN1 : 11719.9096930 (1.39)%
         C1wN1_N4wC1wN1 : 10203.0167385 (1.21)%
         N3zN1_N4wC1wN1 : 8853.1430661 (1.05)%
      GbtC1wN1_GbtC1wN1 : 8787.8599239 (1.04)%
      GbtC1wN1_GttN3zN1 : 7792.9827076 (0.92)%
         C2wN2zN1_N2zN1 : 7503.6848759 (0.89)%
         C1wN1_C2wN2zN1 : 7121.2671155 (0.84)%
         C2wN1_N4wC1wN1 : 6915.0910389 (0.82)%
   GbtC1wN1_GbtC2zC1wN1 : 6315.0604438 (0.75)%
         C2zC1wN1_N3zN1 : 6030.2198748 (0.71)%
   GbtC2wN2zN1_GttN3zN1 : 5442.0085573 (0.64)%
   GbtC1wN1_GttN4wC1wN1 : 5327.1562901 (0.63)%
      GbtC1wN1_GttN2zN1 : 5080.5552822 (0.60)%
               N1_N3zN1 : 5049.5658614 (0.60)%
         C2wN1_C2wN2zN1 : 4720.9820218 (0.56)%
GbtC2wN2zN1_GbtC2zC1wN1 : 4409.9434407 (0.52)%
GbtC2wN2zN1_GbtC2wN2zN1 : 4285.4273931 (0.51)%
      GbbN2zN1_GbtC1wN1 : 4057.0228725 (0.48)%
         C2wN2zN1_N4hN1 : 4025.5537368 (0.48)%
         C2zC1wN1_N2zN1 : 3860.8548068 (0.46)%
GbtC2wN2zN1_GttN4wC1wN1 : 3720.0685802 (0.44)%
         C1wN1_C2zC1wN1 : 3664.0902207 (0.43)%
   GbtC2wN2zN1_GttN2zN1 : 3547.8617570 (0.42)%
      GbbN3zN1_GbtC1wN1 : 3447.5109467 (0.41)%
      GbtC1wN1_GqqC1wN1 : 3439.8491794 (0.41)%
      C2zC1wN1_C2zC1wN1 : 3226.0523092 (0.38)%
   GbbN2zN1_GbtC2wN2zN1 : 2833.1069140 (0.34)%
   GbtC2zC1wN1_GttN3zN1 : 2800.0649340 (0.33)%
         GbtC1wN1_GttN1 : 2791.7381635 (0.33)%
         C2wN1_C2zC1wN1 : 2429.0767047 (0.29)%
   GbbN3zN1_GbtC2wN2zN1 : 2407.4715391 (0.28)%
   GbtC2wN2zN1_GqqC1wN1 : 2402.1211611 (0.28)%
      GbtC1wN1_GbtC2wN1 : 2377.4825611 (0.28)%
   GttN3zN1_GttN4wC1wN1 : 2362.0333738 (0.28)%
            C2wN1_N3zN1 : 2270.2462977 (0.27)%
      GttN2zN1_GttN3zN1 : 2252.6917704 (0.27)%
            C1wN1_N3hN1 : 2099.1548026 (0.25)%
         C2zC1wN1_N4hN1 : 2071.2594880 (0.24)%
   GbbN4wC1wN1_GbtC1wN1 : 1997.1582324 (0.24)%
      GbtC2wN2zN1_GttN1 : 1949.5312059 (0.23)%
GbtC2zC1wN1_GttN4wC1wN1 : 1914.0788689 (0.23)%
   GbtC2zC1wN1_GttN2zN1 : 1825.4736633 (0.22)%
         GbtC1wN1_GqqN1 : 1823.1759802 (0.22)%
      GbbN2zN1_GttN3zN1 : 1798.8628269 (0.21)%
      GbtC1wN1_GqqN2zN1 : 1783.4547058 (0.21)%
      GttN3zN1_GttN3zN1 : 1727.6839870 (0.20)%
   GbtC2wN1_GbtC2wN2zN1 : 1660.2475494 (0.20)%
   GbtC1wN1_GqqC2wN2zN1 : 1646.7022754 (0.19)%
   GttN2zN1_GttN4wC1wN1 : 1539.9034727 (0.18)%
      GbbN3zN1_GttN3zN1 : 1528.6084112 (0.18)%
      GqqC1wN1_GttN3zN1 : 1525.2112235 (0.18)%
   GbbN2zN1_GbtC2zC1wN1 : 1457.7123943 (0.17)%
            C2wN1_N2zN1 : 1453.5276512 (0.17)%
GbbN4wC1wN1_GbtC2wN2zN1 : 1394.6588359 (0.16)%
            C1wN1_C2wN1 : 1379.4500749 (0.16)%
      GbtC2wN2zN1_GqqN1 : 1273.1632621 (0.15)%
   GbtC2wN2zN1_GqqN2zN1 : 1245.4250362 (0.15)%
   GbbN3zN1_GbtC2zC1wN1 : 1238.7111423 (0.15)%
         GttN1_GttN3zN1 : 1237.8421721 (0.15)%
   GbtC2zC1wN1_GqqC1wN1 : 1235.9582238 (0.15)%
   GbtC1wN1_GqqN4wC1wN1 : 1229.8759694 (0.15)%
   GbbN2zN1_GttN4wC1wN1 : 1229.6733847 (0.15)%
         GbbN1_GbtC1wN1 : 1188.7653621 (0.14)%
      GbbN2zN1_GttN2zN1 : 1172.7502010 (0.14)%
            C1wN1_N4hN1 : 1150.5487800 (0.14)%
GbtC2wN2zN1_GqqC2wN2zN1 : 1149.9278531 (0.14)%
GbtC2zC1wN1_GbtC2zC1wN1 : 1134.5193470 (0.13)%
      GbtC2wN1_GttN3zN1 : 1054.1633940 (0.12)%
   GbbN3zN1_GttN4wC1wN1 : 1044.9318596 (0.12)%
   GqqC1wN1_GttN4wC1wN1 : 1042.6095973 (0.12)%
      GbtC2zC1wN1_GttN1 : 1003.0880896 (0.12)%
         C2wN2zN1_N4zN1 : 1002.3967655 (0.12)%
            N3zN1_N4hN1 : 998.3295348 (0.12)%
      GbbN3zN1_GttN2zN1 : 996.5606019 (0.12)%
      GqqC1wN1_GttN2zN1 : 994.3458402 (0.12)%
            N2zN1_N3hN1 : 975.8851978 (0.12)%
       GbtC1wN1_GgN3zN1 : 974.9660053 (0.12)%
   GbbN4wC1wN1_GttN3zN1 : 885.5295660 (0.10)%
GbtC2wN2zN1_GqqN4wC1wN1 : 858.8490186 (0.10)%
   GbtC2wN1_GbtC2zC1wN1 : 854.2435933 (0.10)%
   GbtC1wN1_GqqC2zC1wN1 : 847.2741727 (0.10)%
      GttN1_GttN4wC1wN1 : 846.1687855 (0.10)%
      GbbN1_GbtC2wN2zN1 : 830.1405913 (0.10)%
------------------------------------------------------------
                                      SUM=91.80%

SHOWING PROCESSES TO GET 90.00% SUSY COVERAGE
---------------  Output inclusive processes  ---------------
The total xsec = 845558.92 [fb]
The total rate = 100.00%
                  Modes : xsec/fb      (rate)
            C1wN1_N2zN1 : 233579.6817707 (27.62)%
            C1wN1_C1wN1 : 125440.7697593 (14.84)%
            C1wN1_N3zN1 : 49887.7100246 (5.90)%
      C2wN2zN1_N4wC1wN1 : 35698.4361465 (4.22)%
            N2zN1_N3zN1 : 23192.5142932 (2.74)%
      C2zC1wN1_N4wC1wN1 : 18367.8394108 (2.17)%
               C1wN1_N1 : 17307.0412295 (2.05)%
      C2wN2zN1_C2zC1wN1 : 12539.8551010 (1.48)%
   GbtC1wN1_GbtC2wN2zN1 : 12273.5057168 (1.45)%
      C2wN2zN1_C2wN2zN1 : 12185.7886112 (1.44)%
         C2wN2zN1_N3zN1 : 11719.9096930 (1.39)%
         C1wN1_N4wC1wN1 : 10203.0167385 (1.21)%
         N3zN1_N4wC1wN1 : 8853.1430661 (1.05)%
      GbtC1wN1_GbtC1wN1 : 8787.8599239 (1.04)%
      GbtC1wN1_GttN3zN1 : 7792.9827076 (0.92)%
         C2wN2zN1_N2zN1 : 7503.6848759 (0.89)%
         C1wN1_C2wN2zN1 : 7121.2671155 (0.84)%
         C2wN1_N4wC1wN1 : 6915.0910389 (0.82)%
   GbtC1wN1_GbtC2zC1wN1 : 6315.0604438 (0.75)%
         C2zC1wN1_N3zN1 : 6030.2198748 (0.71)%
   GbtC2wN2zN1_GttN3zN1 : 5442.0085573 (0.64)%
   GbtC1wN1_GttN4wC1wN1 : 5327.1562901 (0.63)%
      GbtC1wN1_GttN2zN1 : 5080.5552822 (0.60)%
               N1_N3zN1 : 5049.5658614 (0.60)%
         C2wN1_C2wN2zN1 : 4720.9820218 (0.56)%
GbtC2wN2zN1_GbtC2zC1wN1 : 4409.9434407 (0.52)%
GbtC2wN2zN1_GbtC2wN2zN1 : 4285.4273931 (0.51)%
      GbbN2zN1_GbtC1wN1 : 4057.0228725 (0.48)%
         C2wN2zN1_N4hN1 : 4025.5537368 (0.48)%
         C2zC1wN1_N2zN1 : 3860.8548068 (0.46)%
GbtC2wN2zN1_GttN4wC1wN1 : 3720.0685802 (0.44)%
         C1wN1_C2zC1wN1 : 3664.0902207 (0.43)%
   GbtC2wN2zN1_GttN2zN1 : 3547.8617570 (0.42)%
      GbbN3zN1_GbtC1wN1 : 3447.5109467 (0.41)%
      GbtC1wN1_GqqC1wN1 : 3439.8491794 (0.41)%
      C2zC1wN1_C2zC1wN1 : 3226.0523092 (0.38)%
   GbbN2zN1_GbtC2wN2zN1 : 2833.1069140 (0.34)%
   GbtC2zC1wN1_GttN3zN1 : 2800.0649340 (0.33)%
         GbtC1wN1_GttN1 : 2791.7381635 (0.33)%
         C2wN1_C2zC1wN1 : 2429.0767047 (0.29)%
   GbbN3zN1_GbtC2wN2zN1 : 2407.4715391 (0.28)%
   GbtC2wN2zN1_GqqC1wN1 : 2402.1211611 (0.28)%
      GbtC1wN1_GbtC2wN1 : 2377.4825611 (0.28)%
   GttN3zN1_GttN4wC1wN1 : 2362.0333738 (0.28)%
            C2wN1_N3zN1 : 2270.2462977 (0.27)%
      GttN2zN1_GttN3zN1 : 2252.6917704 (0.27)%
            C1wN1_N3hN1 : 2099.1548026 (0.25)%
         C2zC1wN1_N4hN1 : 2071.2594880 (0.24)%
   GbbN4wC1wN1_GbtC1wN1 : 1997.1582324 (0.24)%
      GbtC2wN2zN1_GttN1 : 1949.5312059 (0.23)%
GbtC2zC1wN1_GttN4wC1wN1 : 1914.0788689 (0.23)%
   GbtC2zC1wN1_GttN2zN1 : 1825.4736633 (0.22)%
         GbtC1wN1_GqqN1 : 1823.1759802 (0.22)%
      GbbN2zN1_GttN3zN1 : 1798.8628269 (0.21)%
      GbtC1wN1_GqqN2zN1 : 1783.4547058 (0.21)%
      GttN3zN1_GttN3zN1 : 1727.6839870 (0.20)%
   GbtC2wN1_GbtC2wN2zN1 : 1660.2475494 (0.20)%
   GbtC1wN1_GqqC2wN2zN1 : 1646.7022754 (0.19)%
   GttN2zN1_GttN4wC1wN1 : 1539.9034727 (0.18)%
      GbbN3zN1_GttN3zN1 : 1528.6084112 (0.18)%
      GqqC1wN1_GttN3zN1 : 1525.2112235 (0.18)%
   GbbN2zN1_GbtC2zC1wN1 : 1457.7123943 (0.17)%
            C2wN1_N2zN1 : 1453.5276512 (0.17)%
GbbN4wC1wN1_GbtC2wN2zN1 : 1394.6588359 (0.16)%
            C1wN1_C2wN1 : 1379.4500749 (0.16)%
      GbtC2wN2zN1_GqqN1 : 1273.1632621 (0.15)%
   GbtC2wN2zN1_GqqN2zN1 : 1245.4250362 (0.15)%
   GbbN3zN1_GbtC2zC1wN1 : 1238.7111423 (0.15)%
         GttN1_GttN3zN1 : 1237.8421721 (0.15)%
   GbtC2zC1wN1_GqqC1wN1 : 1235.9582238 (0.15)%
   GbtC1wN1_GqqN4wC1wN1 : 1229.8759694 (0.15)%
   GbbN2zN1_GttN4wC1wN1 : 1229.6733847 (0.15)%
         GbbN1_GbtC1wN1 : 1188.7653621 (0.14)%
      GbbN2zN1_GttN2zN1 : 1172.7502010 (0.14)%
            C1wN1_N4hN1 : 1150.5487800 (0.14)%
GbtC2wN2zN1_GqqC2wN2zN1 : 1149.9278531 (0.14)%
GbtC2zC1wN1_GbtC2zC1wN1 : 1134.5193470 (0.13)%
------------------------------------------------------------
                                      SUM=90.00%
