/Users/rafalmaselek/Projects/fastlim-1.0
 
#################################################################
#                                                               #
#                                                               #
#                     This is Fastlim  ver. 1.0                 #
#                                                               #
#          A fast LHC limit calculator for BSM models.          #
#                                                               #
#                  http://cern.ch/fastlim-1.0/                  #
#                                                               #
#  for bugs/feature requests: fastlim-1.0.developers@gmail.com  #
#                                                               #
#    please refer to:                                           #
#    M.Papucci, K.Sakurai, A.Weiler, L.Zeune arXiv:1402.xxxx    #
#                                                               #
#################################################################
 
!!!-  ERROR  !!!
[Br(T2->all) =  1.110103892182084 ]:  !!! The total Br is deviated from 1 !!!


!! Masses incompatible with the data for ERER !!

!! Problem with reading tables for ER ER !! Probably mass outside the table !! Setting xsec to 10^-20 !!

!! Masses incompatible with the data for ELEL !!

!! Problem with reading tables for EL EL !! Probably mass outside the table !! Setting xsec to 10^-20 !!

!! Masses incompatible with the data for TAU1TAU1 !!

!! Problem with reading tables for TAU1 TAU1 !! Probably mass outside the table !! Setting xsec to 10^-20 !!

!! Masses incompatible with the data for TAU2TAU2 !!

!! Problem with reading tables for TAU2 TAU2 !! Probably mass outside the table !! Setting xsec to 10^-20 !!
!! EWK PROCESS C1C2 NOT FOUND !! WILL TRY TO LOOK FOR +/- MODES !!
XSEC FOUND FOR: C1-C2+
XSEC FOUND FOR: C1+C2-
!! EWK PROCESS C1N1 NOT FOUND !! WILL TRY TO LOOK FOR +/- MODES !!
XSEC FOUND FOR: C1+N1
XSEC FOUND FOR: C1-N1
!! EWK PROCESS C1N2 NOT FOUND !! WILL TRY TO LOOK FOR +/- MODES !!
XSEC FOUND FOR: C1+N2
XSEC FOUND FOR: C1-N2
!! EWK PROCESS C1N3 NOT FOUND !! WILL TRY TO LOOK FOR +/- MODES !!
XSEC FOUND FOR: C1+N3
XSEC FOUND FOR: C1-N3
!! EWK PROCESS C1N4 NOT FOUND !! WILL TRY TO LOOK FOR +/- MODES !!
XSEC FOUND FOR: C1+N4
XSEC FOUND FOR: C1-N4
!! EWK PROCESS C2N1 NOT FOUND !! WILL TRY TO LOOK FOR +/- MODES !!
XSEC FOUND FOR: C2+N1
XSEC FOUND FOR: C2-N1
!! EWK PROCESS C2N2 NOT FOUND !! WILL TRY TO LOOK FOR +/- MODES !!
XSEC FOUND FOR: C2+N2
XSEC FOUND FOR: C2-N2
!! EWK PROCESS C2N3 NOT FOUND !! WILL TRY TO LOOK FOR +/- MODES !!
XSEC FOUND FOR: C2+N3
XSEC FOUND FOR: C2-N3
!! EWK PROCESS C2N4 NOT FOUND !! WILL TRY TO LOOK FOR +/- MODES !!
XSEC FOUND FOR: C2+N4
XSEC FOUND FOR: C2-N4
---------------  Output inclusive processes  ---------------
The total xsec = 670502.98 [fb]
The total rate = 100.00%
Output upto 0.10%
                        Modes : xsec/fb      (rate)
                  C1wN1_N2hN1 : 77870.1027771 (11.61)%
                  C1wN1_C1wN1 : 47925.5825731 (7.15)%
                  C1wN1_N2zN1 : 17998.5309787 (2.68)%
           GbB1tC1wN1_QqC1wN1 : 7051.1885816 (1.05)%
      GbB1tC1wN1_QqGbB1tC1wN1 : 4470.7827588 (0.67)%
         QqC1wN1_QqGbB1tC1wN1 : 3949.7634738 (0.59)%
           GtT1bC1wN1_QqC1wN1 : 3574.7284365 (0.53)%
           GbB1bN2hN1_QqC1wN1 : 3535.7594010 (0.53)%
        GbB1tC2zC1wN1_QqC1wN1 : 3323.0202463 (0.50)%
        GbB1tC2hC1wN1_QqC1wN1 : 3286.8617068 (0.49)%
              QqC1wN1_QqC1wN1 : 3114.7260568 (0.46)%
        GbB1bN3wC1wN1_QqC1wN1 : 3083.6548627 (0.46)%
        GbB1tC1wN1_GtT1bC1wN1 : 3023.7710015 (0.45)%
        GbB1bN2hN1_GbB1tC1wN1 : 2990.8080949 (0.45)%
        GbB1tC1wN1_GbB1tC1wN1 : 2982.2096892 (0.44)%
           GbB1tC1wN1_QqN2hN1 : 2901.1697459 (0.43)%
        GbB1tC2wN2hN1_QqC1wN1 : 2822.6039243 (0.42)%
     GbB1tC1wN1_GbB1tC2zC1wN1 : 2810.8575062 (0.42)%
     GbB1tC1wN1_GbB1tC2hC1wN1 : 2780.2719260 (0.41)%
     GbB1bN3wC1wN1_GbB1tC1wN1 : 2608.3844740 (0.39)%
        GbB1bN4wC1wN1_QqC1wN1 : 2586.6866455 (0.39)%
              QqC1wN1_QqN2hN1 : 2563.0711471 (0.38)%
     GbB1tC1wN1_GbB1tC2wN2hN1 : 2387.5681878 (0.36)%
      GbB1tC1wN1_QqGtT1bC1wN1 : 2266.5447217 (0.34)%
      GtT1bC1wN1_QqGbB1tC1wN1 : 2266.5447217 (0.34)%
      GbB1tC1wN1_QqGbB1bN2hN1 : 2241.8365338 (0.33)%
      GbB1bN2hN1_QqGbB1tC1wN1 : 2241.8365338 (0.33)%
     GbB1bN4wC1wN1_GbB1tC1wN1 : 2188.0118190 (0.33)%
   GbB1tC1wN1_QqGbB1tC2zC1wN1 : 2106.9499776 (0.31)%
   GbB1tC2zC1wN1_QqGbB1tC1wN1 : 2106.9499776 (0.31)%
   GbB1tC1wN1_QqGbB1tC2hC1wN1 : 2084.0237755 (0.31)%
   GbB1tC2hC1wN1_QqGbB1tC1wN1 : 2084.0237755 (0.31)%
         QqC1wN1_QqGtT1bC1wN1 : 2002.4045086 (0.30)%
         QqC1wN1_QqGbB1bN2hN1 : 1980.5757813 (0.30)%
   GbB1tC1wN1_QqGbB1bN3wC1wN1 : 1955.1811492 (0.29)%
   GbB1bN3wC1wN1_QqGbB1tC1wN1 : 1955.1811492 (0.29)%
      QqC1wN1_QqGbB1tC2zC1wN1 : 1861.4087313 (0.28)%
      QqC1wN1_QqGbB1tC2hC1wN1 : 1841.1543193 (0.27)%
   GbB1tC1wN1_QqGbB1tC2wN2hN1 : 1789.6626666 (0.27)%
   GbB1tC2wN2hN1_QqGbB1tC1wN1 : 1789.6626666 (0.27)%
      QqC1wN1_QqGbB1bN3wC1wN1 : 1727.3268473 (0.26)%
        GtT1tN3wC1wN1_QqC1wN1 : 1709.0453510 (0.25)%
   GbB1tC1wN1_QqGbB1bN4wC1wN1 : 1640.0800976 (0.24)%
   GbB1bN4wC1wN1_QqGbB1tC1wN1 : 1640.0800976 (0.24)%
         QqGbB1tC1wN1_QqN2hN1 : 1625.1067691 (0.24)%
      QqC1wN1_QqGbB1tC2wN2hN1 : 1581.0976762 (0.24)%
            T1bC1wN1_T1bC1wN1 : 1545.7285880 (0.23)%
        GbB1bN2hN1_GtT1bC1wN1 : 1516.2446191 (0.23)%
         T1bC1wN1_T1tN3wC1wN1 : 1477.9977300 (0.22)%
           GtT1bC1wN1_QqN2hN1 : 1470.8008260 (0.22)%
           GbB1bN2hN1_QqN2hN1 : 1454.7672473 (0.22)%
      QqC1wN1_QqGbB1bN4wC1wN1 : 1448.9472679 (0.22)%
     GbB1tC1wN1_GtT1tN3wC1wN1 : 1445.6375818 (0.22)%
     GbB1tC2zC1wN1_GtT1bC1wN1 : 1425.0153917 (0.21)%
     GbB1tC2hC1wN1_GtT1bC1wN1 : 1409.5094749 (0.21)%
     GbB1bN2hN1_GbB1tC2zC1wN1 : 1409.4809318 (0.21)%
     GbB1bN2hN1_GbB1tC2hC1wN1 : 1394.1440490 (0.21)%
           GbB1tC2wN1_QqC1wN1 : 1379.9340214 (0.21)%
        GbB1tC2zC1wN1_QqN2hN1 : 1367.2369831 (0.20)%
        GbB1tC2hC1wN1_QqN2hN1 : 1352.3597664 (0.20)%
     GbB1bN3wC1wN1_GtT1bC1wN1 : 1322.3680015 (0.20)%
  GbB1tC2hC1wN1_GbB1tC2zC1wN1 : 1310.2613543 (0.20)%
     GbB1bN2hN1_GbB1bN3wC1wN1 : 1307.9525273 (0.20)%
    QqGbB1tC1wN1_QqGtT1bC1wN1 : 1269.6179445 (0.19)%
        GbB1bN3wC1wN1_QqN2hN1 : 1268.7515149 (0.19)%
    QqGbB1bN2hN1_QqGbB1tC1wN1 : 1255.7775123 (0.19)%
    QqGbB1tC1wN1_QqGbB1tC1wN1 : 1252.1672223 (0.19)%
  GbB1bN3wC1wN1_GbB1tC2zC1wN1 : 1229.2557938 (0.18)%
  GbB1bN3wC1wN1_GbB1tC2hC1wN1 : 1215.8799818 (0.18)%
     GbB1tC2wN2hN1_GtT1bC1wN1 : 1210.4211646 (0.18)%
     GbB1bN2hN1_GbB1tC2wN2hN1 : 1197.2260517 (0.18)%
 QqGbB1tC1wN1_QqGbB1tC2zC1wN1 : 1180.2200390 (0.18)%
           GtT1tN2hN1_QqC1wN1 : 1168.4034515 (0.17)%
 QqGbB1tC1wN1_QqGbB1tC2hC1wN1 : 1167.3777962 (0.17)%
        GbB1tC1wN1_GbB1tC2wN1 : 1167.2507583 (0.17)%
        GbB1tC2wN2hN1_QqN2hN1 : 1161.3436536 (0.17)%
      GtT1bC1wN1_QqGtT1bC1wN1 : 1149.0661149 (0.17)%
      GtT1bC1wN1_QqGbB1bN2hN1 : 1136.5398492 (0.17)%
      GbB1bN2hN1_QqGtT1bC1wN1 : 1136.5398492 (0.17)%
  GbB1tC2wN2hN1_GbB1tC2zC1wN1 : 1125.1914958 (0.17)%
      GbB1bN2hN1_QqGbB1bN2hN1 : 1124.1501356 (0.17)%
  GbB1tC2hC1wN1_GbB1tC2wN2hN1 : 1112.9480311 (0.17)%
     GbB1bN4wC1wN1_GtT1bC1wN1 : 1109.2524300 (0.17)%
     GbB1bN2hN1_GbB1bN4wC1wN1 : 1097.1601835 (0.16)%
 QqGbB1bN3wC1wN1_QqGbB1tC1wN1 : 1095.2058647 (0.16)%
        GbB1bN3zN2hN1_QqC1wN1 : 1084.6057834 (0.16)%
   GbB1tC1wN1_QqGtT1tN3wC1wN1 : 1083.6145425 (0.16)%
   GtT1tN3wC1wN1_QqGbB1tC1wN1 : 1083.6145425 (0.16)%
   GtT1bC1wN1_QqGbB1tC2zC1wN1 : 1068.1566536 (0.16)%
   GbB1tC2zC1wN1_QqGtT1bC1wN1 : 1068.1566536 (0.16)%
        GbB1bN4wC1wN1_QqN2hN1 : 1064.2768877 (0.16)%
   GbB1tC2hC1wN1_QqGtT1bC1wN1 : 1056.5337980 (0.16)%
   GtT1bC1wN1_QqGbB1tC2hC1wN1 : 1056.5337980 (0.16)%
   GbB1bN2hN1_QqGbB1tC2zC1wN1 : 1056.5124028 (0.16)%
   GbB1tC2zC1wN1_QqGbB1bN2hN1 : 1056.5124028 (0.16)%
   GbB1tC2hC1wN1_QqGbB1bN2hN1 : 1045.0162509 (0.16)%
   GbB1bN2hN1_QqGbB1tC2hC1wN1 : 1045.0162509 (0.16)%
  GbB1bN3wC1wN1_GbB1tC2wN2hN1 : 1044.1411639 (0.16)%
  GbB1bN4wC1wN1_GbB1tC2zC1wN1 : 1031.1463790 (0.15)%
  GbB1bN4wC1wN1_GbB1tC2hC1wN1 : 1019.9262406 (0.15)%
            T1bC1wN1_T1tN2hN1 : 1010.4457720 (0.15)%
 QqGbB1tC1wN1_QqGbB1tC2wN2hN1 : 1002.4897433 (0.15)%
              GbB1bN1_QqC1wN1 : 1002.4441106 (0.15)%
GbB1tC2zC1wN1_QqGbB1tC2zC1wN1 : 992.9442891 (0.15)%
   GtT1bC1wN1_QqGbB1bN3wC1wN1 : 991.2146827 (0.15)%
   GbB1bN3wC1wN1_QqGtT1bC1wN1 : 991.2146827 (0.15)%
        GbB1tC1wN1_GtT1tN2hN1 : 988.3224803 (0.15)%
GbB1tC2hC1wN1_QqGbB1tC2zC1wN1 : 982.1398364 (0.15)%
GbB1tC2zC1wN1_QqGbB1tC2hC1wN1 : 982.1398364 (0.15)%
   GbB1bN3wC1wN1_QqGbB1bN2hN1 : 980.4091961 (0.15)%
   GbB1bN2hN1_QqGbB1bN3wC1wN1 : 980.4091961 (0.15)%
GbB1tC2hC1wN1_QqGbB1tC2hC1wN1 : 971.4529493 (0.14)%
      QqC1wN1_QqGtT1tN3wC1wN1 : 957.3314944 (0.14)%
  GbB1bN3wC1wN1_GbB1bN4wC1wN1 : 956.8703499 (0.14)%
        GbB1bN4hN2hN1_QqC1wN1 : 928.3727238 (0.14)%
GbB1bN3wC1wN1_QqGbB1tC2zC1wN1 : 921.4200512 (0.14)%
GbB1tC2zC1wN1_QqGbB1bN3wC1wN1 : 921.4200512 (0.14)%
 QqGbB1bN4wC1wN1_QqGbB1tC1wN1 : 918.7002147 (0.14)%
     GbB1bN3zN2hN1_GbB1tC1wN1 : 917.4401844 (0.14)%
GbB1tC2hC1wN1_QqGbB1bN3wC1wN1 : 911.3938700 (0.14)%
GbB1bN3wC1wN1_QqGbB1tC2hC1wN1 : 911.3938700 (0.14)%
   GbB1tC2wN2hN1_QqGtT1bC1wN1 : 907.3020742 (0.14)%
   GtT1bC1wN1_QqGbB1tC2wN2hN1 : 907.3020742 (0.14)%
   GbB1bN2hN1_QqGbB1tC2wN2hN1 : 897.4113406 (0.13)%
   GbB1tC2wN2hN1_QqGbB1bN2hN1 : 897.4113406 (0.13)%
        GtT1bC2zC1wN1_QqC1wN1 : 882.4880602 (0.13)%
  GbB1bN4wC1wN1_GbB1tC2wN2hN1 : 875.8652070 (0.13)%
      GbB1tC1wN1_QqGbB1tC2wN1 : 874.9425944 (0.13)%
      GbB1tC2wN1_QqGbB1tC1wN1 : 874.9425944 (0.13)%
        GtT1bC2hC1wN1_QqC1wN1 : 872.8855068 (0.13)%
GbB1bN3wC1wN1_QqGbB1bN3wC1wN1 : 855.0478814 (0.13)%
           GbB1bN1_GbB1tC1wN1 : 847.9417349 (0.13)%
GbB1tC2zC1wN1_QqGbB1tC2wN2hN1 : 843.4160009 (0.13)%
GbB1tC2wN2hN1_QqGbB1tC2zC1wN1 : 843.4160009 (0.13)%
GbB1tC2hC1wN1_QqGbB1tC2wN2hN1 : 834.2385995 (0.12)%
GbB1tC2wN2hN1_QqGbB1tC2hC1wN1 : 834.2385995 (0.12)%
   GbB1bN4wC1wN1_QqGtT1bC1wN1 : 831.4684673 (0.12)%
   GtT1bC1wN1_QqGbB1bN4wC1wN1 : 831.4684673 (0.12)%
         QqGtT1bC1wN1_QqN2hN1 : 823.8774658 (0.12)%
   GbB1bN4wC1wN1_QqGbB1bN2hN1 : 822.4044154 (0.12)%
   GbB1bN2hN1_QqGbB1bN4wC1wN1 : 822.4044154 (0.12)%
           GbB1bN2zN1_QqC1wN1 : 817.2388740 (0.12)%
         QqGbB1bN2hN1_QqN2hN1 : 814.8961653 (0.12)%
     GbB1bN4hN2hN1_GbB1tC1wN1 : 785.2866506 (0.12)%
GbB1bN3wC1wN1_QqGbB1tC2wN2hN1 : 782.6626562 (0.12)%
GbB1tC2wN2hN1_QqGbB1bN3wC1wN1 : 782.6626562 (0.12)%
         QqC1wN1_QqGbB1tC2wN1 : 772.9779073 (0.12)%
GbB1bN4wC1wN1_QqGbB1tC2zC1wN1 : 772.9220835 (0.12)%
GbB1tC2zC1wN1_QqGbB1bN4wC1wN1 : 772.9220835 (0.12)%
        GtT1bC1wN1_GtT1bC1wN1 : 766.4778824 (0.11)%
      QqGbB1tC2zC1wN1_QqN2hN1 : 765.8655890 (0.11)%
GbB1bN4wC1wN1_QqGbB1tC2hC1wN1 : 764.5117424 (0.11)%
GbB1tC2hC1wN1_QqGbB1bN4wC1wN1 : 764.5117424 (0.11)%
         T1bC1wN1_T1bC2zC1wN1 : 763.1835802 (0.11)%
      QqGbB1tC2hC1wN1_QqN2hN1 : 757.5320312 (0.11)%
         T1bC1wN1_T1bC2hC1wN1 : 754.8792060 (0.11)%
        GbB1bN2hN1_GbB1bN2hN1 : 749.8578230 (0.11)%
        GtT1bC2wN2hN1_QqC1wN1 : 749.5934653 (0.11)%
     GbB1tC1wN1_GtT1bC2zC1wN1 : 746.4739918 (0.11)%
      GbB1tC1wN1_QqGtT1tN2hN1 : 740.8223374 (0.11)%
      GtT1tN2hN1_QqGbB1tC1wN1 : 740.8223374 (0.11)%
     GbB1tC1wN1_GtT1bC2hC1wN1 : 738.3514384 (0.11)%
     GtT1bC1wN1_GtT1tN3wC1wN1 : 732.8922937 (0.11)%
     GbB1bN2hN1_GtT1tN3wC1wN1 : 724.9028460 (0.11)%
GbB1bN4wC1wN1_QqGbB1bN3wC1wN1 : 717.2465904 (0.11)%
GbB1bN3wC1wN1_QqGbB1bN4wC1wN1 : 717.2465904 (0.11)%
GbB1tC2wN2hN1_QqGbB1tC2wN2hN1 : 716.4052992 (0.11)%
      QqGbB1bN3wC1wN1_QqN2hN1 : 710.6983926 (0.11)%
        GtT1tN3wC1wN1_QqN2hN1 : 703.1765793 (0.10)%
        GbB1bN2zN1_GbB1tC1wN1 : 691.2813805 (0.10)%
   GbB1tC1wN1_QqGbB1bN3zN2hN1 : 687.6907036 (0.10)%
   GbB1bN3zN2hN1_QqGbB1tC1wN1 : 687.6907036 (0.10)%
  GbB1tC2zC1wN1_GtT1tN3wC1wN1 : 681.2869770 (0.10)%
  GbB1tC2hC1wN1_GtT1tN3wC1wN1 : 673.8737384 (0.10)%
           GbB1tC1wN1_QqN2zN1 : 670.5627922 (0.10)%
  GbB1tC2zC1wN1_GbB1tC2zC1wN1 : 662.3377247 (0.10)%
------------------------------------------------------------
                                            SUM=57.17%

SHOWING PROCESSES TO GET 90.00% SUSY COVERAGE
---------------  Output inclusive processes  ---------------
The total xsec = 670502.98 [fb]
The total rate = 100.00%
                          Modes : xsec/fb      (rate)
                    C1wN1_N2hN1 : 77870.1027771 (11.61)%
                    C1wN1_C1wN1 : 47925.5825731 (7.15)%
                    C1wN1_N2zN1 : 17998.5309787 (2.68)%
             GbB1tC1wN1_QqC1wN1 : 7051.1885816 (1.05)%
        GbB1tC1wN1_QqGbB1tC1wN1 : 4470.7827588 (0.67)%
           QqC1wN1_QqGbB1tC1wN1 : 3949.7634738 (0.59)%
             GtT1bC1wN1_QqC1wN1 : 3574.7284365 (0.53)%
             GbB1bN2hN1_QqC1wN1 : 3535.7594010 (0.53)%
          GbB1tC2zC1wN1_QqC1wN1 : 3323.0202463 (0.50)%
          GbB1tC2hC1wN1_QqC1wN1 : 3286.8617068 (0.49)%
                QqC1wN1_QqC1wN1 : 3114.7260568 (0.46)%
          GbB1bN3wC1wN1_QqC1wN1 : 3083.6548627 (0.46)%
          GbB1tC1wN1_GtT1bC1wN1 : 3023.7710015 (0.45)%
          GbB1bN2hN1_GbB1tC1wN1 : 2990.8080949 (0.45)%
          GbB1tC1wN1_GbB1tC1wN1 : 2982.2096892 (0.44)%
             GbB1tC1wN1_QqN2hN1 : 2901.1697459 (0.43)%
          GbB1tC2wN2hN1_QqC1wN1 : 2822.6039243 (0.42)%
       GbB1tC1wN1_GbB1tC2zC1wN1 : 2810.8575062 (0.42)%
       GbB1tC1wN1_GbB1tC2hC1wN1 : 2780.2719260 (0.41)%
       GbB1bN3wC1wN1_GbB1tC1wN1 : 2608.3844740 (0.39)%
          GbB1bN4wC1wN1_QqC1wN1 : 2586.6866455 (0.39)%
                QqC1wN1_QqN2hN1 : 2563.0711471 (0.38)%
       GbB1tC1wN1_GbB1tC2wN2hN1 : 2387.5681878 (0.36)%
        GbB1tC1wN1_QqGtT1bC1wN1 : 2266.5447217 (0.34)%
        GtT1bC1wN1_QqGbB1tC1wN1 : 2266.5447217 (0.34)%
        GbB1tC1wN1_QqGbB1bN2hN1 : 2241.8365338 (0.33)%
        GbB1bN2hN1_QqGbB1tC1wN1 : 2241.8365338 (0.33)%
       GbB1bN4wC1wN1_GbB1tC1wN1 : 2188.0118190 (0.33)%
     GbB1tC1wN1_QqGbB1tC2zC1wN1 : 2106.9499776 (0.31)%
     GbB1tC2zC1wN1_QqGbB1tC1wN1 : 2106.9499776 (0.31)%
     GbB1tC1wN1_QqGbB1tC2hC1wN1 : 2084.0237755 (0.31)%
     GbB1tC2hC1wN1_QqGbB1tC1wN1 : 2084.0237755 (0.31)%
           QqC1wN1_QqGtT1bC1wN1 : 2002.4045086 (0.30)%
           QqC1wN1_QqGbB1bN2hN1 : 1980.5757813 (0.30)%
     GbB1tC1wN1_QqGbB1bN3wC1wN1 : 1955.1811492 (0.29)%
     GbB1bN3wC1wN1_QqGbB1tC1wN1 : 1955.1811492 (0.29)%
        QqC1wN1_QqGbB1tC2zC1wN1 : 1861.4087313 (0.28)%
        QqC1wN1_QqGbB1tC2hC1wN1 : 1841.1543193 (0.27)%
     GbB1tC1wN1_QqGbB1tC2wN2hN1 : 1789.6626666 (0.27)%
     GbB1tC2wN2hN1_QqGbB1tC1wN1 : 1789.6626666 (0.27)%
        QqC1wN1_QqGbB1bN3wC1wN1 : 1727.3268473 (0.26)%
          GtT1tN3wC1wN1_QqC1wN1 : 1709.0453510 (0.25)%
     GbB1tC1wN1_QqGbB1bN4wC1wN1 : 1640.0800976 (0.24)%
     GbB1bN4wC1wN1_QqGbB1tC1wN1 : 1640.0800976 (0.24)%
           QqGbB1tC1wN1_QqN2hN1 : 1625.1067691 (0.24)%
        QqC1wN1_QqGbB1tC2wN2hN1 : 1581.0976762 (0.24)%
              T1bC1wN1_T1bC1wN1 : 1545.7285880 (0.23)%
          GbB1bN2hN1_GtT1bC1wN1 : 1516.2446191 (0.23)%
           T1bC1wN1_T1tN3wC1wN1 : 1477.9977300 (0.22)%
             GtT1bC1wN1_QqN2hN1 : 1470.8008260 (0.22)%
             GbB1bN2hN1_QqN2hN1 : 1454.7672473 (0.22)%
        QqC1wN1_QqGbB1bN4wC1wN1 : 1448.9472679 (0.22)%
       GbB1tC1wN1_GtT1tN3wC1wN1 : 1445.6375818 (0.22)%
       GbB1tC2zC1wN1_GtT1bC1wN1 : 1425.0153917 (0.21)%
       GbB1tC2hC1wN1_GtT1bC1wN1 : 1409.5094749 (0.21)%
       GbB1bN2hN1_GbB1tC2zC1wN1 : 1409.4809318 (0.21)%
       GbB1bN2hN1_GbB1tC2hC1wN1 : 1394.1440490 (0.21)%
             GbB1tC2wN1_QqC1wN1 : 1379.9340214 (0.21)%
          GbB1tC2zC1wN1_QqN2hN1 : 1367.2369831 (0.20)%
          GbB1tC2hC1wN1_QqN2hN1 : 1352.3597664 (0.20)%
       GbB1bN3wC1wN1_GtT1bC1wN1 : 1322.3680015 (0.20)%
    GbB1tC2hC1wN1_GbB1tC2zC1wN1 : 1310.2613543 (0.20)%
       GbB1bN2hN1_GbB1bN3wC1wN1 : 1307.9525273 (0.20)%
      QqGbB1tC1wN1_QqGtT1bC1wN1 : 1269.6179445 (0.19)%
          GbB1bN3wC1wN1_QqN2hN1 : 1268.7515149 (0.19)%
      QqGbB1bN2hN1_QqGbB1tC1wN1 : 1255.7775123 (0.19)%
      QqGbB1tC1wN1_QqGbB1tC1wN1 : 1252.1672223 (0.19)%
    GbB1bN3wC1wN1_GbB1tC2zC1wN1 : 1229.2557938 (0.18)%
    GbB1bN3wC1wN1_GbB1tC2hC1wN1 : 1215.8799818 (0.18)%
       GbB1tC2wN2hN1_GtT1bC1wN1 : 1210.4211646 (0.18)%
       GbB1bN2hN1_GbB1tC2wN2hN1 : 1197.2260517 (0.18)%
   QqGbB1tC1wN1_QqGbB1tC2zC1wN1 : 1180.2200390 (0.18)%
             GtT1tN2hN1_QqC1wN1 : 1168.4034515 (0.17)%
   QqGbB1tC1wN1_QqGbB1tC2hC1wN1 : 1167.3777962 (0.17)%
          GbB1tC1wN1_GbB1tC2wN1 : 1167.2507583 (0.17)%
          GbB1tC2wN2hN1_QqN2hN1 : 1161.3436536 (0.17)%
        GtT1bC1wN1_QqGtT1bC1wN1 : 1149.0661149 (0.17)%
        GtT1bC1wN1_QqGbB1bN2hN1 : 1136.5398492 (0.17)%
        GbB1bN2hN1_QqGtT1bC1wN1 : 1136.5398492 (0.17)%
    GbB1tC2wN2hN1_GbB1tC2zC1wN1 : 1125.1914958 (0.17)%
        GbB1bN2hN1_QqGbB1bN2hN1 : 1124.1501356 (0.17)%
    GbB1tC2hC1wN1_GbB1tC2wN2hN1 : 1112.9480311 (0.17)%
       GbB1bN4wC1wN1_GtT1bC1wN1 : 1109.2524300 (0.17)%
       GbB1bN2hN1_GbB1bN4wC1wN1 : 1097.1601835 (0.16)%
   QqGbB1bN3wC1wN1_QqGbB1tC1wN1 : 1095.2058647 (0.16)%
          GbB1bN3zN2hN1_QqC1wN1 : 1084.6057834 (0.16)%
     GbB1tC1wN1_QqGtT1tN3wC1wN1 : 1083.6145425 (0.16)%
     GtT1tN3wC1wN1_QqGbB1tC1wN1 : 1083.6145425 (0.16)%
     GtT1bC1wN1_QqGbB1tC2zC1wN1 : 1068.1566536 (0.16)%
     GbB1tC2zC1wN1_QqGtT1bC1wN1 : 1068.1566536 (0.16)%
          GbB1bN4wC1wN1_QqN2hN1 : 1064.2768877 (0.16)%
     GbB1tC2hC1wN1_QqGtT1bC1wN1 : 1056.5337980 (0.16)%
     GtT1bC1wN1_QqGbB1tC2hC1wN1 : 1056.5337980 (0.16)%
     GbB1bN2hN1_QqGbB1tC2zC1wN1 : 1056.5124028 (0.16)%
     GbB1tC2zC1wN1_QqGbB1bN2hN1 : 1056.5124028 (0.16)%
     GbB1tC2hC1wN1_QqGbB1bN2hN1 : 1045.0162509 (0.16)%
     GbB1bN2hN1_QqGbB1tC2hC1wN1 : 1045.0162509 (0.16)%
    GbB1bN3wC1wN1_GbB1tC2wN2hN1 : 1044.1411639 (0.16)%
    GbB1bN4wC1wN1_GbB1tC2zC1wN1 : 1031.1463790 (0.15)%
    GbB1bN4wC1wN1_GbB1tC2hC1wN1 : 1019.9262406 (0.15)%
              T1bC1wN1_T1tN2hN1 : 1010.4457720 (0.15)%
   QqGbB1tC1wN1_QqGbB1tC2wN2hN1 : 1002.4897433 (0.15)%
                GbB1bN1_QqC1wN1 : 1002.4441106 (0.15)%
  GbB1tC2zC1wN1_QqGbB1tC2zC1wN1 : 992.9442891 (0.15)%
     GtT1bC1wN1_QqGbB1bN3wC1wN1 : 991.2146827 (0.15)%
     GbB1bN3wC1wN1_QqGtT1bC1wN1 : 991.2146827 (0.15)%
          GbB1tC1wN1_GtT1tN2hN1 : 988.3224803 (0.15)%
  GbB1tC2hC1wN1_QqGbB1tC2zC1wN1 : 982.1398364 (0.15)%
  GbB1tC2zC1wN1_QqGbB1tC2hC1wN1 : 982.1398364 (0.15)%
     GbB1bN3wC1wN1_QqGbB1bN2hN1 : 980.4091961 (0.15)%
     GbB1bN2hN1_QqGbB1bN3wC1wN1 : 980.4091961 (0.15)%
  GbB1tC2hC1wN1_QqGbB1tC2hC1wN1 : 971.4529493 (0.14)%
        QqC1wN1_QqGtT1tN3wC1wN1 : 957.3314944 (0.14)%
    GbB1bN3wC1wN1_GbB1bN4wC1wN1 : 956.8703499 (0.14)%
          GbB1bN4hN2hN1_QqC1wN1 : 928.3727238 (0.14)%
  GbB1bN3wC1wN1_QqGbB1tC2zC1wN1 : 921.4200512 (0.14)%
  GbB1tC2zC1wN1_QqGbB1bN3wC1wN1 : 921.4200512 (0.14)%
   QqGbB1bN4wC1wN1_QqGbB1tC1wN1 : 918.7002147 (0.14)%
       GbB1bN3zN2hN1_GbB1tC1wN1 : 917.4401844 (0.14)%
  GbB1tC2hC1wN1_QqGbB1bN3wC1wN1 : 911.3938700 (0.14)%
  GbB1bN3wC1wN1_QqGbB1tC2hC1wN1 : 911.3938700 (0.14)%
     GbB1tC2wN2hN1_QqGtT1bC1wN1 : 907.3020742 (0.14)%
     GtT1bC1wN1_QqGbB1tC2wN2hN1 : 907.3020742 (0.14)%
     GbB1bN2hN1_QqGbB1tC2wN2hN1 : 897.4113406 (0.13)%
     GbB1tC2wN2hN1_QqGbB1bN2hN1 : 897.4113406 (0.13)%
          GtT1bC2zC1wN1_QqC1wN1 : 882.4880602 (0.13)%
    GbB1bN4wC1wN1_GbB1tC2wN2hN1 : 875.8652070 (0.13)%
        GbB1tC1wN1_QqGbB1tC2wN1 : 874.9425944 (0.13)%
        GbB1tC2wN1_QqGbB1tC1wN1 : 874.9425944 (0.13)%
          GtT1bC2hC1wN1_QqC1wN1 : 872.8855068 (0.13)%
  GbB1bN3wC1wN1_QqGbB1bN3wC1wN1 : 855.0478814 (0.13)%
             GbB1bN1_GbB1tC1wN1 : 847.9417349 (0.13)%
  GbB1tC2zC1wN1_QqGbB1tC2wN2hN1 : 843.4160009 (0.13)%
  GbB1tC2wN2hN1_QqGbB1tC2zC1wN1 : 843.4160009 (0.13)%
  GbB1tC2hC1wN1_QqGbB1tC2wN2hN1 : 834.2385995 (0.12)%
  GbB1tC2wN2hN1_QqGbB1tC2hC1wN1 : 834.2385995 (0.12)%
     GbB1bN4wC1wN1_QqGtT1bC1wN1 : 831.4684673 (0.12)%
     GtT1bC1wN1_QqGbB1bN4wC1wN1 : 831.4684673 (0.12)%
           QqGtT1bC1wN1_QqN2hN1 : 823.8774658 (0.12)%
     GbB1bN4wC1wN1_QqGbB1bN2hN1 : 822.4044154 (0.12)%
     GbB1bN2hN1_QqGbB1bN4wC1wN1 : 822.4044154 (0.12)%
             GbB1bN2zN1_QqC1wN1 : 817.2388740 (0.12)%
           QqGbB1bN2hN1_QqN2hN1 : 814.8961653 (0.12)%
       GbB1bN4hN2hN1_GbB1tC1wN1 : 785.2866506 (0.12)%
  GbB1bN3wC1wN1_QqGbB1tC2wN2hN1 : 782.6626562 (0.12)%
  GbB1tC2wN2hN1_QqGbB1bN3wC1wN1 : 782.6626562 (0.12)%
           QqC1wN1_QqGbB1tC2wN1 : 772.9779073 (0.12)%
  GbB1bN4wC1wN1_QqGbB1tC2zC1wN1 : 772.9220835 (0.12)%
  GbB1tC2zC1wN1_QqGbB1bN4wC1wN1 : 772.9220835 (0.12)%
          GtT1bC1wN1_GtT1bC1wN1 : 766.4778824 (0.11)%
        QqGbB1tC2zC1wN1_QqN2hN1 : 765.8655890 (0.11)%
  GbB1bN4wC1wN1_QqGbB1tC2hC1wN1 : 764.5117424 (0.11)%
  GbB1tC2hC1wN1_QqGbB1bN4wC1wN1 : 764.5117424 (0.11)%
           T1bC1wN1_T1bC2zC1wN1 : 763.1835802 (0.11)%
        QqGbB1tC2hC1wN1_QqN2hN1 : 757.5320312 (0.11)%
           T1bC1wN1_T1bC2hC1wN1 : 754.8792060 (0.11)%
          GbB1bN2hN1_GbB1bN2hN1 : 749.8578230 (0.11)%
          GtT1bC2wN2hN1_QqC1wN1 : 749.5934653 (0.11)%
       GbB1tC1wN1_GtT1bC2zC1wN1 : 746.4739918 (0.11)%
        GbB1tC1wN1_QqGtT1tN2hN1 : 740.8223374 (0.11)%
        GtT1tN2hN1_QqGbB1tC1wN1 : 740.8223374 (0.11)%
       GbB1tC1wN1_GtT1bC2hC1wN1 : 738.3514384 (0.11)%
       GtT1bC1wN1_GtT1tN3wC1wN1 : 732.8922937 (0.11)%
       GbB1bN2hN1_GtT1tN3wC1wN1 : 724.9028460 (0.11)%
  GbB1bN4wC1wN1_QqGbB1bN3wC1wN1 : 717.2465904 (0.11)%
  GbB1bN3wC1wN1_QqGbB1bN4wC1wN1 : 717.2465904 (0.11)%
  GbB1tC2wN2hN1_QqGbB1tC2wN2hN1 : 716.4052992 (0.11)%
        QqGbB1bN3wC1wN1_QqN2hN1 : 710.6983926 (0.11)%
          GtT1tN3wC1wN1_QqN2hN1 : 703.1765793 (0.10)%
          GbB1bN2zN1_GbB1tC1wN1 : 691.2813805 (0.10)%
     GbB1tC1wN1_QqGbB1bN3zN2hN1 : 687.6907036 (0.10)%
     GbB1bN3zN2hN1_QqGbB1tC1wN1 : 687.6907036 (0.10)%
    GbB1tC2zC1wN1_GtT1tN3wC1wN1 : 681.2869770 (0.10)%
    GbB1tC2hC1wN1_GtT1tN3wC1wN1 : 673.8737384 (0.10)%
             GbB1tC1wN1_QqN2zN1 : 670.5627922 (0.10)%
    GbB1tC2zC1wN1_GbB1tC2zC1wN1 : 662.3377247 (0.10)%
  GbB1bN4wC1wN1_QqGbB1tC2wN2hN1 : 656.5271182 (0.10)%
  GbB1tC2wN2hN1_QqGbB1bN4wC1wN1 : 656.5271182 (0.10)%
           QqC1wN1_QqGtT1tN2hN1 : 654.4878529 (0.10)%
          GbB1tC2wN2zN1_QqC1wN1 : 652.4034560 (0.10)%
        QqGbB1tC2wN2hN1_QqN2hN1 : 650.5332669 (0.10)%
           T1bC1wN1_T1bC2wN2hN1 : 648.2551440 (0.10)%
    GbB1tC2hC1wN1_GbB1tC2hC1wN1 : 648.0020512 (0.10)%
      QqGbB1bN2hN1_QqGtT1bC1wN1 : 636.6392745 (0.09)%
           GbB1bN1_QqGbB1tC1wN1 : 635.5963671 (0.09)%
           GbB1tC1wN1_QqGbB1bN1 : 635.5963671 (0.09)%
       GbB1tC1wN1_GtT1bC2wN2hN1 : 634.0618661 (0.09)%
    GbB1bN3wC1wN1_GtT1tN3wC1wN1 : 632.2121877 (0.09)%
              N3wC1wN1_N4wC1wN1 : 628.1206150 (0.09)%
              C2zC1wN1_N4wC1wN1 : 627.6325090 (0.09)%
              C2zC1wN1_N3wC1wN1 : 621.2554814 (0.09)%
              C2hC1wN1_N4wC1wN1 : 620.8030969 (0.09)%
              C2hC1wN1_N3wC1wN1 : 614.4954592 (0.09)%
        QqC1wN1_QqGbB1bN3zN2hN1 : 607.5481115 (0.09)%
   QqGbB1tC1wN1_QqGtT1tN3wC1wN1 : 606.9928623 (0.09)%
  GbB1bN4wC1wN1_QqGbB1bN4wC1wN1 : 601.6536413 (0.09)%
          GtT1tN3zN2hN1_QqC1wN1 : 601.1180091 (0.09)%
   QqGbB1tC2zC1wN1_QqGtT1bC1wN1 : 598.3340377 (0.09)%
        QqGbB1bN4wC1wN1_QqN2hN1 : 596.1607647 (0.09)%
                QqC1wN1_QqN2zN1 : 592.4162650 (0.09)%
   QqGbB1tC2hC1wN1_QqGtT1bC1wN1 : 591.8234289 (0.09)%
   QqGbB1bN2hN1_QqGbB1tC2zC1wN1 : 591.8114442 (0.09)%
          GbB1tC2wN1_GtT1bC1wN1 : 591.7590247 (0.09)%
     GbB1tC1wN1_QqGbB1bN4hN2hN1 : 588.6316497 (0.09)%
     GbB1bN4hN2hN1_QqGbB1tC1wN1 : 588.6316497 (0.09)%
   QqGbB1bN2hN1_QqGbB1tC2hC1wN1 : 585.3718092 (0.09)%
          GbB1bN2hN1_GbB1tC2wN1 : 585.3081071 (0.09)%
    GbB1tC2wN2hN1_GtT1tN3wC1wN1 : 578.6914170 (0.09)%
    GbB1bN3wC1wN1_GbB1bN3wC1wN1 : 570.3547263 (0.09)%
             GbB1tC2wN1_QqN2hN1 : 567.7656736 (0.08)%
              QqC1wN1_QqGbB1bN1 : 561.5247822 (0.08)%
     GbB1tC1wN1_QqGtT1bC2zC1wN1 : 559.5386308 (0.08)%
     GtT1bC2zC1wN1_QqGbB1tC1wN1 : 559.5386308 (0.08)%
   QqGbB1bN3wC1wN1_QqGtT1bC1wN1 : 555.2345542 (0.08)%
     GbB1tC1wN1_QqGtT1bC2hC1wN1 : 553.4501636 (0.08)%
     GtT1bC2hC1wN1_QqGbB1tC1wN1 : 553.4501636 (0.08)%
             GbB1bN3zN1_QqC1wN1 : 552.9946128 (0.08)%
       GbB1tC1wN1_GbB1tC2wN2zN1 : 551.8513327 (0.08)%
QqGbB1tC2hC1wN1_QqGbB1tC2zC1wN1 : 550.1512273 (0.08)%
       GbB1tC2wN1_GbB1tC2zC1wN1 : 550.0913580 (0.08)%
     GtT1tN3wC1wN1_QqGtT1bC1wN1 : 549.3581223 (0.08)%
     GtT1bC1wN1_QqGtT1tN3wC1wN1 : 549.3581223 (0.08)%
   QqGbB1bN2hN1_QqGbB1bN3wC1wN1 : 549.1817993 (0.08)%
       GbB1tC2hC1wN1_GbB1tC2wN1 : 544.1056887 (0.08)%
     GbB1bN2hN1_QqGtT1tN3wC1wN1 : 543.3694279 (0.08)%
     GtT1tN3wC1wN1_QqGbB1bN2hN1 : 543.3694279 (0.08)%
              C2wN2hN1_N4wC1wN1 : 533.1168189 (0.08)%
    GbB1bN4wC1wN1_GtT1tN3wC1wN1 : 530.3235595 (0.08)%
              C2wN2hN1_N3wC1wN1 : 527.7001131 (0.08)%
                QqN2hN1_QqN2hN1 : 527.2802154 (0.08)%
        QqC1wN1_QqGbB1bN4hN2hN1 : 520.0332727 (0.08)%
           T1bC1wN1_T1tN3zN2hN1 : 519.8522394 (0.08)%
        GbB1tC1wN1_QqGbB1bN2zN1 : 518.1676005 (0.08)%
        GbB1bN2zN1_QqGbB1tC1wN1 : 518.1676005 (0.08)%
QqGbB1bN3wC1wN1_QqGbB1tC2zC1wN1 : 516.1386935 (0.08)%
  GtT1tN3wC1wN1_QqGbB1tC2zC1wN1 : 510.6760403 (0.08)%
  GbB1tC2zC1wN1_QqGtT1tN3wC1wN1 : 510.6760403 (0.08)%
QqGbB1bN3wC1wN1_QqGbB1tC2hC1wN1 : 510.5224710 (0.08)%
       GbB1bN3wC1wN1_GbB1tC2wN1 : 510.4669142 (0.08)%
       GbB1tC1wN1_GtT1tN3zN2hN1 : 508.4702899 (0.08)%
   QqGbB1tC2wN2hN1_QqGtT1bC1wN1 : 508.2304282 (0.08)%
  GtT1tN3wC1wN1_QqGbB1tC2hC1wN1 : 505.1192581 (0.08)%
  GbB1tC2hC1wN1_QqGtT1tN3wC1wN1 : 505.1192581 (0.08)%
   QqGbB1bN2hN1_QqGbB1tC2wN2hN1 : 502.6900774 (0.07)%
          GtT1bC1wN1_GtT1tN2hN1 : 501.0480763 (0.07)%
          GbB1bN2hN1_GtT1tN2hN1 : 495.5860222 (0.07)%
        QqC1wN1_QqGtT1bC2zC1wN1 : 494.3307168 (0.07)%
                          N1_N1 : 494.1327187 (0.07)%
                    N2hN1_N2hN1 : 491.5857628 (0.07)%
      QqGbB1tC1wN1_QqGbB1tC2wN1 : 490.1040812 (0.07)%
        QqC1wN1_QqGtT1bC2hC1wN1 : 488.9517918 (0.07)%
           T1tN2hN1_T1tN3wC1wN1 : 483.0849894 (0.07)%
             GtT1tN2hN1_QqN2hN1 : 480.7326744 (0.07)%
    GbB1tC2wN2hN1_GbB1tC2wN2hN1 : 477.8739966 (0.07)%
     GbB1tC1wN1_QqGtT1bC2wN2hN1 : 475.2772532 (0.07)%
     GtT1bC2wN2hN1_QqGbB1tC1wN1 : 475.2772532 (0.07)%
  GtT1tN3wC1wN1_QqGbB1bN3wC1wN1 : 473.8907795 (0.07)%
  GbB1bN3wC1wN1_QqGtT1tN3wC1wN1 : 473.8907795 (0.07)%
QqGbB1tC2wN2hN1_QqGbB1tC2zC1wN1 : 472.4442801 (0.07)%
          GbB1bN3zN1_GbB1tC1wN1 : 467.7639446 (0.07)%
QqGbB1tC2hC1wN1_QqGbB1tC2wN2hN1 : 467.3035064 (0.07)%
       GbB1tC2wN1_GbB1tC2wN2hN1 : 467.2526529 (0.07)%
       GbB1tC2zC1wN1_GtT1tN2hN1 : 465.7676609 (0.07)%
   QqGbB1bN4wC1wN1_QqGtT1bC1wN1 : 465.7518011 (0.07)%
       GbB1bN3zN2hN1_GtT1bC1wN1 : 465.1130059 (0.07)%
       GbB1tC2hC1wN1_GtT1tN2hN1 : 460.6995369 (0.07)%
   QqGbB1bN2hN1_QqGbB1bN4wC1wN1 : 460.6745208 (0.07)%
       GbB1bN2hN1_GbB1bN3zN2hN1 : 460.0426892 (0.07)%
           QqC1wN1_QqGbB1bN2zN1 : 457.7810133 (0.07)%
          GbB1bN3zN2hN1_QqN2hN1 : 446.2546206 (0.07)%
        GtT1bC1wN1_QqGbB1tC2wN1 : 443.5680788 (0.07)%
        GbB1tC2wN1_QqGtT1bC1wN1 : 443.5680788 (0.07)%
        GbB1bN2hN1_QqGbB1tC2wN1 : 438.7326289 (0.07)%
        GbB1tC2wN1_QqGbB1bN2hN1 : 438.7326289 (0.07)%
QqGbB1bN3wC1wN1_QqGbB1tC2wN2hN1 : 438.4129478 (0.07)%
  GtT1tN3wC1wN1_QqGbB1tC2wN2hN1 : 433.7729199 (0.06)%
  GbB1tC2wN2hN1_QqGtT1tN3wC1wN1 : 433.7729199 (0.06)%
QqGbB1bN4wC1wN1_QqGbB1tC2zC1wN1 : 432.9567105 (0.06)%
    GbB1bN3zN2hN1_GbB1tC2zC1wN1 : 432.3628949 (0.06)%
       GbB1bN3wC1wN1_GtT1tN2hN1 : 432.2172620 (0.06)%
             GbB1bN1_GtT1bC1wN1 : 429.8795015 (0.06)%
QqGbB1bN4wC1wN1_QqGbB1tC2hC1wN1 : 428.2456100 (0.06)%
       GbB1bN4wC1wN1_GbB1tC2wN1 : 428.1990069 (0.06)%
    GbB1bN3zN2hN1_GbB1tC2hC1wN1 : 427.6582559 (0.06)%
             GbB1bN1_GbB1bN2hN1 : 425.1932743 (0.06)%
        QqC1wN1_QqGtT1bC2wN2hN1 : 419.8890521 (0.06)%
      QqGbB1tC1wN1_QqGtT1tN2hN1 : 414.9758548 (0.06)%
     GbB1tC1wN1_QqGbB1tC2wN2zN1 : 413.6542498 (0.06)%
     GbB1tC2wN2zN1_QqGbB1tC1wN1 : 413.6542498 (0.06)%
             GbB1bN4hN1_QqC1wN1 : 413.2137382 (0.06)%
                GbB1bN1_QqN2hN1 : 412.4496873 (0.06)%
     GbB1tC2zC1wN1_QqGbB1tC2wN1 : 412.3350159 (0.06)%
     GbB1tC2wN1_QqGbB1tC2zC1wN1 : 412.3350159 (0.06)%
     GbB1tC2hC1wN1_QqGbB1tC2wN1 : 407.8483047 (0.06)%
     GbB1tC2wN1_QqGbB1tC2hC1wN1 : 407.8483047 (0.06)%
QqGbB1bN3wC1wN1_QqGbB1bN4wC1wN1 : 401.7697657 (0.06)%
    GbB1bN4wC1wN1_GbB1bN4wC1wN1 : 401.3295692 (0.06)%
    GbB1bN3wC1wN1_GbB1bN3zN2hN1 : 401.2187241 (0.06)%
          GbB1bN1_GbB1tC2zC1wN1 : 399.6102955 (0.06)%
       GbB1bN4hN2hN1_GtT1bC1wN1 : 398.1153657 (0.06)%
  GtT1tN3wC1wN1_QqGbB1bN4wC1wN1 : 397.5175580 (0.06)%
  GbB1bN4wC1wN1_QqGtT1tN3wC1wN1 : 397.5175580 (0.06)%
       GbB1tC2wN2hN1_GtT1tN2hN1 : 395.6273299 (0.06)%
          GbB1bN1_GbB1tC2hC1wN1 : 395.2620450 (0.06)%
        QqGtT1tN3wC1wN1_QqN2hN1 : 393.8883688 (0.06)%
       GbB1bN2hN1_GbB1bN4hN2hN1 : 393.7754075 (0.06)%
   QqGbB1bN3zN2hN1_QqGbB1tC1wN1 : 385.2138673 (0.06)%
     GbB1bN3wC1wN1_QqGbB1tC2wN1 : 382.6335028 (0.06)%
     GbB1tC2wN1_QqGbB1bN3wC1wN1 : 382.6335028 (0.06)%
          GbB1bN4hN2hN1_QqN2hN1 : 381.9734543 (0.06)%
     GbB1tC1wN1_QqGtT1tN3zN2hN1 : 381.1368821 (0.06)%
     GtT1tN3zN2hN1_QqGbB1tC1wN1 : 381.1368821 (0.06)%
       GtT1bC1wN1_GtT1bC2zC1wN1 : 378.4385816 (0.06)%
           QqGbB1tC1wN1_QqN2zN1 : 375.6195701 (0.06)%
        GtT1tN2hN1_QqGtT1bC1wN1 : 375.5733725 (0.06)%
        GtT1bC1wN1_QqGtT1tN2hN1 : 375.5733725 (0.06)%
       GtT1bC1wN1_GtT1bC2hC1wN1 : 374.3207053 (0.06)%
       GbB1bN2hN1_GtT1bC2zC1wN1 : 374.3131252 (0.06)%
        GtT1tN2hN1_QqGbB1bN2hN1 : 371.4791504 (0.06)%
        GbB1bN2hN1_QqGtT1tN2hN1 : 371.4791504 (0.06)%
          GbB1bN1_GbB1bN3wC1wN1 : 370.8253756 (0.06)%
       GbB1bN2hN1_GtT1bC2hC1wN1 : 370.2401389 (0.06)%
    GbB1bN4hN2hN1_GbB1tC2zC1wN1 : 370.0827753 (0.06)%
QqGbB1bN4wC1wN1_QqGbB1tC2wN2hN1 : 367.7574073 (0.05)%
    GbB1bN3zN2hN1_GbB1tC2wN2hN1 : 367.2530148 (0.05)%
             GtT1bC2wN1_QqC1wN1 : 366.4664093 (0.05)%
    GbB1bN4hN2hN1_GbB1tC2hC1wN1 : 366.0558204 (0.05)%
        QqC1wN1_QqGbB1tC2wN2zN1 : 365.4475144 (0.05)%
        T1bC2zC1wN1_T1tN3wC1wN1 : 364.8711707 (0.05)%
          GtT1bC2zC1wN1_QqN2hN1 : 363.0944814 (0.05)%
       GbB1bN4wC1wN1_GtT1tN2hN1 : 362.5602310 (0.05)%
        T1bC2hC1wN1_T1tN3wC1wN1 : 360.9009245 (0.05)%
          GtT1bC2hC1wN1_QqN2hN1 : 359.1435677 (0.05)%
         QqGbB1bN1_QqGbB1tC1wN1 : 356.0329278 (0.05)%
        T1tN3wC1wN1_T1tN3wC1wN1 : 353.3086770 (0.05)%
    GbB1tC2zC1wN1_GtT1bC2zC1wN1 : 351.7914972 (0.05)%
        GbB1tC1wN1_QqGbB1bN3zN1 : 350.6244021 (0.05)%
        GbB1bN3zN1_QqGbB1tC1wN1 : 350.6244021 (0.05)%
          GbB1bN2zN1_GtT1bC1wN1 : 350.4576824 (0.05)%
     GbB1tC2wN2hN1_QqGbB1tC2wN1 : 350.2411504 (0.05)%
     GbB1tC2wN1_QqGbB1tC2wN2hN1 : 350.2411504 (0.05)%
          GbB1bN4hN1_GbB1tC1wN1 : 349.5268917 (0.05)%
     GtT1tN2hN1_QqGbB1tC2zC1wN1 : 349.1280367 (0.05)%
     GbB1tC2zC1wN1_QqGtT1tN2hN1 : 349.1280367 (0.05)%
     GtT1bC1wN1_QqGbB1bN3zN2hN1 : 348.6373234 (0.05)%
     GbB1bN3zN2hN1_QqGtT1bC1wN1 : 348.6373234 (0.05)%
    GbB1tC2zC1wN1_GtT1bC2hC1wN1 : 347.9635739 (0.05)%
    GbB1tC2hC1wN1_GtT1bC2zC1wN1 : 347.9635739 (0.05)%
          GbB1bN2hN1_GbB1bN2zN1 : 346.6372529 (0.05)%
     GbB1tC2hC1wN1_QqGtT1tN2hN1 : 345.3290951 (0.05)%
     GtT1tN2hN1_QqGbB1tC2hC1wN1 : 345.3290951 (0.05)%
     GbB1bN2hN1_QqGbB1bN3zN2hN1 : 344.8367381 (0.05)%
     GbB1bN3zN2hN1_QqGbB1bN2hN1 : 344.8367381 (0.05)%
    GbB1tC2hC1wN1_GtT1bC2hC1wN1 : 344.1773030 (0.05)%
    GbB1bN3wC1wN1_GbB1bN4hN2hN1 : 343.4247958 (0.05)%
             GtT1bC1wN1_QqN2zN1 : 339.9540168 (0.05)%
          GbB1bN1_GbB1tC2wN2hN1 : 339.4326560 (0.05)%
        QqC1wN1_QqGtT1tN3zN2hN1 : 336.7196790 (0.05)%
    GbB1bN3zN2hN1_GbB1bN4wC1wN1 : 336.5574819 (0.05)%
              C2hC1wN1_C2zC1wN1 : 336.3211922 (0.05)%
             GbB1bN2zN1_QqN2hN1 : 336.2480905 (0.05)%
             GbB1bN2hN1_QqN2zN1 : 336.2480905 (0.05)%
   QqGbB1bN4hN2hN1_QqGbB1tC1wN1 : 329.7253736 (0.05)%
    GbB1bN3wC1wN1_GtT1bC2zC1wN1 : 326.4510838 (0.05)%
       GbB1bN2zN1_GbB1tC2zC1wN1 : 325.7808236 (0.05)%
  GbB1bN3zN2hN1_QqGbB1tC2zC1wN1 : 324.0886419 (0.05)%
  GbB1tC2zC1wN1_QqGbB1bN3zN2hN1 : 324.0886419 (0.05)%
     GtT1tN2hN1_QqGbB1bN3wC1wN1 : 323.9794790 (0.05)%
     GbB1bN3wC1wN1_QqGtT1tN2hN1 : 323.9794790 (0.05)%
    GbB1bN3wC1wN1_GtT1bC2hC1wN1 : 322.8988953 (0.05)%
       GbB1bN2zN1_GbB1tC2hC1wN1 : 322.2359283 (0.05)%
           GbB1bN1_QqGtT1bC1wN1 : 322.2271510 (0.05)%
           GtT1bC1wN1_QqGbB1bN1 : 322.2271510 (0.05)%
      QqGtT1bC1wN1_QqGtT1bC1wN1 : 321.8279668 (0.05)%
       GtT1bC1wN1_GtT1bC2wN2hN1 : 321.4492078 (0.05)%
     GbB1bN4wC1wN1_QqGbB1tC2wN1 : 320.9674934 (0.05)%
     GbB1tC2wN1_QqGbB1bN4wC1wN1 : 320.9674934 (0.05)%
  GbB1tC2hC1wN1_QqGbB1bN3zN2hN1 : 320.5621596 (0.05)%
  GbB1bN3zN2hN1_QqGbB1tC2hC1wN1 : 320.5621596 (0.05)%
           GbB1bN1_QqGbB1bN2hN1 : 318.7144698 (0.05)%
           GbB1bN2hN1_QqGbB1bN1 : 318.7144698 (0.05)%
           QqGbB1tC2wN1_QqN2hN1 : 318.0371781 (0.05)%
       GbB1bN2hN1_GtT1bC2wN2hN1 : 317.9450071 (0.05)%
              T1bC1wN1_T1bC2wN1 : 316.9234338 (0.05)%
          GbB1tC2zC1wN1_QqN2zN1 : 316.0167551 (0.05)%
      QqGbB1bN2hN1_QqGbB1bN2hN1 : 314.8495529 (0.05)%
    GbB1bN4hN2hN1_GbB1tC2wN2hN1 : 314.3517091 (0.05)%
   QqGbB1tC1wN1_QqGtT1bC2zC1wN1 : 313.4287532 (0.05)%
          GbB1tC2hC1wN1_QqN2zN1 : 312.5781048 (0.05)%
          GbB1bN1_GbB1bN4wC1wN1 : 311.0623885 (0.05)%
   QqGbB1tC1wN1_QqGtT1bC2hC1wN1 : 310.0182637 (0.05)%
          GbB1tC1wN1_GtT1bC2wN1 : 309.9845264 (0.05)%
        T1bC2wN2hN1_T1tN3wC1wN1 : 309.9249243 (0.05)%
           QqC1wN1_QqGbB1bN3zN1 : 309.7630843 (0.05)%
          GtT1bC2wN2hN1_QqN2hN1 : 308.4157881 (0.05)%
   QqGtT1bC1wN1_QqGtT1tN3wC1wN1 : 307.7260834 (0.05)%
             GtT1tN3zN1_QqC1wN1 : 306.4846470 (0.05)%
   QqGbB1bN2hN1_QqGtT1tN3wC1wN1 : 304.3714821 (0.05)%
       GbB1bN2zN1_GbB1bN3wC1wN1 : 302.3140235 (0.05)%
  GbB1bN3wC1wN1_QqGbB1bN3zN2hN1 : 300.7437339 (0.04)%
  GbB1bN3zN2hN1_QqGbB1bN3wC1wN1 : 300.7437339 (0.04)%
        GbB1bN1_QqGbB1tC2zC1wN1 : 299.5380952 (0.04)%
        GbB1tC2zC1wN1_QqGbB1bN1 : 299.5380952 (0.04)%
    GbB1tC2zC1wN1_GtT1bC2wN2hN1 : 298.8149295 (0.04)%
    GbB1tC2wN2hN1_GtT1bC2zC1wN1 : 298.8149295 (0.04)%
     GbB1bN4hN2hN1_QqGtT1bC1wN1 : 298.4175324 (0.04)%
     GtT1bC1wN1_QqGbB1bN4hN2hN1 : 298.4175324 (0.04)%
     GtT1tN2hN1_QqGbB1tC2wN2hN1 : 296.5525617 (0.04)%
     GbB1tC2wN2hN1_QqGtT1tN2hN1 : 296.5525617 (0.04)%
        GbB1bN1_QqGbB1tC2hC1wN1 : 296.2787530 (0.04)%
        GbB1tC2hC1wN1_QqGbB1bN1 : 296.2787530 (0.04)%
    GbB1tC2hC1wN1_GtT1bC2wN2hN1 : 295.5634562 (0.04)%
    GbB1tC2wN2hN1_GtT1bC2hC1wN1 : 295.5634562 (0.04)%
     GbB1bN4hN2hN1_QqGbB1bN2hN1 : 295.1644060 (0.04)%
     GbB1bN2hN1_QqGbB1bN4hN2hN1 : 295.1644060 (0.04)%
          GbB1bN3wC1wN1_QqN2zN1 : 293.2532850 (0.04)%
      QqGbB1bN2zN1_QqGbB1tC1wN1 : 290.2545348 (0.04)%
              C2wN2hN1_C2zC1wN1 : 288.8169937 (0.04)%
    GbB1bN4hN2hN1_GbB1bN4wC1wN1 : 288.0777430 (0.04)%
QqGbB1tC2zC1wN1_QqGtT1tN3wC1wN1 : 286.0580947 (0.04)%
              C2hC1wN1_C2wN2hN1 : 285.6743102 (0.04)%
     GtT1bC2zC1wN1_QqGtT1bC1wN1 : 283.6682967 (0.04)%
     GtT1bC1wN1_QqGtT1bC2zC1wN1 : 283.6682967 (0.04)%
QqGbB1tC2hC1wN1_QqGtT1tN3wC1wN1 : 282.9454314 (0.04)%
       GbB1tC2wN1_GtT1tN3wC1wN1 : 282.9146404 (0.04)%
     GtT1bC2hC1wN1_QqGtT1bC1wN1 : 280.5816374 (0.04)%
     GtT1bC1wN1_QqGtT1bC2hC1wN1 : 280.5816374 (0.04)%
     GtT1bC2zC1wN1_QqGbB1bN2hN1 : 280.5759555 (0.04)%
     GbB1bN2hN1_QqGtT1bC2zC1wN1 : 280.5759555 (0.04)%
       GbB1tC2wN2zN1_GtT1bC1wN1 : 279.7710810 (0.04)%
QqGbB1tC2zC1wN1_QqGbB1tC2zC1wN1 : 278.1017015 (0.04)%
        GbB1bN1_QqGbB1bN3wC1wN1 : 277.9616238 (0.04)%
        GbB1bN3wC1wN1_QqGbB1bN1 : 277.9616238 (0.04)%
     GtT1bC2hC1wN1_QqGbB1bN2hN1 : 277.5229447 (0.04)%
     GbB1bN2hN1_QqGtT1bC2hC1wN1 : 277.5229447 (0.04)%
  GbB1bN4hN2hN1_QqGbB1tC2zC1wN1 : 277.4049888 (0.04)%
  GbB1tC2zC1wN1_QqGbB1bN4hN2hN1 : 277.4049888 (0.04)%
    GbB1bN3wC1wN1_GtT1bC2wN2hN1 : 277.2905496 (0.04)%
       GbB1bN2zN1_GbB1tC2wN2hN1 : 276.7212243 (0.04)%
       GbB1bN2hN1_GbB1tC2wN2zN1 : 276.7212243 (0.04)%
  GbB1tC2wN2hN1_QqGbB1bN3zN2hN1 : 275.2838697 (0.04)%
  GbB1bN3zN2hN1_QqGbB1tC2wN2hN1 : 275.2838697 (0.04)%
  GbB1bN4hN2hN1_QqGbB1tC2hC1wN1 : 274.3864820 (0.04)%
  GbB1tC2hC1wN1_QqGbB1bN4hN2hN1 : 274.3864820 (0.04)%
    GbB1bN4wC1wN1_GtT1bC2zC1wN1 : 273.8395497 (0.04)%
QqGbB1tC2hC1wN1_QqGbB1tC2hC1wN1 : 272.0824533 (0.04)%
     GbB1bN4wC1wN1_QqGtT1tN2hN1 : 271.7662738 (0.04)%
     GtT1tN2hN1_QqGbB1bN4wC1wN1 : 271.7662738 (0.04)%
    GbB1bN4wC1wN1_GtT1bC2hC1wN1 : 270.8598392 (0.04)%
             GtT1tN2zN1_QqC1wN1 : 270.0593035 (0.04)%
           QqGtT1tN2hN1_QqN2hN1 : 269.2851476 (0.04)%
          GbB1tC2wN2hN1_QqN2zN1 : 268.4275348 (0.04)%
          GbB1tC2wN2zN1_QqN2hN1 : 268.4275348 (0.04)%
                       C1wN1_N1 : 267.1615643 (0.04)%
   QqGbB1tC1wN1_QqGtT1bC2wN2hN1 : 266.2292623 (0.04)%
QqGbB1bN3wC1wN1_QqGtT1tN3wC1wN1 : 265.4526212 (0.04)%
              T1bC1wN1_T1tN3zN1 : 265.0506684 (0.04)%
  GtT1bC2zC1wN1_QqGbB1tC2zC1wN1 : 263.6942945 (0.04)%
  GbB1tC2zC1wN1_QqGtT1bC2zC1wN1 : 263.6942945 (0.04)%
        GtT1bC1wN1_QqGbB1bN2zN1 : 262.6944996 (0.04)%
        GbB1bN2zN1_QqGtT1bC1wN1 : 262.6944996 (0.04)%
  GtT1tN3wC1wN1_QqGtT1tN3wC1wN1 : 262.6431523 (0.04)%
        GbB1bN4hN1_QqGbB1tC1wN1 : 261.9968017 (0.04)%
        GbB1tC1wN1_QqGbB1bN4hN1 : 261.9968017 (0.04)%
  GtT1bC2hC1wN1_QqGbB1tC2zC1wN1 : 260.8249769 (0.04)%
  GtT1bC2zC1wN1_QqGbB1tC2hC1wN1 : 260.8249769 (0.04)%
  GbB1tC2hC1wN1_QqGtT1bC2zC1wN1 : 260.8249769 (0.04)%
  GbB1tC2zC1wN1_QqGtT1bC2hC1wN1 : 260.8249769 (0.04)%
                 C2wN1_N4wC1wN1 : 260.6338174 (0.04)%
    GbB1tC2wN2zN1_GbB1tC2zC1wN1 : 260.0714944 (0.04)%
        GbB1bN2zN1_QqGbB1bN2hN1 : 259.8307992 (0.04)%
        GbB1bN2hN1_QqGbB1bN2zN1 : 259.8307992 (0.04)%
          GbB1tC1wN1_GtT1tN3zN1 : 259.2474938 (0.04)%
  GtT1bC2hC1wN1_QqGbB1tC2hC1wN1 : 257.9868810 (0.04)%
  GbB1tC2hC1wN1_QqGtT1bC2hC1wN1 : 257.9868810 (0.04)%
                 C2wN1_N3wC1wN1 : 257.9856610 (0.04)%
       GtT1bC1wN1_GtT1tN3zN2hN1 : 257.7782715 (0.04)%
  GbB1bN4hN2hN1_QqGbB1bN3wC1wN1 : 257.4228200 (0.04)%
  GbB1bN3wC1wN1_QqGbB1bN4hN2hN1 : 257.4228200 (0.04)%
    GbB1tC2hC1wN1_GbB1tC2wN2zN1 : 257.2415972 (0.04)%
       GbB1bN2hN1_GtT1tN3zN2hN1 : 254.9681641 (0.04)%
        GbB1bN1_QqGbB1tC2wN2hN1 : 254.4304098 (0.04)%
        GbB1tC2wN2hN1_QqGbB1bN1 : 254.4304098 (0.04)%
    GbB1tC2wN2hN1_GtT1bC2wN2hN1 : 253.8161462 (0.04)%
       GbB1bN2zN1_GbB1bN4wC1wN1 : 253.5924681 (0.04)%
  GbB1bN4wC1wN1_QqGbB1bN3zN2hN1 : 252.2752496 (0.04)%
  GbB1bN3zN2hN1_QqGbB1bN4wC1wN1 : 252.2752496 (0.04)%
          GbB1bN3zN2zN1_QqC1wN1 : 250.6907028 (0.04)%
        QqGbB1bN3zN2hN1_QqN2hN1 : 249.9720693 (0.04)%
           T1bC2zC1wN1_T1tN2hN1 : 249.4472923 (0.04)%
                 C1wN1_N3wC1wN1 : 249.0355578 (0.04)%
        T1tN3wC1wN1_T1tN3zN2hN1 : 248.5366563 (0.04)%
      QqGbB1tC2wN1_QqGtT1bC1wN1 : 248.4671876 (0.04)%
          GtT1tN3zN2hN1_QqN2hN1 : 247.3264417 (0.04)%
           T1bC2hC1wN1_T1tN2hN1 : 246.7329996 (0.04)%
          GbB1bN4wC1wN1_QqN2zN1 : 245.9919770 (0.04)%
      QqGbB1bN2hN1_QqGbB1tC2wN1 : 245.7585828 (0.04)%
  GtT1bC2zC1wN1_QqGbB1bN3wC1wN1 : 244.6997410 (0.04)%
  GbB1bN3wC1wN1_QqGtT1bC2zC1wN1 : 244.6997410 (0.04)%
     GbB1bN2zN1_QqGbB1tC2zC1wN1 : 244.1973303 (0.04)%
     GbB1tC2zC1wN1_QqGbB1bN2zN1 : 244.1973303 (0.04)%
                QqN2hN1_QqN2zN1 : 243.7461607 (0.04)%
QqGbB1tC2wN2hN1_QqGtT1tN3wC1wN1 : 242.9803735 (0.04)%
              B1bN2hN1_B1tC1wN1 : 242.5410704 (0.04)%
  GtT1bC2hC1wN1_QqGbB1bN3wC1wN1 : 242.0371074 (0.04)%
  GbB1bN3wC1wN1_QqGtT1bC2hC1wN1 : 242.0371074 (0.04)%
              B1tC1wN1_B1tC1wN1 : 241.8437785 (0.04)%
     GbB1bN2zN1_QqGbB1tC2hC1wN1 : 241.5401636 (0.04)%
     GbB1tC2hC1wN1_QqGbB1bN2zN1 : 241.5401636 (0.04)%
    GbB1bN3wC1wN1_GbB1tC2wN2zN1 : 241.3379001 (0.04)%
     GtT1bC2wN2hN1_QqGtT1bC1wN1 : 240.9504572 (0.04)%
     GtT1bC1wN1_QqGtT1bC2wN2hN1 : 240.9504572 (0.04)%
    GbB1tC2zC1wN1_GtT1tN3zN2hN1 : 239.6272697 (0.04)%
       GtT1tN2hN1_GtT1tN3wC1wN1 : 239.5465560 (0.04)%
QqGbB1bN3wC1wN1_QqGbB1bN3wC1wN1 : 239.4799722 (0.04)%
     GtT1bC2wN2hN1_QqGbB1bN2hN1 : 238.3237942 (0.04)%
     GbB1bN2hN1_QqGtT1bC2wN2hN1 : 238.3237942 (0.04)%
          GbB1bN3zN1_GtT1bC1wN1 : 237.1414485 (0.04)%
    GbB1tC2hC1wN1_GtT1tN3zN2hN1 : 237.0198309 (0.04)%
  GbB1bN4hN2hN1_QqGbB1tC2wN2hN1 : 235.6303459 (0.04)%
  GbB1tC2wN2hN1_QqGbB1bN4hN2hN1 : 235.6303459 (0.04)%
          GbB1bN2hN1_GbB1bN3zN1 : 234.5563085 (0.03)%
              T1bC1wN1_T1tN2zN1 : 233.5497050 (0.03)%
        GbB1bN1_QqGbB1bN4wC1wN1 : 233.1647517 (0.03)%
        GbB1bN4wC1wN1_QqGbB1bN1 : 233.1647517 (0.03)%
    GbB1bN4wC1wN1_GtT1bC2wN2hN1 : 232.6018291 (0.03)%
        GtT1bC2wN1_QqGbB1tC1wN1 : 232.3568127 (0.03)%
        GbB1tC1wN1_QqGtT1bC2wN1 : 232.3568127 (0.03)%
   QqGbB1tC1wN1_QqGbB1tC2wN2zN1 : 231.7107857 (0.03)%
           QqC1wN1_QqGbB1bN4hN1 : 231.4640307 (0.03)%
              QqGbB1bN1_QqN2hN1 : 231.0360432 (0.03)%
   QqGbB1tC2wN1_QqGbB1tC2zC1wN1 : 230.9718093 (0.03)%
   QqGbB1tC2hC1wN1_QqGbB1tC2wN1 : 228.4585525 (0.03)%
          GbB1tC1wN1_GtT1tN2zN1 : 228.4362309 (0.03)%
           B1tC1wN1_B1tC2zC1wN1 : 227.9478879 (0.03)%
             GbB1bN3zN1_QqN2hN1 : 227.5263556 (0.03)%
                    N2hN1_N2zN1 : 227.2456633 (0.03)%
     GbB1bN3wC1wN1_QqGbB1bN2zN1 : 226.6071914 (0.03)%
     GbB1bN2zN1_QqGbB1bN3wC1wN1 : 226.6071914 (0.03)%
           B1tC1wN1_B1tC2hC1wN1 : 225.4675351 (0.03)%
              N3wC1wN1_N4hN2hN1 : 225.4351323 (0.03)%
              C2zC1wN1_N4hN2hN1 : 225.2599490 (0.03)%
  GtT1bC2wN2hN1_QqGbB1tC2zC1wN1 : 223.9843562 (0.03)%
  GtT1bC2zC1wN1_QqGbB1tC2wN2hN1 : 223.9843562 (0.03)%
  GbB1tC2zC1wN1_QqGtT1bC2wN2hN1 : 223.9843562 (0.03)%
  GbB1tC2wN2hN1_QqGtT1bC2zC1wN1 : 223.9843562 (0.03)%
              C2hC1wN1_N4hN2hN1 : 222.8088443 (0.03)%
QqGbB1bN4wC1wN1_QqGtT1tN3wC1wN1 : 222.6717259 (0.03)%
    GbB1bN3wC1wN1_GtT1tN3zN2hN1 : 222.3663236 (0.03)%
    GbB1bN3zN2hN1_GtT1tN3wC1wN1 : 222.3663236 (0.03)%
  GtT1bC2hC1wN1_QqGbB1tC2wN2hN1 : 221.5471315 (0.03)%
  GtT1bC2wN2hN1_QqGbB1tC2hC1wN1 : 221.5471315 (0.03)%
  GbB1tC2hC1wN1_QqGtT1bC2wN2hN1 : 221.5471315 (0.03)%
  GbB1tC2wN2hN1_QqGtT1bC2hC1wN1 : 221.5471315 (0.03)%
              N3zN2hN1_N4wC1wN1 : 220.9272055 (0.03)%
    GbB1tC2wN2hN1_GbB1tC2wN2zN1 : 220.9071165 (0.03)%
       GbB1bN3zN1_GbB1tC2zC1wN1 : 220.4435522 (0.03)%
              C2zC1wN1_N3zN2hN1 : 218.5125503 (0.03)%
       GbB1bN3zN1_GbB1tC2hC1wN1 : 218.0448558 (0.03)%
              C2hC1wN1_N3zN2hN1 : 216.1348655 (0.03)%
  GbB1bN4hN2hN1_QqGbB1bN4wC1wN1 : 215.9360241 (0.03)%
  GbB1bN4wC1wN1_QqGbB1bN4hN2hN1 : 215.9360241 (0.03)%
          GbB1bN4hN2zN1_QqC1wN1 : 214.5797249 (0.03)%
   QqGbB1bN3wC1wN1_QqGbB1tC2wN1 : 214.3343375 (0.03)%
        QqGbB1bN4hN2hN1_QqN2hN1 : 213.9646075 (0.03)%
   QqGbB1tC1wN1_QqGtT1tN3zN2hN1 : 213.4959969 (0.03)%
     GtT1tN3wC1wN1_QqGbB1tC2wN1 : 212.0658888 (0.03)%
     GbB1tC2wN1_QqGtT1tN3wC1wN1 : 212.0658888 (0.03)%
       GbB1bN3zN2zN1_GbB1tC1wN1 : 212.0528289 (0.03)%
           T1bC2wN2hN1_T1tN2hN1 : 211.8828216 (0.03)%
           B1bN3wC1wN1_B1tC1wN1 : 211.5282366 (0.03)%
      QqGtT1bC1wN1_QqGtT1tN2hN1 : 210.3795653 (0.03)%
     GbB1tC2wN2zN1_QqGtT1bC1wN1 : 209.7095536 (0.03)%
     GtT1bC1wN1_QqGbB1tC2wN2zN1 : 209.7095536 (0.03)%
      QqGbB1bN2hN1_QqGtT1tN2hN1 : 208.0861634 (0.03)%
  GtT1bC2wN2hN1_QqGbB1bN3wC1wN1 : 207.8502079 (0.03)%
  GbB1bN3wC1wN1_QqGtT1bC2wN2hN1 : 207.8502079 (0.03)%
     GbB1tC2wN2hN1_QqGbB1bN2zN1 : 207.4234557 (0.03)%
     GbB1bN2zN1_QqGbB1tC2wN2hN1 : 207.4234557 (0.03)%
     GbB1tC2wN2zN1_QqGbB1bN2hN1 : 207.4234557 (0.03)%
     GbB1bN2hN1_QqGbB1tC2wN2zN1 : 207.4234557 (0.03)%
          GbB1bN1_GtT1tN3wC1wN1 : 205.5215037 (0.03)%
           QqC1wN1_QqGtT1bC2wN1 : 205.2782479 (0.03)%
  GtT1bC2zC1wN1_QqGbB1bN4wC1wN1 : 205.2634229 (0.03)%
  GbB1bN4wC1wN1_QqGtT1bC2zC1wN1 : 205.2634229 (0.03)%
       GbB1bN3wC1wN1_GbB1bN3zN1 : 204.5644568 (0.03)%
    GbB1tC2wN2hN1_GtT1tN3zN2hN1 : 203.5416042 (0.03)%
        QqGtT1bC2zC1wN1_QqN2hN1 : 203.3894433 (0.03)%
  GtT1bC2hC1wN1_QqGbB1bN4wC1wN1 : 203.0299049 (0.03)%
  GbB1bN4wC1wN1_QqGtT1bC2hC1wN1 : 203.0299049 (0.03)%
    GbB1bN4wC1wN1_GbB1tC2wN2zN1 : 202.4433833 (0.03)%
        QqGtT1bC2hC1wN1_QqN2hN1 : 201.1763165 (0.03)%
QqGbB1tC2wN2hN1_QqGbB1tC2wN2hN1 : 200.6492558 (0.03)%
      QqGbB1bN3zN1_QqGbB1tC1wN1 : 196.4042573 (0.03)%
   QqGbB1tC2wN1_QqGbB1tC2wN2hN1 : 196.1895767 (0.03)%
   QqGbB1tC2zC1wN1_QqGtT1tN2hN1 : 195.5660597 (0.03)%
   QqGbB1bN3zN2hN1_QqGtT1bC1wN1 : 195.2911838 (0.03)%
  GbB1tC2zC1wN1_QqGbB1tC2wN2zN1 : 194.9432257 (0.03)%
  GbB1tC2wN2zN1_QqGbB1tC2zC1wN1 : 194.9432257 (0.03)%
        GbB1tC1wN1_QqGtT1tN3zN1 : 194.3255750 (0.03)%
        GtT1tN3zN1_QqGbB1tC1wN1 : 194.3255750 (0.03)%
           B1tC1wN1_B1tC2wN2hN1 : 193.6210300 (0.03)%
   QqGbB1tC2hC1wN1_QqGtT1tN2hN1 : 193.4380609 (0.03)%
          GbB1tC2wN1_GtT1tN2hN1 : 193.4170103 (0.03)%
     GtT1tN3zN2hN1_QqGtT1bC1wN1 : 193.2242820 (0.03)%
     GtT1bC1wN1_QqGtT1tN3zN2hN1 : 193.2242820 (0.03)%
   QqGbB1bN2hN1_QqGbB1bN3zN2hN1 : 193.1622643 (0.03)%
  GbB1tC2hC1wN1_QqGbB1tC2wN2zN1 : 192.8220041 (0.03)%
  GbB1tC2wN2zN1_QqGbB1tC2hC1wN1 : 192.8220041 (0.03)%
              C2wN2hN1_N4hN2hN1 : 191.3378701 (0.03)%
     GbB1bN2hN1_QqGtT1tN3zN2hN1 : 191.1178943 (0.03)%
     GtT1tN3zN2hN1_QqGbB1bN2hN1 : 191.1178943 (0.03)%
           QqGtT1bC1wN1_QqN2zN1 : 190.4271802 (0.03)%
    GbB1bN4hN2hN1_GtT1tN3wC1wN1 : 190.3353575 (0.03)%
  GtT1bC2wN2hN1_QqGbB1tC2wN2hN1 : 190.2543698 (0.03)%
  GbB1tC2wN2hN1_QqGtT1bC2wN2hN1 : 190.2543698 (0.03)%
     GbB1bN4wC1wN1_QqGbB1bN2zN1 : 190.0867062 (0.03)%
     GbB1bN2zN1_QqGbB1bN4wC1wN1 : 190.0867062 (0.03)%
           QqGbB1bN2hN1_QqN2zN1 : 188.3512844 (0.03)%
           QqGbB1bN2zN1_QqN2hN1 : 188.3512844 (0.03)%
          GbB1wT1bC1wN1_QqC1wN1 : 187.3100738 (0.03)%
       GbB1bN3zN1_GbB1tC2wN2hN1 : 187.2467784 (0.03)%
    GbB1bN4wC1wN1_GtT1tN3zN2hN1 : 186.5293054 (0.03)%
        T1bC2hC1wN1_T1bC2zC1wN1 : 186.3559423 (0.03)%
              C2wN2hN1_N3zN2hN1 : 185.6065676 (0.03)%
QqGbB1bN3zN2hN1_QqGbB1tC2zC1wN1 : 181.5401000 (0.03)%
       GbB1bN4hN2zN1_GbB1tC1wN1 : 181.5074798 (0.03)%
   QqGbB1bN3wC1wN1_QqGtT1tN2hN1 : 181.4789518 (0.03)%
                GtT1tN1_QqC1wN1 : 181.2971766 (0.03)%
    GtT1bC2zC1wN1_GtT1tN3wC1wN1 : 180.9280649 (0.03)%
  GbB1bN3wC1wN1_QqGbB1tC2wN2zN1 : 180.9009820 (0.03)%
  GbB1tC2wN2zN1_QqGbB1bN3wC1wN1 : 180.9009820 (0.03)%
         QqGbB1bN1_QqGtT1bC1wN1 : 180.4973752 (0.03)%
   QqGbB1bN4wC1wN1_QqGbB1tC2wN1 : 179.7917709 (0.03)%
  GtT1tN3zN2hN1_QqGbB1tC2zC1wN1 : 179.6187354 (0.03)%
  GbB1tC2zC1wN1_QqGtT1tN3zN2hN1 : 179.6187354 (0.03)%
QqGbB1bN3zN2hN1_QqGbB1tC2hC1wN1 : 179.5647208 (0.03)%
     GtT1tN2hN1_QqGtT1tN3wC1wN1 : 179.5582343 (0.03)%
     GtT1tN3wC1wN1_QqGtT1tN2hN1 : 179.5582343 (0.03)%
       GbB1bN3zN2hN1_GbB1tC2wN1 : 179.5451800 (0.03)%
    GtT1bC2hC1wN1_GtT1tN3wC1wN1 : 178.9593455 (0.03)%
         QqGbB1bN1_QqGbB1bN2hN1 : 178.5297268 (0.03)%
        GtT1bC1wN1_QqGbB1bN3zN1 : 177.7554247 (0.03)%
        GbB1bN3zN1_QqGtT1bC1wN1 : 177.7554247 (0.03)%
  GtT1tN3zN2hN1_QqGbB1tC2hC1wN1 : 177.6642630 (0.03)%
  GbB1tC2hC1wN1_QqGtT1tN3zN2hN1 : 177.6642630 (0.03)%
        T2bC2zC1wN1_T2tN4wC1wN1 : 177.4649576 (0.03)%
           B1bN4wC1wN1_B1tC1wN1 : 177.4379070 (0.03)%
          GbB1bN4hN1_GtT1bC1wN1 : 177.1990218 (0.03)%
        QqGbB1tC2zC1wN1_QqN2zN1 : 177.0185866 (0.03)%
        GbB1bN2hN1_QqGbB1bN3zN1 : 175.8176670 (0.03)%
        GbB1bN3zN1_QqGbB1bN2hN1 : 175.8176670 (0.03)%
        T2bC2hC1wN1_T2tN4wC1wN1 : 175.5339210 (0.03)%
          GbB1bN2hN1_GbB1bN4hN1 : 175.2673296 (0.03)%
    GtT1tN3wC1wN1_GtT1tN3wC1wN1 : 175.1945902 (0.03)%
        QqGbB1tC2hC1wN1_QqN2zN1 : 175.0924070 (0.03)%
  GtT1bC2wN2hN1_QqGbB1bN4wC1wN1 : 174.3526371 (0.03)%
  GbB1bN4wC1wN1_QqGtT1bC2wN2hN1 : 174.3526371 (0.03)%
          GtT1bC2wN2zN1_QqC1wN1 : 173.2575241 (0.03)%
        QqGtT1bC2wN2hN1_QqN2hN1 : 172.7608616 (0.03)%
        B2tC2hC1wN1_B2tC2zC1wN1 : 172.6109000 (0.03)%
           QqC1wN1_QqGtT1tN3zN1 : 171.6791219 (0.03)%
       GbB1bN3zN1_GbB1bN4wC1wN1 : 171.5964244 (0.03)%
        GbB1tC1wN1_QqGtT1tN2zN1 : 171.2302066 (0.03)%
        GtT1tN2zN1_QqGbB1tC1wN1 : 171.2302066 (0.03)%
        GbB1tC2wN1_QqGbB1tC2wN1 : 171.2283027 (0.03)%
             GbB1bN4hN1_QqN2hN1 : 170.0143433 (0.03)%
              C2zC1wN1_C2zC1wN1 : 170.0105192 (0.03)%
           T1tN2hN1_T1tN3zN2hN1 : 169.9142079 (0.03)%
QqGbB1bN4wC1wN1_QqGbB1bN4wC1wN1 : 168.5098582 (0.03)%
QqGbB1bN3wC1wN1_QqGbB1bN3zN2hN1 : 168.4633167 (0.03)%
      QqGbB1bN1_QqGbB1tC2zC1wN1 : 167.7879713 (0.03)%
       GbB1bN2zN1_GtT1tN3wC1wN1 : 167.5506499 (0.02)%
   QqGbB1bN4hN2hN1_QqGtT1bC1wN1 : 167.1602817 (0.02)%
  GtT1tN3wC1wN1_QqGbB1bN3zN2hN1 : 166.6803527 (0.02)%
  GtT1tN3zN2hN1_QqGbB1bN3wC1wN1 : 166.6803527 (0.02)%
  GbB1bN3zN2hN1_QqGtT1tN3wC1wN1 : 166.6803527 (0.02)%
  GbB1bN3wC1wN1_QqGtT1tN3zN2hN1 : 166.6803527 (0.02)%
              C2hC1wN1_C2hC1wN1 : 166.3308024 (0.02)%
   QqGbB1tC2wN2hN1_QqGtT1tN2hN1 : 166.1156077 (0.02)%
      QqGbB1bN1_QqGbB1tC2hC1wN1 : 165.9622322 (0.02)%
             GbB1bN1_GbB1tC2wN1 : 165.9441716 (0.02)%
  GbB1tC2wN2zN1_QqGbB1tC2wN2hN1 : 165.5865668 (0.02)%
  GbB1tC2wN2hN1_QqGbB1tC2wN2zN1 : 165.5865668 (0.02)%
   QqGbB1bN2hN1_QqGbB1bN4hN2hN1 : 165.3380244 (0.02)%
     GbB1bN3zN1_QqGbB1tC2zC1wN1 : 165.2390903 (0.02)%
     GbB1tC2zC1wN1_QqGbB1bN3zN1 : 165.2390903 (0.02)%
              T1tN2hN1_T1tN2hN1 : 165.1325896 (0.02)%
       GbB1bN4hN1_GbB1tC2zC1wN1 : 164.7218656 (0.02)%
        QqGbB1bN3wC1wN1_QqN2zN1 : 164.2674991 (0.02)%
             GbB1bN3hN1_QqC1wN1 : 163.4906119 (0.02)%
     GbB1tC2hC1wN1_QqGbB1bN3zN1 : 163.4410862 (0.02)%
     GbB1bN3zN1_QqGbB1tC2hC1wN1 : 163.4410862 (0.02)%
       GbB1bN4hN1_GbB1tC2hC1wN1 : 162.9294895 (0.02)%
          GtT1tN4wC1wN1_QqC1wN1 : 162.6165615 (0.02)%
          GtT1tN3wC1wN1_QqN2zN1 : 162.5289424 (0.02)%
                GbB1tC1wN1_QqN1 : 162.0758089 (0.02)%
        T1bC2wN2hN1_T1bC2zC1wN1 : 160.0338137 (0.02)%
     GbB1tC1wN1_QqGbB1bN3zN2zN1 : 158.9496095 (0.02)%
     GbB1bN3zN2zN1_QqGbB1tC1wN1 : 158.9496095 (0.02)%
   QqGtT1bC1wN1_QqGtT1bC2zC1wN1 : 158.8984132 (0.02)%
       GbB1tC1wN1_GbB1wT1bC1wN1 : 158.4407822 (0.02)%
        T1bC2hC1wN1_T1bC2wN2hN1 : 158.2924493 (0.02)%
   QqGtT1bC1wN1_QqGtT1bC2hC1wN1 : 157.1694034 (0.02)%
   QqGbB1bN2hN1_QqGtT1bC2zC1wN1 : 157.1662207 (0.02)%
          GtT1bC1wN1_GtT1bC2wN1 : 157.1522997 (0.02)%
                 T1bC1wN1_T1tN1 : 156.7874224 (0.02)%
        T2tN4wC1wN1_T2tN4wC1wN1 : 155.7588690 (0.02)%
      QqGbB1bN1_QqGbB1bN3wC1wN1 : 155.7017879 (0.02)%
   QqGbB1bN2hN1_QqGtT1bC2hC1wN1 : 155.4560593 (0.02)%
          GbB1bN2hN1_GtT1bC2wN1 : 155.4391420 (0.02)%
QqGbB1bN4hN2hN1_QqGbB1tC2zC1wN1 : 155.3899856 (0.02)%
QqGbB1bN3zN2hN1_QqGbB1tC2wN2hN1 : 154.2018286 (0.02)%
        GbB1bN1_QqGtT1tN3wC1wN1 : 154.0538880 (0.02)%
        GtT1tN3wC1wN1_QqGbB1bN1 : 154.0538880 (0.02)%
QqGbB1bN4hN2hN1_QqGbB1tC2hC1wN1 : 153.6991518 (0.02)%
       GbB1bN4hN2hN1_GbB1tC2wN1 : 153.6824258 (0.02)%
    GtT1bC2wN2hN1_GtT1tN3wC1wN1 : 153.6819604 (0.02)%
             GbB1tC1wN1_GtT1tN1 : 153.3546268 (0.02)%
     GbB1bN3zN1_QqGbB1bN3wC1wN1 : 153.3365092 (0.02)%
     GbB1bN3wC1wN1_QqGbB1bN3zN1 : 153.3365092 (0.02)%
       GbB1bN3wC1wN1_GbB1bN4hN1 : 152.8565414 (0.02)%
  GtT1tN3zN2hN1_QqGbB1tC2wN2hN1 : 152.5698039 (0.02)%
  GbB1tC2wN2hN1_QqGtT1tN3zN2hN1 : 152.5698039 (0.02)%
   QqGbB1bN4wC1wN1_QqGtT1tN2hN1 : 152.2314273 (0.02)%
       GbB1bN3zN2hN1_GtT1tN2hN1 : 152.0226364 (0.02)%
  GbB1bN4wC1wN1_QqGbB1tC2wN2zN1 : 151.7466043 (0.02)%
  GbB1tC2wN2zN1_QqGbB1bN4wC1wN1 : 151.7466043 (0.02)%
           T1bC2wN1_T1tN3wC1wN1 : 151.5182288 (0.02)%
           QqC1wN1_QqGtT1tN2zN1 : 151.2752581 (0.02)%
             GtT1bC2wN1_QqN2hN1 : 150.7804319 (0.02)%
        T2bC2wN2hN1_T2tN4wC1wN1 : 150.7403653 (0.02)%
        QqGbB1tC2wN2hN1_QqN2zN1 : 150.3612136 (0.02)%
        QqGbB1tC2wN2zN1_QqN2hN1 : 150.3612136 (0.02)%
           T1bC1wN1_T1bC2wN2zN1 : 149.8346589 (0.02)%
        B2tC2wN2hN1_B2tC2zC1wN1 : 148.2302108 (0.02)%
QqGbB1tC2zC1wN1_QqGtT1bC2zC1wN1 : 147.7098621 (0.02)%
      QqGbB1bN2zN1_QqGtT1bC1wN1 : 147.1498212 (0.02)%
      QqGbB1bN4hN1_QqGbB1tC1wN1 : 146.7590018 (0.02)%
        B2tC2hC1wN1_B2tC2wN2hN1 : 146.6172842 (0.02)%
       GbB1tC1wN1_GtT1bC2wN2zN1 : 146.5540911 (0.02)%
QqGbB1tC2zC1wN1_QqGtT1bC2hC1wN1 : 146.1025974 (0.02)%
QqGbB1tC2hC1wN1_QqGtT1bC2zC1wN1 : 146.1025974 (0.02)%
       GbB1tC2zC1wN1_GtT1bC2wN1 : 146.0866981 (0.02)%
       GbB1tC2wN1_GtT1bC2zC1wN1 : 146.0866981 (0.02)%
      QqGbB1bN2hN1_QqGbB1bN2zN1 : 145.5457031 (0.02)%
        GtT1tN2hN1_QqGbB1tC2wN1 : 144.9806561 (0.02)%
        GbB1tC2wN1_QqGtT1tN2hN1 : 144.9806561 (0.02)%
QqGbB1tC2hC1wN1_QqGtT1bC2hC1wN1 : 144.5128218 (0.02)%
       GbB1tC2hC1wN1_GtT1bC2wN1 : 144.4970955 (0.02)%
       GbB1tC2wN1_GtT1bC2hC1wN1 : 144.4970955 (0.02)%
QqGbB1bN3wC1wN1_QqGbB1bN4hN2hN1 : 144.1968599 (0.02)%
                   QqC1wN1_QqN1 : 143.1877022 (0.02)%
  GtT1tN3wC1wN1_QqGbB1bN4hN2hN1 : 142.6707246 (0.02)%
  GbB1bN4hN2hN1_QqGtT1tN3wC1wN1 : 142.6707246 (0.02)%
      QqGbB1bN1_QqGbB1tC2wN2hN1 : 142.5206442 (0.02)%
             GbB1bN4zN1_QqC1wN1 : 142.1155798 (0.02)%
QqGbB1bN3zN2hN1_QqGbB1bN4wC1wN1 : 141.3134189 (0.02)%
                 C2wN1_C2zC1wN1 : 141.1988385 (0.02)%
           T1bC1wN1_T1tN4wC1wN1 : 140.6322592 (0.02)%
             GbB1bN1_GtT1tN2hN1 : 140.5065314 (0.02)%
        QqC1wN1_QqGbB1bN3zN2zN1 : 140.4258260 (0.02)%
     GbB1bN3zN1_QqGbB1tC2wN2hN1 : 140.3556013 (0.02)%
     GbB1tC2wN2hN1_QqGbB1bN3zN1 : 140.3556013 (0.02)%
       GbB1bN4hN1_GbB1tC2wN2hN1 : 139.9162659 (0.02)%
  GtT1tN3zN2hN1_QqGbB1bN4wC1wN1 : 139.8178012 (0.02)%
  GbB1bN4wC1wN1_QqGtT1tN3zN2hN1 : 139.8178012 (0.02)%
                 C2hC1wN1_C2wN1 : 139.6624218 (0.02)%
          GtT1tN3zN2zN1_QqC1wN1 : 138.9396023 (0.02)%
        QqGtT1tN3zN2hN1_QqN2hN1 : 138.5413160 (0.02)%
          GbB1bN3hN1_GbB1tC1wN1 : 138.2925109 (0.02)%
        QqGbB1bN4wC1wN1_QqN2zN1 : 137.7938080 (0.02)%
       GbB1tC1wN1_GtT1tN4wC1wN1 : 137.5531742 (0.02)%
QqGbB1bN3wC1wN1_QqGtT1bC2zC1wN1 : 137.0699546 (0.02)%
   QqGbB1bN2zN1_QqGbB1tC2zC1wN1 : 136.7885264 (0.02)%
     GbB1tC1wN1_QqGbB1bN4hN2zN1 : 136.0535636 (0.02)%
     GbB1bN4hN2zN1_QqGbB1tC1wN1 : 136.0535636 (0.02)%
  GtT1bC2zC1wN1_QqGtT1tN3wC1wN1 : 135.6192484 (0.02)%
  GtT1tN3wC1wN1_QqGtT1bC2zC1wN1 : 135.6192484 (0.02)%
QqGbB1bN3wC1wN1_QqGtT1bC2hC1wN1 : 135.5784653 (0.02)%
       GbB1bN3wC1wN1_GtT1bC2wN1 : 135.5637112 (0.02)%
   QqGbB1bN2zN1_QqGbB1tC2hC1wN1 : 135.3000994 (0.02)%
          GbB1bN2zN1_GbB1tC2wN1 : 135.2853756 (0.02)%
   QqGtT1bC1wN1_QqGtT1bC2wN2hN1 : 134.9697719 (0.02)%
     GbB1tC2wN1_QqGbB1bN3zN2hN1 : 134.5826717 (0.02)%
     GbB1bN3zN2hN1_QqGbB1tC2wN1 : 134.5826717 (0.02)%
  GtT1bC2hC1wN1_QqGtT1tN3wC1wN1 : 134.1435445 (0.02)%
  GtT1tN3wC1wN1_QqGtT1bC2hC1wN1 : 134.1435445 (0.02)%
    GbB1tC2wN2zN1_GtT1tN3wC1wN1 : 133.7560248 (0.02)%
   QqGbB1bN2hN1_QqGtT1bC2wN2hN1 : 133.4984317 (0.02)%
        GtT1bC1wN1_QqGbB1bN4hN1 : 132.8240490 (0.02)%
        GbB1bN4hN1_QqGtT1bC1wN1 : 132.8240490 (0.02)%
QqGbB1bN4hN2hN1_QqGbB1tC2wN2hN1 : 131.9896813 (0.02)%
          GtT1bC1wN1_GtT1tN3zN1 : 131.4302372 (0.02)%
        GbB1bN2hN1_QqGbB1bN4hN1 : 131.3760998 (0.02)%
        GbB1bN4hN1_QqGbB1bN2hN1 : 131.3760998 (0.02)%
             GbB1tC2wN1_QqN2zN1 : 131.2306996 (0.02)%
      QqGbB1bN1_QqGbB1bN4wC1wN1 : 130.6085646 (0.02)%
          GbB1bN1_GbB1bN3zN2hN1 : 130.4294303 (0.02)%
      QqGbB1tC1wN1_QqGtT1bC2wN1 : 130.1559930 (0.02)%
       GbB1bN4hN2hN1_GtT1tN2hN1 : 130.1243928 (0.02)%
          GbB1bN2hN1_GtT1tN3zN1 : 129.9974824 (0.02)%
        T2tN3wC1wN1_T2tN4wC1wN1 : 128.9705171 (0.02)%
     GbB1bN4wC1wN1_QqGbB1bN3zN1 : 128.6244791 (0.02)%
     GbB1bN3zN1_QqGbB1bN4wC1wN1 : 128.6244791 (0.02)%
        B2bN3wC1wN1_B2tC2zC1wN1 : 128.4865509 (0.02)%
        B2bN4wC1wN1_B2tC2zC1wN1 : 128.3907992 (0.02)%
        T1bC2zC1wN1_T1tN3zN2hN1 : 128.3351736 (0.02)%
       GbB1bN4hN1_GbB1bN4wC1wN1 : 128.2218640 (0.02)%
           QqGbB1bN3zN1_QqN2hN1 : 127.4501849 (0.02)%
        B2bN3wC1wN1_B2tC2hC1wN1 : 127.0884595 (0.02)%
        B2bN4wC1wN1_B2tC2hC1wN1 : 126.9937497 (0.02)%
        T1bC2hC1wN1_T1tN3zN2hN1 : 126.9387293 (0.02)%
   QqGbB1bN2zN1_QqGbB1bN3wC1wN1 : 126.9353099 (0.02)%
           T1tN3wC1wN1_T1tN3zN1 : 126.7183286 (0.02)%
             GtT1tN3zN1_QqN2hN1 : 126.1012913 (0.02)%
     GtT1tN3wC1wN1_QqGbB1bN2zN1 : 125.5918656 (0.02)%
     GbB1bN2zN1_QqGtT1tN3wC1wN1 : 125.5918656 (0.02)%
QqGbB1tC2wN2hN1_QqGtT1bC2zC1wN1 : 125.4661138 (0.02)%
QqGbB1tC2zC1wN1_QqGtT1bC2wN2hN1 : 125.4661138 (0.02)%
           GbB1bN1_QqGbB1tC2wN1 : 124.3876888 (0.02)%
           GbB1tC2wN1_QqGbB1bN1 : 124.3876888 (0.02)%
QqGbB1tC2wN2hN1_QqGtT1bC2hC1wN1 : 124.1008884 (0.02)%
QqGbB1tC2hC1wN1_QqGtT1bC2wN2hN1 : 124.1008884 (0.02)%
       GbB1tC2wN2hN1_GtT1bC2wN1 : 124.0873834 (0.02)%
       GbB1tC2wN1_GtT1bC2wN2hN1 : 124.0873834 (0.02)%
       GtT1bC2zC1wN1_GtT1tN2hN1 : 123.6930169 (0.02)%
     GbB1bN4hN1_QqGbB1tC2zC1wN1 : 123.4714781 (0.02)%
     GbB1tC2zC1wN1_QqGbB1bN4hN1 : 123.4714781 (0.02)%
    GtT1tN3wC1wN1_GtT1tN3zN2hN1 : 123.2414614 (0.02)%
              C2wN2zN1_N4wC1wN1 : 123.2221255 (0.02)%
        GtT1tN2hN1_QqGtT1tN2hN1 : 122.7565205 (0.02)%
              C2wN2hN1_C2wN2hN1 : 122.6619038 (0.02)%
       GtT1bC2hC1wN1_GtT1tN2hN1 : 122.3470850 (0.02)%
       GbB1tC2zC1wN1_GtT1tN3zN1 : 122.1758092 (0.02)%
     GbB1bN4hN1_QqGbB1tC2hC1wN1 : 122.1279569 (0.02)%
     GbB1tC2hC1wN1_QqGbB1bN4hN1 : 122.1279569 (0.02)%
              C2wN2zN1_N3wC1wN1 : 121.9701335 (0.02)%
QqGbB1bN4hN2hN1_QqGbB1bN4wC1wN1 : 120.9577947 (0.02)%
       GbB1tC2hC1wN1_GtT1tN3zN1 : 120.8463864 (0.02)%
    GbB1bN3zN2hN1_GbB1bN4hN2hN1 : 120.7918967 (0.02)%
          GbB1bN4zN1_GbB1tC1wN1 : 120.2119201 (0.02)%
        QqC1wN1_QqGbB1bN4hN2zN1 : 120.1980559 (0.02)%
           T1bC1wN1_T1tN3zN2zN1 : 120.1562127 (0.02)%
                 C2wN1_C2wN2hN1 : 119.9355905 (0.02)%
   QqGbB1tC2wN1_QqGtT1tN3wC1wN1 : 118.7899163 (0.02)%
     GbB1tC1wN1_QqGbB1wT1bC1wN1 : 118.7633317 (0.02)%
     GbB1wT1bC1wN1_QqGbB1tC1wN1 : 118.7633317 (0.02)%
        GtT1bC2wN1_QqGtT1bC1wN1 : 117.7975168 (0.02)%
        GtT1bC1wN1_QqGtT1bC2wN1 : 117.7975168 (0.02)%
       GbB1tC1wN1_GtT1tN3zN2zN1 : 117.5254422 (0.02)%
   QqGbB1tC2wN2zN1_QqGtT1bC1wN1 : 117.4700017 (0.02)%
        GtT1bC2wN1_QqGbB1bN2hN1 : 116.5133758 (0.02)%
        GbB1bN2hN1_QqGtT1bC2wN1 : 116.5133758 (0.02)%
QqGbB1bN3wC1wN1_QqGtT1bC2wN2hN1 : 116.4284787 (0.02)%
   QqGbB1bN2zN1_QqGbB1tC2wN2hN1 : 116.1894310 (0.02)%
   QqGbB1bN2hN1_QqGbB1tC2wN2zN1 : 116.1894310 (0.02)%
          GtT1bC1wN1_GtT1tN2zN1 : 115.8099065 (0.02)%
     GbB1bN4hN2hN1_QqGbB1tC2wN1 : 115.1965843 (0.02)%
     GbB1tC2wN1_QqGbB1bN4hN2hN1 : 115.1965843 (0.02)%
  GtT1tN3wC1wN1_QqGtT1bC2wN2hN1 : 115.1962354 (0.02)%
  GtT1bC2wN2hN1_QqGtT1tN3wC1wN1 : 115.1962354 (0.02)%
QqGbB1bN4wC1wN1_QqGtT1bC2zC1wN1 : 114.9794763 (0.02)%
           GtT1tN1_QqGbB1tC1wN1 : 114.9508741 (0.02)%
           GbB1tC1wN1_QqGtT1tN1 : 114.9508741 (0.02)%
    GbB1bN3zN2hN1_GtT1bC2zC1wN1 : 114.8217778 (0.02)%
     GbB1bN4hN1_QqGbB1bN3wC1wN1 : 114.5775215 (0.02)%
     GbB1bN3wC1wN1_QqGbB1bN4hN1 : 114.5775215 (0.02)%
          GbB1bN2zN1_GtT1tN2hN1 : 114.5474329 (0.02)%
          GbB1bN2hN1_GtT1tN2zN1 : 114.5474329 (0.02)%
           B1bN2hN1_B1tC2zC1wN1 : 114.3025574 (0.02)%
          GbB1tC2wN1_GbB1tC2wN1 : 114.2168454 (0.02)%
     GtT1tN2hN1_QqGbB1bN3zN2hN1 : 113.9524468 (0.02)%
     GbB1bN3zN2hN1_QqGtT1tN2hN1 : 113.9524468 (0.02)%
QqGbB1bN4wC1wN1_QqGtT1bC2hC1wN1 : 113.7283584 (0.02)%
       GbB1bN4wC1wN1_GtT1bC2wN1 : 113.7159821 (0.02)%
    GbB1bN3zN2hN1_GtT1bC2hC1wN1 : 113.5723759 (0.02)%
       GbB1bN3wC1wN1_GtT1tN3zN1 : 113.3751829 (0.02)%
       GbB1bN3zN1_GtT1tN3wC1wN1 : 113.3751829 (0.02)%
           B1bN2hN1_B1tC2hC1wN1 : 113.0588053 (0.02)%
                 N3zN1_N4wC1wN1 : 112.6414374 (0.02)%
        T2tN4hN2hN1_T2tN4wC1wN1 : 111.8050273 (0.02)%
           T1tN2zN1_T1tN3wC1wN1 : 111.6580027 (0.02)%
          GbB1bN1_GbB1bN4hN2hN1 : 111.6416004 (0.02)%
                 C2zC1wN1_N3zN1 : 111.4103068 (0.02)%
             GtT1tN2zN1_QqN2hN1 : 111.1142996 (0.02)%
             GtT1tN2hN1_QqN2zN1 : 111.1142996 (0.02)%
                 C2hC1wN1_N3zN1 : 110.1980259 (0.02)%
     GbB1tC1wN1_QqGtT1bC2wN2zN1 : 109.8533591 (0.02)%
     GtT1bC2wN2zN1_QqGbB1tC1wN1 : 109.8533591 (0.02)%
     GtT1bC2wN1_QqGbB1tC2zC1wN1 : 109.5030127 (0.02)%
     GtT1bC2zC1wN1_QqGbB1tC2wN1 : 109.5030127 (0.02)%
     GbB1tC2wN1_QqGtT1bC2zC1wN1 : 109.5030127 (0.02)%
     GbB1tC2zC1wN1_QqGtT1bC2wN1 : 109.5030127 (0.02)%
QqGbB1tC2wN2zN1_QqGbB1tC2zC1wN1 : 109.1985590 (0.02)%
        B2bN3wC1wN1_B2tC2wN2hN1 : 109.1376567 (0.02)%
        B2bN4wC1wN1_B2tC2wN2hN1 : 109.0563243 (0.02)%
        T1bC2wN2hN1_T1tN3zN2hN1 : 109.0090754 (0.02)%
      QqGbB1tC1wN1_QqGtT1tN3zN1 : 108.8525785 (0.02)%
     GtT1bC2hC1wN1_QqGbB1tC2wN1 : 108.3114855 (0.02)%
     GtT1bC2wN1_QqGbB1tC2hC1wN1 : 108.3114855 (0.02)%
     GbB1tC2wN1_QqGtT1bC2hC1wN1 : 108.3114855 (0.02)%
     GbB1tC2hC1wN1_QqGtT1bC2wN1 : 108.3114855 (0.02)%
   QqGtT1bC1wN1_QqGtT1tN3zN2hN1 : 108.2356829 (0.02)%
QqGbB1tC2hC1wN1_QqGbB1tC2wN2zN1 : 108.0103446 (0.02)%
       GbB1tC2wN1_GbB1tC2wN2zN1 : 107.9985906 (0.02)%
       GbB1tC2zC1wN1_GtT1tN2zN1 : 107.6553565 (0.02)%
       GbB1bN3zN2zN1_GtT1bC1wN1 : 107.5040426 (0.02)%
   QqGbB1bN2hN1_QqGtT1tN3zN2hN1 : 107.0557778 (0.02)%
QqGbB1tC2wN2hN1_QqGtT1bC2wN2hN1 : 106.5720696 (0.02)%
       GbB1tC2hC1wN1_GtT1tN2zN1 : 106.4839340 (0.02)%
   QqGbB1bN2zN1_QqGbB1bN4wC1wN1 : 106.4781519 (0.02)%
       GbB1bN2zN1_GbB1bN3zN2hN1 : 106.3321133 (0.02)%
       GbB1bN2hN1_GbB1bN3zN2zN1 : 106.3321133 (0.02)%
        B1tC2hC1wN1_B1tC2zC1wN1 : 106.2562964 (0.02)%
          GbB1bN1_GtT1bC2zC1wN1 : 106.1237333 (0.02)%
           B1bN2hN1_B1bN3wC1wN1 : 106.0690609 (0.02)%
  GbB1bN3zN2hN1_QqGbB1bN3zN2hN1 : 105.7797995 (0.02)%
           GbB1bN1_QqGtT1tN2hN1 : 105.3202564 (0.02)%
           GtT1tN2hN1_QqGbB1bN1 : 105.3202564 (0.02)%
       GtT1bC2wN2hN1_GtT1tN2hN1 : 105.0659849 (0.02)%
          GbB1bN1_GtT1bC2hC1wN1 : 104.9689769 (0.02)%
        QqC1wN1_QqGbB1wT1bC1wN1 : 104.9228055 (0.02)%
     GbB1bN4hN1_QqGbB1tC2wN2hN1 : 104.8778078 (0.02)%
     GbB1tC2wN2hN1_QqGbB1bN4hN1 : 104.8778078 (0.02)%
       GbB1tC2wN2hN1_GtT1tN3zN1 : 103.7772547 (0.02)%
        GbB1tC1wN1_QqGbB1bN3hN1 : 103.6606808 (0.02)%
        GbB1bN3hN1_QqGbB1tC1wN1 : 103.6606808 (0.02)%
              T1bC2wN1_T1tN2hN1 : 103.5867313 (0.02)%
          GbB1bN3zN2zN1_QqN2hN1 : 103.1452037 (0.02)%
          GbB1bN3zN2hN1_QqN2zN1 : 103.1452037 (0.02)%
     GbB1tC1wN1_QqGtT1tN4wC1wN1 : 103.1064921 (0.02)%
     GtT1tN4wC1wN1_QqGbB1tC1wN1 : 103.1064921 (0.02)%
     GtT1bC2wN1_QqGbB1bN3wC1wN1 : 101.6152393 (0.02)%
     GbB1bN3wC1wN1_QqGtT1bC2wN1 : 101.6152393 (0.02)%
              QqC1wN1_QqGtT1tN1 : 101.5546468 (0.02)%
        GbB1bN2zN1_QqGbB1tC2wN1 : 101.4066058 (0.02)%
        GbB1tC2wN1_QqGbB1bN2zN1 : 101.4066058 (0.02)%
QqGbB1bN3wC1wN1_QqGbB1tC2wN2zN1 : 101.3327162 (0.02)%
QqGbB1tC2zC1wN1_QqGtT1tN3zN2hN1 : 100.6144584 (0.02)%
   QqGtT1tN2hN1_QqGtT1tN3wC1wN1 : 100.5805684 (0.02)%
                 N3wC1wN1_N4hN1 : 100.3399727 (0.01)%
                 C2zC1wN1_N4hN1 : 100.2619996 (0.01)%
  GtT1tN3wC1wN1_QqGbB1tC2wN2zN1 : 100.2602419 (0.01)%
  GbB1tC2wN2zN1_QqGtT1tN3wC1wN1 : 100.2602419 (0.01)%
        T2bC2hC1wN1_T2bC2zC1wN1 : 99.9979007 (0.01)%
    GbB1bN3zN2zN1_GbB1tC2zC1wN1 : 99.9343353 (0.01)%
       GbB1bN3wC1wN1_GtT1tN2zN1 : 99.9006743 (0.01)%
        B1bN3wC1wN1_B1tC2zC1wN1 : 99.6871102 (0.01)%
      QqGbB1bN3zN1_QqGtT1bC1wN1 : 99.5707143 (0.01)%
QqGbB1tC2hC1wN1_QqGtT1tN3zN2hN1 : 99.5196496 (0.01)%
       GbB1tC2wN1_GtT1tN3zN2hN1 : 99.5088195 (0.01)%
          GbB1tC1wN1_QqC2zC1wN1 : 99.2234241 (0.01)%
                 C2hC1wN1_N4hN1 : 99.1710259 (0.01)%
    GbB1bN3zN2zN1_GbB1tC2hC1wN1 : 98.8469270 (0.01)%
        B1bN3wC1wN1_B1tC2hC1wN1 : 98.6023920 (0.01)%
        GtT1bC1wN1_QqGtT1tN3zN1 : 98.5168885 (0.01)%
        GtT1tN3zN1_QqGtT1bC1wN1 : 98.5168885 (0.01)%
      QqGbB1bN2hN1_QqGbB1bN3zN1 : 98.4852683 (0.01)%
    GbB1bN4hN2hN1_GtT1bC2zC1wN1 : 98.2821669 (0.01)%
             GbB1bN1_GbB1bN2zN1 : 98.2771827 (0.01)%
          GbB1tC1wN1_QqC2hC1wN1 : 98.1437515 (0.01)%
                 N2hN1_N3wC1wN1 : 97.8547164 (0.01)%
        GbB1bN1_QqGbB1bN3zN2hN1 : 97.7667081 (0.01)%
        GbB1bN3zN2hN1_QqGbB1bN1 : 97.7667081 (0.01)%
QqGbB1bN4wC1wN1_QqGtT1bC2wN2hN1 : 97.6646234 (0.01)%
     GtT1tN2hN1_QqGbB1bN4hN2hN1 : 97.5380595 (0.01)%
     GbB1bN4hN2hN1_QqGtT1tN2hN1 : 97.5380595 (0.01)%
    GbB1bN3zN2hN1_GtT1bC2wN2hN1 : 97.5306729 (0.01)%
        GbB1bN2hN1_QqGtT1tN3zN1 : 97.4429305 (0.01)%
        GtT1tN3zN1_QqGbB1bN2hN1 : 97.4429305 (0.01)%
    GbB1bN4hN2hN1_GtT1bC2hC1wN1 : 97.2127363 (0.01)%
           B1bN2hN1_B1tC2wN2hN1 : 97.0896423 (0.01)%
        QqC1wN1_QqGtT1bC2wN2zN1 : 97.0511896 (0.01)%
     GbB1bN4wC1wN1_QqGbB1bN4hN1 : 96.1119704 (0.01)%
     GbB1bN4hN1_QqGbB1bN4wC1wN1 : 96.1119704 (0.01)%
          GbB1bN4zN2hN1_QqC1wN1 : 95.9725251 (0.01)%
      QqGbB1tC1wN1_QqGtT1tN2zN1 : 95.9155762 (0.01)%
                GbB1bN1_QqN2zN1 : 95.3316897 (0.01)%
           QqGbB1bN4hN1_QqN2hN1 : 95.2345034 (0.01)%
       GbB1bN4wC1wN1_GtT1tN3zN1 : 95.1034031 (0.01)%
              B1tC1wN1_B1tC2wN1 : 94.6587810 (0.01)%
                 C2wN2hN1_N3zN1 : 94.6329381 (0.01)%
        B2bN3wC1wN1_B2bN4wC1wN1 : 94.5304664 (0.01)%
        T1bC2zC1wN1_T1bC2zC1wN1 : 94.2030156 (0.01)%
                 C2wN1_N4hN2hN1 : 93.5425740 (0.01)%
QqGbB1bN3wC1wN1_QqGtT1tN3zN2hN1 : 93.3669496 (0.01)%
QqGbB1bN3zN2hN1_QqGtT1tN3wC1wN1 : 93.3669496 (0.01)%
     GtT1bC2wN1_QqGbB1tC2wN2hN1 : 93.0128650 (0.01)%
     GbB1tC2wN1_QqGtT1bC2wN2hN1 : 93.0128650 (0.01)%
     GtT1bC2wN2hN1_QqGbB1tC2wN1 : 93.0128650 (0.01)%
     GbB1tC2wN2hN1_QqGtT1bC2wN1 : 93.0128650 (0.01)%
QqGbB1tC2wN2hN1_QqGbB1tC2wN2zN1 : 92.7542592 (0.01)%
    GbB1bN3wC1wN1_GbB1bN3zN2zN1 : 92.7358174 (0.01)%
     GtT1tN2hN1_QqGtT1bC2zC1wN1 : 92.7172575 (0.01)%
     GtT1bC2zC1wN1_QqGtT1tN2hN1 : 92.7172575 (0.01)%
   QqGbB1bN3zN1_QqGbB1tC2zC1wN1 : 92.5596183 (0.01)%
    GtT1bC2hC1wN1_GtT1bC2zC1wN1 : 92.4080134 (0.01)%
  GtT1tN3zN2hN1_QqGtT1tN3wC1wN1 : 92.3787825 (0.01)%
  GtT1tN3wC1wN1_QqGtT1tN3zN2hN1 : 92.3787825 (0.01)%
        T1bC2hC1wN1_T1bC2hC1wN1 : 92.1640804 (0.01)%
       GbB1bN4hN2zN1_GtT1bC1wN1 : 92.0185217 (0.01)%
     GtT1bC2hC1wN1_QqGtT1tN2hN1 : 91.7083799 (0.01)%
     GtT1tN2hN1_QqGtT1bC2hC1wN1 : 91.7083799 (0.01)%
           QqC1wN1_QqGbB1bN3hN1 : 91.5801981 (0.01)%
     GbB1tC2zC1wN1_QqGtT1tN3zN1 : 91.5799957 (0.01)%
     GtT1tN3zN1_QqGbB1tC2zC1wN1 : 91.5799957 (0.01)%
   QqGbB1bN3zN1_QqGbB1tC2hC1wN1 : 91.5524560 (0.01)%
          GbB1bN3zN1_GbB1tC2wN1 : 91.5424930 (0.01)%
       GbB1tC2wN2hN1_GtT1tN2zN1 : 91.4434488 (0.01)%
       GbB1tC2wN2zN1_GtT1tN2hN1 : 91.4434488 (0.01)%
        B1tC2wN2hN1_B1tC2zC1wN1 : 91.2479642 (0.01)%
        QqC1wN1_QqGtT1tN4wC1wN1 : 91.0905938 (0.01)%
        QqGtT1tN3wC1wN1_QqN2zN1 : 91.0415134 (0.01)%
       GbB1bN2zN1_GbB1bN4hN2hN1 : 91.0154041 (0.01)%
       GbB1bN2hN1_GbB1bN4hN2zN1 : 91.0154041 (0.01)%
              QqGbB1tC1wN1_QqN1 : 90.7876882 (0.01)%
                 C2wN1_N3zN2hN1 : 90.7406154 (0.01)%
             GtT1tN3hN1_QqC1wN1 : 90.6109414 (0.01)%
     GbB1tC2hC1wN1_QqGtT1tN3zN1 : 90.5834930 (0.01)%
     GtT1tN3zN1_QqGbB1tC2hC1wN1 : 90.5834930 (0.01)%
  GbB1bN4hN2hN1_QqGbB1bN3zN2hN1 : 90.5426488 (0.01)%
  GbB1bN3zN2hN1_QqGbB1bN4hN2hN1 : 90.5426488 (0.01)%
              GbB1bN1_QqGbB1bN1 : 90.3606289 (0.01)%
        B1tC2hC1wN1_B1tC2wN2hN1 : 90.2550743 (0.01)%
          GbB1bN1_GtT1bC2wN2hN1 : 90.1424740 (0.01)%
        GbB1tC1wN1_QqGbB1bN4zN1 : 90.1079125 (0.01)%
        GbB1bN4zN1_QqGbB1tC1wN1 : 90.1079125 (0.01)%
       GbB1wT1tN3wC1wN1_QqC1wN1 : 89.5512531 (0.01)%
   QqGbB1bN3zN2zN1_QqGbB1tC1wN1 : 89.0365298 (0.01)%
           B1bN2hN1_B1bN4wC1wN1 : 88.9747509 (0.01)%
          GbB1bN4hN2hN1_QqN2zN1 : 88.2875559 (0.01)%
          GbB1bN4hN2zN1_QqN2hN1 : 88.2875559 (0.01)%
     GbB1tC1wN1_QqGtT1tN3zN2zN1 : 88.0941945 (0.01)%
     GtT1tN3zN2zN1_QqGbB1tC1wN1 : 88.0941945 (0.01)%
             QqC1wN1_QqC2zC1wN1 : 87.6600536 (0.01)%
                 C1wN1_N3zN2hN1 : 87.5926192 (0.01)%
        B2tC2zC1wN1_B2tC2zC1wN1 : 87.2548903 (0.01)%
        GtT1tN2zN1_QqGtT1bC1wN1 : 86.8082709 (0.01)%
        GtT1bC1wN1_QqGtT1tN2zN1 : 86.8082709 (0.01)%
             QqC1wN1_QqC2hC1wN1 : 86.7062046 (0.01)%
              T1tN2hN1_T1tN3zN1 : 86.6320677 (0.01)%
       GbB1bN2zN1_GtT1bC2zC1wN1 : 86.5169833 (0.01)%
      QqGbB1bN1_QqGtT1tN3wC1wN1 : 86.2941635 (0.01)%
  GtT1bC2zC1wN1_QqGbB1bN3zN2hN1 : 86.0675938 (0.01)%
  GbB1bN3zN2hN1_QqGtT1bC2zC1wN1 : 86.0675938 (0.01)%
   QqGbB1bN3wC1wN1_QqGbB1bN3zN1 : 85.8923196 (0.01)%
        T2bC2wN2hN1_T2bC2zC1wN1 : 85.8735451 (0.01)%
        GtT1tN2hN1_QqGbB1bN2zN1 : 85.8619516 (0.01)%
        GbB1bN2zN1_QqGtT1tN2hN1 : 85.8619516 (0.01)%
        GtT1tN2zN1_QqGbB1bN2hN1 : 85.8619516 (0.01)%
        GbB1bN2hN1_QqGtT1tN2zN1 : 85.8619516 (0.01)%
       GbB1bN2zN1_GtT1bC2hC1wN1 : 85.5755723 (0.01)%
    GbB1bN4hN2zN1_GbB1tC2zC1wN1 : 85.5392000 (0.01)%
QqGbB1tC2wN2hN1_QqGtT1tN3zN2hN1 : 85.4628453 (0.01)%
        B2tC2hC1wN1_B2tC2hC1wN1 : 85.3663408 (0.01)%
     GtT1bC2wN1_QqGbB1bN4wC1wN1 : 85.2387165 (0.01)%
     GbB1bN4wC1wN1_QqGtT1bC2wN1 : 85.2387165 (0.01)%
                 C2wN2hN1_N4hN1 : 85.1634635 (0.01)%
  GtT1bC2hC1wN1_QqGbB1bN3zN2hN1 : 85.1310728 (0.01)%
  GbB1bN3zN2hN1_QqGtT1bC2hC1wN1 : 85.1310728 (0.01)%
QqGbB1bN4wC1wN1_QqGbB1tC2wN2zN1 : 85.0017253 (0.01)%
     GtT1tN3wC1wN1_QqGbB1bN3zN1 : 84.9832617 (0.01)%
     GbB1bN3wC1wN1_QqGtT1tN3zN1 : 84.9832617 (0.01)%
     GtT1tN3zN1_QqGbB1bN3wC1wN1 : 84.9832617 (0.01)%
     GbB1bN3zN1_QqGtT1tN3wC1wN1 : 84.9832617 (0.01)%
        T2bC2hC1wN1_T2bC2wN2hN1 : 84.9391355 (0.01)%
    GbB1bN3zN2zN1_GbB1tC2wN2hN1 : 84.8851424 (0.01)%
    GbB1bN3zN2hN1_GbB1tC2wN2zN1 : 84.8851424 (0.01)%
       GbB1bN4hN1_GtT1tN3wC1wN1 : 84.7172505 (0.01)%
        B1bN3wC1wN1_B1tC2wN2hN1 : 84.6751472 (0.01)%
    GbB1bN4hN2zN1_GbB1tC2hC1wN1 : 84.6084285 (0.01)%
           QqGtT1bC2wN1_QqN2hN1 : 84.4605183 (0.01)%
          GbB1tC1wN1_QqC2wN2hN1 : 84.2812880 (0.01)%
       GtT1tN2hN1_GtT1tN3zN2hN1 : 84.2550777 (0.01)%
          GtT1bC2zC1wN1_QqN2zN1 : 83.9239585 (0.01)%
       GbB1bN4wC1wN1_GtT1tN2zN1 : 83.8004743 (0.01)%
        GbB1bN1_QqGbB1bN4hN2hN1 : 83.6838107 (0.01)%
        GbB1bN4hN2hN1_QqGbB1bN1 : 83.6838107 (0.01)%
        B1bN4wC1wN1_B1tC2zC1wN1 : 83.6213286 (0.01)%
    GbB1bN4hN2hN1_GtT1bC2wN2hN1 : 83.4817754 (0.01)%
          GtT1bC2hC1wN1_QqN2zN1 : 83.0107628 (0.01)%
        B1bN4wC1wN1_B1tC2hC1wN1 : 82.7114259 (0.01)%
                GtT1bC1wN1_QqN1 : 82.1672823 (0.01)%
          GtT1tN2hN1_GtT1tN2hN1 : 81.8840245 (0.01)%
                GbB1bN2hN1_QqN1 : 81.2715556 (0.01)%
      QqGbB1tC2wN1_QqGtT1tN2hN1 : 81.2117409 (0.01)%
       GbB1bN4zN2hN1_GbB1tC1wN1 : 81.1806948 (0.01)%
     GbB1tC2wN2zN1_QqGbB1tC2wN1 : 80.9530997 (0.01)%
     GbB1tC2wN1_QqGbB1tC2wN2zN1 : 80.9530997 (0.01)%
     GtT1tN2zN1_QqGbB1tC2zC1wN1 : 80.6958198 (0.01)%
     GbB1tC2zC1wN1_QqGtT1tN2zN1 : 80.6958198 (0.01)%
     GtT1bC1wN1_QqGbB1bN3zN2zN1 : 80.5823986 (0.01)%
     GbB1bN3zN2zN1_QqGtT1bC1wN1 : 80.5823986 (0.01)%
       GbB1wT1bC1wN1_GtT1bC1wN1 : 80.3244393 (0.01)%
QqGbB1bN4hN2hN1_QqGtT1tN3wC1wN1 : 79.9178196 (0.01)%
     GtT1tN2zN1_QqGbB1tC2hC1wN1 : 79.8177503 (0.01)%
     GbB1tC2hC1wN1_QqGtT1tN2zN1 : 79.8177503 (0.01)%
     GbB1bN2zN1_QqGbB1bN3zN2hN1 : 79.7039492 (0.01)%
     GbB1bN3zN2hN1_QqGbB1bN2zN1 : 79.7039492 (0.01)%
     GbB1bN2hN1_QqGbB1bN3zN2zN1 : 79.7039492 (0.01)%
     GbB1bN3zN2zN1_QqGbB1bN2hN1 : 79.7039492 (0.01)%
           QqC1wN1_QqGbB1bN4zN1 : 79.6068521 (0.01)%
          GbB1bN3hN2hN1_QqC1wN1 : 79.6026513 (0.01)%
        GbB1bN1_QqGtT1bC2zC1wN1 : 79.5477526 (0.01)%
        GtT1bC2zC1wN1_QqGbB1bN1 : 79.5477526 (0.01)%
       GbB1bN2hN1_GbB1wT1bC1wN1 : 79.4488019 (0.01)%
    GbB1bN3wC1wN1_GbB1bN4hN2zN1 : 79.3775994 (0.01)%
    GtT1bC2wN2hN1_GtT1bC2zC1wN1 : 79.3557029 (0.01)%
              N3zN2hN1_N4hN2hN1 : 79.2917039 (0.01)%
     GtT1bC2wN2hN1_QqGtT1tN2hN1 : 78.7548903 (0.01)%
     GtT1tN2hN1_QqGtT1bC2wN2hN1 : 78.7548903 (0.01)%
        GbB1bN1_QqGtT1bC2hC1wN1 : 78.6821754 (0.01)%
        GtT1bC2hC1wN1_QqGbB1bN1 : 78.6821754 (0.01)%
   QqGbB1bN3zN1_QqGbB1tC2wN2hN1 : 78.6209901 (0.01)%
    GtT1bC2hC1wN1_GtT1bC2wN2hN1 : 78.4922155 (0.01)%
          GbB1bN1_GbB1tC2wN2zN1 : 78.4548749 (0.01)%
              T1bC1wN1_T1tN3hN1 : 78.3611539 (0.01)%
QqGbB1bN4wC1wN1_QqGtT1tN3zN2hN1 : 78.3197382 (0.01)%
           T1bC2wN1_T1bC2zC1wN1 : 78.2384316 (0.01)%
    GbB1bN3zN2hN1_GtT1tN3zN2hN1 : 78.2123199 (0.01)%
        QqC1wN1_QqGtT1tN3zN2zN1 : 77.8278101 (0.01)%
    GbB1bN3zN2zN1_GbB1bN4wC1wN1 : 77.7903206 (0.01)%
     GbB1tC2wN2hN1_QqGtT1tN3zN1 : 77.7888897 (0.01)%
     GtT1tN3zN1_QqGbB1tC2wN2hN1 : 77.7888897 (0.01)%
             GtT1bC1wN1_GtT1tN1 : 77.7459203 (0.01)%
             GbB1bN2zN1_QqN2zN1 : 77.7188094 (0.01)%
        B1bN3wC1wN1_B1bN4wC1wN1 : 77.5978771 (0.01)%
          GbB1bN3zN1_GtT1tN2hN1 : 77.5099121 (0.01)%
  GbB1bN4hN2hN1_QqGbB1bN4hN2hN1 : 77.5003479 (0.01)%
           T1bC2hC1wN1_T1bC2wN1 : 77.3871014 (0.01)%
          GbB1wT1bC1wN1_QqN2hN1 : 77.0676196 (0.01)%
             GbB1bN2hN1_GtT1tN1 : 76.8983920 (0.01)%
          GbB1tC1wN1_GtT1tN3hN1 : 76.6454689 (0.01)%
             GbB1tC2zC1wN1_QqN1 : 76.3816183 (0.01)%
              T1tN2hN1_T1tN2zN1 : 76.3359473 (0.01)%
   QqGbB1bN4hN2zN1_QqGbB1tC1wN1 : 76.2111791 (0.01)%
QqGtT1bC2zC1wN1_QqGtT1tN3wC1wN1 : 75.9678950 (0.01)%
    GbB1tC1wN1_GbB1wT1tN3wC1wN1 : 75.7491057 (0.01)%
             GbB1tC2hC1wN1_QqN1 : 75.5504925 (0.01)%
   QqGbB1bN3zN2hN1_QqGbB1tC2wN1 : 75.3872506 (0.01)%
QqGtT1bC2hC1wN1_QqGtT1tN3wC1wN1 : 75.1412710 (0.01)%
       GtT1bC2wN1_GtT1tN3wC1wN1 : 75.1330939 (0.01)%
              T1tN1_T1tN3wC1wN1 : 74.9586494 (0.01)%
  GbB1bN3zN2zN1_QqGbB1tC2zC1wN1 : 74.9083313 (0.01)%
  GbB1tC2zC1wN1_QqGbB1bN3zN2zN1 : 74.9083313 (0.01)%
     GtT1tN2zN1_QqGbB1bN3wC1wN1 : 74.8830999 (0.01)%
     GbB1bN3wC1wN1_QqGtT1tN2zN1 : 74.8830999 (0.01)%
    GbB1tC2zC1wN1_GbB1wT1bC1wN1 : 74.6685358 (0.01)%
                GtT1tN1_QqN2hN1 : 74.5936487 (0.01)%
     GbB1tC2wN1_QqGtT1tN3zN2hN1 : 74.5893752 (0.01)%
     GtT1tN3zN2hN1_QqGbB1tC2wN1 : 74.5893752 (0.01)%
             QqC1wN1_QqC2wN2hN1 : 74.4592548 (0.01)%
      QqGbB1bN4hN1_QqGtT1bC1wN1 : 74.4021481 (0.01)%
           B1bN3zN2hN1_B1tC1wN1 : 74.4002682 (0.01)%
       GtT1bC1wN1_GtT1bC2wN2zN1 : 74.2982649 (0.01)%
  GbB1bN3zN2zN1_QqGbB1tC2hC1wN1 : 74.0932367 (0.01)%
  GbB1tC2hC1wN1_QqGbB1bN3zN2zN1 : 74.0932367 (0.01)%
    GbB1tC2hC1wN1_GbB1wT1bC1wN1 : 73.8560505 (0.01)%
           T2bC2wN1_T2tN4wC1wN1 : 73.6949866 (0.01)%
  GtT1bC2zC1wN1_QqGbB1bN4hN2hN1 : 73.6699064 (0.01)%
  GbB1bN4hN2hN1_QqGtT1bC2zC1wN1 : 73.6699064 (0.01)%
           GbB1bN1_QqGbB1bN2zN1 : 73.6661704 (0.01)%
           GbB1bN2zN1_QqGbB1bN1 : 73.6661704 (0.01)%
      QqGbB1bN2hN1_QqGbB1bN4hN1 : 73.5910711 (0.01)%
QqGtT1tN3wC1wN1_QqGtT1tN3wC1wN1 : 73.5605294 (0.01)%
           QqGbB1tC2wN1_QqN2zN1 : 73.5096244 (0.01)%
       GbB1bN2zN1_GtT1bC2wN2hN1 : 73.4883204 (0.01)%
       GbB1bN2hN1_GtT1bC2wN2zN1 : 73.4883204 (0.01)%
        T2bC2zC1wN1_T2tN3wC1wN1 : 73.4717307 (0.01)%
  GtT1bC2wN2hN1_QqGbB1bN3zN2hN1 : 73.1066049 (0.01)%
  GbB1bN3zN2hN1_QqGtT1bC2wN2hN1 : 73.1066049 (0.01)%
  GtT1bC2hC1wN1_QqGbB1bN4hN2hN1 : 72.8682874 (0.01)%
  GbB1bN4hN2hN1_QqGtT1bC2hC1wN1 : 72.8682874 (0.01)%
        T2bC2hC1wN1_T2tN3wC1wN1 : 72.6722680 (0.01)%
    GbB1bN4hN2hN1_GbB1tC2wN2zN1 : 72.6577823 (0.01)%
    GbB1bN4hN2zN1_GbB1tC2wN2hN1 : 72.6577823 (0.01)%
           B2tC2wN1_B2tC2zC1wN1 : 72.4678051 (0.01)%
          GbB1bN1_GtT1tN3zN2hN1 : 72.2875359 (0.01)%
          GbB1tC2zC1wN1_GtT1tN1 : 72.2715786 (0.01)%
   QqGbB1bN3zN1_QqGbB1bN4wC1wN1 : 72.0497351 (0.01)%
       GbB1bN3zN1_GbB1bN3zN2hN1 : 71.9509163 (0.01)%
           B2tC2hC1wN1_B2tC2wN1 : 71.6792664 (0.01)%
        T1bC2wN2zN1_T1tN3wC1wN1 : 71.6345960 (0.01)%
          GbB1tC2hC1wN1_GtT1tN1 : 71.4851751 (0.01)%
     GbB1bN4wC1wN1_QqGtT1tN3zN1 : 71.2871829 (0.01)%
     GtT1tN3zN1_QqGbB1bN4wC1wN1 : 71.2871829 (0.01)%
          GtT1bC2wN2hN1_QqN2zN1 : 71.2857813 (0.01)%
          GtT1bC2wN2zN1_QqN2hN1 : 71.2857813 (0.01)%
        B1bN4wC1wN1_B1tC2wN2hN1 : 71.0287247 (0.01)%
             GbB1bN3wC1wN1_QqN1 : 70.8796610 (0.01)%
           QqGtT1tN3zN1_QqN2hN1 : 70.6363571 (0.01)%
    GbB1bN3zN2hN1_GbB1bN3zN2hN1 : 70.5598013 (0.01)%
   QqGbB1bN2zN1_QqGtT1tN3wC1wN1 : 70.3509993 (0.01)%
          GbB1bN3hN1_GtT1bC1wN1 : 70.1099064 (0.01)%
  GtT1bC2zC1wN1_QqGtT1bC2zC1wN1 : 70.0287838 (0.01)%
       GtT1bC1wN1_GtT1tN4wC1wN1 : 69.7350861 (0.01)%
         QqGbB1bN1_QqGbB1tC2wN1 : 69.6764729 (0.01)%
  GbB1bN3zN2zN1_QqGbB1bN3wC1wN1 : 69.5124986 (0.01)%
  GbB1bN3wC1wN1_QqGbB1bN3zN2zN1 : 69.5124986 (0.01)%
          GbB1bN2hN1_GbB1bN3hN1 : 69.3456202 (0.01)%
    GbB1bN3wC1wN1_GbB1wT1bC1wN1 : 69.2899761 (0.01)%
  GtT1bC2hC1wN1_QqGtT1bC2zC1wN1 : 69.2667847 (0.01)%
  GtT1bC2zC1wN1_QqGtT1bC2hC1wN1 : 69.2667847 (0.01)%
   QqGbB1bN4hN1_QqGbB1tC2zC1wN1 : 69.1632522 (0.01)%
          GbB1tC1wN1_QqN4wC1wN1 : 69.1441923 (0.01)%
    GbB1tC2wN2zN1_GtT1bC2zC1wN1 : 69.0666838 (0.01)%
    GbB1tC2zC1wN1_GtT1bC2wN2zN1 : 69.0666838 (0.01)%
       GbB1bN2hN1_GtT1tN4wC1wN1 : 68.9748860 (0.01)%
     GtT1bC1wN1_QqGbB1bN4hN2zN1 : 68.9748313 (0.01)%
     GbB1bN4hN2zN1_QqGtT1bC1wN1 : 68.9748313 (0.01)%
                 B1bN1_B1tC1wN1 : 68.7642569 (0.01)%
        GbB1bN3zN1_QqGbB1tC2wN1 : 68.6180118 (0.01)%
        GbB1tC2wN1_QqGbB1bN3zN1 : 68.6180118 (0.01)%
     GtT1tN2zN1_QqGbB1tC2wN2hN1 : 68.5437707 (0.01)%
     GtT1tN2hN1_QqGbB1tC2wN2zN1 : 68.5437707 (0.01)%
     GbB1tC2wN2zN1_QqGtT1tN2hN1 : 68.5437707 (0.01)%
     GbB1tC2wN2hN1_QqGtT1tN2zN1 : 68.5437707 (0.01)%
  GtT1bC2hC1wN1_QqGtT1bC2hC1wN1 : 68.5130770 (0.01)%
   QqGbB1bN4hN1_QqGbB1tC2hC1wN1 : 68.4106711 (0.01)%
          GbB1bN4hN1_GbB1tC2wN1 : 68.4032264 (0.01)%
    GbB1tC2wN2zN1_GtT1bC2hC1wN1 : 68.3151535 (0.01)%
    GbB1tC2hC1wN1_GtT1bC2wN2zN1 : 68.3151535 (0.01)%
     GbB1bN4hN2hN1_QqGbB1bN2zN1 : 68.2229189 (0.01)%
     GbB1bN2zN1_QqGbB1bN4hN2hN1 : 68.2229189 (0.01)%
     GbB1bN2hN1_QqGbB1bN4hN2zN1 : 68.2229189 (0.01)%
     GbB1bN4hN2zN1_QqGbB1bN2hN1 : 68.2229189 (0.01)%
        T1bC2wN2hN1_T1bC2wN2hN1 : 67.9670957 (0.01)%
        GbB1bN1_QqGtT1bC2wN2hN1 : 67.5685919 (0.01)%
        GtT1bC2wN2hN1_QqGbB1bN1 : 67.5685919 (0.01)%
       GbB1bN3hN2hN1_GbB1tC1wN1 : 67.3338389 (0.01)%
             GbB1bN3hN1_QqN2hN1 : 67.2672432 (0.01)%
        T1tN3wC1wN1_T1tN4wC1wN1 : 67.2350119 (0.01)%
          GbB1bN3wC1wN1_GtT1tN1 : 67.0656777 (0.01)%
    GbB1bN4hN2hN1_GtT1tN3zN2hN1 : 66.9461528 (0.01)%
          GtT1tN4wC1wN1_QqN2hN1 : 66.9076203 (0.01)%
------------------------------------------------------------
                                              SUM=90.01%
