/Users/rafalmaselek/Projects/fastlim-1.0
 
#################################################################
#                                                               #
#                                                               #
#                     This is Fastlim  ver. 1.0                 #
#                                                               #
#          A fast LHC limit calculator for BSM models.          #
#                                                               #
#                  http://cern.ch/fastlim-1.0/                  #
#                                                               #
#  for bugs/feature requests: fastlim-1.0.developers@gmail.com  #
#                                                               #
#    please refer to:                                           #
#    M.Papucci, K.Sakurai, A.Weiler, L.Zeune arXiv:1402.xxxx    #
#                                                               #
#################################################################
 
!!!-  ERROR  !!!
[Br(T2->all) =  1.1699722809640944 ]:  !!! The total Br is deviated from 1 !!!


!! Masses incompatible with the data for ERER !!

!! Problem with reading tables for ER ER !! Probably mass outside the table !! Setting xsec to 10^-20 !!

!! Masses incompatible with the data for ELEL !!

!! Problem with reading tables for EL EL !! Probably mass outside the table !! Setting xsec to 10^-20 !!

!! Masses incompatible with the data for TAU2TAU2 !!

!! Problem with reading tables for TAU2 TAU2 !! Probably mass outside the table !! Setting xsec to 10^-20 !!
!! EWK PROCESS C1C2 NOT FOUND !! WILL TRY TO LOOK FOR +/- MODES !!
XSEC FOUND FOR: C1-C2+
XSEC FOUND FOR: C1+C2-
!! EWK PROCESS C1N1 NOT FOUND !! WILL TRY TO LOOK FOR +/- MODES !!
XSEC FOUND FOR: C1+N1
XSEC FOUND FOR: C1-N1
!! EWK PROCESS C1N2 NOT FOUND !! WILL TRY TO LOOK FOR +/- MODES !!
XSEC FOUND FOR: C1+N2
XSEC FOUND FOR: C1-N2
!! EWK PROCESS C1N3 NOT FOUND !! WILL TRY TO LOOK FOR +/- MODES !!
XSEC FOUND FOR: C1+N3
XSEC FOUND FOR: C1-N3
!! EWK PROCESS C1N4 NOT FOUND !! WILL TRY TO LOOK FOR +/- MODES !!
XSEC FOUND FOR: C1+N4
XSEC FOUND FOR: C1-N4
!! EWK PROCESS C2N1 NOT FOUND !! WILL TRY TO LOOK FOR +/- MODES !!
XSEC FOUND FOR: C2+N1
XSEC FOUND FOR: C2-N1
!! EWK PROCESS C2N2 NOT FOUND !! WILL TRY TO LOOK FOR +/- MODES !!
XSEC FOUND FOR: C2+N2
XSEC FOUND FOR: C2-N2
!! EWK PROCESS C2N3 NOT FOUND !! WILL TRY TO LOOK FOR +/- MODES !!
XSEC FOUND FOR: C2+N3
XSEC FOUND FOR: C2-N3
!! EWK PROCESS C2N4 NOT FOUND !! WILL TRY TO LOOK FOR +/- MODES !!
XSEC FOUND FOR: C2+N4
XSEC FOUND FOR: C2-N4
---------------  Output inclusive processes  ---------------
The total xsec = 722635.45 [fb]
The total rate = 100.00%
Output upto 0.10%
                    Modes : xsec/fb      (rate)
          QqC1wN1_QqC1wN1 : 76296.8481340 (10.56)%
          QqC1wN1_QqN2hN1 : 68335.5383896 (9.46)%
              C1wN1_N2hN1 : 45356.5453961 (6.28)%
           GqQqN1_QqC1wN1 : 26672.6365859 (3.69)%
              C1wN1_C1wN1 : 26220.8644409 (3.63)%
       GtT1bC1wN1_QqC1wN1 : 22244.6877891 (3.08)%
       GbB1tC1wN1_QqC1wN1 : 18720.1160875 (2.59)%
          QqN2hN1_QqN2hN1 : 15301.2408809 (2.12)%
           GqQqN1_QqN2hN1 : 11944.7200373 (1.65)%
       GtT1bC1wN1_QqN2hN1 : 9961.7661382 (1.38)%
       GbB1bN2hN1_QqC1wN1 : 9802.9760905 (1.36)%
          QqC1wN1_QqN2zN1 : 8888.4506330 (1.23)%
       GbB1tC1wN1_QqN2hN1 : 8383.3686636 (1.16)%
    GtT1tN3wC1wN1_QqC1wN1 : 8347.1775057 (1.16)%
       GtT1tN2hN1_QqC1wN1 : 7803.1860700 (1.08)%
    GbB1tC2zC1wN1_QqC1wN1 : 7559.6445127 (1.05)%
    GbB1tC2hC1wN1_QqC1wN1 : 7209.2362800 (1.00)%
    GbB1tC2wN2hN1_QqC1wN1 : 7124.6261393 (0.99)%
    GbB2tC2zC1wN1_QqC1wN1 : 6296.7668003 (0.87)%
    GbB2tC2hC1wN1_QqC1wN1 : 6004.8960750 (0.83)%
    GbB2tC2wN2hN1_QqC1wN1 : 5934.4204960 (0.82)%
              C1wN1_N2zN1 : 5899.5571578 (0.82)%
    GbB1bN3wC1wN1_QqC1wN1 : 5380.5588961 (0.74)%
       GbB1bN2hN1_QqN2hN1 : 4390.0348792 (0.61)%
          QqN2hN1_QqN2zN1 : 3980.4859199 (0.55)%
    GbB1bN4wC1wN1_QqC1wN1 : 3968.4324469 (0.55)%
             QqC1wN1_QqN1 : 3930.5694407 (0.54)%
    GtT1tN3wC1wN1_QqN2hN1 : 3738.0893368 (0.52)%
       GtT1tN2hN1_QqN2hN1 : 3494.4754226 (0.48)%
    GbB2bN4wC1wN1_QqC1wN1 : 3433.0620947 (0.48)%
    GtT1bC2zC1wN1_QqC1wN1 : 3419.8593539 (0.47)%
    GbB1tC2zC1wN1_QqN2hN1 : 3385.4109996 (0.47)%
    GtT1bC2hC1wN1_QqC1wN1 : 3261.3404090 (0.45)%
    GtT1tN3zN2hN1_QqC1wN1 : 3249.5070184 (0.45)%
    GbB1tC2hC1wN1_QqN2hN1 : 3228.4888211 (0.45)%
    GtT1bC2wN2hN1_QqC1wN1 : 3223.0641672 (0.45)%
       GbB1tC2wN1_QqC1wN1 : 3206.4563109 (0.44)%
    GbB1tC2wN2hN1_QqN2hN1 : 3190.5981372 (0.44)%
          GbB1bN1_QqC1wN1 : 3189.8614575 (0.44)%
    GbB2bN3wC1wN1_QqC1wN1 : 3088.8737564 (0.43)%
    GbB2tC2zC1wN1_QqN2hN1 : 2819.8605836 (0.39)%
    GbB2tC2hC1wN1_QqN2hN1 : 2689.1530666 (0.37)%
       GbB2tC2wN1_QqC1wN1 : 2670.8012012 (0.37)%
    GbB2tC2wN2hN1_QqN2hN1 : 2657.5922174 (0.37)%
    GbB1bN3wC1wN1_QqN2hN1 : 2409.5581796 (0.33)%
       QqC1wN1_QqC2zC1wN1 : 2296.2074592 (0.32)%
       QqC1wN1_QqC2hC1wN1 : 2189.7725605 (0.30)%
       QqC1wN1_QqC2wN2hN1 : 2164.0726171 (0.30)%
    GbB1bN3zN2hN1_QqC1wN1 : 2094.6198741 (0.29)%
        T1bC1wN1_T1bC1wN1 : 2090.3407907 (0.29)%
 GbB1tC2nTAU1taN1_QqC1wN1 : 1957.8151212 (0.27)%
       GtT1tN3zN1_QqC1wN1 : 1785.7285408 (0.25)%
    GbB1bN4wC1wN1_QqN2hN1 : 1777.1701876 (0.25)%
       QqC1wN1_QqN4wC1wN1 : 1771.9801209 (0.25)%
             QqN1_QqN2hN1 : 1760.2141208 (0.24)%
        GqQqN1_GtT1bC1wN1 : 1739.5354660 (0.24)%
 GbB2tC2nTAU1taN1_QqC1wN1 : 1630.7519799 (0.23)%
       GbB2tC1wN1_QqC1wN1 : 1625.3642302 (0.22)%
GtT1tN3taTAU1taN1_QqC1wN1 : 1589.4133722 (0.22)%
     T1bC1wN1_T1tN3wC1wN1 : 1568.7741534 (0.22)%
           GqQqN1_QqN2zN1 : 1553.6579777 (0.21)%
    GbB2bN4wC1wN1_QqN2hN1 : 1537.4170251 (0.21)%
    GtT1bC2zC1wN1_QqN2hN1 : 1531.5044847 (0.21)%
    GbB1bN4hN2hN1_QqC1wN1 : 1509.1179052 (0.21)%
        T1bC1wN1_T1tN2hN1 : 1466.5360372 (0.20)%
        GbB1tC1wN1_GqQqN1 : 1463.9138194 (0.20)%
    GtT1bC2hC1wN1_QqN2hN1 : 1460.5154614 (0.20)%
    GtT1tN3zN2hN1_QqN2hN1 : 1455.2161527 (0.20)%
       GtT1bC2wN1_QqC1wN1 : 1450.5483147 (0.20)%
    GtT1bC2wN2hN1_QqN2hN1 : 1443.3743367 (0.20)%
       GbB1tC2wN1_QqN2hN1 : 1435.9368944 (0.20)%
          GbB1bN1_QqN2hN1 : 1428.5052752 (0.20)%
    GbB2bN3wC1wN1_QqN2hN1 : 1383.2802817 (0.19)%
    GbB2bN4hN2hN1_QqC1wN1 : 1305.5269420 (0.18)%
       GtT1bC1wN1_QqN2zN1 : 1295.7337957 (0.18)%
       GbB1bN2zN1_QqC1wN1 : 1275.0798646 (0.18)%
    GbB1tC1wN1_GtT1bC1wN1 : 1220.8881472 (0.17)%
    GbB2bN3zN2hN1_QqC1wN1 : 1202.4803526 (0.17)%
       GbB2tC2wN1_QqN2hN1 : 1196.0562099 (0.17)%
       GbB1bN3zN1_QqC1wN1 : 1151.0738306 (0.16)%
       GbB1tC1wN1_QqN2zN1 : 1090.4305470 (0.15)%
          GtT1tN1_QqC1wN1 : 1068.2678493 (0.15)%
            GqQqN1_GqQqN1 : 1042.9006186 (0.14)%
       QqC2zC1wN1_QqN2hN1 : 1028.3031135 (0.14)%
GbB1bN3taTAU1taN1_QqC1wN1 : 1024.5298191 (0.14)%
       GtT1tN2zN1_QqC1wN1 : 1014.9657967 (0.14)%
       QqC2hC1wN1_QqN2hN1 : 980.6387192 (0.14)%
          QqC1wN1_QqC2wN1 : 973.9464450 (0.13)%
       QqC2wN2hN1_QqN2hN1 : 969.1295972 (0.13)%
    GbB1bN3zN2hN1_QqN2hN1 : 938.0268013 (0.13)%
    GbB1tC2wN2zN1_QqC1wN1 : 926.7050383 (0.13)%
       GbB2bN2hN1_QqC1wN1 : 890.4996878 (0.12)%
 GtT1bC2nTAU1taN1_QqC1wN1 : 885.6834927 (0.12)%
 GbB1tC2nTAU1taN1_QqN2hN1 : 876.7619741 (0.12)%
       GtT1tN3zN1_QqN2hN1 : 799.6970008 (0.11)%
       QqN2hN1_QqN4wC1wN1 : 793.5400907 (0.11)%
    GbB2tC2wN2zN1_QqC1wN1 : 771.8941689 (0.11)%
        GbB1bN2hN1_GqQqN1 : 766.5931185 (0.11)%
 GbB2tC2nTAU1taN1_QqN2hN1 : 730.2943519 (0.10)%
       GbB2tC1wN1_QqN2hN1 : 727.8815735 (0.10)%
    GtT1bC1wN1_GtT1bC1wN1 : 725.3767961 (0.10)%
GtT1tN3taTAU1taN1_QqN2hN1 : 711.7818178 (0.10)%
------------------------------------------------------------
                                        SUM=78.03%

SHOWING PROCESSES TO GET 90.00% SUSY COVERAGE
---------------  Output inclusive processes  ---------------
The total xsec = 722635.45 [fb]
The total rate = 100.00%
                      Modes : xsec/fb      (rate)
            QqC1wN1_QqC1wN1 : 76296.8481340 (10.56)%
            QqC1wN1_QqN2hN1 : 68335.5383896 (9.46)%
                C1wN1_N2hN1 : 45356.5453961 (6.28)%
             GqQqN1_QqC1wN1 : 26672.6365859 (3.69)%
                C1wN1_C1wN1 : 26220.8644409 (3.63)%
         GtT1bC1wN1_QqC1wN1 : 22244.6877891 (3.08)%
         GbB1tC1wN1_QqC1wN1 : 18720.1160875 (2.59)%
            QqN2hN1_QqN2hN1 : 15301.2408809 (2.12)%
             GqQqN1_QqN2hN1 : 11944.7200373 (1.65)%
         GtT1bC1wN1_QqN2hN1 : 9961.7661382 (1.38)%
         GbB1bN2hN1_QqC1wN1 : 9802.9760905 (1.36)%
            QqC1wN1_QqN2zN1 : 8888.4506330 (1.23)%
         GbB1tC1wN1_QqN2hN1 : 8383.3686636 (1.16)%
      GtT1tN3wC1wN1_QqC1wN1 : 8347.1775057 (1.16)%
         GtT1tN2hN1_QqC1wN1 : 7803.1860700 (1.08)%
      GbB1tC2zC1wN1_QqC1wN1 : 7559.6445127 (1.05)%
      GbB1tC2hC1wN1_QqC1wN1 : 7209.2362800 (1.00)%
      GbB1tC2wN2hN1_QqC1wN1 : 7124.6261393 (0.99)%
      GbB2tC2zC1wN1_QqC1wN1 : 6296.7668003 (0.87)%
      GbB2tC2hC1wN1_QqC1wN1 : 6004.8960750 (0.83)%
      GbB2tC2wN2hN1_QqC1wN1 : 5934.4204960 (0.82)%
                C1wN1_N2zN1 : 5899.5571578 (0.82)%
      GbB1bN3wC1wN1_QqC1wN1 : 5380.5588961 (0.74)%
         GbB1bN2hN1_QqN2hN1 : 4390.0348792 (0.61)%
            QqN2hN1_QqN2zN1 : 3980.4859199 (0.55)%
      GbB1bN4wC1wN1_QqC1wN1 : 3968.4324469 (0.55)%
               QqC1wN1_QqN1 : 3930.5694407 (0.54)%
      GtT1tN3wC1wN1_QqN2hN1 : 3738.0893368 (0.52)%
         GtT1tN2hN1_QqN2hN1 : 3494.4754226 (0.48)%
      GbB2bN4wC1wN1_QqC1wN1 : 3433.0620947 (0.48)%
      GtT1bC2zC1wN1_QqC1wN1 : 3419.8593539 (0.47)%
      GbB1tC2zC1wN1_QqN2hN1 : 3385.4109996 (0.47)%
      GtT1bC2hC1wN1_QqC1wN1 : 3261.3404090 (0.45)%
      GtT1tN3zN2hN1_QqC1wN1 : 3249.5070184 (0.45)%
      GbB1tC2hC1wN1_QqN2hN1 : 3228.4888211 (0.45)%
      GtT1bC2wN2hN1_QqC1wN1 : 3223.0641672 (0.45)%
         GbB1tC2wN1_QqC1wN1 : 3206.4563109 (0.44)%
      GbB1tC2wN2hN1_QqN2hN1 : 3190.5981372 (0.44)%
            GbB1bN1_QqC1wN1 : 3189.8614575 (0.44)%
      GbB2bN3wC1wN1_QqC1wN1 : 3088.8737564 (0.43)%
      GbB2tC2zC1wN1_QqN2hN1 : 2819.8605836 (0.39)%
      GbB2tC2hC1wN1_QqN2hN1 : 2689.1530666 (0.37)%
         GbB2tC2wN1_QqC1wN1 : 2670.8012012 (0.37)%
      GbB2tC2wN2hN1_QqN2hN1 : 2657.5922174 (0.37)%
      GbB1bN3wC1wN1_QqN2hN1 : 2409.5581796 (0.33)%
         QqC1wN1_QqC2zC1wN1 : 2296.2074592 (0.32)%
         QqC1wN1_QqC2hC1wN1 : 2189.7725605 (0.30)%
         QqC1wN1_QqC2wN2hN1 : 2164.0726171 (0.30)%
      GbB1bN3zN2hN1_QqC1wN1 : 2094.6198741 (0.29)%
          T1bC1wN1_T1bC1wN1 : 2090.3407907 (0.29)%
   GbB1tC2nTAU1taN1_QqC1wN1 : 1957.8151212 (0.27)%
         GtT1tN3zN1_QqC1wN1 : 1785.7285408 (0.25)%
      GbB1bN4wC1wN1_QqN2hN1 : 1777.1701876 (0.25)%
         QqC1wN1_QqN4wC1wN1 : 1771.9801209 (0.25)%
               QqN1_QqN2hN1 : 1760.2141208 (0.24)%
          GqQqN1_GtT1bC1wN1 : 1739.5354660 (0.24)%
   GbB2tC2nTAU1taN1_QqC1wN1 : 1630.7519799 (0.23)%
         GbB2tC1wN1_QqC1wN1 : 1625.3642302 (0.22)%
  GtT1tN3taTAU1taN1_QqC1wN1 : 1589.4133722 (0.22)%
       T1bC1wN1_T1tN3wC1wN1 : 1568.7741534 (0.22)%
             GqQqN1_QqN2zN1 : 1553.6579777 (0.21)%
      GbB2bN4wC1wN1_QqN2hN1 : 1537.4170251 (0.21)%
      GtT1bC2zC1wN1_QqN2hN1 : 1531.5044847 (0.21)%
      GbB1bN4hN2hN1_QqC1wN1 : 1509.1179052 (0.21)%
          T1bC1wN1_T1tN2hN1 : 1466.5360372 (0.20)%
          GbB1tC1wN1_GqQqN1 : 1463.9138194 (0.20)%
      GtT1bC2hC1wN1_QqN2hN1 : 1460.5154614 (0.20)%
      GtT1tN3zN2hN1_QqN2hN1 : 1455.2161527 (0.20)%
         GtT1bC2wN1_QqC1wN1 : 1450.5483147 (0.20)%
      GtT1bC2wN2hN1_QqN2hN1 : 1443.3743367 (0.20)%
         GbB1tC2wN1_QqN2hN1 : 1435.9368944 (0.20)%
            GbB1bN1_QqN2hN1 : 1428.5052752 (0.20)%
      GbB2bN3wC1wN1_QqN2hN1 : 1383.2802817 (0.19)%
      GbB2bN4hN2hN1_QqC1wN1 : 1305.5269420 (0.18)%
         GtT1bC1wN1_QqN2zN1 : 1295.7337957 (0.18)%
         GbB1bN2zN1_QqC1wN1 : 1275.0798646 (0.18)%
      GbB1tC1wN1_GtT1bC1wN1 : 1220.8881472 (0.17)%
      GbB2bN3zN2hN1_QqC1wN1 : 1202.4803526 (0.17)%
         GbB2tC2wN1_QqN2hN1 : 1196.0562099 (0.17)%
         GbB1bN3zN1_QqC1wN1 : 1151.0738306 (0.16)%
         GbB1tC1wN1_QqN2zN1 : 1090.4305470 (0.15)%
            GtT1tN1_QqC1wN1 : 1068.2678493 (0.15)%
              GqQqN1_GqQqN1 : 1042.9006186 (0.14)%
         QqC2zC1wN1_QqN2hN1 : 1028.3031135 (0.14)%
  GbB1bN3taTAU1taN1_QqC1wN1 : 1024.5298191 (0.14)%
         GtT1tN2zN1_QqC1wN1 : 1014.9657967 (0.14)%
         QqC2hC1wN1_QqN2hN1 : 980.6387192 (0.14)%
            QqC1wN1_QqC2wN1 : 973.9464450 (0.13)%
         QqC2wN2hN1_QqN2hN1 : 969.1295972 (0.13)%
      GbB1bN3zN2hN1_QqN2hN1 : 938.0268013 (0.13)%
      GbB1tC2wN2zN1_QqC1wN1 : 926.7050383 (0.13)%
         GbB2bN2hN1_QqC1wN1 : 890.4996878 (0.12)%
   GtT1bC2nTAU1taN1_QqC1wN1 : 885.6834927 (0.12)%
   GbB1tC2nTAU1taN1_QqN2hN1 : 876.7619741 (0.12)%
         GtT1tN3zN1_QqN2hN1 : 799.6970008 (0.11)%
         QqN2hN1_QqN4wC1wN1 : 793.5400907 (0.11)%
      GbB2tC2wN2zN1_QqC1wN1 : 771.8941689 (0.11)%
          GbB1bN2hN1_GqQqN1 : 766.5931185 (0.11)%
   GbB2tC2nTAU1taN1_QqN2hN1 : 730.2943519 (0.10)%
         GbB2tC1wN1_QqN2hN1 : 727.8815735 (0.10)%
      GtT1bC1wN1_GtT1bC1wN1 : 725.3767961 (0.10)%
  GtT1tN3taTAU1taN1_QqN2hN1 : 711.7818178 (0.10)%
         GbB1bN4hN1_QqC1wN1 : 710.8839020 (0.10)%
                GqQqN1_QqN1 : 687.0444378 (0.10)%
      GbB1bN4hN2hN1_QqN2hN1 : 675.8233601 (0.09)%
         QqC1wN1_QqN4hN2hN1 : 673.8496784 (0.09)%
         GbB2bN3zN1_QqC1wN1 : 660.8090006 (0.09)%
      GbB1wT1bC1wN1_QqC1wN1 : 658.8921105 (0.09)%
       GqQqN1_GtT1tN3wC1wN1 : 652.7496115 (0.09)%
         GtT1bC2wN1_QqN2hN1 : 649.5943310 (0.09)%
       T1bC1wN1_T1bC2zC1wN1 : 642.7306666 (0.09)%
      GbB1bN2hN1_GtT1bC1wN1 : 639.3302937 (0.09)%
         GbB2bN4hN1_QqC1wN1 : 614.9805019 (0.09)%
       T1bC1wN1_T1bC2hC1wN1 : 612.9385095 (0.08)%
       T1bC1wN1_T1tN3zN2hN1 : 610.7145342 (0.08)%
          GqQqN1_GtT1tN2hN1 : 610.2094597 (0.08)%
       T1bC1wN1_T1bC2wN2hN1 : 605.7448469 (0.08)%
                      N1_N1 : 597.1292467 (0.08)%
      QqC1wN1_QqC2nTAU1taN1 : 594.6773922 (0.08)%
       GbB1tC2zC1wN1_GqQqN1 : 591.1645003 (0.08)%
  GbB2bN3taTAU1taN1_QqC1wN1 : 588.1625556 (0.08)%
      GbB2bN4hN2hN1_QqN2hN1 : 584.6498816 (0.08)%
            GtT1bC1wN1_QqN1 : 572.9875623 (0.08)%
  GbB1bN4taTAU1taN1_QqC1wN1 : 572.5788511 (0.08)%
                N2hN1_N2hN1 : 571.9438077 (0.08)%
         GbB1bN2zN1_QqN2hN1 : 571.0148661 (0.08)%
         GbB1bN2hN1_QqN2zN1 : 571.0148661 (0.08)%
       GbB1tC2hC1wN1_GqQqN1 : 563.7625626 (0.08)%
       GbB1tC2wN2hN1_GqQqN1 : 557.1460462 (0.08)%
       T1tN2hN1_T1tN3wC1wN1 : 550.3083135 (0.08)%
   GtT1bC1wN1_GtT1tN3wC1wN1 : 544.3860514 (0.08)%
      GbB2bN3zN2hN1_QqN2hN1 : 538.5028629 (0.07)%
      GbB1bN2hN1_GbB1tC1wN1 : 538.0312563 (0.07)%
         GbB1bN3zN1_QqN2hN1 : 515.4816474 (0.07)%
      GbB1tC1wN1_GbB1tC1wN1 : 513.7219291 (0.07)%
      GtT1bC1wN1_GtT1tN2hN1 : 508.9080291 (0.07)%
  GbB2bN4taTAU1taN1_QqC1wN1 : 495.3338065 (0.07)%
   GbB1tC2zC1wN1_GtT1bC1wN1 : 493.0247408 (0.07)%
       GbB2tC2zC1wN1_GqQqN1 : 492.4074131 (0.07)%
      GtT1tN3wC1wN1_QqN2zN1 : 486.2158595 (0.07)%
            GbB1tC1wN1_QqN1 : 482.2002351 (0.07)%
          C2zC1wN1_N4wC1wN1 : 482.1491907 (0.07)%
            GtT1tN1_QqN2hN1 : 478.3989143 (0.07)%
   GbB1tC2hC1wN1_GtT1bC1wN1 : 470.1718239 (0.07)%
       GbB2tC2hC1wN1_GqQqN1 : 469.5831109 (0.06)%
          N3wC1wN1_N4wC1wN1 : 465.9576807 (0.06)%
   GbB1tC2wN2hN1_GtT1bC1wN1 : 464.6537215 (0.06)%
       GbB2tC2wN2hN1_GqQqN1 : 464.0719178 (0.06)%
          C2zC1wN1_N3wC1wN1 : 463.4821111 (0.06)%
          C2hC1wN1_N4wC1wN1 : 459.8003824 (0.06)%
  GbB1bN3taTAU1taN1_QqN2hN1 : 458.8118546 (0.06)%
   GbB1tC1wN1_GtT1tN3wC1wN1 : 458.1305063 (0.06)%
         GtT1tN2hN1_QqN2zN1 : 454.5288296 (0.06)%
         GtT1tN2zN1_QqN2hN1 : 454.5288296 (0.06)%
          C2wN2hN1_N4wC1wN1 : 454.4040029 (0.06)%
      GtT1tN4wC1wN1_QqC1wN1 : 444.8501801 (0.06)%
          C2hC1wN1_N3wC1wN1 : 441.9985682 (0.06)%
      GbB1tC2zC1wN1_QqN2zN1 : 440.3427448 (0.06)%
          C2wN2hN1_N3wC1wN1 : 436.8111170 (0.06)%
            QqC2wN1_QqN2hN1 : 436.1592668 (0.06)%
      GbB2wT1bC1wN1_QqC1wN1 : 431.3361765 (0.06)%
      GbB1tC1wN1_GtT1tN2hN1 : 428.2738186 (0.06)%
      GtT1tN3zN2zN1_QqC1wN1 : 422.6656202 (0.06)%
       GbB1bN3wC1wN1_GqQqN1 : 420.7599188 (0.06)%
      GbB1tC2hC1wN1_QqN2zN1 : 419.9317688 (0.06)%
      GtT1bC2wN2zN1_QqC1wN1 : 419.2261803 (0.06)%
      GbB1tC2wN2zN1_QqN2hN1 : 415.0033014 (0.06)%
      GbB1tC2wN2hN1_QqN2zN1 : 415.0033014 (0.06)%
   GbB1tC1wN1_GbB1tC2zC1wN1 : 414.9071666 (0.06)%
   GbB2tC2zC1wN1_GtT1bC1wN1 : 410.6624081 (0.06)%
          GqQqN1_QqC2zC1wN1 : 401.3659056 (0.06)%
         GbB2bN2hN1_QqN2hN1 : 398.7895771 (0.06)%
   GtT1bC2nTAU1taN1_QqN2hN1 : 396.6327561 (0.05)%
   GbB1tC1wN1_GbB1tC2hC1wN1 : 395.6751926 (0.05)%
   GbB2tC2hC1wN1_GtT1bC1wN1 : 391.6271891 (0.05)%
   GbB1tC1wN1_GbB1tC2wN2hN1 : 391.0314089 (0.05)%
   GbB2tC2wN2hN1_GtT1bC1wN1 : 387.0309142 (0.05)%
          GqQqN1_QqC2hC1wN1 : 382.7616025 (0.05)%
          GqQqN1_QqC2wN2hN1 : 378.2693773 (0.05)%
         GtT1tN3hN1_QqC1wN1 : 372.5391526 (0.05)%
      GbB2tC2zC1wN1_QqN2zN1 : 366.7812119 (0.05)%
          TAU1taN1_TAU1taN1 : 356.9964937 (0.05)%
   GbB1bN3wC1wN1_GtT1bC1wN1 : 350.9091798 (0.05)%
      GbB2tC2hC1wN1_QqN2zN1 : 349.7799950 (0.05)%
      GbB2tC2wN2zN1_QqN2hN1 : 345.6748536 (0.05)%
      GbB2tC2wN2hN1_QqN2zN1 : 345.6748536 (0.05)%
   GbB1tC1wN1_GbB2tC2zC1wN1 : 345.5947786 (0.05)%
          T1bC1wN1_T1tN3zN1 : 335.6110228 (0.05)%
      GtT1bC1wN1_QqC2zC1wN1 : 334.7347845 (0.05)%
          B1bN2hN1_B1tC1wN1 : 331.1737433 (0.05)%
   GbB1tC1wN1_GbB2tC2hC1wN1 : 329.5756053 (0.05)%
   GbB1tC1wN1_GbB2tC2wN2hN1 : 325.7075897 (0.05)%
      GtT1bC1wN1_QqC2hC1wN1 : 319.2189987 (0.04)%
         GbB1bN4hN1_QqN2hN1 : 318.3528243 (0.04)%
            QqC1wN1_QqN4hN1 : 317.4231033 (0.04)%
          B1tC1wN1_B1tC1wN1 : 316.2106519 (0.04)%
      GtT1bC1wN1_QqC2wN2hN1 : 315.4725319 (0.04)%
      GbB1bN3wC1wN1_QqN2zN1 : 313.4128951 (0.04)%
       GbB1bN4wC1wN1_GqQqN1 : 310.3315745 (0.04)%
          GqQqN1_QqN4wC1wN1 : 309.7335143 (0.04)%
         QqN2hN1_QqN4hN2hN1 : 301.7679085 (0.04)%
                   C1wN1_N1 : 300.0326420 (0.04)%
   T1bC1wN1_T1tN3taTAU1taN1 : 298.7154180 (0.04)%
         GbB2bN3zN1_QqN2hN1 : 295.9279442 (0.04)%
   GbB1bN3wC1wN1_GbB1tC1wN1 : 295.3091832 (0.04)%
      GbB1wT1bC1wN1_QqN2hN1 : 295.0695095 (0.04)%
    T1tN3wC1wN1_T1tN3wC1wN1 : 294.3362579 (0.04)%
      GbB1tC1wN1_QqC2zC1wN1 : 281.6975488 (0.04)%
         QqC1wN1_QqC2wN2zN1 : 281.4824186 (0.04)%
         GbB2bN4hN1_QqN2hN1 : 275.4047167 (0.04)%
          T1bC1wN1_T1bC2wN1 : 272.6170257 (0.04)%
      GbB1bN3zN2zN1_QqC1wN1 : 272.4486524 (0.04)%
      GbB1tC1wN1_QqC2hC1wN1 : 268.6401702 (0.04)%
       GbB2bN4wC1wN1_GqQqN1 : 268.4655918 (0.04)%
       GqQqN1_GtT1bC2zC1wN1 : 267.4331369 (0.04)%
      QqC2nTAU1taN1_QqN2hN1 : 266.3124412 (0.04)%
      GbB1tC1wN1_QqC2wN2hN1 : 265.4873144 (0.04)%
  GbB2bN3taTAU1taN1_QqN2hN1 : 263.3949231 (0.04)%
             C1wN1_N3wC1wN1 : 258.8788490 (0.04)%
            QqN2zN1_QqN2zN1 : 258.8722752 (0.04)%
   GbB1bN4wC1wN1_GtT1bC1wN1 : 258.8131460 (0.04)%
      GtT1bC1wN1_QqN4wC1wN1 : 258.3143703 (0.04)%
          T1tN2hN1_T1tN2hN1 : 257.2221666 (0.04)%
  GbB1bN4taTAU1taN1_QqN2hN1 : 256.4161234 (0.04)%
     QqC1wN1_QqN4taTAU1taN1 : 255.6672831 (0.04)%
       B1tC1wN1_B1tC2zC1wN1 : 255.3873179 (0.04)%
       GqQqN1_GtT1bC2hC1wN1 : 255.0369491 (0.04)%
       GqQqN1_GtT1tN3zN2hN1 : 254.1115775 (0.04)%
            GbB1bN2hN1_QqN1 : 252.5089777 (0.03)%
       GqQqN1_GtT1bC2wN2hN1 : 252.0437455 (0.03)%
          GbB1tC2wN1_GqQqN1 : 250.7450105 (0.03)%
             GbB1bN1_GqQqN1 : 249.4472923 (0.03)%
   GbB1wT1tN3wC1wN1_QqC1wN1 : 247.2450706 (0.03)%
       B1tC1wN1_B1tC2hC1wN1 : 243.5494837 (0.03)%
       GbB2bN3wC1wN1_GqQqN1 : 241.5500501 (0.03)%
    T1bC2zC1wN1_T1tN3wC1wN1 : 241.1805917 (0.03)%
       B1tC1wN1_B1tC2wN2hN1 : 240.6911010 (0.03)%
         GbB1bN3hN1_QqC1wN1 : 240.1373219 (0.03)%
   GbB1bN2hN1_GtT1tN3wC1wN1 : 239.9046234 (0.03)%
          C2hC1wN1_C2zC1wN1 : 238.7468264 (0.03)%
          C2wN2hN1_C2zC1wN1 : 235.9448094 (0.03)%
      GbB1bN4wC1wN1_QqN2zN1 : 231.1577526 (0.03)%
      GbB1wT1tN2hN1_QqC1wN1 : 231.1319353 (0.03)%
    T1bC2hC1wN1_T1tN3wC1wN1 : 230.0012744 (0.03)%
    T1tN3wC1wN1_T1tN3zN2hN1 : 229.1667418 (0.03)%
               QqN1_QqN2zN1 : 228.9522653 (0.03)%
    T1bC2wN2hN1_T1tN3wC1wN1 : 227.3018982 (0.03)%
       T1bC2zC1wN1_T1tN2hN1 : 225.4626827 (0.03)%
          C2hC1wN1_C2wN2hN1 : 225.0081836 (0.03)%
      GbB1bN2hN1_GtT1tN2hN1 : 224.2698701 (0.03)%
   GbB2bN4wC1wN1_GtT1bC1wN1 : 223.8973733 (0.03)%
   GtT1bC1wN1_GtT1bC2zC1wN1 : 223.0363172 (0.03)%
  GbB2bN4taTAU1taN1_QqN2hN1 : 221.8237265 (0.03)%
   GbB1bN4wC1wN1_GbB1tC1wN1 : 217.8053557 (0.03)%
      GbB1tC1wN1_QqN4wC1wN1 : 217.3856088 (0.03)%
   GbB1bN2hN1_GbB1tC2zC1wN1 : 217.2702891 (0.03)%
       T1bC2hC1wN1_T1tN2hN1 : 215.0119293 (0.03)%
         GtT1tN3wC1wN1_QqN1 : 215.0099357 (0.03)%
       T1tN2hN1_T1tN3zN2hN1 : 214.2317838 (0.03)%
   GtT1bC1wN1_GtT1bC2hC1wN1 : 212.6980319 (0.03)%
       T1bC2wN2hN1_T1tN2hN1 : 212.4884735 (0.03)%
   GtT1bC1wN1_GtT1tN3zN2hN1 : 211.9262821 (0.03)%
   GtT1bC1wN1_GtT1bC2wN2hN1 : 210.2017328 (0.03)%
      GbB1tC2wN1_GtT1bC1wN1 : 209.1186019 (0.03)%
          GbB2tC2wN1_GqQqN1 : 208.8567597 (0.03)%
GbB1tC2taNUTtaC1wN1_QqC1wN1 : 208.0719782 (0.03)%
         GbB1bN1_GtT1bC1wN1 : 208.0363191 (0.03)%
   GbB1bN2hN1_GbB1tC2hC1wN1 : 207.1992735 (0.03)%
   GbB1bN2hN1_GbB1tC2wN2hN1 : 204.7675097 (0.03)%
             C2wN1_N4wC1wN1 : 204.5056897 (0.03)%
   GbB2bN3wC1wN1_GtT1bC1wN1 : 201.4501053 (0.03)%
            GtT1tN2hN1_QqN1 : 200.9975868 (0.03)%
             T1bC1wN1_T1tN1 : 200.7709779 (0.03)%
      GbB2bN4wC1wN1_QqN2zN1 : 199.9728933 (0.03)%
      GtT1tN4wC1wN1_QqN2hN1 : 199.2158084 (0.03)%
      GtT1bC2zC1wN1_QqN2zN1 : 199.2038451 (0.03)%
             C2wN1_N3wC1wN1 : 196.5879662 (0.03)%
      GbB1bN4hN2zN1_QqC1wN1 : 196.2920073 (0.03)%
         GbB1tC2zC1wN1_QqN1 : 194.7243460 (0.03)%
      GbB2wT1bC1wN1_QqN2hN1 : 193.1638762 (0.03)%
   GtT1tN2hN1_GtT1tN3wC1wN1 : 190.9644987 (0.03)%
          T1bC1wN1_T1tN2zN1 : 190.7533543 (0.03)%
      GtT1bC2hC1wN1_QqN2zN1 : 189.9702539 (0.03)%
      GtT1tN3zN2zN1_QqN2hN1 : 189.2809691 (0.03)%
      GtT1tN3zN2hN1_QqN2zN1 : 189.2809691 (0.03)%
   GbB1tC1wN1_GbB2bN4wC1wN1 : 188.4218318 (0.03)%
      GtT1bC2wN2zN1_QqN2hN1 : 187.7406960 (0.03)%
      GtT1bC2wN2hN1_QqN2zN1 : 187.7406960 (0.03)%
   GbB1tC1wN1_GtT1bC2zC1wN1 : 187.6972062 (0.03)%
         GbB1tC2wN1_QqN2zN1 : 186.7733027 (0.03)%
            GbB1bN1_QqN2zN1 : 185.8066669 (0.03)%
         GbB1tC2hC1wN1_QqN1 : 185.6983906 (0.03)%
GbB1tC2zC1wN1_GtT1tN3wC1wN1 : 185.0043959 (0.03)%
         GbB1tC2wN2hN1_QqN1 : 183.5189688 (0.03)%
          C2zC1wN1_N4hN2hN1 : 183.3519876 (0.03)%
    B2tC2hC1wN1_B2tC2zC1wN1 : 182.8733651 (0.03)%
       B1bN3wC1wN1_B1tC1wN1 : 181.7713125 (0.03)%
          N3zN2hN1_N4wC1wN1 : 181.3945795 (0.03)%
   GbB1bN2hN1_GbB2tC2zC1wN1 : 180.9741636 (0.03)%
    B2tC2wN2hN1_B2tC2zC1wN1 : 180.7270987 (0.03)%
          C2zC1wN1_N3zN2hN1 : 180.4308548 (0.02)%
      GbB2bN3wC1wN1_QqN2zN1 : 179.9242208 (0.02)%
   GbB1tC1wN1_GtT1bC2hC1wN1 : 178.9969761 (0.02)%
   GbB1tC1wN1_GtT1tN3zN2hN1 : 178.3475066 (0.02)%
          N3wC1wN1_N4hN2hN1 : 177.1946703 (0.02)%
         GbB1bN4zN1_QqC1wN1 : 176.9980752 (0.02)%
   GbB1tC1wN1_GtT1bC2wN2hN1 : 176.8962045 (0.02)%
GbB1tC2hC1wN1_GtT1tN3wC1wN1 : 176.4289843 (0.02)%
      GbB1tC1wN1_GbB1tC2wN1 : 175.9846909 (0.02)%
         GbB1bN1_GbB1tC1wN1 : 175.0738910 (0.02)%
          C2hC1wN1_N4hN2hN1 : 174.8531692 (0.02)%
GbB1tC2wN2hN1_GtT1tN3wC1wN1 : 174.3583515 (0.02)%
      GbB2tC2wN1_GtT1bC1wN1 : 174.1842580 (0.02)%
GbB2tC2taNUTtaC1wN1_QqC1wN1 : 173.3124782 (0.02)%
   GbB1tC2zC1wN1_GtT1tN2hN1 : 172.9475292 (0.02)%
          C2wN2hN1_N4hN2hN1 : 172.8010307 (0.02)%
   GbB1bN2hN1_GbB2tC2hC1wN1 : 172.5855632 (0.02)%
    B2tC2hC1wN1_B2tC2wN2hN1 : 172.3499504 (0.02)%
          C2hC1wN1_N3zN2hN1 : 172.0674382 (0.02)%
   GbB1bN2hN1_GbB2tC2wN2hN1 : 170.5600382 (0.02)%
             GqQqN1_QqC2wN1 : 170.2411057 (0.02)%
          C2wN2hN1_N3zN2hN1 : 170.0479940 (0.02)%
      GbB2bN4hN2zN1_QqC1wN1 : 169.8107902 (0.02)%
   GbB1tC1wN1_GbB2bN3wC1wN1 : 169.5312334 (0.02)%
      GtT1tN4hN2hN1_QqC1wN1 : 169.1678971 (0.02)%
         GtT1tN3hN1_QqN2hN1 : 166.8329963 (0.02)%
    T1bC1wN1_T1bC2nTAU1taN1 : 166.4559512 (0.02)%
   GbB1tC2hC1wN1_GtT1tN2hN1 : 164.9309831 (0.02)%
       GbB1bN3zN2hN1_GqQqN1 : 163.7993571 (0.02)%
   GbB1tC2wN2hN1_GtT1tN2hN1 : 162.9952949 (0.02)%
         GbB2tC2zC1wN1_QqN1 : 162.1946369 (0.02)%
   GbB2wT1tN3wC1wN1_QqC1wN1 : 161.8561548 (0.02)%
GbB1tC2hC1wN1_GbB1tC2zC1wN1 : 159.7834001 (0.02)%
GbB1tC2wN2hN1_GbB1tC2zC1wN1 : 157.9081257 (0.02)%
      GbB2bN3zN2zN1_QqC1wN1 : 156.4074492 (0.02)%
         GbB2tC2wN1_QqN2zN1 : 155.5718566 (0.02)%
         GbB2tC2hC1wN1_QqN1 : 154.6765141 (0.02)%
   GbB1bN2hN1_GbB1bN3wC1wN1 : 154.6416085 (0.02)%
GbB2tC2zC1wN1_GtT1tN3wC1wN1 : 154.0984548 (0.02)%
         GbB2bN4zN1_QqC1wN1 : 153.1197496 (0.02)%
    GbB1tC2nTAU1taN1_GqQqN1 : 153.1012200 (0.02)%
         GbB2tC2wN2hN1_QqN1 : 152.8611759 (0.02)%
      GbB2wT1tN2hN1_QqC1wN1 : 151.3078752 (0.02)%
GbB1tC2hC1wN1_GbB1tC2wN2hN1 : 150.5886933 (0.02)%
    T2bC2zC1wN1_T2tN4wC1wN1 : 149.1053303 (0.02)%
                N2hN1_N2zN1 : 148.7862515 (0.02)%
      GbB1bN2hN1_QqC2zC1wN1 : 147.5137399 (0.02)%
GbB2tC2hC1wN1_GtT1tN3wC1wN1 : 146.9556100 (0.02)%
      GbB1tC1wN1_GbB2tC2wN1 : 146.5855381 (0.02)%
GbB2tC2wN2hN1_GtT1tN3wC1wN1 : 145.2308871 (0.02)%
    T2tN4wC1wN1_T2tN4wC1wN1 : 144.2661190 (0.02)%
   GbB2tC2zC1wN1_GtT1tN2hN1 : 144.0557500 (0.02)%
    T2bC2hC1wN1_T2tN4wC1wN1 : 142.1939292 (0.02)%
            QqN2hN1_QqN4hN1 : 142.1505553 (0.02)%
         GtT1bC1wN1_QqC2wN1 : 141.9792241 (0.02)%
      GbB1bN2hN1_GbB1bN2hN1 : 140.8727253 (0.02)%
      GbB1bN2hN1_QqC2hC1wN1 : 140.6761130 (0.02)%
    T2bC2wN2hN1_T2tN4wC1wN1 : 140.5250911 (0.02)%
          GqQqN1_GtT1tN3zN1 : 139.6440426 (0.02)%
GbB1tC2zC1wN1_GbB2tC2zC1wN1 : 139.5596940 (0.02)%
      GbB1bN2hN1_QqC2wN2hN1 : 139.0250885 (0.02)%
         GbB1bN3wC1wN1_QqN1 : 138.5945874 (0.02)%
         GbB2bN3hN1_QqC1wN1 : 137.8581456 (0.02)%
   GbB2tC2hC1wN1_GtT1tN2hN1 : 137.3784094 (0.02)%
   GbB1bN3zN2hN1_GtT1bC1wN1 : 136.6068760 (0.02)%
   GbB2tC2wN2hN1_GtT1tN2hN1 : 135.7660879 (0.02)%
       B1bN4wC1wN1_B1tC1wN1 : 134.0654732 (0.02)%
         QqC2zC1wN1_QqN2zN1 : 133.7520956 (0.02)%
       B1bN2hN1_B1tC2zC1wN1 : 133.7361243 (0.02)%
GbB1tC2zC1wN1_GbB2tC2hC1wN1 : 133.0907567 (0.02)%
GbB1tC2hC1wN1_GbB2tC2zC1wN1 : 133.0907567 (0.02)%
      GtT1tN3hN2hN1_QqC1wN1 : 132.0991565 (0.02)%
GbB1bN3wC1wN1_GtT1tN3wC1wN1 : 131.6764362 (0.02)%
GbB1tC2zC1wN1_GbB2tC2wN2hN1 : 131.5287567 (0.02)%
GbB1tC2wN2hN1_GbB2tC2zC1wN1 : 131.5287567 (0.02)%
GbB1tC2nTAU1taN1_GtT1bC1wN1 : 127.6847464 (0.02)%
         QqC2hC1wN1_QqN2zN1 : 127.5523549 (0.02)%
       B1bN2hN1_B1tC2hC1wN1 : 127.5371239 (0.02)%
    GbB2tC2nTAU1taN1_GqQqN1 : 127.5248694 (0.02)%
          GbB2tC1wN1_GqQqN1 : 127.1035472 (0.02)%
GbB1tC2hC1wN1_GbB2tC2hC1wN1 : 126.9216708 (0.02)%
         QqC2wN2hN1_QqN2zN1 : 126.0553555 (0.02)%
         QqC2wN2zN1_QqN2hN1 : 126.0553555 (0.02)%
       B1bN2hN1_B1tC2wN2hN1 : 126.0403032 (0.02)%
       T1tN3wC1wN1_T1tN3zN1 : 125.9359001 (0.02)%
   GtT1tN3wC1wN1_QqC2zC1wN1 : 125.6070973 (0.02)%
GbB1tC2hC1wN1_GbB2tC2wN2hN1 : 125.4320733 (0.02)%
GbB1tC2wN2hN1_GbB2tC2hC1wN1 : 125.4320733 (0.02)%
          C2zC1wN1_C2zC1wN1 : 125.1756127 (0.02)%
       C2nTAU1taN1_N4wC1wN1 : 124.8681700 (0.02)%
   GqQqN1_GtT1tN3taTAU1taN1 : 124.2921887 (0.02)%
GbB1tC2wN2hN1_GbB2tC2wN2hN1 : 123.9599582 (0.02)%
   GbB1bN3wC1wN1_GtT1tN2hN1 : 123.0949901 (0.02)%
      GbB1bN3zN2zN1_QqN2hN1 : 122.0097933 (0.02)%
      GbB1bN3zN2hN1_QqN2zN1 : 122.0097933 (0.02)%
       C2nTAU1taN1_N3wC1wN1 : 120.0337243 (0.02)%
   GtT1tN3wC1wN1_QqC2hC1wN1 : 119.7848975 (0.02)%
         GbB1tC1wN1_QqC2wN1 : 119.4832484 (0.02)%
GbB1bN3wC1wN1_GbB1tC2zC1wN1 : 119.2531305 (0.02)%
   GtT1tN3wC1wN1_QqC2wN2hN1 : 118.3790596 (0.02)%
       GbB1bN4hN2hN1_GqQqN1 : 118.0130800 (0.02)%
          GqQqN1_QqN4hN2hN1 : 117.7856492 (0.02)%
          T1tN2hN1_T1tN3zN1 : 117.7285688 (0.02)%
      GtT1tN2hN1_QqC2zC1wN1 : 117.4211943 (0.02)%
      GtT1bC1wN1_GtT1tN3zN1 : 116.4616074 (0.02)%
         GbB2bN2zN1_QqC1wN1 : 115.8279089 (0.02)%
   GbB1bN3zN2hN1_GbB1tC1wN1 : 114.9621250 (0.02)%
     QqN2hN1_QqN4taTAU1taN1 : 114.4946473 (0.02)%
   GbB1bN2hN1_GbB1bN4wC1wN1 : 114.0559538 (0.02)%
   GbB1tC2nTAU1taN1_QqN2zN1 : 114.0410350 (0.02)%
          C2hC1wN1_C2hC1wN1 : 113.8401601 (0.02)%
      GbB1bN2hN1_QqN4wC1wN1 : 113.8361491 (0.02)%
   GbB1tC2zC1wN1_QqC2zC1wN1 : 113.7564168 (0.02)%
GbB1bN3wC1wN1_GbB1tC2hC1wN1 : 113.7254527 (0.02)%
          GqQqN1_GtT1bC2wN1 : 113.4329357 (0.02)%
GbB1bN3wC1wN1_GbB1tC2wN2hN1 : 112.3907307 (0.02)%
T1tN3taTAU1taN1_T1tN3wC1wN1 : 112.0910593 (0.02)%
      GtT1tN2hN1_QqC2hC1wN1 : 111.9784313 (0.02)%
    T2tN3wC1wN1_T2tN4wC1wN1 : 111.2325416 (0.02)%
          C2wN2hN1_C2wN2hN1 : 111.1837041 (0.02)%
GbB2tC2hC1wN1_GbB2tC2zC1wN1 : 110.8572575 (0.02)%
   GbB1wT1tN3wC1wN1_QqN2hN1 : 110.7229553 (0.02)%
      GtT1tN2hN1_QqC2wN2hN1 : 110.6642130 (0.02)%
             N2hN1_N3wC1wN1 : 109.8995648 (0.02)%
------------------------------------------------------------
                                          SUM=90.01%
