/Users/rafalmaselek/Projects/fastlim-1.0
 
#################################################################
#                                                               #
#                                                               #
#                     This is Fastlim  ver. 1.0                 #
#                                                               #
#          A fast LHC limit calculator for BSM models.          #
#                                                               #
#                  http://cern.ch/fastlim-1.0/                  #
#                                                               #
#  for bugs/feature requests: fastlim-1.0.developers@gmail.com  #
#                                                               #
#    please refer to:                                           #
#    M.Papucci, K.Sakurai, A.Weiler, L.Zeune arXiv:1402.xxxx    #
#                                                               #
#################################################################
 

!! Masses incompatible with the data for ERER !!

!! Problem with reading tables for ER ER !! Probably mass outside the table !! Setting xsec to 10^-20 !!

!! Masses incompatible with the data for ELEL !!

!! Problem with reading tables for EL EL !! Probably mass outside the table !! Setting xsec to 10^-20 !!

!! Masses incompatible with the data for TAU1TAU1 !!

!! Problem with reading tables for TAU1 TAU1 !! Probably mass outside the table !! Setting xsec to 10^-20 !!

!! Masses incompatible with the data for TAU2TAU2 !!

!! Problem with reading tables for TAU2 TAU2 !! Probably mass outside the table !! Setting xsec to 10^-20 !!
Decoupling mG=2464.93194 GeV; mQ=3071.628455 GeV

!! Masses incompatible with the data for QQ !!

!! Problem with reading tables for Q Q !! Probably mass outside the table !! Setting xsec to 10^-20 !!

!! Masses incompatible with the data for GQ !!

!! Problem with reading tables for G Q !! Probably mass outside the table !! Setting xsec to 10^-20 !!
!!! THERE IS MASS SHIFTING IN EWKfast --------------------------------------------------------
Energy  Precision  PDF  Process
13      LO    NNPDF30           C1C1       0.7284691602039027 
13      LO    NNPDF30           C1+C2-     7.704569683713406e-05 # mass is shifted in the grid
13      LO    NNPDF30           C1-C2+     7.704002641968615e-05 # mass is shifted in the grid
13      LO    NNPDF30           C2C2       0.013240828199751784 # mass is shifted in the grid
13      LO    NNPDF30           N1N1       0.01041945942775804 
13      LO    NNPDF30           N1N2       0.001238949364484858 
13      LO    NNPDF30           N1N3       2.5163055480653765e-05 # mass is shifted in the grid
13      LO    NNPDF30           N1N4       2.2587782676516773e-05 # mass is shifted in the grid
13      LO    NNPDF30           N2N2       0.0071578160418635985 
13      LO    NNPDF30           N2N3       4.529091347142759e-05 # mass is shifted in the grid
13      LO    NNPDF30           N2N4       1.83648005941852e-05 # mass is shifted in the grid
13      LO    NNPDF30           N3N3       1.2132542915372387e-09 # mass is shifted in the grid
13      LO    NNPDF30           N3N4       0.002276626215477828 # mass is shifted in the grid
13      LO    NNPDF30           N4N4       1.4217717741681899e-08 # mass is shifted in the grid
13      LO    NNPDF30           N1C1+      0.002090411380398435 
13      LO    NNPDF30           N2C1+      1.1556566689916772 
13      LO    NNPDF30           N3C1+      8.484075810250724e-05 # mass is shifted in the grid
13      LO    NNPDF30           N4C1+      6.120631250138603e-05 # mass is shifted in the grid
13      LO    NNPDF30           N1C1-      0.0007347174217936807 
13      LO    NNPDF30           N2C1-      0.40141667017657834 
13      LO    NNPDF30           N3C1-      2.80506368269457e-05 # mass is shifted in the grid
13      LO    NNPDF30           N4C1-      2.0121867251340243e-05 # mass is shifted in the grid
13      LO    NNPDF30           N1C2+      0.00016882463711125195 # mass is shifted in the grid
13      LO    NNPDF30           N2C2+      4.681423583986859e-05 # mass is shifted in the grid
13      LO    NNPDF30           N3C2+      0.0032032856324936488 # mass is shifted in the grid
13      LO    NNPDF30           N4C2+      0.016319150681485838 # mass is shifted in the grid
13      LO    NNPDF30           N1C2-      5.6562684948182785e-05 # mass is shifted in the grid
13      LO    NNPDF30           N2C2-      1.5365008086071227e-05 # mass is shifted in the grid
13      LO    NNPDF30           N3C2-      0.0011076733087459567 # mass is shifted in the grid
13      LO    NNPDF30           N4C2-      0.005485242762798801 # mass is shifted in the grid

SLHA file: /Users/rafalmaselek/Projects/CheckMateCalculations/UML/SLHA_FIX/cmssm_2309_1085_5_-1085_-1.slha
Input file: /Users/rafalmaselek/ScienceSoft/EWKfast_LO/input_default.dat
Sort: OFF 
Cut: -1 
Unit: fb 
ScaleVariation: OFF 

mC2 = 1551.44498 is out of range. |mC2| = 1500 was used.
mN3 = -1549.04573 is out of range. |mN3| = 1500 was used.
mN4 = 1549.81687 is out of range. |mN4| = 1500 was used.

-----------------------------------------------------------------------------------------------
!!! THERE IS MASS SHIFTING IN EWKfast --------------------------------------------------------
Energy  Precision  PDF  Process
13      LO    NNPDF30           C1C1       0.7284691602039027 
13      LO    NNPDF30           C1+C2-     7.704569683713406e-05 # mass is shifted in the grid
13      LO    NNPDF30           C1-C2+     7.704002641968615e-05 # mass is shifted in the grid
13      LO    NNPDF30           C2C2       0.013240828199751784 # mass is shifted in the grid
13      LO    NNPDF30           N1N1       0.01041945942775804 
13      LO    NNPDF30           N1N2       0.001238949364484858 
13      LO    NNPDF30           N1N3       2.5163055480653765e-05 # mass is shifted in the grid
13      LO    NNPDF30           N1N4       2.2587782676516773e-05 # mass is shifted in the grid
13      LO    NNPDF30           N2N2       0.0071578160418635985 
13      LO    NNPDF30           N2N3       4.529091347142759e-05 # mass is shifted in the grid
13      LO    NNPDF30           N2N4       1.83648005941852e-05 # mass is shifted in the grid
13      LO    NNPDF30           N3N3       1.2132542915372387e-09 # mass is shifted in the grid
13      LO    NNPDF30           N3N4       0.002276626215477828 # mass is shifted in the grid
13      LO    NNPDF30           N4N4       1.4217717741681899e-08 # mass is shifted in the grid
13      LO    NNPDF30           N1C1+      0.002090411380398435 
13      LO    NNPDF30           N2C1+      1.1556566689916772 
13      LO    NNPDF30           N3C1+      8.484075810250724e-05 # mass is shifted in the grid
13      LO    NNPDF30           N4C1+      6.120631250138603e-05 # mass is shifted in the grid
13      LO    NNPDF30           N1C1-      0.0007347174217936807 
13      LO    NNPDF30           N2C1-      0.40141667017657834 
13      LO    NNPDF30           N3C1-      2.80506368269457e-05 # mass is shifted in the grid
13      LO    NNPDF30           N4C1-      2.0121867251340243e-05 # mass is shifted in the grid
13      LO    NNPDF30           N1C2+      0.00016882463711125195 # mass is shifted in the grid
13      LO    NNPDF30           N2C2+      4.681423583986859e-05 # mass is shifted in the grid
13      LO    NNPDF30           N3C2+      0.0032032856324936488 # mass is shifted in the grid
13      LO    NNPDF30           N4C2+      0.016319150681485838 # mass is shifted in the grid
13      LO    NNPDF30           N1C2-      5.6562684948182785e-05 # mass is shifted in the grid
13      LO    NNPDF30           N2C2-      1.5365008086071227e-05 # mass is shifted in the grid
13      LO    NNPDF30           N3C2-      0.0011076733087459567 # mass is shifted in the grid
13      LO    NNPDF30           N4C2-      0.005485242762798801 # mass is shifted in the grid

SLHA file: /Users/rafalmaselek/Projects/CheckMateCalculations/UML/SLHA_FIX/cmssm_2309_1085_5_-1085_-1.slha
Input file: /Users/rafalmaselek/ScienceSoft/EWKfast_LO/input_default.dat
Sort: OFF 
Cut: -1 
Unit: fb 
ScaleVariation: OFF 

mC2 = 1551.44498 is out of range. |mC2| = 1500 was used.
mN3 = -1549.04573 is out of range. |mN3| = 1500 was used.
mN4 = 1549.81687 is out of range. |mN4| = 1500 was used.

-----------------------------------------------------------------------------------------------
!! EWK PROCESS C1C2 NOT FOUND !! WILL TRY TO LOOK FOR +/- MODES !!
XSEC FOUND FOR: C1-C2+
XSEC FOUND FOR: C1+C2-
!!! THERE IS MASS SHIFTING IN EWKfast --------------------------------------------------------
Energy  Precision  PDF  Process
13      LO    NNPDF30           C1C1       0.7284691602039027 
13      LO    NNPDF30           C1+C2-     7.704569683713406e-05 # mass is shifted in the grid
13      LO    NNPDF30           C1-C2+     7.704002641968615e-05 # mass is shifted in the grid
13      LO    NNPDF30           C2C2       0.013240828199751784 # mass is shifted in the grid
13      LO    NNPDF30           N1N1       0.01041945942775804 
13      LO    NNPDF30           N1N2       0.001238949364484858 
13      LO    NNPDF30           N1N3       2.5163055480653765e-05 # mass is shifted in the grid
13      LO    NNPDF30           N1N4       2.2587782676516773e-05 # mass is shifted in the grid
13      LO    NNPDF30           N2N2       0.0071578160418635985 
13      LO    NNPDF30           N2N3       4.529091347142759e-05 # mass is shifted in the grid
13      LO    NNPDF30           N2N4       1.83648005941852e-05 # mass is shifted in the grid
13      LO    NNPDF30           N3N3       1.2132542915372387e-09 # mass is shifted in the grid
13      LO    NNPDF30           N3N4       0.002276626215477828 # mass is shifted in the grid
13      LO    NNPDF30           N4N4       1.4217717741681899e-08 # mass is shifted in the grid
13      LO    NNPDF30           N1C1+      0.002090411380398435 
13      LO    NNPDF30           N2C1+      1.1556566689916772 
13      LO    NNPDF30           N3C1+      8.484075810250724e-05 # mass is shifted in the grid
13      LO    NNPDF30           N4C1+      6.120631250138603e-05 # mass is shifted in the grid
13      LO    NNPDF30           N1C1-      0.0007347174217936807 
13      LO    NNPDF30           N2C1-      0.40141667017657834 
13      LO    NNPDF30           N3C1-      2.80506368269457e-05 # mass is shifted in the grid
13      LO    NNPDF30           N4C1-      2.0121867251340243e-05 # mass is shifted in the grid
13      LO    NNPDF30           N1C2+      0.00016882463711125195 # mass is shifted in the grid
13      LO    NNPDF30           N2C2+      4.681423583986859e-05 # mass is shifted in the grid
13      LO    NNPDF30           N3C2+      0.0032032856324936488 # mass is shifted in the grid
13      LO    NNPDF30           N4C2+      0.016319150681485838 # mass is shifted in the grid
13      LO    NNPDF30           N1C2-      5.6562684948182785e-05 # mass is shifted in the grid
13      LO    NNPDF30           N2C2-      1.5365008086071227e-05 # mass is shifted in the grid
13      LO    NNPDF30           N3C2-      0.0011076733087459567 # mass is shifted in the grid
13      LO    NNPDF30           N4C2-      0.005485242762798801 # mass is shifted in the grid

SLHA file: /Users/rafalmaselek/Projects/CheckMateCalculations/UML/SLHA_FIX/cmssm_2309_1085_5_-1085_-1.slha
Input file: /Users/rafalmaselek/ScienceSoft/EWKfast_LO/input_default.dat
Sort: OFF 
Cut: -1 
Unit: fb 
ScaleVariation: OFF 

mC2 = 1551.44498 is out of range. |mC2| = 1500 was used.
mN3 = -1549.04573 is out of range. |mN3| = 1500 was used.
mN4 = 1549.81687 is out of range. |mN4| = 1500 was used.

-----------------------------------------------------------------------------------------------
!!! THERE IS MASS SHIFTING IN EWKfast --------------------------------------------------------
Energy  Precision  PDF  Process
13      LO    NNPDF30           C1C1       0.7284691602039027 
13      LO    NNPDF30           C1+C2-     7.704569683713406e-05 # mass is shifted in the grid
13      LO    NNPDF30           C1-C2+     7.704002641968615e-05 # mass is shifted in the grid
13      LO    NNPDF30           C2C2       0.013240828199751784 # mass is shifted in the grid
13      LO    NNPDF30           N1N1       0.01041945942775804 
13      LO    NNPDF30           N1N2       0.001238949364484858 
13      LO    NNPDF30           N1N3       2.5163055480653765e-05 # mass is shifted in the grid
13      LO    NNPDF30           N1N4       2.2587782676516773e-05 # mass is shifted in the grid
13      LO    NNPDF30           N2N2       0.0071578160418635985 
13      LO    NNPDF30           N2N3       4.529091347142759e-05 # mass is shifted in the grid
13      LO    NNPDF30           N2N4       1.83648005941852e-05 # mass is shifted in the grid
13      LO    NNPDF30           N3N3       1.2132542915372387e-09 # mass is shifted in the grid
13      LO    NNPDF30           N3N4       0.002276626215477828 # mass is shifted in the grid
13      LO    NNPDF30           N4N4       1.4217717741681899e-08 # mass is shifted in the grid
13      LO    NNPDF30           N1C1+      0.002090411380398435 
13      LO    NNPDF30           N2C1+      1.1556566689916772 
13      LO    NNPDF30           N3C1+      8.484075810250724e-05 # mass is shifted in the grid
13      LO    NNPDF30           N4C1+      6.120631250138603e-05 # mass is shifted in the grid
13      LO    NNPDF30           N1C1-      0.0007347174217936807 
13      LO    NNPDF30           N2C1-      0.40141667017657834 
13      LO    NNPDF30           N3C1-      2.80506368269457e-05 # mass is shifted in the grid
13      LO    NNPDF30           N4C1-      2.0121867251340243e-05 # mass is shifted in the grid
13      LO    NNPDF30           N1C2+      0.00016882463711125195 # mass is shifted in the grid
13      LO    NNPDF30           N2C2+      4.681423583986859e-05 # mass is shifted in the grid
13      LO    NNPDF30           N3C2+      0.0032032856324936488 # mass is shifted in the grid
13      LO    NNPDF30           N4C2+      0.016319150681485838 # mass is shifted in the grid
13      LO    NNPDF30           N1C2-      5.6562684948182785e-05 # mass is shifted in the grid
13      LO    NNPDF30           N2C2-      1.5365008086071227e-05 # mass is shifted in the grid
13      LO    NNPDF30           N3C2-      0.0011076733087459567 # mass is shifted in the grid
13      LO    NNPDF30           N4C2-      0.005485242762798801 # mass is shifted in the grid

SLHA file: /Users/rafalmaselek/Projects/CheckMateCalculations/UML/SLHA_FIX/cmssm_2309_1085_5_-1085_-1.slha
Input file: /Users/rafalmaselek/ScienceSoft/EWKfast_LO/input_default.dat
Sort: OFF 
Cut: -1 
Unit: fb 
ScaleVariation: OFF 

mC2 = 1551.44498 is out of range. |mC2| = 1500 was used.
mN3 = -1549.04573 is out of range. |mN3| = 1500 was used.
mN4 = 1549.81687 is out of range. |mN4| = 1500 was used.

-----------------------------------------------------------------------------------------------
!! EWK PROCESS C1N1 NOT FOUND !! WILL TRY TO LOOK FOR +/- MODES !!
XSEC FOUND FOR: C1+N1
XSEC FOUND FOR: C1-N1
!!! THERE IS MASS SHIFTING IN EWKfast --------------------------------------------------------
Energy  Precision  PDF  Process
13      LO    NNPDF30           C1C1       0.7284691602039027 
13      LO    NNPDF30           C1+C2-     7.704569683713406e-05 # mass is shifted in the grid
13      LO    NNPDF30           C1-C2+     7.704002641968615e-05 # mass is shifted in the grid
13      LO    NNPDF30           C2C2       0.013240828199751784 # mass is shifted in the grid
13      LO    NNPDF30           N1N1       0.01041945942775804 
13      LO    NNPDF30           N1N2       0.001238949364484858 
13      LO    NNPDF30           N1N3       2.5163055480653765e-05 # mass is shifted in the grid
13      LO    NNPDF30           N1N4       2.2587782676516773e-05 # mass is shifted in the grid
13      LO    NNPDF30           N2N2       0.0071578160418635985 
13      LO    NNPDF30           N2N3       4.529091347142759e-05 # mass is shifted in the grid
13      LO    NNPDF30           N2N4       1.83648005941852e-05 # mass is shifted in the grid
13      LO    NNPDF30           N3N3       1.2132542915372387e-09 # mass is shifted in the grid
13      LO    NNPDF30           N3N4       0.002276626215477828 # mass is shifted in the grid
13      LO    NNPDF30           N4N4       1.4217717741681899e-08 # mass is shifted in the grid
13      LO    NNPDF30           N1C1+      0.002090411380398435 
13      LO    NNPDF30           N2C1+      1.1556566689916772 
13      LO    NNPDF30           N3C1+      8.484075810250724e-05 # mass is shifted in the grid
13      LO    NNPDF30           N4C1+      6.120631250138603e-05 # mass is shifted in the grid
13      LO    NNPDF30           N1C1-      0.0007347174217936807 
13      LO    NNPDF30           N2C1-      0.40141667017657834 
13      LO    NNPDF30           N3C1-      2.80506368269457e-05 # mass is shifted in the grid
13      LO    NNPDF30           N4C1-      2.0121867251340243e-05 # mass is shifted in the grid
13      LO    NNPDF30           N1C2+      0.00016882463711125195 # mass is shifted in the grid
13      LO    NNPDF30           N2C2+      4.681423583986859e-05 # mass is shifted in the grid
13      LO    NNPDF30           N3C2+      0.0032032856324936488 # mass is shifted in the grid
13      LO    NNPDF30           N4C2+      0.016319150681485838 # mass is shifted in the grid
13      LO    NNPDF30           N1C2-      5.6562684948182785e-05 # mass is shifted in the grid
13      LO    NNPDF30           N2C2-      1.5365008086071227e-05 # mass is shifted in the grid
13      LO    NNPDF30           N3C2-      0.0011076733087459567 # mass is shifted in the grid
13      LO    NNPDF30           N4C2-      0.005485242762798801 # mass is shifted in the grid

SLHA file: /Users/rafalmaselek/Projects/CheckMateCalculations/UML/SLHA_FIX/cmssm_2309_1085_5_-1085_-1.slha
Input file: /Users/rafalmaselek/ScienceSoft/EWKfast_LO/input_default.dat
Sort: OFF 
Cut: -1 
Unit: fb 
ScaleVariation: OFF 

mC2 = 1551.44498 is out of range. |mC2| = 1500 was used.
mN3 = -1549.04573 is out of range. |mN3| = 1500 was used.
mN4 = 1549.81687 is out of range. |mN4| = 1500 was used.

-----------------------------------------------------------------------------------------------
!! EWK PROCESS C1N2 NOT FOUND !! WILL TRY TO LOOK FOR +/- MODES !!
XSEC FOUND FOR: C1+N2
XSEC FOUND FOR: C1-N2
!!! THERE IS MASS SHIFTING IN EWKfast --------------------------------------------------------
Energy  Precision  PDF  Process
13      LO    NNPDF30           C1C1       0.7284691602039027 
13      LO    NNPDF30           C1+C2-     7.704569683713406e-05 # mass is shifted in the grid
13      LO    NNPDF30           C1-C2+     7.704002641968615e-05 # mass is shifted in the grid
13      LO    NNPDF30           C2C2       0.013240828199751784 # mass is shifted in the grid
13      LO    NNPDF30           N1N1       0.01041945942775804 
13      LO    NNPDF30           N1N2       0.001238949364484858 
13      LO    NNPDF30           N1N3       2.5163055480653765e-05 # mass is shifted in the grid
13      LO    NNPDF30           N1N4       2.2587782676516773e-05 # mass is shifted in the grid
13      LO    NNPDF30           N2N2       0.0071578160418635985 
13      LO    NNPDF30           N2N3       4.529091347142759e-05 # mass is shifted in the grid
13      LO    NNPDF30           N2N4       1.83648005941852e-05 # mass is shifted in the grid
13      LO    NNPDF30           N3N3       1.2132542915372387e-09 # mass is shifted in the grid
13      LO    NNPDF30           N3N4       0.002276626215477828 # mass is shifted in the grid
13      LO    NNPDF30           N4N4       1.4217717741681899e-08 # mass is shifted in the grid
13      LO    NNPDF30           N1C1+      0.002090411380398435 
13      LO    NNPDF30           N2C1+      1.1556566689916772 
13      LO    NNPDF30           N3C1+      8.484075810250724e-05 # mass is shifted in the grid
13      LO    NNPDF30           N4C1+      6.120631250138603e-05 # mass is shifted in the grid
13      LO    NNPDF30           N1C1-      0.0007347174217936807 
13      LO    NNPDF30           N2C1-      0.40141667017657834 
13      LO    NNPDF30           N3C1-      2.80506368269457e-05 # mass is shifted in the grid
13      LO    NNPDF30           N4C1-      2.0121867251340243e-05 # mass is shifted in the grid
13      LO    NNPDF30           N1C2+      0.00016882463711125195 # mass is shifted in the grid
13      LO    NNPDF30           N2C2+      4.681423583986859e-05 # mass is shifted in the grid
13      LO    NNPDF30           N3C2+      0.0032032856324936488 # mass is shifted in the grid
13      LO    NNPDF30           N4C2+      0.016319150681485838 # mass is shifted in the grid
13      LO    NNPDF30           N1C2-      5.6562684948182785e-05 # mass is shifted in the grid
13      LO    NNPDF30           N2C2-      1.5365008086071227e-05 # mass is shifted in the grid
13      LO    NNPDF30           N3C2-      0.0011076733087459567 # mass is shifted in the grid
13      LO    NNPDF30           N4C2-      0.005485242762798801 # mass is shifted in the grid

SLHA file: /Users/rafalmaselek/Projects/CheckMateCalculations/UML/SLHA_FIX/cmssm_2309_1085_5_-1085_-1.slha
Input file: /Users/rafalmaselek/ScienceSoft/EWKfast_LO/input_default.dat
Sort: OFF 
Cut: -1 
Unit: fb 
ScaleVariation: OFF 

mC2 = 1551.44498 is out of range. |mC2| = 1500 was used.
mN3 = -1549.04573 is out of range. |mN3| = 1500 was used.
mN4 = 1549.81687 is out of range. |mN4| = 1500 was used.

-----------------------------------------------------------------------------------------------
!! EWK PROCESS C1N3 NOT FOUND !! WILL TRY TO LOOK FOR +/- MODES !!
XSEC FOUND FOR: C1+N3
XSEC FOUND FOR: C1-N3
!!! THERE IS MASS SHIFTING IN EWKfast --------------------------------------------------------
Energy  Precision  PDF  Process
13      LO    NNPDF30           C1C1       0.7284691602039027 
13      LO    NNPDF30           C1+C2-     7.704569683713406e-05 # mass is shifted in the grid
13      LO    NNPDF30           C1-C2+     7.704002641968615e-05 # mass is shifted in the grid
13      LO    NNPDF30           C2C2       0.013240828199751784 # mass is shifted in the grid
13      LO    NNPDF30           N1N1       0.01041945942775804 
13      LO    NNPDF30           N1N2       0.001238949364484858 
13      LO    NNPDF30           N1N3       2.5163055480653765e-05 # mass is shifted in the grid
13      LO    NNPDF30           N1N4       2.2587782676516773e-05 # mass is shifted in the grid
13      LO    NNPDF30           N2N2       0.0071578160418635985 
13      LO    NNPDF30           N2N3       4.529091347142759e-05 # mass is shifted in the grid
13      LO    NNPDF30           N2N4       1.83648005941852e-05 # mass is shifted in the grid
13      LO    NNPDF30           N3N3       1.2132542915372387e-09 # mass is shifted in the grid
13      LO    NNPDF30           N3N4       0.002276626215477828 # mass is shifted in the grid
13      LO    NNPDF30           N4N4       1.4217717741681899e-08 # mass is shifted in the grid
13      LO    NNPDF30           N1C1+      0.002090411380398435 
13      LO    NNPDF30           N2C1+      1.1556566689916772 
13      LO    NNPDF30           N3C1+      8.484075810250724e-05 # mass is shifted in the grid
13      LO    NNPDF30           N4C1+      6.120631250138603e-05 # mass is shifted in the grid
13      LO    NNPDF30           N1C1-      0.0007347174217936807 
13      LO    NNPDF30           N2C1-      0.40141667017657834 
13      LO    NNPDF30           N3C1-      2.80506368269457e-05 # mass is shifted in the grid
13      LO    NNPDF30           N4C1-      2.0121867251340243e-05 # mass is shifted in the grid
13      LO    NNPDF30           N1C2+      0.00016882463711125195 # mass is shifted in the grid
13      LO    NNPDF30           N2C2+      4.681423583986859e-05 # mass is shifted in the grid
13      LO    NNPDF30           N3C2+      0.0032032856324936488 # mass is shifted in the grid
13      LO    NNPDF30           N4C2+      0.016319150681485838 # mass is shifted in the grid
13      LO    NNPDF30           N1C2-      5.6562684948182785e-05 # mass is shifted in the grid
13      LO    NNPDF30           N2C2-      1.5365008086071227e-05 # mass is shifted in the grid
13      LO    NNPDF30           N3C2-      0.0011076733087459567 # mass is shifted in the grid
13      LO    NNPDF30           N4C2-      0.005485242762798801 # mass is shifted in the grid

SLHA file: /Users/rafalmaselek/Projects/CheckMateCalculations/UML/SLHA_FIX/cmssm_2309_1085_5_-1085_-1.slha
Input file: /Users/rafalmaselek/ScienceSoft/EWKfast_LO/input_default.dat
Sort: OFF 
Cut: -1 
Unit: fb 
ScaleVariation: OFF 

mC2 = 1551.44498 is out of range. |mC2| = 1500 was used.
mN3 = -1549.04573 is out of range. |mN3| = 1500 was used.
mN4 = 1549.81687 is out of range. |mN4| = 1500 was used.

-----------------------------------------------------------------------------------------------
!! EWK PROCESS C1N4 NOT FOUND !! WILL TRY TO LOOK FOR +/- MODES !!
XSEC FOUND FOR: C1+N4
XSEC FOUND FOR: C1-N4
!!! THERE IS MASS SHIFTING IN EWKfast --------------------------------------------------------
Energy  Precision  PDF  Process
13      LO    NNPDF30           C1C1       0.7284691602039027 
13      LO    NNPDF30           C1+C2-     7.704569683713406e-05 # mass is shifted in the grid
13      LO    NNPDF30           C1-C2+     7.704002641968615e-05 # mass is shifted in the grid
13      LO    NNPDF30           C2C2       0.013240828199751784 # mass is shifted in the grid
13      LO    NNPDF30           N1N1       0.01041945942775804 
13      LO    NNPDF30           N1N2       0.001238949364484858 
13      LO    NNPDF30           N1N3       2.5163055480653765e-05 # mass is shifted in the grid
13      LO    NNPDF30           N1N4       2.2587782676516773e-05 # mass is shifted in the grid
13      LO    NNPDF30           N2N2       0.0071578160418635985 
13      LO    NNPDF30           N2N3       4.529091347142759e-05 # mass is shifted in the grid
13      LO    NNPDF30           N2N4       1.83648005941852e-05 # mass is shifted in the grid
13      LO    NNPDF30           N3N3       1.2132542915372387e-09 # mass is shifted in the grid
13      LO    NNPDF30           N3N4       0.002276626215477828 # mass is shifted in the grid
13      LO    NNPDF30           N4N4       1.4217717741681899e-08 # mass is shifted in the grid
13      LO    NNPDF30           N1C1+      0.002090411380398435 
13      LO    NNPDF30           N2C1+      1.1556566689916772 
13      LO    NNPDF30           N3C1+      8.484075810250724e-05 # mass is shifted in the grid
13      LO    NNPDF30           N4C1+      6.120631250138603e-05 # mass is shifted in the grid
13      LO    NNPDF30           N1C1-      0.0007347174217936807 
13      LO    NNPDF30           N2C1-      0.40141667017657834 
13      LO    NNPDF30           N3C1-      2.80506368269457e-05 # mass is shifted in the grid
13      LO    NNPDF30           N4C1-      2.0121867251340243e-05 # mass is shifted in the grid
13      LO    NNPDF30           N1C2+      0.00016882463711125195 # mass is shifted in the grid
13      LO    NNPDF30           N2C2+      4.681423583986859e-05 # mass is shifted in the grid
13      LO    NNPDF30           N3C2+      0.0032032856324936488 # mass is shifted in the grid
13      LO    NNPDF30           N4C2+      0.016319150681485838 # mass is shifted in the grid
13      LO    NNPDF30           N1C2-      5.6562684948182785e-05 # mass is shifted in the grid
13      LO    NNPDF30           N2C2-      1.5365008086071227e-05 # mass is shifted in the grid
13      LO    NNPDF30           N3C2-      0.0011076733087459567 # mass is shifted in the grid
13      LO    NNPDF30           N4C2-      0.005485242762798801 # mass is shifted in the grid

SLHA file: /Users/rafalmaselek/Projects/CheckMateCalculations/UML/SLHA_FIX/cmssm_2309_1085_5_-1085_-1.slha
Input file: /Users/rafalmaselek/ScienceSoft/EWKfast_LO/input_default.dat
Sort: OFF 
Cut: -1 
Unit: fb 
ScaleVariation: OFF 

mC2 = 1551.44498 is out of range. |mC2| = 1500 was used.
mN3 = -1549.04573 is out of range. |mN3| = 1500 was used.
mN4 = 1549.81687 is out of range. |mN4| = 1500 was used.

-----------------------------------------------------------------------------------------------
!! EWK PROCESS C2N1 NOT FOUND !! WILL TRY TO LOOK FOR +/- MODES !!
XSEC FOUND FOR: C2+N1
XSEC FOUND FOR: C2-N1
!!! THERE IS MASS SHIFTING IN EWKfast --------------------------------------------------------
Energy  Precision  PDF  Process
13      LO    NNPDF30           C1C1       0.7284691602039027 
13      LO    NNPDF30           C1+C2-     7.704569683713406e-05 # mass is shifted in the grid
13      LO    NNPDF30           C1-C2+     7.704002641968615e-05 # mass is shifted in the grid
13      LO    NNPDF30           C2C2       0.013240828199751784 # mass is shifted in the grid
13      LO    NNPDF30           N1N1       0.01041945942775804 
13      LO    NNPDF30           N1N2       0.001238949364484858 
13      LO    NNPDF30           N1N3       2.5163055480653765e-05 # mass is shifted in the grid
13      LO    NNPDF30           N1N4       2.2587782676516773e-05 # mass is shifted in the grid
13      LO    NNPDF30           N2N2       0.0071578160418635985 
13      LO    NNPDF30           N2N3       4.529091347142759e-05 # mass is shifted in the grid
13      LO    NNPDF30           N2N4       1.83648005941852e-05 # mass is shifted in the grid
13      LO    NNPDF30           N3N3       1.2132542915372387e-09 # mass is shifted in the grid
13      LO    NNPDF30           N3N4       0.002276626215477828 # mass is shifted in the grid
13      LO    NNPDF30           N4N4       1.4217717741681899e-08 # mass is shifted in the grid
13      LO    NNPDF30           N1C1+      0.002090411380398435 
13      LO    NNPDF30           N2C1+      1.1556566689916772 
13      LO    NNPDF30           N3C1+      8.484075810250724e-05 # mass is shifted in the grid
13      LO    NNPDF30           N4C1+      6.120631250138603e-05 # mass is shifted in the grid
13      LO    NNPDF30           N1C1-      0.0007347174217936807 
13      LO    NNPDF30           N2C1-      0.40141667017657834 
13      LO    NNPDF30           N3C1-      2.80506368269457e-05 # mass is shifted in the grid
13      LO    NNPDF30           N4C1-      2.0121867251340243e-05 # mass is shifted in the grid
13      LO    NNPDF30           N1C2+      0.00016882463711125195 # mass is shifted in the grid
13      LO    NNPDF30           N2C2+      4.681423583986859e-05 # mass is shifted in the grid
13      LO    NNPDF30           N3C2+      0.0032032856324936488 # mass is shifted in the grid
13      LO    NNPDF30           N4C2+      0.016319150681485838 # mass is shifted in the grid
13      LO    NNPDF30           N1C2-      5.6562684948182785e-05 # mass is shifted in the grid
13      LO    NNPDF30           N2C2-      1.5365008086071227e-05 # mass is shifted in the grid
13      LO    NNPDF30           N3C2-      0.0011076733087459567 # mass is shifted in the grid
13      LO    NNPDF30           N4C2-      0.005485242762798801 # mass is shifted in the grid

SLHA file: /Users/rafalmaselek/Projects/CheckMateCalculations/UML/SLHA_FIX/cmssm_2309_1085_5_-1085_-1.slha
Input file: /Users/rafalmaselek/ScienceSoft/EWKfast_LO/input_default.dat
Sort: OFF 
Cut: -1 
Unit: fb 
ScaleVariation: OFF 

mC2 = 1551.44498 is out of range. |mC2| = 1500 was used.
mN3 = -1549.04573 is out of range. |mN3| = 1500 was used.
mN4 = 1549.81687 is out of range. |mN4| = 1500 was used.

-----------------------------------------------------------------------------------------------
!! EWK PROCESS C2N2 NOT FOUND !! WILL TRY TO LOOK FOR +/- MODES !!
XSEC FOUND FOR: C2+N2
XSEC FOUND FOR: C2-N2
!!! THERE IS MASS SHIFTING IN EWKfast --------------------------------------------------------
Energy  Precision  PDF  Process
13      LO    NNPDF30           C1C1       0.7284691602039027 
13      LO    NNPDF30           C1+C2-     7.704569683713406e-05 # mass is shifted in the grid
13      LO    NNPDF30           C1-C2+     7.704002641968615e-05 # mass is shifted in the grid
13      LO    NNPDF30           C2C2       0.013240828199751784 # mass is shifted in the grid
13      LO    NNPDF30           N1N1       0.01041945942775804 
13      LO    NNPDF30           N1N2       0.001238949364484858 
13      LO    NNPDF30           N1N3       2.5163055480653765e-05 # mass is shifted in the grid
13      LO    NNPDF30           N1N4       2.2587782676516773e-05 # mass is shifted in the grid
13      LO    NNPDF30           N2N2       0.0071578160418635985 
13      LO    NNPDF30           N2N3       4.529091347142759e-05 # mass is shifted in the grid
13      LO    NNPDF30           N2N4       1.83648005941852e-05 # mass is shifted in the grid
13      LO    NNPDF30           N3N3       1.2132542915372387e-09 # mass is shifted in the grid
13      LO    NNPDF30           N3N4       0.002276626215477828 # mass is shifted in the grid
13      LO    NNPDF30           N4N4       1.4217717741681899e-08 # mass is shifted in the grid
13      LO    NNPDF30           N1C1+      0.002090411380398435 
13      LO    NNPDF30           N2C1+      1.1556566689916772 
13      LO    NNPDF30           N3C1+      8.484075810250724e-05 # mass is shifted in the grid
13      LO    NNPDF30           N4C1+      6.120631250138603e-05 # mass is shifted in the grid
13      LO    NNPDF30           N1C1-      0.0007347174217936807 
13      LO    NNPDF30           N2C1-      0.40141667017657834 
13      LO    NNPDF30           N3C1-      2.80506368269457e-05 # mass is shifted in the grid
13      LO    NNPDF30           N4C1-      2.0121867251340243e-05 # mass is shifted in the grid
13      LO    NNPDF30           N1C2+      0.00016882463711125195 # mass is shifted in the grid
13      LO    NNPDF30           N2C2+      4.681423583986859e-05 # mass is shifted in the grid
13      LO    NNPDF30           N3C2+      0.0032032856324936488 # mass is shifted in the grid
13      LO    NNPDF30           N4C2+      0.016319150681485838 # mass is shifted in the grid
13      LO    NNPDF30           N1C2-      5.6562684948182785e-05 # mass is shifted in the grid
13      LO    NNPDF30           N2C2-      1.5365008086071227e-05 # mass is shifted in the grid
13      LO    NNPDF30           N3C2-      0.0011076733087459567 # mass is shifted in the grid
13      LO    NNPDF30           N4C2-      0.005485242762798801 # mass is shifted in the grid

SLHA file: /Users/rafalmaselek/Projects/CheckMateCalculations/UML/SLHA_FIX/cmssm_2309_1085_5_-1085_-1.slha
Input file: /Users/rafalmaselek/ScienceSoft/EWKfast_LO/input_default.dat
Sort: OFF 
Cut: -1 
Unit: fb 
ScaleVariation: OFF 

mC2 = 1551.44498 is out of range. |mC2| = 1500 was used.
mN3 = -1549.04573 is out of range. |mN3| = 1500 was used.
mN4 = 1549.81687 is out of range. |mN4| = 1500 was used.

-----------------------------------------------------------------------------------------------
!! EWK PROCESS C2N3 NOT FOUND !! WILL TRY TO LOOK FOR +/- MODES !!
XSEC FOUND FOR: C2+N3
XSEC FOUND FOR: C2-N3
!!! THERE IS MASS SHIFTING IN EWKfast --------------------------------------------------------
Energy  Precision  PDF  Process
13      LO    NNPDF30           C1C1       0.7284691602039027 
13      LO    NNPDF30           C1+C2-     7.704569683713406e-05 # mass is shifted in the grid
13      LO    NNPDF30           C1-C2+     7.704002641968615e-05 # mass is shifted in the grid
13      LO    NNPDF30           C2C2       0.013240828199751784 # mass is shifted in the grid
13      LO    NNPDF30           N1N1       0.01041945942775804 
13      LO    NNPDF30           N1N2       0.001238949364484858 
13      LO    NNPDF30           N1N3       2.5163055480653765e-05 # mass is shifted in the grid
13      LO    NNPDF30           N1N4       2.2587782676516773e-05 # mass is shifted in the grid
13      LO    NNPDF30           N2N2       0.0071578160418635985 
13      LO    NNPDF30           N2N3       4.529091347142759e-05 # mass is shifted in the grid
13      LO    NNPDF30           N2N4       1.83648005941852e-05 # mass is shifted in the grid
13      LO    NNPDF30           N3N3       1.2132542915372387e-09 # mass is shifted in the grid
13      LO    NNPDF30           N3N4       0.002276626215477828 # mass is shifted in the grid
13      LO    NNPDF30           N4N4       1.4217717741681899e-08 # mass is shifted in the grid
13      LO    NNPDF30           N1C1+      0.002090411380398435 
13      LO    NNPDF30           N2C1+      1.1556566689916772 
13      LO    NNPDF30           N3C1+      8.484075810250724e-05 # mass is shifted in the grid
13      LO    NNPDF30           N4C1+      6.120631250138603e-05 # mass is shifted in the grid
13      LO    NNPDF30           N1C1-      0.0007347174217936807 
13      LO    NNPDF30           N2C1-      0.40141667017657834 
13      LO    NNPDF30           N3C1-      2.80506368269457e-05 # mass is shifted in the grid
13      LO    NNPDF30           N4C1-      2.0121867251340243e-05 # mass is shifted in the grid
13      LO    NNPDF30           N1C2+      0.00016882463711125195 # mass is shifted in the grid
13      LO    NNPDF30           N2C2+      4.681423583986859e-05 # mass is shifted in the grid
13      LO    NNPDF30           N3C2+      0.0032032856324936488 # mass is shifted in the grid
13      LO    NNPDF30           N4C2+      0.016319150681485838 # mass is shifted in the grid
13      LO    NNPDF30           N1C2-      5.6562684948182785e-05 # mass is shifted in the grid
13      LO    NNPDF30           N2C2-      1.5365008086071227e-05 # mass is shifted in the grid
13      LO    NNPDF30           N3C2-      0.0011076733087459567 # mass is shifted in the grid
13      LO    NNPDF30           N4C2-      0.005485242762798801 # mass is shifted in the grid

SLHA file: /Users/rafalmaselek/Projects/CheckMateCalculations/UML/SLHA_FIX/cmssm_2309_1085_5_-1085_-1.slha
Input file: /Users/rafalmaselek/ScienceSoft/EWKfast_LO/input_default.dat
Sort: OFF 
Cut: -1 
Unit: fb 
ScaleVariation: OFF 

mC2 = 1551.44498 is out of range. |mC2| = 1500 was used.
mN3 = -1549.04573 is out of range. |mN3| = 1500 was used.
mN4 = 1549.81687 is out of range. |mN4| = 1500 was used.

-----------------------------------------------------------------------------------------------
!! EWK PROCESS C2N4 NOT FOUND !! WILL TRY TO LOOK FOR +/- MODES !!
XSEC FOUND FOR: C2+N4
XSEC FOUND FOR: C2-N4
!!! THERE IS MASS SHIFTING IN EWKfast --------------------------------------------------------
Energy  Precision  PDF  Process
13      LO    NNPDF30           C1C1       0.7284691602039027 
13      LO    NNPDF30           C1+C2-     7.704569683713406e-05 # mass is shifted in the grid
13      LO    NNPDF30           C1-C2+     7.704002641968615e-05 # mass is shifted in the grid
13      LO    NNPDF30           C2C2       0.013240828199751784 # mass is shifted in the grid
13      LO    NNPDF30           N1N1       0.01041945942775804 
13      LO    NNPDF30           N1N2       0.001238949364484858 
13      LO    NNPDF30           N1N3       2.5163055480653765e-05 # mass is shifted in the grid
13      LO    NNPDF30           N1N4       2.2587782676516773e-05 # mass is shifted in the grid
13      LO    NNPDF30           N2N2       0.0071578160418635985 
13      LO    NNPDF30           N2N3       4.529091347142759e-05 # mass is shifted in the grid
13      LO    NNPDF30           N2N4       1.83648005941852e-05 # mass is shifted in the grid
13      LO    NNPDF30           N3N3       1.2132542915372387e-09 # mass is shifted in the grid
13      LO    NNPDF30           N3N4       0.002276626215477828 # mass is shifted in the grid
13      LO    NNPDF30           N4N4       1.4217717741681899e-08 # mass is shifted in the grid
13      LO    NNPDF30           N1C1+      0.002090411380398435 
13      LO    NNPDF30           N2C1+      1.1556566689916772 
13      LO    NNPDF30           N3C1+      8.484075810250724e-05 # mass is shifted in the grid
13      LO    NNPDF30           N4C1+      6.120631250138603e-05 # mass is shifted in the grid
13      LO    NNPDF30           N1C1-      0.0007347174217936807 
13      LO    NNPDF30           N2C1-      0.40141667017657834 
13      LO    NNPDF30           N3C1-      2.80506368269457e-05 # mass is shifted in the grid
13      LO    NNPDF30           N4C1-      2.0121867251340243e-05 # mass is shifted in the grid
13      LO    NNPDF30           N1C2+      0.00016882463711125195 # mass is shifted in the grid
13      LO    NNPDF30           N2C2+      4.681423583986859e-05 # mass is shifted in the grid
13      LO    NNPDF30           N3C2+      0.0032032856324936488 # mass is shifted in the grid
13      LO    NNPDF30           N4C2+      0.016319150681485838 # mass is shifted in the grid
13      LO    NNPDF30           N1C2-      5.6562684948182785e-05 # mass is shifted in the grid
13      LO    NNPDF30           N2C2-      1.5365008086071227e-05 # mass is shifted in the grid
13      LO    NNPDF30           N3C2-      0.0011076733087459567 # mass is shifted in the grid
13      LO    NNPDF30           N4C2-      0.005485242762798801 # mass is shifted in the grid

SLHA file: /Users/rafalmaselek/Projects/CheckMateCalculations/UML/SLHA_FIX/cmssm_2309_1085_5_-1085_-1.slha
Input file: /Users/rafalmaselek/ScienceSoft/EWKfast_LO/input_default.dat
Sort: OFF 
Cut: -1 
Unit: fb 
ScaleVariation: OFF 

mC2 = 1551.44498 is out of range. |mC2| = 1500 was used.
mN3 = -1549.04573 is out of range. |mN3| = 1500 was used.
mN4 = 1549.81687 is out of range. |mN4| = 1500 was used.

-----------------------------------------------------------------------------------------------
!!! THERE IS MASS SHIFTING IN EWKfast --------------------------------------------------------
Energy  Precision  PDF  Process
13      LO    NNPDF30           C1C1       0.7284691602039027 
13      LO    NNPDF30           C1+C2-     7.704569683713406e-05 # mass is shifted in the grid
13      LO    NNPDF30           C1-C2+     7.704002641968615e-05 # mass is shifted in the grid
13      LO    NNPDF30           C2C2       0.013240828199751784 # mass is shifted in the grid
13      LO    NNPDF30           N1N1       0.01041945942775804 
13      LO    NNPDF30           N1N2       0.001238949364484858 
13      LO    NNPDF30           N1N3       2.5163055480653765e-05 # mass is shifted in the grid
13      LO    NNPDF30           N1N4       2.2587782676516773e-05 # mass is shifted in the grid
13      LO    NNPDF30           N2N2       0.0071578160418635985 
13      LO    NNPDF30           N2N3       4.529091347142759e-05 # mass is shifted in the grid
13      LO    NNPDF30           N2N4       1.83648005941852e-05 # mass is shifted in the grid
13      LO    NNPDF30           N3N3       1.2132542915372387e-09 # mass is shifted in the grid
13      LO    NNPDF30           N3N4       0.002276626215477828 # mass is shifted in the grid
13      LO    NNPDF30           N4N4       1.4217717741681899e-08 # mass is shifted in the grid
13      LO    NNPDF30           N1C1+      0.002090411380398435 
13      LO    NNPDF30           N2C1+      1.1556566689916772 
13      LO    NNPDF30           N3C1+      8.484075810250724e-05 # mass is shifted in the grid
13      LO    NNPDF30           N4C1+      6.120631250138603e-05 # mass is shifted in the grid
13      LO    NNPDF30           N1C1-      0.0007347174217936807 
13      LO    NNPDF30           N2C1-      0.40141667017657834 
13      LO    NNPDF30           N3C1-      2.80506368269457e-05 # mass is shifted in the grid
13      LO    NNPDF30           N4C1-      2.0121867251340243e-05 # mass is shifted in the grid
13      LO    NNPDF30           N1C2+      0.00016882463711125195 # mass is shifted in the grid
13      LO    NNPDF30           N2C2+      4.681423583986859e-05 # mass is shifted in the grid
13      LO    NNPDF30           N3C2+      0.0032032856324936488 # mass is shifted in the grid
13      LO    NNPDF30           N4C2+      0.016319150681485838 # mass is shifted in the grid
13      LO    NNPDF30           N1C2-      5.6562684948182785e-05 # mass is shifted in the grid
13      LO    NNPDF30           N2C2-      1.5365008086071227e-05 # mass is shifted in the grid
13      LO    NNPDF30           N3C2-      0.0011076733087459567 # mass is shifted in the grid
13      LO    NNPDF30           N4C2-      0.005485242762798801 # mass is shifted in the grid

SLHA file: /Users/rafalmaselek/Projects/CheckMateCalculations/UML/SLHA_FIX/cmssm_2309_1085_5_-1085_-1.slha
Input file: /Users/rafalmaselek/ScienceSoft/EWKfast_LO/input_default.dat
Sort: OFF 
Cut: -1 
Unit: fb 
ScaleVariation: OFF 

mC2 = 1551.44498 is out of range. |mC2| = 1500 was used.
mN3 = -1549.04573 is out of range. |mN3| = 1500 was used.
mN4 = 1549.81687 is out of range. |mN4| = 1500 was used.

-----------------------------------------------------------------------------------------------
!!! THERE IS MASS SHIFTING IN EWKfast --------------------------------------------------------
Energy  Precision  PDF  Process
13      LO    NNPDF30           C1C1       0.7284691602039027 
13      LO    NNPDF30           C1+C2-     7.704569683713406e-05 # mass is shifted in the grid
13      LO    NNPDF30           C1-C2+     7.704002641968615e-05 # mass is shifted in the grid
13      LO    NNPDF30           C2C2       0.013240828199751784 # mass is shifted in the grid
13      LO    NNPDF30           N1N1       0.01041945942775804 
13      LO    NNPDF30           N1N2       0.001238949364484858 
13      LO    NNPDF30           N1N3       2.5163055480653765e-05 # mass is shifted in the grid
13      LO    NNPDF30           N1N4       2.2587782676516773e-05 # mass is shifted in the grid
13      LO    NNPDF30           N2N2       0.0071578160418635985 
13      LO    NNPDF30           N2N3       4.529091347142759e-05 # mass is shifted in the grid
13      LO    NNPDF30           N2N4       1.83648005941852e-05 # mass is shifted in the grid
13      LO    NNPDF30           N3N3       1.2132542915372387e-09 # mass is shifted in the grid
13      LO    NNPDF30           N3N4       0.002276626215477828 # mass is shifted in the grid
13      LO    NNPDF30           N4N4       1.4217717741681899e-08 # mass is shifted in the grid
13      LO    NNPDF30           N1C1+      0.002090411380398435 
13      LO    NNPDF30           N2C1+      1.1556566689916772 
13      LO    NNPDF30           N3C1+      8.484075810250724e-05 # mass is shifted in the grid
13      LO    NNPDF30           N4C1+      6.120631250138603e-05 # mass is shifted in the grid
13      LO    NNPDF30           N1C1-      0.0007347174217936807 
13      LO    NNPDF30           N2C1-      0.40141667017657834 
13      LO    NNPDF30           N3C1-      2.80506368269457e-05 # mass is shifted in the grid
13      LO    NNPDF30           N4C1-      2.0121867251340243e-05 # mass is shifted in the grid
13      LO    NNPDF30           N1C2+      0.00016882463711125195 # mass is shifted in the grid
13      LO    NNPDF30           N2C2+      4.681423583986859e-05 # mass is shifted in the grid
13      LO    NNPDF30           N3C2+      0.0032032856324936488 # mass is shifted in the grid
13      LO    NNPDF30           N4C2+      0.016319150681485838 # mass is shifted in the grid
13      LO    NNPDF30           N1C2-      5.6562684948182785e-05 # mass is shifted in the grid
13      LO    NNPDF30           N2C2-      1.5365008086071227e-05 # mass is shifted in the grid
13      LO    NNPDF30           N3C2-      0.0011076733087459567 # mass is shifted in the grid
13      LO    NNPDF30           N4C2-      0.005485242762798801 # mass is shifted in the grid

SLHA file: /Users/rafalmaselek/Projects/CheckMateCalculations/UML/SLHA_FIX/cmssm_2309_1085_5_-1085_-1.slha
Input file: /Users/rafalmaselek/ScienceSoft/EWKfast_LO/input_default.dat
Sort: OFF 
Cut: -1 
Unit: fb 
ScaleVariation: OFF 

mC2 = 1551.44498 is out of range. |mC2| = 1500 was used.
mN3 = -1549.04573 is out of range. |mN3| = 1500 was used.
mN4 = 1549.81687 is out of range. |mN4| = 1500 was used.

-----------------------------------------------------------------------------------------------
!!! THERE IS MASS SHIFTING IN EWKfast --------------------------------------------------------
Energy  Precision  PDF  Process
13      LO    NNPDF30           C1C1       0.7284691602039027 
13      LO    NNPDF30           C1+C2-     7.704569683713406e-05 # mass is shifted in the grid
13      LO    NNPDF30           C1-C2+     7.704002641968615e-05 # mass is shifted in the grid
13      LO    NNPDF30           C2C2       0.013240828199751784 # mass is shifted in the grid
13      LO    NNPDF30           N1N1       0.01041945942775804 
13      LO    NNPDF30           N1N2       0.001238949364484858 
13      LO    NNPDF30           N1N3       2.5163055480653765e-05 # mass is shifted in the grid
13      LO    NNPDF30           N1N4       2.2587782676516773e-05 # mass is shifted in the grid
13      LO    NNPDF30           N2N2       0.0071578160418635985 
13      LO    NNPDF30           N2N3       4.529091347142759e-05 # mass is shifted in the grid
13      LO    NNPDF30           N2N4       1.83648005941852e-05 # mass is shifted in the grid
13      LO    NNPDF30           N3N3       1.2132542915372387e-09 # mass is shifted in the grid
13      LO    NNPDF30           N3N4       0.002276626215477828 # mass is shifted in the grid
13      LO    NNPDF30           N4N4       1.4217717741681899e-08 # mass is shifted in the grid
13      LO    NNPDF30           N1C1+      0.002090411380398435 
13      LO    NNPDF30           N2C1+      1.1556566689916772 
13      LO    NNPDF30           N3C1+      8.484075810250724e-05 # mass is shifted in the grid
13      LO    NNPDF30           N4C1+      6.120631250138603e-05 # mass is shifted in the grid
13      LO    NNPDF30           N1C1-      0.0007347174217936807 
13      LO    NNPDF30           N2C1-      0.40141667017657834 
13      LO    NNPDF30           N3C1-      2.80506368269457e-05 # mass is shifted in the grid
13      LO    NNPDF30           N4C1-      2.0121867251340243e-05 # mass is shifted in the grid
13      LO    NNPDF30           N1C2+      0.00016882463711125195 # mass is shifted in the grid
13      LO    NNPDF30           N2C2+      4.681423583986859e-05 # mass is shifted in the grid
13      LO    NNPDF30           N3C2+      0.0032032856324936488 # mass is shifted in the grid
13      LO    NNPDF30           N4C2+      0.016319150681485838 # mass is shifted in the grid
13      LO    NNPDF30           N1C2-      5.6562684948182785e-05 # mass is shifted in the grid
13      LO    NNPDF30           N2C2-      1.5365008086071227e-05 # mass is shifted in the grid
13      LO    NNPDF30           N3C2-      0.0011076733087459567 # mass is shifted in the grid
13      LO    NNPDF30           N4C2-      0.005485242762798801 # mass is shifted in the grid

SLHA file: /Users/rafalmaselek/Projects/CheckMateCalculations/UML/SLHA_FIX/cmssm_2309_1085_5_-1085_-1.slha
Input file: /Users/rafalmaselek/ScienceSoft/EWKfast_LO/input_default.dat
Sort: OFF 
Cut: -1 
Unit: fb 
ScaleVariation: OFF 

mC2 = 1551.44498 is out of range. |mC2| = 1500 was used.
mN3 = -1549.04573 is out of range. |mN3| = 1500 was used.
mN4 = 1549.81687 is out of range. |mN4| = 1500 was used.

-----------------------------------------------------------------------------------------------
!!! THERE IS MASS SHIFTING IN EWKfast --------------------------------------------------------
Energy  Precision  PDF  Process
13      LO    NNPDF30           C1C1       0.7284691602039027 
13      LO    NNPDF30           C1+C2-     7.704569683713406e-05 # mass is shifted in the grid
13      LO    NNPDF30           C1-C2+     7.704002641968615e-05 # mass is shifted in the grid
13      LO    NNPDF30           C2C2       0.013240828199751784 # mass is shifted in the grid
13      LO    NNPDF30           N1N1       0.01041945942775804 
13      LO    NNPDF30           N1N2       0.001238949364484858 
13      LO    NNPDF30           N1N3       2.5163055480653765e-05 # mass is shifted in the grid
13      LO    NNPDF30           N1N4       2.2587782676516773e-05 # mass is shifted in the grid
13      LO    NNPDF30           N2N2       0.0071578160418635985 
13      LO    NNPDF30           N2N3       4.529091347142759e-05 # mass is shifted in the grid
13      LO    NNPDF30           N2N4       1.83648005941852e-05 # mass is shifted in the grid
13      LO    NNPDF30           N3N3       1.2132542915372387e-09 # mass is shifted in the grid
13      LO    NNPDF30           N3N4       0.002276626215477828 # mass is shifted in the grid
13      LO    NNPDF30           N4N4       1.4217717741681899e-08 # mass is shifted in the grid
13      LO    NNPDF30           N1C1+      0.002090411380398435 
13      LO    NNPDF30           N2C1+      1.1556566689916772 
13      LO    NNPDF30           N3C1+      8.484075810250724e-05 # mass is shifted in the grid
13      LO    NNPDF30           N4C1+      6.120631250138603e-05 # mass is shifted in the grid
13      LO    NNPDF30           N1C1-      0.0007347174217936807 
13      LO    NNPDF30           N2C1-      0.40141667017657834 
13      LO    NNPDF30           N3C1-      2.80506368269457e-05 # mass is shifted in the grid
13      LO    NNPDF30           N4C1-      2.0121867251340243e-05 # mass is shifted in the grid
13      LO    NNPDF30           N1C2+      0.00016882463711125195 # mass is shifted in the grid
13      LO    NNPDF30           N2C2+      4.681423583986859e-05 # mass is shifted in the grid
13      LO    NNPDF30           N3C2+      0.0032032856324936488 # mass is shifted in the grid
13      LO    NNPDF30           N4C2+      0.016319150681485838 # mass is shifted in the grid
13      LO    NNPDF30           N1C2-      5.6562684948182785e-05 # mass is shifted in the grid
13      LO    NNPDF30           N2C2-      1.5365008086071227e-05 # mass is shifted in the grid
13      LO    NNPDF30           N3C2-      0.0011076733087459567 # mass is shifted in the grid
13      LO    NNPDF30           N4C2-      0.005485242762798801 # mass is shifted in the grid

SLHA file: /Users/rafalmaselek/Projects/CheckMateCalculations/UML/SLHA_FIX/cmssm_2309_1085_5_-1085_-1.slha
Input file: /Users/rafalmaselek/ScienceSoft/EWKfast_LO/input_default.dat
Sort: OFF 
Cut: -1 
Unit: fb 
ScaleVariation: OFF 

mC2 = 1551.44498 is out of range. |mC2| = 1500 was used.
mN3 = -1549.04573 is out of range. |mN3| = 1500 was used.
mN4 = 1549.81687 is out of range. |mN4| = 1500 was used.

-----------------------------------------------------------------------------------------------
!!! THERE IS MASS SHIFTING IN EWKfast --------------------------------------------------------
Energy  Precision  PDF  Process
13      LO    NNPDF30           C1C1       0.7284691602039027 
13      LO    NNPDF30           C1+C2-     7.704569683713406e-05 # mass is shifted in the grid
13      LO    NNPDF30           C1-C2+     7.704002641968615e-05 # mass is shifted in the grid
13      LO    NNPDF30           C2C2       0.013240828199751784 # mass is shifted in the grid
13      LO    NNPDF30           N1N1       0.01041945942775804 
13      LO    NNPDF30           N1N2       0.001238949364484858 
13      LO    NNPDF30           N1N3       2.5163055480653765e-05 # mass is shifted in the grid
13      LO    NNPDF30           N1N4       2.2587782676516773e-05 # mass is shifted in the grid
13      LO    NNPDF30           N2N2       0.0071578160418635985 
13      LO    NNPDF30           N2N3       4.529091347142759e-05 # mass is shifted in the grid
13      LO    NNPDF30           N2N4       1.83648005941852e-05 # mass is shifted in the grid
13      LO    NNPDF30           N3N3       1.2132542915372387e-09 # mass is shifted in the grid
13      LO    NNPDF30           N3N4       0.002276626215477828 # mass is shifted in the grid
13      LO    NNPDF30           N4N4       1.4217717741681899e-08 # mass is shifted in the grid
13      LO    NNPDF30           N1C1+      0.002090411380398435 
13      LO    NNPDF30           N2C1+      1.1556566689916772 
13      LO    NNPDF30           N3C1+      8.484075810250724e-05 # mass is shifted in the grid
13      LO    NNPDF30           N4C1+      6.120631250138603e-05 # mass is shifted in the grid
13      LO    NNPDF30           N1C1-      0.0007347174217936807 
13      LO    NNPDF30           N2C1-      0.40141667017657834 
13      LO    NNPDF30           N3C1-      2.80506368269457e-05 # mass is shifted in the grid
13      LO    NNPDF30           N4C1-      2.0121867251340243e-05 # mass is shifted in the grid
13      LO    NNPDF30           N1C2+      0.00016882463711125195 # mass is shifted in the grid
13      LO    NNPDF30           N2C2+      4.681423583986859e-05 # mass is shifted in the grid
13      LO    NNPDF30           N3C2+      0.0032032856324936488 # mass is shifted in the grid
13      LO    NNPDF30           N4C2+      0.016319150681485838 # mass is shifted in the grid
13      LO    NNPDF30           N1C2-      5.6562684948182785e-05 # mass is shifted in the grid
13      LO    NNPDF30           N2C2-      1.5365008086071227e-05 # mass is shifted in the grid
13      LO    NNPDF30           N3C2-      0.0011076733087459567 # mass is shifted in the grid
13      LO    NNPDF30           N4C2-      0.005485242762798801 # mass is shifted in the grid

SLHA file: /Users/rafalmaselek/Projects/CheckMateCalculations/UML/SLHA_FIX/cmssm_2309_1085_5_-1085_-1.slha
Input file: /Users/rafalmaselek/ScienceSoft/EWKfast_LO/input_default.dat
Sort: OFF 
Cut: -1 
Unit: fb 
ScaleVariation: OFF 

mC2 = 1551.44498 is out of range. |mC2| = 1500 was used.
mN3 = -1549.04573 is out of range. |mN3| = 1500 was used.
mN4 = 1549.81687 is out of range. |mN4| = 1500 was used.

-----------------------------------------------------------------------------------------------
!!! THERE IS MASS SHIFTING IN EWKfast --------------------------------------------------------
Energy  Precision  PDF  Process
13      LO    NNPDF30           C1C1       0.7284691602039027 
13      LO    NNPDF30           C1+C2-     7.704569683713406e-05 # mass is shifted in the grid
13      LO    NNPDF30           C1-C2+     7.704002641968615e-05 # mass is shifted in the grid
13      LO    NNPDF30           C2C2       0.013240828199751784 # mass is shifted in the grid
13      LO    NNPDF30           N1N1       0.01041945942775804 
13      LO    NNPDF30           N1N2       0.001238949364484858 
13      LO    NNPDF30           N1N3       2.5163055480653765e-05 # mass is shifted in the grid
13      LO    NNPDF30           N1N4       2.2587782676516773e-05 # mass is shifted in the grid
13      LO    NNPDF30           N2N2       0.0071578160418635985 
13      LO    NNPDF30           N2N3       4.529091347142759e-05 # mass is shifted in the grid
13      LO    NNPDF30           N2N4       1.83648005941852e-05 # mass is shifted in the grid
13      LO    NNPDF30           N3N3       1.2132542915372387e-09 # mass is shifted in the grid
13      LO    NNPDF30           N3N4       0.002276626215477828 # mass is shifted in the grid
13      LO    NNPDF30           N4N4       1.4217717741681899e-08 # mass is shifted in the grid
13      LO    NNPDF30           N1C1+      0.002090411380398435 
13      LO    NNPDF30           N2C1+      1.1556566689916772 
13      LO    NNPDF30           N3C1+      8.484075810250724e-05 # mass is shifted in the grid
13      LO    NNPDF30           N4C1+      6.120631250138603e-05 # mass is shifted in the grid
13      LO    NNPDF30           N1C1-      0.0007347174217936807 
13      LO    NNPDF30           N2C1-      0.40141667017657834 
13      LO    NNPDF30           N3C1-      2.80506368269457e-05 # mass is shifted in the grid
13      LO    NNPDF30           N4C1-      2.0121867251340243e-05 # mass is shifted in the grid
13      LO    NNPDF30           N1C2+      0.00016882463711125195 # mass is shifted in the grid
13      LO    NNPDF30           N2C2+      4.681423583986859e-05 # mass is shifted in the grid
13      LO    NNPDF30           N3C2+      0.0032032856324936488 # mass is shifted in the grid
13      LO    NNPDF30           N4C2+      0.016319150681485838 # mass is shifted in the grid
13      LO    NNPDF30           N1C2-      5.6562684948182785e-05 # mass is shifted in the grid
13      LO    NNPDF30           N2C2-      1.5365008086071227e-05 # mass is shifted in the grid
13      LO    NNPDF30           N3C2-      0.0011076733087459567 # mass is shifted in the grid
13      LO    NNPDF30           N4C2-      0.005485242762798801 # mass is shifted in the grid

SLHA file: /Users/rafalmaselek/Projects/CheckMateCalculations/UML/SLHA_FIX/cmssm_2309_1085_5_-1085_-1.slha
Input file: /Users/rafalmaselek/ScienceSoft/EWKfast_LO/input_default.dat
Sort: OFF 
Cut: -1 
Unit: fb 
ScaleVariation: OFF 

mC2 = 1551.44498 is out of range. |mC2| = 1500 was used.
mN3 = -1549.04573 is out of range. |mN3| = 1500 was used.
mN4 = 1549.81687 is out of range. |mN4| = 1500 was used.

-----------------------------------------------------------------------------------------------
!!! THERE IS MASS SHIFTING IN EWKfast --------------------------------------------------------
Energy  Precision  PDF  Process
13      LO    NNPDF30           C1C1       0.7284691602039027 
13      LO    NNPDF30           C1+C2-     7.704569683713406e-05 # mass is shifted in the grid
13      LO    NNPDF30           C1-C2+     7.704002641968615e-05 # mass is shifted in the grid
13      LO    NNPDF30           C2C2       0.013240828199751784 # mass is shifted in the grid
13      LO    NNPDF30           N1N1       0.01041945942775804 
13      LO    NNPDF30           N1N2       0.001238949364484858 
13      LO    NNPDF30           N1N3       2.5163055480653765e-05 # mass is shifted in the grid
13      LO    NNPDF30           N1N4       2.2587782676516773e-05 # mass is shifted in the grid
13      LO    NNPDF30           N2N2       0.0071578160418635985 
13      LO    NNPDF30           N2N3       4.529091347142759e-05 # mass is shifted in the grid
13      LO    NNPDF30           N2N4       1.83648005941852e-05 # mass is shifted in the grid
13      LO    NNPDF30           N3N3       1.2132542915372387e-09 # mass is shifted in the grid
13      LO    NNPDF30           N3N4       0.002276626215477828 # mass is shifted in the grid
13      LO    NNPDF30           N4N4       1.4217717741681899e-08 # mass is shifted in the grid
13      LO    NNPDF30           N1C1+      0.002090411380398435 
13      LO    NNPDF30           N2C1+      1.1556566689916772 
13      LO    NNPDF30           N3C1+      8.484075810250724e-05 # mass is shifted in the grid
13      LO    NNPDF30           N4C1+      6.120631250138603e-05 # mass is shifted in the grid
13      LO    NNPDF30           N1C1-      0.0007347174217936807 
13      LO    NNPDF30           N2C1-      0.40141667017657834 
13      LO    NNPDF30           N3C1-      2.80506368269457e-05 # mass is shifted in the grid
13      LO    NNPDF30           N4C1-      2.0121867251340243e-05 # mass is shifted in the grid
13      LO    NNPDF30           N1C2+      0.00016882463711125195 # mass is shifted in the grid
13      LO    NNPDF30           N2C2+      4.681423583986859e-05 # mass is shifted in the grid
13      LO    NNPDF30           N3C2+      0.0032032856324936488 # mass is shifted in the grid
13      LO    NNPDF30           N4C2+      0.016319150681485838 # mass is shifted in the grid
13      LO    NNPDF30           N1C2-      5.6562684948182785e-05 # mass is shifted in the grid
13      LO    NNPDF30           N2C2-      1.5365008086071227e-05 # mass is shifted in the grid
13      LO    NNPDF30           N3C2-      0.0011076733087459567 # mass is shifted in the grid
13      LO    NNPDF30           N4C2-      0.005485242762798801 # mass is shifted in the grid

SLHA file: /Users/rafalmaselek/Projects/CheckMateCalculations/UML/SLHA_FIX/cmssm_2309_1085_5_-1085_-1.slha
Input file: /Users/rafalmaselek/ScienceSoft/EWKfast_LO/input_default.dat
Sort: OFF 
Cut: -1 
Unit: fb 
ScaleVariation: OFF 

mC2 = 1551.44498 is out of range. |mC2| = 1500 was used.
mN3 = -1549.04573 is out of range. |mN3| = 1500 was used.
mN4 = 1549.81687 is out of range. |mN4| = 1500 was used.

-----------------------------------------------------------------------------------------------
!!! THERE IS MASS SHIFTING IN EWKfast --------------------------------------------------------
Energy  Precision  PDF  Process
13      LO    NNPDF30           C1C1       0.7284691602039027 
13      LO    NNPDF30           C1+C2-     7.704569683713406e-05 # mass is shifted in the grid
13      LO    NNPDF30           C1-C2+     7.704002641968615e-05 # mass is shifted in the grid
13      LO    NNPDF30           C2C2       0.013240828199751784 # mass is shifted in the grid
13      LO    NNPDF30           N1N1       0.01041945942775804 
13      LO    NNPDF30           N1N2       0.001238949364484858 
13      LO    NNPDF30           N1N3       2.5163055480653765e-05 # mass is shifted in the grid
13      LO    NNPDF30           N1N4       2.2587782676516773e-05 # mass is shifted in the grid
13      LO    NNPDF30           N2N2       0.0071578160418635985 
13      LO    NNPDF30           N2N3       4.529091347142759e-05 # mass is shifted in the grid
13      LO    NNPDF30           N2N4       1.83648005941852e-05 # mass is shifted in the grid
13      LO    NNPDF30           N3N3       1.2132542915372387e-09 # mass is shifted in the grid
13      LO    NNPDF30           N3N4       0.002276626215477828 # mass is shifted in the grid
13      LO    NNPDF30           N4N4       1.4217717741681899e-08 # mass is shifted in the grid
13      LO    NNPDF30           N1C1+      0.002090411380398435 
13      LO    NNPDF30           N2C1+      1.1556566689916772 
13      LO    NNPDF30           N3C1+      8.484075810250724e-05 # mass is shifted in the grid
13      LO    NNPDF30           N4C1+      6.120631250138603e-05 # mass is shifted in the grid
13      LO    NNPDF30           N1C1-      0.0007347174217936807 
13      LO    NNPDF30           N2C1-      0.40141667017657834 
13      LO    NNPDF30           N3C1-      2.80506368269457e-05 # mass is shifted in the grid
13      LO    NNPDF30           N4C1-      2.0121867251340243e-05 # mass is shifted in the grid
13      LO    NNPDF30           N1C2+      0.00016882463711125195 # mass is shifted in the grid
13      LO    NNPDF30           N2C2+      4.681423583986859e-05 # mass is shifted in the grid
13      LO    NNPDF30           N3C2+      0.0032032856324936488 # mass is shifted in the grid
13      LO    NNPDF30           N4C2+      0.016319150681485838 # mass is shifted in the grid
13      LO    NNPDF30           N1C2-      5.6562684948182785e-05 # mass is shifted in the grid
13      LO    NNPDF30           N2C2-      1.5365008086071227e-05 # mass is shifted in the grid
13      LO    NNPDF30           N3C2-      0.0011076733087459567 # mass is shifted in the grid
13      LO    NNPDF30           N4C2-      0.005485242762798801 # mass is shifted in the grid

SLHA file: /Users/rafalmaselek/Projects/CheckMateCalculations/UML/SLHA_FIX/cmssm_2309_1085_5_-1085_-1.slha
Input file: /Users/rafalmaselek/ScienceSoft/EWKfast_LO/input_default.dat
Sort: OFF 
Cut: -1 
Unit: fb 
ScaleVariation: OFF 

mC2 = 1551.44498 is out of range. |mC2| = 1500 was used.
mN3 = -1549.04573 is out of range. |mN3| = 1500 was used.
mN4 = 1549.81687 is out of range. |mN4| = 1500 was used.

-----------------------------------------------------------------------------------------------
!!! THERE IS MASS SHIFTING IN EWKfast --------------------------------------------------------
Energy  Precision  PDF  Process
13      LO    NNPDF30           C1C1       0.7284691602039027 
13      LO    NNPDF30           C1+C2-     7.704569683713406e-05 # mass is shifted in the grid
13      LO    NNPDF30           C1-C2+     7.704002641968615e-05 # mass is shifted in the grid
13      LO    NNPDF30           C2C2       0.013240828199751784 # mass is shifted in the grid
13      LO    NNPDF30           N1N1       0.01041945942775804 
13      LO    NNPDF30           N1N2       0.001238949364484858 
13      LO    NNPDF30           N1N3       2.5163055480653765e-05 # mass is shifted in the grid
13      LO    NNPDF30           N1N4       2.2587782676516773e-05 # mass is shifted in the grid
13      LO    NNPDF30           N2N2       0.0071578160418635985 
13      LO    NNPDF30           N2N3       4.529091347142759e-05 # mass is shifted in the grid
13      LO    NNPDF30           N2N4       1.83648005941852e-05 # mass is shifted in the grid
13      LO    NNPDF30           N3N3       1.2132542915372387e-09 # mass is shifted in the grid
13      LO    NNPDF30           N3N4       0.002276626215477828 # mass is shifted in the grid
13      LO    NNPDF30           N4N4       1.4217717741681899e-08 # mass is shifted in the grid
13      LO    NNPDF30           N1C1+      0.002090411380398435 
13      LO    NNPDF30           N2C1+      1.1556566689916772 
13      LO    NNPDF30           N3C1+      8.484075810250724e-05 # mass is shifted in the grid
13      LO    NNPDF30           N4C1+      6.120631250138603e-05 # mass is shifted in the grid
13      LO    NNPDF30           N1C1-      0.0007347174217936807 
13      LO    NNPDF30           N2C1-      0.40141667017657834 
13      LO    NNPDF30           N3C1-      2.80506368269457e-05 # mass is shifted in the grid
13      LO    NNPDF30           N4C1-      2.0121867251340243e-05 # mass is shifted in the grid
13      LO    NNPDF30           N1C2+      0.00016882463711125195 # mass is shifted in the grid
13      LO    NNPDF30           N2C2+      4.681423583986859e-05 # mass is shifted in the grid
13      LO    NNPDF30           N3C2+      0.0032032856324936488 # mass is shifted in the grid
13      LO    NNPDF30           N4C2+      0.016319150681485838 # mass is shifted in the grid
13      LO    NNPDF30           N1C2-      5.6562684948182785e-05 # mass is shifted in the grid
13      LO    NNPDF30           N2C2-      1.5365008086071227e-05 # mass is shifted in the grid
13      LO    NNPDF30           N3C2-      0.0011076733087459567 # mass is shifted in the grid
13      LO    NNPDF30           N4C2-      0.005485242762798801 # mass is shifted in the grid

SLHA file: /Users/rafalmaselek/Projects/CheckMateCalculations/UML/SLHA_FIX/cmssm_2309_1085_5_-1085_-1.slha
Input file: /Users/rafalmaselek/ScienceSoft/EWKfast_LO/input_default.dat
Sort: OFF 
Cut: -1 
Unit: fb 
ScaleVariation: OFF 

mC2 = 1551.44498 is out of range. |mC2| = 1500 was used.
mN3 = -1549.04573 is out of range. |mN3| = 1500 was used.
mN4 = 1549.81687 is out of range. |mN4| = 1500 was used.

-----------------------------------------------------------------------------------------------

!! Masses incompatible with the data for B2B2 !!

!! Problem with reading tables for B2 B2 !! Probably mass outside the table !! Setting xsec to 10^-20 !!
---------------  Output inclusive processes  ---------------
The total xsec = 2452.26 [fb]
The total rate = 100.00%
Output upto 0.10%
                      Modes : xsec/fb      (rate)
                C1wN1_N2zN1 : 1350.8236569 (55.08)%
                C1wN1_C1wN1 : 728.4691602 (29.71)%
                C1wN1_N2hN1 : 206.2496823 (8.41)%
                      N1_N1 : 10.4194594 (0.42)%
                N2zN1_N2zN1 : 5.3871580 (0.22)%
          C2hC1wN1_N4wC1wN1 : 3.7225932 (0.15)%
          C2zC1wN1_N4wC1wN1 : 3.3601495 (0.14)%
GtT1bC2hC1wN1_GtT1tN3wC1wN1 : 3.2830500 (0.13)%
GtT1bC2zC1wN1_GtT1tN3wC1wN1 : 2.9634016 (0.12)%
GtT1bC2hC1wN1_GtT1bC2zC1wN1 : 2.8998343 (0.12)%
          C2wN2zN1_N4wC1wN1 : 2.8492637 (0.12)%
                   C1wN1_N1 : 2.8251288 (0.12)%
GtT1bC2wN2zN1_GtT1tN3wC1wN1 : 2.5128384 (0.10)%
      GtT1tN1_GtT1tN3wC1wN1 : 2.5080638 (0.10)%
GtT1bC2hC1wN1_GtT1bC2wN2zN1 : 2.4589361 (0.10)%
      GtT1bC2hC1wN1_GtT1tN1 : 2.4542638 (0.10)%
GtT1tN3wC1wN1_GtT1tN4wC1wN1 : 2.4239994 (0.10)%
------------------------------------------------------------
                                          SUM=95.24%

SHOWING PROCESSES TO GET 90.00% SUSY COVERAGE
---------------  Output inclusive processes  ---------------
The total xsec = 2452.26 [fb]
The total rate = 100.00%
      Modes : xsec/fb      (rate)
C1wN1_N2zN1 : 1350.8236569 (55.08)%
C1wN1_C1wN1 : 728.4691602 (29.71)%
C1wN1_N2hN1 : 206.2496823 (8.41)%
------------------------------------------------------------
                          SUM=93.20%
