/Users/rafalmaselek/Projects/fastlim-1.0
 
#################################################################
#                                                               #
#                                                               #
#                     This is Fastlim  ver. 1.0                 #
#                                                               #
#          A fast LHC limit calculator for BSM models.          #
#                                                               #
#                  http://cern.ch/fastlim-1.0/                  #
#                                                               #
#  for bugs/feature requests: fastlim-1.0.developers@gmail.com  #
#                                                               #
#    please refer to:                                           #
#    M.Papucci, K.Sakurai, A.Weiler, L.Zeune arXiv:1402.xxxx    #
#                                                               #
#################################################################
 
!!!-  ERROR  !!!
[Br(T2->all) =  1.2606781334443855 ]:  !!! The total Br is deviated from 1 !!!

!!!-  ERROR  !!!
[Br(B2->all) =  1.1286675488807003 ]:  !!! The total Br is deviated from 1 !!!

!! EWK PROCESS C1C2 NOT FOUND !! WILL TRY TO LOOK FOR +/- MODES !!
XSEC FOUND FOR: C1-C2+
XSEC FOUND FOR: C1+C2-
!! EWK PROCESS C1N1 NOT FOUND !! WILL TRY TO LOOK FOR +/- MODES !!
XSEC FOUND FOR: C1+N1
XSEC FOUND FOR: C1-N1
!! EWK PROCESS C1N2 NOT FOUND !! WILL TRY TO LOOK FOR +/- MODES !!
XSEC FOUND FOR: C1+N2
XSEC FOUND FOR: C1-N2
!! EWK PROCESS C1N3 NOT FOUND !! WILL TRY TO LOOK FOR +/- MODES !!
XSEC FOUND FOR: C1+N3
XSEC FOUND FOR: C1-N3
!! EWK PROCESS C1N4 NOT FOUND !! WILL TRY TO LOOK FOR +/- MODES !!
XSEC FOUND FOR: C1+N4
XSEC FOUND FOR: C1-N4
!! EWK PROCESS C2N1 NOT FOUND !! WILL TRY TO LOOK FOR +/- MODES !!
XSEC FOUND FOR: C2+N1
XSEC FOUND FOR: C2-N1
!! EWK PROCESS C2N2 NOT FOUND !! WILL TRY TO LOOK FOR +/- MODES !!
XSEC FOUND FOR: C2+N2
XSEC FOUND FOR: C2-N2
!! EWK PROCESS C2N3 NOT FOUND !! WILL TRY TO LOOK FOR +/- MODES !!
XSEC FOUND FOR: C2+N3
XSEC FOUND FOR: C2-N3
!! EWK PROCESS C2N4 NOT FOUND !! WILL TRY TO LOOK FOR +/- MODES !!
XSEC FOUND FOR: C2+N4
XSEC FOUND FOR: C2-N4
---------------  Output inclusive processes  ---------------
The total xsec = 4388786.60 [fb]
The total rate = 100.00%
Output upto 0.10%
                       Modes : xsec/fb      (rate)
           GqQqN1_QqC1eNUnN1 : 207617.8517464 (4.74)%
           GqQqN1_QqC1mNUnN1 : 207617.8517464 (4.74)%
           GqQqN1_QqN2nNUnN1 : 206678.3386599 (4.72)%
         GqQqN1_QqC1taNUTnN1 : 205752.6408302 (4.70)%
               GqQqN1_GqQqN1 : 166014.3452481 (3.79)%
          GqQqN1_QqN2nNUTnN1 : 102729.0281773 (2.35)%
            GqQqN1_QqC1nEeN1 : 98010.8560975 (2.24)%
            GqQqN1_QqC1nMmN1 : 98010.8560975 (2.24)%
        GqQqN1_QqC1nTAU2taN1 : 92896.0514825 (2.12)%
            GqQqN1_QqN2eEeN1 : 52905.9746868 (1.21)%
            GqQqN1_QqN2mMmN1 : 52905.9746868 (1.21)%
       GqQqN1_QqN2taTAU2taN1 : 49649.8704094 (1.13)%
       QqC1eNUnN1_QqC1mNUnN1 : 43238.8799376 (0.99)%
       QqC1eNUnN1_QqN2nNUnN1 : 43043.2151949 (0.98)%
       QqC1mNUnN1_QqN2nNUnN1 : 43043.2151949 (0.98)%
     QqC1eNUnN1_QqC1taNUTnN1 : 42850.4276432 (0.98)%
     QqC1mNUnN1_QqC1taNUTnN1 : 42850.4276432 (0.98)%
     QqC1taNUTnN1_QqN2nNUnN1 : 42656.5207263 (0.97)%
              GbB2bN1_GqQqN1 : 42223.2491109 (0.96)%
          GbB2bN1_QqC1eNUnN1 : 26402.2372918 (0.60)%
          GbB2bN1_QqC1mNUnN1 : 26402.2372918 (0.60)%
          GbB2bN1_QqN2nNUnN1 : 26282.7617879 (0.60)%
        GbB2bN1_QqC1taNUTnN1 : 26165.0431353 (0.60)%
        GqQqN1_QqC1nTAU1taN1 : 21671.6472575 (0.50)%
       QqC1eNUnN1_QqC1eNUnN1 : 21619.4399688 (0.49)%
       QqC1mNUnN1_QqC1mNUnN1 : 21619.4399688 (0.49)%
       QqN2nNUnN1_QqN2nNUnN1 : 21424.2179375 (0.49)%
      QqC1eNUnN1_QqN2nNUTnN1 : 21394.5384662 (0.49)%
      QqC1mNUnN1_QqN2nNUTnN1 : 21394.5384662 (0.49)%
      QqN2nNUTnN1_QqN2nNUnN1 : 21297.7238200 (0.49)%
   QqC1taNUTnN1_QqC1taNUTnN1 : 21232.7325761 (0.48)%
    QqC1taNUTnN1_QqN2nNUTnN1 : 21202.3328040 (0.48)%
        QqC1eNUnN1_QqC1nEeN1 : 20411.9231739 (0.47)%
        QqC1mNUnN1_QqC1nEeN1 : 20411.9231739 (0.47)%
        QqC1eNUnN1_QqC1nMmN1 : 20411.9231739 (0.47)%
        QqC1mNUnN1_QqC1nMmN1 : 20411.9231739 (0.47)%
                 GqQqN1_QqN1 : 20365.4669383 (0.47)%
        QqC1nEeN1_QqN2nNUnN1 : 20319.5550621 (0.46)%
        QqC1nMmN1_QqN2nNUnN1 : 20319.5550621 (0.46)%
      QqC1nEeN1_QqC1taNUTnN1 : 20228.5451956 (0.46)%
      QqC1nMmN1_QqC1taNUTnN1 : 20228.5451956 (0.46)%
    QqC1eNUnN1_QqC1nTAU2taN1 : 19346.7044521 (0.44)%
    QqC1mNUnN1_QqC1nTAU2taN1 : 19346.7044521 (0.44)%
    QqC1nTAU2taN1_QqN2nNUnN1 : 19259.1566721 (0.44)%
  QqC1nTAU2taN1_QqC1taNUTnN1 : 19172.8962558 (0.44)%
         GbB2bN1_QqN2nNUTnN1 : 13063.7907862 (0.30)%
           GbB2bN1_QqC1nEeN1 : 12463.7927716 (0.28)%
           GbB2bN1_QqC1nMmN1 : 12463.7927716 (0.28)%
           C1eNUnN1_N2nNUnN1 : 12103.0063849 (0.28)%
           C1mNUnN1_N2nNUnN1 : 12103.0063849 (0.28)%
       GqQqN1_QqN2taTAU1taN1 : 12029.8457126 (0.27)%
         C1taNUTnN1_N2nNUnN1 : 11994.2745999 (0.27)%
       GbB2bN1_QqC1nTAU2taN1 : 11813.3560004 (0.27)%
                 B2bN1_B2bN1 : 11211.0000616 (0.26)%
           TAU1taN1_TAU1taN1 : 11126.8178157 (0.25)%
        QqC1eNUnN1_QqN2eEeN1 : 11018.2966841 (0.25)%
        QqC1mNUnN1_QqN2eEeN1 : 11018.2966841 (0.25)%
        QqC1eNUnN1_QqN2mMmN1 : 11018.2966841 (0.25)%
        QqC1mNUnN1_QqN2mMmN1 : 11018.2966841 (0.25)%
        QqN2eEeN1_QqN2nNUnN1 : 10968.4366464 (0.25)%
        QqN2mMmN1_QqN2nNUnN1 : 10968.4366464 (0.25)%
      QqC1taNUTnN1_QqN2eEeN1 : 10919.3097855 (0.25)%
      QqC1taNUTnN1_QqN2mMmN1 : 10919.3097855 (0.25)%
   QqC1eNUnN1_QqN2taTAU2taN1 : 10340.1743515 (0.24)%
   QqC1mNUnN1_QqN2taTAU2taN1 : 10340.1743515 (0.24)%
   QqN2nNUnN1_QqN2taTAU2taN1 : 10293.3829555 (0.24)%
 QqC1taNUTnN1_QqN2taTAU2taN1 : 10247.2796129 (0.23)%
       QqC1nEeN1_QqN2nNUTnN1 : 10099.7915798 (0.23)%
       QqC1nMmN1_QqN2nNUTnN1 : 10099.7915798 (0.23)%
         QqC1nEeN1_QqC1nMmN1 : 9635.9250808 (0.22)%
   QqC1nTAU2taN1_QqN2nNUTnN1 : 9572.7228178 (0.22)%
     QqC1nEeN1_QqC1nTAU2taN1 : 9133.0637037 (0.21)%
     QqC1nMmN1_QqC1nTAU2taN1 : 9133.0637037 (0.21)%
           GbB2bN1_QqN2eEeN1 : 6727.9190401 (0.15)%
           GbB2bN1_QqN2mMmN1 : 6727.9190401 (0.15)%
           GbB1tC2wN1_GqQqN1 : 6642.4002776 (0.15)%
           C1eNUnN1_C1mNUnN1 : 6361.6957458 (0.15)%
      GbB2bN1_QqN2taTAU2taN1 : 6313.8484915 (0.14)%
         C1eNUnN1_C1taNUTnN1 : 6304.5431250 (0.14)%
         C1mNUnN1_C1taNUTnN1 : 6304.5431250 (0.14)%
        GbB1bN2nNUnN1_GqQqN1 : 6185.3868700 (0.14)%
          C1eNUnN1_N2nNUTnN1 : 6015.7735543 (0.14)%
          C1mNUnN1_N2nNUTnN1 : 6015.7735543 (0.14)%
        C1taNUTnN1_N2nNUTnN1 : 5961.7286520 (0.14)%
        GqQqN1_GtT1bC1eNUnN1 : 5910.8007193 (0.14)%
        GqQqN1_GtT1bC1mNUnN1 : 5910.8007193 (0.14)%
      GqQqN1_GtT1bC1taNUTnN1 : 5857.6988789 (0.13)%
            C1nEeN1_N2nNUnN1 : 5713.5068452 (0.13)%
            C1nMmN1_N2nNUnN1 : 5713.5068452 (0.13)%
     GbB1tC2wN2nNUnN1_GqQqN1 : 5679.5332126 (0.13)%
       QqN2eEeN1_QqN2nNUTnN1 : 5451.8380814 (0.12)%
       QqN2mMmN1_QqN2nNUTnN1 : 5451.8380814 (0.12)%
        C1nTAU2taN1_N2nNUnN1 : 5415.3411894 (0.12)%
     QqN2nNUTnN1_QqN2nNUTnN1 : 5292.9941391 (0.12)%
         QqC1nEeN1_QqN2eEeN1 : 5201.4442962 (0.12)%
         QqC1nMmN1_QqN2eEeN1 : 5201.4442962 (0.12)%
         QqC1nEeN1_QqN2mMmN1 : 5201.4442962 (0.12)%
         QqC1nMmN1_QqN2mMmN1 : 5201.4442962 (0.12)%
  QqN2nNUTnN1_QqN2taTAU2taN1 : 5116.3040817 (0.12)%
        GbB1tC1eNUnN1_GqQqN1 : 5103.1658776 (0.12)%
        GbB1tC1mNUnN1_GqQqN1 : 5103.1658776 (0.12)%
      GbB1tC1taNUTnN1_GqQqN1 : 5057.3197202 (0.12)%
                   EeN1_EeN1 : 4986.1771534 (0.11)%
     QqC1nTAU2taN1_QqN2eEeN1 : 4930.0011892 (0.11)%
     QqC1nTAU2taN1_QqN2mMmN1 : 4930.0011892 (0.11)%
    QqC1nEeN1_QqN2taTAU2taN1 : 4881.3208106 (0.11)%
    QqC1nMmN1_QqN2taTAU2taN1 : 4881.3208106 (0.11)%
           TAU2taN1_TAU2taN1 : 4827.4446160 (0.11)%
         QqC1nEeN1_QqC1nEeN1 : 4817.9625404 (0.11)%
         QqC1nMmN1_QqC1nMmN1 : 4817.9625404 (0.11)%
QqC1nTAU2taN1_QqN2taTAU2taN1 : 4626.5837009 (0.11)%
              GqQqN1_QqC1wN1 : 4522.5039511 (0.10)%
    QqC1eNUnN1_QqC1nTAU1taN1 : 4513.3775633 (0.10)%
    QqC1mNUnN1_QqC1nTAU1taN1 : 4513.3775633 (0.10)%
    QqC1nTAU1taN1_QqN2nNUnN1 : 4492.9536101 (0.10)%
  QqC1nTAU1taN1_QqC1taNUTnN1 : 4472.8299850 (0.10)%
 QqC1nTAU2taN1_QqC1nTAU2taN1 : 4328.2223510 (0.10)%
------------------------------------------------------------
                                           SUM=67.24%

SHOWING PROCESSES TO GET 90.00% SUSY COVERAGE
---------------  Output inclusive processes  ---------------
The total xsec = 4388786.60 [fb]
The total rate = 100.00%
                             Modes : xsec/fb      (rate)
                 GqQqN1_QqC1eNUnN1 : 207617.8517464 (4.74)%
                 GqQqN1_QqC1mNUnN1 : 207617.8517464 (4.74)%
                 GqQqN1_QqN2nNUnN1 : 206678.3386599 (4.72)%
               GqQqN1_QqC1taNUTnN1 : 205752.6408302 (4.70)%
                     GqQqN1_GqQqN1 : 166014.3452481 (3.79)%
                GqQqN1_QqN2nNUTnN1 : 102729.0281773 (2.35)%
                  GqQqN1_QqC1nEeN1 : 98010.8560975 (2.24)%
                  GqQqN1_QqC1nMmN1 : 98010.8560975 (2.24)%
              GqQqN1_QqC1nTAU2taN1 : 92896.0514825 (2.12)%
                  GqQqN1_QqN2eEeN1 : 52905.9746868 (1.21)%
                  GqQqN1_QqN2mMmN1 : 52905.9746868 (1.21)%
             GqQqN1_QqN2taTAU2taN1 : 49649.8704094 (1.13)%
             QqC1eNUnN1_QqC1mNUnN1 : 43238.8799376 (0.99)%
             QqC1eNUnN1_QqN2nNUnN1 : 43043.2151949 (0.98)%
             QqC1mNUnN1_QqN2nNUnN1 : 43043.2151949 (0.98)%
           QqC1eNUnN1_QqC1taNUTnN1 : 42850.4276432 (0.98)%
           QqC1mNUnN1_QqC1taNUTnN1 : 42850.4276432 (0.98)%
           QqC1taNUTnN1_QqN2nNUnN1 : 42656.5207263 (0.97)%
                    GbB2bN1_GqQqN1 : 42223.2491109 (0.96)%
                GbB2bN1_QqC1eNUnN1 : 26402.2372918 (0.60)%
                GbB2bN1_QqC1mNUnN1 : 26402.2372918 (0.60)%
                GbB2bN1_QqN2nNUnN1 : 26282.7617879 (0.60)%
              GbB2bN1_QqC1taNUTnN1 : 26165.0431353 (0.60)%
              GqQqN1_QqC1nTAU1taN1 : 21671.6472575 (0.50)%
             QqC1eNUnN1_QqC1eNUnN1 : 21619.4399688 (0.49)%
             QqC1mNUnN1_QqC1mNUnN1 : 21619.4399688 (0.49)%
             QqN2nNUnN1_QqN2nNUnN1 : 21424.2179375 (0.49)%
            QqC1eNUnN1_QqN2nNUTnN1 : 21394.5384662 (0.49)%
            QqC1mNUnN1_QqN2nNUTnN1 : 21394.5384662 (0.49)%
            QqN2nNUTnN1_QqN2nNUnN1 : 21297.7238200 (0.49)%
         QqC1taNUTnN1_QqC1taNUTnN1 : 21232.7325761 (0.48)%
          QqC1taNUTnN1_QqN2nNUTnN1 : 21202.3328040 (0.48)%
              QqC1eNUnN1_QqC1nEeN1 : 20411.9231739 (0.47)%
              QqC1mNUnN1_QqC1nEeN1 : 20411.9231739 (0.47)%
              QqC1eNUnN1_QqC1nMmN1 : 20411.9231739 (0.47)%
              QqC1mNUnN1_QqC1nMmN1 : 20411.9231739 (0.47)%
                       GqQqN1_QqN1 : 20365.4669383 (0.47)%
              QqC1nEeN1_QqN2nNUnN1 : 20319.5550621 (0.46)%
              QqC1nMmN1_QqN2nNUnN1 : 20319.5550621 (0.46)%
            QqC1nEeN1_QqC1taNUTnN1 : 20228.5451956 (0.46)%
            QqC1nMmN1_QqC1taNUTnN1 : 20228.5451956 (0.46)%
          QqC1eNUnN1_QqC1nTAU2taN1 : 19346.7044521 (0.44)%
          QqC1mNUnN1_QqC1nTAU2taN1 : 19346.7044521 (0.44)%
          QqC1nTAU2taN1_QqN2nNUnN1 : 19259.1566721 (0.44)%
        QqC1nTAU2taN1_QqC1taNUTnN1 : 19172.8962558 (0.44)%
               GbB2bN1_QqN2nNUTnN1 : 13063.7907862 (0.30)%
                 GbB2bN1_QqC1nEeN1 : 12463.7927716 (0.28)%
                 GbB2bN1_QqC1nMmN1 : 12463.7927716 (0.28)%
                 C1eNUnN1_N2nNUnN1 : 12103.0063849 (0.28)%
                 C1mNUnN1_N2nNUnN1 : 12103.0063849 (0.28)%
             GqQqN1_QqN2taTAU1taN1 : 12029.8457126 (0.27)%
               C1taNUTnN1_N2nNUnN1 : 11994.2745999 (0.27)%
             GbB2bN1_QqC1nTAU2taN1 : 11813.3560004 (0.27)%
                       B2bN1_B2bN1 : 11211.0000616 (0.26)%
                 TAU1taN1_TAU1taN1 : 11126.8178157 (0.25)%
              QqC1eNUnN1_QqN2eEeN1 : 11018.2966841 (0.25)%
              QqC1mNUnN1_QqN2eEeN1 : 11018.2966841 (0.25)%
              QqC1eNUnN1_QqN2mMmN1 : 11018.2966841 (0.25)%
              QqC1mNUnN1_QqN2mMmN1 : 11018.2966841 (0.25)%
              QqN2eEeN1_QqN2nNUnN1 : 10968.4366464 (0.25)%
              QqN2mMmN1_QqN2nNUnN1 : 10968.4366464 (0.25)%
            QqC1taNUTnN1_QqN2eEeN1 : 10919.3097855 (0.25)%
            QqC1taNUTnN1_QqN2mMmN1 : 10919.3097855 (0.25)%
         QqC1eNUnN1_QqN2taTAU2taN1 : 10340.1743515 (0.24)%
         QqC1mNUnN1_QqN2taTAU2taN1 : 10340.1743515 (0.24)%
         QqN2nNUnN1_QqN2taTAU2taN1 : 10293.3829555 (0.24)%
       QqC1taNUTnN1_QqN2taTAU2taN1 : 10247.2796129 (0.23)%
             QqC1nEeN1_QqN2nNUTnN1 : 10099.7915798 (0.23)%
             QqC1nMmN1_QqN2nNUTnN1 : 10099.7915798 (0.23)%
               QqC1nEeN1_QqC1nMmN1 : 9635.9250808 (0.22)%
         QqC1nTAU2taN1_QqN2nNUTnN1 : 9572.7228178 (0.22)%
           QqC1nEeN1_QqC1nTAU2taN1 : 9133.0637037 (0.21)%
           QqC1nMmN1_QqC1nTAU2taN1 : 9133.0637037 (0.21)%
                 GbB2bN1_QqN2eEeN1 : 6727.9190401 (0.15)%
                 GbB2bN1_QqN2mMmN1 : 6727.9190401 (0.15)%
                 GbB1tC2wN1_GqQqN1 : 6642.4002776 (0.15)%
                 C1eNUnN1_C1mNUnN1 : 6361.6957458 (0.15)%
            GbB2bN1_QqN2taTAU2taN1 : 6313.8484915 (0.14)%
               C1eNUnN1_C1taNUTnN1 : 6304.5431250 (0.14)%
               C1mNUnN1_C1taNUTnN1 : 6304.5431250 (0.14)%
              GbB1bN2nNUnN1_GqQqN1 : 6185.3868700 (0.14)%
                C1eNUnN1_N2nNUTnN1 : 6015.7735543 (0.14)%
                C1mNUnN1_N2nNUTnN1 : 6015.7735543 (0.14)%
              C1taNUTnN1_N2nNUTnN1 : 5961.7286520 (0.14)%
              GqQqN1_GtT1bC1eNUnN1 : 5910.8007193 (0.14)%
              GqQqN1_GtT1bC1mNUnN1 : 5910.8007193 (0.14)%
            GqQqN1_GtT1bC1taNUTnN1 : 5857.6988789 (0.13)%
                  C1nEeN1_N2nNUnN1 : 5713.5068452 (0.13)%
                  C1nMmN1_N2nNUnN1 : 5713.5068452 (0.13)%
           GbB1tC2wN2nNUnN1_GqQqN1 : 5679.5332126 (0.13)%
             QqN2eEeN1_QqN2nNUTnN1 : 5451.8380814 (0.12)%
             QqN2mMmN1_QqN2nNUTnN1 : 5451.8380814 (0.12)%
              C1nTAU2taN1_N2nNUnN1 : 5415.3411894 (0.12)%
           QqN2nNUTnN1_QqN2nNUTnN1 : 5292.9941391 (0.12)%
               QqC1nEeN1_QqN2eEeN1 : 5201.4442962 (0.12)%
               QqC1nMmN1_QqN2eEeN1 : 5201.4442962 (0.12)%
               QqC1nEeN1_QqN2mMmN1 : 5201.4442962 (0.12)%
               QqC1nMmN1_QqN2mMmN1 : 5201.4442962 (0.12)%
        QqN2nNUTnN1_QqN2taTAU2taN1 : 5116.3040817 (0.12)%
              GbB1tC1eNUnN1_GqQqN1 : 5103.1658776 (0.12)%
              GbB1tC1mNUnN1_GqQqN1 : 5103.1658776 (0.12)%
            GbB1tC1taNUTnN1_GqQqN1 : 5057.3197202 (0.12)%
                         EeN1_EeN1 : 4986.1771534 (0.11)%
           QqC1nTAU2taN1_QqN2eEeN1 : 4930.0011892 (0.11)%
           QqC1nTAU2taN1_QqN2mMmN1 : 4930.0011892 (0.11)%
          QqC1nEeN1_QqN2taTAU2taN1 : 4881.3208106 (0.11)%
          QqC1nMmN1_QqN2taTAU2taN1 : 4881.3208106 (0.11)%
                 TAU2taN1_TAU2taN1 : 4827.4446160 (0.11)%
               QqC1nEeN1_QqC1nEeN1 : 4817.9625404 (0.11)%
               QqC1nMmN1_QqC1nMmN1 : 4817.9625404 (0.11)%
      QqC1nTAU2taN1_QqN2taTAU2taN1 : 4626.5837009 (0.11)%
                    GqQqN1_QqC1wN1 : 4522.5039511 (0.10)%
          QqC1eNUnN1_QqC1nTAU1taN1 : 4513.3775633 (0.10)%
          QqC1mNUnN1_QqC1nTAU1taN1 : 4513.3775633 (0.10)%
          QqC1nTAU1taN1_QqN2nNUnN1 : 4492.9536101 (0.10)%
        QqC1nTAU1taN1_QqC1taNUTnN1 : 4472.8299850 (0.10)%
       QqC1nTAU2taN1_QqC1nTAU2taN1 : 4328.2223510 (0.10)%
                   QqC1eNUnN1_QqN1 : 4241.3500208 (0.10)%
                   QqC1mNUnN1_QqN1 : 4241.3500208 (0.10)%
                   QqN1_QqN2nNUnN1 : 4222.1570477 (0.10)%
                 QqC1taNUTnN1_QqN1 : 4203.2463014 (0.10)%
                    GqQqN1_QqC2wN1 : 4199.4015353 (0.10)%
             GbB1tC2wN1_QqC1eNUnN1 : 4153.4991269 (0.09)%
             GbB1tC2wN1_QqC1mNUnN1 : 4153.4991269 (0.09)%
             GbB1tC2wN1_QqN2nNUnN1 : 4134.7036970 (0.09)%
           GbB1tC2wN1_QqC1taNUTnN1 : 4116.1846482 (0.09)%
              GqQqN1_GtT1tN2nNUnN1 : 4090.3608393 (0.09)%
         GqQqN1_QqC1taNUTwTAU1taN1 : 3926.0810218 (0.09)%
           T1bC1eNUnN1_T1bC1mNUnN1 : 3867.9608525 (0.09)%
          GbB1bN2nNUnN1_QqC1eNUnN1 : 3867.7282143 (0.09)%
          GbB1bN2nNUnN1_QqC1mNUnN1 : 3867.7282143 (0.09)%
          GbB1bN2nNUnN1_QqN2nNUnN1 : 3850.2259559 (0.09)%
         T1bC1eNUnN1_T1bC1taNUTnN1 : 3833.2116113 (0.09)%
         T1bC1mNUnN1_T1bC1taNUTnN1 : 3833.2116113 (0.09)%
        GbB1bN2nNUnN1_QqC1taNUTnN1 : 3832.9810631 (0.09)%
          GtT1bC1eNUnN1_QqC1eNUnN1 : 3696.0292365 (0.08)%
          GtT1bC1eNUnN1_QqC1mNUnN1 : 3696.0292365 (0.08)%
          GtT1bC1mNUnN1_QqC1eNUnN1 : 3696.0292365 (0.08)%
          GtT1bC1mNUnN1_QqC1mNUnN1 : 3696.0292365 (0.08)%
          GtT1bC1eNUnN1_QqN2nNUnN1 : 3679.3039511 (0.08)%
          GtT1bC1mNUnN1_QqN2nNUnN1 : 3679.3039511 (0.08)%
        GtT1bC1eNUnN1_QqC1taNUTnN1 : 3662.8246059 (0.08)%
        GtT1bC1mNUnN1_QqC1taNUTnN1 : 3662.8246059 (0.08)%
        GtT1bC1taNUTnN1_QqC1eNUnN1 : 3662.8246059 (0.08)%
        GtT1bC1taNUTnN1_QqC1mNUnN1 : 3662.8246059 (0.08)%
        GtT1bC1taNUTnN1_QqN2nNUnN1 : 3646.2495782 (0.08)%
      GtT1bC1taNUTnN1_QqC1taNUTnN1 : 3629.9182812 (0.08)%
              GqQqN1_QqC2wN2nNUnN1 : 3590.6659484 (0.08)%
       GbB1tC2wN2nNUnN1_QqC1eNUnN1 : 3551.4174476 (0.08)%
       GbB1tC2wN2nNUnN1_QqC1mNUnN1 : 3551.4174476 (0.08)%
       GbB1tC2wN2nNUnN1_QqN2nNUnN1 : 3535.3465599 (0.08)%
     GbB1tC2wN2nNUnN1_QqC1taNUTnN1 : 3519.5119898 (0.08)%
          GbB1tC1eNUnN1_QqC1eNUnN1 : 3191.0144121 (0.07)%
          GbB1tC1eNUnN1_QqC1mNUnN1 : 3191.0144121 (0.07)%
          GbB1tC1mNUnN1_QqC1eNUnN1 : 3191.0144121 (0.07)%
          GbB1tC1mNUnN1_QqC1mNUnN1 : 3191.0144121 (0.07)%
                 C1eNUnN1_C1eNUnN1 : 3180.8478729 (0.07)%
                 C1mNUnN1_C1mNUnN1 : 3180.8478729 (0.07)%
          GbB1tC1eNUnN1_QqN2nNUnN1 : 3176.5744217 (0.07)%
          GbB1tC1mNUnN1_QqN2nNUnN1 : 3176.5744217 (0.07)%
        GbB1tC1eNUnN1_QqC1taNUTnN1 : 3162.3467669 (0.07)%
        GbB1tC1mNUnN1_QqC1taNUTnN1 : 3162.3467669 (0.07)%
        GbB1tC1taNUTnN1_QqC1eNUnN1 : 3162.3467669 (0.07)%
        GbB1tC1taNUTnN1_QqC1mNUnN1 : 3162.3467669 (0.07)%
        GbB1tC1taNUTnN1_QqN2nNUnN1 : 3148.0365034 (0.07)%
      GbB1tC1taNUTnN1_QqC1taNUTnN1 : 3133.9366680 (0.07)%
             C1taNUTnN1_C1taNUTnN1 : 3123.9519778 (0.07)%
                  C1eNUnN1_N2eEeN1 : 3098.1541345 (0.07)%
                  C1eNUnN1_N2mMmN1 : 3098.1541345 (0.07)%
                  C1mNUnN1_N2eEeN1 : 3098.1541345 (0.07)%
                  C1mNUnN1_N2mMmN1 : 3098.1541345 (0.07)%
             GbB1bN2nNUTnN1_GqQqN1 : 3074.4333740 (0.07)%
                C1taNUTnN1_N2eEeN1 : 3070.3207336 (0.07)%
                C1taNUTnN1_N2mMmN1 : 3070.3207336 (0.07)%
                  C1eNUnN1_C1nEeN1 : 3003.1870623 (0.07)%
                  C1mNUnN1_C1nEeN1 : 3003.1870623 (0.07)%
                  C1eNUnN1_C1nMmN1 : 3003.1870623 (0.07)%
                  C1mNUnN1_C1nMmN1 : 3003.1870623 (0.07)%
                C1nEeN1_C1taNUTnN1 : 2976.2068328 (0.07)%
                C1nMmN1_C1taNUTnN1 : 2976.2068328 (0.07)%
             C1eNUnN1_N2taTAU2taN1 : 2907.4778831 (0.07)%
             C1mNUnN1_N2taTAU2taN1 : 2907.4778831 (0.07)%
           C1taNUTnN1_N2taTAU2taN1 : 2881.3574920 (0.07)%
              C1eNUnN1_C1nTAU2taN1 : 2846.4624335 (0.07)%
              C1mNUnN1_C1nTAU2taN1 : 2846.4624335 (0.07)%
                 C1nEeN1_N2nNUTnN1 : 2839.8864124 (0.06)%
                 C1nMmN1_N2nNUTnN1 : 2839.8864124 (0.06)%
          GbB1tC2wN2nNUTnN1_GqQqN1 : 2822.9998906 (0.06)%
            C1nTAU2taN1_C1taNUTnN1 : 2820.8901970 (0.06)%
           GbB1tC2zC1eNUnN1_GqQqN1 : 2810.8027843 (0.06)%
           GbB1tC2zC1mNUnN1_GqQqN1 : 2810.8027843 (0.06)%
               QqN2eEeN1_QqN2mMmN1 : 2807.7244830 (0.06)%
               GqQqN1_GtT1bC1nEeN1 : 2790.3315338 (0.06)%
               GqQqN1_GtT1bC1nMmN1 : 2790.3315338 (0.06)%
         GbB1tC2zC1taNUTnN1_GqQqN1 : 2785.5509093 (0.06)%
             GbB2bN1_QqC1nTAU1taN1 : 2755.9285899 (0.06)%
             C1nTAU2taN1_N2nNUTnN1 : 2691.6838080 (0.06)%
                   GbB2bN1_GbB2bN1 : 2684.7119187 (0.06)%
           T1bC1eNUnN1_T1tN2nNUnN1 : 2676.6856726 (0.06)%
           T1bC1mNUnN1_T1tN2nNUnN1 : 2676.6856726 (0.06)%
         T1bC1taNUTnN1_T1tN2nNUnN1 : 2652.6386878 (0.06)%
           GbB1tC2hC1eNUnN1_GqQqN1 : 2649.1889034 (0.06)%
           GbB1tC2hC1mNUnN1_GqQqN1 : 2649.1889034 (0.06)%
           GqQqN1_GtT1bC1nTAU2taN1 : 2644.7150055 (0.06)%
          QqN2eEeN1_QqN2taTAU2taN1 : 2634.9227578 (0.06)%
          QqN2mMmN1_QqN2taTAU2taN1 : 2634.9227578 (0.06)%
         GbB1tC2hC1taNUTnN1_GqQqN1 : 2625.3889458 (0.06)%
                      GbB2bN1_QqN1 : 2589.8249411 (0.06)%
          GtT1tN2nNUnN1_QqC1eNUnN1 : 2557.7064713 (0.06)%
          GtT1tN2nNUnN1_QqC1mNUnN1 : 2557.7064713 (0.06)%
          GtT1tN2nNUnN1_QqN2nNUnN1 : 2546.1323283 (0.06)%
        GtT1tN2nNUnN1_QqC1taNUTnN1 : 2534.7283796 (0.06)%
         QqC1eNUnN1_QqN2taTAU1taN1 : 2505.3580415 (0.06)%
         QqC1mNUnN1_QqN2taTAU1taN1 : 2505.3580415 (0.06)%
         QqN2nNUnN1_QqN2taTAU1taN1 : 2494.0207858 (0.06)%
       QqC1taNUTnN1_QqN2taTAU1taN1 : 2482.8502411 (0.06)%
               GbB1tC1nEeN1_GqQqN1 : 2409.0686435 (0.06)%
               GbB1tC1nMmN1_GqQqN1 : 2409.0686435 (0.06)%
           GbB1tC1nTAU2taN1_GqQqN1 : 2283.3487395 (0.05)%
         QqC1nTAU1taN1_QqN2nNUTnN1 : 2233.2130256 (0.05)%
                    GqQqN1_QqN2zN1 : 2192.5745528 (0.05)%
           QqC1nEeN1_QqC1nTAU1taN1 : 2130.6452945 (0.05)%
           QqC1nMmN1_QqC1nTAU1taN1 : 2130.6452945 (0.05)%
                  QqN1_QqN2nNUTnN1 : 2098.6141708 (0.05)%
            GbB1tC2wN1_QqN2nNUTnN1 : 2055.1456691 (0.05)%
             GqQqN1_GtT1tN2nNUTnN1 : 2033.1051461 (0.05)%
       QqC1nTAU1taN1_QqC1nTAU2taN1 : 2019.4552200 (0.05)%
                    QqC1nEeN1_QqN1 : 2002.2283395 (0.05)%
                    QqC1nMmN1_QqN1 : 2002.2283395 (0.05)%
           GbB1tC2nTAU2taN1_GqQqN1 : 1962.3114811 (0.04)%
              GbB1tC2wN1_QqC1nEeN1 : 1960.7562731 (0.04)%
              GbB1tC2wN1_QqC1nMmN1 : 1960.7562731 (0.04)%
          GqQqN1_QqN2nNUTwTAU1taN1 : 1960.2299455 (0.04)%
           T1bC1eNUnN1_T1bC1eNUnN1 : 1933.9804262 (0.04)%
           T1bC1mNUnN1_T1bC1mNUnN1 : 1933.9804262 (0.04)%
                             N1_N1 : 1927.6289559 (0.04)%
         GbB1bN2nNUTnN1_QqC1eNUnN1 : 1922.4460738 (0.04)%
         GbB1bN2nNUTnN1_QqC1mNUnN1 : 1922.4460738 (0.04)%
         GbB1bN2nNUnN1_QqN2nNUTnN1 : 1913.7466136 (0.04)%
         GbB1bN2nNUTnN1_QqN2nNUnN1 : 1913.7466136 (0.04)%
               GbB1tC2nEeN1_GqQqN1 : 1912.6499897 (0.04)%
               GbB1tC2nMmN1_GqQqN1 : 1912.6499897 (0.04)%
       GbB1bN2nNUTnN1_QqC1taNUTnN1 : 1905.1750763 (0.04)%
       T1bC1taNUTnN1_T1bC1taNUTnN1 : 1899.3872763 (0.04)%
                QqC1nTAU2taN1_QqN1 : 1897.7398455 (0.04)%
          GbB1tC2wN1_QqC1nTAU2taN1 : 1858.4320446 (0.04)%
         GtT1bC1eNUnN1_QqN2nNUTnN1 : 1828.7901950 (0.04)%
         GtT1bC1mNUnN1_QqN2nNUTnN1 : 1828.7901950 (0.04)%
            T1bC1eNUnN1_T1bC1nEeN1 : 1825.9612616 (0.04)%
            T1bC1mNUnN1_T1bC1nEeN1 : 1825.9612616 (0.04)%
            T1bC1eNUnN1_T1bC1nMmN1 : 1825.9612616 (0.04)%
            T1bC1mNUnN1_T1bC1nMmN1 : 1825.9612616 (0.04)%
           GbB1bN2nNUnN1_QqC1nEeN1 : 1825.8514393 (0.04)%
           GbB1bN2nNUnN1_QqC1nMmN1 : 1825.8514393 (0.04)%
       GtT1bC1taNUTnN1_QqN2nNUTnN1 : 1812.3605893 (0.04)%
          T1bC1nEeN1_T1bC1taNUTnN1 : 1809.5570707 (0.04)%
          T1bC1nMmN1_T1bC1taNUTnN1 : 1809.5570707 (0.04)%
             GqQqN1_QqC2wN2nNUTnN1 : 1784.7328645 (0.04)%
              GqQqN1_QqC2zC1eNUnN1 : 1777.0217142 (0.04)%
              GqQqN1_QqC2zC1mNUnN1 : 1777.0217142 (0.04)%
      GbB1tC2wN2nNUTnN1_QqC1eNUnN1 : 1765.2244807 (0.04)%
      GbB1tC2wN2nNUTnN1_QqC1mNUnN1 : 1765.2244807 (0.04)%
            GqQqN1_QqC2zC1taNUTnN1 : 1761.0571896 (0.04)%
       GbB1tC2zC1eNUnN1_QqC1eNUnN1 : 1757.5976187 (0.04)%
       GbB1tC2zC1eNUnN1_QqC1mNUnN1 : 1757.5976187 (0.04)%
       GbB1tC2zC1mNUnN1_QqC1eNUnN1 : 1757.5976187 (0.04)%
       GbB1tC2zC1mNUnN1_QqC1mNUnN1 : 1757.5976187 (0.04)%
      GbB1tC2wN2nNUnN1_QqN2nNUTnN1 : 1757.2364803 (0.04)%
      GbB1tC2wN2nNUTnN1_QqN2nNUnN1 : 1757.2364803 (0.04)%
       GbB1tC2zC1eNUnN1_QqN2nNUnN1 : 1749.6441313 (0.04)%
       GbB1tC2zC1mNUnN1_QqN2nNUnN1 : 1749.6441313 (0.04)%
    GbB1tC2wN2nNUTnN1_QqC1taNUTnN1 : 1749.3659409 (0.04)%
           GtT1bC1eNUnN1_QqC1nEeN1 : 1744.7969266 (0.04)%
           GtT1bC1eNUnN1_QqC1nMmN1 : 1744.7969266 (0.04)%
           GtT1bC1mNUnN1_QqC1nEeN1 : 1744.7969266 (0.04)%
           GtT1bC1mNUnN1_QqC1nMmN1 : 1744.7969266 (0.04)%
           GtT1bC1nEeN1_QqC1eNUnN1 : 1744.7969266 (0.04)%
           GtT1bC1nEeN1_QqC1mNUnN1 : 1744.7969266 (0.04)%
           GtT1bC1nMmN1_QqC1eNUnN1 : 1744.7969266 (0.04)%
           GtT1bC1nMmN1_QqC1mNUnN1 : 1744.7969266 (0.04)%
     GbB1tC2zC1eNUnN1_QqC1taNUTnN1 : 1741.8075976 (0.04)%
     GbB1tC2zC1mNUnN1_QqC1taNUTnN1 : 1741.8075976 (0.04)%
     GbB1tC2zC1taNUTnN1_QqC1eNUnN1 : 1741.8075976 (0.04)%
     GbB1tC2zC1taNUTnN1_QqC1mNUnN1 : 1741.8075976 (0.04)%
           GtT1bC1nEeN1_QqN2nNUnN1 : 1736.9013649 (0.04)%
           GtT1bC1nMmN1_QqN2nNUnN1 : 1736.9013649 (0.04)%
     GbB1tC2zC1taNUTnN1_QqN2nNUnN1 : 1733.9255632 (0.04)%
        T1bC1eNUnN1_T1bC1nTAU2taN1 : 1730.6714594 (0.04)%
        T1bC1mNUnN1_T1bC1nTAU2taN1 : 1730.6714594 (0.04)%
       GbB1bN2nNUnN1_QqC1nTAU2taN1 : 1730.5673683 (0.04)%
         GtT1bC1nEeN1_QqC1taNUTnN1 : 1729.1219052 (0.04)%
         GtT1bC1nMmN1_QqC1taNUTnN1 : 1729.1219052 (0.04)%
         GtT1bC1taNUTnN1_QqC1nEeN1 : 1729.1219052 (0.04)%
         GtT1bC1taNUTnN1_QqC1nMmN1 : 1729.1219052 (0.04)%
   GbB1tC2zC1taNUTnN1_QqC1taNUTnN1 : 1726.1594319 (0.04)%
      T1bC1nTAU2taN1_T1bC1taNUTnN1 : 1715.1233393 (0.04)%
        GbB1tC2wN2nNUnN1_QqC1nEeN1 : 1676.5295540 (0.04)%
        GbB1tC2wN2nNUnN1_QqC1nMmN1 : 1676.5295540 (0.04)%
              GqQqN1_QqC2hC1eNUnN1 : 1674.8475676 (0.04)%
              GqQqN1_QqC2hC1mNUnN1 : 1674.8475676 (0.04)%
            GqQqN1_QqC2hC1taNUTnN1 : 1659.8009618 (0.04)%
       GbB1tC2hC1eNUnN1_QqC1eNUnN1 : 1656.5403073 (0.04)%
       GbB1tC2hC1eNUnN1_QqC1mNUnN1 : 1656.5403073 (0.04)%
       GbB1tC2hC1mNUnN1_QqC1eNUnN1 : 1656.5403073 (0.04)%
       GbB1tC2hC1mNUnN1_QqC1mNUnN1 : 1656.5403073 (0.04)%
       GtT1bC1nTAU2taN1_QqC1eNUnN1 : 1653.7427748 (0.04)%
       GtT1bC1nTAU2taN1_QqC1mNUnN1 : 1653.7427748 (0.04)%
       GtT1bC1eNUnN1_QqC1nTAU2taN1 : 1653.7427748 (0.04)%
       GtT1bC1mNUnN1_QqC1nTAU2taN1 : 1653.7427748 (0.04)%
       GbB1tC2hC1eNUnN1_QqN2nNUnN1 : 1649.0441248 (0.04)%
       GbB1tC2hC1mNUnN1_QqN2nNUnN1 : 1649.0441248 (0.04)%
       GtT1bC1nTAU2taN1_QqN2nNUnN1 : 1646.2592517 (0.04)%
     GbB1tC2hC1eNUnN1_QqC1taNUTnN1 : 1641.6581715 (0.04)%
     GbB1tC2hC1mNUnN1_QqC1taNUTnN1 : 1641.6581715 (0.04)%
     GbB1tC2hC1taNUTnN1_QqC1eNUnN1 : 1641.6581715 (0.04)%
     GbB1tC2hC1taNUTnN1_QqC1mNUnN1 : 1641.6581715 (0.04)%
     GtT1bC1nTAU2taN1_QqC1taNUTnN1 : 1638.8857716 (0.04)%
     GtT1bC1taNUTnN1_QqC1nTAU2taN1 : 1638.8857716 (0.04)%
     GbB1tC2hC1taNUTnN1_QqN2nNUnN1 : 1634.2293337 (0.04)%
   GbB1tC2hC1taNUTnN1_QqC1taNUTnN1 : 1626.9097348 (0.04)%
    GbB1tC2wN2nNUnN1_QqC1nTAU2taN1 : 1589.0380103 (0.04)%
               GbB1bN2eEeN1_GqQqN1 : 1583.3489049 (0.04)%
               GbB1bN2mMmN1_GqQqN1 : 1583.3489049 (0.04)%
         GbB1tC1eNUnN1_QqN2nNUTnN1 : 1578.9095528 (0.04)%
         GbB1tC1mNUnN1_QqN2nNUTnN1 : 1578.9095528 (0.04)%
       GbB1tC1taNUTnN1_QqN2nNUTnN1 : 1564.7248413 (0.04)%
                 GbB2tC2wN1_GqQqN1 : 1551.6944452 (0.04)%
            GbB2bN1_QqN2taTAU1taN1 : 1529.8050645 (0.03)%
           GbB1tC1nEeN1_QqC1eNUnN1 : 1506.3928835 (0.03)%
           GbB1tC1nEeN1_QqC1mNUnN1 : 1506.3928835 (0.03)%
           GbB1tC1nMmN1_QqC1eNUnN1 : 1506.3928835 (0.03)%
           GbB1tC1nMmN1_QqC1mNUnN1 : 1506.3928835 (0.03)%
           GbB1tC1eNUnN1_QqC1nEeN1 : 1506.3928835 (0.03)%
           GbB1tC1eNUnN1_QqC1nMmN1 : 1506.3928835 (0.03)%
           GbB1tC1mNUnN1_QqC1nEeN1 : 1506.3928835 (0.03)%
           GbB1tC1mNUnN1_QqC1nMmN1 : 1506.3928835 (0.03)%
           GbB1tC1nEeN1_QqN2nNUnN1 : 1499.5761487 (0.03)%
           GbB1tC1nMmN1_QqN2nNUnN1 : 1499.5761487 (0.03)%
         GbB1tC1nEeN1_QqC1taNUTnN1 : 1492.8596520 (0.03)%
         GbB1tC1nMmN1_QqC1taNUTnN1 : 1492.8596520 (0.03)%
         GbB1tC1taNUTnN1_QqC1nEeN1 : 1492.8596520 (0.03)%
         GbB1tC1taNUTnN1_QqC1nMmN1 : 1492.8596520 (0.03)%
          GbB1bN2taTAU2taN1_GqQqN1 : 1485.9015150 (0.03)%
                   C1nEeN1_N2eEeN1 : 1462.5560206 (0.03)%
                   C1nEeN1_N2mMmN1 : 1462.5560206 (0.03)%
                   C1nMmN1_N2eEeN1 : 1462.5560206 (0.03)%
                   C1nMmN1_N2mMmN1 : 1462.5560206 (0.03)%
            GbB1tC2wN2eEeN1_GqQqN1 : 1453.8593755 (0.03)%
            GbB1tC2wN2mMmN1_GqQqN1 : 1453.8593755 (0.03)%
       GbB1tC1nTAU2taN1_QqC1eNUnN1 : 1427.7801095 (0.03)%
       GbB1tC1nTAU2taN1_QqC1mNUnN1 : 1427.7801095 (0.03)%
       GbB1tC1eNUnN1_QqC1nTAU2taN1 : 1427.7801095 (0.03)%
       GbB1tC1mNUnN1_QqC1nTAU2taN1 : 1427.7801095 (0.03)%
       GbB1tC1nTAU2taN1_QqN2nNUnN1 : 1421.3191136 (0.03)%
                   C1nEeN1_C1nMmN1 : 1417.7245960 (0.03)%
     GbB1tC1nTAU2taN1_QqC1taNUTnN1 : 1414.9531247 (0.03)%
     GbB1tC1taNUTnN1_QqC1nTAU2taN1 : 1414.9531247 (0.03)%
               QqN2eEeN1_QqN2eEeN1 : 1403.8622415 (0.03)%
               QqN2mMmN1_QqN2mMmN1 : 1403.8622415 (0.03)%
               C1nTAU2taN1_N2eEeN1 : 1386.2309217 (0.03)%
               C1nTAU2taN1_N2mMmN1 : 1386.2309217 (0.03)%
              C1nEeN1_N2taTAU2taN1 : 1372.5428426 (0.03)%
              C1nMmN1_N2taTAU2taN1 : 1372.5428426 (0.03)%
       GbB1tC2wN2taTAU2taN1_GqQqN1 : 1364.3814336 (0.03)%
               C1nEeN1_C1nTAU2taN1 : 1343.7390745 (0.03)%
               C1nMmN1_C1nTAU2taN1 : 1343.7390745 (0.03)%
          T1bC1eNUnN1_T1tN2nNUTnN1 : 1330.4409145 (0.03)%
          T1bC1mNUnN1_T1tN2nNUTnN1 : 1330.4409145 (0.03)%
            GbB1tC2zC1nEeN1_GqQqN1 : 1326.9051042 (0.03)%
            GbB1tC2zC1nMmN1_GqQqN1 : 1326.9051042 (0.03)%
           GbB2tC2wN2nNUnN1_GqQqN1 : 1326.7643877 (0.03)%
        T1bC1taNUTnN1_T1tN2nNUTnN1 : 1318.4884118 (0.03)%
          C1nTAU2taN1_N2taTAU2taN1 : 1300.9151807 (0.03)%
         GtT1tN2nNUTnN1_QqC1eNUnN1 : 1271.3025558 (0.03)%
         GtT1tN2nNUTnN1_QqC1mNUnN1 : 1271.3025558 (0.03)%
         GtT1tN2nNUnN1_QqN2nNUTnN1 : 1265.5496526 (0.03)%
         GtT1tN2nNUTnN1_QqN2nNUnN1 : 1265.5496526 (0.03)%
            T1bC1nEeN1_T1tN2nNUnN1 : 1263.5919892 (0.03)%
            T1bC1nMmN1_T1tN2nNUnN1 : 1263.5919892 (0.03)%
              C1nTAU1taN1_N2nNUnN1 : 1263.3407143 (0.03)%
       GtT1tN2nNUTnN1_QqC1taNUTnN1 : 1259.8813442 (0.03)%
        GbB1tC2zC1nTAU2taN1_GqQqN1 : 1257.6590980 (0.03)%
            GbB1tC2hC1nEeN1_GqQqN1 : 1250.6114970 (0.03)%
            GbB1tC2hC1nMmN1_GqQqN1 : 1250.6114970 (0.03)%
              GqQqN1_QqC2nTAU2taN1 : 1240.5957940 (0.03)%
        QqN2nNUTnN1_QqN2taTAU1taN1 : 1239.6477214 (0.03)%
     QqN2taTAU2taN1_QqN2taTAU2taN1 : 1236.3780673 (0.03)%
       GbB1tC2nTAU2taN1_QqC1eNUnN1 : 1227.0352106 (0.03)%
       GbB1tC2nTAU2taN1_QqC1mNUnN1 : 1227.0352106 (0.03)%
       GbB1tC2nTAU2taN1_QqN2nNUnN1 : 1221.4826262 (0.03)%
     GbB1tC2nTAU2taN1_QqC1taNUTnN1 : 1216.0116909 (0.03)%
                  GqQqN1_QqC2nEeN1 : 1209.1992303 (0.03)%
                  GqQqN1_QqC2nMmN1 : 1209.1992303 (0.03)%
           GtT1tN2nNUnN1_QqC1nEeN1 : 1207.4250783 (0.03)%
           GtT1tN2nNUnN1_QqC1nMmN1 : 1207.4250783 (0.03)%
        T1bC1nTAU2taN1_T1tN2nNUnN1 : 1197.6500477 (0.03)%
           GbB1tC2nEeN1_QqC1eNUnN1 : 1195.9818334 (0.03)%
           GbB1tC2nEeN1_QqC1mNUnN1 : 1195.9818334 (0.03)%
           GbB1tC2nMmN1_QqC1eNUnN1 : 1195.9818334 (0.03)%
           GbB1tC2nMmN1_QqC1mNUnN1 : 1195.9818334 (0.03)%
           GbB1tC2nEeN1_QqN2nNUnN1 : 1190.5697719 (0.03)%
           GbB1tC2nMmN1_QqN2nNUnN1 : 1190.5697719 (0.03)%
        GbB1tC2hC1nTAU2taN1_GqQqN1 : 1185.3469568 (0.03)%
         GbB1tC2nEeN1_QqC1taNUTnN1 : 1185.2372931 (0.03)%
         GbB1tC2nMmN1_QqC1taNUTnN1 : 1185.2372931 (0.03)%
          QqC1nEeN1_QqN2taTAU1taN1 : 1182.7127793 (0.03)%
          QqC1nMmN1_QqN2taTAU1taN1 : 1182.7127793 (0.03)%
           QqC1nTAU1taN1_QqN2eEeN1 : 1150.1161249 (0.03)%
           QqC1nTAU1taN1_QqN2mMmN1 : 1150.1161249 (0.03)%
       GtT1tN2nNUnN1_QqC1nTAU2taN1 : 1144.4142690 (0.03)%
      QqC1nTAU2taN1_QqN2taTAU1taN1 : 1120.9916086 (0.03)%
                    QqN1_QqN2eEeN1 : 1080.7970266 (0.02)%
                    QqN1_QqN2mMmN1 : 1080.7970266 (0.02)%
      QqC1nTAU1taN1_QqN2taTAU2taN1 : 1079.3320962 (0.02)%
              GqQqN1_QqN4wC1eNUnN1 : 1071.0711164 (0.02)%
              GqQqN1_QqN4wC1mNUnN1 : 1071.0711164 (0.02)%
            GqQqN1_QqN4wC1taNUTnN1 : 1061.4487573 (0.02)%
              GbB1tC2wN1_QqN2eEeN1 : 1058.4105260 (0.02)%
              GbB1tC2wN1_QqN2mMmN1 : 1058.4105260 (0.02)%
               GqQqN1_GtT1tN2eEeN1 : 1047.0595440 (0.02)%
               GqQqN1_GtT1tN2mMmN1 : 1047.0595440 (0.02)%
               QqN1_QqN2taTAU2taN1 : 1014.2792497 (0.02)%
         GbB1tC2wN1_QqN2taTAU2taN1 : 993.2705288 (0.02)%
           GbB1bN2eEeN1_QqC1eNUnN1 : 990.0695560 (0.02)%
           GbB1bN2eEeN1_QqC1mNUnN1 : 990.0695560 (0.02)%
           GbB1bN2mMmN1_QqC1eNUnN1 : 990.0695560 (0.02)%
           GbB1bN2mMmN1_QqC1mNUnN1 : 990.0695560 (0.02)%
           GbB1bN2nNUnN1_QqN2eEeN1 : 985.5892895 (0.02)%
           GbB1bN2nNUnN1_QqN2mMmN1 : 985.5892895 (0.02)%
           GbB1bN2eEeN1_QqN2nNUnN1 : 985.5892895 (0.02)%
           GbB1bN2mMmN1_QqN2nNUnN1 : 985.5892895 (0.02)%
          GqQqN1_GtT1tN2taTAU2taN1 : 982.6181443 (0.02)%
         GbB1bN2eEeN1_QqC1taNUTnN1 : 981.1749040 (0.02)%
         GbB1bN2mMmN1_QqC1taNUTnN1 : 981.1749040 (0.02)%
             GbB2tC2wN1_QqC1eNUnN1 : 970.2759927 (0.02)%
             GbB2tC2wN1_QqC1mNUnN1 : 970.2759927 (0.02)%
             GbB2tC2wN1_QqN2nNUnN1 : 965.8852961 (0.02)%
           GbB2tC2wN1_QqC1taNUTnN1 : 961.5591634 (0.02)%
        GbB1bN2nNUTnN1_QqN2nNUTnN1 : 951.2236796 (0.02)%
                 GqQqN1_GtT1bC2wN1 : 946.1443763 (0.02)%
                QqC1eNUnN1_QqC1wN1 : 941.8650839 (0.02)%
                QqC1mNUnN1_QqC1wN1 : 941.8650839 (0.02)%
           GtT1bC1eNUnN1_QqN2eEeN1 : 941.8362996 (0.02)%
           GtT1bC1eNUnN1_QqN2mMmN1 : 941.8362996 (0.02)%
           GtT1bC1mNUnN1_QqN2eEeN1 : 941.8362996 (0.02)%
           GtT1bC1mNUnN1_QqN2mMmN1 : 941.8362996 (0.02)%
                QqC1wN1_QqN2nNUnN1 : 937.6029525 (0.02)%
              QqC1taNUTnN1_QqC1wN1 : 933.4034944 (0.02)%
         GtT1bC1taNUTnN1_QqN2eEeN1 : 933.3749687 (0.02)%
         GtT1bC1taNUTnN1_QqN2mMmN1 : 933.3749687 (0.02)%
      GbB1bN2taTAU2taN1_QqC1eNUnN1 : 929.1356117 (0.02)%
      GbB1bN2taTAU2taN1_QqC1mNUnN1 : 929.1356117 (0.02)%
           T1tN2nNUnN1_T1tN2nNUnN1 : 926.1528830 (0.02)%
      GbB1bN2taTAU2taN1_QqN2nNUnN1 : 924.9310837 (0.02)%
      GbB1bN2nNUnN1_QqN2taTAU2taN1 : 924.9310837 (0.02)%
    GbB1bN2taTAU2taN1_QqC1taNUTnN1 : 920.7883821 (0.02)%
          T1tN2nNUTnN1_T1tN2nNUnN1 : 920.6846372 (0.02)%
               GqQqN1_QqC2wN2eEeN1 : 919.1465492 (0.02)%
               GqQqN1_QqC2wN2mMmN1 : 919.1465492 (0.02)%
        GbB1tC2wN2eEeN1_QqC1eNUnN1 : 909.0996318 (0.02)%
        GbB1tC2wN2eEeN1_QqC1mNUnN1 : 909.0996318 (0.02)%
        GbB1tC2wN2mMmN1_QqC1eNUnN1 : 909.0996318 (0.02)%
        GbB1tC2wN2mMmN1_QqC1mNUnN1 : 909.0996318 (0.02)%
          GbB1bN2nNUTnN1_QqC1nEeN1 : 907.5355703 (0.02)%
          GbB1bN2nNUTnN1_QqC1nMmN1 : 907.5355703 (0.02)%
        GbB1tC2wN2eEeN1_QqN2nNUnN1 : 904.9857707 (0.02)%
        GbB1tC2wN2mMmN1_QqN2nNUnN1 : 904.9857707 (0.02)%
        GbB1tC2wN2nNUnN1_QqN2eEeN1 : 904.9857707 (0.02)%
        GbB1tC2wN2nNUnN1_QqN2mMmN1 : 904.9857707 (0.02)%
      GbB1tC2wN2eEeN1_QqC1taNUTnN1 : 900.9324027 (0.02)%
      GbB1tC2wN2mMmN1_QqC1taNUTnN1 : 900.9324027 (0.02)%
      GtT1bC1eNUnN1_QqN2taTAU2taN1 : 883.8708766 (0.02)%
      GtT1bC1mNUnN1_QqN2taTAU2taN1 : 883.8708766 (0.02)%
    GtT1bC1taNUTnN1_QqN2taTAU2taN1 : 875.9302993 (0.02)%
         GqQqN1_QqC1nTAU2zTAU1taN1 : 875.9270276 (0.02)%
                QqC1eNUnN1_QqC2wN1 : 874.5751739 (0.02)%
                QqC1mNUnN1_QqC2wN1 : 874.5751739 (0.02)%
     GbB1tC2wN2nNUTnN1_QqN2nNUTnN1 : 873.4306511 (0.02)%
                QqC2wN1_QqN2nNUnN1 : 870.6175430 (0.02)%
      GbB1tC2zC1eNUnN1_QqN2nNUTnN1 : 869.6568902 (0.02)%
      GbB1tC2zC1mNUnN1_QqN2nNUTnN1 : 869.6568902 (0.02)%
              QqC1taNUTnN1_QqC2wN1 : 866.7181079 (0.02)%
          GtT1bC1nEeN1_QqN2nNUTnN1 : 863.3231253 (0.02)%
          GtT1bC1nMmN1_QqN2nNUTnN1 : 863.3231253 (0.02)%
          GqQqN1_QqC2wN2taTAU2taN1 : 862.5775695 (0.02)%
             T1bC1nEeN1_T1bC1nMmN1 : 861.9876612 (0.02)%
    GbB1tC2zC1taNUTnN1_QqN2nNUTnN1 : 861.8440094 (0.02)%
      GbB1bN2nNUTnN1_QqC1nTAU2taN1 : 860.1748257 (0.02)%
   GbB1tC2wN2taTAU2taN1_QqC1eNUnN1 : 853.1489908 (0.02)%
   GbB1tC2wN2taTAU2taN1_QqC1mNUnN1 : 853.1489908 (0.02)%
   GbB1tC2wN2taTAU2taN1_QqN2nNUnN1 : 849.2883177 (0.02)%
   GbB1tC2wN2nNUnN1_QqN2taTAU2taN1 : 849.2883177 (0.02)%
 GbB1tC2wN2taTAU2taN1_QqC1taNUTnN1 : 845.4844147 (0.02)%
                GbB1tC2wN1_GbB2bN1 : 844.6972495 (0.02)%
               GqQqN1_QqC2zC1nEeN1 : 838.8846048 (0.02)%
               GqQqN1_QqC2zC1nMmN1 : 838.8846048 (0.02)%
       GbB1tC2wN2nNUTnN1_QqC1nEeN1 : 833.3154452 (0.02)%
       GbB1tC2wN2nNUTnN1_QqC1nMmN1 : 833.3154452 (0.02)%
              GqQqN1_QqN4hN2nNUnN1 : 832.5682665 (0.02)%
        GbB1tC2zC1eNUnN1_QqC1nEeN1 : 829.7150068 (0.02)%
        GbB1tC2zC1eNUnN1_QqC1nMmN1 : 829.7150068 (0.02)%
        GbB1tC2zC1mNUnN1_QqC1nEeN1 : 829.7150068 (0.02)%
        GbB1tC2zC1mNUnN1_QqC1nMmN1 : 829.7150068 (0.02)%
        GbB1tC2zC1nEeN1_QqC1eNUnN1 : 829.7150068 (0.02)%
        GbB1tC2zC1nEeN1_QqC1mNUnN1 : 829.7150068 (0.02)%
        GbB1tC2zC1nMmN1_QqC1eNUnN1 : 829.7150068 (0.02)%
        GbB1tC2zC1nMmN1_QqC1mNUnN1 : 829.7150068 (0.02)%
       GbB2tC2wN2nNUnN1_QqC1eNUnN1 : 829.6270167 (0.02)%
       GbB2tC2wN2nNUnN1_QqC1mNUnN1 : 829.6270167 (0.02)%
        GbB1tC2zC1nEeN1_QqN2nNUnN1 : 825.9603774 (0.02)%
        GbB1tC2zC1nMmN1_QqN2nNUnN1 : 825.9603774 (0.02)%
       GbB2tC2wN2nNUnN1_QqN2nNUnN1 : 825.8727854 (0.02)%
                    B2bN1_B2tC2wN1 : 824.0032156 (0.02)%
            GtT1bC1nEeN1_QqC1nEeN1 : 823.6721412 (0.02)%
            GtT1bC1nEeN1_QqC1nMmN1 : 823.6721412 (0.02)%
            GtT1bC1nMmN1_QqC1nEeN1 : 823.6721412 (0.02)%
            GtT1bC1nMmN1_QqC1nMmN1 : 823.6721412 (0.02)%
      GbB1tC2zC1nEeN1_QqC1taNUTnN1 : 822.2609586 (0.02)%
      GbB1tC2zC1nMmN1_QqC1taNUTnN1 : 822.2609586 (0.02)%
      GbB1tC2zC1taNUTnN1_QqC1nEeN1 : 822.2609586 (0.02)%
      GbB1tC2zC1taNUTnN1_QqC1nMmN1 : 822.2609586 (0.02)%
     GbB2tC2wN2nNUnN1_QqC1taNUTnN1 : 822.1737589 (0.02)%
      GbB1tC2hC1eNUnN1_QqN2nNUTnN1 : 819.6538712 (0.02)%
      GbB1tC2hC1mNUnN1_QqN2nNUTnN1 : 819.6538712 (0.02)%
      GtT1bC1nTAU2taN1_QqN2nNUTnN1 : 818.2696559 (0.02)%
     QqC1eNUnN1_QqC1taNUTwTAU1taN1 : 817.6529354 (0.02)%
     QqC1mNUnN1_QqC1taNUTwTAU1taN1 : 817.6529354 (0.02)%
         T1bC1nEeN1_T1bC1nTAU2taN1 : 817.0038845 (0.02)%
         T1bC1nMmN1_T1bC1nTAU2taN1 : 817.0038845 (0.02)%
     QqC1taNUTwTAU1taN1_QqN2nNUnN1 : 813.9528893 (0.02)%
           GbB1tC1eNUnN1_QqN2eEeN1 : 813.1464915 (0.02)%
           GbB1tC1eNUnN1_QqN2mMmN1 : 813.1464915 (0.02)%
           GbB1tC1mNUnN1_QqN2eEeN1 : 813.1464915 (0.02)%
           GbB1tC1mNUnN1_QqN2mMmN1 : 813.1464915 (0.02)%
    GbB1tC2hC1taNUTnN1_QqN2nNUTnN1 : 812.2902108 (0.02)%
   QqC1taNUTnN1_QqC1taNUTwTAU1taN1 : 810.3072512 (0.02)%
           GqQqN1_GtT1bC2wN2nNUnN1 : 808.9934639 (0.02)%
         GbB1tC1taNUTnN1_QqN2eEeN1 : 805.8412925 (0.02)%
         GbB1tC1taNUTnN1_QqN2mMmN1 : 805.8412925 (0.02)%
           GqQqN1_QqC2zC1nTAU2taN1 : 795.1064865 (0.02)%
               GqQqN1_QqC2hC1nEeN1 : 790.6509125 (0.02)%
               GqQqN1_QqC2hC1nMmN1 : 790.6509125 (0.02)%
   GbB1tC2wN2nNUTnN1_QqC1nTAU2taN1 : 789.8279597 (0.02)%
             GbB1bN2nNUnN1_GbB2bN1 : 786.5800099 (0.02)%
    GbB1tC2zC1eNUnN1_QqC1nTAU2taN1 : 786.4154142 (0.02)%
    GbB1tC2zC1mNUnN1_QqC1nTAU2taN1 : 786.4154142 (0.02)%
    GbB1tC2zC1nTAU2taN1_QqC1eNUnN1 : 786.4154142 (0.02)%
    GbB1tC2zC1nTAU2taN1_QqC1mNUnN1 : 786.4154142 (0.02)%
    GbB1tC2zC1nTAU2taN1_QqN2nNUnN1 : 782.8567242 (0.02)%
        GbB1tC2hC1eNUnN1_QqC1nEeN1 : 782.0085427 (0.02)%
        GbB1tC2hC1eNUnN1_QqC1nMmN1 : 782.0085427 (0.02)%
        GbB1tC2hC1mNUnN1_QqC1nEeN1 : 782.0085427 (0.02)%
        GbB1tC2hC1mNUnN1_QqC1nMmN1 : 782.0085427 (0.02)%
        GbB1tC2hC1nEeN1_QqC1eNUnN1 : 782.0085427 (0.02)%
        GbB1tC2hC1nEeN1_QqC1mNUnN1 : 782.0085427 (0.02)%
        GbB1tC2hC1nMmN1_QqC1eNUnN1 : 782.0085427 (0.02)%
        GbB1tC2hC1nMmN1_QqC1mNUnN1 : 782.0085427 (0.02)%
        GtT1bC1nTAU2taN1_QqC1nEeN1 : 780.6879021 (0.02)%
        GtT1bC1nTAU2taN1_QqC1nMmN1 : 780.6879021 (0.02)%
        GtT1bC1nEeN1_QqC1nTAU2taN1 : 780.6879021 (0.02)%
        GtT1bC1nMmN1_QqC1nTAU2taN1 : 780.6879021 (0.02)%
  GbB1tC2zC1nTAU2taN1_QqC1taNUTnN1 : 779.3503636 (0.02)%
  GbB1tC2zC1taNUTnN1_QqC1nTAU2taN1 : 779.3503636 (0.02)%
        GbB1tC2hC1nEeN1_QqN2nNUnN1 : 778.4697947 (0.02)%
        GbB1tC2hC1nMmN1_QqN2nNUnN1 : 778.4697947 (0.02)%
      GbB1tC2hC1nEeN1_QqC1taNUTnN1 : 774.9830829 (0.02)%
      GbB1tC2hC1nMmN1_QqC1taNUTnN1 : 774.9830829 (0.02)%
      GbB1tC2hC1taNUTnN1_QqC1nEeN1 : 774.9830829 (0.02)%
      GbB1tC2hC1taNUTnN1_QqC1nMmN1 : 774.9830829 (0.02)%
      GbB1tC1eNUnN1_QqN2taTAU2taN1 : 763.1012974 (0.02)%
      GbB1tC1mNUnN1_QqN2taTAU2taN1 : 763.1012974 (0.02)%
    GbB1tC1taNUTnN1_QqN2taTAU2taN1 : 756.2456978 (0.02)%
             GbB2bN1_GtT1bC1eNUnN1 : 751.6615833 (0.02)%
             GbB2bN1_GtT1bC1mNUnN1 : 751.6615833 (0.02)%
           GqQqN1_QqC2hC1nTAU2taN1 : 749.3899227 (0.02)%
          QqC1eNUnN1_QqC2wN2nNUnN1 : 747.7987684 (0.02)%
          QqC1mNUnN1_QqC2wN2nNUnN1 : 747.7987684 (0.02)%
          GbB1tC1nEeN1_QqN2nNUTnN1 : 745.3611319 (0.02)%
          GbB1tC1nMmN1_QqN2nNUTnN1 : 745.3611319 (0.02)%
           GbB2bN1_GtT1bC1taNUTnN1 : 744.9087566 (0.02)%
          QqC2wN2nNUnN1_QqN2nNUnN1 : 744.4148266 (0.02)%
    GbB1tC2hC1nTAU2taN1_QqC1eNUnN1 : 741.1985645 (0.02)%
    GbB1tC2hC1nTAU2taN1_QqC1mNUnN1 : 741.1985645 (0.02)%
    GbB1tC2hC1eNUnN1_QqC1nTAU2taN1 : 741.1985645 (0.02)%
    GbB1tC2hC1mNUnN1_QqC1nTAU2taN1 : 741.1985645 (0.02)%
        QqC1taNUTnN1_QqC2wN2nNUnN1 : 741.0806447 (0.02)%
    GtT1bC1nTAU2taN1_QqC1nTAU2taN1 : 739.9468430 (0.02)%
    GbB1tC2hC1nTAU2taN1_QqN2nNUnN1 : 737.8444899 (0.02)%
  GbB1tC2hC1nTAU2taN1_QqC1taNUTnN1 : 734.5397360 (0.02)%
  GbB1tC2hC1taNUTnN1_QqC1nTAU2taN1 : 734.5397360 (0.02)%
          GbB1tC2wN2nNUnN1_GbB2bN1 : 722.2518792 (0.02)%
            GbB1tC1nEeN1_QqC1nEeN1 : 711.1279444 (0.02)%
            GbB1tC1nEeN1_QqC1nMmN1 : 711.1279444 (0.02)%
            GbB1tC1nMmN1_QqC1nEeN1 : 711.1279444 (0.02)%
            GbB1tC1nMmN1_QqC1nMmN1 : 711.1279444 (0.02)%
                   C1nEeN1_C1nEeN1 : 708.8622980 (0.02)%
                   C1nMmN1_C1nMmN1 : 708.8622980 (0.02)%
      GbB1tC1nTAU2taN1_QqN2nNUTnN1 : 706.4636392 (0.02)%
              B2bN1_B2tC2wN2nNUnN1 : 704.5576049 (0.02)%
             C1eNUnN1_N2taTAU1taN1 : 704.4632757 (0.02)%
             C1mNUnN1_N2taTAU1taN1 : 704.4632757 (0.02)%
           C1taNUTnN1_N2taTAU1taN1 : 698.1344722 (0.02)%
            T1bC1eNUnN1_T1tN2eEeN1 : 685.1838725 (0.02)%
            T1bC1mNUnN1_T1tN2eEeN1 : 685.1838725 (0.02)%
            T1bC1eNUnN1_T1tN2mMmN1 : 685.1838725 (0.02)%
            T1bC1mNUnN1_T1tN2mMmN1 : 685.1838725 (0.02)%
          T1bC1taNUTnN1_T1tN2eEeN1 : 679.0282725 (0.02)%
          T1bC1taNUTnN1_T1tN2mMmN1 : 679.0282725 (0.02)%
        GbB1tC1nTAU2taN1_QqC1nEeN1 : 674.0169483 (0.02)%
        GbB1tC1nTAU2taN1_QqC1nMmN1 : 674.0169483 (0.02)%
        GbB1tC1nEeN1_QqC1nTAU2taN1 : 674.0169483 (0.02)%
        GbB1tC1nMmN1_QqC1nTAU2taN1 : 674.0169483 (0.02)%
              C1eNUnN1_C1nTAU1taN1 : 664.0489968 (0.02)%
              C1mNUnN1_C1nTAU1taN1 : 664.0489968 (0.02)%
          GbB2tC2wN2nNUTnN1_GqQqN1 : 659.4654140 (0.02)%
            C1nTAU1taN1_C1taNUTnN1 : 658.0832697 (0.02)%
           GbB2tC2zC1eNUnN1_GqQqN1 : 656.6161153 (0.01)%
           GbB2tC2zC1mNUnN1_GqQqN1 : 656.6161153 (0.01)%
           GtT1tN2eEeN1_QqC1eNUnN1 : 654.7273154 (0.01)%
           GtT1tN2eEeN1_QqC1mNUnN1 : 654.7273154 (0.01)%
           GtT1tN2mMmN1_QqC1eNUnN1 : 654.7273154 (0.01)%
           GtT1tN2mMmN1_QqC1mNUnN1 : 654.7273154 (0.01)%
                    GqQqN1_QqN4hN1 : 654.4217970 (0.01)%
           GtT1tN2eEeN1_QqN2nNUnN1 : 651.7645409 (0.01)%
           GtT1tN2mMmN1_QqN2nNUnN1 : 651.7645409 (0.01)%
           GtT1tN2nNUnN1_QqN2eEeN1 : 651.7645409 (0.01)%
           GtT1tN2nNUnN1_QqN2mMmN1 : 651.7645409 (0.01)%
         GbB2tC2zC1taNUTnN1_GqQqN1 : 650.7171643 (0.01)%
                    GbB1bN1_GqQqN1 : 649.0918923 (0.01)%
             GbB1tC1eNUnN1_GbB2bN1 : 648.9567025 (0.01)%
             GbB1tC1mNUnN1_GbB2bN1 : 648.9567025 (0.01)%
         GtT1tN2eEeN1_QqC1taNUTnN1 : 648.8453331 (0.01)%
         GtT1tN2mMmN1_QqC1taNUTnN1 : 648.8453331 (0.01)%
           GbB1tC1taNUTnN1_GbB2bN1 : 643.1265625 (0.01)%
       T1bC1eNUnN1_T1tN2taTAU2taN1 : 643.0141525 (0.01)%
       T1bC1mNUnN1_T1tN2taTAU2taN1 : 643.0141525 (0.01)%
    GbB1tC1nTAU2taN1_QqC1nTAU2taN1 : 638.8426306 (0.01)%
          QqN2eEeN1_QqN2taTAU1taN1 : 638.4249139 (0.01)%
          QqN2mMmN1_QqN2taTAU1taN1 : 638.4249139 (0.01)%
     T1bC1taNUTnN1_T1tN2taTAU2taN1 : 637.2373996 (0.01)%
           C1nTAU2taN1_C1nTAU2taN1 : 636.8072845 (0.01)%
        GtT1tN2nNUTnN1_QqN2nNUTnN1 : 629.0387603 (0.01)%
           T1bC1nEeN1_T1tN2nNUTnN1 : 628.0657078 (0.01)%
           T1bC1nMmN1_T1tN2nNUTnN1 : 628.0657078 (0.01)%
             C1nTAU1taN1_N2nNUTnN1 : 627.9408122 (0.01)%
              T1bC1eNUnN1_T1bC2wN1 : 619.1461330 (0.01)%
              T1bC1mNUnN1_T1bC2wN1 : 619.1461330 (0.01)%
           GbB2tC2hC1eNUnN1_GqQqN1 : 618.8623892 (0.01)%
           GbB2tC2hC1mNUnN1_GqQqN1 : 618.8623892 (0.01)%
           GqQqN1_GtT1bC1nTAU1taN1 : 616.9834969 (0.01)%
      GtT1tN2taTAU2taN1_QqC1eNUnN1 : 614.4320477 (0.01)%
      GtT1tN2taTAU2taN1_QqC1mNUnN1 : 614.4320477 (0.01)%
            T1bC1taNUTnN1_T1bC2wN1 : 613.5838072 (0.01)%
         GbB2tC2hC1taNUTnN1_GqQqN1 : 613.3026125 (0.01)%
      GtT1tN2taTAU2taN1_QqN2nNUnN1 : 611.6516175 (0.01)%
      GtT1tN2nNUnN1_QqN2taTAU2taN1 : 611.6516175 (0.01)%
    GtT1tN2taTAU2taN1_QqC1taNUTnN1 : 608.9120727 (0.01)%
      GbB1tC2nTAU2taN1_QqN2nNUTnN1 : 607.1353386 (0.01)%
          GtT1tN2nNUTnN1_QqC1nEeN1 : 600.1480643 (0.01)%
          GtT1tN2nNUTnN1_QqC1nMmN1 : 600.1480643 (0.01)%
     QqN2taTAU1taN1_QqN2taTAU2taN1 : 599.1329794 (0.01)%
       T1bC1nTAU2taN1_T1tN2nNUTnN1 : 595.2894062 (0.01)%
          GbB1tC2nEeN1_QqN2nNUTnN1 : 591.7701702 (0.01)%
          GbB1tC2nMmN1_QqN2nNUTnN1 : 591.7701702 (0.01)%
             GtT1bC2wN1_QqC1eNUnN1 : 591.6249664 (0.01)%
             GtT1bC2wN1_QqC1mNUnN1 : 591.6249664 (0.01)%
             GtT1bC2wN1_QqN2nNUnN1 : 588.9477428 (0.01)%
           GtT1bC2wN1_QqC1taNUTnN1 : 586.3098871 (0.01)%
        GbB1tC2nTAU2taN1_QqC1nEeN1 : 579.2506301 (0.01)%
        GbB1tC2nTAU2taN1_QqC1nMmN1 : 579.2506301 (0.01)%
                   GbB2bN1_QqC1wN1 : 575.1153933 (0.01)%
           GbB2bN3wC1eNUnN1_GqQqN1 : 568.9140083 (0.01)%
           GbB2bN3wC1mNUnN1_GqQqN1 : 568.9140083 (0.01)%
      GtT1tN2nNUTnN1_QqC1nTAU2taN1 : 568.8286757 (0.01)%
            GbB1tC2nEeN1_QqC1nEeN1 : 564.5911582 (0.01)%
            GbB1tC2nEeN1_QqC1nMmN1 : 564.5911582 (0.01)%
            GbB1tC2nMmN1_QqC1nEeN1 : 564.5911582 (0.01)%
            GbB1tC2nMmN1_QqC1nMmN1 : 564.5911582 (0.01)%
         GbB2bN3wC1taNUTnN1_GqQqN1 : 563.8029612 (0.01)%
    GbB1tC2nTAU2taN1_QqC1nTAU2taN1 : 549.0217972 (0.01)%
        GbB1tC2nEeN1_QqC1nTAU2taN1 : 535.1273459 (0.01)%
        GbB1tC2nMmN1_QqC1nTAU2taN1 : 535.1273459 (0.01)%
                   GbB2bN1_QqC2wN1 : 534.0272760 (0.01)%
           GbB1tC1nTAU1taN1_GqQqN1 : 532.6806431 (0.01)%
        T1bC1eNUnN1_T1bC2wN2nNUnN1 : 529.3961337 (0.01)%
        T1bC1mNUnN1_T1bC2wN2nNUnN1 : 529.3961337 (0.01)%
      T1bC1taNUTnN1_T1bC2wN2nNUnN1 : 524.6401099 (0.01)%
                 GqQqN1_QqN4nNUnN1 : 522.6388179 (0.01)%
             GbB2bN1_GtT1tN2nNUnN1 : 520.1608464 (0.01)%
            GbB1tC2taNUTnN1_GqQqN1 : 508.8358055 (0.01)%
       GtT1bC2wN2nNUnN1_QqC1eNUnN1 : 505.8643721 (0.01)%
       GtT1bC2wN2nNUnN1_QqC1mNUnN1 : 505.8643721 (0.01)%
               GqQqN1_QqN4wC1nEeN1 : 505.6241367 (0.01)%
               GqQqN1_QqN4wC1nMmN1 : 505.6241367 (0.01)%
       GtT1bC2wN2nNUnN1_QqN2nNUnN1 : 503.5752328 (0.01)%
     GtT1bC2wN2nNUnN1_QqC1taNUTnN1 : 501.3197545 (0.01)%
        GbB2bN1_QqC1taNUTwTAU1taN1 : 499.2697973 (0.01)%
           GbB2bN4wC1eNUnN1_GqQqN1 : 493.8517281 (0.01)%
           GbB2bN4wC1mNUnN1_GqQqN1 : 493.8517281 (0.01)%
          GbB1bN2nNUTnN1_QqN2eEeN1 : 489.8850579 (0.01)%
          GbB1bN2nNUTnN1_QqN2mMmN1 : 489.8850579 (0.01)%
          GbB1bN2eEeN1_QqN2nNUTnN1 : 489.8850579 (0.01)%
          GbB1bN2mMmN1_QqN2nNUTnN1 : 489.8850579 (0.01)%
         GbB2bN4wC1taNUTnN1_GqQqN1 : 489.4150304 (0.01)%
           GbB1wT1bC1eNUnN1_GqQqN1 : 488.3438235 (0.01)%
           GbB1wT1bC1mNUnN1_GqQqN1 : 488.3438235 (0.01)%
         GbB1wT1bC1taNUTnN1_GqQqN1 : 483.9566081 (0.01)%
                 N2nNUnN1_N2nNUnN1 : 481.3619167 (0.01)%
            GbB2tC2wN1_QqN2nNUTnN1 : 480.0912299 (0.01)%
           GqQqN1_QqN4wC1nTAU2taN1 : 479.2375835 (0.01)%
                N2nNUTnN1_N2nNUnN1 : 478.5198316 (0.01)%
            T1tN2eEeN1_T1tN2nNUnN1 : 474.1572949 (0.01)%
            T1tN2mMmN1_T1tN2nNUnN1 : 474.1572949 (0.01)%
                    GqQqN1_QqN4zN1 : 473.7743841 (0.01)%
        GqQqN1_QqN2taTAU2zTAU1taN1 : 468.1540573 (0.01)%
            GbB1bN2eEeN1_QqC1nEeN1 : 467.3854583 (0.01)%
            GbB1bN2eEeN1_QqC1nMmN1 : 467.3854583 (0.01)%
            GbB1bN2mMmN1_QqC1nEeN1 : 467.3854583 (0.01)%
            GbB1bN2mMmN1_QqC1nMmN1 : 467.3854583 (0.01)%
               QqC1wN1_QqN2nNUTnN1 : 466.0335512 (0.01)%
     GbB1bN2taTAU2taN1_QqN2nNUTnN1 : 459.7350258 (0.01)%
     GbB1bN2nNUTnN1_QqN2taTAU2taN1 : 459.7350258 (0.01)%
           GbB2tC2nTAU2taN1_GqQqN1 : 458.4047479 (0.01)%
              GbB2tC2wN1_QqC1nEeN1 : 458.0414444 (0.01)%
              GbB2tC2wN1_QqC1nMmN1 : 458.0414444 (0.01)%
                QqC1eNUnN1_QqN2zN1 : 456.6296542 (0.01)%
                QqC1mNUnN1_QqN2zN1 : 456.6296542 (0.01)%
             GbB2bN1_QqC2wN2nNUnN1 : 456.6159105 (0.01)%
                QqN2nNUnN1_QqN2zN1 : 454.5633119 (0.01)%
              QqC1taNUTnN1_QqN2zN1 : 452.5273546 (0.01)%
       GbB1tC2wN2nNUTnN1_QqN2eEeN1 : 449.8212505 (0.01)%
       GbB1tC2wN2nNUTnN1_QqN2mMmN1 : 449.8212505 (0.01)%
       GbB1tC2wN2eEeN1_QqN2nNUTnN1 : 449.8212505 (0.01)%
       GbB1tC2wN2mMmN1_QqN2nNUTnN1 : 449.8212505 (0.01)%
        GbB1tC2zC1eNUnN1_QqN2eEeN1 : 447.8777443 (0.01)%
        GbB1tC2zC1eNUnN1_QqN2mMmN1 : 447.8777443 (0.01)%
        GbB1tC2zC1mNUnN1_QqN2eEeN1 : 447.8777443 (0.01)%
        GbB1tC2zC1mNUnN1_QqN2mMmN1 : 447.8777443 (0.01)%
               GbB2tC2nEeN1_GqQqN1 : 446.8036012 (0.01)%
               GbB2tC2nMmN1_GqQqN1 : 446.8036012 (0.01)%
       T1tN2nNUnN1_T1tN2taTAU2taN1 : 444.9752298 (0.01)%
                 QqC1nEeN1_QqC1wN1 : 444.6294113 (0.01)%
                 QqC1nMmN1_QqC1wN1 : 444.6294113 (0.01)%
            GtT1bC1nEeN1_QqN2eEeN1 : 444.6158230 (0.01)%
            GtT1bC1nEeN1_QqN2mMmN1 : 444.6158230 (0.01)%
            GtT1bC1nMmN1_QqN2eEeN1 : 444.6158230 (0.01)%
            GtT1bC1nMmN1_QqN2mMmN1 : 444.6158230 (0.01)%
      GbB1tC2zC1taNUTnN1_QqN2eEeN1 : 443.8540708 (0.01)%
      GbB1tC2zC1taNUTnN1_QqN2mMmN1 : 443.8540708 (0.01)%
        GbB1bN2eEeN1_QqC1nTAU2taN1 : 442.9944327 (0.01)%
        GbB1bN2mMmN1_QqC1nTAU2taN1 : 442.9944327 (0.01)%
                QqC1nTAU1taN1_QqN1 : 442.7222456 (0.01)%
       GbB1bN2taTAU2taN1_QqC1nEeN1 : 438.6201667 (0.01)%
       GbB1bN2taTAU2taN1_QqC1nMmN1 : 438.6201667 (0.01)%
          GbB2tC2wN1_QqC1nTAU2taN1 : 434.1380465 (0.01)%
           GbB2bN3zN2nNUnN1_GqQqN1 : 433.6533735 (0.01)%
          GbB1tC2wN1_QqC1nTAU1taN1 : 433.5521594 (0.01)%
               QqC2wN1_QqN2nNUTnN1 : 432.7385961 (0.01)%
             T1bC1nEeN1_T1bC1nEeN1 : 430.9938306 (0.01)%
             T1bC1nMmN1_T1bC1nMmN1 : 430.9938306 (0.01)%
         GbB1tC2wN2eEeN1_QqC1nEeN1 : 429.1617144 (0.01)%
         GbB1tC2wN2eEeN1_QqC1nMmN1 : 429.1617144 (0.01)%
         GbB1tC2wN2mMmN1_QqC1nEeN1 : 429.1617144 (0.01)%
         GbB1tC2wN2mMmN1_QqC1nMmN1 : 429.1617144 (0.01)%
              T1bC2wN1_T1tN2nNUnN1 : 428.4582101 (0.01)%
  GbB1tC2wN2taTAU2taN1_QqN2nNUTnN1 : 422.1369500 (0.01)%
  GbB1tC2wN2nNUTnN1_QqN2taTAU2taN1 : 422.1369500 (0.01)%
        GbB1tC2hC1eNUnN1_QqN2eEeN1 : 422.1259339 (0.01)%
        GbB1tC2hC1eNUnN1_QqN2mMmN1 : 422.1259339 (0.01)%
        GbB1tC2hC1mNUnN1_QqN2eEeN1 : 422.1259339 (0.01)%
        GbB1tC2hC1mNUnN1_QqN2mMmN1 : 422.1259339 (0.01)%
             QqC1nTAU2taN1_QqC1wN1 : 421.4259351 (0.01)%
        GtT1bC1nTAU2taN1_QqN2eEeN1 : 421.4130560 (0.01)%
        GtT1bC1nTAU2taN1_QqN2mMmN1 : 421.4130560 (0.01)%
   GbB1tC2zC1eNUnN1_QqN2taTAU2taN1 : 420.3130572 (0.01)%
   GbB1tC2zC1mNUnN1_QqN2taTAU2taN1 : 420.3130572 (0.01)%
      GbB1tC2hC1taNUTnN1_QqN2eEeN1 : 418.3336112 (0.01)%
      GbB1tC2hC1taNUTnN1_QqN2mMmN1 : 418.3336112 (0.01)%
       GtT1bC1nEeN1_QqN2taTAU2taN1 : 417.2518912 (0.01)%
       GtT1bC1nMmN1_QqN2taTAU2taN1 : 417.2518912 (0.01)%
 GbB1tC2zC1taNUTnN1_QqN2taTAU2taN1 : 416.5370211 (0.01)%
   GbB1bN2taTAU2taN1_QqC1nTAU2taN1 : 415.7302895 (0.01)%
             GqQqN1_QqN4hN2nNUTnN1 : 413.8262842 (0.01)%
                 QqC1nEeN1_QqC2wN1 : 412.8636377 (0.01)%
                 QqC1nMmN1_QqC2wN1 : 412.8636377 (0.01)%
      GbB2tC2wN2nNUTnN1_QqC1eNUnN1 : 412.3643422 (0.01)%
      GbB2tC2wN2nNUTnN1_QqC1mNUnN1 : 412.3643422 (0.01)%
       GbB2tC2zC1eNUnN1_QqC1eNUnN1 : 410.5826731 (0.01)%
       GbB2tC2zC1eNUnN1_QqC1mNUnN1 : 410.5826731 (0.01)%
       GbB2tC2zC1mNUnN1_QqC1eNUnN1 : 410.5826731 (0.01)%
       GbB2tC2zC1mNUnN1_QqC1mNUnN1 : 410.5826731 (0.01)%
       GbB1tC2zC1nEeN1_QqN2nNUTnN1 : 410.5418470 (0.01)%
       GbB1tC2zC1nMmN1_QqN2nNUTnN1 : 410.5418470 (0.01)%
      GbB2tC2wN2nNUTnN1_QqN2nNUnN1 : 410.4983095 (0.01)%
      GbB2tC2wN2nNUnN1_QqN2nNUTnN1 : 410.4983095 (0.01)%
       GbB2tC2zC1eNUnN1_QqN2nNUnN1 : 408.7247028 (0.01)%
       GbB2tC2zC1mNUnN1_QqN2nNUnN1 : 408.7247028 (0.01)%
    GbB2tC2wN2nNUTnN1_QqC1taNUTnN1 : 408.6597163 (0.01)%
      QqC1eNUnN1_QqN2nNUTwTAU1taN1 : 408.2411341 (0.01)%
      QqC1mNUnN1_QqN2nNUTwTAU1taN1 : 408.2411341 (0.01)%
                   GbB1tC2wN1_QqN1 : 407.4213678 (0.01)%
     GbB2tC2zC1eNUnN1_QqC1taNUTnN1 : 406.8940535 (0.01)%
     GbB2tC2zC1mNUnN1_QqC1taNUTnN1 : 406.8940535 (0.01)%
     GbB2tC2zC1taNUTnN1_QqC1eNUnN1 : 406.8940535 (0.01)%
     GbB2tC2zC1taNUTnN1_QqC1mNUnN1 : 406.8940535 (0.01)%
     GbB1tC2wN2eEeN1_QqC1nTAU2taN1 : 406.7654370 (0.01)%
     GbB1tC2wN2mMmN1_QqC1nTAU2taN1 : 406.7654370 (0.01)%
      QqN2nNUTwTAU1taN1_QqN2nNUnN1 : 406.3937598 (0.01)%
                GbB1bN1_QqC1eNUnN1 : 405.8777694 (0.01)%
                GbB1bN1_QqC1mNUnN1 : 405.8777694 (0.01)%
     GbB2tC2zC1taNUTnN1_QqN2nNUnN1 : 405.0527750 (0.01)%
    QqC1taNUTwTAU1taN1_QqN2nNUTnN1 : 404.5735506 (0.01)%
    QqC1taNUTnN1_QqN2nNUTwTAU1taN1 : 404.5735506 (0.01)%
                GbB1bN1_QqN2nNUnN1 : 404.0410897 (0.01)%
        T1bC1eNUnN1_T1bC1nTAU1taN1 : 403.7469923 (0.01)%
        T1bC1mNUnN1_T1bC1nTAU1taN1 : 403.7469923 (0.01)%
       GbB1bN2nNUnN1_QqC1nTAU1taN1 : 403.7227090 (0.01)%
   GbB2tC2zC1taNUTnN1_QqC1taNUTnN1 : 403.2385719 (0.01)%
    GbB1tC2wN2taTAU2taN1_QqC1nEeN1 : 402.7489075 (0.01)%
    GbB1tC2wN2taTAU2taN1_QqC1nMmN1 : 402.7489075 (0.01)%
              GbB1bN1_QqC1taNUTnN1 : 402.2314180 (0.01)%
          GqQqN1_GtT1bC2wN2nNUTnN1 : 402.1084787 (0.01)%
           GqQqN1_GtT1bC2zC1eNUnN1 : 400.3711213 (0.01)%
           GqQqN1_GtT1bC2zC1mNUnN1 : 400.3711213 (0.01)%
         GqQqN1_QqC1nTAU2hTAU1taN1 : 400.3574936 (0.01)%
      T1bC1nTAU1taN1_T1bC1taNUTnN1 : 400.1197836 (0.01)%
         GqQqN1_GtT1bC2zC1taNUTnN1 : 396.7742409 (0.01)%
   GbB1tC2hC1eNUnN1_QqN2taTAU2taN1 : 396.1461449 (0.01)%
   GbB1tC2hC1mNUnN1_QqN2taTAU2taN1 : 396.1461449 (0.01)%
   GtT1bC1nTAU2taN1_QqN2taTAU2taN1 : 395.4771411 (0.01)%
 GbB1tC2hC1taNUTnN1_QqN2taTAU2taN1 : 392.5872211 (0.01)%
         GbB1tC2zC1nEeN1_QqC1nEeN1 : 391.6863480 (0.01)%
         GbB1tC2zC1nEeN1_QqC1nMmN1 : 391.6863480 (0.01)%
         GbB1tC2zC1nMmN1_QqC1nEeN1 : 391.6863480 (0.01)%
         GbB1tC2zC1nMmN1_QqC1nMmN1 : 391.6863480 (0.01)%
        GbB2tC2wN2nNUnN1_QqC1nEeN1 : 391.6448102 (0.01)%
        GbB2tC2wN2nNUnN1_QqC1nMmN1 : 391.6448102 (0.01)%
             QqC1nTAU2taN1_QqC2wN1 : 391.3178934 (0.01)%
            GbB1bN2nNUTnN1_GbB2bN1 : 390.9679192 (0.01)%
   GbB1tC2zC1nTAU2taN1_QqN2nNUTnN1 : 389.1172679 (0.01)%
     T1bC1nTAU2taN1_T1bC1nTAU2taN1 : 387.1838179 (0.01)%
       GbB2tC2hC1eNUnN1_QqC1eNUnN1 : 386.9752327 (0.01)%
       GbB2tC2hC1eNUnN1_QqC1mNUnN1 : 386.9752327 (0.01)%
       GbB2tC2hC1mNUnN1_QqC1eNUnN1 : 386.9752327 (0.01)%
       GbB2tC2hC1mNUnN1_QqC1mNUnN1 : 386.9752327 (0.01)%
       GbB1tC2hC1nEeN1_QqN2nNUTnN1 : 386.9367539 (0.01)%
       GbB1tC2hC1nMmN1_QqN2nNUTnN1 : 386.9367539 (0.01)%
      QqC1nEeN1_QqC1taNUTwTAU1taN1 : 385.9921655 (0.01)%
      QqC1nMmN1_QqC1taNUTwTAU1taN1 : 385.9921655 (0.01)%
       GtT1bC1eNUnN1_QqC1nTAU1taN1 : 385.8003596 (0.01)%
       GtT1bC1mNUnN1_QqC1nTAU1taN1 : 385.8003596 (0.01)%
       GtT1bC1nTAU1taN1_QqC1eNUnN1 : 385.8003596 (0.01)%
       GtT1bC1nTAU1taN1_QqC1mNUnN1 : 385.8003596 (0.01)%
       GbB2tC2hC1eNUnN1_QqN2nNUnN1 : 385.2240909 (0.01)%
       GbB2tC2hC1mNUnN1_QqN2nNUnN1 : 385.2240909 (0.01)%
       GtT1bC1nTAU1taN1_QqN2nNUnN1 : 384.0545344 (0.01)%
           GbB2bN4hN2nNUnN1_GqQqN1 : 383.8823313 (0.01)%
            GbB1tC1nEeN1_QqN2eEeN1 : 383.8647934 (0.01)%
            GbB1tC1nEeN1_QqN2mMmN1 : 383.8647934 (0.01)%
            GbB1tC1nMmN1_QqN2eEeN1 : 383.8647934 (0.01)%
            GbB1tC1nMmN1_QqN2mMmN1 : 383.8647934 (0.01)%
     GbB2tC2hC1eNUnN1_QqC1taNUTnN1 : 383.4986991 (0.01)%
     GbB2tC2hC1mNUnN1_QqC1taNUTnN1 : 383.4986991 (0.01)%
     GbB2tC2hC1taNUTnN1_QqC1eNUnN1 : 383.4986991 (0.01)%
     GbB2tC2hC1taNUTnN1_QqC1mNUnN1 : 383.4986991 (0.01)%
                 GbB2bN3zN1_GqQqN1 : 382.7886737 (0.01)%
     GtT1bC1nTAU1taN1_QqC1taNUTnN1 : 382.3343810 (0.01)%
     GtT1bC1taNUTnN1_QqC1nTAU1taN1 : 382.3343810 (0.01)%
     GbB2tC2hC1taNUTnN1_QqN2nNUnN1 : 381.7632894 (0.01)%
GbB1tC2wN2taTAU2taN1_QqC1nTAU2taN1 : 381.7310116 (0.01)%
   GbB2tC2hC1taNUTnN1_QqC1taNUTnN1 : 380.0533983 (0.01)%
                GbB1bN2nNUnN1_QqN1 : 379.3897799 (0.01)%
           GqQqN1_GtT1bC2hC1eNUnN1 : 377.3508187 (0.01)%
           GqQqN1_GtT1bC2hC1mNUnN1 : 377.3508187 (0.01)%
         GqQqN1_GtT1bC2hC1taNUTnN1 : 373.9607495 (0.01)%
         QqC1eNUnN1_QqC2wN2nNUTnN1 : 371.6917857 (0.01)%
         QqC1mNUnN1_QqC2wN2nNUTnN1 : 371.6917857 (0.01)%
     GbB1tC2zC1nTAU2taN1_QqC1nEeN1 : 371.2457640 (0.01)%
     GbB1tC2zC1nTAU2taN1_QqC1nMmN1 : 371.2457640 (0.01)%
     GbB1tC2zC1nEeN1_QqC1nTAU2taN1 : 371.2457640 (0.01)%
     GbB1tC2zC1nMmN1_QqC1nTAU2taN1 : 371.2457640 (0.01)%
    GbB2tC2wN2nNUnN1_QqC1nTAU2taN1 : 371.2063939 (0.01)%
    GbB1tC2wN2nNUnN1_QqC1nTAU1taN1 : 370.7054357 (0.01)%
          QqC1eNUnN1_QqC2zC1eNUnN1 : 370.0858471 (0.01)%
          QqC1eNUnN1_QqC2zC1mNUnN1 : 370.0858471 (0.01)%
          QqC1mNUnN1_QqC2zC1eNUnN1 : 370.0858471 (0.01)%
          QqC1mNUnN1_QqC2zC1mNUnN1 : 370.0858471 (0.01)%
         QqC2wN2nNUnN1_QqN2nNUTnN1 : 370.0098046 (0.01)%
         QqC2wN2nNUTnN1_QqN2nNUnN1 : 370.0098046 (0.01)%
         GbB1tC2hC1nEeN1_QqC1nEeN1 : 369.1653974 (0.01)%
         GbB1tC2hC1nEeN1_QqC1nMmN1 : 369.1653974 (0.01)%
         GbB1tC2hC1nMmN1_QqC1nEeN1 : 369.1653974 (0.01)%
         GbB1tC2hC1nMmN1_QqC1nMmN1 : 369.1653974 (0.01)%
          QqC2zC1eNUnN1_QqN2nNUnN1 : 368.4111333 (0.01)%
          QqC2zC1mNUnN1_QqN2nNUnN1 : 368.4111333 (0.01)%
       QqC1taNUTnN1_QqC2wN2nNUTnN1 : 368.3525565 (0.01)%
        QqC1taNUTnN1_QqC2zC1eNUnN1 : 366.7610456 (0.01)%
        QqC1taNUTnN1_QqC2zC1mNUnN1 : 366.7610456 (0.01)%
        QqC1eNUnN1_QqC2zC1taNUTnN1 : 366.7610456 (0.01)%
        QqC1mNUnN1_QqC2zC1taNUTnN1 : 366.7610456 (0.01)%
   GbB1tC2hC1nTAU2taN1_QqN2nNUTnN1 : 366.7440327 (0.01)%
        T1bC2wN2nNUnN1_T1tN2nNUnN1 : 366.3498935 (0.01)%
  QqC1nTAU2taN1_QqC1taNUTwTAU1taN1 : 365.8487387 (0.01)%
        QqC2zC1taNUTnN1_QqN2nNUnN1 : 365.1013771 (0.01)%
        GbB1tC1nTAU2taN1_QqN2eEeN1 : 363.8323858 (0.01)%
        GbB1tC1nTAU2taN1_QqN2mMmN1 : 363.8323858 (0.01)%
      QqC1taNUTnN1_QqC2zC1taNUTnN1 : 363.4661136 (0.01)%
                GtT1bC1eNUnN1_QqN1 : 362.5476354 (0.01)%
                GtT1bC1mNUnN1_QqN1 : 362.5476354 (0.01)%
       GbB1tC1nEeN1_QqN2taTAU2taN1 : 360.2397907 (0.01)%
       GbB1tC1nMmN1_QqN2taTAU2taN1 : 360.2397907 (0.01)%
          GbB1bN2taTAU1taN1_GqQqN1 : 360.0244235 (0.01)%
              GtT1bC1taNUTnN1_QqN1 : 359.2905561 (0.01)%
         GbB1tC2wN2nNUTnN1_GbB2bN1 : 358.9937588 (0.01)%
          GbB1tC2zC1eNUnN1_GbB2bN1 : 357.4426836 (0.01)%
          GbB1tC2zC1mNUnN1_GbB2bN1 : 357.4426836 (0.01)%
       GbB2bN3wC1eNUnN1_QqC1eNUnN1 : 355.7424632 (0.01)%
       GbB2bN3wC1eNUnN1_QqC1mNUnN1 : 355.7424632 (0.01)%
       GbB2bN3wC1mNUnN1_QqC1eNUnN1 : 355.7424632 (0.01)%
       GbB2bN3wC1mNUnN1_QqC1mNUnN1 : 355.7424632 (0.01)%
              GbB2bN1_GtT1bC1nEeN1 : 354.8394064 (0.01)%
              GbB2bN1_GtT1bC1nMmN1 : 354.8394064 (0.01)%
        GbB1tC2zC1taNUTnN1_GbB2bN1 : 354.2314665 (0.01)%
       GbB2bN3wC1eNUnN1_QqN2nNUnN1 : 354.1326561 (0.01)%
       GbB2bN3wC1mNUnN1_QqN2nNUnN1 : 354.1326561 (0.01)%
           QqC1nEeN1_QqC2wN2nNUnN1 : 353.0158744 (0.01)%
           QqC1nMmN1_QqC2wN2nNUnN1 : 353.0158744 (0.01)%
     GbB2bN3wC1eNUnN1_QqC1taNUTnN1 : 352.5465207 (0.01)%
     GbB2bN3wC1mNUnN1_QqC1taNUTnN1 : 352.5465207 (0.01)%
     GbB2bN3wC1taNUTnN1_QqC1eNUnN1 : 352.5465207 (0.01)%
     GbB2bN3wC1taNUTnN1_QqC1mNUnN1 : 352.5465207 (0.01)%
 GbB1tC2zC1nTAU2taN1_QqC1nTAU2taN1 : 351.8718944 (0.01)%
     GbB2bN3wC1taNUTnN1_QqN2nNUnN1 : 350.9511758 (0.01)%
             B2bN1_B2tC2wN2nNUTnN1 : 350.1988574 (0.01)%
     GbB1tC2hC1nTAU2taN1_QqC1nEeN1 : 349.9000940 (0.01)%
     GbB1tC2hC1nTAU2taN1_QqC1nMmN1 : 349.9000940 (0.01)%
     GbB1tC2hC1nEeN1_QqC1nTAU2taN1 : 349.9000940 (0.01)%
     GbB1tC2hC1nMmN1_QqC1nTAU2taN1 : 349.9000940 (0.01)%
   GbB2bN3wC1taNUTnN1_QqC1taNUTnN1 : 349.3792901 (0.01)%
          QqC1eNUnN1_QqC2hC1eNUnN1 : 348.8068694 (0.01)%
          QqC1eNUnN1_QqC2hC1mNUnN1 : 348.8068694 (0.01)%
          QqC1mNUnN1_QqC2hC1eNUnN1 : 348.8068694 (0.01)%
          QqC1mNUnN1_QqC2hC1mNUnN1 : 348.8068694 (0.01)%
              B2bN1_B2tC2zC1eNUnN1 : 348.6857816 (0.01)%
              B2bN1_B2tC2zC1mNUnN1 : 348.6857816 (0.01)%
             GbB1tC2wN2nNUnN1_QqN1 : 348.3625035 (0.01)%
          QqC2hC1eNUnN1_QqN2nNUnN1 : 347.2284472 (0.01)%
          QqC2hC1mNUnN1_QqN2nNUnN1 : 347.2284472 (0.01)%
        QqC1taNUTnN1_QqC2hC1eNUnN1 : 345.6732353 (0.01)%
        QqC1taNUTnN1_QqC2hC1mNUnN1 : 345.6732353 (0.01)%
        QqC1eNUnN1_QqC2hC1taNUTnN1 : 345.6732353 (0.01)%
        QqC1mNUnN1_QqC2hC1taNUTnN1 : 345.6732353 (0.01)%
            B2bN1_B2tC2zC1taNUTnN1 : 345.5532354 (0.01)%
        QqC2hC1taNUTnN1_QqN2nNUnN1 : 344.1089934 (0.01)%
      QqC1taNUTnN1_QqC2hC1taNUTnN1 : 342.5677533 (0.01)%
   GbB1tC1nTAU2taN1_QqN2taTAU2taN1 : 341.4402799 (0.01)%
              GbB1tC2eNUnN1_GqQqN1 : 339.8908993 (0.01)%
              GbB1tC2mNUnN1_GqQqN1 : 339.8908993 (0.01)%
            GbB2tC2wN2eEeN1_GqQqN1 : 339.6280596 (0.01)%
            GbB2tC2wN2mMmN1_GqQqN1 : 339.6280596 (0.01)%
           GbB1wT1tN2nNUnN1_GqQqN1 : 337.9410923 (0.01)%
          GbB1tC2hC1eNUnN1_GbB2bN1 : 336.8906550 (0.01)%
          GbB1tC2hC1mNUnN1_GbB2bN1 : 336.8906550 (0.01)%
          GbB2bN1_GtT1bC1nTAU2taN1 : 336.3217207 (0.01)%
       QqC1nTAU2taN1_QqC2wN2nNUnN1 : 334.5933517 (0.01)%
        GbB1tC2hC1taNUTnN1_GbB2bN1 : 333.8640745 (0.01)%
       GbB1tC1nTAU1taN1_QqC1eNUnN1 : 333.0857060 (0.01)%
       GbB1tC1nTAU1taN1_QqC1mNUnN1 : 333.0857060 (0.01)%
       GbB1tC1eNUnN1_QqC1nTAU1taN1 : 333.0857060 (0.01)%
       GbB1tC1mNUnN1_QqC1nTAU1taN1 : 333.0857060 (0.01)%
              C1nEeN1_N2taTAU1taN1 : 332.5583429 (0.01)%
              C1nMmN1_N2taTAU1taN1 : 332.5583429 (0.01)%
 GbB1tC2hC1nTAU2taN1_QqC1nTAU2taN1 : 331.6401717 (0.01)%
       GbB1tC1nTAU1taN1_QqN2nNUnN1 : 331.5784253 (0.01)%
       GbB1tC2wN2taTAU1taN1_GqQqN1 : 330.5808858 (0.01)%
     GbB1tC1nTAU1taN1_QqC1taNUTnN1 : 330.0933087 (0.01)%
     GbB1tC1taNUTnN1_QqC1nTAU1taN1 : 330.0933087 (0.01)%
              B2bN1_B2tC2hC1eNUnN1 : 328.6372522 (0.01)%
              B2bN1_B2tC2hC1mNUnN1 : 328.6372522 (0.01)%
            B2bN1_B2tC2hC1taNUTnN1 : 325.6848192 (0.01)%
          GtT1tN2eEeN1_QqN2nNUTnN1 : 323.9581773 (0.01)%
          GtT1tN2mMmN1_QqN2nNUTnN1 : 323.9581773 (0.01)%
          GtT1tN2nNUTnN1_QqN2eEeN1 : 323.9581773 (0.01)%
          GtT1tN2nNUTnN1_QqN2mMmN1 : 323.9581773 (0.01)%
             T1bC1nEeN1_T1tN2eEeN1 : 323.4570503 (0.01)%
             T1bC1nMmN1_T1tN2eEeN1 : 323.4570503 (0.01)%
             T1bC1nEeN1_T1tN2mMmN1 : 323.4570503 (0.01)%
             T1bC1nMmN1_T1tN2mMmN1 : 323.4570503 (0.01)%
               C1nTAU1taN1_N2eEeN1 : 323.3927285 (0.01)%
               C1nTAU1taN1_N2mMmN1 : 323.3927285 (0.01)%
               GqQqN1_QqC2taNUTnN1 : 321.6918242 (0.01)%
              B1bN2nNUnN1_B1tC2wN1 : 319.2552287 (0.01)%
       GbB2tC2wN2taTAU2taN1_GqQqN1 : 318.7256117 (0.01)%
        GbB1tC2taNUTnN1_QqC1eNUnN1 : 318.1755067 (0.01)%
        GbB1tC2taNUTnN1_QqC1mNUnN1 : 318.1755067 (0.01)%
        GbB1tC2taNUTnN1_QqN2nNUnN1 : 316.7356977 (0.01)%
      GbB1tC2taNUTnN1_QqC1taNUTnN1 : 315.3170606 (0.01)%
          C1nTAU2taN1_N2taTAU1taN1 : 315.2034191 (0.01)%
               C1nEeN1_C1nTAU1taN1 : 313.4798386 (0.01)%
               C1nMmN1_C1nTAU1taN1 : 313.4798386 (0.01)%
                GbB1tC1eNUnN1_QqN1 : 313.0101673 (0.01)%
                GbB1tC1mNUnN1_QqN1 : 313.0101673 (0.01)%
        GbB1tC2nTAU2taN1_QqN2eEeN1 : 312.6778032 (0.01)%
        GbB1tC2nTAU2taN1_QqN2mMmN1 : 312.6778032 (0.01)%
              GbB1tC1taNUTnN1_QqN1 : 310.1981260 (0.01)%
            GbB2tC2zC1nEeN1_GqQqN1 : 309.9709734 (0.01)%
            GbB2tC2zC1nMmN1_GqQqN1 : 309.9709734 (0.01)%
            GtT1tN2eEeN1_QqC1nEeN1 : 309.0793212 (0.01)%
            GtT1tN2eEeN1_QqC1nMmN1 : 309.0793212 (0.01)%
            GtT1tN2mMmN1_QqC1nEeN1 : 309.0793212 (0.01)%
            GtT1tN2mMmN1_QqC1nMmN1 : 309.0793212 (0.01)%
       GbB2bN4wC1eNUnN1_QqC1eNUnN1 : 308.8059490 (0.01)%
       GbB2bN4wC1eNUnN1_QqC1mNUnN1 : 308.8059490 (0.01)%
       GbB2bN4wC1mNUnN1_QqC1eNUnN1 : 308.8059490 (0.01)%
       GbB2bN4wC1mNUnN1_QqC1mNUnN1 : 308.8059490 (0.01)%
       GbB2bN4wC1eNUnN1_QqN2nNUnN1 : 307.4085391 (0.01)%
       GbB2bN4wC1mNUnN1_QqN2nNUnN1 : 307.4085391 (0.01)%
         T1bC1nTAU2taN1_T1tN2eEeN1 : 306.5770875 (0.01)%
         T1bC1nTAU2taN1_T1tN2mMmN1 : 306.5770875 (0.01)%
              GbB1tC1nEeN1_GbB2bN1 : 306.3551686 (0.01)%
              GbB1tC1nMmN1_GbB2bN1 : 306.3551686 (0.01)%
     GbB2bN4wC1eNUnN1_QqC1taNUTnN1 : 306.0316778 (0.01)%
     GbB2bN4wC1mNUnN1_QqC1taNUTnN1 : 306.0316778 (0.01)%
     GbB2bN4wC1taNUTnN1_QqC1eNUnN1 : 306.0316778 (0.01)%
     GbB2bN4wC1taNUTnN1_QqC1mNUnN1 : 306.0316778 (0.01)%
       GbB1wT1bC1eNUnN1_QqC1eNUnN1 : 305.3618511 (0.01)%
       GbB1wT1bC1eNUnN1_QqC1mNUnN1 : 305.3618511 (0.01)%
       GbB1wT1bC1mNUnN1_QqC1eNUnN1 : 305.3618511 (0.01)%
       GbB1wT1bC1mNUnN1_QqC1mNUnN1 : 305.3618511 (0.01)%
            GbB1tC2nEeN1_QqN2eEeN1 : 304.7646629 (0.01)%
            GbB1tC2nEeN1_QqN2mMmN1 : 304.7646629 (0.01)%
            GbB1tC2nMmN1_QqN2eEeN1 : 304.7646629 (0.01)%
            GbB1tC2nMmN1_QqN2mMmN1 : 304.7646629 (0.01)%
     GbB2bN4wC1taNUTnN1_QqN2nNUnN1 : 304.6468221 (0.01)%
     GtT1tN2taTAU2taN1_QqN2nNUTnN1 : 304.0201342 (0.01)%
     GtT1tN2nNUTnN1_QqN2taTAU2taN1 : 304.0201342 (0.01)%
       GbB1wT1bC1eNUnN1_QqN2nNUnN1 : 303.9800265 (0.01)%
       GbB1wT1bC1mNUnN1_QqN2nNUnN1 : 303.9800265 (0.01)%
        T1bC1nEeN1_T1tN2taTAU2taN1 : 303.5498491 (0.01)%
        T1bC1nMmN1_T1tN2taTAU2taN1 : 303.5498491 (0.01)%
          C1nTAU1taN1_N2taTAU2taN1 : 303.4894859 (0.01)%
   GbB2bN4wC1taNUTnN1_QqC1taNUTnN1 : 303.2823303 (0.01)%
     GbB1wT1bC1eNUnN1_QqC1taNUTnN1 : 302.6185212 (0.01)%
     GbB1wT1bC1mNUnN1_QqC1taNUTnN1 : 302.6185212 (0.01)%
     GbB1wT1bC1taNUTnN1_QqC1eNUnN1 : 302.6185212 (0.01)%
     GbB1wT1bC1taNUTnN1_QqC1mNUnN1 : 302.6185212 (0.01)%
              B2bN1_B2bN3wC1eNUnN1 : 302.1129409 (0.01)%
              B2bN1_B2bN3wC1mNUnN1 : 302.1129409 (0.01)%
                 GbB2bN4hN1_GqQqN1 : 301.7421816 (0.01)%
     GbB1wT1bC1taNUTnN1_QqN2nNUnN1 : 301.2491107 (0.01)%
   GbB1wT1bC1taNUTnN1_QqC1taNUTnN1 : 299.8998370 (0.01)%
            B2bN1_B2bN3wC1taNUTnN1 : 299.3987988 (0.01)%
           C1nTAU1taN1_C1nTAU2taN1 : 297.1205475 (0.01)%
        GbB2tC2zC1nTAU2taN1_GqQqN1 : 293.7947963 (0.01)%
   GbB1tC2nTAU2taN1_QqN2taTAU2taN1 : 293.4340120 (0.01)%
        GbB1tC2zC1nTAU1taN1_GqQqN1 : 293.3983082 (0.01)%
           B1tC2wN1_B1tC2wN2nNUnN1 : 293.1458796 (0.01)%
        GtT1tN2eEeN1_QqC1nTAU2taN1 : 292.9496760 (0.01)%
        GtT1tN2mMmN1_QqC1nTAU2taN1 : 292.9496760 (0.01)%
            GtT1bC2wN1_QqN2nNUTnN1 : 292.7352216 (0.01)%
               T1bC1nEeN1_T1bC2wN1 : 292.2823930 (0.01)%
               T1bC1nMmN1_T1bC2wN1 : 292.2823930 (0.01)%
            GbB2tC2hC1nEeN1_GqQqN1 : 292.1484451 (0.01)%
            GbB2tC2hC1nMmN1_GqQqN1 : 292.1484451 (0.01)%
          GbB1tC1nTAU2taN1_GbB2bN1 : 290.3676863 (0.01)%
       GtT1tN2taTAU2taN1_QqC1nEeN1 : 290.0569990 (0.01)%
       GtT1tN2taTAU2taN1_QqC1nMmN1 : 290.0569990 (0.01)%
    T1bC1nTAU2taN1_T1tN2taTAU2taN1 : 287.7087655 (0.01)%
       GbB2tC2nTAU2taN1_QqC1eNUnN1 : 286.6409190 (0.01)%
       GbB2tC2nTAU2taN1_QqC1mNUnN1 : 286.6409190 (0.01)%
                    GqQqN1_GtT1tN1 : 286.0550220 (0.01)%
       GbB1tC2nEeN1_QqN2taTAU2taN1 : 286.0078868 (0.01)%
       GbB1tC2nMmN1_QqN2taTAU2taN1 : 286.0078868 (0.01)%
       GbB2tC2nTAU2taN1_QqN2nNUnN1 : 285.3438105 (0.01)%
     GbB2tC2nTAU2taN1_QqC1taNUTnN1 : 284.0657755 (0.01)%
           GqQqN1_GtT1bC2nTAU2taN1 : 279.5119076 (0.01)%
        T1bC1nTAU1taN1_T1tN2nNUnN1 : 279.3988437 (0.01)%
           GbB2tC2nEeN1_QqC1eNUnN1 : 279.3867111 (0.01)%
           GbB2tC2nEeN1_QqC1mNUnN1 : 279.3867111 (0.01)%
           GbB2tC2nMmN1_QqC1eNUnN1 : 279.3867111 (0.01)%
           GbB2tC2nMmN1_QqC1mNUnN1 : 279.3867111 (0.01)%
              GtT1bC2wN1_QqC1nEeN1 : 279.2903835 (0.01)%
              GtT1bC2wN1_QqC1nMmN1 : 279.2903835 (0.01)%
                   GbB2bN1_QqN2zN1 : 278.8241624 (0.01)%
           GbB2tC2nEeN1_QqN2nNUnN1 : 278.1224293 (0.01)%
           GbB2tC2nMmN1_QqN2nNUnN1 : 278.1224293 (0.01)%
           T1bC1nTAU2taN1_T1bC2wN1 : 277.0293140 (0.01)%
        GbB2tC2hC1nTAU2taN1_GqQqN1 : 276.9023563 (0.01)%
         GbB2tC2nEeN1_QqC1taNUTnN1 : 276.8767384 (0.01)%
         GbB2tC2nMmN1_QqC1taNUTnN1 : 276.8767384 (0.01)%
        GbB1tC2hC1nTAU1taN1_GqQqN1 : 276.5286653 (0.01)%
   GtT1tN2taTAU2taN1_QqC1nTAU2taN1 : 274.9200546 (0.01)%
        B1bN2nNUnN1_B1tC2wN2nNUnN1 : 272.9767251 (0.01)%
------------------------------------------------------------
                                                 SUM=90.00%
