/Users/rafalmaselek/Projects/fastlim-1.0
 
#################################################################
#                                                               #
#                                                               #
#                     This is Fastlim  ver. 1.0                 #
#                                                               #
#          A fast LHC limit calculator for BSM models.          #
#                                                               #
#                  http://cern.ch/fastlim-1.0/                  #
#                                                               #
#  for bugs/feature requests: fastlim-1.0.developers@gmail.com  #
#                                                               #
#    please refer to:                                           #
#    M.Papucci, K.Sakurai, A.Weiler, L.Zeune arXiv:1402.xxxx    #
#                                                               #
#################################################################
 

!! Masses incompatible with the data for ERER !!

!! Problem with reading tables for ER ER !! Probably mass outside the table !! Setting xsec to 10^-20 !!

!! Masses incompatible with the data for ELEL !!

!! Problem with reading tables for EL EL !! Probably mass outside the table !! Setting xsec to 10^-20 !!

!! Masses incompatible with the data for TAU1TAU1 !!

!! Problem with reading tables for TAU1 TAU1 !! Probably mass outside the table !! Setting xsec to 10^-20 !!

!! Masses incompatible with the data for TAU2TAU2 !!

!! Problem with reading tables for TAU2 TAU2 !! Probably mass outside the table !! Setting xsec to 10^-20 !!
Decoupling mG=2684.83151 GeV; mQ=3120.1873450000003 GeV

!! Masses incompatible with the data for QQ !!

!! Problem with reading tables for Q Q !! Probably mass outside the table !! Setting xsec to 10^-20 !!

!! Masses incompatible with the data for GQ !!

!! Problem with reading tables for G Q !! Probably mass outside the table !! Setting xsec to 10^-20 !!
!! EWK PROCESS C1C2 NOT FOUND !! WILL TRY TO LOOK FOR +/- MODES !!
XSEC FOUND FOR: C1-C2+
XSEC FOUND FOR: C1+C2-
!! EWK PROCESS C1N1 NOT FOUND !! WILL TRY TO LOOK FOR +/- MODES !!
XSEC FOUND FOR: C1+N1
XSEC FOUND FOR: C1-N1
!! EWK PROCESS C1N2 NOT FOUND !! WILL TRY TO LOOK FOR +/- MODES !!
XSEC FOUND FOR: C1+N2
XSEC FOUND FOR: C1-N2
!! EWK PROCESS C1N3 NOT FOUND !! WILL TRY TO LOOK FOR +/- MODES !!
XSEC FOUND FOR: C1+N3
XSEC FOUND FOR: C1-N3
!! EWK PROCESS C1N4 NOT FOUND !! WILL TRY TO LOOK FOR +/- MODES !!
XSEC FOUND FOR: C1+N4
XSEC FOUND FOR: C1-N4
!! EWK PROCESS C2N1 NOT FOUND !! WILL TRY TO LOOK FOR +/- MODES !!
XSEC FOUND FOR: C2+N1
XSEC FOUND FOR: C2-N1
!! EWK PROCESS C2N2 NOT FOUND !! WILL TRY TO LOOK FOR +/- MODES !!
XSEC FOUND FOR: C2+N2
XSEC FOUND FOR: C2-N2
!! EWK PROCESS C2N3 NOT FOUND !! WILL TRY TO LOOK FOR +/- MODES !!
XSEC FOUND FOR: C2+N3
XSEC FOUND FOR: C2-N3
!! EWK PROCESS C2N4 NOT FOUND !! WILL TRY TO LOOK FOR +/- MODES !!
XSEC FOUND FOR: C2+N4
XSEC FOUND FOR: C2-N4
---------------  Output inclusive processes  ---------------
The total xsec = 1672.58 [fb]
The total rate = 100.00%
Output upto 0.10%
            Modes : xsec/fb      (rate)
      C1wN1_N2hN1 : 808.5738519 (48.34)%
      C1wN1_C1wN1 : 434.8134442 (26.00)%
      C1wN1_N2zN1 : 71.4609519 (4.27)%
C2hC1wN1_N4wC1wN1 : 14.6815673 (0.88)%
C2hC1wN1_N3wC1wN1 : 14.3617229 (0.86)%
C2zC1wN1_N4wC1wN1 : 12.7008382 (0.76)%
C2zC1wN1_N3wC1wN1 : 12.4241448 (0.74)%
C2wN2hN1_N4wC1wN1 : 12.0357346 (0.72)%
C2wN2hN1_N3wC1wN1 : 11.7735308 (0.70)%
N3wC1wN1_N4wC1wN1 : 11.3533611 (0.68)%
   C2wN1_N4wC1wN1 : 9.1906803 (0.55)%
   C2wN1_N3wC1wN1 : 8.9904573 (0.54)%
C2hC1wN1_C2zC1wN1 : 8.2919423 (0.50)%
            N1_N1 : 8.1949231 (0.49)%
C2hC1wN1_C2wN2hN1 : 7.8577190 (0.47)%
C2hC1wN1_N4hN2hN1 : 7.5158276 (0.45)%
C2wN2hN1_C2zC1wN1 : 6.7976133 (0.41)%
C2zC1wN1_N4hN2hN1 : 6.5018474 (0.39)%
C2hC1wN1_N3zN2hN1 : 6.2689699 (0.37)%
C2wN2hN1_N4hN2hN1 : 6.1613658 (0.37)%
   C2hC1wN1_C2wN1 : 6.0002804 (0.36)%
N3wC1wN1_N4hN2hN1 : 5.8120433 (0.35)%
   C2hC1wN1_N3zN1 : 5.4929149 (0.33)%
C2zC1wN1_N3zN2hN1 : 5.4232066 (0.32)%
   C2wN1_C2zC1wN1 : 5.1907667 (0.31)%
C2wN2hN1_N3zN2hN1 : 5.1392101 (0.31)%
N3zN2hN1_N4wC1wN1 : 4.9558037 (0.30)%
   C2wN1_C2wN2hN1 : 4.9189423 (0.29)%
   C2hC1wN1_N4hN1 : 4.7929880 (0.29)%
C2hC1wN1_C2hC1wN1 : 4.7925463 (0.29)%
   C2zC1wN1_N3zN1 : 4.7518512 (0.28)%
   C2wN1_N4hN2hN1 : 4.7049179 (0.28)%
   C2wN2hN1_N3zN1 : 4.5030114 (0.27)%
   N3zN1_N4wC1wN1 : 4.3423095 (0.26)%
   C1wN1_N3wC1wN1 : 4.2328927 (0.25)%
   C2zC1wN1_N4hN1 : 4.1463533 (0.25)%
      N2hN1_N2hN1 : 3.9917974 (0.24)%
   C2wN2hN1_N4hN1 : 3.9292216 (0.23)%
   C2wN1_N3zN2hN1 : 3.9243834 (0.23)%
   N3wC1wN1_N4hN1 : 3.7064519 (0.22)%
C2zC1wN1_C2zC1wN1 : 3.5866272 (0.21)%
      C2wN1_N3zN1 : 3.4385719 (0.21)%
C2wN2hN1_C2wN2hN1 : 3.2208216 (0.19)%
      C2wN1_N4hN1 : 3.0004167 (0.18)%
N3zN2hN1_N4hN2hN1 : 2.5369884 (0.15)%
   N3zN1_N4hN2hN1 : 2.2229268 (0.13)%
         C1wN1_N1 : 2.1758844 (0.13)%
      C2wN1_C2wN1 : 1.8780917 (0.11)%
   C1wN1_N3zN2hN1 : 1.8476806 (0.11)%
   N2hN1_N3wC1wN1 : 1.8257610 (0.11)%
      C1wN1_N3zN1 : 1.6189505 (0.10)%
------------------------------------------------------------
                                SUM=95.78%

SHOWING PROCESSES TO GET 90.00% SUSY COVERAGE
---------------  Output inclusive processes  ---------------
The total xsec = 1672.58 [fb]
The total rate = 100.00%
            Modes : xsec/fb      (rate)
      C1wN1_N2hN1 : 808.5738519 (48.34)%
      C1wN1_C1wN1 : 434.8134442 (26.00)%
      C1wN1_N2zN1 : 71.4609519 (4.27)%
C2hC1wN1_N4wC1wN1 : 14.6815673 (0.88)%
C2hC1wN1_N3wC1wN1 : 14.3617229 (0.86)%
C2zC1wN1_N4wC1wN1 : 12.7008382 (0.76)%
C2zC1wN1_N3wC1wN1 : 12.4241448 (0.74)%
C2wN2hN1_N4wC1wN1 : 12.0357346 (0.72)%
C2wN2hN1_N3wC1wN1 : 11.7735308 (0.70)%
N3wC1wN1_N4wC1wN1 : 11.3533611 (0.68)%
   C2wN1_N4wC1wN1 : 9.1906803 (0.55)%
   C2wN1_N3wC1wN1 : 8.9904573 (0.54)%
C2hC1wN1_C2zC1wN1 : 8.2919423 (0.50)%
            N1_N1 : 8.1949231 (0.49)%
C2hC1wN1_C2wN2hN1 : 7.8577190 (0.47)%
C2hC1wN1_N4hN2hN1 : 7.5158276 (0.45)%
C2wN2hN1_C2zC1wN1 : 6.7976133 (0.41)%
C2zC1wN1_N4hN2hN1 : 6.5018474 (0.39)%
C2hC1wN1_N3zN2hN1 : 6.2689699 (0.37)%
C2wN2hN1_N4hN2hN1 : 6.1613658 (0.37)%
   C2hC1wN1_C2wN1 : 6.0002804 (0.36)%
N3wC1wN1_N4hN2hN1 : 5.8120433 (0.35)%
   C2hC1wN1_N3zN1 : 5.4929149 (0.33)%
C2zC1wN1_N3zN2hN1 : 5.4232066 (0.32)%
   C2wN1_C2zC1wN1 : 5.1907667 (0.31)%
------------------------------------------------------------
                                SUM=90.15%
