/Users/rafalmaselek/Projects/fastlim-1.0
 
#################################################################
#                                                               #
#                                                               #
#                     This is Fastlim  ver. 1.0                 #
#                                                               #
#          A fast LHC limit calculator for BSM models.          #
#                                                               #
#                  http://cern.ch/fastlim-1.0/                  #
#                                                               #
#  for bugs/feature requests: fastlim-1.0.developers@gmail.com  #
#                                                               #
#    please refer to:                                           #
#    M.Papucci, K.Sakurai, A.Weiler, L.Zeune arXiv:1402.xxxx    #
#                                                               #
#################################################################
 

!! Masses incompatible with the data for ERER !!

!! Problem with reading tables for ER ER !! Probably mass outside the table !! Setting xsec to 10^-20 !!

!! Masses incompatible with the data for ELEL !!

!! Problem with reading tables for EL EL !! Probably mass outside the table !! Setting xsec to 10^-20 !!

!! Masses incompatible with the data for TAU1TAU1 !!

!! Problem with reading tables for TAU1 TAU1 !! Probably mass outside the table !! Setting xsec to 10^-20 !!

!! Masses incompatible with the data for TAU2TAU2 !!

!! Problem with reading tables for TAU2 TAU2 !! Probably mass outside the table !! Setting xsec to 10^-20 !!
!! EWK PROCESS C1C2 NOT FOUND !! WILL TRY TO LOOK FOR +/- MODES !!
XSEC FOUND FOR: C1-C2+
XSEC FOUND FOR: C1+C2-
!! EWK PROCESS C1N1 NOT FOUND !! WILL TRY TO LOOK FOR +/- MODES !!
XSEC FOUND FOR: C1+N1
XSEC FOUND FOR: C1-N1
!! EWK PROCESS C1N2 NOT FOUND !! WILL TRY TO LOOK FOR +/- MODES !!
XSEC FOUND FOR: C1+N2
XSEC FOUND FOR: C1-N2
!! EWK PROCESS C1N3 NOT FOUND !! WILL TRY TO LOOK FOR +/- MODES !!
XSEC FOUND FOR: C1+N3
XSEC FOUND FOR: C1-N3
!! EWK PROCESS C1N4 NOT FOUND !! WILL TRY TO LOOK FOR +/- MODES !!
XSEC FOUND FOR: C1+N4
XSEC FOUND FOR: C1-N4
!! EWK PROCESS C2N1 NOT FOUND !! WILL TRY TO LOOK FOR +/- MODES !!
XSEC FOUND FOR: C2+N1
XSEC FOUND FOR: C2-N1
!! EWK PROCESS C2N2 NOT FOUND !! WILL TRY TO LOOK FOR +/- MODES !!
XSEC FOUND FOR: C2+N2
XSEC FOUND FOR: C2-N2
!! EWK PROCESS C2N3 NOT FOUND !! WILL TRY TO LOOK FOR +/- MODES !!
XSEC FOUND FOR: C2+N3
XSEC FOUND FOR: C2-N3
!! EWK PROCESS C2N4 NOT FOUND !! WILL TRY TO LOOK FOR +/- MODES !!
XSEC FOUND FOR: C2+N4
XSEC FOUND FOR: C2-N4
---------------  Output inclusive processes  ---------------
The total xsec = 38903.93 [fb]
The total rate = 100.00%
Output upto 0.10%
                  Modes : xsec/fb      (rate)
            C1wN1_N2hN1 : 17463.0493785 (44.89)%
            C1wN1_C1wN1 : 9384.5980443 (24.12)%
            C1wN1_N2zN1 : 1905.2889337 (4.90)%
      C2hC1wN1_N4wC1wN1 : 229.6995800 (0.59)%
      C2zC1wN1_N4wC1wN1 : 223.9526599 (0.58)%
      C2wN2hN1_N4wC1wN1 : 215.6351809 (0.55)%
      C2hC1wN1_N3wC1wN1 : 208.3070570 (0.54)%
      C2zC1wN1_N3wC1wN1 : 203.0953626 (0.52)%
      C2wN2hN1_N3wC1wN1 : 195.5525122 (0.50)%
      N3wC1wN1_N4wC1wN1 : 194.8780814 (0.50)%
         C2wN1_N4wC1wN1 : 128.9670452 (0.33)%
      C2hC1wN1_C2zC1wN1 : 122.5700600 (0.32)%
      C2hC1wN1_C2wN2hN1 : 118.0178752 (0.30)%
         C2wN1_N3wC1wN1 : 116.9560067 (0.30)%
      C2wN2hN1_C2zC1wN1 : 115.0651519 (0.30)%
         C1wN1_N3wC1wN1 : 100.4867484 (0.26)%
      C2hC1wN1_N4hN2hN1 : 97.7783777 (0.25)%
      C2zC1wN1_N4hN2hN1 : 95.3320322 (0.25)%
      C2wN2hN1_N4hN2hN1 : 91.7914528 (0.24)%
      C2hC1wN1_N3zN2hN1 : 84.0054600 (0.22)%
      N3wC1wN1_N4hN2hN1 : 82.9555833 (0.21)%
      C2zC1wN1_N3zN2hN1 : 81.9037032 (0.21)%
      C2wN2hN1_N3zN2hN1 : 78.8618446 (0.20)%
      N3zN2hN1_N4wC1wN1 : 78.5898621 (0.20)%
   GbtC1wN1_GbtC2hC1wN1 : 78.3507983 (0.20)%
   GbtC1wN1_GbtC2zC1wN1 : 76.3905171 (0.20)%
         GbtC1wN1_GttN1 : 74.8501718 (0.19)%
      GbtC1wN1_GqqC1wN1 : 73.8207510 (0.19)%
   GbtC1wN1_GbtC2wN2hN1 : 73.5534151 (0.19)%
         C2hC1wN1_C2wN1 : 70.5841068 (0.18)%
         C2wN1_C2zC1wN1 : 68.8181427 (0.18)%
         C2wN1_C2wN2hN1 : 66.2622746 (0.17)%
         C2hC1wN1_N3zN1 : 65.5016534 (0.17)%
         C2zC1wN1_N3zN1 : 63.8628486 (0.16)%
      C2hC1wN1_C2hC1wN1 : 62.8576846 (0.16)%
         C2wN2hN1_N3zN1 : 61.4910174 (0.16)%
         N3zN1_N4wC1wN1 : 61.2789443 (0.16)%
      C2zC1wN1_C2zC1wN1 : 59.7517222 (0.15)%
   GbtC1wN1_GttN4wC1wN1 : 59.7247162 (0.15)%
      GbtC1wN1_GbtC1wN1 : 58.2358190 (0.15)%
         C2hC1wN1_N4hN1 : 56.6946926 (0.15)%
      C2wN2hN1_C2wN2hN1 : 55.3958476 (0.14)%
         C2zC1wN1_N4hN1 : 55.2762317 (0.14)%
         C2wN1_N4hN2hN1 : 54.8986134 (0.14)%
         C2wN2hN1_N4hN1 : 53.2233028 (0.14)%
GbtC2hC1wN1_GbtC2zC1wN1 : 51.3881156 (0.13)%
   GbtC1wN1_GttN3wC1wN1 : 50.7281543 (0.13)%
      GbtC2hC1wN1_GttN1 : 50.3519210 (0.13)%
   GbtC2hC1wN1_GqqC1wN1 : 49.6594267 (0.13)%
GbtC2hC1wN1_GbtC2wN2hN1 : 49.4795892 (0.13)%
      GbtC2zC1wN1_GttN1 : 49.0921517 (0.13)%
   GbtC2zC1wN1_GqqC1wN1 : 48.4169832 (0.12)%
GbtC2wN2hN1_GbtC2zC1wN1 : 48.2416450 (0.12)%
         N3wC1wN1_N4hN1 : 48.1000136 (0.12)%
         GqqC1wN1_GttN1 : 47.4406988 (0.12)%
      GbtC2wN2hN1_GttN1 : 47.2688962 (0.12)%
         C2wN1_N3zN2hN1 : 47.1656760 (0.12)%
   GbtC2wN2hN1_GqqC1wN1 : 46.6188030 (0.12)%
      GbtC1wN1_GbtC2wN1 : 43.9908116 (0.11)%
         N2hN1_N3wC1wN1 : 43.5284184 (0.11)%
         C1wN1_N4wC1wN1 : 42.7286350 (0.11)%
         C1wN1_N3zN2hN1 : 40.5240017 (0.10)%
GbtC2hC1wN1_GttN4wC1wN1 : 40.1769845 (0.10)%
GbtC2zC1wN1_GttN4wC1wN1 : 39.1717849 (0.10)%
      GttN1_GttN4wC1wN1 : 38.3819215 (0.10)%
------------------------------------------------------------
                                      SUM=87.11%

SHOWING PROCESSES TO GET 90.00% SUSY COVERAGE
---------------  Output inclusive processes  ---------------
The total xsec = 38903.93 [fb]
The total rate = 100.00%
                  Modes : xsec/fb      (rate)
            C1wN1_N2hN1 : 17463.0493785 (44.89)%
            C1wN1_C1wN1 : 9384.5980443 (24.12)%
            C1wN1_N2zN1 : 1905.2889337 (4.90)%
      C2hC1wN1_N4wC1wN1 : 229.6995800 (0.59)%
      C2zC1wN1_N4wC1wN1 : 223.9526599 (0.58)%
      C2wN2hN1_N4wC1wN1 : 215.6351809 (0.55)%
      C2hC1wN1_N3wC1wN1 : 208.3070570 (0.54)%
      C2zC1wN1_N3wC1wN1 : 203.0953626 (0.52)%
      C2wN2hN1_N3wC1wN1 : 195.5525122 (0.50)%
      N3wC1wN1_N4wC1wN1 : 194.8780814 (0.50)%
         C2wN1_N4wC1wN1 : 128.9670452 (0.33)%
      C2hC1wN1_C2zC1wN1 : 122.5700600 (0.32)%
      C2hC1wN1_C2wN2hN1 : 118.0178752 (0.30)%
         C2wN1_N3wC1wN1 : 116.9560067 (0.30)%
      C2wN2hN1_C2zC1wN1 : 115.0651519 (0.30)%
         C1wN1_N3wC1wN1 : 100.4867484 (0.26)%
      C2hC1wN1_N4hN2hN1 : 97.7783777 (0.25)%
      C2zC1wN1_N4hN2hN1 : 95.3320322 (0.25)%
      C2wN2hN1_N4hN2hN1 : 91.7914528 (0.24)%
      C2hC1wN1_N3zN2hN1 : 84.0054600 (0.22)%
      N3wC1wN1_N4hN2hN1 : 82.9555833 (0.21)%
      C2zC1wN1_N3zN2hN1 : 81.9037032 (0.21)%
      C2wN2hN1_N3zN2hN1 : 78.8618446 (0.20)%
      N3zN2hN1_N4wC1wN1 : 78.5898621 (0.20)%
   GbtC1wN1_GbtC2hC1wN1 : 78.3507983 (0.20)%
   GbtC1wN1_GbtC2zC1wN1 : 76.3905171 (0.20)%
         GbtC1wN1_GttN1 : 74.8501718 (0.19)%
      GbtC1wN1_GqqC1wN1 : 73.8207510 (0.19)%
   GbtC1wN1_GbtC2wN2hN1 : 73.5534151 (0.19)%
         C2hC1wN1_C2wN1 : 70.5841068 (0.18)%
         C2wN1_C2zC1wN1 : 68.8181427 (0.18)%
         C2wN1_C2wN2hN1 : 66.2622746 (0.17)%
         C2hC1wN1_N3zN1 : 65.5016534 (0.17)%
         C2zC1wN1_N3zN1 : 63.8628486 (0.16)%
      C2hC1wN1_C2hC1wN1 : 62.8576846 (0.16)%
         C2wN2hN1_N3zN1 : 61.4910174 (0.16)%
         N3zN1_N4wC1wN1 : 61.2789443 (0.16)%
      C2zC1wN1_C2zC1wN1 : 59.7517222 (0.15)%
   GbtC1wN1_GttN4wC1wN1 : 59.7247162 (0.15)%
      GbtC1wN1_GbtC1wN1 : 58.2358190 (0.15)%
         C2hC1wN1_N4hN1 : 56.6946926 (0.15)%
      C2wN2hN1_C2wN2hN1 : 55.3958476 (0.14)%
         C2zC1wN1_N4hN1 : 55.2762317 (0.14)%
         C2wN1_N4hN2hN1 : 54.8986134 (0.14)%
         C2wN2hN1_N4hN1 : 53.2233028 (0.14)%
GbtC2hC1wN1_GbtC2zC1wN1 : 51.3881156 (0.13)%
   GbtC1wN1_GttN3wC1wN1 : 50.7281543 (0.13)%
      GbtC2hC1wN1_GttN1 : 50.3519210 (0.13)%
   GbtC2hC1wN1_GqqC1wN1 : 49.6594267 (0.13)%
GbtC2hC1wN1_GbtC2wN2hN1 : 49.4795892 (0.13)%
      GbtC2zC1wN1_GttN1 : 49.0921517 (0.13)%
   GbtC2zC1wN1_GqqC1wN1 : 48.4169832 (0.12)%
GbtC2wN2hN1_GbtC2zC1wN1 : 48.2416450 (0.12)%
         N3wC1wN1_N4hN1 : 48.1000136 (0.12)%
         GqqC1wN1_GttN1 : 47.4406988 (0.12)%
      GbtC2wN2hN1_GttN1 : 47.2688962 (0.12)%
         C2wN1_N3zN2hN1 : 47.1656760 (0.12)%
   GbtC2wN2hN1_GqqC1wN1 : 46.6188030 (0.12)%
      GbtC1wN1_GbtC2wN1 : 43.9908116 (0.11)%
         N2hN1_N3wC1wN1 : 43.5284184 (0.11)%
         C1wN1_N4wC1wN1 : 42.7286350 (0.11)%
         C1wN1_N3zN2hN1 : 40.5240017 (0.10)%
GbtC2hC1wN1_GttN4wC1wN1 : 40.1769845 (0.10)%
GbtC2zC1wN1_GttN4wC1wN1 : 39.1717849 (0.10)%
      GttN1_GttN4wC1wN1 : 38.3819215 (0.10)%
   GqqC1wN1_GttN4wC1wN1 : 37.8540517 (0.10)%
GbtC2wN2hN1_GttN4wC1wN1 : 37.7169663 (0.10)%
            C2wN1_N3zN1 : 36.7765352 (0.09)%
      GbbN2hN1_GbtC1wN1 : 34.6459500 (0.09)%
GbtC2hC1wN1_GttN3wC1wN1 : 34.1249720 (0.09)%
               C1wN1_N1 : 33.5884270 (0.09)%
      N3zN2hN1_N4hN2hN1 : 33.4540848 (0.09)%
      GbtC1wN1_GqqN2hN1 : 33.2999668 (0.09)%
GbtC2zC1wN1_GttN3wC1wN1 : 33.2711895 (0.09)%
      GttN1_GttN3wC1wN1 : 32.6003062 (0.08)%
   GqqC1wN1_GttN3wC1wN1 : 32.1519514 (0.08)%
GbtC2wN2hN1_GttN3wC1wN1 : 32.0355157 (0.08)%
            C2wN1_N4hN1 : 31.8317821 (0.08)%
            C1wN1_N3zN1 : 31.5978165 (0.08)%
            N2hN1_N2hN1 : 31.4569706 (0.08)%
                  N1_N1 : 31.1617051 (0.08)%
   GbtC2hC1wN1_GbtC2wN1 : 29.5927426 (0.08)%
   GbtC2wN1_GbtC2zC1wN1 : 28.8523533 (0.07)%
         GbtC2wN1_GttN1 : 28.2705718 (0.07)%
      GbtC2wN1_GqqC1wN1 : 27.8817642 (0.07)%
   GbtC2wN1_GbtC2wN2hN1 : 27.7807927 (0.07)%
GbtC2hC1wN1_GbtC2hC1wN1 : 26.3534011 (0.07)%
         N3zN1_N4hN2hN1 : 26.0851838 (0.07)%
GttN3wC1wN1_GttN4wC1wN1 : 26.0125527 (0.07)%
   GbtC1wN1_GttN4hN2hN1 : 25.4235809 (0.07)%
GbtC2zC1wN1_GbtC2zC1wN1 : 25.0512107 (0.06)%
         GbtC1wN1_GqqN1 : 24.9875416 (0.06)%
            GttN1_GttN1 : 24.0511266 (0.06)%
         C1wN1_C2hC1wN1 : 24.0236326 (0.06)%
      C2wN2zN1_N4wC1wN1 : 23.5266657 (0.06)%
         C1wN1_C2zC1wN1 : 23.4225784 (0.06)%
      GqqC1wN1_GqqC1wN1 : 23.3941214 (0.06)%
   GbbN2hN1_GbtC2hC1wN1 : 23.3064280 (0.06)%
GbtC2wN2hN1_GbtC2wN2hN1 : 23.2249884 (0.06)%
   GbbN2hN1_GbtC2zC1wN1 : 22.7233177 (0.06)%
   GbtC2wN1_GttN4wC1wN1 : 22.5577555 (0.06)%
         C1wN1_C2wN2hN1 : 22.5526767 (0.06)%
   GbtC2hC1wN1_GqqN2hN1 : 22.4009813 (0.06)%
         GbbN2hN1_GttN1 : 22.2651227 (0.06)%
      GbbN2hN1_GqqC1wN1 : 21.9589085 (0.06)%
------------------------------------------------------------
                                      SUM=90.03%
