/Users/rafalmaselek/Projects/fastlim-1.0
 
#################################################################
#                                                               #
#                                                               #
#                     This is Fastlim  ver. 1.0                 #
#                                                               #
#          A fast LHC limit calculator for BSM models.          #
#                                                               #
#                  http://cern.ch/fastlim-1.0/                  #
#                                                               #
#  for bugs/feature requests: fastlim-1.0.developers@gmail.com  #
#                                                               #
#    please refer to:                                           #
#    M.Papucci, K.Sakurai, A.Weiler, L.Zeune arXiv:1402.xxxx    #
#                                                               #
#################################################################
 

!! Masses incompatible with the data for ERER !!

!! Problem with reading tables for ER ER !! Probably mass outside the table !! Setting xsec to 10^-20 !!

!! Masses incompatible with the data for ELEL !!

!! Problem with reading tables for EL EL !! Probably mass outside the table !! Setting xsec to 10^-20 !!

!! Masses incompatible with the data for TAU1TAU1 !!

!! Problem with reading tables for TAU1 TAU1 !! Probably mass outside the table !! Setting xsec to 10^-20 !!

!! Masses incompatible with the data for TAU2TAU2 !!

!! Problem with reading tables for TAU2 TAU2 !! Probably mass outside the table !! Setting xsec to 10^-20 !!
Decoupling mG=2583.50322 GeV; mQ=3239.4639149999994 GeV

!! Masses incompatible with the data for QQ !!

!! Problem with reading tables for Q Q !! Probably mass outside the table !! Setting xsec to 10^-20 !!

!! Masses incompatible with the data for GQ !!

!! Problem with reading tables for G Q !! Probably mass outside the table !! Setting xsec to 10^-20 !!
!! EWK PROCESS C1C2 NOT FOUND !! WILL TRY TO LOOK FOR +/- MODES !!
XSEC FOUND FOR: C1-C2+
XSEC FOUND FOR: C1+C2-
!! EWK PROCESS C1N1 NOT FOUND !! WILL TRY TO LOOK FOR +/- MODES !!
XSEC FOUND FOR: C1+N1
XSEC FOUND FOR: C1-N1
!! EWK PROCESS C1N2 NOT FOUND !! WILL TRY TO LOOK FOR +/- MODES !!
XSEC FOUND FOR: C1+N2
XSEC FOUND FOR: C1-N2
!! EWK PROCESS C1N3 NOT FOUND !! WILL TRY TO LOOK FOR +/- MODES !!
XSEC FOUND FOR: C1+N3
XSEC FOUND FOR: C1-N3
!! EWK PROCESS C1N4 NOT FOUND !! WILL TRY TO LOOK FOR +/- MODES !!
XSEC FOUND FOR: C1+N4
XSEC FOUND FOR: C1-N4
!! EWK PROCESS C2N1 NOT FOUND !! WILL TRY TO LOOK FOR +/- MODES !!
XSEC FOUND FOR: C2+N1
XSEC FOUND FOR: C2-N1
!! EWK PROCESS C2N2 NOT FOUND !! WILL TRY TO LOOK FOR +/- MODES !!
XSEC FOUND FOR: C2+N2
XSEC FOUND FOR: C2-N2
!! EWK PROCESS C2N3 NOT FOUND !! WILL TRY TO LOOK FOR +/- MODES !!
XSEC FOUND FOR: C2+N3
XSEC FOUND FOR: C2-N3
!! EWK PROCESS C2N4 NOT FOUND !! WILL TRY TO LOOK FOR +/- MODES !!
XSEC FOUND FOR: C2+N4
XSEC FOUND FOR: C2-N4
---------------  Output inclusive processes  ---------------
The total xsec = 2404.47 [fb]
The total rate = 100.00%
Output upto 0.10%
            Modes : xsec/fb      (rate)
      C1wN1_N2hN1 : 1114.3701770 (46.35)%
      C1wN1_C1wN1 : 571.5818820 (23.77)%
      C1wN1_N2zN1 : 134.7514388 (5.60)%
C2hC1wN1_N4wC1wN1 : 22.1667438 (0.92)%
C2hC1wN1_N3wC1wN1 : 20.3985598 (0.85)%
C2zC1wN1_N4wC1wN1 : 19.0253884 (0.79)%
C2wN2hN1_N4wC1wN1 : 18.0376661 (0.75)%
   C2wN1_N4wC1wN1 : 17.6377561 (0.73)%
C2zC1wN1_N3wC1wN1 : 17.5077823 (0.73)%
N3wC1wN1_N4wC1wN1 : 17.4574724 (0.73)%
C2wN2hN1_N3wC1wN1 : 16.5988480 (0.69)%
   C2wN1_N3wC1wN1 : 16.2308378 (0.68)%
C2hC1wN1_C2zC1wN1 : 12.3348531 (0.51)%
C2hC1wN1_C2wN2hN1 : 11.6944767 (0.49)%
   C2hC1wN1_C2wN1 : 11.4352005 (0.48)%
C2hC1wN1_N4hN2hN1 : 10.8193161 (0.45)%
   C2hC1wN1_N3zN1 : 10.2425557 (0.43)%
C2wN2hN1_C2zC1wN1 : 10.0371965 (0.42)%
   C2wN1_C2zC1wN1 : 9.8146635 (0.41)%
   C2wN1_C2wN2hN1 : 9.3051253 (0.39)%
C2zC1wN1_N4hN2hN1 : 9.2860590 (0.39)%
C2wN2hN1_N4hN2hN1 : 8.8039639 (0.37)%
   C2zC1wN1_N3zN1 : 8.7910341 (0.37)%
   N3zN1_N4wC1wN1 : 8.7657725 (0.36)%
   C2hC1wN1_N4hN1 : 8.7492055 (0.36)%
   C2wN1_N4hN2hN1 : 8.6087727 (0.36)%
N3wC1wN1_N4hN2hN1 : 8.5207784 (0.35)%
   C2wN2hN1_N3zN1 : 8.3346387 (0.35)%
C2hC1wN1_N3zN2hN1 : 8.3122444 (0.35)%
      C2wN1_N3zN1 : 8.1498528 (0.34)%
            N1_N1 : 8.0376872 (0.33)%
   C1wN1_N3wC1wN1 : 7.7307751 (0.32)%
   C2zC1wN1_N4hN1 : 7.5093137 (0.31)%
C2hC1wN1_C2hC1wN1 : 7.1857542 (0.30)%
C2zC1wN1_N3zN2hN1 : 7.1342764 (0.30)%
   C2wN2hN1_N4hN1 : 7.1194601 (0.30)%
N3zN2hN1_N4wC1wN1 : 7.1137756 (0.30)%
      C2wN1_N4hN1 : 6.9616158 (0.29)%
   N3wC1wN1_N4hN1 : 6.8904579 (0.29)%
C2wN2hN1_N3zN2hN1 : 6.7638932 (0.28)%
   C2wN1_N3zN2hN1 : 6.6139321 (0.28)%
C2zC1wN1_C2zC1wN1 : 5.2934110 (0.22)%
C2wN2hN1_C2wN2hN1 : 4.7580526 (0.20)%
      C2wN1_C2wN1 : 4.5494115 (0.19)%
   N3zN1_N4hN2hN1 : 4.2784662 (0.18)%
      N2hN1_N2hN1 : 3.9565350 (0.16)%
      C1wN1_N3zN1 : 3.8817885 (0.16)%
N3zN2hN1_N4hN2hN1 : 3.4721467 (0.14)%
      N3zN1_N4hN1 : 3.4598471 (0.14)%
   N2hN1_N3wC1wN1 : 3.2581056 (0.14)%
   C1wN1_N3zN2hN1 : 3.1502269 (0.13)%
   N3zN2hN1_N4hN1 : 2.8078046 (0.12)%
         C1wN1_N1 : 2.4584550 (0.10)%
C2wN2zN1_N4wC1wN1 : 2.1811437 (0.09)%
------------------------------------------------------------
                                SUM=95.00%

SHOWING PROCESSES TO GET 90.00% SUSY COVERAGE
---------------  Output inclusive processes  ---------------
The total xsec = 2404.47 [fb]
The total rate = 100.00%
            Modes : xsec/fb      (rate)
      C1wN1_N2hN1 : 1114.3701770 (46.35)%
      C1wN1_C1wN1 : 571.5818820 (23.77)%
      C1wN1_N2zN1 : 134.7514388 (5.60)%
C2hC1wN1_N4wC1wN1 : 22.1667438 (0.92)%
C2hC1wN1_N3wC1wN1 : 20.3985598 (0.85)%
C2zC1wN1_N4wC1wN1 : 19.0253884 (0.79)%
C2wN2hN1_N4wC1wN1 : 18.0376661 (0.75)%
   C2wN1_N4wC1wN1 : 17.6377561 (0.73)%
C2zC1wN1_N3wC1wN1 : 17.5077823 (0.73)%
N3wC1wN1_N4wC1wN1 : 17.4574724 (0.73)%
C2wN2hN1_N3wC1wN1 : 16.5988480 (0.69)%
   C2wN1_N3wC1wN1 : 16.2308378 (0.68)%
C2hC1wN1_C2zC1wN1 : 12.3348531 (0.51)%
C2hC1wN1_C2wN2hN1 : 11.6944767 (0.49)%
   C2hC1wN1_C2wN1 : 11.4352005 (0.48)%
C2hC1wN1_N4hN2hN1 : 10.8193161 (0.45)%
   C2hC1wN1_N3zN1 : 10.2425557 (0.43)%
C2wN2hN1_C2zC1wN1 : 10.0371965 (0.42)%
   C2wN1_C2zC1wN1 : 9.8146635 (0.41)%
   C2wN1_C2wN2hN1 : 9.3051253 (0.39)%
C2zC1wN1_N4hN2hN1 : 9.2860590 (0.39)%
C2wN2hN1_N4hN2hN1 : 8.8039639 (0.37)%
   C2zC1wN1_N3zN1 : 8.7910341 (0.37)%
   N3zN1_N4wC1wN1 : 8.7657725 (0.36)%
   C2hC1wN1_N4hN1 : 8.7492055 (0.36)%
   C2wN1_N4hN2hN1 : 8.6087727 (0.36)%
N3wC1wN1_N4hN2hN1 : 8.5207784 (0.35)%
   C2wN2hN1_N3zN1 : 8.3346387 (0.35)%
C2hC1wN1_N3zN2hN1 : 8.3122444 (0.35)%
      C2wN1_N3zN1 : 8.1498528 (0.34)%
            N1_N1 : 8.0376872 (0.33)%
------------------------------------------------------------
                                SUM=90.07%
