/Users/rafalmaselek/Projects/fastlim-1.0
 
#################################################################
#                                                               #
#                                                               #
#                     This is Fastlim  ver. 1.0                 #
#                                                               #
#          A fast LHC limit calculator for BSM models.          #
#                                                               #
#                  http://cern.ch/fastlim-1.0/                  #
#                                                               #
#  for bugs/feature requests: fastlim-1.0.developers@gmail.com  #
#                                                               #
#    please refer to:                                           #
#    M.Papucci, K.Sakurai, A.Weiler, L.Zeune arXiv:1402.xxxx    #
#                                                               #
#################################################################
 

!! Masses incompatible with the data for ERER !!

!! Problem with reading tables for ER ER !! Probably mass outside the table !! Setting xsec to 10^-20 !!

!! Masses incompatible with the data for ELEL !!

!! Problem with reading tables for EL EL !! Probably mass outside the table !! Setting xsec to 10^-20 !!

!! Masses incompatible with the data for TAU1TAU1 !!

!! Problem with reading tables for TAU1 TAU1 !! Probably mass outside the table !! Setting xsec to 10^-20 !!

!! Masses incompatible with the data for TAU2TAU2 !!

!! Problem with reading tables for TAU2 TAU2 !! Probably mass outside the table !! Setting xsec to 10^-20 !!
Decoupling mG=2011.40277 GeV; mQ=3032.6988825000003 GeV

!! Masses incompatible with the data for QQ !!

!! Problem with reading tables for Q Q !! Probably mass outside the table !! Setting xsec to 10^-20 !!

!! Masses incompatible with the data for GQ !!

!! Problem with reading tables for G Q !! Probably mass outside the table !! Setting xsec to 10^-20 !!
!! EWK PROCESS C1C2 NOT FOUND !! WILL TRY TO LOOK FOR +/- MODES !!
XSEC FOUND FOR: C1-C2+
XSEC FOUND FOR: C1+C2-
!! EWK PROCESS C1N1 NOT FOUND !! WILL TRY TO LOOK FOR +/- MODES !!
XSEC FOUND FOR: C1+N1
XSEC FOUND FOR: C1-N1
!! EWK PROCESS C1N2 NOT FOUND !! WILL TRY TO LOOK FOR +/- MODES !!
XSEC FOUND FOR: C1+N2
XSEC FOUND FOR: C1-N2
!! EWK PROCESS C1N3 NOT FOUND !! WILL TRY TO LOOK FOR +/- MODES !!
XSEC FOUND FOR: C1+N3
XSEC FOUND FOR: C1-N3
!! EWK PROCESS C1N4 NOT FOUND !! WILL TRY TO LOOK FOR +/- MODES !!
XSEC FOUND FOR: C1+N4
XSEC FOUND FOR: C1-N4
!! EWK PROCESS C2N1 NOT FOUND !! WILL TRY TO LOOK FOR +/- MODES !!
XSEC FOUND FOR: C2+N1
XSEC FOUND FOR: C2-N1
!! EWK PROCESS C2N2 NOT FOUND !! WILL TRY TO LOOK FOR +/- MODES !!
XSEC FOUND FOR: C2+N2
XSEC FOUND FOR: C2-N2
!! EWK PROCESS C2N3 NOT FOUND !! WILL TRY TO LOOK FOR +/- MODES !!
XSEC FOUND FOR: C2+N3
XSEC FOUND FOR: C2-N3
!! EWK PROCESS C2N4 NOT FOUND !! WILL TRY TO LOOK FOR +/- MODES !!
XSEC FOUND FOR: C2+N4
XSEC FOUND FOR: C2-N4
---------------  Output inclusive processes  ---------------
The total xsec = 14633.61 [fb]
The total rate = 100.00%
Output upto 0.10%
               Modes : xsec/fb      (rate)
         C1wN1_N2hN1 : 6000.4215557 (41.00)%
         C1wN1_C1wN1 : 3202.2922084 (21.88)%
         C1wN1_N2zN1 : 577.1155547 (3.94)%
      C2wN1_N4wC1wN1 : 188.0380737 (1.28)%
   C2wN2hN1_N4wC1wN1 : 170.2294625 (1.16)%
   C2zC1wN1_N4wC1wN1 : 148.4757348 (1.01)%
         C2wN1_N3zN1 : 137.7683882 (0.94)%
         C1wN1_N3zN1 : 135.0053540 (0.92)%
      C2wN2hN1_N3zN1 : 124.7206919 (0.85)%
      N3zN1_N4wC1wN1 : 121.3987500 (0.83)%
      C2zC1wN1_N3zN1 : 108.7825580 (0.74)%
   C2hC1wN1_N4wC1wN1 : 105.6776612 (0.72)%
      C2wN1_C2wN2hN1 : 97.7558939 (0.67)%
      C2wN1_N3wC1wN1 : 92.5682791 (0.63)%
      C1wN1_N3wC1wN1 : 90.7117623 (0.62)%
         C2wN1_N4hN1 : 90.2971569 (0.62)%
      C2wN1_C2zC1wN1 : 85.2636081 (0.58)%
   C2wN2hN1_N3wC1wN1 : 83.8013711 (0.57)%
      C2wN2hN1_N4hN1 : 81.7453412 (0.56)%
   N3wC1wN1_N4wC1wN1 : 81.5693173 (0.56)%
      C2hC1wN1_N3zN1 : 77.4260274 (0.53)%
   C2wN2hN1_C2zC1wN1 : 77.1885070 (0.53)%
   C2zC1wN1_N3wC1wN1 : 73.0923423 (0.50)%
      C2zC1wN1_N4hN1 : 71.2990538 (0.49)%
      C2hC1wN1_C2wN1 : 60.6864057 (0.41)%
         N2hN1_N3zN1 : 59.1106151 (0.40)%
         N3zN1_N4hN1 : 58.2965022 (0.40)%
   C2hC1wN1_C2wN2hN1 : 54.9389495 (0.38)%
         C2wN1_C2wN1 : 53.9913294 (0.37)%
   C2hC1wN1_N3wC1wN1 : 52.0235027 (0.36)%
      C2hC1wN1_N4hN1 : 50.7471288 (0.35)%
      C1wN1_N4wC1wN1 : 49.1661460 (0.34)%
      C2wN1_N4hN2hN1 : 48.4704684 (0.33)%
   C2hC1wN1_C2zC1wN1 : 47.9182673 (0.33)%
   C2wN2hN1_C2wN2hN1 : 44.2488400 (0.30)%
   C2wN2hN1_N4hN2hN1 : 43.8799527 (0.30)%
      N2hN1_N3wC1wN1 : 39.7171513 (0.27)%
      N3wC1wN1_N4hN1 : 39.1701388 (0.27)%
   C2zC1wN1_N4hN2hN1 : 38.2725065 (0.26)%
   C2zC1wN1_C2zC1wN1 : 33.6622701 (0.23)%
      N3zN1_N4hN2hN1 : 31.2928874 (0.21)%
         C1wN1_C2wN1 : 31.0762577 (0.21)%
      C1wN1_C2wN2hN1 : 28.1331037 (0.19)%
   C2hC1wN1_N4hN2hN1 : 27.2404712 (0.19)%
         C2wN1_N2hN1 : 25.6197076 (0.18)%
      C1wN1_C2zC1wN1 : 24.5379571 (0.17)%
      C2wN1_N3zN2hN1 : 23.9091324 (0.16)%
         C1wN1_N4hN1 : 23.6099164 (0.16)%
      C1wN1_N3zN2hN1 : 23.4296193 (0.16)%
      C2wN2hN1_N2hN1 : 23.1933298 (0.16)%
   C2wN2hN1_N3zN2hN1 : 21.6447589 (0.15)%
   GbtC1wN1_GbtC2wN1 : 21.4374626 (0.15)%
            C1wN1_N1 : 21.1412265 (0.14)%
   N3zN2hN1_N4wC1wN1 : 21.0682496 (0.14)%
   N3wC1wN1_N4hN2hN1 : 21.0260770 (0.14)%
      C2zC1wN1_N2hN1 : 20.2294399 (0.14)%
GbtC1wN1_GbtC2wN2hN1 : 19.4071746 (0.13)%
   C2zC1wN1_N3zN2hN1 : 18.8787618 (0.13)%
      C1wN1_C2hC1wN1 : 17.4649004 (0.12)%
   C2hC1wN1_C2hC1wN1 : 17.0529226 (0.12)%
GbtC1wN1_GbtC2zC1wN1 : 16.9271198 (0.12)%
GbtC2wN1_GbtC2wN2hN1 : 16.6872970 (0.11)%
               N1_N1 : 16.6632558 (0.11)%
   C2wN2zN1_N4wC1wN1 : 16.3725281 (0.11)%
GbtC1wN1_GttN4wC1wN1 : 15.7867762 (0.11)%
         C2wN1_N3hN1 : 15.6109496 (0.11)%
         C1wN1_N3hN1 : 15.2978619 (0.10)%
   GbtC1wN1_GttN3zN1 : 14.9106105 (0.10)%
GbtC2wN1_GbtC2zC1wN1 : 14.5548170 (0.10)%
------------------------------------------------------------
                                   SUM=91.58%

SHOWING PROCESSES TO GET 90.00% SUSY COVERAGE
---------------  Output inclusive processes  ---------------
The total xsec = 14633.61 [fb]
The total rate = 100.00%
            Modes : xsec/fb      (rate)
      C1wN1_N2hN1 : 6000.4215557 (41.00)%
      C1wN1_C1wN1 : 3202.2922084 (21.88)%
      C1wN1_N2zN1 : 577.1155547 (3.94)%
   C2wN1_N4wC1wN1 : 188.0380737 (1.28)%
C2wN2hN1_N4wC1wN1 : 170.2294625 (1.16)%
C2zC1wN1_N4wC1wN1 : 148.4757348 (1.01)%
      C2wN1_N3zN1 : 137.7683882 (0.94)%
      C1wN1_N3zN1 : 135.0053540 (0.92)%
   C2wN2hN1_N3zN1 : 124.7206919 (0.85)%
   N3zN1_N4wC1wN1 : 121.3987500 (0.83)%
   C2zC1wN1_N3zN1 : 108.7825580 (0.74)%
C2hC1wN1_N4wC1wN1 : 105.6776612 (0.72)%
   C2wN1_C2wN2hN1 : 97.7558939 (0.67)%
   C2wN1_N3wC1wN1 : 92.5682791 (0.63)%
   C1wN1_N3wC1wN1 : 90.7117623 (0.62)%
      C2wN1_N4hN1 : 90.2971569 (0.62)%
   C2wN1_C2zC1wN1 : 85.2636081 (0.58)%
C2wN2hN1_N3wC1wN1 : 83.8013711 (0.57)%
   C2wN2hN1_N4hN1 : 81.7453412 (0.56)%
N3wC1wN1_N4wC1wN1 : 81.5693173 (0.56)%
   C2hC1wN1_N3zN1 : 77.4260274 (0.53)%
C2wN2hN1_C2zC1wN1 : 77.1885070 (0.53)%
C2zC1wN1_N3wC1wN1 : 73.0923423 (0.50)%
   C2zC1wN1_N4hN1 : 71.2990538 (0.49)%
   C2hC1wN1_C2wN1 : 60.6864057 (0.41)%
      N2hN1_N3zN1 : 59.1106151 (0.40)%
      N3zN1_N4hN1 : 58.2965022 (0.40)%
C2hC1wN1_C2wN2hN1 : 54.9389495 (0.38)%
      C2wN1_C2wN1 : 53.9913294 (0.37)%
C2hC1wN1_N3wC1wN1 : 52.0235027 (0.36)%
   C2hC1wN1_N4hN1 : 50.7471288 (0.35)%
   C1wN1_N4wC1wN1 : 49.1661460 (0.34)%
   C2wN1_N4hN2hN1 : 48.4704684 (0.33)%
C2hC1wN1_C2zC1wN1 : 47.9182673 (0.33)%
C2wN2hN1_C2wN2hN1 : 44.2488400 (0.30)%
C2wN2hN1_N4hN2hN1 : 43.8799527 (0.30)%
   N2hN1_N3wC1wN1 : 39.7171513 (0.27)%
   N3wC1wN1_N4hN1 : 39.1701388 (0.27)%
C2zC1wN1_N4hN2hN1 : 38.2725065 (0.26)%
C2zC1wN1_C2zC1wN1 : 33.6622701 (0.23)%
   N3zN1_N4hN2hN1 : 31.2928874 (0.21)%
      C1wN1_C2wN1 : 31.0762577 (0.21)%
   C1wN1_C2wN2hN1 : 28.1331037 (0.19)%
C2hC1wN1_N4hN2hN1 : 27.2404712 (0.19)%
      C2wN1_N2hN1 : 25.6197076 (0.18)%
   C1wN1_C2zC1wN1 : 24.5379571 (0.17)%
   C2wN1_N3zN2hN1 : 23.9091324 (0.16)%
      C1wN1_N4hN1 : 23.6099164 (0.16)%
   C1wN1_N3zN2hN1 : 23.4296193 (0.16)%
   C2wN2hN1_N2hN1 : 23.1933298 (0.16)%
C2wN2hN1_N3zN2hN1 : 21.6447589 (0.15)%
GbtC1wN1_GbtC2wN1 : 21.4374626 (0.15)%
         C1wN1_N1 : 21.1412265 (0.14)%
N3zN2hN1_N4wC1wN1 : 21.0682496 (0.14)%
N3wC1wN1_N4hN2hN1 : 21.0260770 (0.14)%
   C2zC1wN1_N2hN1 : 20.2294399 (0.14)%
------------------------------------------------------------
                                SUM=90.10%
