/Users/rafalmaselek/Projects/fastlim-1.0
 
#################################################################
#                                                               #
#                                                               #
#                     This is Fastlim  ver. 1.0                 #
#                                                               #
#          A fast LHC limit calculator for BSM models.          #
#                                                               #
#                  http://cern.ch/fastlim-1.0/                  #
#                                                               #
#  for bugs/feature requests: fastlim-1.0.developers@gmail.com  #
#                                                               #
#    please refer to:                                           #
#    M.Papucci, K.Sakurai, A.Weiler, L.Zeune arXiv:1402.xxxx    #
#                                                               #
#################################################################
 

!! Masses incompatible with the data for ERER !!

!! Problem with reading tables for ER ER !! Probably mass outside the table !! Setting xsec to 10^-20 !!

!! Masses incompatible with the data for ELEL !!

!! Problem with reading tables for EL EL !! Probably mass outside the table !! Setting xsec to 10^-20 !!

!! Masses incompatible with the data for TAU1TAU1 !!

!! Problem with reading tables for TAU1 TAU1 !! Probably mass outside the table !! Setting xsec to 10^-20 !!

!! Masses incompatible with the data for TAU2TAU2 !!

!! Problem with reading tables for TAU2 TAU2 !! Probably mass outside the table !! Setting xsec to 10^-20 !!
!! EWK PROCESS C1C2 NOT FOUND !! WILL TRY TO LOOK FOR +/- MODES !!
XSEC FOUND FOR: C1-C2+
XSEC FOUND FOR: C1+C2-
!! EWK PROCESS C1N1 NOT FOUND !! WILL TRY TO LOOK FOR +/- MODES !!
XSEC FOUND FOR: C1+N1
XSEC FOUND FOR: C1-N1
!! EWK PROCESS C1N2 NOT FOUND !! WILL TRY TO LOOK FOR +/- MODES !!
XSEC FOUND FOR: C1+N2
XSEC FOUND FOR: C1-N2
!! EWK PROCESS C1N3 NOT FOUND !! WILL TRY TO LOOK FOR +/- MODES !!
XSEC FOUND FOR: C1+N3
XSEC FOUND FOR: C1-N3
!! EWK PROCESS C1N4 NOT FOUND !! WILL TRY TO LOOK FOR +/- MODES !!
XSEC FOUND FOR: C1+N4
XSEC FOUND FOR: C1-N4
!! EWK PROCESS C2N1 NOT FOUND !! WILL TRY TO LOOK FOR +/- MODES !!
XSEC FOUND FOR: C2+N1
XSEC FOUND FOR: C2-N1
!! EWK PROCESS C2N2 NOT FOUND !! WILL TRY TO LOOK FOR +/- MODES !!
XSEC FOUND FOR: C2+N2
XSEC FOUND FOR: C2-N2
!! EWK PROCESS C2N3 NOT FOUND !! WILL TRY TO LOOK FOR +/- MODES !!
XSEC FOUND FOR: C2+N3
XSEC FOUND FOR: C2-N3
!! EWK PROCESS C2N4 NOT FOUND !! WILL TRY TO LOOK FOR +/- MODES !!
XSEC FOUND FOR: C2+N4
XSEC FOUND FOR: C2-N4
---------------  Output inclusive processes  ---------------
The total xsec = 3437.27 [fb]
The total rate = 100.00%
Output upto 0.10%
                        Modes : xsec/fb      (rate)
                  C1wN1_N2hN1 : 577.0201303 (16.79)%
                  C1wN1_C1wN1 : 299.5251405 (8.71)%
              QqC1wN1_QqC1wN1 : 287.1869081 (8.36)%
              QqC1wN1_QqN2hN1 : 253.0752545 (7.36)%
           C1wN1_N2taTAU1taN1 : 161.1144021 (4.69)%
            C1nTAU1taN1_C1wN1 : 138.2212063 (4.02)%
            C1nTAU1taN1_N2hN1 : 133.1381037 (3.87)%
        QqC1nTAU1taN1_QqC1wN1 : 132.5275094 (3.86)%
                  C1wN1_N2zN1 : 71.3060455 (2.07)%
       QqC1wN1_QqN2taTAU1taN1 : 70.6631644 (2.06)%
        QqC1nTAU1taN1_QqN2hN1 : 58.3930399 (1.70)%
              QqN2hN1_QqN2hN1 : 55.7538337 (1.62)%
               GqQqN1_QqC1wN1 : 44.7901894 (1.30)%
     C1nTAU1taN1_N2taTAU1taN1 : 37.1745540 (1.08)%
              QqC1wN1_QqN2zN1 : 31.2741180 (0.91)%
       QqN2hN1_QqN2taTAU1taN1 : 31.1349470 (0.91)%
                        N1_N1 : 21.3025010 (0.62)%
               GqQqN1_QqN2hN1 : 19.7350371 (0.57)%
                 QqC1wN1_QqN1 : 16.7259107 (0.49)%
            C1nTAU1taN1_N2zN1 : 16.4527218 (0.48)%
 QqC1nTAU1taN1_QqN2taTAU1taN1 : 16.3043873 (0.47)%
      C1nTAU1taN1_C1nTAU1taN1 : 15.9461588 (0.46)%
  QqC1nTAU1taN1_QqC1nTAU1taN1 : 15.2892944 (0.44)%
              QqN2hN1_QqN2zN1 : 13.7797113 (0.40)%
           GtT1bC1wN1_QqC1wN1 : 10.8012617 (0.31)%
         GqQqN1_QqC1nTAU1taN1 : 10.3346150 (0.30)%
           GbB1tC1wN1_QqC1wN1 : 8.5386301 (0.25)%
        GtT1tN3wC1wN1_QqC1wN1 : 7.7154202 (0.22)%
                 QqN1_QqN2hN1 : 7.3696154 (0.21)%
        QqC1nTAU1taN1_QqN2zN1 : 7.2159991 (0.21)%
        GtT2tN4wC1wN1_QqC1wN1 : 7.1462193 (0.21)%
            C2hC1wN1_N3wC1wN1 : 7.1197670 (0.21)%
            C2hC1wN1_N4wC1wN1 : 6.9582782 (0.20)%
            C2zC1wN1_N3wC1wN1 : 6.2957751 (0.18)%
            C2zC1wN1_N4wC1wN1 : 6.1529759 (0.18)%
                  N2hN1_N2hN1 : 5.8453295 (0.17)%
            N3wC1wN1_N4wC1wN1 : 5.7760429 (0.17)%
        GbB2tC2hC1wN1_QqC1wN1 : 5.6601409 (0.16)%
            C2wN2hN1_N3wC1wN1 : 5.5501306 (0.16)%
        GqQqN1_QqN2taTAU1taN1 : 5.5103774 (0.16)%
            C2wN2hN1_N4wC1wN1 : 5.4242439 (0.16)%
        GtT1bC2hC1wN1_QqC1wN1 : 5.4011410 (0.16)%
        GbB2tC2zC1wN1_QqC1wN1 : 5.0050759 (0.15)%
        GbB1tC2hC1wN1_QqC1wN1 : 4.7868298 (0.14)%
        GtT1bC2zC1wN1_QqC1wN1 : 4.7760508 (0.14)%
           GtT1bC1wN1_QqN2hN1 : 4.7591516 (0.14)%
        GtT2tN3wC1wN1_QqC1wN1 : 4.6549066 (0.14)%
        GtT2bC2hC1wN1_QqC1wN1 : 4.5947191 (0.13)%
           GtT1tN2hN1_QqC1wN1 : 4.4134402 (0.13)%
        GbB2tC2wN2hN1_QqC1wN1 : 4.4122963 (0.13)%
QqN2taTAU1taN1_QqN2taTAU1taN1 : 4.3467187 (0.13)%
                     C1wN1_N1 : 4.3340565 (0.13)%
               C2wN1_N3wC1wN1 : 4.2424755 (0.12)%
        GbB1tC2zC1wN1_QqC1wN1 : 4.2328357 (0.12)%
        GtT1bC2wN2hN1_QqC1wN1 : 4.2103959 (0.12)%
            C2hC1wN1_C2zC1wN1 : 4.1792241 (0.12)%
               C2wN1_N4wC1wN1 : 4.1462487 (0.12)%
        GbB1bN3wC1wN1_QqC1wN1 : 4.1188144 (0.12)%
        GtT2bC2zC1wN1_QqC1wN1 : 4.0629586 (0.12)%
           GbB1bN2hN1_QqC1wN1 : 3.9915116 (0.12)%
           QqC1nTAU1taN1_QqN1 : 3.8592346 (0.11)%
       QqN2taTAU1taN1_QqN2zN1 : 3.8475433 (0.11)%
           GbB1tC1wN1_QqN2hN1 : 3.7622118 (0.11)%
        GbB1tC2wN2hN1_QqC1wN1 : 3.7315169 (0.11)%
           QqC1wN1_QqC2hC1wN1 : 3.7176151 (0.11)%
            C2hC1wN1_C2wN2hN1 : 3.6842547 (0.11)%
        GtT2bC2wN2hN1_QqC1wN1 : 3.5817592 (0.10)%
        GtT1tN4wC1wN1_QqC1wN1 : 3.5650960 (0.10)%
        GbB1bN4wC1wN1_QqC1wN1 : 3.5156114 (0.10)%
        GtT2tN4hN2hN1_QqC1wN1 : 3.4559507 (0.10)%
        GtT1tN3wC1wN1_QqN2hN1 : 3.3994968 (0.10)%
------------------------------------------------------------
                                            SUM=80.36%

SHOWING PROCESSES TO GET 90.00% SUSY COVERAGE
---------------  Output inclusive processes  ---------------
The total xsec = 3437.27 [fb]
The total rate = 100.00%
                        Modes : xsec/fb      (rate)
                  C1wN1_N2hN1 : 577.0201303 (16.79)%
                  C1wN1_C1wN1 : 299.5251405 (8.71)%
              QqC1wN1_QqC1wN1 : 287.1869081 (8.36)%
              QqC1wN1_QqN2hN1 : 253.0752545 (7.36)%
           C1wN1_N2taTAU1taN1 : 161.1144021 (4.69)%
            C1nTAU1taN1_C1wN1 : 138.2212063 (4.02)%
            C1nTAU1taN1_N2hN1 : 133.1381037 (3.87)%
        QqC1nTAU1taN1_QqC1wN1 : 132.5275094 (3.86)%
                  C1wN1_N2zN1 : 71.3060455 (2.07)%
       QqC1wN1_QqN2taTAU1taN1 : 70.6631644 (2.06)%
        QqC1nTAU1taN1_QqN2hN1 : 58.3930399 (1.70)%
              QqN2hN1_QqN2hN1 : 55.7538337 (1.62)%
               GqQqN1_QqC1wN1 : 44.7901894 (1.30)%
     C1nTAU1taN1_N2taTAU1taN1 : 37.1745540 (1.08)%
              QqC1wN1_QqN2zN1 : 31.2741180 (0.91)%
       QqN2hN1_QqN2taTAU1taN1 : 31.1349470 (0.91)%
                        N1_N1 : 21.3025010 (0.62)%
               GqQqN1_QqN2hN1 : 19.7350371 (0.57)%
                 QqC1wN1_QqN1 : 16.7259107 (0.49)%
            C1nTAU1taN1_N2zN1 : 16.4527218 (0.48)%
 QqC1nTAU1taN1_QqN2taTAU1taN1 : 16.3043873 (0.47)%
      C1nTAU1taN1_C1nTAU1taN1 : 15.9461588 (0.46)%
  QqC1nTAU1taN1_QqC1nTAU1taN1 : 15.2892944 (0.44)%
              QqN2hN1_QqN2zN1 : 13.7797113 (0.40)%
           GtT1bC1wN1_QqC1wN1 : 10.8012617 (0.31)%
         GqQqN1_QqC1nTAU1taN1 : 10.3346150 (0.30)%
           GbB1tC1wN1_QqC1wN1 : 8.5386301 (0.25)%
        GtT1tN3wC1wN1_QqC1wN1 : 7.7154202 (0.22)%
                 QqN1_QqN2hN1 : 7.3696154 (0.21)%
        QqC1nTAU1taN1_QqN2zN1 : 7.2159991 (0.21)%
        GtT2tN4wC1wN1_QqC1wN1 : 7.1462193 (0.21)%
            C2hC1wN1_N3wC1wN1 : 7.1197670 (0.21)%
            C2hC1wN1_N4wC1wN1 : 6.9582782 (0.20)%
            C2zC1wN1_N3wC1wN1 : 6.2957751 (0.18)%
            C2zC1wN1_N4wC1wN1 : 6.1529759 (0.18)%
                  N2hN1_N2hN1 : 5.8453295 (0.17)%
            N3wC1wN1_N4wC1wN1 : 5.7760429 (0.17)%
        GbB2tC2hC1wN1_QqC1wN1 : 5.6601409 (0.16)%
            C2wN2hN1_N3wC1wN1 : 5.5501306 (0.16)%
        GqQqN1_QqN2taTAU1taN1 : 5.5103774 (0.16)%
            C2wN2hN1_N4wC1wN1 : 5.4242439 (0.16)%
        GtT1bC2hC1wN1_QqC1wN1 : 5.4011410 (0.16)%
        GbB2tC2zC1wN1_QqC1wN1 : 5.0050759 (0.15)%
        GbB1tC2hC1wN1_QqC1wN1 : 4.7868298 (0.14)%
        GtT1bC2zC1wN1_QqC1wN1 : 4.7760508 (0.14)%
           GtT1bC1wN1_QqN2hN1 : 4.7591516 (0.14)%
        GtT2tN3wC1wN1_QqC1wN1 : 4.6549066 (0.14)%
        GtT2bC2hC1wN1_QqC1wN1 : 4.5947191 (0.13)%
           GtT1tN2hN1_QqC1wN1 : 4.4134402 (0.13)%
        GbB2tC2wN2hN1_QqC1wN1 : 4.4122963 (0.13)%
QqN2taTAU1taN1_QqN2taTAU1taN1 : 4.3467187 (0.13)%
                     C1wN1_N1 : 4.3340565 (0.13)%
               C2wN1_N3wC1wN1 : 4.2424755 (0.12)%
        GbB1tC2zC1wN1_QqC1wN1 : 4.2328357 (0.12)%
        GtT1bC2wN2hN1_QqC1wN1 : 4.2103959 (0.12)%
            C2hC1wN1_C2zC1wN1 : 4.1792241 (0.12)%
               C2wN1_N4wC1wN1 : 4.1462487 (0.12)%
        GbB1bN3wC1wN1_QqC1wN1 : 4.1188144 (0.12)%
        GtT2bC2zC1wN1_QqC1wN1 : 4.0629586 (0.12)%
           GbB1bN2hN1_QqC1wN1 : 3.9915116 (0.12)%
           QqC1nTAU1taN1_QqN1 : 3.8592346 (0.11)%
       QqN2taTAU1taN1_QqN2zN1 : 3.8475433 (0.11)%
           GbB1tC1wN1_QqN2hN1 : 3.7622118 (0.11)%
        GbB1tC2wN2hN1_QqC1wN1 : 3.7315169 (0.11)%
           QqC1wN1_QqC2hC1wN1 : 3.7176151 (0.11)%
            C2hC1wN1_C2wN2hN1 : 3.6842547 (0.11)%
        GtT2bC2wN2hN1_QqC1wN1 : 3.5817592 (0.10)%
        GtT1tN4wC1wN1_QqC1wN1 : 3.5650960 (0.10)%
        GbB1bN4wC1wN1_QqC1wN1 : 3.5156114 (0.10)%
        GtT2tN4hN2hN1_QqC1wN1 : 3.4559507 (0.10)%
        GtT1tN3wC1wN1_QqN2hN1 : 3.3994968 (0.10)%
           GbB2tC2wN1_QqC1wN1 : 3.3727240 (0.10)%
            C2hC1wN1_N4hN2hN1 : 3.3650613 (0.10)%
           QqC1wN1_QqC2zC1wN1 : 3.2873644 (0.10)%
           N2hN1_N2taTAU1taN1 : 3.2642423 (0.09)%
        GtT1tN3zN2hN1_QqC1wN1 : 3.2608988 (0.09)%
            C2wN2hN1_C2zC1wN1 : 3.2578649 (0.09)%
           GtT1bC2wN1_QqC1wN1 : 3.2183930 (0.09)%
        GtT2tN4wC1wN1_QqN2hN1 : 3.1487008 (0.09)%
            C2hC1wN1_N3zN2hN1 : 3.0091478 (0.09)%
            C2zC1wN1_N4hN2hN1 : 2.9756127 (0.09)%
        GbB2bN4wC1wN1_QqC1wN1 : 2.9633874 (0.09)%
        GbB2bN3wC1wN1_QqC1wN1 : 2.8989553 (0.08)%
           QqC1wN1_QqC2wN2hN1 : 2.8980231 (0.08)%
           GbB1tC2wN1_QqC1wN1 : 2.8523417 (0.08)%
               C2hC1wN1_C2wN1 : 2.8162149 (0.08)%
            N3wC1wN1_N4hN2hN1 : 2.7933259 (0.08)%
           GtT2bC2wN1_QqC1wN1 : 2.7378681 (0.08)%
            C2zC1wN1_N3zN2hN1 : 2.6608901 (0.08)%
            C2wN2hN1_N4hN2hN1 : 2.6231939 (0.08)%
           QqC1wN1_QqN4wC1wN1 : 2.6148560 (0.08)%
              GtT1tN1_QqC1wN1 : 2.6063311 (0.08)%
         C2nTAU1taN1_N3wC1wN1 : 2.5421973 (0.07)%
        GbB2tC2hC1wN1_QqN2hN1 : 2.4939187 (0.07)%
     GtT1bC1nTAU1taN1_QqC1wN1 : 2.4922172 (0.07)%
     GtT1bC1wN1_QqC1nTAU1taN1 : 2.4922172 (0.07)%
               C2wN1_C2zC1wN1 : 2.4902859 (0.07)%
         C2nTAU1taN1_N4wC1wN1 : 2.4845358 (0.07)%
            N3zN2hN1_N4wC1wN1 : 2.4412269 (0.07)%
               GqQqN1_QqN2zN1 : 2.4387840 (0.07)%
           GtT1tN3zN1_QqC1wN1 : 2.3937395 (0.07)%
        GtT1bC2hC1wN1_QqN2hN1 : 2.3798006 (0.07)%
            C2hC1wN1_C2hC1wN1 : 2.3631007 (0.07)%
            C2wN2hN1_N3zN2hN1 : 2.3457457 (0.07)%
              QqC1wN1_QqC2wN1 : 2.2152257 (0.06)%
               C2hC1wN1_N3zN1 : 2.2089358 (0.06)%
        GbB2tC2zC1wN1_QqN2hN1 : 2.2052901 (0.06)%
               C2wN1_C2wN2hN1 : 2.1953472 (0.06)%
        GbB1tC2hC1wN1_QqN2hN1 : 2.1091285 (0.06)%
        GtT1bC2zC1wN1_QqN2hN1 : 2.1043791 (0.06)%
           GtT2tN4hN1_QqC1wN1 : 2.1019291 (0.06)%
          QqN1_QqN2taTAU1taN1 : 2.0577292 (0.06)%
        GtT2tN3wC1wN1_QqN2hN1 : 2.0510017 (0.06)%
               C2hC1wN1_N4hN1 : 2.0466496 (0.06)%
        GtT2bC2hC1wN1_QqN2hN1 : 2.0244824 (0.06)%
     GbB2tC2nTAU1taN1_QqC1wN1 : 2.0210205 (0.06)%
               C2wN1_N4hN2hN1 : 2.0051485 (0.06)%
     GbB1tC1nTAU1taN1_QqC1wN1 : 1.9701514 (0.06)%
     GbB1tC1wN1_QqC1nTAU1taN1 : 1.9701514 (0.06)%
        GtT2tN3zN2hN1_QqC1wN1 : 1.9673820 (0.06)%
               C2zC1wN1_N3zN1 : 1.9532890 (0.06)%
           GtT1tN2hN1_QqN2hN1 : 1.9446090 (0.06)%
        GbB2tC2wN2hN1_QqN2hN1 : 1.9441050 (0.06)%
     GtT1bC2nTAU1taN1_QqC1wN1 : 1.9285415 (0.06)%
              GtT2tN1_QqC1wN1 : 1.9003341 (0.06)%
        GbB1tC2zC1wN1_QqN2hN1 : 1.8650328 (0.05)%
        GtT1bC2wN2hN1_QqN2hN1 : 1.8551455 (0.05)%
            C2zC1wN1_C2zC1wN1 : 1.8477750 (0.05)%
        GbB1bN3wC1wN1_QqN2hN1 : 1.8147937 (0.05)%
               C2zC1wN1_N4hN1 : 1.8097847 (0.05)%
    GtT1tN3taTAU1taN1_QqC1wN1 : 1.8065105 (0.05)%
               C2wN1_N3zN2hN1 : 1.7930693 (0.05)%
               N3zN1_N4wC1wN1 : 1.7920401 (0.05)%
        GtT2bC2zC1wN1_QqN2hN1 : 1.7901831 (0.05)%
  GtT1tN3wC1wN1_QqC1nTAU1taN1 : 1.7802090 (0.05)%
  GtT1tN3wC1nTAU1taN1_QqC1wN1 : 1.7802090 (0.05)%
           GbB1bN2hN1_QqN2hN1 : 1.7587028 (0.05)%
        GbB1bN3zN2hN1_QqC1wN1 : 1.7408043 (0.05)%
        GtT1tN4hN2hN1_QqC1wN1 : 1.7240999 (0.05)%
               C2wN2hN1_N3zN1 : 1.7219499 (0.05)%
     GbB1tC2nTAU1taN1_QqC1wN1 : 1.7091944 (0.05)%
        GbB1bN4hN2hN1_QqC1wN1 : 1.7001689 (0.05)%
               N3wC1wN1_N4hN1 : 1.6989169 (0.05)%
         C2hC1wN1_C2nTAU1taN1 : 1.6875463 (0.05)%
        C2hC1wN1_N3taTAU1taN1 : 1.6670426 (0.05)%
  GtT2tN4wC1wN1_QqC1nTAU1taN1 : 1.6488750 (0.05)%
  GtT2tN4wC1nTAU1taN1_QqC1wN1 : 1.6488750 (0.05)%
        GbB1tC2wN2hN1_QqN2hN1 : 1.6441463 (0.05)%
      C2hC1nTAU1taN1_N3wC1wN1 : 1.6427716 (0.05)%
      C2hC1wN1_N3wC1nTAU1taN1 : 1.6427716 (0.05)%
     GtT2bC2nTAU1taN1_QqC1wN1 : 1.6405990 (0.05)%
           QqC2hC1wN1_QqN2hN1 : 1.6380210 (0.05)%
      C2hC1wN1_N4wC1nTAU1taN1 : 1.6055106 (0.05)%
      C2hC1nTAU1taN1_N4wC1wN1 : 1.6055106 (0.05)%
               C2wN2hN1_N4hN1 : 1.5954416 (0.05)%
        GtT2bC2wN2hN1_QqN2hN1 : 1.5781615 (0.05)%
        GtT1tN4wC1wN1_QqN2hN1 : 1.5708195 (0.05)%
                     N1_N2hN1 : 1.5551524 (0.05)%
     C2wN2taTAU1taN1_N3wC1wN1 : 1.5496963 (0.05)%
        GbB1bN4wC1wN1_QqN2hN1 : 1.5490160 (0.05)%
        GtT2tN4hN2hN1_QqN2hN1 : 1.5227289 (0.04)%
     C2wN2taTAU1taN1_N4wC1wN1 : 1.5145465 (0.04)%
               C1wN1_N3wC1wN1 : 1.5098584 (0.04)%
           GbB2tC1wN1_QqC1wN1 : 1.5071345 (0.04)%
         C2nTAU1taN1_C2zC1wN1 : 1.4922415 (0.04)%
    GtT2tN4taTAU1taN1_QqC1wN1 : 1.4896533 (0.04)%
              GbB1bN1_QqC1wN1 : 1.4862602 (0.04)%
           GbB2tC2wN1_QqN2hN1 : 1.4860583 (0.04)%
        C2zC1wN1_N3taTAU1taN1 : 1.4741108 (0.04)%
      C2zC1wN1_N3wC1nTAU1taN1 : 1.4526487 (0.04)%
      C2zC1nTAU1taN1_N3wC1wN1 : 1.4526487 (0.04)%
        C2hC1wN1_N4taTAU1taN1 : 1.4504763 (0.04)%
           QqC2zC1wN1_QqN2hN1 : 1.4484480 (0.04)%
                  N2hN1_N2zN1 : 1.4446890 (0.04)%
           GtT2tN3zN1_QqC1wN1 : 1.4442031 (0.04)%
        GtT1tN3zN2hN1_QqN2hN1 : 1.4367869 (0.04)%
            C2wN2hN1_C2wN2hN1 : 1.4360087 (0.04)%
        GbB2bN4hN2hN1_QqC1wN1 : 1.4331103 (0.04)%
      C2zC1wN1_N4wC1nTAU1taN1 : 1.4197001 (0.04)%
      C2zC1nTAU1taN1_N4wC1wN1 : 1.4197001 (0.04)%
           GtT1bC2wN1_QqN2hN1 : 1.4180584 (0.04)%
        N3taTAU1taN1_N4wC1wN1 : 1.3524192 (0.04)%
      N3wC1wN1_N4wC1nTAU1taN1 : 1.3327289 (0.04)%
      N3wC1nTAU1taN1_N4wC1wN1 : 1.3327289 (0.04)%
    GtT1bC1wN1_QqN2taTAU1taN1 : 1.3288407 (0.04)%
        QqC1wN1_QqC2nTAU1taN1 : 1.3274186 (0.04)%
                  C2wN1_N3zN1 : 1.3162447 (0.04)%
         C2nTAU1taN1_C2wN2hN1 : 1.3155069 (0.04)%
  GbB2tC2hC1nTAU1taN1_QqC1wN1 : 1.3059864 (0.04)%
  GbB2tC2hC1wN1_QqC1nTAU1taN1 : 1.3059864 (0.04)%
        GbB2bN4wC1wN1_QqN2hN1 : 1.3057002 (0.04)%
                  GqQqN1_QqN1 : 1.3043016 (0.04)%
        C2wN2hN1_N3taTAU1taN1 : 1.2995234 (0.04)%
        C2zC1wN1_N4taTAU1taN1 : 1.2826084 (0.04)%
      C2wN2hN1_N3wC1nTAU1taN1 : 1.2806033 (0.04)%
           GbB1bN3zN1_QqC1wN1 : 1.2778784 (0.04)%
        GbB2bN3wC1wN1_QqN2hN1 : 1.2773108 (0.04)%
           QqC2wN2hN1_QqN2hN1 : 1.2769000 (0.04)%
           QqC1wN1_QqN4hN2hN1 : 1.2645586 (0.04)%
           GbB1tC2wN1_QqN2hN1 : 1.2567723 (0.04)%
      C2wN2hN1_N4wC1nTAU1taN1 : 1.2515569 (0.04)%
  GtT1bC2hC1nTAU1taN1_QqC1wN1 : 1.2462263 (0.04)%
  GtT1bC2hC1wN1_QqC1nTAU1taN1 : 1.2462263 (0.04)%
    GtT1tN2taTAU1taN1_QqC1wN1 : 1.2323119 (0.04)%
 GbB2tC2wN2taTAU1taN1_QqC1wN1 : 1.2319925 (0.04)%
        GbB2bN3zN2hN1_QqC1wN1 : 1.2252346 (0.04)%
                  C2wN1_N4hN1 : 1.2195428 (0.04)%
           GtT2bC2wN1_QqN2hN1 : 1.2063340 (0.04)%
        N3wC1wN1_N4taTAU1taN1 : 1.2040354 (0.04)%
         C2nTAU1taN1_N4hN2hN1 : 1.2015351 (0.03)%
            N3zN2hN1_N4hN2hN1 : 1.1805906 (0.03)%
 GtT1bC2wN2taTAU1taN1_QqC1wN1 : 1.1756183 (0.03)%
  GbB2tC2zC1nTAU1taN1_QqC1wN1 : 1.1548407 (0.03)%
  GbB2tC2zC1wN1_QqC1nTAU1taN1 : 1.1548407 (0.03)%
           QqN2hN1_QqN4wC1wN1 : 1.1521336 (0.03)%
        GtT2hT1bC1wN1_QqC1wN1 : 1.1492120 (0.03)%
              GtT1tN1_QqN2hN1 : 1.1483774 (0.03)%
        C2wN2hN1_N4taTAU1taN1 : 1.1307017 (0.03)%
    GbB1bN2taTAU1taN1_QqC1wN1 : 1.1145019 (0.03)%
  GbB1tC2hC1nTAU1taN1_QqC1wN1 : 1.1044839 (0.03)%
  GbB1tC2hC1wN1_QqC1nTAU1taN1 : 1.1044839 (0.03)%
  GtT1bC2zC1nTAU1taN1_QqC1wN1 : 1.1019968 (0.03)%
  GtT1bC2zC1wN1_QqC1nTAU1taN1 : 1.1019968 (0.03)%
     GtT1bC1nTAU1taN1_QqN2hN1 : 1.0980976 (0.03)%
      C2hC1nTAU1taN1_C2hC1wN1 : 1.0904949 (0.03)%
    GtT2tN3taTAU1taN1_QqC1wN1 : 1.0899131 (0.03)%
         C2nTAU1taN1_N3zN2hN1 : 1.0744519 (0.03)%
  GtT2tN3wC1wN1_QqC1nTAU1taN1 : 1.0740447 (0.03)%
  GtT2tN3wC1nTAU1taN1_QqC1wN1 : 1.0740447 (0.03)%
  GtT2bC2hC1wN1_QqC1nTAU1taN1 : 1.0601574 (0.03)%
  GtT2bC2hC1nTAU1taN1_QqC1wN1 : 1.0601574 (0.03)%
           GtT1tN3zN1_QqN2hN1 : 1.0547073 (0.03)%
    GbB1tC1wN1_QqN2taTAU1taN1 : 1.0504772 (0.03)%
           GtT1tN4hN1_QqC1wN1 : 1.0486074 (0.03)%
 GbB1tC2wN2taTAU1taN1_QqC1wN1 : 1.0419066 (0.03)%
           GbB1bN4hN1_QqC1wN1 : 1.0340525 (0.03)%
     C2hC1wN1_C2wN2taTAU1taN1 : 1.0287102 (0.03)%
         T1bC1wN1_T1tN3wC1wN1 : 1.0203442 (0.03)%
     GtT1tN2hN1_QqC1nTAU1taN1 : 1.0183303 (0.03)%
  GbB2tC2wN2hN1_QqC1nTAU1taN1 : 1.0180663 (0.03)%
            C2nTAU1taN1_C2wN1 : 1.0055629 (0.03)%
 GtT2bC2wN2taTAU1taN1_QqC1wN1 : 1.0000916 (0.03)%
               C1nTAU1taN1_N1 : 1.0000138 (0.03)%
           C2wN1_N3taTAU1taN1 : 0.9933453 (0.03)%
         C2wN1_N3wC1nTAU1taN1 : 0.9788829 (0.03)%
  GbB1tC2zC1nTAU1taN1_QqC1wN1 : 0.9766587 (0.03)%
  GbB1tC2zC1wN1_QqC1nTAU1taN1 : 0.9766587 (0.03)%
              QqC2wN1_QqN2hN1 : 0.9760522 (0.03)%
  GtT1bC2wN2hN1_QqC1nTAU1taN1 : 0.9714811 (0.03)%
 GtT2tN4hN2taTAU1taN1_QqC1wN1 : 0.9649636 (0.03)%
    GbB1bN3taTAU1taN1_QqC1wN1 : 0.9643910 (0.03)%
      C2hC1nTAU1taN1_C2zC1wN1 : 0.9642887 (0.03)%
      C2hC1wN1_C2zC1nTAU1taN1 : 0.9642887 (0.03)%
         C2wN1_N4wC1nTAU1taN1 : 0.9566801 (0.03)%
  GbB1bN3wC1wN1_QqC1nTAU1taN1 : 0.9503501 (0.03)%
  GbB1bN3wC1nTAU1taN1_QqC1wN1 : 0.9503501 (0.03)%
 GtT1tN3wC1wN1_QqN2taTAU1taN1 : 0.9492007 (0.03)%
     C2hC1wN1_N4hN2taTAU1taN1 : 0.9395857 (0.03)%
  GtT2bC2zC1wN1_QqC1nTAU1taN1 : 0.9374623 (0.03)%
  GtT2bC2zC1nTAU1taN1_QqC1wN1 : 0.9374623 (0.03)%
           GtT2tN4hN1_QqN2hN1 : 0.9261325 (0.03)%
     GbB1bN2hN1_QqC1nTAU1taN1 : 0.9209770 (0.03)%
                 QqN1_QqN2zN1 : 0.9107102 (0.03)%
 GtT1tN3zN2taTAU1taN1_QqC1wN1 : 0.9105016 (0.03)%
     C2wN2taTAU1taN1_C2zC1wN1 : 0.9096545 (0.03)%
           GbB2bN3zN1_QqC1wN1 : 0.8994123 (0.03)%
     GbB2tC2nTAU1taN1_QqN2hN1 : 0.8904833 (0.03)%
 GtT2tN4wC1wN1_QqN2taTAU1taN1 : 0.8791739 (0.03)%
           GbB2bN4hN1_QqC1wN1 : 0.8716259 (0.03)%
     GbB1tC1nTAU1taN1_QqN2hN1 : 0.8680698 (0.03)%
        GtT2tN3zN2hN1_QqN2hN1 : 0.8668496 (0.03)%
               N3zN1_N4hN2hN1 : 0.8666404 (0.03)%
           C2wN1_N4taTAU1taN1 : 0.8642994 (0.03)%
  GbB1tC2wN2hN1_QqC1nTAU1taN1 : 0.8609874 (0.03)%
     QqC1wN1_QqC2hC1nTAU1taN1 : 0.8577798 (0.02)%
     QqC1nTAU1taN1_QqC2hC1wN1 : 0.8577798 (0.02)%
                GqQqN1_GqQqN1 : 0.8564975 (0.02)%
      C2zC1nTAU1taN1_C2zC1wN1 : 0.8526887 (0.02)%
              QqN2zN1_QqN2zN1 : 0.8514233 (0.02)%
      C2hC1nTAU1taN1_C2wN2hN1 : 0.8500825 (0.02)%
------------------------------------------------------------
                                            SUM=90.01%
