/Users/rafalmaselek/Projects/fastlim-1.0
 
#################################################################
#                                                               #
#                                                               #
#                     This is Fastlim  ver. 1.0                 #
#                                                               #
#          A fast LHC limit calculator for BSM models.          #
#                                                               #
#                  http://cern.ch/fastlim-1.0/                  #
#                                                               #
#  for bugs/feature requests: fastlim-1.0.developers@gmail.com  #
#                                                               #
#    please refer to:                                           #
#    M.Papucci, K.Sakurai, A.Weiler, L.Zeune arXiv:1402.xxxx    #
#                                                               #
#################################################################
 

!! Masses incompatible with the data for ERER !!

!! Problem with reading tables for ER ER !! Probably mass outside the table !! Setting xsec to 10^-20 !!

!! Masses incompatible with the data for ELEL !!

!! Problem with reading tables for EL EL !! Probably mass outside the table !! Setting xsec to 10^-20 !!

!! Masses incompatible with the data for TAU1TAU1 !!

!! Problem with reading tables for TAU1 TAU1 !! Probably mass outside the table !! Setting xsec to 10^-20 !!

!! Masses incompatible with the data for TAU2TAU2 !!

!! Problem with reading tables for TAU2 TAU2 !! Probably mass outside the table !! Setting xsec to 10^-20 !!
!! EWK PROCESS C1C2 NOT FOUND !! WILL TRY TO LOOK FOR +/- MODES !!
XSEC FOUND FOR: C1-C2+
XSEC FOUND FOR: C1+C2-
!! EWK PROCESS C1N1 NOT FOUND !! WILL TRY TO LOOK FOR +/- MODES !!
XSEC FOUND FOR: C1+N1
XSEC FOUND FOR: C1-N1
!! EWK PROCESS C1N2 NOT FOUND !! WILL TRY TO LOOK FOR +/- MODES !!
XSEC FOUND FOR: C1+N2
XSEC FOUND FOR: C1-N2
!! EWK PROCESS C1N3 NOT FOUND !! WILL TRY TO LOOK FOR +/- MODES !!
XSEC FOUND FOR: C1+N3
XSEC FOUND FOR: C1-N3
!! EWK PROCESS C1N4 NOT FOUND !! WILL TRY TO LOOK FOR +/- MODES !!
XSEC FOUND FOR: C1+N4
XSEC FOUND FOR: C1-N4
!! EWK PROCESS C2N1 NOT FOUND !! WILL TRY TO LOOK FOR +/- MODES !!
XSEC FOUND FOR: C2+N1
XSEC FOUND FOR: C2-N1
!! EWK PROCESS C2N2 NOT FOUND !! WILL TRY TO LOOK FOR +/- MODES !!
XSEC FOUND FOR: C2+N2
XSEC FOUND FOR: C2-N2
!! EWK PROCESS C2N3 NOT FOUND !! WILL TRY TO LOOK FOR +/- MODES !!
XSEC FOUND FOR: C2+N3
XSEC FOUND FOR: C2-N3
!! EWK PROCESS C2N4 NOT FOUND !! WILL TRY TO LOOK FOR +/- MODES !!
XSEC FOUND FOR: C2+N4
XSEC FOUND FOR: C2-N4
---------------  Output inclusive processes  ---------------
The total xsec = 15192.78 [fb]
The total rate = 100.00%
Output upto 0.10%
               Modes : xsec/fb      (rate)
         C1wN1_N2zN1 : 6532.7705233 (43.00)%
         C1wN1_C1wN1 : 3885.3442283 (25.57)%
         C1wN1_N2hN1 : 1673.7046340 (11.02)%
   C2hC1wN1_N3wC1wN1 : 35.5748094 (0.23)%
   C2hC1wN1_N4wC1wN1 : 34.3809836 (0.23)%
   C2zC1wN1_N3wC1wN1 : 32.2582332 (0.21)%
   C2zC1wN1_N4wC1wN1 : 31.1757057 (0.21)%
      GbtC1wN1_GttN1 : 30.9325627 (0.20)%
      GqqC1wN1_GttN1 : 30.7165650 (0.20)%
   N3wC1wN1_N4wC1wN1 : 29.0686341 (0.19)%
               N1_N1 : 28.3607693 (0.19)%
   GbtC2hC1wN1_GttN1 : 27.8401248 (0.18)%
         GttN1_GttN1 : 27.1383596 (0.18)%
   C2wN2zN1_N3wC1wN1 : 25.3634503 (0.17)%
   GbtC2zC1wN1_GttN1 : 25.2446395 (0.17)%
   C2wN2zN1_N4wC1wN1 : 24.5122991 (0.16)%
       GttN1_QqGttN1 : 23.4363646 (0.15)%
   GttN1_GttN4wC1wN1 : 22.2830254 (0.15)%
   C2hC1wN1_C2zC1wN1 : 19.9813151 (0.13)%
   GbtC2wN2zN1_GttN1 : 19.8489221 (0.13)%
   GttN1_GttN3wC1wN1 : 19.4833476 (0.13)%
         N2zN1_N2zN1 : 18.7719671 (0.12)%
   GbtC1wN1_GqqC1wN1 : 17.5055178 (0.12)%
      C2wN1_N3wC1wN1 : 16.4281977 (0.11)%
      C2wN1_N4wC1wN1 : 15.8768973 (0.10)%
GbtC1wN1_GbtC2hC1wN1 : 15.8662207 (0.10)%
       GttN1_QqC1wN1 : 15.8328394 (0.10)%
GbtC2hC1wN1_GqqC1wN1 : 15.7554292 (0.10)%
   C2hC1wN1_C2wN2zN1 : 15.7105657 (0.10)%
GbtC1wN1_GbtC2zC1wN1 : 14.3870412 (0.09)%
------------------------------------------------------------
                                   SUM=83.76%

SHOWING PROCESSES TO GET 90.00% SUSY COVERAGE
---------------  Output inclusive processes  ---------------
The total xsec = 15192.78 [fb]
The total rate = 100.00%
                    Modes : xsec/fb      (rate)
              C1wN1_N2zN1 : 6532.7705233 (43.00)%
              C1wN1_C1wN1 : 3885.3442283 (25.57)%
              C1wN1_N2hN1 : 1673.7046340 (11.02)%
        C2hC1wN1_N3wC1wN1 : 35.5748094 (0.23)%
        C2hC1wN1_N4wC1wN1 : 34.3809836 (0.23)%
        C2zC1wN1_N3wC1wN1 : 32.2582332 (0.21)%
        C2zC1wN1_N4wC1wN1 : 31.1757057 (0.21)%
           GbtC1wN1_GttN1 : 30.9325627 (0.20)%
           GqqC1wN1_GttN1 : 30.7165650 (0.20)%
        N3wC1wN1_N4wC1wN1 : 29.0686341 (0.19)%
                    N1_N1 : 28.3607693 (0.19)%
        GbtC2hC1wN1_GttN1 : 27.8401248 (0.18)%
              GttN1_GttN1 : 27.1383596 (0.18)%
        C2wN2zN1_N3wC1wN1 : 25.3634503 (0.17)%
        GbtC2zC1wN1_GttN1 : 25.2446395 (0.17)%
        C2wN2zN1_N4wC1wN1 : 24.5122991 (0.16)%
            GttN1_QqGttN1 : 23.4363646 (0.15)%
        GttN1_GttN4wC1wN1 : 22.2830254 (0.15)%
        C2hC1wN1_C2zC1wN1 : 19.9813151 (0.13)%
        GbtC2wN2zN1_GttN1 : 19.8489221 (0.13)%
        GttN1_GttN3wC1wN1 : 19.4833476 (0.13)%
              N2zN1_N2zN1 : 18.7719671 (0.12)%
        GbtC1wN1_GqqC1wN1 : 17.5055178 (0.12)%
           C2wN1_N3wC1wN1 : 16.4281977 (0.11)%
           C2wN1_N4wC1wN1 : 15.8768973 (0.10)%
     GbtC1wN1_GbtC2hC1wN1 : 15.8662207 (0.10)%
            GttN1_QqC1wN1 : 15.8328394 (0.10)%
     GbtC2hC1wN1_GqqC1wN1 : 15.7554292 (0.10)%
        C2hC1wN1_C2wN2zN1 : 15.7105657 (0.10)%
     GbtC1wN1_GbtC2zC1wN1 : 14.3870412 (0.09)%
     GbtC2zC1wN1_GqqC1wN1 : 14.2865785 (0.09)%
        C2wN2zN1_C2zC1wN1 : 14.2458976 (0.09)%
        C2hC1wN1_N4hN2zN1 : 13.5857887 (0.09)%
         GttN1_QqGbtC1wN1 : 13.3564967 (0.09)%
         GbtC1wN1_QqGttN1 : 13.3564967 (0.09)%
         GttN1_QqGqqC1wN1 : 13.2632302 (0.09)%
         GqqC1wN1_QqGttN1 : 13.2632302 (0.09)%
  GbtC2hC1wN1_GbtC2zC1wN1 : 12.9487177 (0.09)%
           GbtC2wN1_GttN1 : 12.8563745 (0.08)%
     GbtC1wN1_GttN4wC1wN1 : 12.6992031 (0.08)%
     GqqC1wN1_GttN4wC1wN1 : 12.6105264 (0.08)%
        C2zC1wN1_N4hN2zN1 : 12.3192097 (0.08)%
        C2hC1wN1_N3zN2zN1 : 12.2400207 (0.08)%
           GqqN2zN1_GttN1 : 12.2298691 (0.08)%
      GttN1_QqGbtC2hC1wN1 : 12.0212004 (0.08)%
      GbtC2hC1wN1_QqGttN1 : 12.0212004 (0.08)%
        N3wC1wN1_N4hN2zN1 : 11.4865917 (0.08)%
  GbtC2hC1wN1_GttN4wC1wN1 : 11.4296188 (0.08)%
     GbtC1wN1_GbtC2wN2zN1 : 11.3119960 (0.07)%
     GbtC2wN2zN1_GqqC1wN1 : 11.2330059 (0.07)%
     GbtC1wN1_GttN3wC1wN1 : 11.1036533 (0.07)%
        C2zC1wN1_N3zN2zN1 : 11.0989053 (0.07)%
     GqqC1wN1_GttN3wC1wN1 : 11.0261181 (0.07)%
        C2hC1wN1_C2hC1wN1 : 11.0178303 (0.07)%
      GttN1_QqGbtC2zC1wN1 : 10.9004852 (0.07)%
      GbtC2zC1wN1_QqGttN1 : 10.9004852 (0.07)%
              GqqN1_GttN1 : 10.4475649 (0.07)%
  GbtC2zC1wN1_GttN4wC1wN1 : 10.3640558 (0.07)%
  GbtC2hC1wN1_GbtC2wN2zN1 : 10.1810957 (0.07)%
           C2hC1wN1_C2wN1 : 10.1759136 (0.07)%
        N3zN2zN1_N4wC1wN1 : 10.0014782 (0.07)%
  GbtC2hC1wN1_GttN3wC1wN1 : 9.9935818 (0.07)%
        C2wN2zN1_N4hN2zN1 : 9.6861369 (0.06)%
      GttN1_QqGttN4wC1wN1 : 9.6216779 (0.06)%
      GttN4wC1wN1_QqGttN1 : 9.6216779 (0.06)%
              N2hN1_N2zN1 : 9.6188066 (0.06)%
                 C1wN1_N1 : 9.2902567 (0.06)%
          QqC1wN1_QqGttN1 : 9.2319473 (0.06)%
  GbtC2wN2zN1_GbtC2zC1wN1 : 9.2319302 (0.06)%
           C2wN1_C2zC1wN1 : 9.2272313 (0.06)%
  GbtC2zC1wN1_GttN3wC1wN1 : 9.0618979 (0.06)%
        C2zC1wN1_C2zC1wN1 : 9.0592463 (0.06)%
         GbtC1wN1_QqC1wN1 : 9.0232112 (0.06)%
         GqqC1wN1_QqC1wN1 : 8.9602034 (0.06)%
        GbtC1wN1_GbtC1wN1 : 8.8143080 (0.06)%
        GttN1_GttN4hN2zN1 : 8.8052302 (0.06)%
        C2wN2zN1_N3zN2zN1 : 8.7266569 (0.06)%
        GqqC1wN1_GqqC1wN1 : 8.6916396 (0.06)%
      GttN1_QqGbtC2wN2zN1 : 8.5706466 (0.06)%
      GbtC2wN2zN1_QqGttN1 : 8.5706466 (0.06)%
      GttN1_QqGttN3wC1wN1 : 8.4127937 (0.06)%
      GttN3wC1wN1_QqGttN1 : 8.4127937 (0.06)%
  GbtC2wN2zN1_GttN4wC1wN1 : 8.1488720 (0.05)%
      GbtC2hC1wN1_QqC1wN1 : 8.1211288 (0.05)%
  GttN3wC1wN1_GttN4wC1wN1 : 7.9987873 (0.05)%
       QqGbtC1wN1_QqGttN1 : 7.7880202 (0.05)%
           GbbN2zN1_GttN1 : 7.7591138 (0.05)%
       QqGqqC1wN1_QqGttN1 : 7.7336376 (0.05)%
      GbtC1wN1_QqGbtC1wN1 : 7.6119315 (0.05)%
      GqqC1wN1_QqGbtC1wN1 : 7.5587785 (0.05)%
      GbtC1wN1_QqGqqC1wN1 : 7.5587785 (0.05)%
      GqqC1wN1_QqGqqC1wN1 : 7.5059966 (0.05)%
      GbtC2zC1wN1_QqC1wN1 : 7.3640104 (0.05)%
        GbtC1wN1_GbtC2wN1 : 7.3269095 (0.05)%
        GbtC2wN1_GqqC1wN1 : 7.2757468 (0.05)%
           C2wN1_C2wN2zN1 : 7.2550291 (0.05)%
  GbtC2hC1wN1_GbtC2hC1wN1 : 7.1400092 (0.05)%
  GbtC2wN2zN1_GttN3wC1wN1 : 7.1250337 (0.05)%
    QqGbtC2hC1wN1_QqGttN1 : 7.0094242 (0.05)%
        GbtC1wN1_GqqN2zN1 : 6.9698611 (0.05)%
        GqqC1wN1_GqqN2zN1 : 6.9211915 (0.05)%
   GbtC2hC1wN1_QqGbtC1wN1 : 6.8509398 (0.05)%
   GbtC1wN1_QqGbtC2hC1wN1 : 6.8509398 (0.05)%
          QqGttN1_QqGttN1 : 6.8327379 (0.04)%
   GqqC1wN1_QqGbtC2hC1wN1 : 6.8031006 (0.04)%
   GbtC2hC1wN1_QqGqqC1wN1 : 6.8031006 (0.04)%
        GttN1_GttN3zN2zN1 : 6.7035237 (0.04)%
     GbtC2hC1wN1_GbtC2wN1 : 6.5944124 (0.04)%
      GttN4wC1wN1_QqC1wN1 : 6.5000901 (0.04)%
        C2wN2hN1_N3wC1wN1 : 6.4981502 (0.04)%
    QqGbtC2zC1wN1_QqGttN1 : 6.3559481 (0.04)%
            GttN1_QqN2zN1 : 6.3401400 (0.04)%
        C2wN2hN1_N4wC1wN1 : 6.2800842 (0.04)%
           C2wN1_N4hN2zN1 : 6.2738220 (0.04)%
     GbtC2hC1wN1_GqqN2zN1 : 6.2730594 (0.04)%
   GbtC2zC1wN1_QqGbtC1wN1 : 6.2122388 (0.04)%
   GbtC1wN1_QqGbtC2zC1wN1 : 6.2122388 (0.04)%
   GbtC2zC1wN1_QqGqqC1wN1 : 6.1688597 (0.04)%
   GqqC1wN1_QqGbtC2zC1wN1 : 6.1688597 (0.04)%
GbtC2hC1wN1_QqGbtC2hC1wN1 : 6.1660271 (0.04)%
     GbtC2wN1_GbtC2zC1wN1 : 5.9796271 (0.04)%
           GbtC1wN1_GqqN1 : 5.9541174 (0.04)%
           GqqC1wN1_GqqN1 : 5.9125406 (0.04)%
  GbtC2zC1wN1_GbtC2zC1wN1 : 5.8707659 (0.04)%
           C2hC1wN1_N3zN1 : 5.8015489 (0.04)%
      GbtC2wN2zN1_QqC1wN1 : 5.7900478 (0.04)%
     GbtC2zC1wN1_GqqN2zN1 : 5.6882332 (0.04)%
      GttN3wC1wN1_QqC1wN1 : 5.6834075 (0.04)%
           C2wN1_N3zN2zN1 : 5.6523558 (0.04)%
    QqGttN1_QqGttN4wC1wN1 : 5.6102901 (0.04)%
        C2wN2zN1_C2wN2zN1 : 5.6005100 (0.04)%
GbtC2zC1wN1_QqGbtC2hC1wN1 : 5.5911793 (0.04)%
GbtC2hC1wN1_QqGbtC2zC1wN1 : 5.5911793 (0.04)%
         GttN1_QqGbtC2wN1 : 5.5513061 (0.04)%
         GbtC2wN1_QqGttN1 : 5.5513061 (0.04)%
           C2hC1wN1_N4hN1 : 5.5393062 (0.04)%
   GbtC1wN1_QqGttN4wC1wN1 : 5.4834404 (0.04)%
   GttN4wC1wN1_QqGbtC1wN1 : 5.4834404 (0.04)%
   GqqC1wN1_QqGttN4wC1wN1 : 5.4451503 (0.04)%
   GttN4wC1wN1_QqGqqC1wN1 : 5.4451503 (0.04)%
        GbtC2hC1wN1_GqqN1 : 5.3588632 (0.04)%
         GttN1_QqGqqN2zN1 : 5.2807848 (0.03)%
------------------------------------------------------------
                                        SUM=90.01%
