/Users/rafalmaselek/Projects/fastlim-1.0
 
#################################################################
#                                                               #
#                                                               #
#                     This is Fastlim  ver. 1.0                 #
#                                                               #
#          A fast LHC limit calculator for BSM models.          #
#                                                               #
#                  http://cern.ch/fastlim-1.0/                  #
#                                                               #
#  for bugs/feature requests: fastlim-1.0.developers@gmail.com  #
#                                                               #
#    please refer to:                                           #
#    M.Papucci, K.Sakurai, A.Weiler, L.Zeune arXiv:1402.xxxx    #
#                                                               #
#################################################################
 

!! Masses incompatible with the data for ERER !!

!! Problem with reading tables for ER ER !! Probably mass outside the table !! Setting xsec to 10^-20 !!

!! Masses incompatible with the data for ELEL !!

!! Problem with reading tables for EL EL !! Probably mass outside the table !! Setting xsec to 10^-20 !!

!! Masses incompatible with the data for TAU1TAU1 !!

!! Problem with reading tables for TAU1 TAU1 !! Probably mass outside the table !! Setting xsec to 10^-20 !!

!! Masses incompatible with the data for TAU2TAU2 !!

!! Problem with reading tables for TAU2 TAU2 !! Probably mass outside the table !! Setting xsec to 10^-20 !!
!! EWK PROCESS C1C2 NOT FOUND !! WILL TRY TO LOOK FOR +/- MODES !!
XSEC FOUND FOR: C1-C2+
XSEC FOUND FOR: C1+C2-
!! EWK PROCESS C1N1 NOT FOUND !! WILL TRY TO LOOK FOR +/- MODES !!
XSEC FOUND FOR: C1+N1
XSEC FOUND FOR: C1-N1
!! EWK PROCESS C1N2 NOT FOUND !! WILL TRY TO LOOK FOR +/- MODES !!
XSEC FOUND FOR: C1+N2
XSEC FOUND FOR: C1-N2
!! EWK PROCESS C1N3 NOT FOUND !! WILL TRY TO LOOK FOR +/- MODES !!
XSEC FOUND FOR: C1+N3
XSEC FOUND FOR: C1-N3
!! EWK PROCESS C1N4 NOT FOUND !! WILL TRY TO LOOK FOR +/- MODES !!
XSEC FOUND FOR: C1+N4
XSEC FOUND FOR: C1-N4
!! EWK PROCESS C2N1 NOT FOUND !! WILL TRY TO LOOK FOR +/- MODES !!
XSEC FOUND FOR: C2+N1
XSEC FOUND FOR: C2-N1
!! EWK PROCESS C2N2 NOT FOUND !! WILL TRY TO LOOK FOR +/- MODES !!
XSEC FOUND FOR: C2+N2
XSEC FOUND FOR: C2-N2
!! EWK PROCESS C2N3 NOT FOUND !! WILL TRY TO LOOK FOR +/- MODES !!
XSEC FOUND FOR: C2+N3
XSEC FOUND FOR: C2-N3
!! EWK PROCESS C2N4 NOT FOUND !! WILL TRY TO LOOK FOR +/- MODES !!
XSEC FOUND FOR: C2+N4
XSEC FOUND FOR: C2-N4
---------------  Output inclusive processes  ---------------
The total xsec = 16062.36 [fb]
The total rate = 100.00%
Output upto 0.10%
                        Modes : xsec/fb      (rate)
                  C1wN1_N2hN1 : 8391.4341341 (52.24)%
                  C1wN1_C1wN1 : 4012.3570713 (24.98)%
                  C1wN1_N2zN1 : 226.0342270 (1.41)%
  GtT1bC2hC1wN1_GtT1tN3wC1wN1 : 36.0015996 (0.22)%
  GtT1bC2zC1wN1_GtT1tN3wC1wN1 : 33.4787278 (0.21)%
                        N1_N1 : 32.4949411 (0.20)%
  GtT1bC2wN2hN1_GtT1tN3wC1wN1 : 32.4737097 (0.20)%
                  N2hN1_N2hN1 : 32.3679398 (0.20)%
  GtT1bC2hC1wN1_GtT1bC2zC1wN1 : 28.9375793 (0.18)%
  GtT1bC2hC1wN1_GtT1bC2wN2hN1 : 28.0688846 (0.17)%
  GtT1bC2wN2hN1_GtT1bC2zC1wN1 : 26.1019110 (0.16)%
  GtT1tN3wC1wN1_GtT1tN4wC1wN1 : 25.8222997 (0.16)%
     GtT1bC1wN1_GtT1tN3wC1wN1 : 25.6976086 (0.16)%
        GtT1tN1_GtT1tN3wC1wN1 : 23.3044821 (0.15)%
GtT1tN3wC1wN1_QqGtT1tN3wC1wN1 : 22.7256302 (0.14)%
  GtT1bC2hC1wN1_GtT1tN4wC1wN1 : 22.3196905 (0.14)%
     GtT1bC1wN1_GtT1bC2hC1wN1 : 22.2119129 (0.14)%
            C2hC1wN1_N3wC1wN1 : 21.3423078 (0.13)%
  GtT1tN3wC1wN1_GtT1tN3wC1wN1 : 20.8256493 (0.13)%
            C2hC1wN1_N4wC1wN1 : 20.7996788 (0.13)%
  GtT1bC2zC1wN1_GtT1tN4wC1wN1 : 20.7556012 (0.13)%
     GtT1bC1wN1_GtT1bC2zC1wN1 : 20.6553763 (0.13)%
        GtT1tN3wC1wN1_QqC1wN1 : 20.5530509 (0.13)%
        GtT1bC2hC1wN1_GtT1tN1 : 20.1433968 (0.13)%
  GtT1bC2wN2hN1_GtT1tN4wC1wN1 : 20.1325263 (0.13)%
     GtT1bC1wN1_GtT1bC2wN2hN1 : 20.0353101 (0.12)%
            C2zC1wN1_N3wC1wN1 : 19.8467102 (0.12)%
GtT1tN3wC1wN1_QqGtT1bC2hC1wN1 : 19.6430620 (0.12)%
GtT1bC2hC1wN1_QqGtT1tN3wC1wN1 : 19.6430620 (0.12)%
  GtT1tN3wC1wN1_GtT1tN3zN2hN1 : 19.5395082 (0.12)%
            C2zC1wN1_N4wC1wN1 : 19.3421068 (0.12)%
            C2wN2hN1_N3wC1wN1 : 19.2509199 (0.12)%
            C2wN2hN1_N4wC1wN1 : 18.7614645 (0.12)%
        GtT1bC2zC1wN1_GtT1tN1 : 18.7318148 (0.12)%
GtT1tN3wC1wN1_QqGtT1bC2zC1wN1 : 18.2665418 (0.11)%
GtT1bC2zC1wN1_QqGtT1tN3wC1wN1 : 18.2665418 (0.11)%
        GtT1bC2wN2hN1_GtT1tN1 : 18.1694932 (0.11)%
            N3wC1wN1_N4wC1wN1 : 17.7718864 (0.11)%
        GtT1bC2hC1wN1_QqC1wN1 : 17.7651774 (0.11)%
GtT1tN3wC1wN1_QqGtT1bC2wN2hN1 : 17.7181875 (0.11)%
GtT1bC2wN2hN1_QqGtT1tN3wC1wN1 : 17.7181875 (0.11)%
GtT1bC2hC1wN1_QqGtT1bC2hC1wN1 : 16.9786219 (0.11)%
  GtT1bC2hC1wN1_GtT1tN3zN2hN1 : 16.8891145 (0.11)%
        GtT1bC2zC1wN1_QqC1wN1 : 16.5202532 (0.10)%
        GtT1bC2wN2hN1_QqC1wN1 : 16.0243217 (0.10)%
------------------------------------------------------------
                                            SUM=84.38%

SHOWING PROCESSES TO GET 90.00% SUSY COVERAGE
---------------  Output inclusive processes  ---------------
The total xsec = 16062.36 [fb]
The total rate = 100.00%
                          Modes : xsec/fb      (rate)
                    C1wN1_N2hN1 : 8391.4341341 (52.24)%
                    C1wN1_C1wN1 : 4012.3570713 (24.98)%
                    C1wN1_N2zN1 : 226.0342270 (1.41)%
    GtT1bC2hC1wN1_GtT1tN3wC1wN1 : 36.0015996 (0.22)%
    GtT1bC2zC1wN1_GtT1tN3wC1wN1 : 33.4787278 (0.21)%
                          N1_N1 : 32.4949411 (0.20)%
    GtT1bC2wN2hN1_GtT1tN3wC1wN1 : 32.4737097 (0.20)%
                    N2hN1_N2hN1 : 32.3679398 (0.20)%
    GtT1bC2hC1wN1_GtT1bC2zC1wN1 : 28.9375793 (0.18)%
    GtT1bC2hC1wN1_GtT1bC2wN2hN1 : 28.0688846 (0.17)%
    GtT1bC2wN2hN1_GtT1bC2zC1wN1 : 26.1019110 (0.16)%
    GtT1tN3wC1wN1_GtT1tN4wC1wN1 : 25.8222997 (0.16)%
       GtT1bC1wN1_GtT1tN3wC1wN1 : 25.6976086 (0.16)%
          GtT1tN1_GtT1tN3wC1wN1 : 23.3044821 (0.15)%
  GtT1tN3wC1wN1_QqGtT1tN3wC1wN1 : 22.7256302 (0.14)%
    GtT1bC2hC1wN1_GtT1tN4wC1wN1 : 22.3196905 (0.14)%
       GtT1bC1wN1_GtT1bC2hC1wN1 : 22.2119129 (0.14)%
              C2hC1wN1_N3wC1wN1 : 21.3423078 (0.13)%
    GtT1tN3wC1wN1_GtT1tN3wC1wN1 : 20.8256493 (0.13)%
              C2hC1wN1_N4wC1wN1 : 20.7996788 (0.13)%
    GtT1bC2zC1wN1_GtT1tN4wC1wN1 : 20.7556012 (0.13)%
       GtT1bC1wN1_GtT1bC2zC1wN1 : 20.6553763 (0.13)%
          GtT1tN3wC1wN1_QqC1wN1 : 20.5530509 (0.13)%
          GtT1bC2hC1wN1_GtT1tN1 : 20.1433968 (0.13)%
    GtT1bC2wN2hN1_GtT1tN4wC1wN1 : 20.1325263 (0.13)%
       GtT1bC1wN1_GtT1bC2wN2hN1 : 20.0353101 (0.12)%
              C2zC1wN1_N3wC1wN1 : 19.8467102 (0.12)%
  GtT1tN3wC1wN1_QqGtT1bC2hC1wN1 : 19.6430620 (0.12)%
  GtT1bC2hC1wN1_QqGtT1tN3wC1wN1 : 19.6430620 (0.12)%
    GtT1tN3wC1wN1_GtT1tN3zN2hN1 : 19.5395082 (0.12)%
              C2zC1wN1_N4wC1wN1 : 19.3421068 (0.12)%
              C2wN2hN1_N3wC1wN1 : 19.2509199 (0.12)%
              C2wN2hN1_N4wC1wN1 : 18.7614645 (0.12)%
          GtT1bC2zC1wN1_GtT1tN1 : 18.7318148 (0.12)%
  GtT1tN3wC1wN1_QqGtT1bC2zC1wN1 : 18.2665418 (0.11)%
  GtT1bC2zC1wN1_QqGtT1tN3wC1wN1 : 18.2665418 (0.11)%
          GtT1bC2wN2hN1_GtT1tN1 : 18.1694932 (0.11)%
              N3wC1wN1_N4wC1wN1 : 17.7718864 (0.11)%
          GtT1bC2hC1wN1_QqC1wN1 : 17.7651774 (0.11)%
  GtT1tN3wC1wN1_QqGtT1bC2wN2hN1 : 17.7181875 (0.11)%
  GtT1bC2wN2hN1_QqGtT1tN3wC1wN1 : 17.7181875 (0.11)%
  GtT1bC2hC1wN1_QqGtT1bC2hC1wN1 : 16.9786219 (0.11)%
    GtT1bC2hC1wN1_GtT1tN3zN2hN1 : 16.8891145 (0.11)%
          GtT1bC2zC1wN1_QqC1wN1 : 16.5202532 (0.10)%
          GtT1bC2wN2hN1_QqC1wN1 : 16.0243217 (0.10)%
       GtT1bC1wN1_GtT1tN4wC1wN1 : 15.9315885 (0.10)%
  GtT1bC2zC1wN1_QqGtT1bC2hC1wN1 : 15.7888168 (0.10)%
  GtT1bC2hC1wN1_QqGtT1bC2zC1wN1 : 15.7888168 (0.10)%
    GtT1bC2zC1wN1_GtT1tN3zN2hN1 : 15.7055818 (0.10)%
    GtT1bC2hC1wN1_GtT1bC2hC1wN1 : 15.5591208 (0.10)%
  GtT1bC2wN2hN1_QqGtT1bC2hC1wN1 : 15.3148428 (0.10)%
  GtT1bC2hC1wN1_QqGtT1bC2wN2hN1 : 15.3148428 (0.10)%
    GtT1bC2wN2hN1_GtT1tN3zN2hN1 : 15.2341064 (0.09)%
  GtT1bC2zC1wN1_QqGtT1bC2zC1wN1 : 14.6823893 (0.09)%
          GtT1tN1_GtT1tN4wC1wN1 : 14.4479366 (0.09)%
             GtT1bC1wN1_GtT1tN1 : 14.3781702 (0.09)%
                       C1wN1_N1 : 14.2624502 (0.09)%
  GtT1bC2wN2hN1_QqGtT1bC2zC1wN1 : 14.2416298 (0.09)%
  GtT1bC2zC1wN1_QqGtT1bC2wN2hN1 : 14.2416298 (0.09)%
  GtT1tN3wC1wN1_QqGtT1tN4wC1wN1 : 14.0890693 (0.09)%
  GtT1tN4wC1wN1_QqGtT1tN3wC1wN1 : 14.0890693 (0.09)%
     GtT1tN3wC1wN1_QqGtT1bC1wN1 : 14.0210358 (0.09)%
     GtT1bC1wN1_QqGtT1tN3wC1wN1 : 14.0210358 (0.09)%
  GtT1bC2wN2hN1_QqGtT1bC2wN2hN1 : 13.8141018 (0.09)%
        QqC1wN1_QqGtT1tN3wC1wN1 : 13.7987490 (0.09)%
    GtT1bC2zC1wN1_GtT1bC2zC1wN1 : 13.4548652 (0.08)%
QqGtT1bC2hC1wN1_QqGtT1tN3wC1wN1 : 13.1878076 (0.08)%
    GtT1tN3wC1wN1_GtT1tN4hN2hN1 : 13.0989517 (0.08)%
          GtT1tN4wC1wN1_QqC1wN1 : 12.7421487 (0.08)%
        GtT1tN1_QqGtT1tN3wC1wN1 : 12.7153068 (0.08)%
        GtT1tN3wC1wN1_QqGtT1tN1 : 12.7153068 (0.08)%
             GtT1bC1wN1_QqC1wN1 : 12.6806192 (0.08)%
    GtT1bC2wN2hN1_GtT1bC2wN2hN1 : 12.6591710 (0.08)%
QqGtT1bC2zC1wN1_QqGtT1tN3wC1wN1 : 12.2636501 (0.08)%
  GtT1tN4wC1wN1_QqGtT1bC2hC1wN1 : 12.1779884 (0.08)%
  GtT1bC2hC1wN1_QqGtT1tN4wC1wN1 : 12.1779884 (0.08)%
     GtT1bC1wN1_QqGtT1bC2hC1wN1 : 12.1191832 (0.08)%
     GtT1bC2hC1wN1_QqGtT1bC1wN1 : 12.1191832 (0.08)%
    GtT1tN3zN2hN1_GtT1tN4wC1wN1 : 12.1137888 (0.08)%
       GtT1bC1wN1_GtT1tN3zN2hN1 : 12.0552936 (0.08)%
       GtT1tN2hN1_GtT1tN3wC1wN1 : 11.9612716 (0.07)%
        QqC1wN1_QqGtT1bC2hC1wN1 : 11.9270480 (0.07)%
QqGtT1bC2wN2hN1_QqGtT1tN3wC1wN1 : 11.8955002 (0.07)%
              C2hC1wN1_C2zC1wN1 : 11.6481796 (0.07)%
                GtT1tN1_QqC1wN1 : 11.4997185 (0.07)%
  GtT1tN4wC1wN1_QqGtT1bC2zC1wN1 : 11.3245957 (0.07)%
  GtT1bC2zC1wN1_QqGtT1tN4wC1wN1 : 11.3245957 (0.07)%
    GtT1bC2hC1wN1_GtT1tN4hN2hN1 : 11.3221732 (0.07)%
              C2hC1wN1_C2wN2hN1 : 11.2985059 (0.07)%
     GtT1bC1wN1_QqGtT1bC2zC1wN1 : 11.2699113 (0.07)%
     GtT1bC2zC1wN1_QqGtT1bC1wN1 : 11.2699113 (0.07)%
       GtT1bC2wN1_GtT1tN3wC1wN1 : 11.2428397 (0.07)%
        QqC1wN1_QqGtT1bC2zC1wN1 : 11.0912403 (0.07)%
        GtT1tN1_QqGtT1bC2hC1wN1 : 10.9905670 (0.07)%
        GtT1bC2hC1wN1_QqGtT1tN1 : 10.9905670 (0.07)%
  GtT1tN4wC1wN1_QqGtT1bC2wN2hN1 : 10.9846358 (0.07)%
  GtT1bC2wN2hN1_QqGtT1tN4wC1wN1 : 10.9846358 (0.07)%
          GtT1tN1_GtT1tN3zN2hN1 : 10.9326272 (0.07)%
     GtT1bC1wN1_QqGtT1bC2wN2hN1 : 10.9315931 (0.07)%
     GtT1bC2wN2hN1_QqGtT1bC1wN1 : 10.9315931 (0.07)%
        QqC1wN1_QqGtT1bC2wN2hN1 : 10.7582857 (0.07)%
  GtT1tN3zN2hN1_QqGtT1tN3wC1wN1 : 10.6610754 (0.07)%
  GtT1tN3wC1wN1_QqGtT1tN3zN2hN1 : 10.6610754 (0.07)%
QqGtT1bC2hC1wN1_QqGtT1bC2zC1wN1 : 10.6001742 (0.07)%
              C2hC1wN1_N4hN2hN1 : 10.5511125 (0.07)%
    GtT1bC2zC1wN1_GtT1tN4hN2hN1 : 10.5287531 (0.07)%
              C2wN2hN1_C2zC1wN1 : 10.5067443 (0.07)%
       GtT1bC2hC1wN1_GtT1tN2hN1 : 10.3388111 (0.06)%
QqGtT1bC2hC1wN1_QqGtT1bC2wN2hN1 : 10.2819612 (0.06)%
        GtT1tN1_QqGtT1bC2zC1wN1 : 10.2203847 (0.06)%
        GtT1bC2zC1wN1_QqGtT1tN1 : 10.2203847 (0.06)%
    GtT1bC2wN2hN1_GtT1tN4hN2hN1 : 10.2126841 (0.06)%
              C2hC1wN1_N3zN2hN1 : 10.0121296 (0.06)%
          GtT1tN3wC1wN1_QqN2hN1 : 10.0116318 (0.06)%
        GtT1tN1_QqGtT1bC2wN2hN1 : 9.9135729 (0.06)%
        GtT1bC2wN2hN1_QqGtT1tN1 : 9.9135729 (0.06)%
              C2zC1wN1_N4hN2hN1 : 9.8117258 (0.06)%
       GtT1bC2hC1wN1_GtT1bC2wN1 : 9.7178294 (0.06)%
          GtT1tN3zN2hN1_QqC1wN1 : 9.6418724 (0.06)%
------------------------------------------------------------
                                              SUM=90.01%
