/Users/rafalmaselek/Projects/fastlim-1.0
 
#################################################################
#                                                               #
#                                                               #
#                     This is Fastlim  ver. 1.0                 #
#                                                               #
#          A fast LHC limit calculator for BSM models.          #
#                                                               #
#                  http://cern.ch/fastlim-1.0/                  #
#                                                               #
#  for bugs/feature requests: fastlim-1.0.developers@gmail.com  #
#                                                               #
#    please refer to:                                           #
#    M.Papucci, K.Sakurai, A.Weiler, L.Zeune arXiv:1402.xxxx    #
#                                                               #
#################################################################
 

!! Masses incompatible with the data for ERER !!

!! Problem with reading tables for ER ER !! Probably mass outside the table !! Setting xsec to 10^-20 !!

!! Masses incompatible with the data for ELEL !!

!! Problem with reading tables for EL EL !! Probably mass outside the table !! Setting xsec to 10^-20 !!

!! Masses incompatible with the data for TAU1TAU1 !!

!! Problem with reading tables for TAU1 TAU1 !! Probably mass outside the table !! Setting xsec to 10^-20 !!

!! Masses incompatible with the data for TAU2TAU2 !!

!! Problem with reading tables for TAU2 TAU2 !! Probably mass outside the table !! Setting xsec to 10^-20 !!
Decoupling mG=2369.44356 GeV; mQ=3318.1118650000003 GeV

!! Masses incompatible with the data for QQ !!

!! Problem with reading tables for Q Q !! Probably mass outside the table !! Setting xsec to 10^-20 !!

!! Masses incompatible with the data for GQ !!

!! Problem with reading tables for G Q !! Probably mass outside the table !! Setting xsec to 10^-20 !!
!!! THERE IS MASS SHIFTING IN EWKfast --------------------------------------------------------
Energy  Precision  PDF  Process
13      LO    NNPDF30           C1C1       1.0481836169250516 
13      LO    NNPDF30           C1+C2-     8.744324120546231e-05 # mass is shifted in the grid
13      LO    NNPDF30           C1-C2+     8.744267229847925e-05 # mass is shifted in the grid
13      LO    NNPDF30           C2C2       0.013251295655874969 # mass is shifted in the grid
13      LO    NNPDF30           N1N1       0.008876277282376789 
13      LO    NNPDF30           N1N2       0.0011460364598646037 
13      LO    NNPDF30           N1N3       8.188222558123198e-05 
13      LO    NNPDF30           N1N4       2.4671487405200088e-05 # mass is shifted in the grid
13      LO    NNPDF30           N2N2       0.0069985455884368445 
13      LO    NNPDF30           N2N3       0.00021164664950402276 
13      LO    NNPDF30           N2N4       1.898389509205327e-05 # mass is shifted in the grid
13      LO    NNPDF30           N3N3       1.3775917695358582e-09 
13      LO    NNPDF30           N3N4       0.011094261528680456 
13      LO    NNPDF30           N4N4       1.4407005999376278e-08 # mass is shifted in the grid
13      LO    NNPDF30           N1C1+      0.0019395038109301826 
13      LO    NNPDF30           N2C1+      1.611981677782172  
13      LO    NNPDF30           N3C1+      0.0003613588286957536 
13      LO    NNPDF30           N4C1+      9.091006390553699e-05 # mass is shifted in the grid
13      LO    NNPDF30           N1C1-      0.0006519297806101428 
13      LO    NNPDF30           N2C1-      0.5664048898136981 
13      LO    NNPDF30           N3C1-      0.0001187558410577439 
13      LO    NNPDF30           N4C1-      2.9884162640780317e-05 # mass is shifted in the grid
13      LO    NNPDF30           N1C2+      0.00018242173947075445 # mass is shifted in the grid
13      LO    NNPDF30           N2C2+      7.418392111500482e-05 # mass is shifted in the grid
13      LO    NNPDF30           N3C2+      0.016236397975258277 # mass is shifted in the grid
13      LO    NNPDF30           N4C2+      0.016330019487821503 # mass is shifted in the grid
13      LO    NNPDF30           N1C2-      6.123396901136937e-05 # mass is shifted in the grid
13      LO    NNPDF30           N2C2-      2.4349807354452956e-05 # mass is shifted in the grid
13      LO    NNPDF30           N3C2-      0.005456285058298103 # mass is shifted in the grid
13      LO    NNPDF30           N4C2-      0.005488813579165952 # mass is shifted in the grid

SLHA file: /Users/rafalmaselek/Projects/CheckMateCalculations/UML/SLHA_FIX/cmssm_2723_1028_5_-1028_-1.slha
Input file: /Users/rafalmaselek/ScienceSoft/EWKfast_LO/input_default.dat
Sort: OFF 
Cut: -1 
Unit: fb 
ScaleVariation: OFF 

mC2 = 1501.7566 is out of range. |mC2| = 1500 was used.
mN4 = 1500.07993 is out of range. |mN4| = 1500 was used.

-----------------------------------------------------------------------------------------------
!!! THERE IS MASS SHIFTING IN EWKfast --------------------------------------------------------
Energy  Precision  PDF  Process
13      LO    NNPDF30           C1C1       1.0481836169250516 
13      LO    NNPDF30           C1+C2-     8.744324120546231e-05 # mass is shifted in the grid
13      LO    NNPDF30           C1-C2+     8.744267229847925e-05 # mass is shifted in the grid
13      LO    NNPDF30           C2C2       0.013251295655874969 # mass is shifted in the grid
13      LO    NNPDF30           N1N1       0.008876277282376789 
13      LO    NNPDF30           N1N2       0.0011460364598646037 
13      LO    NNPDF30           N1N3       8.188222558123198e-05 
13      LO    NNPDF30           N1N4       2.4671487405200088e-05 # mass is shifted in the grid
13      LO    NNPDF30           N2N2       0.0069985455884368445 
13      LO    NNPDF30           N2N3       0.00021164664950402276 
13      LO    NNPDF30           N2N4       1.898389509205327e-05 # mass is shifted in the grid
13      LO    NNPDF30           N3N3       1.3775917695358582e-09 
13      LO    NNPDF30           N3N4       0.011094261528680456 
13      LO    NNPDF30           N4N4       1.4407005999376278e-08 # mass is shifted in the grid
13      LO    NNPDF30           N1C1+      0.0019395038109301826 
13      LO    NNPDF30           N2C1+      1.611981677782172  
13      LO    NNPDF30           N3C1+      0.0003613588286957536 
13      LO    NNPDF30           N4C1+      9.091006390553699e-05 # mass is shifted in the grid
13      LO    NNPDF30           N1C1-      0.0006519297806101428 
13      LO    NNPDF30           N2C1-      0.5664048898136981 
13      LO    NNPDF30           N3C1-      0.0001187558410577439 
13      LO    NNPDF30           N4C1-      2.9884162640780317e-05 # mass is shifted in the grid
13      LO    NNPDF30           N1C2+      0.00018242173947075445 # mass is shifted in the grid
13      LO    NNPDF30           N2C2+      7.418392111500482e-05 # mass is shifted in the grid
13      LO    NNPDF30           N3C2+      0.016236397975258277 # mass is shifted in the grid
13      LO    NNPDF30           N4C2+      0.016330019487821503 # mass is shifted in the grid
13      LO    NNPDF30           N1C2-      6.123396901136937e-05 # mass is shifted in the grid
13      LO    NNPDF30           N2C2-      2.4349807354452956e-05 # mass is shifted in the grid
13      LO    NNPDF30           N3C2-      0.005456285058298103 # mass is shifted in the grid
13      LO    NNPDF30           N4C2-      0.005488813579165952 # mass is shifted in the grid

SLHA file: /Users/rafalmaselek/Projects/CheckMateCalculations/UML/SLHA_FIX/cmssm_2723_1028_5_-1028_-1.slha
Input file: /Users/rafalmaselek/ScienceSoft/EWKfast_LO/input_default.dat
Sort: OFF 
Cut: -1 
Unit: fb 
ScaleVariation: OFF 

mC2 = 1501.7566 is out of range. |mC2| = 1500 was used.
mN4 = 1500.07993 is out of range. |mN4| = 1500 was used.

-----------------------------------------------------------------------------------------------
!! EWK PROCESS C1C2 NOT FOUND !! WILL TRY TO LOOK FOR +/- MODES !!
XSEC FOUND FOR: C1-C2+
XSEC FOUND FOR: C1+C2-
!!! THERE IS MASS SHIFTING IN EWKfast --------------------------------------------------------
Energy  Precision  PDF  Process
13      LO    NNPDF30           C1C1       1.0481836169250516 
13      LO    NNPDF30           C1+C2-     8.744324120546231e-05 # mass is shifted in the grid
13      LO    NNPDF30           C1-C2+     8.744267229847925e-05 # mass is shifted in the grid
13      LO    NNPDF30           C2C2       0.013251295655874969 # mass is shifted in the grid
13      LO    NNPDF30           N1N1       0.008876277282376789 
13      LO    NNPDF30           N1N2       0.0011460364598646037 
13      LO    NNPDF30           N1N3       8.188222558123198e-05 
13      LO    NNPDF30           N1N4       2.4671487405200088e-05 # mass is shifted in the grid
13      LO    NNPDF30           N2N2       0.0069985455884368445 
13      LO    NNPDF30           N2N3       0.00021164664950402276 
13      LO    NNPDF30           N2N4       1.898389509205327e-05 # mass is shifted in the grid
13      LO    NNPDF30           N3N3       1.3775917695358582e-09 
13      LO    NNPDF30           N3N4       0.011094261528680456 
13      LO    NNPDF30           N4N4       1.4407005999376278e-08 # mass is shifted in the grid
13      LO    NNPDF30           N1C1+      0.0019395038109301826 
13      LO    NNPDF30           N2C1+      1.611981677782172  
13      LO    NNPDF30           N3C1+      0.0003613588286957536 
13      LO    NNPDF30           N4C1+      9.091006390553699e-05 # mass is shifted in the grid
13      LO    NNPDF30           N1C1-      0.0006519297806101428 
13      LO    NNPDF30           N2C1-      0.5664048898136981 
13      LO    NNPDF30           N3C1-      0.0001187558410577439 
13      LO    NNPDF30           N4C1-      2.9884162640780317e-05 # mass is shifted in the grid
13      LO    NNPDF30           N1C2+      0.00018242173947075445 # mass is shifted in the grid
13      LO    NNPDF30           N2C2+      7.418392111500482e-05 # mass is shifted in the grid
13      LO    NNPDF30           N3C2+      0.016236397975258277 # mass is shifted in the grid
13      LO    NNPDF30           N4C2+      0.016330019487821503 # mass is shifted in the grid
13      LO    NNPDF30           N1C2-      6.123396901136937e-05 # mass is shifted in the grid
13      LO    NNPDF30           N2C2-      2.4349807354452956e-05 # mass is shifted in the grid
13      LO    NNPDF30           N3C2-      0.005456285058298103 # mass is shifted in the grid
13      LO    NNPDF30           N4C2-      0.005488813579165952 # mass is shifted in the grid

SLHA file: /Users/rafalmaselek/Projects/CheckMateCalculations/UML/SLHA_FIX/cmssm_2723_1028_5_-1028_-1.slha
Input file: /Users/rafalmaselek/ScienceSoft/EWKfast_LO/input_default.dat
Sort: OFF 
Cut: -1 
Unit: fb 
ScaleVariation: OFF 

mC2 = 1501.7566 is out of range. |mC2| = 1500 was used.
mN4 = 1500.07993 is out of range. |mN4| = 1500 was used.

-----------------------------------------------------------------------------------------------
!!! THERE IS MASS SHIFTING IN EWKfast --------------------------------------------------------
Energy  Precision  PDF  Process
13      LO    NNPDF30           C1C1       1.0481836169250516 
13      LO    NNPDF30           C1+C2-     8.744324120546231e-05 # mass is shifted in the grid
13      LO    NNPDF30           C1-C2+     8.744267229847925e-05 # mass is shifted in the grid
13      LO    NNPDF30           C2C2       0.013251295655874969 # mass is shifted in the grid
13      LO    NNPDF30           N1N1       0.008876277282376789 
13      LO    NNPDF30           N1N2       0.0011460364598646037 
13      LO    NNPDF30           N1N3       8.188222558123198e-05 
13      LO    NNPDF30           N1N4       2.4671487405200088e-05 # mass is shifted in the grid
13      LO    NNPDF30           N2N2       0.0069985455884368445 
13      LO    NNPDF30           N2N3       0.00021164664950402276 
13      LO    NNPDF30           N2N4       1.898389509205327e-05 # mass is shifted in the grid
13      LO    NNPDF30           N3N3       1.3775917695358582e-09 
13      LO    NNPDF30           N3N4       0.011094261528680456 
13      LO    NNPDF30           N4N4       1.4407005999376278e-08 # mass is shifted in the grid
13      LO    NNPDF30           N1C1+      0.0019395038109301826 
13      LO    NNPDF30           N2C1+      1.611981677782172  
13      LO    NNPDF30           N3C1+      0.0003613588286957536 
13      LO    NNPDF30           N4C1+      9.091006390553699e-05 # mass is shifted in the grid
13      LO    NNPDF30           N1C1-      0.0006519297806101428 
13      LO    NNPDF30           N2C1-      0.5664048898136981 
13      LO    NNPDF30           N3C1-      0.0001187558410577439 
13      LO    NNPDF30           N4C1-      2.9884162640780317e-05 # mass is shifted in the grid
13      LO    NNPDF30           N1C2+      0.00018242173947075445 # mass is shifted in the grid
13      LO    NNPDF30           N2C2+      7.418392111500482e-05 # mass is shifted in the grid
13      LO    NNPDF30           N3C2+      0.016236397975258277 # mass is shifted in the grid
13      LO    NNPDF30           N4C2+      0.016330019487821503 # mass is shifted in the grid
13      LO    NNPDF30           N1C2-      6.123396901136937e-05 # mass is shifted in the grid
13      LO    NNPDF30           N2C2-      2.4349807354452956e-05 # mass is shifted in the grid
13      LO    NNPDF30           N3C2-      0.005456285058298103 # mass is shifted in the grid
13      LO    NNPDF30           N4C2-      0.005488813579165952 # mass is shifted in the grid

SLHA file: /Users/rafalmaselek/Projects/CheckMateCalculations/UML/SLHA_FIX/cmssm_2723_1028_5_-1028_-1.slha
Input file: /Users/rafalmaselek/ScienceSoft/EWKfast_LO/input_default.dat
Sort: OFF 
Cut: -1 
Unit: fb 
ScaleVariation: OFF 

mC2 = 1501.7566 is out of range. |mC2| = 1500 was used.
mN4 = 1500.07993 is out of range. |mN4| = 1500 was used.

-----------------------------------------------------------------------------------------------
!! EWK PROCESS C1N1 NOT FOUND !! WILL TRY TO LOOK FOR +/- MODES !!
XSEC FOUND FOR: C1+N1
XSEC FOUND FOR: C1-N1
!!! THERE IS MASS SHIFTING IN EWKfast --------------------------------------------------------
Energy  Precision  PDF  Process
13      LO    NNPDF30           C1C1       1.0481836169250516 
13      LO    NNPDF30           C1+C2-     8.744324120546231e-05 # mass is shifted in the grid
13      LO    NNPDF30           C1-C2+     8.744267229847925e-05 # mass is shifted in the grid
13      LO    NNPDF30           C2C2       0.013251295655874969 # mass is shifted in the grid
13      LO    NNPDF30           N1N1       0.008876277282376789 
13      LO    NNPDF30           N1N2       0.0011460364598646037 
13      LO    NNPDF30           N1N3       8.188222558123198e-05 
13      LO    NNPDF30           N1N4       2.4671487405200088e-05 # mass is shifted in the grid
13      LO    NNPDF30           N2N2       0.0069985455884368445 
13      LO    NNPDF30           N2N3       0.00021164664950402276 
13      LO    NNPDF30           N2N4       1.898389509205327e-05 # mass is shifted in the grid
13      LO    NNPDF30           N3N3       1.3775917695358582e-09 
13      LO    NNPDF30           N3N4       0.011094261528680456 
13      LO    NNPDF30           N4N4       1.4407005999376278e-08 # mass is shifted in the grid
13      LO    NNPDF30           N1C1+      0.0019395038109301826 
13      LO    NNPDF30           N2C1+      1.611981677782172  
13      LO    NNPDF30           N3C1+      0.0003613588286957536 
13      LO    NNPDF30           N4C1+      9.091006390553699e-05 # mass is shifted in the grid
13      LO    NNPDF30           N1C1-      0.0006519297806101428 
13      LO    NNPDF30           N2C1-      0.5664048898136981 
13      LO    NNPDF30           N3C1-      0.0001187558410577439 
13      LO    NNPDF30           N4C1-      2.9884162640780317e-05 # mass is shifted in the grid
13      LO    NNPDF30           N1C2+      0.00018242173947075445 # mass is shifted in the grid
13      LO    NNPDF30           N2C2+      7.418392111500482e-05 # mass is shifted in the grid
13      LO    NNPDF30           N3C2+      0.016236397975258277 # mass is shifted in the grid
13      LO    NNPDF30           N4C2+      0.016330019487821503 # mass is shifted in the grid
13      LO    NNPDF30           N1C2-      6.123396901136937e-05 # mass is shifted in the grid
13      LO    NNPDF30           N2C2-      2.4349807354452956e-05 # mass is shifted in the grid
13      LO    NNPDF30           N3C2-      0.005456285058298103 # mass is shifted in the grid
13      LO    NNPDF30           N4C2-      0.005488813579165952 # mass is shifted in the grid

SLHA file: /Users/rafalmaselek/Projects/CheckMateCalculations/UML/SLHA_FIX/cmssm_2723_1028_5_-1028_-1.slha
Input file: /Users/rafalmaselek/ScienceSoft/EWKfast_LO/input_default.dat
Sort: OFF 
Cut: -1 
Unit: fb 
ScaleVariation: OFF 

mC2 = 1501.7566 is out of range. |mC2| = 1500 was used.
mN4 = 1500.07993 is out of range. |mN4| = 1500 was used.

-----------------------------------------------------------------------------------------------
!! EWK PROCESS C1N2 NOT FOUND !! WILL TRY TO LOOK FOR +/- MODES !!
XSEC FOUND FOR: C1+N2
XSEC FOUND FOR: C1-N2
!!! THERE IS MASS SHIFTING IN EWKfast --------------------------------------------------------
Energy  Precision  PDF  Process
13      LO    NNPDF30           C1C1       1.0481836169250516 
13      LO    NNPDF30           C1+C2-     8.744324120546231e-05 # mass is shifted in the grid
13      LO    NNPDF30           C1-C2+     8.744267229847925e-05 # mass is shifted in the grid
13      LO    NNPDF30           C2C2       0.013251295655874969 # mass is shifted in the grid
13      LO    NNPDF30           N1N1       0.008876277282376789 
13      LO    NNPDF30           N1N2       0.0011460364598646037 
13      LO    NNPDF30           N1N3       8.188222558123198e-05 
13      LO    NNPDF30           N1N4       2.4671487405200088e-05 # mass is shifted in the grid
13      LO    NNPDF30           N2N2       0.0069985455884368445 
13      LO    NNPDF30           N2N3       0.00021164664950402276 
13      LO    NNPDF30           N2N4       1.898389509205327e-05 # mass is shifted in the grid
13      LO    NNPDF30           N3N3       1.3775917695358582e-09 
13      LO    NNPDF30           N3N4       0.011094261528680456 
13      LO    NNPDF30           N4N4       1.4407005999376278e-08 # mass is shifted in the grid
13      LO    NNPDF30           N1C1+      0.0019395038109301826 
13      LO    NNPDF30           N2C1+      1.611981677782172  
13      LO    NNPDF30           N3C1+      0.0003613588286957536 
13      LO    NNPDF30           N4C1+      9.091006390553699e-05 # mass is shifted in the grid
13      LO    NNPDF30           N1C1-      0.0006519297806101428 
13      LO    NNPDF30           N2C1-      0.5664048898136981 
13      LO    NNPDF30           N3C1-      0.0001187558410577439 
13      LO    NNPDF30           N4C1-      2.9884162640780317e-05 # mass is shifted in the grid
13      LO    NNPDF30           N1C2+      0.00018242173947075445 # mass is shifted in the grid
13      LO    NNPDF30           N2C2+      7.418392111500482e-05 # mass is shifted in the grid
13      LO    NNPDF30           N3C2+      0.016236397975258277 # mass is shifted in the grid
13      LO    NNPDF30           N4C2+      0.016330019487821503 # mass is shifted in the grid
13      LO    NNPDF30           N1C2-      6.123396901136937e-05 # mass is shifted in the grid
13      LO    NNPDF30           N2C2-      2.4349807354452956e-05 # mass is shifted in the grid
13      LO    NNPDF30           N3C2-      0.005456285058298103 # mass is shifted in the grid
13      LO    NNPDF30           N4C2-      0.005488813579165952 # mass is shifted in the grid

SLHA file: /Users/rafalmaselek/Projects/CheckMateCalculations/UML/SLHA_FIX/cmssm_2723_1028_5_-1028_-1.slha
Input file: /Users/rafalmaselek/ScienceSoft/EWKfast_LO/input_default.dat
Sort: OFF 
Cut: -1 
Unit: fb 
ScaleVariation: OFF 

mC2 = 1501.7566 is out of range. |mC2| = 1500 was used.
mN4 = 1500.07993 is out of range. |mN4| = 1500 was used.

-----------------------------------------------------------------------------------------------
!! EWK PROCESS C1N3 NOT FOUND !! WILL TRY TO LOOK FOR +/- MODES !!
XSEC FOUND FOR: C1+N3
XSEC FOUND FOR: C1-N3
!!! THERE IS MASS SHIFTING IN EWKfast --------------------------------------------------------
Energy  Precision  PDF  Process
13      LO    NNPDF30           C1C1       1.0481836169250516 
13      LO    NNPDF30           C1+C2-     8.744324120546231e-05 # mass is shifted in the grid
13      LO    NNPDF30           C1-C2+     8.744267229847925e-05 # mass is shifted in the grid
13      LO    NNPDF30           C2C2       0.013251295655874969 # mass is shifted in the grid
13      LO    NNPDF30           N1N1       0.008876277282376789 
13      LO    NNPDF30           N1N2       0.0011460364598646037 
13      LO    NNPDF30           N1N3       8.188222558123198e-05 
13      LO    NNPDF30           N1N4       2.4671487405200088e-05 # mass is shifted in the grid
13      LO    NNPDF30           N2N2       0.0069985455884368445 
13      LO    NNPDF30           N2N3       0.00021164664950402276 
13      LO    NNPDF30           N2N4       1.898389509205327e-05 # mass is shifted in the grid
13      LO    NNPDF30           N3N3       1.3775917695358582e-09 
13      LO    NNPDF30           N3N4       0.011094261528680456 
13      LO    NNPDF30           N4N4       1.4407005999376278e-08 # mass is shifted in the grid
13      LO    NNPDF30           N1C1+      0.0019395038109301826 
13      LO    NNPDF30           N2C1+      1.611981677782172  
13      LO    NNPDF30           N3C1+      0.0003613588286957536 
13      LO    NNPDF30           N4C1+      9.091006390553699e-05 # mass is shifted in the grid
13      LO    NNPDF30           N1C1-      0.0006519297806101428 
13      LO    NNPDF30           N2C1-      0.5664048898136981 
13      LO    NNPDF30           N3C1-      0.0001187558410577439 
13      LO    NNPDF30           N4C1-      2.9884162640780317e-05 # mass is shifted in the grid
13      LO    NNPDF30           N1C2+      0.00018242173947075445 # mass is shifted in the grid
13      LO    NNPDF30           N2C2+      7.418392111500482e-05 # mass is shifted in the grid
13      LO    NNPDF30           N3C2+      0.016236397975258277 # mass is shifted in the grid
13      LO    NNPDF30           N4C2+      0.016330019487821503 # mass is shifted in the grid
13      LO    NNPDF30           N1C2-      6.123396901136937e-05 # mass is shifted in the grid
13      LO    NNPDF30           N2C2-      2.4349807354452956e-05 # mass is shifted in the grid
13      LO    NNPDF30           N3C2-      0.005456285058298103 # mass is shifted in the grid
13      LO    NNPDF30           N4C2-      0.005488813579165952 # mass is shifted in the grid

SLHA file: /Users/rafalmaselek/Projects/CheckMateCalculations/UML/SLHA_FIX/cmssm_2723_1028_5_-1028_-1.slha
Input file: /Users/rafalmaselek/ScienceSoft/EWKfast_LO/input_default.dat
Sort: OFF 
Cut: -1 
Unit: fb 
ScaleVariation: OFF 

mC2 = 1501.7566 is out of range. |mC2| = 1500 was used.
mN4 = 1500.07993 is out of range. |mN4| = 1500 was used.

-----------------------------------------------------------------------------------------------
!! EWK PROCESS C1N4 NOT FOUND !! WILL TRY TO LOOK FOR +/- MODES !!
XSEC FOUND FOR: C1+N4
XSEC FOUND FOR: C1-N4
!!! THERE IS MASS SHIFTING IN EWKfast --------------------------------------------------------
Energy  Precision  PDF  Process
13      LO    NNPDF30           C1C1       1.0481836169250516 
13      LO    NNPDF30           C1+C2-     8.744324120546231e-05 # mass is shifted in the grid
13      LO    NNPDF30           C1-C2+     8.744267229847925e-05 # mass is shifted in the grid
13      LO    NNPDF30           C2C2       0.013251295655874969 # mass is shifted in the grid
13      LO    NNPDF30           N1N1       0.008876277282376789 
13      LO    NNPDF30           N1N2       0.0011460364598646037 
13      LO    NNPDF30           N1N3       8.188222558123198e-05 
13      LO    NNPDF30           N1N4       2.4671487405200088e-05 # mass is shifted in the grid
13      LO    NNPDF30           N2N2       0.0069985455884368445 
13      LO    NNPDF30           N2N3       0.00021164664950402276 
13      LO    NNPDF30           N2N4       1.898389509205327e-05 # mass is shifted in the grid
13      LO    NNPDF30           N3N3       1.3775917695358582e-09 
13      LO    NNPDF30           N3N4       0.011094261528680456 
13      LO    NNPDF30           N4N4       1.4407005999376278e-08 # mass is shifted in the grid
13      LO    NNPDF30           N1C1+      0.0019395038109301826 
13      LO    NNPDF30           N2C1+      1.611981677782172  
13      LO    NNPDF30           N3C1+      0.0003613588286957536 
13      LO    NNPDF30           N4C1+      9.091006390553699e-05 # mass is shifted in the grid
13      LO    NNPDF30           N1C1-      0.0006519297806101428 
13      LO    NNPDF30           N2C1-      0.5664048898136981 
13      LO    NNPDF30           N3C1-      0.0001187558410577439 
13      LO    NNPDF30           N4C1-      2.9884162640780317e-05 # mass is shifted in the grid
13      LO    NNPDF30           N1C2+      0.00018242173947075445 # mass is shifted in the grid
13      LO    NNPDF30           N2C2+      7.418392111500482e-05 # mass is shifted in the grid
13      LO    NNPDF30           N3C2+      0.016236397975258277 # mass is shifted in the grid
13      LO    NNPDF30           N4C2+      0.016330019487821503 # mass is shifted in the grid
13      LO    NNPDF30           N1C2-      6.123396901136937e-05 # mass is shifted in the grid
13      LO    NNPDF30           N2C2-      2.4349807354452956e-05 # mass is shifted in the grid
13      LO    NNPDF30           N3C2-      0.005456285058298103 # mass is shifted in the grid
13      LO    NNPDF30           N4C2-      0.005488813579165952 # mass is shifted in the grid

SLHA file: /Users/rafalmaselek/Projects/CheckMateCalculations/UML/SLHA_FIX/cmssm_2723_1028_5_-1028_-1.slha
Input file: /Users/rafalmaselek/ScienceSoft/EWKfast_LO/input_default.dat
Sort: OFF 
Cut: -1 
Unit: fb 
ScaleVariation: OFF 

mC2 = 1501.7566 is out of range. |mC2| = 1500 was used.
mN4 = 1500.07993 is out of range. |mN4| = 1500 was used.

-----------------------------------------------------------------------------------------------
!! EWK PROCESS C2N1 NOT FOUND !! WILL TRY TO LOOK FOR +/- MODES !!
XSEC FOUND FOR: C2+N1
XSEC FOUND FOR: C2-N1
!!! THERE IS MASS SHIFTING IN EWKfast --------------------------------------------------------
Energy  Precision  PDF  Process
13      LO    NNPDF30           C1C1       1.0481836169250516 
13      LO    NNPDF30           C1+C2-     8.744324120546231e-05 # mass is shifted in the grid
13      LO    NNPDF30           C1-C2+     8.744267229847925e-05 # mass is shifted in the grid
13      LO    NNPDF30           C2C2       0.013251295655874969 # mass is shifted in the grid
13      LO    NNPDF30           N1N1       0.008876277282376789 
13      LO    NNPDF30           N1N2       0.0011460364598646037 
13      LO    NNPDF30           N1N3       8.188222558123198e-05 
13      LO    NNPDF30           N1N4       2.4671487405200088e-05 # mass is shifted in the grid
13      LO    NNPDF30           N2N2       0.0069985455884368445 
13      LO    NNPDF30           N2N3       0.00021164664950402276 
13      LO    NNPDF30           N2N4       1.898389509205327e-05 # mass is shifted in the grid
13      LO    NNPDF30           N3N3       1.3775917695358582e-09 
13      LO    NNPDF30           N3N4       0.011094261528680456 
13      LO    NNPDF30           N4N4       1.4407005999376278e-08 # mass is shifted in the grid
13      LO    NNPDF30           N1C1+      0.0019395038109301826 
13      LO    NNPDF30           N2C1+      1.611981677782172  
13      LO    NNPDF30           N3C1+      0.0003613588286957536 
13      LO    NNPDF30           N4C1+      9.091006390553699e-05 # mass is shifted in the grid
13      LO    NNPDF30           N1C1-      0.0006519297806101428 
13      LO    NNPDF30           N2C1-      0.5664048898136981 
13      LO    NNPDF30           N3C1-      0.0001187558410577439 
13      LO    NNPDF30           N4C1-      2.9884162640780317e-05 # mass is shifted in the grid
13      LO    NNPDF30           N1C2+      0.00018242173947075445 # mass is shifted in the grid
13      LO    NNPDF30           N2C2+      7.418392111500482e-05 # mass is shifted in the grid
13      LO    NNPDF30           N3C2+      0.016236397975258277 # mass is shifted in the grid
13      LO    NNPDF30           N4C2+      0.016330019487821503 # mass is shifted in the grid
13      LO    NNPDF30           N1C2-      6.123396901136937e-05 # mass is shifted in the grid
13      LO    NNPDF30           N2C2-      2.4349807354452956e-05 # mass is shifted in the grid
13      LO    NNPDF30           N3C2-      0.005456285058298103 # mass is shifted in the grid
13      LO    NNPDF30           N4C2-      0.005488813579165952 # mass is shifted in the grid

SLHA file: /Users/rafalmaselek/Projects/CheckMateCalculations/UML/SLHA_FIX/cmssm_2723_1028_5_-1028_-1.slha
Input file: /Users/rafalmaselek/ScienceSoft/EWKfast_LO/input_default.dat
Sort: OFF 
Cut: -1 
Unit: fb 
ScaleVariation: OFF 

mC2 = 1501.7566 is out of range. |mC2| = 1500 was used.
mN4 = 1500.07993 is out of range. |mN4| = 1500 was used.

-----------------------------------------------------------------------------------------------
!! EWK PROCESS C2N2 NOT FOUND !! WILL TRY TO LOOK FOR +/- MODES !!
XSEC FOUND FOR: C2+N2
XSEC FOUND FOR: C2-N2
!!! THERE IS MASS SHIFTING IN EWKfast --------------------------------------------------------
Energy  Precision  PDF  Process
13      LO    NNPDF30           C1C1       1.0481836169250516 
13      LO    NNPDF30           C1+C2-     8.744324120546231e-05 # mass is shifted in the grid
13      LO    NNPDF30           C1-C2+     8.744267229847925e-05 # mass is shifted in the grid
13      LO    NNPDF30           C2C2       0.013251295655874969 # mass is shifted in the grid
13      LO    NNPDF30           N1N1       0.008876277282376789 
13      LO    NNPDF30           N1N2       0.0011460364598646037 
13      LO    NNPDF30           N1N3       8.188222558123198e-05 
13      LO    NNPDF30           N1N4       2.4671487405200088e-05 # mass is shifted in the grid
13      LO    NNPDF30           N2N2       0.0069985455884368445 
13      LO    NNPDF30           N2N3       0.00021164664950402276 
13      LO    NNPDF30           N2N4       1.898389509205327e-05 # mass is shifted in the grid
13      LO    NNPDF30           N3N3       1.3775917695358582e-09 
13      LO    NNPDF30           N3N4       0.011094261528680456 
13      LO    NNPDF30           N4N4       1.4407005999376278e-08 # mass is shifted in the grid
13      LO    NNPDF30           N1C1+      0.0019395038109301826 
13      LO    NNPDF30           N2C1+      1.611981677782172  
13      LO    NNPDF30           N3C1+      0.0003613588286957536 
13      LO    NNPDF30           N4C1+      9.091006390553699e-05 # mass is shifted in the grid
13      LO    NNPDF30           N1C1-      0.0006519297806101428 
13      LO    NNPDF30           N2C1-      0.5664048898136981 
13      LO    NNPDF30           N3C1-      0.0001187558410577439 
13      LO    NNPDF30           N4C1-      2.9884162640780317e-05 # mass is shifted in the grid
13      LO    NNPDF30           N1C2+      0.00018242173947075445 # mass is shifted in the grid
13      LO    NNPDF30           N2C2+      7.418392111500482e-05 # mass is shifted in the grid
13      LO    NNPDF30           N3C2+      0.016236397975258277 # mass is shifted in the grid
13      LO    NNPDF30           N4C2+      0.016330019487821503 # mass is shifted in the grid
13      LO    NNPDF30           N1C2-      6.123396901136937e-05 # mass is shifted in the grid
13      LO    NNPDF30           N2C2-      2.4349807354452956e-05 # mass is shifted in the grid
13      LO    NNPDF30           N3C2-      0.005456285058298103 # mass is shifted in the grid
13      LO    NNPDF30           N4C2-      0.005488813579165952 # mass is shifted in the grid

SLHA file: /Users/rafalmaselek/Projects/CheckMateCalculations/UML/SLHA_FIX/cmssm_2723_1028_5_-1028_-1.slha
Input file: /Users/rafalmaselek/ScienceSoft/EWKfast_LO/input_default.dat
Sort: OFF 
Cut: -1 
Unit: fb 
ScaleVariation: OFF 

mC2 = 1501.7566 is out of range. |mC2| = 1500 was used.
mN4 = 1500.07993 is out of range. |mN4| = 1500 was used.

-----------------------------------------------------------------------------------------------
!! EWK PROCESS C2N3 NOT FOUND !! WILL TRY TO LOOK FOR +/- MODES !!
XSEC FOUND FOR: C2+N3
XSEC FOUND FOR: C2-N3
!!! THERE IS MASS SHIFTING IN EWKfast --------------------------------------------------------
Energy  Precision  PDF  Process
13      LO    NNPDF30           C1C1       1.0481836169250516 
13      LO    NNPDF30           C1+C2-     8.744324120546231e-05 # mass is shifted in the grid
13      LO    NNPDF30           C1-C2+     8.744267229847925e-05 # mass is shifted in the grid
13      LO    NNPDF30           C2C2       0.013251295655874969 # mass is shifted in the grid
13      LO    NNPDF30           N1N1       0.008876277282376789 
13      LO    NNPDF30           N1N2       0.0011460364598646037 
13      LO    NNPDF30           N1N3       8.188222558123198e-05 
13      LO    NNPDF30           N1N4       2.4671487405200088e-05 # mass is shifted in the grid
13      LO    NNPDF30           N2N2       0.0069985455884368445 
13      LO    NNPDF30           N2N3       0.00021164664950402276 
13      LO    NNPDF30           N2N4       1.898389509205327e-05 # mass is shifted in the grid
13      LO    NNPDF30           N3N3       1.3775917695358582e-09 
13      LO    NNPDF30           N3N4       0.011094261528680456 
13      LO    NNPDF30           N4N4       1.4407005999376278e-08 # mass is shifted in the grid
13      LO    NNPDF30           N1C1+      0.0019395038109301826 
13      LO    NNPDF30           N2C1+      1.611981677782172  
13      LO    NNPDF30           N3C1+      0.0003613588286957536 
13      LO    NNPDF30           N4C1+      9.091006390553699e-05 # mass is shifted in the grid
13      LO    NNPDF30           N1C1-      0.0006519297806101428 
13      LO    NNPDF30           N2C1-      0.5664048898136981 
13      LO    NNPDF30           N3C1-      0.0001187558410577439 
13      LO    NNPDF30           N4C1-      2.9884162640780317e-05 # mass is shifted in the grid
13      LO    NNPDF30           N1C2+      0.00018242173947075445 # mass is shifted in the grid
13      LO    NNPDF30           N2C2+      7.418392111500482e-05 # mass is shifted in the grid
13      LO    NNPDF30           N3C2+      0.016236397975258277 # mass is shifted in the grid
13      LO    NNPDF30           N4C2+      0.016330019487821503 # mass is shifted in the grid
13      LO    NNPDF30           N1C2-      6.123396901136937e-05 # mass is shifted in the grid
13      LO    NNPDF30           N2C2-      2.4349807354452956e-05 # mass is shifted in the grid
13      LO    NNPDF30           N3C2-      0.005456285058298103 # mass is shifted in the grid
13      LO    NNPDF30           N4C2-      0.005488813579165952 # mass is shifted in the grid

SLHA file: /Users/rafalmaselek/Projects/CheckMateCalculations/UML/SLHA_FIX/cmssm_2723_1028_5_-1028_-1.slha
Input file: /Users/rafalmaselek/ScienceSoft/EWKfast_LO/input_default.dat
Sort: OFF 
Cut: -1 
Unit: fb 
ScaleVariation: OFF 

mC2 = 1501.7566 is out of range. |mC2| = 1500 was used.
mN4 = 1500.07993 is out of range. |mN4| = 1500 was used.

-----------------------------------------------------------------------------------------------
!! EWK PROCESS C2N4 NOT FOUND !! WILL TRY TO LOOK FOR +/- MODES !!
XSEC FOUND FOR: C2+N4
XSEC FOUND FOR: C2-N4
!!! THERE IS MASS SHIFTING IN EWKfast --------------------------------------------------------
Energy  Precision  PDF  Process
13      LO    NNPDF30           C1C1       1.0481836169250516 
13      LO    NNPDF30           C1+C2-     8.744324120546231e-05 # mass is shifted in the grid
13      LO    NNPDF30           C1-C2+     8.744267229847925e-05 # mass is shifted in the grid
13      LO    NNPDF30           C2C2       0.013251295655874969 # mass is shifted in the grid
13      LO    NNPDF30           N1N1       0.008876277282376789 
13      LO    NNPDF30           N1N2       0.0011460364598646037 
13      LO    NNPDF30           N1N3       8.188222558123198e-05 
13      LO    NNPDF30           N1N4       2.4671487405200088e-05 # mass is shifted in the grid
13      LO    NNPDF30           N2N2       0.0069985455884368445 
13      LO    NNPDF30           N2N3       0.00021164664950402276 
13      LO    NNPDF30           N2N4       1.898389509205327e-05 # mass is shifted in the grid
13      LO    NNPDF30           N3N3       1.3775917695358582e-09 
13      LO    NNPDF30           N3N4       0.011094261528680456 
13      LO    NNPDF30           N4N4       1.4407005999376278e-08 # mass is shifted in the grid
13      LO    NNPDF30           N1C1+      0.0019395038109301826 
13      LO    NNPDF30           N2C1+      1.611981677782172  
13      LO    NNPDF30           N3C1+      0.0003613588286957536 
13      LO    NNPDF30           N4C1+      9.091006390553699e-05 # mass is shifted in the grid
13      LO    NNPDF30           N1C1-      0.0006519297806101428 
13      LO    NNPDF30           N2C1-      0.5664048898136981 
13      LO    NNPDF30           N3C1-      0.0001187558410577439 
13      LO    NNPDF30           N4C1-      2.9884162640780317e-05 # mass is shifted in the grid
13      LO    NNPDF30           N1C2+      0.00018242173947075445 # mass is shifted in the grid
13      LO    NNPDF30           N2C2+      7.418392111500482e-05 # mass is shifted in the grid
13      LO    NNPDF30           N3C2+      0.016236397975258277 # mass is shifted in the grid
13      LO    NNPDF30           N4C2+      0.016330019487821503 # mass is shifted in the grid
13      LO    NNPDF30           N1C2-      6.123396901136937e-05 # mass is shifted in the grid
13      LO    NNPDF30           N2C2-      2.4349807354452956e-05 # mass is shifted in the grid
13      LO    NNPDF30           N3C2-      0.005456285058298103 # mass is shifted in the grid
13      LO    NNPDF30           N4C2-      0.005488813579165952 # mass is shifted in the grid

SLHA file: /Users/rafalmaselek/Projects/CheckMateCalculations/UML/SLHA_FIX/cmssm_2723_1028_5_-1028_-1.slha
Input file: /Users/rafalmaselek/ScienceSoft/EWKfast_LO/input_default.dat
Sort: OFF 
Cut: -1 
Unit: fb 
ScaleVariation: OFF 

mC2 = 1501.7566 is out of range. |mC2| = 1500 was used.
mN4 = 1500.07993 is out of range. |mN4| = 1500 was used.

-----------------------------------------------------------------------------------------------
!!! THERE IS MASS SHIFTING IN EWKfast --------------------------------------------------------
Energy  Precision  PDF  Process
13      LO    NNPDF30           C1C1       1.0481836169250516 
13      LO    NNPDF30           C1+C2-     8.744324120546231e-05 # mass is shifted in the grid
13      LO    NNPDF30           C1-C2+     8.744267229847925e-05 # mass is shifted in the grid
13      LO    NNPDF30           C2C2       0.013251295655874969 # mass is shifted in the grid
13      LO    NNPDF30           N1N1       0.008876277282376789 
13      LO    NNPDF30           N1N2       0.0011460364598646037 
13      LO    NNPDF30           N1N3       8.188222558123198e-05 
13      LO    NNPDF30           N1N4       2.4671487405200088e-05 # mass is shifted in the grid
13      LO    NNPDF30           N2N2       0.0069985455884368445 
13      LO    NNPDF30           N2N3       0.00021164664950402276 
13      LO    NNPDF30           N2N4       1.898389509205327e-05 # mass is shifted in the grid
13      LO    NNPDF30           N3N3       1.3775917695358582e-09 
13      LO    NNPDF30           N3N4       0.011094261528680456 
13      LO    NNPDF30           N4N4       1.4407005999376278e-08 # mass is shifted in the grid
13      LO    NNPDF30           N1C1+      0.0019395038109301826 
13      LO    NNPDF30           N2C1+      1.611981677782172  
13      LO    NNPDF30           N3C1+      0.0003613588286957536 
13      LO    NNPDF30           N4C1+      9.091006390553699e-05 # mass is shifted in the grid
13      LO    NNPDF30           N1C1-      0.0006519297806101428 
13      LO    NNPDF30           N2C1-      0.5664048898136981 
13      LO    NNPDF30           N3C1-      0.0001187558410577439 
13      LO    NNPDF30           N4C1-      2.9884162640780317e-05 # mass is shifted in the grid
13      LO    NNPDF30           N1C2+      0.00018242173947075445 # mass is shifted in the grid
13      LO    NNPDF30           N2C2+      7.418392111500482e-05 # mass is shifted in the grid
13      LO    NNPDF30           N3C2+      0.016236397975258277 # mass is shifted in the grid
13      LO    NNPDF30           N4C2+      0.016330019487821503 # mass is shifted in the grid
13      LO    NNPDF30           N1C2-      6.123396901136937e-05 # mass is shifted in the grid
13      LO    NNPDF30           N2C2-      2.4349807354452956e-05 # mass is shifted in the grid
13      LO    NNPDF30           N3C2-      0.005456285058298103 # mass is shifted in the grid
13      LO    NNPDF30           N4C2-      0.005488813579165952 # mass is shifted in the grid

SLHA file: /Users/rafalmaselek/Projects/CheckMateCalculations/UML/SLHA_FIX/cmssm_2723_1028_5_-1028_-1.slha
Input file: /Users/rafalmaselek/ScienceSoft/EWKfast_LO/input_default.dat
Sort: OFF 
Cut: -1 
Unit: fb 
ScaleVariation: OFF 

mC2 = 1501.7566 is out of range. |mC2| = 1500 was used.
mN4 = 1500.07993 is out of range. |mN4| = 1500 was used.

-----------------------------------------------------------------------------------------------
!!! THERE IS MASS SHIFTING IN EWKfast --------------------------------------------------------
Energy  Precision  PDF  Process
13      LO    NNPDF30           C1C1       1.0481836169250516 
13      LO    NNPDF30           C1+C2-     8.744324120546231e-05 # mass is shifted in the grid
13      LO    NNPDF30           C1-C2+     8.744267229847925e-05 # mass is shifted in the grid
13      LO    NNPDF30           C2C2       0.013251295655874969 # mass is shifted in the grid
13      LO    NNPDF30           N1N1       0.008876277282376789 
13      LO    NNPDF30           N1N2       0.0011460364598646037 
13      LO    NNPDF30           N1N3       8.188222558123198e-05 
13      LO    NNPDF30           N1N4       2.4671487405200088e-05 # mass is shifted in the grid
13      LO    NNPDF30           N2N2       0.0069985455884368445 
13      LO    NNPDF30           N2N3       0.00021164664950402276 
13      LO    NNPDF30           N2N4       1.898389509205327e-05 # mass is shifted in the grid
13      LO    NNPDF30           N3N3       1.3775917695358582e-09 
13      LO    NNPDF30           N3N4       0.011094261528680456 
13      LO    NNPDF30           N4N4       1.4407005999376278e-08 # mass is shifted in the grid
13      LO    NNPDF30           N1C1+      0.0019395038109301826 
13      LO    NNPDF30           N2C1+      1.611981677782172  
13      LO    NNPDF30           N3C1+      0.0003613588286957536 
13      LO    NNPDF30           N4C1+      9.091006390553699e-05 # mass is shifted in the grid
13      LO    NNPDF30           N1C1-      0.0006519297806101428 
13      LO    NNPDF30           N2C1-      0.5664048898136981 
13      LO    NNPDF30           N3C1-      0.0001187558410577439 
13      LO    NNPDF30           N4C1-      2.9884162640780317e-05 # mass is shifted in the grid
13      LO    NNPDF30           N1C2+      0.00018242173947075445 # mass is shifted in the grid
13      LO    NNPDF30           N2C2+      7.418392111500482e-05 # mass is shifted in the grid
13      LO    NNPDF30           N3C2+      0.016236397975258277 # mass is shifted in the grid
13      LO    NNPDF30           N4C2+      0.016330019487821503 # mass is shifted in the grid
13      LO    NNPDF30           N1C2-      6.123396901136937e-05 # mass is shifted in the grid
13      LO    NNPDF30           N2C2-      2.4349807354452956e-05 # mass is shifted in the grid
13      LO    NNPDF30           N3C2-      0.005456285058298103 # mass is shifted in the grid
13      LO    NNPDF30           N4C2-      0.005488813579165952 # mass is shifted in the grid

SLHA file: /Users/rafalmaselek/Projects/CheckMateCalculations/UML/SLHA_FIX/cmssm_2723_1028_5_-1028_-1.slha
Input file: /Users/rafalmaselek/ScienceSoft/EWKfast_LO/input_default.dat
Sort: OFF 
Cut: -1 
Unit: fb 
ScaleVariation: OFF 

mC2 = 1501.7566 is out of range. |mC2| = 1500 was used.
mN4 = 1500.07993 is out of range. |mN4| = 1500 was used.

-----------------------------------------------------------------------------------------------
!!! THERE IS MASS SHIFTING IN EWKfast --------------------------------------------------------
Energy  Precision  PDF  Process
13      LO    NNPDF30           C1C1       1.0481836169250516 
13      LO    NNPDF30           C1+C2-     8.744324120546231e-05 # mass is shifted in the grid
13      LO    NNPDF30           C1-C2+     8.744267229847925e-05 # mass is shifted in the grid
13      LO    NNPDF30           C2C2       0.013251295655874969 # mass is shifted in the grid
13      LO    NNPDF30           N1N1       0.008876277282376789 
13      LO    NNPDF30           N1N2       0.0011460364598646037 
13      LO    NNPDF30           N1N3       8.188222558123198e-05 
13      LO    NNPDF30           N1N4       2.4671487405200088e-05 # mass is shifted in the grid
13      LO    NNPDF30           N2N2       0.0069985455884368445 
13      LO    NNPDF30           N2N3       0.00021164664950402276 
13      LO    NNPDF30           N2N4       1.898389509205327e-05 # mass is shifted in the grid
13      LO    NNPDF30           N3N3       1.3775917695358582e-09 
13      LO    NNPDF30           N3N4       0.011094261528680456 
13      LO    NNPDF30           N4N4       1.4407005999376278e-08 # mass is shifted in the grid
13      LO    NNPDF30           N1C1+      0.0019395038109301826 
13      LO    NNPDF30           N2C1+      1.611981677782172  
13      LO    NNPDF30           N3C1+      0.0003613588286957536 
13      LO    NNPDF30           N4C1+      9.091006390553699e-05 # mass is shifted in the grid
13      LO    NNPDF30           N1C1-      0.0006519297806101428 
13      LO    NNPDF30           N2C1-      0.5664048898136981 
13      LO    NNPDF30           N3C1-      0.0001187558410577439 
13      LO    NNPDF30           N4C1-      2.9884162640780317e-05 # mass is shifted in the grid
13      LO    NNPDF30           N1C2+      0.00018242173947075445 # mass is shifted in the grid
13      LO    NNPDF30           N2C2+      7.418392111500482e-05 # mass is shifted in the grid
13      LO    NNPDF30           N3C2+      0.016236397975258277 # mass is shifted in the grid
13      LO    NNPDF30           N4C2+      0.016330019487821503 # mass is shifted in the grid
13      LO    NNPDF30           N1C2-      6.123396901136937e-05 # mass is shifted in the grid
13      LO    NNPDF30           N2C2-      2.4349807354452956e-05 # mass is shifted in the grid
13      LO    NNPDF30           N3C2-      0.005456285058298103 # mass is shifted in the grid
13      LO    NNPDF30           N4C2-      0.005488813579165952 # mass is shifted in the grid

SLHA file: /Users/rafalmaselek/Projects/CheckMateCalculations/UML/SLHA_FIX/cmssm_2723_1028_5_-1028_-1.slha
Input file: /Users/rafalmaselek/ScienceSoft/EWKfast_LO/input_default.dat
Sort: OFF 
Cut: -1 
Unit: fb 
ScaleVariation: OFF 

mC2 = 1501.7566 is out of range. |mC2| = 1500 was used.
mN4 = 1500.07993 is out of range. |mN4| = 1500 was used.

-----------------------------------------------------------------------------------------------
!!! THERE IS MASS SHIFTING IN EWKfast --------------------------------------------------------
Energy  Precision  PDF  Process
13      LO    NNPDF30           C1C1       1.0481836169250516 
13      LO    NNPDF30           C1+C2-     8.744324120546231e-05 # mass is shifted in the grid
13      LO    NNPDF30           C1-C2+     8.744267229847925e-05 # mass is shifted in the grid
13      LO    NNPDF30           C2C2       0.013251295655874969 # mass is shifted in the grid
13      LO    NNPDF30           N1N1       0.008876277282376789 
13      LO    NNPDF30           N1N2       0.0011460364598646037 
13      LO    NNPDF30           N1N3       8.188222558123198e-05 
13      LO    NNPDF30           N1N4       2.4671487405200088e-05 # mass is shifted in the grid
13      LO    NNPDF30           N2N2       0.0069985455884368445 
13      LO    NNPDF30           N2N3       0.00021164664950402276 
13      LO    NNPDF30           N2N4       1.898389509205327e-05 # mass is shifted in the grid
13      LO    NNPDF30           N3N3       1.3775917695358582e-09 
13      LO    NNPDF30           N3N4       0.011094261528680456 
13      LO    NNPDF30           N4N4       1.4407005999376278e-08 # mass is shifted in the grid
13      LO    NNPDF30           N1C1+      0.0019395038109301826 
13      LO    NNPDF30           N2C1+      1.611981677782172  
13      LO    NNPDF30           N3C1+      0.0003613588286957536 
13      LO    NNPDF30           N4C1+      9.091006390553699e-05 # mass is shifted in the grid
13      LO    NNPDF30           N1C1-      0.0006519297806101428 
13      LO    NNPDF30           N2C1-      0.5664048898136981 
13      LO    NNPDF30           N3C1-      0.0001187558410577439 
13      LO    NNPDF30           N4C1-      2.9884162640780317e-05 # mass is shifted in the grid
13      LO    NNPDF30           N1C2+      0.00018242173947075445 # mass is shifted in the grid
13      LO    NNPDF30           N2C2+      7.418392111500482e-05 # mass is shifted in the grid
13      LO    NNPDF30           N3C2+      0.016236397975258277 # mass is shifted in the grid
13      LO    NNPDF30           N4C2+      0.016330019487821503 # mass is shifted in the grid
13      LO    NNPDF30           N1C2-      6.123396901136937e-05 # mass is shifted in the grid
13      LO    NNPDF30           N2C2-      2.4349807354452956e-05 # mass is shifted in the grid
13      LO    NNPDF30           N3C2-      0.005456285058298103 # mass is shifted in the grid
13      LO    NNPDF30           N4C2-      0.005488813579165952 # mass is shifted in the grid

SLHA file: /Users/rafalmaselek/Projects/CheckMateCalculations/UML/SLHA_FIX/cmssm_2723_1028_5_-1028_-1.slha
Input file: /Users/rafalmaselek/ScienceSoft/EWKfast_LO/input_default.dat
Sort: OFF 
Cut: -1 
Unit: fb 
ScaleVariation: OFF 

mC2 = 1501.7566 is out of range. |mC2| = 1500 was used.
mN4 = 1500.07993 is out of range. |mN4| = 1500 was used.

-----------------------------------------------------------------------------------------------
!!! THERE IS MASS SHIFTING IN EWKfast --------------------------------------------------------
Energy  Precision  PDF  Process
13      LO    NNPDF30           C1C1       1.0481836169250516 
13      LO    NNPDF30           C1+C2-     8.744324120546231e-05 # mass is shifted in the grid
13      LO    NNPDF30           C1-C2+     8.744267229847925e-05 # mass is shifted in the grid
13      LO    NNPDF30           C2C2       0.013251295655874969 # mass is shifted in the grid
13      LO    NNPDF30           N1N1       0.008876277282376789 
13      LO    NNPDF30           N1N2       0.0011460364598646037 
13      LO    NNPDF30           N1N3       8.188222558123198e-05 
13      LO    NNPDF30           N1N4       2.4671487405200088e-05 # mass is shifted in the grid
13      LO    NNPDF30           N2N2       0.0069985455884368445 
13      LO    NNPDF30           N2N3       0.00021164664950402276 
13      LO    NNPDF30           N2N4       1.898389509205327e-05 # mass is shifted in the grid
13      LO    NNPDF30           N3N3       1.3775917695358582e-09 
13      LO    NNPDF30           N3N4       0.011094261528680456 
13      LO    NNPDF30           N4N4       1.4407005999376278e-08 # mass is shifted in the grid
13      LO    NNPDF30           N1C1+      0.0019395038109301826 
13      LO    NNPDF30           N2C1+      1.611981677782172  
13      LO    NNPDF30           N3C1+      0.0003613588286957536 
13      LO    NNPDF30           N4C1+      9.091006390553699e-05 # mass is shifted in the grid
13      LO    NNPDF30           N1C1-      0.0006519297806101428 
13      LO    NNPDF30           N2C1-      0.5664048898136981 
13      LO    NNPDF30           N3C1-      0.0001187558410577439 
13      LO    NNPDF30           N4C1-      2.9884162640780317e-05 # mass is shifted in the grid
13      LO    NNPDF30           N1C2+      0.00018242173947075445 # mass is shifted in the grid
13      LO    NNPDF30           N2C2+      7.418392111500482e-05 # mass is shifted in the grid
13      LO    NNPDF30           N3C2+      0.016236397975258277 # mass is shifted in the grid
13      LO    NNPDF30           N4C2+      0.016330019487821503 # mass is shifted in the grid
13      LO    NNPDF30           N1C2-      6.123396901136937e-05 # mass is shifted in the grid
13      LO    NNPDF30           N2C2-      2.4349807354452956e-05 # mass is shifted in the grid
13      LO    NNPDF30           N3C2-      0.005456285058298103 # mass is shifted in the grid
13      LO    NNPDF30           N4C2-      0.005488813579165952 # mass is shifted in the grid

SLHA file: /Users/rafalmaselek/Projects/CheckMateCalculations/UML/SLHA_FIX/cmssm_2723_1028_5_-1028_-1.slha
Input file: /Users/rafalmaselek/ScienceSoft/EWKfast_LO/input_default.dat
Sort: OFF 
Cut: -1 
Unit: fb 
ScaleVariation: OFF 

mC2 = 1501.7566 is out of range. |mC2| = 1500 was used.
mN4 = 1500.07993 is out of range. |mN4| = 1500 was used.

-----------------------------------------------------------------------------------------------
!!! THERE IS MASS SHIFTING IN EWKfast --------------------------------------------------------
Energy  Precision  PDF  Process
13      LO    NNPDF30           C1C1       1.0481836169250516 
13      LO    NNPDF30           C1+C2-     8.744324120546231e-05 # mass is shifted in the grid
13      LO    NNPDF30           C1-C2+     8.744267229847925e-05 # mass is shifted in the grid
13      LO    NNPDF30           C2C2       0.013251295655874969 # mass is shifted in the grid
13      LO    NNPDF30           N1N1       0.008876277282376789 
13      LO    NNPDF30           N1N2       0.0011460364598646037 
13      LO    NNPDF30           N1N3       8.188222558123198e-05 
13      LO    NNPDF30           N1N4       2.4671487405200088e-05 # mass is shifted in the grid
13      LO    NNPDF30           N2N2       0.0069985455884368445 
13      LO    NNPDF30           N2N3       0.00021164664950402276 
13      LO    NNPDF30           N2N4       1.898389509205327e-05 # mass is shifted in the grid
13      LO    NNPDF30           N3N3       1.3775917695358582e-09 
13      LO    NNPDF30           N3N4       0.011094261528680456 
13      LO    NNPDF30           N4N4       1.4407005999376278e-08 # mass is shifted in the grid
13      LO    NNPDF30           N1C1+      0.0019395038109301826 
13      LO    NNPDF30           N2C1+      1.611981677782172  
13      LO    NNPDF30           N3C1+      0.0003613588286957536 
13      LO    NNPDF30           N4C1+      9.091006390553699e-05 # mass is shifted in the grid
13      LO    NNPDF30           N1C1-      0.0006519297806101428 
13      LO    NNPDF30           N2C1-      0.5664048898136981 
13      LO    NNPDF30           N3C1-      0.0001187558410577439 
13      LO    NNPDF30           N4C1-      2.9884162640780317e-05 # mass is shifted in the grid
13      LO    NNPDF30           N1C2+      0.00018242173947075445 # mass is shifted in the grid
13      LO    NNPDF30           N2C2+      7.418392111500482e-05 # mass is shifted in the grid
13      LO    NNPDF30           N3C2+      0.016236397975258277 # mass is shifted in the grid
13      LO    NNPDF30           N4C2+      0.016330019487821503 # mass is shifted in the grid
13      LO    NNPDF30           N1C2-      6.123396901136937e-05 # mass is shifted in the grid
13      LO    NNPDF30           N2C2-      2.4349807354452956e-05 # mass is shifted in the grid
13      LO    NNPDF30           N3C2-      0.005456285058298103 # mass is shifted in the grid
13      LO    NNPDF30           N4C2-      0.005488813579165952 # mass is shifted in the grid

SLHA file: /Users/rafalmaselek/Projects/CheckMateCalculations/UML/SLHA_FIX/cmssm_2723_1028_5_-1028_-1.slha
Input file: /Users/rafalmaselek/ScienceSoft/EWKfast_LO/input_default.dat
Sort: OFF 
Cut: -1 
Unit: fb 
ScaleVariation: OFF 

mC2 = 1501.7566 is out of range. |mC2| = 1500 was used.
mN4 = 1500.07993 is out of range. |mN4| = 1500 was used.

-----------------------------------------------------------------------------------------------
!!! THERE IS MASS SHIFTING IN EWKfast --------------------------------------------------------
Energy  Precision  PDF  Process
13      LO    NNPDF30           C1C1       1.0481836169250516 
13      LO    NNPDF30           C1+C2-     8.744324120546231e-05 # mass is shifted in the grid
13      LO    NNPDF30           C1-C2+     8.744267229847925e-05 # mass is shifted in the grid
13      LO    NNPDF30           C2C2       0.013251295655874969 # mass is shifted in the grid
13      LO    NNPDF30           N1N1       0.008876277282376789 
13      LO    NNPDF30           N1N2       0.0011460364598646037 
13      LO    NNPDF30           N1N3       8.188222558123198e-05 
13      LO    NNPDF30           N1N4       2.4671487405200088e-05 # mass is shifted in the grid
13      LO    NNPDF30           N2N2       0.0069985455884368445 
13      LO    NNPDF30           N2N3       0.00021164664950402276 
13      LO    NNPDF30           N2N4       1.898389509205327e-05 # mass is shifted in the grid
13      LO    NNPDF30           N3N3       1.3775917695358582e-09 
13      LO    NNPDF30           N3N4       0.011094261528680456 
13      LO    NNPDF30           N4N4       1.4407005999376278e-08 # mass is shifted in the grid
13      LO    NNPDF30           N1C1+      0.0019395038109301826 
13      LO    NNPDF30           N2C1+      1.611981677782172  
13      LO    NNPDF30           N3C1+      0.0003613588286957536 
13      LO    NNPDF30           N4C1+      9.091006390553699e-05 # mass is shifted in the grid
13      LO    NNPDF30           N1C1-      0.0006519297806101428 
13      LO    NNPDF30           N2C1-      0.5664048898136981 
13      LO    NNPDF30           N3C1-      0.0001187558410577439 
13      LO    NNPDF30           N4C1-      2.9884162640780317e-05 # mass is shifted in the grid
13      LO    NNPDF30           N1C2+      0.00018242173947075445 # mass is shifted in the grid
13      LO    NNPDF30           N2C2+      7.418392111500482e-05 # mass is shifted in the grid
13      LO    NNPDF30           N3C2+      0.016236397975258277 # mass is shifted in the grid
13      LO    NNPDF30           N4C2+      0.016330019487821503 # mass is shifted in the grid
13      LO    NNPDF30           N1C2-      6.123396901136937e-05 # mass is shifted in the grid
13      LO    NNPDF30           N2C2-      2.4349807354452956e-05 # mass is shifted in the grid
13      LO    NNPDF30           N3C2-      0.005456285058298103 # mass is shifted in the grid
13      LO    NNPDF30           N4C2-      0.005488813579165952 # mass is shifted in the grid

SLHA file: /Users/rafalmaselek/Projects/CheckMateCalculations/UML/SLHA_FIX/cmssm_2723_1028_5_-1028_-1.slha
Input file: /Users/rafalmaselek/ScienceSoft/EWKfast_LO/input_default.dat
Sort: OFF 
Cut: -1 
Unit: fb 
ScaleVariation: OFF 

mC2 = 1501.7566 is out of range. |mC2| = 1500 was used.
mN4 = 1500.07993 is out of range. |mN4| = 1500 was used.

-----------------------------------------------------------------------------------------------
!!! THERE IS MASS SHIFTING IN EWKfast --------------------------------------------------------
Energy  Precision  PDF  Process
13      LO    NNPDF30           C1C1       1.0481836169250516 
13      LO    NNPDF30           C1+C2-     8.744324120546231e-05 # mass is shifted in the grid
13      LO    NNPDF30           C1-C2+     8.744267229847925e-05 # mass is shifted in the grid
13      LO    NNPDF30           C2C2       0.013251295655874969 # mass is shifted in the grid
13      LO    NNPDF30           N1N1       0.008876277282376789 
13      LO    NNPDF30           N1N2       0.0011460364598646037 
13      LO    NNPDF30           N1N3       8.188222558123198e-05 
13      LO    NNPDF30           N1N4       2.4671487405200088e-05 # mass is shifted in the grid
13      LO    NNPDF30           N2N2       0.0069985455884368445 
13      LO    NNPDF30           N2N3       0.00021164664950402276 
13      LO    NNPDF30           N2N4       1.898389509205327e-05 # mass is shifted in the grid
13      LO    NNPDF30           N3N3       1.3775917695358582e-09 
13      LO    NNPDF30           N3N4       0.011094261528680456 
13      LO    NNPDF30           N4N4       1.4407005999376278e-08 # mass is shifted in the grid
13      LO    NNPDF30           N1C1+      0.0019395038109301826 
13      LO    NNPDF30           N2C1+      1.611981677782172  
13      LO    NNPDF30           N3C1+      0.0003613588286957536 
13      LO    NNPDF30           N4C1+      9.091006390553699e-05 # mass is shifted in the grid
13      LO    NNPDF30           N1C1-      0.0006519297806101428 
13      LO    NNPDF30           N2C1-      0.5664048898136981 
13      LO    NNPDF30           N3C1-      0.0001187558410577439 
13      LO    NNPDF30           N4C1-      2.9884162640780317e-05 # mass is shifted in the grid
13      LO    NNPDF30           N1C2+      0.00018242173947075445 # mass is shifted in the grid
13      LO    NNPDF30           N2C2+      7.418392111500482e-05 # mass is shifted in the grid
13      LO    NNPDF30           N3C2+      0.016236397975258277 # mass is shifted in the grid
13      LO    NNPDF30           N4C2+      0.016330019487821503 # mass is shifted in the grid
13      LO    NNPDF30           N1C2-      6.123396901136937e-05 # mass is shifted in the grid
13      LO    NNPDF30           N2C2-      2.4349807354452956e-05 # mass is shifted in the grid
13      LO    NNPDF30           N3C2-      0.005456285058298103 # mass is shifted in the grid
13      LO    NNPDF30           N4C2-      0.005488813579165952 # mass is shifted in the grid

SLHA file: /Users/rafalmaselek/Projects/CheckMateCalculations/UML/SLHA_FIX/cmssm_2723_1028_5_-1028_-1.slha
Input file: /Users/rafalmaselek/ScienceSoft/EWKfast_LO/input_default.dat
Sort: OFF 
Cut: -1 
Unit: fb 
ScaleVariation: OFF 

mC2 = 1501.7566 is out of range. |mC2| = 1500 was used.
mN4 = 1500.07993 is out of range. |mN4| = 1500 was used.

-----------------------------------------------------------------------------------------------
!!! THERE IS MASS SHIFTING IN EWKfast --------------------------------------------------------
Energy  Precision  PDF  Process
13      LO    NNPDF30           C1C1       1.0481836169250516 
13      LO    NNPDF30           C1+C2-     8.744324120546231e-05 # mass is shifted in the grid
13      LO    NNPDF30           C1-C2+     8.744267229847925e-05 # mass is shifted in the grid
13      LO    NNPDF30           C2C2       0.013251295655874969 # mass is shifted in the grid
13      LO    NNPDF30           N1N1       0.008876277282376789 
13      LO    NNPDF30           N1N2       0.0011460364598646037 
13      LO    NNPDF30           N1N3       8.188222558123198e-05 
13      LO    NNPDF30           N1N4       2.4671487405200088e-05 # mass is shifted in the grid
13      LO    NNPDF30           N2N2       0.0069985455884368445 
13      LO    NNPDF30           N2N3       0.00021164664950402276 
13      LO    NNPDF30           N2N4       1.898389509205327e-05 # mass is shifted in the grid
13      LO    NNPDF30           N3N3       1.3775917695358582e-09 
13      LO    NNPDF30           N3N4       0.011094261528680456 
13      LO    NNPDF30           N4N4       1.4407005999376278e-08 # mass is shifted in the grid
13      LO    NNPDF30           N1C1+      0.0019395038109301826 
13      LO    NNPDF30           N2C1+      1.611981677782172  
13      LO    NNPDF30           N3C1+      0.0003613588286957536 
13      LO    NNPDF30           N4C1+      9.091006390553699e-05 # mass is shifted in the grid
13      LO    NNPDF30           N1C1-      0.0006519297806101428 
13      LO    NNPDF30           N2C1-      0.5664048898136981 
13      LO    NNPDF30           N3C1-      0.0001187558410577439 
13      LO    NNPDF30           N4C1-      2.9884162640780317e-05 # mass is shifted in the grid
13      LO    NNPDF30           N1C2+      0.00018242173947075445 # mass is shifted in the grid
13      LO    NNPDF30           N2C2+      7.418392111500482e-05 # mass is shifted in the grid
13      LO    NNPDF30           N3C2+      0.016236397975258277 # mass is shifted in the grid
13      LO    NNPDF30           N4C2+      0.016330019487821503 # mass is shifted in the grid
13      LO    NNPDF30           N1C2-      6.123396901136937e-05 # mass is shifted in the grid
13      LO    NNPDF30           N2C2-      2.4349807354452956e-05 # mass is shifted in the grid
13      LO    NNPDF30           N3C2-      0.005456285058298103 # mass is shifted in the grid
13      LO    NNPDF30           N4C2-      0.005488813579165952 # mass is shifted in the grid

SLHA file: /Users/rafalmaselek/Projects/CheckMateCalculations/UML/SLHA_FIX/cmssm_2723_1028_5_-1028_-1.slha
Input file: /Users/rafalmaselek/ScienceSoft/EWKfast_LO/input_default.dat
Sort: OFF 
Cut: -1 
Unit: fb 
ScaleVariation: OFF 

mC2 = 1501.7566 is out of range. |mC2| = 1500 was used.
mN4 = 1500.07993 is out of range. |mN4| = 1500 was used.

-----------------------------------------------------------------------------------------------

!! Masses incompatible with the data for B2B2 !!

!! Problem with reading tables for B2 B2 !! Probably mass outside the table !! Setting xsec to 10^-20 !!
---------------  Output inclusive processes  ---------------
The total xsec = 3471.00 [fb]
The total rate = 100.00%
Output upto 0.10%
                      Modes : xsec/fb      (rate)
                C1wN1_N2zN1 : 1971.5792588 (56.80)%
                C1wN1_C1wN1 : 1048.1836169 (30.20)%
                C1wN1_N2hN1 : 206.8073088 (5.96)%
                      N1_N1 : 8.8762773 (0.26)%
                N2zN1_N2zN1 : 5.7327945 (0.17)%
GtT1bC2hC1wN1_GtT1tN3wC1wN1 : 5.7107686 (0.16)%
GtT1bC2hC1wN1_GtT1bC2zC1wN1 : 5.2280531 (0.15)%
GtT1bC2zC1wN1_GtT1tN3wC1wN1 : 5.1585055 (0.15)%
GtT1bC2hC1wN1_GtT1bC2wN2zN1 : 4.6248367 (0.13)%
GtT1bC2hC1wN1_GtT1tN4wC1wN1 : 4.5959652 (0.13)%
GtT1bC2wN2zN1_GtT1tN3wC1wN1 : 4.5633136 (0.13)%
GtT1tN3wC1wN1_GtT1tN4wC1wN1 : 4.5348261 (0.13)%
GtT1bC2wN2zN1_GtT1bC2zC1wN1 : 4.1775892 (0.12)%
GtT1bC2zC1wN1_GtT1tN4wC1wN1 : 4.1515097 (0.12)%
          C2hC1wN1_N3wC1wN1 : 3.8489546 (0.11)%
          C2hC1wN1_N4wC1wN1 : 3.7281844 (0.11)%
GtT1bC2wN2zN1_GtT1tN4wC1wN1 : 3.6725057 (0.11)%
          C2zC1wN1_N3wC1wN1 : 3.4767392 (0.10)%
          N3wC1wN1_N4wC1wN1 : 3.4709902 (0.10)%
------------------------------------------------------------
                                          SUM=95.13%

SHOWING PROCESSES TO GET 90.00% SUSY COVERAGE
---------------  Output inclusive processes  ---------------
The total xsec = 3471.00 [fb]
The total rate = 100.00%
      Modes : xsec/fb      (rate)
C1wN1_N2zN1 : 1971.5792588 (56.80)%
C1wN1_C1wN1 : 1048.1836169 (30.20)%
C1wN1_N2hN1 : 206.8073088 (5.96)%
------------------------------------------------------------
                          SUM=92.96%
