/Users/rafalmaselek/Projects/fastlim-1.0
 
#################################################################
#                                                               #
#                                                               #
#                     This is Fastlim  ver. 1.0                 #
#                                                               #
#          A fast LHC limit calculator for BSM models.          #
#                                                               #
#                  http://cern.ch/fastlim-1.0/                  #
#                                                               #
#  for bugs/feature requests: fastlim-1.0.developers@gmail.com  #
#                                                               #
#    please refer to:                                           #
#    M.Papucci, K.Sakurai, A.Weiler, L.Zeune arXiv:1402.xxxx    #
#                                                               #
#################################################################
 

!! Masses incompatible with the data for ERER !!

!! Problem with reading tables for ER ER !! Probably mass outside the table !! Setting xsec to 10^-20 !!

!! Masses incompatible with the data for ELEL !!

!! Problem with reading tables for EL EL !! Probably mass outside the table !! Setting xsec to 10^-20 !!

!! Masses incompatible with the data for TAU1TAU1 !!

!! Problem with reading tables for TAU1 TAU1 !! Probably mass outside the table !! Setting xsec to 10^-20 !!

!! Masses incompatible with the data for TAU2TAU2 !!

!! Problem with reading tables for TAU2 TAU2 !! Probably mass outside the table !! Setting xsec to 10^-20 !!
!! EWK PROCESS C1C2 NOT FOUND !! WILL TRY TO LOOK FOR +/- MODES !!
XSEC FOUND FOR: C1-C2+
XSEC FOUND FOR: C1+C2-
!! EWK PROCESS C1N1 NOT FOUND !! WILL TRY TO LOOK FOR +/- MODES !!
XSEC FOUND FOR: C1+N1
XSEC FOUND FOR: C1-N1
!! EWK PROCESS C1N2 NOT FOUND !! WILL TRY TO LOOK FOR +/- MODES !!
XSEC FOUND FOR: C1+N2
XSEC FOUND FOR: C1-N2
!! EWK PROCESS C1N3 NOT FOUND !! WILL TRY TO LOOK FOR +/- MODES !!
XSEC FOUND FOR: C1+N3
XSEC FOUND FOR: C1-N3
!! EWK PROCESS C1N4 NOT FOUND !! WILL TRY TO LOOK FOR +/- MODES !!
XSEC FOUND FOR: C1+N4
XSEC FOUND FOR: C1-N4
!! EWK PROCESS C2N1 NOT FOUND !! WILL TRY TO LOOK FOR +/- MODES !!
XSEC FOUND FOR: C2+N1
XSEC FOUND FOR: C2-N1
!! EWK PROCESS C2N2 NOT FOUND !! WILL TRY TO LOOK FOR +/- MODES !!
XSEC FOUND FOR: C2+N2
XSEC FOUND FOR: C2-N2
!! EWK PROCESS C2N3 NOT FOUND !! WILL TRY TO LOOK FOR +/- MODES !!
XSEC FOUND FOR: C2+N3
XSEC FOUND FOR: C2-N3
!! EWK PROCESS C2N4 NOT FOUND !! WILL TRY TO LOOK FOR +/- MODES !!
XSEC FOUND FOR: C2+N4
XSEC FOUND FOR: C2-N4
---------------  Output inclusive processes  ---------------
The total xsec = 12628.42 [fb]
The total rate = 100.00%
Output upto 0.10%
                        Modes : xsec/fb      (rate)
              QqC1wN1_QqC1wN1 : 1543.4839760 (12.22)%
                  C1wN1_N2zN1 : 1379.6292754 (10.92)%
              QqC1wN1_QqN2zN1 : 1338.2577698 (10.60)%
                  C1wN1_C1wN1 : 787.0526414 (6.23)%
        QqC1nTAU1taN1_QqC1wN1 : 586.1430587 (4.64)%
               GqQqN1_QqC1wN1 : 486.8927780 (3.86)%
           C1wN1_N2taTAU1taN1 : 300.9813484 (2.38)%
            C1nTAU1taN1_C1wN1 : 298.8857998 (2.37)%
       QqC1wN1_QqN2taTAU1taN1 : 291.9556980 (2.31)%
              QqN2zN1_QqN2zN1 : 290.0797621 (2.30)%
            C1nTAU1taN1_N2zN1 : 261.9593517 (2.07)%
        QqC1nTAU1taN1_QqN2zN1 : 254.1038698 (2.01)%
           GtT1bC1wN1_QqC1wN1 : 231.2881586 (1.83)%
                  C1wN1_N2hN1 : 218.6275920 (1.73)%
              QqC1wN1_QqN2hN1 : 212.0715173 (1.68)%
               GqQqN1_QqN2zN1 : 211.0770352 (1.67)%
              GtT1tN1_QqC1wN1 : 177.8365873 (1.41)%
       QqN2taTAU1taN1_QqN2zN1 : 126.5682013 (1.00)%
           GtT1bC1wN1_QqN2zN1 : 100.2676996 (0.79)%
           GtT1tN2zN1_QqC1wN1 : 92.8742358 (0.74)%
         GqQqN1_QqC1nTAU1taN1 : 92.4495578 (0.73)%
              QqN2hN1_QqN2zN1 : 91.9369298 (0.73)%
                 QqC1wN1_QqN1 : 82.6089240 (0.65)%
              GtT1tN1_QqN2zN1 : 77.0954537 (0.61)%
              GbB2bN1_QqC1wN1 : 76.9123670 (0.61)%
           GbB1tC1wN1_QqC1wN1 : 58.5679452 (0.46)%
     C1nTAU1taN1_N2taTAU1taN1 : 57.1493229 (0.45)%
  QqC1nTAU1taN1_QqC1nTAU1taN1 : 55.6474331 (0.44)%
 QqC1nTAU1taN1_QqN2taTAU1taN1 : 55.4355628 (0.44)%
               T1bC1wN1_T1tN1 : 54.7707378 (0.43)%
                        N1_N1 : 48.5747567 (0.38)%
        GqQqN1_QqN2taTAU1taN1 : 46.0487841 (0.36)%
     GtT1bC1nTAU1taN1_QqC1wN1 : 43.9162151 (0.35)%
     GtT1bC1wN1_QqC1nTAU1taN1 : 43.9162151 (0.35)%
            C1nTAU1taN1_N2hN1 : 41.5122695 (0.33)%
        GtT2hT1bC1wN1_QqC1wN1 : 40.8069433 (0.32)%
        QqC1nTAU1taN1_QqN2hN1 : 40.2674241 (0.32)%
           GtT1tN2zN1_QqN2zN1 : 40.2627010 (0.32)%
                 QqN1_QqN2zN1 : 35.8124982 (0.28)%
            T1bC1wN1_T1bC1wN1 : 35.6164704 (0.28)%
        GtT1tN1_QqC1nTAU1taN1 : 33.7670111 (0.27)%
               GqQqN1_QqN2hN1 : 33.4490321 (0.26)%
              GbB2bN1_QqN2zN1 : 33.3429353 (0.26)%
           GtT2hT1tN1_QqC1wN1 : 31.3763038 (0.25)%
            T1bC1wN1_T1tN2zN1 : 28.6037339 (0.23)%
      C1nTAU1taN1_C1nTAU1taN1 : 28.3757136 (0.22)%
        GbB1tC2hC1wN1_QqC1wN1 : 27.6877442 (0.22)%
           GbB1bN2zN1_QqC1wN1 : 26.3442598 (0.21)%
        GbB1tC2zC1wN1_QqC1wN1 : 25.7093778 (0.20)%
           GbB1tC1wN1_QqN2zN1 : 25.3902888 (0.20)%
        GtT2tN4wC1wN1_QqC1wN1 : 25.0878309 (0.20)%
        GtT1bC2hC1wN1_QqC1wN1 : 23.2718503 (0.18)%
               T1tN1_T1tN2zN1 : 21.9933024 (0.17)%
           GtT2bC1wN1_QqC1wN1 : 21.9443632 (0.17)%
    GtT1bC1wN1_QqN2taTAU1taN1 : 21.8745050 (0.17)%
        GbB1tC2wN2zN1_QqC1wN1 : 21.7844867 (0.17)%
        GtT1bC2zC1wN1_QqC1wN1 : 21.6090118 (0.17)%
                  T1tN1_T1tN1 : 21.0565062 (0.17)%
    GtT1tN2taTAU1taN1_QqC1wN1 : 20.2615392 (0.16)%
       QqN2hN1_QqN2taTAU1taN1 : 20.0570556 (0.16)%
     GtT1bC1nTAU1taN1_QqN2zN1 : 19.0384925 (0.15)%
        GtT1bC2wN2zN1_QqC1wN1 : 18.3100982 (0.14)%
        GtT2hT1bC1wN1_QqN2zN1 : 17.6905656 (0.14)%
     GtT1tN2zN1_QqC1nTAU1taN1 : 17.6346465 (0.14)%
                  N2zN1_N2zN1 : 17.2701829 (0.14)%
                GqQqN1_GqQqN1 : 17.0515490 (0.14)%
       GtT1tN1_QqN2taTAU1taN1 : 16.8192238 (0.13)%
        GtT2hT1tN2zN1_QqC1wN1 : 16.3861120 (0.13)%
            GqQqN1_GtT1bC1wN1 : 16.1999584 (0.13)%
           GtT1bC1wN1_QqN2hN1 : 15.8892582 (0.13)%
           QqC1nTAU1taN1_QqN1 : 15.6855037 (0.12)%
           GtT1tN2hN1_QqC1wN1 : 14.7176281 (0.12)%
        GbB2bN1_QqC1nTAU1taN1 : 14.6038607 (0.12)%
           GbB1tC2wN1_QqC1wN1 : 14.1027432 (0.11)%
QqN2taTAU1taN1_QqN2taTAU1taN1 : 13.8061248 (0.11)%
        GtT2tN3wC1wN1_QqC1wN1 : 13.6564136 (0.11)%
           GtT2hT1tN1_QqN2zN1 : 13.6022087 (0.11)%
      T1bC1nTAU1taN1_T1bC1wN1 : 13.5254704 (0.11)%
                  GqQqN1_QqN1 : 13.0295128 (0.10)%
               GqQqN1_GtT1tN1 : 12.4560865 (0.10)%
------------------------------------------------------------
                                            SUM=88.16%

SHOWING PROCESSES TO GET 90.00% SUSY COVERAGE
---------------  Output inclusive processes  ---------------
The total xsec = 12628.42 [fb]
The total rate = 100.00%
                         Modes : xsec/fb      (rate)
               QqC1wN1_QqC1wN1 : 1543.4839760 (12.22)%
                   C1wN1_N2zN1 : 1379.6292754 (10.92)%
               QqC1wN1_QqN2zN1 : 1338.2577698 (10.60)%
                   C1wN1_C1wN1 : 787.0526414 (6.23)%
         QqC1nTAU1taN1_QqC1wN1 : 586.1430587 (4.64)%
                GqQqN1_QqC1wN1 : 486.8927780 (3.86)%
            C1wN1_N2taTAU1taN1 : 300.9813484 (2.38)%
             C1nTAU1taN1_C1wN1 : 298.8857998 (2.37)%
        QqC1wN1_QqN2taTAU1taN1 : 291.9556980 (2.31)%
               QqN2zN1_QqN2zN1 : 290.0797621 (2.30)%
             C1nTAU1taN1_N2zN1 : 261.9593517 (2.07)%
         QqC1nTAU1taN1_QqN2zN1 : 254.1038698 (2.01)%
            GtT1bC1wN1_QqC1wN1 : 231.2881586 (1.83)%
                   C1wN1_N2hN1 : 218.6275920 (1.73)%
               QqC1wN1_QqN2hN1 : 212.0715173 (1.68)%
                GqQqN1_QqN2zN1 : 211.0770352 (1.67)%
               GtT1tN1_QqC1wN1 : 177.8365873 (1.41)%
        QqN2taTAU1taN1_QqN2zN1 : 126.5682013 (1.00)%
            GtT1bC1wN1_QqN2zN1 : 100.2676996 (0.79)%
            GtT1tN2zN1_QqC1wN1 : 92.8742358 (0.74)%
          GqQqN1_QqC1nTAU1taN1 : 92.4495578 (0.73)%
               QqN2hN1_QqN2zN1 : 91.9369298 (0.73)%
                  QqC1wN1_QqN1 : 82.6089240 (0.65)%
               GtT1tN1_QqN2zN1 : 77.0954537 (0.61)%
               GbB2bN1_QqC1wN1 : 76.9123670 (0.61)%
            GbB1tC1wN1_QqC1wN1 : 58.5679452 (0.46)%
      C1nTAU1taN1_N2taTAU1taN1 : 57.1493229 (0.45)%
   QqC1nTAU1taN1_QqC1nTAU1taN1 : 55.6474331 (0.44)%
  QqC1nTAU1taN1_QqN2taTAU1taN1 : 55.4355628 (0.44)%
                T1bC1wN1_T1tN1 : 54.7707378 (0.43)%
                         N1_N1 : 48.5747567 (0.38)%
         GqQqN1_QqN2taTAU1taN1 : 46.0487841 (0.36)%
      GtT1bC1nTAU1taN1_QqC1wN1 : 43.9162151 (0.35)%
      GtT1bC1wN1_QqC1nTAU1taN1 : 43.9162151 (0.35)%
             C1nTAU1taN1_N2hN1 : 41.5122695 (0.33)%
         GtT2hT1bC1wN1_QqC1wN1 : 40.8069433 (0.32)%
         QqC1nTAU1taN1_QqN2hN1 : 40.2674241 (0.32)%
            GtT1tN2zN1_QqN2zN1 : 40.2627010 (0.32)%
                  QqN1_QqN2zN1 : 35.8124982 (0.28)%
             T1bC1wN1_T1bC1wN1 : 35.6164704 (0.28)%
         GtT1tN1_QqC1nTAU1taN1 : 33.7670111 (0.27)%
                GqQqN1_QqN2hN1 : 33.4490321 (0.26)%
               GbB2bN1_QqN2zN1 : 33.3429353 (0.26)%
            GtT2hT1tN1_QqC1wN1 : 31.3763038 (0.25)%
             T1bC1wN1_T1tN2zN1 : 28.6037339 (0.23)%
       C1nTAU1taN1_C1nTAU1taN1 : 28.3757136 (0.22)%
         GbB1tC2hC1wN1_QqC1wN1 : 27.6877442 (0.22)%
            GbB1bN2zN1_QqC1wN1 : 26.3442598 (0.21)%
         GbB1tC2zC1wN1_QqC1wN1 : 25.7093778 (0.20)%
            GbB1tC1wN1_QqN2zN1 : 25.3902888 (0.20)%
         GtT2tN4wC1wN1_QqC1wN1 : 25.0878309 (0.20)%
         GtT1bC2hC1wN1_QqC1wN1 : 23.2718503 (0.18)%
                T1tN1_T1tN2zN1 : 21.9933024 (0.17)%
            GtT2bC1wN1_QqC1wN1 : 21.9443632 (0.17)%
     GtT1bC1wN1_QqN2taTAU1taN1 : 21.8745050 (0.17)%
         GbB1tC2wN2zN1_QqC1wN1 : 21.7844867 (0.17)%
         GtT1bC2zC1wN1_QqC1wN1 : 21.6090118 (0.17)%
                   T1tN1_T1tN1 : 21.0565062 (0.17)%
     GtT1tN2taTAU1taN1_QqC1wN1 : 20.2615392 (0.16)%
        QqN2hN1_QqN2taTAU1taN1 : 20.0570556 (0.16)%
      GtT1bC1nTAU1taN1_QqN2zN1 : 19.0384925 (0.15)%
         GtT1bC2wN2zN1_QqC1wN1 : 18.3100982 (0.14)%
         GtT2hT1bC1wN1_QqN2zN1 : 17.6905656 (0.14)%
      GtT1tN2zN1_QqC1nTAU1taN1 : 17.6346465 (0.14)%
                   N2zN1_N2zN1 : 17.2701829 (0.14)%
                 GqQqN1_GqQqN1 : 17.0515490 (0.14)%
        GtT1tN1_QqN2taTAU1taN1 : 16.8192238 (0.13)%
         GtT2hT1tN2zN1_QqC1wN1 : 16.3861120 (0.13)%
             GqQqN1_GtT1bC1wN1 : 16.1999584 (0.13)%
            GtT1bC1wN1_QqN2hN1 : 15.8892582 (0.13)%
            QqC1nTAU1taN1_QqN1 : 15.6855037 (0.12)%
            GtT1tN2hN1_QqC1wN1 : 14.7176281 (0.12)%
         GbB2bN1_QqC1nTAU1taN1 : 14.6038607 (0.12)%
            GbB1tC2wN1_QqC1wN1 : 14.1027432 (0.11)%
 QqN2taTAU1taN1_QqN2taTAU1taN1 : 13.8061248 (0.11)%
         GtT2tN3wC1wN1_QqC1wN1 : 13.6564136 (0.11)%
            GtT2hT1tN1_QqN2zN1 : 13.6022087 (0.11)%
       T1bC1nTAU1taN1_T1bC1wN1 : 13.5254704 (0.11)%
                   GqQqN1_QqN1 : 13.0295128 (0.10)%
                GqQqN1_GtT1tN1 : 12.4560865 (0.10)%
                   B2bN1_B2bN1 : 12.2477565 (0.10)%
               GtT1tN1_QqN2hN1 : 12.2171903 (0.10)%
         GbB1wT1bC1wN1_QqC1wN1 : 12.1451034 (0.10)%
         GbB1tC2hC1wN1_QqN2zN1 : 12.0031498 (0.10)%
            GtT1bC2wN1_QqC1wN1 : 11.8535092 (0.09)%
            GbB1bN2zN1_QqN2zN1 : 11.4207244 (0.09)%
         GbB1tC2zC1wN1_QqN2zN1 : 11.1454914 (0.09)%
      GbB1tC1wN1_QqC1nTAU1taN1 : 11.1206838 (0.09)%
      GbB1tC1nTAU1taN1_QqC1wN1 : 11.1206838 (0.09)%
                      C1wN1_N1 : 11.0065150 (0.09)%
         GtT2tN4wC1wN1_QqN2zN1 : 10.8760392 (0.09)%
          T1bC1nTAU1taN1_T1tN1 : 10.3996829 (0.08)%
         GtT2tN4hN2zN1_QqC1wN1 : 10.2704281 (0.08)%
         GtT1bC2hC1wN1_QqN2zN1 : 10.0887781 (0.08)%
            GtT2bC1wN1_QqN2zN1 : 9.5132878 (0.08)%
         GbB1tC2wN2zN1_QqN2zN1 : 9.4439784 (0.07)%
         GtT1bC2zC1wN1_QqN2zN1 : 9.3679068 (0.07)%
            GbB1wT1tN1_QqC1wN1 : 9.3383239 (0.07)%
            GtT2tN2zN1_QqC1wN1 : 9.0938599 (0.07)%
     GtT1tN2taTAU1taN1_QqN2zN1 : 8.7837525 (0.07)%
     GtT1tN2zN1_QqN2taTAU1taN1 : 8.7837525 (0.07)%
GtT1bC1nTAU1taN1_QqC1nTAU1taN1 : 8.3386627 (0.07)%
         GtT1bC2wN2zN1_QqN2zN1 : 7.9377666 (0.06)%
------------------------------------------------------------
                                             SUM=90.05%
