/Users/rafalmaselek/Projects/fastlim-1.0
 
#################################################################
#                                                               #
#                                                               #
#                     This is Fastlim  ver. 1.0                 #
#                                                               #
#          A fast LHC limit calculator for BSM models.          #
#                                                               #
#                  http://cern.ch/fastlim-1.0/                  #
#                                                               #
#  for bugs/feature requests: fastlim-1.0.developers@gmail.com  #
#                                                               #
#    please refer to:                                           #
#    M.Papucci, K.Sakurai, A.Weiler, L.Zeune arXiv:1402.xxxx    #
#                                                               #
#################################################################
 

!! Masses incompatible with the data for ERER !!

!! Problem with reading tables for ER ER !! Probably mass outside the table !! Setting xsec to 10^-20 !!

!! Masses incompatible with the data for ELEL !!

!! Problem with reading tables for EL EL !! Probably mass outside the table !! Setting xsec to 10^-20 !!

!! Masses incompatible with the data for TAU1TAU1 !!

!! Problem with reading tables for TAU1 TAU1 !! Probably mass outside the table !! Setting xsec to 10^-20 !!

!! Masses incompatible with the data for TAU2TAU2 !!

!! Problem with reading tables for TAU2 TAU2 !! Probably mass outside the table !! Setting xsec to 10^-20 !!
!! EWK PROCESS C1C2 NOT FOUND !! WILL TRY TO LOOK FOR +/- MODES !!
XSEC FOUND FOR: C1-C2+
XSEC FOUND FOR: C1+C2-
!! EWK PROCESS C1N1 NOT FOUND !! WILL TRY TO LOOK FOR +/- MODES !!
XSEC FOUND FOR: C1+N1
XSEC FOUND FOR: C1-N1
!! EWK PROCESS C1N2 NOT FOUND !! WILL TRY TO LOOK FOR +/- MODES !!
XSEC FOUND FOR: C1+N2
XSEC FOUND FOR: C1-N2
!! EWK PROCESS C1N3 NOT FOUND !! WILL TRY TO LOOK FOR +/- MODES !!
XSEC FOUND FOR: C1+N3
XSEC FOUND FOR: C1-N3
!! EWK PROCESS C1N4 NOT FOUND !! WILL TRY TO LOOK FOR +/- MODES !!
XSEC FOUND FOR: C1+N4
XSEC FOUND FOR: C1-N4
!! EWK PROCESS C2N1 NOT FOUND !! WILL TRY TO LOOK FOR +/- MODES !!
XSEC FOUND FOR: C2+N1
XSEC FOUND FOR: C2-N1
!! EWK PROCESS C2N2 NOT FOUND !! WILL TRY TO LOOK FOR +/- MODES !!
XSEC FOUND FOR: C2+N2
XSEC FOUND FOR: C2-N2
!! EWK PROCESS C2N3 NOT FOUND !! WILL TRY TO LOOK FOR +/- MODES !!
XSEC FOUND FOR: C2+N3
XSEC FOUND FOR: C2-N3
!! EWK PROCESS C2N4 NOT FOUND !! WILL TRY TO LOOK FOR +/- MODES !!
XSEC FOUND FOR: C2+N4
XSEC FOUND FOR: C2-N4
---------------  Output inclusive processes  ---------------
The total xsec = 271826.09 [fb]
The total rate = 100.00%
Output upto 0.10%
                     Modes : xsec/fb      (rate)
               C1wN1_N2hN1 : 33461.5131657 (12.31)%
        GtT1bC1wN1_QqC1wN1 : 24215.5485306 (8.91)%
               C1wN1_C1wN1 : 17093.7004447 (6.29)%
           QqC1wN1_QqC1wN1 : 15771.8300951 (5.80)%
           QqC1wN1_QqN2hN1 : 15303.9586047 (5.63)%
        GtT1bC1wN1_QqN2hN1 : 11748.5970261 (4.32)%
        GtT1tN2hN1_QqC1wN1 : 10016.4458179 (3.68)%
      QqC1wN1_QqGtT1bC1wN1 : 7620.3095820 (2.80)%
   GtT1bC1wN1_QqGtT1bC1wN1 : 5849.9861902 (2.15)%
     GtT1bC1wN1_GtT1bC1wN1 : 5333.9452325 (1.96)%
           GtT1tN1_QqC1wN1 : 4893.6625574 (1.80)%
        GtT1tN2hN1_QqN2hN1 : 4859.6539285 (1.79)%
     GtT1bC1wN1_GtT1tN2hN1 : 4412.6337546 (1.62)%
           QqN2hN1_QqN2hN1 : 3712.4916316 (1.37)%
      QqGtT1bC1wN1_QqN2hN1 : 3697.1265127 (1.36)%
      QqC1wN1_QqGtT1tN2hN1 : 3152.0416705 (1.16)%
         T1bC1wN1_T1bC1wN1 : 2512.7549857 (0.92)%
   GtT1tN2hN1_QqGtT1bC1wN1 : 2419.7704890 (0.89)%
   GtT1bC1wN1_QqGtT1tN2hN1 : 2419.7704890 (0.89)%
           GtT1tN1_QqN2hN1 : 2374.2460054 (0.87)%
        GtT1bC1wN1_GtT1tN1 : 2155.8485891 (0.79)%
         T1bC1wN1_T1tN2hN1 : 2078.7366544 (0.76)%
        GbB1tC1wN1_QqC1wN1 : 1954.4600343 (0.72)%
     GtT1bC2hC1wN1_QqC1wN1 : 1668.3568303 (0.61)%
     GtT1bC2zC1wN1_QqC1wN1 : 1642.1180038 (0.60)%
     GtT1bC2wN2hN1_QqC1wN1 : 1622.8513280 (0.60)%
         QqC1wN1_QqGtT1tN1 : 1539.9702233 (0.57)%
      QqGtT1tN2hN1_QqN2hN1 : 1529.2681621 (0.56)%
     GbB1tC2hC1wN1_QqC1wN1 : 1217.8307510 (0.45)%
     GbB1tC2zC1wN1_QqC1wN1 : 1198.6775044 (0.44)%
     GbB1tC2wN2hN1_QqC1wN1 : 1184.6136364 (0.44)%
      GtT1tN1_QqGtT1bC1wN1 : 1182.2097833 (0.43)%
      GtT1bC1wN1_QqGtT1tN1 : 1182.2097833 (0.43)%
               C1wN1_N2zN1 : 1054.2929859 (0.39)%
            T1bC1wN1_T1tN1 : 1015.5933469 (0.37)%
   GtT1tN2hN1_QqGtT1tN2hN1 : 1000.9065029 (0.37)%
        GbB1bN2hN1_QqC1wN1 : 984.1317793 (0.36)%
        GbB1tC1wN1_QqN2hN1 : 948.2404793 (0.35)%
 QqGtT1bC1wN1_QqGtT1bC1wN1 : 920.4562466 (0.34)%
     GtT1tN2hN1_GtT1tN2hN1 : 912.6142004 (0.34)%
        GtT1tN1_GtT1tN2hN1 : 891.7386512 (0.33)%
     GbB1tC1wN1_GtT1bC1wN1 : 861.0156213 (0.32)%
     GtT1bC2hC1wN1_QqN2hN1 : 809.4325045 (0.30)%
     GtT1bC2zC1wN1_QqN2hN1 : 796.7022788 (0.29)%
     GtT1bC2wN2hN1_QqN2hN1 : 787.3547139 (0.29)%
              QqC1wN1_QqN1 : 775.6734447 (0.29)%
 QqGtT1bC1wN1_QqGtT1tN2hN1 : 761.4694427 (0.28)%
         QqGtT1tN1_QqN2hN1 : 747.1434959 (0.27)%
  GtT1bC1wN1_GtT1bC2hC1wN1 : 734.9760382 (0.27)%
  GtT1bC1wN1_GtT1bC2zC1wN1 : 723.4168152 (0.27)%
  GtT1bC1wN1_GtT1bC2wN2hN1 : 714.9290955 (0.26)%
     GbB1wT1bC1wN1_QqC1wN1 : 669.9057442 (0.25)%
      QqC1wN1_QqGbB1tC1wN1 : 615.0424595 (0.23)%
           GtT1bC1wN1_QqN1 : 595.4717312 (0.22)%
     GbB1tC2hC1wN1_QqN2hN1 : 590.8518951 (0.22)%
     GbB1tC2zC1wN1_QqN2hN1 : 581.5593624 (0.21)%
     GbB1tC2wN2hN1_QqN2hN1 : 574.7360308 (0.21)%
  GbB1tC2hC1wN1_GtT1bC1wN1 : 536.5017868 (0.20)%
  GbB1tC2zC1wN1_GtT1bC1wN1 : 528.0640372 (0.19)%
   QqC1wN1_QqGtT1bC2hC1wN1 : 525.0096038 (0.19)%
  GbB1tC2wN2hN1_GtT1bC1wN1 : 521.8683566 (0.19)%
   QqC1wN1_QqGtT1bC2zC1wN1 : 516.7525957 (0.19)%
        GtT1bC2wN1_QqC1wN1 : 516.6898897 (0.19)%
   QqC1wN1_QqGtT1bC2wN2hN1 : 510.6896302 (0.19)%
      GtT1tN2hN1_QqGtT1tN1 : 489.0056579 (0.18)%
      GtT1tN1_QqGtT1tN2hN1 : 489.0056579 (0.18)%
           QqC1wN1_QqN2zN1 : 482.1914697 (0.18)%
        GbB1bN2hN1_QqN2hN1 : 477.4687504 (0.18)%
   GbB1tC1wN1_QqGtT1bC1wN1 : 472.1579689 (0.17)%
   GtT1bC1wN1_QqGbB1tC1wN1 : 472.1579689 (0.17)%
     GbB1bN2hN1_GtT1bC1wN1 : 433.5483052 (0.16)%
         T1tN2hN1_T1tN2hN1 : 429.9211526 (0.16)%
            T1tN1_T1tN2hN1 : 420.0869420 (0.15)%
GtT1bC2hC1wN1_QqGtT1bC1wN1 : 403.0412281 (0.15)%
GtT1bC1wN1_QqGtT1bC2hC1wN1 : 403.0412281 (0.15)%
GtT1bC2zC1wN1_QqGtT1bC1wN1 : 396.7024589 (0.15)%
GtT1bC1wN1_QqGtT1bC2zC1wN1 : 396.7024589 (0.15)%
GtT1bC2wN2hN1_QqGtT1bC1wN1 : 392.0480201 (0.14)%
GtT1bC1wN1_QqGtT1bC2wN2hN1 : 392.0480201 (0.14)%
   QqC1wN1_QqGbB1tC2hC1wN1 : 383.2350661 (0.14)%
   QqC1wN1_QqGbB1tC2zC1wN1 : 377.2077953 (0.14)%
        GbB1tC2wN1_QqC1wN1 : 377.1620225 (0.14)%
              QqN1_QqN2hN1 : 376.3315423 (0.14)%
   QqC1wN1_QqGbB1tC2wN2hN1 : 372.7820839 (0.14)%
    QqGtT1bC1wN1_QqGtT1tN1 : 372.0256235 (0.14)%
        GtT1bC1wN1_QqN2zN1 : 370.1704516 (0.14)%
               N2hN1_N2hN1 : 367.3394925 (0.14)%
     GbB1tC1wN1_GtT1tN2hN1 : 356.1478819 (0.13)%
      T1bC1wN1_T1bC2hC1wN1 : 346.2380328 (0.13)%
      T1bC1wN1_T1bC2zC1wN1 : 340.7926272 (0.13)%
      T1bC1wN1_T1bC2wN2hN1 : 336.7941685 (0.12)%
     GbB1wT1bC1wN1_QqN2hN1 : 325.0164919 (0.12)%
                     N1_N1 : 315.9247345 (0.12)%
        GtT1tN2zN1_QqC1wN1 : 315.5944717 (0.12)%
      QqC1wN1_QqGbB1bN2hN1 : 309.6931221 (0.11)%
  GtT1bC2hC1wN1_GtT1tN2hN1 : 304.0132523 (0.11)%
  GtT1bC2zC1wN1_GtT1tN2hN1 : 299.2319304 (0.11)%
      QqGbB1tC1wN1_QqN2hN1 : 298.3986095 (0.11)%
  GtT1bC2wN2hN1_GtT1tN2hN1 : 295.7210959 (0.11)%
  GbB1wT1bC1wN1_GtT1bC1wN1 : 295.1195217 (0.11)%
GbB1tC2hC1wN1_QqGtT1bC1wN1 : 294.2032499 (0.11)%
GtT1bC1wN1_QqGbB1tC2hC1wN1 : 294.2032499 (0.11)%
GbB1tC2zC1wN1_QqGtT1bC1wN1 : 289.5762133 (0.11)%
GtT1bC1wN1_QqGbB1tC2zC1wN1 : 289.5762133 (0.11)%
GbB1tC2wN2hN1_QqGtT1bC1wN1 : 286.1786676 (0.11)%
GtT1bC1wN1_QqGbB1tC2wN2hN1 : 286.1786676 (0.11)%
     GbB1wT1tN2hN1_QqC1wN1 : 277.0977738 (0.10)%
   QqGtT1bC2hC1wN1_QqN2hN1 : 254.7175945 (0.09)%
------------------------------------------------------------
                                         SUM=88.18%

SHOWING PROCESSES TO GET 90.00% SUSY COVERAGE
---------------  Output inclusive processes  ---------------
The total xsec = 271826.09 [fb]
The total rate = 100.00%
                     Modes : xsec/fb      (rate)
               C1wN1_N2hN1 : 33461.5131657 (12.31)%
        GtT1bC1wN1_QqC1wN1 : 24215.5485306 (8.91)%
               C1wN1_C1wN1 : 17093.7004447 (6.29)%
           QqC1wN1_QqC1wN1 : 15771.8300951 (5.80)%
           QqC1wN1_QqN2hN1 : 15303.9586047 (5.63)%
        GtT1bC1wN1_QqN2hN1 : 11748.5970261 (4.32)%
        GtT1tN2hN1_QqC1wN1 : 10016.4458179 (3.68)%
      QqC1wN1_QqGtT1bC1wN1 : 7620.3095820 (2.80)%
   GtT1bC1wN1_QqGtT1bC1wN1 : 5849.9861902 (2.15)%
     GtT1bC1wN1_GtT1bC1wN1 : 5333.9452325 (1.96)%
           GtT1tN1_QqC1wN1 : 4893.6625574 (1.80)%
        GtT1tN2hN1_QqN2hN1 : 4859.6539285 (1.79)%
     GtT1bC1wN1_GtT1tN2hN1 : 4412.6337546 (1.62)%
           QqN2hN1_QqN2hN1 : 3712.4916316 (1.37)%
      QqGtT1bC1wN1_QqN2hN1 : 3697.1265127 (1.36)%
      QqC1wN1_QqGtT1tN2hN1 : 3152.0416705 (1.16)%
         T1bC1wN1_T1bC1wN1 : 2512.7549857 (0.92)%
   GtT1tN2hN1_QqGtT1bC1wN1 : 2419.7704890 (0.89)%
   GtT1bC1wN1_QqGtT1tN2hN1 : 2419.7704890 (0.89)%
           GtT1tN1_QqN2hN1 : 2374.2460054 (0.87)%
        GtT1bC1wN1_GtT1tN1 : 2155.8485891 (0.79)%
         T1bC1wN1_T1tN2hN1 : 2078.7366544 (0.76)%
        GbB1tC1wN1_QqC1wN1 : 1954.4600343 (0.72)%
     GtT1bC2hC1wN1_QqC1wN1 : 1668.3568303 (0.61)%
     GtT1bC2zC1wN1_QqC1wN1 : 1642.1180038 (0.60)%
     GtT1bC2wN2hN1_QqC1wN1 : 1622.8513280 (0.60)%
         QqC1wN1_QqGtT1tN1 : 1539.9702233 (0.57)%
      QqGtT1tN2hN1_QqN2hN1 : 1529.2681621 (0.56)%
     GbB1tC2hC1wN1_QqC1wN1 : 1217.8307510 (0.45)%
     GbB1tC2zC1wN1_QqC1wN1 : 1198.6775044 (0.44)%
     GbB1tC2wN2hN1_QqC1wN1 : 1184.6136364 (0.44)%
      GtT1tN1_QqGtT1bC1wN1 : 1182.2097833 (0.43)%
      GtT1bC1wN1_QqGtT1tN1 : 1182.2097833 (0.43)%
               C1wN1_N2zN1 : 1054.2929859 (0.39)%
            T1bC1wN1_T1tN1 : 1015.5933469 (0.37)%
   GtT1tN2hN1_QqGtT1tN2hN1 : 1000.9065029 (0.37)%
        GbB1bN2hN1_QqC1wN1 : 984.1317793 (0.36)%
        GbB1tC1wN1_QqN2hN1 : 948.2404793 (0.35)%
 QqGtT1bC1wN1_QqGtT1bC1wN1 : 920.4562466 (0.34)%
     GtT1tN2hN1_GtT1tN2hN1 : 912.6142004 (0.34)%
        GtT1tN1_GtT1tN2hN1 : 891.7386512 (0.33)%
     GbB1tC1wN1_GtT1bC1wN1 : 861.0156213 (0.32)%
     GtT1bC2hC1wN1_QqN2hN1 : 809.4325045 (0.30)%
     GtT1bC2zC1wN1_QqN2hN1 : 796.7022788 (0.29)%
     GtT1bC2wN2hN1_QqN2hN1 : 787.3547139 (0.29)%
              QqC1wN1_QqN1 : 775.6734447 (0.29)%
 QqGtT1bC1wN1_QqGtT1tN2hN1 : 761.4694427 (0.28)%
         QqGtT1tN1_QqN2hN1 : 747.1434959 (0.27)%
  GtT1bC1wN1_GtT1bC2hC1wN1 : 734.9760382 (0.27)%
  GtT1bC1wN1_GtT1bC2zC1wN1 : 723.4168152 (0.27)%
  GtT1bC1wN1_GtT1bC2wN2hN1 : 714.9290955 (0.26)%
     GbB1wT1bC1wN1_QqC1wN1 : 669.9057442 (0.25)%
      QqC1wN1_QqGbB1tC1wN1 : 615.0424595 (0.23)%
           GtT1bC1wN1_QqN1 : 595.4717312 (0.22)%
     GbB1tC2hC1wN1_QqN2hN1 : 590.8518951 (0.22)%
     GbB1tC2zC1wN1_QqN2hN1 : 581.5593624 (0.21)%
     GbB1tC2wN2hN1_QqN2hN1 : 574.7360308 (0.21)%
  GbB1tC2hC1wN1_GtT1bC1wN1 : 536.5017868 (0.20)%
  GbB1tC2zC1wN1_GtT1bC1wN1 : 528.0640372 (0.19)%
   QqC1wN1_QqGtT1bC2hC1wN1 : 525.0096038 (0.19)%
  GbB1tC2wN2hN1_GtT1bC1wN1 : 521.8683566 (0.19)%
   QqC1wN1_QqGtT1bC2zC1wN1 : 516.7525957 (0.19)%
        GtT1bC2wN1_QqC1wN1 : 516.6898897 (0.19)%
   QqC1wN1_QqGtT1bC2wN2hN1 : 510.6896302 (0.19)%
      GtT1tN2hN1_QqGtT1tN1 : 489.0056579 (0.18)%
      GtT1tN1_QqGtT1tN2hN1 : 489.0056579 (0.18)%
           QqC1wN1_QqN2zN1 : 482.1914697 (0.18)%
        GbB1bN2hN1_QqN2hN1 : 477.4687504 (0.18)%
   GbB1tC1wN1_QqGtT1bC1wN1 : 472.1579689 (0.17)%
   GtT1bC1wN1_QqGbB1tC1wN1 : 472.1579689 (0.17)%
     GbB1bN2hN1_GtT1bC1wN1 : 433.5483052 (0.16)%
         T1tN2hN1_T1tN2hN1 : 429.9211526 (0.16)%
            T1tN1_T1tN2hN1 : 420.0869420 (0.15)%
GtT1bC2hC1wN1_QqGtT1bC1wN1 : 403.0412281 (0.15)%
GtT1bC1wN1_QqGtT1bC2hC1wN1 : 403.0412281 (0.15)%
GtT1bC2zC1wN1_QqGtT1bC1wN1 : 396.7024589 (0.15)%
GtT1bC1wN1_QqGtT1bC2zC1wN1 : 396.7024589 (0.15)%
GtT1bC2wN2hN1_QqGtT1bC1wN1 : 392.0480201 (0.14)%
GtT1bC1wN1_QqGtT1bC2wN2hN1 : 392.0480201 (0.14)%
   QqC1wN1_QqGbB1tC2hC1wN1 : 383.2350661 (0.14)%
   QqC1wN1_QqGbB1tC2zC1wN1 : 377.2077953 (0.14)%
        GbB1tC2wN1_QqC1wN1 : 377.1620225 (0.14)%
              QqN1_QqN2hN1 : 376.3315423 (0.14)%
   QqC1wN1_QqGbB1tC2wN2hN1 : 372.7820839 (0.14)%
    QqGtT1bC1wN1_QqGtT1tN1 : 372.0256235 (0.14)%
        GtT1bC1wN1_QqN2zN1 : 370.1704516 (0.14)%
               N2hN1_N2hN1 : 367.3394925 (0.14)%
     GbB1tC1wN1_GtT1tN2hN1 : 356.1478819 (0.13)%
      T1bC1wN1_T1bC2hC1wN1 : 346.2380328 (0.13)%
      T1bC1wN1_T1bC2zC1wN1 : 340.7926272 (0.13)%
      T1bC1wN1_T1bC2wN2hN1 : 336.7941685 (0.12)%
     GbB1wT1bC1wN1_QqN2hN1 : 325.0164919 (0.12)%
                     N1_N1 : 315.9247345 (0.12)%
        GtT1tN2zN1_QqC1wN1 : 315.5944717 (0.12)%
      QqC1wN1_QqGbB1bN2hN1 : 309.6931221 (0.11)%
  GtT1bC2hC1wN1_GtT1tN2hN1 : 304.0132523 (0.11)%
  GtT1bC2zC1wN1_GtT1tN2hN1 : 299.2319304 (0.11)%
      QqGbB1tC1wN1_QqN2hN1 : 298.3986095 (0.11)%
  GtT1bC2wN2hN1_GtT1tN2hN1 : 295.7210959 (0.11)%
  GbB1wT1bC1wN1_GtT1bC1wN1 : 295.1195217 (0.11)%
GbB1tC2hC1wN1_QqGtT1bC1wN1 : 294.2032499 (0.11)%
GtT1bC1wN1_QqGbB1tC2hC1wN1 : 294.2032499 (0.11)%
GbB1tC2zC1wN1_QqGtT1bC1wN1 : 289.5762133 (0.11)%
GtT1bC1wN1_QqGbB1tC2zC1wN1 : 289.5762133 (0.11)%
GbB1tC2wN2hN1_QqGtT1bC1wN1 : 286.1786676 (0.11)%
GtT1bC1wN1_QqGbB1tC2wN2hN1 : 286.1786676 (0.11)%
     GbB1wT1tN2hN1_QqC1wN1 : 277.0977738 (0.10)%
   QqGtT1bC2hC1wN1_QqN2hN1 : 254.7175945 (0.09)%
   QqGtT1bC2zC1wN1_QqN2hN1 : 250.7115625 (0.09)%
        GtT1bC2wN1_QqN2hN1 : 250.6811396 (0.09)%
   QqGtT1bC2wN2hN1_QqN2hN1 : 247.7700087 (0.09)%
           GtT1tN2hN1_QqN1 : 246.3091152 (0.09)%
         GtT1tN1_QqGtT1tN1 : 238.9099608 (0.09)%
   GbB1bN2hN1_QqGtT1bC1wN1 : 237.7463104 (0.09)%
   GtT1bC1wN1_QqGbB1bN2hN1 : 237.7463104 (0.09)%
           QqN2hN1_QqN2zN1 : 233.9436276 (0.09)%
     GtT1bC1wN1_GtT1bC2wN1 : 227.6219818 (0.08)%
  GbB1tC2hC1wN1_GtT1tN2hN1 : 221.9169668 (0.08)%
  GbB1tC2zC1wN1_GtT1tN2hN1 : 218.4268017 (0.08)%
           GtT1tN1_GtT1tN1 : 217.8351547 (0.08)%
  GbB1tC2wN2hN1_GtT1tN2hN1 : 215.8640392 (0.08)%
   QqC1wN1_QqGbB1wT1bC1wN1 : 210.8103872 (0.08)%
   GbB1tC1wN1_QqGtT1tN2hN1 : 195.3019857 (0.07)%
   GtT1tN2hN1_QqGbB1tC1wN1 : 195.3019857 (0.07)%
         QqGtT1bC1wN1_QqN1 : 187.3869978 (0.07)%
   QqGbB1tC2hC1wN1_QqN2hN1 : 185.9331971 (0.07)%
   QqGbB1tC2zC1wN1_QqN2hN1 : 183.0089612 (0.07)%
        GbB1tC2wN1_QqN2hN1 : 182.9867538 (0.07)%
   QqGbB1tC2wN2hN1_QqN2hN1 : 180.8617499 (0.07)%
        QqC1wN1_QqC2hC1wN1 : 180.2122257 (0.07)%
     GbB1bN2hN1_GtT1tN2hN1 : 179.3316019 (0.07)%
        QqC1wN1_QqC2zC1wN1 : 177.3779655 (0.07)%
------------------------------------------------------------
                                         SUM=90.06%
