/Users/rafalmaselek/Projects/fastlim-1.0
 
#################################################################
#                                                               #
#                                                               #
#                     This is Fastlim  ver. 1.0                 #
#                                                               #
#          A fast LHC limit calculator for BSM models.          #
#                                                               #
#                  http://cern.ch/fastlim-1.0/                  #
#                                                               #
#  for bugs/feature requests: fastlim-1.0.developers@gmail.com  #
#                                                               #
#    please refer to:                                           #
#    M.Papucci, K.Sakurai, A.Weiler, L.Zeune arXiv:1402.xxxx    #
#                                                               #
#################################################################
 

!! Masses incompatible with the data for ERER !!

!! Problem with reading tables for ER ER !! Probably mass outside the table !! Setting xsec to 10^-20 !!

!! Masses incompatible with the data for ELEL !!

!! Problem with reading tables for EL EL !! Probably mass outside the table !! Setting xsec to 10^-20 !!

!! Masses incompatible with the data for TAU1TAU1 !!

!! Problem with reading tables for TAU1 TAU1 !! Probably mass outside the table !! Setting xsec to 10^-20 !!

!! Masses incompatible with the data for TAU2TAU2 !!

!! Problem with reading tables for TAU2 TAU2 !! Probably mass outside the table !! Setting xsec to 10^-20 !!
!! EWK PROCESS C1C2 NOT FOUND !! WILL TRY TO LOOK FOR +/- MODES !!
XSEC FOUND FOR: C1-C2+
XSEC FOUND FOR: C1+C2-
!! EWK PROCESS C1N1 NOT FOUND !! WILL TRY TO LOOK FOR +/- MODES !!
XSEC FOUND FOR: C1+N1
XSEC FOUND FOR: C1-N1
!! EWK PROCESS C1N2 NOT FOUND !! WILL TRY TO LOOK FOR +/- MODES !!
XSEC FOUND FOR: C1+N2
XSEC FOUND FOR: C1-N2
!! EWK PROCESS C1N3 NOT FOUND !! WILL TRY TO LOOK FOR +/- MODES !!
XSEC FOUND FOR: C1+N3
XSEC FOUND FOR: C1-N3
!! EWK PROCESS C1N4 NOT FOUND !! WILL TRY TO LOOK FOR +/- MODES !!
XSEC FOUND FOR: C1+N4
XSEC FOUND FOR: C1-N4
!! EWK PROCESS C2N1 NOT FOUND !! WILL TRY TO LOOK FOR +/- MODES !!
XSEC FOUND FOR: C2+N1
XSEC FOUND FOR: C2-N1
!! EWK PROCESS C2N2 NOT FOUND !! WILL TRY TO LOOK FOR +/- MODES !!
XSEC FOUND FOR: C2+N2
XSEC FOUND FOR: C2-N2
!! EWK PROCESS C2N3 NOT FOUND !! WILL TRY TO LOOK FOR +/- MODES !!
XSEC FOUND FOR: C2+N3
XSEC FOUND FOR: C2-N3
!! EWK PROCESS C2N4 NOT FOUND !! WILL TRY TO LOOK FOR +/- MODES !!
XSEC FOUND FOR: C2+N4
XSEC FOUND FOR: C2-N4
---------------  Output inclusive processes  ---------------
The total xsec = 22450.04 [fb]
The total rate = 100.00%
Output upto 0.10%
               Modes : xsec/fb      (rate)
         C1wN1_N2zN1 : 9878.2290307 (44.00)%
         C1wN1_C1wN1 : 5797.9695655 (25.83)%
         C1wN1_N2hN1 : 1780.6215116 (7.93)%
      GqqC1wN1_GttN1 : 80.5147624 (0.36)%
      GbtC1wN1_GttN1 : 78.9142313 (0.35)%
   GbtC1wN1_GqqC1wN1 : 56.9364613 (0.25)%
         GttN1_GttN1 : 55.7969396 (0.25)%
   C2hC1wN1_N3wC1wN1 : 49.1501632 (0.22)%
   C2hC1wN1_N4wC1wN1 : 47.6342733 (0.21)%
   GbtC2hC1wN1_GttN1 : 47.2994461 (0.21)%
   C2zC1wN1_N3wC1wN1 : 44.9513014 (0.20)%
   C2zC1wN1_N4wC1wN1 : 43.5649128 (0.19)%
   GbtC2zC1wN1_GttN1 : 43.2586897 (0.19)%
   N3wC1wN1_N4wC1wN1 : 40.0300801 (0.18)%
       GttN1_QqGttN1 : 37.9713832 (0.17)%
   C2wN2zN1_N3wC1wN1 : 37.6453018 (0.17)%
   GttN1_GttN4wC1wN1 : 36.5689928 (0.16)%
   C2wN2zN1_N4wC1wN1 : 36.4842450 (0.16)%
   GbtC2wN2zN1_GttN1 : 36.2277927 (0.16)%
GbtC2hC1wN1_GqqC1wN1 : 34.1264565 (0.15)%
      GqqN2zN1_GttN1 : 34.1206283 (0.15)%
               N1_N1 : 34.0795040 (0.15)%
GbtC1wN1_GbtC2hC1wN1 : 33.4480660 (0.15)%
GbtC2zC1wN1_GqqC1wN1 : 31.2110588 (0.14)%
GbtC1wN1_GbtC2zC1wN1 : 30.5906226 (0.14)%
   GttN1_GttN3wC1wN1 : 29.6634732 (0.13)%
   GqqC1wN1_GqqC1wN1 : 29.0456206 (0.13)%
         N2zN1_N2zN1 : 28.1607845 (0.13)%
   GbtC1wN1_GbtC1wN1 : 27.9023184 (0.12)%
    GttN1_QqGqqC1wN1 : 27.3962776 (0.12)%
    GqqC1wN1_QqGttN1 : 27.3962776 (0.12)%
         GqqN1_GttN1 : 27.1013907 (0.12)%
    GbtC1wN1_QqGttN1 : 26.8516745 (0.12)%
    GttN1_QqGbtC1wN1 : 26.8516745 (0.12)%
GqqC1wN1_GttN4wC1wN1 : 26.3844557 (0.12)%
GbtC2wN2zN1_GqqC1wN1 : 26.1382806 (0.12)%
   C2hC1wN1_C2zC1wN1 : 26.0248848 (0.12)%
GbtC1wN1_GttN4wC1wN1 : 25.8599663 (0.12)%
GbtC1wN1_GbtC2wN2zN1 : 25.6186848 (0.11)%
   GqqC1wN1_GqqN2zN1 : 24.6179656 (0.11)%
   GbtC1wN1_GqqN2zN1 : 24.1285918 (0.11)%
      C2wN1_N3wC1wN1 : 22.4805906 (0.10)%
   C2hC1wN1_C2wN2zN1 : 21.7950229 (0.10)%
------------------------------------------------------------
                                   SUM=84.19%

SHOWING PROCESSES TO GET 90.00% SUSY COVERAGE
---------------  Output inclusive processes  ---------------
The total xsec = 22450.04 [fb]
The total rate = 100.00%
                  Modes : xsec/fb      (rate)
            C1wN1_N2zN1 : 9878.2290307 (44.00)%
            C1wN1_C1wN1 : 5797.9695655 (25.83)%
            C1wN1_N2hN1 : 1780.6215116 (7.93)%
         GqqC1wN1_GttN1 : 80.5147624 (0.36)%
         GbtC1wN1_GttN1 : 78.9142313 (0.35)%
      GbtC1wN1_GqqC1wN1 : 56.9364613 (0.25)%
            GttN1_GttN1 : 55.7969396 (0.25)%
      C2hC1wN1_N3wC1wN1 : 49.1501632 (0.22)%
      C2hC1wN1_N4wC1wN1 : 47.6342733 (0.21)%
      GbtC2hC1wN1_GttN1 : 47.2994461 (0.21)%
      C2zC1wN1_N3wC1wN1 : 44.9513014 (0.20)%
      C2zC1wN1_N4wC1wN1 : 43.5649128 (0.19)%
      GbtC2zC1wN1_GttN1 : 43.2586897 (0.19)%
      N3wC1wN1_N4wC1wN1 : 40.0300801 (0.18)%
          GttN1_QqGttN1 : 37.9713832 (0.17)%
      C2wN2zN1_N3wC1wN1 : 37.6453018 (0.17)%
      GttN1_GttN4wC1wN1 : 36.5689928 (0.16)%
      C2wN2zN1_N4wC1wN1 : 36.4842450 (0.16)%
      GbtC2wN2zN1_GttN1 : 36.2277927 (0.16)%
   GbtC2hC1wN1_GqqC1wN1 : 34.1264565 (0.15)%
         GqqN2zN1_GttN1 : 34.1206283 (0.15)%
                  N1_N1 : 34.0795040 (0.15)%
   GbtC1wN1_GbtC2hC1wN1 : 33.4480660 (0.15)%
   GbtC2zC1wN1_GqqC1wN1 : 31.2110588 (0.14)%
   GbtC1wN1_GbtC2zC1wN1 : 30.5906226 (0.14)%
      GttN1_GttN3wC1wN1 : 29.6634732 (0.13)%
      GqqC1wN1_GqqC1wN1 : 29.0456206 (0.13)%
            N2zN1_N2zN1 : 28.1607845 (0.13)%
      GbtC1wN1_GbtC1wN1 : 27.9023184 (0.12)%
       GttN1_QqGqqC1wN1 : 27.3962776 (0.12)%
       GqqC1wN1_QqGttN1 : 27.3962776 (0.12)%
            GqqN1_GttN1 : 27.1013907 (0.12)%
       GbtC1wN1_QqGttN1 : 26.8516745 (0.12)%
       GttN1_QqGbtC1wN1 : 26.8516745 (0.12)%
   GqqC1wN1_GttN4wC1wN1 : 26.3844557 (0.12)%
   GbtC2wN2zN1_GqqC1wN1 : 26.1382806 (0.12)%
      C2hC1wN1_C2zC1wN1 : 26.0248848 (0.12)%
   GbtC1wN1_GttN4wC1wN1 : 25.8599663 (0.12)%
   GbtC1wN1_GbtC2wN2zN1 : 25.6186848 (0.11)%
      GqqC1wN1_GqqN2zN1 : 24.6179656 (0.11)%
      GbtC1wN1_GqqN2zN1 : 24.1285918 (0.11)%
         C2wN1_N3wC1wN1 : 22.4805906 (0.10)%
      C2hC1wN1_C2wN2zN1 : 21.7950229 (0.10)%
         C2wN1_N4wC1wN1 : 21.7872439 (0.10)%
          GttN1_QqC1wN1 : 21.7329258 (0.10)%
         GbtC2wN1_GttN1 : 21.6340987 (0.10)%
   GqqC1wN1_GttN3wC1wN1 : 21.4021371 (0.10)%
         GbbN2zN1_GttN1 : 21.3555306 (0.10)%
   GbtC1wN1_GttN3wC1wN1 : 20.9766898 (0.09)%
      C2wN2zN1_C2zC1wN1 : 19.9330904 (0.09)%
    GqqC1wN1_QqGqqC1wN1 : 19.7663599 (0.09)%
      C2hC1wN1_N4hN2zN1 : 19.6394428 (0.09)%
         GqqC1wN1_GqqN1 : 19.5535996 (0.09)%
    GqqC1wN1_QqGbtC1wN1 : 19.3734299 (0.09)%
    GbtC1wN1_QqGqqC1wN1 : 19.3734299 (0.09)%
         GbtC1wN1_GqqN1 : 19.1648989 (0.09)%
    GbtC1wN1_QqGbtC1wN1 : 18.9883107 (0.08)%
GbtC2hC1wN1_GbtC2zC1wN1 : 18.3353431 (0.08)%
      C2zC1wN1_N4hN2zN1 : 17.9616599 (0.08)%
      C2hC1wN1_N3zN2zN1 : 17.7390735 (0.08)%
      N3wC1wN1_N4hN2zN1 : 16.5042608 (0.07)%
      C2zC1wN1_N3zN2zN1 : 16.2236377 (0.07)%
    GttN1_QqGbtC2hC1wN1 : 16.0943002 (0.07)%
    GbtC2hC1wN1_QqGttN1 : 16.0943002 (0.07)%
       GqqC1wN1_QqC1wN1 : 15.6802629 (0.07)%
      GbtC2wN1_GqqC1wN1 : 15.6089593 (0.07)%
GbtC2hC1wN1_GttN4wC1wN1 : 15.4998923 (0.07)%
      GbbN2zN1_GqqC1wN1 : 15.4079730 (0.07)%
       GbtC1wN1_QqC1wN1 : 15.3685592 (0.07)%
GbtC2hC1wN1_GbtC2wN2zN1 : 15.3552734 (0.07)%
      GbtC1wN1_GbtC2wN1 : 15.2986730 (0.07)%
      GbbN2zN1_GbtC1wN1 : 15.1016821 (0.07)%
      GttN1_GttN4hN2zN1 : 15.0772667 (0.07)%
      C2wN2zN1_N4hN2zN1 : 15.0423255 (0.07)%
    GttN1_QqGbtC2zC1wN1 : 14.7193762 (0.07)%
    GbtC2zC1wN1_QqGttN1 : 14.7193762 (0.07)%
   GbtC2hC1wN1_GqqN2zN1 : 14.4621446 (0.06)%
      N3zN2zN1_N4wC1wN1 : 14.4474909 (0.06)%
      C2hC1wN1_C2hC1wN1 : 14.2279233 (0.06)%
GbtC2zC1wN1_GttN4wC1wN1 : 14.1757480 (0.06)%
GbtC2wN2zN1_GbtC2zC1wN1 : 14.0434839 (0.06)%
     QqGqqC1wN1_QqGttN1 : 13.7383383 (0.06)%
      C2wN2zN1_N3zN2zN1 : 13.5867866 (0.06)%
     QqGbtC1wN1_QqGttN1 : 13.4652376 (0.06)%
   GbtC2zC1wN1_GqqN2zN1 : 13.2266544 (0.06)%
         C2hC1wN1_C2wN1 : 13.0153024 (0.06)%
         GttN1_GttN2zN1 : 12.5952996 (0.06)%
GbtC2hC1wN1_GttN3wC1wN1 : 12.5729643 (0.06)%
    GttN1_QqGttN4wC1wN1 : 12.4431129 (0.06)%
    GttN4wC1wN1_QqGttN1 : 12.4431129 (0.06)%
    GbtC2wN2zN1_QqGttN1 : 12.3270148 (0.05)%
    GttN1_QqGbtC2wN2zN1 : 12.3270148 (0.05)%
         C2wN1_C2zC1wN1 : 11.9034148 (0.05)%
      C2zC1wN1_C2zC1wN1 : 11.9007992 (0.05)%
GbtC2wN2zN1_GttN4wC1wN1 : 11.8717433 (0.05)%
 GqqC1wN1_QqGbtC2hC1wN1 : 11.6120057 (0.05)%
 GbtC2hC1wN1_QqGqqC1wN1 : 11.6120057 (0.05)%
       GqqN2zN1_QqGttN1 : 11.6100225 (0.05)%
       GttN1_QqGqqN2zN1 : 11.6100225 (0.05)%
GbtC2zC1wN1_GttN3wC1wN1 : 11.4988653 (0.05)%
      GbtC2hC1wN1_GqqN1 : 11.4870168 (0.05)%
 GbtC1wN1_QqGbtC2hC1wN1 : 11.3811738 (0.05)%
 GbtC2hC1wN1_QqGbtC1wN1 : 11.3811738 (0.05)%
   GqqN2zN1_GttN4wC1wN1 : 11.1812316 (0.05)%
               C1wN1_N1 : 11.1443936 (0.05)%
   GbtC2wN2zN1_GqqN2zN1 : 11.0769073 (0.05)%
        QqC1wN1_QqGttN1 : 10.8983524 (0.05)%
   GqqC1wN1_GttN4hN2zN1 : 10.8782180 (0.05)%
      GttN1_GttN3zN2zN1 : 10.7060180 (0.05)%
   GbtC1wN1_GttN4hN2zN1 : 10.6619729 (0.05)%
 GqqC1wN1_QqGbtC2zC1wN1 : 10.6200007 (0.05)%
 GbtC2zC1wN1_QqGqqC1wN1 : 10.6200007 (0.05)%
      GbtC2zC1wN1_GqqN1 : 10.5056895 (0.05)%
 GbtC1wN1_QqGbtC2zC1wN1 : 10.4088886 (0.05)%
 GbtC2zC1wN1_QqGbtC1wN1 : 10.4088886 (0.05)%
            N2hN1_N2zN1 : 10.1523661 (0.05)%
    GttN3wC1wN1_QqGttN1 : 10.0934130 (0.04)%
    GttN1_QqGttN3wC1wN1 : 10.0934130 (0.04)%
GbtC2hC1wN1_GbtC2hC1wN1 : 10.0240157 (0.04)%
         C2wN1_C2wN2zN1 : 9.9687357 (0.04)%
GttN3wC1wN1_GttN4wC1wN1 : 9.7206347 (0.04)%
  QqGbtC1wN1_QqGqqC1wN1 : 9.7151422 (0.04)%
GbtC2wN2zN1_GttN3wC1wN1 : 9.6299382 (0.04)%
        QqGttN1_QqGttN1 : 9.5207042 (0.04)%
          GttN1_QqN2zN1 : 9.2678119 (0.04)%
          GqqN1_QqGttN1 : 9.2216284 (0.04)%
          GttN1_QqGqqN1 : 9.2216284 (0.04)%
    GbtC2hC1wN1_QqC1wN1 : 9.2115747 (0.04)%
   GbtC2hC1wN1_GbtC2wN1 : 9.1696865 (0.04)%
      GqqC1wN1_GttN2zN1 : 9.0874837 (0.04)%
   GqqN2zN1_GttN3wC1wN1 : 9.0698195 (0.04)%
   GbbN2zN1_GbtC2hC1wN1 : 9.0516145 (0.04)%
         C2wN1_N4hN2zN1 : 8.9828038 (0.04)%
 GqqC1wN1_QqGttN4wC1wN1 : 8.9776813 (0.04)%
 GttN4wC1wN1_QqGqqC1wN1 : 8.9776813 (0.04)%
      GbtC1wN1_GttN2zN1 : 8.9068361 (0.04)%
 GqqC1wN1_QqGbtC2wN2zN1 : 8.8939167 (0.04)%
 GbtC2wN2zN1_QqGqqC1wN1 : 8.8939167 (0.04)%
      GqqN1_GttN4wC1wN1 : 8.8810477 (0.04)%
 GbtC1wN1_QqGttN4wC1wN1 : 8.7992164 (0.04)%
 GttN4wC1wN1_QqGbtC1wN1 : 8.7992164 (0.04)%
      GbtC2wN2zN1_GqqN1 : 8.7981847 (0.04)%
------------------------------------------------------------
                                      SUM=90.02%
