/Users/rafalmaselek/Projects/fastlim-1.0
 
#################################################################
#                                                               #
#                                                               #
#                     This is Fastlim  ver. 1.0                 #
#                                                               #
#          A fast LHC limit calculator for BSM models.          #
#                                                               #
#                  http://cern.ch/fastlim-1.0/                  #
#                                                               #
#  for bugs/feature requests: fastlim-1.0.developers@gmail.com  #
#                                                               #
#    please refer to:                                           #
#    M.Papucci, K.Sakurai, A.Weiler, L.Zeune arXiv:1402.xxxx    #
#                                                               #
#################################################################
 

!! Masses incompatible with the data for ERER !!

!! Problem with reading tables for ER ER !! Probably mass outside the table !! Setting xsec to 10^-20 !!

!! Masses incompatible with the data for ELEL !!

!! Problem with reading tables for EL EL !! Probably mass outside the table !! Setting xsec to 10^-20 !!

!! Masses incompatible with the data for TAU1TAU1 !!

!! Problem with reading tables for TAU1 TAU1 !! Probably mass outside the table !! Setting xsec to 10^-20 !!

!! Masses incompatible with the data for TAU2TAU2 !!

!! Problem with reading tables for TAU2 TAU2 !! Probably mass outside the table !! Setting xsec to 10^-20 !!
!! EWK PROCESS C1C2 NOT FOUND !! WILL TRY TO LOOK FOR +/- MODES !!
XSEC FOUND FOR: C1-C2+
XSEC FOUND FOR: C1+C2-
!! EWK PROCESS C1N1 NOT FOUND !! WILL TRY TO LOOK FOR +/- MODES !!
XSEC FOUND FOR: C1+N1
XSEC FOUND FOR: C1-N1
!! EWK PROCESS C1N2 NOT FOUND !! WILL TRY TO LOOK FOR +/- MODES !!
XSEC FOUND FOR: C1+N2
XSEC FOUND FOR: C1-N2
!! EWK PROCESS C1N3 NOT FOUND !! WILL TRY TO LOOK FOR +/- MODES !!
XSEC FOUND FOR: C1+N3
XSEC FOUND FOR: C1-N3
!! EWK PROCESS C1N4 NOT FOUND !! WILL TRY TO LOOK FOR +/- MODES !!
XSEC FOUND FOR: C1+N4
XSEC FOUND FOR: C1-N4
!! EWK PROCESS C2N1 NOT FOUND !! WILL TRY TO LOOK FOR +/- MODES !!
XSEC FOUND FOR: C2+N1
XSEC FOUND FOR: C2-N1
!! EWK PROCESS C2N2 NOT FOUND !! WILL TRY TO LOOK FOR +/- MODES !!
XSEC FOUND FOR: C2+N2
XSEC FOUND FOR: C2-N2
!! EWK PROCESS C2N3 NOT FOUND !! WILL TRY TO LOOK FOR +/- MODES !!
XSEC FOUND FOR: C2+N3
XSEC FOUND FOR: C2-N3
!! EWK PROCESS C2N4 NOT FOUND !! WILL TRY TO LOOK FOR +/- MODES !!
XSEC FOUND FOR: C2+N4
XSEC FOUND FOR: C2-N4
---------------  Output inclusive processes  ---------------
The total xsec = 23347.84 [fb]
The total rate = 100.00%
Output upto 0.10%
                          Modes : xsec/fb      (rate)
                    C1wN1_N2hN1 : 7596.2992864 (32.54)%
                    C1wN1_C1wN1 : 3668.4472825 (15.71)%
                QqC1wN1_QqC1wN1 : 335.3720756 (1.44)%
                QqC1wN1_QqN2hN1 : 325.8297939 (1.40)%
                    C1wN1_N2zN1 : 232.1875154 (0.99)%
          GtT1tN3wC1wN1_QqC1wN1 : 221.9803357 (0.95)%
             GtT1bC1wN1_QqC1wN1 : 216.7956100 (0.93)%
        QqC1wN1_QqGtT1tN3wC1wN1 : 191.2693121 (0.82)%
           QqC1wN1_QqGtT1bC1wN1 : 186.8018943 (0.80)%
          GtT1bC2hC1wN1_QqC1wN1 : 155.4373719 (0.67)%
          GtT1bC2zC1wN1_QqC1wN1 : 147.8014406 (0.63)%
          GtT1bC2wN2hN1_QqC1wN1 : 145.1377659 (0.62)%
        QqC1wN1_QqGtT1bC2hC1wN1 : 133.9325806 (0.57)%
        QqC1wN1_QqGtT1bC2zC1wN1 : 127.3530819 (0.55)%
        QqC1wN1_QqGtT1bC2wN2hN1 : 125.0579271 (0.54)%
          GtT1tN3wC1wN1_QqN2hN1 : 107.8321845 (0.46)%
          GtT1tN4wC1wN1_QqC1wN1 : 106.5889685 (0.46)%
             GtT1bC1wN1_QqN2hN1 : 105.3135816 (0.45)%
          GtT1tN3zN2hN1_QqC1wN1 : 103.5716215 (0.44)%
             GtT1tN2hN1_QqC1wN1 : 98.2815296 (0.42)%
        QqGtT1tN3wC1wN1_QqN2hN1 : 92.9135803 (0.40)%
        QqC1wN1_QqGtT1tN4wC1wN1 : 91.8423635 (0.39)%
                GtT1tN1_QqC1wN1 : 91.0803124 (0.39)%
           QqGtT1bC1wN1_QqN2hN1 : 90.7434267 (0.39)%
        QqC1wN1_QqGtT1tN3zN2hN1 : 89.2424671 (0.38)%
           QqC1wN1_QqGtT1tN2hN1 : 84.6842605 (0.36)%
                QqN2hN1_QqN2hN1 : 79.1397543 (0.34)%
              QqC1wN1_QqGtT1tN1 : 78.4793331 (0.34)%
          GtT1bC2hC1wN1_QqN2hN1 : 75.5073701 (0.32)%
          GtT1bC2zC1wN1_QqN2hN1 : 71.7980363 (0.31)%
          GtT1bC2wN2hN1_QqN2hN1 : 70.5040935 (0.30)%
        QqGtT1bC2hC1wN1_QqN2hN1 : 65.0609104 (0.28)%
  GtT1tN3wC1wN1_QqGtT1tN3wC1wN1 : 63.2998827 (0.27)%
                          N1_N1 : 63.1928519 (0.27)%
        QqGtT1bC2zC1wN1_QqN2hN1 : 61.8647637 (0.26)%
     GtT1tN3wC1wN1_QqGtT1bC1wN1 : 61.8214071 (0.26)%
     GtT1bC1wN1_QqGtT1tN3wC1wN1 : 61.8214071 (0.26)%
        QqGtT1bC2wN2hN1_QqN2hN1 : 60.7498381 (0.26)%
        GtT1bC1wN1_QqGtT1bC1wN1 : 60.3774637 (0.26)%
                    N2hN1_N2hN1 : 56.0855630 (0.24)%
       GtT1bC1wN1_GtT1tN3wC1wN1 : 54.6206734 (0.23)%
             GtT1bC2wN1_QqC1wN1 : 54.1722639 (0.23)%
   QqGtT1bC1wN1_QqGtT1tN3wC1wN1 : 53.2684031 (0.23)%
          GtT1tN4hN2hN1_QqC1wN1 : 52.5747769 (0.23)%
          GtT1tN4wC1wN1_QqN2hN1 : 51.7781058 (0.22)%
              C2hC1wN1_N3wC1wN1 : 50.9977982 (0.22)%
              C2hC1wN1_N4wC1wN1 : 50.4106603 (0.22)%
          GtT1tN3zN2hN1_QqN2hN1 : 50.3123583 (0.22)%
              C2zC1wN1_N3wC1wN1 : 48.4925083 (0.21)%
              C2zC1wN1_N4wC1wN1 : 47.9342138 (0.21)%
             GtT1tN2hN1_QqN2hN1 : 47.7425714 (0.20)%
              C2wN2hN1_N3wC1wN1 : 47.6185772 (0.20)%
              C2wN2hN1_N4wC1wN1 : 47.0703443 (0.20)%
           QqC1wN1_QqGtT1bC2wN1 : 46.6775204 (0.20)%
        QqC1wN1_QqGtT1tN4hN2hN1 : 45.3010461 (0.19)%
        QqGtT1tN4wC1wN1_QqN2hN1 : 44.6145946 (0.19)%
  GtT1tN3wC1wN1_QqGtT1bC2hC1wN1 : 44.3245001 (0.19)%
  GtT1bC2hC1wN1_QqGtT1tN3wC1wN1 : 44.3245001 (0.19)%
                GtT1tN1_QqN2hN1 : 44.2444103 (0.19)%
              N3wC1wN1_N4wC1wN1 : 43.9656187 (0.19)%
             GtT1tN3zN1_QqC1wN1 : 43.9375000 (0.19)%
        QqGtT1tN3zN2hN1_QqN2hN1 : 43.3516336 (0.19)%
     GtT1bC1wN1_QqGtT1bC2hC1wN1 : 43.2892265 (0.19)%
     GtT1bC2hC1wN1_QqGtT1bC1wN1 : 43.2892265 (0.19)%
  GtT1tN3wC1wN1_QqGtT1bC2zC1wN1 : 42.1470390 (0.18)%
  GtT1bC2zC1wN1_QqGtT1tN3wC1wN1 : 42.1470390 (0.18)%
  GtT1tN3wC1wN1_QqGtT1bC2wN2hN1 : 41.3874658 (0.18)%
  GtT1bC2wN2hN1_QqGtT1tN3wC1wN1 : 41.3874658 (0.18)%
     GtT1bC1wN1_QqGtT1bC2zC1wN1 : 41.1626237 (0.18)%
     GtT1bC2zC1wN1_QqGtT1bC1wN1 : 41.1626237 (0.18)%
           QqGtT1tN2hN1_QqN2hN1 : 41.1373772 (0.18)%
     GtT1bC1wN1_QqGtT1bC2wN2hN1 : 40.4207917 (0.17)%
     GtT1bC2wN2hN1_QqGtT1bC1wN1 : 40.4207917 (0.17)%
    GtT1bC2hC1wN1_GtT1tN3wC1wN1 : 39.1617429 (0.17)%
       GtT1bC1wN1_GtT1bC2hC1wN1 : 38.2470542 (0.16)%
QqGtT1bC2hC1wN1_QqGtT1tN3wC1wN1 : 38.1921967 (0.16)%
              QqGtT1tN1_QqN2hN1 : 38.1231873 (0.16)%
           QqC1wN1_QqGtT1tN3zN1 : 37.8587382 (0.16)%
   QqGtT1bC1wN1_QqGtT1bC2hC1wN1 : 37.3001535 (0.16)%
    GtT1bC2zC1wN1_GtT1tN3wC1wN1 : 37.2379045 (0.16)%
    GtT1bC2wN2hN1_GtT1tN3wC1wN1 : 36.5668037 (0.16)%
       GtT1bC1wN1_GtT1bC2zC1wN1 : 36.3681503 (0.16)%
QqGtT1bC2zC1wN1_QqGtT1tN3wC1wN1 : 36.3159878 (0.16)%
       GtT1bC1wN1_GtT1bC2wN2hN1 : 35.7127242 (0.15)%
QqGtT1bC2wN2hN1_QqGtT1tN3wC1wN1 : 35.6615017 (0.15)%
   QqGtT1bC1wN1_QqGtT1bC2zC1wN1 : 35.4677665 (0.15)%
   QqGtT1bC1wN1_QqGtT1bC2wN2hN1 : 34.8285671 (0.15)%
  GtT1bC2hC1wN1_QqGtT1bC2hC1wN1 : 31.0373610 (0.13)%
  GtT1tN3wC1wN1_QqGtT1tN4wC1wN1 : 30.3948959 (0.13)%
  GtT1tN4wC1wN1_QqGtT1tN3wC1wN1 : 30.3948959 (0.13)%
     GtT1bC1wN1_QqGtT1tN4wC1wN1 : 29.6849718 (0.13)%
     GtT1tN4wC1wN1_QqGtT1bC1wN1 : 29.6849718 (0.13)%
  GtT1tN3zN2hN1_QqGtT1tN3wC1wN1 : 29.5344697 (0.13)%
  GtT1tN3wC1wN1_QqGtT1tN3zN2hN1 : 29.5344697 (0.13)%
  GtT1bC2zC1wN1_QqGtT1bC2hC1wN1 : 29.5126366 (0.13)%
  GtT1bC2hC1wN1_QqGtT1bC2zC1wN1 : 29.5126366 (0.13)%
  GtT1bC2wN2hN1_QqGtT1bC2hC1wN1 : 28.9807604 (0.12)%
  GtT1bC2hC1wN1_QqGtT1bC2wN2hN1 : 28.9807604 (0.12)%
     GtT1tN3zN2hN1_QqGtT1bC1wN1 : 28.8446423 (0.12)%
     GtT1bC1wN1_QqGtT1tN3zN2hN1 : 28.8446423 (0.12)%
  GtT1bC2zC1wN1_QqGtT1bC2zC1wN1 : 28.0628149 (0.12)%
     GtT1tN2hN1_QqGtT1tN3wC1wN1 : 28.0259478 (0.12)%
     GtT1tN3wC1wN1_QqGtT1tN2hN1 : 28.0259478 (0.12)%
    GtT1tN3wC1wN1_GtT1tN3wC1wN1 : 27.9634708 (0.12)%
  GtT1bC2zC1wN1_QqGtT1bC2wN2hN1 : 27.5570674 (0.12)%
  GtT1bC2wN2hN1_QqGtT1bC2zC1wN1 : 27.5570674 (0.12)%
        GtT1tN2hN1_QqGtT1bC1wN1 : 27.3713545 (0.12)%
        GtT1bC1wN1_QqGtT1tN2hN1 : 27.3713545 (0.12)%
              C2hC1wN1_C2zC1wN1 : 27.3329672 (0.12)%
QqGtT1tN3wC1wN1_QqGtT1tN3wC1wN1 : 27.2711657 (0.12)%
  GtT1bC2wN2hN1_QqGtT1bC2wN2hN1 : 27.0604345 (0.12)%
    GtT1tN3wC1wN1_GtT1tN4wC1wN1 : 26.8546085 (0.12)%
              C2hC1wN1_C2wN2hN1 : 26.8403729 (0.11)%
          GtT1bC1wN1_GtT1bC1wN1 : 26.6724577 (0.11)%
             GtT1bC2wN1_QqN2hN1 : 26.3154551 (0.11)%
       GtT1bC1wN1_GtT1tN4wC1wN1 : 26.2273738 (0.11)%
QqGtT1tN3wC1wN1_QqGtT1tN4wC1wN1 : 26.1897561 (0.11)%
    GtT1tN3wC1wN1_GtT1tN3zN2hN1 : 26.0944016 (0.11)%
    GtT1bC2hC1wN1_GtT1bC2zC1wN1 : 26.0751115 (0.11)%
      QqGtT1bC1wN1_QqGtT1bC1wN1 : 26.0121148 (0.11)%
                       C1wN1_N1 : 26.0109111 (0.11)%
        GtT1tN3wC1wN1_QqGtT1tN1 : 25.9724497 (0.11)%
        GtT1tN1_QqGtT1tN3wC1wN1 : 25.9724497 (0.11)%
    GtT1bC2hC1wN1_GtT1bC2wN2hN1 : 25.6051864 (0.11)%
   QqGtT1bC1wN1_QqGtT1tN4wC1wN1 : 25.5780501 (0.11)%
          GtT1tN4hN2hN1_QqN2hN1 : 25.5394381 (0.11)%
              C2wN2hN1_C2zC1wN1 : 25.5218275 (0.11)%
       GtT1bC1wN1_GtT1tN3zN2hN1 : 25.4849228 (0.11)%
QqGtT1tN3wC1wN1_QqGtT1tN3zN2hN1 : 25.4483699 (0.11)%
QqGtT1bC2hC1wN1_QqGtT1bC2zC1wN1 : 25.4295574 (0.11)%
           GtT1tN1_QqGtT1bC1wN1 : 25.3658192 (0.11)%
           GtT1bC1wN1_QqGtT1tN1 : 25.3658192 (0.11)%
QqGtT1bC2hC1wN1_QqGtT1bC2wN2hN1 : 24.9712664 (0.11)%
              C2hC1wN1_N4hN2hN1 : 24.8649486 (0.11)%
   QqGtT1bC1wN1_QqGtT1tN3zN2hN1 : 24.8539803 (0.11)%
       GtT1tN2hN1_GtT1tN3wC1wN1 : 24.7615869 (0.11)%
    GtT1bC2wN2hN1_GtT1bC2zC1wN1 : 24.3473200 (0.10)%
          GtT1bC1wN1_GtT1tN2hN1 : 24.1832382 (0.10)%
   QqGtT1tN2hN1_QqGtT1tN3wC1wN1 : 24.1485524 (0.10)%
              C2hC1wN1_N3zN2hN1 : 23.7945611 (0.10)%
QqGtT1bC2wN2hN1_QqGtT1bC2zC1wN1 : 23.7445417 (0.10)%
              C2zC1wN1_N4hN2hN1 : 23.6434467 (0.10)%
      QqGtT1bC1wN1_QqGtT1tN2hN1 : 23.5845221 (0.10)%
              C2wN2hN1_N4hN2hN1 : 23.2173450 (0.10)%
------------------------------------------------------------
                                              SUM=82.91%

SHOWING PROCESSES TO GET 90.00% SUSY COVERAGE
---------------  Output inclusive processes  ---------------
The total xsec = 23347.84 [fb]
The total rate = 100.00%
                          Modes : xsec/fb      (rate)
                    C1wN1_N2hN1 : 7596.2992864 (32.54)%
                    C1wN1_C1wN1 : 3668.4472825 (15.71)%
                QqC1wN1_QqC1wN1 : 335.3720756 (1.44)%
                QqC1wN1_QqN2hN1 : 325.8297939 (1.40)%
                    C1wN1_N2zN1 : 232.1875154 (0.99)%
          GtT1tN3wC1wN1_QqC1wN1 : 221.9803357 (0.95)%
             GtT1bC1wN1_QqC1wN1 : 216.7956100 (0.93)%
        QqC1wN1_QqGtT1tN3wC1wN1 : 191.2693121 (0.82)%
           QqC1wN1_QqGtT1bC1wN1 : 186.8018943 (0.80)%
          GtT1bC2hC1wN1_QqC1wN1 : 155.4373719 (0.67)%
          GtT1bC2zC1wN1_QqC1wN1 : 147.8014406 (0.63)%
          GtT1bC2wN2hN1_QqC1wN1 : 145.1377659 (0.62)%
        QqC1wN1_QqGtT1bC2hC1wN1 : 133.9325806 (0.57)%
        QqC1wN1_QqGtT1bC2zC1wN1 : 127.3530819 (0.55)%
        QqC1wN1_QqGtT1bC2wN2hN1 : 125.0579271 (0.54)%
          GtT1tN3wC1wN1_QqN2hN1 : 107.8321845 (0.46)%
          GtT1tN4wC1wN1_QqC1wN1 : 106.5889685 (0.46)%
             GtT1bC1wN1_QqN2hN1 : 105.3135816 (0.45)%
          GtT1tN3zN2hN1_QqC1wN1 : 103.5716215 (0.44)%
             GtT1tN2hN1_QqC1wN1 : 98.2815296 (0.42)%
        QqGtT1tN3wC1wN1_QqN2hN1 : 92.9135803 (0.40)%
        QqC1wN1_QqGtT1tN4wC1wN1 : 91.8423635 (0.39)%
                GtT1tN1_QqC1wN1 : 91.0803124 (0.39)%
           QqGtT1bC1wN1_QqN2hN1 : 90.7434267 (0.39)%
        QqC1wN1_QqGtT1tN3zN2hN1 : 89.2424671 (0.38)%
           QqC1wN1_QqGtT1tN2hN1 : 84.6842605 (0.36)%
                QqN2hN1_QqN2hN1 : 79.1397543 (0.34)%
              QqC1wN1_QqGtT1tN1 : 78.4793331 (0.34)%
          GtT1bC2hC1wN1_QqN2hN1 : 75.5073701 (0.32)%
          GtT1bC2zC1wN1_QqN2hN1 : 71.7980363 (0.31)%
          GtT1bC2wN2hN1_QqN2hN1 : 70.5040935 (0.30)%
        QqGtT1bC2hC1wN1_QqN2hN1 : 65.0609104 (0.28)%
  GtT1tN3wC1wN1_QqGtT1tN3wC1wN1 : 63.2998827 (0.27)%
                          N1_N1 : 63.1928519 (0.27)%
        QqGtT1bC2zC1wN1_QqN2hN1 : 61.8647637 (0.26)%
     GtT1tN3wC1wN1_QqGtT1bC1wN1 : 61.8214071 (0.26)%
     GtT1bC1wN1_QqGtT1tN3wC1wN1 : 61.8214071 (0.26)%
        QqGtT1bC2wN2hN1_QqN2hN1 : 60.7498381 (0.26)%
        GtT1bC1wN1_QqGtT1bC1wN1 : 60.3774637 (0.26)%
                    N2hN1_N2hN1 : 56.0855630 (0.24)%
       GtT1bC1wN1_GtT1tN3wC1wN1 : 54.6206734 (0.23)%
             GtT1bC2wN1_QqC1wN1 : 54.1722639 (0.23)%
   QqGtT1bC1wN1_QqGtT1tN3wC1wN1 : 53.2684031 (0.23)%
          GtT1tN4hN2hN1_QqC1wN1 : 52.5747769 (0.23)%
          GtT1tN4wC1wN1_QqN2hN1 : 51.7781058 (0.22)%
              C2hC1wN1_N3wC1wN1 : 50.9977982 (0.22)%
              C2hC1wN1_N4wC1wN1 : 50.4106603 (0.22)%
          GtT1tN3zN2hN1_QqN2hN1 : 50.3123583 (0.22)%
              C2zC1wN1_N3wC1wN1 : 48.4925083 (0.21)%
              C2zC1wN1_N4wC1wN1 : 47.9342138 (0.21)%
             GtT1tN2hN1_QqN2hN1 : 47.7425714 (0.20)%
              C2wN2hN1_N3wC1wN1 : 47.6185772 (0.20)%
              C2wN2hN1_N4wC1wN1 : 47.0703443 (0.20)%
           QqC1wN1_QqGtT1bC2wN1 : 46.6775204 (0.20)%
        QqC1wN1_QqGtT1tN4hN2hN1 : 45.3010461 (0.19)%
        QqGtT1tN4wC1wN1_QqN2hN1 : 44.6145946 (0.19)%
  GtT1tN3wC1wN1_QqGtT1bC2hC1wN1 : 44.3245001 (0.19)%
  GtT1bC2hC1wN1_QqGtT1tN3wC1wN1 : 44.3245001 (0.19)%
                GtT1tN1_QqN2hN1 : 44.2444103 (0.19)%
              N3wC1wN1_N4wC1wN1 : 43.9656187 (0.19)%
             GtT1tN3zN1_QqC1wN1 : 43.9375000 (0.19)%
        QqGtT1tN3zN2hN1_QqN2hN1 : 43.3516336 (0.19)%
     GtT1bC1wN1_QqGtT1bC2hC1wN1 : 43.2892265 (0.19)%
     GtT1bC2hC1wN1_QqGtT1bC1wN1 : 43.2892265 (0.19)%
  GtT1tN3wC1wN1_QqGtT1bC2zC1wN1 : 42.1470390 (0.18)%
  GtT1bC2zC1wN1_QqGtT1tN3wC1wN1 : 42.1470390 (0.18)%
  GtT1tN3wC1wN1_QqGtT1bC2wN2hN1 : 41.3874658 (0.18)%
  GtT1bC2wN2hN1_QqGtT1tN3wC1wN1 : 41.3874658 (0.18)%
     GtT1bC1wN1_QqGtT1bC2zC1wN1 : 41.1626237 (0.18)%
     GtT1bC2zC1wN1_QqGtT1bC1wN1 : 41.1626237 (0.18)%
           QqGtT1tN2hN1_QqN2hN1 : 41.1373772 (0.18)%
     GtT1bC1wN1_QqGtT1bC2wN2hN1 : 40.4207917 (0.17)%
     GtT1bC2wN2hN1_QqGtT1bC1wN1 : 40.4207917 (0.17)%
    GtT1bC2hC1wN1_GtT1tN3wC1wN1 : 39.1617429 (0.17)%
       GtT1bC1wN1_GtT1bC2hC1wN1 : 38.2470542 (0.16)%
QqGtT1bC2hC1wN1_QqGtT1tN3wC1wN1 : 38.1921967 (0.16)%
              QqGtT1tN1_QqN2hN1 : 38.1231873 (0.16)%
           QqC1wN1_QqGtT1tN3zN1 : 37.8587382 (0.16)%
   QqGtT1bC1wN1_QqGtT1bC2hC1wN1 : 37.3001535 (0.16)%
    GtT1bC2zC1wN1_GtT1tN3wC1wN1 : 37.2379045 (0.16)%
    GtT1bC2wN2hN1_GtT1tN3wC1wN1 : 36.5668037 (0.16)%
       GtT1bC1wN1_GtT1bC2zC1wN1 : 36.3681503 (0.16)%
QqGtT1bC2zC1wN1_QqGtT1tN3wC1wN1 : 36.3159878 (0.16)%
       GtT1bC1wN1_GtT1bC2wN2hN1 : 35.7127242 (0.15)%
QqGtT1bC2wN2hN1_QqGtT1tN3wC1wN1 : 35.6615017 (0.15)%
   QqGtT1bC1wN1_QqGtT1bC2zC1wN1 : 35.4677665 (0.15)%
   QqGtT1bC1wN1_QqGtT1bC2wN2hN1 : 34.8285671 (0.15)%
  GtT1bC2hC1wN1_QqGtT1bC2hC1wN1 : 31.0373610 (0.13)%
  GtT1tN3wC1wN1_QqGtT1tN4wC1wN1 : 30.3948959 (0.13)%
  GtT1tN4wC1wN1_QqGtT1tN3wC1wN1 : 30.3948959 (0.13)%
     GtT1bC1wN1_QqGtT1tN4wC1wN1 : 29.6849718 (0.13)%
     GtT1tN4wC1wN1_QqGtT1bC1wN1 : 29.6849718 (0.13)%
  GtT1tN3zN2hN1_QqGtT1tN3wC1wN1 : 29.5344697 (0.13)%
  GtT1tN3wC1wN1_QqGtT1tN3zN2hN1 : 29.5344697 (0.13)%
  GtT1bC2zC1wN1_QqGtT1bC2hC1wN1 : 29.5126366 (0.13)%
  GtT1bC2hC1wN1_QqGtT1bC2zC1wN1 : 29.5126366 (0.13)%
  GtT1bC2wN2hN1_QqGtT1bC2hC1wN1 : 28.9807604 (0.12)%
  GtT1bC2hC1wN1_QqGtT1bC2wN2hN1 : 28.9807604 (0.12)%
     GtT1tN3zN2hN1_QqGtT1bC1wN1 : 28.8446423 (0.12)%
     GtT1bC1wN1_QqGtT1tN3zN2hN1 : 28.8446423 (0.12)%
  GtT1bC2zC1wN1_QqGtT1bC2zC1wN1 : 28.0628149 (0.12)%
     GtT1tN2hN1_QqGtT1tN3wC1wN1 : 28.0259478 (0.12)%
     GtT1tN3wC1wN1_QqGtT1tN2hN1 : 28.0259478 (0.12)%
    GtT1tN3wC1wN1_GtT1tN3wC1wN1 : 27.9634708 (0.12)%
  GtT1bC2zC1wN1_QqGtT1bC2wN2hN1 : 27.5570674 (0.12)%
  GtT1bC2wN2hN1_QqGtT1bC2zC1wN1 : 27.5570674 (0.12)%
        GtT1tN2hN1_QqGtT1bC1wN1 : 27.3713545 (0.12)%
        GtT1bC1wN1_QqGtT1tN2hN1 : 27.3713545 (0.12)%
              C2hC1wN1_C2zC1wN1 : 27.3329672 (0.12)%
QqGtT1tN3wC1wN1_QqGtT1tN3wC1wN1 : 27.2711657 (0.12)%
  GtT1bC2wN2hN1_QqGtT1bC2wN2hN1 : 27.0604345 (0.12)%
    GtT1tN3wC1wN1_GtT1tN4wC1wN1 : 26.8546085 (0.12)%
              C2hC1wN1_C2wN2hN1 : 26.8403729 (0.11)%
          GtT1bC1wN1_GtT1bC1wN1 : 26.6724577 (0.11)%
             GtT1bC2wN1_QqN2hN1 : 26.3154551 (0.11)%
       GtT1bC1wN1_GtT1tN4wC1wN1 : 26.2273738 (0.11)%
QqGtT1tN3wC1wN1_QqGtT1tN4wC1wN1 : 26.1897561 (0.11)%
    GtT1tN3wC1wN1_GtT1tN3zN2hN1 : 26.0944016 (0.11)%
    GtT1bC2hC1wN1_GtT1bC2zC1wN1 : 26.0751115 (0.11)%
      QqGtT1bC1wN1_QqGtT1bC1wN1 : 26.0121148 (0.11)%
                       C1wN1_N1 : 26.0109111 (0.11)%
        GtT1tN3wC1wN1_QqGtT1tN1 : 25.9724497 (0.11)%
        GtT1tN1_QqGtT1tN3wC1wN1 : 25.9724497 (0.11)%
    GtT1bC2hC1wN1_GtT1bC2wN2hN1 : 25.6051864 (0.11)%
   QqGtT1bC1wN1_QqGtT1tN4wC1wN1 : 25.5780501 (0.11)%
          GtT1tN4hN2hN1_QqN2hN1 : 25.5394381 (0.11)%
              C2wN2hN1_C2zC1wN1 : 25.5218275 (0.11)%
       GtT1bC1wN1_GtT1tN3zN2hN1 : 25.4849228 (0.11)%
QqGtT1tN3wC1wN1_QqGtT1tN3zN2hN1 : 25.4483699 (0.11)%
QqGtT1bC2hC1wN1_QqGtT1bC2zC1wN1 : 25.4295574 (0.11)%
           GtT1tN1_QqGtT1bC1wN1 : 25.3658192 (0.11)%
           GtT1bC1wN1_QqGtT1tN1 : 25.3658192 (0.11)%
QqGtT1bC2hC1wN1_QqGtT1bC2wN2hN1 : 24.9712664 (0.11)%
              C2hC1wN1_N4hN2hN1 : 24.8649486 (0.11)%
   QqGtT1bC1wN1_QqGtT1tN3zN2hN1 : 24.8539803 (0.11)%
       GtT1tN2hN1_GtT1tN3wC1wN1 : 24.7615869 (0.11)%
    GtT1bC2wN2hN1_GtT1bC2zC1wN1 : 24.3473200 (0.10)%
          GtT1bC1wN1_GtT1tN2hN1 : 24.1832382 (0.10)%
   QqGtT1tN2hN1_QqGtT1tN3wC1wN1 : 24.1485524 (0.10)%
              C2hC1wN1_N3zN2hN1 : 23.7945611 (0.10)%
QqGtT1bC2wN2hN1_QqGtT1bC2zC1wN1 : 23.7445417 (0.10)%
              C2zC1wN1_N4hN2hN1 : 23.6434467 (0.10)%
      QqGtT1bC1wN1_QqGtT1tN2hN1 : 23.5845221 (0.10)%
              C2wN2hN1_N4hN2hN1 : 23.2173450 (0.10)%
          GtT1tN1_GtT1tN3wC1wN1 : 22.9472728 (0.10)%
           QqGtT1bC2wN1_QqN2hN1 : 22.6747067 (0.10)%
              C2zC1wN1_N3zN2hN1 : 22.6256425 (0.10)%
             GtT1bC1wN1_GtT1tN1 : 22.4113005 (0.10)%
      QqGtT1tN1_QqGtT1tN3wC1wN1 : 22.3791561 (0.10)%
              C2wN2hN1_N3zN2hN1 : 22.2178836 (0.10)%
        QqGtT1tN4hN2hN1_QqN2hN1 : 22.0060518 (0.09)%
         QqGtT1bC1wN1_QqGtT1tN1 : 21.8564531 (0.09)%
              N3wC1wN1_N4hN2hN1 : 21.6859458 (0.09)%
             GtT1tN3zN1_QqN2hN1 : 21.3436771 (0.09)%
  GtT1tN4wC1wN1_QqGtT1bC2hC1wN1 : 21.2834291 (0.09)%
  GtT1bC2hC1wN1_QqGtT1tN4wC1wN1 : 21.2834291 (0.09)%
  GtT1tN3zN2hN1_QqGtT1bC2hC1wN1 : 20.6809325 (0.09)%
  GtT1bC2hC1wN1_QqGtT1tN3zN2hN1 : 20.6809325 (0.09)%
              N3zN2hN1_N4wC1wN1 : 20.5134856 (0.09)%
  GtT1tN4wC1wN1_QqGtT1bC2zC1wN1 : 20.2378710 (0.09)%
  GtT1bC2zC1wN1_QqGtT1tN4wC1wN1 : 20.2378710 (0.09)%
  GtT1bC2wN2hN1_QqGtT1tN4wC1wN1 : 19.8731445 (0.09)%
  GtT1tN4wC1wN1_QqGtT1bC2wN2hN1 : 19.8731445 (0.09)%
  GtT1tN3zN2hN1_QqGtT1bC2zC1wN1 : 19.6649724 (0.08)%
  GtT1bC2zC1wN1_QqGtT1tN3zN2hN1 : 19.6649724 (0.08)%
     GtT1tN2hN1_QqGtT1bC2hC1wN1 : 19.6246197 (0.08)%
     GtT1bC2hC1wN1_QqGtT1tN2hN1 : 19.6246197 (0.08)%
             GtT1tN4hN1_QqC1wN1 : 19.5192633 (0.08)%
  GtT1tN3zN2hN1_QqGtT1bC2wN2hN1 : 19.3105706 (0.08)%
  GtT1bC2wN2hN1_QqGtT1tN3zN2hN1 : 19.3105706 (0.08)%
    GtT1bC2hC1wN1_GtT1tN4wC1wN1 : 18.8044124 (0.08)%
     GtT1tN2hN1_QqGtT1bC2zC1wN1 : 18.6605514 (0.08)%
     GtT1bC2zC1wN1_QqGtT1tN2hN1 : 18.6605514 (0.08)%
           QqGtT1tN3zN1_QqN2hN1 : 18.3907751 (0.08)%
QqGtT1bC2hC1wN1_QqGtT1tN4wC1wN1 : 18.3388625 (0.08)%
     GtT1tN2hN1_QqGtT1bC2wN2hN1 : 18.3242513 (0.08)%
     GtT1bC2wN2hN1_QqGtT1tN2hN1 : 18.3242513 (0.08)%
    GtT1bC2hC1wN1_GtT1tN3zN2hN1 : 18.2720924 (0.08)%
        GtT1bC2hC1wN1_QqGtT1tN1 : 18.1866980 (0.08)%
        GtT1tN1_QqGtT1bC2hC1wN1 : 18.1866980 (0.08)%
    GtT1bC2zC1wN1_GtT1tN4wC1wN1 : 17.8806371 (0.08)%
QqGtT1bC2hC1wN1_QqGtT1tN3zN2hN1 : 17.8197214 (0.08)%
                 C2wN1_N3wC1wN1 : 17.7735003 (0.08)%
                 C2wN1_N4wC1wN1 : 17.5688740 (0.08)%
    GtT1bC2wN2hN1_GtT1tN4wC1wN1 : 17.5583926 (0.08)%
QqGtT1bC2zC1wN1_QqGtT1tN4wC1wN1 : 17.4379576 (0.07)%
    GtT1bC2zC1wN1_GtT1tN3zN2hN1 : 17.3744676 (0.07)%
       GtT1bC2hC1wN1_GtT1tN2hN1 : 17.3388151 (0.07)%
        GtT1bC2zC1wN1_QqGtT1tN1 : 17.2932682 (0.07)%
        GtT1tN1_QqGtT1bC2zC1wN1 : 17.2932682 (0.07)%
QqGtT1bC2wN2hN1_QqGtT1tN4wC1wN1 : 17.1236910 (0.07)%
    GtT1bC2wN2hN1_GtT1tN3zN2hN1 : 17.0613453 (0.07)%
        GtT1tN1_QqGtT1bC2wN2hN1 : 16.9816092 (0.07)%
        GtT1bC2wN2hN1_QqGtT1tN1 : 16.9816092 (0.07)%
QqGtT1bC2zC1wN1_QqGtT1tN3zN2hN1 : 16.9443195 (0.07)%
   QqGtT1bC2hC1wN1_QqGtT1tN2hN1 : 16.9095497 (0.07)%
           QqC1wN1_QqGtT1tN4hN1 : 16.8187694 (0.07)%
QqGtT1bC2wN2hN1_QqGtT1tN3zN2hN1 : 16.6389493 (0.07)%
       GtT1bC2zC1wN1_GtT1tN2hN1 : 16.4870379 (0.07)%
       GtT1bC2wN2hN1_GtT1tN2hN1 : 16.1899089 (0.07)%
   QqGtT1bC2zC1wN1_QqGtT1tN2hN1 : 16.0788604 (0.07)%
          GtT1bC2hC1wN1_GtT1tN1 : 16.0683772 (0.07)%
   QqGtT1bC2wN2hN1_QqGtT1tN2hN1 : 15.7890875 (0.07)%
                   QqC1wN1_QqN1 : 15.6910743 (0.07)%
      QqGtT1bC2hC1wN1_QqGtT1tN1 : 15.6705647 (0.07)%
     GtT1bC2wN1_QqGtT1tN3wC1wN1 : 15.4477555 (0.07)%
     GtT1tN3wC1wN1_QqGtT1bC2wN1 : 15.4477555 (0.07)%
          GtT1bC2zC1wN1_GtT1tN1 : 15.2790109 (0.07)%
        GtT1bC1wN1_QqGtT1bC2wN1 : 15.0869471 (0.06)%
        GtT1bC2wN1_QqGtT1bC1wN1 : 15.0869471 (0.06)%
          GtT1bC2wN2hN1_GtT1tN1 : 15.0036529 (0.06)%
  GtT1tN3wC1wN1_QqGtT1tN4hN2hN1 : 14.9922163 (0.06)%
  GtT1tN4hN2hN1_QqGtT1tN3wC1wN1 : 14.9922163 (0.06)%
      QqGtT1bC2zC1wN1_QqGtT1tN1 : 14.9007411 (0.06)%
     GtT1bC1wN1_QqGtT1tN4hN2hN1 : 14.6420478 (0.06)%
     GtT1tN4hN2hN1_QqGtT1bC1wN1 : 14.6420478 (0.06)%
      QqGtT1bC2wN2hN1_QqGtT1tN1 : 14.6322002 (0.06)%
  GtT1tN4wC1wN1_QqGtT1tN4wC1wN1 : 14.5948090 (0.06)%
              C2hC1wN1_C2hC1wN1 : 14.3725412 (0.06)%
  GtT1tN3zN2hN1_QqGtT1tN4wC1wN1 : 14.1816555 (0.06)%
  GtT1tN4wC1wN1_QqGtT1tN3zN2hN1 : 14.1816555 (0.06)%
                 C1wN1_N3wC1wN1 : 14.0434365 (0.06)%
  GtT1tN3zN2hN1_QqGtT1tN3zN2hN1 : 13.7801977 (0.06)%
    GtT1bC2hC1wN1_GtT1bC2hC1wN1 : 13.7111208 (0.06)%
       GtT1bC2wN1_GtT1tN3wC1wN1 : 13.6484569 (0.06)%
     GtT1tN2hN1_QqGtT1tN4wC1wN1 : 13.4573040 (0.06)%
     GtT1tN4wC1wN1_QqGtT1tN2hN1 : 13.4573040 (0.06)%
QqGtT1bC2hC1wN1_QqGtT1bC2hC1wN1 : 13.3716680 (0.06)%
          GtT1bC1wN1_GtT1bC2wN1 : 13.3296741 (0.06)%
   QqGtT1bC2wN1_QqGtT1tN3wC1wN1 : 13.3105555 (0.06)%
    GtT1tN3wC1wN1_GtT1tN4hN2hN1 : 13.2459773 (0.06)%
     GtT1tN2hN1_QqGtT1tN3zN2hN1 : 13.0763513 (0.06)%
     GtT1tN3zN2hN1_QqGtT1tN2hN1 : 13.0763513 (0.06)%
           T1bC1wN1_T1tN3wC1wN1 : 13.0545861 (0.06)%
      QqGtT1bC1wN1_QqGtT1bC2wN1 : 12.9996650 (0.06)%
              C2zC1wN1_C2zC1wN1 : 12.9951114 (0.06)%
       GtT1bC1wN1_GtT1tN4hN2hN1 : 12.9365951 (0.06)%
QqGtT1tN3wC1wN1_QqGtT1tN4hN2hN1 : 12.9180402 (0.06)%
   QqGtT1bC1wN1_QqGtT1tN4hN2hN1 : 12.6163176 (0.05)%
              C2wN2hN1_C2wN2hN1 : 12.5309368 (0.05)%
    GtT1tN3zN2hN1_GtT1tN4wC1wN1 : 12.5298277 (0.05)%
     GtT1tN3zN1_QqGtT1tN3wC1wN1 : 12.5292116 (0.05)%
------------------------------------------------------------
                                              SUM=90.04%
