/Users/rafalmaselek/Projects/fastlim-1.0
 
#################################################################
#                                                               #
#                                                               #
#                     This is Fastlim  ver. 1.0                 #
#                                                               #
#          A fast LHC limit calculator for BSM models.          #
#                                                               #
#                  http://cern.ch/fastlim-1.0/                  #
#                                                               #
#  for bugs/feature requests: fastlim-1.0.developers@gmail.com  #
#                                                               #
#    please refer to:                                           #
#    M.Papucci, K.Sakurai, A.Weiler, L.Zeune arXiv:1402.xxxx    #
#                                                               #
#################################################################
 
!!!-  ERROR  !!!
[Br(T2->all) =  1.1513161681932165 ]:  !!! The total Br is deviated from 1 !!!


!! Masses incompatible with the data for ELEL !!

!! Problem with reading tables for EL EL !! Probably mass outside the table !! Setting xsec to 10^-20 !!

!! Masses incompatible with the data for TAU2TAU2 !!

!! Problem with reading tables for TAU2 TAU2 !! Probably mass outside the table !! Setting xsec to 10^-20 !!
!! EWK PROCESS C1C2 NOT FOUND !! WILL TRY TO LOOK FOR +/- MODES !!
XSEC FOUND FOR: C1-C2+
XSEC FOUND FOR: C1+C2-
!! EWK PROCESS C1N1 NOT FOUND !! WILL TRY TO LOOK FOR +/- MODES !!
XSEC FOUND FOR: C1+N1
XSEC FOUND FOR: C1-N1
!! EWK PROCESS C1N2 NOT FOUND !! WILL TRY TO LOOK FOR +/- MODES !!
XSEC FOUND FOR: C1+N2
XSEC FOUND FOR: C1-N2
!! EWK PROCESS C1N3 NOT FOUND !! WILL TRY TO LOOK FOR +/- MODES !!
XSEC FOUND FOR: C1+N3
XSEC FOUND FOR: C1-N3
!! EWK PROCESS C1N4 NOT FOUND !! WILL TRY TO LOOK FOR +/- MODES !!
XSEC FOUND FOR: C1+N4
XSEC FOUND FOR: C1-N4
!! EWK PROCESS C2N1 NOT FOUND !! WILL TRY TO LOOK FOR +/- MODES !!
XSEC FOUND FOR: C2+N1
XSEC FOUND FOR: C2-N1
!! EWK PROCESS C2N2 NOT FOUND !! WILL TRY TO LOOK FOR +/- MODES !!
XSEC FOUND FOR: C2+N2
XSEC FOUND FOR: C2-N2
!! EWK PROCESS C2N3 NOT FOUND !! WILL TRY TO LOOK FOR +/- MODES !!
XSEC FOUND FOR: C2+N3
XSEC FOUND FOR: C2-N3
!! EWK PROCESS C2N4 NOT FOUND !! WILL TRY TO LOOK FOR +/- MODES !!
XSEC FOUND FOR: C2+N4
XSEC FOUND FOR: C2-N4
---------------  Output inclusive processes  ---------------
The total xsec = 481460.90 [fb]
The total rate = 100.00%
Output upto 0.10%
                Modes : xsec/fb      (rate)
      QqC1wN1_QqC1wN1 : 62524.5663173 (13.00)%
       GqQqN1_QqC1wN1 : 60681.8364891 (12.61)%
      QqC1wN1_QqN2hN1 : 60469.8703258 (12.57)%
          C1wN1_N2hN1 : 31649.2392729 (6.58)%
       GqQqN1_QqN2hN1 : 29343.8483444 (6.10)%
   GtT1bC1wN1_QqC1wN1 : 18374.7490444 (3.82)%
          C1wN1_C1wN1 : 16620.2914516 (3.45)%
      QqN2hN1_QqN2hN1 : 14620.6740510 (3.04)%
   GtT1bC1wN1_QqN2hN1 : 8885.4570086 (1.85)%
   GtT1tN2hN1_QqC1wN1 : 7332.0868875 (1.52)%
        GqQqN1_GqQqN1 : 5833.1095990 (1.21)%
   GbB1tC1wN1_QqC1wN1 : 5716.1485221 (1.19)%
GbB1tC2wN2hN1_QqC1wN1 : 4178.6805990 (0.87)%
GbB1tC2zC1wN1_QqC1wN1 : 4149.0480353 (0.86)%
GbB1tC2hC1wN1_QqC1wN1 : 3986.4818920 (0.83)%
      GbB2bN1_QqC1wN1 : 3699.3959080 (0.77)%
   GtT1tN2hN1_QqN2hN1 : 3545.5691212 (0.74)%
    GqQqN1_GtT1bC1wN1 : 3532.5867255 (0.73)%
GtT1tN3wC1wN1_QqC1wN1 : 3498.7408984 (0.73)%
         QqC1wN1_QqN1 : 3404.6490780 (0.71)%
   GbB1bN2hN1_QqC1wN1 : 2809.7505794 (0.58)%
   GbB1tC1wN1_QqN2hN1 : 2764.1515988 (0.57)%
    T1bC1wN1_T1bC1wN1 : 2291.5949536 (0.48)%
      QqC1wN1_QqN2zN1 : 2134.4965243 (0.44)%
GbB1tC2wN2hN1_QqN2hN1 : 2020.6799410 (0.42)%
GbB1tC2zC1wN1_QqN2hN1 : 2006.3505550 (0.42)%
GtT1bC2wN2hN1_QqC1wN1 : 1931.1910889 (0.40)%
GbB1tC2hC1wN1_QqN2hN1 : 1927.7386255 (0.40)%
GtT1bC2zC1wN1_QqC1wN1 : 1917.4963014 (0.40)%
      GtT1tN1_QqC1wN1 : 1892.4593043 (0.39)%
GtT1bC2hC1wN1_QqC1wN1 : 1842.3658194 (0.38)%
    T1bC1wN1_T1tN2hN1 : 1828.8329566 (0.38)%
      GbB2bN1_QqN2hN1 : 1788.9127747 (0.37)%
GtT1tN3wC1wN1_QqN2hN1 : 1691.8822544 (0.35)%
          GqQqN1_QqN1 : 1652.1534720 (0.34)%
         QqN1_QqN2hN1 : 1646.3823772 (0.34)%
GtT1tN3zN2hN1_QqC1wN1 : 1560.5467139 (0.32)%
    GqQqN1_GtT1tN2hN1 : 1409.6101528 (0.29)%
   GbB1tC2wN1_QqC1wN1 : 1378.6642435 (0.29)%
GbB2tC2wN2hN1_QqC1wN1 : 1360.3219014 (0.28)%
   GbB1bN2hN1_QqN2hN1 : 1358.7079703 (0.28)%
GbB2tC2zC1wN1_QqC1wN1 : 1350.6753577 (0.28)%
GbB2tC2hC1wN1_QqC1wN1 : 1297.7538003 (0.27)%
   GbB2tC1wN1_QqC1wN1 : 1282.6572445 (0.27)%
   QqC1wN1_QqC2wN2hN1 : 1245.0904639 (0.26)%
   QqC1wN1_QqC2zC1wN1 : 1236.2610687 (0.26)%
   QqC1wN1_QqC2hC1wN1 : 1187.8224408 (0.25)%
GbB1wT1bC1wN1_QqC1wN1 : 1125.8495448 (0.23)%
          C1wN1_N2zN1 : 1117.1710946 (0.23)%
    GbB1tC1wN1_GqQqN1 : 1098.9423769 (0.23)%
       GqQqN1_QqN2zN1 : 1035.7942222 (0.22)%
      QqN2hN1_QqN2zN1 : 1032.1761160 (0.21)%
   QqC1wN1_QqN4wC1wN1 : 1011.1378485 (0.21)%
GtT1bC2wN2hN1_QqN2hN1 : 933.8639322 (0.19)%
GtT1bC2zC1wN1_QqN2hN1 : 927.2415590 (0.19)%
      GtT1tN1_QqN2hN1 : 915.1344461 (0.19)%
GtT1bC2hC1wN1_QqN2hN1 : 890.9107952 (0.19)%
 T1bC1wN1_T1tN3wC1wN1 : 872.6864206 (0.18)%
 GbB1tC2wN2hN1_GqQqN1 : 803.3607196 (0.17)%
 GbB1tC2zC1wN1_GqQqN1 : 797.6637927 (0.17)%
 GbB1tC2hC1wN1_GqQqN1 : 766.4100870 (0.16)%
GtT1tN3zN2hN1_QqN2hN1 : 754.6318430 (0.16)%
       GbB2bN1_GqQqN1 : 711.2171625 (0.15)%
   GtT1tN3zN1_QqC1wN1 : 683.7963558 (0.14)%
 GqQqN1_GtT1tN3wC1wN1 : 672.6407867 (0.14)%
   GbB1tC2wN1_QqN2hN1 : 666.6791386 (0.14)%
GbB2tC2wN2hN1_QqN2hN1 : 657.8093526 (0.14)%
GbB2tC2zC1wN1_QqN2hN1 : 653.1445841 (0.14)%
   GbB2bN2hN1_QqC1wN1 : 645.8170388 (0.13)%
   GtT1bC2wN1_QqC1wN1 : 637.1542497 (0.13)%
GbB2tC2hC1wN1_QqN2hN1 : 627.5533653 (0.13)%
   GbB2tC1wN1_QqN2hN1 : 620.2531406 (0.13)%
    GqQqN1_QqC2wN2hN1 : 604.1975211 (0.13)%
   QqC2wN2hN1_QqN2hN1 : 602.0870142 (0.13)%
    GqQqN1_QqC2zC1wN1 : 599.9129338 (0.12)%
   QqC2zC1wN1_QqN2hN1 : 597.8173934 (0.12)%
    GqQqN1_QqC2hC1wN1 : 576.4074137 (0.12)%
   QqC2hC1wN1_QqN2hN1 : 574.3939798 (0.12)%
GbB1wT1bC1wN1_QqN2hN1 : 544.4258152 (0.11)%
    GbB1bN2hN1_GqQqN1 : 540.1808523 (0.11)%
GtT1bC1wN1_GtT1bC1wN1 : 534.8420410 (0.11)%
      GtT1bC1wN1_QqN1 : 500.2799386 (0.10)%
    GqQqN1_QqN4wC1wN1 : 490.6687499 (0.10)%
          N2hN1_N2hN1 : 489.0618099 (0.10)%
   QqN2hN1_QqN4wC1wN1 : 488.9548075 (0.10)%
 T1bC1wN1_T1bC2wN2hN1 : 481.6944975 (0.10)%
 T1bC1wN1_T1bC2zC1wN1 : 478.2786243 (0.10)%
------------------------------------------------------------
                                    SUM=88.88%

SHOWING PROCESSES TO GET 90.00% SUSY COVERAGE
---------------  Output inclusive processes  ---------------
The total xsec = 481460.90 [fb]
The total rate = 100.00%
                Modes : xsec/fb      (rate)
      QqC1wN1_QqC1wN1 : 62524.5663173 (13.00)%
       GqQqN1_QqC1wN1 : 60681.8364891 (12.61)%
      QqC1wN1_QqN2hN1 : 60469.8703258 (12.57)%
          C1wN1_N2hN1 : 31649.2392729 (6.58)%
       GqQqN1_QqN2hN1 : 29343.8483444 (6.10)%
   GtT1bC1wN1_QqC1wN1 : 18374.7490444 (3.82)%
          C1wN1_C1wN1 : 16620.2914516 (3.45)%
      QqN2hN1_QqN2hN1 : 14620.6740510 (3.04)%
   GtT1bC1wN1_QqN2hN1 : 8885.4570086 (1.85)%
   GtT1tN2hN1_QqC1wN1 : 7332.0868875 (1.52)%
        GqQqN1_GqQqN1 : 5833.1095990 (1.21)%
   GbB1tC1wN1_QqC1wN1 : 5716.1485221 (1.19)%
GbB1tC2wN2hN1_QqC1wN1 : 4178.6805990 (0.87)%
GbB1tC2zC1wN1_QqC1wN1 : 4149.0480353 (0.86)%
GbB1tC2hC1wN1_QqC1wN1 : 3986.4818920 (0.83)%
      GbB2bN1_QqC1wN1 : 3699.3959080 (0.77)%
   GtT1tN2hN1_QqN2hN1 : 3545.5691212 (0.74)%
    GqQqN1_GtT1bC1wN1 : 3532.5867255 (0.73)%
GtT1tN3wC1wN1_QqC1wN1 : 3498.7408984 (0.73)%
         QqC1wN1_QqN1 : 3404.6490780 (0.71)%
   GbB1bN2hN1_QqC1wN1 : 2809.7505794 (0.58)%
   GbB1tC1wN1_QqN2hN1 : 2764.1515988 (0.57)%
    T1bC1wN1_T1bC1wN1 : 2291.5949536 (0.48)%
      QqC1wN1_QqN2zN1 : 2134.4965243 (0.44)%
GbB1tC2wN2hN1_QqN2hN1 : 2020.6799410 (0.42)%
GbB1tC2zC1wN1_QqN2hN1 : 2006.3505550 (0.42)%
GtT1bC2wN2hN1_QqC1wN1 : 1931.1910889 (0.40)%
GbB1tC2hC1wN1_QqN2hN1 : 1927.7386255 (0.40)%
GtT1bC2zC1wN1_QqC1wN1 : 1917.4963014 (0.40)%
      GtT1tN1_QqC1wN1 : 1892.4593043 (0.39)%
GtT1bC2hC1wN1_QqC1wN1 : 1842.3658194 (0.38)%
    T1bC1wN1_T1tN2hN1 : 1828.8329566 (0.38)%
      GbB2bN1_QqN2hN1 : 1788.9127747 (0.37)%
GtT1tN3wC1wN1_QqN2hN1 : 1691.8822544 (0.35)%
          GqQqN1_QqN1 : 1652.1534720 (0.34)%
         QqN1_QqN2hN1 : 1646.3823772 (0.34)%
GtT1tN3zN2hN1_QqC1wN1 : 1560.5467139 (0.32)%
    GqQqN1_GtT1tN2hN1 : 1409.6101528 (0.29)%
   GbB1tC2wN1_QqC1wN1 : 1378.6642435 (0.29)%
GbB2tC2wN2hN1_QqC1wN1 : 1360.3219014 (0.28)%
   GbB1bN2hN1_QqN2hN1 : 1358.7079703 (0.28)%
GbB2tC2zC1wN1_QqC1wN1 : 1350.6753577 (0.28)%
GbB2tC2hC1wN1_QqC1wN1 : 1297.7538003 (0.27)%
   GbB2tC1wN1_QqC1wN1 : 1282.6572445 (0.27)%
   QqC1wN1_QqC2wN2hN1 : 1245.0904639 (0.26)%
   QqC1wN1_QqC2zC1wN1 : 1236.2610687 (0.26)%
   QqC1wN1_QqC2hC1wN1 : 1187.8224408 (0.25)%
GbB1wT1bC1wN1_QqC1wN1 : 1125.8495448 (0.23)%
          C1wN1_N2zN1 : 1117.1710946 (0.23)%
    GbB1tC1wN1_GqQqN1 : 1098.9423769 (0.23)%
       GqQqN1_QqN2zN1 : 1035.7942222 (0.22)%
      QqN2hN1_QqN2zN1 : 1032.1761160 (0.21)%
   QqC1wN1_QqN4wC1wN1 : 1011.1378485 (0.21)%
GtT1bC2wN2hN1_QqN2hN1 : 933.8639322 (0.19)%
GtT1bC2zC1wN1_QqN2hN1 : 927.2415590 (0.19)%
      GtT1tN1_QqN2hN1 : 915.1344461 (0.19)%
GtT1bC2hC1wN1_QqN2hN1 : 890.9107952 (0.19)%
 T1bC1wN1_T1tN3wC1wN1 : 872.6864206 (0.18)%
 GbB1tC2wN2hN1_GqQqN1 : 803.3607196 (0.17)%
 GbB1tC2zC1wN1_GqQqN1 : 797.6637927 (0.17)%
 GbB1tC2hC1wN1_GqQqN1 : 766.4100870 (0.16)%
GtT1tN3zN2hN1_QqN2hN1 : 754.6318430 (0.16)%
       GbB2bN1_GqQqN1 : 711.2171625 (0.15)%
   GtT1tN3zN1_QqC1wN1 : 683.7963558 (0.14)%
 GqQqN1_GtT1tN3wC1wN1 : 672.6407867 (0.14)%
   GbB1tC2wN1_QqN2hN1 : 666.6791386 (0.14)%
GbB2tC2wN2hN1_QqN2hN1 : 657.8093526 (0.14)%
GbB2tC2zC1wN1_QqN2hN1 : 653.1445841 (0.14)%
   GbB2bN2hN1_QqC1wN1 : 645.8170388 (0.13)%
   GtT1bC2wN1_QqC1wN1 : 637.1542497 (0.13)%
GbB2tC2hC1wN1_QqN2hN1 : 627.5533653 (0.13)%
   GbB2tC1wN1_QqN2hN1 : 620.2531406 (0.13)%
    GqQqN1_QqC2wN2hN1 : 604.1975211 (0.13)%
   QqC2wN2hN1_QqN2hN1 : 602.0870142 (0.13)%
    GqQqN1_QqC2zC1wN1 : 599.9129338 (0.12)%
   QqC2zC1wN1_QqN2hN1 : 597.8173934 (0.12)%
    GqQqN1_QqC2hC1wN1 : 576.4074137 (0.12)%
   QqC2hC1wN1_QqN2hN1 : 574.3939798 (0.12)%
GbB1wT1bC1wN1_QqN2hN1 : 544.4258152 (0.11)%
    GbB1bN2hN1_GqQqN1 : 540.1808523 (0.11)%
GtT1bC1wN1_GtT1bC1wN1 : 534.8420410 (0.11)%
      GtT1bC1wN1_QqN1 : 500.2799386 (0.10)%
    GqQqN1_QqN4wC1wN1 : 490.6687499 (0.10)%
          N2hN1_N2hN1 : 489.0618099 (0.10)%
   QqN2hN1_QqN4wC1wN1 : 488.9548075 (0.10)%
 T1bC1wN1_T1bC2wN2hN1 : 481.6944975 (0.10)%
 T1bC1wN1_T1bC2zC1wN1 : 478.2786243 (0.10)%
       T1bC1wN1_T1tN1 : 472.0336785 (0.10)%
                N1_N1 : 466.8792333 (0.10)%
 T1bC1wN1_T1bC2hC1wN1 : 459.5389253 (0.10)%
GbB1wT1tN2hN1_QqC1wN1 : 449.2484041 (0.09)%
   GbB2tC2wN1_QqC1wN1 : 448.8084506 (0.09)%
   QqC1wN1_QqN4hN2hN1 : 436.3148542 (0.09)%
GtT1bC1wN1_GtT1tN2hN1 : 426.8366666 (0.09)%
      QqC1wN1_QqC2wN1 : 410.7903588 (0.09)%
 T1bC1wN1_T1tN3zN2hN1 : 389.2451501 (0.08)%
 GqQqN1_GtT1bC2wN2hN1 : 371.2758192 (0.08)%
GbB2bN4wC1wN1_QqC1wN1 : 368.7823162 (0.08)%
 GqQqN1_GtT1bC2zC1wN1 : 368.6429656 (0.08)%
    T1tN2hN1_T1tN2hN1 : 364.8801436 (0.08)%
------------------------------------------------------------
                                    SUM=90.01%
