/Users/rafalmaselek/Projects/fastlim-1.0
 
#################################################################
#                                                               #
#                                                               #
#                     This is Fastlim  ver. 1.0                 #
#                                                               #
#          A fast LHC limit calculator for BSM models.          #
#                                                               #
#                  http://cern.ch/fastlim-1.0/                  #
#                                                               #
#  for bugs/feature requests: fastlim-1.0.developers@gmail.com  #
#                                                               #
#    please refer to:                                           #
#    M.Papucci, K.Sakurai, A.Weiler, L.Zeune arXiv:1402.xxxx    #
#                                                               #
#################################################################
 

!! Masses incompatible with the data for ERER !!

!! Problem with reading tables for ER ER !! Probably mass outside the table !! Setting xsec to 10^-20 !!

!! Masses incompatible with the data for ELEL !!

!! Problem with reading tables for EL EL !! Probably mass outside the table !! Setting xsec to 10^-20 !!

!! Masses incompatible with the data for TAU1TAU1 !!

!! Problem with reading tables for TAU1 TAU1 !! Probably mass outside the table !! Setting xsec to 10^-20 !!

!! Masses incompatible with the data for TAU2TAU2 !!

!! Problem with reading tables for TAU2 TAU2 !! Probably mass outside the table !! Setting xsec to 10^-20 !!
!! EWK PROCESS C1C2 NOT FOUND !! WILL TRY TO LOOK FOR +/- MODES !!
XSEC FOUND FOR: C1-C2+
XSEC FOUND FOR: C1+C2-
!! EWK PROCESS C1N1 NOT FOUND !! WILL TRY TO LOOK FOR +/- MODES !!
XSEC FOUND FOR: C1+N1
XSEC FOUND FOR: C1-N1
!! EWK PROCESS C1N2 NOT FOUND !! WILL TRY TO LOOK FOR +/- MODES !!
XSEC FOUND FOR: C1+N2
XSEC FOUND FOR: C1-N2
!! EWK PROCESS C1N3 NOT FOUND !! WILL TRY TO LOOK FOR +/- MODES !!
XSEC FOUND FOR: C1+N3
XSEC FOUND FOR: C1-N3
!! EWK PROCESS C1N4 NOT FOUND !! WILL TRY TO LOOK FOR +/- MODES !!
XSEC FOUND FOR: C1+N4
XSEC FOUND FOR: C1-N4
!! EWK PROCESS C2N1 NOT FOUND !! WILL TRY TO LOOK FOR +/- MODES !!
XSEC FOUND FOR: C2+N1
XSEC FOUND FOR: C2-N1
!! EWK PROCESS C2N2 NOT FOUND !! WILL TRY TO LOOK FOR +/- MODES !!
XSEC FOUND FOR: C2+N2
XSEC FOUND FOR: C2-N2
!! EWK PROCESS C2N3 NOT FOUND !! WILL TRY TO LOOK FOR +/- MODES !!
XSEC FOUND FOR: C2+N3
XSEC FOUND FOR: C2-N3
!! EWK PROCESS C2N4 NOT FOUND !! WILL TRY TO LOOK FOR +/- MODES !!
XSEC FOUND FOR: C2+N4
XSEC FOUND FOR: C2-N4
---------------  Output inclusive processes  ---------------
The total xsec = 1242196.97 [fb]
The total rate = 100.00%
Output upto 0.10%
                    Modes : xsec/fb      (rate)
              C1wN1_N2hN1 : 148816.9466333 (11.98)%
              C1wN1_C1wN1 : 86483.6436020 (6.96)%
              C1wN1_N2zN1 : 26565.0123792 (2.14)%
      GbtC1wN1_QqGbtC1wN1 : 14513.9340048 (1.17)%
           GbtC1wN1_GttN1 : 13172.6964064 (1.06)%
        GbtC1wN1_GqqC1wN1 : 12467.8431792 (1.00)%
        GbtC1wN1_GbtC1wN1 : 11862.7149837 (0.95)%
         GbtC1wN1_QqC1wN1 : 11738.4758943 (0.94)%
        GbbN2hN1_GbtC1wN1 : 9006.8052664 (0.73)%
     GbtC1wN1_GbtC2zC1wN1 : 8441.8873440 (0.68)%
         GttN1_QqGbtC1wN1 : 8058.3427390 (0.65)%
         GbtC1wN1_QqGttN1 : 8058.3427390 (0.65)%
     GbtC1wN1_GbtC2hC1wN1 : 7967.0694851 (0.64)%
     GbtC1wN1_GbtC2wN2hN1 : 7648.3873114 (0.62)%
      GqqC1wN1_QqGbtC1wN1 : 7627.1516821 (0.61)%
      GbtC1wN1_QqGqqC1wN1 : 7627.1516821 (0.61)%
           GqqC1wN1_GttN1 : 6922.3239903 (0.56)%
            GttN1_QqC1wN1 : 6517.3688925 (0.52)%
         GqqC1wN1_QqC1wN1 : 6168.6332688 (0.50)%
       QqC1wN1_QqGbtC1wN1 : 5813.9654038 (0.47)%
      GbbN2hN1_QqGbtC1wN1 : 5509.8760027 (0.44)%
      GbtC1wN1_QqGbbN2hN1 : 5509.8760027 (0.44)%
        GbtC1wN1_GqqN2hN1 : 5291.8873437 (0.43)%
   GbtC1wN1_QqGbtC2zC1wN1 : 5164.2897918 (0.42)%
   GbtC2zC1wN1_QqGbtC1wN1 : 5164.2897918 (0.42)%
         GbtC1wN1_QqN2hN1 : 5046.8310026 (0.41)%
           GbbN2hN1_GttN1 : 5000.7064795 (0.40)%
   GbtC1wN1_QqGbtC2hC1wN1 : 4873.8219235 (0.39)%
   GbtC2hC1wN1_QqGbtC1wN1 : 4873.8219235 (0.39)%
        GbbN2hN1_GqqC1wN1 : 4733.1254169 (0.38)%
        GbtC2zC1wN1_GttN1 : 4687.0560083 (0.38)%
   GbtC1wN1_QqGbtC2wN2hN1 : 4678.8694170 (0.38)%
   GbtC2wN2hN1_QqGbtC1wN1 : 4678.8694170 (0.38)%
            GttN1_QqGttN1 : 4474.1065846 (0.36)%
         GbbN2hN1_QqC1wN1 : 4456.2381651 (0.36)%
     GbtC2zC1wN1_GqqC1wN1 : 4436.2579597 (0.36)%
        GbtC2hC1wN1_GttN1 : 4423.4303749 (0.36)%
        GbtC2wN2hN1_GttN1 : 4246.4934962 (0.34)%
         GttN1_QqGqqC1wN1 : 4234.7031726 (0.34)%
         GqqC1wN1_QqGttN1 : 4234.7031726 (0.34)%
     GbtC2hC1wN1_GqqC1wN1 : 4186.7385786 (0.34)%
      GbtC2zC1wN1_QqC1wN1 : 4176.7374174 (0.34)%
     GbtC2wN2hN1_GqqC1wN1 : 4019.2693537 (0.32)%
      GqqC1wN1_QqGqqC1wN1 : 4008.1099144 (0.32)%
       QqGbtC1wN1_QqGttN1 : 3991.2273381 (0.32)%
      GbtC2hC1wN1_QqC1wN1 : 3941.8148893 (0.32)%
           GbtC1wN1_GqqN1 : 3904.1843146 (0.31)%
      GbtC2wN2hN1_QqC1wN1 : 3784.1425933 (0.30)%
    QqGbtC1wN1_QqGqqC1wN1 : 3777.6621436 (0.30)%
              GttN1_GttN1 : 3656.8342672 (0.29)%
    QqGbtC1wN1_QqGbtC1wN1 : 3594.3128792 (0.29)%
        GqqC1wN1_GqqC1wN1 : 3275.9598826 (0.26)%
      GqqN2hN1_QqGbtC1wN1 : 3237.2902735 (0.26)%
      GbtC1wN1_QqGqqN2hN1 : 3237.2902735 (0.26)%
          QqC1wN1_QqGttN1 : 3227.9963435 (0.26)%
        GbtC1wN1_GbtC2wN1 : 3223.1492369 (0.26)%
     GbbN2hN1_GbtC2zC1wN1 : 3204.7653295 (0.26)%
         GttN1_QqGbbN2hN1 : 3059.1615798 (0.25)%
         GbbN2hN1_QqGttN1 : 3059.1615798 (0.25)%
       QqC1wN1_QqGqqC1wN1 : 3055.2706106 (0.25)%
     GbbN2hN1_GbtC2hC1wN1 : 3024.5118211 (0.24)%
           GqqN2hN1_GttN1 : 2938.1311737 (0.24)%
     GbbN2hN1_GbtC2wN2hN1 : 2903.5315781 (0.23)%
      GqqC1wN1_QqGbbN2hN1 : 2895.4699676 (0.23)%
      GbbN2hN1_QqGqqC1wN1 : 2895.4699676 (0.23)%
      GttN1_QqGbtC2zC1wN1 : 2867.2871967 (0.23)%
      GbtC2zC1wN1_QqGttN1 : 2867.2871967 (0.23)%
  GbtC2hC1wN1_GbtC2zC1wN1 : 2834.8107135 (0.23)%
            GttN1_QqN2hN1 : 2802.0724051 (0.23)%
        GqqC1wN1_GqqN2hN1 : 2780.9157353 (0.22)%
    QqGbbN2hN1_QqGbtC1wN1 : 2728.9938444 (0.22)%
  GbtC2wN2hN1_GbtC2zC1wN1 : 2721.4185005 (0.22)%
   GqqC1wN1_QqGbtC2zC1wN1 : 2713.8625241 (0.22)%
   GbtC2zC1wN1_QqGqqC1wN1 : 2713.8625241 (0.22)%
      GttN1_QqGbtC2hC1wN1 : 2706.0153019 (0.22)%
      GbtC2hC1wN1_QqGttN1 : 2706.0153019 (0.22)%
         GqqC1wN1_QqN2hN1 : 2652.1372881 (0.21)%
         GqqN2hN1_QqC1wN1 : 2618.2325085 (0.21)%
      GttN1_QqGbtC2wN2hN1 : 2597.7748956 (0.21)%
      GbtC2wN2hN1_QqGttN1 : 2597.7748956 (0.21)%
        GbtC1wN1_GttN2hN1 : 2584.7702896 (0.21)%
  GbtC2hC1wN1_GbtC2wN2hN1 : 2568.3510580 (0.21)%
   GqqC1wN1_QqGbtC2hC1wN1 : 2561.2200710 (0.21)%
   GbtC2hC1wN1_QqGqqC1wN1 : 2561.2200710 (0.21)%
 QqGbtC1wN1_QqGbtC2zC1wN1 : 2557.8279885 (0.21)%
       QqGbtC1wN1_QqN2hN1 : 2499.6516679 (0.20)%
     T1bC1wN1_T1tN3wC1wN1 : 2480.9540026 (0.20)%
   GqqC1wN1_QqGbtC2wN2hN1 : 2458.7714628 (0.20)%
   GbtC2wN2hN1_QqGqqC1wN1 : 2458.7714628 (0.20)%
 QqGbtC1wN1_QqGbtC2hC1wN1 : 2413.9617700 (0.19)%
         GqqN1_QqGbtC1wN1 : 2388.3686645 (0.19)%
         GbtC1wN1_QqGqqN1 : 2388.3686645 (0.19)%
          QqC1wN1_QqC1wN1 : 2351.0887097 (0.19)%
 QqGbtC1wN1_QqGbtC2wN2hN1 : 2317.4034827 (0.19)%
        T1bC1wN1_T1bC1wN1 : 2277.9707569 (0.18)%
       QqC1wN1_QqGbbN2hN1 : 2207.1361526 (0.18)%
     GbtC1wN1_GttN4wC1wN1 : 2172.8791610 (0.17)%
              GqqN1_GttN1 : 2167.6587005 (0.17)%
       QqGqqC1wN1_QqGttN1 : 2097.4117903 (0.17)%
      GbbN2hN1_QqGbbN2hN1 : 2091.6957149 (0.17)%
    QqC1wN1_QqGbtC2zC1wN1 : 2068.7018540 (0.17)%
           GqqC1wN1_GqqN1 : 2051.6702055 (0.17)%
          QqC1wN1_QqN2hN1 : 2021.6504249 (0.16)%
        GbbN2hN1_GqqN2hN1 : 2008.9414127 (0.16)%
      GbtC1wN1_QqGbtC2wN1 : 1971.7482623 (0.16)%
      GbtC2wN1_QqGbtC1wN1 : 1971.7482623 (0.16)%
   GbbN2hN1_QqGbtC2zC1wN1 : 1960.5019828 (0.16)%
   GbtC2zC1wN1_QqGbbN2hN1 : 1960.5019828 (0.16)%
    QqC1wN1_QqGbtC2hC1wN1 : 1952.3467613 (0.16)%
            GqqN1_QqC1wN1 : 1931.6477521 (0.16)%
         GbbN2hN1_QqN2hN1 : 1915.9114973 (0.15)%
     GbtC2zC1wN1_GqqN2hN1 : 1882.9381324 (0.15)%
    QqC1wN1_QqGbtC2wN2hN1 : 1874.2530392 (0.15)%
   GbbN2hN1_QqGbtC2hC1wN1 : 1850.2326419 (0.15)%
   GbtC2hC1wN1_QqGbbN2hN1 : 1850.2326419 (0.15)%
GbtC2zC1wN1_QqGbtC2zC1wN1 : 1837.5368832 (0.15)%
         GqqN2hN1_QqGttN1 : 1797.3896368 (0.14)%
         GttN1_QqGqqN2hN1 : 1797.3896368 (0.14)%
      GbtC2zC1wN1_QqN2hN1 : 1795.7431678 (0.14)%
           GbtC2wN1_GttN1 : 1789.5383320 (0.14)%
     GbbN3wC1wN1_GbtC1wN1 : 1787.5820339 (0.14)%
     GbtC2hC1wN1_GqqN2hN1 : 1777.0314061 (0.14)%
   GbbN2hN1_QqGbtC2wN2hN1 : 1776.2234768 (0.14)%
   GbtC2wN2hN1_QqGbbN2hN1 : 1776.2234768 (0.14)%
           GbbN1_GbtC1wN1 : 1768.6096649 (0.14)%
     GbtC1wN1_GttN3wC1wN1 : 1761.2829950 (0.14)%
GbtC2hC1wN1_QqGbtC2zC1wN1 : 1734.1837711 (0.14)%
GbtC2zC1wN1_QqGbtC2hC1wN1 : 1734.1837711 (0.14)%
        GbbN2hN1_GbbN2hN1 : 1709.6116112 (0.14)%
     GbtC2wN2hN1_GqqN2hN1 : 1705.9502849 (0.14)%
      GqqN2hN1_QqGqqC1wN1 : 1701.2137403 (0.14)%
      GqqC1wN1_QqGqqN2hN1 : 1701.2137403 (0.14)%
      GbtC2hC1wN1_QqN2hN1 : 1694.7407627 (0.14)%
        GbtC2wN1_GqqC1wN1 : 1693.7825482 (0.14)%
GbtC2zC1wN1_QqGbtC2wN2hN1 : 1664.8165521 (0.13)%
GbtC2wN2hN1_QqGbtC2zC1wN1 : 1664.8165521 (0.13)%
GbtC2hC1wN1_QqGbtC2hC1wN1 : 1636.6438027 (0.13)%
      GbtC2wN2hN1_QqN2hN1 : 1626.9512610 (0.13)%
        GbbN2zN1_GbtC1wN1 : 1607.7866050 (0.13)%
    QqGbtC1wN1_QqGqqN2hN1 : 1603.4018233 (0.13)%
     GbbN4wC1wN1_GbtC1wN1 : 1594.7502690 (0.13)%
         GbtC2wN1_QqC1wN1 : 1594.6964785 (0.13)%
      GttN2hN1_QqGbtC1wN1 : 1581.2225723 (0.13)%
      GbtC1wN1_QqGttN2hN1 : 1581.2225723 (0.13)%
GbtC2hC1wN1_QqGbtC2wN2hN1 : 1571.1781750 (0.13)%
GbtC2wN2hN1_QqGbtC2hC1wN1 : 1571.1781750 (0.13)%
        T1bC1wN1_T1tN2hN1 : 1559.1425803 (0.13)%
       QqGbbN2hN1_QqGttN1 : 1515.1762247 (0.12)%
GbtC2wN2hN1_QqGbtC2wN2hN1 : 1508.3311674 (0.12)%
  GbtC2zC1wN1_GbtC2zC1wN1 : 1501.8792499 (0.12)%
           GbbN2hN1_GqqN1 : 1482.1323742 (0.12)%
           GttN1_GttN2hN1 : 1435.1012543 (0.12)%
    QqGbbN2hN1_QqGqqC1wN1 : 1434.1011875 (0.12)%
    QqGbtC2zC1wN1_QqGttN1 : 1420.1425053 (0.11)%
        GbtC2zC1wN1_GqqN1 : 1389.1712057 (0.11)%
          QqGttN1_QqN2hN1 : 1387.8421840 (0.11)%
     GbtC1wN1_GbtC2wN2zN1 : 1365.2981613 (0.11)%
        GqqC1wN1_GttN2hN1 : 1358.3109208 (0.11)%
 QqGbtC2zC1wN1_QqGqqC1wN1 : 1344.1525942 (0.11)%
    QqGbtC2hC1wN1_QqGttN1 : 1340.2659331 (0.11)%
  GbtC2hC1wN1_GbtC2hC1wN1 : 1337.6827368 (0.11)%
   GbtC1wN1_QqGttN4wC1wN1 : 1329.2498718 (0.11)%
   GttN4wC1wN1_QqGbtC1wN1 : 1329.2498718 (0.11)%
            GttN1_QqGqqN1 : 1326.0562766 (0.11)%
            GqqN1_QqGttN1 : 1326.0562766 (0.11)%
       QqGqqC1wN1_QqN2hN1 : 1313.5806196 (0.11)%
        GbtC2hC1wN1_GqqN1 : 1311.0366286 (0.11)%
       QqC1wN1_QqGqqN2hN1 : 1296.7878761 (0.10)%
    QqGbtC2wN2hN1_QqGttN1 : 1286.6553977 (0.10)%
         GttN2hN1_QqC1wN1 : 1278.8498998 (0.10)%
 QqGbtC2hC1wN1_QqGqqC1wN1 : 1268.5501098 (0.10)%
        GbtC2wN2hN1_GqqN1 : 1258.5952632 (0.10)%
         GqqC1wN1_QqGqqN1 : 1255.1007928 (0.10)%
         GqqN1_QqGqqC1wN1 : 1255.1007928 (0.10)%
  GbtC2wN2hN1_GbtC2wN2hN1 : 1232.8086055 (0.10)%
------------------------------------------------------------
                                        SUM=64.99%

SHOWING PROCESSES TO GET 90.00% SUSY COVERAGE
---------------  Output inclusive processes  ---------------
The total xsec = 1242196.97 [fb]
The total rate = 100.00%
                      Modes : xsec/fb      (rate)
                C1wN1_N2hN1 : 148816.9466333 (11.98)%
                C1wN1_C1wN1 : 86483.6436020 (6.96)%
                C1wN1_N2zN1 : 26565.0123792 (2.14)%
        GbtC1wN1_QqGbtC1wN1 : 14513.9340048 (1.17)%
             GbtC1wN1_GttN1 : 13172.6964064 (1.06)%
          GbtC1wN1_GqqC1wN1 : 12467.8431792 (1.00)%
          GbtC1wN1_GbtC1wN1 : 11862.7149837 (0.95)%
           GbtC1wN1_QqC1wN1 : 11738.4758943 (0.94)%
          GbbN2hN1_GbtC1wN1 : 9006.8052664 (0.73)%
       GbtC1wN1_GbtC2zC1wN1 : 8441.8873440 (0.68)%
           GttN1_QqGbtC1wN1 : 8058.3427390 (0.65)%
           GbtC1wN1_QqGttN1 : 8058.3427390 (0.65)%
       GbtC1wN1_GbtC2hC1wN1 : 7967.0694851 (0.64)%
       GbtC1wN1_GbtC2wN2hN1 : 7648.3873114 (0.62)%
        GqqC1wN1_QqGbtC1wN1 : 7627.1516821 (0.61)%
        GbtC1wN1_QqGqqC1wN1 : 7627.1516821 (0.61)%
             GqqC1wN1_GttN1 : 6922.3239903 (0.56)%
              GttN1_QqC1wN1 : 6517.3688925 (0.52)%
           GqqC1wN1_QqC1wN1 : 6168.6332688 (0.50)%
         QqC1wN1_QqGbtC1wN1 : 5813.9654038 (0.47)%
        GbbN2hN1_QqGbtC1wN1 : 5509.8760027 (0.44)%
        GbtC1wN1_QqGbbN2hN1 : 5509.8760027 (0.44)%
          GbtC1wN1_GqqN2hN1 : 5291.8873437 (0.43)%
     GbtC1wN1_QqGbtC2zC1wN1 : 5164.2897918 (0.42)%
     GbtC2zC1wN1_QqGbtC1wN1 : 5164.2897918 (0.42)%
           GbtC1wN1_QqN2hN1 : 5046.8310026 (0.41)%
             GbbN2hN1_GttN1 : 5000.7064795 (0.40)%
     GbtC1wN1_QqGbtC2hC1wN1 : 4873.8219235 (0.39)%
     GbtC2hC1wN1_QqGbtC1wN1 : 4873.8219235 (0.39)%
          GbbN2hN1_GqqC1wN1 : 4733.1254169 (0.38)%
          GbtC2zC1wN1_GttN1 : 4687.0560083 (0.38)%
     GbtC1wN1_QqGbtC2wN2hN1 : 4678.8694170 (0.38)%
     GbtC2wN2hN1_QqGbtC1wN1 : 4678.8694170 (0.38)%
              GttN1_QqGttN1 : 4474.1065846 (0.36)%
           GbbN2hN1_QqC1wN1 : 4456.2381651 (0.36)%
       GbtC2zC1wN1_GqqC1wN1 : 4436.2579597 (0.36)%
          GbtC2hC1wN1_GttN1 : 4423.4303749 (0.36)%
          GbtC2wN2hN1_GttN1 : 4246.4934962 (0.34)%
           GttN1_QqGqqC1wN1 : 4234.7031726 (0.34)%
           GqqC1wN1_QqGttN1 : 4234.7031726 (0.34)%
       GbtC2hC1wN1_GqqC1wN1 : 4186.7385786 (0.34)%
        GbtC2zC1wN1_QqC1wN1 : 4176.7374174 (0.34)%
       GbtC2wN2hN1_GqqC1wN1 : 4019.2693537 (0.32)%
        GqqC1wN1_QqGqqC1wN1 : 4008.1099144 (0.32)%
         QqGbtC1wN1_QqGttN1 : 3991.2273381 (0.32)%
        GbtC2hC1wN1_QqC1wN1 : 3941.8148893 (0.32)%
             GbtC1wN1_GqqN1 : 3904.1843146 (0.31)%
        GbtC2wN2hN1_QqC1wN1 : 3784.1425933 (0.30)%
      QqGbtC1wN1_QqGqqC1wN1 : 3777.6621436 (0.30)%
                GttN1_GttN1 : 3656.8342672 (0.29)%
      QqGbtC1wN1_QqGbtC1wN1 : 3594.3128792 (0.29)%
          GqqC1wN1_GqqC1wN1 : 3275.9598826 (0.26)%
        GqqN2hN1_QqGbtC1wN1 : 3237.2902735 (0.26)%
        GbtC1wN1_QqGqqN2hN1 : 3237.2902735 (0.26)%
            QqC1wN1_QqGttN1 : 3227.9963435 (0.26)%
          GbtC1wN1_GbtC2wN1 : 3223.1492369 (0.26)%
       GbbN2hN1_GbtC2zC1wN1 : 3204.7653295 (0.26)%
           GttN1_QqGbbN2hN1 : 3059.1615798 (0.25)%
           GbbN2hN1_QqGttN1 : 3059.1615798 (0.25)%
         QqC1wN1_QqGqqC1wN1 : 3055.2706106 (0.25)%
       GbbN2hN1_GbtC2hC1wN1 : 3024.5118211 (0.24)%
             GqqN2hN1_GttN1 : 2938.1311737 (0.24)%
       GbbN2hN1_GbtC2wN2hN1 : 2903.5315781 (0.23)%
        GqqC1wN1_QqGbbN2hN1 : 2895.4699676 (0.23)%
        GbbN2hN1_QqGqqC1wN1 : 2895.4699676 (0.23)%
        GttN1_QqGbtC2zC1wN1 : 2867.2871967 (0.23)%
        GbtC2zC1wN1_QqGttN1 : 2867.2871967 (0.23)%
    GbtC2hC1wN1_GbtC2zC1wN1 : 2834.8107135 (0.23)%
              GttN1_QqN2hN1 : 2802.0724051 (0.23)%
          GqqC1wN1_GqqN2hN1 : 2780.9157353 (0.22)%
      QqGbbN2hN1_QqGbtC1wN1 : 2728.9938444 (0.22)%
    GbtC2wN2hN1_GbtC2zC1wN1 : 2721.4185005 (0.22)%
     GqqC1wN1_QqGbtC2zC1wN1 : 2713.8625241 (0.22)%
     GbtC2zC1wN1_QqGqqC1wN1 : 2713.8625241 (0.22)%
        GttN1_QqGbtC2hC1wN1 : 2706.0153019 (0.22)%
        GbtC2hC1wN1_QqGttN1 : 2706.0153019 (0.22)%
           GqqC1wN1_QqN2hN1 : 2652.1372881 (0.21)%
           GqqN2hN1_QqC1wN1 : 2618.2325085 (0.21)%
        GttN1_QqGbtC2wN2hN1 : 2597.7748956 (0.21)%
        GbtC2wN2hN1_QqGttN1 : 2597.7748956 (0.21)%
          GbtC1wN1_GttN2hN1 : 2584.7702896 (0.21)%
    GbtC2hC1wN1_GbtC2wN2hN1 : 2568.3510580 (0.21)%
     GqqC1wN1_QqGbtC2hC1wN1 : 2561.2200710 (0.21)%
     GbtC2hC1wN1_QqGqqC1wN1 : 2561.2200710 (0.21)%
   QqGbtC1wN1_QqGbtC2zC1wN1 : 2557.8279885 (0.21)%
         QqGbtC1wN1_QqN2hN1 : 2499.6516679 (0.20)%
       T1bC1wN1_T1tN3wC1wN1 : 2480.9540026 (0.20)%
     GqqC1wN1_QqGbtC2wN2hN1 : 2458.7714628 (0.20)%
     GbtC2wN2hN1_QqGqqC1wN1 : 2458.7714628 (0.20)%
   QqGbtC1wN1_QqGbtC2hC1wN1 : 2413.9617700 (0.19)%
           GqqN1_QqGbtC1wN1 : 2388.3686645 (0.19)%
           GbtC1wN1_QqGqqN1 : 2388.3686645 (0.19)%
            QqC1wN1_QqC1wN1 : 2351.0887097 (0.19)%
   QqGbtC1wN1_QqGbtC2wN2hN1 : 2317.4034827 (0.19)%
          T1bC1wN1_T1bC1wN1 : 2277.9707569 (0.18)%
         QqC1wN1_QqGbbN2hN1 : 2207.1361526 (0.18)%
       GbtC1wN1_GttN4wC1wN1 : 2172.8791610 (0.17)%
                GqqN1_GttN1 : 2167.6587005 (0.17)%
         QqGqqC1wN1_QqGttN1 : 2097.4117903 (0.17)%
        GbbN2hN1_QqGbbN2hN1 : 2091.6957149 (0.17)%
      QqC1wN1_QqGbtC2zC1wN1 : 2068.7018540 (0.17)%
             GqqC1wN1_GqqN1 : 2051.6702055 (0.17)%
            QqC1wN1_QqN2hN1 : 2021.6504249 (0.16)%
          GbbN2hN1_GqqN2hN1 : 2008.9414127 (0.16)%
        GbtC1wN1_QqGbtC2wN1 : 1971.7482623 (0.16)%
        GbtC2wN1_QqGbtC1wN1 : 1971.7482623 (0.16)%
     GbbN2hN1_QqGbtC2zC1wN1 : 1960.5019828 (0.16)%
     GbtC2zC1wN1_QqGbbN2hN1 : 1960.5019828 (0.16)%
      QqC1wN1_QqGbtC2hC1wN1 : 1952.3467613 (0.16)%
              GqqN1_QqC1wN1 : 1931.6477521 (0.16)%
           GbbN2hN1_QqN2hN1 : 1915.9114973 (0.15)%
       GbtC2zC1wN1_GqqN2hN1 : 1882.9381324 (0.15)%
      QqC1wN1_QqGbtC2wN2hN1 : 1874.2530392 (0.15)%
     GbbN2hN1_QqGbtC2hC1wN1 : 1850.2326419 (0.15)%
     GbtC2hC1wN1_QqGbbN2hN1 : 1850.2326419 (0.15)%
  GbtC2zC1wN1_QqGbtC2zC1wN1 : 1837.5368832 (0.15)%
           GqqN2hN1_QqGttN1 : 1797.3896368 (0.14)%
           GttN1_QqGqqN2hN1 : 1797.3896368 (0.14)%
        GbtC2zC1wN1_QqN2hN1 : 1795.7431678 (0.14)%
             GbtC2wN1_GttN1 : 1789.5383320 (0.14)%
       GbbN3wC1wN1_GbtC1wN1 : 1787.5820339 (0.14)%
       GbtC2hC1wN1_GqqN2hN1 : 1777.0314061 (0.14)%
     GbbN2hN1_QqGbtC2wN2hN1 : 1776.2234768 (0.14)%
     GbtC2wN2hN1_QqGbbN2hN1 : 1776.2234768 (0.14)%
             GbbN1_GbtC1wN1 : 1768.6096649 (0.14)%
       GbtC1wN1_GttN3wC1wN1 : 1761.2829950 (0.14)%
  GbtC2hC1wN1_QqGbtC2zC1wN1 : 1734.1837711 (0.14)%
  GbtC2zC1wN1_QqGbtC2hC1wN1 : 1734.1837711 (0.14)%
          GbbN2hN1_GbbN2hN1 : 1709.6116112 (0.14)%
       GbtC2wN2hN1_GqqN2hN1 : 1705.9502849 (0.14)%
        GqqN2hN1_QqGqqC1wN1 : 1701.2137403 (0.14)%
        GqqC1wN1_QqGqqN2hN1 : 1701.2137403 (0.14)%
        GbtC2hC1wN1_QqN2hN1 : 1694.7407627 (0.14)%
          GbtC2wN1_GqqC1wN1 : 1693.7825482 (0.14)%
  GbtC2zC1wN1_QqGbtC2wN2hN1 : 1664.8165521 (0.13)%
  GbtC2wN2hN1_QqGbtC2zC1wN1 : 1664.8165521 (0.13)%
  GbtC2hC1wN1_QqGbtC2hC1wN1 : 1636.6438027 (0.13)%
        GbtC2wN2hN1_QqN2hN1 : 1626.9512610 (0.13)%
          GbbN2zN1_GbtC1wN1 : 1607.7866050 (0.13)%
      QqGbtC1wN1_QqGqqN2hN1 : 1603.4018233 (0.13)%
       GbbN4wC1wN1_GbtC1wN1 : 1594.7502690 (0.13)%
           GbtC2wN1_QqC1wN1 : 1594.6964785 (0.13)%
        GttN2hN1_QqGbtC1wN1 : 1581.2225723 (0.13)%
        GbtC1wN1_QqGttN2hN1 : 1581.2225723 (0.13)%
  GbtC2hC1wN1_QqGbtC2wN2hN1 : 1571.1781750 (0.13)%
  GbtC2wN2hN1_QqGbtC2hC1wN1 : 1571.1781750 (0.13)%
          T1bC1wN1_T1tN2hN1 : 1559.1425803 (0.13)%
         QqGbbN2hN1_QqGttN1 : 1515.1762247 (0.12)%
  GbtC2wN2hN1_QqGbtC2wN2hN1 : 1508.3311674 (0.12)%
    GbtC2zC1wN1_GbtC2zC1wN1 : 1501.8792499 (0.12)%
             GbbN2hN1_GqqN1 : 1482.1323742 (0.12)%
             GttN1_GttN2hN1 : 1435.1012543 (0.12)%
      QqGbbN2hN1_QqGqqC1wN1 : 1434.1011875 (0.12)%
      QqGbtC2zC1wN1_QqGttN1 : 1420.1425053 (0.11)%
          GbtC2zC1wN1_GqqN1 : 1389.1712057 (0.11)%
            QqGttN1_QqN2hN1 : 1387.8421840 (0.11)%
       GbtC1wN1_GbtC2wN2zN1 : 1365.2981613 (0.11)%
          GqqC1wN1_GttN2hN1 : 1358.3109208 (0.11)%
   QqGbtC2zC1wN1_QqGqqC1wN1 : 1344.1525942 (0.11)%
      QqGbtC2hC1wN1_QqGttN1 : 1340.2659331 (0.11)%
    GbtC2hC1wN1_GbtC2hC1wN1 : 1337.6827368 (0.11)%
     GbtC1wN1_QqGttN4wC1wN1 : 1329.2498718 (0.11)%
     GttN4wC1wN1_QqGbtC1wN1 : 1329.2498718 (0.11)%
              GttN1_QqGqqN1 : 1326.0562766 (0.11)%
              GqqN1_QqGttN1 : 1326.0562766 (0.11)%
         QqGqqC1wN1_QqN2hN1 : 1313.5806196 (0.11)%
          GbtC2hC1wN1_GqqN1 : 1311.0366286 (0.11)%
         QqC1wN1_QqGqqN2hN1 : 1296.7878761 (0.10)%
      QqGbtC2wN2hN1_QqGttN1 : 1286.6553977 (0.10)%
           GttN2hN1_QqC1wN1 : 1278.8498998 (0.10)%
   QqGbtC2hC1wN1_QqGqqC1wN1 : 1268.5501098 (0.10)%
          GbtC2wN2hN1_GqqN1 : 1258.5952632 (0.10)%
           GqqC1wN1_QqGqqN1 : 1255.1007928 (0.10)%
           GqqN1_QqGqqC1wN1 : 1255.1007928 (0.10)%
    GbtC2wN2hN1_GbtC2wN2hN1 : 1232.8086055 (0.10)%
        GqqN2hN1_QqGbbN2hN1 : 1228.9616300 (0.10)%
        GbbN2hN1_QqGqqN2hN1 : 1228.9616300 (0.10)%
          GbbN2hN1_GbtC2wN1 : 1223.5933157 (0.10)%
   QqGbtC2wN2hN1_QqGqqC1wN1 : 1217.8082018 (0.10)%
          GttN1_GttN4wC1wN1 : 1206.4134372 (0.10)%
       T1bC1wN1_T1bC2zC1wN1 : 1202.5321007 (0.10)%
         QqGbtC1wN1_QqGqqN1 : 1182.9383058 (0.10)%
     GqqN2hN1_QqGbtC2zC1wN1 : 1151.8796425 (0.09)%
     GbtC2zC1wN1_QqGqqN2hN1 : 1151.8796425 (0.09)%
       GbtC2wN1_GbtC2zC1wN1 : 1146.8480355 (0.09)%
       GqqC1wN1_GttN4wC1wN1 : 1141.8598805 (0.09)%
       T1bC1wN1_T1bC2hC1wN1 : 1134.8951264 (0.09)%
           GqqN2hN1_QqN2hN1 : 1125.6808052 (0.09)%
            QqGttN1_QqGttN1 : 1107.9931130 (0.09)%
           GttN1_QqGbtC2wN1 : 1094.7426995 (0.09)%
           GbtC2wN1_QqGttN1 : 1094.7426995 (0.09)%
          C2zC1wN1_N4wC1wN1 : 1093.8663492 (0.09)%
     GbtC1wN1_QqGbbN3wC1wN1 : 1093.5459422 (0.09)%
     GbbN3wC1wN1_QqGbtC1wN1 : 1093.5459422 (0.09)%
       T1bC1wN1_T1bC2wN2hN1 : 1089.4994076 (0.09)%
     GqqN2hN1_QqGbtC2hC1wN1 : 1087.0916391 (0.09)%
     GbtC2hC1wN1_QqGqqN2hN1 : 1087.0916391 (0.09)%
       GbtC2hC1wN1_GbtC2wN1 : 1082.3430372 (0.09)%
           GbbN1_QqGbtC1wN1 : 1081.9396737 (0.09)%
           GbtC1wN1_QqGbbN1 : 1081.9396737 (0.09)%
     GbtC1wN1_QqGttN3wC1wN1 : 1077.4576136 (0.09)%
     GttN3wC1wN1_QqGbtC1wN1 : 1077.4576136 (0.09)%
        GttN4wC1wN1_QqC1wN1 : 1075.0612186 (0.09)%
          C2zC1wN1_N3wC1wN1 : 1062.4990234 (0.09)%
          N3wC1wN1_N4wC1wN1 : 1056.6551660 (0.09)%
     GqqN2hN1_QqGbtC2wN2hN1 : 1043.6080562 (0.08)%
     GbtC2wN2hN1_QqGqqN2hN1 : 1043.6080562 (0.08)%
       GbtC2wN1_GbtC2wN2hN1 : 1039.0493980 (0.08)%
        GqqC1wN1_QqGbtC2wN1 : 1036.1644934 (0.08)%
        GbtC2wN1_QqGqqC1wN1 : 1036.1644934 (0.08)%
          C2hC1wN1_N4wC1wN1 : 1032.3413304 (0.08)%
          C2hC1wN1_N3wC1wN1 : 1002.7382744 (0.08)%
      QqGqqC1wN1_QqGqqC1wN1 : 992.5910564 (0.08)%
          GbbN3wC1wN1_GttN1 : 992.4909882 (0.08)%
          C2wN2hN1_N4wC1wN1 : 991.0477557 (0.08)%
        GbbN2zN1_QqGbtC1wN1 : 983.5568296 (0.08)%
        GbtC1wN1_QqGbbN2zN1 : 983.5568296 (0.08)%
                GbbN1_GttN1 : 981.9572589 (0.08)%
          GbbN2hN1_GttN2hN1 : 981.2476608 (0.08)%
          GttN1_GttN3wC1wN1 : 977.8893875 (0.08)%
      QqGbtC1wN1_QqGbtC2wN1 : 976.5898304 (0.08)%
     GbbN4wC1wN1_QqGbtC1wN1 : 975.5819047 (0.08)%
     GbtC1wN1_QqGbbN4wC1wN1 : 975.5819047 (0.08)%
   QqGbbN2hN1_QqGbtC2zC1wN1 : 971.0196455 (0.08)%
          C2wN2hN1_N3wC1wN1 : 962.6288196 (0.08)%
            QqC1wN1_QqGqqN1 : 956.7283951 (0.08)%
         QqGbbN2hN1_QqN2hN1 : 948.9343644 (0.08)%
          GbtC1wN1_GqqN2zN1 : 944.6441146 (0.08)%
       GbbN3wC1wN1_GqqC1wN1 : 939.3841334 (0.08)%
             GbbN1_GqqC1wN1 : 929.4140497 (0.07)%
       GqqC1wN1_GttN3wC1wN1 : 925.5638446 (0.07)%
       GbtC2zC1wN1_GttN2hN1 : 919.7025986 (0.07)%
   QqGbbN2hN1_QqGbtC2hC1wN1 : 916.4041964 (0.07)%
           GbbN2hN1_QqGqqN1 : 906.6883717 (0.07)%
           GqqN1_QqGbbN2hN1 : 906.6883717 (0.07)%
           GbtC1wN1_QqN2zN1 : 900.8996024 (0.07)%
       T1bC1wN1_T1tN3zN2hN1 : 897.3900351 (0.07)%
             GbbN2zN1_GttN1 : 892.6660070 (0.07)%
         QqGqqN2hN1_QqGttN1 : 890.2315138 (0.07)%
      QqGbtC2zC1wN1_QqN2hN1 : 889.4160320 (0.07)%
          GbbN4wC1wN1_GttN1 : 885.4280477 (0.07)%
        GbbN3wC1wN1_QqC1wN1 : 884.4302777 (0.07)%
   QqGbbN2hN1_QqGbtC2wN2hN1 : 879.7480982 (0.07)%
           GttN1_QqGttN2hN1 : 877.9172780 (0.07)%
           GttN2hN1_QqGttN1 : 877.9172780 (0.07)%
              GbbN1_QqC1wN1 : 875.0434427 (0.07)%
        GttN3wC1wN1_QqC1wN1 : 871.4184741 (0.07)%
             GqqN1_GqqN2hN1 : 870.8168236 (0.07)%
       GbtC2hC1wN1_GttN2hN1 : 867.9735005 (0.07)%
QqGbtC2hC1wN1_QqGbtC2zC1wN1 : 858.9261962 (0.07)%
        GqqN1_QqGbtC2zC1wN1 : 849.8197600 (0.07)%
        GbtC2zC1wN1_QqGqqN1 : 849.8197600 (0.07)%
       T1tN2hN1_T1tN3wC1wN1 : 849.0365852 (0.07)%
          GbbN2zN1_GqqC1wN1 : 844.9006524 (0.07)%
      QqGqqC1wN1_QqGqqN2hN1 : 842.5964256 (0.07)%
      QqGbtC2hC1wN1_QqN2hN1 : 839.3904159 (0.07)%
       GbbN4wC1wN1_GqqC1wN1 : 838.0499865 (0.07)%
     GbtC1wN1_QqGbtC2wN2zN1 : 835.2155235 (0.07)%
     GbtC2wN2zN1_QqGbtC1wN1 : 835.2155235 (0.07)%
       GbtC2wN2hN1_GttN2hN1 : 833.2546265 (0.07)%
        GttN2hN1_QqGqqC1wN1 : 830.9411079 (0.07)%
        GqqC1wN1_QqGttN2hN1 : 830.9411079 (0.07)%
              GqqN1_QqN2hN1 : 830.4911003 (0.07)%
       GbbN2hN1_GttN4wC1wN1 : 824.8828155 (0.07)%
QqGbtC2wN2hN1_QqGbtC2zC1wN1 : 824.5692137 (0.07)%
                N2hN1_N2hN1 : 817.3019789 (0.07)%
      QqGbtC2wN2hN1_QqN2hN1 : 805.8148630 (0.06)%
        GqqN1_QqGbtC2hC1wN1 : 802.0212545 (0.06)%
        GbtC2hC1wN1_QqGqqN1 : 802.0212545 (0.06)%
           GbbN2zN1_QqC1wN1 : 795.4740686 (0.06)%
         QqC1wN1_QqGbtC2wN1 : 789.8393488 (0.06)%
        GbbN4wC1wN1_QqC1wN1 : 789.0241659 (0.06)%
      QqGbtC1wN1_QqGttN2hN1 : 783.1658397 (0.06)%
QqGbtC2hC1wN1_QqGbtC2wN2hN1 : 778.1909368 (0.06)%
       GbtC1wN1_GbwT1bC1wN1 : 775.5567966 (0.06)%
    GbtC2zC1wN1_GttN4wC1wN1 : 773.1451491 (0.06)%
        GbtC2wN2hN1_QqGqqN1 : 769.9404653 (0.06)%
        GqqN1_QqGbtC2wN2hN1 : 769.9404653 (0.06)%
       GbtC1wN1_GttN4hN2hN1 : 762.6729204 (0.06)%
          GbtC2wN2zN1_GttN1 : 758.0329717 (0.06)%
        GbbN2hN1_QqGbtC2wN1 : 748.5281682 (0.06)%
        GbtC2wN1_QqGbbN2hN1 : 748.5281682 (0.06)%
        GttN1_QqGttN4wC1wN1 : 738.0184483 (0.06)%
        GttN4wC1wN1_QqGttN1 : 738.0184483 (0.06)%
    GbtC2hC1wN1_GttN4wC1wN1 : 729.6592425 (0.06)%
        GqqN2hN1_QqGqqN2hN1 : 722.0680700 (0.06)%
          GbtC2wN1_GqqN2hN1 : 718.9139534 (0.06)%
       GbtC2wN2zN1_GqqC1wN1 : 717.4716492 (0.06)%
     GbtC2wN1_QqGbtC2zC1wN1 : 701.5795593 (0.06)%
     GbtC2zC1wN1_QqGbtC2wN1 : 701.5795593 (0.06)%
    GbtC2wN2hN1_GttN4wC1wN1 : 700.4729283 (0.06)%
     GqqC1wN1_QqGttN4wC1wN1 : 698.5280760 (0.06)%
     GttN4wC1wN1_QqGqqC1wN1 : 698.5280760 (0.06)%
           GbtC2wN1_QqN2hN1 : 685.6225374 (0.06)%
                      N1_N1 : 685.4764287 (0.06)%
       GbbN2hN1_GbbN3wC1wN1 : 678.6137617 (0.05)%
    T1tN3wC1wN1_T1tN3wC1wN1 : 675.5061214 (0.05)%
        GbtC2wN2zN1_QqC1wN1 : 675.4996465 (0.05)%
                   C1wN1_N1 : 672.3672281 (0.05)%
             GbbN1_GbbN2hN1 : 671.4113450 (0.05)%
       GbbN2hN1_GttN3wC1wN1 : 668.6299459 (0.05)%
     GbtC2wN1_QqGbtC2hC1wN1 : 662.1188925 (0.05)%
     GbtC2hC1wN1_QqGbtC2wN1 : 662.1188925 (0.05)%
   QqGbtC1wN1_QqGttN4wC1wN1 : 658.3659444 (0.05)%
            QqGqqN1_QqGttN1 : 656.7841843 (0.05)%
    T1bC2zC1wN1_T1tN3wC1wN1 : 654.8430921 (0.05)%
       GbbN3zN2hN1_GbtC1wN1 : 646.5892969 (0.05)%
       GbtC1wN1_GttN3zN2hN1 : 637.0766274 (0.05)%
    GbbN3wC1wN1_GbtC2zC1wN1 : 636.0502705 (0.05)%
     GbtC2wN1_QqGbtC2wN2hN1 : 635.6341871 (0.05)%
     GbtC2wN2hN1_QqGbtC2wN1 : 635.6341871 (0.05)%
         QqC1wN1_QqGttN2hN1 : 633.4032749 (0.05)%
          GbbN1_GbtC2zC1wN1 : 629.2995982 (0.05)%
    GbtC2zC1wN1_GttN3wC1wN1 : 626.6926519 (0.05)%
         QqGqqC1wN1_QqGqqN1 : 621.6405480 (0.05)%
    T1bC2hC1wN1_T1tN3wC1wN1 : 618.0111395 (0.05)%
          GbbN2hN1_GbbN2zN1 : 610.3586271 (0.05)%
      QqGbbN2hN1_QqGqqN2hN1 : 608.6940471 (0.05)%
        GbbN3wC1wN1_QqGttN1 : 607.1522718 (0.05)%
        GttN1_QqGbbN3wC1wN1 : 607.1522718 (0.05)%
       GbbN2hN1_GbbN4wC1wN1 : 605.4096866 (0.05)%
              GbbN1_QqGttN1 : 600.7083063 (0.05)%
              GttN1_QqGbbN1 : 600.7083063 (0.05)%
    GbbN3wC1wN1_GbtC2hC1wN1 : 600.2753288 (0.05)%
        GbbN2hN1_QqGttN2hN1 : 600.2742126 (0.05)%
        GttN2hN1_QqGbbN2hN1 : 600.2742126 (0.05)%
        GttN1_QqGttN3wC1wN1 : 598.2198027 (0.05)%
        GttN3wC1wN1_QqGttN1 : 598.2198027 (0.05)%
          GbbN1_GbtC2hC1wN1 : 593.9043512 (0.05)%
    T1bC2wN2hN1_T1tN3wC1wN1 : 593.2907409 (0.05)%
    GbtC2hC1wN1_GttN3wC1wN1 : 591.4440338 (0.05)%
          GqqN2hN1_GqqN2hN1 : 590.1699505 (0.05)%
        GqqN2zN1_QqGbtC1wN1 : 577.8821440 (0.05)%
        GbtC1wN1_QqGqqN2zN1 : 577.8821440 (0.05)%
          GqqN2hN1_GttN2hN1 : 576.5254076 (0.05)%
    GbbN3wC1wN1_GbtC2wN2hN1 : 576.2643613 (0.05)%
     GbbN3wC1wN1_QqGqqC1wN1 : 574.6643722 (0.05)%
     GqqC1wN1_QqGbbN3wC1wN1 : 574.6643722 (0.05)%
       GbbN2zN1_GbtC2zC1wN1 : 572.0761820 (0.05)%
   QqGbtC2zC1wN1_QqGqqN2hN1 : 570.5160066 (0.05)%
          GbbN1_GbtC2wN2hN1 : 570.1482223 (0.05)%
           GbbN1_QqGqqC1wN1 : 568.5652146 (0.05)%
           GqqC1wN1_QqGbbN1 : 568.5652146 (0.05)%
    GbtC2wN2hN1_GttN3wC1wN1 : 567.7863174 (0.05)%
    GbbN4wC1wN1_GbtC2zC1wN1 : 567.4376452 (0.05)%
     GqqC1wN1_QqGttN3wC1wN1 : 566.2098675 (0.05)%
     GttN3wC1wN1_QqGqqC1wN1 : 566.2098675 (0.05)%
     GttN2hN1_QqGbtC2zC1wN1 : 562.6242744 (0.05)%
     GbtC2zC1wN1_QqGttN2hN1 : 562.6242744 (0.05)%
       GbbN4hN2hN1_GbtC1wN1 : 559.7517187 (0.05)%
         QqGqqN2hN1_QqN2hN1 : 557.5399495 (0.04)%
           GttN2hN1_QqN2hN1 : 549.8277102 (0.04)%
             C1wN1_N3wC1wN1 : 546.3514087 (0.04)%
           GttN1_QqGbbN2zN1 : 546.0847509 (0.04)%
           GbbN2zN1_QqGttN1 : 546.0847509 (0.04)%
         QqGbtC2wN1_QqGttN1 : 542.2165738 (0.04)%
        GttN1_QqGbbN4wC1wN1 : 541.6569591 (0.04)%
        GbbN4wC1wN1_QqGttN1 : 541.6569591 (0.04)%
   QqGbbN3wC1wN1_QqGbtC1wN1 : 541.6238303 (0.04)%
       GbbN2zN1_GbtC2hC1wN1 : 539.8994925 (0.04)%
   QqGbtC2hC1wN1_QqGqqN2hN1 : 538.4270699 (0.04)%
          C2hC1wN1_C2zC1wN1 : 536.8565469 (0.04)%
         QqGbbN1_QqGbtC1wN1 : 535.8753460 (0.04)%
    GbbN4wC1wN1_GbtC2hC1wN1 : 535.5218524 (0.04)%
   QqGbtC1wN1_QqGttN3wC1wN1 : 533.6554205 (0.04)%
           GqqN2hN1_QqGqqN1 : 532.7186030 (0.04)%
           GqqN1_QqGqqN2hN1 : 532.7186030 (0.04)%
      QqC1wN1_QqGttN4wC1wN1 : 532.4685068 (0.04)%
     GttN2hN1_QqGbtC2hC1wN1 : 530.9792118 (0.04)%
     GbtC2hC1wN1_QqGttN2hN1 : 530.9792118 (0.04)%
             GbtC2wN1_GqqN1 : 530.3915972 (0.04)%
             GqqN2zN1_GttN1 : 524.4798577 (0.04)%
       GbbN2zN1_GbtC2wN2hN1 : 518.3035539 (0.04)%
       GbbN2hN1_GbtC2wN2zN1 : 518.3035539 (0.04)%
      QqGbbN2hN1_QqGbbN2hN1 : 517.9993822 (0.04)%
   QqGbtC2wN2hN1_QqGqqN2hN1 : 516.8900280 (0.04)%
        GqqC1wN1_QqGbbN2zN1 : 516.8644921 (0.04)%
        GbbN2zN1_QqGqqC1wN1 : 516.8644921 (0.04)%
          C2wN2hN1_C2zC1wN1 : 515.3823259 (0.04)%
    GbbN4wC1wN1_GbtC2wN2hN1 : 514.1010190 (0.04)%
      QqGbtC2wN1_QqGqqC1wN1 : 513.2032959 (0.04)%
     GqqC1wN1_QqGbbN4wC1wN1 : 512.6736254 (0.04)%
     GbbN4wC1wN1_QqGqqC1wN1 : 512.6736254 (0.04)%
     GttN2hN1_QqGbtC2wN2hN1 : 509.7400837 (0.04)%
     GbtC2wN2hN1_QqGttN2hN1 : 509.7400837 (0.04)%
     GbbN2hN1_QqGttN4wC1wN1 : 504.6186629 (0.04)%
     GttN4wC1wN1_QqGbbN2hN1 : 504.6186629 (0.04)%
              GttN1_QqN2zN1 : 500.1922820 (0.04)%
          GqqC1wN1_GqqN2zN1 : 496.4156476 (0.04)%
    T1tN3wC1wN1_T1tN3zN2hN1 : 488.6769053 (0.04)%
      QqGbbN2zN1_QqGbtC1wN1 : 487.1471758 (0.04)%
          C2hC1wN1_C2wN2hN1 : 486.3944085 (0.04)%
    GbtC2wN2zN1_GbtC2zC1wN1 : 485.7949164 (0.04)%
       GqqN2hN1_GttN4wC1wN1 : 484.6543033 (0.04)%
   QqGbbN4wC1wN1_QqGbtC1wN1 : 483.1972646 (0.04)%
     GbtC1wN1_QqGbwT1bC1wN1 : 474.4436741 (0.04)%
     GbwT1bC1wN1_QqGbtC1wN1 : 474.4436741 (0.04)%
           GqqC1wN1_QqN2zN1 : 473.4276672 (0.04)%
  GttN4wC1wN1_QqGbtC2zC1wN1 : 472.9683587 (0.04)%
  GbtC2zC1wN1_QqGttN4wC1wN1 : 472.9683587 (0.04)%
           GqqN2zN1_QqC1wN1 : 467.3753936 (0.04)%
     GttN4hN2hN1_QqGbtC1wN1 : 466.5620159 (0.04)%
     GbtC1wN1_QqGttN4hN2hN1 : 466.5620159 (0.04)%
        GttN1_QqGbtC2wN2zN1 : 463.7235464 (0.04)%
        GbtC2wN2zN1_QqGttN1 : 463.7235464 (0.04)%
        GttN4wC1wN1_QqN2hN1 : 462.2109664 (0.04)%
          GbtC1wN1_GttN2zN1 : 461.4021205 (0.04)%
          T1bC1wN1_T1bC2wN1 : 459.1319766 (0.04)%
    GbtC2hC1wN1_GbtC2wN2zN1 : 458.4711566 (0.04)%
          T1bC1wN1_T1tN3zN1 : 457.6397297 (0.04)%
QqGbtC2zC1wN1_QqGbtC2zC1wN1 : 455.0580486 (0.04)%
         QqGbbN2hN1_QqGqqN1 : 449.0748946 (0.04)%
  GttN4wC1wN1_QqGbtC2hC1wN1 : 446.3660345 (0.04)%
  GbtC2hC1wN1_QqGttN4wC1wN1 : 446.3660345 (0.04)%
         QqGbtC1wN1_QqN2zN1 : 446.2077674 (0.04)%
    GbtC2wN2hN1_GbtC2wN2zN1 : 440.1323452 (0.04)%
        GqqN2hN1_QqGbtC2wN1 : 439.7926482 (0.04)%
        GbtC2wN1_QqGqqN2hN1 : 439.7926482 (0.04)%
     GqqC1wN1_QqGbtC2wN2zN1 : 438.9103246 (0.04)%
     GbtC2wN2zN1_QqGqqC1wN1 : 438.9103246 (0.04)%
      QqC1wN1_QqGbbN3wC1wN1 : 438.0506535 (0.04)%
         QqGttN1_QqGttN2hN1 : 434.8248212 (0.04)%
            QqN2hN1_QqN2hN1 : 434.5933890 (0.03)%
            QqC1wN1_QqGbbN1 : 433.4014355 (0.03)%
      QqC1wN1_QqGttN3wC1wN1 : 431.6060199 (0.03)%
          GbwT1bC1wN1_GttN1 : 430.6001721 (0.03)%
  GttN4wC1wN1_QqGbtC2wN2hN1 : 428.5114271 (0.03)%
  GbtC2wN2hN1_QqGttN4wC1wN1 : 428.5114271 (0.03)%
             GqqN1_GttN2hN1 : 425.3419068 (0.03)%
          GttN1_GttN4hN2hN1 : 423.4468607 (0.03)%
        GbtC1wN1_GgN4wC1wN1 : 422.9863380 (0.03)%
    GbtC1wN1_GbwT1tN3wC1wN1 : 422.3321860 (0.03)%
      QqGbtC2zC1wN1_QqGqqN1 : 420.9083640 (0.03)%
             C2wN1_N4wC1wN1 : 417.6429210 (0.03)%
     GbbN3wC1wN1_QqGbbN2hN1 : 415.1391720 (0.03)%
     GbbN2hN1_QqGbbN3wC1wN1 : 415.1391720 (0.03)%
   QqGbtC1wN1_QqGbtC2wN2zN1 : 413.6750122 (0.03)%
      QqGqqC1wN1_QqGttN2hN1 : 411.5579311 (0.03)%
       T1bC2zC1wN1_T1tN2hN1 : 411.5327198 (0.03)%
            QqGqqN1_QqN2hN1 : 411.3350463 (0.03)%
           GbbN2hN1_QqGbbN1 : 410.7331232 (0.03)%
           GbbN1_QqGbbN2hN1 : 410.7331232 (0.03)%
     GbbN2hN1_QqGttN3wC1wN1 : 409.0316138 (0.03)%
     GttN3wC1wN1_QqGbbN2hN1 : 409.0316138 (0.03)%
       GbwT1bC1wN1_GqqC1wN1 : 407.5593374 (0.03)%
             C2wN1_N3wC1wN1 : 405.6667398 (0.03)%
QqGbtC2hC1wN1_QqGbtC2hC1wN1 : 405.3077475 (0.03)%
             T1bC1wN1_T1tN1 : 401.3023548 (0.03)%
       GqqC1wN1_GttN4hN2hN1 : 400.7887900 (0.03)%
       GbbN3wC1wN1_GqqN2hN1 : 398.7149128 (0.03)%
      QqGbtC2hC1wN1_QqGqqN1 : 397.2341783 (0.03)%
     GbtC1wN1_QqGbbN3zN2hN1 : 395.5483376 (0.03)%
     GbbN3zN2hN1_QqGbtC1wN1 : 395.5483376 (0.03)%
             GbbN1_GqqN2hN1 : 394.4831817 (0.03)%
         QqC1wN1_QqGbbN2zN1 : 393.9914139 (0.03)%
              GqqN1_QqGqqN1 : 393.0226550 (0.03)%
       GqqN2hN1_GttN3wC1wN1 : 392.8489896 (0.03)%
      QqC1wN1_QqGbbN4wC1wN1 : 390.7968329 (0.03)%
     GbtC1wN1_QqGttN3zN2hN1 : 389.7290013 (0.03)%
     GttN3zN2hN1_QqGbtC1wN1 : 389.7290013 (0.03)%
  GbbN3wC1wN1_QqGbtC2zC1wN1 : 389.1011317 (0.03)%
  GbtC2zC1wN1_QqGbbN3wC1wN1 : 389.1011317 (0.03)%
       T1bC2hC1wN1_T1tN2hN1 : 388.3858716 (0.03)%
        GbbN1_QqGbtC2zC1wN1 : 384.9714357 (0.03)%
        GbtC2zC1wN1_QqGbbN1 : 384.9714357 (0.03)%
          C2zC1wN1_N3zN2hN1 : 384.3183046 (0.03)%
          C2zC1wN1_N4hN2hN1 : 383.9432298 (0.03)%
        GbwT1bC1wN1_QqC1wN1 : 383.7171665 (0.03)%
  GttN3wC1wN1_QqGbtC2zC1wN1 : 383.3766471 (0.03)%
  GbtC2zC1wN1_QqGttN3wC1wN1 : 383.3766471 (0.03)%
          N3zN2hN1_N4wC1wN1 : 382.2045131 (0.03)%
      QqGbtC2wN2hN1_QqGqqN1 : 381.3448414 (0.03)%
        GbbN3wC1wN1_QqN2hN1 : 380.2512511 (0.03)%
        GttN4hN2hN1_QqC1wN1 : 377.3426953 (0.03)%
              GbbN1_QqN2hN1 : 376.2154827 (0.03)%
        GttN3wC1wN1_QqN2hN1 : 374.6569666 (0.03)%
QqGbtC2wN2hN1_QqGbtC2wN2hN1 : 373.5316792 (0.03)%
        GbbN2zN1_QqGbbN2hN1 : 373.3843747 (0.03)%
        GbbN2hN1_QqGbbN2zN1 : 373.3843747 (0.03)%
       T1bC2wN2hN1_T1tN2hN1 : 372.8504662 (0.03)%
          N3wC1wN1_N4hN2hN1 : 370.8822358 (0.03)%
      QqGbbN2hN1_QqGbtC2wN1 : 370.7395162 (0.03)%
     GbbN2hN1_QqGbbN4wC1wN1 : 370.3568808 (0.03)%
     GbbN4wC1wN1_QqGbbN2hN1 : 370.3568808 (0.03)%
       B1tC1wN1_B1tC2zC1wN1 : 368.2685698 (0.03)%
  GbbN3wC1wN1_QqGbtC2hC1wN1 : 367.2159585 (0.03)%
  GbtC2hC1wN1_QqGbbN3wC1wN1 : 367.2159585 (0.03)%
      QqGttN1_QqGttN4wC1wN1 : 365.5341430 (0.03)%
        GbbN1_QqGbtC2hC1wN1 : 363.3185393 (0.03)%
        GbtC2hC1wN1_QqGbbN1 : 363.3185393 (0.03)%
          C2hC1wN1_N3zN2hN1 : 362.7021437 (0.03)%
          C2hC1wN1_N4hN2hN1 : 362.3481652 (0.03)%
  GttN3wC1wN1_QqGbtC2hC1wN1 : 361.8134502 (0.03)%
  GbtC2hC1wN1_QqGttN3wC1wN1 : 361.8134502 (0.03)%
            QqC1wN1_QqN2zN1 : 360.8807315 (0.03)%
          GbbN3zN2hN1_GttN1 : 358.9955807 (0.03)%
          GbbN2hN1_GqqN2zN1 : 358.6120714 (0.03)%
          GbbN2zN1_GqqN2hN1 : 358.6120714 (0.03)%
          GqqN1_GttN4wC1wN1 : 357.5623603 (0.03)%
       GbbN4wC1wN1_GqqN2hN1 : 355.7043551 (0.03)%
          GttN1_GttN3zN2hN1 : 353.7140112 (0.03)%
        GqqN2hN1_QqGttN2hN1 : 352.6870421 (0.03)%
        GttN2hN1_QqGqqN2hN1 : 352.6870421 (0.03)%
  GbbN3wC1wN1_QqGbtC2wN2hN1 : 352.5273481 (0.03)%
  GbtC2wN2hN1_QqGbbN3wC1wN1 : 352.5273481 (0.03)%
          GbtC2wN1_GttN2hN1 : 351.1464449 (0.03)%
     GbbN2zN1_QqGbtC2zC1wN1 : 349.9652467 (0.03)%
     GbtC2zC1wN1_QqGbbN2zN1 : 349.9652467 (0.03)%
        GbbN1_QqGbtC2wN2hN1 : 348.7858253 (0.03)%
        GbtC2wN2hN1_QqGbbN1 : 348.7858253 (0.03)%
          C2wN2hN1_N3zN2hN1 : 348.1940856 (0.03)%
          C2wN2hN1_N4hN2hN1 : 347.8542662 (0.03)%
       B1tC1wN1_B1tC2hC1wN1 : 347.5551338 (0.03)%
   QqGbtC2wN1_QqGbtC2zC1wN1 : 347.4862770 (0.03)%
  GttN3wC1wN1_QqGbtC2wN2hN1 : 347.3409397 (0.03)%
  GbtC2wN2hN1_QqGttN3wC1wN1 : 347.3409397 (0.03)%
  GbbN4wC1wN1_QqGbtC2zC1wN1 : 347.1276409 (0.03)%
  GbtC2zC1wN1_QqGbbN4wC1wN1 : 347.1276409 (0.03)%
   QqGqqC1wN1_QqGttN4wC1wN1 : 345.9749037 (0.03)%
     GbbN4hN2hN1_QqGbtC1wN1 : 342.4258071 (0.03)%
     GbtC1wN1_QqGbbN4hN2hN1 : 342.4258071 (0.03)%
           GbbN2hN1_QqN2zN1 : 342.0054893 (0.03)%
           GbbN2zN1_QqN2hN1 : 342.0054893 (0.03)%
       GbbN3zN2hN1_GqqC1wN1 : 339.7862111 (0.03)%
          GbtC1wN1_GttN4hN1 : 339.6484990 (0.03)%
         QqGbtC2wN1_QqN2hN1 : 339.5829023 (0.03)%
        GbbN4wC1wN1_QqN2hN1 : 339.2324232 (0.03)%
       GbtC2zC1wN1_GqqN2zN1 : 336.1194805 (0.03)%
       GqqC1wN1_GttN3zN2hN1 : 334.7872513 (0.03)%
      QqC1wN1_QqGbtC2wN2zN1 : 334.5691221 (0.03)%
       B1tC1wN1_B1tC2wN2hN1 : 333.6529548 (0.03)%
     GbbN2zN1_QqGbtC2hC1wN1 : 330.2812895 (0.03)%
     GbtC2hC1wN1_QqGbbN2zN1 : 330.2812895 (0.03)%
          GbbN3zN1_GbtC1wN1 : 329.7395106 (0.03)%
   QqGbtC2hC1wN1_QqGbtC2wN1 : 327.9417506 (0.03)%
  GbbN4wC1wN1_QqGbtC2hC1wN1 : 327.6032862 (0.03)%
  GbtC2hC1wN1_QqGbbN4wC1wN1 : 327.6032862 (0.03)%
          GbtC1wN1_GttN3zN1 : 324.8883586 (0.03)%
           GbtC2wN1_QqGqqN1 : 324.4648737 (0.03)%
           GqqN1_QqGbtC2wN1 : 324.4648737 (0.03)%
                GqqN1_GqqN1 : 321.2303251 (0.03)%
           GqqN2zN1_QqGttN1 : 320.8483915 (0.03)%
           GttN1_QqGqqN2zN1 : 320.8483915 (0.03)%
        GbtC2zC1wN1_QqN2zN1 : 320.5544836 (0.03)%
        GbbN3zN2hN1_QqC1wN1 : 319.9087597 (0.03)%
       GbtC2hC1wN1_GqqN2zN1 : 317.2142849 (0.03)%
     GbbN2zN1_QqGbtC2wN2hN1 : 317.0700630 (0.03)%
     GbbN2hN1_QqGbtC2wN2zN1 : 317.0700630 (0.03)%
     GbtC2wN2zN1_QqGbbN2hN1 : 317.0700630 (0.03)%
     GbtC2wN2hN1_QqGbbN2zN1 : 317.0700630 (0.03)%
        GttN3zN2hN1_QqC1wN1 : 315.2022384 (0.03)%
   QqGbtC2wN1_QqGbtC2wN2hN1 : 314.8241055 (0.03)%
  GbbN4wC1wN1_QqGbtC2wN2hN1 : 314.4991796 (0.03)%
  GbtC2wN2hN1_QqGbbN4wC1wN1 : 314.4991796 (0.03)%
          GbbN4hN2hN1_GttN1 : 310.7821213 (0.03)%
       T1tN2hN1_T1tN3zN2hN1 : 307.1064478 (0.02)%
       GbtC2wN2hN1_GqqN2zN1 : 304.5257376 (0.02)%
       GbtC2wN2zN1_GqqN2hN1 : 304.5257376 (0.02)%
        GqqN2zN1_QqGqqC1wN1 : 303.6802266 (0.02)%
        GqqC1wN1_QqGqqN2zN1 : 303.6802266 (0.02)%
        GbtC2hC1wN1_QqN2zN1 : 302.5247484 (0.02)%
      QqGbbN3wC1wN1_QqGttN1 : 300.7172596 (0.02)%
    T1bC2hC1wN1_T1bC2zC1wN1 : 299.5534109 (0.02)%
            QqGbbN1_QqGttN1 : 297.5256193 (0.02)%
      QqGbbN2hN1_QqGttN2hN1 : 297.3106165 (0.02)%
  GbtC2wN2zN1_QqGbtC2zC1wN1 : 297.1830381 (0.02)%
  GbtC2zC1wN1_QqGbtC2wN2zN1 : 297.1830381 (0.02)%
     GqqN2hN1_QqGttN4wC1wN1 : 296.4852727 (0.02)%
     GttN4wC1wN1_QqGqqN2hN1 : 296.4852727 (0.02)%
      QqGttN1_QqGttN3wC1wN1 : 296.2930851 (0.02)%
       GbtC2wN1_GttN4wC1wN1 : 295.1901744 (0.02)%
       GbbN2hN1_GbwT1bC1wN1 : 294.4220210 (0.02)%
          GbbN3wC1wN1_GqqN1 : 294.1590415 (0.02)%
       GbbN4hN2hN1_GqqC1wN1 : 294.1525889 (0.02)%
                N2hN1_N2zN1 : 291.7898489 (0.02)%
                GbbN1_GqqN1 : 291.0370064 (0.02)%
        GbtC2wN2zN1_QqN2hN1 : 290.4237815 (0.02)%
        GbtC2wN2hN1_QqN2zN1 : 290.4237815 (0.02)%
          GqqN1_GttN3wC1wN1 : 289.8313519 (0.02)%
       GbbN2hN1_GttN4hN2hN1 : 289.5309583 (0.02)%
              GbtC1wN1_QqN1 : 289.2179819 (0.02)%
    T1bC2wN2hN1_T1bC2zC1wN1 : 287.5712972 (0.02)%
      QqGbtC1wN1_QqGqqN2zN1 : 286.2200190 (0.02)%
   QqGbbN3wC1wN1_QqGqqC1wN1 : 284.6262844 (0.02)%
          C2zC1wN1_C2zC1wN1 : 284.4259421 (0.02)%
        GttN2zN1_QqGbtC1wN1 : 282.2608457 (0.02)%
        GbtC1wN1_QqGttN2zN1 : 282.2608457 (0.02)%
         QqGbbN1_QqGqqC1wN1 : 281.6054245 (0.02)%
  GbtC2wN2zN1_QqGbtC2hC1wN1 : 280.4678406 (0.02)%
  GbtC2hC1wN1_QqGbtC2wN2zN1 : 280.4678406 (0.02)%
   QqGqqC1wN1_QqGttN3wC1wN1 : 280.4388415 (0.02)%
   QqGbtC2zC1wN1_QqGttN2hN1 : 278.6629283 (0.02)%
          T1bC1wN1_T1tN2zN1 : 278.3193909 (0.02)%
        GbbN4hN2hN1_QqC1wN1 : 276.9446988 (0.02)%
    GbtC2zC1wN1_GbwT1bC1wN1 : 275.9555091 (0.02)%
         QqGttN2hN1_QqN2hN1 : 272.3249009 (0.02)%
    T1bC2hC1wN1_T1bC2wN2hN1 : 271.3967166 (0.02)%
    GbtC2zC1wN1_GttN4hN2hN1 : 271.3712199 (0.02)%
         QqGbbN2zN1_QqGttN1 : 270.4710457 (0.02)%
  GbtC2wN2zN1_QqGbtC2wN2hN1 : 269.2491483 (0.02)%
  GbtC2wN2hN1_QqGbtC2wN2zN1 : 269.2491483 (0.02)%
      QqGbbN4wC1wN1_QqGttN1 : 268.2779987 (0.02)%
        GbtC2wN1_QqGbtC2wN1 : 267.8661215 (0.02)%
          T1tN2hN1_T1tN2hN1 : 266.7863029 (0.02)%
       GbtC1wN1_GbwT1tN2hN1 : 265.4124557 (0.02)%
             GbbN2zN1_GqqN1 : 264.5724547 (0.02)%
         QqGqqN1_QqGqqN2hN1 : 263.8509084 (0.02)%
        GttN1_QqGbwT1bC1wN1 : 263.4178807 (0.02)%
        GbwT1bC1wN1_QqGttN1 : 263.4178807 (0.02)%
   QqGbtC2hC1wN1_QqGttN2hN1 : 262.9894030 (0.02)%
          B1bN2hN1_B1tC1wN1 : 262.8678188 (0.02)%
          GbbN4wC1wN1_GqqN1 : 262.4272350 (0.02)%
          B1tC1wN1_B1tC1wN1 : 261.8084229 (0.02)%
       T1bC1wN1_T1tN4wC1wN1 : 261.5639863 (0.02)%
    GbtC2hC1wN1_GbwT1bC1wN1 : 260.4342639 (0.02)%
           GttN2hN1_QqGqqN1 : 260.2011585 (0.02)%
           GqqN1_QqGttN2hN1 : 260.2011585 (0.02)%
        GttN1_QqGttN4hN2hN1 : 259.0418719 (0.02)%
        GttN4hN2hN1_QqGttN1 : 259.0418719 (0.02)%
      GbtC1wN1_QqGgN4wC1wN1 : 258.7601491 (0.02)%
      GgN4wC1wN1_QqGbtC1wN1 : 258.7601491 (0.02)%
  GbwT1tN3wC1wN1_QqGbtC1wN1 : 258.3599743 (0.02)%
  GbtC1wN1_QqGbwT1tN3wC1wN1 : 258.3599743 (0.02)%
             GttN1_GttN2zN1 : 256.1770245 (0.02)%
    GbtC2hC1wN1_GttN4hN2hN1 : 256.1078201 (0.02)%
      QqGbbN2zN1_QqGqqC1wN1 : 255.9985046 (0.02)%
   QqGbbN4wC1wN1_QqGqqC1wN1 : 253.9228047 (0.02)%
          C2hC1wN1_C2hC1wN1 : 253.3304010 (0.02)%
   QqGbtC2wN2hN1_QqGttN2hN1 : 252.4698469 (0.02)%
       T1bC2wN1_T1tN3wC1wN1 : 250.0219354 (0.02)%
    GbtC2wN2hN1_GbwT1bC1wN1 : 250.0169131 (0.02)%
   QqGbbN2hN1_QqGttN4wC1wN1 : 249.9332515 (0.02)%
     GqqC1wN1_QqGbwT1bC1wN1 : 249.3227450 (0.02)%
     GbwT1bC1wN1_QqGqqC1wN1 : 249.3227450 (0.02)%
          GbbN4hN1_GbtC1wN1 : 249.2796401 (0.02)%
       T1tN3wC1wN1_T1tN3zN1 : 249.2093271 (0.02)%
            QqGttN1_QqN2zN1 : 247.7409034 (0.02)%
    GbtC2wN2hN1_GttN4hN2hN1 : 245.8635268 (0.02)%
       GbbN2hN1_GbbN3zN2hN1 : 245.4625224 (0.02)%
     GqqC1wN1_QqGttN4hN2hN1 : 245.1808905 (0.02)%
     GttN4hN2hN1_QqGqqC1wN1 : 245.1808905 (0.02)%
    B1tC2hC1wN1_B1tC2zC1wN1 : 244.4413947 (0.02)%
     GqqN2hN1_QqGbbN3wC1wN1 : 243.9122047 (0.02)%
     GbbN3wC1wN1_QqGqqN2hN1 : 243.9122047 (0.02)%
       GbbN3wC1wN1_GbtC2wN1 : 242.8467546 (0.02)%
          GqqC1wN1_GttN2zN1 : 242.4693373 (0.02)%
       GbbN2hN1_GttN3zN2hN1 : 241.8512596 (0.02)%
           GqqN2hN1_QqGbbN1 : 241.3234607 (0.02)%
           GbbN1_QqGqqN2hN1 : 241.3234607 (0.02)%
     GqqN2hN1_QqGttN3wC1wN1 : 240.3237504 (0.02)%
     GttN3wC1wN1_QqGqqN2hN1 : 240.3237504 (0.02)%
             GbbN1_GbtC2wN1 : 240.2693186 (0.02)%
       GbtC2wN1_GttN3wC1wN1 : 239.2739752 (0.02)%
    T1bC2zC1wN1_T1tN3zN2hN1 : 236.8643936 (0.02)%
       GttN2hN1_GttN4wC1wN1 : 236.7246244 (0.02)%
   QqGbtC1wN1_QqGbwT1bC1wN1 : 234.9878410 (0.02)%
           GgN4wC1wN1_GttN1 : 234.8480353 (0.02)%
    B1tC2wN2hN1_B1tC2zC1wN1 : 234.6637575 (0.02)%
       GbwT1tN3wC1wN1_GttN1 : 234.4848408 (0.02)%
         QqGqqC1wN1_QqN2zN1 : 234.4846216 (0.02)%
QqGbtC2zC1wN1_QqGttN4wC1wN1 : 234.2571301 (0.02)%
          C2wN2hN1_C2wN2hN1 : 233.4693346 (0.02)%
    T2tN4wC1wN1_T2tN4wC1wN1 : 232.2021692 (0.02)%
         QqC1wN1_QqGqqN2zN1 : 231.4869829 (0.02)%
   QqGbtC1wN1_QqGttN4hN2hN1 : 231.0841240 (0.02)%
    GbbN3zN2hN1_GbtC2zC1wN1 : 230.0668106 (0.02)%
      QqGbtC2wN2zN1_QqGttN1 : 229.6782547 (0.02)%
      QqGttN4wC1wN1_QqN2hN1 : 228.9290869 (0.02)%
           GttN2zN1_QqC1wN1 : 228.2849110 (0.02)%
    GbtC2zC1wN1_GttN3zN2hN1 : 226.6820507 (0.02)%
          GbtC2wN2zN1_GqqN1 : 224.6692968 (0.02)%
             N2hN1_N3wC1wN1 : 223.9768313 (0.02)%
    T1bC2hC1wN1_T1tN3zN2hN1 : 223.5418462 (0.02)%
        GgN4wC1wN1_GqqC1wN1 : 222.2816335 (0.02)%
    GbwT1tN3wC1wN1_GqqC1wN1 : 221.9378731 (0.02)%
    B1tC2hC1wN1_B1tC2wN2hN1 : 221.4649859 (0.02)%
QqGbtC2hC1wN1_QqGttN4wC1wN1 : 221.0812294 (0.02)%
    T2bC2zC1wN1_T2tN4wC1wN1 : 220.4973561 (0.02)%
        GttN1_QqGbbN3zN2hN1 : 219.6140670 (0.02)%
        GbbN3zN2hN1_QqGttN1 : 219.6140670 (0.02)%
        GqqN2zN1_QqGbbN2hN1 : 219.3794568 (0.02)%
        GqqN2hN1_QqGbbN2zN1 : 219.3794568 (0.02)%
        GbbN2zN1_QqGqqN2hN1 : 219.3794568 (0.02)%
        GbbN2hN1_QqGqqN2zN1 : 219.3794568 (0.02)%
          GbtC2wN1_GbtC2wN1 : 218.9357794 (0.02)%
        GttN4wC1wN1_QqGqqN1 : 218.7373003 (0.02)%
        GqqN1_QqGttN4wC1wN1 : 218.7373003 (0.02)%
          T1tN1_T1tN3wC1wN1 : 218.5306112 (0.02)%
        GbtC1wN1_GgN3wC1wN1 : 218.4696605 (0.02)%
          GbbN2zN1_GbtC2wN1 : 218.4211699 (0.02)%
        GbtC1wN1_QqC2zC1wN1 : 218.3292369 (0.02)%
      QqGbtC2wN1_QqGqqN2hN1 : 217.8254881 (0.02)%
     GqqN2hN1_QqGbbN4wC1wN1 : 217.6006733 (0.02)%
     GbbN4wC1wN1_QqGqqN2hN1 : 217.6006733 (0.02)%
   QqGbtC2wN2zN1_QqGqqC1wN1 : 217.3884809 (0.02)%
             C2wN1_C2zC1wN1 : 217.1901190 (0.02)%
    GbbN3zN2hN1_GbtC2hC1wN1 : 217.1265964 (0.02)%
       GbbN4wC1wN1_GbtC2wN1 : 216.6501564 (0.02)%
        GttN1_QqGttN3zN2hN1 : 216.3830886 (0.02)%
        GttN3zN2hN1_QqGttN1 : 216.3830886 (0.02)%
        GttN2hN1_QqGbtC2wN1 : 214.8123905 (0.02)%
        GbtC2wN1_QqGttN2hN1 : 214.8123905 (0.02)%
    T1bC2wN2hN1_T1tN3zN2hN1 : 214.6001894 (0.02)%
    GbtC2hC1wN1_GttN3zN2hN1 : 213.9322139 (0.02)%
       GbbN2hN1_GbbN4hN2hN1 : 212.4966643 (0.02)%
QqGbtC2wN2hN1_QqGttN4wC1wN1 : 212.2379970 (0.02)%
          GqqN2hN1_GqqN2zN1 : 210.7000902 (0.02)%
         GgN4wC1wN1_QqC1wN1 : 209.2781854 (0.02)%
     GbwT1tN3wC1wN1_QqC1wN1 : 208.9545349 (0.02)%
    GbbN3zN2hN1_GbtC2wN2hN1 : 208.4415490 (0.02)%
    T2bC2hC1wN1_T2tN4wC1wN1 : 208.0953803 (0.02)%
     GqqC1wN1_QqGbbN3zN2hN1 : 207.8628143 (0.02)%
     GbbN3zN2hN1_QqGqqC1wN1 : 207.8628143 (0.02)%
    T2tN3wC1wN1_T2tN4wC1wN1 : 207.8560480 (0.02)%
        GttN4hN1_QqGbtC1wN1 : 207.7785695 (0.02)%
        GbtC1wN1_QqGttN4hN1 : 207.7785695 (0.02)%
        GbtC1wN1_QqC2hC1wN1 : 206.0492079 (0.02)%
     GqqN2zN1_QqGbtC2zC1wN1 : 205.6197070 (0.02)%
     GbtC2zC1wN1_QqGqqN2zN1 : 205.6197070 (0.02)%
   QqGbbN2hN1_QqGbbN3wC1wN1 : 205.6148350 (0.02)%
    GbtC2wN2hN1_GttN3zN2hN1 : 205.3749416 (0.02)%
             C2hC1wN1_C2wN1 : 204.9741603 (0.02)%
     GqqC1wN1_QqGttN3zN2hN1 : 204.8047212 (0.02)%
     GttN3zN2hN1_QqGqqC1wN1 : 204.8047212 (0.02)%
    GbtC1wN1_GbwT1bC2zC1wN1 : 204.7067420 (0.02)%
         QqGbbN1_QqGbbN2hN1 : 203.4325572 (0.02)%
   QqGbbN2hN1_QqGttN3wC1wN1 : 202.5898143 (0.02)%
        GbbN3zN1_QqGbtC1wN1 : 201.7167867 (0.02)%
        GbtC1wN1_QqGbbN3zN1 : 201.7167867 (0.02)%
           GqqN2hN1_QqN2zN1 : 200.9430055 (0.02)%
           GqqN2zN1_QqN2hN1 : 200.9430055 (0.02)%
    T2bC2wN2hN1_T2tN4wC1wN1 : 199.7715809 (0.02)%
    GbbN4hN2hN1_GbtC2zC1wN1 : 199.1686118 (0.02)%
        GbtC1wN1_QqGttN3zN1 : 198.7491144 (0.02)%
        GttN3zN1_QqGbtC1wN1 : 198.7491144 (0.02)%
        GbtC1wN1_QqC2wN2hN1 : 197.8072553 (0.02)%
             C1wN1_N3zN2hN1 : 197.6216848 (0.02)%
             C2wN1_C2wN2hN1 : 196.7752094 (0.02)%
             C2zC1wN1_N3zN1 : 195.9898351 (0.02)%
   QqGbbN3zN2hN1_QqGbtC1wN1 : 195.9116645 (0.02)%
             N3zN1_N4wC1wN1 : 194.9118702 (0.02)%
       GbbN3wC1wN1_GttN2hN1 : 194.7483750 (0.02)%
       T1bC1wN1_T1bC2wN2zN1 : 194.4843373 (0.02)%
     GqqN2zN1_QqGbtC2hC1wN1 : 194.0545315 (0.02)%
     GbtC2hC1wN1_QqGqqN2zN1 : 194.0545315 (0.02)%
    GbtC1wN1_GbwT1bC2hC1wN1 : 193.1929166 (0.02)%
   QqGbtC1wN1_QqGttN3zN2hN1 : 193.0293976 (0.02)%
QqGbbN3wC1wN1_QqGbtC2zC1wN1 : 192.7184192 (0.02)%
             GbbN1_GttN2hN1 : 192.6814276 (0.02)%
       GttN2hN1_GttN3wC1wN1 : 191.8832225 (0.02)%
      QqGbbN1_QqGbtC2zC1wN1 : 190.6730166 (0.02)%
        GttN1_QqGbbN4hN2hN1 : 190.1196819 (0.02)%
        GbbN4hN2hN1_QqGttN1 : 190.1196819 (0.02)%
      QqC1wN1_QqGbwT1bC1wN1 : 190.0517879 (0.02)%
QqGbtC2zC1wN1_QqGttN3wC1wN1 : 189.8831316 (0.02)%
             GttN1_GttN4hN1 : 188.5776809 (0.02)%
      QqGbbN3wC1wN1_QqN2hN1 : 188.3351500 (0.02)%
    GbbN4hN2hN1_GbtC2hC1wN1 : 187.9662811 (0.02)%
      QqC1wN1_QqGttN4hN2hN1 : 186.8945675 (0.02)%
            QqGbbN1_QqN2hN1 : 186.3362689 (0.02)%
     GqqN2hN1_QqGbtC2wN2zN1 : 186.2923649 (0.01)%
     GqqN2zN1_QqGbtC2wN2hN1 : 186.2923649 (0.01)%
     GbtC2wN2zN1_QqGqqN2hN1 : 186.2923649 (0.01)%
     GbtC2wN2hN1_QqGqqN2zN1 : 186.2923649 (0.01)%
      QqGttN3wC1wN1_QqN2hN1 : 185.5643494 (0.01)%
       GbtC2wN1_GbtC2wN2zN1 : 185.4786081 (0.01)%
    GbtC1wN1_GbwT1bC2wN2hN1 : 185.4652146 (0.01)%
             C2hC1wN1_N3zN1 : 184.9662962 (0.01)%
      QqGbbN2hN1_QqGbbN2zN1 : 184.9340456 (0.01)%
       B1bN2hN1_B1tC2zC1wN1 : 184.8793759 (0.01)%
   QqGbbN2hN1_QqGbbN4wC1wN1 : 183.4345541 (0.01)%
             GbbN3zN1_GttN1 : 183.0760696 (0.01)%
QqGbbN3wC1wN1_QqGbtC2hC1wN1 : 181.8788826 (0.01)%
     GbtC2wN1_QqGttN4wC1wN1 : 180.5813726 (0.01)%
     GttN4wC1wN1_QqGbtC2wN1 : 180.5813726 (0.01)%
    GbbN4hN2hN1_GbtC2wN2hN1 : 180.4476441 (0.01)%
             GttN1_GttN3zN1 : 180.3826409 (0.01)%
     GbbN2hN1_QqGbwT1bC1wN1 : 180.1114580 (0.01)%
     GbwT1bC1wN1_QqGbbN2hN1 : 180.1114580 (0.01)%
        GbbN3wC1wN1_QqGqqN1 : 179.9505813 (0.01)%
        GqqN1_QqGbbN3wC1wN1 : 179.9505813 (0.01)%
      QqGbbN1_QqGbtC2hC1wN1 : 179.9485246 (0.01)%
     GqqC1wN1_QqGbbN4hN2hN1 : 179.9466340 (0.01)%
     GbbN4hN2hN1_QqGqqC1wN1 : 179.9466340 (0.01)%
QqGbtC2hC1wN1_QqGttN3wC1wN1 : 179.2030670 (0.01)%
      QqGqqN2hN1_QqGqqN2hN1 : 178.8170294 (0.01)%
          GqqC1wN1_GttN4hN1 : 178.4871434 (0.01)%
              GqqN1_QqGbbN1 : 178.0406892 (0.01)%
              GbbN1_QqGqqN1 : 178.0406892 (0.01)%
             C2wN2hN1_N3zN1 : 177.5676584 (0.01)%
        GqqN1_QqGttN3wC1wN1 : 177.3031351 (0.01)%
        GttN3wC1wN1_QqGqqN1 : 177.3031351 (0.01)%
     GbbN2hN1_QqGttN4hN2hN1 : 177.1193705 (0.01)%
     GttN4hN2hN1_QqGbbN2hN1 : 177.1193705 (0.01)%
          C2wN2zN1_N4wC1wN1 : 176.9099319 (0.01)%
          GbbN2hN1_GttN2zN1 : 175.1605368 (0.01)%
          GbbN2zN1_GttN2hN1 : 175.1605368 (0.01)%
      QqGqqN2hN1_QqGttN2hN1 : 174.6828361 (0.01)%
QqGbbN3wC1wN1_QqGbtC2wN2hN1 : 174.6037411 (0.01)%
       B1bN2hN1_B1tC2hC1wN1 : 174.4807499 (0.01)%
       GbbN4wC1wN1_GttN2hN1 : 173.7402913 (0.01)%
   QqGbbN2zN1_QqGbtC2zC1wN1 : 173.3347545 (0.01)%
          GbbN3zN1_GqqC1wN1 : 173.2799159 (0.01)%
       GbwT1bC1wN1_GqqN2hN1 : 172.9856615 (0.01)%
      QqGbbN1_QqGbtC2wN2hN1 : 172.7505973 (0.01)%
        GttN2hN1_QqGttN2hN1 : 172.2665145 (0.01)%
QqGbtC2wN2hN1_QqGttN3wC1wN1 : 172.0349579 (0.01)%
QqGbbN4wC1wN1_QqGbtC2zC1wN1 : 171.9293129 (0.01)%
          C2wN2zN1_N3wC1wN1 : 171.8369251 (0.01)%
       B1bN3wC1wN1_B1tC1wN1 : 171.4618984 (0.01)%
             C2zC1wN1_N4hN1 : 170.9851474 (0.01)%
          GqqC1wN1_GttN3zN1 : 170.7306090 (0.01)%
       GqqN2hN1_GttN4hN2hN1 : 170.1119508 (0.01)%
   QqGbbN4hN2hN1_QqGbtC1wN1 : 169.6005353 (0.01)%
         QqGbbN2hN1_QqN2zN1 : 169.3923556 (0.01)%
         QqGbbN2zN1_QqN2hN1 : 169.3923556 (0.01)%
  GbwT1bC1wN1_QqGbtC2zC1wN1 : 168.8146454 (0.01)%
  GbtC2zC1wN1_QqGbwT1bC1wN1 : 168.8146454 (0.01)%
           GttN4hN1_QqC1wN1 : 168.0456676 (0.01)%
      QqGbbN4wC1wN1_QqN2hN1 : 168.0188800 (0.01)%
       B1bN2hN1_B1tC2wN2hN1 : 167.5015332 (0.01)%
  GttN4hN2hN1_QqGbtC2zC1wN1 : 166.0102254 (0.01)%
  GbtC2zC1wN1_QqGttN4hN2hN1 : 166.0102254 (0.01)%
             N3wC1wN1_N4hN1 : 165.1685688 (0.01)%
        GbwT1bC1wN1_QqN2hN1 : 164.9750538 (0.01)%
       GbtC2zC1wN1_GttN2zN1 : 164.1742521 (0.01)%
    GbbN3wC1wN1_GttN4wC1wN1 : 163.7146199 (0.01)%
   QqGbbN2zN1_QqGbtC2hC1wN1 : 163.5854610 (0.01)%
           GbbN3zN1_QqC1wN1 : 163.1430622 (0.01)%
    T2tN4hN2hN1_T2tN4wC1wN1 : 163.0042845 (0.01)%
     GbtC1wN1_QqGbwT1tN2hN1 : 162.3649759 (0.01)%
     GbwT1tN2hN1_QqGbtC1wN1 : 162.3649759 (0.01)%
QqGbbN4wC1wN1_QqGbtC2hC1wN1 : 162.2590692 (0.01)%
        GttN4hN2hN1_QqN2hN1 : 162.2344187 (0.01)%
          GbbN1_GttN4wC1wN1 : 161.9770470 (0.01)%
           GqqN1_QqGbbN2zN1 : 161.8511088 (0.01)%
           GbbN2zN1_QqGqqN1 : 161.8511088 (0.01)%
             C2hC1wN1_N4hN1 : 161.3680087 (0.01)%
    GttN3wC1wN1_GttN4wC1wN1 : 161.3060384 (0.01)%
           GttN3zN1_QqC1wN1 : 160.7428894 (0.01)%
         QqGbtC2wN1_QqGqqN1 : 160.7046407 (0.01)%
                 GttN1_QqN1 : 160.5779401 (0.01)%
        GbbN2hN1_GgN4wC1wN1 : 160.5768824 (0.01)%
        GbbN4wC1wN1_QqGqqN1 : 160.5387795 (0.01)%
        GqqN1_QqGbbN4wC1wN1 : 160.5387795 (0.01)%
    GbbN2hN1_GbwT1tN3wC1wN1 : 160.3285488 (0.01)%
       T1bC1wN1_T1tN3zN2zN1 : 160.1912815 (0.01)%
  GbwT1bC1wN1_QqGbtC2hC1wN1 : 159.3195876 (0.01)%
  GbtC2hC1wN1_QqGbwT1bC1wN1 : 159.3195876 (0.01)%
         QqGqqN2zN1_QqGttN1 : 158.9134283 (0.01)%
      QqGbtC2zC1wN1_QqN2zN1 : 158.7678583 (0.01)%
    T1bC2zC1wN1_T1bC2zC1wN1 : 158.7030308 (0.01)%
      QqC1wN1_QqGbbN3zN2hN1 : 158.4480369 (0.01)%
          T1bC2wN1_T1tN2hN1 : 157.1249790 (0.01)%
        GbtC1wN1_QqN4wC1wN1 : 157.0697901 (0.01)%
   QqGbbN2zN1_QqGbtC2wN2hN1 : 157.0420550 (0.01)%
   QqGbbN2hN1_QqGbtC2wN2zN1 : 157.0420550 (0.01)%
           GttN1_QqGttN2zN1 : 156.7152390 (0.01)%
           GttN2zN1_QqGttN1 : 156.7152390 (0.01)%
  GttN4hN2hN1_QqGbtC2hC1wN1 : 156.6729035 (0.01)%
  GbtC2hC1wN1_QqGttN4hN2hN1 : 156.6729035 (0.01)%
          T1tN2hN1_T1tN3zN1 : 156.6142995 (0.01)%
      QqC1wN1_QqGttN3zN2hN1 : 156.1169377 (0.01)%
QqGbbN4wC1wN1_QqGbtC2wN2hN1 : 155.7687187 (0.01)%
             GqqN1_GqqN2zN1 : 155.4477512 (0.01)%
            QqN2hN1_QqN2zN1 : 155.1567751 (0.01)%
       GbtC2hC1wN1_GttN2zN1 : 154.9401954 (0.01)%
             C2wN2hN1_N4hN1 : 154.9133006 (0.01)%
  GbwT1bC1wN1_QqGbtC2wN2hN1 : 152.9468162 (0.01)%
  GbtC2wN2hN1_QqGbwT1bC1wN1 : 152.9468162 (0.01)%
    GbtC1wN1_GbwT1tN3zN2hN1 : 152.7624836 (0.01)%
        GbbN4hN1_QqGbtC1wN1 : 152.4957925 (0.01)%
        GbtC1wN1_QqGbbN4hN1 : 152.4957925 (0.01)%
              GqqC1wN1_QqN1 : 151.9856310 (0.01)%
       T1tN2zN1_T1tN3wC1wN1 : 151.5598049 (0.01)%
     GbtC2zC1wN1_GgN4wC1wN1 : 150.5053025 (0.01)%
      QqGqqC1wN1_QqGqqN2zN1 : 150.4101850 (0.01)%
  GttN4hN2hN1_QqGbtC2wN2hN1 : 150.4059993 (0.01)%
  GbtC2wN2hN1_QqGttN4hN2hN1 : 150.4059993 (0.01)%
 GbtC2zC1wN1_GbwT1tN3wC1wN1 : 150.2725447 (0.01)%
     GbbN2hN1_QqGbbN3zN2hN1 : 150.1606865 (0.01)%
     GbbN3zN2hN1_QqGbbN2hN1 : 150.1606865 (0.01)%
      QqGbtC2hC1wN1_QqN2zN1 : 149.8378867 (0.01)%
       GbtC2wN2hN1_GttN2zN1 : 148.7425993 (0.01)%
       GbtC2wN2zN1_GttN2hN1 : 148.7425993 (0.01)%
     GbtC2wN1_QqGbbN3wC1wN1 : 148.5605013 (0.01)%
     GbbN3wC1wN1_QqGbtC2wN1 : 148.5605013 (0.01)%
        GbtC1wN1_GgN4hN2hN1 : 148.4667125 (0.01)%
        GqqC1wN1_QqGttN2zN1 : 148.3296178 (0.01)%
        GttN2zN1_QqGqqC1wN1 : 148.3296178 (0.01)%
              GqqN1_QqN2zN1 : 148.2492879 (0.01)%
     GbbN2hN1_QqGttN3zN2hN1 : 147.9515114 (0.01)%
     GttN3zN2hN1_QqGbbN2hN1 : 147.9515114 (0.01)%
          GbwT1tN2hN1_GttN1 : 147.3607730 (0.01)%
       GbbN2zN1_GttN4wC1wN1 : 147.2481643 (0.01)%
QqGbtC2wN2zN1_QqGbtC2zC1wN1 : 147.1921838 (0.01)%
           GbbN1_QqGbtC2wN1 : 146.9837654 (0.01)%
           GbtC2wN1_QqGbbN1 : 146.9837654 (0.01)%
   QqGqqN2hN1_QqGttN4wC1wN1 : 146.8465867 (0.01)%
             C2wN1_N3zN2hN1 : 146.7343971 (0.01)%
             C2wN1_N4hN2hN1 : 146.5911920 (0.01)%
     GbtC2wN1_QqGttN3wC1wN1 : 146.3748682 (0.01)%
     GttN3wC1wN1_QqGbtC2wN1 : 146.3748682 (0.01)%
    GbbN4wC1wN1_GttN4wC1wN1 : 146.0542393 (0.01)%
     GttN2hN1_QqGttN4wC1wN1 : 144.8153134 (0.01)%
     GttN4wC1wN1_QqGttN2hN1 : 144.8153134 (0.01)%
       GbbN3zN2hN1_GqqN2hN1 : 144.2198401 (0.01)%
      QqGbtC2wN2hN1_QqN2zN1 : 143.8443826 (0.01)%
      QqGbtC2wN2zN1_QqN2hN1 : 143.8443826 (0.01)%
         GttN1_QqGgN4wC1wN1 : 143.6673177 (0.01)%
         GgN4wC1wN1_QqGttN1 : 143.6673177 (0.01)%
     GbwT1tN3wC1wN1_QqGttN1 : 143.4451350 (0.01)%
     GttN1_QqGbwT1tN3wC1wN1 : 143.4451350 (0.01)%
            QqGbtC1wN1_QqN1 : 143.2471606 (0.01)%
    T1tN3wC1wN1_T1tN4wC1wN1 : 142.4355903 (0.01)%
       GqqN2hN1_GttN3zN2hN1 : 142.0980672 (0.01)%
     GbtC2hC1wN1_GgN4wC1wN1 : 142.0400621 (0.01)%
 GbtC2hC1wN1_GbwT1tN3wC1wN1 : 141.8203959 (0.01)%
    T1bC2hC1wN1_T1bC2hC1wN1 : 141.3524454 (0.01)%
          GttN2hN1_GttN2hN1 : 140.7990805 (0.01)%
  GbtC2zC1wN1_QqGbbN3zN2hN1 : 140.7424232 (0.01)%
  GbbN3zN2hN1_QqGbtC2zC1wN1 : 140.7424232 (0.01)%
          B1tC1wN1_B1tC2wN1 : 140.6065387 (0.01)%
       B1bN4wC1wN1_B1tC1wN1 : 140.4296174 (0.01)%
      QqGbtC1wN1_QqGttN2zN1 : 139.8013512 (0.01)%
       GbwT1tN2hN1_GqqC1wN1 : 139.4756967 (0.01)%
QqGbtC2hC1wN1_QqGbtC2wN2zN1 : 138.9132914 (0.01)%
  GttN3zN2hN1_QqGbtC2zC1wN1 : 138.6718103 (0.01)%
  GbtC2zC1wN1_QqGttN3zN2hN1 : 138.6718103 (0.01)%
             GbbN4hN1_GttN1 : 138.4036042 (0.01)%
        GbbN3zN2hN1_QqN2hN1 : 137.5413181 (0.01)%
        GbtC2wN2zN1_QqGqqN1 : 137.4405164 (0.01)%
        GqqN1_QqGbtC2wN2zN1 : 137.4405164 (0.01)%
             T1tN1_T1tN2hN1 : 137.3344208 (0.01)%
      QqC1wN1_QqGbbN4hN2hN1 : 137.1683098 (0.01)%
     GbtC2wN2hN1_GgN4wC1wN1 : 136.3584704 (0.01)%
 GbtC2wN2hN1_GbwT1tN3wC1wN1 : 136.1475909 (0.01)%
       GbtC1wN1_GttN4hN2zN1 : 136.1432016 (0.01)%
      GqqC1wN1_QqGgN4wC1wN1 : 135.9798732 (0.01)%
      GgN4wC1wN1_QqGqqC1wN1 : 135.9798732 (0.01)%
  GqqC1wN1_QqGbwT1tN3wC1wN1 : 135.7695792 (0.01)%
  GbwT1tN3wC1wN1_QqGqqC1wN1 : 135.7695792 (0.01)%
        GttN3zN2hN1_QqN2hN1 : 135.5178000 (0.01)%
          N3zN2hN1_N4hN2hN1 : 134.1524358 (0.01)%
      GgN3wC1wN1_QqGbtC1wN1 : 133.6479144 (0.01)%
      GbtC1wN1_QqGgN3wC1wN1 : 133.6479144 (0.01)%
        GbbN2zN1_QqGbtC2wN1 : 133.6182505 (0.01)%
        GbtC2wN1_QqGbbN2zN1 : 133.6182505 (0.01)%
QqGbtC2wN2hN1_QqGbtC2wN2zN1 : 133.3567703 (0.01)%
          GbbN1_GbbN3wC1wN1 : 133.2551134 (0.01)%
  GbbN3zN2hN1_QqGbtC2hC1wN1 : 132.8263005 (0.01)%
  GbtC2hC1wN1_QqGbbN3zN2hN1 : 132.8263005 (0.01)%
    GbbN3wC1wN1_GttN3wC1wN1 : 132.7030887 (0.01)%
     GbtC2wN1_QqGbbN4wC1wN1 : 132.5348403 (0.01)%
     GbbN4wC1wN1_QqGbtC2wN1 : 132.5348403 (0.01)%
        GbwT1tN2hN1_QqC1wN1 : 131.3163857 (0.01)%
          GbbN1_GttN3wC1wN1 : 131.2946544 (0.01)%
          GbbN4hN1_GqqC1wN1 : 130.9978139 (0.01)%
  GttN3zN2hN1_QqGbtC2hC1wN1 : 130.8721502 (0.01)%
  GbtC2hC1wN1_QqGttN3zN2hN1 : 130.8721502 (0.01)%
      QqGbwT1bC1wN1_QqGttN1 : 130.4685940 (0.01)%
    T1bC2wN2hN1_T1bC2wN2hN1 : 130.2704343 (0.01)%
     GbbN2hN1_QqGbbN4hN2hN1 : 129.9939587 (0.01)%
     GbbN4hN2hN1_QqGbbN2hN1 : 129.9939587 (0.01)%
    B1tC2zC1wN1_B1tC2zC1wN1 : 129.5047520 (0.01)%
          GbbN2hN1_GttN4hN1 : 128.9396185 (0.01)%
------------------------------------------------------------
                                          SUM=90.01%
