/Users/rafalmaselek/Projects/fastlim-1.0
 
#################################################################
#                                                               #
#                                                               #
#                     This is Fastlim  ver. 1.0                 #
#                                                               #
#          A fast LHC limit calculator for BSM models.          #
#                                                               #
#                  http://cern.ch/fastlim-1.0/                  #
#                                                               #
#  for bugs/feature requests: fastlim-1.0.developers@gmail.com  #
#                                                               #
#    please refer to:                                           #
#    M.Papucci, K.Sakurai, A.Weiler, L.Zeune arXiv:1402.xxxx    #
#                                                               #
#################################################################
 

!! Masses incompatible with the data for ERER !!

!! Problem with reading tables for ER ER !! Probably mass outside the table !! Setting xsec to 10^-20 !!

!! Masses incompatible with the data for ELEL !!

!! Problem with reading tables for EL EL !! Probably mass outside the table !! Setting xsec to 10^-20 !!

!! Masses incompatible with the data for TAU1TAU1 !!

!! Problem with reading tables for TAU1 TAU1 !! Probably mass outside the table !! Setting xsec to 10^-20 !!

!! Masses incompatible with the data for TAU2TAU2 !!

!! Problem with reading tables for TAU2 TAU2 !! Probably mass outside the table !! Setting xsec to 10^-20 !!
Decoupling mG=2464.95754 GeV; mQ=3071.551765 GeV

!! Masses incompatible with the data for QQ !!

!! Problem with reading tables for Q Q !! Probably mass outside the table !! Setting xsec to 10^-20 !!

!! Masses incompatible with the data for GQ !!

!! Problem with reading tables for G Q !! Probably mass outside the table !! Setting xsec to 10^-20 !!
!!! THERE IS MASS SHIFTING IN EWKfast --------------------------------------------------------
Energy  Precision  PDF  Process
13      LO    NNPDF30           C1C1       0.7926109443445243 
13      LO    NNPDF30           C1+C2-     0.00015654907462624878 # mass is shifted in the grid
13      LO    NNPDF30           C1-C2+     0.00015654573414587908 # mass is shifted in the grid
13      LO    NNPDF30           C2C2       0.01323364550840718 # mass is shifted in the grid
13      LO    NNPDF30           N1N1       0.010530072878910014 
13      LO    NNPDF30           N1N2       0.0012399498249689245 
13      LO    NNPDF30           N1N3       5.6830683764439806e-05 # mass is shifted in the grid
13      LO    NNPDF30           N1N4       1.8598245225054764e-05 # mass is shifted in the grid
13      LO    NNPDF30           N2N2       0.007456292417325494 
13      LO    NNPDF30           N2N3       0.0001110185479202793 # mass is shifted in the grid
13      LO    NNPDF30           N2N4       3.58909227013153e-05 # mass is shifted in the grid
13      LO    NNPDF30           N3N3       1.1885672859026054e-09 # mass is shifted in the grid
13      LO    NNPDF30           N3N4       0.002264248701009326 # mass is shifted in the grid
13      LO    NNPDF30           N4N4       4.479013372406639e-08 # mass is shifted in the grid
13      LO    NNPDF30           N1C1+      0.0023663086075301674 
13      LO    NNPDF30           N2C1+      1.239827428634157  
13      LO    NNPDF30           N3C1+      0.00018337915852166203 # mass is shifted in the grid
13      LO    NNPDF30           N4C1+      0.00011785498649117213 # mass is shifted in the grid
13      LO    NNPDF30           N1C1-      0.0008364016015332967 
13      LO    NNPDF30           N2C1-      0.4320573384898715 
13      LO    NNPDF30           N3C1-      6.063485779961522e-05 # mass is shifted in the grid
13      LO    NNPDF30           N4C1-      3.8698617447138416e-05 # mass is shifted in the grid
13      LO    NNPDF30           N1C2+      0.00029607768253377863 # mass is shifted in the grid
13      LO    NNPDF30           N2C2+      0.00011277970858879904 # mass is shifted in the grid
13      LO    NNPDF30           N3C2+      0.003185946674988393 # mass is shifted in the grid
13      LO    NNPDF30           N4C2+      0.016340940317609628 # mass is shifted in the grid
13      LO    NNPDF30           N1C2-      9.93961710725489e-05 # mass is shifted in the grid
13      LO    NNPDF30           N2C2-      3.7031288078809775e-05 # mass is shifted in the grid
13      LO    NNPDF30           N3C2-      0.001101680579994381 # mass is shifted in the grid
13      LO    NNPDF30           N4C2-      0.005492357423563459 # mass is shifted in the grid

SLHA file: /Users/rafalmaselek/Projects/CheckMateCalculations/UML/SLHA_FIX/cmssm_2309_1085_5_-1085_1.slha
Input file: /Users/rafalmaselek/ScienceSoft/EWKfast_LO/input_default.dat
Sort: OFF 
Cut: -1 
Unit: fb 
ScaleVariation: OFF 

mC2 = 1539.19634 is out of range. |mC2| = 1500 was used.
mN3 = -1532.55014 is out of range. |mN3| = 1500 was used.
mN4 = 1539.31696 is out of range. |mN4| = 1500 was used.

-----------------------------------------------------------------------------------------------
!!! THERE IS MASS SHIFTING IN EWKfast --------------------------------------------------------
Energy  Precision  PDF  Process
13      LO    NNPDF30           C1C1       0.7926109443445243 
13      LO    NNPDF30           C1+C2-     0.00015654907462624878 # mass is shifted in the grid
13      LO    NNPDF30           C1-C2+     0.00015654573414587908 # mass is shifted in the grid
13      LO    NNPDF30           C2C2       0.01323364550840718 # mass is shifted in the grid
13      LO    NNPDF30           N1N1       0.010530072878910014 
13      LO    NNPDF30           N1N2       0.0012399498249689245 
13      LO    NNPDF30           N1N3       5.6830683764439806e-05 # mass is shifted in the grid
13      LO    NNPDF30           N1N4       1.8598245225054764e-05 # mass is shifted in the grid
13      LO    NNPDF30           N2N2       0.007456292417325494 
13      LO    NNPDF30           N2N3       0.0001110185479202793 # mass is shifted in the grid
13      LO    NNPDF30           N2N4       3.58909227013153e-05 # mass is shifted in the grid
13      LO    NNPDF30           N3N3       1.1885672859026054e-09 # mass is shifted in the grid
13      LO    NNPDF30           N3N4       0.002264248701009326 # mass is shifted in the grid
13      LO    NNPDF30           N4N4       4.479013372406639e-08 # mass is shifted in the grid
13      LO    NNPDF30           N1C1+      0.0023663086075301674 
13      LO    NNPDF30           N2C1+      1.239827428634157  
13      LO    NNPDF30           N3C1+      0.00018337915852166203 # mass is shifted in the grid
13      LO    NNPDF30           N4C1+      0.00011785498649117213 # mass is shifted in the grid
13      LO    NNPDF30           N1C1-      0.0008364016015332967 
13      LO    NNPDF30           N2C1-      0.4320573384898715 
13      LO    NNPDF30           N3C1-      6.063485779961522e-05 # mass is shifted in the grid
13      LO    NNPDF30           N4C1-      3.8698617447138416e-05 # mass is shifted in the grid
13      LO    NNPDF30           N1C2+      0.00029607768253377863 # mass is shifted in the grid
13      LO    NNPDF30           N2C2+      0.00011277970858879904 # mass is shifted in the grid
13      LO    NNPDF30           N3C2+      0.003185946674988393 # mass is shifted in the grid
13      LO    NNPDF30           N4C2+      0.016340940317609628 # mass is shifted in the grid
13      LO    NNPDF30           N1C2-      9.93961710725489e-05 # mass is shifted in the grid
13      LO    NNPDF30           N2C2-      3.7031288078809775e-05 # mass is shifted in the grid
13      LO    NNPDF30           N3C2-      0.001101680579994381 # mass is shifted in the grid
13      LO    NNPDF30           N4C2-      0.005492357423563459 # mass is shifted in the grid

SLHA file: /Users/rafalmaselek/Projects/CheckMateCalculations/UML/SLHA_FIX/cmssm_2309_1085_5_-1085_1.slha
Input file: /Users/rafalmaselek/ScienceSoft/EWKfast_LO/input_default.dat
Sort: OFF 
Cut: -1 
Unit: fb 
ScaleVariation: OFF 

mC2 = 1539.19634 is out of range. |mC2| = 1500 was used.
mN3 = -1532.55014 is out of range. |mN3| = 1500 was used.
mN4 = 1539.31696 is out of range. |mN4| = 1500 was used.

-----------------------------------------------------------------------------------------------
!! EWK PROCESS C1C2 NOT FOUND !! WILL TRY TO LOOK FOR +/- MODES !!
XSEC FOUND FOR: C1-C2+
XSEC FOUND FOR: C1+C2-
!!! THERE IS MASS SHIFTING IN EWKfast --------------------------------------------------------
Energy  Precision  PDF  Process
13      LO    NNPDF30           C1C1       0.7926109443445243 
13      LO    NNPDF30           C1+C2-     0.00015654907462624878 # mass is shifted in the grid
13      LO    NNPDF30           C1-C2+     0.00015654573414587908 # mass is shifted in the grid
13      LO    NNPDF30           C2C2       0.01323364550840718 # mass is shifted in the grid
13      LO    NNPDF30           N1N1       0.010530072878910014 
13      LO    NNPDF30           N1N2       0.0012399498249689245 
13      LO    NNPDF30           N1N3       5.6830683764439806e-05 # mass is shifted in the grid
13      LO    NNPDF30           N1N4       1.8598245225054764e-05 # mass is shifted in the grid
13      LO    NNPDF30           N2N2       0.007456292417325494 
13      LO    NNPDF30           N2N3       0.0001110185479202793 # mass is shifted in the grid
13      LO    NNPDF30           N2N4       3.58909227013153e-05 # mass is shifted in the grid
13      LO    NNPDF30           N3N3       1.1885672859026054e-09 # mass is shifted in the grid
13      LO    NNPDF30           N3N4       0.002264248701009326 # mass is shifted in the grid
13      LO    NNPDF30           N4N4       4.479013372406639e-08 # mass is shifted in the grid
13      LO    NNPDF30           N1C1+      0.0023663086075301674 
13      LO    NNPDF30           N2C1+      1.239827428634157  
13      LO    NNPDF30           N3C1+      0.00018337915852166203 # mass is shifted in the grid
13      LO    NNPDF30           N4C1+      0.00011785498649117213 # mass is shifted in the grid
13      LO    NNPDF30           N1C1-      0.0008364016015332967 
13      LO    NNPDF30           N2C1-      0.4320573384898715 
13      LO    NNPDF30           N3C1-      6.063485779961522e-05 # mass is shifted in the grid
13      LO    NNPDF30           N4C1-      3.8698617447138416e-05 # mass is shifted in the grid
13      LO    NNPDF30           N1C2+      0.00029607768253377863 # mass is shifted in the grid
13      LO    NNPDF30           N2C2+      0.00011277970858879904 # mass is shifted in the grid
13      LO    NNPDF30           N3C2+      0.003185946674988393 # mass is shifted in the grid
13      LO    NNPDF30           N4C2+      0.016340940317609628 # mass is shifted in the grid
13      LO    NNPDF30           N1C2-      9.93961710725489e-05 # mass is shifted in the grid
13      LO    NNPDF30           N2C2-      3.7031288078809775e-05 # mass is shifted in the grid
13      LO    NNPDF30           N3C2-      0.001101680579994381 # mass is shifted in the grid
13      LO    NNPDF30           N4C2-      0.005492357423563459 # mass is shifted in the grid

SLHA file: /Users/rafalmaselek/Projects/CheckMateCalculations/UML/SLHA_FIX/cmssm_2309_1085_5_-1085_1.slha
Input file: /Users/rafalmaselek/ScienceSoft/EWKfast_LO/input_default.dat
Sort: OFF 
Cut: -1 
Unit: fb 
ScaleVariation: OFF 

mC2 = 1539.19634 is out of range. |mC2| = 1500 was used.
mN3 = -1532.55014 is out of range. |mN3| = 1500 was used.
mN4 = 1539.31696 is out of range. |mN4| = 1500 was used.

-----------------------------------------------------------------------------------------------
!!! THERE IS MASS SHIFTING IN EWKfast --------------------------------------------------------
Energy  Precision  PDF  Process
13      LO    NNPDF30           C1C1       0.7926109443445243 
13      LO    NNPDF30           C1+C2-     0.00015654907462624878 # mass is shifted in the grid
13      LO    NNPDF30           C1-C2+     0.00015654573414587908 # mass is shifted in the grid
13      LO    NNPDF30           C2C2       0.01323364550840718 # mass is shifted in the grid
13      LO    NNPDF30           N1N1       0.010530072878910014 
13      LO    NNPDF30           N1N2       0.0012399498249689245 
13      LO    NNPDF30           N1N3       5.6830683764439806e-05 # mass is shifted in the grid
13      LO    NNPDF30           N1N4       1.8598245225054764e-05 # mass is shifted in the grid
13      LO    NNPDF30           N2N2       0.007456292417325494 
13      LO    NNPDF30           N2N3       0.0001110185479202793 # mass is shifted in the grid
13      LO    NNPDF30           N2N4       3.58909227013153e-05 # mass is shifted in the grid
13      LO    NNPDF30           N3N3       1.1885672859026054e-09 # mass is shifted in the grid
13      LO    NNPDF30           N3N4       0.002264248701009326 # mass is shifted in the grid
13      LO    NNPDF30           N4N4       4.479013372406639e-08 # mass is shifted in the grid
13      LO    NNPDF30           N1C1+      0.0023663086075301674 
13      LO    NNPDF30           N2C1+      1.239827428634157  
13      LO    NNPDF30           N3C1+      0.00018337915852166203 # mass is shifted in the grid
13      LO    NNPDF30           N4C1+      0.00011785498649117213 # mass is shifted in the grid
13      LO    NNPDF30           N1C1-      0.0008364016015332967 
13      LO    NNPDF30           N2C1-      0.4320573384898715 
13      LO    NNPDF30           N3C1-      6.063485779961522e-05 # mass is shifted in the grid
13      LO    NNPDF30           N4C1-      3.8698617447138416e-05 # mass is shifted in the grid
13      LO    NNPDF30           N1C2+      0.00029607768253377863 # mass is shifted in the grid
13      LO    NNPDF30           N2C2+      0.00011277970858879904 # mass is shifted in the grid
13      LO    NNPDF30           N3C2+      0.003185946674988393 # mass is shifted in the grid
13      LO    NNPDF30           N4C2+      0.016340940317609628 # mass is shifted in the grid
13      LO    NNPDF30           N1C2-      9.93961710725489e-05 # mass is shifted in the grid
13      LO    NNPDF30           N2C2-      3.7031288078809775e-05 # mass is shifted in the grid
13      LO    NNPDF30           N3C2-      0.001101680579994381 # mass is shifted in the grid
13      LO    NNPDF30           N4C2-      0.005492357423563459 # mass is shifted in the grid

SLHA file: /Users/rafalmaselek/Projects/CheckMateCalculations/UML/SLHA_FIX/cmssm_2309_1085_5_-1085_1.slha
Input file: /Users/rafalmaselek/ScienceSoft/EWKfast_LO/input_default.dat
Sort: OFF 
Cut: -1 
Unit: fb 
ScaleVariation: OFF 

mC2 = 1539.19634 is out of range. |mC2| = 1500 was used.
mN3 = -1532.55014 is out of range. |mN3| = 1500 was used.
mN4 = 1539.31696 is out of range. |mN4| = 1500 was used.

-----------------------------------------------------------------------------------------------
!! EWK PROCESS C1N1 NOT FOUND !! WILL TRY TO LOOK FOR +/- MODES !!
XSEC FOUND FOR: C1+N1
XSEC FOUND FOR: C1-N1
!!! THERE IS MASS SHIFTING IN EWKfast --------------------------------------------------------
Energy  Precision  PDF  Process
13      LO    NNPDF30           C1C1       0.7926109443445243 
13      LO    NNPDF30           C1+C2-     0.00015654907462624878 # mass is shifted in the grid
13      LO    NNPDF30           C1-C2+     0.00015654573414587908 # mass is shifted in the grid
13      LO    NNPDF30           C2C2       0.01323364550840718 # mass is shifted in the grid
13      LO    NNPDF30           N1N1       0.010530072878910014 
13      LO    NNPDF30           N1N2       0.0012399498249689245 
13      LO    NNPDF30           N1N3       5.6830683764439806e-05 # mass is shifted in the grid
13      LO    NNPDF30           N1N4       1.8598245225054764e-05 # mass is shifted in the grid
13      LO    NNPDF30           N2N2       0.007456292417325494 
13      LO    NNPDF30           N2N3       0.0001110185479202793 # mass is shifted in the grid
13      LO    NNPDF30           N2N4       3.58909227013153e-05 # mass is shifted in the grid
13      LO    NNPDF30           N3N3       1.1885672859026054e-09 # mass is shifted in the grid
13      LO    NNPDF30           N3N4       0.002264248701009326 # mass is shifted in the grid
13      LO    NNPDF30           N4N4       4.479013372406639e-08 # mass is shifted in the grid
13      LO    NNPDF30           N1C1+      0.0023663086075301674 
13      LO    NNPDF30           N2C1+      1.239827428634157  
13      LO    NNPDF30           N3C1+      0.00018337915852166203 # mass is shifted in the grid
13      LO    NNPDF30           N4C1+      0.00011785498649117213 # mass is shifted in the grid
13      LO    NNPDF30           N1C1-      0.0008364016015332967 
13      LO    NNPDF30           N2C1-      0.4320573384898715 
13      LO    NNPDF30           N3C1-      6.063485779961522e-05 # mass is shifted in the grid
13      LO    NNPDF30           N4C1-      3.8698617447138416e-05 # mass is shifted in the grid
13      LO    NNPDF30           N1C2+      0.00029607768253377863 # mass is shifted in the grid
13      LO    NNPDF30           N2C2+      0.00011277970858879904 # mass is shifted in the grid
13      LO    NNPDF30           N3C2+      0.003185946674988393 # mass is shifted in the grid
13      LO    NNPDF30           N4C2+      0.016340940317609628 # mass is shifted in the grid
13      LO    NNPDF30           N1C2-      9.93961710725489e-05 # mass is shifted in the grid
13      LO    NNPDF30           N2C2-      3.7031288078809775e-05 # mass is shifted in the grid
13      LO    NNPDF30           N3C2-      0.001101680579994381 # mass is shifted in the grid
13      LO    NNPDF30           N4C2-      0.005492357423563459 # mass is shifted in the grid

SLHA file: /Users/rafalmaselek/Projects/CheckMateCalculations/UML/SLHA_FIX/cmssm_2309_1085_5_-1085_1.slha
Input file: /Users/rafalmaselek/ScienceSoft/EWKfast_LO/input_default.dat
Sort: OFF 
Cut: -1 
Unit: fb 
ScaleVariation: OFF 

mC2 = 1539.19634 is out of range. |mC2| = 1500 was used.
mN3 = -1532.55014 is out of range. |mN3| = 1500 was used.
mN4 = 1539.31696 is out of range. |mN4| = 1500 was used.

-----------------------------------------------------------------------------------------------
!! EWK PROCESS C1N2 NOT FOUND !! WILL TRY TO LOOK FOR +/- MODES !!
XSEC FOUND FOR: C1+N2
XSEC FOUND FOR: C1-N2
!!! THERE IS MASS SHIFTING IN EWKfast --------------------------------------------------------
Energy  Precision  PDF  Process
13      LO    NNPDF30           C1C1       0.7926109443445243 
13      LO    NNPDF30           C1+C2-     0.00015654907462624878 # mass is shifted in the grid
13      LO    NNPDF30           C1-C2+     0.00015654573414587908 # mass is shifted in the grid
13      LO    NNPDF30           C2C2       0.01323364550840718 # mass is shifted in the grid
13      LO    NNPDF30           N1N1       0.010530072878910014 
13      LO    NNPDF30           N1N2       0.0012399498249689245 
13      LO    NNPDF30           N1N3       5.6830683764439806e-05 # mass is shifted in the grid
13      LO    NNPDF30           N1N4       1.8598245225054764e-05 # mass is shifted in the grid
13      LO    NNPDF30           N2N2       0.007456292417325494 
13      LO    NNPDF30           N2N3       0.0001110185479202793 # mass is shifted in the grid
13      LO    NNPDF30           N2N4       3.58909227013153e-05 # mass is shifted in the grid
13      LO    NNPDF30           N3N3       1.1885672859026054e-09 # mass is shifted in the grid
13      LO    NNPDF30           N3N4       0.002264248701009326 # mass is shifted in the grid
13      LO    NNPDF30           N4N4       4.479013372406639e-08 # mass is shifted in the grid
13      LO    NNPDF30           N1C1+      0.0023663086075301674 
13      LO    NNPDF30           N2C1+      1.239827428634157  
13      LO    NNPDF30           N3C1+      0.00018337915852166203 # mass is shifted in the grid
13      LO    NNPDF30           N4C1+      0.00011785498649117213 # mass is shifted in the grid
13      LO    NNPDF30           N1C1-      0.0008364016015332967 
13      LO    NNPDF30           N2C1-      0.4320573384898715 
13      LO    NNPDF30           N3C1-      6.063485779961522e-05 # mass is shifted in the grid
13      LO    NNPDF30           N4C1-      3.8698617447138416e-05 # mass is shifted in the grid
13      LO    NNPDF30           N1C2+      0.00029607768253377863 # mass is shifted in the grid
13      LO    NNPDF30           N2C2+      0.00011277970858879904 # mass is shifted in the grid
13      LO    NNPDF30           N3C2+      0.003185946674988393 # mass is shifted in the grid
13      LO    NNPDF30           N4C2+      0.016340940317609628 # mass is shifted in the grid
13      LO    NNPDF30           N1C2-      9.93961710725489e-05 # mass is shifted in the grid
13      LO    NNPDF30           N2C2-      3.7031288078809775e-05 # mass is shifted in the grid
13      LO    NNPDF30           N3C2-      0.001101680579994381 # mass is shifted in the grid
13      LO    NNPDF30           N4C2-      0.005492357423563459 # mass is shifted in the grid

SLHA file: /Users/rafalmaselek/Projects/CheckMateCalculations/UML/SLHA_FIX/cmssm_2309_1085_5_-1085_1.slha
Input file: /Users/rafalmaselek/ScienceSoft/EWKfast_LO/input_default.dat
Sort: OFF 
Cut: -1 
Unit: fb 
ScaleVariation: OFF 

mC2 = 1539.19634 is out of range. |mC2| = 1500 was used.
mN3 = -1532.55014 is out of range. |mN3| = 1500 was used.
mN4 = 1539.31696 is out of range. |mN4| = 1500 was used.

-----------------------------------------------------------------------------------------------
!! EWK PROCESS C1N3 NOT FOUND !! WILL TRY TO LOOK FOR +/- MODES !!
XSEC FOUND FOR: C1+N3
XSEC FOUND FOR: C1-N3
!!! THERE IS MASS SHIFTING IN EWKfast --------------------------------------------------------
Energy  Precision  PDF  Process
13      LO    NNPDF30           C1C1       0.7926109443445243 
13      LO    NNPDF30           C1+C2-     0.00015654907462624878 # mass is shifted in the grid
13      LO    NNPDF30           C1-C2+     0.00015654573414587908 # mass is shifted in the grid
13      LO    NNPDF30           C2C2       0.01323364550840718 # mass is shifted in the grid
13      LO    NNPDF30           N1N1       0.010530072878910014 
13      LO    NNPDF30           N1N2       0.0012399498249689245 
13      LO    NNPDF30           N1N3       5.6830683764439806e-05 # mass is shifted in the grid
13      LO    NNPDF30           N1N4       1.8598245225054764e-05 # mass is shifted in the grid
13      LO    NNPDF30           N2N2       0.007456292417325494 
13      LO    NNPDF30           N2N3       0.0001110185479202793 # mass is shifted in the grid
13      LO    NNPDF30           N2N4       3.58909227013153e-05 # mass is shifted in the grid
13      LO    NNPDF30           N3N3       1.1885672859026054e-09 # mass is shifted in the grid
13      LO    NNPDF30           N3N4       0.002264248701009326 # mass is shifted in the grid
13      LO    NNPDF30           N4N4       4.479013372406639e-08 # mass is shifted in the grid
13      LO    NNPDF30           N1C1+      0.0023663086075301674 
13      LO    NNPDF30           N2C1+      1.239827428634157  
13      LO    NNPDF30           N3C1+      0.00018337915852166203 # mass is shifted in the grid
13      LO    NNPDF30           N4C1+      0.00011785498649117213 # mass is shifted in the grid
13      LO    NNPDF30           N1C1-      0.0008364016015332967 
13      LO    NNPDF30           N2C1-      0.4320573384898715 
13      LO    NNPDF30           N3C1-      6.063485779961522e-05 # mass is shifted in the grid
13      LO    NNPDF30           N4C1-      3.8698617447138416e-05 # mass is shifted in the grid
13      LO    NNPDF30           N1C2+      0.00029607768253377863 # mass is shifted in the grid
13      LO    NNPDF30           N2C2+      0.00011277970858879904 # mass is shifted in the grid
13      LO    NNPDF30           N3C2+      0.003185946674988393 # mass is shifted in the grid
13      LO    NNPDF30           N4C2+      0.016340940317609628 # mass is shifted in the grid
13      LO    NNPDF30           N1C2-      9.93961710725489e-05 # mass is shifted in the grid
13      LO    NNPDF30           N2C2-      3.7031288078809775e-05 # mass is shifted in the grid
13      LO    NNPDF30           N3C2-      0.001101680579994381 # mass is shifted in the grid
13      LO    NNPDF30           N4C2-      0.005492357423563459 # mass is shifted in the grid

SLHA file: /Users/rafalmaselek/Projects/CheckMateCalculations/UML/SLHA_FIX/cmssm_2309_1085_5_-1085_1.slha
Input file: /Users/rafalmaselek/ScienceSoft/EWKfast_LO/input_default.dat
Sort: OFF 
Cut: -1 
Unit: fb 
ScaleVariation: OFF 

mC2 = 1539.19634 is out of range. |mC2| = 1500 was used.
mN3 = -1532.55014 is out of range. |mN3| = 1500 was used.
mN4 = 1539.31696 is out of range. |mN4| = 1500 was used.

-----------------------------------------------------------------------------------------------
!! EWK PROCESS C1N4 NOT FOUND !! WILL TRY TO LOOK FOR +/- MODES !!
XSEC FOUND FOR: C1+N4
XSEC FOUND FOR: C1-N4
!!! THERE IS MASS SHIFTING IN EWKfast --------------------------------------------------------
Energy  Precision  PDF  Process
13      LO    NNPDF30           C1C1       0.7926109443445243 
13      LO    NNPDF30           C1+C2-     0.00015654907462624878 # mass is shifted in the grid
13      LO    NNPDF30           C1-C2+     0.00015654573414587908 # mass is shifted in the grid
13      LO    NNPDF30           C2C2       0.01323364550840718 # mass is shifted in the grid
13      LO    NNPDF30           N1N1       0.010530072878910014 
13      LO    NNPDF30           N1N2       0.0012399498249689245 
13      LO    NNPDF30           N1N3       5.6830683764439806e-05 # mass is shifted in the grid
13      LO    NNPDF30           N1N4       1.8598245225054764e-05 # mass is shifted in the grid
13      LO    NNPDF30           N2N2       0.007456292417325494 
13      LO    NNPDF30           N2N3       0.0001110185479202793 # mass is shifted in the grid
13      LO    NNPDF30           N2N4       3.58909227013153e-05 # mass is shifted in the grid
13      LO    NNPDF30           N3N3       1.1885672859026054e-09 # mass is shifted in the grid
13      LO    NNPDF30           N3N4       0.002264248701009326 # mass is shifted in the grid
13      LO    NNPDF30           N4N4       4.479013372406639e-08 # mass is shifted in the grid
13      LO    NNPDF30           N1C1+      0.0023663086075301674 
13      LO    NNPDF30           N2C1+      1.239827428634157  
13      LO    NNPDF30           N3C1+      0.00018337915852166203 # mass is shifted in the grid
13      LO    NNPDF30           N4C1+      0.00011785498649117213 # mass is shifted in the grid
13      LO    NNPDF30           N1C1-      0.0008364016015332967 
13      LO    NNPDF30           N2C1-      0.4320573384898715 
13      LO    NNPDF30           N3C1-      6.063485779961522e-05 # mass is shifted in the grid
13      LO    NNPDF30           N4C1-      3.8698617447138416e-05 # mass is shifted in the grid
13      LO    NNPDF30           N1C2+      0.00029607768253377863 # mass is shifted in the grid
13      LO    NNPDF30           N2C2+      0.00011277970858879904 # mass is shifted in the grid
13      LO    NNPDF30           N3C2+      0.003185946674988393 # mass is shifted in the grid
13      LO    NNPDF30           N4C2+      0.016340940317609628 # mass is shifted in the grid
13      LO    NNPDF30           N1C2-      9.93961710725489e-05 # mass is shifted in the grid
13      LO    NNPDF30           N2C2-      3.7031288078809775e-05 # mass is shifted in the grid
13      LO    NNPDF30           N3C2-      0.001101680579994381 # mass is shifted in the grid
13      LO    NNPDF30           N4C2-      0.005492357423563459 # mass is shifted in the grid

SLHA file: /Users/rafalmaselek/Projects/CheckMateCalculations/UML/SLHA_FIX/cmssm_2309_1085_5_-1085_1.slha
Input file: /Users/rafalmaselek/ScienceSoft/EWKfast_LO/input_default.dat
Sort: OFF 
Cut: -1 
Unit: fb 
ScaleVariation: OFF 

mC2 = 1539.19634 is out of range. |mC2| = 1500 was used.
mN3 = -1532.55014 is out of range. |mN3| = 1500 was used.
mN4 = 1539.31696 is out of range. |mN4| = 1500 was used.

-----------------------------------------------------------------------------------------------
!! EWK PROCESS C2N1 NOT FOUND !! WILL TRY TO LOOK FOR +/- MODES !!
XSEC FOUND FOR: C2+N1
XSEC FOUND FOR: C2-N1
!!! THERE IS MASS SHIFTING IN EWKfast --------------------------------------------------------
Energy  Precision  PDF  Process
13      LO    NNPDF30           C1C1       0.7926109443445243 
13      LO    NNPDF30           C1+C2-     0.00015654907462624878 # mass is shifted in the grid
13      LO    NNPDF30           C1-C2+     0.00015654573414587908 # mass is shifted in the grid
13      LO    NNPDF30           C2C2       0.01323364550840718 # mass is shifted in the grid
13      LO    NNPDF30           N1N1       0.010530072878910014 
13      LO    NNPDF30           N1N2       0.0012399498249689245 
13      LO    NNPDF30           N1N3       5.6830683764439806e-05 # mass is shifted in the grid
13      LO    NNPDF30           N1N4       1.8598245225054764e-05 # mass is shifted in the grid
13      LO    NNPDF30           N2N2       0.007456292417325494 
13      LO    NNPDF30           N2N3       0.0001110185479202793 # mass is shifted in the grid
13      LO    NNPDF30           N2N4       3.58909227013153e-05 # mass is shifted in the grid
13      LO    NNPDF30           N3N3       1.1885672859026054e-09 # mass is shifted in the grid
13      LO    NNPDF30           N3N4       0.002264248701009326 # mass is shifted in the grid
13      LO    NNPDF30           N4N4       4.479013372406639e-08 # mass is shifted in the grid
13      LO    NNPDF30           N1C1+      0.0023663086075301674 
13      LO    NNPDF30           N2C1+      1.239827428634157  
13      LO    NNPDF30           N3C1+      0.00018337915852166203 # mass is shifted in the grid
13      LO    NNPDF30           N4C1+      0.00011785498649117213 # mass is shifted in the grid
13      LO    NNPDF30           N1C1-      0.0008364016015332967 
13      LO    NNPDF30           N2C1-      0.4320573384898715 
13      LO    NNPDF30           N3C1-      6.063485779961522e-05 # mass is shifted in the grid
13      LO    NNPDF30           N4C1-      3.8698617447138416e-05 # mass is shifted in the grid
13      LO    NNPDF30           N1C2+      0.00029607768253377863 # mass is shifted in the grid
13      LO    NNPDF30           N2C2+      0.00011277970858879904 # mass is shifted in the grid
13      LO    NNPDF30           N3C2+      0.003185946674988393 # mass is shifted in the grid
13      LO    NNPDF30           N4C2+      0.016340940317609628 # mass is shifted in the grid
13      LO    NNPDF30           N1C2-      9.93961710725489e-05 # mass is shifted in the grid
13      LO    NNPDF30           N2C2-      3.7031288078809775e-05 # mass is shifted in the grid
13      LO    NNPDF30           N3C2-      0.001101680579994381 # mass is shifted in the grid
13      LO    NNPDF30           N4C2-      0.005492357423563459 # mass is shifted in the grid

SLHA file: /Users/rafalmaselek/Projects/CheckMateCalculations/UML/SLHA_FIX/cmssm_2309_1085_5_-1085_1.slha
Input file: /Users/rafalmaselek/ScienceSoft/EWKfast_LO/input_default.dat
Sort: OFF 
Cut: -1 
Unit: fb 
ScaleVariation: OFF 

mC2 = 1539.19634 is out of range. |mC2| = 1500 was used.
mN3 = -1532.55014 is out of range. |mN3| = 1500 was used.
mN4 = 1539.31696 is out of range. |mN4| = 1500 was used.

-----------------------------------------------------------------------------------------------
!! EWK PROCESS C2N2 NOT FOUND !! WILL TRY TO LOOK FOR +/- MODES !!
XSEC FOUND FOR: C2+N2
XSEC FOUND FOR: C2-N2
!!! THERE IS MASS SHIFTING IN EWKfast --------------------------------------------------------
Energy  Precision  PDF  Process
13      LO    NNPDF30           C1C1       0.7926109443445243 
13      LO    NNPDF30           C1+C2-     0.00015654907462624878 # mass is shifted in the grid
13      LO    NNPDF30           C1-C2+     0.00015654573414587908 # mass is shifted in the grid
13      LO    NNPDF30           C2C2       0.01323364550840718 # mass is shifted in the grid
13      LO    NNPDF30           N1N1       0.010530072878910014 
13      LO    NNPDF30           N1N2       0.0012399498249689245 
13      LO    NNPDF30           N1N3       5.6830683764439806e-05 # mass is shifted in the grid
13      LO    NNPDF30           N1N4       1.8598245225054764e-05 # mass is shifted in the grid
13      LO    NNPDF30           N2N2       0.007456292417325494 
13      LO    NNPDF30           N2N3       0.0001110185479202793 # mass is shifted in the grid
13      LO    NNPDF30           N2N4       3.58909227013153e-05 # mass is shifted in the grid
13      LO    NNPDF30           N3N3       1.1885672859026054e-09 # mass is shifted in the grid
13      LO    NNPDF30           N3N4       0.002264248701009326 # mass is shifted in the grid
13      LO    NNPDF30           N4N4       4.479013372406639e-08 # mass is shifted in the grid
13      LO    NNPDF30           N1C1+      0.0023663086075301674 
13      LO    NNPDF30           N2C1+      1.239827428634157  
13      LO    NNPDF30           N3C1+      0.00018337915852166203 # mass is shifted in the grid
13      LO    NNPDF30           N4C1+      0.00011785498649117213 # mass is shifted in the grid
13      LO    NNPDF30           N1C1-      0.0008364016015332967 
13      LO    NNPDF30           N2C1-      0.4320573384898715 
13      LO    NNPDF30           N3C1-      6.063485779961522e-05 # mass is shifted in the grid
13      LO    NNPDF30           N4C1-      3.8698617447138416e-05 # mass is shifted in the grid
13      LO    NNPDF30           N1C2+      0.00029607768253377863 # mass is shifted in the grid
13      LO    NNPDF30           N2C2+      0.00011277970858879904 # mass is shifted in the grid
13      LO    NNPDF30           N3C2+      0.003185946674988393 # mass is shifted in the grid
13      LO    NNPDF30           N4C2+      0.016340940317609628 # mass is shifted in the grid
13      LO    NNPDF30           N1C2-      9.93961710725489e-05 # mass is shifted in the grid
13      LO    NNPDF30           N2C2-      3.7031288078809775e-05 # mass is shifted in the grid
13      LO    NNPDF30           N3C2-      0.001101680579994381 # mass is shifted in the grid
13      LO    NNPDF30           N4C2-      0.005492357423563459 # mass is shifted in the grid

SLHA file: /Users/rafalmaselek/Projects/CheckMateCalculations/UML/SLHA_FIX/cmssm_2309_1085_5_-1085_1.slha
Input file: /Users/rafalmaselek/ScienceSoft/EWKfast_LO/input_default.dat
Sort: OFF 
Cut: -1 
Unit: fb 
ScaleVariation: OFF 

mC2 = 1539.19634 is out of range. |mC2| = 1500 was used.
mN3 = -1532.55014 is out of range. |mN3| = 1500 was used.
mN4 = 1539.31696 is out of range. |mN4| = 1500 was used.

-----------------------------------------------------------------------------------------------
!! EWK PROCESS C2N3 NOT FOUND !! WILL TRY TO LOOK FOR +/- MODES !!
XSEC FOUND FOR: C2+N3
XSEC FOUND FOR: C2-N3
!!! THERE IS MASS SHIFTING IN EWKfast --------------------------------------------------------
Energy  Precision  PDF  Process
13      LO    NNPDF30           C1C1       0.7926109443445243 
13      LO    NNPDF30           C1+C2-     0.00015654907462624878 # mass is shifted in the grid
13      LO    NNPDF30           C1-C2+     0.00015654573414587908 # mass is shifted in the grid
13      LO    NNPDF30           C2C2       0.01323364550840718 # mass is shifted in the grid
13      LO    NNPDF30           N1N1       0.010530072878910014 
13      LO    NNPDF30           N1N2       0.0012399498249689245 
13      LO    NNPDF30           N1N3       5.6830683764439806e-05 # mass is shifted in the grid
13      LO    NNPDF30           N1N4       1.8598245225054764e-05 # mass is shifted in the grid
13      LO    NNPDF30           N2N2       0.007456292417325494 
13      LO    NNPDF30           N2N3       0.0001110185479202793 # mass is shifted in the grid
13      LO    NNPDF30           N2N4       3.58909227013153e-05 # mass is shifted in the grid
13      LO    NNPDF30           N3N3       1.1885672859026054e-09 # mass is shifted in the grid
13      LO    NNPDF30           N3N4       0.002264248701009326 # mass is shifted in the grid
13      LO    NNPDF30           N4N4       4.479013372406639e-08 # mass is shifted in the grid
13      LO    NNPDF30           N1C1+      0.0023663086075301674 
13      LO    NNPDF30           N2C1+      1.239827428634157  
13      LO    NNPDF30           N3C1+      0.00018337915852166203 # mass is shifted in the grid
13      LO    NNPDF30           N4C1+      0.00011785498649117213 # mass is shifted in the grid
13      LO    NNPDF30           N1C1-      0.0008364016015332967 
13      LO    NNPDF30           N2C1-      0.4320573384898715 
13      LO    NNPDF30           N3C1-      6.063485779961522e-05 # mass is shifted in the grid
13      LO    NNPDF30           N4C1-      3.8698617447138416e-05 # mass is shifted in the grid
13      LO    NNPDF30           N1C2+      0.00029607768253377863 # mass is shifted in the grid
13      LO    NNPDF30           N2C2+      0.00011277970858879904 # mass is shifted in the grid
13      LO    NNPDF30           N3C2+      0.003185946674988393 # mass is shifted in the grid
13      LO    NNPDF30           N4C2+      0.016340940317609628 # mass is shifted in the grid
13      LO    NNPDF30           N1C2-      9.93961710725489e-05 # mass is shifted in the grid
13      LO    NNPDF30           N2C2-      3.7031288078809775e-05 # mass is shifted in the grid
13      LO    NNPDF30           N3C2-      0.001101680579994381 # mass is shifted in the grid
13      LO    NNPDF30           N4C2-      0.005492357423563459 # mass is shifted in the grid

SLHA file: /Users/rafalmaselek/Projects/CheckMateCalculations/UML/SLHA_FIX/cmssm_2309_1085_5_-1085_1.slha
Input file: /Users/rafalmaselek/ScienceSoft/EWKfast_LO/input_default.dat
Sort: OFF 
Cut: -1 
Unit: fb 
ScaleVariation: OFF 

mC2 = 1539.19634 is out of range. |mC2| = 1500 was used.
mN3 = -1532.55014 is out of range. |mN3| = 1500 was used.
mN4 = 1539.31696 is out of range. |mN4| = 1500 was used.

-----------------------------------------------------------------------------------------------
!! EWK PROCESS C2N4 NOT FOUND !! WILL TRY TO LOOK FOR +/- MODES !!
XSEC FOUND FOR: C2+N4
XSEC FOUND FOR: C2-N4
!!! THERE IS MASS SHIFTING IN EWKfast --------------------------------------------------------
Energy  Precision  PDF  Process
13      LO    NNPDF30           C1C1       0.7926109443445243 
13      LO    NNPDF30           C1+C2-     0.00015654907462624878 # mass is shifted in the grid
13      LO    NNPDF30           C1-C2+     0.00015654573414587908 # mass is shifted in the grid
13      LO    NNPDF30           C2C2       0.01323364550840718 # mass is shifted in the grid
13      LO    NNPDF30           N1N1       0.010530072878910014 
13      LO    NNPDF30           N1N2       0.0012399498249689245 
13      LO    NNPDF30           N1N3       5.6830683764439806e-05 # mass is shifted in the grid
13      LO    NNPDF30           N1N4       1.8598245225054764e-05 # mass is shifted in the grid
13      LO    NNPDF30           N2N2       0.007456292417325494 
13      LO    NNPDF30           N2N3       0.0001110185479202793 # mass is shifted in the grid
13      LO    NNPDF30           N2N4       3.58909227013153e-05 # mass is shifted in the grid
13      LO    NNPDF30           N3N3       1.1885672859026054e-09 # mass is shifted in the grid
13      LO    NNPDF30           N3N4       0.002264248701009326 # mass is shifted in the grid
13      LO    NNPDF30           N4N4       4.479013372406639e-08 # mass is shifted in the grid
13      LO    NNPDF30           N1C1+      0.0023663086075301674 
13      LO    NNPDF30           N2C1+      1.239827428634157  
13      LO    NNPDF30           N3C1+      0.00018337915852166203 # mass is shifted in the grid
13      LO    NNPDF30           N4C1+      0.00011785498649117213 # mass is shifted in the grid
13      LO    NNPDF30           N1C1-      0.0008364016015332967 
13      LO    NNPDF30           N2C1-      0.4320573384898715 
13      LO    NNPDF30           N3C1-      6.063485779961522e-05 # mass is shifted in the grid
13      LO    NNPDF30           N4C1-      3.8698617447138416e-05 # mass is shifted in the grid
13      LO    NNPDF30           N1C2+      0.00029607768253377863 # mass is shifted in the grid
13      LO    NNPDF30           N2C2+      0.00011277970858879904 # mass is shifted in the grid
13      LO    NNPDF30           N3C2+      0.003185946674988393 # mass is shifted in the grid
13      LO    NNPDF30           N4C2+      0.016340940317609628 # mass is shifted in the grid
13      LO    NNPDF30           N1C2-      9.93961710725489e-05 # mass is shifted in the grid
13      LO    NNPDF30           N2C2-      3.7031288078809775e-05 # mass is shifted in the grid
13      LO    NNPDF30           N3C2-      0.001101680579994381 # mass is shifted in the grid
13      LO    NNPDF30           N4C2-      0.005492357423563459 # mass is shifted in the grid

SLHA file: /Users/rafalmaselek/Projects/CheckMateCalculations/UML/SLHA_FIX/cmssm_2309_1085_5_-1085_1.slha
Input file: /Users/rafalmaselek/ScienceSoft/EWKfast_LO/input_default.dat
Sort: OFF 
Cut: -1 
Unit: fb 
ScaleVariation: OFF 

mC2 = 1539.19634 is out of range. |mC2| = 1500 was used.
mN3 = -1532.55014 is out of range. |mN3| = 1500 was used.
mN4 = 1539.31696 is out of range. |mN4| = 1500 was used.

-----------------------------------------------------------------------------------------------
!!! THERE IS MASS SHIFTING IN EWKfast --------------------------------------------------------
Energy  Precision  PDF  Process
13      LO    NNPDF30           C1C1       0.7926109443445243 
13      LO    NNPDF30           C1+C2-     0.00015654907462624878 # mass is shifted in the grid
13      LO    NNPDF30           C1-C2+     0.00015654573414587908 # mass is shifted in the grid
13      LO    NNPDF30           C2C2       0.01323364550840718 # mass is shifted in the grid
13      LO    NNPDF30           N1N1       0.010530072878910014 
13      LO    NNPDF30           N1N2       0.0012399498249689245 
13      LO    NNPDF30           N1N3       5.6830683764439806e-05 # mass is shifted in the grid
13      LO    NNPDF30           N1N4       1.8598245225054764e-05 # mass is shifted in the grid
13      LO    NNPDF30           N2N2       0.007456292417325494 
13      LO    NNPDF30           N2N3       0.0001110185479202793 # mass is shifted in the grid
13      LO    NNPDF30           N2N4       3.58909227013153e-05 # mass is shifted in the grid
13      LO    NNPDF30           N3N3       1.1885672859026054e-09 # mass is shifted in the grid
13      LO    NNPDF30           N3N4       0.002264248701009326 # mass is shifted in the grid
13      LO    NNPDF30           N4N4       4.479013372406639e-08 # mass is shifted in the grid
13      LO    NNPDF30           N1C1+      0.0023663086075301674 
13      LO    NNPDF30           N2C1+      1.239827428634157  
13      LO    NNPDF30           N3C1+      0.00018337915852166203 # mass is shifted in the grid
13      LO    NNPDF30           N4C1+      0.00011785498649117213 # mass is shifted in the grid
13      LO    NNPDF30           N1C1-      0.0008364016015332967 
13      LO    NNPDF30           N2C1-      0.4320573384898715 
13      LO    NNPDF30           N3C1-      6.063485779961522e-05 # mass is shifted in the grid
13      LO    NNPDF30           N4C1-      3.8698617447138416e-05 # mass is shifted in the grid
13      LO    NNPDF30           N1C2+      0.00029607768253377863 # mass is shifted in the grid
13      LO    NNPDF30           N2C2+      0.00011277970858879904 # mass is shifted in the grid
13      LO    NNPDF30           N3C2+      0.003185946674988393 # mass is shifted in the grid
13      LO    NNPDF30           N4C2+      0.016340940317609628 # mass is shifted in the grid
13      LO    NNPDF30           N1C2-      9.93961710725489e-05 # mass is shifted in the grid
13      LO    NNPDF30           N2C2-      3.7031288078809775e-05 # mass is shifted in the grid
13      LO    NNPDF30           N3C2-      0.001101680579994381 # mass is shifted in the grid
13      LO    NNPDF30           N4C2-      0.005492357423563459 # mass is shifted in the grid

SLHA file: /Users/rafalmaselek/Projects/CheckMateCalculations/UML/SLHA_FIX/cmssm_2309_1085_5_-1085_1.slha
Input file: /Users/rafalmaselek/ScienceSoft/EWKfast_LO/input_default.dat
Sort: OFF 
Cut: -1 
Unit: fb 
ScaleVariation: OFF 

mC2 = 1539.19634 is out of range. |mC2| = 1500 was used.
mN3 = -1532.55014 is out of range. |mN3| = 1500 was used.
mN4 = 1539.31696 is out of range. |mN4| = 1500 was used.

-----------------------------------------------------------------------------------------------
!!! THERE IS MASS SHIFTING IN EWKfast --------------------------------------------------------
Energy  Precision  PDF  Process
13      LO    NNPDF30           C1C1       0.7926109443445243 
13      LO    NNPDF30           C1+C2-     0.00015654907462624878 # mass is shifted in the grid
13      LO    NNPDF30           C1-C2+     0.00015654573414587908 # mass is shifted in the grid
13      LO    NNPDF30           C2C2       0.01323364550840718 # mass is shifted in the grid
13      LO    NNPDF30           N1N1       0.010530072878910014 
13      LO    NNPDF30           N1N2       0.0012399498249689245 
13      LO    NNPDF30           N1N3       5.6830683764439806e-05 # mass is shifted in the grid
13      LO    NNPDF30           N1N4       1.8598245225054764e-05 # mass is shifted in the grid
13      LO    NNPDF30           N2N2       0.007456292417325494 
13      LO    NNPDF30           N2N3       0.0001110185479202793 # mass is shifted in the grid
13      LO    NNPDF30           N2N4       3.58909227013153e-05 # mass is shifted in the grid
13      LO    NNPDF30           N3N3       1.1885672859026054e-09 # mass is shifted in the grid
13      LO    NNPDF30           N3N4       0.002264248701009326 # mass is shifted in the grid
13      LO    NNPDF30           N4N4       4.479013372406639e-08 # mass is shifted in the grid
13      LO    NNPDF30           N1C1+      0.0023663086075301674 
13      LO    NNPDF30           N2C1+      1.239827428634157  
13      LO    NNPDF30           N3C1+      0.00018337915852166203 # mass is shifted in the grid
13      LO    NNPDF30           N4C1+      0.00011785498649117213 # mass is shifted in the grid
13      LO    NNPDF30           N1C1-      0.0008364016015332967 
13      LO    NNPDF30           N2C1-      0.4320573384898715 
13      LO    NNPDF30           N3C1-      6.063485779961522e-05 # mass is shifted in the grid
13      LO    NNPDF30           N4C1-      3.8698617447138416e-05 # mass is shifted in the grid
13      LO    NNPDF30           N1C2+      0.00029607768253377863 # mass is shifted in the grid
13      LO    NNPDF30           N2C2+      0.00011277970858879904 # mass is shifted in the grid
13      LO    NNPDF30           N3C2+      0.003185946674988393 # mass is shifted in the grid
13      LO    NNPDF30           N4C2+      0.016340940317609628 # mass is shifted in the grid
13      LO    NNPDF30           N1C2-      9.93961710725489e-05 # mass is shifted in the grid
13      LO    NNPDF30           N2C2-      3.7031288078809775e-05 # mass is shifted in the grid
13      LO    NNPDF30           N3C2-      0.001101680579994381 # mass is shifted in the grid
13      LO    NNPDF30           N4C2-      0.005492357423563459 # mass is shifted in the grid

SLHA file: /Users/rafalmaselek/Projects/CheckMateCalculations/UML/SLHA_FIX/cmssm_2309_1085_5_-1085_1.slha
Input file: /Users/rafalmaselek/ScienceSoft/EWKfast_LO/input_default.dat
Sort: OFF 
Cut: -1 
Unit: fb 
ScaleVariation: OFF 

mC2 = 1539.19634 is out of range. |mC2| = 1500 was used.
mN3 = -1532.55014 is out of range. |mN3| = 1500 was used.
mN4 = 1539.31696 is out of range. |mN4| = 1500 was used.

-----------------------------------------------------------------------------------------------
!!! THERE IS MASS SHIFTING IN EWKfast --------------------------------------------------------
Energy  Precision  PDF  Process
13      LO    NNPDF30           C1C1       0.7926109443445243 
13      LO    NNPDF30           C1+C2-     0.00015654907462624878 # mass is shifted in the grid
13      LO    NNPDF30           C1-C2+     0.00015654573414587908 # mass is shifted in the grid
13      LO    NNPDF30           C2C2       0.01323364550840718 # mass is shifted in the grid
13      LO    NNPDF30           N1N1       0.010530072878910014 
13      LO    NNPDF30           N1N2       0.0012399498249689245 
13      LO    NNPDF30           N1N3       5.6830683764439806e-05 # mass is shifted in the grid
13      LO    NNPDF30           N1N4       1.8598245225054764e-05 # mass is shifted in the grid
13      LO    NNPDF30           N2N2       0.007456292417325494 
13      LO    NNPDF30           N2N3       0.0001110185479202793 # mass is shifted in the grid
13      LO    NNPDF30           N2N4       3.58909227013153e-05 # mass is shifted in the grid
13      LO    NNPDF30           N3N3       1.1885672859026054e-09 # mass is shifted in the grid
13      LO    NNPDF30           N3N4       0.002264248701009326 # mass is shifted in the grid
13      LO    NNPDF30           N4N4       4.479013372406639e-08 # mass is shifted in the grid
13      LO    NNPDF30           N1C1+      0.0023663086075301674 
13      LO    NNPDF30           N2C1+      1.239827428634157  
13      LO    NNPDF30           N3C1+      0.00018337915852166203 # mass is shifted in the grid
13      LO    NNPDF30           N4C1+      0.00011785498649117213 # mass is shifted in the grid
13      LO    NNPDF30           N1C1-      0.0008364016015332967 
13      LO    NNPDF30           N2C1-      0.4320573384898715 
13      LO    NNPDF30           N3C1-      6.063485779961522e-05 # mass is shifted in the grid
13      LO    NNPDF30           N4C1-      3.8698617447138416e-05 # mass is shifted in the grid
13      LO    NNPDF30           N1C2+      0.00029607768253377863 # mass is shifted in the grid
13      LO    NNPDF30           N2C2+      0.00011277970858879904 # mass is shifted in the grid
13      LO    NNPDF30           N3C2+      0.003185946674988393 # mass is shifted in the grid
13      LO    NNPDF30           N4C2+      0.016340940317609628 # mass is shifted in the grid
13      LO    NNPDF30           N1C2-      9.93961710725489e-05 # mass is shifted in the grid
13      LO    NNPDF30           N2C2-      3.7031288078809775e-05 # mass is shifted in the grid
13      LO    NNPDF30           N3C2-      0.001101680579994381 # mass is shifted in the grid
13      LO    NNPDF30           N4C2-      0.005492357423563459 # mass is shifted in the grid

SLHA file: /Users/rafalmaselek/Projects/CheckMateCalculations/UML/SLHA_FIX/cmssm_2309_1085_5_-1085_1.slha
Input file: /Users/rafalmaselek/ScienceSoft/EWKfast_LO/input_default.dat
Sort: OFF 
Cut: -1 
Unit: fb 
ScaleVariation: OFF 

mC2 = 1539.19634 is out of range. |mC2| = 1500 was used.
mN3 = -1532.55014 is out of range. |mN3| = 1500 was used.
mN4 = 1539.31696 is out of range. |mN4| = 1500 was used.

-----------------------------------------------------------------------------------------------
!!! THERE IS MASS SHIFTING IN EWKfast --------------------------------------------------------
Energy  Precision  PDF  Process
13      LO    NNPDF30           C1C1       0.7926109443445243 
13      LO    NNPDF30           C1+C2-     0.00015654907462624878 # mass is shifted in the grid
13      LO    NNPDF30           C1-C2+     0.00015654573414587908 # mass is shifted in the grid
13      LO    NNPDF30           C2C2       0.01323364550840718 # mass is shifted in the grid
13      LO    NNPDF30           N1N1       0.010530072878910014 
13      LO    NNPDF30           N1N2       0.0012399498249689245 
13      LO    NNPDF30           N1N3       5.6830683764439806e-05 # mass is shifted in the grid
13      LO    NNPDF30           N1N4       1.8598245225054764e-05 # mass is shifted in the grid
13      LO    NNPDF30           N2N2       0.007456292417325494 
13      LO    NNPDF30           N2N3       0.0001110185479202793 # mass is shifted in the grid
13      LO    NNPDF30           N2N4       3.58909227013153e-05 # mass is shifted in the grid
13      LO    NNPDF30           N3N3       1.1885672859026054e-09 # mass is shifted in the grid
13      LO    NNPDF30           N3N4       0.002264248701009326 # mass is shifted in the grid
13      LO    NNPDF30           N4N4       4.479013372406639e-08 # mass is shifted in the grid
13      LO    NNPDF30           N1C1+      0.0023663086075301674 
13      LO    NNPDF30           N2C1+      1.239827428634157  
13      LO    NNPDF30           N3C1+      0.00018337915852166203 # mass is shifted in the grid
13      LO    NNPDF30           N4C1+      0.00011785498649117213 # mass is shifted in the grid
13      LO    NNPDF30           N1C1-      0.0008364016015332967 
13      LO    NNPDF30           N2C1-      0.4320573384898715 
13      LO    NNPDF30           N3C1-      6.063485779961522e-05 # mass is shifted in the grid
13      LO    NNPDF30           N4C1-      3.8698617447138416e-05 # mass is shifted in the grid
13      LO    NNPDF30           N1C2+      0.00029607768253377863 # mass is shifted in the grid
13      LO    NNPDF30           N2C2+      0.00011277970858879904 # mass is shifted in the grid
13      LO    NNPDF30           N3C2+      0.003185946674988393 # mass is shifted in the grid
13      LO    NNPDF30           N4C2+      0.016340940317609628 # mass is shifted in the grid
13      LO    NNPDF30           N1C2-      9.93961710725489e-05 # mass is shifted in the grid
13      LO    NNPDF30           N2C2-      3.7031288078809775e-05 # mass is shifted in the grid
13      LO    NNPDF30           N3C2-      0.001101680579994381 # mass is shifted in the grid
13      LO    NNPDF30           N4C2-      0.005492357423563459 # mass is shifted in the grid

SLHA file: /Users/rafalmaselek/Projects/CheckMateCalculations/UML/SLHA_FIX/cmssm_2309_1085_5_-1085_1.slha
Input file: /Users/rafalmaselek/ScienceSoft/EWKfast_LO/input_default.dat
Sort: OFF 
Cut: -1 
Unit: fb 
ScaleVariation: OFF 

mC2 = 1539.19634 is out of range. |mC2| = 1500 was used.
mN3 = -1532.55014 is out of range. |mN3| = 1500 was used.
mN4 = 1539.31696 is out of range. |mN4| = 1500 was used.

-----------------------------------------------------------------------------------------------
!!! THERE IS MASS SHIFTING IN EWKfast --------------------------------------------------------
Energy  Precision  PDF  Process
13      LO    NNPDF30           C1C1       0.7926109443445243 
13      LO    NNPDF30           C1+C2-     0.00015654907462624878 # mass is shifted in the grid
13      LO    NNPDF30           C1-C2+     0.00015654573414587908 # mass is shifted in the grid
13      LO    NNPDF30           C2C2       0.01323364550840718 # mass is shifted in the grid
13      LO    NNPDF30           N1N1       0.010530072878910014 
13      LO    NNPDF30           N1N2       0.0012399498249689245 
13      LO    NNPDF30           N1N3       5.6830683764439806e-05 # mass is shifted in the grid
13      LO    NNPDF30           N1N4       1.8598245225054764e-05 # mass is shifted in the grid
13      LO    NNPDF30           N2N2       0.007456292417325494 
13      LO    NNPDF30           N2N3       0.0001110185479202793 # mass is shifted in the grid
13      LO    NNPDF30           N2N4       3.58909227013153e-05 # mass is shifted in the grid
13      LO    NNPDF30           N3N3       1.1885672859026054e-09 # mass is shifted in the grid
13      LO    NNPDF30           N3N4       0.002264248701009326 # mass is shifted in the grid
13      LO    NNPDF30           N4N4       4.479013372406639e-08 # mass is shifted in the grid
13      LO    NNPDF30           N1C1+      0.0023663086075301674 
13      LO    NNPDF30           N2C1+      1.239827428634157  
13      LO    NNPDF30           N3C1+      0.00018337915852166203 # mass is shifted in the grid
13      LO    NNPDF30           N4C1+      0.00011785498649117213 # mass is shifted in the grid
13      LO    NNPDF30           N1C1-      0.0008364016015332967 
13      LO    NNPDF30           N2C1-      0.4320573384898715 
13      LO    NNPDF30           N3C1-      6.063485779961522e-05 # mass is shifted in the grid
13      LO    NNPDF30           N4C1-      3.8698617447138416e-05 # mass is shifted in the grid
13      LO    NNPDF30           N1C2+      0.00029607768253377863 # mass is shifted in the grid
13      LO    NNPDF30           N2C2+      0.00011277970858879904 # mass is shifted in the grid
13      LO    NNPDF30           N3C2+      0.003185946674988393 # mass is shifted in the grid
13      LO    NNPDF30           N4C2+      0.016340940317609628 # mass is shifted in the grid
13      LO    NNPDF30           N1C2-      9.93961710725489e-05 # mass is shifted in the grid
13      LO    NNPDF30           N2C2-      3.7031288078809775e-05 # mass is shifted in the grid
13      LO    NNPDF30           N3C2-      0.001101680579994381 # mass is shifted in the grid
13      LO    NNPDF30           N4C2-      0.005492357423563459 # mass is shifted in the grid

SLHA file: /Users/rafalmaselek/Projects/CheckMateCalculations/UML/SLHA_FIX/cmssm_2309_1085_5_-1085_1.slha
Input file: /Users/rafalmaselek/ScienceSoft/EWKfast_LO/input_default.dat
Sort: OFF 
Cut: -1 
Unit: fb 
ScaleVariation: OFF 

mC2 = 1539.19634 is out of range. |mC2| = 1500 was used.
mN3 = -1532.55014 is out of range. |mN3| = 1500 was used.
mN4 = 1539.31696 is out of range. |mN4| = 1500 was used.

-----------------------------------------------------------------------------------------------
!!! THERE IS MASS SHIFTING IN EWKfast --------------------------------------------------------
Energy  Precision  PDF  Process
13      LO    NNPDF30           C1C1       0.7926109443445243 
13      LO    NNPDF30           C1+C2-     0.00015654907462624878 # mass is shifted in the grid
13      LO    NNPDF30           C1-C2+     0.00015654573414587908 # mass is shifted in the grid
13      LO    NNPDF30           C2C2       0.01323364550840718 # mass is shifted in the grid
13      LO    NNPDF30           N1N1       0.010530072878910014 
13      LO    NNPDF30           N1N2       0.0012399498249689245 
13      LO    NNPDF30           N1N3       5.6830683764439806e-05 # mass is shifted in the grid
13      LO    NNPDF30           N1N4       1.8598245225054764e-05 # mass is shifted in the grid
13      LO    NNPDF30           N2N2       0.007456292417325494 
13      LO    NNPDF30           N2N3       0.0001110185479202793 # mass is shifted in the grid
13      LO    NNPDF30           N2N4       3.58909227013153e-05 # mass is shifted in the grid
13      LO    NNPDF30           N3N3       1.1885672859026054e-09 # mass is shifted in the grid
13      LO    NNPDF30           N3N4       0.002264248701009326 # mass is shifted in the grid
13      LO    NNPDF30           N4N4       4.479013372406639e-08 # mass is shifted in the grid
13      LO    NNPDF30           N1C1+      0.0023663086075301674 
13      LO    NNPDF30           N2C1+      1.239827428634157  
13      LO    NNPDF30           N3C1+      0.00018337915852166203 # mass is shifted in the grid
13      LO    NNPDF30           N4C1+      0.00011785498649117213 # mass is shifted in the grid
13      LO    NNPDF30           N1C1-      0.0008364016015332967 
13      LO    NNPDF30           N2C1-      0.4320573384898715 
13      LO    NNPDF30           N3C1-      6.063485779961522e-05 # mass is shifted in the grid
13      LO    NNPDF30           N4C1-      3.8698617447138416e-05 # mass is shifted in the grid
13      LO    NNPDF30           N1C2+      0.00029607768253377863 # mass is shifted in the grid
13      LO    NNPDF30           N2C2+      0.00011277970858879904 # mass is shifted in the grid
13      LO    NNPDF30           N3C2+      0.003185946674988393 # mass is shifted in the grid
13      LO    NNPDF30           N4C2+      0.016340940317609628 # mass is shifted in the grid
13      LO    NNPDF30           N1C2-      9.93961710725489e-05 # mass is shifted in the grid
13      LO    NNPDF30           N2C2-      3.7031288078809775e-05 # mass is shifted in the grid
13      LO    NNPDF30           N3C2-      0.001101680579994381 # mass is shifted in the grid
13      LO    NNPDF30           N4C2-      0.005492357423563459 # mass is shifted in the grid

SLHA file: /Users/rafalmaselek/Projects/CheckMateCalculations/UML/SLHA_FIX/cmssm_2309_1085_5_-1085_1.slha
Input file: /Users/rafalmaselek/ScienceSoft/EWKfast_LO/input_default.dat
Sort: OFF 
Cut: -1 
Unit: fb 
ScaleVariation: OFF 

mC2 = 1539.19634 is out of range. |mC2| = 1500 was used.
mN3 = -1532.55014 is out of range. |mN3| = 1500 was used.
mN4 = 1539.31696 is out of range. |mN4| = 1500 was used.

-----------------------------------------------------------------------------------------------
!!! THERE IS MASS SHIFTING IN EWKfast --------------------------------------------------------
Energy  Precision  PDF  Process
13      LO    NNPDF30           C1C1       0.7926109443445243 
13      LO    NNPDF30           C1+C2-     0.00015654907462624878 # mass is shifted in the grid
13      LO    NNPDF30           C1-C2+     0.00015654573414587908 # mass is shifted in the grid
13      LO    NNPDF30           C2C2       0.01323364550840718 # mass is shifted in the grid
13      LO    NNPDF30           N1N1       0.010530072878910014 
13      LO    NNPDF30           N1N2       0.0012399498249689245 
13      LO    NNPDF30           N1N3       5.6830683764439806e-05 # mass is shifted in the grid
13      LO    NNPDF30           N1N4       1.8598245225054764e-05 # mass is shifted in the grid
13      LO    NNPDF30           N2N2       0.007456292417325494 
13      LO    NNPDF30           N2N3       0.0001110185479202793 # mass is shifted in the grid
13      LO    NNPDF30           N2N4       3.58909227013153e-05 # mass is shifted in the grid
13      LO    NNPDF30           N3N3       1.1885672859026054e-09 # mass is shifted in the grid
13      LO    NNPDF30           N3N4       0.002264248701009326 # mass is shifted in the grid
13      LO    NNPDF30           N4N4       4.479013372406639e-08 # mass is shifted in the grid
13      LO    NNPDF30           N1C1+      0.0023663086075301674 
13      LO    NNPDF30           N2C1+      1.239827428634157  
13      LO    NNPDF30           N3C1+      0.00018337915852166203 # mass is shifted in the grid
13      LO    NNPDF30           N4C1+      0.00011785498649117213 # mass is shifted in the grid
13      LO    NNPDF30           N1C1-      0.0008364016015332967 
13      LO    NNPDF30           N2C1-      0.4320573384898715 
13      LO    NNPDF30           N3C1-      6.063485779961522e-05 # mass is shifted in the grid
13      LO    NNPDF30           N4C1-      3.8698617447138416e-05 # mass is shifted in the grid
13      LO    NNPDF30           N1C2+      0.00029607768253377863 # mass is shifted in the grid
13      LO    NNPDF30           N2C2+      0.00011277970858879904 # mass is shifted in the grid
13      LO    NNPDF30           N3C2+      0.003185946674988393 # mass is shifted in the grid
13      LO    NNPDF30           N4C2+      0.016340940317609628 # mass is shifted in the grid
13      LO    NNPDF30           N1C2-      9.93961710725489e-05 # mass is shifted in the grid
13      LO    NNPDF30           N2C2-      3.7031288078809775e-05 # mass is shifted in the grid
13      LO    NNPDF30           N3C2-      0.001101680579994381 # mass is shifted in the grid
13      LO    NNPDF30           N4C2-      0.005492357423563459 # mass is shifted in the grid

SLHA file: /Users/rafalmaselek/Projects/CheckMateCalculations/UML/SLHA_FIX/cmssm_2309_1085_5_-1085_1.slha
Input file: /Users/rafalmaselek/ScienceSoft/EWKfast_LO/input_default.dat
Sort: OFF 
Cut: -1 
Unit: fb 
ScaleVariation: OFF 

mC2 = 1539.19634 is out of range. |mC2| = 1500 was used.
mN3 = -1532.55014 is out of range. |mN3| = 1500 was used.
mN4 = 1539.31696 is out of range. |mN4| = 1500 was used.

-----------------------------------------------------------------------------------------------
!!! THERE IS MASS SHIFTING IN EWKfast --------------------------------------------------------
Energy  Precision  PDF  Process
13      LO    NNPDF30           C1C1       0.7926109443445243 
13      LO    NNPDF30           C1+C2-     0.00015654907462624878 # mass is shifted in the grid
13      LO    NNPDF30           C1-C2+     0.00015654573414587908 # mass is shifted in the grid
13      LO    NNPDF30           C2C2       0.01323364550840718 # mass is shifted in the grid
13      LO    NNPDF30           N1N1       0.010530072878910014 
13      LO    NNPDF30           N1N2       0.0012399498249689245 
13      LO    NNPDF30           N1N3       5.6830683764439806e-05 # mass is shifted in the grid
13      LO    NNPDF30           N1N4       1.8598245225054764e-05 # mass is shifted in the grid
13      LO    NNPDF30           N2N2       0.007456292417325494 
13      LO    NNPDF30           N2N3       0.0001110185479202793 # mass is shifted in the grid
13      LO    NNPDF30           N2N4       3.58909227013153e-05 # mass is shifted in the grid
13      LO    NNPDF30           N3N3       1.1885672859026054e-09 # mass is shifted in the grid
13      LO    NNPDF30           N3N4       0.002264248701009326 # mass is shifted in the grid
13      LO    NNPDF30           N4N4       4.479013372406639e-08 # mass is shifted in the grid
13      LO    NNPDF30           N1C1+      0.0023663086075301674 
13      LO    NNPDF30           N2C1+      1.239827428634157  
13      LO    NNPDF30           N3C1+      0.00018337915852166203 # mass is shifted in the grid
13      LO    NNPDF30           N4C1+      0.00011785498649117213 # mass is shifted in the grid
13      LO    NNPDF30           N1C1-      0.0008364016015332967 
13      LO    NNPDF30           N2C1-      0.4320573384898715 
13      LO    NNPDF30           N3C1-      6.063485779961522e-05 # mass is shifted in the grid
13      LO    NNPDF30           N4C1-      3.8698617447138416e-05 # mass is shifted in the grid
13      LO    NNPDF30           N1C2+      0.00029607768253377863 # mass is shifted in the grid
13      LO    NNPDF30           N2C2+      0.00011277970858879904 # mass is shifted in the grid
13      LO    NNPDF30           N3C2+      0.003185946674988393 # mass is shifted in the grid
13      LO    NNPDF30           N4C2+      0.016340940317609628 # mass is shifted in the grid
13      LO    NNPDF30           N1C2-      9.93961710725489e-05 # mass is shifted in the grid
13      LO    NNPDF30           N2C2-      3.7031288078809775e-05 # mass is shifted in the grid
13      LO    NNPDF30           N3C2-      0.001101680579994381 # mass is shifted in the grid
13      LO    NNPDF30           N4C2-      0.005492357423563459 # mass is shifted in the grid

SLHA file: /Users/rafalmaselek/Projects/CheckMateCalculations/UML/SLHA_FIX/cmssm_2309_1085_5_-1085_1.slha
Input file: /Users/rafalmaselek/ScienceSoft/EWKfast_LO/input_default.dat
Sort: OFF 
Cut: -1 
Unit: fb 
ScaleVariation: OFF 

mC2 = 1539.19634 is out of range. |mC2| = 1500 was used.
mN3 = -1532.55014 is out of range. |mN3| = 1500 was used.
mN4 = 1539.31696 is out of range. |mN4| = 1500 was used.

-----------------------------------------------------------------------------------------------
!!! THERE IS MASS SHIFTING IN EWKfast --------------------------------------------------------
Energy  Precision  PDF  Process
13      LO    NNPDF30           C1C1       0.7926109443445243 
13      LO    NNPDF30           C1+C2-     0.00015654907462624878 # mass is shifted in the grid
13      LO    NNPDF30           C1-C2+     0.00015654573414587908 # mass is shifted in the grid
13      LO    NNPDF30           C2C2       0.01323364550840718 # mass is shifted in the grid
13      LO    NNPDF30           N1N1       0.010530072878910014 
13      LO    NNPDF30           N1N2       0.0012399498249689245 
13      LO    NNPDF30           N1N3       5.6830683764439806e-05 # mass is shifted in the grid
13      LO    NNPDF30           N1N4       1.8598245225054764e-05 # mass is shifted in the grid
13      LO    NNPDF30           N2N2       0.007456292417325494 
13      LO    NNPDF30           N2N3       0.0001110185479202793 # mass is shifted in the grid
13      LO    NNPDF30           N2N4       3.58909227013153e-05 # mass is shifted in the grid
13      LO    NNPDF30           N3N3       1.1885672859026054e-09 # mass is shifted in the grid
13      LO    NNPDF30           N3N4       0.002264248701009326 # mass is shifted in the grid
13      LO    NNPDF30           N4N4       4.479013372406639e-08 # mass is shifted in the grid
13      LO    NNPDF30           N1C1+      0.0023663086075301674 
13      LO    NNPDF30           N2C1+      1.239827428634157  
13      LO    NNPDF30           N3C1+      0.00018337915852166203 # mass is shifted in the grid
13      LO    NNPDF30           N4C1+      0.00011785498649117213 # mass is shifted in the grid
13      LO    NNPDF30           N1C1-      0.0008364016015332967 
13      LO    NNPDF30           N2C1-      0.4320573384898715 
13      LO    NNPDF30           N3C1-      6.063485779961522e-05 # mass is shifted in the grid
13      LO    NNPDF30           N4C1-      3.8698617447138416e-05 # mass is shifted in the grid
13      LO    NNPDF30           N1C2+      0.00029607768253377863 # mass is shifted in the grid
13      LO    NNPDF30           N2C2+      0.00011277970858879904 # mass is shifted in the grid
13      LO    NNPDF30           N3C2+      0.003185946674988393 # mass is shifted in the grid
13      LO    NNPDF30           N4C2+      0.016340940317609628 # mass is shifted in the grid
13      LO    NNPDF30           N1C2-      9.93961710725489e-05 # mass is shifted in the grid
13      LO    NNPDF30           N2C2-      3.7031288078809775e-05 # mass is shifted in the grid
13      LO    NNPDF30           N3C2-      0.001101680579994381 # mass is shifted in the grid
13      LO    NNPDF30           N4C2-      0.005492357423563459 # mass is shifted in the grid

SLHA file: /Users/rafalmaselek/Projects/CheckMateCalculations/UML/SLHA_FIX/cmssm_2309_1085_5_-1085_1.slha
Input file: /Users/rafalmaselek/ScienceSoft/EWKfast_LO/input_default.dat
Sort: OFF 
Cut: -1 
Unit: fb 
ScaleVariation: OFF 

mC2 = 1539.19634 is out of range. |mC2| = 1500 was used.
mN3 = -1532.55014 is out of range. |mN3| = 1500 was used.
mN4 = 1539.31696 is out of range. |mN4| = 1500 was used.

-----------------------------------------------------------------------------------------------

!! Masses incompatible with the data for B2B2 !!

!! Problem with reading tables for B2 B2 !! Probably mass outside the table !! Setting xsec to 10^-20 !!
---------------  Output inclusive processes  ---------------
The total xsec = 2633.17 [fb]
The total rate = 100.00%
Output upto 0.10%
                      Modes : xsec/fb      (rate)
                C1wN1_N2hN1 : 1630.0656282 (61.90)%
                C1wN1_C1wN1 : 792.6109443 (30.10)%
                C1wN1_N2zN1 : 41.8191389 (1.59)%
                      N1_N1 : 10.5300729 (0.40)%
                N2hN1_N2hN1 : 7.0879465 (0.27)%
          C2hC1wN1_N4wC1wN1 : 3.9858257 (0.15)%
          C2zC1wN1_N4wC1wN1 : 3.6088423 (0.14)%
          C2wN2hN1_N4wC1wN1 : 3.4706893 (0.13)%
                   C1wN1_N1 : 3.2027102 (0.12)%
GtT1bC2hC1wN1_GtT1tN3wC1wN1 : 3.1984393 (0.12)%
GtT1bC2zC1wN1_GtT1tN3wC1wN1 : 2.8959277 (0.11)%
GtT1bC2wN2hN1_GtT1tN3wC1wN1 : 2.7850663 (0.11)%
GtT1bC2hC1wN1_GtT1bC2zC1wN1 : 2.6488476 (0.10)%
GtT1bC2hC1wN1_GtT1bC2wN2hN1 : 2.5474449 (0.10)%
------------------------------------------------------------
                                          SUM=95.34%

SHOWING PROCESSES TO GET 90.00% SUSY COVERAGE
---------------  Output inclusive processes  ---------------
The total xsec = 2633.17 [fb]
The total rate = 100.00%
      Modes : xsec/fb      (rate)
C1wN1_N2hN1 : 1630.0656282 (61.90)%
C1wN1_C1wN1 : 792.6109443 (30.10)%
------------------------------------------------------------
                          SUM=92.01%
