/Users/rafalmaselek/Projects/fastlim-1.0
 
#################################################################
#                                                               #
#                                                               #
#                     This is Fastlim  ver. 1.0                 #
#                                                               #
#          A fast LHC limit calculator for BSM models.          #
#                                                               #
#                  http://cern.ch/fastlim-1.0/                  #
#                                                               #
#  for bugs/feature requests: fastlim-1.0.developers@gmail.com  #
#                                                               #
#    please refer to:                                           #
#    M.Papucci, K.Sakurai, A.Weiler, L.Zeune arXiv:1402.xxxx    #
#                                                               #
#################################################################
 

!! Masses incompatible with the data for ERER !!

!! Problem with reading tables for ER ER !! Probably mass outside the table !! Setting xsec to 10^-20 !!

!! Masses incompatible with the data for ELEL !!

!! Problem with reading tables for EL EL !! Probably mass outside the table !! Setting xsec to 10^-20 !!

!! Masses incompatible with the data for TAU1TAU1 !!

!! Problem with reading tables for TAU1 TAU1 !! Probably mass outside the table !! Setting xsec to 10^-20 !!

!! Masses incompatible with the data for TAU2TAU2 !!

!! Problem with reading tables for TAU2 TAU2 !! Probably mass outside the table !! Setting xsec to 10^-20 !!
!! EWK PROCESS C1C2 NOT FOUND !! WILL TRY TO LOOK FOR +/- MODES !!
XSEC FOUND FOR: C1-C2+
XSEC FOUND FOR: C1+C2-
!! EWK PROCESS C1N1 NOT FOUND !! WILL TRY TO LOOK FOR +/- MODES !!
XSEC FOUND FOR: C1+N1
XSEC FOUND FOR: C1-N1
!! EWK PROCESS C1N2 NOT FOUND !! WILL TRY TO LOOK FOR +/- MODES !!
XSEC FOUND FOR: C1+N2
XSEC FOUND FOR: C1-N2
!! EWK PROCESS C1N3 NOT FOUND !! WILL TRY TO LOOK FOR +/- MODES !!
XSEC FOUND FOR: C1+N3
XSEC FOUND FOR: C1-N3
!! EWK PROCESS C1N4 NOT FOUND !! WILL TRY TO LOOK FOR +/- MODES !!
XSEC FOUND FOR: C1+N4
XSEC FOUND FOR: C1-N4
!! EWK PROCESS C2N1 NOT FOUND !! WILL TRY TO LOOK FOR +/- MODES !!
XSEC FOUND FOR: C2+N1
XSEC FOUND FOR: C2-N1
!! EWK PROCESS C2N2 NOT FOUND !! WILL TRY TO LOOK FOR +/- MODES !!
XSEC FOUND FOR: C2+N2
XSEC FOUND FOR: C2-N2
!! EWK PROCESS C2N3 NOT FOUND !! WILL TRY TO LOOK FOR +/- MODES !!
XSEC FOUND FOR: C2+N3
XSEC FOUND FOR: C2-N3
!! EWK PROCESS C2N4 NOT FOUND !! WILL TRY TO LOOK FOR +/- MODES !!
XSEC FOUND FOR: C2+N4
XSEC FOUND FOR: C2-N4
---------------  Output inclusive processes  ---------------
The total xsec = 7918.21 [fb]
The total rate = 100.00%
Output upto 0.10%
                             Modes : xsec/fb      (rate)
          C1nTAU1taN1_N2taTAU1taN1 : 646.6800396 (8.17)%
             QqC1nTAU1taN1_QqC1wN1 : 559.1715407 (7.06)%
      QqC1nTAU1taN1_QqN2taTAU1taN1 : 441.2016315 (5.57)%
       QqC1nTAU1taN1_QqC1nTAU1taN1 : 425.3196797 (5.37)%
                C1wN1_N2taTAU1taN1 : 425.0979808 (5.37)%
                 C1nTAU1taN1_C1wN1 : 403.1174070 (5.09)%
                 C1nTAU1taN1_N2hN1 : 358.8343557 (4.53)%
           C1nTAU1taN1_C1nTAU1taN1 : 306.6210527 (3.87)%
            QqC1wN1_QqN2taTAU1taN1 : 290.0258415 (3.66)%
             QqC1nTAU1taN1_QqN2hN1 : 244.8170555 (3.09)%
                       C1wN1_N2hN1 : 235.8813489 (2.98)%
                   QqC1wN1_QqC1wN1 : 183.7869412 (2.32)%
                   QqC1wN1_QqN2hN1 : 160.9315729 (2.03)%
              GqQqN1_QqC1nTAU1taN1 : 141.1162762 (1.78)%
                       C1wN1_C1wN1 : 132.4955041 (1.67)%
            QqN2hN1_QqN2taTAU1taN1 : 126.9794104 (1.60)%
     QqN2taTAU1taN1_QqN2taTAU1taN1 : 114.4191587 (1.45)%
                    GqQqN1_QqC1wN1 : 92.7634076 (1.17)%
             GqQqN1_QqN2taTAU1taN1 : 73.1928644 (0.92)%
                    GqQqN1_QqN2hN1 : 40.6137699 (0.51)%
                             N1_N1 : 36.0091516 (0.45)%
                   QqN2hN1_QqN2hN1 : 35.2296129 (0.44)%
                QqC1nTAU1taN1_QqN1 : 33.8683263 (0.43)%
                 C1nTAU1taN1_N2zN1 : 32.2276049 (0.41)%
                      QqC1wN1_QqN1 : 22.2634939 (0.28)%
             QqC1nTAU1taN1_QqN2zN1 : 21.9874915 (0.28)%
    GtT1bC1nTAU1taN1_QqC1nTAU1taN1 : 21.7777676 (0.28)%
                       C1wN1_N2zN1 : 21.1849584 (0.27)%
               QqN1_QqN2taTAU1taN1 : 17.5665053 (0.22)%
                   QqC1wN1_QqN2zN1 : 14.4535747 (0.18)%
          GtT1bC1wN1_QqC1nTAU1taN1 : 14.3157117 (0.18)%
          GtT1bC1nTAU1taN1_QqC1wN1 : 14.3157117 (0.18)%
 GtT1tN3wC1nTAU1taN1_QqC1nTAU1taN1 : 13.7723651 (0.17)%
    GbB1tC1nTAU1taN1_QqC1nTAU1taN1 : 12.8411447 (0.16)%
            QqN2taTAU1taN1_QqN2zN1 : 11.4042655 (0.14)%
   GtT1bC1nTAU1taN1_QqN2taTAU1taN1 : 11.2954879 (0.14)%
 GtT2tN4wC1nTAU1taN1_QqC1nTAU1taN1 : 11.0419647 (0.14)%
   GtT1tN2taTAU1taN1_QqC1nTAU1taN1 : 10.4276266 (0.13)%
                      QqN1_QqN2hN1 : 9.7474257 (0.12)%
                N2hN1_N2taTAU1taN1 : 9.6995381 (0.12)%
                GtT1bC1wN1_QqC1wN1 : 9.4104963 (0.12)%
       GtT1tN3wC1wN1_QqC1nTAU1taN1 : 9.0533250 (0.11)%
       GtT1tN3wC1nTAU1taN1_QqC1wN1 : 9.0533250 (0.11)%
         N2taTAU1taN1_N2taTAU1taN1 : 8.7401019 (0.11)%
 GtT1bC2hC1nTAU1taN1_QqC1nTAU1taN1 : 8.6746881 (0.11)%
          GbB1tC1wN1_QqC1nTAU1taN1 : 8.4411832 (0.11)%
          GbB1tC1nTAU1taN1_QqC1wN1 : 8.4411832 (0.11)%
GtT1bC2wN2taTAU1taN1_QqC1nTAU1taN1 : 8.2560681 (0.10)%
 GtT1bC2zC1nTAU1taN1_QqC1nTAU1taN1 : 7.9201729 (0.10)%
 GbB1tC2hC1nTAU1taN1_QqC1nTAU1taN1 : 7.9190676 (0.10)%
             GtT1tN1_QqC1nTAU1taN1 : 7.6043713 (0.10)%
------------------------------------------------------------
                                                 SUM=74.16%

SHOWING PROCESSES TO GET 90.00% SUSY COVERAGE
---------------  Output inclusive processes  ---------------
The total xsec = 7918.21 [fb]
The total rate = 100.00%
                              Modes : xsec/fb      (rate)
           C1nTAU1taN1_N2taTAU1taN1 : 646.6800396 (8.17)%
              QqC1nTAU1taN1_QqC1wN1 : 559.1715407 (7.06)%
       QqC1nTAU1taN1_QqN2taTAU1taN1 : 441.2016315 (5.57)%
        QqC1nTAU1taN1_QqC1nTAU1taN1 : 425.3196797 (5.37)%
                 C1wN1_N2taTAU1taN1 : 425.0979808 (5.37)%
                  C1nTAU1taN1_C1wN1 : 403.1174070 (5.09)%
                  C1nTAU1taN1_N2hN1 : 358.8343557 (4.53)%
            C1nTAU1taN1_C1nTAU1taN1 : 306.6210527 (3.87)%
             QqC1wN1_QqN2taTAU1taN1 : 290.0258415 (3.66)%
              QqC1nTAU1taN1_QqN2hN1 : 244.8170555 (3.09)%
                        C1wN1_N2hN1 : 235.8813489 (2.98)%
                    QqC1wN1_QqC1wN1 : 183.7869412 (2.32)%
                    QqC1wN1_QqN2hN1 : 160.9315729 (2.03)%
               GqQqN1_QqC1nTAU1taN1 : 141.1162762 (1.78)%
                        C1wN1_C1wN1 : 132.4955041 (1.67)%
             QqN2hN1_QqN2taTAU1taN1 : 126.9794104 (1.60)%
      QqN2taTAU1taN1_QqN2taTAU1taN1 : 114.4191587 (1.45)%
                     GqQqN1_QqC1wN1 : 92.7634076 (1.17)%
              GqQqN1_QqN2taTAU1taN1 : 73.1928644 (0.92)%
                     GqQqN1_QqN2hN1 : 40.6137699 (0.51)%
                              N1_N1 : 36.0091516 (0.45)%
                    QqN2hN1_QqN2hN1 : 35.2296129 (0.44)%
                 QqC1nTAU1taN1_QqN1 : 33.8683263 (0.43)%
                  C1nTAU1taN1_N2zN1 : 32.2276049 (0.41)%
                       QqC1wN1_QqN1 : 22.2634939 (0.28)%
              QqC1nTAU1taN1_QqN2zN1 : 21.9874915 (0.28)%
     GtT1bC1nTAU1taN1_QqC1nTAU1taN1 : 21.7777676 (0.28)%
                        C1wN1_N2zN1 : 21.1849584 (0.27)%
                QqN1_QqN2taTAU1taN1 : 17.5665053 (0.22)%
                    QqC1wN1_QqN2zN1 : 14.4535747 (0.18)%
           GtT1bC1wN1_QqC1nTAU1taN1 : 14.3157117 (0.18)%
           GtT1bC1nTAU1taN1_QqC1wN1 : 14.3157117 (0.18)%
  GtT1tN3wC1nTAU1taN1_QqC1nTAU1taN1 : 13.7723651 (0.17)%
     GbB1tC1nTAU1taN1_QqC1nTAU1taN1 : 12.8411447 (0.16)%
             QqN2taTAU1taN1_QqN2zN1 : 11.4042655 (0.14)%
    GtT1bC1nTAU1taN1_QqN2taTAU1taN1 : 11.2954879 (0.14)%
  GtT2tN4wC1nTAU1taN1_QqC1nTAU1taN1 : 11.0419647 (0.14)%
    GtT1tN2taTAU1taN1_QqC1nTAU1taN1 : 10.4276266 (0.13)%
                       QqN1_QqN2hN1 : 9.7474257 (0.12)%
                 N2hN1_N2taTAU1taN1 : 9.6995381 (0.12)%
                 GtT1bC1wN1_QqC1wN1 : 9.4104963 (0.12)%
        GtT1tN3wC1wN1_QqC1nTAU1taN1 : 9.0533250 (0.11)%
        GtT1tN3wC1nTAU1taN1_QqC1wN1 : 9.0533250 (0.11)%
          N2taTAU1taN1_N2taTAU1taN1 : 8.7401019 (0.11)%
  GtT1bC2hC1nTAU1taN1_QqC1nTAU1taN1 : 8.6746881 (0.11)%
           GbB1tC1wN1_QqC1nTAU1taN1 : 8.4411832 (0.11)%
           GbB1tC1nTAU1taN1_QqC1wN1 : 8.4411832 (0.11)%
 GtT1bC2wN2taTAU1taN1_QqC1nTAU1taN1 : 8.2560681 (0.10)%
  GtT1bC2zC1nTAU1taN1_QqC1nTAU1taN1 : 7.9201729 (0.10)%
  GbB1tC2hC1nTAU1taN1_QqC1nTAU1taN1 : 7.9190676 (0.10)%
              GtT1tN1_QqC1nTAU1taN1 : 7.6043713 (0.10)%
  GbB2tC2hC1nTAU1taN1_QqC1nTAU1taN1 : 7.5485257 (0.10)%
 GbB1tC2wN2taTAU1taN1_QqC1nTAU1taN1 : 7.5369121 (0.10)%
          GtT1bC1wN1_QqN2taTAU1taN1 : 7.4251389 (0.09)%
        GtT2tN4wC1wN1_QqC1nTAU1taN1 : 7.2584843 (0.09)%
        GtT2tN4wC1nTAU1taN1_QqC1wN1 : 7.2584843 (0.09)%
  GbB1tC2zC1nTAU1taN1_QqC1nTAU1taN1 : 7.2302755 (0.09)%
 GbB2tC2wN2taTAU1taN1_QqC1nTAU1taN1 : 7.1842516 (0.09)%
 GtT1tN3wC1nTAU1taN1_QqN2taTAU1taN1 : 7.1433209 (0.09)%
    GtT1tN3taTAU1taN1_QqC1nTAU1taN1 : 7.1356780 (0.09)%
    GbB1bN2taTAU1taN1_QqC1nTAU1taN1 : 6.9912040 (0.09)%
  GtT2tN3wC1nTAU1taN1_QqC1nTAU1taN1 : 6.9648171 (0.09)%
  GbB2tC2zC1nTAU1taN1_QqC1nTAU1taN1 : 6.8919629 (0.09)%
          GtT1tN2taTAU1taN1_QqC1wN1 : 6.8546464 (0.09)%
     GtT1bC2nTAU1taN1_QqC1nTAU1taN1 : 6.8366478 (0.09)%
 GtT1tN3zN2taTAU1taN1_QqC1nTAU1taN1 : 6.8339490 (0.09)%
    GbB1tC1nTAU1taN1_QqN2taTAU1taN1 : 6.6603243 (0.08)%
           GtT1bC2wN1_QqC1nTAU1taN1 : 6.5340250 (0.08)%
                    QqN2hN1_QqN2zN1 : 6.3280788 (0.08)%
           GtT1bC1nTAU1taN1_QqN2hN1 : 6.2677195 (0.08)%
     GbB1tC2nTAU1taN1_QqC1nTAU1taN1 : 6.2411324 (0.08)%
 GtT2tN4hN2taTAU1taN1_QqC1nTAU1taN1 : 6.0631637 (0.08)%
           GbB1tC2wN1_QqC1nTAU1taN1 : 5.9648699 (0.08)%
              GtT1tN3wC1wN1_QqC1wN1 : 5.9512432 (0.08)%
     GbB2tC2nTAU1taN1_QqC1nTAU1taN1 : 5.9491029 (0.08)%
                     C1nTAU1taN1_N1 : 5.9462792 (0.08)%
      C2hC1nTAU1taN1_N3wC1nTAU1taN1 : 5.8493717 (0.07)%
      C2hC1nTAU1taN1_N4wC1nTAU1taN1 : 5.8244125 (0.07)%
  GtT1tN4wC1nTAU1taN1_QqC1nTAU1taN1 : 5.7873644 (0.07)%
           GtT1tN2hN1_QqC1nTAU1taN1 : 5.7861546 (0.07)%
 GtT2tN4wC1nTAU1taN1_QqN2taTAU1taN1 : 5.7271425 (0.07)%
        GtT1bC2hC1wN1_QqC1nTAU1taN1 : 5.7023445 (0.07)%
        GtT1bC2hC1nTAU1taN1_QqC1wN1 : 5.7023445 (0.07)%
           GbB2tC2wN1_QqC1nTAU1taN1 : 5.6857670 (0.07)%
     QqC1nTAU1taN1_QqC2hC1nTAU1taN1 : 5.6386308 (0.07)%
                        GqQqN1_QqN1 : 5.6185645 (0.07)%
     C2wN2taTAU1taN1_N3wC1nTAU1taN1 : 5.5670949 (0.07)%
                 GbB1tC1wN1_QqC1wN1 : 5.5488491 (0.07)%
  GtT2bC2hC1nTAU1taN1_QqC1nTAU1taN1 : 5.5483486 (0.07)%
     C2wN2taTAU1taN1_N4wC1nTAU1taN1 : 5.5433401 (0.07)%
                      GqQqN1_GqQqN1 : 5.4918897 (0.07)%
           GtT1tN3zN1_QqC1nTAU1taN1 : 5.4742058 (0.07)%
       GtT1bC2wN2taTAU1taN1_QqC1wN1 : 5.4271628 (0.07)%
   GtT1tN2taTAU1taN1_QqN2taTAU1taN1 : 5.4085034 (0.07)%
    QqC1nTAU1taN1_QqC2wN2taTAU1taN1 : 5.3665238 (0.07)%
      C2zC1nTAU1taN1_N3wC1nTAU1taN1 : 5.3405996 (0.07)%
      C2zC1nTAU1taN1_N4wC1nTAU1taN1 : 5.3178113 (0.07)%
 GtT2bC2wN2taTAU1taN1_QqC1nTAU1taN1 : 5.2805984 (0.07)%
        GtT1bC2zC1wN1_QqC1nTAU1taN1 : 5.2063606 (0.07)%
        GtT1bC2zC1nTAU1taN1_QqC1wN1 : 5.2063606 (0.07)%
        GbB1tC2hC1wN1_QqC1nTAU1taN1 : 5.2056341 (0.07)%
        GbB1tC2hC1nTAU1taN1_QqC1wN1 : 5.2056341 (0.07)%
     QqC1nTAU1taN1_QqC2zC1nTAU1taN1 : 5.1481887 (0.07)%
  GtT2bC2zC1nTAU1taN1_QqC1nTAU1taN1 : 5.0657591 (0.06)%
                    GtT1tN1_QqC1wN1 : 4.9987671 (0.06)%
    GtT2tN4taTAU1taN1_QqC1nTAU1taN1 : 4.9895240 (0.06)%
      N3wC1nTAU1taN1_N4wC1nTAU1taN1 : 4.9875196 (0.06)%
        GbB2tC2hC1wN1_QqC1nTAU1taN1 : 4.9620567 (0.06)%
        GbB2tC2hC1nTAU1taN1_QqC1wN1 : 4.9620567 (0.06)%
       GbB1tC2wN2taTAU1taN1_QqC1wN1 : 4.9544225 (0.06)%
              GtT2tN4wC1wN1_QqC1wN1 : 4.7713967 (0.06)%
        GbB1tC2zC1wN1_QqC1nTAU1taN1 : 4.7528535 (0.06)%
        GbB1tC2zC1nTAU1taN1_QqC1wN1 : 4.7528535 (0.06)%
       GbB2tC2wN2taTAU1taN1_QqC1wN1 : 4.7225995 (0.06)%
       GtT1tN3wC1wN1_QqN2taTAU1taN1 : 4.6956936 (0.06)%
          GtT1tN3taTAU1taN1_QqC1wN1 : 4.6906695 (0.06)%
         C2nTAU1taN1_N3wC1nTAU1taN1 : 4.6099750 (0.06)%
          GbB1bN2taTAU1taN1_QqC1wN1 : 4.5956988 (0.06)%
         C2nTAU1taN1_N4wC1nTAU1taN1 : 4.5903042 (0.06)%
        GtT1bC2wN2hN1_QqC1nTAU1taN1 : 4.5811850 (0.06)%
        GtT2tN3wC1wN1_QqC1nTAU1taN1 : 4.5783533 (0.06)%
        GtT2tN3wC1nTAU1taN1_QqC1wN1 : 4.5783533 (0.06)%
        GbB2tC2zC1wN1_QqC1nTAU1taN1 : 4.5304622 (0.06)%
        GbB2tC2zC1nTAU1taN1_QqC1wN1 : 4.5304622 (0.06)%
 GtT1bC2hC1nTAU1taN1_QqN2taTAU1taN1 : 4.4993057 (0.06)%
           GtT1bC2nTAU1taN1_QqC1wN1 : 4.4941007 (0.06)%
       GtT1tN3zN2taTAU1taN1_QqC1wN1 : 4.4923265 (0.06)%
        QqC1nTAU1taN1_QqC2nTAU1taN1 : 4.4438870 (0.06)%
               C2wN1_N3wC1nTAU1taN1 : 4.4059153 (0.06)%
               C2wN1_N4wC1nTAU1taN1 : 4.3871153 (0.06)%
          GbB1tC1wN1_QqN2taTAU1taN1 : 4.3781936 (0.06)%
     GtT2bC2nTAU1taN1_QqC1nTAU1taN1 : 4.3727342 (0.06)%
                 GtT1bC2wN1_QqC1wN1 : 4.2951702 (0.05)%
GtT1bC2wN2taTAU1taN1_QqN2taTAU1taN1 : 4.2821798 (0.05)%
              QqC1nTAU1taN1_QqC2wN1 : 4.2471792 (0.05)%
        GbB1tC2wN2hN1_QqC1nTAU1taN1 : 4.1821346 (0.05)%
           GtT2bC2wN1_QqC1nTAU1taN1 : 4.1791760 (0.05)%
     QqC1nTAU1taN1_QqN4wC1nTAU1taN1 : 4.1514557 (0.05)%
                 GtT1bC1wN1_QqN2hN1 : 4.1201131 (0.05)%
 GtT1bC2zC1nTAU1taN1_QqN2taTAU1taN1 : 4.1079609 (0.05)%
 GbB1tC2hC1nTAU1taN1_QqN2taTAU1taN1 : 4.1073876 (0.05)%
           GbB1tC2nTAU1taN1_QqC1wN1 : 4.1026359 (0.05)%
           GtT2tN4hN1_QqC1nTAU1taN1 : 4.0914203 (0.05)%
        GbB2tC2wN2hN1_QqC1nTAU1taN1 : 3.9864479 (0.05)%
       GtT2tN4hN2taTAU1taN1_QqC1wN1 : 3.9856475 (0.05)%
  GbB1bN3wC1nTAU1taN1_QqC1nTAU1taN1 : 3.9643310 (0.05)%
        GtT1tN3wC1nTAU1taN1_QqN2hN1 : 3.9637360 (0.05)%
             GtT1tN1_QqN2taTAU1taN1 : 3.9441639 (0.05)%
                 GbB1tC2wN1_QqC1wN1 : 3.9210336 (0.05)%
 GbB2tC2hC1nTAU1taN1_QqN2taTAU1taN1 : 3.9151984 (0.05)%
           GbB2tC2nTAU1taN1_QqC1wN1 : 3.9106691 (0.05)%
GbB1tC2wN2taTAU1taN1_QqN2taTAU1taN1 : 3.9091748 (0.05)%
                           C1wN1_N1 : 3.9088129 (0.05)%
           GbB1bN2hN1_QqC1nTAU1taN1 : 3.8793283 (0.05)%
            C2hC1wN1_N3wC1nTAU1taN1 : 3.8451104 (0.05)%
            C2hC1nTAU1taN1_N3wC1wN1 : 3.8451104 (0.05)%
            C2hC1wN1_N4wC1nTAU1taN1 : 3.8287033 (0.05)%
            C2hC1nTAU1taN1_N4wC1wN1 : 3.8287033 (0.05)%
        GtT1tN4wC1wN1_QqC1nTAU1taN1 : 3.8043495 (0.05)%
        GtT1tN4wC1nTAU1taN1_QqC1wN1 : 3.8043495 (0.05)%
                 GtT1tN2hN1_QqC1wN1 : 3.8035543 (0.05)%
        GtT1tN3zN2hN1_QqC1nTAU1taN1 : 3.7920695 (0.05)%
              GtT2tN1_QqC1nTAU1taN1 : 3.7821897 (0.05)%
       GtT2tN4wC1wN1_QqN2taTAU1taN1 : 3.7647624 (0.05)%
 GbB1tC2zC1nTAU1taN1_QqN2taTAU1taN1 : 3.7501314 (0.05)%
              GtT1bC2hC1wN1_QqC1wN1 : 3.7484614 (0.05)%
                 GbB2tC2wN1_QqC1wN1 : 3.7375641 (0.05)%
GbB2tC2wN2taTAU1taN1_QqN2taTAU1taN1 : 3.7262601 (0.05)%
  GbB2bN4wC1nTAU1taN1_QqC1nTAU1taN1 : 3.7127020 (0.05)%
           QqC1nTAU1taN1_QqC2hC1wN1 : 3.7065789 (0.05)%
           QqC1wN1_QqC2hC1nTAU1taN1 : 3.7065789 (0.05)%
   GtT1tN3taTAU1taN1_QqN2taTAU1taN1 : 3.7010664 (0.05)%
           GbB1tC1nTAU1taN1_QqN2hN1 : 3.6957275 (0.05)%
           C2wN2taTAU1taN1_N3wC1wN1 : 3.6595544 (0.05)%
                     GqQqN1_QqN2zN1 : 3.6476009 (0.05)%
        GtT2bC2hC1wN1_QqC1nTAU1taN1 : 3.6472315 (0.05)%
        GtT2bC2hC1nTAU1taN1_QqC1wN1 : 3.6472315 (0.05)%
           C2wN2taTAU1taN1_N4wC1wN1 : 3.6439391 (0.05)%
   GbB1bN2taTAU1taN1_QqN2taTAU1taN1 : 3.6261320 (0.05)%
 GtT2tN3wC1nTAU1taN1_QqN2taTAU1taN1 : 3.6124459 (0.05)%
    GtT2tN3taTAU1taN1_QqC1nTAU1taN1 : 3.6085808 (0.05)%
                 GtT1tN3zN1_QqC1wN1 : 3.5984934 (0.05)%
 GbB2tC2zC1nTAU1taN1_QqN2taTAU1taN1 : 3.5746586 (0.05)%
    GtT1bC2nTAU1taN1_QqN2taTAU1taN1 : 3.5459683 (0.04)%
GtT1tN3zN2taTAU1taN1_QqN2taTAU1taN1 : 3.5445685 (0.04)%
          QqC1wN1_QqC2wN2taTAU1taN1 : 3.5277081 (0.04)%
            C2zC1wN1_N3wC1nTAU1taN1 : 3.5106667 (0.04)%
            C2zC1nTAU1taN1_N3wC1wN1 : 3.5106667 (0.04)%
            C2zC1wN1_N4wC1nTAU1taN1 : 3.4956867 (0.04)%
            C2zC1nTAU1taN1_N4wC1wN1 : 3.4956867 (0.04)%
       GtT2bC2wN2taTAU1taN1_QqC1wN1 : 3.4712247 (0.04)%
 GtT2tN3zN2taTAU1taN1_QqC1nTAU1taN1 : 3.4559935 (0.04)%
  GbB2bN3wC1nTAU1taN1_QqC1nTAU1taN1 : 3.4305168 (0.04)%
              GtT1bC2zC1wN1_QqC1wN1 : 3.4224242 (0.04)%
              GbB1tC2hC1wN1_QqC1wN1 : 3.4219466 (0.04)%
          GtT1bC2wN1_QqN2taTAU1taN1 : 3.3890067 (0.04)%
           QqC1nTAU1taN1_QqC2zC1wN1 : 3.3841846 (0.04)%
           QqC1wN1_QqC2zC1nTAU1taN1 : 3.3841846 (0.04)%
     C2hC1nTAU1taN1_C2wN2taTAU1taN1 : 3.3829411 (0.04)%
     GbB2tC1nTAU1taN1_QqC1nTAU1taN1 : 3.3658777 (0.04)%
        GtT2tN4hN2hN1_QqC1nTAU1taN1 : 3.3643708 (0.04)%
        GtT2bC2zC1wN1_QqC1nTAU1taN1 : 3.3299991 (0.04)%
        GtT2bC2zC1nTAU1taN1_QqC1wN1 : 3.3299991 (0.04)%
          GtT2tN4taTAU1taN1_QqC1wN1 : 3.2798856 (0.04)%
            N3wC1wN1_N4wC1nTAU1taN1 : 3.2785681 (0.04)%
            N3wC1nTAU1taN1_N4wC1wN1 : 3.2785681 (0.04)%
              GbB2tC2hC1wN1_QqC1wN1 : 3.2618299 (0.04)%
      C2hC1nTAU1taN1_C2zC1nTAU1taN1 : 3.2453073 (0.04)%
    GbB1tC2nTAU1taN1_QqN2taTAU1taN1 : 3.2370919 (0.04)%
  GbB1bN4wC1nTAU1taN1_QqC1nTAU1taN1 : 3.2159691 (0.04)%
     C2hC1nTAU1taN1_N4hN2taTAU1taN1 : 3.1981959 (0.04)%
        GtT2tN4wC1nTAU1taN1_QqN2hN1 : 3.1779170 (0.04)%
 GtT1tN4hN2taTAU1taN1_QqC1nTAU1taN1 : 3.1778527 (0.04)%
GtT2tN4hN2taTAU1taN1_QqN2taTAU1taN1 : 3.1447848 (0.04)%
              GbB1tC2zC1wN1_QqC1wN1 : 3.1243093 (0.04)%
          GbB1tC2wN1_QqN2taTAU1taN1 : 3.0938027 (0.04)%
            C2wN2hN1_N3wC1nTAU1taN1 : 3.0891086 (0.04)%
     C2wN2taTAU1taN1_C2zC1nTAU1taN1 : 3.0886965 (0.04)%
    GbB2tC2nTAU1taN1_QqN2taTAU1taN1 : 3.0856248 (0.04)%
            C2wN2hN1_N4wC1nTAU1taN1 : 3.0759274 (0.04)%
    C2wN2taTAU1taN1_N4hN2taTAU1taN1 : 3.0438586 (0.04)%
        C2hC1nTAU1taN1_N3taTAU1taN1 : 3.0306511 (0.04)%
               C2nTAU1taN1_N3wC1wN1 : 3.0303874 (0.04)%
               C2nTAU1taN1_N4wC1wN1 : 3.0174568 (0.04)%
              GtT1bC2wN2hN1_QqC1wN1 : 3.0114622 (0.04)%
              GtT2tN3wC1wN1_QqC1wN1 : 3.0096007 (0.04)%
 GtT1tN4wC1nTAU1taN1_QqN2taTAU1taN1 : 3.0017358 (0.04)%
          GtT1tN2hN1_QqN2taTAU1taN1 : 3.0011083 (0.04)%
          GtT1tN2taTAU1taN1_QqN2hN1 : 3.0011083 (0.04)%
              GbB2tC2zC1wN1_QqC1wN1 : 2.9781194 (0.04)%
           QqC1nTAU1taN1_QqC2wN2hN1 : 2.9778144 (0.04)%
              GbB1bN1_QqC1nTAU1taN1 : 2.9602148 (0.04)%
       GtT1bC2hC1wN1_QqN2taTAU1taN1 : 2.9576385 (0.04)%
          GbB2tC2wN1_QqN2taTAU1taN1 : 2.9490402 (0.04)%
        GtT2bC2wN2hN1_QqC1nTAU1taN1 : 2.9301355 (0.04)%
    QqC2hC1nTAU1taN1_QqN2taTAU1taN1 : 2.9245921 (0.04)%
              QqC1wN1_QqC2nTAU1taN1 : 2.9212087 (0.04)%
     C2zC1nTAU1taN1_N4hN2taTAU1taN1 : 2.9200202 (0.04)%
     C2hC1nTAU1taN1_N3zN2taTAU1taN1 : 2.9025013 (0.04)%
                     C2wN1_N3wC1wN1 : 2.8962479 (0.04)%
       C2wN2taTAU1taN1_N3taTAU1taN1 : 2.8843990 (0.04)%
                     C2wN1_N4wC1wN1 : 2.8838896 (0.04)%
 GtT2bC2hC1nTAU1taN1_QqN2taTAU1taN1 : 2.8777653 (0.04)%
           GtT2bC2nTAU1taN1_QqC1wN1 : 2.8744362 (0.04)%
          GtT1tN3zN1_QqN2taTAU1taN1 : 2.8393096 (0.04)%
         C2hC1nTAU1taN1_C2nTAU1taN1 : 2.8013307 (0.04)%
                    QqC1wN1_QqC2wN1 : 2.7919020 (0.04)%
   QqC2wN2taTAU1taN1_QqN2taTAU1taN1 : 2.7834582 (0.04)%
           GtT2tN3zN1_QqC1nTAU1taN1 : 2.7683584 (0.03)%
        C2zC1nTAU1taN1_N3taTAU1taN1 : 2.7670483 (0.03)%
    C2wN2taTAU1taN1_N3zN2taTAU1taN1 : 2.7624335 (0.03)%
              GbB1tC2wN2hN1_QqC1wN1 : 2.7491447 (0.03)%
                 GtT2bC2wN1_QqC1wN1 : 2.7471998 (0.03)%
GtT2bC2wN2taTAU1taN1_QqN2taTAU1taN1 : 2.7388912 (0.03)%
     N3wC1nTAU1taN1_N4hN2taTAU1taN1 : 2.7386565 (0.03)%
           QqC1nTAU1taN1_QqN4wC1wN1 : 2.7289777 (0.03)%
           QqC1wN1_QqN4wC1nTAU1taN1 : 2.7289777 (0.03)%
       GtT1bC2zC1wN1_QqN2taTAU1taN1 : 2.7003862 (0.03)%
       GbB1tC2hC1wN1_QqN2taTAU1taN1 : 2.7000094 (0.03)%
                        N2hN1_N2hN1 : 2.6910739 (0.03)%
                 GtT2tN4hN1_QqC1wN1 : 2.6895132 (0.03)%
               C2hC1nTAU1taN1_C2wN1 : 2.6773304 (0.03)%
    QqC2zC1nTAU1taN1_QqN2taTAU1taN1 : 2.6702141 (0.03)%
        C2nTAU1taN1_C2wN2taTAU1taN1 : 2.6661451 (0.03)%
     C2zC1nTAU1taN1_N3zN2taTAU1taN1 : 2.6500448 (0.03)%
        C2hC1nTAU1taN1_N4taTAU1taN1 : 2.6318728 (0.03)%
 GtT2bC2zC1nTAU1taN1_QqN2taTAU1taN1 : 2.6274603 (0.03)%
              GbB2tC2wN2hN1_QqC1wN1 : 2.6205092 (0.03)%
    GtT1tN4taTAU1taN1_QqC1nTAU1taN1 : 2.6151318 (0.03)%
        GbB1bN3wC1wN1_QqC1nTAU1taN1 : 2.6059705 (0.03)%
        GbB1bN3wC1nTAU1taN1_QqC1wN1 : 2.6059705 (0.03)%
              GtT1tN3wC1wN1_QqN2hN1 : 2.6055794 (0.03)%
   GtT2tN4taTAU1taN1_QqN2taTAU1taN1 : 2.5879194 (0.03)%
        N3taTAU1taN1_N4wC1nTAU1taN1 : 2.5841120 (0.03)%
       GbB2tC2hC1wN1_QqN2taTAU1taN1 : 2.5736729 (0.03)%
         C2nTAU1taN1_C2zC1nTAU1taN1 : 2.5576739 (0.03)%
                 GbB1bN2hN1_QqC1wN1 : 2.5500936 (0.03)%
              C2wN1_C2wN2taTAU1taN1 : 2.5481287 (0.03)%
                  C2hC1wN1_N3wC1wN1 : 2.5276003 (0.03)%
        C2nTAU1taN1_N4hN2taTAU1taN1 : 2.5205447 (0.03)%
                  C2hC1wN1_N4wC1wN1 : 2.5168150 (0.03)%
  GtT2hT1bC1nTAU1taN1_QqC1nTAU1taN1 : 2.5091815 (0.03)%
       C2wN2taTAU1taN1_N4taTAU1taN1 : 2.5048648 (0.03)%
              GtT1tN4wC1wN1_QqC1wN1 : 2.5008060 (0.03)%
        GtT1bC2hC1nTAU1taN1_QqN2hN1 : 2.4966063 (0.03)%
              GtT1tN3zN2hN1_QqC1wN1 : 2.4927337 (0.03)%
                    GtT2tN1_QqC1wN1 : 2.4862391 (0.03)%
     N3zN2taTAU1taN1_N4wC1nTAU1taN1 : 2.4748440 (0.03)%
       GbB1tC2zC1wN1_QqN2taTAU1taN1 : 2.4651654 (0.03)%
               C2wN1_C2zC1nTAU1taN1 : 2.4444590 (0.03)%
        GbB2bN4wC1wN1_QqC1nTAU1taN1 : 2.4405611 (0.03)%
        GbB2bN4wC1nTAU1taN1_QqC1wN1 : 2.4405611 (0.03)%
                 QqC1wN1_QqC2hC1wN1 : 2.4365360 (0.03)%
                 GbB1tC1wN1_QqN2hN1 : 2.4294028 (0.03)%
              C2wN1_N4hN2taTAU1taN1 : 2.4089733 (0.03)%
                    N1_N2taTAU1taN1 : 2.4085236 (0.03)%
        C2zC1nTAU1taN1_N4taTAU1taN1 : 2.4029552 (0.03)%
              GtT2bC2hC1wN1_QqC1wN1 : 2.3975237 (0.03)%
           C2nTAU1taN1_N3taTAU1taN1 : 2.3885002 (0.03)%
       GtT1bC2wN2hN1_QqN2taTAU1taN1 : 2.3761260 (0.03)%
       GtT1bC2wN2taTAU1taN1_QqN2hN1 : 2.3761260 (0.03)%
       GtT2tN3wC1wN1_QqN2taTAU1taN1 : 2.3746573 (0.03)%
          GtT2tN3taTAU1taN1_QqC1wN1 : 2.3721165 (0.03)%
       GbB2tC2zC1wN1_QqN2taTAU1taN1 : 2.3498176 (0.03)%
            C2hC1nTAU1taN1_C2hC1wN1 : 2.3365476 (0.03)%
               C2hC1nTAU1taN1_N3zN1 : 2.3249939 (0.03)%
                  C2zC1wN1_N3wC1wN1 : 2.3077523 (0.03)%
       QqC2nTAU1taN1_QqN2taTAU1taN1 : 2.3049135 (0.03)%
                  C2zC1wN1_N4wC1wN1 : 2.2979051 (0.03)%
        C2nTAU1taN1_N3zN2taTAU1taN1 : 2.2875035 (0.03)%
                 C2wN1_N3taTAU1taN1 : 2.2827737 (0.03)%
    QqC1nTAU1taN1_QqN4hN2taTAU1taN1 : 2.2795722 (0.03)%
        GtT1bC2zC1nTAU1taN1_QqN2hN1 : 2.2794541 (0.03)%
        GbB1tC2hC1nTAU1taN1_QqN2hN1 : 2.2791360 (0.03)%
       GtT2tN3zN2taTAU1taN1_QqC1wN1 : 2.2718126 (0.03)%
    GtT2bC2nTAU1taN1_QqN2taTAU1taN1 : 2.2680087 (0.03)%
        GbB2bN3wC1wN1_QqC1nTAU1taN1 : 2.2550654 (0.03)%
        GbB2bN3wC1nTAU1taN1_QqC1wN1 : 2.2550654 (0.03)%
        N3wC1nTAU1taN1_N4taTAU1taN1 : 2.2537066 (0.03)%
                 QqC1wN1_QqC2zC1wN1 : 2.2246087 (0.03)%
           C2hC1wN1_C2wN2taTAU1taN1 : 2.2237913 (0.03)%
              C2wN2taTAU1taN1_N3zN1 : 2.2127952 (0.03)%
           GbB2tC1wN1_QqC1nTAU1taN1 : 2.2125745 (0.03)%
           GbB2tC1nTAU1taN1_QqC1wN1 : 2.2125745 (0.03)%
              GtT2tN4hN2hN1_QqC1wN1 : 2.2115840 (0.03)%
             QqC2wN1_QqN2taTAU1taN1 : 2.2028870 (0.03)%
              GtT2bC2zC1wN1_QqC1wN1 : 2.1889896 (0.03)%
                    GtT1tN1_QqN2hN1 : 2.1885653 (0.03)%
              C2wN1_N3zN2taTAU1taN1 : 2.1862476 (0.03)%
        GbB2tC2hC1nTAU1taN1_QqN2hN1 : 2.1724927 (0.03)%
       GbB1tC2wN2hN1_QqN2taTAU1taN1 : 2.1691503 (0.03)%
       GbB1tC2wN2taTAU1taN1_QqN2hN1 : 2.1691503 (0.03)%
          GtT2bC2wN1_QqN2taTAU1taN1 : 2.1676158 (0.03)%
               C2hC1nTAU1taN1_N4hN1 : 2.1581413 (0.03)%
                  N3wC1wN1_N4wC1wN1 : 2.1551812 (0.03)%
    QqN2taTAU1taN1_QqN4wC1nTAU1taN1 : 2.1532380 (0.03)%
           GtT1tN4hN1_QqC1nTAU1taN1 : 2.1444137 (0.03)%
            C2hC1nTAU1taN1_C2zC1wN1 : 2.1333171 (0.03)%
            C2hC1wN1_C2zC1nTAU1taN1 : 2.1333171 (0.03)%
               C2zC1nTAU1taN1_N3zN1 : 2.1227684 (0.03)%
          GtT2tN4hN1_QqN2taTAU1taN1 : 2.1220994 (0.03)%
        GbB1bN4wC1wN1_QqC1nTAU1taN1 : 2.1140315 (0.03)%
        GbB1bN4wC1nTAU1taN1_QqC1wN1 : 2.1140315 (0.03)%
                  C2nTAU1taN1_C2wN1 : 2.1100430 (0.03)%
           C2hC1wN1_N4hN2taTAU1taN1 : 2.1023482 (0.03)%
              GtT2tN4wC1wN1_QqN2hN1 : 2.0890178 (0.03)%
       GtT1tN4hN2taTAU1taN1_QqC1wN1 : 2.0889755 (0.03)%
        GbB1tC2zC1nTAU1taN1_QqN2hN1 : 2.0808992 (0.03)%
           C2nTAU1taN1_N4taTAU1taN1 : 2.0742172 (0.03)%
       GbB2tC2wN2taTAU1taN1_QqN2hN1 : 2.0676534 (0.03)%
       GbB2tC2wN2hN1_QqN2taTAU1taN1 : 2.0676534 (0.03)%
 GbB1bN3wC1nTAU1taN1_QqN2taTAU1taN1 : 2.0561820 (0.03)%
              C2wN2taTAU1taN1_N4hN1 : 2.0539945 (0.03)%
    GbB1bN3taTAU1taN1_QqC1nTAU1taN1 : 2.0539820 (0.03)%
          GtT1tN3taTAU1taN1_QqN2hN1 : 2.0536737 (0.03)%
 GbB2bN4hN2taTAU1taN1_QqC1nTAU1taN1 : 2.0386517 (0.03)%
                  C2wN2hN1_N3wC1wN1 : 2.0306392 (0.03)%
           C2wN2taTAU1taN1_C2zC1wN1 : 2.0303683 (0.03)%
                  C2wN2hN1_N4wC1wN1 : 2.0219745 (0.03)%
          GbB1bN2hN1_QqN2taTAU1taN1 : 2.0120936 (0.03)%
          GbB1bN2taTAU1taN1_QqN2hN1 : 2.0120936 (0.03)%
        GtT2tN3wC1nTAU1taN1_QqN2hN1 : 2.0044993 (0.03)%
              C2hC1wN1_N3taTAU1taN1 : 1.9922119 (0.03)%
        GbB2tC2zC1nTAU1taN1_QqN2hN1 : 1.9835316 (0.03)%
               N3zN1_N4wC1nTAU1taN1 : 1.9824270 (0.03)%
                 C2wN1_N4taTAU1taN1 : 1.9824024 (0.03)%
       GtT1tN4wC1wN1_QqN2taTAU1taN1 : 1.9732043 (0.02)%
               C2zC1nTAU1taN1_N4hN1 : 1.9704284 (0.02)%
           GtT1bC2nTAU1taN1_QqN2hN1 : 1.9676117 (0.02)%
 GbB1bN3zN2taTAU1taN1_QqC1nTAU1taN1 : 1.9671303 (0.02)%
       GtT1tN3zN2hN1_QqN2taTAU1taN1 : 1.9668350 (0.02)%
       GtT1tN3zN2taTAU1taN1_QqN2hN1 : 1.9668350 (0.02)%
             GtT2tN1_QqN2taTAU1taN1 : 1.9617106 (0.02)%
                 QqC1wN1_QqC2wN2hN1 : 1.9574794 (0.02)%
            C2zC1nTAU1taN1_C2zC1wN1 : 1.9477634 (0.02)%
                    GbB1bN1_QqC1wN1 : 1.9459103 (0.02)%
              GtT2bC2wN2hN1_QqC1wN1 : 1.9261375 (0.02)%
 GbB2bN4wC1nTAU1taN1_QqN2taTAU1taN1 : 1.9256694 (0.02)%
          QqC2hC1wN1_QqN2taTAU1taN1 : 1.9224935 (0.02)%
           C2zC1wN1_N4hN2taTAU1taN1 : 1.9194882 (0.02)%
        GtT2tN3zN2hN1_QqC1nTAU1taN1 : 1.9176859 (0.02)%
           C2hC1wN1_N3zN2taTAU1taN1 : 1.9079721 (0.02)%
       GtT2bC2hC1wN1_QqN2taTAU1taN1 : 1.8917118 (0.02)%
                 GtT1bC2wN1_QqN2hN1 : 1.8805158 (0.02)%
            C2hC1nTAU1taN1_C2wN2hN1 : 1.8771501 (0.02)%
       QqC1nTAU1taN1_QqN4taTAU1taN1 : 1.8759151 (0.02)%
   GtT2tN3taTAU1taN1_QqN2taTAU1taN1 : 1.8716648 (0.02)%
               N3wC1nTAU1taN1_N4hN1 : 1.8480442 (0.02)%
               C2hC1wN1_C2nTAU1taN1 : 1.8414671 (0.02)%
    GbB2bN2taTAU1taN1_QqC1nTAU1taN1 : 1.8366085 (0.02)%
                  C2nTAU1taN1_N3zN1 : 1.8323615 (0.02)%
                 GtT2tN3zN1_QqC1wN1 : 1.8197926 (0.02)%
              C2zC1wN1_N3taTAU1taN1 : 1.8189314 (0.02)%
           N3wC1wN1_N4hN2taTAU1taN1 : 1.8002679 (0.02)%
           GbB1tC2nTAU1taN1_QqN2hN1 : 1.7962203 (0.02)%
                 QqC1wN1_QqN4wC1wN1 : 1.7939056 (0.02)%
GtT2tN3zN2taTAU1taN1_QqN2taTAU1taN1 : 1.7925223 (0.02)%
           C2wN2hN1_C2wN2taTAU1taN1 : 1.7865633 (0.02)%
 GbB2bN3wC1nTAU1taN1_QqN2taTAU1taN1 : 1.7793082 (0.02)%
    GbB2bN3taTAU1taN1_QqC1nTAU1taN1 : 1.7774045 (0.02)%
      C2hC1nTAU1taN1_C2hC1nTAU1taN1 : 1.7772358 (0.02)%
            C2hC1nTAU1taN1_N4hN2hN1 : 1.7746374 (0.02)%
 GbB1bN4hN2taTAU1taN1_QqC1nTAU1taN1 : 1.7658947 (0.02)%
        GtT1tN4hN2hN1_QqC1nTAU1taN1 : 1.7633492 (0.02)%
                     C2hC1wN1_C2wN1 : 1.7599549 (0.02)%
          QqC2zC1wN1_QqN2taTAU1taN1 : 1.7552771 (0.02)%
                        C2wN1_N3zN1 : 1.7512524 (0.02)%
    GbB2tC1nTAU1taN1_QqN2taTAU1taN1 : 1.7457818 (0.02)%
       GtT2tN4hN2hN1_QqN2taTAU1taN1 : 1.7450002 (0.02)%
       GtT2tN4hN2taTAU1taN1_QqN2hN1 : 1.7450002 (0.02)%
           C2zC1wN1_N3zN2taTAU1taN1 : 1.7420187 (0.02)%
              C2hC1wN1_N4taTAU1taN1 : 1.7300732 (0.02)%
       GtT2bC2zC1wN1_QqN2taTAU1taN1 : 1.7271727 (0.02)%
          GtT1tN4taTAU1taN1_QqC1wN1 : 1.7190685 (0.02)%
                 GbB1tC2wN1_QqN2hN1 : 1.7167109 (0.02)%
            C2wN2hN1_C2zC1nTAU1taN1 : 1.7138776 (0.02)%
              GbB1bN3wC1wN1_QqC1wN1 : 1.7130462 (0.02)%
           GbB2tC2nTAU1taN1_QqN2hN1 : 1.7121731 (0.02)%
            T1bC1nTAU1taN1_T1bC1wN1 : 1.7057541 (0.02)%
 GbB2bN3zN2taTAU1taN1_QqC1nTAU1taN1 : 1.7022477 (0.02)%
                  C2nTAU1taN1_N4hN1 : 1.7008625 (0.02)%
              N3taTAU1taN1_N4wC1wN1 : 1.6986774 (0.02)%
            GqQqN1_GtT1bC1nTAU1taN1 : 1.6950716 (0.02)%
           C2wN2hN1_N4hN2taTAU1taN1 : 1.6889976 (0.02)%
           C2wN2taTAU1taN1_N4hN2hN1 : 1.6889976 (0.02)%
               C2nTAU1taN1_C2zC1wN1 : 1.6812983 (0.02)%
    GbB2bN4taTAU1taN1_QqC1nTAU1taN1 : 1.6776558 (0.02)%
 GbB1bN4wC1nTAU1taN1_QqN2taTAU1taN1 : 1.6680286 (0.02)%
        GtT1tN4wC1nTAU1taN1_QqN2hN1 : 1.6656242 (0.02)%
                 GtT1tN2hN1_QqN2hN1 : 1.6652760 (0.02)%
        GtT2hT1bC1wN1_QqC1nTAU1taN1 : 1.6494215 (0.02)%
        GtT2hT1bC1nTAU1taN1_QqC1wN1 : 1.6494215 (0.02)%
GtT1tN4hN2taTAU1taN1_QqN2taTAU1taN1 : 1.6482588 (0.02)%
              GtT1bC2hC1wN1_QqN2hN1 : 1.6411552 (0.02)%
   T1bC1nTAU1taN1_T1tN3wC1nTAU1taN1 : 1.6410129 (0.02)%
------------------------------------------------------------
                                                  SUM=90.02%
