/Users/rafalmaselek/Projects/fastlim-1.0
 
#################################################################
#                                                               #
#                                                               #
#                     This is Fastlim  ver. 1.0                 #
#                                                               #
#          A fast LHC limit calculator for BSM models.          #
#                                                               #
#                  http://cern.ch/fastlim-1.0/                  #
#                                                               #
#  for bugs/feature requests: fastlim-1.0.developers@gmail.com  #
#                                                               #
#    please refer to:                                           #
#    M.Papucci, K.Sakurai, A.Weiler, L.Zeune arXiv:1402.xxxx    #
#                                                               #
#################################################################
 
!!!-  ERROR  !!!
[Br(T2->all) =  1.1402456711232525 ]:  !!! The total Br is deviated from 1 !!!


!! Masses incompatible with the data for ERER !!

!! Problem with reading tables for ER ER !! Probably mass outside the table !! Setting xsec to 10^-20 !!

!! Masses incompatible with the data for ELEL !!

!! Problem with reading tables for EL EL !! Probably mass outside the table !! Setting xsec to 10^-20 !!

!! Masses incompatible with the data for TAU1TAU1 !!

!! Problem with reading tables for TAU1 TAU1 !! Probably mass outside the table !! Setting xsec to 10^-20 !!

!! Masses incompatible with the data for TAU2TAU2 !!

!! Problem with reading tables for TAU2 TAU2 !! Probably mass outside the table !! Setting xsec to 10^-20 !!
!! EWK PROCESS C1C2 NOT FOUND !! WILL TRY TO LOOK FOR +/- MODES !!
XSEC FOUND FOR: C1-C2+
XSEC FOUND FOR: C1+C2-
!! EWK PROCESS C1N1 NOT FOUND !! WILL TRY TO LOOK FOR +/- MODES !!
XSEC FOUND FOR: C1+N1
XSEC FOUND FOR: C1-N1
!! EWK PROCESS C1N2 NOT FOUND !! WILL TRY TO LOOK FOR +/- MODES !!
XSEC FOUND FOR: C1+N2
XSEC FOUND FOR: C1-N2
!! EWK PROCESS C1N3 NOT FOUND !! WILL TRY TO LOOK FOR +/- MODES !!
XSEC FOUND FOR: C1+N3
XSEC FOUND FOR: C1-N3
!! EWK PROCESS C1N4 NOT FOUND !! WILL TRY TO LOOK FOR +/- MODES !!
XSEC FOUND FOR: C1+N4
XSEC FOUND FOR: C1-N4
!! EWK PROCESS C2N1 NOT FOUND !! WILL TRY TO LOOK FOR +/- MODES !!
XSEC FOUND FOR: C2+N1
XSEC FOUND FOR: C2-N1
!! EWK PROCESS C2N2 NOT FOUND !! WILL TRY TO LOOK FOR +/- MODES !!
XSEC FOUND FOR: C2+N2
XSEC FOUND FOR: C2-N2
!! EWK PROCESS C2N3 NOT FOUND !! WILL TRY TO LOOK FOR +/- MODES !!
XSEC FOUND FOR: C2+N3
XSEC FOUND FOR: C2-N3
!! EWK PROCESS C2N4 NOT FOUND !! WILL TRY TO LOOK FOR +/- MODES !!
XSEC FOUND FOR: C2+N4
XSEC FOUND FOR: C2-N4
---------------  Output inclusive processes  ---------------
The total xsec = 1551848.29 [fb]
The total rate = 100.00%
Output upto 0.10%
                        Modes : xsec/fb      (rate)
                  C1wN1_N2hN1 : 128191.3297978 (8.26)%
                  C1wN1_C1wN1 : 81634.3641924 (5.26)%
                  C1wN1_N2zN1 : 36345.7493006 (2.34)%
           GbB1tC1wN1_QqC1wN1 : 25832.1025887 (1.66)%
      GbB1tC1wN1_QqGbB1tC1wN1 : 19867.0645279 (1.28)%
        GbB1bN2hN1_GbB1tC1wN1 : 14239.0891223 (0.92)%
        GbB1tC1wN1_GbB1tC1wN1 : 14051.8920110 (0.91)%
           GbB1bN2hN1_QqC1wN1 : 13088.1169130 (0.84)%
         QqC1wN1_QqGbB1tC1wN1 : 12604.3182403 (0.81)%
     GbB1bN3wC1wN1_GbB1tC1wN1 : 11856.3956173 (0.76)%
        GbB1bN3wC1wN1_QqC1wN1 : 10898.0209811 (0.70)%
           GbB1tC1wN1_QqN2hN1 : 10223.8849688 (0.66)%
      GbB1bN2hN1_QqGbB1tC1wN1 : 10065.8652298 (0.65)%
      GbB1tC1wN1_QqGbB1bN2hN1 : 10065.8652298 (0.65)%
     GbB1bN4wC1wN1_GbB1tC1wN1 : 9745.7046642 (0.63)%
     GbB1tC1wN1_GbB1tC2zC1wN1 : 9728.0957201 (0.63)%
     GbB1tC1wN1_GbB1tC2hC1wN1 : 9311.6547149 (0.60)%
        GbB1bN4wC1wN1_QqC1wN1 : 8957.9411259 (0.58)%
        GbB1tC2zC1wN1_QqC1wN1 : 8941.7555457 (0.58)%
        GbB1tC2hC1wN1_QqC1wN1 : 8558.9762460 (0.55)%
   GbB1tC1wN1_QqGbB1bN3wC1wN1 : 8381.4968338 (0.54)%
   GbB1bN3wC1wN1_QqGbB1tC1wN1 : 8381.4968338 (0.54)%
              QqC1wN1_QqC1wN1 : 8194.3671494 (0.53)%
     GbB1tC1wN1_GbB1tC2wN2hN1 : 8042.1261042 (0.52)%
        GbB1tC2wN2hN1_QqC1wN1 : 7392.0660077 (0.48)%
   GbB1tC1wN1_QqGbB1bN4wC1wN1 : 6889.4118771 (0.44)%
   GbB1bN4wC1wN1_QqGbB1tC1wN1 : 6889.4118771 (0.44)%
   GbB1tC1wN1_QqGbB1tC2zC1wN1 : 6876.9638015 (0.44)%
   GbB1tC2zC1wN1_QqGbB1tC1wN1 : 6876.9638015 (0.44)%
   GbB1tC1wN1_QqGbB1tC2hC1wN1 : 6582.5742518 (0.42)%
   GbB1tC2hC1wN1_QqGbB1tC1wN1 : 6582.5742518 (0.42)%
              QqC1wN1_QqN2hN1 : 6486.3684123 (0.42)%
         QqC1wN1_QqGbB1bN2hN1 : 6386.1154999 (0.41)%
     GbB1bN2hN1_GbB1bN3wC1wN1 : 6007.1723343 (0.39)%
            T1bC1wN1_T1bC1wN1 : 5909.3241599 (0.38)%
   GbB1tC1wN1_QqGbB1tC2wN2hN1 : 5685.1219085 (0.37)%
   GbB1tC2wN2hN1_QqGbB1tC1wN1 : 5685.1219085 (0.37)%
      QqC1wN1_QqGbB1bN3wC1wN1 : 5317.4968690 (0.34)%
           GbB1bN2hN1_QqN2hN1 : 5180.0429840 (0.33)%
      GbB1bN2hN1_QqGbB1bN2hN1 : 5099.9805573 (0.33)%
         QqGbB1tC1wN1_QqN2hN1 : 4988.5641076 (0.32)%
     GbB1bN2hN1_GbB1bN4wC1wN1 : 4937.7677100 (0.32)%
     GbB1bN2hN1_GbB1tC2zC1wN1 : 4928.8459462 (0.32)%
    QqGbB1bN2hN1_QqGbB1tC1wN1 : 4911.4611667 (0.32)%
    QqGbB1tC1wN1_QqGbB1tC1wN1 : 4846.8916332 (0.31)%
           GbB1bN1_GbB1tC1wN1 : 4761.5137206 (0.31)%
     GbB1bN2hN1_GbB1tC2hC1wN1 : 4717.8515625 (0.30)%
              GbB1bN1_QqC1wN1 : 4376.6316597 (0.28)%
      QqC1wN1_QqGbB1bN4wC1wN1 : 4370.8691672 (0.28)%
      QqC1wN1_QqGbB1tC2zC1wN1 : 4362.9716992 (0.28)%
        GbB1bN3wC1wN1_QqN2hN1 : 4313.2421186 (0.28)%
   GbB1bN2hN1_QqGbB1bN3wC1wN1 : 4246.5769130 (0.27)%
   GbB1bN3wC1wN1_QqGbB1bN2hN1 : 4246.5769130 (0.27)%
      QqC1wN1_QqGbB1tC2hC1wN1 : 4176.2013001 (0.27)%
  GbB1bN3wC1wN1_GbB1bN4wC1wN1 : 4111.5079015 (0.26)%
  GbB1bN3wC1wN1_GbB1tC2zC1wN1 : 4104.0790582 (0.26)%
 QqGbB1bN3wC1wN1_QqGbB1tC1wN1 : 4089.6033554 (0.26)%
     GbB1bN2hN1_GbB1tC2wN2hN1 : 4074.6310263 (0.26)%
        GbB1bN2zN1_GbB1tC1wN1 : 4037.1713463 (0.26)%
         T1bC1wN1_T1tN3wC1wN1 : 3987.8821643 (0.26)%
        GbB1tC1wN1_GbB1tC2wN1 : 3968.1303495 (0.26)%
  GbB1bN3wC1wN1_GbB1tC2hC1wN1 : 3928.3913535 (0.25)%
     GbB1bN3zN2hN1_GbB1tC1wN1 : 3893.2387476 (0.25)%
        GbB1tC1wN1_GtT1bC1wN1 : 3740.3185717 (0.24)%
           GbB1bN2zN1_QqC1wN1 : 3710.8392345 (0.24)%
           GbB1tC2wN1_QqC1wN1 : 3647.3789506 (0.24)%
        GbB1bN2hN1_GbB1bN2hN1 : 3607.1950111 (0.23)%
      QqC1wN1_QqGbB1tC2wN2hN1 : 3606.8280580 (0.23)%
        GbB1bN3zN2hN1_QqC1wN1 : 3578.5409769 (0.23)%
        GbB1bN4wC1wN1_QqN2hN1 : 3545.3931524 (0.23)%
        GbB1tC2zC1wN1_QqN2hN1 : 3538.9871887 (0.23)%
GbB1bN3wC1wN1_QqGbB1bN3wC1wN1 : 3535.9772993 (0.23)%
   GbB1bN2hN1_QqGbB1bN4wC1wN1 : 3490.5957732 (0.22)%
   GbB1bN4wC1wN1_QqGbB1bN2hN1 : 3490.5957732 (0.22)%
   GbB1bN2hN1_QqGbB1tC2zC1wN1 : 3484.2888198 (0.22)%
   GbB1tC2zC1wN1_QqGbB1bN2hN1 : 3484.2888198 (0.22)%
            T1bC1wN1_T1tN2hN1 : 3449.8848687 (0.22)%
           GtT1bC1wN1_QqC1wN1 : 3437.9816249 (0.22)%
  GbB1bN3wC1wN1_GbB1tC2wN2hN1 : 3392.8039236 (0.22)%
        GbB1tC2hC1wN1_QqN2hN1 : 3387.4899764 (0.22)%
  GbB1bN4wC1wN1_GbB1tC2zC1wN1 : 3373.4655717 (0.22)%
         GbB1bN1_QqGbB1tC1wN1 : 3365.9986948 (0.22)%
         GbB1tC1wN1_QqGbB1bN1 : 3365.9986948 (0.22)%
 QqGbB1bN4wC1wN1_QqGbB1tC1wN1 : 3361.5668523 (0.22)%
 QqGbB1tC1wN1_QqGbB1tC2zC1wN1 : 3355.4930337 (0.22)%
   GbB1bN2hN1_QqGbB1tC2hC1wN1 : 3335.1331391 (0.21)%
   GbB1tC2hC1wN1_QqGbB1bN2hN1 : 3335.1331391 (0.21)%
  GbB1bN4wC1wN1_GbB1tC2hC1wN1 : 3229.0540205 (0.21)%
  GbB1tC2hC1wN1_GbB1tC2zC1wN1 : 3223.2196315 (0.21)%
 QqGbB1tC1wN1_QqGbB1tC2hC1wN1 : 3211.8508521 (0.21)%
     GbB1bN4hN2hN1_GbB1tC1wN1 : 3175.7211202 (0.20)%
        GbB1tC2wN2hN1_QqN2hN1 : 2925.6477395 (0.19)%
        GbB1bN4hN2hN1_QqC1wN1 : 2919.0216416 (0.19)%
GbB1bN4wC1wN1_QqGbB1bN3wC1wN1 : 2906.4980261 (0.19)%
GbB1bN3wC1wN1_QqGbB1bN4wC1wN1 : 2906.4980261 (0.19)%
GbB1bN3wC1wN1_QqGbB1tC2zC1wN1 : 2901.2464447 (0.19)%
GbB1tC2zC1wN1_QqGbB1bN3wC1wN1 : 2901.2464447 (0.19)%
           GbB1tC1wN1_QqN2zN1 : 2898.7511132 (0.19)%
   GbB1bN2hN1_QqGbB1tC2wN2hN1 : 2880.4291074 (0.19)%
   GbB1tC2wN2hN1_QqGbB1bN2hN1 : 2880.4291074 (0.19)%
      GbB1bN2zN1_QqGbB1tC1wN1 : 2853.9481938 (0.18)%
      GbB1tC1wN1_QqGbB1bN2zN1 : 2853.9481938 (0.18)%
      GbB1tC1wN1_QqGbB1tC2wN1 : 2805.1418858 (0.18)%
      GbB1tC2wN1_QqGbB1tC1wN1 : 2805.1418858 (0.18)%
  GbB1bN4wC1wN1_GbB1tC2wN2hN1 : 2788.8125607 (0.18)%
  GbB1tC2wN2hN1_GbB1tC2zC1wN1 : 2783.7736183 (0.18)%
GbB1bN3wC1wN1_QqGbB1tC2hC1wN1 : 2777.0496830 (0.18)%
GbB1tC2hC1wN1_QqGbB1bN3wC1wN1 : 2777.0496830 (0.18)%
 QqGbB1tC1wN1_QqGbB1tC2wN2hN1 : 2773.9548309 (0.18)%
   GbB1tC1wN1_QqGbB1bN3zN2hN1 : 2752.1996810 (0.18)%
   GbB1bN3zN2hN1_QqGbB1tC1wN1 : 2752.1996810 (0.18)%
  GbB1tC2hC1wN1_GbB1tC2wN2hN1 : 2664.6056416 (0.17)%
      GtT1bC1wN1_QqGbB1tC1wN1 : 2644.0976902 (0.17)%
      GbB1tC1wN1_QqGtT1bC1wN1 : 2644.0976902 (0.17)%
         QqGbB1bN2hN1_QqN2hN1 : 2527.5104899 (0.16)%
  GbB1bN3wC1wN1_GbB1bN3wC1wN1 : 2500.9820194 (0.16)%
           GbB1bN1_GbB1bN2hN1 : 2412.4729315 (0.16)%
GbB1bN3wC1wN1_QqGbB1tC2wN2hN1 : 2398.4334076 (0.15)%
GbB1tC2wN2hN1_QqGbB1bN3wC1wN1 : 2398.4334076 (0.15)%
GbB1bN4wC1wN1_QqGbB1bN4wC1wN1 : 2389.0794710 (0.15)%
GbB1bN4wC1wN1_QqGbB1tC2zC1wN1 : 2384.7627830 (0.15)%
GbB1tC2zC1wN1_QqGbB1bN4wC1wN1 : 2384.7627830 (0.15)%
GbB1tC2zC1wN1_QqGbB1tC2zC1wN1 : 2380.4538945 (0.15)%
         T1bC1wN1_T1bC2zC1wN1 : 2316.1738682 (0.15)%
GbB1tC2hC1wN1_QqGbB1bN4wC1wN1 : 2282.6756902 (0.15)%
GbB1bN4wC1wN1_QqGbB1tC2hC1wN1 : 2282.6756902 (0.15)%
     GbB1tC1wN1_GbB1tC2wN2zN1 : 2280.1627824 (0.15)%
GbB1tC2hC1wN1_QqGbB1tC2zC1wN1 : 2278.5512569 (0.15)%
GbB1tC2zC1wN1_QqGbB1tC2hC1wN1 : 2278.5512569 (0.15)%
   GbB1tC1wN1_QqGbB1bN4hN2hN1 : 2244.9737149 (0.14)%
   GbB1bN4hN2hN1_QqGbB1tC1wN1 : 2244.9737149 (0.14)%
         T1bC1wN1_T1bC2hC1wN1 : 2217.0229344 (0.14)%
GbB1tC2hC1wN1_QqGbB1tC2hC1wN1 : 2181.0108746 (0.14)%
            QqC1wN1_QqGbB1bN1 : 2135.5001231 (0.14)%
      QqGbB1bN3wC1wN1_QqN2hN1 : 2104.5703161 (0.14)%
        GbB1tC2wN2zN1_QqC1wN1 : 2095.8529594 (0.14)%
        GbB1bN3zN1_GbB1tC1wN1 : 2090.5356551 (0.13)%
 QqGbB1bN2hN1_QqGbB1bN3wC1wN1 : 2072.0422064 (0.13)%
        GbB1bN2hN1_GbB1bN2zN1 : 2045.4769563 (0.13)%
        GbB1bN2hN1_GbB1tC2wN1 : 2010.4965812 (0.13)%
        GbB1bN1_GbB1bN3wC1wN1 : 2008.7825314 (0.13)%
     GbB1bN2hN1_GbB1bN3zN2hN1 : 1972.5519331 (0.13)%
GbB1bN4wC1wN1_QqGbB1tC2wN2hN1 : 1971.4611761 (0.13)%
GbB1tC2wN2hN1_QqGbB1bN4wC1wN1 : 1971.4611761 (0.13)%
GbB1tC2zC1wN1_QqGbB1tC2wN2hN1 : 1967.8990581 (0.13)%
GbB1tC2wN2hN1_QqGbB1tC2zC1wN1 : 1967.8990581 (0.13)%
           GbB1bN3zN1_QqC1wN1 : 1921.5537476 (0.12)%
         T1bC1wN1_T1bC2wN2hN1 : 1914.7593592 (0.12)%
        GbB1bN2hN1_GtT1bC1wN1 : 1895.0732558 (0.12)%
GbB1tC2hC1wN1_QqGbB1tC2wN2hN1 : 1883.6570969 (0.12)%
GbB1tC2wN2hN1_QqGbB1tC2hC1wN1 : 1883.6570969 (0.12)%
              QqC1wN1_QqN2zN1 : 1839.0629113 (0.12)%
         QqC1wN1_QqGbB1bN2zN1 : 1810.6384678 (0.12)%
         QqC1wN1_QqGbB1tC2wN1 : 1779.6741430 (0.11)%
      QqC1wN1_QqGbB1bN3zN2hN1 : 1746.0858695 (0.11)%
              GbB1bN1_QqN2hN1 : 1732.1926655 (0.11)%
      QqGbB1bN4wC1wN1_QqN2hN1 : 1729.9119739 (0.11)%
      QqGbB1tC2zC1wN1_QqN2hN1 : 1726.7862971 (0.11)%
         GbB1bN1_QqGbB1bN2hN1 : 1705.4200019 (0.11)%
         GbB1bN2hN1_QqGbB1bN1 : 1705.4200019 (0.11)%
     GbB1bN2zN1_GbB1bN3wC1wN1 : 1703.1977124 (0.11)%
 QqGbB1bN2hN1_QqGbB1bN4wC1wN1 : 1703.1745605 (0.11)%
 QqGbB1bN2hN1_QqGbB1tC2zC1wN1 : 1700.0971940 (0.11)%
  GbB1bN4wC1wN1_GbB1bN4wC1wN1 : 1689.7859613 (0.11)%
  GbB1tC2zC1wN1_GbB1tC2zC1wN1 : 1683.6851270 (0.11)%
         QqC1wN1_QqGtT1bC1wN1 : 1677.5024161 (0.11)%
     GbB1bN3wC1wN1_GbB1tC2wN1 : 1674.0707674 (0.11)%
      QqGbB1tC2hC1wN1_QqN2hN1 : 1652.8659079 (0.11)%
        GbB1bN1_GbB1bN4wC1wN1 : 1651.1764551 (0.11)%
        GbB1bN1_GbB1tC2zC1wN1 : 1648.1930408 (0.11)%
  GbB1bN3wC1wN1_GbB1bN3zN2hN1 : 1642.4755751 (0.11)%
       QqGbB1bN1_QqGbB1tC1wN1 : 1642.3796166 (0.11)%
 QqGbB1bN2hN1_QqGbB1tC2hC1wN1 : 1627.3193138 (0.10)%
GbB1tC2wN2hN1_QqGbB1tC2wN2hN1 : 1626.8438183 (0.10)%
   GbB1tC1wN1_QqGbB1tC2wN2zN1 : 1611.8876055 (0.10)%
   GbB1tC2wN2zN1_QqGbB1tC1wN1 : 1611.8876055 (0.10)%
     GbB1bN2hN1_GbB1bN4hN2hN1 : 1609.0137906 (0.10)%
     GbB1bN3wC1wN1_GtT1bC1wN1 : 1577.9617679 (0.10)%
        GbB1bN1_GbB1tC2hC1wN1 : 1577.6370773 (0.10)%
  GbB1tC2hC1wN1_GbB1tC2hC1wN1 : 1542.6199095 (0.10)%
------------------------------------------------------------
                                            SUM=63.00%

SHOWING PROCESSES TO GET 90.00% SUSY COVERAGE
---------------  Output inclusive processes  ---------------
The total xsec = 1551848.29 [fb]
The total rate = 100.00%
                          Modes : xsec/fb      (rate)
                    C1wN1_N2hN1 : 128191.3297978 (8.26)%
                    C1wN1_C1wN1 : 81634.3641924 (5.26)%
                    C1wN1_N2zN1 : 36345.7493006 (2.34)%
             GbB1tC1wN1_QqC1wN1 : 25832.1025887 (1.66)%
        GbB1tC1wN1_QqGbB1tC1wN1 : 19867.0645279 (1.28)%
          GbB1bN2hN1_GbB1tC1wN1 : 14239.0891223 (0.92)%
          GbB1tC1wN1_GbB1tC1wN1 : 14051.8920110 (0.91)%
             GbB1bN2hN1_QqC1wN1 : 13088.1169130 (0.84)%
           QqC1wN1_QqGbB1tC1wN1 : 12604.3182403 (0.81)%
       GbB1bN3wC1wN1_GbB1tC1wN1 : 11856.3956173 (0.76)%
          GbB1bN3wC1wN1_QqC1wN1 : 10898.0209811 (0.70)%
             GbB1tC1wN1_QqN2hN1 : 10223.8849688 (0.66)%
        GbB1bN2hN1_QqGbB1tC1wN1 : 10065.8652298 (0.65)%
        GbB1tC1wN1_QqGbB1bN2hN1 : 10065.8652298 (0.65)%
       GbB1bN4wC1wN1_GbB1tC1wN1 : 9745.7046642 (0.63)%
       GbB1tC1wN1_GbB1tC2zC1wN1 : 9728.0957201 (0.63)%
       GbB1tC1wN1_GbB1tC2hC1wN1 : 9311.6547149 (0.60)%
          GbB1bN4wC1wN1_QqC1wN1 : 8957.9411259 (0.58)%
          GbB1tC2zC1wN1_QqC1wN1 : 8941.7555457 (0.58)%
          GbB1tC2hC1wN1_QqC1wN1 : 8558.9762460 (0.55)%
     GbB1tC1wN1_QqGbB1bN3wC1wN1 : 8381.4968338 (0.54)%
     GbB1bN3wC1wN1_QqGbB1tC1wN1 : 8381.4968338 (0.54)%
                QqC1wN1_QqC1wN1 : 8194.3671494 (0.53)%
       GbB1tC1wN1_GbB1tC2wN2hN1 : 8042.1261042 (0.52)%
          GbB1tC2wN2hN1_QqC1wN1 : 7392.0660077 (0.48)%
     GbB1tC1wN1_QqGbB1bN4wC1wN1 : 6889.4118771 (0.44)%
     GbB1bN4wC1wN1_QqGbB1tC1wN1 : 6889.4118771 (0.44)%
     GbB1tC1wN1_QqGbB1tC2zC1wN1 : 6876.9638015 (0.44)%
     GbB1tC2zC1wN1_QqGbB1tC1wN1 : 6876.9638015 (0.44)%
     GbB1tC1wN1_QqGbB1tC2hC1wN1 : 6582.5742518 (0.42)%
     GbB1tC2hC1wN1_QqGbB1tC1wN1 : 6582.5742518 (0.42)%
                QqC1wN1_QqN2hN1 : 6486.3684123 (0.42)%
           QqC1wN1_QqGbB1bN2hN1 : 6386.1154999 (0.41)%
       GbB1bN2hN1_GbB1bN3wC1wN1 : 6007.1723343 (0.39)%
              T1bC1wN1_T1bC1wN1 : 5909.3241599 (0.38)%
     GbB1tC1wN1_QqGbB1tC2wN2hN1 : 5685.1219085 (0.37)%
     GbB1tC2wN2hN1_QqGbB1tC1wN1 : 5685.1219085 (0.37)%
        QqC1wN1_QqGbB1bN3wC1wN1 : 5317.4968690 (0.34)%
             GbB1bN2hN1_QqN2hN1 : 5180.0429840 (0.33)%
        GbB1bN2hN1_QqGbB1bN2hN1 : 5099.9805573 (0.33)%
           QqGbB1tC1wN1_QqN2hN1 : 4988.5641076 (0.32)%
       GbB1bN2hN1_GbB1bN4wC1wN1 : 4937.7677100 (0.32)%
       GbB1bN2hN1_GbB1tC2zC1wN1 : 4928.8459462 (0.32)%
      QqGbB1bN2hN1_QqGbB1tC1wN1 : 4911.4611667 (0.32)%
      QqGbB1tC1wN1_QqGbB1tC1wN1 : 4846.8916332 (0.31)%
             GbB1bN1_GbB1tC1wN1 : 4761.5137206 (0.31)%
       GbB1bN2hN1_GbB1tC2hC1wN1 : 4717.8515625 (0.30)%
                GbB1bN1_QqC1wN1 : 4376.6316597 (0.28)%
        QqC1wN1_QqGbB1bN4wC1wN1 : 4370.8691672 (0.28)%
        QqC1wN1_QqGbB1tC2zC1wN1 : 4362.9716992 (0.28)%
          GbB1bN3wC1wN1_QqN2hN1 : 4313.2421186 (0.28)%
     GbB1bN2hN1_QqGbB1bN3wC1wN1 : 4246.5769130 (0.27)%
     GbB1bN3wC1wN1_QqGbB1bN2hN1 : 4246.5769130 (0.27)%
        QqC1wN1_QqGbB1tC2hC1wN1 : 4176.2013001 (0.27)%
    GbB1bN3wC1wN1_GbB1bN4wC1wN1 : 4111.5079015 (0.26)%
    GbB1bN3wC1wN1_GbB1tC2zC1wN1 : 4104.0790582 (0.26)%
   QqGbB1bN3wC1wN1_QqGbB1tC1wN1 : 4089.6033554 (0.26)%
       GbB1bN2hN1_GbB1tC2wN2hN1 : 4074.6310263 (0.26)%
          GbB1bN2zN1_GbB1tC1wN1 : 4037.1713463 (0.26)%
           T1bC1wN1_T1tN3wC1wN1 : 3987.8821643 (0.26)%
          GbB1tC1wN1_GbB1tC2wN1 : 3968.1303495 (0.26)%
    GbB1bN3wC1wN1_GbB1tC2hC1wN1 : 3928.3913535 (0.25)%
       GbB1bN3zN2hN1_GbB1tC1wN1 : 3893.2387476 (0.25)%
          GbB1tC1wN1_GtT1bC1wN1 : 3740.3185717 (0.24)%
             GbB1bN2zN1_QqC1wN1 : 3710.8392345 (0.24)%
             GbB1tC2wN1_QqC1wN1 : 3647.3789506 (0.24)%
          GbB1bN2hN1_GbB1bN2hN1 : 3607.1950111 (0.23)%
        QqC1wN1_QqGbB1tC2wN2hN1 : 3606.8280580 (0.23)%
          GbB1bN3zN2hN1_QqC1wN1 : 3578.5409769 (0.23)%
          GbB1bN4wC1wN1_QqN2hN1 : 3545.3931524 (0.23)%
          GbB1tC2zC1wN1_QqN2hN1 : 3538.9871887 (0.23)%
  GbB1bN3wC1wN1_QqGbB1bN3wC1wN1 : 3535.9772993 (0.23)%
     GbB1bN2hN1_QqGbB1bN4wC1wN1 : 3490.5957732 (0.22)%
     GbB1bN4wC1wN1_QqGbB1bN2hN1 : 3490.5957732 (0.22)%
     GbB1bN2hN1_QqGbB1tC2zC1wN1 : 3484.2888198 (0.22)%
     GbB1tC2zC1wN1_QqGbB1bN2hN1 : 3484.2888198 (0.22)%
              T1bC1wN1_T1tN2hN1 : 3449.8848687 (0.22)%
             GtT1bC1wN1_QqC1wN1 : 3437.9816249 (0.22)%
    GbB1bN3wC1wN1_GbB1tC2wN2hN1 : 3392.8039236 (0.22)%
          GbB1tC2hC1wN1_QqN2hN1 : 3387.4899764 (0.22)%
    GbB1bN4wC1wN1_GbB1tC2zC1wN1 : 3373.4655717 (0.22)%
           GbB1bN1_QqGbB1tC1wN1 : 3365.9986948 (0.22)%
           GbB1tC1wN1_QqGbB1bN1 : 3365.9986948 (0.22)%
   QqGbB1bN4wC1wN1_QqGbB1tC1wN1 : 3361.5668523 (0.22)%
   QqGbB1tC1wN1_QqGbB1tC2zC1wN1 : 3355.4930337 (0.22)%
     GbB1bN2hN1_QqGbB1tC2hC1wN1 : 3335.1331391 (0.21)%
     GbB1tC2hC1wN1_QqGbB1bN2hN1 : 3335.1331391 (0.21)%
    GbB1bN4wC1wN1_GbB1tC2hC1wN1 : 3229.0540205 (0.21)%
    GbB1tC2hC1wN1_GbB1tC2zC1wN1 : 3223.2196315 (0.21)%
   QqGbB1tC1wN1_QqGbB1tC2hC1wN1 : 3211.8508521 (0.21)%
       GbB1bN4hN2hN1_GbB1tC1wN1 : 3175.7211202 (0.20)%
          GbB1tC2wN2hN1_QqN2hN1 : 2925.6477395 (0.19)%
          GbB1bN4hN2hN1_QqC1wN1 : 2919.0216416 (0.19)%
  GbB1bN4wC1wN1_QqGbB1bN3wC1wN1 : 2906.4980261 (0.19)%
  GbB1bN3wC1wN1_QqGbB1bN4wC1wN1 : 2906.4980261 (0.19)%
  GbB1bN3wC1wN1_QqGbB1tC2zC1wN1 : 2901.2464447 (0.19)%
  GbB1tC2zC1wN1_QqGbB1bN3wC1wN1 : 2901.2464447 (0.19)%
             GbB1tC1wN1_QqN2zN1 : 2898.7511132 (0.19)%
     GbB1bN2hN1_QqGbB1tC2wN2hN1 : 2880.4291074 (0.19)%
     GbB1tC2wN2hN1_QqGbB1bN2hN1 : 2880.4291074 (0.19)%
        GbB1bN2zN1_QqGbB1tC1wN1 : 2853.9481938 (0.18)%
        GbB1tC1wN1_QqGbB1bN2zN1 : 2853.9481938 (0.18)%
        GbB1tC1wN1_QqGbB1tC2wN1 : 2805.1418858 (0.18)%
        GbB1tC2wN1_QqGbB1tC1wN1 : 2805.1418858 (0.18)%
    GbB1bN4wC1wN1_GbB1tC2wN2hN1 : 2788.8125607 (0.18)%
    GbB1tC2wN2hN1_GbB1tC2zC1wN1 : 2783.7736183 (0.18)%
  GbB1bN3wC1wN1_QqGbB1tC2hC1wN1 : 2777.0496830 (0.18)%
  GbB1tC2hC1wN1_QqGbB1bN3wC1wN1 : 2777.0496830 (0.18)%
   QqGbB1tC1wN1_QqGbB1tC2wN2hN1 : 2773.9548309 (0.18)%
     GbB1tC1wN1_QqGbB1bN3zN2hN1 : 2752.1996810 (0.18)%
     GbB1bN3zN2hN1_QqGbB1tC1wN1 : 2752.1996810 (0.18)%
    GbB1tC2hC1wN1_GbB1tC2wN2hN1 : 2664.6056416 (0.17)%
        GtT1bC1wN1_QqGbB1tC1wN1 : 2644.0976902 (0.17)%
        GbB1tC1wN1_QqGtT1bC1wN1 : 2644.0976902 (0.17)%
           QqGbB1bN2hN1_QqN2hN1 : 2527.5104899 (0.16)%
    GbB1bN3wC1wN1_GbB1bN3wC1wN1 : 2500.9820194 (0.16)%
             GbB1bN1_GbB1bN2hN1 : 2412.4729315 (0.16)%
  GbB1bN3wC1wN1_QqGbB1tC2wN2hN1 : 2398.4334076 (0.15)%
  GbB1tC2wN2hN1_QqGbB1bN3wC1wN1 : 2398.4334076 (0.15)%
  GbB1bN4wC1wN1_QqGbB1bN4wC1wN1 : 2389.0794710 (0.15)%
  GbB1bN4wC1wN1_QqGbB1tC2zC1wN1 : 2384.7627830 (0.15)%
  GbB1tC2zC1wN1_QqGbB1bN4wC1wN1 : 2384.7627830 (0.15)%
  GbB1tC2zC1wN1_QqGbB1tC2zC1wN1 : 2380.4538945 (0.15)%
           T1bC1wN1_T1bC2zC1wN1 : 2316.1738682 (0.15)%
  GbB1tC2hC1wN1_QqGbB1bN4wC1wN1 : 2282.6756902 (0.15)%
  GbB1bN4wC1wN1_QqGbB1tC2hC1wN1 : 2282.6756902 (0.15)%
       GbB1tC1wN1_GbB1tC2wN2zN1 : 2280.1627824 (0.15)%
  GbB1tC2hC1wN1_QqGbB1tC2zC1wN1 : 2278.5512569 (0.15)%
  GbB1tC2zC1wN1_QqGbB1tC2hC1wN1 : 2278.5512569 (0.15)%
     GbB1tC1wN1_QqGbB1bN4hN2hN1 : 2244.9737149 (0.14)%
     GbB1bN4hN2hN1_QqGbB1tC1wN1 : 2244.9737149 (0.14)%
           T1bC1wN1_T1bC2hC1wN1 : 2217.0229344 (0.14)%
  GbB1tC2hC1wN1_QqGbB1tC2hC1wN1 : 2181.0108746 (0.14)%
              QqC1wN1_QqGbB1bN1 : 2135.5001231 (0.14)%
        QqGbB1bN3wC1wN1_QqN2hN1 : 2104.5703161 (0.14)%
          GbB1tC2wN2zN1_QqC1wN1 : 2095.8529594 (0.14)%
          GbB1bN3zN1_GbB1tC1wN1 : 2090.5356551 (0.13)%
   QqGbB1bN2hN1_QqGbB1bN3wC1wN1 : 2072.0422064 (0.13)%
          GbB1bN2hN1_GbB1bN2zN1 : 2045.4769563 (0.13)%
          GbB1bN2hN1_GbB1tC2wN1 : 2010.4965812 (0.13)%
          GbB1bN1_GbB1bN3wC1wN1 : 2008.7825314 (0.13)%
       GbB1bN2hN1_GbB1bN3zN2hN1 : 1972.5519331 (0.13)%
  GbB1bN4wC1wN1_QqGbB1tC2wN2hN1 : 1971.4611761 (0.13)%
  GbB1tC2wN2hN1_QqGbB1bN4wC1wN1 : 1971.4611761 (0.13)%
  GbB1tC2zC1wN1_QqGbB1tC2wN2hN1 : 1967.8990581 (0.13)%
  GbB1tC2wN2hN1_QqGbB1tC2zC1wN1 : 1967.8990581 (0.13)%
             GbB1bN3zN1_QqC1wN1 : 1921.5537476 (0.12)%
           T1bC1wN1_T1bC2wN2hN1 : 1914.7593592 (0.12)%
          GbB1bN2hN1_GtT1bC1wN1 : 1895.0732558 (0.12)%
  GbB1tC2hC1wN1_QqGbB1tC2wN2hN1 : 1883.6570969 (0.12)%
  GbB1tC2wN2hN1_QqGbB1tC2hC1wN1 : 1883.6570969 (0.12)%
                QqC1wN1_QqN2zN1 : 1839.0629113 (0.12)%
           QqC1wN1_QqGbB1bN2zN1 : 1810.6384678 (0.12)%
           QqC1wN1_QqGbB1tC2wN1 : 1779.6741430 (0.11)%
        QqC1wN1_QqGbB1bN3zN2hN1 : 1746.0858695 (0.11)%
                GbB1bN1_QqN2hN1 : 1732.1926655 (0.11)%
        QqGbB1bN4wC1wN1_QqN2hN1 : 1729.9119739 (0.11)%
        QqGbB1tC2zC1wN1_QqN2hN1 : 1726.7862971 (0.11)%
           GbB1bN1_QqGbB1bN2hN1 : 1705.4200019 (0.11)%
           GbB1bN2hN1_QqGbB1bN1 : 1705.4200019 (0.11)%
       GbB1bN2zN1_GbB1bN3wC1wN1 : 1703.1977124 (0.11)%
   QqGbB1bN2hN1_QqGbB1bN4wC1wN1 : 1703.1745605 (0.11)%
   QqGbB1bN2hN1_QqGbB1tC2zC1wN1 : 1700.0971940 (0.11)%
    GbB1bN4wC1wN1_GbB1bN4wC1wN1 : 1689.7859613 (0.11)%
    GbB1tC2zC1wN1_GbB1tC2zC1wN1 : 1683.6851270 (0.11)%
           QqC1wN1_QqGtT1bC1wN1 : 1677.5024161 (0.11)%
       GbB1bN3wC1wN1_GbB1tC2wN1 : 1674.0707674 (0.11)%
        QqGbB1tC2hC1wN1_QqN2hN1 : 1652.8659079 (0.11)%
          GbB1bN1_GbB1bN4wC1wN1 : 1651.1764551 (0.11)%
          GbB1bN1_GbB1tC2zC1wN1 : 1648.1930408 (0.11)%
    GbB1bN3wC1wN1_GbB1bN3zN2hN1 : 1642.4755751 (0.11)%
         QqGbB1bN1_QqGbB1tC1wN1 : 1642.3796166 (0.11)%
   QqGbB1bN2hN1_QqGbB1tC2hC1wN1 : 1627.3193138 (0.10)%
  GbB1tC2wN2hN1_QqGbB1tC2wN2hN1 : 1626.8438183 (0.10)%
     GbB1tC1wN1_QqGbB1tC2wN2zN1 : 1611.8876055 (0.10)%
     GbB1tC2wN2zN1_QqGbB1tC1wN1 : 1611.8876055 (0.10)%
       GbB1bN2hN1_GbB1bN4hN2hN1 : 1609.0137906 (0.10)%
       GbB1bN3wC1wN1_GtT1bC1wN1 : 1577.9617679 (0.10)%
          GbB1bN1_GbB1tC2hC1wN1 : 1577.6370773 (0.10)%
    GbB1tC2hC1wN1_GbB1tC2hC1wN1 : 1542.6199095 (0.10)%
          GbB1bN4hN1_GbB1tC1wN1 : 1493.8774820 (0.10)%
        GbB1tC1wN1_QqGbB1bN3zN1 : 1477.8368182 (0.10)%
        GbB1bN3zN1_QqGbB1tC1wN1 : 1477.8368182 (0.10)%
             GbB1bN2zN1_QqN2hN1 : 1468.6839115 (0.09)%
             GbB1bN2hN1_QqN2zN1 : 1468.6839115 (0.09)%
        GbB1bN2zN1_QqGbB1bN2hN1 : 1445.9840230 (0.09)%
        GbB1bN2hN1_QqGbB1bN2zN1 : 1445.9840230 (0.09)%
             GbB1tC2wN1_QqN2hN1 : 1443.5674642 (0.09)%
        QqGbB1tC2wN2hN1_QqN2hN1 : 1427.5181449 (0.09)%
        QqC1wN1_QqGbB1bN4hN2hN1 : 1424.2850575 (0.09)%
        GbB1tC2wN1_QqGbB1bN2hN1 : 1421.2557740 (0.09)%
        GbB1bN2hN1_QqGbB1tC2wN1 : 1421.2557740 (0.09)%
        GbB1bN1_QqGbB1bN3wC1wN1 : 1420.0440817 (0.09)%
        GbB1bN3wC1wN1_QqGbB1bN1 : 1420.0440817 (0.09)%
QqGbB1bN3wC1wN1_QqGbB1bN4wC1wN1 : 1418.1743805 (0.09)%
          GbB1bN3zN2hN1_QqN2hN1 : 1416.3226233 (0.09)%
QqGbB1bN3wC1wN1_QqGbB1tC2zC1wN1 : 1415.6119641 (0.09)%
           QqGbB1tC1wN1_QqN2zN1 : 1414.3944112 (0.09)%
   QqGbB1bN2hN1_QqGbB1tC2wN2hN1 : 1405.4545120 (0.09)%
       GbB1bN2zN1_GbB1bN4wC1wN1 : 1399.9922427 (0.09)%
       GbB1bN2zN1_GbB1tC2zC1wN1 : 1397.4626785 (0.09)%
     GbB1bN2hN1_QqGbB1bN3zN2hN1 : 1394.4320277 (0.09)%
     GbB1bN3zN2hN1_QqGbB1bN2hN1 : 1394.4320277 (0.09)%
      QqGbB1bN2zN1_QqGbB1tC1wN1 : 1392.5336179 (0.09)%
       GbB1bN4wC1wN1_GbB1tC2wN1 : 1376.0505142 (0.09)%
       GbB1tC2wN1_GbB1tC2zC1wN1 : 1373.5642090 (0.09)%
             GbB1bN4hN1_QqC1wN1 : 1373.1245707 (0.09)%
      QqGbB1tC1wN1_QqGbB1tC2wN1 : 1368.7194419 (0.09)%
          GbB1bN1_GbB1tC2wN2hN1 : 1362.5458322 (0.09)%
             GtT1bC1wN1_QqN2hN1 : 1360.6917415 (0.09)%
QqGbB1bN3wC1wN1_QqGbB1tC2hC1wN1 : 1355.0123477 (0.09)%
    GbB1bN3zN2hN1_GbB1bN4wC1wN1 : 1350.0799391 (0.09)%
    GbB1bN3zN2hN1_GbB1tC2zC1wN1 : 1347.6405586 (0.09)%
   QqGbB1bN3zN2hN1_QqGbB1tC1wN1 : 1342.8872281 (0.09)%
    GbB1bN3wC1wN1_GbB1bN4hN2hN1 : 1339.7699734 (0.09)%
        GtT1bC1wN1_QqGbB1bN2hN1 : 1339.6609734 (0.09)%
        GbB1bN2hN1_QqGtT1bC1wN1 : 1339.6609734 (0.09)%
       GbB1bN2zN1_GbB1tC2hC1wN1 : 1337.6399980 (0.09)%
       GbB1tC2hC1wN1_GbB1tC2wN1 : 1314.7645758 (0.08)%
           T1bC1wN1_T1tN3zN2hN1 : 1309.4854342 (0.08)%
       GbB1bN4wC1wN1_GtT1bC1wN1 : 1297.0509637 (0.08)%
       GbB1tC2zC1wN1_GtT1bC1wN1 : 1294.7073981 (0.08)%
      QqGbB1tC1wN1_QqGtT1bC1wN1 : 1290.1407708 (0.08)%
    GbB1bN3zN2hN1_GbB1tC2hC1wN1 : 1289.9506668 (0.08)%
                QqN2hN1_QqN2hN1 : 1283.5944013 (0.08)%
       GbB1tC1wN1_GtT1tN3wC1wN1 : 1262.0690046 (0.08)%
      QqGbB1bN2hN1_QqGbB1bN2hN1 : 1244.2227214 (0.08)%
       GbB1tC2hC1wN1_GtT1bC1wN1 : 1239.2834729 (0.08)%
          GbB1bN3wC1wN1_QqN2zN1 : 1222.9221505 (0.08)%
     GbB1bN2zN1_QqGbB1bN3wC1wN1 : 1204.0207408 (0.08)%
     GbB1bN3wC1wN1_QqGbB1bN2zN1 : 1204.0207408 (0.08)%
     GbB1tC2wN1_QqGbB1bN3wC1wN1 : 1183.4303856 (0.08)%
     GbB1bN3wC1wN1_QqGbB1tC2wN1 : 1183.4303856 (0.08)%
QqGbB1bN3wC1wN1_QqGbB1tC2wN2hN1 : 1170.2732228 (0.08)%
        GbB1bN1_QqGbB1bN4wC1wN1 : 1167.2459892 (0.08)%
        GbB1bN4wC1wN1_QqGbB1bN1 : 1167.2459892 (0.08)%
        GbB1bN1_QqGbB1tC2zC1wN1 : 1165.1369606 (0.08)%
        GbB1tC2zC1wN1_QqGbB1bN1 : 1165.1369606 (0.08)%
           T1tN2hN1_T1tN3wC1wN1 : 1164.0700328 (0.08)%
QqGbB1bN4wC1wN1_QqGbB1tC2zC1wN1 : 1163.6028829 (0.07)%
  GbB1bN3zN2hN1_QqGbB1bN3wC1wN1 : 1161.0951824 (0.07)%
  GbB1bN3wC1wN1_QqGbB1bN3zN2hN1 : 1161.0951824 (0.07)%
          GtT1tN3wC1wN1_QqC1wN1 : 1160.0536062 (0.07)%
          GbB1bN4hN2hN1_QqN2hN1 : 1155.2966462 (0.07)%
       GbB1bN2zN1_GbB1tC2wN2hN1 : 1155.2693775 (0.07)%
       GbB1bN2hN1_GbB1tC2wN2zN1 : 1155.2693775 (0.07)%
    GbB1tC2wN2hN1_GbB1tC2wN2hN1 : 1150.6598582 (0.07)%
     GbB1bN2hN1_QqGbB1bN4hN2hN1 : 1137.4404521 (0.07)%
     GbB1bN4hN2hN1_QqGbB1bN2hN1 : 1137.4404521 (0.07)%
       GbB1tC2wN1_GbB1tC2wN2hN1 : 1135.5127354 (0.07)%
     GtT1bC1wN1_QqGbB1bN3wC1wN1 : 1115.4892253 (0.07)%
     GbB1bN3wC1wN1_QqGtT1bC1wN1 : 1115.4892253 (0.07)%
        GbB1bN1_QqGbB1tC2hC1wN1 : 1115.2596957 (0.07)%
        GbB1tC2hC1wN1_QqGbB1bN1 : 1115.2596957 (0.07)%
    GbB1bN3zN2hN1_GbB1tC2wN2hN1 : 1114.0818951 (0.07)%
QqGbB1bN4wC1wN1_QqGbB1tC2hC1wN1 : 1113.7912889 (0.07)%
QqGbB1tC2hC1wN1_QqGbB1tC2zC1wN1 : 1111.7788446 (0.07)%
       GbB1bN3zN2zN1_GbB1tC1wN1 : 1103.8397036 (0.07)%
    GbB1bN4hN2hN1_GbB1bN4wC1wN1 : 1101.2623819 (0.07)%
    GbB1bN4hN2hN1_GbB1tC2zC1wN1 : 1099.2725753 (0.07)%
   QqGbB1bN4hN2hN1_QqGbB1tC1wN1 : 1095.3952759 (0.07)%
          GbB1tC1wN1_GtT1tN2hN1 : 1091.8057713 (0.07)%
              C2zC1wN1_N4wC1wN1 : 1075.2358043 (0.07)%
       GbB1tC2wN2hN1_GtT1bC1wN1 : 1070.3225445 (0.07)%
              C2zC1wN1_N3wC1wN1 : 1060.0527868 (0.07)%
          GbB1bN2hN1_GbB1bN3zN1 : 1059.1927224 (0.07)%
        GbB1bN4hN1_QqGbB1tC1wN1 : 1056.0485488 (0.07)%
        GbB1tC1wN1_QqGbB1bN4hN1 : 1056.0485488 (0.07)%
              N3wC1wN1_N4wC1wN1 : 1054.5005063 (0.07)%
    GbB1bN4hN2hN1_GbB1tC2hC1wN1 : 1052.2148377 (0.07)%
              C2hC1wN1_N4wC1wN1 : 1029.2070345 (0.07)%
        QqC1wN1_QqGbB1tC2wN2zN1 : 1022.6344369 (0.07)%
              C2hC1wN1_N3wC1wN1 : 1014.6739726 (0.07)%
          GbB1bN3zN2zN1_QqC1wN1 : 1014.6142755 (0.07)%
          GbB1bN4wC1wN1_QqN2zN1 : 1005.2159603 (0.06)%
             GtT1tN2hN1_QqC1wN1 : 1003.5530685 (0.06)%
          GbB1tC2zC1wN1_QqN2zN1 : 1003.3996944 (0.06)%
     GbB1bN2zN1_QqGbB1bN4wC1wN1 : 989.6794041 (0.06)%
     GbB1bN4wC1wN1_QqGbB1bN2zN1 : 989.6794041 (0.06)%
     GbB1bN2zN1_QqGbB1tC2zC1wN1 : 987.8912102 (0.06)%
     GbB1tC2zC1wN1_QqGbB1bN2zN1 : 987.8912102 (0.06)%
              T1bC1wN1_T1tN2zN1 : 978.1367488 (0.06)%
     GbB1tC2wN1_QqGbB1bN4wC1wN1 : 972.7545707 (0.06)%
     GbB1bN4wC1wN1_QqGbB1tC2wN1 : 972.7545707 (0.06)%
     GbB1tC2wN1_QqGbB1tC2zC1wN1 : 970.9969573 (0.06)%
     GbB1tC2zC1wN1_QqGbB1tC2wN1 : 970.9969573 (0.06)%
        GbB1bN1_QqGbB1tC2wN2hN1 : 963.2078708 (0.06)%
        GbB1tC2wN2hN1_QqGbB1bN1 : 963.2078708 (0.06)%
    GbB1bN3wC1wN1_GbB1tC2wN2zN1 : 961.9527391 (0.06)%
QqGbB1bN4wC1wN1_QqGbB1tC2wN2hN1 : 961.9396631 (0.06)%
          GbB1tC2hC1wN1_QqN2zN1 : 960.4460897 (0.06)%
QqGbB1tC2wN2hN1_QqGbB1tC2zC1wN1 : 960.2015906 (0.06)%
  GbB1bN4wC1wN1_QqGbB1bN3zN2hN1 : 954.3955094 (0.06)%
  GbB1bN3zN2hN1_QqGbB1bN4wC1wN1 : 954.3955094 (0.06)%
  GbB1bN3zN2hN1_QqGbB1tC2zC1wN1 : 952.6710680 (0.06)%
  GbB1tC2zC1wN1_QqGbB1bN3zN2hN1 : 952.6710680 (0.06)%
  GbB1bN4hN2hN1_QqGbB1bN3wC1wN1 : 947.1072114 (0.06)%
  GbB1bN3wC1wN1_QqGbB1bN4hN2hN1 : 947.1072114 (0.06)%
     GbB1bN2zN1_QqGbB1tC2hC1wN1 : 945.6014939 (0.06)%
     GbB1tC2hC1wN1_QqGbB1bN2zN1 : 945.6014939 (0.06)%
              T1bC1wN1_T1bC2wN1 : 944.7768695 (0.06)%
           QqC1wN1_QqGbB1bN3zN1 : 937.5882148 (0.06)%
     GbB1tC2wN1_QqGbB1tC2hC1wN1 : 929.4304513 (0.06)%
     GbB1tC2hC1wN1_QqGbB1tC2wN1 : 929.4304513 (0.06)%
QqGbB1tC2hC1wN1_QqGbB1tC2wN2hN1 : 919.0972134 (0.06)%
     GtT1bC1wN1_QqGbB1bN4wC1wN1 : 916.9083840 (0.06)%
     GbB1bN4wC1wN1_QqGtT1bC1wN1 : 916.9083840 (0.06)%
     GtT1bC1wN1_QqGbB1tC2zC1wN1 : 915.2516758 (0.06)%
     GbB1tC2zC1wN1_QqGtT1bC1wN1 : 915.2516758 (0.06)%
  GbB1bN3zN2hN1_QqGbB1tC2hC1wN1 : 911.8890579 (0.06)%
  GbB1tC2hC1wN1_QqGbB1bN3zN2hN1 : 911.8890579 (0.06)%
    GbB1bN4hN2hN1_GbB1tC2wN2hN1 : 908.7583971 (0.06)%
       GbB1bN4hN2zN1_GbB1tC1wN1 : 900.4038250 (0.06)%
     GbB1tC1wN1_QqGtT1tN3wC1wN1 : 892.1790152 (0.06)%
     GtT1tN3wC1wN1_QqGbB1tC1wN1 : 892.1790152 (0.06)%
              C2wN2hN1_N4wC1wN1 : 888.8874225 (0.06)%
       GbB1bN3wC1wN1_GbB1bN3zN1 : 881.9530409 (0.06)%
              C2wN2hN1_N3wC1wN1 : 876.3357633 (0.06)%
     GtT1bC1wN1_QqGbB1tC2hC1wN1 : 876.0715178 (0.06)%
     GbB1tC2hC1wN1_QqGtT1bC1wN1 : 876.0715178 (0.06)%
QqGbB1bN3wC1wN1_QqGbB1bN3wC1wN1 : 862.6588374 (0.06)%
              B1bN2hN1_B1tC1wN1 : 856.0329755 (0.06)%
                          N1_N1 : 853.0516900 (0.05)%
              QqGbB1bN1_QqN2hN1 : 845.1928191 (0.05)%
              B1tC1wN1_B1tC1wN1 : 844.7789621 (0.05)%
                    N2hN1_N2hN1 : 832.8750582 (0.05)%
         QqGbB1bN1_QqGbB1bN2hN1 : 832.1295707 (0.05)%
          GbB1tC2wN2zN1_QqN2hN1 : 829.5011796 (0.05)%
          GbB1tC2wN2hN1_QqN2zN1 : 829.5011796 (0.05)%
          GbB1bN4hN2zN1_QqC1wN1 : 827.6224996 (0.05)%
     GbB1bN2zN1_QqGbB1tC2wN2hN1 : 816.6804602 (0.05)%
     GbB1tC2wN2hN1_QqGbB1bN2zN1 : 816.6804602 (0.05)%
     GbB1bN2hN1_QqGbB1tC2wN2zN1 : 816.6804602 (0.05)%
     GbB1tC2wN2zN1_QqGbB1bN2hN1 : 816.6804602 (0.05)%
     GbB1tC2wN1_QqGbB1tC2wN2hN1 : 802.7141387 (0.05)%
     GbB1tC2wN2hN1_QqGbB1tC2wN1 : 802.7141387 (0.05)%
    GbB1bN4wC1wN1_GbB1tC2wN2zN1 : 790.7046626 (0.05)%
    GbB1tC2wN2zN1_GbB1tC2zC1wN1 : 789.2759846 (0.05)%
  GbB1bN3zN2hN1_QqGbB1tC2wN2hN1 : 787.5642967 (0.05)%
  GbB1tC2wN2hN1_QqGbB1bN3zN2hN1 : 787.5642967 (0.05)%
   QqGbB1tC1wN1_QqGbB1tC2wN2zN1 : 786.4920897 (0.05)%
        T1bC2zC1wN1_T1tN3wC1wN1 : 781.5300200 (0.05)%
     GbB1tC1wN1_QqGbB1bN3zN2zN1 : 780.3239095 (0.05)%
     GbB1bN3zN2zN1_QqGbB1tC1wN1 : 780.3239095 (0.05)%
  GbB1bN4hN2hN1_QqGbB1bN4wC1wN1 : 778.5019550 (0.05)%
  GbB1bN4wC1wN1_QqGbB1bN4hN2hN1 : 778.5019550 (0.05)%
  GbB1bN4hN2hN1_QqGbB1tC2zC1wN1 : 777.0953253 (0.05)%
  GbB1tC2zC1wN1_QqGbB1bN4hN2hN1 : 777.0953253 (0.05)%
        GtT1tN2hN1_QqGbB1tC1wN1 : 771.8169088 (0.05)%
        GbB1tC1wN1_QqGtT1tN2hN1 : 771.8169088 (0.05)%
             GbB1bN3zN1_QqN2hN1 : 760.5166637 (0.05)%
          GbB1bN2hN1_GbB1bN4hN1 : 756.8893423 (0.05)%
     GtT1bC1wN1_QqGbB1tC2wN2hN1 : 756.6300339 (0.05)%
     GbB1tC2wN2hN1_QqGtT1bC1wN1 : 756.6300339 (0.05)%
    GbB1tC2hC1wN1_GbB1tC2wN2zN1 : 755.4886028 (0.05)%
        GbB1bN2hN1_QqGbB1bN3zN1 : 748.7621648 (0.05)%
        GbB1bN3zN1_QqGbB1bN2hN1 : 748.7621648 (0.05)%
        T1bC2hC1wN1_T1tN3wC1wN1 : 748.0742280 (0.05)%
  GbB1bN4hN2hN1_QqGbB1tC2hC1wN1 : 743.8293740 (0.05)%
  GbB1tC2hC1wN1_QqGbB1bN4hN2hN1 : 743.8293740 (0.05)%
       GbB1tC1wN1_GtT1bC2zC1wN1 : 733.0134462 (0.05)%
                QqN2hN1_QqN2zN1 : 727.8682636 (0.05)%
       GbB1bN3zN1_GbB1bN4wC1wN1 : 724.9466146 (0.05)%
       GbB1bN3zN1_GbB1tC2zC1wN1 : 723.6367510 (0.05)%
      QqGbB1bN3zN1_QqGbB1tC1wN1 : 721.0843755 (0.05)%
           QqGbB1bN2hN1_QqN2zN1 : 716.6183763 (0.05)%
           QqGbB1bN2zN1_QqN2hN1 : 716.6183763 (0.05)%
           B1bN3wC1wN1_B1tC1wN1 : 712.7889665 (0.05)%
      QqGbB1bN2hN1_QqGbB1bN2zN1 : 705.5423667 (0.05)%
           QqGbB1tC2wN1_QqN2hN1 : 704.3632495 (0.05)%
              T1bC1wN1_T1tN3zN1 : 703.1487580 (0.05)%
       GbB1tC1wN1_GtT1bC2hC1wN1 : 701.6345551 (0.05)%
      QqGbB1bN2hN1_QqGbB1tC2wN1 : 693.4766543 (0.04)%
      QqGbB1bN1_QqGbB1bN3wC1wN1 : 692.8854304 (0.04)%
       GbB1bN3zN1_GbB1tC2hC1wN1 : 692.6592581 (0.04)%
        QqGbB1bN3zN2hN1_QqN2hN1 : 691.0696105 (0.04)%
             GbB1bN1_GbB1bN2zN1 : 684.0020811 (0.04)%
   QqGbB1bN2hN1_QqGbB1bN3zN2hN1 : 680.3884810 (0.04)%
  GbB1bN3wC1wN1_QqGbB1tC2wN2zN1 : 680.0214920 (0.04)%
  GbB1tC2wN2zN1_QqGbB1bN3wC1wN1 : 680.0214920 (0.04)%
           T1bC2zC1wN1_T1tN2hN1 : 676.0953507 (0.04)%
          GtT1bC2zC1wN1_QqC1wN1 : 673.7625982 (0.04)%
        T1tN3wC1wN1_T1tN3wC1wN1 : 672.8013105 (0.04)%
             GbB1bN1_GbB1tC2wN1 : 672.3047362 (0.04)%
           QqC1wN1_QqGbB1bN4hN1 : 669.9918837 (0.04)%
           QqGtT1bC1wN1_QqN2hN1 : 663.9255042 (0.04)%
          GbB1bN1_GbB1bN3zN2hN1 : 659.6161463 (0.04)%
      QqGbB1bN2hN1_QqGtT1bC1wN1 : 653.6639124 (0.04)%
    GbB1tC2wN2hN1_GbB1tC2wN2zN1 : 652.4871035 (0.04)%
           T1bC2hC1wN1_T1tN2hN1 : 647.1530135 (0.04)%
        T1bC2wN2hN1_T1tN3wC1wN1 : 646.0835868 (0.04)%
          GtT1bC2hC1wN1_QqC1wN1 : 644.9201215 (0.04)%
  GbB1bN4hN2hN1_QqGbB1tC2wN2hN1 : 642.4174660 (0.04)%
  GbB1tC2wN2hN1_QqGbB1bN4hN2hN1 : 642.4174660 (0.04)%
       GbB1bN2hN1_GtT1tN3wC1wN1 : 639.4410454 (0.04)%
     GbB1tC1wN1_QqGbB1bN4hN2zN1 : 636.5114704 (0.04)%
     GbB1bN4hN2zN1_QqGbB1tC1wN1 : 636.5114704 (0.04)%
             GbB1bN1_GtT1bC1wN1 : 633.7074817 (0.04)%
          GbB1bN3hN1_GbB1tC1wN1 : 631.6288585 (0.04)%
       GbB1bN3wC1wN1_GbB1bN4hN1 : 630.2355020 (0.04)%
     GbB1bN3zN1_QqGbB1bN3wC1wN1 : 623.4682832 (0.04)%
     GbB1bN3wC1wN1_QqGbB1bN3zN1 : 623.4682832 (0.04)%
                GbB1tC1wN1_QqN1 : 611.9502740 (0.04)%
       GbB1tC1wN1_GtT1bC2wN2hN1 : 605.9753872 (0.04)%
       GbB1bN3zN1_GbB1tC2wN2hN1 : 598.2237606 (0.04)%
        QqGbB1bN3wC1wN1_QqN2zN1 : 596.7032655 (0.04)%
   QqGbB1bN2zN1_QqGbB1bN3wC1wN1 : 587.4806564 (0.04)%
           B1bN4wC1wN1_B1tC1wN1 : 585.8973485 (0.04)%
           B1tC1wN1_B1tC2zC1wN1 : 584.8387248 (0.04)%
QqGbB1bN4wC1wN1_QqGbB1bN4wC1wN1 : 582.8545673 (0.04)%
QqGbB1tC2zC1wN1_QqGbB1tC2zC1wN1 : 580.7502184 (0.04)%
             GbB1bN3hN1_QqC1wN1 : 580.5731164 (0.04)%
   QqGbB1bN3wC1wN1_QqGbB1tC2wN1 : 577.4339562 (0.04)%
       GbB1tC1wN1_GbB1wT1bC1wN1 : 571.7844983 (0.04)%
              GbB1bN1_QqGbB1bN1 : 570.2879355 (0.04)%
          GbB1bN2zN1_GbB1tC2wN1 : 570.0307878 (0.04)%
      QqGbB1bN1_QqGbB1bN4wC1wN1 : 569.5370658 (0.04)%
      QqGbB1bN1_QqGbB1tC2zC1wN1 : 568.5080026 (0.04)%
QqGbB1bN3wC1wN1_QqGbB1bN3zN2hN1 : 566.5358883 (0.04)%
        QqC1wN1_QqGtT1tN3wC1wN1 : 566.0276695 (0.04)%
        QqGbB1bN4hN2hN1_QqN2hN1 : 563.7065949 (0.04)%
           B1tC1wN1_B1tC2hC1wN1 : 559.8029076 (0.04)%
       GbB1bN2zN1_GbB1bN3zN2hN1 : 559.2724419 (0.04)%
       GbB1bN2hN1_GbB1bN3zN2zN1 : 559.2724419 (0.04)%
  GbB1bN4wC1wN1_QqGbB1tC2wN2zN1 : 558.9631824 (0.04)%
  GbB1tC2wN2zN1_QqGbB1bN4wC1wN1 : 558.9631824 (0.04)%
           T1bC2wN2hN1_T1tN2hN1 : 558.9217279 (0.04)%
  GbB1tC2wN2zN1_QqGbB1tC2zC1wN1 : 557.9532245 (0.04)%
  GbB1tC2zC1wN1_QqGbB1tC2wN2zN1 : 557.9532245 (0.04)%
          GtT1bC2wN2hN1_QqC1wN1 : 556.9932631 (0.04)%
   QqGbB1bN2hN1_QqGbB1bN4hN2hN1 : 554.9939804 (0.04)%
          GbB1bN2hN1_GtT1tN2hN1 : 553.1753187 (0.04)%
       GbB1bN3zN2hN1_GbB1tC2wN1 : 549.7081397 (0.04)%
                       C1wN1_N1 : 549.5706252 (0.04)%
          GbB1bN4zN1_GbB1tC1wN1 : 547.4227556 (0.04)%
   QqGbB1bN3wC1wN1_QqGtT1bC1wN1 : 544.2832669 (0.04)%
      QqGbB1bN1_QqGbB1tC2hC1wN1 : 544.1712720 (0.04)%
             GbB1bN4hN1_QqN2hN1 : 543.4581878 (0.04)%
           T1bC1wN1_T1bC2wN2zN1 : 542.8866660 (0.03)%
          GbB1bN1_GbB1bN4hN2hN1 : 538.0499535 (0.03)%
          GbB1bN2zN1_GtT1bC1wN1 : 537.3051171 (0.03)%
              C2hC1wN1_C2zC1wN1 : 537.1775438 (0.03)%
        GbB1bN4hN1_QqGbB1bN2hN1 : 535.0585313 (0.03)%
        GbB1bN2hN1_QqGbB1bN4hN1 : 535.0585313 (0.03)%
  GbB1tC2hC1wN1_QqGbB1tC2wN2zN1 : 534.0683237 (0.03)%
  GbB1tC2wN2zN1_QqGbB1tC2hC1wN1 : 534.0683237 (0.03)%
    GbB1bN3wC1wN1_GtT1tN3wC1wN1 : 532.4403790 (0.03)%
QqGbB1tC2hC1wN1_QqGbB1tC2hC1wN1 : 532.0928688 (0.03)%
          GbB1tC2wN1_GtT1bC1wN1 : 528.1164853 (0.03)%
          GbB1wT1bC1wN1_QqC1wN1 : 525.5660877 (0.03)%
     GtT1bC2zC1wN1_QqGbB1tC1wN1 : 518.1802359 (0.03)%
     GbB1tC1wN1_QqGtT1bC2zC1wN1 : 518.1802359 (0.03)%
       GbB1bN3zN2hN1_GtT1bC1wN1 : 518.1491994 (0.03)%
       GbB1bN4hN1_GbB1bN4wC1wN1 : 518.0401590 (0.03)%
       GbB1bN4hN1_GbB1tC2zC1wN1 : 517.1041426 (0.03)%
      QqGbB1bN4hN1_QqGbB1tC1wN1 : 515.2802386 (0.03)%
     GbB1bN4wC1wN1_QqGbB1bN3zN1 : 512.4776493 (0.03)%
     GbB1bN3zN1_QqGbB1bN4wC1wN1 : 512.4776493 (0.03)%
     GbB1bN3zN1_QqGbB1tC2zC1wN1 : 511.5516834 (0.03)%
     GbB1tC2zC1wN1_QqGbB1bN3zN1 : 511.5516834 (0.03)%
              T1tN2hN1_T1tN2hN1 : 503.5138235 (0.03)%
             GbB1bN4zN1_QqC1wN1 : 503.1735502 (0.03)%
        T2bC2zC1wN1_T2tN4wC1wN1 : 500.4074908 (0.03)%
                 C1wN1_N3wC1wN1 : 499.5662661 (0.03)%
     GtT1bC2hC1wN1_QqGbB1tC1wN1 : 495.9979400 (0.03)%
     GbB1tC1wN1_QqGtT1bC2hC1wN1 : 495.9979400 (0.03)%
        QqC1wN1_QqGbB1bN3zN2zN1 : 495.0631167 (0.03)%
       GbB1bN4hN1_GbB1tC2hC1wN1 : 494.9679121 (0.03)%
                GbB1bN1_QqN2zN1 : 491.1240133 (0.03)%
        QqGbB1bN4wC1wN1_QqN2zN1 : 490.4773748 (0.03)%
           QqC1wN1_QqGtT1tN2hN1 : 489.6659961 (0.03)%
     GbB1bN3zN1_QqGbB1tC2hC1wN1 : 489.6531430 (0.03)%
     GbB1tC2hC1wN1_QqGbB1bN3zN1 : 489.6531430 (0.03)%
        QqGbB1tC2zC1wN1_QqN2zN1 : 489.5911599 (0.03)%
           GbB1bN1_QqGbB1bN2zN1 : 483.5332307 (0.03)%
           GbB1bN2zN1_QqGbB1bN1 : 483.5332307 (0.03)%
           B1tC1wN1_B1tC2wN2hN1 : 483.4807254 (0.03)%
   QqGbB1bN2zN1_QqGbB1bN4wC1wN1 : 482.8965866 (0.03)%
   QqGbB1bN2zN1_QqGbB1tC2zC1wN1 : 482.0240690 (0.03)%
        T2bC2hC1wN1_T2tN4wC1wN1 : 478.9860118 (0.03)%
        B2tC2hC1wN1_B2tC2zC1wN1 : 477.2515987 (0.03)%
           GbB1bN1_QqGbB1tC2wN1 : 475.2641697 (0.03)%
           GbB1tC2wN1_QqGbB1bN1 : 475.2641697 (0.03)%
   QqGbB1bN4wC1wN1_QqGbB1tC2wN1 : 474.6384130 (0.03)%
   QqGbB1tC2wN1_QqGbB1tC2zC1wN1 : 473.7808166 (0.03)%
                    N2hN1_N2zN1 : 472.2857327 (0.03)%
      QqGbB1bN1_QqGbB1tC2wN2hN1 : 469.9802695 (0.03)%
        QqGbB1tC2hC1wN1_QqN2zN1 : 468.6327072 (0.03)%
        GbB1bN1_QqGbB1bN3zN2hN1 : 466.2943799 (0.03)%
        GbB1bN3zN2hN1_QqGbB1bN1 : 466.2943799 (0.03)%
    GbB1bN3wC1wN1_GbB1bN3zN2zN1 : 465.6867635 (0.03)%
QqGbB1bN3zN2hN1_QqGbB1bN4wC1wN1 : 465.6804333 (0.03)%
QqGbB1bN3zN2hN1_QqGbB1tC2zC1wN1 : 464.8390226 (0.03)%
              C2wN2hN1_C2zC1wN1 : 463.9400493 (0.03)%
QqGbB1bN3wC1wN1_QqGbB1bN4hN2hN1 : 462.1242370 (0.03)%
   QqGbB1bN2zN1_QqGbB1tC2hC1wN1 : 461.3895488 (0.03)%
  GbB1tC2wN2zN1_QqGbB1tC2wN2hN1 : 461.2547328 (0.03)%
  GbB1tC2wN2hN1_QqGbB1tC2wN2zN1 : 461.2547328 (0.03)%
       GbB1bN3wC1wN1_GtT1tN2hN1 : 460.6099005 (0.03)%
          GtT1tN3wC1wN1_QqN2hN1 : 459.1285044 (0.03)%
       GbB1bN2zN1_GbB1bN4hN2hN1 : 456.1994321 (0.03)%
       GbB1bN2hN1_GbB1bN4hN2zN1 : 456.1994321 (0.03)%
   QqGbB1tC2hC1wN1_QqGbB1tC2wN1 : 453.4991741 (0.03)%
     GbB1bN2hN1_QqGtT1tN3wC1wN1 : 452.0322424 (0.03)%
     GtT1tN3wC1wN1_QqGbB1bN2hN1 : 452.0322424 (0.03)%
       GbB1bN4hN2hN1_GbB1tC2wN1 : 448.3978154 (0.03)%
           GbB1bN1_QqGtT1bC1wN1 : 447.9790843 (0.03)%
           GtT1bC1wN1_QqGbB1bN1 : 447.9790843 (0.03)%
   QqGbB1bN4wC1wN1_QqGtT1bC1wN1 : 447.3892526 (0.03)%
   QqGbB1tC2zC1wN1_QqGtT1bC1wN1 : 446.5808911 (0.03)%
        GbB1bN3hN1_QqGbB1tC1wN1 : 446.5096686 (0.03)%
        GbB1tC1wN1_QqGbB1bN3hN1 : 446.5096686 (0.03)%
     GbB1bN4hN1_QqGbB1bN3wC1wN1 : 445.5246801 (0.03)%
     GbB1bN3wC1wN1_QqGbB1bN4hN1 : 445.5246801 (0.03)%
QqGbB1bN3zN2hN1_QqGbB1tC2hC1wN1 : 444.9401610 (0.03)%
              C2hC1wN1_C2wN2hN1 : 444.0796711 (0.03)%
        T1tN3wC1wN1_T1tN3zN2hN1 : 441.8503255 (0.03)%
    GbB1bN3zN2hN1_GbB1bN4hN2hN1 : 439.9350816 (0.03)%
                 C2wN1_N4wC1wN1 : 438.5931174 (0.03)%
    GbB1bN4wC1wN1_GtT1tN3wC1wN1 : 437.6546509 (0.03)%
    GbB1tC2zC1wN1_GtT1tN3wC1wN1 : 436.8638783 (0.03)%
   QqGbB1tC1wN1_QqGtT1tN3wC1wN1 : 435.3229938 (0.03)%
        T1bC2hC1wN1_T1bC2zC1wN1 : 434.4837453 (0.03)%
                 C2wN1_N3wC1wN1 : 432.3999019 (0.03)%
        T2tN4wC1wN1_T2tN4wC1wN1 : 430.4016003 (0.03)%
     GbB1tC1wN1_QqGtT1bC2wN2hN1 : 428.3747737 (0.03)%
     GtT1bC2wN2hN1_QqGbB1tC1wN1 : 428.3747737 (0.03)%
       GbB1bN4hN1_GbB1tC2wN2hN1 : 427.4851773 (0.03)%
   QqGbB1tC2hC1wN1_QqGtT1bC1wN1 : 427.4636249 (0.03)%
          GbB1tC1wN1_QqC2zC1wN1 : 424.8735254 (0.03)%
     GbB1bN3zN1_QqGbB1tC2wN2hN1 : 422.8950110 (0.03)%
     GbB1tC2wN2hN1_QqGbB1bN3zN1 : 422.8950110 (0.03)%
       GbB1bN4hN2hN1_GtT1bC1wN1 : 422.6551369 (0.03)%
    GbB1tC2hC1wN1_GtT1tN3wC1wN1 : 418.1625787 (0.03)%
             GbB1bN2zN1_QqN2zN1 : 416.4120720 (0.03)%
       GbB1tC1wN1_GtT1tN3zN2hN1 : 414.4207152 (0.03)%
        T2bC2wN2hN1_T2tN4wC1wN1 : 413.6822108 (0.03)%
        B2tC2wN2hN1_B2tC2zC1wN1 : 412.1842634 (0.03)%
        GbB1bN2zN1_QqGbB1bN2zN1 : 409.9760325 (0.03)%
             GbB1tC2wN1_QqN2zN1 : 409.2908720 (0.03)%
          GbB1tC1wN1_QqC2hC1wN1 : 406.6855097 (0.03)%
        QqGbB1tC2wN2hN1_QqN2zN1 : 404.7404509 (0.03)%
        QqGbB1tC2wN2zN1_QqN2hN1 : 404.7404509 (0.03)%
     GbB1tC1wN1_QqGbB1wT1bC1wN1 : 404.2046265 (0.03)%
     GbB1wT1bC1wN1_QqGbB1tC1wN1 : 404.2046265 (0.03)%
        QqC1wN1_QqGbB1bN4hN2zN1 : 403.8237821 (0.03)%
                GbB1bN1_GbB1bN1 : 403.3622820 (0.03)%
        GbB1bN2zN1_QqGbB1tC2wN1 : 402.9648974 (0.03)%
        GbB1tC2wN1_QqGbB1bN2zN1 : 402.9648974 (0.03)%
                 T1bC1wN1_T1tN1 : 401.7569347 (0.03)%
          GbB1bN3zN2zN1_QqN2hN1 : 401.5662142 (0.03)%
          GbB1bN3zN2hN1_QqN2zN1 : 401.5662142 (0.03)%
   QqGbB1bN2zN1_QqGbB1tC2wN2hN1 : 398.4848073 (0.03)%
   QqGbB1bN2hN1_QqGbB1tC2wN2zN1 : 398.4848073 (0.03)%
             GtT1tN2hN1_QqN2hN1 : 397.1883859 (0.03)%
QqGbB1tC2wN2hN1_QqGbB1tC2wN2hN1 : 396.8948548 (0.03)%
        GbB1tC2wN1_QqGbB1tC2wN1 : 396.0736619 (0.03)%
     GbB1bN2zN1_QqGbB1bN3zN2hN1 : 395.3596314 (0.03)%
     GbB1bN2hN1_QqGbB1bN3zN2zN1 : 395.3596314 (0.03)%
     GbB1bN3zN2zN1_QqGbB1bN2hN1 : 395.3596314 (0.03)%
     GbB1bN3zN2hN1_QqGbB1bN2zN1 : 395.3596314 (0.03)%
        B2tC2hC1wN1_B2tC2wN2hN1 : 394.5394505 (0.03)%
   QqGbB1tC2wN1_QqGbB1tC2wN2hN1 : 391.6701873 (0.03)%
        GtT1tN2hN1_QqGbB1bN2hN1 : 391.0494666 (0.03)%
        GbB1bN2hN1_QqGtT1tN2hN1 : 391.0494666 (0.03)%
     GbB1tC2wN1_QqGbB1bN3zN2hN1 : 388.5984561 (0.03)%
     GbB1bN3zN2hN1_QqGbB1tC2wN1 : 388.5984561 (0.03)%
                   QqC1wN1_QqN1 : 388.2413524 (0.03)%
        GbB1bN4zN1_QqGbB1tC1wN1 : 386.9828775 (0.02)%
        GbB1tC1wN1_QqGbB1bN4zN1 : 386.9828775 (0.02)%
          GbB1bN1_GbB1tC2wN2zN1 : 386.3190226 (0.02)%
             GtT1bC1wN1_QqN2zN1 : 385.7933371 (0.02)%
QqGbB1bN3zN2hN1_QqGbB1tC2wN2hN1 : 384.2780895 (0.02)%
    GbB1bN3zN2zN1_GbB1bN4wC1wN1 : 382.7846008 (0.02)%
           T1tN2hN1_T1tN3zN2hN1 : 382.2411720 (0.02)%
    GbB1bN3zN2zN1_GbB1tC2zC1wN1 : 382.0929697 (0.02)%
  GbB1bN3zN2hN1_QqGbB1bN3zN2hN1 : 381.2643319 (0.02)%
          GtT1tN3zN2hN1_QqC1wN1 : 380.9223135 (0.02)%
   QqGbB1bN3zN2zN1_QqGbB1tC1wN1 : 380.7452704 (0.02)%
        GbB1bN1_QqGbB1bN4hN2hN1 : 380.3570771 (0.02)%
        GbB1bN4hN2hN1_QqGbB1bN1 : 380.3570771 (0.02)%
    GbB1bN3wC1wN1_GbB1bN4hN2zN1 : 379.8614434 (0.02)%
QqGbB1bN4hN2hN1_QqGbB1bN4wC1wN1 : 379.8562799 (0.02)%
        GtT1bC1wN1_QqGbB1bN2zN1 : 379.8305390 (0.02)%
        GbB1bN2zN1_QqGtT1bC1wN1 : 379.8305390 (0.02)%
QqGbB1bN4hN2hN1_QqGbB1tC2zC1wN1 : 379.1699398 (0.02)%
       GbB1tC1wN1_GbB2tC2zC1wN1 : 378.7891649 (0.02)%
       GbB1bN4wC1wN1_GtT1tN2hN1 : 378.6115275 (0.02)%
       GbB1bN4zN2hN1_GbB1tC1wN1 : 378.0252105 (0.02)%
       GbB1tC2zC1wN1_GtT1tN2hN1 : 377.9274365 (0.02)%
      QqGbB1tC1wN1_QqGtT1tN2hN1 : 376.5944297 (0.02)%
  GbB1bN3wC1wN1_QqGtT1tN3wC1wN1 : 376.3915691 (0.02)%
  GtT1tN3wC1wN1_QqGbB1bN3wC1wN1 : 376.3915691 (0.02)%
        T1bC2wN2hN1_T1bC2zC1wN1 : 375.2472763 (0.02)%
        GbB1tC2wN1_QqGtT1bC1wN1 : 373.3349318 (0.02)%
        GtT1bC1wN1_QqGbB1tC2wN1 : 373.3349318 (0.02)%
       GbB1bN2hN1_GtT1bC2zC1wN1 : 371.3892684 (0.02)%
           T1bC1wN1_T1tN3zN2zN1 : 371.2749480 (0.02)%
           QqGbB1bN3zN1_QqN2hN1 : 371.0806746 (0.02)%
   QqGbB1tC2wN2hN1_QqGtT1bC1wN1 : 369.1842623 (0.02)%
     GtT1bC1wN1_QqGbB1bN3zN2hN1 : 366.2888802 (0.02)%
     GbB1bN3zN2hN1_QqGtT1bC1wN1 : 366.2888802 (0.02)%
     GbB1bN4hN1_QqGbB1bN4wC1wN1 : 366.2117977 (0.02)%
     GbB1bN4wC1wN1_QqGbB1bN4hN1 : 366.2117977 (0.02)%
    GbB1bN3zN2zN1_GbB1tC2hC1wN1 : 365.7363070 (0.02)%
     GbB1bN4hN1_QqGbB1tC2zC1wN1 : 365.5501110 (0.02)%
     GbB1tC2zC1wN1_QqGbB1bN4hN1 : 365.5501110 (0.02)%
      QqGbB1bN2hN1_QqGbB1bN3zN1 : 365.3452745 (0.02)%
QqGbB1bN4hN2hN1_QqGbB1tC2hC1wN1 : 362.9384064 (0.02)%
       GbB1tC1wN1_GbB2tC2hC1wN1 : 362.5739317 (0.02)%
       GbB1tC2hC1wN1_GtT1tN2hN1 : 361.7490922 (0.02)%
    GbB1tC2wN2hN1_GtT1tN3wC1wN1 : 361.1512983 (0.02)%
           B1bN2hN1_B1bN3wC1wN1 : 361.1423149 (0.02)%
        T1bC2hC1wN1_T1bC2wN2hN1 : 359.1836645 (0.02)%
        B2bN3wC1wN1_B2tC2zC1wN1 : 356.8627354 (0.02)%
       GbB1bN2hN1_GtT1bC2hC1wN1 : 355.4908105 (0.02)%
        B2bN4wC1wN1_B2tC2zC1wN1 : 355.2967828 (0.02)%
             GbB1bN1_GbB1bN3zN1 : 354.1912433 (0.02)%
        GtT1bC1wN1_QqGtT1bC1wN1 : 351.9016403 (0.02)%
          GbB1tC1wN1_QqC2wN2hN1 : 351.2389853 (0.02)%
              C2zC1wN1_N4hN2hN1 : 350.3747723 (0.02)%
     GbB1bN4hN1_QqGbB1tC2hC1wN1 : 349.9016161 (0.02)%
     GbB1tC2hC1wN1_QqGbB1bN4hN1 : 349.9016161 (0.02)%
          GbB2tC2zC1wN1_QqC1wN1 : 348.1709281 (0.02)%
              C2zC1wN1_N3zN2hN1 : 348.0854315 (0.02)%
          GbB1bN4zN2hN1_QqC1wN1 : 347.4687256 (0.02)%
              N3zN2hN1_N4wC1wN1 : 346.2622506 (0.02)%
              N3wC1wN1_N4hN2hN1 : 343.6179983 (0.02)%
        B2bN3wC1wN1_B2tC2hC1wN1 : 341.5861304 (0.02)%
        B2bN4wC1wN1_B2tC2hC1wN1 : 340.0872132 (0.02)%
              C2hC1wN1_N4hN2hN1 : 335.3759045 (0.02)%
          GbB2tC2hC1wN1_QqC1wN1 : 333.2664026 (0.02)%
              C2hC1wN1_N3zN2hN1 : 333.1845659 (0.02)%
QqGbB1bN3wC1wN1_QqGbB1tC2wN2zN1 : 331.8044772 (0.02)%
           T1tN2zN1_T1tN3wC1wN1 : 330.0457031 (0.02)%
  GbB1bN3zN2zN1_QqGbB1bN3wC1wN1 : 329.2022517 (0.02)%
  GbB1bN3wC1wN1_QqGbB1bN3zN2zN1 : 329.2022517 (0.02)%
        QqC1wN1_QqGtT1bC2zC1wN1 : 328.7505605 (0.02)%
          GbB1bN4hN2zN1_QqN2hN1 : 327.5582080 (0.02)%
          GbB1bN4hN2hN1_QqN2zN1 : 327.5582080 (0.02)%
       GbB1bN2zN1_GbB1tC2wN2zN1 : 327.5504766 (0.02)%
     GtT1tN2hN1_QqGbB1bN3wC1wN1 : 325.6133270 (0.02)%
     GbB1bN3wC1wN1_QqGtT1tN2hN1 : 325.6133270 (0.02)%
     GbB1bN4hN2zN1_QqGbB1bN2hN1 : 322.4954884 (0.02)%
     GbB1bN4hN2hN1_QqGbB1bN2zN1 : 322.4954884 (0.02)%
     GbB1bN2zN1_QqGbB1bN4hN2hN1 : 322.4954884 (0.02)%
     GbB1bN2hN1_QqGbB1bN4hN2zN1 : 322.4954884 (0.02)%
       GbB1tC2wN1_GbB1tC2wN2zN1 : 321.9489280 (0.02)%
          GbB1bN2hN1_GbB1bN3hN1 : 320.0216598 (0.02)%
           T1bC2wN1_T1tN3wC1wN1 : 318.7893171 (0.02)%
     GbB1bN4hN2hN1_QqGbB1tC2wN1 : 316.9803869 (0.02)%
     GbB1tC2wN1_QqGbB1bN4hN2hN1 : 316.9803869 (0.02)%
    GbB1bN3zN2zN1_GbB1tC2wN2hN1 : 315.8726984 (0.02)%
    GbB1bN3zN2hN1_GbB1tC2wN2zN1 : 315.8726984 (0.02)%
        QqC1wN1_QqGtT1bC2hC1wN1 : 314.6773834 (0.02)%
QqGbB1bN4hN2hN1_QqGbB1tC2wN2hN1 : 313.4562569 (0.02)%
       GbB1tC1wN1_GbB2tC2wN2hN1 : 313.1414738 (0.02)%
       GbB1tC2wN2hN1_GtT1tN2hN1 : 312.4290910 (0.02)%
    GbB1bN4hN2zN1_GbB1bN4wC1wN1 : 312.2380157 (0.02)%
    GbB1bN4hN2zN1_GbB1tC2zC1wN1 : 311.6738511 (0.02)%
  GbB1bN4hN2hN1_QqGbB1bN3zN2hN1 : 310.9979299 (0.02)%
  GbB1bN3zN2hN1_QqGbB1bN4hN2hN1 : 310.9979299 (0.02)%
   QqGbB1bN4hN2zN1_QqGbB1tC1wN1 : 310.5745306 (0.02)%
                GbB1bN2hN1_QqN1 : 310.0512900 (0.02)%
          GbB1tC1wN1_GtT1tN2zN1 : 309.5568079 (0.02)%
  GbB1bN4wC1wN1_QqGtT1tN3wC1wN1 : 309.3858529 (0.02)%
  GtT1tN3wC1wN1_QqGbB1bN4wC1wN1 : 309.3858529 (0.02)%
    GbB1bN3wC1wN1_GtT1bC2zC1wN1 : 309.2429619 (0.02)%
  GtT1tN3wC1wN1_QqGbB1tC2zC1wN1 : 308.8268417 (0.02)%
  GbB1tC2zC1wN1_QqGtT1tN3wC1wN1 : 308.8268417 (0.02)%
       GbB1bN2hN1_GtT1bC2wN2hN1 : 307.0240483 (0.02)%
       GbB1bN3hN2hN1_GbB1tC1wN1 : 305.5457700 (0.02)%
   QqGbB1bN3wC1wN1_QqGbB1bN3zN1 : 304.2103378 (0.02)%
       GbB1tC2wN2zN1_GtT1bC1wN1 : 303.4657253 (0.02)%
     GbB1bN4hN1_QqGbB1tC2wN2hN1 : 302.1968712 (0.02)%
     GbB1tC2wN2hN1_QqGbB1bN4hN1 : 302.1968712 (0.02)%
        T2tN3wC1wN1_T2tN4wC1wN1 : 302.0377941 (0.02)%
          GbB1bN2zN1_GbB1bN3zN1 : 300.3101162 (0.02)%
          GbB1tC1wN1_GtT1bC2wN1 : 298.9992066 (0.02)%
     GbB1bN4hN2hN1_QqGtT1bC1wN1 : 298.7824299 (0.02)%
     GtT1bC1wN1_QqGbB1bN4hN2hN1 : 298.7824299 (0.02)%
              QqGbB1tC1wN1_QqN1 : 298.5903286 (0.02)%
    GbB1bN4hN2zN1_GbB1tC2hC1wN1 : 298.3316950 (0.02)%
           B1bN2hN1_B1bN4wC1wN1 : 296.8512908 (0.02)%
           B1bN2hN1_B1tC2zC1wN1 : 296.3149275 (0.02)%
    GbB1bN3wC1wN1_GtT1bC2hC1wN1 : 296.0048674 (0.02)%
  GbB1tC2hC1wN1_QqGtT1tN3wC1wN1 : 295.6065606 (0.02)%
  GtT1tN3wC1wN1_QqGbB1tC2hC1wN1 : 295.6065606 (0.02)%
          GbB1bN3zN1_GbB1tC2wN1 : 295.1744140 (0.02)%
        B2bN3wC1wN1_B2tC2wN2hN1 : 295.0150988 (0.02)%
          GbB1tC1wN1_QqN4wC1wN1 : 293.8192210 (0.02)%
        B2bN4wC1wN1_B2tC2wN2hN1 : 293.7205404 (0.02)%
     GtT1tN3zN2hN1_QqGbB1tC1wN1 : 292.9613707 (0.02)%
     GbB1tC1wN1_QqGtT1tN3zN2hN1 : 292.9613707 (0.02)%
          GbB1bN2zN1_GbB1bN2zN1 : 289.9743406 (0.02)%
       GbB1bN2hN1_GbB1wT1bC1wN1 : 289.7008611 (0.02)%
              C2wN2hN1_N4hN2hN1 : 289.6515602 (0.02)%
       GbB1bN3zN1_GbB1bN3zN2hN1 : 289.6035071 (0.02)%
          GbB2tC2wN2hN1_QqC1wN1 : 287.8296627 (0.02)%
              C2wN2hN1_N3zN2hN1 : 287.7589834 (0.02)%
                 B1bN1_B1tC1wN1 : 286.2551616 (0.02)%
              T1tN2hN1_T1tN2zN1 : 285.5198901 (0.02)%
             GtT1tN2zN1_QqC1wN1 : 284.5347520 (0.02)%
           B1bN2hN1_B1tC2hC1wN1 : 283.6302573 (0.02)%
           QqC1wN1_QqGbB1bN3hN1 : 283.2803987 (0.02)%
          GbB1bN3hN2hN1_QqC1wN1 : 280.8479339 (0.02)%
              C2zC1wN1_C2zC1wN1 : 280.6007485 (0.02)%
        T2tN4hN2hN1_T2tN4wC1wN1 : 280.5000766 (0.02)%
          GbB1tC2wN1_GbB1tC2wN1 : 280.1412518 (0.02)%
        T2bC2hC1wN1_T2bC2zC1wN1 : 278.4471388 (0.02)%
          GbB1bN3zN1_GtT1bC1wN1 : 278.2283457 (0.02)%
          GbB1bN2hN1_GbB1bN4zN1 : 277.3577180 (0.02)%
              T1bC2wN1_T1tN2hN1 : 275.7820809 (0.02)%
             GtT1bC2wN1_QqC1wN1 : 274.8305415 (0.02)%
        GbB1bN1_QqGbB1tC2wN2zN1 : 273.0957847 (0.02)%
        GbB1tC2wN2zN1_QqGbB1bN1 : 273.0957847 (0.02)%
QqGbB1bN4wC1wN1_QqGbB1tC2wN2zN1 : 272.7362131 (0.02)%
QqGbB1tC2wN2zN1_QqGbB1tC2zC1wN1 : 272.2434219 (0.02)%
        QqC1wN1_QqGtT1bC2wN2hN1 : 271.7750257 (0.02)%
       GbB1tC1wN1_GbB2bN3wC1wN1 : 271.1130259 (0.02)%
  GbB1bN4wC1wN1_QqGbB1bN3zN2zN1 : 270.5972391 (0.02)%
  GbB1bN3zN2zN1_QqGbB1bN4wC1wN1 : 270.5972391 (0.02)%
  GbB1tC2zC1wN1_QqGbB1bN3zN2zN1 : 270.1083128 (0.02)%
  GbB1bN3zN2zN1_QqGbB1tC2zC1wN1 : 270.1083128 (0.02)%
       GbB1tC1wN1_GbB2bN4wC1wN1 : 269.9233524 (0.02)%
    GbB1bN3zN2hN1_GbB1bN3zN2hN1 : 269.6666743 (0.02)%
             QqC1wN1_QqC2zC1wN1 : 269.5537189 (0.02)%
  GbB1bN4hN2zN1_QqGbB1bN3wC1wN1 : 268.5308072 (0.02)%
  GbB1bN3wC1wN1_QqGbB1bN4hN2zN1 : 268.5308072 (0.02)%
     GbB2tC2zC1wN1_QqGbB1tC1wN1 : 267.7727944 (0.02)%
     GbB1tC1wN1_QqGbB2tC2zC1wN1 : 267.7727944 (0.02)%
     GtT1tN2hN1_QqGbB1bN4wC1wN1 : 267.6472194 (0.02)%
     GbB1bN4wC1wN1_QqGtT1tN2hN1 : 267.6472194 (0.02)%
     GbB1bN4zN2hN1_QqGbB1tC1wN1 : 267.2327415 (0.02)%
     GbB1tC1wN1_QqGbB1bN4zN2hN1 : 267.2327415 (0.02)%
     GtT1tN2hN1_QqGbB1tC2zC1wN1 : 267.1636233 (0.02)%
     GbB1tC2zC1wN1_QqGtT1tN2hN1 : 267.1636233 (0.02)%
          GtT1bC2zC1wN1_QqN2hN1 : 266.6632062 (0.02)%
       GbB1bN3hN1_GbB1bN3wC1wN1 : 266.4709359 (0.02)%
           QqGbB1bN4hN1_QqN2hN1 : 265.1708248 (0.02)%
     GtT1bC2zC1wN1_QqGbB1bN2hN1 : 262.5416761 (0.02)%
     GbB1bN2hN1_QqGtT1bC2zC1wN1 : 262.5416761 (0.02)%
      QqGbB1bN2hN1_QqGbB1bN4hN1 : 261.0723608 (0.02)%
QqGbB1tC2hC1wN1_QqGbB1tC2wN2zN1 : 260.5892064 (0.02)%
  GbB1tC2hC1wN1_QqGbB1bN3zN2zN1 : 258.5454971 (0.02)%
  GbB1bN3zN2zN1_QqGbB1tC2hC1wN1 : 258.5454971 (0.02)%
             GbB1bN3wC1wN1_QqN1 : 258.1689548 (0.02)%
             QqC1wN1_QqC2hC1wN1 : 258.0146443 (0.02)%
    GbB1bN4hN2zN1_GbB1tC2wN2hN1 : 257.6578691 (0.02)%
    GbB1bN4hN2hN1_GbB1tC2wN2zN1 : 257.6578691 (0.02)%
              C2hC1wN1_C2hC1wN1 : 257.0910049 (0.02)%
        T1bC2zC1wN1_T1tN3zN2hN1 : 256.6279884 (0.02)%
        QqC1wN1_QqGbB1wT1bC1wN1 : 256.4406906 (0.02)%
     GbB2tC2hC1wN1_QqGbB1tC1wN1 : 256.3099578 (0.02)%
     GbB1tC1wN1_QqGbB2tC2hC1wN1 : 256.3099578 (0.02)%
     GtT1tN2hN1_QqGbB1tC2hC1wN1 : 255.7268641 (0.02)%
     GbB1tC2hC1wN1_QqGtT1tN2hN1 : 255.7268641 (0.02)%
    GbB1bN3wC1wN1_GtT1bC2wN2hN1 : 255.6482757 (0.02)%
  GbB1tC2wN2hN1_QqGtT1tN3wC1wN1 : 255.3042730 (0.02)%
  GtT1tN3wC1wN1_QqGbB1tC2wN2hN1 : 255.3042730 (0.02)%
          GtT1bC2hC1wN1_QqN2hN1 : 255.2478690 (0.02)%
        B2bN3wC1wN1_B2bN4wC1wN1 : 254.2986834 (0.02)%
    GbB1bN4wC1wN1_GtT1bC2zC1wN1 : 254.1911280 (0.02)%
    GbB1tC2zC1wN1_GtT1bC2zC1wN1 : 253.7318449 (0.02)%
  GbB1bN4hN2hN1_QqGbB1bN4hN2hN1 : 253.6815126 (0.02)%
             GbB1bN1_GbB1bN4hN1 : 253.1017931 (0.02)%
   QqGbB1tC1wN1_QqGtT1bC2zC1wN1 : 252.8368946 (0.02)%
              C2wN2zN1_N4wC1wN1 : 252.0239042 (0.02)%
     GtT1bC2hC1wN1_QqGbB1bN2hN1 : 251.3027736 (0.02)%
     GbB1bN2hN1_QqGtT1bC2hC1wN1 : 251.3027736 (0.02)%
           GbB1bN1_QqGbB1bN3zN1 : 250.3840864 (0.02)%
           GbB1bN3zN1_QqGbB1bN1 : 250.3840864 (0.02)%
   QqGbB1bN3zN1_QqGbB1bN4wC1wN1 : 250.0544182 (0.02)%
   QqGbB1bN3zN1_QqGbB1tC2zC1wN1 : 249.6026095 (0.02)%
        B2tC2zC1wN1_B2tC2zC1wN1 : 249.2977552 (0.02)%
          GbB2bN3wC1wN1_QqC1wN1 : 249.1984529 (0.02)%
          GtT1bC1wN1_GtT1bC1wN1 : 248.8985648 (0.02)%
              C2wN2zN1_N3wC1wN1 : 248.4651654 (0.02)%
          GbB2bN4wC1wN1_QqC1wN1 : 248.1049429 (0.02)%
        B1bN3wC1wN1_B1bN4wC1wN1 : 247.1777733 (0.02)%
        B1bN3wC1wN1_B1tC2zC1wN1 : 246.7311622 (0.02)%
        T1bC2hC1wN1_T1tN3zN2hN1 : 245.6422394 (0.02)%
           QqC1wN1_QqGbB1bN4zN1 : 245.5146473 (0.02)%
           B1bN2hN1_B1tC2wN2hN1 : 244.9607901 (0.02)%
    GbB1bN4wC1wN1_GtT1bC2hC1wN1 : 243.3096963 (0.02)%
    GbB1tC2zC1wN1_GtT1bC2hC1wN1 : 242.8700743 (0.02)%
    GbB1tC2hC1wN1_GtT1bC2zC1wN1 : 242.8700743 (0.02)%
              B1bN2zN1_B1tC1wN1 : 242.7087695 (0.02)%
   QqGbB1tC1wN1_QqGtT1bC2hC1wN1 : 242.0134351 (0.02)%
    GbB1bN3wC1wN1_GbB1wT1bC1wN1 : 241.2238585 (0.02)%
        T2bC2wN2hN1_T2bC2zC1wN1 : 240.4843255 (0.02)%
              QqGbB1bN1_QqN2zN1 : 239.6352886 (0.02)%
   QqGbB1bN3zN1_QqGbB1tC2hC1wN1 : 238.9176034 (0.02)%
              B1tC1wN1_B1tC2wN1 : 238.5581269 (0.02)%
           T1tN3wC1wN1_T1tN3zN1 : 237.2584677 (0.02)%
       GbB1bN3zN1_GbB1bN4hN2hN1 : 236.2300474 (0.02)%
        B1bN3wC1wN1_B1tC2hC1wN1 : 236.1690773 (0.02)%
         QqGbB1bN1_QqGbB1bN2zN1 : 235.9315003 (0.02)%
          GbB1tC2wN2zN1_QqN2zN1 : 235.1862795 (0.02)%
           B1bN3zN2hN1_B1tC1wN1 : 234.0557546 (0.02)%
    GbB1tC2hC1wN1_GtT1bC2hC1wN1 : 232.4732751 (0.01)%
         QqGbB1bN1_QqGbB1tC2wN1 : 231.8967580 (0.01)%
     GbB1tC2wN2zN1_QqGbB1bN2zN1 : 231.5512548 (0.01)%
     GbB1bN2zN1_QqGbB1tC2wN2zN1 : 231.5512548 (0.01)%
       GbB1bN3wC1wN1_GbB1bN4zN1 : 230.9461514 (0.01)%
        T2bC2hC1wN1_T2bC2wN2hN1 : 230.1896556 (0.01)%
             GbB1bN3hN1_QqN2hN1 : 229.7804733 (0.01)%
                 C2wN1_C2zC1wN1 : 228.9164042 (0.01)%
        B2tC2hC1wN1_B2tC2hC1wN1 : 228.4106894 (0.01)%
     GbB1tC2wN1_QqGbB1tC2wN2zN1 : 227.5914205 (0.01)%
     GbB1tC2wN2zN1_QqGbB1tC2wN1 : 227.5914205 (0.01)%
      QqGbB1bN1_QqGbB1bN3zN2hN1 : 227.5201075 (0.01)%
        T1bC2zC1wN1_T1bC2zC1wN1 : 226.9574846 (0.01)%
        GbB1bN2hN1_QqGbB1bN3hN1 : 226.2290004 (0.01)%
        GbB1bN3hN1_QqGbB1bN2hN1 : 226.2290004 (0.01)%
QqGbB1tC2wN2hN1_QqGbB1tC2wN2zN1 : 225.0611007 (0.01)%
        QqGtT1tN3wC1wN1_QqN2hN1 : 224.0236451 (0.01)%
  GbB1bN3zN2zN1_QqGbB1tC2wN2hN1 : 223.2960258 (0.01)%
  GbB1tC2wN2zN1_QqGbB1bN3zN2hN1 : 223.2960258 (0.01)%
  GbB1tC2wN2hN1_QqGbB1bN3zN2zN1 : 223.2960258 (0.01)%
  GbB1bN3zN2hN1_QqGbB1tC2wN2zN1 : 223.2960258 (0.01)%
             QqC1wN1_QqC2wN2hN1 : 222.8375482 (0.01)%
          GbB1tC1wN1_GtT1tN3zN1 : 222.5297079 (0.01)%
     GbB2tC2wN2hN1_QqGbB1tC1wN1 : 221.3652745 (0.01)%
     GbB1tC1wN1_QqGbB2tC2wN2hN1 : 221.3652745 (0.01)%
     GtT1tN2hN1_QqGbB1tC2wN2hN1 : 220.8616785 (0.01)%
     GbB1tC2wN2hN1_QqGtT1tN2hN1 : 220.8616785 (0.01)%
  GbB1bN4hN2zN1_QqGbB1bN4wC1wN1 : 220.7266040 (0.01)%
  GbB1bN4wC1wN1_QqGbB1bN4hN2zN1 : 220.7266040 (0.01)%
   QqGbB1bN2hN1_QqGtT1tN3wC1wN1 : 220.5611494 (0.01)%
          GtT1bC2wN2hN1_QqN2hN1 : 220.4479883 (0.01)%
  GbB1bN4hN2zN1_QqGbB1tC2zC1wN1 : 220.3277860 (0.01)%
  GbB1tC2zC1wN1_QqGbB1bN4hN2zN1 : 220.3277860 (0.01)%
                 C2hC1wN1_C2wN1 : 219.1169347 (0.01)%
       GbB1bN3hN1_GbB1bN4wC1wN1 : 219.0334336 (0.01)%
        GtT1tN2zN1_QqGbB1tC1wN1 : 218.8312105 (0.01)%
        GbB1tC1wN1_QqGtT1tN2zN1 : 218.8312105 (0.01)%
       GbB1bN3hN1_GbB1tC2zC1wN1 : 218.6376749 (0.01)%
  GtT1bC2zC1wN1_QqGbB1bN3wC1wN1 : 218.6093472 (0.01)%
  GbB1bN3wC1wN1_QqGtT1bC2zC1wN1 : 218.6093472 (0.01)%
         QqGbB1bN1_QqGtT1bC1wN1 : 218.5834825 (0.01)%
      QqGbB1bN3hN1_QqGbB1tC1wN1 : 217.8665070 (0.01)%
   QqGbB1bN3wC1wN1_QqGbB1bN4hN1 : 217.3858993 (0.01)%
     GbB1bN2hN1_QqGtT1bC2wN2hN1 : 217.0407578 (0.01)%
     GtT1bC2wN2hN1_QqGbB1bN2hN1 : 217.0407578 (0.01)%
              B1bN2hN1_B1bN2hN1 : 216.8592283 (0.01)%
     GbB1tC1wN1_QqGbB1bN3hN2hN1 : 215.9957365 (0.01)%
     GbB1bN3hN2hN1_QqGbB1tC1wN1 : 215.9957365 (0.01)%
             GbB1bN3zN1_QqN2zN1 : 215.6272818 (0.01)%
          GbB1bN2hN1_QqC2zC1wN1 : 215.2668121 (0.01)%
          GbB1bN2zN1_GbB1bN4hN1 : 214.5988370 (0.01)%
     GtT1bC1wN1_QqGbB1tC2wN2zN1 : 214.5253159 (0.01)%
     GbB1tC2wN2zN1_QqGtT1bC1wN1 : 214.5253159 (0.01)%
          GbB1bN1_GtT1tN3wC1wN1 : 213.8273934 (0.01)%
              T1bC1wN1_T1tN3hN1 : 212.4474875 (0.01)%
        GbB1bN2zN1_QqGbB1bN3zN1 : 212.2945598 (0.01)%
        GbB1bN3zN1_QqGbB1bN2zN1 : 212.2945598 (0.01)%
             GbB1bN4wC1wN1_QqN1 : 212.2093820 (0.01)%
        T1bC2wN2hN1_T1tN3zN2hN1 : 212.1519672 (0.01)%
             GbB1tC2zC1wN1_QqN1 : 211.8259533 (0.01)%
        GtT1bC2wN1_QqGbB1tC1wN1 : 211.3678545 (0.01)%
        GbB1tC1wN1_QqGtT1bC2wN1 : 211.3678545 (0.01)%
          GbB1bN4hN1_GbB1tC2wN1 : 210.9289116 (0.01)%
  GbB1bN4hN2zN1_QqGbB1tC2hC1wN1 : 210.8959786 (0.01)%
  GbB1tC2hC1wN1_QqGbB1bN4hN2zN1 : 210.8959786 (0.01)%
    GbB1bN4wC1wN1_GtT1bC2wN2hN1 : 210.1374375 (0.01)%
       GbB1bN2hN1_GtT1tN3zN2hN1 : 209.9707816 (0.01)%
    GbB1tC2wN2hN1_GtT1bC2zC1wN1 : 209.7577524 (0.01)%
    GbB1tC2zC1wN1_GtT1bC2wN2hN1 : 209.7577524 (0.01)%
       GbB1bN3hN1_GbB1tC2hC1wN1 : 209.2782180 (0.01)%
  GtT1bC2hC1wN1_QqGbB1bN3wC1wN1 : 209.2511029 (0.01)%
  GbB1bN3wC1wN1_QqGtT1bC2hC1wN1 : 209.2511029 (0.01)%
   QqGbB1tC1wN1_QqGtT1bC2wN2hN1 : 209.0179053 (0.01)%
        GbB1tC2wN1_QqGbB1bN3zN1 : 208.6640406 (0.01)%
        GbB1bN3zN1_QqGbB1tC2wN1 : 208.6640406 (0.01)%
          GbB1wT1bC1wN1_QqN2hN1 : 208.0096735 (0.01)%
        T1bC2hC1wN1_T1bC2hC1wN1 : 207.9421673 (0.01)%
        QqC2zC1wN1_QqGbB1tC1wN1 : 207.3095331 (0.01)%
       GbB1bN3zN2hN1_GbB1bN4hN1 : 206.9479929 (0.01)%
   QqGbB1bN3zN1_QqGbB1tC2wN2hN1 : 206.3441519 (0.01)%
          GbB1bN2hN1_QqC2hC1wN1 : 206.0516553 (0.01)%
              T1tN2hN1_T1tN3zN1 : 205.2503971 (0.01)%
     GbB1bN2hN1_QqGbB1wT1bC1wN1 : 204.7946887 (0.01)%
     GbB1wT1bC1wN1_QqGbB1bN2hN1 : 204.7946887 (0.01)%
     GbB1bN3zN1_QqGbB1bN3zN2hN1 : 204.7258675 (0.01)%
     GbB1bN3zN2hN1_QqGbB1bN3zN1 : 204.7258675 (0.01)%
             GtT1tN3zN1_QqC1wN1 : 204.5422153 (0.01)%
           T2bC2wN1_T2tN4wC1wN1 : 204.1182785 (0.01)%
        B1bN3wC1wN1_B1tC2wN2hN1 : 203.9703532 (0.01)%
           B2tC2wN1_B2tC2zC1wN1 : 203.3791642 (0.01)%
           QqGbB1bN2zN1_QqN2zN1 : 203.1809163 (0.01)%
        B1bN4wC1wN1_B1tC2zC1wN1 : 202.8077601 (0.01)%
             GbB1tC2hC1wN1_QqN1 : 202.7580930 (0.01)%
    GbB1tC2wN2hN1_GtT1bC2hC1wN1 : 200.7784278 (0.01)%
    GbB1tC2hC1wN1_GtT1bC2wN2hN1 : 200.7784278 (0.01)%
           QqGbB1tC2wN1_QqN2zN1 : 199.7062525 (0.01)%
             GbB1bN4zN1_QqN2hN1 : 199.1471069 (0.01)%
          GbB1bN4hN1_GtT1bC1wN1 : 198.8194076 (0.01)%
        QqC2hC1wN1_QqGbB1tC1wN1 : 198.4350120 (0.01)%
    GbB1bN4wC1wN1_GbB1wT1bC1wN1 : 198.2808738 (0.01)%
    GbB1tC2zC1wN1_GbB1wT1bC1wN1 : 197.9226117 (0.01)%
   QqGbB1tC1wN1_QqGbB1wT1bC1wN1 : 197.2245089 (0.01)%
        GtT1bC1wN1_QqGbB1bN3zN1 : 196.6845636 (0.01)%
        GbB1bN3zN1_QqGtT1bC1wN1 : 196.6845636 (0.01)%
      QqGbB1bN2zN1_QqGbB1tC2wN1 : 196.6196049 (0.01)%
        GbB1bN4zN1_QqGbB1bN2hN1 : 196.0691015 (0.01)%
        GbB1bN2hN1_QqGbB1bN4zN1 : 196.0691015 (0.01)%
        QqGbB1bN3zN2hN1_QqN2zN1 : 195.9371422 (0.01)%
        QqGbB1bN3zN2zN1_QqN2hN1 : 195.9371422 (0.01)%
           B2tC2hC1wN1_B2tC2wN1 : 194.6728946 (0.01)%
        B1bN4wC1wN1_B1tC2hC1wN1 : 194.1259513 (0.01)%
           QqGtT1tN2hN1_QqN2hN1 : 193.8010582 (0.01)%
        B1tC2hC1wN1_B1tC2zC1wN1 : 193.7751964 (0.01)%
    GbB1tC1wN1_GbB1wT1tN3wC1wN1 : 192.9331630 (0.01)%
   QqGbB1bN2zN1_QqGbB1bN3zN2hN1 : 192.9087497 (0.01)%
   QqGbB1bN2hN1_QqGbB1bN3zN2zN1 : 192.9087497 (0.01)%
       GbB1bN2hN1_GbB2tC2zC1wN1 : 191.9176675 (0.01)%
              C2wN2hN1_C2wN2hN1 : 191.7674583 (0.01)%
           T1bC2zC1wN1_T1tN2zN1 : 191.6915298 (0.01)%
     GbB2bN3wC1wN1_QqGbB1tC1wN1 : 191.6546176 (0.01)%
     GbB1tC1wN1_QqGbB2bN3wC1wN1 : 191.6546176 (0.01)%
       GbB1bN2hN1_GbB1bN4zN2hN1 : 191.5306017 (0.01)%
           B1bN4hN2hN1_B1tC1wN1 : 190.9196562 (0.01)%
     GbB1tC1wN1_QqGbB2bN4wC1wN1 : 190.8136163 (0.01)%
     GbB2bN4wC1wN1_QqGbB1tC1wN1 : 190.8136163 (0.01)%
      QqGbB1bN2hN1_QqGtT1tN2hN1 : 190.8056809 (0.01)%
                 N2hN1_N3wC1wN1 : 190.0739623 (0.01)%
       GbB1bN4wC1wN1_GbB1bN4zN1 : 189.8328175 (0.01)%
   QqGbB1bN3zN2hN1_QqGbB1tC2wN1 : 189.6097537 (0.01)%
       GbB1bN4zN1_GbB1tC2zC1wN1 : 189.4898196 (0.01)%
    GbB1tC2hC1wN1_GbB1wT1bC1wN1 : 189.4499266 (0.01)%
                 C2wN1_C2wN2hN1 : 189.2430588 (0.01)%
              T2tN1_T2tN4wC1wN1 : 188.9916171 (0.01)%
      QqGbB1bN4zN1_QqGbB1tC1wN1 : 188.8214606 (0.01)%
     GbB1bN3hN1_QqGbB1bN3wC1wN1 : 188.3730416 (0.01)%
     GbB1bN3wC1wN1_QqGbB1bN3hN1 : 188.3730416 (0.01)%
           QqGtT1bC1wN1_QqN2zN1 : 188.2410454 (0.01)%
          GbB1bN1_GbB1bN3zN2zN1 : 187.0192245 (0.01)%
                 C2zC1wN1_N3zN1 : 186.9099361 (0.01)%
             QqC1wN1_QqN4wC1wN1 : 186.4085639 (0.01)%
                 N3zN1_N4wC1wN1 : 185.9309505 (0.01)%
        QqC1wN1_QqGtT1tN3zN2hN1 : 185.8643155 (0.01)%
      QqGbB1bN1_QqGbB1bN4hN2hN1 : 185.5885183 (0.01)%
      QqGbB1bN2zN1_QqGtT1bC1wN1 : 185.3316033 (0.01)%
           T1bC2wN1_T1bC2zC1wN1 : 185.1537872 (0.01)%
             GbB1bN1_GtT1tN2hN1 : 184.9803627 (0.01)%
       GbB1bN2hN1_GbB2tC2hC1wN1 : 183.7020425 (0.01)%
QqGbB1bN3wC1wN1_QqGtT1tN3wC1wN1 : 183.6536187 (0.01)%
           T1bC2hC1wN1_T1tN2zN1 : 183.4855854 (0.01)%
        T1bC2wN2zN1_T1tN3wC1wN1 : 183.1823736 (0.01)%
      QqGbB1tC2wN1_QqGtT1bC1wN1 : 182.1621866 (0.01)%
  GbB1bN4hN2zN1_QqGbB1tC2wN2hN1 : 182.1429281 (0.01)%
  GbB1bN4hN2hN1_QqGbB1tC2wN2zN1 : 182.1429281 (0.01)%
  GbB1tC2wN2hN1_QqGbB1bN4hN2zN1 : 182.1429281 (0.01)%
  GbB1tC2wN2zN1_QqGbB1bN4hN2hN1 : 182.1429281 (0.01)%
       GbB1bN4zN1_GbB1tC2hC1wN1 : 181.3781261 (0.01)%
       GbB1bN2zN1_GtT1tN3wC1wN1 : 181.2990314 (0.01)%
       GbB1bN3hN1_GbB1tC2wN2hN1 : 180.7457290 (0.01)%
  GtT1bC2wN2hN1_QqGbB1bN3wC1wN1 : 180.7223107 (0.01)%
  GbB1bN3wC1wN1_QqGtT1bC2wN2hN1 : 180.7223107 (0.01)%
  GtT1bC2zC1wN1_QqGbB1bN4wC1wN1 : 179.6922272 (0.01)%
  GbB1bN4wC1wN1_QqGtT1bC2zC1wN1 : 179.6922272 (0.01)%
    GbB1bN4hN2hN1_GbB1bN4hN2hN1 : 179.4278775 (0.01)%
  GtT1bC2zC1wN1_QqGbB1tC2zC1wN1 : 179.3675518 (0.01)%
  GbB1tC2zC1wN1_QqGtT1bC2zC1wN1 : 179.3675518 (0.01)%
       GbB1bN3wC1wN1_QqC2zC1wN1 : 179.2452077 (0.01)%
           GbB1bN1_QqGbB1bN4hN1 : 178.9221569 (0.01)%
           GbB1bN4hN1_QqGbB1bN1 : 178.9221569 (0.01)%
                 C2hC1wN1_N3zN1 : 178.9086824 (0.01)%
   QqGbB1bN3zN2hN1_QqGtT1bC1wN1 : 178.7241901 (0.01)%
   QqGbB1bN4hN1_QqGbB1bN4wC1wN1 : 178.6865790 (0.01)%
   QqGbB1bN4hN1_QqGbB1tC2zC1wN1 : 178.3637207 (0.01)%
       GbB1tC2wN1_GtT1tN3wC1wN1 : 178.1985770 (0.01)%
          GbB1bN2hN1_QqC2wN2hN1 : 177.9590681 (0.01)%
       GbB1wT1tN3wC1wN1_QqC1wN1 : 177.3380145 (0.01)%
           T1bC2hC1wN1_T1bC2wN1 : 177.2277109 (0.01)%
        T2bC2zC1wN1_T2tN3wC1wN1 : 175.5824961 (0.01)%
             GbB1tC2wN2hN1_QqN1 : 175.1145422 (0.01)%
    GbB1bN3wC1wN1_GtT1tN3zN2hN1 : 174.8353868 (0.01)%
    GbB1bN3zN2hN1_GtT1tN3wC1wN1 : 174.8353868 (0.01)%
    GbB1tC2wN2hN1_GtT1bC2wN2hN1 : 173.4047798 (0.01)%
             GbB1tC1wN1_QqC2wN1 : 173.3076626 (0.01)%
  GtT1bC2hC1wN1_QqGbB1bN4wC1wN1 : 171.9999497 (0.01)%
  GbB1bN4wC1wN1_QqGtT1bC2hC1wN1 : 171.9999497 (0.01)%
       GbB1tC1wN1_GtT1bC2wN2zN1 : 171.8106017 (0.01)%
  GtT1bC2hC1wN1_QqGbB1tC2zC1wN1 : 171.6891730 (0.01)%
  GtT1bC2zC1wN1_QqGbB1tC2hC1wN1 : 171.6891730 (0.01)%
  GbB1tC2hC1wN1_QqGtT1bC2zC1wN1 : 171.6891730 (0.01)%
  GbB1tC2zC1wN1_QqGtT1bC2hC1wN1 : 171.6891730 (0.01)%
       GbB1bN3wC1wN1_QqC2hC1wN1 : 171.5720663 (0.01)%
        QqC2wN2hN1_QqGbB1tC1wN1 : 171.3808597 (0.01)%
   QqGbB1bN4hN1_QqGbB1tC2hC1wN1 : 170.7283140 (0.01)%
  GbB1wT1bC1wN1_QqGbB1bN3wC1wN1 : 170.5254338 (0.01)%
  GbB1bN3wC1wN1_QqGbB1wT1bC1wN1 : 170.5254338 (0.01)%
        B2tC2wN2hN1_B2tC2wN2hN1 : 170.3744453 (0.01)%
        QqC1wN1_QqGbB2tC2zC1wN1 : 169.8838554 (0.01)%
       GbB1bN3zN1_GbB1tC2wN2zN1 : 169.6128035 (0.01)%
        QqC1wN1_QqGbB1bN4zN2hN1 : 169.5412280 (0.01)%
       GbB1bN4hN1_GbB1bN4hN2hN1 : 168.8078113 (0.01)%
           B2tC2wN1_B2tC2wN2hN1 : 168.1316603 (0.01)%
        T2bC2hC1wN1_T2tN3wC1wN1 : 168.0661483 (0.01)%
       GtT1bC1wN1_GtT1tN3wC1wN1 : 167.9681332 (0.01)%
        B1bN4wC1wN1_B1tC2wN2hN1 : 167.6592859 (0.01)%
        B1tC2wN2hN1_B1tC2zC1wN1 : 167.3563522 (0.01)%
     GbB1bN4hN2hN1_QqGbB1bN3zN1 : 166.9952200 (0.01)%
     GbB1bN3zN1_QqGbB1bN4hN2hN1 : 166.9952200 (0.01)%
       GbB1tC1wN1_GbB1wT1tN2hN1 : 166.9049316 (0.01)%
                 C2zC1wN1_N4hN1 : 164.8183083 (0.01)%
  GtT1bC2hC1wN1_QqGbB1tC2hC1wN1 : 164.3394908 (0.01)%
  GbB1tC2hC1wN1_QqGtT1bC2hC1wN1 : 164.3394908 (0.01)%
                 C1wN1_N3zN2hN1 : 164.0406416 (0.01)%
    GbB1tC2wN2hN1_GbB1wT1bC1wN1 : 163.6207792 (0.01)%
     GbB1bN4zN1_QqGbB1bN3wC1wN1 : 163.2599400 (0.01)%
     GbB1bN3wC1wN1_QqGbB1bN4zN1 : 163.2599400 (0.01)%
        T2bC2zC1wN1_T2tN4hN2hN1 : 163.0620558 (0.01)%
        QqC1wN1_QqGbB2tC2hC1wN1 : 162.6114553 (0.01)%
                 N3wC1wN1_N4hN1 : 161.6398829 (0.01)%
QqGbB1bN3wC1wN1_QqGbB1bN3zN2zN1 : 160.6284247 (0.01)%
        B1tC2hC1wN1_B1tC2wN2hN1 : 160.1921497 (0.01)%
        QqGbB1bN4hN2zN1_QqN2hN1 : 159.8262426 (0.01)%
        QqGbB1bN4hN2hN1_QqN2zN1 : 159.8262426 (0.01)%
    GbB1bN3wC1wN1_GbB2tC2zC1wN1 : 159.8031849 (0.01)%
    GbB1bN3wC1wN1_GbB1bN4zN2hN1 : 159.4808886 (0.01)%
   QqGbB1bN3wC1wN1_QqGtT1tN2hN1 : 158.8772723 (0.01)%
       GbB1bN2hN1_GbB2tC2wN2hN1 : 158.6565478 (0.01)%
       GbB1bN2zN1_GbB1bN3zN2zN1 : 158.5690389 (0.01)%
           T1bC2wN2hN1_T1tN2zN1 : 158.4696019 (0.01)%
           T1bC2wN2zN1_T1tN2hN1 : 158.4696019 (0.01)%
          GtT1bC2wN2zN1_QqC1wN1 : 157.9228294 (0.01)%
                 C2hC1wN1_N4hN1 : 157.7627546 (0.01)%
   QqGbB1bN2hN1_QqGbB1bN4hN2zN1 : 157.3559780 (0.01)%
   QqGbB1bN2zN1_QqGbB1bN4hN2hN1 : 157.3559780 (0.01)%
        GbB1tC1wN1_QqGtT1tN3zN1 : 157.3102064 (0.01)%
        GtT1tN3zN1_QqGbB1tC1wN1 : 157.3102064 (0.01)%
          GbB1bN2zN1_GtT1tN2hN1 : 156.8403377 (0.01)%
          GbB1bN2hN1_GtT1tN2zN1 : 156.8403377 (0.01)%
       GbB1bN4zN1_GbB1tC2wN2hN1 : 156.6494686 (0.01)%
        T2bC2hC1wN1_T2tN4hN2hN1 : 156.0816838 (0.01)%
       GbB1bN3zN2zN1_GbB1tC2wN1 : 155.8572976 (0.01)%
        T1bC2wN2hN1_T1bC2wN2hN1 : 155.1067137 (0.01)%
     GbB1bN3hN1_QqGbB1bN4wC1wN1 : 154.8386280 (0.01)%
     GbB1bN4wC1wN1_QqGbB1bN3hN1 : 154.8386280 (0.01)%
       GbB1bN2hN1_GbB1bN3hN2hN1 : 154.8081015 (0.01)%
   QqGbB1bN4hN2hN1_QqGbB1tC2wN1 : 154.6649816 (0.01)%
     GbB1bN3hN1_QqGbB1tC2zC1wN1 : 154.5588591 (0.01)%
     GbB1tC2zC1wN1_QqGbB1bN3hN1 : 154.5588591 (0.01)%
                 C2wN2hN1_N3zN1 : 154.5167029 (0.01)%
          GbB1tC1wN1_GbB2tC2wN1 : 154.5096620 (0.01)%
          GbB1tC2wN1_GtT1tN2hN1 : 154.1581594 (0.01)%
             GbB1bN4hN1_QqN2zN1 : 154.0852652 (0.01)%
                   QqN1_QqN2hN1 : 153.6589952 (0.01)%
------------------------------------------------------------
                                              SUM=90.01%
