/Users/rafalmaselek/Projects/fastlim-1.0
 
#################################################################
#                                                               #
#                                                               #
#                     This is Fastlim  ver. 1.0                 #
#                                                               #
#          A fast LHC limit calculator for BSM models.          #
#                                                               #
#                  http://cern.ch/fastlim-1.0/                  #
#                                                               #
#  for bugs/feature requests: fastlim-1.0.developers@gmail.com  #
#                                                               #
#    please refer to:                                           #
#    M.Papucci, K.Sakurai, A.Weiler, L.Zeune arXiv:1402.xxxx    #
#                                                               #
#################################################################
 

!! Masses incompatible with the data for ERER !!

!! Problem with reading tables for ER ER !! Probably mass outside the table !! Setting xsec to 10^-20 !!

!! Masses incompatible with the data for ELEL !!

!! Problem with reading tables for EL EL !! Probably mass outside the table !! Setting xsec to 10^-20 !!

!! Masses incompatible with the data for TAU1TAU1 !!

!! Problem with reading tables for TAU1 TAU1 !! Probably mass outside the table !! Setting xsec to 10^-20 !!

!! Masses incompatible with the data for TAU2TAU2 !!

!! Problem with reading tables for TAU2 TAU2 !! Probably mass outside the table !! Setting xsec to 10^-20 !!
Decoupling mG=2583.84174 GeV; mQ=3238.712375 GeV

!! Masses incompatible with the data for QQ !!

!! Problem with reading tables for Q Q !! Probably mass outside the table !! Setting xsec to 10^-20 !!

!! Masses incompatible with the data for GQ !!

!! Problem with reading tables for G Q !! Probably mass outside the table !! Setting xsec to 10^-20 !!
!! EWK PROCESS C1C2 NOT FOUND !! WILL TRY TO LOOK FOR +/- MODES !!
XSEC FOUND FOR: C1-C2+
XSEC FOUND FOR: C1+C2-
!! EWK PROCESS C1N1 NOT FOUND !! WILL TRY TO LOOK FOR +/- MODES !!
XSEC FOUND FOR: C1+N1
XSEC FOUND FOR: C1-N1
!! EWK PROCESS C1N2 NOT FOUND !! WILL TRY TO LOOK FOR +/- MODES !!
XSEC FOUND FOR: C1+N2
XSEC FOUND FOR: C1-N2
!! EWK PROCESS C1N3 NOT FOUND !! WILL TRY TO LOOK FOR +/- MODES !!
XSEC FOUND FOR: C1+N3
XSEC FOUND FOR: C1-N3
!! EWK PROCESS C1N4 NOT FOUND !! WILL TRY TO LOOK FOR +/- MODES !!
XSEC FOUND FOR: C1+N4
XSEC FOUND FOR: C1-N4
!! EWK PROCESS C2N1 NOT FOUND !! WILL TRY TO LOOK FOR +/- MODES !!
XSEC FOUND FOR: C2+N1
XSEC FOUND FOR: C2-N1
!! EWK PROCESS C2N2 NOT FOUND !! WILL TRY TO LOOK FOR +/- MODES !!
XSEC FOUND FOR: C2+N2
XSEC FOUND FOR: C2-N2
!! EWK PROCESS C2N3 NOT FOUND !! WILL TRY TO LOOK FOR +/- MODES !!
XSEC FOUND FOR: C2+N3
XSEC FOUND FOR: C2-N3
!! EWK PROCESS C2N4 NOT FOUND !! WILL TRY TO LOOK FOR +/- MODES !!
XSEC FOUND FOR: C2+N4
XSEC FOUND FOR: C2-N4
---------------  Output inclusive processes  ---------------
The total xsec = 2420.55 [fb]
The total rate = 100.00%
Output upto 0.10%
            Modes : xsec/fb      (rate)
      C1wN1_N2hN1 : 1157.9644295 (47.84)%
      C1wN1_C1wN1 : 574.4336641 (23.73)%
      C1wN1_N2zN1 : 103.7995485 (4.29)%
C2hC1wN1_N4wC1wN1 : 22.4191841 (0.93)%
C2hC1wN1_N3wC1wN1 : 20.2373342 (0.84)%
C2zC1wN1_N4wC1wN1 : 19.8640092 (0.82)%
C2wN2hN1_N4wC1wN1 : 19.3704827 (0.80)%
C2zC1wN1_N3wC1wN1 : 17.9308306 (0.74)%
N3wC1wN1_N4wC1wN1 : 17.8533018 (0.74)%
C2wN2hN1_N3wC1wN1 : 17.4853344 (0.72)%
   C2wN1_N4wC1wN1 : 17.2112980 (0.71)%
   C2wN1_N3wC1wN1 : 15.5362830 (0.64)%
C2hC1wN1_C2zC1wN1 : 12.4479344 (0.51)%
C2hC1wN1_C2wN2hN1 : 12.1386622 (0.50)%
C2hC1wN1_N4hN2hN1 : 10.9036918 (0.45)%
   C2hC1wN1_C2wN1 : 10.7855925 (0.45)%
C2wN2hN1_C2zC1wN1 : 10.7551861 (0.44)%
   C2hC1wN1_N3zN1 : 10.1160116 (0.42)%
C2zC1wN1_N4hN2hN1 : 9.6609686 (0.40)%
   C2wN1_C2zC1wN1 : 9.5563294 (0.39)%
C2wN2hN1_N4hN2hN1 : 9.4209394 (0.39)%
   C2wN1_C2wN2hN1 : 9.3188999 (0.38)%
   C2zC1wN1_N3zN1 : 8.9630624 (0.37)%
   N3zN1_N4wC1wN1 : 8.9243082 (0.37)%
   C2wN2hN1_N3zN1 : 8.7403728 (0.36)%
N3wC1wN1_N4hN2hN1 : 8.6830502 (0.36)%
   C2hC1wN1_N4hN1 : 8.5705436 (0.35)%
   C1wN1_N3wC1wN1 : 8.5264441 (0.35)%
C2hC1wN1_N3zN2hN1 : 8.5020106 (0.35)%
   C2wN1_N4hN2hN1 : 8.3708082 (0.35)%
            N1_N1 : 8.0497219 (0.33)%
      C2wN1_N3zN1 : 7.7661029 (0.32)%
   C2zC1wN1_N4hN1 : 7.5937356 (0.31)%
C2zC1wN1_N3zN2hN1 : 7.5330135 (0.31)%
N3zN2hN1_N4wC1wN1 : 7.5004425 (0.31)%
   C2wN2hN1_N4hN1 : 7.4050672 (0.31)%
C2wN2hN1_N3zN2hN1 : 7.3458538 (0.30)%
C2hC1wN1_C2hC1wN1 : 7.0245772 (0.29)%
   N3wC1wN1_N4hN1 : 6.8250700 (0.28)%
      C2wN1_N4hN1 : 6.5796409 (0.27)%
   C2wN1_N3zN2hN1 : 6.5270278 (0.27)%
C2zC1wN1_C2zC1wN1 : 5.5146049 (0.23)%
C2wN2hN1_C2wN2hN1 : 5.2439854 (0.22)%
   N3zN1_N4hN2hN1 : 4.3403857 (0.18)%
      C1wN1_N3zN1 : 4.2621032 (0.18)%
      N2hN1_N2hN1 : 4.1718370 (0.17)%
      C2wN1_C2wN1 : 4.1400714 (0.17)%
   N2hN1_N3wC1wN1 : 3.6933515 (0.15)%
N3zN2hN1_N4hN2hN1 : 3.6478809 (0.15)%
   C1wN1_N3zN2hN1 : 3.5820883 (0.15)%
      N3zN1_N4hN1 : 3.4116394 (0.14)%
   N3zN2hN1_N4hN1 : 2.8673153 (0.12)%
         C1wN1_N1 : 2.6759171 (0.11)%
   C1wN1_N4wC1wN1 : 2.3105885 (0.10)%
------------------------------------------------------------
                                SUM=95.37%

SHOWING PROCESSES TO GET 90.00% SUSY COVERAGE
---------------  Output inclusive processes  ---------------
The total xsec = 2420.55 [fb]
The total rate = 100.00%
            Modes : xsec/fb      (rate)
      C1wN1_N2hN1 : 1157.9644295 (47.84)%
      C1wN1_C1wN1 : 574.4336641 (23.73)%
      C1wN1_N2zN1 : 103.7995485 (4.29)%
C2hC1wN1_N4wC1wN1 : 22.4191841 (0.93)%
C2hC1wN1_N3wC1wN1 : 20.2373342 (0.84)%
C2zC1wN1_N4wC1wN1 : 19.8640092 (0.82)%
C2wN2hN1_N4wC1wN1 : 19.3704827 (0.80)%
C2zC1wN1_N3wC1wN1 : 17.9308306 (0.74)%
N3wC1wN1_N4wC1wN1 : 17.8533018 (0.74)%
C2wN2hN1_N3wC1wN1 : 17.4853344 (0.72)%
   C2wN1_N4wC1wN1 : 17.2112980 (0.71)%
   C2wN1_N3wC1wN1 : 15.5362830 (0.64)%
C2hC1wN1_C2zC1wN1 : 12.4479344 (0.51)%
C2hC1wN1_C2wN2hN1 : 12.1386622 (0.50)%
C2hC1wN1_N4hN2hN1 : 10.9036918 (0.45)%
   C2hC1wN1_C2wN1 : 10.7855925 (0.45)%
C2wN2hN1_C2zC1wN1 : 10.7551861 (0.44)%
   C2hC1wN1_N3zN1 : 10.1160116 (0.42)%
C2zC1wN1_N4hN2hN1 : 9.6609686 (0.40)%
   C2wN1_C2zC1wN1 : 9.5563294 (0.39)%
C2wN2hN1_N4hN2hN1 : 9.4209394 (0.39)%
   C2wN1_C2wN2hN1 : 9.3188999 (0.38)%
   C2zC1wN1_N3zN1 : 8.9630624 (0.37)%
   N3zN1_N4wC1wN1 : 8.9243082 (0.37)%
   C2wN2hN1_N3zN1 : 8.7403728 (0.36)%
N3wC1wN1_N4hN2hN1 : 8.6830502 (0.36)%
   C2hC1wN1_N4hN1 : 8.5705436 (0.35)%
   C1wN1_N3wC1wN1 : 8.5264441 (0.35)%
C2hC1wN1_N3zN2hN1 : 8.5020106 (0.35)%
   C2wN1_N4hN2hN1 : 8.3708082 (0.35)%
            N1_N1 : 8.0497219 (0.33)%
------------------------------------------------------------
                                SUM=90.33%
