/Users/rafalmaselek/Projects/fastlim-1.0
 
#################################################################
#                                                               #
#                                                               #
#                     This is Fastlim  ver. 1.0                 #
#                                                               #
#          A fast LHC limit calculator for BSM models.          #
#                                                               #
#                  http://cern.ch/fastlim-1.0/                  #
#                                                               #
#  for bugs/feature requests: fastlim-1.0.developers@gmail.com  #
#                                                               #
#    please refer to:                                           #
#    M.Papucci, K.Sakurai, A.Weiler, L.Zeune arXiv:1402.xxxx    #
#                                                               #
#################################################################
 

!! Masses incompatible with the data for ERER !!

!! Problem with reading tables for ER ER !! Probably mass outside the table !! Setting xsec to 10^-20 !!

!! Masses incompatible with the data for ELEL !!

!! Problem with reading tables for EL EL !! Probably mass outside the table !! Setting xsec to 10^-20 !!

!! Masses incompatible with the data for TAU1TAU1 !!

!! Problem with reading tables for TAU1 TAU1 !! Probably mass outside the table !! Setting xsec to 10^-20 !!

!! Masses incompatible with the data for TAU2TAU2 !!

!! Problem with reading tables for TAU2 TAU2 !! Probably mass outside the table !! Setting xsec to 10^-20 !!
!! EWK PROCESS C1C2 NOT FOUND !! WILL TRY TO LOOK FOR +/- MODES !!
XSEC FOUND FOR: C1-C2+
XSEC FOUND FOR: C1+C2-
!! EWK PROCESS C1N1 NOT FOUND !! WILL TRY TO LOOK FOR +/- MODES !!
XSEC FOUND FOR: C1+N1
XSEC FOUND FOR: C1-N1
!! EWK PROCESS C1N2 NOT FOUND !! WILL TRY TO LOOK FOR +/- MODES !!
XSEC FOUND FOR: C1+N2
XSEC FOUND FOR: C1-N2
!! EWK PROCESS C1N3 NOT FOUND !! WILL TRY TO LOOK FOR +/- MODES !!
XSEC FOUND FOR: C1+N3
XSEC FOUND FOR: C1-N3
!! EWK PROCESS C1N4 NOT FOUND !! WILL TRY TO LOOK FOR +/- MODES !!
XSEC FOUND FOR: C1+N4
XSEC FOUND FOR: C1-N4
!! EWK PROCESS C2N1 NOT FOUND !! WILL TRY TO LOOK FOR +/- MODES !!
XSEC FOUND FOR: C2+N1
XSEC FOUND FOR: C2-N1
!! EWK PROCESS C2N2 NOT FOUND !! WILL TRY TO LOOK FOR +/- MODES !!
XSEC FOUND FOR: C2+N2
XSEC FOUND FOR: C2-N2
!! EWK PROCESS C2N3 NOT FOUND !! WILL TRY TO LOOK FOR +/- MODES !!
XSEC FOUND FOR: C2+N3
XSEC FOUND FOR: C2-N3
!! EWK PROCESS C2N4 NOT FOUND !! WILL TRY TO LOOK FOR +/- MODES !!
XSEC FOUND FOR: C2+N4
XSEC FOUND FOR: C2-N4
---------------  Output inclusive processes  ---------------
The total xsec = 69585.15 [fb]
The total rate = 100.00%
Output upto 0.10%
                  Modes : xsec/fb      (rate)
            C1wN1_N2hN1 : 25076.5787916 (36.04)%
            C1wN1_C1wN1 : 13913.7977001 (20.00)%
            C1wN1_N2zN1 : 3927.7217099 (5.64)%
      C2wN2hN1_N4wC1wN1 : 525.9382608 (0.76)%
      C2zC1wN1_N4wC1wN1 : 512.6945178 (0.74)%
      C2hC1wN1_N4wC1wN1 : 443.1321370 (0.64)%
         C2wN1_N4wC1wN1 : 434.9459572 (0.63)%
      N3wC1wN1_N4wC1wN1 : 400.4156807 (0.58)%
      C2wN2hN1_N3wC1wN1 : 383.6178737 (0.55)%
      C2zC1wN1_N3wC1wN1 : 373.9579252 (0.54)%
         C1wN1_N3wC1wN1 : 333.9839769 (0.48)%
      C2hC1wN1_N3wC1wN1 : 323.2193222 (0.46)%
         C2wN1_N3wC1wN1 : 317.2483459 (0.46)%
      C2wN2hN1_C2zC1wN1 : 251.0117455 (0.36)%
         N3zN1_N4wC1wN1 : 230.0272832 (0.33)%
         C2wN2hN1_N3zN1 : 220.3774266 (0.32)%
      C2hC1wN1_C2wN2hN1 : 216.9544775 (0.31)%
         C2zC1wN1_N3zN1 : 214.8280642 (0.31)%
         C2wN1_C2wN2hN1 : 212.9465795 (0.31)%
      C2hC1wN1_C2zC1wN1 : 211.4913090 (0.30)%
         C2wN1_C2zC1wN1 : 207.5843346 (0.30)%
            C1wN1_N3zN1 : 191.8641815 (0.28)%
         C2hC1wN1_N3zN1 : 185.6801972 (0.27)%
            C2wN1_N3zN1 : 182.2500432 (0.26)%
         C2hC1wN1_C2wN1 : 179.4192967 (0.26)%
   GbtC1wN1_GbtC2wN2hN1 : 175.2217979 (0.25)%
   GbtC1wN1_GbtC2zC1wN1 : 170.8095072 (0.25)%
         C2wN2hN1_N4hN1 : 168.4412113 (0.24)%
      C2wN2hN1_N4hN2hN1 : 164.4742094 (0.24)%
         C2zC1wN1_N4hN1 : 164.1996638 (0.24)%
      C2zC1wN1_N4hN2hN1 : 160.3325557 (0.23)%
   GbtC1wN1_GbtC2hC1wN1 : 147.6340771 (0.21)%
      GbtC1wN1_GbtC2wN1 : 144.9067662 (0.21)%
         C1wN1_N4wC1wN1 : 144.0658211 (0.21)%
         C2hC1wN1_N4hN1 : 141.9210571 (0.20)%
         N2hN1_N3wC1wN1 : 140.6098156 (0.20)%
            C2wN1_N4hN1 : 139.2992854 (0.20)%
      C2hC1wN1_N4hN2hN1 : 138.5786381 (0.20)%
         C2wN1_N4hN2hN1 : 136.0186124 (0.20)%
   GbtC1wN1_GttN4wC1wN1 : 135.5513303 (0.19)%
      GbtC1wN1_GqqC1wN1 : 135.3920353 (0.19)%
      N3zN2hN1_N4wC1wN1 : 128.7831764 (0.19)%
      C2wN2hN1_C2wN2hN1 : 128.7478960 (0.19)%
         N3wC1wN1_N4hN1 : 128.2403417 (0.18)%
      GbtC1wN1_GbtC1wN1 : 126.6343973 (0.18)%
      N3wC1wN1_N4hN2hN1 : 125.2201208 (0.18)%
         GbtC1wN1_GttN1 : 124.1557444 (0.18)%
      C2wN2hN1_N3zN2hN1 : 123.3806034 (0.18)%
      C2zC1wN1_C2zC1wN1 : 122.3454875 (0.18)%
      C2zC1wN1_N3zN2hN1 : 120.2737349 (0.17)%
GbtC2wN2hN1_GbtC2zC1wN1 : 118.1730620 (0.17)%
         C1wN1_N3zN2hN1 : 107.4171654 (0.15)%
      C2hC1wN1_N3zN2hN1 : 103.9549972 (0.15)%
   GbtC1wN1_GttN3wC1wN1 : 103.8891941 (0.15)%
GbtC2hC1wN1_GbtC2wN2hN1 : 102.1393435 (0.15)%
         C2wN1_N3zN2hN1 : 102.0345897 (0.15)%
   GbtC2wN1_GbtC2wN2hN1 : 100.2524774 (0.14)%
GbtC2hC1wN1_GbtC2zC1wN1 : 99.5673549 (0.14)%
   GbtC2wN1_GbtC2zC1wN1 : 97.7280023 (0.14)%
GbtC2wN2hN1_GttN4wC1wN1 : 93.7800010 (0.13)%
   GbtC2wN2hN1_GqqC1wN1 : 93.6697941 (0.13)%
GbtC2zC1wN1_GttN4wC1wN1 : 91.4185104 (0.13)%
      C2hC1wN1_C2hC1wN1 : 91.3980864 (0.13)%
   GbtC2zC1wN1_GqqC1wN1 : 91.3110787 (0.13)%
            C2wN1_C2wN1 : 88.0524016 (0.13)%
               C1wN1_N1 : 87.9113707 (0.13)%
      GbtC2wN2hN1_GttN1 : 85.8960647 (0.12)%
   GbtC2hC1wN1_GbtC2wN1 : 84.4682691 (0.12)%
      GbtC2zC1wN1_GttN1 : 83.7331009 (0.12)%
      C2wN2zN1_N4wC1wN1 : 82.3772310 (0.12)%
            N2hN1_N3zN1 : 80.7762918 (0.12)%
GbtC2hC1wN1_GttN4wC1wN1 : 79.0148490 (0.11)%
   GbtC2hC1wN1_GqqC1wN1 : 78.9219936 (0.11)%
   GbtC2wN1_GttN4wC1wN1 : 77.5551720 (0.11)%
         C1wN1_C2wN2hN1 : 77.5452335 (0.11)%
      GbtC2wN1_GqqC1wN1 : 77.4640320 (0.11)%
      GbbN2hN1_GbtC1wN1 : 75.8048071 (0.11)%
         C1wN1_C2zC1wN1 : 75.5925535 (0.11)%
            N3zN1_N4hN1 : 73.6703851 (0.11)%
   GqqC1wN1_GttN4wC1wN1 : 72.4628178 (0.10)%
      GbtC2hC1wN1_GttN1 : 72.3721956 (0.10)%
         N3zN1_N4hN2hN1 : 71.9353551 (0.10)%
GbtC2wN2hN1_GttN3wC1wN1 : 71.8748293 (0.10)%
         GbtC2wN1_GttN1 : 71.0352314 (0.10)%
GbtC2zC1wN1_GttN3wC1wN1 : 70.0649367 (0.10)%
      GttN1_GttN4wC1wN1 : 66.4490718 (0.10)%
------------------------------------------------------------
                                      SUM=80.63%

SHOWING PROCESSES TO GET 90.00% SUSY COVERAGE
---------------  Output inclusive processes  ---------------
The total xsec = 69585.15 [fb]
The total rate = 100.00%
                    Modes : xsec/fb      (rate)
              C1wN1_N2hN1 : 25076.5787916 (36.04)%
              C1wN1_C1wN1 : 13913.7977001 (20.00)%
              C1wN1_N2zN1 : 3927.7217099 (5.64)%
        C2wN2hN1_N4wC1wN1 : 525.9382608 (0.76)%
        C2zC1wN1_N4wC1wN1 : 512.6945178 (0.74)%
        C2hC1wN1_N4wC1wN1 : 443.1321370 (0.64)%
           C2wN1_N4wC1wN1 : 434.9459572 (0.63)%
        N3wC1wN1_N4wC1wN1 : 400.4156807 (0.58)%
        C2wN2hN1_N3wC1wN1 : 383.6178737 (0.55)%
        C2zC1wN1_N3wC1wN1 : 373.9579252 (0.54)%
           C1wN1_N3wC1wN1 : 333.9839769 (0.48)%
        C2hC1wN1_N3wC1wN1 : 323.2193222 (0.46)%
           C2wN1_N3wC1wN1 : 317.2483459 (0.46)%
        C2wN2hN1_C2zC1wN1 : 251.0117455 (0.36)%
           N3zN1_N4wC1wN1 : 230.0272832 (0.33)%
           C2wN2hN1_N3zN1 : 220.3774266 (0.32)%
        C2hC1wN1_C2wN2hN1 : 216.9544775 (0.31)%
           C2zC1wN1_N3zN1 : 214.8280642 (0.31)%
           C2wN1_C2wN2hN1 : 212.9465795 (0.31)%
        C2hC1wN1_C2zC1wN1 : 211.4913090 (0.30)%
           C2wN1_C2zC1wN1 : 207.5843346 (0.30)%
              C1wN1_N3zN1 : 191.8641815 (0.28)%
           C2hC1wN1_N3zN1 : 185.6801972 (0.27)%
              C2wN1_N3zN1 : 182.2500432 (0.26)%
           C2hC1wN1_C2wN1 : 179.4192967 (0.26)%
     GbtC1wN1_GbtC2wN2hN1 : 175.2217979 (0.25)%
     GbtC1wN1_GbtC2zC1wN1 : 170.8095072 (0.25)%
           C2wN2hN1_N4hN1 : 168.4412113 (0.24)%
        C2wN2hN1_N4hN2hN1 : 164.4742094 (0.24)%
           C2zC1wN1_N4hN1 : 164.1996638 (0.24)%
        C2zC1wN1_N4hN2hN1 : 160.3325557 (0.23)%
     GbtC1wN1_GbtC2hC1wN1 : 147.6340771 (0.21)%
        GbtC1wN1_GbtC2wN1 : 144.9067662 (0.21)%
           C1wN1_N4wC1wN1 : 144.0658211 (0.21)%
           C2hC1wN1_N4hN1 : 141.9210571 (0.20)%
           N2hN1_N3wC1wN1 : 140.6098156 (0.20)%
              C2wN1_N4hN1 : 139.2992854 (0.20)%
        C2hC1wN1_N4hN2hN1 : 138.5786381 (0.20)%
           C2wN1_N4hN2hN1 : 136.0186124 (0.20)%
     GbtC1wN1_GttN4wC1wN1 : 135.5513303 (0.19)%
        GbtC1wN1_GqqC1wN1 : 135.3920353 (0.19)%
        N3zN2hN1_N4wC1wN1 : 128.7831764 (0.19)%
        C2wN2hN1_C2wN2hN1 : 128.7478960 (0.19)%
           N3wC1wN1_N4hN1 : 128.2403417 (0.18)%
        GbtC1wN1_GbtC1wN1 : 126.6343973 (0.18)%
        N3wC1wN1_N4hN2hN1 : 125.2201208 (0.18)%
           GbtC1wN1_GttN1 : 124.1557444 (0.18)%
        C2wN2hN1_N3zN2hN1 : 123.3806034 (0.18)%
        C2zC1wN1_C2zC1wN1 : 122.3454875 (0.18)%
        C2zC1wN1_N3zN2hN1 : 120.2737349 (0.17)%
  GbtC2wN2hN1_GbtC2zC1wN1 : 118.1730620 (0.17)%
           C1wN1_N3zN2hN1 : 107.4171654 (0.15)%
        C2hC1wN1_N3zN2hN1 : 103.9549972 (0.15)%
     GbtC1wN1_GttN3wC1wN1 : 103.8891941 (0.15)%
  GbtC2hC1wN1_GbtC2wN2hN1 : 102.1393435 (0.15)%
           C2wN1_N3zN2hN1 : 102.0345897 (0.15)%
     GbtC2wN1_GbtC2wN2hN1 : 100.2524774 (0.14)%
  GbtC2hC1wN1_GbtC2zC1wN1 : 99.5673549 (0.14)%
     GbtC2wN1_GbtC2zC1wN1 : 97.7280023 (0.14)%
  GbtC2wN2hN1_GttN4wC1wN1 : 93.7800010 (0.13)%
     GbtC2wN2hN1_GqqC1wN1 : 93.6697941 (0.13)%
  GbtC2zC1wN1_GttN4wC1wN1 : 91.4185104 (0.13)%
        C2hC1wN1_C2hC1wN1 : 91.3980864 (0.13)%
     GbtC2zC1wN1_GqqC1wN1 : 91.3110787 (0.13)%
              C2wN1_C2wN1 : 88.0524016 (0.13)%
                 C1wN1_N1 : 87.9113707 (0.13)%
        GbtC2wN2hN1_GttN1 : 85.8960647 (0.12)%
     GbtC2hC1wN1_GbtC2wN1 : 84.4682691 (0.12)%
        GbtC2zC1wN1_GttN1 : 83.7331009 (0.12)%
        C2wN2zN1_N4wC1wN1 : 82.3772310 (0.12)%
              N2hN1_N3zN1 : 80.7762918 (0.12)%
  GbtC2hC1wN1_GttN4wC1wN1 : 79.0148490 (0.11)%
     GbtC2hC1wN1_GqqC1wN1 : 78.9219936 (0.11)%
     GbtC2wN1_GttN4wC1wN1 : 77.5551720 (0.11)%
           C1wN1_C2wN2hN1 : 77.5452335 (0.11)%
        GbtC2wN1_GqqC1wN1 : 77.4640320 (0.11)%
        GbbN2hN1_GbtC1wN1 : 75.8048071 (0.11)%
           C1wN1_C2zC1wN1 : 75.5925535 (0.11)%
              N3zN1_N4hN1 : 73.6703851 (0.11)%
     GqqC1wN1_GttN4wC1wN1 : 72.4628178 (0.10)%
        GbtC2hC1wN1_GttN1 : 72.3721956 (0.10)%
           N3zN1_N4hN2hN1 : 71.9353551 (0.10)%
  GbtC2wN2hN1_GttN3wC1wN1 : 71.8748293 (0.10)%
           GbtC2wN1_GttN1 : 71.0352314 (0.10)%
  GbtC2zC1wN1_GttN3wC1wN1 : 70.0649367 (0.10)%
        GttN1_GttN4wC1wN1 : 66.4490718 (0.10)%
           GqqC1wN1_GttN1 : 66.3709833 (0.10)%
           C1wN1_C2hC1wN1 : 65.3361575 (0.09)%
      GbtC1wN1_QqGbtC1wN1 : 64.7974363 (0.09)%
              C1wN1_C2wN1 : 64.1291732 (0.09)%
  GbtC2wN2hN1_GbtC2wN2hN1 : 60.6128333 (0.09)%
  GbtC2hC1wN1_GttN3wC1wN1 : 60.5585276 (0.09)%
        C2wN2zN1_N3wC1wN1 : 60.0857184 (0.09)%
        GbtC1wN1_GttN3zN1 : 59.6813517 (0.09)%
     GbtC2wN1_GttN3wC1wN1 : 59.4398026 (0.09)%
                    N1_N1 : 58.7431317 (0.08)%
        GbtC1wN1_GqqN2hN1 : 58.5755792 (0.08)%
           C2wN2hN1_N2hN1 : 57.7185885 (0.08)%
  GbtC2zC1wN1_GbtC2zC1wN1 : 57.5986628 (0.08)%
           C2zC1wN1_N2hN1 : 56.2651666 (0.08)%
  GttN3wC1wN1_GttN4wC1wN1 : 55.6022643 (0.08)%
     GqqC1wN1_GttN3wC1wN1 : 55.5369226 (0.08)%
              N2hN1_N2hN1 : 53.4297814 (0.08)%
     GbbN2hN1_GbtC2wN2hN1 : 52.4448921 (0.08)%
     GbbN2hN1_GbtC2zC1wN1 : 51.1242681 (0.07)%
        GttN1_GttN3wC1wN1 : 50.9278700 (0.07)%
           C2hC1wN1_N2hN1 : 48.6311101 (0.07)%
              C2wN1_N2hN1 : 47.7327257 (0.07)%
           GbtC1wN1_GqqN1 : 47.0039983 (0.07)%
              C1wN1_N4hN1 : 46.1396769 (0.07)%
           N2hN1_N3zN2hN1 : 45.2234504 (0.06)%
           C1wN1_N4hN2hN1 : 45.0530296 (0.06)%
   GbtC1wN1_QqGbtC2wN2hN1 : 44.8295389 (0.06)%
   GbtC2wN2hN1_QqGbtC1wN1 : 44.8295389 (0.06)%
     GbbN2hN1_GbtC2hC1wN1 : 44.1877285 (0.06)%
   GbtC1wN1_QqGbtC2zC1wN1 : 43.7006785 (0.06)%
   GbtC2zC1wN1_QqGbtC1wN1 : 43.7006785 (0.06)%
        GbtC1wN1_GttN4hN1 : 43.4127577 (0.06)%
        GbbN2hN1_GbtC2wN1 : 43.3714287 (0.06)%
  GbtC2hC1wN1_GbtC2hC1wN1 : 43.0290292 (0.06)%
     GbtC1wN1_GttN4hN2hN1 : 42.3903328 (0.06)%
        GbtC1wN1_GttN2hN1 : 42.2413224 (0.06)%
        GbtC2wN1_GbtC2wN1 : 41.4539243 (0.06)%
     GbtC2wN2hN1_GttN3zN1 : 41.2900206 (0.06)%
           N3zN2hN1_N4hN1 : 41.2451344 (0.06)%
     GbbN2hN1_GttN4wC1wN1 : 40.5712929 (0.06)%
     GbtC2wN2hN1_GqqN2hN1 : 40.5250016 (0.06)%
        GbbN2hN1_GqqC1wN1 : 40.5236150 (0.06)%
        C2wN2hN1_C2wN2zN1 : 40.3313315 (0.06)%
        N3zN2hN1_N4hN2hN1 : 40.2737597 (0.06)%
     GbtC2zC1wN1_GttN3zN1 : 40.2502894 (0.06)%
     GbtC2zC1wN1_GqqN2hN1 : 39.5045345 (0.06)%
        C2wN2zN1_C2zC1wN1 : 39.3157412 (0.06)%
           N3hN1_N4wC1wN1 : 38.6415871 (0.06)%
   GbtC1wN1_QqGbtC2hC1wN1 : 37.7713714 (0.05)%
   GbtC2hC1wN1_QqGbtC1wN1 : 37.7713714 (0.05)%
         GbtC1wN1_QqC1wN1 : 37.2997607 (0.05)%
           GbbN2hN1_GttN1 : 37.1605285 (0.05)%
      GbtC1wN1_QqGbtC2wN1 : 37.0736038 (0.05)%
      GbtC2wN1_QqGbtC1wN1 : 37.0736038 (0.05)%
           C2wN2hN1_N3hN1 : 37.0205369 (0.05)%
           C2wN2hN1_N4zN1 : 36.7832288 (0.05)%
  GttN4wC1wN1_GttN4wC1wN1 : 36.2740368 (0.05)%
        GqqC1wN1_GqqC1wN1 : 36.1888311 (0.05)%
           C2zC1wN1_N3hN1 : 36.0883163 (0.05)%
           C2zC1wN1_N4zN1 : 35.8569840 (0.05)%
     GbtC2hC1wN1_GttN3zN1 : 34.7891310 (0.05)%
   GbtC1wN1_QqGttN4wC1wN1 : 34.6800667 (0.05)%
   GttN4wC1wN1_QqGbtC1wN1 : 34.6800667 (0.05)%
      GbtC1wN1_QqGqqC1wN1 : 34.6393119 (0.05)%
      GqqC1wN1_QqGbtC1wN1 : 34.6393119 (0.05)%
           C2wN2zN1_N3zN1 : 34.5175157 (0.05)%
     GbbN4wC1wN1_GbtC1wN1 : 34.3409968 (0.05)%
     GbbN3wC1wN1_GbtC1wN1 : 34.2417292 (0.05)%
        GbtC2wN1_GttN3zN1 : 34.1464557 (0.05)%
     GbtC2hC1wN1_GqqN2hN1 : 34.1445601 (0.05)%
        C2hC1wN1_C2wN2zN1 : 33.9813823 (0.05)%
        GbtC2wN1_GqqN2hN1 : 33.5137922 (0.05)%
     GbtC1wN1_GttN3zN2hN1 : 33.4132279 (0.05)%
           C2wN1_C2wN2zN1 : 33.3536289 (0.05)%
        GbtC2wN2hN1_GqqN1 : 32.5193047 (0.05)%
              C1wN1_N3hN1 : 32.2306832 (0.05)%
     GttN3zN1_GttN4wC1wN1 : 31.9419004 (0.05)%
        GqqC1wN1_GttN3zN1 : 31.9043635 (0.05)%
         GttN1_QqGbtC1wN1 : 31.7645684 (0.05)%
         GbtC1wN1_QqGttN1 : 31.7645684 (0.05)%
        GbtC2zC1wN1_GqqN1 : 31.7004304 (0.05)%
     GqqN2hN1_GttN4wC1wN1 : 31.3500828 (0.05)%
        GqqC1wN1_GqqN2hN1 : 31.3132414 (0.04)%
           C2hC1wN1_N3hN1 : 31.1918544 (0.04)%
     GbbN2hN1_GttN3wC1wN1 : 31.0946334 (0.04)%
GbtC2wN2hN1_QqGbtC2wN2hN1 : 31.0149240 (0.04)%
           C2hC1wN1_N4zN1 : 30.9919092 (0.04)%
              C2wN1_N3hN1 : 30.6156332 (0.04)%
              GttN1_GttN1 : 30.4314017 (0.04)%
              C2wN1_N4zN1 : 30.4193816 (0.04)%
GbtC2wN2hN1_QqGbtC2zC1wN1 : 30.2339318 (0.04)%
GbtC2zC1wN1_QqGbtC2wN2hN1 : 30.2339318 (0.04)%
     GbtC2wN2hN1_GttN4hN1 : 30.0347363 (0.04)%
GbtC2zC1wN1_QqGbtC2zC1wN1 : 29.4726059 (0.04)%
  GbtC2wN2hN1_GttN4hN2hN1 : 29.3273806 (0.04)%
     GbtC2zC1wN1_GttN4hN1 : 29.2784263 (0.04)%
           GttN1_GttN3zN1 : 29.2565954 (0.04)%
     GbtC2wN2hN1_GttN2hN1 : 29.2242890 (0.04)%
           GqqN2hN1_GttN1 : 28.7145310 (0.04)%
  GbtC2zC1wN1_GttN4hN2hN1 : 28.5888827 (0.04)%
     GbtC2zC1wN1_GttN2hN1 : 28.4883871 (0.04)%
           N3wC1wN1_N4zN1 : 28.0043927 (0.04)%
     GbtC1wN1_GbtC2wN2zN1 : 27.4448307 (0.04)%
        GbtC2hC1wN1_GqqN1 : 27.3993167 (0.04)%
           GbtC2wN1_GqqN1 : 26.8931568 (0.04)%
              N1_N3wC1wN1 : 26.7343531 (0.04)%
   GbtC1wN1_QqGttN3wC1wN1 : 26.5794823 (0.04)%
   GttN3wC1wN1_QqGbtC1wN1 : 26.5794823 (0.04)%
           C2wN2zN1_N4hN1 : 26.3827936 (0.04)%
GbtC2wN2hN1_QqGbtC2hC1wN1 : 26.1317926 (0.04)%
GbtC2hC1wN1_QqGbtC2wN2hN1 : 26.1317926 (0.04)%
      GbtC2wN2hN1_QqC1wN1 : 25.8055129 (0.04)%
        C2wN2zN1_N4hN2hN1 : 25.7614457 (0.04)%
        C2wN2hN1_N4hN2zN1 : 25.7614457 (0.04)%
   GbtC2wN1_QqGbtC2wN2hN1 : 25.6490482 (0.04)%
   GbtC2wN2hN1_QqGbtC2wN1 : 25.6490482 (0.04)%
GbtC2zC1wN1_QqGbtC2hC1wN1 : 25.4737633 (0.04)%
GbtC2hC1wN1_QqGbtC2zC1wN1 : 25.4737633 (0.04)%
     GbtC2hC1wN1_GttN4hN1 : 25.3059301 (0.04)%
        GqqN1_GttN4wC1wN1 : 25.1568872 (0.04)%
      GbtC2zC1wN1_QqC1wN1 : 25.1556998 (0.04)%
           GqqC1wN1_GqqN1 : 25.1273238 (0.04)%
        C2zC1wN1_N4hN2zN1 : 25.1127423 (0.04)%
   GbtC2wN1_QqGbtC2zC1wN1 : 25.0031750 (0.04)%
   GbtC2zC1wN1_QqGbtC2wN1 : 25.0031750 (0.04)%
        GbtC2wN1_GttN4hN1 : 24.8384423 (0.04)%
  GbtC2hC1wN1_GttN4hN2hN1 : 24.7099437 (0.04)%
     GbtC2hC1wN1_GttN2hN1 : 24.6230834 (0.04)%
     GttN3wC1wN1_GttN3zN1 : 24.4808980 (0.04)%
     GbtC2wN1_GttN4hN2hN1 : 24.2534658 (0.03)%
        GbtC2wN1_GttN2hN1 : 24.1682101 (0.03)%
     GqqN2hN1_GttN3wC1wN1 : 24.0273174 (0.03)%
GttN4wC1wN1_QqGbtC2wN2hN1 : 23.9931005 (0.03)%
GbtC2wN2hN1_QqGttN4wC1wN1 : 23.9931005 (0.03)%
   GbtC2wN2hN1_QqGqqC1wN1 : 23.9649047 (0.03)%
   GqqC1wN1_QqGbtC2wN2hN1 : 23.9649047 (0.03)%
  GbbN4wC1wN1_GbtC2wN2hN1 : 23.7585179 (0.03)%
  GbbN3wC1wN1_GbtC2wN2hN1 : 23.6898405 (0.03)%
GttN4wC1wN1_QqGbtC2zC1wN1 : 23.3889260 (0.03)%
GbtC2zC1wN1_QqGttN4wC1wN1 : 23.3889260 (0.03)%
   GqqC1wN1_QqGbtC2zC1wN1 : 23.3614402 (0.03)%
   GbtC2zC1wN1_QqGqqC1wN1 : 23.3614402 (0.03)%
     GttN4hN1_GttN4wC1wN1 : 23.2348287 (0.03)%
        GqqC1wN1_GttN4hN1 : 23.2075240 (0.03)%
  GbbN4wC1wN1_GbtC2zC1wN1 : 23.1602505 (0.03)%
  GbtC2wN2hN1_GttN3zN2hN1 : 23.1166492 (0.03)%
  GbbN3wC1wN1_GbtC2zC1wN1 : 23.0933025 (0.03)%
              GqqN1_GttN1 : 23.0419875 (0.03)%
              C2wN2hN1_N1 : 22.8821823 (0.03)%
  GttN4hN2hN1_GttN4wC1wN1 : 22.6876193 (0.03)%
     GqqC1wN1_GttN4hN2hN1 : 22.6609577 (0.03)%
     GttN2hN1_GttN4wC1wN1 : 22.6078679 (0.03)%
        GqqC1wN1_GttN2hN1 : 22.5812999 (0.03)%
  GbtC2zC1wN1_GttN3zN2hN1 : 22.5345448 (0.03)%
              C2zC1wN1_N1 : 22.3059820 (0.03)%
           N2zN1_N3wC1wN1 : 22.0235874 (0.03)%
GbtC2hC1wN1_QqGbtC2hC1wN1 : 22.0174837 (0.03)%
      GttN1_QqGbtC2wN2hN1 : 21.9760385 (0.03)%
      GbtC2wN2hN1_QqGttN1 : 21.9760385 (0.03)%
      GbtC2hC1wN1_QqC1wN1 : 21.7425750 (0.03)%
        C2hC1wN1_N4hN2zN1 : 21.7054459 (0.03)%
   GbtC2wN1_QqGbtC2hC1wN1 : 21.6107448 (0.03)%
   GbtC2hC1wN1_QqGbtC2wN1 : 21.6107448 (0.03)%
      GttN1_QqGbtC2zC1wN1 : 21.4226560 (0.03)%
      GbtC2zC1wN1_QqGttN1 : 21.4226560 (0.03)%
         GbtC2wN1_QqC1wN1 : 21.3409146 (0.03)%
  GttN3wC1wN1_GttN3wC1wN1 : 21.3073321 (0.03)%
           C2wN1_N4hN2zN1 : 21.3044715 (0.03)%
           GttN1_GttN4hN1 : 21.2815134 (0.03)%
      GbtC2wN1_QqGbtC2wN1 : 21.2115198 (0.03)%
        GttN1_GttN4hN2hN1 : 20.7803071 (0.03)%
           GttN1_GttN2hN1 : 20.7072602 (0.03)%
GttN4wC1wN1_QqGbtC2hC1wN1 : 20.2155171 (0.03)%
GbtC2hC1wN1_QqGttN4wC1wN1 : 20.2155171 (0.03)%
   GqqC1wN1_QqGbtC2hC1wN1 : 20.1917605 (0.03)%
   GbtC2hC1wN1_QqGqqC1wN1 : 20.1917605 (0.03)%
        N3zN2zN1_N4wC1wN1 : 20.1711917 (0.03)%
  GbbN4wC1wN1_GbtC2hC1wN1 : 20.0178683 (0.03)%
      GttN4wC1wN1_QqC1wN1 : 19.9631076 (0.03)%
  GbbN3wC1wN1_GbtC2hC1wN1 : 19.9600037 (0.03)%
         GqqC1wN1_QqC1wN1 : 19.9396477 (0.03)%
   GbtC2wN1_QqGttN4wC1wN1 : 19.8420667 (0.03)%
   GttN4wC1wN1_QqGbtC2wN1 : 19.8420667 (0.03)%
      GbtC2wN1_QqGqqC1wN1 : 19.8187490 (0.03)%
      GqqC1wN1_QqGbtC2wN1 : 19.8187490 (0.03)%
        GbbN3zN1_GbtC1wN1 : 19.6708878 (0.03)%
     GbbN4wC1wN1_GbtC2wN1 : 19.6480692 (0.03)%
        N3wC1wN1_N4hN2zN1 : 19.6131135 (0.03)%
     GbbN3wC1wN1_GbtC2wN1 : 19.5912736 (0.03)%
  GbtC2hC1wN1_GttN3zN2hN1 : 19.4770583 (0.03)%
      GbbN2hN1_QqGbtC1wN1 : 19.3942454 (0.03)%
      GbtC1wN1_QqGbbN2hN1 : 19.3942454 (0.03)%
        C2wN2zN1_N3zN2hN1 : 19.3249916 (0.03)%
        C2wN2hN1_N3zN2zN1 : 19.3249916 (0.03)%
        GqqN1_GttN3wC1wN1 : 19.2807310 (0.03)%
              C2hC1wN1_N1 : 19.2795069 (0.03)%
     GbtC2wN1_GttN3zN2hN1 : 19.1172498 (0.03)%
  GbtC2wN2hN1_GbtC2wN2zN1 : 18.9874658 (0.03)%
                 C2wN1_N1 : 18.9233479 (0.03)%
        C2zC1wN1_N3zN2zN1 : 18.8383656 (0.03)%
 QqGbtC1wN1_QqGbtC2wN2hN1 : 18.7817176 (0.03)%
GttN4wC1wN1_QqGttN4wC1wN1 : 18.5610280 (0.03)%
   GqqC1wN1_QqGttN4wC1wN1 : 18.5392157 (0.03)%
   GttN4wC1wN1_QqGqqC1wN1 : 18.5392157 (0.03)%
      GqqC1wN1_QqGqqC1wN1 : 18.5174291 (0.03)%
      GttN1_QqGbtC2hC1wN1 : 18.5160305 (0.03)%
      GbtC2hC1wN1_QqGttN1 : 18.5160305 (0.03)%
  GbtC2wN2zN1_GbtC2zC1wN1 : 18.5093391 (0.03)%
GbtC2wN2hN1_QqGttN3wC1wN1 : 18.3887821 (0.03)%
------------------------------------------------------------
                                        SUM=90.01%
