/Users/rafalmaselek/Projects/fastlim-1.0
 
#################################################################
#                                                               #
#                                                               #
#                     This is Fastlim  ver. 1.0                 #
#                                                               #
#          A fast LHC limit calculator for BSM models.          #
#                                                               #
#                  http://cern.ch/fastlim-1.0/                  #
#                                                               #
#  for bugs/feature requests: fastlim-1.0.developers@gmail.com  #
#                                                               #
#    please refer to:                                           #
#    M.Papucci, K.Sakurai, A.Weiler, L.Zeune arXiv:1402.xxxx    #
#                                                               #
#################################################################
 

!! Masses incompatible with the data for ERER !!

!! Problem with reading tables for ER ER !! Probably mass outside the table !! Setting xsec to 10^-20 !!

!! Masses incompatible with the data for ELEL !!

!! Problem with reading tables for EL EL !! Probably mass outside the table !! Setting xsec to 10^-20 !!

!! Masses incompatible with the data for TAU1TAU1 !!

!! Problem with reading tables for TAU1 TAU1 !! Probably mass outside the table !! Setting xsec to 10^-20 !!

!! Masses incompatible with the data for TAU2TAU2 !!

!! Problem with reading tables for TAU2 TAU2 !! Probably mass outside the table !! Setting xsec to 10^-20 !!
!! EWK PROCESS C1C2 NOT FOUND !! WILL TRY TO LOOK FOR +/- MODES !!
XSEC FOUND FOR: C1-C2+
XSEC FOUND FOR: C1+C2-
!! EWK PROCESS C1N1 NOT FOUND !! WILL TRY TO LOOK FOR +/- MODES !!
XSEC FOUND FOR: C1+N1
XSEC FOUND FOR: C1-N1
!! EWK PROCESS C1N2 NOT FOUND !! WILL TRY TO LOOK FOR +/- MODES !!
XSEC FOUND FOR: C1+N2
XSEC FOUND FOR: C1-N2
!! EWK PROCESS C1N3 NOT FOUND !! WILL TRY TO LOOK FOR +/- MODES !!
XSEC FOUND FOR: C1+N3
XSEC FOUND FOR: C1-N3
!! EWK PROCESS C1N4 NOT FOUND !! WILL TRY TO LOOK FOR +/- MODES !!
XSEC FOUND FOR: C1+N4
XSEC FOUND FOR: C1-N4
!! EWK PROCESS C2N1 NOT FOUND !! WILL TRY TO LOOK FOR +/- MODES !!
XSEC FOUND FOR: C2+N1
XSEC FOUND FOR: C2-N1
!! EWK PROCESS C2N2 NOT FOUND !! WILL TRY TO LOOK FOR +/- MODES !!
XSEC FOUND FOR: C2+N2
XSEC FOUND FOR: C2-N2
!! EWK PROCESS C2N3 NOT FOUND !! WILL TRY TO LOOK FOR +/- MODES !!
XSEC FOUND FOR: C2+N3
XSEC FOUND FOR: C2-N3
!! EWK PROCESS C2N4 NOT FOUND !! WILL TRY TO LOOK FOR +/- MODES !!
XSEC FOUND FOR: C2+N4
XSEC FOUND FOR: C2-N4
---------------  Output inclusive processes  ---------------
The total xsec = 2955.58 [fb]
The total rate = 100.00%
Output upto 0.10%
                 Modes : xsec/fb      (rate)
           C1wN1_N2hN1 : 825.1144515 (27.92)%
           C1wN1_C1wN1 : 431.4370990 (14.60)%
       QqC1wN1_QqC1wN1 : 336.0234877 (11.37)%
       QqC1wN1_QqN2hN1 : 298.1369237 (10.09)%
           C1wN1_N2zN1 : 106.5920590 (3.61)%
       QqN2hN1_QqN2hN1 : 66.1305151 (2.24)%
       QqC1wN1_QqN2zN1 : 38.5146915 (1.30)%
    GtT1bC1wN1_QqC1wN1 : 22.4438786 (0.76)%
    C1wN1_N2taTAU1taN1 : 20.6241629 (0.70)%
                 N1_N1 : 19.5916105 (0.66)%
     C1nTAU1taN1_C1wN1 : 18.3225289 (0.62)%
        GqQqN1_QqC1wN1 : 17.8192397 (0.60)%
     C1nTAU1taN1_N2hN1 : 17.5207271 (0.59)%
       QqN2hN1_QqN2zN1 : 17.0860849 (0.58)%
          QqC1wN1_QqN1 : 15.7561193 (0.53)%
 QqC1nTAU1taN1_QqC1wN1 : 14.2704465 (0.48)%
    GbB1tC1wN1_QqC1wN1 : 14.1501117 (0.48)%
    GtT1bC1wN1_QqN2hN1 : 9.9566684 (0.34)%
 GtT1tN3wC1wN1_QqC1wN1 : 9.3331252 (0.32)%
    GtT1tN2hN1_QqC1wN1 : 9.2726028 (0.31)%
           N2hN1_N2hN1 : 8.1415358 (0.28)%
 GtT2tN4wC1wN1_QqC1wN1 : 8.1099875 (0.27)%
        GqQqN1_QqN2hN1 : 7.9050625 (0.27)%
QqC1wN1_QqN2taTAU1taN1 : 7.4520868 (0.25)%
 GbB2tC2hC1wN1_QqC1wN1 : 6.9922754 (0.24)%
          QqN1_QqN2hN1 : 6.9898104 (0.24)%
    GbB1bN2hN1_QqC1wN1 : 6.6603677 (0.23)%
 GtT1bC2hC1wN1_QqC1wN1 : 6.4591740 (0.22)%
 QqC1nTAU1taN1_QqN2hN1 : 6.3307286 (0.21)%
    GbB1tC1wN1_QqN2hN1 : 6.2773451 (0.21)%
 GbB2tC2zC1wN1_QqC1wN1 : 6.2015950 (0.21)%
 GtT1bC2zC1wN1_QqC1wN1 : 5.7287763 (0.19)%
 GbB2tC2wN2hN1_QqC1wN1 : 5.4184751 (0.18)%
 GbB1tC2hC1wN1_QqC1wN1 : 5.4082725 (0.18)%
       GtT1tN1_QqC1wN1 : 5.2491708 (0.18)%
 GtT2bC2hC1wN1_QqC1wN1 : 5.1020149 (0.17)%
 GbB1bN3wC1wN1_QqC1wN1 : 5.0449255 (0.17)%
 GtT1bC2wN2hN1_QqC1wN1 : 5.0053626 (0.17)%
 GbB1tC2zC1wN1_QqC1wN1 : 4.7967098 (0.16)%
              C1wN1_N1 : 4.7918067 (0.16)%
 GtT2tN3wC1wN1_QqC1wN1 : 4.6394852 (0.16)%
 GbB1bN4wC1wN1_QqC1wN1 : 4.5353858 (0.15)%
 GtT2bC2zC1wN1_QqC1wN1 : 4.5250836 (0.15)%
 GbB1tC2wN2hN1_QqC1wN1 : 4.1909948 (0.14)%
     C2hC1wN1_N3wC1wN1 : 4.1692981 (0.14)%
 GtT1tN3wC1wN1_QqN2hN1 : 4.1404088 (0.14)%
    GtT1tN2hN1_QqN2hN1 : 4.1135596 (0.14)%
     C2hC1wN1_N4wC1wN1 : 4.0155064 (0.14)%
 GtT2hT1bC1wN1_QqC1wN1 : 3.9893481 (0.13)%
 GtT2bC2wN2hN1_QqC1wN1 : 3.9536688 (0.13)%
 GtT1tN3zN2hN1_QqC1wN1 : 3.9457111 (0.13)%
 GtT2tN4hN2hN1_QqC1wN1 : 3.9114138 (0.13)%
     C2zC1wN1_N3wC1wN1 : 3.6978375 (0.13)%
 GbB2bN3wC1wN1_QqC1wN1 : 3.6795633 (0.12)%
 GbB2bN4wC1wN1_QqC1wN1 : 3.6400924 (0.12)%
 GtT2tN4wC1wN1_QqN2hN1 : 3.5977942 (0.12)%
     C2zC1wN1_N4wC1wN1 : 3.5614365 (0.12)%
     N3wC1wN1_N4wC1wN1 : 3.3489791 (0.11)%
     T1bC1wN1_T1bC1wN1 : 3.3264723 (0.11)%
    GbB2tC1wN1_QqC1wN1 : 3.3237973 (0.11)%
QqN2hN1_QqN2taTAU1taN1 : 3.3059329 (0.11)%
     C2wN2hN1_N3wC1wN1 : 3.2308850 (0.11)%
     C2wN2hN1_N4wC1wN1 : 3.1117083 (0.11)%
 GbB2tC2hC1wN1_QqN2hN1 : 3.1019491 (0.10)%
    GbB1bN2hN1_QqN2hN1 : 2.9547064 (0.10)%
------------------------------------------------------------
                                     SUM=85.47%

SHOWING PROCESSES TO GET 90.00% SUSY COVERAGE
---------------  Output inclusive processes  ---------------
The total xsec = 2955.58 [fb]
The total rate = 100.00%
                    Modes : xsec/fb      (rate)
              C1wN1_N2hN1 : 825.1144515 (27.92)%
              C1wN1_C1wN1 : 431.4370990 (14.60)%
          QqC1wN1_QqC1wN1 : 336.0234877 (11.37)%
          QqC1wN1_QqN2hN1 : 298.1369237 (10.09)%
              C1wN1_N2zN1 : 106.5920590 (3.61)%
          QqN2hN1_QqN2hN1 : 66.1305151 (2.24)%
          QqC1wN1_QqN2zN1 : 38.5146915 (1.30)%
       GtT1bC1wN1_QqC1wN1 : 22.4438786 (0.76)%
       C1wN1_N2taTAU1taN1 : 20.6241629 (0.70)%
                    N1_N1 : 19.5916105 (0.66)%
        C1nTAU1taN1_C1wN1 : 18.3225289 (0.62)%
           GqQqN1_QqC1wN1 : 17.8192397 (0.60)%
        C1nTAU1taN1_N2hN1 : 17.5207271 (0.59)%
          QqN2hN1_QqN2zN1 : 17.0860849 (0.58)%
             QqC1wN1_QqN1 : 15.7561193 (0.53)%
    QqC1nTAU1taN1_QqC1wN1 : 14.2704465 (0.48)%
       GbB1tC1wN1_QqC1wN1 : 14.1501117 (0.48)%
       GtT1bC1wN1_QqN2hN1 : 9.9566684 (0.34)%
    GtT1tN3wC1wN1_QqC1wN1 : 9.3331252 (0.32)%
       GtT1tN2hN1_QqC1wN1 : 9.2726028 (0.31)%
              N2hN1_N2hN1 : 8.1415358 (0.28)%
    GtT2tN4wC1wN1_QqC1wN1 : 8.1099875 (0.27)%
           GqQqN1_QqN2hN1 : 7.9050625 (0.27)%
   QqC1wN1_QqN2taTAU1taN1 : 7.4520868 (0.25)%
    GbB2tC2hC1wN1_QqC1wN1 : 6.9922754 (0.24)%
             QqN1_QqN2hN1 : 6.9898104 (0.24)%
       GbB1bN2hN1_QqC1wN1 : 6.6603677 (0.23)%
    GtT1bC2hC1wN1_QqC1wN1 : 6.4591740 (0.22)%
    QqC1nTAU1taN1_QqN2hN1 : 6.3307286 (0.21)%
       GbB1tC1wN1_QqN2hN1 : 6.2773451 (0.21)%
    GbB2tC2zC1wN1_QqC1wN1 : 6.2015950 (0.21)%
    GtT1bC2zC1wN1_QqC1wN1 : 5.7287763 (0.19)%
    GbB2tC2wN2hN1_QqC1wN1 : 5.4184751 (0.18)%
    GbB1tC2hC1wN1_QqC1wN1 : 5.4082725 (0.18)%
          GtT1tN1_QqC1wN1 : 5.2491708 (0.18)%
    GtT2bC2hC1wN1_QqC1wN1 : 5.1020149 (0.17)%
    GbB1bN3wC1wN1_QqC1wN1 : 5.0449255 (0.17)%
    GtT1bC2wN2hN1_QqC1wN1 : 5.0053626 (0.17)%
    GbB1tC2zC1wN1_QqC1wN1 : 4.7967098 (0.16)%
                 C1wN1_N1 : 4.7918067 (0.16)%
    GtT2tN3wC1wN1_QqC1wN1 : 4.6394852 (0.16)%
    GbB1bN4wC1wN1_QqC1wN1 : 4.5353858 (0.15)%
    GtT2bC2zC1wN1_QqC1wN1 : 4.5250836 (0.15)%
    GbB1tC2wN2hN1_QqC1wN1 : 4.1909948 (0.14)%
        C2hC1wN1_N3wC1wN1 : 4.1692981 (0.14)%
    GtT1tN3wC1wN1_QqN2hN1 : 4.1404088 (0.14)%
       GtT1tN2hN1_QqN2hN1 : 4.1135596 (0.14)%
        C2hC1wN1_N4wC1wN1 : 4.0155064 (0.14)%
    GtT2hT1bC1wN1_QqC1wN1 : 3.9893481 (0.13)%
    GtT2bC2wN2hN1_QqC1wN1 : 3.9536688 (0.13)%
    GtT1tN3zN2hN1_QqC1wN1 : 3.9457111 (0.13)%
    GtT2tN4hN2hN1_QqC1wN1 : 3.9114138 (0.13)%
        C2zC1wN1_N3wC1wN1 : 3.6978375 (0.13)%
    GbB2bN3wC1wN1_QqC1wN1 : 3.6795633 (0.12)%
    GbB2bN4wC1wN1_QqC1wN1 : 3.6400924 (0.12)%
    GtT2tN4wC1wN1_QqN2hN1 : 3.5977942 (0.12)%
        C2zC1wN1_N4wC1wN1 : 3.5614365 (0.12)%
        N3wC1wN1_N4wC1wN1 : 3.3489791 (0.11)%
        T1bC1wN1_T1bC1wN1 : 3.3264723 (0.11)%
       GbB2tC1wN1_QqC1wN1 : 3.3237973 (0.11)%
   QqN2hN1_QqN2taTAU1taN1 : 3.3059329 (0.11)%
        C2wN2hN1_N3wC1wN1 : 3.2308850 (0.11)%
        C2wN2hN1_N4wC1wN1 : 3.1117083 (0.11)%
    GbB2tC2hC1wN1_QqN2hN1 : 3.1019491 (0.10)%
       GbB1bN2hN1_QqN2hN1 : 2.9547064 (0.10)%
          GtT2tN1_QqC1wN1 : 2.9510334 (0.10)%
    GtT1bC2hC1wN1_QqN2hN1 : 2.8654519 (0.10)%
       GbB2tC2wN1_QqC1wN1 : 2.7810010 (0.09)%
     T1bC1wN1_T1tN3wC1wN1 : 2.7665791 (0.09)%
    GbB2tC2zC1wN1_QqN2hN1 : 2.7511834 (0.09)%
        T1bC1wN1_T1tN2hN1 : 2.7486387 (0.09)%
       GtT1bC2wN1_QqC1wN1 : 2.5689733 (0.09)%
    GtT1bC2zC1wN1_QqN2hN1 : 2.5414291 (0.09)%
    GtT1tN4wC1wN1_QqC1wN1 : 2.5200578 (0.09)%
        C2hC1wN1_C2zC1wN1 : 2.5057964 (0.08)%
    GbB2tC2wN2hN1_QqN2hN1 : 2.4037717 (0.08)%
    GbB1tC2hC1wN1_QqN2hN1 : 2.3992456 (0.08)%
          GtT1tN1_QqN2hN1 : 2.3286640 (0.08)%
        C1nTAU1taN1_N2zN1 : 2.2634077 (0.08)%
    GtT2bC2hC1wN1_QqN2hN1 : 2.2633820 (0.08)%
    GbB1bN3wC1wN1_QqN2hN1 : 2.2380557 (0.08)%
    GtT1bC2wN2hN1_QqN2hN1 : 2.2205046 (0.08)%
 GbB2tC2nTAU1taN1_QqC1wN1 : 2.1911972 (0.07)%
        C2hC1wN1_C2wN2hN1 : 2.1893715 (0.07)%
    GbB1bN4hN2hN1_QqC1wN1 : 2.1873980 (0.07)%
          GbB1bN1_QqC1wN1 : 2.1846856 (0.07)%
       GbB1tC2wN1_QqC1wN1 : 2.1510038 (0.07)%
    GbB1bN3zN2hN1_QqC1wN1 : 2.1328138 (0.07)%
    GbB1tC2zC1wN1_QqN2hN1 : 2.1279410 (0.07)%
              N2hN1_N2zN1 : 2.1035217 (0.07)%
    GtT2tN3wC1wN1_QqN2hN1 : 2.0581922 (0.07)%
       GtT2bC2wN1_QqC1wN1 : 2.0291976 (0.07)%
 GtT1bC2nTAU1taN1_QqC1wN1 : 2.0241371 (0.07)%
    GbB1bN4wC1wN1_QqN2hN1 : 2.0120111 (0.07)%
    GtT2bC2zC1wN1_QqN2hN1 : 2.0074408 (0.07)%
    GtT2tN3zN2hN1_QqC1wN1 : 1.9614082 (0.07)%
        C2wN2hN1_C2zC1wN1 : 1.9417993 (0.07)%
        C2hC1wN1_N4hN2hN1 : 1.9366623 (0.07)%
     T1bC1wN1_T1bC2hC1wN1 : 1.9146658 (0.06)%
    GbB1tC2wN2hN1_QqN2hN1 : 1.8592306 (0.06)%
GtT1tN3taTAU1taN1_QqC1wN1 : 1.8283552 (0.06)%
                 N1_N2hN1 : 1.7902680 (0.06)%
       GtT1tN3zN1_QqC1wN1 : 1.7900696 (0.06)%
       QqC1wN1_QqC2hC1wN1 : 1.7767648 (0.06)%
    GtT2hT1bC1wN1_QqN2hN1 : 1.7697751 (0.06)%
        C2hC1wN1_N3zN2hN1 : 1.7626299 (0.06)%
    GbB2bN4hN2hN1_QqC1wN1 : 1.7556017 (0.06)%
    GtT2bC2wN2hN1_QqN2hN1 : 1.7539468 (0.06)%
    GtT1tN3zN2hN1_QqN2hN1 : 1.7504166 (0.06)%
    GtT2tN4hN2hN1_QqN2hN1 : 1.7352014 (0.06)%
        C2zC1wN1_N4hN2hN1 : 1.7176663 (0.06)%
     T1bC1wN1_T1bC2zC1wN1 : 1.6981571 (0.06)%
 GbB1tC2nTAU1taN1_QqC1wN1 : 1.6948119 (0.06)%
 GtT2hT1tN3wC1wN1_QqC1wN1 : 1.6589417 (0.06)%
           C2wN1_N3wC1wN1 : 1.6582330 (0.06)%
    GtT2hT1tN2hN1_QqC1wN1 : 1.6481840 (0.06)%
    GbB2bN3wC1wN1_QqN2hN1 : 1.6323467 (0.06)%
       GbB2bN2hN1_QqC1wN1 : 1.6234669 (0.05)%
        N3wC1wN1_N4hN2hN1 : 1.6151989 (0.05)%
    GbB2bN4wC1wN1_QqN2hN1 : 1.6148364 (0.05)%
 GtT2bC2nTAU1taN1_QqC1wN1 : 1.5988388 (0.05)%
           C2wN1_N4wC1wN1 : 1.5970663 (0.05)%
       QqC1wN1_QqC2zC1wN1 : 1.5758498 (0.05)%
        C2zC1wN1_N3zN2hN1 : 1.5633133 (0.05)%
       GtT2tN4hN1_QqC1wN1 : 1.5577614 (0.05)%
           T1bC1wN1_T1tN1 : 1.5559896 (0.05)%
    GbB2bN3zN2hN1_QqC1wN1 : 1.5555876 (0.05)%
        C2wN2hN1_N4hN2hN1 : 1.5007642 (0.05)%
GtT2tN4taTAU1taN1_QqC1wN1 : 1.4973865 (0.05)%
     T1bC1wN1_T1bC2wN2hN1 : 1.4837186 (0.05)%
       GbB2tC1wN1_QqN2hN1 : 1.4745200 (0.05)%
        N3zN2hN1_N4wC1wN1 : 1.4158284 (0.05)%
        C2hC1wN1_C2hC1wN1 : 1.4126381 (0.05)%
------------------------------------------------------------
                                        SUM=90.01%
