/Users/rafalmaselek/Projects/fastlim-1.0
 
#################################################################
#                                                               #
#                                                               #
#                     This is Fastlim  ver. 1.0                 #
#                                                               #
#          A fast LHC limit calculator for BSM models.          #
#                                                               #
#                  http://cern.ch/fastlim-1.0/                  #
#                                                               #
#  for bugs/feature requests: fastlim-1.0.developers@gmail.com  #
#                                                               #
#    please refer to:                                           #
#    M.Papucci, K.Sakurai, A.Weiler, L.Zeune arXiv:1402.xxxx    #
#                                                               #
#################################################################
 

!! Masses incompatible with the data for ERER !!

!! Problem with reading tables for ER ER !! Probably mass outside the table !! Setting xsec to 10^-20 !!

!! Masses incompatible with the data for ELEL !!

!! Problem with reading tables for EL EL !! Probably mass outside the table !! Setting xsec to 10^-20 !!

!! Masses incompatible with the data for TAU1TAU1 !!

!! Problem with reading tables for TAU1 TAU1 !! Probably mass outside the table !! Setting xsec to 10^-20 !!

!! Masses incompatible with the data for TAU2TAU2 !!

!! Problem with reading tables for TAU2 TAU2 !! Probably mass outside the table !! Setting xsec to 10^-20 !!
!!! THERE IS MASS SHIFTING IN EWKfast --------------------------------------------------------
Energy  Precision  PDF  Process
13      LO    NNPDF30           C1C1       0.6637927105782601 
13      LO    NNPDF30           C1+C2-     0.0002279215155783477 # mass is shifted in the grid
13      LO    NNPDF30           C1-C2+     0.00022777034177529884 # mass is shifted in the grid
13      LO    NNPDF30           C2C2       0.0131267557430478 # mass is shifted in the grid
13      LO    NNPDF30           N1N1       0.02662220448641713 
13      LO    NNPDF30           N1N2       0.0029794858151903324 
13      LO    NNPDF30           N1N3       6.1032252260273374e-05 # mass is shifted in the grid
13      LO    NNPDF30           N1N4       3.0390369498908757e-05 # mass is shifted in the grid
13      LO    NNPDF30           N2N2       0.016240033853143293 
13      LO    NNPDF30           N2N3       0.00012157149362509592 # mass is shifted in the grid
13      LO    NNPDF30           N2N4       7.518074097415487e-05 # mass is shifted in the grid
13      LO    NNPDF30           N3N3       1.268959127372943e-09 # mass is shifted in the grid
13      LO    NNPDF30           N3N4       0.002263670427628606 # mass is shifted in the grid
13      LO    NNPDF30           N4N4       8.4755879419958e-08 # mass is shifted in the grid
13      LO    NNPDF30           N1C1+      0.005452151101923745 
13      LO    NNPDF30           N2C1+      0.9957507142848967 
13      LO    NNPDF30           N3C1+      0.00020062719069557258 # mass is shifted in the grid
13      LO    NNPDF30           N4C1+      3.9232851367705874e-05 # mass is shifted in the grid
13      LO    NNPDF30           N1C1-      0.001917801372989879 
13      LO    NNPDF30           N2C1-      0.3489579638810054 
13      LO    NNPDF30           N3C1-      6.630937227176897e-05 # mass is shifted in the grid
13      LO    NNPDF30           N4C1-      1.2953082328741986e-05 # mass is shifted in the grid
13      LO    NNPDF30           N1C2+      0.0003411135060871364 # mass is shifted in the grid
13      LO    NNPDF30           N2C2+      2.964661719549379e-05 # mass is shifted in the grid
13      LO    NNPDF30           N3C2+      0.0031838293933893614 # mass is shifted in the grid
13      LO    NNPDF30           N4C2+      0.016217079152613348 # mass is shifted in the grid
13      LO    NNPDF30           N1C2-      0.00011452233460603458 # mass is shifted in the grid
13      LO    NNPDF30           N2C2-      9.885530147885814e-06 # mass is shifted in the grid
13      LO    NNPDF30           N3C2-      0.0011004655881671033 # mass is shifted in the grid
13      LO    NNPDF30           N4C2-      0.005450300204429143 # mass is shifted in the grid

SLHA file: /Users/rafalmaselek/Projects/CheckMateCalculations/UML/SLHA_FIX/cmssm_928_1085_5_-1085_1.slha
Input file: /Users/rafalmaselek/ScienceSoft/EWKfast_LO/input_default.dat
Sort: OFF 
Cut: -1 
Unit: fb 
ScaleVariation: OFF 

mC2 = 1512.64366 is out of range. |mC2| = 1500 was used.
mN3 = -1506.10275 is out of range. |mN3| = 1500 was used.
mN4 = 1512.66319 is out of range. |mN4| = 1500 was used.

-----------------------------------------------------------------------------------------------
!!! THERE IS MASS SHIFTING IN EWKfast --------------------------------------------------------
Energy  Precision  PDF  Process
13      LO    NNPDF30           C1C1       0.6637927105782601 
13      LO    NNPDF30           C1+C2-     0.0002279215155783477 # mass is shifted in the grid
13      LO    NNPDF30           C1-C2+     0.00022777034177529884 # mass is shifted in the grid
13      LO    NNPDF30           C2C2       0.0131267557430478 # mass is shifted in the grid
13      LO    NNPDF30           N1N1       0.02662220448641713 
13      LO    NNPDF30           N1N2       0.0029794858151903324 
13      LO    NNPDF30           N1N3       6.1032252260273374e-05 # mass is shifted in the grid
13      LO    NNPDF30           N1N4       3.0390369498908757e-05 # mass is shifted in the grid
13      LO    NNPDF30           N2N2       0.016240033853143293 
13      LO    NNPDF30           N2N3       0.00012157149362509592 # mass is shifted in the grid
13      LO    NNPDF30           N2N4       7.518074097415487e-05 # mass is shifted in the grid
13      LO    NNPDF30           N3N3       1.268959127372943e-09 # mass is shifted in the grid
13      LO    NNPDF30           N3N4       0.002263670427628606 # mass is shifted in the grid
13      LO    NNPDF30           N4N4       8.4755879419958e-08 # mass is shifted in the grid
13      LO    NNPDF30           N1C1+      0.005452151101923745 
13      LO    NNPDF30           N2C1+      0.9957507142848967 
13      LO    NNPDF30           N3C1+      0.00020062719069557258 # mass is shifted in the grid
13      LO    NNPDF30           N4C1+      3.9232851367705874e-05 # mass is shifted in the grid
13      LO    NNPDF30           N1C1-      0.001917801372989879 
13      LO    NNPDF30           N2C1-      0.3489579638810054 
13      LO    NNPDF30           N3C1-      6.630937227176897e-05 # mass is shifted in the grid
13      LO    NNPDF30           N4C1-      1.2953082328741986e-05 # mass is shifted in the grid
13      LO    NNPDF30           N1C2+      0.0003411135060871364 # mass is shifted in the grid
13      LO    NNPDF30           N2C2+      2.964661719549379e-05 # mass is shifted in the grid
13      LO    NNPDF30           N3C2+      0.0031838293933893614 # mass is shifted in the grid
13      LO    NNPDF30           N4C2+      0.016217079152613348 # mass is shifted in the grid
13      LO    NNPDF30           N1C2-      0.00011452233460603458 # mass is shifted in the grid
13      LO    NNPDF30           N2C2-      9.885530147885814e-06 # mass is shifted in the grid
13      LO    NNPDF30           N3C2-      0.0011004655881671033 # mass is shifted in the grid
13      LO    NNPDF30           N4C2-      0.005450300204429143 # mass is shifted in the grid

SLHA file: /Users/rafalmaselek/Projects/CheckMateCalculations/UML/SLHA_FIX/cmssm_928_1085_5_-1085_1.slha
Input file: /Users/rafalmaselek/ScienceSoft/EWKfast_LO/input_default.dat
Sort: OFF 
Cut: -1 
Unit: fb 
ScaleVariation: OFF 

mC2 = 1512.64366 is out of range. |mC2| = 1500 was used.
mN3 = -1506.10275 is out of range. |mN3| = 1500 was used.
mN4 = 1512.66319 is out of range. |mN4| = 1500 was used.

-----------------------------------------------------------------------------------------------
!! EWK PROCESS C1C2 NOT FOUND !! WILL TRY TO LOOK FOR +/- MODES !!
XSEC FOUND FOR: C1-C2+
XSEC FOUND FOR: C1+C2-
!!! THERE IS MASS SHIFTING IN EWKfast --------------------------------------------------------
Energy  Precision  PDF  Process
13      LO    NNPDF30           C1C1       0.6637927105782601 
13      LO    NNPDF30           C1+C2-     0.0002279215155783477 # mass is shifted in the grid
13      LO    NNPDF30           C1-C2+     0.00022777034177529884 # mass is shifted in the grid
13      LO    NNPDF30           C2C2       0.0131267557430478 # mass is shifted in the grid
13      LO    NNPDF30           N1N1       0.02662220448641713 
13      LO    NNPDF30           N1N2       0.0029794858151903324 
13      LO    NNPDF30           N1N3       6.1032252260273374e-05 # mass is shifted in the grid
13      LO    NNPDF30           N1N4       3.0390369498908757e-05 # mass is shifted in the grid
13      LO    NNPDF30           N2N2       0.016240033853143293 
13      LO    NNPDF30           N2N3       0.00012157149362509592 # mass is shifted in the grid
13      LO    NNPDF30           N2N4       7.518074097415487e-05 # mass is shifted in the grid
13      LO    NNPDF30           N3N3       1.268959127372943e-09 # mass is shifted in the grid
13      LO    NNPDF30           N3N4       0.002263670427628606 # mass is shifted in the grid
13      LO    NNPDF30           N4N4       8.4755879419958e-08 # mass is shifted in the grid
13      LO    NNPDF30           N1C1+      0.005452151101923745 
13      LO    NNPDF30           N2C1+      0.9957507142848967 
13      LO    NNPDF30           N3C1+      0.00020062719069557258 # mass is shifted in the grid
13      LO    NNPDF30           N4C1+      3.9232851367705874e-05 # mass is shifted in the grid
13      LO    NNPDF30           N1C1-      0.001917801372989879 
13      LO    NNPDF30           N2C1-      0.3489579638810054 
13      LO    NNPDF30           N3C1-      6.630937227176897e-05 # mass is shifted in the grid
13      LO    NNPDF30           N4C1-      1.2953082328741986e-05 # mass is shifted in the grid
13      LO    NNPDF30           N1C2+      0.0003411135060871364 # mass is shifted in the grid
13      LO    NNPDF30           N2C2+      2.964661719549379e-05 # mass is shifted in the grid
13      LO    NNPDF30           N3C2+      0.0031838293933893614 # mass is shifted in the grid
13      LO    NNPDF30           N4C2+      0.016217079152613348 # mass is shifted in the grid
13      LO    NNPDF30           N1C2-      0.00011452233460603458 # mass is shifted in the grid
13      LO    NNPDF30           N2C2-      9.885530147885814e-06 # mass is shifted in the grid
13      LO    NNPDF30           N3C2-      0.0011004655881671033 # mass is shifted in the grid
13      LO    NNPDF30           N4C2-      0.005450300204429143 # mass is shifted in the grid

SLHA file: /Users/rafalmaselek/Projects/CheckMateCalculations/UML/SLHA_FIX/cmssm_928_1085_5_-1085_1.slha
Input file: /Users/rafalmaselek/ScienceSoft/EWKfast_LO/input_default.dat
Sort: OFF 
Cut: -1 
Unit: fb 
ScaleVariation: OFF 

mC2 = 1512.64366 is out of range. |mC2| = 1500 was used.
mN3 = -1506.10275 is out of range. |mN3| = 1500 was used.
mN4 = 1512.66319 is out of range. |mN4| = 1500 was used.

-----------------------------------------------------------------------------------------------
!!! THERE IS MASS SHIFTING IN EWKfast --------------------------------------------------------
Energy  Precision  PDF  Process
13      LO    NNPDF30           C1C1       0.6637927105782601 
13      LO    NNPDF30           C1+C2-     0.0002279215155783477 # mass is shifted in the grid
13      LO    NNPDF30           C1-C2+     0.00022777034177529884 # mass is shifted in the grid
13      LO    NNPDF30           C2C2       0.0131267557430478 # mass is shifted in the grid
13      LO    NNPDF30           N1N1       0.02662220448641713 
13      LO    NNPDF30           N1N2       0.0029794858151903324 
13      LO    NNPDF30           N1N3       6.1032252260273374e-05 # mass is shifted in the grid
13      LO    NNPDF30           N1N4       3.0390369498908757e-05 # mass is shifted in the grid
13      LO    NNPDF30           N2N2       0.016240033853143293 
13      LO    NNPDF30           N2N3       0.00012157149362509592 # mass is shifted in the grid
13      LO    NNPDF30           N2N4       7.518074097415487e-05 # mass is shifted in the grid
13      LO    NNPDF30           N3N3       1.268959127372943e-09 # mass is shifted in the grid
13      LO    NNPDF30           N3N4       0.002263670427628606 # mass is shifted in the grid
13      LO    NNPDF30           N4N4       8.4755879419958e-08 # mass is shifted in the grid
13      LO    NNPDF30           N1C1+      0.005452151101923745 
13      LO    NNPDF30           N2C1+      0.9957507142848967 
13      LO    NNPDF30           N3C1+      0.00020062719069557258 # mass is shifted in the grid
13      LO    NNPDF30           N4C1+      3.9232851367705874e-05 # mass is shifted in the grid
13      LO    NNPDF30           N1C1-      0.001917801372989879 
13      LO    NNPDF30           N2C1-      0.3489579638810054 
13      LO    NNPDF30           N3C1-      6.630937227176897e-05 # mass is shifted in the grid
13      LO    NNPDF30           N4C1-      1.2953082328741986e-05 # mass is shifted in the grid
13      LO    NNPDF30           N1C2+      0.0003411135060871364 # mass is shifted in the grid
13      LO    NNPDF30           N2C2+      2.964661719549379e-05 # mass is shifted in the grid
13      LO    NNPDF30           N3C2+      0.0031838293933893614 # mass is shifted in the grid
13      LO    NNPDF30           N4C2+      0.016217079152613348 # mass is shifted in the grid
13      LO    NNPDF30           N1C2-      0.00011452233460603458 # mass is shifted in the grid
13      LO    NNPDF30           N2C2-      9.885530147885814e-06 # mass is shifted in the grid
13      LO    NNPDF30           N3C2-      0.0011004655881671033 # mass is shifted in the grid
13      LO    NNPDF30           N4C2-      0.005450300204429143 # mass is shifted in the grid

SLHA file: /Users/rafalmaselek/Projects/CheckMateCalculations/UML/SLHA_FIX/cmssm_928_1085_5_-1085_1.slha
Input file: /Users/rafalmaselek/ScienceSoft/EWKfast_LO/input_default.dat
Sort: OFF 
Cut: -1 
Unit: fb 
ScaleVariation: OFF 

mC2 = 1512.64366 is out of range. |mC2| = 1500 was used.
mN3 = -1506.10275 is out of range. |mN3| = 1500 was used.
mN4 = 1512.66319 is out of range. |mN4| = 1500 was used.

-----------------------------------------------------------------------------------------------
!! EWK PROCESS C1N1 NOT FOUND !! WILL TRY TO LOOK FOR +/- MODES !!
XSEC FOUND FOR: C1+N1
XSEC FOUND FOR: C1-N1
!!! THERE IS MASS SHIFTING IN EWKfast --------------------------------------------------------
Energy  Precision  PDF  Process
13      LO    NNPDF30           C1C1       0.6637927105782601 
13      LO    NNPDF30           C1+C2-     0.0002279215155783477 # mass is shifted in the grid
13      LO    NNPDF30           C1-C2+     0.00022777034177529884 # mass is shifted in the grid
13      LO    NNPDF30           C2C2       0.0131267557430478 # mass is shifted in the grid
13      LO    NNPDF30           N1N1       0.02662220448641713 
13      LO    NNPDF30           N1N2       0.0029794858151903324 
13      LO    NNPDF30           N1N3       6.1032252260273374e-05 # mass is shifted in the grid
13      LO    NNPDF30           N1N4       3.0390369498908757e-05 # mass is shifted in the grid
13      LO    NNPDF30           N2N2       0.016240033853143293 
13      LO    NNPDF30           N2N3       0.00012157149362509592 # mass is shifted in the grid
13      LO    NNPDF30           N2N4       7.518074097415487e-05 # mass is shifted in the grid
13      LO    NNPDF30           N3N3       1.268959127372943e-09 # mass is shifted in the grid
13      LO    NNPDF30           N3N4       0.002263670427628606 # mass is shifted in the grid
13      LO    NNPDF30           N4N4       8.4755879419958e-08 # mass is shifted in the grid
13      LO    NNPDF30           N1C1+      0.005452151101923745 
13      LO    NNPDF30           N2C1+      0.9957507142848967 
13      LO    NNPDF30           N3C1+      0.00020062719069557258 # mass is shifted in the grid
13      LO    NNPDF30           N4C1+      3.9232851367705874e-05 # mass is shifted in the grid
13      LO    NNPDF30           N1C1-      0.001917801372989879 
13      LO    NNPDF30           N2C1-      0.3489579638810054 
13      LO    NNPDF30           N3C1-      6.630937227176897e-05 # mass is shifted in the grid
13      LO    NNPDF30           N4C1-      1.2953082328741986e-05 # mass is shifted in the grid
13      LO    NNPDF30           N1C2+      0.0003411135060871364 # mass is shifted in the grid
13      LO    NNPDF30           N2C2+      2.964661719549379e-05 # mass is shifted in the grid
13      LO    NNPDF30           N3C2+      0.0031838293933893614 # mass is shifted in the grid
13      LO    NNPDF30           N4C2+      0.016217079152613348 # mass is shifted in the grid
13      LO    NNPDF30           N1C2-      0.00011452233460603458 # mass is shifted in the grid
13      LO    NNPDF30           N2C2-      9.885530147885814e-06 # mass is shifted in the grid
13      LO    NNPDF30           N3C2-      0.0011004655881671033 # mass is shifted in the grid
13      LO    NNPDF30           N4C2-      0.005450300204429143 # mass is shifted in the grid

SLHA file: /Users/rafalmaselek/Projects/CheckMateCalculations/UML/SLHA_FIX/cmssm_928_1085_5_-1085_1.slha
Input file: /Users/rafalmaselek/ScienceSoft/EWKfast_LO/input_default.dat
Sort: OFF 
Cut: -1 
Unit: fb 
ScaleVariation: OFF 

mC2 = 1512.64366 is out of range. |mC2| = 1500 was used.
mN3 = -1506.10275 is out of range. |mN3| = 1500 was used.
mN4 = 1512.66319 is out of range. |mN4| = 1500 was used.

-----------------------------------------------------------------------------------------------
!! EWK PROCESS C1N2 NOT FOUND !! WILL TRY TO LOOK FOR +/- MODES !!
XSEC FOUND FOR: C1+N2
XSEC FOUND FOR: C1-N2
!!! THERE IS MASS SHIFTING IN EWKfast --------------------------------------------------------
Energy  Precision  PDF  Process
13      LO    NNPDF30           C1C1       0.6637927105782601 
13      LO    NNPDF30           C1+C2-     0.0002279215155783477 # mass is shifted in the grid
13      LO    NNPDF30           C1-C2+     0.00022777034177529884 # mass is shifted in the grid
13      LO    NNPDF30           C2C2       0.0131267557430478 # mass is shifted in the grid
13      LO    NNPDF30           N1N1       0.02662220448641713 
13      LO    NNPDF30           N1N2       0.0029794858151903324 
13      LO    NNPDF30           N1N3       6.1032252260273374e-05 # mass is shifted in the grid
13      LO    NNPDF30           N1N4       3.0390369498908757e-05 # mass is shifted in the grid
13      LO    NNPDF30           N2N2       0.016240033853143293 
13      LO    NNPDF30           N2N3       0.00012157149362509592 # mass is shifted in the grid
13      LO    NNPDF30           N2N4       7.518074097415487e-05 # mass is shifted in the grid
13      LO    NNPDF30           N3N3       1.268959127372943e-09 # mass is shifted in the grid
13      LO    NNPDF30           N3N4       0.002263670427628606 # mass is shifted in the grid
13      LO    NNPDF30           N4N4       8.4755879419958e-08 # mass is shifted in the grid
13      LO    NNPDF30           N1C1+      0.005452151101923745 
13      LO    NNPDF30           N2C1+      0.9957507142848967 
13      LO    NNPDF30           N3C1+      0.00020062719069557258 # mass is shifted in the grid
13      LO    NNPDF30           N4C1+      3.9232851367705874e-05 # mass is shifted in the grid
13      LO    NNPDF30           N1C1-      0.001917801372989879 
13      LO    NNPDF30           N2C1-      0.3489579638810054 
13      LO    NNPDF30           N3C1-      6.630937227176897e-05 # mass is shifted in the grid
13      LO    NNPDF30           N4C1-      1.2953082328741986e-05 # mass is shifted in the grid
13      LO    NNPDF30           N1C2+      0.0003411135060871364 # mass is shifted in the grid
13      LO    NNPDF30           N2C2+      2.964661719549379e-05 # mass is shifted in the grid
13      LO    NNPDF30           N3C2+      0.0031838293933893614 # mass is shifted in the grid
13      LO    NNPDF30           N4C2+      0.016217079152613348 # mass is shifted in the grid
13      LO    NNPDF30           N1C2-      0.00011452233460603458 # mass is shifted in the grid
13      LO    NNPDF30           N2C2-      9.885530147885814e-06 # mass is shifted in the grid
13      LO    NNPDF30           N3C2-      0.0011004655881671033 # mass is shifted in the grid
13      LO    NNPDF30           N4C2-      0.005450300204429143 # mass is shifted in the grid

SLHA file: /Users/rafalmaselek/Projects/CheckMateCalculations/UML/SLHA_FIX/cmssm_928_1085_5_-1085_1.slha
Input file: /Users/rafalmaselek/ScienceSoft/EWKfast_LO/input_default.dat
Sort: OFF 
Cut: -1 
Unit: fb 
ScaleVariation: OFF 

mC2 = 1512.64366 is out of range. |mC2| = 1500 was used.
mN3 = -1506.10275 is out of range. |mN3| = 1500 was used.
mN4 = 1512.66319 is out of range. |mN4| = 1500 was used.

-----------------------------------------------------------------------------------------------
!! EWK PROCESS C1N3 NOT FOUND !! WILL TRY TO LOOK FOR +/- MODES !!
XSEC FOUND FOR: C1+N3
XSEC FOUND FOR: C1-N3
!!! THERE IS MASS SHIFTING IN EWKfast --------------------------------------------------------
Energy  Precision  PDF  Process
13      LO    NNPDF30           C1C1       0.6637927105782601 
13      LO    NNPDF30           C1+C2-     0.0002279215155783477 # mass is shifted in the grid
13      LO    NNPDF30           C1-C2+     0.00022777034177529884 # mass is shifted in the grid
13      LO    NNPDF30           C2C2       0.0131267557430478 # mass is shifted in the grid
13      LO    NNPDF30           N1N1       0.02662220448641713 
13      LO    NNPDF30           N1N2       0.0029794858151903324 
13      LO    NNPDF30           N1N3       6.1032252260273374e-05 # mass is shifted in the grid
13      LO    NNPDF30           N1N4       3.0390369498908757e-05 # mass is shifted in the grid
13      LO    NNPDF30           N2N2       0.016240033853143293 
13      LO    NNPDF30           N2N3       0.00012157149362509592 # mass is shifted in the grid
13      LO    NNPDF30           N2N4       7.518074097415487e-05 # mass is shifted in the grid
13      LO    NNPDF30           N3N3       1.268959127372943e-09 # mass is shifted in the grid
13      LO    NNPDF30           N3N4       0.002263670427628606 # mass is shifted in the grid
13      LO    NNPDF30           N4N4       8.4755879419958e-08 # mass is shifted in the grid
13      LO    NNPDF30           N1C1+      0.005452151101923745 
13      LO    NNPDF30           N2C1+      0.9957507142848967 
13      LO    NNPDF30           N3C1+      0.00020062719069557258 # mass is shifted in the grid
13      LO    NNPDF30           N4C1+      3.9232851367705874e-05 # mass is shifted in the grid
13      LO    NNPDF30           N1C1-      0.001917801372989879 
13      LO    NNPDF30           N2C1-      0.3489579638810054 
13      LO    NNPDF30           N3C1-      6.630937227176897e-05 # mass is shifted in the grid
13      LO    NNPDF30           N4C1-      1.2953082328741986e-05 # mass is shifted in the grid
13      LO    NNPDF30           N1C2+      0.0003411135060871364 # mass is shifted in the grid
13      LO    NNPDF30           N2C2+      2.964661719549379e-05 # mass is shifted in the grid
13      LO    NNPDF30           N3C2+      0.0031838293933893614 # mass is shifted in the grid
13      LO    NNPDF30           N4C2+      0.016217079152613348 # mass is shifted in the grid
13      LO    NNPDF30           N1C2-      0.00011452233460603458 # mass is shifted in the grid
13      LO    NNPDF30           N2C2-      9.885530147885814e-06 # mass is shifted in the grid
13      LO    NNPDF30           N3C2-      0.0011004655881671033 # mass is shifted in the grid
13      LO    NNPDF30           N4C2-      0.005450300204429143 # mass is shifted in the grid

SLHA file: /Users/rafalmaselek/Projects/CheckMateCalculations/UML/SLHA_FIX/cmssm_928_1085_5_-1085_1.slha
Input file: /Users/rafalmaselek/ScienceSoft/EWKfast_LO/input_default.dat
Sort: OFF 
Cut: -1 
Unit: fb 
ScaleVariation: OFF 

mC2 = 1512.64366 is out of range. |mC2| = 1500 was used.
mN3 = -1506.10275 is out of range. |mN3| = 1500 was used.
mN4 = 1512.66319 is out of range. |mN4| = 1500 was used.

-----------------------------------------------------------------------------------------------
!! EWK PROCESS C1N4 NOT FOUND !! WILL TRY TO LOOK FOR +/- MODES !!
XSEC FOUND FOR: C1+N4
XSEC FOUND FOR: C1-N4
!!! THERE IS MASS SHIFTING IN EWKfast --------------------------------------------------------
Energy  Precision  PDF  Process
13      LO    NNPDF30           C1C1       0.6637927105782601 
13      LO    NNPDF30           C1+C2-     0.0002279215155783477 # mass is shifted in the grid
13      LO    NNPDF30           C1-C2+     0.00022777034177529884 # mass is shifted in the grid
13      LO    NNPDF30           C2C2       0.0131267557430478 # mass is shifted in the grid
13      LO    NNPDF30           N1N1       0.02662220448641713 
13      LO    NNPDF30           N1N2       0.0029794858151903324 
13      LO    NNPDF30           N1N3       6.1032252260273374e-05 # mass is shifted in the grid
13      LO    NNPDF30           N1N4       3.0390369498908757e-05 # mass is shifted in the grid
13      LO    NNPDF30           N2N2       0.016240033853143293 
13      LO    NNPDF30           N2N3       0.00012157149362509592 # mass is shifted in the grid
13      LO    NNPDF30           N2N4       7.518074097415487e-05 # mass is shifted in the grid
13      LO    NNPDF30           N3N3       1.268959127372943e-09 # mass is shifted in the grid
13      LO    NNPDF30           N3N4       0.002263670427628606 # mass is shifted in the grid
13      LO    NNPDF30           N4N4       8.4755879419958e-08 # mass is shifted in the grid
13      LO    NNPDF30           N1C1+      0.005452151101923745 
13      LO    NNPDF30           N2C1+      0.9957507142848967 
13      LO    NNPDF30           N3C1+      0.00020062719069557258 # mass is shifted in the grid
13      LO    NNPDF30           N4C1+      3.9232851367705874e-05 # mass is shifted in the grid
13      LO    NNPDF30           N1C1-      0.001917801372989879 
13      LO    NNPDF30           N2C1-      0.3489579638810054 
13      LO    NNPDF30           N3C1-      6.630937227176897e-05 # mass is shifted in the grid
13      LO    NNPDF30           N4C1-      1.2953082328741986e-05 # mass is shifted in the grid
13      LO    NNPDF30           N1C2+      0.0003411135060871364 # mass is shifted in the grid
13      LO    NNPDF30           N2C2+      2.964661719549379e-05 # mass is shifted in the grid
13      LO    NNPDF30           N3C2+      0.0031838293933893614 # mass is shifted in the grid
13      LO    NNPDF30           N4C2+      0.016217079152613348 # mass is shifted in the grid
13      LO    NNPDF30           N1C2-      0.00011452233460603458 # mass is shifted in the grid
13      LO    NNPDF30           N2C2-      9.885530147885814e-06 # mass is shifted in the grid
13      LO    NNPDF30           N3C2-      0.0011004655881671033 # mass is shifted in the grid
13      LO    NNPDF30           N4C2-      0.005450300204429143 # mass is shifted in the grid

SLHA file: /Users/rafalmaselek/Projects/CheckMateCalculations/UML/SLHA_FIX/cmssm_928_1085_5_-1085_1.slha
Input file: /Users/rafalmaselek/ScienceSoft/EWKfast_LO/input_default.dat
Sort: OFF 
Cut: -1 
Unit: fb 
ScaleVariation: OFF 

mC2 = 1512.64366 is out of range. |mC2| = 1500 was used.
mN3 = -1506.10275 is out of range. |mN3| = 1500 was used.
mN4 = 1512.66319 is out of range. |mN4| = 1500 was used.

-----------------------------------------------------------------------------------------------
!! EWK PROCESS C2N1 NOT FOUND !! WILL TRY TO LOOK FOR +/- MODES !!
XSEC FOUND FOR: C2+N1
XSEC FOUND FOR: C2-N1
!!! THERE IS MASS SHIFTING IN EWKfast --------------------------------------------------------
Energy  Precision  PDF  Process
13      LO    NNPDF30           C1C1       0.6637927105782601 
13      LO    NNPDF30           C1+C2-     0.0002279215155783477 # mass is shifted in the grid
13      LO    NNPDF30           C1-C2+     0.00022777034177529884 # mass is shifted in the grid
13      LO    NNPDF30           C2C2       0.0131267557430478 # mass is shifted in the grid
13      LO    NNPDF30           N1N1       0.02662220448641713 
13      LO    NNPDF30           N1N2       0.0029794858151903324 
13      LO    NNPDF30           N1N3       6.1032252260273374e-05 # mass is shifted in the grid
13      LO    NNPDF30           N1N4       3.0390369498908757e-05 # mass is shifted in the grid
13      LO    NNPDF30           N2N2       0.016240033853143293 
13      LO    NNPDF30           N2N3       0.00012157149362509592 # mass is shifted in the grid
13      LO    NNPDF30           N2N4       7.518074097415487e-05 # mass is shifted in the grid
13      LO    NNPDF30           N3N3       1.268959127372943e-09 # mass is shifted in the grid
13      LO    NNPDF30           N3N4       0.002263670427628606 # mass is shifted in the grid
13      LO    NNPDF30           N4N4       8.4755879419958e-08 # mass is shifted in the grid
13      LO    NNPDF30           N1C1+      0.005452151101923745 
13      LO    NNPDF30           N2C1+      0.9957507142848967 
13      LO    NNPDF30           N3C1+      0.00020062719069557258 # mass is shifted in the grid
13      LO    NNPDF30           N4C1+      3.9232851367705874e-05 # mass is shifted in the grid
13      LO    NNPDF30           N1C1-      0.001917801372989879 
13      LO    NNPDF30           N2C1-      0.3489579638810054 
13      LO    NNPDF30           N3C1-      6.630937227176897e-05 # mass is shifted in the grid
13      LO    NNPDF30           N4C1-      1.2953082328741986e-05 # mass is shifted in the grid
13      LO    NNPDF30           N1C2+      0.0003411135060871364 # mass is shifted in the grid
13      LO    NNPDF30           N2C2+      2.964661719549379e-05 # mass is shifted in the grid
13      LO    NNPDF30           N3C2+      0.0031838293933893614 # mass is shifted in the grid
13      LO    NNPDF30           N4C2+      0.016217079152613348 # mass is shifted in the grid
13      LO    NNPDF30           N1C2-      0.00011452233460603458 # mass is shifted in the grid
13      LO    NNPDF30           N2C2-      9.885530147885814e-06 # mass is shifted in the grid
13      LO    NNPDF30           N3C2-      0.0011004655881671033 # mass is shifted in the grid
13      LO    NNPDF30           N4C2-      0.005450300204429143 # mass is shifted in the grid

SLHA file: /Users/rafalmaselek/Projects/CheckMateCalculations/UML/SLHA_FIX/cmssm_928_1085_5_-1085_1.slha
Input file: /Users/rafalmaselek/ScienceSoft/EWKfast_LO/input_default.dat
Sort: OFF 
Cut: -1 
Unit: fb 
ScaleVariation: OFF 

mC2 = 1512.64366 is out of range. |mC2| = 1500 was used.
mN3 = -1506.10275 is out of range. |mN3| = 1500 was used.
mN4 = 1512.66319 is out of range. |mN4| = 1500 was used.

-----------------------------------------------------------------------------------------------
!! EWK PROCESS C2N2 NOT FOUND !! WILL TRY TO LOOK FOR +/- MODES !!
XSEC FOUND FOR: C2+N2
XSEC FOUND FOR: C2-N2
!!! THERE IS MASS SHIFTING IN EWKfast --------------------------------------------------------
Energy  Precision  PDF  Process
13      LO    NNPDF30           C1C1       0.6637927105782601 
13      LO    NNPDF30           C1+C2-     0.0002279215155783477 # mass is shifted in the grid
13      LO    NNPDF30           C1-C2+     0.00022777034177529884 # mass is shifted in the grid
13      LO    NNPDF30           C2C2       0.0131267557430478 # mass is shifted in the grid
13      LO    NNPDF30           N1N1       0.02662220448641713 
13      LO    NNPDF30           N1N2       0.0029794858151903324 
13      LO    NNPDF30           N1N3       6.1032252260273374e-05 # mass is shifted in the grid
13      LO    NNPDF30           N1N4       3.0390369498908757e-05 # mass is shifted in the grid
13      LO    NNPDF30           N2N2       0.016240033853143293 
13      LO    NNPDF30           N2N3       0.00012157149362509592 # mass is shifted in the grid
13      LO    NNPDF30           N2N4       7.518074097415487e-05 # mass is shifted in the grid
13      LO    NNPDF30           N3N3       1.268959127372943e-09 # mass is shifted in the grid
13      LO    NNPDF30           N3N4       0.002263670427628606 # mass is shifted in the grid
13      LO    NNPDF30           N4N4       8.4755879419958e-08 # mass is shifted in the grid
13      LO    NNPDF30           N1C1+      0.005452151101923745 
13      LO    NNPDF30           N2C1+      0.9957507142848967 
13      LO    NNPDF30           N3C1+      0.00020062719069557258 # mass is shifted in the grid
13      LO    NNPDF30           N4C1+      3.9232851367705874e-05 # mass is shifted in the grid
13      LO    NNPDF30           N1C1-      0.001917801372989879 
13      LO    NNPDF30           N2C1-      0.3489579638810054 
13      LO    NNPDF30           N3C1-      6.630937227176897e-05 # mass is shifted in the grid
13      LO    NNPDF30           N4C1-      1.2953082328741986e-05 # mass is shifted in the grid
13      LO    NNPDF30           N1C2+      0.0003411135060871364 # mass is shifted in the grid
13      LO    NNPDF30           N2C2+      2.964661719549379e-05 # mass is shifted in the grid
13      LO    NNPDF30           N3C2+      0.0031838293933893614 # mass is shifted in the grid
13      LO    NNPDF30           N4C2+      0.016217079152613348 # mass is shifted in the grid
13      LO    NNPDF30           N1C2-      0.00011452233460603458 # mass is shifted in the grid
13      LO    NNPDF30           N2C2-      9.885530147885814e-06 # mass is shifted in the grid
13      LO    NNPDF30           N3C2-      0.0011004655881671033 # mass is shifted in the grid
13      LO    NNPDF30           N4C2-      0.005450300204429143 # mass is shifted in the grid

SLHA file: /Users/rafalmaselek/Projects/CheckMateCalculations/UML/SLHA_FIX/cmssm_928_1085_5_-1085_1.slha
Input file: /Users/rafalmaselek/ScienceSoft/EWKfast_LO/input_default.dat
Sort: OFF 
Cut: -1 
Unit: fb 
ScaleVariation: OFF 

mC2 = 1512.64366 is out of range. |mC2| = 1500 was used.
mN3 = -1506.10275 is out of range. |mN3| = 1500 was used.
mN4 = 1512.66319 is out of range. |mN4| = 1500 was used.

-----------------------------------------------------------------------------------------------
!! EWK PROCESS C2N3 NOT FOUND !! WILL TRY TO LOOK FOR +/- MODES !!
XSEC FOUND FOR: C2+N3
XSEC FOUND FOR: C2-N3
!!! THERE IS MASS SHIFTING IN EWKfast --------------------------------------------------------
Energy  Precision  PDF  Process
13      LO    NNPDF30           C1C1       0.6637927105782601 
13      LO    NNPDF30           C1+C2-     0.0002279215155783477 # mass is shifted in the grid
13      LO    NNPDF30           C1-C2+     0.00022777034177529884 # mass is shifted in the grid
13      LO    NNPDF30           C2C2       0.0131267557430478 # mass is shifted in the grid
13      LO    NNPDF30           N1N1       0.02662220448641713 
13      LO    NNPDF30           N1N2       0.0029794858151903324 
13      LO    NNPDF30           N1N3       6.1032252260273374e-05 # mass is shifted in the grid
13      LO    NNPDF30           N1N4       3.0390369498908757e-05 # mass is shifted in the grid
13      LO    NNPDF30           N2N2       0.016240033853143293 
13      LO    NNPDF30           N2N3       0.00012157149362509592 # mass is shifted in the grid
13      LO    NNPDF30           N2N4       7.518074097415487e-05 # mass is shifted in the grid
13      LO    NNPDF30           N3N3       1.268959127372943e-09 # mass is shifted in the grid
13      LO    NNPDF30           N3N4       0.002263670427628606 # mass is shifted in the grid
13      LO    NNPDF30           N4N4       8.4755879419958e-08 # mass is shifted in the grid
13      LO    NNPDF30           N1C1+      0.005452151101923745 
13      LO    NNPDF30           N2C1+      0.9957507142848967 
13      LO    NNPDF30           N3C1+      0.00020062719069557258 # mass is shifted in the grid
13      LO    NNPDF30           N4C1+      3.9232851367705874e-05 # mass is shifted in the grid
13      LO    NNPDF30           N1C1-      0.001917801372989879 
13      LO    NNPDF30           N2C1-      0.3489579638810054 
13      LO    NNPDF30           N3C1-      6.630937227176897e-05 # mass is shifted in the grid
13      LO    NNPDF30           N4C1-      1.2953082328741986e-05 # mass is shifted in the grid
13      LO    NNPDF30           N1C2+      0.0003411135060871364 # mass is shifted in the grid
13      LO    NNPDF30           N2C2+      2.964661719549379e-05 # mass is shifted in the grid
13      LO    NNPDF30           N3C2+      0.0031838293933893614 # mass is shifted in the grid
13      LO    NNPDF30           N4C2+      0.016217079152613348 # mass is shifted in the grid
13      LO    NNPDF30           N1C2-      0.00011452233460603458 # mass is shifted in the grid
13      LO    NNPDF30           N2C2-      9.885530147885814e-06 # mass is shifted in the grid
13      LO    NNPDF30           N3C2-      0.0011004655881671033 # mass is shifted in the grid
13      LO    NNPDF30           N4C2-      0.005450300204429143 # mass is shifted in the grid

SLHA file: /Users/rafalmaselek/Projects/CheckMateCalculations/UML/SLHA_FIX/cmssm_928_1085_5_-1085_1.slha
Input file: /Users/rafalmaselek/ScienceSoft/EWKfast_LO/input_default.dat
Sort: OFF 
Cut: -1 
Unit: fb 
ScaleVariation: OFF 

mC2 = 1512.64366 is out of range. |mC2| = 1500 was used.
mN3 = -1506.10275 is out of range. |mN3| = 1500 was used.
mN4 = 1512.66319 is out of range. |mN4| = 1500 was used.

-----------------------------------------------------------------------------------------------
!! EWK PROCESS C2N4 NOT FOUND !! WILL TRY TO LOOK FOR +/- MODES !!
XSEC FOUND FOR: C2+N4
XSEC FOUND FOR: C2-N4
!!! THERE IS MASS SHIFTING IN EWKfast --------------------------------------------------------
Energy  Precision  PDF  Process
13      LO    NNPDF30           C1C1       0.6637927105782601 
13      LO    NNPDF30           C1+C2-     0.0002279215155783477 # mass is shifted in the grid
13      LO    NNPDF30           C1-C2+     0.00022777034177529884 # mass is shifted in the grid
13      LO    NNPDF30           C2C2       0.0131267557430478 # mass is shifted in the grid
13      LO    NNPDF30           N1N1       0.02662220448641713 
13      LO    NNPDF30           N1N2       0.0029794858151903324 
13      LO    NNPDF30           N1N3       6.1032252260273374e-05 # mass is shifted in the grid
13      LO    NNPDF30           N1N4       3.0390369498908757e-05 # mass is shifted in the grid
13      LO    NNPDF30           N2N2       0.016240033853143293 
13      LO    NNPDF30           N2N3       0.00012157149362509592 # mass is shifted in the grid
13      LO    NNPDF30           N2N4       7.518074097415487e-05 # mass is shifted in the grid
13      LO    NNPDF30           N3N3       1.268959127372943e-09 # mass is shifted in the grid
13      LO    NNPDF30           N3N4       0.002263670427628606 # mass is shifted in the grid
13      LO    NNPDF30           N4N4       8.4755879419958e-08 # mass is shifted in the grid
13      LO    NNPDF30           N1C1+      0.005452151101923745 
13      LO    NNPDF30           N2C1+      0.9957507142848967 
13      LO    NNPDF30           N3C1+      0.00020062719069557258 # mass is shifted in the grid
13      LO    NNPDF30           N4C1+      3.9232851367705874e-05 # mass is shifted in the grid
13      LO    NNPDF30           N1C1-      0.001917801372989879 
13      LO    NNPDF30           N2C1-      0.3489579638810054 
13      LO    NNPDF30           N3C1-      6.630937227176897e-05 # mass is shifted in the grid
13      LO    NNPDF30           N4C1-      1.2953082328741986e-05 # mass is shifted in the grid
13      LO    NNPDF30           N1C2+      0.0003411135060871364 # mass is shifted in the grid
13      LO    NNPDF30           N2C2+      2.964661719549379e-05 # mass is shifted in the grid
13      LO    NNPDF30           N3C2+      0.0031838293933893614 # mass is shifted in the grid
13      LO    NNPDF30           N4C2+      0.016217079152613348 # mass is shifted in the grid
13      LO    NNPDF30           N1C2-      0.00011452233460603458 # mass is shifted in the grid
13      LO    NNPDF30           N2C2-      9.885530147885814e-06 # mass is shifted in the grid
13      LO    NNPDF30           N3C2-      0.0011004655881671033 # mass is shifted in the grid
13      LO    NNPDF30           N4C2-      0.005450300204429143 # mass is shifted in the grid

SLHA file: /Users/rafalmaselek/Projects/CheckMateCalculations/UML/SLHA_FIX/cmssm_928_1085_5_-1085_1.slha
Input file: /Users/rafalmaselek/ScienceSoft/EWKfast_LO/input_default.dat
Sort: OFF 
Cut: -1 
Unit: fb 
ScaleVariation: OFF 

mC2 = 1512.64366 is out of range. |mC2| = 1500 was used.
mN3 = -1506.10275 is out of range. |mN3| = 1500 was used.
mN4 = 1512.66319 is out of range. |mN4| = 1500 was used.

-----------------------------------------------------------------------------------------------
!!! THERE IS MASS SHIFTING IN EWKfast --------------------------------------------------------
Energy  Precision  PDF  Process
13      LO    NNPDF30           C1C1       0.6637927105782601 
13      LO    NNPDF30           C1+C2-     0.0002279215155783477 # mass is shifted in the grid
13      LO    NNPDF30           C1-C2+     0.00022777034177529884 # mass is shifted in the grid
13      LO    NNPDF30           C2C2       0.0131267557430478 # mass is shifted in the grid
13      LO    NNPDF30           N1N1       0.02662220448641713 
13      LO    NNPDF30           N1N2       0.0029794858151903324 
13      LO    NNPDF30           N1N3       6.1032252260273374e-05 # mass is shifted in the grid
13      LO    NNPDF30           N1N4       3.0390369498908757e-05 # mass is shifted in the grid
13      LO    NNPDF30           N2N2       0.016240033853143293 
13      LO    NNPDF30           N2N3       0.00012157149362509592 # mass is shifted in the grid
13      LO    NNPDF30           N2N4       7.518074097415487e-05 # mass is shifted in the grid
13      LO    NNPDF30           N3N3       1.268959127372943e-09 # mass is shifted in the grid
13      LO    NNPDF30           N3N4       0.002263670427628606 # mass is shifted in the grid
13      LO    NNPDF30           N4N4       8.4755879419958e-08 # mass is shifted in the grid
13      LO    NNPDF30           N1C1+      0.005452151101923745 
13      LO    NNPDF30           N2C1+      0.9957507142848967 
13      LO    NNPDF30           N3C1+      0.00020062719069557258 # mass is shifted in the grid
13      LO    NNPDF30           N4C1+      3.9232851367705874e-05 # mass is shifted in the grid
13      LO    NNPDF30           N1C1-      0.001917801372989879 
13      LO    NNPDF30           N2C1-      0.3489579638810054 
13      LO    NNPDF30           N3C1-      6.630937227176897e-05 # mass is shifted in the grid
13      LO    NNPDF30           N4C1-      1.2953082328741986e-05 # mass is shifted in the grid
13      LO    NNPDF30           N1C2+      0.0003411135060871364 # mass is shifted in the grid
13      LO    NNPDF30           N2C2+      2.964661719549379e-05 # mass is shifted in the grid
13      LO    NNPDF30           N3C2+      0.0031838293933893614 # mass is shifted in the grid
13      LO    NNPDF30           N4C2+      0.016217079152613348 # mass is shifted in the grid
13      LO    NNPDF30           N1C2-      0.00011452233460603458 # mass is shifted in the grid
13      LO    NNPDF30           N2C2-      9.885530147885814e-06 # mass is shifted in the grid
13      LO    NNPDF30           N3C2-      0.0011004655881671033 # mass is shifted in the grid
13      LO    NNPDF30           N4C2-      0.005450300204429143 # mass is shifted in the grid

SLHA file: /Users/rafalmaselek/Projects/CheckMateCalculations/UML/SLHA_FIX/cmssm_928_1085_5_-1085_1.slha
Input file: /Users/rafalmaselek/ScienceSoft/EWKfast_LO/input_default.dat
Sort: OFF 
Cut: -1 
Unit: fb 
ScaleVariation: OFF 

mC2 = 1512.64366 is out of range. |mC2| = 1500 was used.
mN3 = -1506.10275 is out of range. |mN3| = 1500 was used.
mN4 = 1512.66319 is out of range. |mN4| = 1500 was used.

-----------------------------------------------------------------------------------------------
!!! THERE IS MASS SHIFTING IN EWKfast --------------------------------------------------------
Energy  Precision  PDF  Process
13      LO    NNPDF30           C1C1       0.6637927105782601 
13      LO    NNPDF30           C1+C2-     0.0002279215155783477 # mass is shifted in the grid
13      LO    NNPDF30           C1-C2+     0.00022777034177529884 # mass is shifted in the grid
13      LO    NNPDF30           C2C2       0.0131267557430478 # mass is shifted in the grid
13      LO    NNPDF30           N1N1       0.02662220448641713 
13      LO    NNPDF30           N1N2       0.0029794858151903324 
13      LO    NNPDF30           N1N3       6.1032252260273374e-05 # mass is shifted in the grid
13      LO    NNPDF30           N1N4       3.0390369498908757e-05 # mass is shifted in the grid
13      LO    NNPDF30           N2N2       0.016240033853143293 
13      LO    NNPDF30           N2N3       0.00012157149362509592 # mass is shifted in the grid
13      LO    NNPDF30           N2N4       7.518074097415487e-05 # mass is shifted in the grid
13      LO    NNPDF30           N3N3       1.268959127372943e-09 # mass is shifted in the grid
13      LO    NNPDF30           N3N4       0.002263670427628606 # mass is shifted in the grid
13      LO    NNPDF30           N4N4       8.4755879419958e-08 # mass is shifted in the grid
13      LO    NNPDF30           N1C1+      0.005452151101923745 
13      LO    NNPDF30           N2C1+      0.9957507142848967 
13      LO    NNPDF30           N3C1+      0.00020062719069557258 # mass is shifted in the grid
13      LO    NNPDF30           N4C1+      3.9232851367705874e-05 # mass is shifted in the grid
13      LO    NNPDF30           N1C1-      0.001917801372989879 
13      LO    NNPDF30           N2C1-      0.3489579638810054 
13      LO    NNPDF30           N3C1-      6.630937227176897e-05 # mass is shifted in the grid
13      LO    NNPDF30           N4C1-      1.2953082328741986e-05 # mass is shifted in the grid
13      LO    NNPDF30           N1C2+      0.0003411135060871364 # mass is shifted in the grid
13      LO    NNPDF30           N2C2+      2.964661719549379e-05 # mass is shifted in the grid
13      LO    NNPDF30           N3C2+      0.0031838293933893614 # mass is shifted in the grid
13      LO    NNPDF30           N4C2+      0.016217079152613348 # mass is shifted in the grid
13      LO    NNPDF30           N1C2-      0.00011452233460603458 # mass is shifted in the grid
13      LO    NNPDF30           N2C2-      9.885530147885814e-06 # mass is shifted in the grid
13      LO    NNPDF30           N3C2-      0.0011004655881671033 # mass is shifted in the grid
13      LO    NNPDF30           N4C2-      0.005450300204429143 # mass is shifted in the grid

SLHA file: /Users/rafalmaselek/Projects/CheckMateCalculations/UML/SLHA_FIX/cmssm_928_1085_5_-1085_1.slha
Input file: /Users/rafalmaselek/ScienceSoft/EWKfast_LO/input_default.dat
Sort: OFF 
Cut: -1 
Unit: fb 
ScaleVariation: OFF 

mC2 = 1512.64366 is out of range. |mC2| = 1500 was used.
mN3 = -1506.10275 is out of range. |mN3| = 1500 was used.
mN4 = 1512.66319 is out of range. |mN4| = 1500 was used.

-----------------------------------------------------------------------------------------------
!!! THERE IS MASS SHIFTING IN EWKfast --------------------------------------------------------
Energy  Precision  PDF  Process
13      LO    NNPDF30           C1C1       0.6637927105782601 
13      LO    NNPDF30           C1+C2-     0.0002279215155783477 # mass is shifted in the grid
13      LO    NNPDF30           C1-C2+     0.00022777034177529884 # mass is shifted in the grid
13      LO    NNPDF30           C2C2       0.0131267557430478 # mass is shifted in the grid
13      LO    NNPDF30           N1N1       0.02662220448641713 
13      LO    NNPDF30           N1N2       0.0029794858151903324 
13      LO    NNPDF30           N1N3       6.1032252260273374e-05 # mass is shifted in the grid
13      LO    NNPDF30           N1N4       3.0390369498908757e-05 # mass is shifted in the grid
13      LO    NNPDF30           N2N2       0.016240033853143293 
13      LO    NNPDF30           N2N3       0.00012157149362509592 # mass is shifted in the grid
13      LO    NNPDF30           N2N4       7.518074097415487e-05 # mass is shifted in the grid
13      LO    NNPDF30           N3N3       1.268959127372943e-09 # mass is shifted in the grid
13      LO    NNPDF30           N3N4       0.002263670427628606 # mass is shifted in the grid
13      LO    NNPDF30           N4N4       8.4755879419958e-08 # mass is shifted in the grid
13      LO    NNPDF30           N1C1+      0.005452151101923745 
13      LO    NNPDF30           N2C1+      0.9957507142848967 
13      LO    NNPDF30           N3C1+      0.00020062719069557258 # mass is shifted in the grid
13      LO    NNPDF30           N4C1+      3.9232851367705874e-05 # mass is shifted in the grid
13      LO    NNPDF30           N1C1-      0.001917801372989879 
13      LO    NNPDF30           N2C1-      0.3489579638810054 
13      LO    NNPDF30           N3C1-      6.630937227176897e-05 # mass is shifted in the grid
13      LO    NNPDF30           N4C1-      1.2953082328741986e-05 # mass is shifted in the grid
13      LO    NNPDF30           N1C2+      0.0003411135060871364 # mass is shifted in the grid
13      LO    NNPDF30           N2C2+      2.964661719549379e-05 # mass is shifted in the grid
13      LO    NNPDF30           N3C2+      0.0031838293933893614 # mass is shifted in the grid
13      LO    NNPDF30           N4C2+      0.016217079152613348 # mass is shifted in the grid
13      LO    NNPDF30           N1C2-      0.00011452233460603458 # mass is shifted in the grid
13      LO    NNPDF30           N2C2-      9.885530147885814e-06 # mass is shifted in the grid
13      LO    NNPDF30           N3C2-      0.0011004655881671033 # mass is shifted in the grid
13      LO    NNPDF30           N4C2-      0.005450300204429143 # mass is shifted in the grid

SLHA file: /Users/rafalmaselek/Projects/CheckMateCalculations/UML/SLHA_FIX/cmssm_928_1085_5_-1085_1.slha
Input file: /Users/rafalmaselek/ScienceSoft/EWKfast_LO/input_default.dat
Sort: OFF 
Cut: -1 
Unit: fb 
ScaleVariation: OFF 

mC2 = 1512.64366 is out of range. |mC2| = 1500 was used.
mN3 = -1506.10275 is out of range. |mN3| = 1500 was used.
mN4 = 1512.66319 is out of range. |mN4| = 1500 was used.

-----------------------------------------------------------------------------------------------
!!! THERE IS MASS SHIFTING IN EWKfast --------------------------------------------------------
Energy  Precision  PDF  Process
13      LO    NNPDF30           C1C1       0.6637927105782601 
13      LO    NNPDF30           C1+C2-     0.0002279215155783477 # mass is shifted in the grid
13      LO    NNPDF30           C1-C2+     0.00022777034177529884 # mass is shifted in the grid
13      LO    NNPDF30           C2C2       0.0131267557430478 # mass is shifted in the grid
13      LO    NNPDF30           N1N1       0.02662220448641713 
13      LO    NNPDF30           N1N2       0.0029794858151903324 
13      LO    NNPDF30           N1N3       6.1032252260273374e-05 # mass is shifted in the grid
13      LO    NNPDF30           N1N4       3.0390369498908757e-05 # mass is shifted in the grid
13      LO    NNPDF30           N2N2       0.016240033853143293 
13      LO    NNPDF30           N2N3       0.00012157149362509592 # mass is shifted in the grid
13      LO    NNPDF30           N2N4       7.518074097415487e-05 # mass is shifted in the grid
13      LO    NNPDF30           N3N3       1.268959127372943e-09 # mass is shifted in the grid
13      LO    NNPDF30           N3N4       0.002263670427628606 # mass is shifted in the grid
13      LO    NNPDF30           N4N4       8.4755879419958e-08 # mass is shifted in the grid
13      LO    NNPDF30           N1C1+      0.005452151101923745 
13      LO    NNPDF30           N2C1+      0.9957507142848967 
13      LO    NNPDF30           N3C1+      0.00020062719069557258 # mass is shifted in the grid
13      LO    NNPDF30           N4C1+      3.9232851367705874e-05 # mass is shifted in the grid
13      LO    NNPDF30           N1C1-      0.001917801372989879 
13      LO    NNPDF30           N2C1-      0.3489579638810054 
13      LO    NNPDF30           N3C1-      6.630937227176897e-05 # mass is shifted in the grid
13      LO    NNPDF30           N4C1-      1.2953082328741986e-05 # mass is shifted in the grid
13      LO    NNPDF30           N1C2+      0.0003411135060871364 # mass is shifted in the grid
13      LO    NNPDF30           N2C2+      2.964661719549379e-05 # mass is shifted in the grid
13      LO    NNPDF30           N3C2+      0.0031838293933893614 # mass is shifted in the grid
13      LO    NNPDF30           N4C2+      0.016217079152613348 # mass is shifted in the grid
13      LO    NNPDF30           N1C2-      0.00011452233460603458 # mass is shifted in the grid
13      LO    NNPDF30           N2C2-      9.885530147885814e-06 # mass is shifted in the grid
13      LO    NNPDF30           N3C2-      0.0011004655881671033 # mass is shifted in the grid
13      LO    NNPDF30           N4C2-      0.005450300204429143 # mass is shifted in the grid

SLHA file: /Users/rafalmaselek/Projects/CheckMateCalculations/UML/SLHA_FIX/cmssm_928_1085_5_-1085_1.slha
Input file: /Users/rafalmaselek/ScienceSoft/EWKfast_LO/input_default.dat
Sort: OFF 
Cut: -1 
Unit: fb 
ScaleVariation: OFF 

mC2 = 1512.64366 is out of range. |mC2| = 1500 was used.
mN3 = -1506.10275 is out of range. |mN3| = 1500 was used.
mN4 = 1512.66319 is out of range. |mN4| = 1500 was used.

-----------------------------------------------------------------------------------------------
!!! THERE IS MASS SHIFTING IN EWKfast --------------------------------------------------------
Energy  Precision  PDF  Process
13      LO    NNPDF30           C1C1       0.6637927105782601 
13      LO    NNPDF30           C1+C2-     0.0002279215155783477 # mass is shifted in the grid
13      LO    NNPDF30           C1-C2+     0.00022777034177529884 # mass is shifted in the grid
13      LO    NNPDF30           C2C2       0.0131267557430478 # mass is shifted in the grid
13      LO    NNPDF30           N1N1       0.02662220448641713 
13      LO    NNPDF30           N1N2       0.0029794858151903324 
13      LO    NNPDF30           N1N3       6.1032252260273374e-05 # mass is shifted in the grid
13      LO    NNPDF30           N1N4       3.0390369498908757e-05 # mass is shifted in the grid
13      LO    NNPDF30           N2N2       0.016240033853143293 
13      LO    NNPDF30           N2N3       0.00012157149362509592 # mass is shifted in the grid
13      LO    NNPDF30           N2N4       7.518074097415487e-05 # mass is shifted in the grid
13      LO    NNPDF30           N3N3       1.268959127372943e-09 # mass is shifted in the grid
13      LO    NNPDF30           N3N4       0.002263670427628606 # mass is shifted in the grid
13      LO    NNPDF30           N4N4       8.4755879419958e-08 # mass is shifted in the grid
13      LO    NNPDF30           N1C1+      0.005452151101923745 
13      LO    NNPDF30           N2C1+      0.9957507142848967 
13      LO    NNPDF30           N3C1+      0.00020062719069557258 # mass is shifted in the grid
13      LO    NNPDF30           N4C1+      3.9232851367705874e-05 # mass is shifted in the grid
13      LO    NNPDF30           N1C1-      0.001917801372989879 
13      LO    NNPDF30           N2C1-      0.3489579638810054 
13      LO    NNPDF30           N3C1-      6.630937227176897e-05 # mass is shifted in the grid
13      LO    NNPDF30           N4C1-      1.2953082328741986e-05 # mass is shifted in the grid
13      LO    NNPDF30           N1C2+      0.0003411135060871364 # mass is shifted in the grid
13      LO    NNPDF30           N2C2+      2.964661719549379e-05 # mass is shifted in the grid
13      LO    NNPDF30           N3C2+      0.0031838293933893614 # mass is shifted in the grid
13      LO    NNPDF30           N4C2+      0.016217079152613348 # mass is shifted in the grid
13      LO    NNPDF30           N1C2-      0.00011452233460603458 # mass is shifted in the grid
13      LO    NNPDF30           N2C2-      9.885530147885814e-06 # mass is shifted in the grid
13      LO    NNPDF30           N3C2-      0.0011004655881671033 # mass is shifted in the grid
13      LO    NNPDF30           N4C2-      0.005450300204429143 # mass is shifted in the grid

SLHA file: /Users/rafalmaselek/Projects/CheckMateCalculations/UML/SLHA_FIX/cmssm_928_1085_5_-1085_1.slha
Input file: /Users/rafalmaselek/ScienceSoft/EWKfast_LO/input_default.dat
Sort: OFF 
Cut: -1 
Unit: fb 
ScaleVariation: OFF 

mC2 = 1512.64366 is out of range. |mC2| = 1500 was used.
mN3 = -1506.10275 is out of range. |mN3| = 1500 was used.
mN4 = 1512.66319 is out of range. |mN4| = 1500 was used.

-----------------------------------------------------------------------------------------------
!!! THERE IS MASS SHIFTING IN EWKfast --------------------------------------------------------
Energy  Precision  PDF  Process
13      LO    NNPDF30           C1C1       0.6637927105782601 
13      LO    NNPDF30           C1+C2-     0.0002279215155783477 # mass is shifted in the grid
13      LO    NNPDF30           C1-C2+     0.00022777034177529884 # mass is shifted in the grid
13      LO    NNPDF30           C2C2       0.0131267557430478 # mass is shifted in the grid
13      LO    NNPDF30           N1N1       0.02662220448641713 
13      LO    NNPDF30           N1N2       0.0029794858151903324 
13      LO    NNPDF30           N1N3       6.1032252260273374e-05 # mass is shifted in the grid
13      LO    NNPDF30           N1N4       3.0390369498908757e-05 # mass is shifted in the grid
13      LO    NNPDF30           N2N2       0.016240033853143293 
13      LO    NNPDF30           N2N3       0.00012157149362509592 # mass is shifted in the grid
13      LO    NNPDF30           N2N4       7.518074097415487e-05 # mass is shifted in the grid
13      LO    NNPDF30           N3N3       1.268959127372943e-09 # mass is shifted in the grid
13      LO    NNPDF30           N3N4       0.002263670427628606 # mass is shifted in the grid
13      LO    NNPDF30           N4N4       8.4755879419958e-08 # mass is shifted in the grid
13      LO    NNPDF30           N1C1+      0.005452151101923745 
13      LO    NNPDF30           N2C1+      0.9957507142848967 
13      LO    NNPDF30           N3C1+      0.00020062719069557258 # mass is shifted in the grid
13      LO    NNPDF30           N4C1+      3.9232851367705874e-05 # mass is shifted in the grid
13      LO    NNPDF30           N1C1-      0.001917801372989879 
13      LO    NNPDF30           N2C1-      0.3489579638810054 
13      LO    NNPDF30           N3C1-      6.630937227176897e-05 # mass is shifted in the grid
13      LO    NNPDF30           N4C1-      1.2953082328741986e-05 # mass is shifted in the grid
13      LO    NNPDF30           N1C2+      0.0003411135060871364 # mass is shifted in the grid
13      LO    NNPDF30           N2C2+      2.964661719549379e-05 # mass is shifted in the grid
13      LO    NNPDF30           N3C2+      0.0031838293933893614 # mass is shifted in the grid
13      LO    NNPDF30           N4C2+      0.016217079152613348 # mass is shifted in the grid
13      LO    NNPDF30           N1C2-      0.00011452233460603458 # mass is shifted in the grid
13      LO    NNPDF30           N2C2-      9.885530147885814e-06 # mass is shifted in the grid
13      LO    NNPDF30           N3C2-      0.0011004655881671033 # mass is shifted in the grid
13      LO    NNPDF30           N4C2-      0.005450300204429143 # mass is shifted in the grid

SLHA file: /Users/rafalmaselek/Projects/CheckMateCalculations/UML/SLHA_FIX/cmssm_928_1085_5_-1085_1.slha
Input file: /Users/rafalmaselek/ScienceSoft/EWKfast_LO/input_default.dat
Sort: OFF 
Cut: -1 
Unit: fb 
ScaleVariation: OFF 

mC2 = 1512.64366 is out of range. |mC2| = 1500 was used.
mN3 = -1506.10275 is out of range. |mN3| = 1500 was used.
mN4 = 1512.66319 is out of range. |mN4| = 1500 was used.

-----------------------------------------------------------------------------------------------
!!! THERE IS MASS SHIFTING IN EWKfast --------------------------------------------------------
Energy  Precision  PDF  Process
13      LO    NNPDF30           C1C1       0.6637927105782601 
13      LO    NNPDF30           C1+C2-     0.0002279215155783477 # mass is shifted in the grid
13      LO    NNPDF30           C1-C2+     0.00022777034177529884 # mass is shifted in the grid
13      LO    NNPDF30           C2C2       0.0131267557430478 # mass is shifted in the grid
13      LO    NNPDF30           N1N1       0.02662220448641713 
13      LO    NNPDF30           N1N2       0.0029794858151903324 
13      LO    NNPDF30           N1N3       6.1032252260273374e-05 # mass is shifted in the grid
13      LO    NNPDF30           N1N4       3.0390369498908757e-05 # mass is shifted in the grid
13      LO    NNPDF30           N2N2       0.016240033853143293 
13      LO    NNPDF30           N2N3       0.00012157149362509592 # mass is shifted in the grid
13      LO    NNPDF30           N2N4       7.518074097415487e-05 # mass is shifted in the grid
13      LO    NNPDF30           N3N3       1.268959127372943e-09 # mass is shifted in the grid
13      LO    NNPDF30           N3N4       0.002263670427628606 # mass is shifted in the grid
13      LO    NNPDF30           N4N4       8.4755879419958e-08 # mass is shifted in the grid
13      LO    NNPDF30           N1C1+      0.005452151101923745 
13      LO    NNPDF30           N2C1+      0.9957507142848967 
13      LO    NNPDF30           N3C1+      0.00020062719069557258 # mass is shifted in the grid
13      LO    NNPDF30           N4C1+      3.9232851367705874e-05 # mass is shifted in the grid
13      LO    NNPDF30           N1C1-      0.001917801372989879 
13      LO    NNPDF30           N2C1-      0.3489579638810054 
13      LO    NNPDF30           N3C1-      6.630937227176897e-05 # mass is shifted in the grid
13      LO    NNPDF30           N4C1-      1.2953082328741986e-05 # mass is shifted in the grid
13      LO    NNPDF30           N1C2+      0.0003411135060871364 # mass is shifted in the grid
13      LO    NNPDF30           N2C2+      2.964661719549379e-05 # mass is shifted in the grid
13      LO    NNPDF30           N3C2+      0.0031838293933893614 # mass is shifted in the grid
13      LO    NNPDF30           N4C2+      0.016217079152613348 # mass is shifted in the grid
13      LO    NNPDF30           N1C2-      0.00011452233460603458 # mass is shifted in the grid
13      LO    NNPDF30           N2C2-      9.885530147885814e-06 # mass is shifted in the grid
13      LO    NNPDF30           N3C2-      0.0011004655881671033 # mass is shifted in the grid
13      LO    NNPDF30           N4C2-      0.005450300204429143 # mass is shifted in the grid

SLHA file: /Users/rafalmaselek/Projects/CheckMateCalculations/UML/SLHA_FIX/cmssm_928_1085_5_-1085_1.slha
Input file: /Users/rafalmaselek/ScienceSoft/EWKfast_LO/input_default.dat
Sort: OFF 
Cut: -1 
Unit: fb 
ScaleVariation: OFF 

mC2 = 1512.64366 is out of range. |mC2| = 1500 was used.
mN3 = -1506.10275 is out of range. |mN3| = 1500 was used.
mN4 = 1512.66319 is out of range. |mN4| = 1500 was used.

-----------------------------------------------------------------------------------------------
!!! THERE IS MASS SHIFTING IN EWKfast --------------------------------------------------------
Energy  Precision  PDF  Process
13      LO    NNPDF30           C1C1       0.6637927105782601 
13      LO    NNPDF30           C1+C2-     0.0002279215155783477 # mass is shifted in the grid
13      LO    NNPDF30           C1-C2+     0.00022777034177529884 # mass is shifted in the grid
13      LO    NNPDF30           C2C2       0.0131267557430478 # mass is shifted in the grid
13      LO    NNPDF30           N1N1       0.02662220448641713 
13      LO    NNPDF30           N1N2       0.0029794858151903324 
13      LO    NNPDF30           N1N3       6.1032252260273374e-05 # mass is shifted in the grid
13      LO    NNPDF30           N1N4       3.0390369498908757e-05 # mass is shifted in the grid
13      LO    NNPDF30           N2N2       0.016240033853143293 
13      LO    NNPDF30           N2N3       0.00012157149362509592 # mass is shifted in the grid
13      LO    NNPDF30           N2N4       7.518074097415487e-05 # mass is shifted in the grid
13      LO    NNPDF30           N3N3       1.268959127372943e-09 # mass is shifted in the grid
13      LO    NNPDF30           N3N4       0.002263670427628606 # mass is shifted in the grid
13      LO    NNPDF30           N4N4       8.4755879419958e-08 # mass is shifted in the grid
13      LO    NNPDF30           N1C1+      0.005452151101923745 
13      LO    NNPDF30           N2C1+      0.9957507142848967 
13      LO    NNPDF30           N3C1+      0.00020062719069557258 # mass is shifted in the grid
13      LO    NNPDF30           N4C1+      3.9232851367705874e-05 # mass is shifted in the grid
13      LO    NNPDF30           N1C1-      0.001917801372989879 
13      LO    NNPDF30           N2C1-      0.3489579638810054 
13      LO    NNPDF30           N3C1-      6.630937227176897e-05 # mass is shifted in the grid
13      LO    NNPDF30           N4C1-      1.2953082328741986e-05 # mass is shifted in the grid
13      LO    NNPDF30           N1C2+      0.0003411135060871364 # mass is shifted in the grid
13      LO    NNPDF30           N2C2+      2.964661719549379e-05 # mass is shifted in the grid
13      LO    NNPDF30           N3C2+      0.0031838293933893614 # mass is shifted in the grid
13      LO    NNPDF30           N4C2+      0.016217079152613348 # mass is shifted in the grid
13      LO    NNPDF30           N1C2-      0.00011452233460603458 # mass is shifted in the grid
13      LO    NNPDF30           N2C2-      9.885530147885814e-06 # mass is shifted in the grid
13      LO    NNPDF30           N3C2-      0.0011004655881671033 # mass is shifted in the grid
13      LO    NNPDF30           N4C2-      0.005450300204429143 # mass is shifted in the grid

SLHA file: /Users/rafalmaselek/Projects/CheckMateCalculations/UML/SLHA_FIX/cmssm_928_1085_5_-1085_1.slha
Input file: /Users/rafalmaselek/ScienceSoft/EWKfast_LO/input_default.dat
Sort: OFF 
Cut: -1 
Unit: fb 
ScaleVariation: OFF 

mC2 = 1512.64366 is out of range. |mC2| = 1500 was used.
mN3 = -1506.10275 is out of range. |mN3| = 1500 was used.
mN4 = 1512.66319 is out of range. |mN4| = 1500 was used.

-----------------------------------------------------------------------------------------------
!!! THERE IS MASS SHIFTING IN EWKfast --------------------------------------------------------
Energy  Precision  PDF  Process
13      LO    NNPDF30           C1C1       0.6637927105782601 
13      LO    NNPDF30           C1+C2-     0.0002279215155783477 # mass is shifted in the grid
13      LO    NNPDF30           C1-C2+     0.00022777034177529884 # mass is shifted in the grid
13      LO    NNPDF30           C2C2       0.0131267557430478 # mass is shifted in the grid
13      LO    NNPDF30           N1N1       0.02662220448641713 
13      LO    NNPDF30           N1N2       0.0029794858151903324 
13      LO    NNPDF30           N1N3       6.1032252260273374e-05 # mass is shifted in the grid
13      LO    NNPDF30           N1N4       3.0390369498908757e-05 # mass is shifted in the grid
13      LO    NNPDF30           N2N2       0.016240033853143293 
13      LO    NNPDF30           N2N3       0.00012157149362509592 # mass is shifted in the grid
13      LO    NNPDF30           N2N4       7.518074097415487e-05 # mass is shifted in the grid
13      LO    NNPDF30           N3N3       1.268959127372943e-09 # mass is shifted in the grid
13      LO    NNPDF30           N3N4       0.002263670427628606 # mass is shifted in the grid
13      LO    NNPDF30           N4N4       8.4755879419958e-08 # mass is shifted in the grid
13      LO    NNPDF30           N1C1+      0.005452151101923745 
13      LO    NNPDF30           N2C1+      0.9957507142848967 
13      LO    NNPDF30           N3C1+      0.00020062719069557258 # mass is shifted in the grid
13      LO    NNPDF30           N4C1+      3.9232851367705874e-05 # mass is shifted in the grid
13      LO    NNPDF30           N1C1-      0.001917801372989879 
13      LO    NNPDF30           N2C1-      0.3489579638810054 
13      LO    NNPDF30           N3C1-      6.630937227176897e-05 # mass is shifted in the grid
13      LO    NNPDF30           N4C1-      1.2953082328741986e-05 # mass is shifted in the grid
13      LO    NNPDF30           N1C2+      0.0003411135060871364 # mass is shifted in the grid
13      LO    NNPDF30           N2C2+      2.964661719549379e-05 # mass is shifted in the grid
13      LO    NNPDF30           N3C2+      0.0031838293933893614 # mass is shifted in the grid
13      LO    NNPDF30           N4C2+      0.016217079152613348 # mass is shifted in the grid
13      LO    NNPDF30           N1C2-      0.00011452233460603458 # mass is shifted in the grid
13      LO    NNPDF30           N2C2-      9.885530147885814e-06 # mass is shifted in the grid
13      LO    NNPDF30           N3C2-      0.0011004655881671033 # mass is shifted in the grid
13      LO    NNPDF30           N4C2-      0.005450300204429143 # mass is shifted in the grid

SLHA file: /Users/rafalmaselek/Projects/CheckMateCalculations/UML/SLHA_FIX/cmssm_928_1085_5_-1085_1.slha
Input file: /Users/rafalmaselek/ScienceSoft/EWKfast_LO/input_default.dat
Sort: OFF 
Cut: -1 
Unit: fb 
ScaleVariation: OFF 

mC2 = 1512.64366 is out of range. |mC2| = 1500 was used.
mN3 = -1506.10275 is out of range. |mN3| = 1500 was used.
mN4 = 1512.66319 is out of range. |mN4| = 1500 was used.

-----------------------------------------------------------------------------------------------
---------------  Output inclusive processes  ---------------
The total xsec = 4722.28 [fb]
The total rate = 100.00%
Output upto 0.10%
                Modes : xsec/fb      (rate)
          C1wN1_N2hN1 : 1311.2438105 (27.77)%
          C1wN1_C1wN1 : 663.7927106 (14.06)%
      QqC1wN1_QqC1wN1 : 658.7815962 (13.95)%
      QqC1wN1_QqN2hN1 : 642.6995468 (13.61)%
      QqN2hN1_QqN2hN1 : 156.7525223 (3.32)%
   GtT1bC1wN1_QqC1wN1 : 118.5293841 (2.51)%
       GqQqN1_QqC1wN1 : 91.4827549 (1.94)%
      GtT1tN1_QqC1wN1 : 66.5323409 (1.41)%
   GtT1bC1wN1_QqN2hN1 : 57.8179338 (1.22)%
   GtT1tN2hN1_QqC1wN1 : 54.1383784 (1.15)%
       GqQqN1_QqN2hN1 : 44.6247477 (0.94)%
          C1wN1_N2zN1 : 33.4648677 (0.71)%
      GtT1tN1_QqN2hN1 : 32.4540831 (0.69)%
         QqC1wN1_QqN1 : 31.0911919 (0.66)%
                N1_N1 : 26.6222045 (0.56)%
   GtT1tN2hN1_QqN2hN1 : 26.4083814 (0.56)%
       T1bC1wN1_T1tN1 : 20.7719729 (0.44)%
   GbB1tC1wN1_QqC1wN1 : 20.6913438 (0.44)%
    T1bC1wN1_T1bC1wN1 : 18.5029500 (0.39)%
GtT2hT1bC1wN1_QqC1wN1 : 18.0025261 (0.38)%
    T1bC1wN1_T1tN2hN1 : 16.9024705 (0.36)%
      QqC1wN1_QqN2zN1 : 16.4026363 (0.35)%
          N2hN1_N2hN1 : 15.4417820 (0.33)%
         QqN1_QqN2hN1 : 15.1660998 (0.32)%
      GbB2bN1_QqC1wN1 : 13.7641891 (0.29)%
GtT1bC2hC1wN1_QqC1wN1 : 13.4002541 (0.28)%
GtT1bC2zC1wN1_QqC1wN1 : 12.3478535 (0.26)%
GtT1bC2wN2hN1_QqC1wN1 : 11.8963878 (0.25)%
GbB1tC2hC1wN1_QqC1wN1 : 11.4060351 (0.24)%
GbB1tC2zC1wN1_QqC1wN1 : 10.5102522 (0.22)%
   GbB1bN2hN1_QqC1wN1 : 10.2830296 (0.22)%
GbB1tC2wN2hN1_QqC1wN1 : 10.1259734 (0.21)%
   GtT2hT1tN1_QqC1wN1 : 10.1050909 (0.21)%
   GbB1tC1wN1_QqN2hN1 : 10.0931153 (0.21)%
       T1tN1_T1tN2hN1 : 9.4876130 (0.20)%
GtT2tN4wC1wN1_QqC1wN1 : 8.8054398 (0.19)%
GtT2hT1bC1wN1_QqN2hN1 : 8.7815259 (0.19)%
GtT2hT1tN2hN1_QqC1wN1 : 8.2226663 (0.17)%
      QqN2hN1_QqN2zN1 : 8.0011091 (0.17)%
GbB1wT1bC1wN1_QqC1wN1 : 7.3854059 (0.16)%
             C1wN1_N1 : 7.3699525 (0.16)%
      GbB2bN1_QqN2hN1 : 6.7140902 (0.14)%
GtT1bC2hC1wN1_QqN2hN1 : 6.5365649 (0.14)%
GtT1bC2zC1wN1_QqN2hN1 : 6.0232100 (0.13)%
          T1tN1_T1tN1 : 5.8298117 (0.12)%
GtT1bC2wN2hN1_QqN2hN1 : 5.8029877 (0.12)%
GtT2tN3wC1wN1_QqC1wN1 : 5.5932726 (0.12)%
GbB1tC2hC1wN1_QqN2hN1 : 5.5637966 (0.12)%
   GtT2bC1wN1_QqC1wN1 : 5.5188296 (0.12)%
GbB1tC2zC1wN1_QqN2hN1 : 5.1268390 (0.11)%
   GbB1bN2hN1_QqN2hN1 : 5.0160011 (0.11)%
GbB1tC2wN2hN1_QqN2hN1 : 4.9393900 (0.10)%
   GtT2hT1tN1_QqN2hN1 : 4.9292037 (0.10)%
GtT2tN4hN2hN1_QqC1wN1 : 4.5856082 (0.10)%
------------------------------------------------------------
                                    SUM=93.23%

SHOWING PROCESSES TO GET 90.00% SUSY COVERAGE
---------------  Output inclusive processes  ---------------
The total xsec = 4722.28 [fb]
The total rate = 100.00%
                Modes : xsec/fb      (rate)
          C1wN1_N2hN1 : 1311.2438105 (27.77)%
          C1wN1_C1wN1 : 663.7927106 (14.06)%
      QqC1wN1_QqC1wN1 : 658.7815962 (13.95)%
      QqC1wN1_QqN2hN1 : 642.6995468 (13.61)%
      QqN2hN1_QqN2hN1 : 156.7525223 (3.32)%
   GtT1bC1wN1_QqC1wN1 : 118.5293841 (2.51)%
       GqQqN1_QqC1wN1 : 91.4827549 (1.94)%
      GtT1tN1_QqC1wN1 : 66.5323409 (1.41)%
   GtT1bC1wN1_QqN2hN1 : 57.8179338 (1.22)%
   GtT1tN2hN1_QqC1wN1 : 54.1383784 (1.15)%
       GqQqN1_QqN2hN1 : 44.6247477 (0.94)%
          C1wN1_N2zN1 : 33.4648677 (0.71)%
      GtT1tN1_QqN2hN1 : 32.4540831 (0.69)%
         QqC1wN1_QqN1 : 31.0911919 (0.66)%
                N1_N1 : 26.6222045 (0.56)%
   GtT1tN2hN1_QqN2hN1 : 26.4083814 (0.56)%
       T1bC1wN1_T1tN1 : 20.7719729 (0.44)%
   GbB1tC1wN1_QqC1wN1 : 20.6913438 (0.44)%
    T1bC1wN1_T1bC1wN1 : 18.5029500 (0.39)%
GtT2hT1bC1wN1_QqC1wN1 : 18.0025261 (0.38)%
    T1bC1wN1_T1tN2hN1 : 16.9024705 (0.36)%
      QqC1wN1_QqN2zN1 : 16.4026363 (0.35)%
          N2hN1_N2hN1 : 15.4417820 (0.33)%
         QqN1_QqN2hN1 : 15.1660998 (0.32)%
      GbB2bN1_QqC1wN1 : 13.7641891 (0.29)%
GtT1bC2hC1wN1_QqC1wN1 : 13.4002541 (0.28)%
GtT1bC2zC1wN1_QqC1wN1 : 12.3478535 (0.26)%
GtT1bC2wN2hN1_QqC1wN1 : 11.8963878 (0.25)%
GbB1tC2hC1wN1_QqC1wN1 : 11.4060351 (0.24)%
GbB1tC2zC1wN1_QqC1wN1 : 10.5102522 (0.22)%
   GbB1bN2hN1_QqC1wN1 : 10.2830296 (0.22)%
GbB1tC2wN2hN1_QqC1wN1 : 10.1259734 (0.21)%
------------------------------------------------------------
                                    SUM=90.04%
