/Users/rafalmaselek/Projects/fastlim-1.0
 
#################################################################
#                                                               #
#                                                               #
#                     This is Fastlim  ver. 1.0                 #
#                                                               #
#          A fast LHC limit calculator for BSM models.          #
#                                                               #
#                  http://cern.ch/fastlim-1.0/                  #
#                                                               #
#  for bugs/feature requests: fastlim-1.0.developers@gmail.com  #
#                                                               #
#    please refer to:                                           #
#    M.Papucci, K.Sakurai, A.Weiler, L.Zeune arXiv:1402.xxxx    #
#                                                               #
#################################################################
 

!! Masses incompatible with the data for ERER !!

!! Problem with reading tables for ER ER !! Probably mass outside the table !! Setting xsec to 10^-20 !!

!! Masses incompatible with the data for ELEL !!

!! Problem with reading tables for EL EL !! Probably mass outside the table !! Setting xsec to 10^-20 !!

!! Masses incompatible with the data for TAU1TAU1 !!

!! Problem with reading tables for TAU1 TAU1 !! Probably mass outside the table !! Setting xsec to 10^-20 !!

!! Masses incompatible with the data for TAU2TAU2 !!

!! Problem with reading tables for TAU2 TAU2 !! Probably mass outside the table !! Setting xsec to 10^-20 !!
!! EWK PROCESS C1C2 NOT FOUND !! WILL TRY TO LOOK FOR +/- MODES !!
XSEC FOUND FOR: C1-C2+
XSEC FOUND FOR: C1+C2-
!! EWK PROCESS C1N1 NOT FOUND !! WILL TRY TO LOOK FOR +/- MODES !!
XSEC FOUND FOR: C1+N1
XSEC FOUND FOR: C1-N1
!! EWK PROCESS C1N2 NOT FOUND !! WILL TRY TO LOOK FOR +/- MODES !!
XSEC FOUND FOR: C1+N2
XSEC FOUND FOR: C1-N2
!! EWK PROCESS C1N3 NOT FOUND !! WILL TRY TO LOOK FOR +/- MODES !!
XSEC FOUND FOR: C1+N3
XSEC FOUND FOR: C1-N3
!! EWK PROCESS C1N4 NOT FOUND !! WILL TRY TO LOOK FOR +/- MODES !!
XSEC FOUND FOR: C1+N4
XSEC FOUND FOR: C1-N4
!! EWK PROCESS C2N1 NOT FOUND !! WILL TRY TO LOOK FOR +/- MODES !!
XSEC FOUND FOR: C2+N1
XSEC FOUND FOR: C2-N1
!! EWK PROCESS C2N2 NOT FOUND !! WILL TRY TO LOOK FOR +/- MODES !!
XSEC FOUND FOR: C2+N2
XSEC FOUND FOR: C2-N2
!! EWK PROCESS C2N3 NOT FOUND !! WILL TRY TO LOOK FOR +/- MODES !!
XSEC FOUND FOR: C2+N3
XSEC FOUND FOR: C2-N3
!! EWK PROCESS C2N4 NOT FOUND !! WILL TRY TO LOOK FOR +/- MODES !!
XSEC FOUND FOR: C2+N4
XSEC FOUND FOR: C2-N4
---------------  Output inclusive processes  ---------------
The total xsec = 308845.60 [fb]
The total rate = 100.00%
Output upto 0.10%
                  Modes : xsec/fb      (rate)
            C1wN1_N2hN1 : 98300.2211448 (31.83)%
            C1wN1_C1wN1 : 59366.2308908 (19.22)%
            C1wN1_N2zN1 : 21926.3369221 (7.10)%
      GbtC1wN1_GqqC1wN1 : 2609.4832842 (0.84)%
   GbtC1wN1_GbtC2zC1wN1 : 1922.7144986 (0.62)%
      GbtC1wN1_GbtC1wN1 : 1855.4118435 (0.60)%
   GbtC1wN1_GbtC2wN2hN1 : 1792.7843756 (0.58)%
   GbtC1wN1_GbtC2hC1wN1 : 1734.4580919 (0.56)%
         GbtC1wN1_GttN1 : 1733.0096892 (0.56)%
   GbtC2zC1wN1_GqqC1wN1 : 1352.0694508 (0.44)%
      C2zC1wN1_N4wC1wN1 : 1305.3212439 (0.42)%
      GbbN2hN1_GbtC1wN1 : 1277.3469136 (0.41)%
   GbtC2wN2hN1_GqqC1wN1 : 1260.7014655 (0.41)%
   GbtC2hC1wN1_GqqC1wN1 : 1219.6859187 (0.39)%
         GqqC1wN1_GttN1 : 1218.6673894 (0.39)%
      C2wN2hN1_N4wC1wN1 : 1217.1123342 (0.39)%
   GbtC1wN1_GttN4wC1wN1 : 1217.1012759 (0.39)%
      C2hC1wN1_N4wC1wN1 : 1177.5149122 (0.38)%
      N3wC1wN1_N4wC1wN1 : 1174.4092979 (0.38)%
      GbtC1wN1_GbtC2wN1 : 1118.5046212 (0.36)%
      C2zC1wN1_N3wC1wN1 : 1093.9197340 (0.35)%
      GbtC1wN1_GqqN2hN1 : 1067.3471104 (0.35)%
      C2wN2hN1_N3wC1wN1 : 1019.9965771 (0.33)%
      C2hC1wN1_N3wC1wN1 : 986.8121013 (0.32)%
GbtC2wN2hN1_GbtC2zC1wN1 : 928.9076503 (0.30)%
      GqqC1wN1_GqqC1wN1 : 917.5055978 (0.30)%
GbtC2hC1wN1_GbtC2zC1wN1 : 898.6866533 (0.29)%
      GbbN2hN1_GqqC1wN1 : 898.2413880 (0.29)%
      GbtC2zC1wN1_GttN1 : 897.9361825 (0.29)%
   GqqC1wN1_GttN4wC1wN1 : 855.8761349 (0.28)%
         GbtC1wN1_GqqN1 : 843.3694691 (0.27)%
GbtC2hC1wN1_GbtC2wN2hN1 : 837.9566451 (0.27)%
      GbtC2wN2hN1_GttN1 : 837.2568884 (0.27)%
   GbtC1wN1_GttN3wC1wN1 : 819.8030617 (0.27)%
      GbtC2hC1wN1_GttN1 : 810.0176490 (0.26)%
         C1wN1_N3wC1wN1 : 807.1337225 (0.26)%
      GbtC2wN1_GqqC1wN1 : 786.5421153 (0.25)%
         C2wN1_N4wC1wN1 : 759.3471858 (0.25)%
      GqqC1wN1_GqqN2hN1 : 750.5677117 (0.24)%
   GbbN2hN1_GbtC2zC1wN1 : 661.8405070 (0.21)%
         C2wN1_N3wC1wN1 : 636.3681548 (0.21)%
      C2wN2hN1_C2zC1wN1 : 632.4352963 (0.20)%
GbtC2zC1wN1_GttN4wC1wN1 : 630.6250220 (0.20)%
   GbbN2hN1_GbtC2wN2hN1 : 617.1157086 (0.20)%
      C2hC1wN1_C2zC1wN1 : 611.8597039 (0.20)%
   GbbN2hN1_GbtC2hC1wN1 : 597.0385223 (0.19)%
         GbbN2hN1_GttN1 : 596.5399503 (0.19)%
         GqqC1wN1_GqqN1 : 593.0646987 (0.19)%
GbtC2wN2hN1_GttN4wC1wN1 : 588.0096536 (0.19)%
   GbtC2wN1_GbtC2zC1wN1 : 579.5384619 (0.19)%
   GqqC1wN1_GttN3wC1wN1 : 576.4925974 (0.19)%
      C2hC1wN1_C2wN2hN1 : 570.5124282 (0.18)%
GbtC2hC1wN1_GttN4wC1wN1 : 568.8794011 (0.18)%
      GttN1_GttN4wC1wN1 : 568.4043441 (0.18)%
   GbtC2zC1wN1_GqqN2hN1 : 553.0318704 (0.18)%
   GbtC2wN1_GbtC2wN2hN1 : 540.3753393 (0.17)%
   GbtC2hC1wN1_GbtC2wN1 : 522.7948172 (0.17)%
         GbtC2wN1_GttN1 : 522.3582443 (0.17)%
   GbtC2wN2hN1_GqqN2hN1 : 515.6599678 (0.17)%
   GbtC2hC1wN1_GqqN2hN1 : 498.8835333 (0.16)%
         GqqN2hN1_GttN1 : 498.4669281 (0.16)%
GbtC2zC1wN1_GbtC2zC1wN1 : 498.1146175 (0.16)%
   GbbN3wC1wN1_GbtC1wN1 : 489.0261290 (0.16)%
   GbbN4wC1wN1_GbtC1wN1 : 445.6604095 (0.14)%
      GbtC2zC1wN1_GqqN1 : 436.9808007 (0.14)%
      GbtC1wN1_GttN2hN1 : 436.1239662 (0.14)%
GbtC2wN2hN1_GbtC2wN2hN1 : 433.0677079 (0.14)%
         C1wN1_N4wC1wN1 : 426.7951648 (0.14)%
GbtC2zC1wN1_GttN3wC1wN1 : 424.7701766 (0.14)%
   GbbN2hN1_GttN4wC1wN1 : 418.9529575 (0.14)%
      C2zC1wN1_N4hN2hN1 : 410.4718673 (0.13)%
      GbtC2wN2hN1_GqqN1 : 407.4512115 (0.13)%
GbtC2hC1wN1_GbtC2hC1wN1 : 405.3473199 (0.13)%
            GttN1_GttN1 : 404.6706117 (0.13)%
   GbtC1wN1_GbtC2wN2zN1 : 399.8891741 (0.13)%
GbtC2wN2hN1_GttN3wC1wN1 : 396.0657374 (0.13)%
         C2wN1_C2zC1wN1 : 394.5716011 (0.13)%
      GbtC2hC1wN1_GqqN1 : 394.1952309 (0.13)%
            GqqN1_GttN1 : 393.8660483 (0.13)%
      GbbN2hN1_GbtC2wN1 : 385.0138261 (0.12)%
GbtC2hC1wN1_GttN3wC1wN1 : 383.1801708 (0.12)%
      GttN1_GttN3wC1wN1 : 382.8601866 (0.12)%
      C2wN2hN1_N4hN2hN1 : 382.7336564 (0.12)%
   GbtC1wN1_GttN4hN2hN1 : 382.7301790 (0.12)%
      N3zN2hN1_N4wC1wN1 : 381.6631876 (0.12)%
      C2hC1wN1_N4hN2hN1 : 370.2818345 (0.12)%
      N3wC1wN1_N4hN2hN1 : 369.3052417 (0.12)%
         C2wN1_C2wN2hN1 : 367.9078730 (0.12)%
      GbbN2hN1_GqqN2hN1 : 367.4042887 (0.12)%
   GbtC2wN1_GttN4wC1wN1 : 366.8547784 (0.12)%
         N3zN1_N4wC1wN1 : 366.3204384 (0.12)%
         C2hC1wN1_C2wN1 : 355.9383917 (0.12)%
      C2zC1wN1_N3zN2hN1 : 355.5054388 (0.12)%
               C1wN1_N1 : 351.9383889 (0.11)%
   GqqN2hN1_GttN4wC1wN1 : 350.0757890 (0.11)%
   GbbN3wC1wN1_GqqC1wN1 : 343.8873999 (0.11)%
         C2zC1wN1_N3zN1 : 341.2142234 (0.11)%
      C2zC1wN1_C2zC1wN1 : 339.1351827 (0.11)%
      C2wN2hN1_N3zN2hN1 : 331.4816612 (0.11)%
         N2hN1_N3wC1wN1 : 323.2489400 (0.10)%
      GbtC2wN1_GqqN2hN1 : 321.7163563 (0.10)%
         GbbN1_GbtC1wN1 : 320.7744679 (0.10)%
      C2hC1wN1_N3zN2hN1 : 320.6972670 (0.10)%
         C2wN2hN1_N3zN1 : 318.1561948 (0.10)%
   GbbN4wC1wN1_GqqC1wN1 : 313.3922512 (0.10)%
         C2hC1wN1_N3zN1 : 307.8053301 (0.10)%
------------------------------------------------------------
                                      SUM=81.40%

SHOWING PROCESSES TO GET 90.00% SUSY COVERAGE
---------------  Output inclusive processes  ---------------
The total xsec = 308845.60 [fb]
The total rate = 100.00%
                  Modes : xsec/fb      (rate)
            C1wN1_N2hN1 : 98300.2211448 (31.83)%
            C1wN1_C1wN1 : 59366.2308908 (19.22)%
            C1wN1_N2zN1 : 21926.3369221 (7.10)%
      GbtC1wN1_GqqC1wN1 : 2609.4832842 (0.84)%
   GbtC1wN1_GbtC2zC1wN1 : 1922.7144986 (0.62)%
      GbtC1wN1_GbtC1wN1 : 1855.4118435 (0.60)%
   GbtC1wN1_GbtC2wN2hN1 : 1792.7843756 (0.58)%
   GbtC1wN1_GbtC2hC1wN1 : 1734.4580919 (0.56)%
         GbtC1wN1_GttN1 : 1733.0096892 (0.56)%
   GbtC2zC1wN1_GqqC1wN1 : 1352.0694508 (0.44)%
      C2zC1wN1_N4wC1wN1 : 1305.3212439 (0.42)%
      GbbN2hN1_GbtC1wN1 : 1277.3469136 (0.41)%
   GbtC2wN2hN1_GqqC1wN1 : 1260.7014655 (0.41)%
   GbtC2hC1wN1_GqqC1wN1 : 1219.6859187 (0.39)%
         GqqC1wN1_GttN1 : 1218.6673894 (0.39)%
      C2wN2hN1_N4wC1wN1 : 1217.1123342 (0.39)%
   GbtC1wN1_GttN4wC1wN1 : 1217.1012759 (0.39)%
      C2hC1wN1_N4wC1wN1 : 1177.5149122 (0.38)%
      N3wC1wN1_N4wC1wN1 : 1174.4092979 (0.38)%
      GbtC1wN1_GbtC2wN1 : 1118.5046212 (0.36)%
      C2zC1wN1_N3wC1wN1 : 1093.9197340 (0.35)%
      GbtC1wN1_GqqN2hN1 : 1067.3471104 (0.35)%
      C2wN2hN1_N3wC1wN1 : 1019.9965771 (0.33)%
      C2hC1wN1_N3wC1wN1 : 986.8121013 (0.32)%
GbtC2wN2hN1_GbtC2zC1wN1 : 928.9076503 (0.30)%
      GqqC1wN1_GqqC1wN1 : 917.5055978 (0.30)%
GbtC2hC1wN1_GbtC2zC1wN1 : 898.6866533 (0.29)%
      GbbN2hN1_GqqC1wN1 : 898.2413880 (0.29)%
      GbtC2zC1wN1_GttN1 : 897.9361825 (0.29)%
   GqqC1wN1_GttN4wC1wN1 : 855.8761349 (0.28)%
         GbtC1wN1_GqqN1 : 843.3694691 (0.27)%
GbtC2hC1wN1_GbtC2wN2hN1 : 837.9566451 (0.27)%
      GbtC2wN2hN1_GttN1 : 837.2568884 (0.27)%
   GbtC1wN1_GttN3wC1wN1 : 819.8030617 (0.27)%
      GbtC2hC1wN1_GttN1 : 810.0176490 (0.26)%
         C1wN1_N3wC1wN1 : 807.1337225 (0.26)%
      GbtC2wN1_GqqC1wN1 : 786.5421153 (0.25)%
         C2wN1_N4wC1wN1 : 759.3471858 (0.25)%
      GqqC1wN1_GqqN2hN1 : 750.5677117 (0.24)%
   GbbN2hN1_GbtC2zC1wN1 : 661.8405070 (0.21)%
         C2wN1_N3wC1wN1 : 636.3681548 (0.21)%
      C2wN2hN1_C2zC1wN1 : 632.4352963 (0.20)%
GbtC2zC1wN1_GttN4wC1wN1 : 630.6250220 (0.20)%
   GbbN2hN1_GbtC2wN2hN1 : 617.1157086 (0.20)%
      C2hC1wN1_C2zC1wN1 : 611.8597039 (0.20)%
   GbbN2hN1_GbtC2hC1wN1 : 597.0385223 (0.19)%
         GbbN2hN1_GttN1 : 596.5399503 (0.19)%
         GqqC1wN1_GqqN1 : 593.0646987 (0.19)%
GbtC2wN2hN1_GttN4wC1wN1 : 588.0096536 (0.19)%
   GbtC2wN1_GbtC2zC1wN1 : 579.5384619 (0.19)%
   GqqC1wN1_GttN3wC1wN1 : 576.4925974 (0.19)%
      C2hC1wN1_C2wN2hN1 : 570.5124282 (0.18)%
GbtC2hC1wN1_GttN4wC1wN1 : 568.8794011 (0.18)%
      GttN1_GttN4wC1wN1 : 568.4043441 (0.18)%
   GbtC2zC1wN1_GqqN2hN1 : 553.0318704 (0.18)%
   GbtC2wN1_GbtC2wN2hN1 : 540.3753393 (0.17)%
   GbtC2hC1wN1_GbtC2wN1 : 522.7948172 (0.17)%
         GbtC2wN1_GttN1 : 522.3582443 (0.17)%
   GbtC2wN2hN1_GqqN2hN1 : 515.6599678 (0.17)%
   GbtC2hC1wN1_GqqN2hN1 : 498.8835333 (0.16)%
         GqqN2hN1_GttN1 : 498.4669281 (0.16)%
GbtC2zC1wN1_GbtC2zC1wN1 : 498.1146175 (0.16)%
   GbbN3wC1wN1_GbtC1wN1 : 489.0261290 (0.16)%
   GbbN4wC1wN1_GbtC1wN1 : 445.6604095 (0.14)%
      GbtC2zC1wN1_GqqN1 : 436.9808007 (0.14)%
      GbtC1wN1_GttN2hN1 : 436.1239662 (0.14)%
GbtC2wN2hN1_GbtC2wN2hN1 : 433.0677079 (0.14)%
         C1wN1_N4wC1wN1 : 426.7951648 (0.14)%
GbtC2zC1wN1_GttN3wC1wN1 : 424.7701766 (0.14)%
   GbbN2hN1_GttN4wC1wN1 : 418.9529575 (0.14)%
      C2zC1wN1_N4hN2hN1 : 410.4718673 (0.13)%
      GbtC2wN2hN1_GqqN1 : 407.4512115 (0.13)%
GbtC2hC1wN1_GbtC2hC1wN1 : 405.3473199 (0.13)%
            GttN1_GttN1 : 404.6706117 (0.13)%
   GbtC1wN1_GbtC2wN2zN1 : 399.8891741 (0.13)%
GbtC2wN2hN1_GttN3wC1wN1 : 396.0657374 (0.13)%
         C2wN1_C2zC1wN1 : 394.5716011 (0.13)%
      GbtC2hC1wN1_GqqN1 : 394.1952309 (0.13)%
            GqqN1_GttN1 : 393.8660483 (0.13)%
      GbbN2hN1_GbtC2wN1 : 385.0138261 (0.12)%
GbtC2hC1wN1_GttN3wC1wN1 : 383.1801708 (0.12)%
      GttN1_GttN3wC1wN1 : 382.8601866 (0.12)%
      C2wN2hN1_N4hN2hN1 : 382.7336564 (0.12)%
   GbtC1wN1_GttN4hN2hN1 : 382.7301790 (0.12)%
      N3zN2hN1_N4wC1wN1 : 381.6631876 (0.12)%
      C2hC1wN1_N4hN2hN1 : 370.2818345 (0.12)%
      N3wC1wN1_N4hN2hN1 : 369.3052417 (0.12)%
         C2wN1_C2wN2hN1 : 367.9078730 (0.12)%
      GbbN2hN1_GqqN2hN1 : 367.4042887 (0.12)%
   GbtC2wN1_GttN4wC1wN1 : 366.8547784 (0.12)%
         N3zN1_N4wC1wN1 : 366.3204384 (0.12)%
         C2hC1wN1_C2wN1 : 355.9383917 (0.12)%
      C2zC1wN1_N3zN2hN1 : 355.5054388 (0.12)%
               C1wN1_N1 : 351.9383889 (0.11)%
   GqqN2hN1_GttN4wC1wN1 : 350.0757890 (0.11)%
   GbbN3wC1wN1_GqqC1wN1 : 343.8873999 (0.11)%
         C2zC1wN1_N3zN1 : 341.2142234 (0.11)%
      C2zC1wN1_C2zC1wN1 : 339.1351827 (0.11)%
      C2wN2hN1_N3zN2hN1 : 331.4816612 (0.11)%
         N2hN1_N3wC1wN1 : 323.2489400 (0.10)%
      GbtC2wN1_GqqN2hN1 : 321.7163563 (0.10)%
         GbbN1_GbtC1wN1 : 320.7744679 (0.10)%
      C2hC1wN1_N3zN2hN1 : 320.6972670 (0.10)%
         C2wN2hN1_N3zN1 : 318.1561948 (0.10)%
   GbbN4wC1wN1_GqqC1wN1 : 313.3922512 (0.10)%
         C2hC1wN1_N3zN1 : 307.8053301 (0.10)%
      GqqC1wN1_GttN2hN1 : 306.6861419 (0.10)%
      C2wN2hN1_C2wN2hN1 : 294.8487981 (0.10)%
         GbbN2hN1_GqqN1 : 290.3062714 (0.09)%
      GbbN2zN1_GbtC1wN1 : 284.9183702 (0.09)%
         C2zC1wN1_N4hN1 : 284.2850474 (0.09)%
   GbbN2hN1_GttN3wC1wN1 : 282.1941970 (0.09)%
   GbtC2wN2zN1_GqqC1wN1 : 281.2055229 (0.09)%
      GqqN1_GttN4wC1wN1 : 276.6140737 (0.09)%
      C2hC1wN1_C2hC1wN1 : 275.9757144 (0.09)%
      C2wN2zN1_N4wC1wN1 : 271.4827576 (0.09)%
   GqqC1wN1_GttN4hN2hN1 : 269.1391693 (0.09)%
GttN3wC1wN1_GttN4wC1wN1 : 268.8846026 (0.09)%
   GbtC1wN1_GttN3zN2hN1 : 266.4221497 (0.09)%
         C2wN2hN1_N4hN1 : 265.0740874 (0.09)%
      GbtC1wN1_GttN4hN1 : 265.0716791 (0.09)%
         C1wN1_N3zN2hN1 : 262.3048284 (0.08)%
         C2hC1wN1_N4hN1 : 256.4501912 (0.08)%
         N3wC1wN1_N4hN1 : 255.7738215 (0.08)%
      GbtC1wN1_GttN3zN1 : 255.7120567 (0.08)%
         GbtC2wN1_GqqN1 : 254.2057312 (0.08)%
GbbN3wC1wN1_GbtC2zC1wN1 : 253.3824583 (0.08)%
            C1wN1_N3zN1 : 251.7602505 (0.08)%
   GbtC2wN1_GttN3wC1wN1 : 247.1024199 (0.08)%
         GqqN1_GqqN2hN1 : 242.5790180 (0.08)%
    GbtC1wN1_QqGbtC1wN1 : 239.7443789 (0.08)%
         C2wN1_N4hN2hN1 : 238.7846354 (0.08)%
      GbtC1wN1_GqqN2zN1 : 238.0769044 (0.08)%
GbbN3wC1wN1_GbtC2wN2hN1 : 236.2597841 (0.08)%
   GqqN2hN1_GttN3wC1wN1 : 235.8005938 (0.08)%
GbbN4wC1wN1_GbtC2zC1wN1 : 230.9130810 (0.07)%
GbbN3wC1wN1_GbtC2hC1wN1 : 228.5733298 (0.07)%
      GbbN3wC1wN1_GttN1 : 228.3824539 (0.07)%
      C2wN2zN1_N3wC1wN1 : 227.5151403 (0.07)%
   GbtC2zC1wN1_GttN2hN1 : 225.9718984 (0.07)%
         GbbN1_GqqC1wN1 : 225.5713778 (0.07)%
      GbbN2hN1_GbbN2hN1 : 219.8454138 (0.07)%
GbbN4wC1wN1_GbtC2wN2hN1 : 215.3088064 (0.07)%
         C1wN1_C2zC1wN1 : 211.0813532 (0.07)%
   GbtC2wN2hN1_GttN2hN1 : 210.7015311 (0.07)%
GbbN4wC1wN1_GbtC2hC1wN1 : 208.3039693 (0.07)%
      GbbN4wC1wN1_GttN1 : 208.1300199 (0.07)%
GbtC2wN2zN1_GbtC2zC1wN1 : 207.1973173 (0.07)%
         C2wN1_N3zN2hN1 : 206.8089029 (0.07)%
   GbtC2hC1wN1_GttN2hN1 : 203.8465867 (0.07)%
         GttN1_GttN2hN1 : 203.6763595 (0.07)%
      GbbN2zN1_GqqC1wN1 : 200.3570600 (0.06)%
GttN4wC1wN1_GttN4wC1wN1 : 199.5965910 (0.06)%
            C2wN1_N3zN1 : 198.4952451 (0.06)%
GbtC2zC1wN1_GttN4hN2hN1 : 198.3066096 (0.06)%
         C1wN1_C2wN2hN1 : 196.8172354 (0.06)%
GbtC2wN2hN1_GbtC2wN2zN1 : 193.1956686 (0.06)%
         C1wN1_C2hC1wN1 : 190.4140014 (0.06)%
   GqqC1wN1_GttN3zN2hN1 : 187.3503580 (0.06)%
GbtC2hC1wN1_GbtC2wN2zN1 : 186.9102583 (0.06)%
      GbtC2wN2zN1_GttN1 : 186.7541742 (0.06)%
      GqqC1wN1_GttN4hN1 : 186.4006954 (0.06)%
      GqqN1_GttN3wC1wN1 : 186.3189769 (0.06)%
GbtC2wN2hN1_GttN4hN2hN1 : 184.9057630 (0.06)%
      GqqC1wN1_GttN3zN1 : 179.8189280 (0.06)%
GbtC2hC1wN1_GttN4hN2hN1 : 178.8900557 (0.06)%
      GttN1_GttN4hN2hN1 : 178.7406691 (0.06)%
    GbtC1wN1_QqGqqC1wN1 : 168.5903190 (0.05)%
    GqqC1wN1_QqGbtC1wN1 : 168.5903190 (0.05)%
      GbtC2wN1_GbtC2wN1 : 168.5680449 (0.05)%
   GbbN2hN1_GbbN3wC1wN1 : 168.3335209 (0.05)%
      GqqC1wN1_GqqN2zN1 : 167.4177366 (0.05)%
      GbbN1_GbtC2zC1wN1 : 166.2050726 (0.05)%
            C2wN1_N4hN1 : 165.3777196 (0.05)%
GbbN3wC1wN1_GttN4wC1wN1 : 160.3941269 (0.05)%
         C2zC1wN1_N2hN1 : 160.1225120 (0.05)%
   GbbN3zN2hN1_GbtC1wN1 : 158.9252329 (0.05)%
      GbbN1_GbtC2wN2hN1 : 154.9735322 (0.05)%
      GqqN2hN1_GqqN2hN1 : 153.5009408 (0.05)%
   GbbN2hN1_GbbN4wC1wN1 : 153.4060889 (0.05)%
      GbbN3zN1_GbtC1wN1 : 152.5364847 (0.05)%
      GbbN2hN1_GttN2hN1 : 150.1234360 (0.05)%
      GbbN1_GbtC2hC1wN1 : 149.9316374 (0.05)%
            GbbN1_GttN1 : 149.8064332 (0.05)%
         C2wN2hN1_N2hN1 : 149.3020092 (0.05)%
   GbbN2zN1_GbtC2zC1wN1 : 147.6267070 (0.05)%
   GbbN3wC1wN1_GbtC2wN1 : 147.4006936 (0.05)%
GbbN4wC1wN1_GttN4wC1wN1 : 146.1707423 (0.05)%
         C2hC1wN1_N2hN1 : 144.4446312 (0.05)%
   GttN2hN1_GttN4wC1wN1 : 143.0429146 (0.05)%
    GbtC1wN1_GgN4wC1wN1 : 142.1511884 (0.05)%
      C2wN2zN1_C2zC1wN1 : 141.0677334 (0.05)%
   GbbN3wC1wN1_GqqN2hN1 : 140.6589668 (0.05)%
   GbbN4hN2hN1_GbtC1wN1 : 140.1425598 (0.05)%
GbtC2zC1wN1_GttN3zN2hN1 : 138.0431336 (0.04)%
   GbbN2hN1_GbtC2wN2zN1 : 137.6506257 (0.04)%
   GbbN2zN1_GbtC2wN2hN1 : 137.6506257 (0.04)%
   GbtC2zC1wN1_GttN4hN1 : 137.3434050 (0.04)%
   GbbN4wC1wN1_GbtC2wN1 : 134.3295369 (0.04)%
         C1wN1_N4hN2hN1 : 134.2101870 (0.04)%
   GbbN2zN1_GbtC2hC1wN1 : 133.1723128 (0.04)%
         GbbN2zN1_GttN1 : 133.0611039 (0.04)%
   GbtC2zC1wN1_GttN3zN1 : 132.4938397 (0.04)%
   GbbN2hN1_GttN4hN2hN1 : 131.7441232 (0.04)%
      C2wN2hN1_C2wN2zN1 : 131.5348839 (0.04)%
      GbtC2wN1_GttN2hN1 : 131.4550927 (0.04)%
GbtC2wN2zN1_GttN4wC1wN1 : 131.1583802 (0.04)%
GbtC2wN2hN1_GttN3zN2hN1 : 128.7146757 (0.04)%
   GbbN4wC1wN1_GqqN2hN1 : 128.1856511 (0.04)%
   GbtC2wN2hN1_GttN4hN1 : 128.0622322 (0.04)%
      C2hC1wN1_C2wN2zN1 : 127.2555399 (0.04)%
GttN4hN2hN1_GttN4wC1wN1 : 125.5304559 (0.04)%
      GqqN2hN1_GttN2hN1 : 125.4426765 (0.04)%
GbtC2hC1wN1_GttN3zN2hN1 : 124.5270841 (0.04)%
      GttN1_GttN3zN2hN1 : 124.4230947 (0.04)%
 GbtC1wN1_QqGbtC2zC1wN1 : 124.2203974 (0.04)%
 GbtC2zC1wN1_QqGbtC1wN1 : 124.2203974 (0.04)%
   GbtC2hC1wN1_GttN4hN1 : 123.8958672 (0.04)%
         GttN1_GttN4hN1 : 123.7924048 (0.04)%
   GbtC2wN2hN1_GttN3zN1 : 123.5403831 (0.04)%
   GbtC2zC1wN1_GqqN2zN1 : 123.3564175 (0.04)%
            C1wN1_C2wN1 : 122.7927855 (0.04)%
   GbtC2wN1_GbtC2wN2zN1 : 120.5333174 (0.04)%
    GbtC1wN1_GgN3wC1wN1 : 120.4505565 (0.04)%
      N3zN2hN1_N4hN2hN1 : 120.0179665 (0.04)%
   GbtC2hC1wN1_GttN3zN1 : 119.5211315 (0.04)%
         GttN1_GttN3zN1 : 119.4213224 (0.04)%
    GqqC1wN1_QqGqqC1wN1 : 118.5541692 (0.04)%
 GbtC1wN1_QqGbtC2wN2hN1 : 115.8260303 (0.04)%
 GbtC2wN2hN1_QqGbtC1wN1 : 115.8260303 (0.04)%
   GbtC2wN1_GttN4hN2hN1 : 115.3613079 (0.04)%
         N3zN1_N4hN2hN1 : 115.1932791 (0.04)%
   GbtC2wN2hN1_GqqN2zN1 : 115.0204349 (0.04)%
   GbtC2wN2zN1_GqqN2hN1 : 115.0204349 (0.04)%
            C2wN1_C2wN1 : 114.7674706 (0.04)%
 GbtC1wN1_QqGbtC2hC1wN1 : 112.0577567 (0.04)%
 GbtC2hC1wN1_QqGbtC1wN1 : 112.0577567 (0.04)%
       GttN1_QqGbtC1wN1 : 111.9641801 (0.04)%
       GbtC1wN1_QqGttN1 : 111.9641801 (0.04)%
   GbbN3zN2hN1_GqqC1wN1 : 111.7575972 (0.04)%
   GbtC2hC1wN1_GqqN2zN1 : 111.2783706 (0.04)%
         GqqN2zN1_GttN1 : 111.1854448 (0.04)%
      GbbN3wC1wN1_GqqN1 : 111.1423612 (0.04)%
         GbbN1_GbbN2hN1 : 110.4176083 (0.04)%
   GqqN2hN1_GttN4hN2hN1 : 110.0849798 (0.04)%
GbbN3wC1wN1_GttN3wC1wN1 : 108.0366925 (0.03)%
      GbbN3zN1_GqqC1wN1 : 107.2649742 (0.03)%
      GbbN1_GttN4wC1wN1 : 105.2097990 (0.03)%
         N2hN1_N3zN2hN1 : 105.0504463 (0.03)%
      GbbN4wC1wN1_GqqN1 : 101.2865107 (0.03)%
            N2hN1_N2hN1 : 101.0268164 (0.03)%
            N2hN1_N3zN1 : 100.8274488 (0.03)%
    GgN4wC1wN1_GqqC1wN1 : 99.9619441 (0.03)%
         GqqN1_GttN2hN1 : 99.1191360 (0.03)%
   GbbN4hN2hN1_GqqC1wN1 : 98.5494591 (0.03)%
GbbN4wC1wN1_GttN3wC1wN1 : 98.4562456 (0.03)%
      GbbN2hN1_GbbN2zN1 : 98.0751530 (0.03)%
      GbtC1wN1_GttN2zN1 : 97.2795474 (0.03)%
      GbbN4hN1_GbtC1wN1 : 97.0600848 (0.03)%
         GbbN1_GbtC2wN1 : 96.6868154 (0.03)%
   GttN2hN1_GttN3wC1wN1 : 96.3494342 (0.03)%
            GqqN1_GqqN1 : 95.8374907 (0.03)%
   GbbN2zN1_GttN4wC1wN1 : 93.4494714 (0.03)%
            C2wN1_N2hN1 : 93.1483950 (0.03)%
            C1wN1_N4hN1 : 92.9514357 (0.03)%
         GbbN1_GqqN2hN1 : 92.2646103 (0.03)%
------------------------------------------------------------
                                      SUM=90.02%
