/Users/rafalmaselek/Projects/fastlim-1.0
 
#################################################################
#                                                               #
#                                                               #
#                     This is Fastlim  ver. 1.0                 #
#                                                               #
#          A fast LHC limit calculator for BSM models.          #
#                                                               #
#                  http://cern.ch/fastlim-1.0/                  #
#                                                               #
#  for bugs/feature requests: fastlim-1.0.developers@gmail.com  #
#                                                               #
#    please refer to:                                           #
#    M.Papucci, K.Sakurai, A.Weiler, L.Zeune arXiv:1402.xxxx    #
#                                                               #
#################################################################
 

!! Masses incompatible with the data for ERER !!

!! Problem with reading tables for ER ER !! Probably mass outside the table !! Setting xsec to 10^-20 !!

!! Masses incompatible with the data for ELEL !!

!! Problem with reading tables for EL EL !! Probably mass outside the table !! Setting xsec to 10^-20 !!

!! Masses incompatible with the data for TAU1TAU1 !!

!! Problem with reading tables for TAU1 TAU1 !! Probably mass outside the table !! Setting xsec to 10^-20 !!

!! Masses incompatible with the data for TAU2TAU2 !!

!! Problem with reading tables for TAU2 TAU2 !! Probably mass outside the table !! Setting xsec to 10^-20 !!
!! EWK PROCESS C1C2 NOT FOUND !! WILL TRY TO LOOK FOR +/- MODES !!
XSEC FOUND FOR: C1-C2+
XSEC FOUND FOR: C1+C2-
!! EWK PROCESS C1N1 NOT FOUND !! WILL TRY TO LOOK FOR +/- MODES !!
XSEC FOUND FOR: C1+N1
XSEC FOUND FOR: C1-N1
!! EWK PROCESS C1N2 NOT FOUND !! WILL TRY TO LOOK FOR +/- MODES !!
XSEC FOUND FOR: C1+N2
XSEC FOUND FOR: C1-N2
!! EWK PROCESS C1N3 NOT FOUND !! WILL TRY TO LOOK FOR +/- MODES !!
XSEC FOUND FOR: C1+N3
XSEC FOUND FOR: C1-N3
!! EWK PROCESS C1N4 NOT FOUND !! WILL TRY TO LOOK FOR +/- MODES !!
XSEC FOUND FOR: C1+N4
XSEC FOUND FOR: C1-N4
!! EWK PROCESS C2N1 NOT FOUND !! WILL TRY TO LOOK FOR +/- MODES !!
XSEC FOUND FOR: C2+N1
XSEC FOUND FOR: C2-N1
!! EWK PROCESS C2N2 NOT FOUND !! WILL TRY TO LOOK FOR +/- MODES !!
XSEC FOUND FOR: C2+N2
XSEC FOUND FOR: C2-N2
!! EWK PROCESS C2N3 NOT FOUND !! WILL TRY TO LOOK FOR +/- MODES !!
XSEC FOUND FOR: C2+N3
XSEC FOUND FOR: C2-N3
!! EWK PROCESS C2N4 NOT FOUND !! WILL TRY TO LOOK FOR +/- MODES !!
XSEC FOUND FOR: C2+N4
XSEC FOUND FOR: C2-N4
---------------  Output inclusive processes  ---------------
The total xsec = 130079.25 [fb]
The total rate = 100.00%
Output upto 0.10%
                    Modes : xsec/fb      (rate)
              C1wN1_N2hN1 : 34490.0053545 (26.51)%
              C1wN1_C1wN1 : 19929.6775076 (15.32)%
              C1wN1_N2zN1 : 5999.2341798 (4.61)%
        C2zC1wN1_N4wC1wN1 : 534.2239697 (0.41)%
        C2hC1wN1_N4wC1wN1 : 516.7677028 (0.40)%
        C2wN2hN1_N4wC1wN1 : 498.4973729 (0.38)%
        N3wC1wN1_N4wC1wN1 : 486.7124139 (0.37)%
        C2zC1wN1_N3wC1wN1 : 480.6085512 (0.37)%
     GbtC1wN1_GbtC2zC1wN1 : 475.6243282 (0.37)%
        C2hC1wN1_N3wC1wN1 : 464.9042181 (0.36)%
     GbtC1wN1_GbtC2hC1wN1 : 460.0828593 (0.35)%
        C2wN2hN1_N3wC1wN1 : 448.4675225 (0.34)%
     GbtC1wN1_GbtC2wN2hN1 : 443.8166229 (0.34)%
      GbtC1wN1_QqGbtC1wN1 : 385.7923138 (0.30)%
           GbtC1wN1_GttN1 : 371.0974851 (0.29)%
        GbtC1wN1_GqqC1wN1 : 368.5624563 (0.28)%
        GbtC1wN1_GbtC1wN1 : 358.5696592 (0.28)%
         GbtC1wN1_QqC1wN1 : 334.4037055 (0.26)%
     GbtC1wN1_GttN4wC1wN1 : 322.5671635 (0.25)%
           C2wN1_N4wC1wN1 : 310.0756095 (0.24)%
  GbtC2hC1wN1_GbtC2zC1wN1 : 305.1382001 (0.23)%
  GbtC2wN2hN1_GbtC2zC1wN1 : 294.3500345 (0.23)%
  GbtC2hC1wN1_GbtC2wN2hN1 : 284.7318724 (0.22)%
           C1wN1_N3wC1wN1 : 280.2060503 (0.22)%
           C2wN1_N3wC1wN1 : 278.9560145 (0.21)%
        GbtC1wN1_GbtC2wN1 : 276.0630594 (0.21)%
     GbtC1wN1_GttN3wC1wN1 : 267.2707031 (0.21)%
        C2hC1wN1_C2zC1wN1 : 262.3551977 (0.20)%
   GbtC1wN1_QqGbtC2zC1wN1 : 255.8668941 (0.20)%
   GbtC2zC1wN1_QqGbtC1wN1 : 255.8668941 (0.20)%
        C2wN2hN1_C2zC1wN1 : 253.0796258 (0.19)%
   GbtC1wN1_QqGbtC2hC1wN1 : 247.5062045 (0.19)%
   GbtC2hC1wN1_QqGbtC1wN1 : 247.5062045 (0.19)%
        GbtC2zC1wN1_GttN1 : 246.1209245 (0.19)%
        C2hC1wN1_C2wN2hN1 : 244.8100128 (0.19)%
     GbtC2zC1wN1_GqqC1wN1 : 244.4396314 (0.19)%
   GbtC1wN1_QqGbtC2wN2hN1 : 238.7556190 (0.18)%
   GbtC2wN2hN1_QqGbtC1wN1 : 238.7556190 (0.18)%
        GbbN2hN1_GbtC1wN1 : 238.3373523 (0.18)%
        GbtC2hC1wN1_GttN1 : 238.0786936 (0.18)%
     GbtC2hC1wN1_GqqC1wN1 : 236.4523383 (0.18)%
        GbtC2wN2hN1_GttN1 : 229.6614178 (0.18)%
     GbtC2wN2hN1_GqqC1wN1 : 228.0925623 (0.18)%
      GbtC2zC1wN1_QqC1wN1 : 221.7847128 (0.17)%
      GbtC2hC1wN1_QqC1wN1 : 214.5376903 (0.16)%
  GbtC2zC1wN1_GttN4wC1wN1 : 213.9344288 (0.16)%
      GbtC2wN2hN1_QqC1wN1 : 206.9527070 (0.16)%
  GbtC2hC1wN1_GttN4wC1wN1 : 206.9439216 (0.16)%
         GttN1_QqGbtC1wN1 : 199.6356269 (0.15)%
         GbtC1wN1_QqGttN1 : 199.6356269 (0.15)%
  GbtC2wN2hN1_GttN4wC1wN1 : 199.6274162 (0.15)%
       QqC1wN1_QqGbtC1wN1 : 199.2446593 (0.15)%
      GqqC1wN1_QqGbtC1wN1 : 198.2718826 (0.15)%
      GbtC1wN1_QqGqqC1wN1 : 198.2718826 (0.15)%
        C2zC1wN1_N4hN2hN1 : 196.3835490 (0.15)%
           GqqC1wN1_GttN1 : 190.7197069 (0.15)%
        C2hC1wN1_N4hN2hN1 : 189.9665332 (0.15)%
        C2wN2hN1_N4hN2hN1 : 183.2502636 (0.14)%
     GbtC2wN1_GbtC2zC1wN1 : 183.0917700 (0.14)%
        N3wC1wN1_N4hN2hN1 : 178.9180505 (0.14)%
  GbtC2zC1wN1_GttN3wC1wN1 : 177.2604644 (0.14)%
     GbtC2hC1wN1_GbtC2wN1 : 177.1090755 (0.14)%
        N3zN2hN1_N4wC1wN1 : 176.8322253 (0.14)%
        C2zC1wN1_N3zN2hN1 : 174.6145715 (0.13)%
   GbtC1wN1_QqGttN4wC1wN1 : 173.5282520 (0.13)%
   GttN4wC1wN1_QqGbtC1wN1 : 173.5282520 (0.13)%
            GttN1_QqC1wN1 : 173.0436066 (0.13)%
         GqqC1wN1_QqC1wN1 : 171.8615169 (0.13)%
  GbtC2hC1wN1_GttN3wC1wN1 : 171.4683132 (0.13)%
     GbtC2wN1_GbtC2wN2hN1 : 170.8473815 (0.13)%
GbtC2zC1wN1_QqGbtC2zC1wN1 : 169.6971795 (0.13)%
        C2hC1wN1_N3zN2hN1 : 168.9088773 (0.13)%
        GttN1_GttN4wC1wN1 : 166.9185611 (0.13)%
     GqqC1wN1_GttN4wC1wN1 : 165.7783126 (0.13)%
  GbtC2wN2hN1_GttN3wC1wN1 : 165.4060485 (0.13)%
GbtC2hC1wN1_QqGbtC2zC1wN1 : 164.1521657 (0.13)%
GbtC2zC1wN1_QqGbtC2hC1wN1 : 164.1521657 (0.13)%
        C2wN2hN1_N3zN2hN1 : 162.9371015 (0.13)%
GbtC2hC1wN1_QqGbtC2hC1wN1 : 158.7883405 (0.12)%
GbtC2wN2hN1_QqGbtC2zC1wN1 : 158.3485635 (0.12)%
GbtC2zC1wN1_QqGbtC2wN2hN1 : 158.3485635 (0.12)%
     GbbN2hN1_GbtC2zC1wN1 : 158.0711588 (0.12)%
  GbtC2zC1wN1_GbtC2zC1wN1 : 157.7228411 (0.12)%
           C2wN1_C2zC1wN1 : 157.4207277 (0.12)%
        GbtC1wN1_GqqN2hN1 : 157.0492790 (0.12)%
GbtC2wN2hN1_QqGbtC2hC1wN1 : 153.1743763 (0.12)%
GbtC2hC1wN1_QqGbtC2wN2hN1 : 153.1743763 (0.12)%
     GbbN2hN1_GbtC2hC1wN1 : 152.9060361 (0.12)%
 QqGbtC1wN1_QqGbtC2zC1wN1 : 152.4507991 (0.12)%
           C2hC1wN1_C2wN1 : 152.2768585 (0.12)%
      GttN4wC1wN1_QqC1wN1 : 150.4138066 (0.12)%
      GbtC2wN1_QqGbtC1wN1 : 148.5109012 (0.11)%
      GbtC1wN1_QqGbtC2wN1 : 148.5109012 (0.11)%
GbtC2wN2hN1_QqGbtC2wN2hN1 : 147.7588940 (0.11)%
  GbtC2hC1wN1_GbtC2hC1wN1 : 147.5837623 (0.11)%
     GbbN2hN1_GbtC2wN2hN1 : 147.5000409 (0.11)%
 QqGbtC1wN1_QqGbtC2hC1wN1 : 147.4693270 (0.11)%
           C2wN1_C2wN2hN1 : 146.8931079 (0.11)%
           N3zN1_N4wC1wN1 : 146.2870513 (0.11)%
         GbtC1wN1_QqN2hN1 : 144.6687277 (0.11)%
           C2zC1wN1_N3zN1 : 144.4524646 (0.11)%
   GttN3wC1wN1_QqGbtC1wN1 : 143.7809646 (0.11)%
   GbtC1wN1_QqGttN3wC1wN1 : 143.7809646 (0.11)%
           GbtC2wN1_GttN1 : 142.8541212 (0.11)%
 QqGbtC1wN1_QqGbtC2wN2hN1 : 142.2555467 (0.11)%
        GbtC2wN1_GqqC1wN1 : 141.8782608 (0.11)%
           C2hC1wN1_N3zN1 : 139.7323455 (0.11)%
                    N1_N1 : 138.4580900 (0.11)%
        GttN1_GttN3wC1wN1 : 138.3043479 (0.11)%
     GqqC1wN1_GttN3wC1wN1 : 137.3595678 (0.11)%
  GbtC2wN2hN1_GbtC2wN2hN1 : 137.3325864 (0.11)%
        C2zC1wN1_C2zC1wN1 : 135.6087411 (0.10)%
           C2wN2hN1_N3zN1 : 134.7921063 (0.10)%
      GttN1_QqGbtC2zC1wN1 : 132.4032284 (0.10)%
      GbtC2zC1wN1_QqGttN1 : 132.4032284 (0.10)%
    QqC1wN1_QqGbtC2zC1wN1 : 132.1439290 (0.10)%
              N2hN1_N2hN1 : 131.8809791 (0.10)%
   GqqC1wN1_QqGbtC2zC1wN1 : 131.4987598 (0.10)%
   GbtC2zC1wN1_QqGqqC1wN1 : 131.4987598 (0.10)%
         GbtC2wN1_QqC1wN1 : 128.7288364 (0.10)%
------------------------------------------------------------
                                        SUM=66.20%

SHOWING PROCESSES TO GET 90.00% SUSY COVERAGE
---------------  Output inclusive processes  ---------------
The total xsec = 130079.25 [fb]
The total rate = 100.00%
                      Modes : xsec/fb      (rate)
                C1wN1_N2hN1 : 34490.0053545 (26.51)%
                C1wN1_C1wN1 : 19929.6775076 (15.32)%
                C1wN1_N2zN1 : 5999.2341798 (4.61)%
          C2zC1wN1_N4wC1wN1 : 534.2239697 (0.41)%
          C2hC1wN1_N4wC1wN1 : 516.7677028 (0.40)%
          C2wN2hN1_N4wC1wN1 : 498.4973729 (0.38)%
          N3wC1wN1_N4wC1wN1 : 486.7124139 (0.37)%
          C2zC1wN1_N3wC1wN1 : 480.6085512 (0.37)%
       GbtC1wN1_GbtC2zC1wN1 : 475.6243282 (0.37)%
          C2hC1wN1_N3wC1wN1 : 464.9042181 (0.36)%
       GbtC1wN1_GbtC2hC1wN1 : 460.0828593 (0.35)%
          C2wN2hN1_N3wC1wN1 : 448.4675225 (0.34)%
       GbtC1wN1_GbtC2wN2hN1 : 443.8166229 (0.34)%
        GbtC1wN1_QqGbtC1wN1 : 385.7923138 (0.30)%
             GbtC1wN1_GttN1 : 371.0974851 (0.29)%
          GbtC1wN1_GqqC1wN1 : 368.5624563 (0.28)%
          GbtC1wN1_GbtC1wN1 : 358.5696592 (0.28)%
           GbtC1wN1_QqC1wN1 : 334.4037055 (0.26)%
       GbtC1wN1_GttN4wC1wN1 : 322.5671635 (0.25)%
             C2wN1_N4wC1wN1 : 310.0756095 (0.24)%
    GbtC2hC1wN1_GbtC2zC1wN1 : 305.1382001 (0.23)%
    GbtC2wN2hN1_GbtC2zC1wN1 : 294.3500345 (0.23)%
    GbtC2hC1wN1_GbtC2wN2hN1 : 284.7318724 (0.22)%
             C1wN1_N3wC1wN1 : 280.2060503 (0.22)%
             C2wN1_N3wC1wN1 : 278.9560145 (0.21)%
          GbtC1wN1_GbtC2wN1 : 276.0630594 (0.21)%
       GbtC1wN1_GttN3wC1wN1 : 267.2707031 (0.21)%
          C2hC1wN1_C2zC1wN1 : 262.3551977 (0.20)%
     GbtC1wN1_QqGbtC2zC1wN1 : 255.8668941 (0.20)%
     GbtC2zC1wN1_QqGbtC1wN1 : 255.8668941 (0.20)%
          C2wN2hN1_C2zC1wN1 : 253.0796258 (0.19)%
     GbtC1wN1_QqGbtC2hC1wN1 : 247.5062045 (0.19)%
     GbtC2hC1wN1_QqGbtC1wN1 : 247.5062045 (0.19)%
          GbtC2zC1wN1_GttN1 : 246.1209245 (0.19)%
          C2hC1wN1_C2wN2hN1 : 244.8100128 (0.19)%
       GbtC2zC1wN1_GqqC1wN1 : 244.4396314 (0.19)%
     GbtC1wN1_QqGbtC2wN2hN1 : 238.7556190 (0.18)%
     GbtC2wN2hN1_QqGbtC1wN1 : 238.7556190 (0.18)%
          GbbN2hN1_GbtC1wN1 : 238.3373523 (0.18)%
          GbtC2hC1wN1_GttN1 : 238.0786936 (0.18)%
       GbtC2hC1wN1_GqqC1wN1 : 236.4523383 (0.18)%
          GbtC2wN2hN1_GttN1 : 229.6614178 (0.18)%
       GbtC2wN2hN1_GqqC1wN1 : 228.0925623 (0.18)%
        GbtC2zC1wN1_QqC1wN1 : 221.7847128 (0.17)%
        GbtC2hC1wN1_QqC1wN1 : 214.5376903 (0.16)%
    GbtC2zC1wN1_GttN4wC1wN1 : 213.9344288 (0.16)%
        GbtC2wN2hN1_QqC1wN1 : 206.9527070 (0.16)%
    GbtC2hC1wN1_GttN4wC1wN1 : 206.9439216 (0.16)%
           GttN1_QqGbtC1wN1 : 199.6356269 (0.15)%
           GbtC1wN1_QqGttN1 : 199.6356269 (0.15)%
    GbtC2wN2hN1_GttN4wC1wN1 : 199.6274162 (0.15)%
         QqC1wN1_QqGbtC1wN1 : 199.2446593 (0.15)%
        GqqC1wN1_QqGbtC1wN1 : 198.2718826 (0.15)%
        GbtC1wN1_QqGqqC1wN1 : 198.2718826 (0.15)%
          C2zC1wN1_N4hN2hN1 : 196.3835490 (0.15)%
             GqqC1wN1_GttN1 : 190.7197069 (0.15)%
          C2hC1wN1_N4hN2hN1 : 189.9665332 (0.15)%
          C2wN2hN1_N4hN2hN1 : 183.2502636 (0.14)%
       GbtC2wN1_GbtC2zC1wN1 : 183.0917700 (0.14)%
          N3wC1wN1_N4hN2hN1 : 178.9180505 (0.14)%
    GbtC2zC1wN1_GttN3wC1wN1 : 177.2604644 (0.14)%
       GbtC2hC1wN1_GbtC2wN1 : 177.1090755 (0.14)%
          N3zN2hN1_N4wC1wN1 : 176.8322253 (0.14)%
          C2zC1wN1_N3zN2hN1 : 174.6145715 (0.13)%
     GbtC1wN1_QqGttN4wC1wN1 : 173.5282520 (0.13)%
     GttN4wC1wN1_QqGbtC1wN1 : 173.5282520 (0.13)%
              GttN1_QqC1wN1 : 173.0436066 (0.13)%
           GqqC1wN1_QqC1wN1 : 171.8615169 (0.13)%
    GbtC2hC1wN1_GttN3wC1wN1 : 171.4683132 (0.13)%
       GbtC2wN1_GbtC2wN2hN1 : 170.8473815 (0.13)%
  GbtC2zC1wN1_QqGbtC2zC1wN1 : 169.6971795 (0.13)%
          C2hC1wN1_N3zN2hN1 : 168.9088773 (0.13)%
          GttN1_GttN4wC1wN1 : 166.9185611 (0.13)%
       GqqC1wN1_GttN4wC1wN1 : 165.7783126 (0.13)%
    GbtC2wN2hN1_GttN3wC1wN1 : 165.4060485 (0.13)%
  GbtC2hC1wN1_QqGbtC2zC1wN1 : 164.1521657 (0.13)%
  GbtC2zC1wN1_QqGbtC2hC1wN1 : 164.1521657 (0.13)%
          C2wN2hN1_N3zN2hN1 : 162.9371015 (0.13)%
  GbtC2hC1wN1_QqGbtC2hC1wN1 : 158.7883405 (0.12)%
  GbtC2wN2hN1_QqGbtC2zC1wN1 : 158.3485635 (0.12)%
  GbtC2zC1wN1_QqGbtC2wN2hN1 : 158.3485635 (0.12)%
       GbbN2hN1_GbtC2zC1wN1 : 158.0711588 (0.12)%
    GbtC2zC1wN1_GbtC2zC1wN1 : 157.7228411 (0.12)%
             C2wN1_C2zC1wN1 : 157.4207277 (0.12)%
          GbtC1wN1_GqqN2hN1 : 157.0492790 (0.12)%
  GbtC2wN2hN1_QqGbtC2hC1wN1 : 153.1743763 (0.12)%
  GbtC2hC1wN1_QqGbtC2wN2hN1 : 153.1743763 (0.12)%
       GbbN2hN1_GbtC2hC1wN1 : 152.9060361 (0.12)%
   QqGbtC1wN1_QqGbtC2zC1wN1 : 152.4507991 (0.12)%
             C2hC1wN1_C2wN1 : 152.2768585 (0.12)%
        GttN4wC1wN1_QqC1wN1 : 150.4138066 (0.12)%
        GbtC2wN1_QqGbtC1wN1 : 148.5109012 (0.11)%
        GbtC1wN1_QqGbtC2wN1 : 148.5109012 (0.11)%
  GbtC2wN2hN1_QqGbtC2wN2hN1 : 147.7588940 (0.11)%
    GbtC2hC1wN1_GbtC2hC1wN1 : 147.5837623 (0.11)%
       GbbN2hN1_GbtC2wN2hN1 : 147.5000409 (0.11)%
   QqGbtC1wN1_QqGbtC2hC1wN1 : 147.4693270 (0.11)%
             C2wN1_C2wN2hN1 : 146.8931079 (0.11)%
             N3zN1_N4wC1wN1 : 146.2870513 (0.11)%
           GbtC1wN1_QqN2hN1 : 144.6687277 (0.11)%
             C2zC1wN1_N3zN1 : 144.4524646 (0.11)%
     GttN3wC1wN1_QqGbtC1wN1 : 143.7809646 (0.11)%
     GbtC1wN1_QqGttN3wC1wN1 : 143.7809646 (0.11)%
             GbtC2wN1_GttN1 : 142.8541212 (0.11)%
   QqGbtC1wN1_QqGbtC2wN2hN1 : 142.2555467 (0.11)%
          GbtC2wN1_GqqC1wN1 : 141.8782608 (0.11)%
             C2hC1wN1_N3zN1 : 139.7323455 (0.11)%
                      N1_N1 : 138.4580900 (0.11)%
          GttN1_GttN3wC1wN1 : 138.3043479 (0.11)%
       GqqC1wN1_GttN3wC1wN1 : 137.3595678 (0.11)%
    GbtC2wN2hN1_GbtC2wN2hN1 : 137.3325864 (0.11)%
          C2zC1wN1_C2zC1wN1 : 135.6087411 (0.10)%
             C2wN2hN1_N3zN1 : 134.7921063 (0.10)%
        GttN1_QqGbtC2zC1wN1 : 132.4032284 (0.10)%
        GbtC2zC1wN1_QqGttN1 : 132.4032284 (0.10)%
      QqC1wN1_QqGbtC2zC1wN1 : 132.1439290 (0.10)%
                N2hN1_N2hN1 : 131.8809791 (0.10)%
     GqqC1wN1_QqGbtC2zC1wN1 : 131.4987598 (0.10)%
     GbtC2zC1wN1_QqGqqC1wN1 : 131.4987598 (0.10)%
           GbtC2wN1_QqC1wN1 : 128.7288364 (0.10)%
        GbbN2hN1_QqGbtC1wN1 : 128.2159773 (0.10)%
        GbtC1wN1_QqGbbN2hN1 : 128.2159773 (0.10)%
        GttN1_QqGbtC2hC1wN1 : 128.0768293 (0.10)%
        GbtC2hC1wN1_QqGttN1 : 128.0768293 (0.10)%
      QqC1wN1_QqGbtC2hC1wN1 : 127.8260028 (0.10)%
     GqqC1wN1_QqGbtC2hC1wN1 : 127.2019151 (0.10)%
     GbtC2hC1wN1_QqGqqC1wN1 : 127.2019151 (0.10)%
          C2hC1wN1_C2hC1wN1 : 126.8912484 (0.10)%
        GttN3wC1wN1_QqC1wN1 : 124.6289406 (0.10)%
       GbtC2wN1_GttN4wC1wN1 : 124.1723550 (0.10)%
        GbtC2wN2hN1_QqGttN1 : 123.5486711 (0.09)%
        GttN1_QqGbtC2wN2hN1 : 123.5486711 (0.09)%
             GbbN2hN1_GttN1 : 123.3322310 (0.09)%
      QqC1wN1_QqGbtC2wN2hN1 : 123.3067126 (0.09)%
             GbtC1wN1_GqqN1 : 122.7311069 (0.09)%
     GqqC1wN1_QqGbtC2wN2hN1 : 122.7046895 (0.09)%
     GbtC2wN2hN1_QqGqqC1wN1 : 122.7046895 (0.09)%
             C2zC1wN1_N4hN1 : 122.5142070 (0.09)%
          GbbN2hN1_GqqC1wN1 : 122.4897279 (0.09)%
    GttN3wC1wN1_GttN4wC1wN1 : 120.2175789 (0.09)%
         QqGbtC1wN1_QqGttN1 : 118.9470446 (0.09)%
       GbtC1wN1_GttN4hN2hN1 : 118.5773907 (0.09)%
             C2hC1wN1_N4hN1 : 118.5109410 (0.09)%
      QqGbtC1wN1_QqGqqC1wN1 : 118.1344975 (0.09)%
          C2wN2hN1_C2wN2hN1 : 118.0773755 (0.09)%
             N2hN1_N3wC1wN1 : 115.6064312 (0.09)%
  GttN4wC1wN1_QqGbtC2zC1wN1 : 115.0881791 (0.09)%
  GbtC2zC1wN1_QqGttN4wC1wN1 : 115.0881791 (0.09)%
      QqGbtC1wN1_QqGbtC1wN1 : 114.9315286 (0.09)%
             C2wN2hN1_N4hN1 : 114.3209849 (0.09)%
             C2wN1_N4hN2hN1 : 113.9854295 (0.09)%
             N3wC1wN1_N4hN1 : 111.6183265 (0.09)%
  GttN4wC1wN1_QqGbtC2hC1wN1 : 111.3275654 (0.09)%
  GbtC2hC1wN1_QqGttN4wC1wN1 : 111.3275654 (0.09)%
           GbbN2hN1_QqC1wN1 : 111.1372529 (0.09)%
       GbbN3wC1wN1_GbtC1wN1 : 110.1966250 (0.08)%
                   C1wN1_N1 : 110.1477066 (0.08)%
  GbtC2wN2hN1_QqGttN4wC1wN1 : 107.3915776 (0.08)%
  GttN4wC1wN1_QqGbtC2wN2hN1 : 107.3915776 (0.08)%
       GbbN2hN1_GttN4wC1wN1 : 107.2034425 (0.08)%
       GbtC2zC1wN1_GqqN2hN1 : 104.1589213 (0.08)%
   QqGbtC1wN1_QqGttN4wC1wN1 : 103.3917294 (0.08)%
              GttN1_QqGttN1 : 103.3052814 (0.08)%
            QqC1wN1_QqGttN1 : 103.1029677 (0.08)%
       GbtC2wN1_GttN3wC1wN1 : 102.8859611 (0.08)%
           GqqC1wN1_QqGttN1 : 102.5995858 (0.08)%
           GttN1_QqGqqC1wN1 : 102.5995858 (0.08)%
         QqC1wN1_QqGqqC1wN1 : 102.3986541 (0.08)%
        GqqC1wN1_QqGqqC1wN1 : 101.8987109 (0.08)%
             C1wN1_N3zN2hN1 : 101.8043880 (0.08)%
             C2wN1_N3zN2hN1 : 101.3502253 (0.08)%
       GbtC2hC1wN1_GqqN2hN1 : 100.7554313 (0.08)%
       GbbN4wC1wN1_GbtC1wN1 : 100.0061602 (0.08)%
     GbtC2wN1_QqGbtC2zC1wN1 : 98.4960604 (0.08)%
     GbtC2zC1wN1_QqGbtC2wN1 : 98.4960604 (0.08)%
QqGbtC2hC1wN1_QqGbtC2zC1wN1 : 97.8052629 (0.08)%
       GbtC2wN2hN1_GqqN2hN1 : 97.1932215 (0.07)%
       GbtC1wN1_GttN3zN2hN1 : 97.1047210 (0.07)%
                GttN1_GttN1 : 96.0157531 (0.07)%
        GbtC2zC1wN1_QqN2hN1 : 95.9478370 (0.07)%
  GttN3wC1wN1_QqGbtC2zC1wN1 : 95.3590508 (0.07)%
  GbtC2zC1wN1_QqGttN3wC1wN1 : 95.3590508 (0.07)%
     GbtC2wN1_QqGbtC2hC1wN1 : 95.2776097 (0.07)%
     GbtC2hC1wN1_QqGbtC2wN1 : 95.2776097 (0.07)%
          GbtC1wN1_GttN2hN1 : 95.1309548 (0.07)%
          GqqC1wN1_GqqC1wN1 : 94.7084344 (0.07)%
QqGbtC2wN2hN1_QqGbtC2zC1wN1 : 94.3473564 (0.07)%
        GbtC2hC1wN1_QqN2hN1 : 92.8126519 (0.07)%
  GttN3wC1wN1_QqGbtC2hC1wN1 : 92.2431048 (0.07)%
  GbtC2hC1wN1_QqGttN3wC1wN1 : 92.2431048 (0.07)%
     GbtC2wN1_QqGbtC2wN2hN1 : 91.9090683 (0.07)%
     GbtC2wN2hN1_QqGbtC2wN1 : 91.9090683 (0.07)%
          GbbN2hN1_GbtC2wN1 : 91.7480564 (0.07)%
QqGbtC2hC1wN1_QqGbtC2wN2hN1 : 91.2644684 (0.07)%
        GttN1_QqGttN4wC1wN1 : 89.7955199 (0.07)%
        GttN4wC1wN1_QqGttN1 : 89.7955199 (0.07)%
      QqC1wN1_QqGttN4wC1wN1 : 89.6196638 (0.07)%
        GbtC2wN2hN1_QqN2hN1 : 89.5312592 (0.07)%
     GqqC1wN1_QqGttN4wC1wN1 : 89.1821117 (0.07)%
     GttN4wC1wN1_QqGqqC1wN1 : 89.1821117 (0.07)%
  GttN3wC1wN1_QqGbtC2wN2hN1 : 88.9818485 (0.07)%
  GbtC2wN2hN1_QqGttN3wC1wN1 : 88.9818485 (0.07)%
       GbbN2hN1_GttN3wC1wN1 : 88.8259646 (0.07)%
      QqGbtC1wN1_QqGbtC2wN1 : 88.4858733 (0.07)%
          C2wN2zN1_N4wC1wN1 : 86.7092495 (0.07)%
            QqC1wN1_QqC1wN1 : 86.3523585 (0.07)%
         QqGbtC1wN1_QqN2hN1 : 86.1966267 (0.07)%
   QqGbtC1wN1_QqGttN3wC1wN1 : 85.6676790 (0.07)%
     GbbN2hN1_QqGbtC2zC1wN1 : 85.0359707 (0.07)%
     GbtC2zC1wN1_QqGbbN2hN1 : 85.0359707 (0.07)%
        GbtC1wN1_QqGqqN2hN1 : 84.4862402 (0.06)%
        GqqN2hN1_QqGbtC1wN1 : 84.4862402 (0.06)%
                C1wN1_N3zN1 : 84.2191727 (0.06)%
                C2wN1_N3zN1 : 83.8434600 (0.06)%
     GbbN2hN1_QqGbtC2hC1wN1 : 82.2573410 (0.06)%
     GbtC2hC1wN1_QqGbbN2hN1 : 82.2573410 (0.06)%
          GbtC2zC1wN1_GqqN1 : 81.3982705 (0.06)%
             GqqN2hN1_GttN1 : 81.2681595 (0.06)%
          GqqC1wN1_GqqN2hN1 : 80.7130031 (0.06)%
          GbtC1wN1_GttN3zN1 : 80.3313043 (0.06)%
             C1wN1_N4wC1wN1 : 80.1209433 (0.06)%
     GbbN2hN1_QqGbtC2wN2hN1 : 79.3491315 (0.06)%
     GbtC2wN2hN1_QqGbbN2hN1 : 79.3491315 (0.06)%
      QqGbtC2zC1wN1_QqGttN1 : 78.8885879 (0.06)%
          GbtC2hC1wN1_GqqN1 : 78.7385061 (0.06)%
    GbtC2zC1wN1_GttN4hN2hN1 : 78.6434244 (0.06)%
   QqGbtC2zC1wN1_QqGqqC1wN1 : 78.3496868 (0.06)%
  GttN4wC1wN1_QqGttN4wC1wN1 : 78.0524991 (0.06)%
          C2wN2zN1_N3wC1wN1 : 78.0069954 (0.06)%
       GbtC1wN1_GbtC2wN2zN1 : 77.1980122 (0.06)%
           GbtC2wN1_QqGttN1 : 76.8498122 (0.06)%
           GttN1_QqGbtC2wN1 : 76.8498122 (0.06)%
         QqC1wN1_QqGbtC2wN1 : 76.6993090 (0.06)%
      QqGbbN2hN1_QqGbtC1wN1 : 76.3937370 (0.06)%
        GbtC2wN1_QqGqqC1wN1 : 76.3248383 (0.06)%
        GqqC1wN1_QqGbtC2wN1 : 76.3248383 (0.06)%
      QqGbtC2hC1wN1_QqGttN1 : 76.3108297 (0.06)%
    GbtC2hC1wN1_GttN4hN2hN1 : 76.0736771 (0.06)%
          GbtC2wN2hN1_GqqN1 : 75.9547050 (0.06)%
   QqGbtC2hC1wN1_QqGqqC1wN1 : 75.7895377 (0.06)%
              GttN1_QqN2hN1 : 74.8616059 (0.06)%
            QqC1wN1_QqN2hN1 : 74.7149965 (0.06)%
        GttN1_QqGttN3wC1wN1 : 74.4022159 (0.06)%
        GttN3wC1wN1_QqGttN1 : 74.4022159 (0.06)%
           GqqC1wN1_QqN2hN1 : 74.3502138 (0.06)%
      QqC1wN1_QqGttN3wC1wN1 : 74.2565061 (0.06)%
          GbtC1wN1_GttN4hN1 : 73.9747044 (0.06)%
     GttN3wC1wN1_QqGqqC1wN1 : 73.8939619 (0.06)%
     GqqC1wN1_QqGttN3wC1wN1 : 73.8939619 (0.06)%
      QqGbtC2wN2hN1_QqGttN1 : 73.6128591 (0.06)%
    GbtC2wN2hN1_GttN4hN2hN1 : 73.3840911 (0.06)%
           GqqN2hN1_QqC1wN1 : 73.2324383 (0.06)%
   QqGbtC2wN2hN1_QqGqqC1wN1 : 73.1099974 (0.06)%
    GbbN3wC1wN1_GbtC2zC1wN1 : 73.0850957 (0.06)%
    GttN4wC1wN1_GttN4wC1wN1 : 72.5448824 (0.06)%
                C2wN1_N4hN1 : 71.1100018 (0.05)%
    GbbN3wC1wN1_GbtC2hC1wN1 : 70.6969720 (0.05)%
       GqqN2hN1_GttN4wC1wN1 : 70.6403054 (0.05)%
QqGbtC2zC1wN1_QqGttN4wC1wN1 : 68.5719226 (0.05)%
    GbbN3wC1wN1_GbtC2wN2hN1 : 68.1974795 (0.05)%
     GbtC2wN1_QqGttN4wC1wN1 : 66.7997681 (0.05)%
     GttN4wC1wN1_QqGbtC2wN1 : 66.7997681 (0.05)%
           GbbN2hN1_QqGttN1 : 66.3478149 (0.05)%
           GttN1_QqGbbN2hN1 : 66.3478149 (0.05)%
QqGbtC2hC1wN1_QqGttN4wC1wN1 : 66.3312711 (0.05)%
    GbbN4wC1wN1_GbtC2zC1wN1 : 66.3265304 (0.05)%
         QqC1wN1_QqGbbN2hN1 : 66.2178789 (0.05)%
           GqqN1_QqGbtC1wN1 : 66.0244341 (0.05)%
           GbtC1wN1_QqGqqN1 : 66.0244341 (0.05)%
        GqqC1wN1_QqGbbN2hN1 : 65.8945819 (0.05)%
        GbbN2hN1_QqGqqC1wN1 : 65.8945819 (0.05)%
        GttN4wC1wN1_QqN2hN1 : 65.0715697 (0.05)%
          N3zN2hN1_N4hN2hN1 : 65.0044587 (0.05)%
  GttN3wC1wN1_QqGttN4wC1wN1 : 64.6722565 (0.05)%
  GttN4wC1wN1_QqGttN3wC1wN1 : 64.6722565 (0.05)%
    GbtC2zC1wN1_GttN3zN2hN1 : 64.4022250 (0.05)%
    GbbN4wC1wN1_GbtC2hC1wN1 : 64.1592491 (0.05)%
QqGbtC2wN2hN1_QqGttN4wC1wN1 : 63.9861280 (0.05)%
     GbtC1wN1_QqGttN4hN2hN1 : 63.7899007 (0.05)%
     GttN4hN2hN1_QqGbtC1wN1 : 63.7899007 (0.05)%
                GqqN1_GttN1 : 63.5095635 (0.05)%
       GbtC2zC1wN1_GttN2hN1 : 63.0931749 (0.05)%
             GqqC1wN1_GqqN1 : 63.0757191 (0.05)%
    GbtC2hC1wN1_GttN3zN2hN1 : 62.2978221 (0.05)%
    GbbN4wC1wN1_GbtC2wN2hN1 : 61.8908979 (0.05)%
          GttN1_GttN4hN2hN1 : 61.3601435 (0.05)%
         QqGqqC1wN1_QqGttN1 : 61.1309599 (0.05)%
       GbtC2hC1wN1_GttN2hN1 : 61.0315465 (0.05)%
       GqqC1wN1_GttN4hN2hN1 : 60.9409821 (0.05)%
          GbtC2wN1_GqqN2hN1 : 60.4561810 (0.05)%
    GbtC2wN2hN1_GttN3zN2hN1 : 60.0952817 (0.05)%
     GbtC1wN1_QqGbbN3wC1wN1 : 59.2813835 (0.05)%
     GbbN3wC1wN1_QqGbtC1wN1 : 59.2813835 (0.05)%
       GbtC2wN2hN1_GttN2hN1 : 58.8737753 (0.05)%
   QqGbtC2wN1_QqGbtC2zC1wN1 : 58.6859944 (0.05)%
       GqqN2hN1_GttN3wC1wN1 : 58.5307069 (0.04)%
     GbbN2hN1_QqGttN4wC1wN1 : 57.6711708 (0.04)%
     GttN4wC1wN1_QqGbbN2hN1 : 57.6711708 (0.04)%
              GqqN1_QqC1wN1 : 57.2297960 (0.04)%
        GbtC2wN1_QqGbtC2wN1 : 57.1693291 (0.04)%
      QqGbtC2zC1wN1_QqN2hN1 : 57.1677101 (0.04)%
          GbbN3wC1wN1_GttN1 : 57.0233557 (0.04)%
QqGbtC2zC1wN1_QqGttN3wC1wN1 : 56.8168991 (0.04)%
   QqGbtC2hC1wN1_QqGbtC2wN1 : 56.7683748 (0.04)%
       GbbN3wC1wN1_GqqC1wN1 : 56.6338196 (0.04)%
     GbtC2zC1wN1_QqGqqN2hN1 : 56.0333400 (0.04)%
     GqqN2hN1_QqGbtC2zC1wN1 : 56.0333400 (0.04)%
       T1bC1wN1_T1tN3wC1wN1 : 55.7016926 (0.04)%
           GbtC2wN1_QqN2hN1 : 55.6902830 (0.04)%
     GbtC2wN1_QqGttN3wC1wN1 : 55.3485382 (0.04)%
     GttN3wC1wN1_QqGbtC2wN1 : 55.3485382 (0.04)%
      QqGbtC2hC1wN1_QqN2hN1 : 55.2997018 (0.04)%
        GttN4hN2hN1_QqC1wN1 : 55.2929087 (0.04)%
          GqqN1_GttN4wC1wN1 : 55.2040922 (0.04)%
QqGbtC2hC1wN1_QqGttN3wC1wN1 : 54.9603539 (0.04)%
   QqGbtC2wN1_QqGbtC2wN2hN1 : 54.7613280 (0.04)%
     GbtC2hC1wN1_QqGqqN2hN1 : 54.2023983 (0.04)%
     GqqN2hN1_QqGbtC2hC1wN1 : 54.2023983 (0.04)%
        GttN3wC1wN1_QqN2hN1 : 53.9165983 (0.04)%
     GbtC1wN1_QqGbbN4wC1wN1 : 53.7993204 (0.04)%
     GbbN4wC1wN1_QqGbtC1wN1 : 53.7993204 (0.04)%
             N3zN1_N4hN2hN1 : 53.7758916 (0.04)%
             C1wN1_C2zC1wN1 : 53.6880864 (0.04)%
             GbbN1_GbtC1wN1 : 53.6772015 (0.04)%
  GttN3wC1wN1_QqGttN3wC1wN1 : 53.5857378 (0.04)%
      QqGttN1_QqGttN4wC1wN1 : 53.5020320 (0.04)%
      QqGbtC2wN2hN1_QqN2hN1 : 53.3445800 (0.04)%
    GttN4hN2hN1_GttN4wC1wN1 : 53.3357628 (0.04)%
       GbtC2zC1wN1_GttN3zN1 : 53.2776849 (0.04)%
   QqGqqC1wN1_QqGttN4wC1wN1 : 53.1365507 (0.04)%
          GbtC2wN1_GbtC2wN1 : 53.1352910 (0.04)%
QqGbtC2wN2hN1_QqGttN3wC1wN1 : 53.0172297 (0.04)%
     GbtC2wN2hN1_QqGqqN2hN1 : 52.2860717 (0.04)%
     GqqN2hN1_QqGbtC2wN2hN1 : 52.2860717 (0.04)%
     GbtC1wN1_QqGttN3zN2hN1 : 52.2384620 (0.04)%
     GttN3zN2hN1_QqGbtC1wN1 : 52.2384620 (0.04)%
          GbbN2hN1_GqqN2hN1 : 52.1944738 (0.04)%
             C1wN1_C2hC1wN1 : 51.9337780 (0.04)%
          GbbN4wC1wN1_GttN1 : 51.7501044 (0.04)%
       GbtC2hC1wN1_GttN3zN1 : 51.5367868 (0.04)%
       GbbN4wC1wN1_GqqC1wN1 : 51.3965908 (0.04)%
        GbbN3wC1wN1_QqC1wN1 : 51.3849384 (0.04)%
    GbtC2wN2zN1_GbtC2zC1wN1 : 51.1996090 (0.04)%
        GttN2hN1_QqGbtC1wN1 : 51.1766545 (0.04)%
        GbtC1wN1_QqGttN2hN1 : 51.1766545 (0.04)%
   QqGbbN2hN1_QqGbtC2zC1wN1 : 50.6661940 (0.04)%
QqGbtC2zC1wN1_QqGbtC2zC1wN1 : 50.5545485 (0.04)%
      QqGbtC1wN1_QqGqqN2hN1 : 50.3386532 (0.04)%
          GttN1_GttN3zN2hN1 : 50.2486990 (0.04)%
             C1wN1_C2wN2hN1 : 50.0976585 (0.04)%
       GqqC1wN1_GttN3zN2hN1 : 49.9054418 (0.04)%
    GttN3wC1wN1_GttN3wC1wN1 : 49.8045686 (0.04)%
       GbtC2wN2hN1_GttN3zN1 : 49.7147030 (0.04)%
    GbbN3wC1wN1_GttN4wC1wN1 : 49.5661189 (0.04)%
    GbtC2hC1wN1_GbtC2wN2zN1 : 49.5266140 (0.04)%
        GbbN2hN1_QqGbtC2wN1 : 49.3567903 (0.04)%
        GbtC2wN1_QqGbbN2hN1 : 49.3567903 (0.04)%
             GttN1_GttN2hN1 : 49.2273358 (0.04)%
       GbtC2zC1wN1_GttN4hN1 : 49.0618325 (0.04)%
   QqGbbN2hN1_QqGbtC2hC1wN1 : 49.0106288 (0.04)%
          GqqC1wN1_GttN2hN1 : 48.8910557 (0.04)%
           GbbN2hN1_QqN2hN1 : 48.0798649 (0.04)%
     GbbN2hN1_QqGttN3wC1wN1 : 47.7848216 (0.04)%
     GttN3wC1wN1_QqGbbN2hN1 : 47.7848216 (0.04)%
    GbtC2wN2hN1_GbtC2wN2zN1 : 47.7755998 (0.04)%
       GbtC2hC1wN1_GttN4hN1 : 47.4586913 (0.04)%
QqGbtC2hC1wN1_QqGbtC2hC1wN1 : 47.3046923 (0.04)%
   QqGbbN2hN1_QqGbtC2wN2hN1 : 47.2778573 (0.04)%
             GbtC2wN1_GqqN1 : 47.2453873 (0.04)%
        GbbN4wC1wN1_QqC1wN1 : 46.6331014 (0.04)%
                N2hN1_N2zN1 : 45.8790812 (0.04)%
         QqGbtC2wN1_QqGttN1 : 45.7887110 (0.04)%
       GbtC2wN2hN1_GttN4hN1 : 45.7807886 (0.04)%
          GqqN1_GttN3wC1wN1 : 45.7406649 (0.04)%
                C2wN1_C2wN1 : 45.6852658 (0.04)%
       GbtC2wN1_GttN4hN2hN1 : 45.6464126 (0.04)%
      QqGbtC2wN1_QqGqqC1wN1 : 45.4759207 (0.03)%
        GttN3zN2hN1_QqC1wN1 : 45.2801537 (0.03)%
    GbbN4wC1wN1_GttN4wC1wN1 : 44.9824778 (0.03)%
            QqGttN1_QqN2hN1 : 44.6040965 (0.03)%
           GttN2hN1_QqC1wN1 : 44.3597819 (0.03)%
      QqGttN1_QqGttN3wC1wN1 : 44.3303824 (0.03)%
         QqGqqC1wN1_QqN2hN1 : 44.2993985 (0.03)%
    GttN3wC1wN1_GttN4hN2hN1 : 44.1926161 (0.03)%
   QqGqqC1wN1_QqGttN3wC1wN1 : 44.0275542 (0.03)%
          C2wN2zN1_C2zC1wN1 : 44.0209831 (0.03)%
QqGbtC2wN2hN1_QqGbtC2wN2hN1 : 44.0189059 (0.03)%
        GqqN1_QqGbtC2zC1wN1 : 43.7890188 (0.03)%
        GbtC2zC1wN1_QqGqqN1 : 43.7890188 (0.03)%
           GttN1_QqGqqN2hN1 : 43.7190243 (0.03)%
           GqqN2hN1_QqGttN1 : 43.7190243 (0.03)%
    GttN3zN2hN1_GttN4wC1wN1 : 43.6774189 (0.03)%
         QqC1wN1_QqGqqN2hN1 : 43.6334047 (0.03)%
        GqqC1wN1_QqGqqN2hN1 : 43.4203723 (0.03)%
        GqqN2hN1_QqGqqC1wN1 : 43.4203723 (0.03)%
        GttN3zN1_QqGbtC1wN1 : 43.2150336 (0.03)%
        GbtC1wN1_QqGttN3zN1 : 43.2150336 (0.03)%
       GttN2hN1_GttN4wC1wN1 : 42.7896246 (0.03)%
        GbbN2hN1_QqGbbN2hN1 : 42.6118828 (0.03)%
          C2hC1wN1_C2wN2zN1 : 42.5825563 (0.03)%
       GbbN3wC1wN1_GbtC2wN1 : 42.4202336 (0.03)%
        GqqN1_QqGbtC2hC1wN1 : 42.3581718 (0.03)%
        GbtC2hC1wN1_QqGqqN1 : 42.3581718 (0.03)%
  GttN4hN2hN1_QqGbtC2zC1wN1 : 42.3070216 (0.03)%
  GbtC2zC1wN1_QqGttN4hN2hN1 : 42.3070216 (0.03)%
             N2hN1_N3zN2hN1 : 42.0020980 (0.03)%
             GttN1_GttN3zN1 : 41.5689731 (0.03)%
     GbtC1wN1_QqGbtC2wN2zN1 : 41.5294476 (0.03)%
     GbtC2wN2zN1_QqGbtC1wN1 : 41.5294476 (0.03)%
          GbbN2zN1_GbtC1wN1 : 41.4566938 (0.03)%
          GqqC1wN1_GttN3zN1 : 41.2850085 (0.03)%
          C2wN2hN1_C2wN2zN1 : 41.0770494 (0.03)%
    GbbN3wC1wN1_GttN3wC1wN1 : 41.0691879 (0.03)%
  GttN4hN2hN1_QqGbtC2hC1wN1 : 40.9246002 (0.03)%
  GbtC2hC1wN1_QqGttN4hN2hN1 : 40.9246002 (0.03)%
        GbtC2wN2hN1_QqGqqN1 : 40.8605980 (0.03)%
        GqqN1_QqGbtC2wN2hN1 : 40.8605980 (0.03)%
             GbbN2hN1_GqqN1 : 40.7890159 (0.03)%
             N3zN2hN1_N4hN1 : 40.5531408 (0.03)%
       GbbN3zN2hN1_GbtC1wN1 : 40.0366086 (0.03)%
          GbtC2wN2zN1_GttN1 : 39.9475910 (0.03)%
   QqGbtC2wN1_QqGttN4wC1wN1 : 39.8006864 (0.03)%
        GbtC1wN1_QqGttN4hN1 : 39.7954367 (0.03)%
        GttN4hN1_QqGbtC1wN1 : 39.7954367 (0.03)%
       GbtC2wN2zN1_GqqC1wN1 : 39.6747023 (0.03)%
          GbbN2hN1_GbbN2hN1 : 39.6050614 (0.03)%
         QqGbbN2hN1_QqGttN1 : 39.5314034 (0.03)%
  GttN4hN2hN1_QqGbtC2wN2hN1 : 39.4777104 (0.03)%
  GbtC2wN2hN1_QqGttN4hN2hN1 : 39.4777104 (0.03)%
       GbbN2hN1_GttN4hN2hN1 : 39.4085509 (0.03)%
         QqGbtC1wN1_QqGqqN1 : 39.3387264 (0.03)%
  GbbN3wC1wN1_QqGbtC2zC1wN1 : 39.3168628 (0.03)%
  GbtC2zC1wN1_QqGbbN3wC1wN1 : 39.3168628 (0.03)%
      QqGbbN2hN1_QqGqqC1wN1 : 39.2613578 (0.03)%
      QqGttN4wC1wN1_QqN2hN1 : 38.7709900 (0.03)%
QqGttN3wC1wN1_QqGttN4wC1wN1 : 38.5330709 (0.03)%
       GbbN4wC1wN1_GbtC2wN1 : 38.4974103 (0.03)%
             GttN1_GttN4hN1 : 38.2796286 (0.03)%
  GbbN3wC1wN1_QqGbtC2hC1wN1 : 38.0321476 (0.03)%
  GbtC2hC1wN1_QqGbbN3wC1wN1 : 38.0321476 (0.03)%
          GqqC1wN1_GttN4hN1 : 38.0181341 (0.03)%
   QqGbtC1wN1_QqGttN4hN2hN1 : 38.0073451 (0.03)%
     GttN4wC1wN1_QqGqqN2hN1 : 38.0016632 (0.03)%
     GqqN2hN1_QqGttN4wC1wN1 : 38.0016632 (0.03)%
           GttN3zN1_QqC1wN1 : 37.4586711 (0.03)%
       GbtC2wN1_GttN3zN2hN1 : 37.3805001 (0.03)%
    GbbN4wC1wN1_GttN3wC1wN1 : 37.2713029 (0.03)%
       GbbN4hN2hN1_GbtC1wN1 : 36.7627920 (0.03)%
  GbbN3wC1wN1_QqGbtC2wN2hN1 : 36.6875205 (0.03)%
  GbtC2wN2hN1_QqGbbN3wC1wN1 : 36.6875205 (0.03)%
       GbbN2hN1_GbbN3wC1wN1 : 36.6232490 (0.03)%
          GbtC2wN1_GttN2hN1 : 36.6206980 (0.03)%
    GttN3wC1wN1_GttN3zN2hN1 : 36.1899653 (0.03)%
       GttN3zN1_GttN4wC1wN1 : 36.1327852 (0.03)%
        GbtC2wN2zN1_QqC1wN1 : 35.9976098 (0.03)%
  GbbN4wC1wN1_QqGbtC2zC1wN1 : 35.6810245 (0.03)%
  GbtC2zC1wN1_QqGbbN4wC1wN1 : 35.6810245 (0.03)%
          GbbN1_GbtC2zC1wN1 : 35.6000323 (0.03)%
       GttN2hN1_GttN3wC1wN1 : 35.4543622 (0.03)%
   QqGbbN3wC1wN1_QqGbtC1wN1 : 35.3210771 (0.03)%
                N2hN1_N3zN1 : 34.7468514 (0.03)%
    GbtC2wN2zN1_GttN4wC1wN1 : 34.7234396 (0.03)%
  GttN3zN2hN1_QqGbtC2zC1wN1 : 34.6458251 (0.03)%
  GbtC2zC1wN1_QqGttN3zN2hN1 : 34.6458251 (0.03)%
  GbbN4wC1wN1_QqGbtC2hC1wN1 : 34.5151138 (0.03)%
  GbtC2hC1wN1_QqGbbN4wC1wN1 : 34.5151138 (0.03)%
           GttN4hN1_QqC1wN1 : 34.4945740 (0.03)%
          GbbN1_GbtC2hC1wN1 : 34.4367680 (0.03)%
   QqGbbN2hN1_QqGttN4wC1wN1 : 34.3616790 (0.03)%
              GqqN1_QqGttN1 : 34.1656089 (0.03)%
              GttN1_QqGqqN1 : 34.1656089 (0.03)%
          C2zC1wN1_N4hN2zN1 : 34.1591973 (0.03)%
            QqC1wN1_QqGqqN1 : 34.0986987 (0.03)%
     GttN2hN1_QqGbtC2zC1wN1 : 33.9416084 (0.03)%
     GbtC2zC1wN1_QqGttN2hN1 : 33.9416084 (0.03)%
           GqqN1_QqGqqC1wN1 : 33.9322179 (0.03)%
           GqqC1wN1_QqGqqN1 : 33.9322179 (0.03)%
                N3zN1_N4hN1 : 33.5481804 (0.03)%
  GttN3zN2hN1_QqGbtC2hC1wN1 : 33.5137404 (0.03)%
  GbtC2hC1wN1_QqGttN3zN2hN1 : 33.5137404 (0.03)%
   QqGbtC2zC1wN1_QqGqqN2hN1 : 33.3858254 (0.03)%
  GbbN4wC1wN1_QqGbtC2wN2hN1 : 33.2948314 (0.03)%
  GbtC2wN2hN1_QqGbbN4wC1wN1 : 33.2948314 (0.03)%
       GttN4hN1_GttN4wC1wN1 : 33.2736052 (0.03)%
       GbbN2hN1_GbbN4wC1wN1 : 33.2365035 (0.03)%
          GbbN1_GbtC2wN2hN1 : 33.2192555 (0.03)%
         QqGbtC2wN1_QqN2hN1 : 33.1814250 (0.03)%
          GbbN3zN1_GbtC1wN1 : 33.1208715 (0.03)%
          C2hC1wN1_N4hN2zN1 : 33.0430137 (0.03)%
        GttN1_QqGttN4hN2hN1 : 33.0093067 (0.03)%
        GttN4hN2hN1_QqGttN1 : 33.0093067 (0.03)%
   QqGbtC2wN1_QqGttN3wC1wN1 : 32.9778063 (0.03)%
      QqC1wN1_QqGttN4hN2hN1 : 32.9446611 (0.03)%
       T1bC1wN1_T1bC2zC1wN1 : 32.8779414 (0.03)%
     GttN2hN1_QqGbtC2hC1wN1 : 32.8325347 (0.03)%
     GbtC2hC1wN1_QqGttN2hN1 : 32.8325347 (0.03)%
     GqqC1wN1_QqGttN4hN2hN1 : 32.7838146 (0.03)%
     GttN4hN2hN1_QqGqqC1wN1 : 32.7838146 (0.03)%
        GbtC2wN1_QqGqqN2hN1 : 32.5230110 (0.03)%
        GqqN2hN1_QqGbtC2wN1 : 32.5230110 (0.03)%
  GttN3zN2hN1_QqGbtC2wN2hN1 : 32.3288616 (0.02)%
  GbtC2wN2hN1_QqGttN3zN2hN1 : 32.3288616 (0.02)%
   QqGbtC2hC1wN1_QqGqqN2hN1 : 32.2949124 (0.02)%
       GbbN2hN1_GttN3zN2hN1 : 32.2722259 (0.02)%
      QqGttN3wC1wN1_QqN2hN1 : 32.1246269 (0.02)%
   QqGbbN4wC1wN1_QqGbtC1wN1 : 32.0547502 (0.02)%
          C2wN2zN1_N4hN2hN1 : 31.8747774 (0.02)%
          C2wN2hN1_N4hN2zN1 : 31.8747774 (0.02)%
       T1bC1wN1_T1bC2hC1wN1 : 31.8036240 (0.02)%
           GqqN2hN1_QqN2hN1 : 31.6815977 (0.02)%
     GttN2hN1_QqGbtC2wN2hN1 : 31.6717399 (0.02)%
     GbtC2wN2hN1_QqGttN2hN1 : 31.6717399 (0.02)%
          GbbN2hN1_GttN2hN1 : 31.6162554 (0.02)%
     GttN3wC1wN1_QqGqqN2hN1 : 31.4871828 (0.02)%
     GqqN2hN1_QqGttN3wC1wN1 : 31.4871828 (0.02)%
             C2zC1wN1_N2hN1 : 31.4847274 (0.02)%
             C2zC1wN1_N4zN1 : 31.4670919 (0.02)%
          T1bC1wN1_T1bC1wN1 : 31.4497963 (0.02)%
                C1wN1_C2wN1 : 31.1617731 (0.02)%
   QqGbtC2wN2hN1_QqGqqN2hN1 : 31.1531253 (0.02)%
   QqGbtC1wN1_QqGttN3zN2hN1 : 31.1247584 (0.02)%
          N3wC1wN1_N4hN2zN1 : 31.1212269 (0.02)%
          GbtC2wN1_GttN3zN1 : 30.9235668 (0.02)%
            QqGttN1_QqGttN1 : 30.7757140 (0.02)%
          N3zN2zN1_N4wC1wN1 : 30.7584159 (0.02)%
       T1bC1wN1_T1bC2wN2hN1 : 30.6792064 (0.02)%
        GttN1_QqGbbN3wC1wN1 : 30.6762881 (0.02)%
        GbbN3wC1wN1_QqGttN1 : 30.6762881 (0.02)%
             N3hN1_N4wC1wN1 : 30.6209405 (0.02)%
      QqC1wN1_QqGbbN3wC1wN1 : 30.6162114 (0.02)%
      QqGbtC1wN1_QqGttN2hN1 : 30.4921116 (0.02)%
     GqqC1wN1_QqGbbN3wC1wN1 : 30.4667332 (0.02)%
     GbbN3wC1wN1_QqGqqC1wN1 : 30.4667332 (0.02)%
             C2hC1wN1_N2hN1 : 30.4559345 (0.02)%
             C2hC1wN1_N4zN1 : 30.4388753 (0.02)%
          C2zC1wN1_N3zN2zN1 : 30.3726745 (0.02)%
      QqGqqC1wN1_QqGqqC1wN1 : 30.3566821 (0.02)%
             C2zC1wN1_N3hN1 : 30.2369231 (0.02)%
       GttN3wC1wN1_GttN3zN1 : 29.9386795 (0.02)%
       GbtC2wN1_GbtC2wN2zN1 : 29.7174048 (0.02)%
        GqqN1_QqGttN4wC1wN1 : 29.6975970 (0.02)%
        GttN4wC1wN1_QqGqqN1 : 29.6975970 (0.02)%
             C1wN1_N4hN2hN1 : 29.4528814 (0.02)%
      QqGbbN2hN1_QqGbtC2wN1 : 29.4077987 (0.02)%
          C2hC1wN1_N3zN2zN1 : 29.3802190 (0.02)%
             C2wN2hN1_N2hN1 : 29.3791645 (0.02)%
             C2wN2hN1_N4zN1 : 29.3627084 (0.02)%
             C2hC1wN1_N3hN1 : 29.2489035 (0.02)%
    T1bC2zC1wN1_T1tN3wC1wN1 : 29.1155620 (0.02)%
           GbbN1_QqGbtC1wN1 : 28.8761907 (0.02)%
           GbtC1wN1_QqGbbN1 : 28.8761907 (0.02)%
    GbtC2wN2zN1_GttN3wC1wN1 : 28.7709326 (0.02)%
  GttN4hN2hN1_QqGttN4wC1wN1 : 28.6925104 (0.02)%
  GttN4wC1wN1_QqGttN4hN2hN1 : 28.6925104 (0.02)%
             N3wC1wN1_N4zN1 : 28.6685456 (0.02)%
     GttN3zN1_QqGbtC2zC1wN1 : 28.6612668 (0.02)%
     GbtC2zC1wN1_QqGttN3zN1 : 28.6612668 (0.02)%
         QqGbbN2hN1_QqN2hN1 : 28.6469801 (0.02)%
                N1_N3wC1wN1 : 28.6021680 (0.02)%
          GbtC2wN1_GttN4hN1 : 28.4765912 (0.02)%
   QqGbbN2hN1_QqGttN3wC1wN1 : 28.4711872 (0.02)%
          C2wN2zN1_N3zN2hN1 : 28.3414809 (0.02)%
          C2wN2hN1_N3zN2zN1 : 28.3414809 (0.02)%
             C2wN2hN1_N3hN1 : 28.2148080 (0.02)%
    T1bC2hC1wN1_T1tN3wC1wN1 : 28.1641838 (0.02)%
        GbbN2hN1_QqGqqN2hN1 : 28.0785425 (0.02)%
        GqqN2hN1_QqGbbN2hN1 : 28.0785425 (0.02)%
        GttN1_QqGbbN4wC1wN1 : 27.8394895 (0.02)%
        GbbN4wC1wN1_QqGttN1 : 27.8394895 (0.02)%
      QqC1wN1_QqGbbN4wC1wN1 : 27.7849684 (0.02)%
                GbbN1_GttN1 : 27.7762967 (0.02)%
     GttN3zN1_QqGbtC2hC1wN1 : 27.7247332 (0.02)%
     GbtC2hC1wN1_QqGttN3zN1 : 27.7247332 (0.02)%
     GqqC1wN1_QqGbbN4wC1wN1 : 27.6493133 (0.02)%
     GbbN4wC1wN1_QqGqqC1wN1 : 27.6493133 (0.02)%
             GbbN1_GqqC1wN1 : 27.5865522 (0.02)%
       GttN3wC1wN1_GttN4hN1 : 27.5696378 (0.02)%
  GbtC2wN2zN1_QqGbtC2zC1wN1 : 27.5433449 (0.02)%
  GbtC2zC1wN1_QqGbtC2wN2zN1 : 27.5433449 (0.02)%
       GbbN2zN1_GbtC2zC1wN1 : 27.4950928 (0.02)%
          GbtC1wN1_GqqN2zN1 : 27.3173458 (0.02)%
    T1bC2wN2hN1_T1tN3wC1wN1 : 27.1684387 (0.02)%
        GttN3zN2hN1_QqGttN1 : 27.0317934 (0.02)%
        GttN1_QqGttN3zN2hN1 : 27.0317934 (0.02)%
      QqC1wN1_QqGttN3zN2hN1 : 26.9788541 (0.02)%
             GqqN1_GqqN2hN1 : 26.8773882 (0.02)%
     GqqC1wN1_QqGttN3zN2hN1 : 26.8471347 (0.02)%
     GttN3zN2hN1_QqGqqC1wN1 : 26.8471347 (0.02)%
     GttN3zN1_QqGbtC2wN2hN1 : 26.7445248 (0.02)%
     GbtC2wN2hN1_QqGttN3zN1 : 26.7445248 (0.02)%
          GbbN2hN1_GttN3zN1 : 26.6976721 (0.02)%
  GbbN3wC1wN1_QqGttN4wC1wN1 : 26.6645925 (0.02)%
  GttN4wC1wN1_QqGbbN3wC1wN1 : 26.6645925 (0.02)%
  GbtC2hC1wN1_QqGbtC2wN2zN1 : 26.6433404 (0.02)%
  GbtC2wN2zN1_QqGbtC2hC1wN1 : 26.6433404 (0.02)%
                C2zC1wN1_N1 : 26.6163820 (0.02)%
       GbbN2zN1_GbtC2hC1wN1 : 26.5966650 (0.02)%
    GbbN3zN2hN1_GbtC2zC1wN1 : 26.5532576 (0.02)%
       T1bC1wN1_T1tN4wC1wN1 : 26.5013544 (0.02)%
           GttN2hN1_QqGttN1 : 26.4823408 (0.02)%
           GttN1_QqGttN2hN1 : 26.4823408 (0.02)%
         QqC1wN1_QqGttN2hN1 : 26.4304776 (0.02)%
     GttN4hN1_QqGbtC2zC1wN1 : 26.3933065 (0.02)%
     GbtC2zC1wN1_QqGttN4hN1 : 26.3933065 (0.02)%
        GttN2hN1_QqGqqC1wN1 : 26.3014355 (0.02)%
        GqqC1wN1_QqGttN2hN1 : 26.3014355 (0.02)%
      QqGbtC2zC1wN1_QqGqqN1 : 26.0904051 (0.02)%
         QqGqqN2hN1_QqGttN1 : 26.0487009 (0.02)%
       GqqN2hN1_GttN4hN2hN1 : 25.9677489 (0.02)%
      QqGqqC1wN1_QqGqqN2hN1 : 25.8707579 (0.02)%
      QqGbtC1wN1_QqGttN3zN1 : 25.7484128 (0.02)%
                C2hC1wN1_N1 : 25.7466669 (0.02)%
  GbtC2wN2zN1_QqGbtC2wN2hN1 : 25.7013647 (0.02)%
  GbtC2wN2hN1_QqGbtC2wN2zN1 : 25.7013647 (0.02)%
    GbbN3zN2hN1_GbtC2hC1wN1 : 25.6856051 (0.02)%
       GbbN2zN1_GbtC2wN2hN1 : 25.6563395 (0.02)%
       GbbN2hN1_GbtC2wN2zN1 : 25.6563395 (0.02)%
             C2wN1_C2wN2zN1 : 25.5507688 (0.02)%
     GttN4hN1_QqGbtC2hC1wN1 : 25.5308806 (0.02)%
     GbtC2hC1wN1_QqGttN4hN1 : 25.5308806 (0.02)%
           GbtC2wN1_QqGqqN1 : 25.4161316 (0.02)%
           GqqN1_QqGbtC2wN1 : 25.4161316 (0.02)%
      QqGbtC2hC1wN1_QqGqqN1 : 25.2378768 (0.02)%
QqGbtC2zC1wN1_QqGttN4hN2hN1 : 25.2074004 (0.02)%
           GbtC1wN1_QqN2zN1 : 25.1638574 (0.02)%
              GbbN1_QqC1wN1 : 25.0298019 (0.02)%
                C2wN2hN1_N1 : 24.8363931 (0.02)%
    GbbN3zN2hN1_GbtC2wN2hN1 : 24.7774902 (0.02)%
              GqqN1_QqN2hN1 : 24.7585826 (0.02)%
   QqGbtC1wN1_QqGbtC2wN2zN1 : 24.7441057 (0.02)%
    T1tN3wC1wN1_T1tN3wC1wN1 : 24.6637413 (0.02)%
     GbtC2wN2hN1_QqGttN4hN1 : 24.6282360 (0.02)%
     GttN4hN1_QqGbtC2wN2hN1 : 24.6282360 (0.02)%
        GttN3wC1wN1_QqGqqN1 : 24.6066510 (0.02)%
        GqqN1_QqGttN3wC1wN1 : 24.6066510 (0.02)%
          GbbN2hN1_GttN4hN1 : 24.5850907 (0.02)%
     GbtC2wN1_QqGttN4hN2hN1 : 24.5559471 (0.02)%
     GttN4hN2hN1_QqGbtC2wN1 : 24.5559471 (0.02)%
QqGbtC2hC1wN1_QqGttN4hN2hN1 : 24.3837251 (0.02)%
    GbbN4hN2hN1_GbtC2zC1wN1 : 24.3819824 (0.02)%
      QqGbtC2wN2hN1_QqGqqN1 : 24.3455912 (0.02)%
  GbbN4wC1wN1_QqGttN4wC1wN1 : 24.1987766 (0.02)%
  GttN4wC1wN1_QqGbbN4wC1wN1 : 24.1987766 (0.02)%
          GbbN1_GttN4wC1wN1 : 24.1438479 (0.02)%
       GbbN3wC1wN1_GqqN2hN1 : 24.1324106 (0.02)%
        GttN4hN2hN1_QqN2hN1 : 23.9206522 (0.02)%
          T1bC1wN1_T1tN2hN1 : 23.8841108 (0.02)%
  GttN3wC1wN1_QqGttN4hN2hN1 : 23.7738626 (0.02)%
  GttN4hN2hN1_QqGttN3wC1wN1 : 23.7738626 (0.02)%
      QqGbtC1wN1_QqGttN4hN1 : 23.7109461 (0.02)%
    GbbN4hN2hN1_GbtC2hC1wN1 : 23.5852784 (0.02)%
QqGbtC2wN2hN1_QqGttN4hN2hN1 : 23.5216381 (0.02)%
  GttN3zN2hN1_QqGttN4wC1wN1 : 23.4967071 (0.02)%
  GttN4wC1wN1_QqGttN3zN2hN1 : 23.4967071 (0.02)%
    T1tN3wC1wN1_T1tN4wC1wN1 : 23.4686782 (0.02)%
             C2wN2zN1_N3zN1 : 23.4459057 (0.02)%
QqGbbN3wC1wN1_QqGbtC2zC1wN1 : 23.4258018 (0.02)%
QqGttN4wC1wN1_QqGttN4wC1wN1 : 23.2526484 (0.02)%
     GttN2hN1_QqGttN4wC1wN1 : 23.0191092 (0.02)%
     GttN4wC1wN1_QqGttN2hN1 : 23.0191092 (0.02)%
          GbbN4hN1_GbtC1wN1 : 22.9345296 (0.02)%
     GbtC2wN1_QqGbbN3wC1wN1 : 22.8203916 (0.02)%
     GbbN3wC1wN1_QqGbtC2wN1 : 22.8203916 (0.02)%
    GbbN4hN2hN1_GbtC2wN2hN1 : 22.7514205 (0.02)%
QqGbbN3wC1wN1_QqGbtC2hC1wN1 : 22.6603419 (0.02)%
   QqGqqN2hN1_QqGttN4wC1wN1 : 22.6421787 (0.02)%
           GttN3zN1_QqGttN1 : 22.3624474 (0.02)%
           GttN1_QqGttN3zN1 : 22.3624474 (0.02)%
         QqC1wN1_QqGttN3zN1 : 22.3186527 (0.02)%
        GbbN2zN1_QqGbtC1wN1 : 22.3020456 (0.02)%
        GbtC1wN1_QqGbbN2zN1 : 22.3020456 (0.02)%
        GbbN3wC1wN1_QqN2hN1 : 22.2299979 (0.02)%
        GqqC1wN1_QqGttN3zN1 : 22.2096858 (0.02)%
        GttN3zN1_QqGqqC1wN1 : 22.2096858 (0.02)%
  GttN3wC1wN1_QqGbbN3wC1wN1 : 22.0935830 (0.02)%
  GbbN3wC1wN1_QqGttN3wC1wN1 : 22.0935830 (0.02)%
       GbbN3zN1_GbtC2zC1wN1 : 21.9665717 (0.02)%
           GbbN2hN1_QqGqqN1 : 21.9428616 (0.02)%
           GqqN1_QqGbbN2hN1 : 21.9428616 (0.02)%
       GbbN4wC1wN1_GqqN2hN1 : 21.9007590 (0.02)%
QqGbbN3wC1wN1_QqGbtC2wN2hN1 : 21.8591851 (0.02)%
     GbtC1wN1_QqGbbN3zN2hN1 : 21.5380965 (0.02)%
     GbbN3zN2hN1_QqGbtC1wN1 : 21.5380965 (0.02)%
        GbtC2wN2zN1_QqGttN1 : 21.4902086 (0.02)%
        GttN1_QqGbtC2wN2zN1 : 21.4902086 (0.02)%
             GbbN2zN1_GttN1 : 21.4525608 (0.02)%
      QqC1wN1_QqGbtC2wN2zN1 : 21.4481221 (0.02)%
     GqqC1wN1_QqGbtC2wN2zN1 : 21.3434054 (0.02)%
     GbtC2wN2zN1_QqGqqC1wN1 : 21.3434054 (0.02)%
          GbbN2zN1_GqqC1wN1 : 21.3060147 (0.02)%
       GqqN2hN1_GttN3zN2hN1 : 21.2653609 (0.02)%
QqGbbN4wC1wN1_QqGbtC2zC1wN1 : 21.2594940 (0.02)%
       GbbN3zN1_GbtC2hC1wN1 : 21.2487935 (0.02)%
     GbbN2hN1_QqGttN4hN2hN1 : 21.2002266 (0.02)%
     GttN4hN2hN1_QqGbbN2hN1 : 21.2002266 (0.02)%
       T1tN2hN1_T1tN3wC1wN1 : 21.1509382 (0.02)%
          GqqN2hN1_GttN2hN1 : 20.8331177 (0.02)%
          GbbN3zN2hN1_GttN1 : 20.7177105 (0.02)%
     GbtC2wN1_QqGbbN4wC1wN1 : 20.7100693 (0.02)%
     GbbN4wC1wN1_QqGbtC2wN1 : 20.7100693 (0.02)%
             GbbN1_GbtC2wN1 : 20.6630596 (0.02)%
QqGbtC2zC1wN1_QqGttN3zN2hN1 : 20.6427007 (0.02)%
       GbtC1wN1_GttN4hN2zN1 : 20.6254980 (0.02)%
           GttN1_QqGttN4hN1 : 20.5929115 (0.02)%
           GttN4hN1_QqGttN1 : 20.5929115 (0.02)%
       GbbN3zN2hN1_GqqC1wN1 : 20.5761843 (0.02)%
QqGbbN4wC1wN1_QqGbtC2hC1wN1 : 20.5648202 (0.02)%
         QqC1wN1_QqGttN4hN1 : 20.5525822 (0.02)%
       GbbN3zN1_GbtC2wN2hN1 : 20.4975421 (0.02)%
        GqqC1wN1_QqGttN4hN1 : 20.4522379 (0.02)%
        GttN4hN1_QqGqqC1wN1 : 20.4522379 (0.02)%
            QqGqqN1_QqGttN1 : 20.3565780 (0.02)%
          GqqN1_GttN4hN2hN1 : 20.2933154 (0.02)%
       T1bC1wN1_T1tN3zN2hN1 : 20.2375242 (0.02)%
   QqGbtC2zC1wN1_QqGttN2hN1 : 20.2231138 (0.02)%
         QqGqqC1wN1_QqGqqN1 : 20.2175188 (0.02)%
        GbbN4wC1wN1_QqN2hN1 : 20.1742724 (0.02)%
     GbtC2wN1_QqGttN3zN2hN1 : 20.1092162 (0.02)%
     GttN3zN2hN1_QqGbtC2wN1 : 20.1092162 (0.02)%
             N2zN1_N3wC1wN1 : 20.1087256 (0.02)%
  GttN3wC1wN1_QqGbbN4wC1wN1 : 20.0504725 (0.02)%
  GbbN4wC1wN1_QqGttN3wC1wN1 : 20.0504725 (0.02)%
          GbbN1_GttN3wC1wN1 : 20.0049600 (0.02)%
QqGbtC2hC1wN1_QqGttN3zN2hN1 : 19.9681812 (0.02)%
             C2wN2zN1_N4hN1 : 19.8851335 (0.02)%
QqGbbN4wC1wN1_QqGbtC2wN2hN1 : 19.8377507 (0.02)%
             C2wN1_N4hN2zN1 : 19.8267666 (0.02)%
     GbtC1wN1_QqGbbN4hN2hN1 : 19.7769139 (0.02)%
     GbbN4hN2hN1_QqGbtC1wN1 : 19.7769139 (0.02)%
     GbbN2hN1_QqGbbN3wC1wN1 : 19.7018454 (0.02)%
     GbbN3wC1wN1_QqGbbN2hN1 : 19.7018454 (0.02)%
        GttN2hN1_QqGbtC2wN1 : 19.7004731 (0.02)%
        GbtC2wN1_QqGttN2hN1 : 19.7004731 (0.02)%
      QqGttN1_QqGttN4hN2hN1 : 19.6676292 (0.02)%
        GttN3zN2hN1_QqN2hN1 : 19.5889642 (0.02)%
   QqGbtC2hC1wN1_QqGttN2hN1 : 19.5623047 (0.02)%
   QqGqqC1wN1_QqGttN4hN2hN1 : 19.5332763 (0.02)%
  GttN3wC1wN1_QqGttN3zN2hN1 : 19.4687561 (0.01)%
  GttN3zN2hN1_QqGttN3wC1wN1 : 19.4687561 (0.01)%
     GttN3zN1_QqGttN4wC1wN1 : 19.4379955 (0.01)%
     GttN4wC1wN1_QqGttN3zN1 : 19.4379955 (0.01)%
      QqGbtC2wN1_QqGqqN2hN1 : 19.3778841 (0.01)%
           GbbN2zN1_QqC1wN1 : 19.3313512 (0.01)%
QqGbtC2wN2hN1_QqGttN3zN2hN1 : 19.2622059 (0.01)%
           GttN2hN1_QqN2hN1 : 19.1907958 (0.01)%
        GbbN1_QqGbtC2zC1wN1 : 19.1513957 (0.01)%
        GbtC2zC1wN1_QqGbbN1 : 19.1513957 (0.01)%
          T1bC1wN1_T1bC2wN1 : 19.0830968 (0.01)%
     GttN2hN1_QqGttN3wC1wN1 : 19.0730310 (0.01)%
     GttN3wC1wN1_QqGttN2hN1 : 19.0730310 (0.01)%
          GbbN4hN2hN1_GttN1 : 19.0236113 (0.01)%
          GbtC1wN1_GttN4zN1 : 18.9999909 (0.01)%
       GbbN4hN2hN1_GqqC1wN1 : 18.8936578 (0.01)%
         QqGqqN2hN1_QqN2hN1 : 18.8765526 (0.01)%
   QqGbtC2wN2hN1_QqGttN2hN1 : 18.8706791 (0.01)%
          GbbN3wC1wN1_GqqN1 : 18.8590326 (0.01)%
   QqGqqN2hN1_QqGttN3wC1wN1 : 18.7607162 (0.01)%
  GttN4wC1wN1_QqGbtC2wN2zN1 : 18.6798238 (0.01)%
  GbtC2wN2zN1_QqGttN4wC1wN1 : 18.6798238 (0.01)%
        GbbN3zN2hN1_QqC1wN1 : 18.6691622 (0.01)%
------------------------------------------------------------
                                          SUM=90.00%
