/Users/rafalmaselek/Projects/fastlim-1.0
 
#################################################################
#                                                               #
#                                                               #
#                     This is Fastlim  ver. 1.0                 #
#                                                               #
#          A fast LHC limit calculator for BSM models.          #
#                                                               #
#                  http://cern.ch/fastlim-1.0/                  #
#                                                               #
#  for bugs/feature requests: fastlim-1.0.developers@gmail.com  #
#                                                               #
#    please refer to:                                           #
#    M.Papucci, K.Sakurai, A.Weiler, L.Zeune arXiv:1402.xxxx    #
#                                                               #
#################################################################
 

!! Masses incompatible with the data for ERER !!

!! Problem with reading tables for ER ER !! Probably mass outside the table !! Setting xsec to 10^-20 !!

!! Masses incompatible with the data for ELEL !!

!! Problem with reading tables for EL EL !! Probably mass outside the table !! Setting xsec to 10^-20 !!

!! Masses incompatible with the data for TAU1TAU1 !!

!! Problem with reading tables for TAU1 TAU1 !! Probably mass outside the table !! Setting xsec to 10^-20 !!

!! Masses incompatible with the data for TAU2TAU2 !!

!! Problem with reading tables for TAU2 TAU2 !! Probably mass outside the table !! Setting xsec to 10^-20 !!
!! EWK PROCESS C1C2 NOT FOUND !! WILL TRY TO LOOK FOR +/- MODES !!
XSEC FOUND FOR: C1-C2+
XSEC FOUND FOR: C1+C2-
!! EWK PROCESS C1N1 NOT FOUND !! WILL TRY TO LOOK FOR +/- MODES !!
XSEC FOUND FOR: C1+N1
XSEC FOUND FOR: C1-N1
!! EWK PROCESS C1N2 NOT FOUND !! WILL TRY TO LOOK FOR +/- MODES !!
XSEC FOUND FOR: C1+N2
XSEC FOUND FOR: C1-N2
!! EWK PROCESS C1N3 NOT FOUND !! WILL TRY TO LOOK FOR +/- MODES !!
XSEC FOUND FOR: C1+N3
XSEC FOUND FOR: C1-N3
!! EWK PROCESS C1N4 NOT FOUND !! WILL TRY TO LOOK FOR +/- MODES !!
XSEC FOUND FOR: C1+N4
XSEC FOUND FOR: C1-N4
!! EWK PROCESS C2N1 NOT FOUND !! WILL TRY TO LOOK FOR +/- MODES !!
XSEC FOUND FOR: C2+N1
XSEC FOUND FOR: C2-N1
!! EWK PROCESS C2N2 NOT FOUND !! WILL TRY TO LOOK FOR +/- MODES !!
XSEC FOUND FOR: C2+N2
XSEC FOUND FOR: C2-N2
!! EWK PROCESS C2N3 NOT FOUND !! WILL TRY TO LOOK FOR +/- MODES !!
XSEC FOUND FOR: C2+N3
XSEC FOUND FOR: C2-N3
!! EWK PROCESS C2N4 NOT FOUND !! WILL TRY TO LOOK FOR +/- MODES !!
XSEC FOUND FOR: C2+N4
XSEC FOUND FOR: C2-N4
---------------  Output inclusive processes  ---------------
The total xsec = 9465.74 [fb]
The total rate = 100.00%
Output upto 0.10%
            Modes : xsec/fb      (rate)
      C1wN1_N2hN1 : 4120.2936504 (43.53)%
      C1wN1_C1wN1 : 2130.4818194 (22.51)%
      C1wN1_N2zN1 : 392.0572609 (4.14)%
C2wN2hN1_N4wC1wN1 : 90.9455409 (0.96)%
C2zC1wN1_N4wC1wN1 : 87.4718583 (0.92)%
   C2wN1_N4wC1wN1 : 85.6840909 (0.91)%
C2hC1wN1_N4wC1wN1 : 84.1050431 (0.89)%
C2wN2hN1_N3wC1wN1 : 67.9321543 (0.72)%
C2zC1wN1_N3wC1wN1 : 65.3374725 (0.69)%
N3wC1wN1_N4wC1wN1 : 65.1700178 (0.69)%
   C2wN1_N3wC1wN1 : 64.0020921 (0.68)%
C2hC1wN1_N3wC1wN1 : 62.8226158 (0.66)%
   C1wN1_N3wC1wN1 : 50.3036574 (0.53)%
   C2wN2hN1_N3zN1 : 47.6077396 (0.50)%
   C2zC1wN1_N3zN1 : 45.7893528 (0.48)%
   N3zN1_N4wC1wN1 : 45.6719983 (0.48)%
C2wN2hN1_C2zC1wN1 : 44.8891398 (0.47)%
      C2wN1_N3zN1 : 44.8535007 (0.47)%
   C2hC1wN1_N3zN1 : 44.0269083 (0.47)%
   C2wN1_C2wN2hN1 : 43.9716865 (0.46)%
C2hC1wN1_C2wN2hN1 : 43.1613448 (0.46)%
   C2wN1_C2zC1wN1 : 42.2921794 (0.45)%
C2hC1wN1_C2zC1wN1 : 41.5127888 (0.44)%
   C2hC1wN1_C2wN1 : 40.6643421 (0.43)%
   C2wN2hN1_N4hN1 : 36.9406278 (0.39)%
   C2zC1wN1_N4hN1 : 35.5296734 (0.38)%
      C1wN1_N3zN1 : 35.2534591 (0.37)%
C2wN2hN1_N4hN2hN1 : 35.0131222 (0.37)%
      C2wN1_N4hN1 : 34.8035108 (0.37)%
   C2hC1wN1_N4hN1 : 34.1621268 (0.36)%
C2zC1wN1_N4hN2hN1 : 33.6757892 (0.36)%
   C2wN1_N4hN2hN1 : 32.9875167 (0.35)%
C2hC1wN1_N4hN2hN1 : 32.3795991 (0.34)%
   N3wC1wN1_N4hN1 : 26.4710215 (0.28)%
C2wN2hN1_N3zN2hN1 : 25.1354616 (0.27)%
N3wC1wN1_N4hN2hN1 : 25.0898040 (0.27)%
C2zC1wN1_N3zN2hN1 : 24.1754077 (0.26)%
N3zN2hN1_N4wC1wN1 : 24.1134481 (0.25)%
   C2wN1_N3zN2hN1 : 23.6813059 (0.25)%
C2wN2hN1_C2wN2hN1 : 23.3358887 (0.25)%
C2hC1wN1_N3zN2hN1 : 23.2448898 (0.25)%
   N2hN1_N3wC1wN1 : 21.9109542 (0.23)%
C2zC1wN1_C2zC1wN1 : 21.5872952 (0.23)%
      C2wN1_C2wN1 : 20.7139017 (0.22)%
C2hC1wN1_C2hC1wN1 : 19.9574753 (0.21)%
   C1wN1_N4wC1wN1 : 18.8854901 (0.20)%
   C1wN1_N3zN2hN1 : 18.6127712 (0.20)%
      N3zN1_N4hN1 : 18.5512371 (0.20)%
   N3zN1_N4hN2hN1 : 17.5832618 (0.19)%
            N1_N1 : 15.7543495 (0.17)%
      N2hN1_N3zN1 : 15.3554824 (0.16)%
   C1wN1_C2wN2hN1 : 10.9435755 (0.12)%
      N2hN1_N2hN1 : 10.8870656 (0.12)%
         C1wN1_N1 : 10.7794810 (0.11)%
   C1wN1_C2zC1wN1 : 10.5255835 (0.11)%
      C1wN1_C2wN1 : 10.3104595 (0.11)%
   C1wN1_C2hC1wN1 : 10.1204510 (0.11)%
   N3zN2hN1_N4hN1 : 9.7944979 (0.10)%
N3zN2hN1_N4hN2hN1 : 9.2834360 (0.10)%
------------------------------------------------------------
                                SUM=91.16%

SHOWING PROCESSES TO GET 90.00% SUSY COVERAGE
---------------  Output inclusive processes  ---------------
The total xsec = 9465.74 [fb]
The total rate = 100.00%
            Modes : xsec/fb      (rate)
      C1wN1_N2hN1 : 4120.2936504 (43.53)%
      C1wN1_C1wN1 : 2130.4818194 (22.51)%
      C1wN1_N2zN1 : 392.0572609 (4.14)%
C2wN2hN1_N4wC1wN1 : 90.9455409 (0.96)%
C2zC1wN1_N4wC1wN1 : 87.4718583 (0.92)%
   C2wN1_N4wC1wN1 : 85.6840909 (0.91)%
C2hC1wN1_N4wC1wN1 : 84.1050431 (0.89)%
C2wN2hN1_N3wC1wN1 : 67.9321543 (0.72)%
C2zC1wN1_N3wC1wN1 : 65.3374725 (0.69)%
N3wC1wN1_N4wC1wN1 : 65.1700178 (0.69)%
   C2wN1_N3wC1wN1 : 64.0020921 (0.68)%
C2hC1wN1_N3wC1wN1 : 62.8226158 (0.66)%
   C1wN1_N3wC1wN1 : 50.3036574 (0.53)%
   C2wN2hN1_N3zN1 : 47.6077396 (0.50)%
   C2zC1wN1_N3zN1 : 45.7893528 (0.48)%
   N3zN1_N4wC1wN1 : 45.6719983 (0.48)%
C2wN2hN1_C2zC1wN1 : 44.8891398 (0.47)%
      C2wN1_N3zN1 : 44.8535007 (0.47)%
   C2hC1wN1_N3zN1 : 44.0269083 (0.47)%
   C2wN1_C2wN2hN1 : 43.9716865 (0.46)%
C2hC1wN1_C2wN2hN1 : 43.1613448 (0.46)%
   C2wN1_C2zC1wN1 : 42.2921794 (0.45)%
C2hC1wN1_C2zC1wN1 : 41.5127888 (0.44)%
   C2hC1wN1_C2wN1 : 40.6643421 (0.43)%
   C2wN2hN1_N4hN1 : 36.9406278 (0.39)%
   C2zC1wN1_N4hN1 : 35.5296734 (0.38)%
      C1wN1_N3zN1 : 35.2534591 (0.37)%
C2wN2hN1_N4hN2hN1 : 35.0131222 (0.37)%
      C2wN1_N4hN1 : 34.8035108 (0.37)%
   C2hC1wN1_N4hN1 : 34.1621268 (0.36)%
C2zC1wN1_N4hN2hN1 : 33.6757892 (0.36)%
   C2wN1_N4hN2hN1 : 32.9875167 (0.35)%
C2hC1wN1_N4hN2hN1 : 32.3795991 (0.34)%
   N3wC1wN1_N4hN1 : 26.4710215 (0.28)%
C2wN2hN1_N3zN2hN1 : 25.1354616 (0.27)%
N3wC1wN1_N4hN2hN1 : 25.0898040 (0.27)%
C2zC1wN1_N3zN2hN1 : 24.1754077 (0.26)%
N3zN2hN1_N4wC1wN1 : 24.1134481 (0.25)%
   C2wN1_N3zN2hN1 : 23.6813059 (0.25)%
C2wN2hN1_C2wN2hN1 : 23.3358887 (0.25)%
C2hC1wN1_N3zN2hN1 : 23.2448898 (0.25)%
   N2hN1_N3wC1wN1 : 21.9109542 (0.23)%
C2zC1wN1_C2zC1wN1 : 21.5872952 (0.23)%
      C2wN1_C2wN1 : 20.7139017 (0.22)%
C2hC1wN1_C2hC1wN1 : 19.9574753 (0.21)%
   C1wN1_N4wC1wN1 : 18.8854901 (0.20)%
   C1wN1_N3zN2hN1 : 18.6127712 (0.20)%
      N3zN1_N4hN1 : 18.5512371 (0.20)%
   N3zN1_N4hN2hN1 : 17.5832618 (0.19)%
            N1_N1 : 15.7543495 (0.17)%
------------------------------------------------------------
                                SUM=90.12%
