/Users/rafalmaselek/Projects/fastlim-1.0
 
#################################################################
#                                                               #
#                                                               #
#                     This is Fastlim  ver. 1.0                 #
#                                                               #
#          A fast LHC limit calculator for BSM models.          #
#                                                               #
#                  http://cern.ch/fastlim-1.0/                  #
#                                                               #
#  for bugs/feature requests: fastlim-1.0.developers@gmail.com  #
#                                                               #
#    please refer to:                                           #
#    M.Papucci, K.Sakurai, A.Weiler, L.Zeune arXiv:1402.xxxx    #
#                                                               #
#################################################################
 

!! Masses incompatible with the data for ERER !!

!! Problem with reading tables for ER ER !! Probably mass outside the table !! Setting xsec to 10^-20 !!

!! Masses incompatible with the data for ELEL !!

!! Problem with reading tables for EL EL !! Probably mass outside the table !! Setting xsec to 10^-20 !!

!! Masses incompatible with the data for TAU1TAU1 !!

!! Problem with reading tables for TAU1 TAU1 !! Probably mass outside the table !! Setting xsec to 10^-20 !!

!! Masses incompatible with the data for TAU2TAU2 !!

!! Problem with reading tables for TAU2 TAU2 !! Probably mass outside the table !! Setting xsec to 10^-20 !!
!! EWK PROCESS C1C2 NOT FOUND !! WILL TRY TO LOOK FOR +/- MODES !!
XSEC FOUND FOR: C1-C2+
XSEC FOUND FOR: C1+C2-
!! EWK PROCESS C1N1 NOT FOUND !! WILL TRY TO LOOK FOR +/- MODES !!
XSEC FOUND FOR: C1+N1
XSEC FOUND FOR: C1-N1
!! EWK PROCESS C1N2 NOT FOUND !! WILL TRY TO LOOK FOR +/- MODES !!
XSEC FOUND FOR: C1+N2
XSEC FOUND FOR: C1-N2
!! EWK PROCESS C1N3 NOT FOUND !! WILL TRY TO LOOK FOR +/- MODES !!
XSEC FOUND FOR: C1+N3
XSEC FOUND FOR: C1-N3
!! EWK PROCESS C1N4 NOT FOUND !! WILL TRY TO LOOK FOR +/- MODES !!
XSEC FOUND FOR: C1+N4
XSEC FOUND FOR: C1-N4
!! EWK PROCESS C2N1 NOT FOUND !! WILL TRY TO LOOK FOR +/- MODES !!
XSEC FOUND FOR: C2+N1
XSEC FOUND FOR: C2-N1
!! EWK PROCESS C2N2 NOT FOUND !! WILL TRY TO LOOK FOR +/- MODES !!
XSEC FOUND FOR: C2+N2
XSEC FOUND FOR: C2-N2
!! EWK PROCESS C2N3 NOT FOUND !! WILL TRY TO LOOK FOR +/- MODES !!
XSEC FOUND FOR: C2+N3
XSEC FOUND FOR: C2-N3
!! EWK PROCESS C2N4 NOT FOUND !! WILL TRY TO LOOK FOR +/- MODES !!
XSEC FOUND FOR: C2+N4
XSEC FOUND FOR: C2-N4
---------------  Output inclusive processes  ---------------
The total xsec = 13294.55 [fb]
The total rate = 100.00%
Output upto 0.10%
            Modes : xsec/fb      (rate)
      C1wN1_N2hN1 : 5503.8430761 (41.40)%
      C1wN1_C1wN1 : 3053.6746478 (22.97)%
      C1wN1_N2zN1 : 727.8887488 (5.48)%
C2hC1wN1_N4wC1wN1 : 110.0463423 (0.83)%
C2zC1wN1_N4wC1wN1 : 108.4724656 (0.82)%
C2wN2hN1_N4wC1wN1 : 108.1075499 (0.81)%
   C2wN1_N4wC1wN1 : 103.9942236 (0.78)%
N3wC1wN1_N4wC1wN1 : 89.5519921 (0.67)%
C2hC1wN1_N3wC1wN1 : 88.0705105 (0.66)%
C2zC1wN1_N3wC1wN1 : 86.8109310 (0.65)%
C2wN2hN1_N3wC1wN1 : 86.5188875 (0.65)%
   C2wN1_N3wC1wN1 : 83.2269767 (0.63)%
   C1wN1_N3wC1wN1 : 58.9530626 (0.44)%
C2hC1wN1_C2zC1wN1 : 56.1709194 (0.42)%
C2hC1wN1_C2wN2hN1 : 55.9819530 (0.42)%
C2wN2hN1_C2zC1wN1 : 55.1813022 (0.42)%
   C2hC1wN1_C2wN1 : 53.8519256 (0.41)%
   C2wN1_C2zC1wN1 : 53.0817384 (0.40)%
   N3zN1_N4wC1wN1 : 53.0574878 (0.40)%
   C2wN1_C2wN2hN1 : 52.9031644 (0.40)%
   C2hC1wN1_N3zN1 : 52.1797442 (0.39)%
   C2zC1wN1_N3zN1 : 51.4334724 (0.39)%
   C2wN2hN1_N3zN1 : 51.2604434 (0.39)%
      C2wN1_N3zN1 : 49.3100622 (0.37)%
C2hC1wN1_N4hN2hN1 : 43.6267449 (0.33)%
C2zC1wN1_N4hN2hN1 : 43.0027977 (0.32)%
C2wN2hN1_N4hN2hN1 : 42.8581305 (0.32)%
   C2hC1wN1_N4hN1 : 42.1425800 (0.32)%
   C2zC1wN1_N4hN1 : 41.5398592 (0.31)%
   C2wN2hN1_N4hN1 : 41.4001136 (0.31)%
   C2wN1_N4hN2hN1 : 41.2274445 (0.31)%
      C2wN1_N4hN1 : 39.8249028 (0.30)%
N3wC1wN1_N4hN2hN1 : 35.5019698 (0.27)%
      C1wN1_N3zN1 : 34.9283286 (0.26)%
   N3wC1wN1_N4hN1 : 34.2942065 (0.26)%
N3zN2hN1_N4wC1wN1 : 32.7169270 (0.25)%
C2hC1wN1_N3zN2hN1 : 32.1756825 (0.24)%
C2zC1wN1_N3zN2hN1 : 31.7155077 (0.24)%
C2wN2hN1_N3zN2hN1 : 31.6088125 (0.24)%
   C2wN1_N3zN2hN1 : 30.4061457 (0.23)%
C2hC1wN1_C2hC1wN1 : 28.4929645 (0.21)%
C2zC1wN1_C2zC1wN1 : 27.6837830 (0.21)%
C2wN2hN1_C2wN2hN1 : 27.4978325 (0.21)%
      C2wN1_C2wN1 : 25.4451401 (0.19)%
   N2hN1_N3wC1wN1 : 24.9478234 (0.19)%
   C1wN1_N3zN2hN1 : 21.5379133 (0.16)%
   C1wN1_N4wC1wN1 : 21.4124695 (0.16)%
            N1_N1 : 21.1366404 (0.16)%
   N3zN1_N4hN2hN1 : 21.0340975 (0.16)%
      N3zN1_N4hN1 : 20.3185256 (0.15)%
      N2hN1_N2hN1 : 15.0307273 (0.11)%
      N2hN1_N3zN1 : 14.7810094 (0.11)%
C2wN2zN1_N4wC1wN1 : 14.2973315 (0.11)%
N3zN2hN1_N4hN2hN1 : 12.9702905 (0.10)%
------------------------------------------------------------
                                SUM=87.92%

SHOWING PROCESSES TO GET 90.00% SUSY COVERAGE
---------------  Output inclusive processes  ---------------
The total xsec = 13294.55 [fb]
The total rate = 100.00%
               Modes : xsec/fb      (rate)
         C1wN1_N2hN1 : 5503.8430761 (41.40)%
         C1wN1_C1wN1 : 3053.6746478 (22.97)%
         C1wN1_N2zN1 : 727.8887488 (5.48)%
   C2hC1wN1_N4wC1wN1 : 110.0463423 (0.83)%
   C2zC1wN1_N4wC1wN1 : 108.4724656 (0.82)%
   C2wN2hN1_N4wC1wN1 : 108.1075499 (0.81)%
      C2wN1_N4wC1wN1 : 103.9942236 (0.78)%
   N3wC1wN1_N4wC1wN1 : 89.5519921 (0.67)%
   C2hC1wN1_N3wC1wN1 : 88.0705105 (0.66)%
   C2zC1wN1_N3wC1wN1 : 86.8109310 (0.65)%
   C2wN2hN1_N3wC1wN1 : 86.5188875 (0.65)%
      C2wN1_N3wC1wN1 : 83.2269767 (0.63)%
      C1wN1_N3wC1wN1 : 58.9530626 (0.44)%
   C2hC1wN1_C2zC1wN1 : 56.1709194 (0.42)%
   C2hC1wN1_C2wN2hN1 : 55.9819530 (0.42)%
   C2wN2hN1_C2zC1wN1 : 55.1813022 (0.42)%
      C2hC1wN1_C2wN1 : 53.8519256 (0.41)%
      C2wN1_C2zC1wN1 : 53.0817384 (0.40)%
      N3zN1_N4wC1wN1 : 53.0574878 (0.40)%
      C2wN1_C2wN2hN1 : 52.9031644 (0.40)%
      C2hC1wN1_N3zN1 : 52.1797442 (0.39)%
      C2zC1wN1_N3zN1 : 51.4334724 (0.39)%
      C2wN2hN1_N3zN1 : 51.2604434 (0.39)%
         C2wN1_N3zN1 : 49.3100622 (0.37)%
   C2hC1wN1_N4hN2hN1 : 43.6267449 (0.33)%
   C2zC1wN1_N4hN2hN1 : 43.0027977 (0.32)%
   C2wN2hN1_N4hN2hN1 : 42.8581305 (0.32)%
      C2hC1wN1_N4hN1 : 42.1425800 (0.32)%
      C2zC1wN1_N4hN1 : 41.5398592 (0.31)%
      C2wN2hN1_N4hN1 : 41.4001136 (0.31)%
      C2wN1_N4hN2hN1 : 41.2274445 (0.31)%
         C2wN1_N4hN1 : 39.8249028 (0.30)%
   N3wC1wN1_N4hN2hN1 : 35.5019698 (0.27)%
         C1wN1_N3zN1 : 34.9283286 (0.26)%
      N3wC1wN1_N4hN1 : 34.2942065 (0.26)%
   N3zN2hN1_N4wC1wN1 : 32.7169270 (0.25)%
   C2hC1wN1_N3zN2hN1 : 32.1756825 (0.24)%
   C2zC1wN1_N3zN2hN1 : 31.7155077 (0.24)%
   C2wN2hN1_N3zN2hN1 : 31.6088125 (0.24)%
      C2wN1_N3zN2hN1 : 30.4061457 (0.23)%
   C2hC1wN1_C2hC1wN1 : 28.4929645 (0.21)%
   C2zC1wN1_C2zC1wN1 : 27.6837830 (0.21)%
   C2wN2hN1_C2wN2hN1 : 27.4978325 (0.21)%
         C2wN1_C2wN1 : 25.4451401 (0.19)%
      N2hN1_N3wC1wN1 : 24.9478234 (0.19)%
      C1wN1_N3zN2hN1 : 21.5379133 (0.16)%
      C1wN1_N4wC1wN1 : 21.4124695 (0.16)%
               N1_N1 : 21.1366404 (0.16)%
      N3zN1_N4hN2hN1 : 21.0340975 (0.16)%
         N3zN1_N4hN1 : 20.3185256 (0.15)%
         N2hN1_N2hN1 : 15.0307273 (0.11)%
         N2hN1_N3zN1 : 14.7810094 (0.11)%
   C2wN2zN1_N4wC1wN1 : 14.2973315 (0.11)%
   N3zN2hN1_N4hN2hN1 : 12.9702905 (0.10)%
            C1wN1_N1 : 12.7881249 (0.10)%
      N3zN2hN1_N4hN1 : 12.5290462 (0.09)%
      C1wN1_C2hC1wN1 : 12.1796252 (0.09)%
      C1wN1_C2zC1wN1 : 12.0054329 (0.09)%
      C1wN1_C2wN2hN1 : 11.9650451 (0.09)%
         C1wN1_C2wN1 : 11.5097935 (0.09)%
   C2wN2zN1_N3wC1wN1 : 11.4422094 (0.09)%
      N2hN1_N3zN2hN1 : 9.1144384 (0.07)%
      C2hC1wN1_N2hN1 : 8.9543095 (0.07)%
GbtC1wN1_GbtC2hC1wN1 : 8.9511641 (0.07)%
      C2zC1wN1_N2hN1 : 8.8262455 (0.07)%
GbtC1wN1_GbtC2zC1wN1 : 8.8231451 (0.07)%
      C2wN2hN1_N2hN1 : 8.7965528 (0.07)%
GbtC1wN1_GbtC2wN2hN1 : 8.7934628 (0.07)%
      N3hN1_N4wC1wN1 : 8.5540324 (0.06)%
      C1wN1_N4hN2hN1 : 8.4887542 (0.06)%
         C2wN1_N2hN1 : 8.4618575 (0.06)%
   GbtC1wN1_GbtC2wN1 : 8.4588851 (0.06)%
      C2hC1wN1_N3hN1 : 8.4125209 (0.06)%
      C2zC1wN1_N3hN1 : 8.2922055 (0.06)%
      C2wN2hN1_N3hN1 : 8.2643094 (0.06)%
         C1wN1_N4hN1 : 8.1999700 (0.06)%
         C2wN1_N3hN1 : 7.9498651 (0.06)%
      C2hC1wN1_N4zN1 : 7.8953751 (0.06)%
      C2zC1wN1_N4zN1 : 7.7824559 (0.06)%
      C2wN2hN1_N4zN1 : 7.7562746 (0.06)%
GbtC1wN1_GttN4wC1wN1 : 7.5142696 (0.06)%
         C2wN1_N4zN1 : 7.4611603 (0.06)%
   C2hC1wN1_C2wN2zN1 : 7.4036692 (0.06)%
   C2wN2zN1_C2zC1wN1 : 7.2977824 (0.05)%
   C2wN2hN1_C2wN2zN1 : 7.2732317 (0.05)%
------------------------------------------------------------
                                   SUM=90.05%
