/Users/rafalmaselek/Projects/fastlim-1.0
 
#################################################################
#                                                               #
#                                                               #
#                     This is Fastlim  ver. 1.0                 #
#                                                               #
#          A fast LHC limit calculator for BSM models.          #
#                                                               #
#                  http://cern.ch/fastlim-1.0/                  #
#                                                               #
#  for bugs/feature requests: fastlim-1.0.developers@gmail.com  #
#                                                               #
#    please refer to:                                           #
#    M.Papucci, K.Sakurai, A.Weiler, L.Zeune arXiv:1402.xxxx    #
#                                                               #
#################################################################
 

!! Masses incompatible with the data for ERER !!

!! Problem with reading tables for ER ER !! Probably mass outside the table !! Setting xsec to 10^-20 !!

!! Masses incompatible with the data for ELEL !!

!! Problem with reading tables for EL EL !! Probably mass outside the table !! Setting xsec to 10^-20 !!

!! Masses incompatible with the data for TAU1TAU1 !!

!! Problem with reading tables for TAU1 TAU1 !! Probably mass outside the table !! Setting xsec to 10^-20 !!

!! Masses incompatible with the data for TAU2TAU2 !!

!! Problem with reading tables for TAU2 TAU2 !! Probably mass outside the table !! Setting xsec to 10^-20 !!
!! EWK PROCESS C1C2 NOT FOUND !! WILL TRY TO LOOK FOR +/- MODES !!
XSEC FOUND FOR: C1-C2+
XSEC FOUND FOR: C1+C2-
!! EWK PROCESS C1N1 NOT FOUND !! WILL TRY TO LOOK FOR +/- MODES !!
XSEC FOUND FOR: C1+N1
XSEC FOUND FOR: C1-N1
!! EWK PROCESS C1N2 NOT FOUND !! WILL TRY TO LOOK FOR +/- MODES !!
XSEC FOUND FOR: C1+N2
XSEC FOUND FOR: C1-N2
!! EWK PROCESS C1N3 NOT FOUND !! WILL TRY TO LOOK FOR +/- MODES !!
XSEC FOUND FOR: C1+N3
XSEC FOUND FOR: C1-N3
!! EWK PROCESS C1N4 NOT FOUND !! WILL TRY TO LOOK FOR +/- MODES !!
XSEC FOUND FOR: C1+N4
XSEC FOUND FOR: C1-N4
!! EWK PROCESS C2N1 NOT FOUND !! WILL TRY TO LOOK FOR +/- MODES !!
XSEC FOUND FOR: C2+N1
XSEC FOUND FOR: C2-N1
!! EWK PROCESS C2N2 NOT FOUND !! WILL TRY TO LOOK FOR +/- MODES !!
XSEC FOUND FOR: C2+N2
XSEC FOUND FOR: C2-N2
!! EWK PROCESS C2N3 NOT FOUND !! WILL TRY TO LOOK FOR +/- MODES !!
XSEC FOUND FOR: C2+N3
XSEC FOUND FOR: C2-N3
!! EWK PROCESS C2N4 NOT FOUND !! WILL TRY TO LOOK FOR +/- MODES !!
XSEC FOUND FOR: C2+N4
XSEC FOUND FOR: C2-N4
---------------  Output inclusive processes  ---------------
The total xsec = 17186.71 [fb]
The total rate = 100.00%
Output upto 0.10%
                             Modes : xsec/fb      (rate)
          C1nTAU1taN1_N2taTAU1taN1 : 2028.7324591 (11.80)%
      QqC1nTAU1taN1_QqN2taTAU1taN1 : 1638.3745225 (9.53)%
       QqC1nTAU1taN1_QqC1nTAU1taN1 : 1602.3797289 (9.32)%
           C1nTAU1taN1_C1nTAU1taN1 : 963.6113946 (5.61)%
             QqC1nTAU1taN1_QqC1wN1 : 886.1437543 (5.16)%
                C1wN1_N2taTAU1taN1 : 560.9621007 (3.26)%
                 C1nTAU1taN1_C1wN1 : 532.8937976 (3.10)%
                 C1nTAU1taN1_N2hN1 : 469.2569278 (2.73)%
            QqC1wN1_QqN2taTAU1taN1 : 453.0247494 (2.64)%
     QqN2taTAU1taN1_QqN2taTAU1taN1 : 418.7944698 (2.44)%
             QqC1nTAU1taN1_QqN2hN1 : 378.9649993 (2.20)%
              GqQqN1_QqC1nTAU1taN1 : 278.0424977 (1.62)%
    GtT1bC1nTAU1taN1_QqC1nTAU1taN1 : 220.1443248 (1.28)%
            QqN2hN1_QqN2taTAU1taN1 : 193.7389087 (1.13)%
             GqQqN1_QqN2taTAU1taN1 : 142.1441298 (0.83)%
                       C1wN1_N2hN1 : 129.7536059 (0.75)%
                   QqC1wN1_QqC1wN1 : 122.5132126 (0.71)%
   GtT1bC1nTAU1taN1_QqN2taTAU1taN1 : 112.5447503 (0.65)%
                   QqC1wN1_QqN2hN1 : 104.7871055 (0.61)%
   GtT1tN2taTAU1taN1_QqC1nTAU1taN1 : 102.1210683 (0.59)%
                QqC1nTAU1taN1_QqN1 : 95.2754316 (0.55)%
    GbB1tC1nTAU1taN1_QqC1nTAU1taN1 : 84.6395637 (0.49)%
                    GqQqN1_QqC1wN1 : 76.8811594 (0.45)%
                       C1wN1_C1wN1 : 73.6748759 (0.43)%
          GtT1bC1nTAU1taN1_QqC1wN1 : 60.8718130 (0.35)%
          GtT1bC1wN1_QqC1nTAU1taN1 : 60.8718130 (0.35)%
             GtT1tN1_QqC1nTAU1taN1 : 59.7510850 (0.35)%
                             N1_N1 : 58.1519886 (0.34)%
  GtT1tN2taTAU1taN1_QqN2taTAU1taN1 : 52.2075240 (0.30)%
 GtT1tN3wC1nTAU1taN1_QqC1nTAU1taN1 : 48.8522937 (0.28)%
               QqN1_QqN2taTAU1taN1 : 48.7078178 (0.28)%
   GbB1bN2taTAU1taN1_QqC1nTAU1taN1 : 46.4075100 (0.27)%
 GtT2tN4wC1nTAU1taN1_QqC1nTAU1taN1 : 46.2689379 (0.27)%
   GbB1tC1nTAU1taN1_QqN2taTAU1taN1 : 43.2704253 (0.25)%
                 C1nTAU1taN1_N2zN1 : 43.0487356 (0.25)%
 GtT2hT1bC1nTAU1taN1_QqC1nTAU1taN1 : 40.4463683 (0.24)%
             QqC1nTAU1taN1_QqN2zN1 : 34.7655263 (0.20)%
                    GqQqN1_QqN2hN1 : 32.8787157 (0.19)%
 GtT1bC2hC1nTAU1taN1_QqC1nTAU1taN1 : 32.7511510 (0.19)%
 GbB1tC2hC1nTAU1taN1_QqC1nTAU1taN1 : 32.0332895 (0.19)%
     T1bC1nTAU1taN1_T1bC1nTAU1taN1 : 31.9194858 (0.19)%
 GbB2tC2hC1nTAU1taN1_QqC1nTAU1taN1 : 31.5863615 (0.18)%
         GtT1bC1wN1_QqN2taTAU1taN1 : 31.1195985 (0.18)%
            GtT1tN1_QqN2taTAU1taN1 : 30.5466468 (0.18)%
GtT1bC2wN2taTAU1taN1_QqC1nTAU1taN1 : 30.4654616 (0.18)%
 GtT1bC2zC1nTAU1taN1_QqC1nTAU1taN1 : 30.0510915 (0.17)%
GbB1tC2wN2taTAU1taN1_QqC1nTAU1taN1 : 29.7976994 (0.17)%
    T1bC1nTAU1taN1_T1tN2taTAU1taN1 : 29.6137726 (0.17)%
 GbB1tC2zC1nTAU1taN1_QqC1nTAU1taN1 : 29.3924117 (0.17)%
GbB2tC2wN2taTAU1taN1_QqC1nTAU1taN1 : 29.3819623 (0.17)%
 GbB2tC2zC1nTAU1taN1_QqC1nTAU1taN1 : 28.9823292 (0.17)%
         GtT1tN2taTAU1taN1_QqC1wN1 : 28.2373601 (0.16)%
         N2taTAU1taN1_N2taTAU1taN1 : 27.3229580 (0.16)%
                      QqC1wN1_QqN1 : 26.3444822 (0.15)%
          GtT1bC1nTAU1taN1_QqN2hN1 : 26.0322171 (0.15)%
GtT1tN3wC1nTAU1taN1_QqN2taTAU1taN1 : 24.9748396 (0.15)%
GtT2tN4hN2taTAU1taN1_QqC1nTAU1taN1 : 24.6580016 (0.14)%
  GbB1bN2taTAU1taN1_QqN2taTAU1taN1 : 23.7249888 (0.14)%
GtT2tN4wC1nTAU1taN1_QqN2taTAU1taN1 : 23.6541463 (0.14)%
GtT1tN3zN2taTAU1taN1_QqC1nTAU1taN1 : 23.6291700 (0.14)%
          GtT1tN2hN1_QqC1nTAU1taN1 : 23.6211623 (0.14)%
          GbB1tC1wN1_QqC1nTAU1taN1 : 23.4035726 (0.14)%
          GbB1tC1nTAU1taN1_QqC1wN1 : 23.4035726 (0.14)%
 GtT2tN3wC1nTAU1taN1_QqC1nTAU1taN1 : 23.1618523 (0.13)%
                   QqN2hN1_QqN2hN1 : 22.4064353 (0.13)%
 GtT2bC2hC1nTAU1taN1_QqC1nTAU1taN1 : 22.2306193 (0.13)%
    GtT1bC2nTAU1taN1_QqC1nTAU1taN1 : 21.9865204 (0.13)%
    GbB2tC1nTAU1taN1_QqC1nTAU1taN1 : 21.8249131 (0.13)%
             GtT2tN1_QqC1nTAU1taN1 : 21.6324957 (0.13)%
    GbB1tC2nTAU1taN1_QqC1nTAU1taN1 : 21.5046052 (0.13)%
    GbB2tC2nTAU1taN1_QqC1nTAU1taN1 : 21.2045733 (0.12)%
   GtT1tN3taTAU1taN1_QqC1nTAU1taN1 : 20.7441223 (0.12)%
GtT2bC2wN2taTAU1taN1_QqC1nTAU1taN1 : 20.6791535 (0.12)%
GtT2hT1bC1nTAU1taN1_QqN2taTAU1taN1 : 20.6774643 (0.12)%
 GtT2bC2zC1nTAU1taN1_QqC1nTAU1taN1 : 20.3978899 (0.12)%
GtT2hT1tN2taTAU1taN1_QqC1nTAU1taN1 : 18.7623566 (0.11)%
   GtT2tN4taTAU1taN1_QqC1nTAU1taN1 : 18.0738474 (0.11)%
            QqN2taTAU1taN1_QqN2zN1 : 17.7732380 (0.10)%
           T1bC1nTAU1taN1_T1bC1wN1 : 17.6520287 (0.10)%
              T1bC1nTAU1taN1_T1tN1 : 17.3270323 (0.10)%
                GtT1bC1wN1_QqC1wN1 : 16.8315837 (0.10)%
------------------------------------------------------------
                                                 SUM=78.01%

SHOWING PROCESSES TO GET 90.00% SUSY COVERAGE
---------------  Output inclusive processes  ---------------
The total xsec = 17186.71 [fb]
The total rate = 100.00%
                                 Modes : xsec/fb      (rate)
              C1nTAU1taN1_N2taTAU1taN1 : 2028.7324591 (11.80)%
          QqC1nTAU1taN1_QqN2taTAU1taN1 : 1638.3745225 (9.53)%
           QqC1nTAU1taN1_QqC1nTAU1taN1 : 1602.3797289 (9.32)%
               C1nTAU1taN1_C1nTAU1taN1 : 963.6113946 (5.61)%
                 QqC1nTAU1taN1_QqC1wN1 : 886.1437543 (5.16)%
                    C1wN1_N2taTAU1taN1 : 560.9621007 (3.26)%
                     C1nTAU1taN1_C1wN1 : 532.8937976 (3.10)%
                     C1nTAU1taN1_N2hN1 : 469.2569278 (2.73)%
                QqC1wN1_QqN2taTAU1taN1 : 453.0247494 (2.64)%
         QqN2taTAU1taN1_QqN2taTAU1taN1 : 418.7944698 (2.44)%
                 QqC1nTAU1taN1_QqN2hN1 : 378.9649993 (2.20)%
                  GqQqN1_QqC1nTAU1taN1 : 278.0424977 (1.62)%
        GtT1bC1nTAU1taN1_QqC1nTAU1taN1 : 220.1443248 (1.28)%
                QqN2hN1_QqN2taTAU1taN1 : 193.7389087 (1.13)%
                 GqQqN1_QqN2taTAU1taN1 : 142.1441298 (0.83)%
                           C1wN1_N2hN1 : 129.7536059 (0.75)%
                       QqC1wN1_QqC1wN1 : 122.5132126 (0.71)%
       GtT1bC1nTAU1taN1_QqN2taTAU1taN1 : 112.5447503 (0.65)%
                       QqC1wN1_QqN2hN1 : 104.7871055 (0.61)%
       GtT1tN2taTAU1taN1_QqC1nTAU1taN1 : 102.1210683 (0.59)%
                    QqC1nTAU1taN1_QqN1 : 95.2754316 (0.55)%
        GbB1tC1nTAU1taN1_QqC1nTAU1taN1 : 84.6395637 (0.49)%
                        GqQqN1_QqC1wN1 : 76.8811594 (0.45)%
                           C1wN1_C1wN1 : 73.6748759 (0.43)%
              GtT1bC1nTAU1taN1_QqC1wN1 : 60.8718130 (0.35)%
              GtT1bC1wN1_QqC1nTAU1taN1 : 60.8718130 (0.35)%
                 GtT1tN1_QqC1nTAU1taN1 : 59.7510850 (0.35)%
                                 N1_N1 : 58.1519886 (0.34)%
      GtT1tN2taTAU1taN1_QqN2taTAU1taN1 : 52.2075240 (0.30)%
     GtT1tN3wC1nTAU1taN1_QqC1nTAU1taN1 : 48.8522937 (0.28)%
                   QqN1_QqN2taTAU1taN1 : 48.7078178 (0.28)%
       GbB1bN2taTAU1taN1_QqC1nTAU1taN1 : 46.4075100 (0.27)%
     GtT2tN4wC1nTAU1taN1_QqC1nTAU1taN1 : 46.2689379 (0.27)%
       GbB1tC1nTAU1taN1_QqN2taTAU1taN1 : 43.2704253 (0.25)%
                     C1nTAU1taN1_N2zN1 : 43.0487356 (0.25)%
     GtT2hT1bC1nTAU1taN1_QqC1nTAU1taN1 : 40.4463683 (0.24)%
                 QqC1nTAU1taN1_QqN2zN1 : 34.7655263 (0.20)%
                        GqQqN1_QqN2hN1 : 32.8787157 (0.19)%
     GtT1bC2hC1nTAU1taN1_QqC1nTAU1taN1 : 32.7511510 (0.19)%
     GbB1tC2hC1nTAU1taN1_QqC1nTAU1taN1 : 32.0332895 (0.19)%
         T1bC1nTAU1taN1_T1bC1nTAU1taN1 : 31.9194858 (0.19)%
     GbB2tC2hC1nTAU1taN1_QqC1nTAU1taN1 : 31.5863615 (0.18)%
             GtT1bC1wN1_QqN2taTAU1taN1 : 31.1195985 (0.18)%
                GtT1tN1_QqN2taTAU1taN1 : 30.5466468 (0.18)%
    GtT1bC2wN2taTAU1taN1_QqC1nTAU1taN1 : 30.4654616 (0.18)%
     GtT1bC2zC1nTAU1taN1_QqC1nTAU1taN1 : 30.0510915 (0.17)%
    GbB1tC2wN2taTAU1taN1_QqC1nTAU1taN1 : 29.7976994 (0.17)%
        T1bC1nTAU1taN1_T1tN2taTAU1taN1 : 29.6137726 (0.17)%
     GbB1tC2zC1nTAU1taN1_QqC1nTAU1taN1 : 29.3924117 (0.17)%
    GbB2tC2wN2taTAU1taN1_QqC1nTAU1taN1 : 29.3819623 (0.17)%
     GbB2tC2zC1nTAU1taN1_QqC1nTAU1taN1 : 28.9823292 (0.17)%
             GtT1tN2taTAU1taN1_QqC1wN1 : 28.2373601 (0.16)%
             N2taTAU1taN1_N2taTAU1taN1 : 27.3229580 (0.16)%
                          QqC1wN1_QqN1 : 26.3444822 (0.15)%
              GtT1bC1nTAU1taN1_QqN2hN1 : 26.0322171 (0.15)%
    GtT1tN3wC1nTAU1taN1_QqN2taTAU1taN1 : 24.9748396 (0.15)%
    GtT2tN4hN2taTAU1taN1_QqC1nTAU1taN1 : 24.6580016 (0.14)%
      GbB1bN2taTAU1taN1_QqN2taTAU1taN1 : 23.7249888 (0.14)%
    GtT2tN4wC1nTAU1taN1_QqN2taTAU1taN1 : 23.6541463 (0.14)%
    GtT1tN3zN2taTAU1taN1_QqC1nTAU1taN1 : 23.6291700 (0.14)%
              GtT1tN2hN1_QqC1nTAU1taN1 : 23.6211623 (0.14)%
              GbB1tC1wN1_QqC1nTAU1taN1 : 23.4035726 (0.14)%
              GbB1tC1nTAU1taN1_QqC1wN1 : 23.4035726 (0.14)%
     GtT2tN3wC1nTAU1taN1_QqC1nTAU1taN1 : 23.1618523 (0.13)%
                       QqN2hN1_QqN2hN1 : 22.4064353 (0.13)%
     GtT2bC2hC1nTAU1taN1_QqC1nTAU1taN1 : 22.2306193 (0.13)%
        GtT1bC2nTAU1taN1_QqC1nTAU1taN1 : 21.9865204 (0.13)%
        GbB2tC1nTAU1taN1_QqC1nTAU1taN1 : 21.8249131 (0.13)%
                 GtT2tN1_QqC1nTAU1taN1 : 21.6324957 (0.13)%
        GbB1tC2nTAU1taN1_QqC1nTAU1taN1 : 21.5046052 (0.13)%
        GbB2tC2nTAU1taN1_QqC1nTAU1taN1 : 21.2045733 (0.12)%
       GtT1tN3taTAU1taN1_QqC1nTAU1taN1 : 20.7441223 (0.12)%
    GtT2bC2wN2taTAU1taN1_QqC1nTAU1taN1 : 20.6791535 (0.12)%
    GtT2hT1bC1nTAU1taN1_QqN2taTAU1taN1 : 20.6774643 (0.12)%
     GtT2bC2zC1nTAU1taN1_QqC1nTAU1taN1 : 20.3978899 (0.12)%
    GtT2hT1tN2taTAU1taN1_QqC1nTAU1taN1 : 18.7623566 (0.11)%
       GtT2tN4taTAU1taN1_QqC1nTAU1taN1 : 18.0738474 (0.11)%
                QqN2taTAU1taN1_QqN2zN1 : 17.7732380 (0.10)%
               T1bC1nTAU1taN1_T1bC1wN1 : 17.6520287 (0.10)%
                  T1bC1nTAU1taN1_T1tN1 : 17.3270323 (0.10)%
                    GtT1bC1wN1_QqC1wN1 : 16.8315837 (0.10)%
    GtT1bC2hC1nTAU1taN1_QqN2taTAU1taN1 : 16.7434256 (0.10)%
                       GtT1tN1_QqC1wN1 : 16.5216927 (0.10)%
    GbB1tC2hC1nTAU1taN1_QqN2taTAU1taN1 : 16.3764320 (0.10)%
     GbB1bN3wC1nTAU1taN1_QqC1nTAU1taN1 : 16.2650613 (0.09)%
    GbB2tC2hC1nTAU1taN1_QqN2taTAU1taN1 : 16.1479483 (0.09)%
     GbB2bN4wC1nTAU1taN1_QqC1nTAU1taN1 : 15.6437262 (0.09)%
   GtT1bC2wN2taTAU1taN1_QqN2taTAU1taN1 : 15.5749087 (0.09)%
              GtT1bC2wN1_QqC1nTAU1taN1 : 15.3899963 (0.09)%
    GtT1bC2zC1nTAU1taN1_QqN2taTAU1taN1 : 15.3630696 (0.09)%
   GbB1tC2wN2taTAU1taN1_QqN2taTAU1taN1 : 15.2335275 (0.09)%
              GbB1tC2wN1_QqC1nTAU1taN1 : 15.0526682 (0.09)%
    GbB1tC2zC1nTAU1taN1_QqN2taTAU1taN1 : 15.0263317 (0.09)%
   GbB2tC2wN2taTAU1taN1_QqN2taTAU1taN1 : 15.0209896 (0.09)%
     GbB2bN3wC1nTAU1taN1_QqC1nTAU1taN1 : 14.9723796 (0.09)%
        GtT2bC2nTAU1taN1_QqC1nTAU1taN1 : 14.9238714 (0.09)%
              GbB2tC2wN1_QqC1nTAU1taN1 : 14.8426535 (0.09)%
    GbB2tC2zC1nTAU1taN1_QqN2taTAU1taN1 : 14.8166845 (0.09)%
                 GbB1bN1_QqC1nTAU1taN1 : 14.6074043 (0.08)%
     GbB1wT1bC1nTAU1taN1_QqC1nTAU1taN1 : 14.5508125 (0.08)%
      T1bC1nTAU1taN1_T1tN3wC1nTAU1taN1 : 14.1665255 (0.08)%
     GbB1bN4wC1nTAU1taN1_QqC1nTAU1taN1 : 13.8137725 (0.08)%
           GtT1tN3wC1nTAU1taN1_QqC1wN1 : 13.5080824 (0.08)%
           GtT1tN3wC1wN1_QqC1nTAU1taN1 : 13.5080824 (0.08)%
                        C1nTAU1taN1_N1 : 13.2591775 (0.08)%
             GbB1bN2taTAU1taN1_QqC1wN1 : 12.8320786 (0.07)%
           GtT2tN4wC1wN1_QqC1nTAU1taN1 : 12.7937622 (0.07)%
           GtT2tN4wC1nTAU1taN1_QqC1wN1 : 12.7937622 (0.07)%
                    N2hN1_N2taTAU1taN1 : 12.6398997 (0.07)%
   GtT2tN4hN2taTAU1taN1_QqN2taTAU1taN1 : 12.6059513 (0.07)%
   GtT1tN3zN2taTAU1taN1_QqN2taTAU1taN1 : 12.0799800 (0.07)%
             GtT1tN2hN1_QqN2taTAU1taN1 : 12.0758862 (0.07)%
             GtT1tN2taTAU1taN1_QqN2hN1 : 12.0758862 (0.07)%
             GbB1tC1wN1_QqN2taTAU1taN1 : 11.9646475 (0.07)%
       GbB2bN2taTAU1taN1_QqC1nTAU1taN1 : 11.9621994 (0.07)%
                           C1wN1_N2zN1 : 11.9033484 (0.07)%
    GtT2tN3wC1nTAU1taN1_QqN2taTAU1taN1 : 11.8410724 (0.07)%
    GtT2bC2hC1nTAU1taN1_QqN2taTAU1taN1 : 11.3649966 (0.07)%
                          QqN1_QqN2hN1 : 11.2663850 (0.07)%
       GtT1bC2nTAU1taN1_QqN2taTAU1taN1 : 11.2402055 (0.07)%
    GtT2tN3zN2taTAU1taN1_QqC1nTAU1taN1 : 11.2030635 (0.07)%
           GtT2hT1bC1wN1_QqC1nTAU1taN1 : 11.1837712 (0.07)%
           GtT2hT1bC1nTAU1taN1_QqC1wN1 : 11.1837712 (0.07)%
       GbB2tC1nTAU1taN1_QqN2taTAU1taN1 : 11.1575867 (0.06)%
              GtT1tN3zN1_QqC1nTAU1taN1 : 11.1466696 (0.06)%
                GtT2tN1_QqN2taTAU1taN1 : 11.0592168 (0.06)%
       GbB1tC2nTAU1taN1_QqN2taTAU1taN1 : 10.9938352 (0.06)%
              GtT2hT1tN1_QqC1nTAU1taN1 : 10.9778637 (0.06)%
       GbB2tC2nTAU1taN1_QqN2taTAU1taN1 : 10.8404494 (0.06)%
              GbB1bN2hN1_QqC1nTAU1taN1 : 10.7343112 (0.06)%
      GtT1tN3taTAU1taN1_QqN2taTAU1taN1 : 10.6050522 (0.06)%
   GtT2bC2wN2taTAU1taN1_QqN2taTAU1taN1 : 10.5718381 (0.06)%
              GtT2bC2wN1_QqC1nTAU1taN1 : 10.4463244 (0.06)%
    GtT2bC2zC1nTAU1taN1_QqN2taTAU1taN1 : 10.4280473 (0.06)%
              GtT2tN4hN1_QqC1nTAU1taN1 : 10.3755313 (0.06)%
              GbB1tC1nTAU1taN1_QqN2hN1 : 10.0086863 (0.06)%
       GtT2tN3taTAU1taN1_QqC1nTAU1taN1 : 9.8352045 (0.06)%
                       QqC1wN1_QqN2zN1 : 9.6129692 (0.06)%
   GtT2hT1tN2taTAU1taN1_QqN2taTAU1taN1 : 9.5919109 (0.06)%
        QqC1nTAU1taN1_QqC2hC1nTAU1taN1 : 9.5521281 (0.06)%
      T1bC1nTAU1taN1_T1bC2hC1nTAU1taN1 : 9.4974049 (0.06)%
     GtT2zT1bC1nTAU1taN1_QqC1nTAU1taN1 : 9.2753861 (0.05)%
               GqQqN1_GtT1bC1nTAU1taN1 : 9.2413237 (0.05)%
      GtT2tN4taTAU1taN1_QqN2taTAU1taN1 : 9.2399232 (0.05)%
           GtT1bC2hC1nTAU1taN1_QqC1wN1 : 9.0559770 (0.05)%
           GtT1bC2hC1wN1_QqC1nTAU1taN1 : 9.0559770 (0.05)%
  GtT2hT1tN3wC1nTAU1taN1_QqC1nTAU1taN1 : 8.9754658 (0.05)%
       QqC1nTAU1taN1_QqC2wN2taTAU1taN1 : 8.8854890 (0.05)%
           GbB1tC2hC1nTAU1taN1_QqC1wN1 : 8.8574821 (0.05)%
           GbB1tC2hC1wN1_QqC1nTAU1taN1 : 8.8574821 (0.05)%
     T1bC1nTAU1taN1_T1bC2wN2taTAU1taN1 : 8.8345849 (0.05)%
        QqC1nTAU1taN1_QqC2zC1nTAU1taN1 : 8.7646347 (0.05)%
           GbB2tC2hC1wN1_QqC1nTAU1taN1 : 8.7339026 (0.05)%
           GbB2tC2hC1nTAU1taN1_QqC1wN1 : 8.7339026 (0.05)%
      T1bC1nTAU1taN1_T1bC2zC1nTAU1taN1 : 8.7144230 (0.05)%
          GtT1bC2wN2taTAU1taN1_QqC1wN1 : 8.4239641 (0.05)%
    GbB2bN4hN2taTAU1taN1_QqC1nTAU1taN1 : 8.3369760 (0.05)%
    GbB1bN3wC1nTAU1taN1_QqN2taTAU1taN1 : 8.3152144 (0.05)%
           GtT1bC2zC1nTAU1taN1_QqC1wN1 : 8.3093871 (0.05)%
           GtT1bC2zC1wN1_QqC1nTAU1taN1 : 8.3093871 (0.05)%
                           GqQqN1_QqN1 : 8.2660241 (0.05)%
          GbB1tC2wN2taTAU1taN1_QqC1wN1 : 8.2393220 (0.05)%
              T1bC1wN1_T1tN2taTAU1taN1 : 8.1884647 (0.05)%
           GbB1tC2zC1wN1_QqC1nTAU1taN1 : 8.1272565 (0.05)%
           GbB1tC2zC1nTAU1taN1_QqC1wN1 : 8.1272565 (0.05)%
          GbB2tC2wN2taTAU1taN1_QqC1wN1 : 8.1243671 (0.05)%
                 T1tN1_T1tN2taTAU1taN1 : 8.0377046 (0.05)%
           GbB2tC2zC1wN1_QqC1nTAU1taN1 : 8.0138651 (0.05)%
           GbB2tC2zC1nTAU1taN1_QqC1wN1 : 8.0138651 (0.05)%
    GbB2bN4wC1nTAU1taN1_QqN2taTAU1taN1 : 7.9975682 (0.05)%
             GtT1bC2wN1_QqN2taTAU1taN1 : 7.8678535 (0.05)%
    GbB1bN3zN2taTAU1taN1_QqC1nTAU1taN1 : 7.8671823 (0.05)%
         C2hC1nTAU1taN1_N3wC1nTAU1taN1 : 7.7835370 (0.05)%
             GbB1tC2wN1_QqN2taTAU1taN1 : 7.6954006 (0.04)%
    GbB2bN3wC1nTAU1taN1_QqN2taTAU1taN1 : 7.6543546 (0.04)%
       GtT2bC2nTAU1taN1_QqN2taTAU1taN1 : 7.6295556 (0.04)%
             GbB2tC2wN1_QqN2taTAU1taN1 : 7.5880345 (0.04)%
         C2hC1nTAU1taN1_N4wC1nTAU1taN1 : 7.5880322 (0.04)%
                GbB1bN1_QqN2taTAU1taN1 : 7.4677677 (0.04)%
    GbB1wT1bC1nTAU1taN1_QqN2taTAU1taN1 : 7.4388362 (0.04)%
    GbB1bN4hN2taTAU1taN1_QqC1nTAU1taN1 : 7.3617428 (0.04)%
    GbB2bN3zN2taTAU1taN1_QqC1nTAU1taN1 : 7.2419302 (0.04)%
        C2wN2taTAU1taN1_N3wC1nTAU1taN1 : 7.2403271 (0.04)%
                    GtT1bC1wN1_QqN2hN1 : 7.1981336 (0.04)%
         C2zC1nTAU1taN1_N3wC1nTAU1taN1 : 7.1418492 (0.04)%
                       GtT1tN1_QqN2hN1 : 7.0656067 (0.04)%
    GbB1bN4wC1nTAU1taN1_QqN2taTAU1taN1 : 7.0620379 (0.04)%
        C2wN2taTAU1taN1_N4wC1nTAU1taN1 : 7.0584666 (0.04)%
           GtT1bC2wN2hN1_QqC1nTAU1taN1 : 7.0468281 (0.04)%
         C2zC1nTAU1taN1_N4wC1nTAU1taN1 : 6.9624622 (0.04)%
       GbB1bN3taTAU1taN1_QqC1nTAU1taN1 : 6.9066239 (0.04)%
          GtT1tN3wC1wN1_QqN2taTAU1taN1 : 6.9057595 (0.04)%
           GbB1tC2wN2hN1_QqC1nTAU1taN1 : 6.8923710 (0.04)%
       T1tN2taTAU1taN1_T1tN2taTAU1taN1 : 6.8686533 (0.04)%
     T1bC1nTAU1taN1_T1tN3zN2taTAU1taN1 : 6.8521499 (0.04)%
               T1bC1nTAU1taN1_T1tN2hN1 : 6.8498278 (0.04)%
          GtT2tN4hN2taTAU1taN1_QqC1wN1 : 6.8181511 (0.04)%
           GbB2tC2wN2hN1_QqC1nTAU1taN1 : 6.7962088 (0.04)%
    GbB1wT1tN2taTAU1taN1_QqC1nTAU1taN1 : 6.7498652 (0.04)%
     T1tN2taTAU1taN1_T1tN3wC1nTAU1taN1 : 6.5716012 (0.04)%
                 GtT1bC1nTAU1taN1_QqN1 : 6.5447488 (0.04)%
          GtT2tN4wC1wN1_QqN2taTAU1taN1 : 6.5405764 (0.04)%
          GtT1tN3zN2taTAU1taN1_QqC1wN1 : 6.5336702 (0.04)%
                    GtT1tN2hN1_QqC1wN1 : 6.5314560 (0.04)%
                    GbB1tC1wN1_QqC1wN1 : 6.4712906 (0.04)%
           QqC1nTAU1taN1_QqC2nTAU1taN1 : 6.4125398 (0.04)%
           GtT2tN3wC1nTAU1taN1_QqC1wN1 : 6.4044528 (0.04)%
           GtT2tN3wC1wN1_QqC1nTAU1taN1 : 6.4044528 (0.04)%
        QqC1nTAU1taN1_QqN4wC1nTAU1taN1 : 6.3855928 (0.04)%
         T1bC1nTAU1taN1_T1bC2nTAU1taN1 : 6.3758030 (0.04)%
         N3wC1nTAU1taN1_N4wC1nTAU1taN1 : 6.3753290 (0.04)%
       GbB2bN3taTAU1taN1_QqC1nTAU1taN1 : 6.3577132 (0.04)%
           GtT2bC2hC1wN1_QqC1nTAU1taN1 : 6.1469588 (0.04)%
           GtT2bC2hC1nTAU1taN1_QqC1wN1 : 6.1469588 (0.04)%
      GbB2bN2taTAU1taN1_QqN2taTAU1taN1 : 6.1154551 (0.04)%
       GbB2bN4taTAU1taN1_QqC1nTAU1taN1 : 6.1108453 (0.04)%
              GtT1bC2nTAU1taN1_QqC1wN1 : 6.0794634 (0.04)%
              GbB2tC1nTAU1taN1_QqC1wN1 : 6.0347776 (0.04)%
              GbB2tC1wN1_QqC1nTAU1taN1 : 6.0347776 (0.04)%
  GtT2hT1bC2hC1nTAU1taN1_QqC1nTAU1taN1 : 6.0172576 (0.04)%
        T1bC1nTAU1taN1_T1tN3taTAU1taN1 : 6.0155238 (0.04)%
                       GtT2tN1_QqC1wN1 : 5.9815725 (0.03)%
              GbB1tC2nTAU1taN1_QqC1wN1 : 5.9462097 (0.03)%
     GbB2wT1bC1nTAU1taN1_QqC1nTAU1taN1 : 5.9065463 (0.03)%
              GbB2tC2nTAU1taN1_QqC1wN1 : 5.8632482 (0.03)%
                         GqQqN1_GqQqN1 : 5.8359004 (0.03)%
           GtT1tN3wC1nTAU1taN1_QqN2hN1 : 5.7768172 (0.03)%
             GtT1tN3taTAU1taN1_QqC1wN1 : 5.7359295 (0.03)%
   GtT2tN3zN2taTAU1taN1_QqN2taTAU1taN1 : 5.7273608 (0.03)%
          GtT2bC2wN2taTAU1taN1_QqC1wN1 : 5.7179651 (0.03)%
          GtT2hT1bC1wN1_QqN2taTAU1taN1 : 5.7174980 (0.03)%
           GtT2tN4hN2hN1_QqC1nTAU1taN1 : 5.7035308 (0.03)%
             GtT1tN3zN1_QqN2taTAU1taN1 : 5.6985305 (0.03)%
           GtT2bC2zC1nTAU1taN1_QqC1wN1 : 5.6401933 (0.03)%
           GtT2bC2zC1wN1_QqC1nTAU1taN1 : 5.6401933 (0.03)%
             GtT2hT1tN1_QqN2taTAU1taN1 : 5.6122316 (0.03)%
 GtT2hT1bC2wN2taTAU1taN1_QqC1nTAU1taN1 : 5.5973157 (0.03)%
                       N1_N2taTAU1taN1 : 5.5449286 (0.03)%
  GtT2hT1bC2zC1nTAU1taN1_QqC1nTAU1taN1 : 5.5211849 (0.03)%
             GbB1bN2taTAU1taN1_QqN2hN1 : 5.4877198 (0.03)%
             GbB1bN2hN1_QqN2taTAU1taN1 : 5.4877198 (0.03)%
           GtT2tN4wC1nTAU1taN1_QqN2hN1 : 5.4713336 (0.03)%
           GtT1tN3zN2hN1_QqC1nTAU1taN1 : 5.4655564 (0.03)%
       GbB1bN4taTAU1taN1_QqC1nTAU1taN1 : 5.3960179 (0.03)%
             GtT2bC2wN1_QqN2taTAU1taN1 : 5.3404919 (0.03)%
   GtT1bC2taNUTwTAU1taN1_QqC1nTAU1taN1 : 5.3076641 (0.03)%
             GtT2tN4hN1_QqN2taTAU1taN1 : 5.3043001 (0.03)%
              GtT2tN3zN1_QqC1nTAU1taN1 : 5.2848596 (0.03)%
            C2nTAU1taN1_N3wC1nTAU1taN1 : 5.2252483 (0.03)%
   GbB1tC2taNUTwTAU1taN1_QqC1nTAU1taN1 : 5.1913272 (0.03)%
          GtT2hT1tN2taTAU1taN1_QqC1wN1 : 5.1879542 (0.03)%
   GbB2tC2taNUTwTAU1taN1_QqC1nTAU1taN1 : 5.1188979 (0.03)%
            C2nTAU1taN1_N4wC1nTAU1taN1 : 5.0940019 (0.03)%
      GtT2tN3taTAU1taN1_QqN2taTAU1taN1 : 5.0280680 (0.03)%
             GtT2tN4taTAU1taN1_QqC1wN1 : 4.9975754 (0.03)%
       QqC2hC1nTAU1taN1_QqN2taTAU1taN1 : 4.8833504 (0.03)%
                        T1bC1wN1_T1tN1 : 4.7910745 (0.03)%
           GtT2bC2wN2hN1_QqC1nTAU1taN1 : 4.7832014 (0.03)%
           GtT2hT1bC1nTAU1taN1_QqN2hN1 : 4.7828107 (0.03)%
    GtT2zT1bC1nTAU1taN1_QqN2taTAU1taN1 : 4.7418711 (0.03)%
          GtT1bC2hC1wN1_QqN2taTAU1taN1 : 4.6297022 (0.03)%
 GtT2hT1tN3wC1nTAU1taN1_QqN2taTAU1taN1 : 4.5885424 (0.03)%
      QqC2wN2taTAU1taN1_QqN2taTAU1taN1 : 4.5425433 (0.03)%
          GbB1tC2hC1wN1_QqN2taTAU1taN1 : 4.5282253 (0.03)%
           GbB1bN3wC1wN1_QqC1nTAU1taN1 : 4.4974304 (0.03)%
           GbB1bN3wC1nTAU1taN1_QqC1wN1 : 4.4974304 (0.03)%
                 QqC1nTAU1taN1_QqC2wN1 : 4.4886122 (0.03)%
       QqC2zC1nTAU1taN1_QqN2taTAU1taN1 : 4.4807588 (0.03)%
          GbB2tC2hC1wN1_QqN2taTAU1taN1 : 4.4650476 (0.03)%
               T1bC1nTAU1taN1_T1bC2wN1 : 4.4628974 (0.03)%
     T1bC2hC1nTAU1taN1_T1tN2taTAU1taN1 : 4.4056786 (0.03)%
 GtT2hT1tN3zN2taTAU1taN1_QqC1nTAU1taN1 : 4.3413071 (0.03)%
           GtT2hT1tN2hN1_QqC1nTAU1taN1 : 4.3398358 (0.03)%
        C2hC1nTAU1taN1_C2wN2taTAU1taN1 : 4.3362962 (0.03)%
           GbB2bN4wC1nTAU1taN1_QqC1wN1 : 4.3256258 (0.03)%
           GbB2bN4wC1wN1_QqC1nTAU1taN1 : 4.3256258 (0.03)%
    GtT2zT1tN2taTAU1taN1_QqC1nTAU1taN1 : 4.3026880 (0.03)%
              GqQqN1_GtT1tN2taTAU1taN1 : 4.2868870 (0.02)%
         C2hC1nTAU1taN1_C2zC1nTAU1taN1 : 4.2773169 (0.02)%
   GbB2bN4hN2taTAU1taN1_QqN2taTAU1taN1 : 4.2621261 (0.02)%
                    GtT1bC2wN1_QqC1wN1 : 4.2554673 (0.02)%
          GtT1bC2zC1wN1_QqN2taTAU1taN1 : 4.2480219 (0.02)%
                    GbB1tC2wN1_QqC1wN1 : 4.1621932 (0.02)%
          GbB1tC2zC1wN1_QqN2taTAU1taN1 : 4.1549109 (0.02)%
           GbB2bN3wC1nTAU1taN1_QqC1wN1 : 4.1399927 (0.02)%
           GbB2bN3wC1wN1_QqC1nTAU1taN1 : 4.1399927 (0.02)%
              GtT2bC2nTAU1taN1_QqC1wN1 : 4.1265797 (0.02)%
                       QqN2hN1_QqN2zN1 : 4.1110473 (0.02)%
                    GbB2tC2wN1_QqC1wN1 : 4.1041223 (0.02)%
    T1bC2wN2taTAU1taN1_T1tN2taTAU1taN1 : 4.0982081 (0.02)%
          GbB2tC2zC1wN1_QqN2taTAU1taN1 : 4.0969416 (0.02)%
        C2hC1nTAU1taN1_N4hN2taTAU1taN1 : 4.0438730 (0.02)%
     T1bC2zC1nTAU1taN1_T1tN2taTAU1taN1 : 4.0424671 (0.02)%
     GtT2hT1bC2nTAU1taN1_QqC1nTAU1taN1 : 4.0395086 (0.02)%
                       GbB1bN1_QqC1wN1 : 4.0390738 (0.02)%
           GbB1wT1bC1nTAU1taN1_QqC1wN1 : 4.0234257 (0.02)%
           GbB1wT1bC1wN1_QqC1nTAU1taN1 : 4.0234257 (0.02)%
   GbB1bN3zN2taTAU1taN1_QqN2taTAU1taN1 : 4.0219527 (0.02)%
        C2wN2taTAU1taN1_C2zC1nTAU1taN1 : 3.9788047 (0.02)%
              GbB1wT1tN1_QqC1nTAU1taN1 : 3.9493493 (0.02)%
            T1bC1wN1_T1tN3wC1nTAU1taN1 : 3.9171670 (0.02)%
            T1bC1nTAU1taN1_T1tN3wC1wN1 : 3.9171670 (0.02)%
           GtT1bC2hC1nTAU1taN1_QqN2hN1 : 3.8728460 (0.02)%
               T1tN1_T1tN3wC1nTAU1taN1 : 3.8450470 (0.02)%
           GbB1bN4wC1nTAU1taN1_QqC1wN1 : 3.8196278 (0.02)%
           GbB1bN4wC1wN1_QqC1nTAU1taN1 : 3.8196278 (0.02)%
    GtT2hT1tN3taTAU1taN1_QqC1nTAU1taN1 : 3.8112471 (0.02)%
           GbB1tC2hC1nTAU1taN1_QqN2hN1 : 3.7879584 (0.02)%
        C2hC1nTAU1taN1_N3zN2taTAU1taN1 : 3.7647878 (0.02)%
   GbB1bN4hN2taTAU1taN1_QqN2taTAU1taN1 : 3.7635561 (0.02)%
       C2wN2taTAU1taN1_N4hN2taTAU1taN1 : 3.7616528 (0.02)%
           GbB2tC2hC1nTAU1taN1_QqN2hN1 : 3.7351089 (0.02)%
                 GtT1tN3wC1wN1_QqC1wN1 : 3.7351018 (0.02)%
                 GbB2bN1_QqC1nTAU1taN1 : 3.7191380 (0.02)%
              GbB1bN3zN1_QqC1nTAU1taN1 : 3.7112129 (0.02)%
        C2zC1nTAU1taN1_N4hN2taTAU1taN1 : 3.7104894 (0.02)%
   GbB2bN3zN2taTAU1taN1_QqN2taTAU1taN1 : 3.7023041 (0.02)%
                              C1wN1_N1 : 3.6662774 (0.02)%
     GtT1bC1nTAU1taN1_GtT1bC1nTAU1taN1 : 3.6584784 (0.02)%
                  C2wN1_N3wC1nTAU1taN1 : 3.6575388 (0.02)%
   GtT2bC2taNUTwTAU1taN1_QqC1nTAU1taN1 : 3.6027027 (0.02)%
          GtT1bC2wN2hN1_QqN2taTAU1taN1 : 3.6025617 (0.02)%
          GtT1bC2wN2taTAU1taN1_QqN2hN1 : 3.6025617 (0.02)%
                  C2wN1_N4wC1nTAU1taN1 : 3.5656697 (0.02)%
           GtT1bC2zC1nTAU1taN1_QqN2hN1 : 3.5535621 (0.02)%
               GbB1tC1nTAU1taN1_GqQqN1 : 3.5530401 (0.02)%
                 GtT2tN4wC1wN1_QqC1wN1 : 3.5375861 (0.02)%
      GbB1bN3taTAU1taN1_QqN2taTAU1taN1 : 3.5308849 (0.02)%
          GbB1tC2wN2hN1_QqN2taTAU1taN1 : 3.5235983 (0.02)%
          GbB1tC2wN2taTAU1taN1_QqN2hN1 : 3.5235983 (0.02)%
              GbB2bN4hN1_QqC1nTAU1taN1 : 3.5080116 (0.02)%
       C2wN2taTAU1taN1_N3zN2taTAU1taN1 : 3.5020448 (0.02)%
           GbB1tC2zC1nTAU1taN1_QqN2hN1 : 3.4756728 (0.02)%
          GbB2tC2wN2hN1_QqN2taTAU1taN1 : 3.4744371 (0.02)%
          GbB2tC2wN2taTAU1taN1_QqN2hN1 : 3.4744371 (0.02)%
        C2zC1nTAU1taN1_N3zN2taTAU1taN1 : 3.4544124 (0.02)%
   GbB1wT1tN2taTAU1taN1_QqN2taTAU1taN1 : 3.4507448 (0.02)%
           GbB2tC2zC1nTAU1taN1_QqN2hN1 : 3.4271803 (0.02)%
              GbB2bN3zN1_QqC1nTAU1taN1 : 3.4162606 (0.02)%
     GtT1tN4wC1nTAU1taN1_QqC1nTAU1taN1 : 3.4160892 (0.02)%
       QqC1nTAU1taN1_QqN4hN2taTAU1taN1 : 3.4030597 (0.02)%
        N3wC1nTAU1taN1_N4hN2taTAU1taN1 : 3.3975898 (0.02)%
    GtT1bC1nTAU1taN1_GtT1tN2taTAU1taN1 : 3.3942072 (0.02)%
             GbB2bN2taTAU1taN1_QqC1wN1 : 3.3076518 (0.02)%
           C2hC1nTAU1taN1_N3taTAU1taN1 : 3.3051190 (0.02)%
          QqC2nTAU1taN1_QqN2taTAU1taN1 : 3.2782934 (0.02)%
          GtT2tN3wC1wN1_QqN2taTAU1taN1 : 3.2741591 (0.02)%
       QqN2taTAU1taN1_QqN4wC1nTAU1taN1 : 3.2645172 (0.02)%
      GbB2bN3taTAU1taN1_QqN2taTAU1taN1 : 3.2502643 (0.02)%
        B1bN2taTAU1taN1_B1tC1nTAU1taN1 : 3.2457803 (0.02)%
               T1bC1nTAU1taN1_T1tN3zN1 : 3.2323882 (0.02)%
  GbB1wT1tN3wC1nTAU1taN1_QqC1nTAU1taN1 : 3.2289752 (0.02)%
    T1tN2taTAU1taN1_T1tN3zN2taTAU1taN1 : 3.1785915 (0.02)%
              T1tN2hN1_T1tN2taTAU1taN1 : 3.1775143 (0.02)%
          GtT2bC2hC1wN1_QqN2taTAU1taN1 : 3.1425200 (0.02)%
            C2hC1nTAU1taN1_C2nTAU1taN1 : 3.1294476 (0.02)%
      GbB2bN4taTAU1taN1_QqN2taTAU1taN1 : 3.1240576 (0.02)%
          GtT2tN3zN2taTAU1taN1_QqC1wN1 : 3.0977441 (0.02)%
              GbB1bN4hN1_QqC1nTAU1taN1 : 3.0976555 (0.02)%
        GtT2bC1nTAU1taN1_QqC1nTAU1taN1 : 3.0936602 (0.02)%
                 GtT2hT1bC1wN1_QqC1wN1 : 3.0924096 (0.02)%
             GbB2tC1wN1_QqN2taTAU1taN1 : 3.0851694 (0.02)%
        N3zN2taTAU1taN1_N4wC1nTAU1taN1 : 3.0836573 (0.02)%
                    GtT1tN3zN1_QqC1wN1 : 3.0821507 (0.02)%
 GtT2hT1bC2hC1nTAU1taN1_QqN2taTAU1taN1 : 3.0762126 (0.02)%
          C2wN2taTAU1taN1_N3taTAU1taN1 : 3.0744561 (0.02)%
                GtT1tN2taTAU1taN1_QqN1 : 3.0359935 (0.02)%
                    GtT2hT1tN1_QqC1wN1 : 3.0354744 (0.02)%
           C2zC1nTAU1taN1_N3taTAU1taN1 : 3.0326395 (0.02)%
    GbB2wT1bC1nTAU1taN1_QqN2taTAU1taN1 : 3.0196135 (0.02)%
                        GqQqN1_QqN2zN1 : 3.0162307 (0.02)%
                    GbB1bN2hN1_QqC1wN1 : 2.9681300 (0.02)%
           C2hC1nTAU1taN1_N4taTAU1taN1 : 2.9640822 (0.02)%
         B1tC1nTAU1taN1_B1tC1nTAU1taN1 : 2.9598811 (0.02)%
        T1bC2nTAU1taN1_T1tN2taTAU1taN1 : 2.9576225 (0.02)%
          GtT2tN4hN2hN1_QqN2taTAU1taN1 : 2.9158256 (0.02)%
          GtT2tN4hN2taTAU1taN1_QqN2hN1 : 2.9158256 (0.02)%
           C2nTAU1taN1_C2wN2taTAU1taN1 : 2.9110447 (0.02)%
                    GtT2bC2wN1_QqC1wN1 : 2.8884992 (0.02)%
          GtT2bC2zC1wN1_QqN2taTAU1taN1 : 2.8834454 (0.02)%
            C2nTAU1taN1_C2zC1nTAU1taN1 : 2.8714507 (0.02)%
                    GtT2tN4hN1_QqC1wN1 : 2.8689243 (0.02)%
GtT2hT1bC2wN2taTAU1taN1_QqN2taTAU1taN1 : 2.8615250 (0.02)%
           GtT2hT1bC2wN1_QqC1nTAU1taN1 : 2.8275517 (0.02)%
 GtT2hT1bC2zC1nTAU1taN1_QqN2taTAU1taN1 : 2.8226045 (0.02)%
     GbB1tC1nTAU1taN1_GtT1bC1nTAU1taN1 : 2.8131728 (0.02)%
          GtT1tN3zN2hN1_QqN2taTAU1taN1 : 2.7941655 (0.02)%
          GtT1tN3zN2taTAU1taN1_QqN2hN1 : 2.7941655 (0.02)%
                    GtT1tN2hN1_QqN2hN1 : 2.7932186 (0.02)%
       T1tN2taTAU1taN1_T1tN3taTAU1taN1 : 2.7904954 (0.02)%
                    GbB1tC1wN1_QqN2hN1 : 2.7674885 (0.02)%
              GbB2bN2hN1_QqC1nTAU1taN1 : 2.7669222 (0.02)%
      GbB1bN4taTAU1taN1_QqN2taTAU1taN1 : 2.7586152 (0.02)%
          C2wN2taTAU1taN1_N4taTAU1taN1 : 2.7572201 (0.02)%
    GbB2wT1tN2taTAU1taN1_QqC1nTAU1taN1 : 2.7399426 (0.02)%
           GtT2tN3wC1nTAU1taN1_QqN2hN1 : 2.7389049 (0.02)%
           C2zC1nTAU1taN1_N4taTAU1taN1 : 2.7197183 (0.02)%
             GtT2tN3taTAU1taN1_QqC1wN1 : 2.7195192 (0.02)%
------------------------------------------------------------
                                                     SUM=90.01%
