/Users/rafalmaselek/Projects/fastlim-1.0
 
#################################################################
#                                                               #
#                                                               #
#                     This is Fastlim  ver. 1.0                 #
#                                                               #
#          A fast LHC limit calculator for BSM models.          #
#                                                               #
#                  http://cern.ch/fastlim-1.0/                  #
#                                                               #
#  for bugs/feature requests: fastlim-1.0.developers@gmail.com  #
#                                                               #
#    please refer to:                                           #
#    M.Papucci, K.Sakurai, A.Weiler, L.Zeune arXiv:1402.xxxx    #
#                                                               #
#################################################################
 

!! Masses incompatible with the data for ERER !!

!! Problem with reading tables for ER ER !! Probably mass outside the table !! Setting xsec to 10^-20 !!

!! Masses incompatible with the data for ELEL !!

!! Problem with reading tables for EL EL !! Probably mass outside the table !! Setting xsec to 10^-20 !!

!! Masses incompatible with the data for TAU1TAU1 !!

!! Problem with reading tables for TAU1 TAU1 !! Probably mass outside the table !! Setting xsec to 10^-20 !!

!! Masses incompatible with the data for TAU2TAU2 !!

!! Problem with reading tables for TAU2 TAU2 !! Probably mass outside the table !! Setting xsec to 10^-20 !!
!! EWK PROCESS C1C2 NOT FOUND !! WILL TRY TO LOOK FOR +/- MODES !!
XSEC FOUND FOR: C1-C2+
XSEC FOUND FOR: C1+C2-
!! EWK PROCESS C1N1 NOT FOUND !! WILL TRY TO LOOK FOR +/- MODES !!
XSEC FOUND FOR: C1+N1
XSEC FOUND FOR: C1-N1
!! EWK PROCESS C1N2 NOT FOUND !! WILL TRY TO LOOK FOR +/- MODES !!
XSEC FOUND FOR: C1+N2
XSEC FOUND FOR: C1-N2
!! EWK PROCESS C1N3 NOT FOUND !! WILL TRY TO LOOK FOR +/- MODES !!
XSEC FOUND FOR: C1+N3
XSEC FOUND FOR: C1-N3
!! EWK PROCESS C1N4 NOT FOUND !! WILL TRY TO LOOK FOR +/- MODES !!
XSEC FOUND FOR: C1+N4
XSEC FOUND FOR: C1-N4
!! EWK PROCESS C2N1 NOT FOUND !! WILL TRY TO LOOK FOR +/- MODES !!
XSEC FOUND FOR: C2+N1
XSEC FOUND FOR: C2-N1
!! EWK PROCESS C2N2 NOT FOUND !! WILL TRY TO LOOK FOR +/- MODES !!
XSEC FOUND FOR: C2+N2
XSEC FOUND FOR: C2-N2
!! EWK PROCESS C2N3 NOT FOUND !! WILL TRY TO LOOK FOR +/- MODES !!
XSEC FOUND FOR: C2+N3
XSEC FOUND FOR: C2-N3
!! EWK PROCESS C2N4 NOT FOUND !! WILL TRY TO LOOK FOR +/- MODES !!
XSEC FOUND FOR: C2+N4
XSEC FOUND FOR: C2-N4
---------------  Output inclusive processes  ---------------
The total xsec = 7841.11 [fb]
The total rate = 100.00%
Output upto 0.10%
                        Modes : xsec/fb      (rate)
                  C1wN1_N2hN1 : 3578.7114893 (45.64)%
                  C1wN1_C1wN1 : 1942.9839068 (24.78)%
                  C1wN1_N2zN1 : 497.0147733 (6.34)%
            C2hC1wN1_N3wC1wN1 : 31.3351899 (0.40)%
            C2hC1wN1_N4wC1wN1 : 30.4347894 (0.39)%
            C2zC1wN1_N3wC1wN1 : 27.8694510 (0.36)%
            C2zC1wN1_N4wC1wN1 : 27.0686367 (0.35)%
            N3wC1wN1_N4wC1wN1 : 26.5046350 (0.34)%
            C2wN2hN1_N3wC1wN1 : 24.5536848 (0.31)%
            C2wN2hN1_N4wC1wN1 : 23.8481473 (0.30)%
                        N1_N1 : 22.1581483 (0.28)%
            C2hC1wN1_C2zC1wN1 : 18.1883365 (0.23)%
            C2hC1wN1_C2wN2hN1 : 16.0243803 (0.20)%
                  N2hN1_N2hN1 : 14.8643393 (0.19)%
            C2hC1wN1_N4hN2hN1 : 14.4615496 (0.18)%
            C2wN2hN1_C2zC1wN1 : 14.2520496 (0.18)%
               C2wN1_N3wC1wN1 : 13.5899483 (0.17)%
               C2wN1_N4wC1wN1 : 13.1994481 (0.17)%
            C2hC1wN1_N3zN2hN1 : 13.0335374 (0.17)%
            C2zC1wN1_N4hN2hN1 : 12.8620713 (0.16)%
            N3wC1wN1_N4hN2hN1 : 12.5940774 (0.16)%
            C2zC1wN1_N3zN2hN1 : 11.5920003 (0.15)%
        GtT1tN3wC1wN1_QqC1wN1 : 11.3409746 (0.14)%
            C2wN2hN1_N4hN2hN1 : 11.3318072 (0.14)%
            N3zN2hN1_N4wC1wN1 : 11.0243197 (0.14)%
            C2hC1wN1_C2hC1wN1 : 10.2250844 (0.13)%
            C2wN2hN1_N3zN2hN1 : 10.2128428 (0.13)%
  GtT1bC2hC1wN1_GtT1tN3wC1wN1 : 9.6360647 (0.12)%
      QqC1wN1_QqGtT1tN3wC1wN1 : 9.6311462 (0.12)%
GtT1tN3wC1wN1_QqGtT1tN3wC1wN1 : 9.2978975 (0.12)%
        GtT1bC2hC1wN1_QqC1wN1 : 9.2084561 (0.12)%
               C2hC1wN1_C2wN1 : 8.8691576 (0.11)%
     GtT1bC1wN1_GtT1tN3wC1wN1 : 8.8669846 (0.11)%
  GtT1bC2zC1wN1_GtT1tN3wC1wN1 : 8.5702954 (0.11)%
           GtT1bC1wN1_QqC1wN1 : 8.4735046 (0.11)%
        GtT1bC2zC1wN1_QqC1wN1 : 8.1899812 (0.10)%
            C2zC1wN1_C2zC1wN1 : 8.0883338 (0.10)%
               C2wN1_C2zC1wN1 : 7.8882098 (0.10)%
      QqC1wN1_QqGtT1bC2hC1wN1 : 7.8201381 (0.10)%
------------------------------------------------------------
                                            SUM=83.48%

SHOWING PROCESSES TO GET 90.00% SUSY COVERAGE
---------------  Output inclusive processes  ---------------
The total xsec = 7841.11 [fb]
The total rate = 100.00%
                          Modes : xsec/fb      (rate)
                    C1wN1_N2hN1 : 3578.7114893 (45.64)%
                    C1wN1_C1wN1 : 1942.9839068 (24.78)%
                    C1wN1_N2zN1 : 497.0147733 (6.34)%
              C2hC1wN1_N3wC1wN1 : 31.3351899 (0.40)%
              C2hC1wN1_N4wC1wN1 : 30.4347894 (0.39)%
              C2zC1wN1_N3wC1wN1 : 27.8694510 (0.36)%
              C2zC1wN1_N4wC1wN1 : 27.0686367 (0.35)%
              N3wC1wN1_N4wC1wN1 : 26.5046350 (0.34)%
              C2wN2hN1_N3wC1wN1 : 24.5536848 (0.31)%
              C2wN2hN1_N4wC1wN1 : 23.8481473 (0.30)%
                          N1_N1 : 22.1581483 (0.28)%
              C2hC1wN1_C2zC1wN1 : 18.1883365 (0.23)%
              C2hC1wN1_C2wN2hN1 : 16.0243803 (0.20)%
                    N2hN1_N2hN1 : 14.8643393 (0.19)%
              C2hC1wN1_N4hN2hN1 : 14.4615496 (0.18)%
              C2wN2hN1_C2zC1wN1 : 14.2520496 (0.18)%
                 C2wN1_N3wC1wN1 : 13.5899483 (0.17)%
                 C2wN1_N4wC1wN1 : 13.1994481 (0.17)%
              C2hC1wN1_N3zN2hN1 : 13.0335374 (0.17)%
              C2zC1wN1_N4hN2hN1 : 12.8620713 (0.16)%
              N3wC1wN1_N4hN2hN1 : 12.5940774 (0.16)%
              C2zC1wN1_N3zN2hN1 : 11.5920003 (0.15)%
          GtT1tN3wC1wN1_QqC1wN1 : 11.3409746 (0.14)%
              C2wN2hN1_N4hN2hN1 : 11.3318072 (0.14)%
              N3zN2hN1_N4wC1wN1 : 11.0243197 (0.14)%
              C2hC1wN1_C2hC1wN1 : 10.2250844 (0.13)%
              C2wN2hN1_N3zN2hN1 : 10.2128428 (0.13)%
    GtT1bC2hC1wN1_GtT1tN3wC1wN1 : 9.6360647 (0.12)%
        QqC1wN1_QqGtT1tN3wC1wN1 : 9.6311462 (0.12)%
  GtT1tN3wC1wN1_QqGtT1tN3wC1wN1 : 9.2978975 (0.12)%
          GtT1bC2hC1wN1_QqC1wN1 : 9.2084561 (0.12)%
                 C2hC1wN1_C2wN1 : 8.8691576 (0.11)%
       GtT1bC1wN1_GtT1tN3wC1wN1 : 8.8669846 (0.11)%
    GtT1bC2zC1wN1_GtT1tN3wC1wN1 : 8.5702954 (0.11)%
             GtT1bC1wN1_QqC1wN1 : 8.4735046 (0.11)%
          GtT1bC2zC1wN1_QqC1wN1 : 8.1899812 (0.10)%
              C2zC1wN1_C2zC1wN1 : 8.0883338 (0.10)%
                 C2wN1_C2zC1wN1 : 7.8882098 (0.10)%
        QqC1wN1_QqGtT1bC2hC1wN1 : 7.8201381 (0.10)%
    GtT1bC2wN2hN1_GtT1tN3wC1wN1 : 7.5506450 (0.10)%
  GtT1tN3wC1wN1_QqGtT1bC2hC1wN1 : 7.5495524 (0.10)%
  GtT1bC2hC1wN1_QqGtT1tN3wC1wN1 : 7.5495524 (0.10)%
                       C1wN1_N1 : 7.4529044 (0.10)%
          GtT1bC2wN2hN1_QqC1wN1 : 7.2155787 (0.09)%
       GtT1bC1wN1_GtT1bC2hC1wN1 : 7.1996668 (0.09)%
           QqC1wN1_QqGtT1bC1wN1 : 7.1959920 (0.09)%
    GtT1tN3wC1wN1_GtT1tN4wC1wN1 : 7.1257943 (0.09)%
    GtT1bC2hC1wN1_GtT1bC2zC1wN1 : 6.9587661 (0.09)%
        QqC1wN1_QqGtT1bC2zC1wN1 : 6.9552141 (0.09)%
                 C2wN1_C2wN2hN1 : 6.9497105 (0.09)%
     GtT1tN3wC1wN1_QqGtT1bC1wN1 : 6.9470024 (0.09)%
     GtT1bC1wN1_QqGtT1tN3wC1wN1 : 6.9470024 (0.09)%
          GtT1tN4wC1wN1_QqC1wN1 : 6.8095811 (0.09)%
                 C2hC1wN1_N3zN1 : 6.7825372 (0.09)%
  GtT1tN3wC1wN1_QqGtT1bC2zC1wN1 : 6.7145557 (0.09)%
  GtT1bC2zC1wN1_QqGtT1tN3wC1wN1 : 6.7145557 (0.09)%
QqGtT1bC2hC1wN1_QqGtT1tN3wC1wN1 : 6.4113399 (0.08)%
       GtT1bC1wN1_GtT1bC2zC1wN1 : 6.4033683 (0.08)%
                 C2hC1wN1_N4hN1 : 6.2817557 (0.08)%
              C2wN2hN1_C2wN2hN1 : 6.2782064 (0.08)%
                 C2wN1_N4hN2hN1 : 6.2719170 (0.08)%
    GtT1bC2hC1wN1_GtT1bC2wN2hN1 : 6.1308473 (0.08)%
  GtT1bC2hC1wN1_QqGtT1bC2hC1wN1 : 6.1299601 (0.08)%
        QqC1wN1_QqGtT1bC2wN2hN1 : 6.1277180 (0.08)%
                 C2zC1wN1_N3zN1 : 6.0323741 (0.08)%
    GtT1tN3wC1wN1_GtT1tN3wC1wN1 : 5.9338049 (0.08)%
  GtT1tN3wC1wN1_QqGtT1bC2wN2hN1 : 5.9156919 (0.08)%
  GtT1bC2wN2hN1_QqGtT1tN3wC1wN1 : 5.9156919 (0.08)%
   QqGtT1bC1wN1_QqGtT1tN3wC1wN1 : 5.8996337 (0.08)%
                QqC1wN1_QqC1wN1 : 5.8737249 (0.07)%
                 C1wN1_N3wC1wN1 : 5.8325011 (0.07)%
    GtT1bC2hC1wN1_GtT1tN4wC1wN1 : 5.7858841 (0.07)%
        QqC1wN1_QqGtT1tN4wC1wN1 : 5.7829308 (0.07)%
                 N3zN1_N4wC1wN1 : 5.7369581 (0.07)%
QqGtT1bC2zC1wN1_QqGtT1tN3wC1wN1 : 5.7022320 (0.07)%
                 C2wN1_N3zN2hN1 : 5.6525937 (0.07)%
       GtT1bC1wN1_GtT1bC2wN2hN1 : 5.6415280 (0.07)%
     GtT1bC2hC1wN1_QqGtT1bC1wN1 : 5.6407116 (0.07)%
     GtT1bC1wN1_QqGtT1bC2hC1wN1 : 5.6407116 (0.07)%
                 C2zC1wN1_N4hN1 : 5.5869801 (0.07)%
  GtT1tN3wC1wN1_QqGtT1tN4wC1wN1 : 5.5828348 (0.07)%
  GtT1tN4wC1wN1_QqGtT1tN3wC1wN1 : 5.5828348 (0.07)%
                 N3wC1wN1_N4hN1 : 5.4705699 (0.07)%
    GtT1bC2wN2hN1_GtT1bC2zC1wN1 : 5.4527625 (0.07)%
  GtT1bC2hC1wN1_QqGtT1bC2zC1wN1 : 5.4519734 (0.07)%
  GtT1bC2zC1wN1_QqGtT1bC2hC1wN1 : 5.4519734 (0.07)%
       GtT1bC1wN1_GtT1tN4wC1wN1 : 5.3240972 (0.07)%
                 C2wN2hN1_N3zN1 : 5.3146728 (0.07)%
              N3zN2hN1_N4hN2hN1 : 5.2383719 (0.07)%
        GtT1bC1wN1_QqGtT1bC1wN1 : 5.1905113 (0.07)%
                QqC1wN1_QqN2hN1 : 5.1826780 (0.07)%
    GtT1bC2zC1wN1_GtT1tN4wC1wN1 : 5.1459529 (0.07)%
QqGtT1bC2wN2hN1_QqGtT1tN3wC1wN1 : 5.0238093 (0.06)%
     GtT1bC1wN1_QqGtT1bC2zC1wN1 : 5.0168368 (0.06)%
     GtT1bC2zC1wN1_QqGtT1bC1wN1 : 5.0168368 (0.06)%
          GtT1tN3wC1wN1_QqN2hN1 : 5.0033513 (0.06)%
    GtT1tN3wC1wN1_GtT1tN3zN2hN1 : 4.9362055 (0.06)%
                 C2wN2hN1_N4hN1 : 4.9222695 (0.06)%
  GtT1bC2zC1wN1_QqGtT1bC2zC1wN1 : 4.8489735 (0.06)%
  GtT1bC2hC1wN1_QqGtT1bC2wN2hN1 : 4.8033252 (0.06)%
  GtT1bC2wN2hN1_QqGtT1bC2hC1wN1 : 4.8033252 (0.06)%
   QqGtT1bC1wN1_QqGtT1bC2hC1wN1 : 4.7902866 (0.06)%
QqGtT1tN3wC1wN1_QqGtT1tN4wC1wN1 : 4.7411356 (0.06)%
          GtT1tN3zN2hN1_QqC1wN1 : 4.7171572 (0.06)%
QqGtT1bC2hC1wN1_QqGtT1bC2zC1wN1 : 4.6300036 (0.06)%
    GtT1bC2wN2hN1_GtT1tN4wC1wN1 : 4.5337135 (0.06)%
  GtT1bC2hC1wN1_QqGtT1tN4wC1wN1 : 4.5330574 (0.06)%
  GtT1tN4wC1wN1_QqGtT1bC2hC1wN1 : 4.5330574 (0.06)%
     GtT1bC1wN1_QqGtT1bC2wN2hN1 : 4.4199590 (0.06)%
     GtT1bC2wN2hN1_QqGtT1bC1wN1 : 4.4199590 (0.06)%
  GtT1bC2zC1wN1_QqGtT1bC2wN2hN1 : 4.2720672 (0.05)%
  GtT1bC2wN2hN1_QqGtT1bC2zC1wN1 : 4.2720672 (0.05)%
   QqGtT1bC1wN1_QqGtT1bC2zC1wN1 : 4.2604706 (0.05)%
        QqGtT1tN3wC1wN1_QqN2hN1 : 4.2490183 (0.05)%
       GtT1bC2wN1_GtT1tN3wC1wN1 : 4.1791233 (0.05)%
     GtT1bC1wN1_QqGtT1tN4wC1wN1 : 4.1712620 (0.05)%
     GtT1tN4wC1wN1_QqGtT1bC1wN1 : 4.1712620 (0.05)%
                    N2hN1_N2zN1 : 4.1287465 (0.05)%
QqGtT1bC2hC1wN1_QqGtT1bC2wN2hN1 : 4.0791492 (0.05)%
          GtT1bC2hC1wN1_QqN2hN1 : 4.0625381 (0.05)%
  GtT1bC2zC1wN1_QqGtT1tN4wC1wN1 : 4.0316916 (0.05)%
  GtT1tN4wC1wN1_QqGtT1bC2zC1wN1 : 4.0316916 (0.05)%
    GtT1bC2hC1wN1_GtT1tN3zN2hN1 : 4.0080181 (0.05)%
        QqC1wN1_QqGtT1tN3zN2hN1 : 4.0059723 (0.05)%
             GtT1bC2wN1_QqC1wN1 : 3.9936711 (0.05)%
QqGtT1tN3wC1wN1_QqGtT1tN3wC1wN1 : 3.9480474 (0.05)%
    GtT1bC2hC1wN1_GtT1bC2hC1wN1 : 3.9120659 (0.05)%
  GtT1tN3zN2hN1_QqGtT1tN3wC1wN1 : 3.8673611 (0.05)%
  GtT1tN3wC1wN1_QqGtT1tN3zN2hN1 : 3.8673611 (0.05)%
QqGtT1bC2hC1wN1_QqGtT1tN4wC1wN1 : 3.8496285 (0.05)%
  GtT1bC2wN2hN1_QqGtT1bC2wN2hN1 : 3.7637983 (0.05)%
   QqGtT1bC1wN1_QqGtT1bC2wN2hN1 : 3.7535814 (0.05)%
             GtT1bC1wN1_QqN2hN1 : 3.7382961 (0.05)%
       GtT1bC1wN1_GtT1tN3zN2hN1 : 3.6881275 (0.05)%
       GtT1tN2hN1_GtT1tN3wC1wN1 : 3.6834020 (0.05)%
------------------------------------------------------------
                                              SUM=90.03%
