/Users/rafalmaselek/Projects/fastlim-1.0
 
#################################################################
#                                                               #
#                                                               #
#                     This is Fastlim  ver. 1.0                 #
#                                                               #
#          A fast LHC limit calculator for BSM models.          #
#                                                               #
#                  http://cern.ch/fastlim-1.0/                  #
#                                                               #
#  for bugs/feature requests: fastlim-1.0.developers@gmail.com  #
#                                                               #
#    please refer to:                                           #
#    M.Papucci, K.Sakurai, A.Weiler, L.Zeune arXiv:1402.xxxx    #
#                                                               #
#################################################################
 

!! Masses incompatible with the data for ERER !!

!! Problem with reading tables for ER ER !! Probably mass outside the table !! Setting xsec to 10^-20 !!

!! Masses incompatible with the data for ELEL !!

!! Problem with reading tables for EL EL !! Probably mass outside the table !! Setting xsec to 10^-20 !!

!! Masses incompatible with the data for TAU1TAU1 !!

!! Problem with reading tables for TAU1 TAU1 !! Probably mass outside the table !! Setting xsec to 10^-20 !!

!! Masses incompatible with the data for TAU2TAU2 !!

!! Problem with reading tables for TAU2 TAU2 !! Probably mass outside the table !! Setting xsec to 10^-20 !!
!! EWK PROCESS C1C2 NOT FOUND !! WILL TRY TO LOOK FOR +/- MODES !!
XSEC FOUND FOR: C1-C2+
XSEC FOUND FOR: C1+C2-
!! EWK PROCESS C1N1 NOT FOUND !! WILL TRY TO LOOK FOR +/- MODES !!
XSEC FOUND FOR: C1+N1
XSEC FOUND FOR: C1-N1
!! EWK PROCESS C1N2 NOT FOUND !! WILL TRY TO LOOK FOR +/- MODES !!
XSEC FOUND FOR: C1+N2
XSEC FOUND FOR: C1-N2
!! EWK PROCESS C1N3 NOT FOUND !! WILL TRY TO LOOK FOR +/- MODES !!
XSEC FOUND FOR: C1+N3
XSEC FOUND FOR: C1-N3
!! EWK PROCESS C1N4 NOT FOUND !! WILL TRY TO LOOK FOR +/- MODES !!
XSEC FOUND FOR: C1+N4
XSEC FOUND FOR: C1-N4
!! EWK PROCESS C2N1 NOT FOUND !! WILL TRY TO LOOK FOR +/- MODES !!
XSEC FOUND FOR: C2+N1
XSEC FOUND FOR: C2-N1
!! EWK PROCESS C2N2 NOT FOUND !! WILL TRY TO LOOK FOR +/- MODES !!
XSEC FOUND FOR: C2+N2
XSEC FOUND FOR: C2-N2
!! EWK PROCESS C2N3 NOT FOUND !! WILL TRY TO LOOK FOR +/- MODES !!
XSEC FOUND FOR: C2+N3
XSEC FOUND FOR: C2-N3
!! EWK PROCESS C2N4 NOT FOUND !! WILL TRY TO LOOK FOR +/- MODES !!
XSEC FOUND FOR: C2+N4
XSEC FOUND FOR: C2-N4
---------------  Output inclusive processes  ---------------
The total xsec = 468697.30 [fb]
The total rate = 100.00%
Output upto 0.10%
                    Modes : xsec/fb      (rate)
              C1wN1_N2hN1 : 83719.8330830 (17.86)%
              C1wN1_C1wN1 : 51375.6774604 (10.96)%
              C1wN1_N2zN1 : 19189.7161154 (4.09)%
      GbtC1wN1_QqGbtC1wN1 : 4353.3701318 (0.93)%
        GbtC1wN1_GbtC1wN1 : 4293.6814810 (0.92)%
        GbtC1wN1_GqqC1wN1 : 4095.7384071 (0.87)%
           GbtC1wN1_GttN1 : 3769.4719564 (0.80)%
        GbbN2hN1_GbtC1wN1 : 3198.6404316 (0.68)%
     GbtC1wN1_GbtC2zC1wN1 : 3097.6446891 (0.66)%
     GbtC1wN1_GbtC2hC1wN1 : 3052.4940776 (0.65)%
     GbtC1wN1_GbtC2wN2hN1 : 2652.9783812 (0.57)%
         GbtC1wN1_QqC1wN1 : 2544.7281116 (0.54)%
      GqqC1wN1_QqGbtC1wN1 : 2076.3376752 (0.44)%
      GbtC1wN1_QqGqqC1wN1 : 2076.3376752 (0.44)%
         GttN1_QqGbtC1wN1 : 1910.9366520 (0.41)%
         GbtC1wN1_QqGttN1 : 1910.9366520 (0.41)%
           GqqC1wN1_GttN1 : 1797.8477368 (0.38)%
        GbtC1wN1_GqqN2hN1 : 1666.6503503 (0.36)%
      GbbN2hN1_QqGbtC1wN1 : 1621.5531798 (0.35)%
      GbtC1wN1_QqGbbN2hN1 : 1621.5531798 (0.35)%
   GbtC2zC1wN1_QqGbtC1wN1 : 1570.3533120 (0.34)%
   GbtC1wN1_QqGbtC2zC1wN1 : 1570.3533120 (0.34)%
   GbtC2hC1wN1_QqGbtC1wN1 : 1547.4641754 (0.33)%
   GbtC1wN1_QqGbtC2hC1wN1 : 1547.4641754 (0.33)%
        GbbN2hN1_GqqC1wN1 : 1525.5899307 (0.33)%
     GbtC2zC1wN1_GqqC1wN1 : 1477.4200626 (0.32)%
     GbtC2hC1wN1_GqqC1wN1 : 1455.8855013 (0.31)%
           GbbN2hN1_GttN1 : 1404.0614632 (0.30)%
        GbtC2zC1wN1_GttN1 : 1359.7288059 (0.29)%
   GbtC1wN1_QqGbtC2wN2hN1 : 1344.9293917 (0.29)%
   GbtC2wN2hN1_QqGbtC1wN1 : 1344.9293917 (0.29)%
        GbtC2hC1wN1_GttN1 : 1339.9096875 (0.29)%
        GbtC1wN1_GbtC2wN1 : 1334.4730793 (0.28)%
       QqC1wN1_QqGbtC1wN1 : 1311.6235051 (0.28)%
           GbtC1wN1_GqqN1 : 1300.7131529 (0.28)%
     GbtC2wN2hN1_GqqC1wN1 : 1265.3366927 (0.27)%
     GbtC1wN1_GttN4wC1wN1 : 1256.4079149 (0.27)%
         GqqC1wN1_QqC1wN1 : 1213.7067815 (0.26)%
        GbtC2wN2hN1_GttN1 : 1164.5399936 (0.25)%
     GbbN2hN1_GbtC2zC1wN1 : 1153.8177190 (0.25)%
     GbbN2hN1_GbtC2hC1wN1 : 1136.9999169 (0.24)%
    QqGbtC1wN1_QqGbtC1wN1 : 1121.9239033 (0.24)%
            GttN1_QqC1wN1 : 1117.0229203 (0.24)%
  GbtC2hC1wN1_GbtC2zC1wN1 : 1101.0996169 (0.23)%
    QqGbtC1wN1_QqGqqC1wN1 : 1070.2020727 (0.23)%
     GbbN3wC1wN1_GbtC1wN1 : 1055.0207154 (0.23)%
         GbtC1wN1_QqN2hN1 : 1049.4606701 (0.22)%
      GqqC1wN1_QqGqqC1wN1 : 990.3082006 (0.21)%
     GbbN2hN1_GbtC2wN2hN1 : 988.1874042 (0.21)%
       QqGbtC1wN1_QqGttN1 : 984.9497941 (0.21)%
        GqqC1wN1_GqqC1wN1 : 976.7301775 (0.21)%
  GbtC2wN2hN1_GbtC2zC1wN1 : 956.9857975 (0.20)%
         GbbN2hN1_QqC1wN1 : 947.8660983 (0.20)%
  GbtC2hC1wN1_GbtC2wN2hN1 : 943.0369757 (0.20)%
     GbbN4wC1wN1_GbtC1wN1 : 931.8277686 (0.20)%
      GbtC2zC1wN1_QqC1wN1 : 917.9376201 (0.20)%
         GttN1_QqGqqC1wN1 : 911.4202664 (0.19)%
         GqqC1wN1_QqGttN1 : 911.4202664 (0.19)%
      GbtC2hC1wN1_QqC1wN1 : 904.5579562 (0.19)%
     GbtC1wN1_GttN3wC1wN1 : 883.8697509 (0.19)%
      GqqN2hN1_QqGbtC1wN1 : 844.9096524 (0.18)%
      GbtC1wN1_QqGqqN2hN1 : 844.9096524 (0.18)%
            GttN1_QqGttN1 : 838.8165438 (0.18)%
    QqGbbN2hN1_QqGbtC1wN1 : 835.7935199 (0.18)%
              GttN1_GttN1 : 827.3156086 (0.18)%
 QqGbtC1wN1_QqGbtC2zC1wN1 : 809.4036868 (0.17)%
 QqGbtC1wN1_QqGbtC2hC1wN1 : 797.6059904 (0.17)%
        GqqC1wN1_GqqN2hN1 : 794.9080388 (0.17)%
      GbtC2wN2hN1_QqC1wN1 : 786.1678487 (0.17)%
      GqqC1wN1_QqGbbN2hN1 : 773.3989663 (0.17)%
      GbbN2hN1_QqGqqC1wN1 : 773.3989663 (0.17)%
        GbtC1wN1_GttN2hN1 : 769.5282336 (0.16)%
   GbtC2zC1wN1_QqGqqC1wN1 : 748.9792153 (0.16)%
   GqqC1wN1_QqGbtC2zC1wN1 : 748.9792153 (0.16)%
           GbbN1_GbtC1wN1 : 742.1428884 (0.16)%
   GbtC2hC1wN1_QqGqqC1wN1 : 738.0622532 (0.16)%
   GqqC1wN1_QqGbtC2hC1wN1 : 738.0622532 (0.16)%
        GbbN2zN1_GbtC1wN1 : 733.1715745 (0.16)%
           GqqN2hN1_GttN1 : 731.5856782 (0.16)%
         GttN1_QqGbbN2hN1 : 711.7900180 (0.15)%
         GbbN2hN1_QqGttN1 : 711.7900180 (0.15)%
 QqGbtC1wN1_QqGbtC2wN2hN1 : 693.2139410 (0.15)%
      GbtC2zC1wN1_QqGttN1 : 689.3155439 (0.15)%
      GttN1_QqGbtC2zC1wN1 : 689.3155439 (0.15)%
        N3wC1wN1_N4wC1wN1 : 686.8077125 (0.15)%
        C2zC1wN1_N4wC1wN1 : 684.8014192 (0.15)%
      GbtC2hC1wN1_QqGttN1 : 679.2682269 (0.14)%
      GttN1_QqGbtC2hC1wN1 : 679.2682269 (0.14)%
      GbtC2wN1_QqGbtC1wN1 : 676.5121343 (0.14)%
      GbtC1wN1_QqGbtC2wN1 : 676.5121343 (0.14)%
        C2hC1wN1_N4wC1wN1 : 674.8198991 (0.14)%
        C2zC1wN1_N3wC1wN1 : 674.1375705 (0.14)%
        C2hC1wN1_N3wC1wN1 : 664.3114843 (0.14)%
         GqqN1_QqGbtC1wN1 : 659.3975141 (0.14)%
         GbtC1wN1_QqGqqN1 : 659.3975141 (0.14)%
   GqqC1wN1_QqGbtC2wN2hN1 : 641.4633909 (0.14)%
   GbtC2wN2hN1_QqGqqC1wN1 : 641.4633909 (0.14)%
   GttN4wC1wN1_QqGbtC1wN1 : 636.9369403 (0.14)%
   GbtC1wN1_QqGttN4wC1wN1 : 636.9369403 (0.14)%
        GbtC2wN1_GqqC1wN1 : 636.4762580 (0.14)%
       QqC1wN1_QqGqqC1wN1 : 625.5781652 (0.13)%
        GbbN2hN1_GqqN2hN1 : 620.7977023 (0.13)%
           GqqC1wN1_GqqN1 : 620.3744782 (0.13)%
     GbtC1wN1_GbtC2wN2zN1 : 608.0984651 (0.13)%
      GbbN2hN1_QqGbbN2hN1 : 603.9998060 (0.13)%
     GbtC2zC1wN1_GqqN2hN1 : 601.1962728 (0.13)%
     GqqC1wN1_GttN4wC1wN1 : 599.2431174 (0.13)%
        GbbN2hN1_GbbN2hN1 : 595.7184211 (0.13)%
     GbtC2hC1wN1_GqqN2hN1 : 592.4333636 (0.13)%
      GttN1_QqGbtC2wN2hN1 : 590.3644283 (0.13)%
      GbtC2wN2hN1_QqGttN1 : 590.3644283 (0.13)%
        C2wN2hN1_N4wC1wN1 : 586.4983053 (0.13)%
           GbtC2wN1_GttN1 : 585.7745703 (0.12)%
   GbbN2hN1_QqGbtC2zC1wN1 : 584.9287631 (0.12)%
   GbtC2zC1wN1_QqGbbN2hN1 : 584.9287631 (0.12)%
        C2wN2hN1_N3wC1wN1 : 577.3652500 (0.12)%
   GbtC2hC1wN1_QqGbbN2hN1 : 576.4029656 (0.12)%
   GbbN2hN1_QqGbtC2hC1wN1 : 576.4029656 (0.12)%
          QqC1wN1_QqGttN1 : 575.7446194 (0.12)%
              GqqN1_GttN1 : 570.9554580 (0.12)%
GbtC2zC1wN1_QqGbtC2zC1wN1 : 566.4598804 (0.12)%
  GbtC2zC1wN1_GbtC2zC1wN1 : 558.6932020 (0.12)%
GbtC2hC1wN1_QqGbtC2zC1wN1 : 558.2032815 (0.12)%
GbtC2zC1wN1_QqGbtC2hC1wN1 : 558.2032815 (0.12)%
        GttN1_GttN4wC1wN1 : 551.5074211 (0.12)%
GbtC2hC1wN1_QqGbtC2hC1wN1 : 550.0670289 (0.12)%
  GbtC2hC1wN1_GbtC2hC1wN1 : 542.5251113 (0.12)%
       QqGbtC1wN1_QqN2hN1 : 540.9211602 (0.12)%
   GbbN3wC1wN1_QqGbtC1wN1 : 534.8435475 (0.11)%
   GbtC1wN1_QqGbbN3wC1wN1 : 534.8435475 (0.11)%
     GbtC2wN2hN1_GqqN2hN1 : 514.8946618 (0.11)%
     GbbN3wC1wN1_GqqC1wN1 : 503.1915948 (0.11)%
   GbbN2hN1_QqGbtC2wN2hN1 : 500.9623500 (0.11)%
   GbtC2wN2hN1_QqGbbN2hN1 : 500.9623500 (0.11)%
         GqqC1wN1_QqN2hN1 : 500.5397341 (0.11)%
        GbbN2hN1_GbtC2wN1 : 497.0675591 (0.11)%
         GqqN2hN1_QqC1wN1 : 493.8852611 (0.11)%
     T1bC1wN1_T1tN3wC1wN1 : 491.8108745 (0.10)%
       QqC1wN1_QqGbbN2hN1 : 488.5564979 (0.10)%
GbtC2zC1wN1_QqGbtC2wN2hN1 : 485.1446720 (0.10)%
GbtC2wN2hN1_QqGbtC2zC1wN1 : 485.1446720 (0.10)%
           GbbN2hN1_GqqN1 : 484.4925851 (0.10)%
     GbtC2wN1_GbtC2zC1wN1 : 481.3728574 (0.10)%
GbtC2hC1wN1_QqGbtC2wN2hN1 : 478.0733062 (0.10)%
GbtC2wN2hN1_QqGbtC2hC1wN1 : 478.0733062 (0.10)%
     GbtC2hC1wN1_GbtC2wN1 : 474.3564689 (0.10)%
    QqC1wN1_QqGbtC2zC1wN1 : 473.1305294 (0.10)%
   GbbN4wC1wN1_QqGbtC1wN1 : 472.3907902 (0.10)%
   GbtC1wN1_QqGbbN4wC1wN1 : 472.3907902 (0.10)%
       QqGqqC1wN1_QqGttN1 : 469.7713045 (0.10)%
        GbtC2zC1wN1_GqqN1 : 469.1949331 (0.10)%
     GbbN2hN1_GttN4wC1wN1 : 467.9896696 (0.10)%
------------------------------------------------------------
                                        SUM=64.96%

SHOWING PROCESSES TO GET 90.00% SUSY COVERAGE
---------------  Output inclusive processes  ---------------
The total xsec = 468697.30 [fb]
The total rate = 100.00%
                      Modes : xsec/fb      (rate)
                C1wN1_N2hN1 : 83719.8330830 (17.86)%
                C1wN1_C1wN1 : 51375.6774604 (10.96)%
                C1wN1_N2zN1 : 19189.7161154 (4.09)%
        GbtC1wN1_QqGbtC1wN1 : 4353.3701318 (0.93)%
          GbtC1wN1_GbtC1wN1 : 4293.6814810 (0.92)%
          GbtC1wN1_GqqC1wN1 : 4095.7384071 (0.87)%
             GbtC1wN1_GttN1 : 3769.4719564 (0.80)%
          GbbN2hN1_GbtC1wN1 : 3198.6404316 (0.68)%
       GbtC1wN1_GbtC2zC1wN1 : 3097.6446891 (0.66)%
       GbtC1wN1_GbtC2hC1wN1 : 3052.4940776 (0.65)%
       GbtC1wN1_GbtC2wN2hN1 : 2652.9783812 (0.57)%
           GbtC1wN1_QqC1wN1 : 2544.7281116 (0.54)%
        GqqC1wN1_QqGbtC1wN1 : 2076.3376752 (0.44)%
        GbtC1wN1_QqGqqC1wN1 : 2076.3376752 (0.44)%
           GttN1_QqGbtC1wN1 : 1910.9366520 (0.41)%
           GbtC1wN1_QqGttN1 : 1910.9366520 (0.41)%
             GqqC1wN1_GttN1 : 1797.8477368 (0.38)%
          GbtC1wN1_GqqN2hN1 : 1666.6503503 (0.36)%
        GbbN2hN1_QqGbtC1wN1 : 1621.5531798 (0.35)%
        GbtC1wN1_QqGbbN2hN1 : 1621.5531798 (0.35)%
     GbtC2zC1wN1_QqGbtC1wN1 : 1570.3533120 (0.34)%
     GbtC1wN1_QqGbtC2zC1wN1 : 1570.3533120 (0.34)%
     GbtC2hC1wN1_QqGbtC1wN1 : 1547.4641754 (0.33)%
     GbtC1wN1_QqGbtC2hC1wN1 : 1547.4641754 (0.33)%
          GbbN2hN1_GqqC1wN1 : 1525.5899307 (0.33)%
       GbtC2zC1wN1_GqqC1wN1 : 1477.4200626 (0.32)%
       GbtC2hC1wN1_GqqC1wN1 : 1455.8855013 (0.31)%
             GbbN2hN1_GttN1 : 1404.0614632 (0.30)%
          GbtC2zC1wN1_GttN1 : 1359.7288059 (0.29)%
     GbtC1wN1_QqGbtC2wN2hN1 : 1344.9293917 (0.29)%
     GbtC2wN2hN1_QqGbtC1wN1 : 1344.9293917 (0.29)%
          GbtC2hC1wN1_GttN1 : 1339.9096875 (0.29)%
          GbtC1wN1_GbtC2wN1 : 1334.4730793 (0.28)%
         QqC1wN1_QqGbtC1wN1 : 1311.6235051 (0.28)%
             GbtC1wN1_GqqN1 : 1300.7131529 (0.28)%
       GbtC2wN2hN1_GqqC1wN1 : 1265.3366927 (0.27)%
       GbtC1wN1_GttN4wC1wN1 : 1256.4079149 (0.27)%
           GqqC1wN1_QqC1wN1 : 1213.7067815 (0.26)%
          GbtC2wN2hN1_GttN1 : 1164.5399936 (0.25)%
       GbbN2hN1_GbtC2zC1wN1 : 1153.8177190 (0.25)%
       GbbN2hN1_GbtC2hC1wN1 : 1136.9999169 (0.24)%
      QqGbtC1wN1_QqGbtC1wN1 : 1121.9239033 (0.24)%
              GttN1_QqC1wN1 : 1117.0229203 (0.24)%
    GbtC2hC1wN1_GbtC2zC1wN1 : 1101.0996169 (0.23)%
      QqGbtC1wN1_QqGqqC1wN1 : 1070.2020727 (0.23)%
       GbbN3wC1wN1_GbtC1wN1 : 1055.0207154 (0.23)%
           GbtC1wN1_QqN2hN1 : 1049.4606701 (0.22)%
        GqqC1wN1_QqGqqC1wN1 : 990.3082006 (0.21)%
       GbbN2hN1_GbtC2wN2hN1 : 988.1874042 (0.21)%
         QqGbtC1wN1_QqGttN1 : 984.9497941 (0.21)%
          GqqC1wN1_GqqC1wN1 : 976.7301775 (0.21)%
    GbtC2wN2hN1_GbtC2zC1wN1 : 956.9857975 (0.20)%
           GbbN2hN1_QqC1wN1 : 947.8660983 (0.20)%
    GbtC2hC1wN1_GbtC2wN2hN1 : 943.0369757 (0.20)%
       GbbN4wC1wN1_GbtC1wN1 : 931.8277686 (0.20)%
        GbtC2zC1wN1_QqC1wN1 : 917.9376201 (0.20)%
           GttN1_QqGqqC1wN1 : 911.4202664 (0.19)%
           GqqC1wN1_QqGttN1 : 911.4202664 (0.19)%
        GbtC2hC1wN1_QqC1wN1 : 904.5579562 (0.19)%
       GbtC1wN1_GttN3wC1wN1 : 883.8697509 (0.19)%
        GqqN2hN1_QqGbtC1wN1 : 844.9096524 (0.18)%
        GbtC1wN1_QqGqqN2hN1 : 844.9096524 (0.18)%
              GttN1_QqGttN1 : 838.8165438 (0.18)%
      QqGbbN2hN1_QqGbtC1wN1 : 835.7935199 (0.18)%
                GttN1_GttN1 : 827.3156086 (0.18)%
   QqGbtC1wN1_QqGbtC2zC1wN1 : 809.4036868 (0.17)%
   QqGbtC1wN1_QqGbtC2hC1wN1 : 797.6059904 (0.17)%
          GqqC1wN1_GqqN2hN1 : 794.9080388 (0.17)%
        GbtC2wN2hN1_QqC1wN1 : 786.1678487 (0.17)%
        GqqC1wN1_QqGbbN2hN1 : 773.3989663 (0.17)%
        GbbN2hN1_QqGqqC1wN1 : 773.3989663 (0.17)%
          GbtC1wN1_GttN2hN1 : 769.5282336 (0.16)%
     GbtC2zC1wN1_QqGqqC1wN1 : 748.9792153 (0.16)%
     GqqC1wN1_QqGbtC2zC1wN1 : 748.9792153 (0.16)%
             GbbN1_GbtC1wN1 : 742.1428884 (0.16)%
     GbtC2hC1wN1_QqGqqC1wN1 : 738.0622532 (0.16)%
     GqqC1wN1_QqGbtC2hC1wN1 : 738.0622532 (0.16)%
          GbbN2zN1_GbtC1wN1 : 733.1715745 (0.16)%
             GqqN2hN1_GttN1 : 731.5856782 (0.16)%
           GttN1_QqGbbN2hN1 : 711.7900180 (0.15)%
           GbbN2hN1_QqGttN1 : 711.7900180 (0.15)%
   QqGbtC1wN1_QqGbtC2wN2hN1 : 693.2139410 (0.15)%
        GbtC2zC1wN1_QqGttN1 : 689.3155439 (0.15)%
        GttN1_QqGbtC2zC1wN1 : 689.3155439 (0.15)%
          N3wC1wN1_N4wC1wN1 : 686.8077125 (0.15)%
          C2zC1wN1_N4wC1wN1 : 684.8014192 (0.15)%
        GbtC2hC1wN1_QqGttN1 : 679.2682269 (0.14)%
        GttN1_QqGbtC2hC1wN1 : 679.2682269 (0.14)%
        GbtC2wN1_QqGbtC1wN1 : 676.5121343 (0.14)%
        GbtC1wN1_QqGbtC2wN1 : 676.5121343 (0.14)%
          C2hC1wN1_N4wC1wN1 : 674.8198991 (0.14)%
          C2zC1wN1_N3wC1wN1 : 674.1375705 (0.14)%
          C2hC1wN1_N3wC1wN1 : 664.3114843 (0.14)%
           GqqN1_QqGbtC1wN1 : 659.3975141 (0.14)%
           GbtC1wN1_QqGqqN1 : 659.3975141 (0.14)%
     GqqC1wN1_QqGbtC2wN2hN1 : 641.4633909 (0.14)%
     GbtC2wN2hN1_QqGqqC1wN1 : 641.4633909 (0.14)%
     GttN4wC1wN1_QqGbtC1wN1 : 636.9369403 (0.14)%
     GbtC1wN1_QqGttN4wC1wN1 : 636.9369403 (0.14)%
          GbtC2wN1_GqqC1wN1 : 636.4762580 (0.14)%
         QqC1wN1_QqGqqC1wN1 : 625.5781652 (0.13)%
          GbbN2hN1_GqqN2hN1 : 620.7977023 (0.13)%
             GqqC1wN1_GqqN1 : 620.3744782 (0.13)%
       GbtC1wN1_GbtC2wN2zN1 : 608.0984651 (0.13)%
        GbbN2hN1_QqGbbN2hN1 : 603.9998060 (0.13)%
       GbtC2zC1wN1_GqqN2hN1 : 601.1962728 (0.13)%
       GqqC1wN1_GttN4wC1wN1 : 599.2431174 (0.13)%
          GbbN2hN1_GbbN2hN1 : 595.7184211 (0.13)%
       GbtC2hC1wN1_GqqN2hN1 : 592.4333636 (0.13)%
        GttN1_QqGbtC2wN2hN1 : 590.3644283 (0.13)%
        GbtC2wN2hN1_QqGttN1 : 590.3644283 (0.13)%
          C2wN2hN1_N4wC1wN1 : 586.4983053 (0.13)%
             GbtC2wN1_GttN1 : 585.7745703 (0.12)%
     GbbN2hN1_QqGbtC2zC1wN1 : 584.9287631 (0.12)%
     GbtC2zC1wN1_QqGbbN2hN1 : 584.9287631 (0.12)%
          C2wN2hN1_N3wC1wN1 : 577.3652500 (0.12)%
     GbtC2hC1wN1_QqGbbN2hN1 : 576.4029656 (0.12)%
     GbbN2hN1_QqGbtC2hC1wN1 : 576.4029656 (0.12)%
            QqC1wN1_QqGttN1 : 575.7446194 (0.12)%
                GqqN1_GttN1 : 570.9554580 (0.12)%
  GbtC2zC1wN1_QqGbtC2zC1wN1 : 566.4598804 (0.12)%
    GbtC2zC1wN1_GbtC2zC1wN1 : 558.6932020 (0.12)%
  GbtC2hC1wN1_QqGbtC2zC1wN1 : 558.2032815 (0.12)%
  GbtC2zC1wN1_QqGbtC2hC1wN1 : 558.2032815 (0.12)%
          GttN1_GttN4wC1wN1 : 551.5074211 (0.12)%
  GbtC2hC1wN1_QqGbtC2hC1wN1 : 550.0670289 (0.12)%
    GbtC2hC1wN1_GbtC2hC1wN1 : 542.5251113 (0.12)%
         QqGbtC1wN1_QqN2hN1 : 540.9211602 (0.12)%
     GbbN3wC1wN1_QqGbtC1wN1 : 534.8435475 (0.11)%
     GbtC1wN1_QqGbbN3wC1wN1 : 534.8435475 (0.11)%
       GbtC2wN2hN1_GqqN2hN1 : 514.8946618 (0.11)%
       GbbN3wC1wN1_GqqC1wN1 : 503.1915948 (0.11)%
     GbbN2hN1_QqGbtC2wN2hN1 : 500.9623500 (0.11)%
     GbtC2wN2hN1_QqGbbN2hN1 : 500.9623500 (0.11)%
           GqqC1wN1_QqN2hN1 : 500.5397341 (0.11)%
          GbbN2hN1_GbtC2wN1 : 497.0675591 (0.11)%
           GqqN2hN1_QqC1wN1 : 493.8852611 (0.11)%
       T1bC1wN1_T1tN3wC1wN1 : 491.8108745 (0.10)%
         QqC1wN1_QqGbbN2hN1 : 488.5564979 (0.10)%
  GbtC2zC1wN1_QqGbtC2wN2hN1 : 485.1446720 (0.10)%
  GbtC2wN2hN1_QqGbtC2zC1wN1 : 485.1446720 (0.10)%
             GbbN2hN1_GqqN1 : 484.4925851 (0.10)%
       GbtC2wN1_GbtC2zC1wN1 : 481.3728574 (0.10)%
  GbtC2hC1wN1_QqGbtC2wN2hN1 : 478.0733062 (0.10)%
  GbtC2wN2hN1_QqGbtC2hC1wN1 : 478.0733062 (0.10)%
       GbtC2hC1wN1_GbtC2wN1 : 474.3564689 (0.10)%
      QqC1wN1_QqGbtC2zC1wN1 : 473.1305294 (0.10)%
     GbbN4wC1wN1_QqGbtC1wN1 : 472.3907902 (0.10)%
     GbtC1wN1_QqGbbN4wC1wN1 : 472.3907902 (0.10)%
         QqGqqC1wN1_QqGttN1 : 469.7713045 (0.10)%
          GbtC2zC1wN1_GqqN1 : 469.1949331 (0.10)%
       GbbN2hN1_GttN4wC1wN1 : 467.9896696 (0.10)%
      QqC1wN1_QqGbtC2hC1wN1 : 466.2342793 (0.10)%
          GbbN3wC1wN1_GttN1 : 463.1073611 (0.10)%
          GbtC2hC1wN1_GqqN1 : 462.3560473 (0.10)%
              GttN1_QqN2hN1 : 460.6667475 (0.10)%
    GbtC2zC1wN1_GttN4wC1wN1 : 453.2130902 (0.10)%
       GbtC1wN1_GttN4hN2hN1 : 450.0054810 (0.10)%
     GttN3wC1wN1_QqGbtC1wN1 : 448.0784370 (0.10)%
     GbtC1wN1_QqGttN3wC1wN1 : 448.0784370 (0.10)%
    GbtC2hC1wN1_GttN4wC1wN1 : 446.6071524 (0.10)%
       GbbN4wC1wN1_GqqC1wN1 : 444.4347814 (0.09)%
      QqGbtC1wN1_QqGqqN2hN1 : 435.4898878 (0.09)%
       GqqC1wN1_GttN3wC1wN1 : 421.5612292 (0.09)%
  GbtC2wN2hN1_QqGbtC2wN2hN1 : 415.5022463 (0.09)%
       GbtC2wN1_GbtC2wN2hN1 : 412.2718750 (0.09)%
    GbtC2wN2hN1_GbtC2wN2hN1 : 409.8053338 (0.09)%
          GbbN4wC1wN1_GttN1 : 409.0311144 (0.09)%
      QqC1wN1_QqGbtC2wN2hN1 : 405.2127316 (0.09)%
        GqqN2hN1_QqGqqC1wN1 : 402.9792300 (0.09)%
        GqqC1wN1_QqGqqN2hN1 : 402.9792300 (0.09)%
          GbtC2wN2hN1_GqqN1 : 401.8420894 (0.09)%
      QqGbbN2hN1_QqGqqC1wN1 : 398.6312952 (0.09)%
           GbtC2wN1_QqC1wN1 : 395.4498225 (0.08)%
       GbbN2hN1_GbbN3wC1wN1 : 392.9765088 (0.08)%
           GbbN2hN1_QqN2hN1 : 390.9054905 (0.08)%
        GttN2hN1_QqGbtC1wN1 : 390.1129185 (0.08)%
        GbtC1wN1_QqGttN2hN1 : 390.1129185 (0.08)%
    GbtC2wN2hN1_GttN4wC1wN1 : 388.1544370 (0.08)%
          GttN1_GttN3wC1wN1 : 387.9796689 (0.08)%
   QqGbtC2zC1wN1_QqGqqC1wN1 : 386.0446777 (0.08)%
              GqqN1_QqC1wN1 : 385.4456065 (0.08)%
            QqC1wN1_QqC1wN1 : 383.3495780 (0.08)%
          GbtC1wN1_GqqN2zN1 : 382.0187632 (0.08)%
    GbbN3wC1wN1_GbtC2zC1wN1 : 380.5684388 (0.08)%
   QqGbtC2hC1wN1_QqGqqC1wN1 : 380.4177724 (0.08)%
        GbtC2zC1wN1_QqN2hN1 : 378.5628121 (0.08)%
           GbbN1_QqGbtC1wN1 : 376.2298971 (0.08)%
           GbtC1wN1_QqGbbN1 : 376.2298971 (0.08)%
          C2hC1wN1_C2zC1wN1 : 375.2079626 (0.08)%
    GbbN3wC1wN1_GbtC2hC1wN1 : 375.0213540 (0.08)%
        GbtC2hC1wN1_QqN2hN1 : 373.0449609 (0.08)%
        GttN4wC1wN1_QqC1wN1 : 372.3164556 (0.08)%
        GbbN2zN1_QqGbtC1wN1 : 371.6818828 (0.08)%
        GbtC1wN1_QqGbbN2zN1 : 371.6818828 (0.08)%
           GqqN2hN1_QqGttN1 : 370.8779115 (0.08)%
           GttN1_QqGqqN2hN1 : 370.8779115 (0.08)%
       GbbN3zN2hN1_GbtC1wN1 : 370.7629399 (0.08)%
          GqqC1wN1_GttN2hN1 : 367.0261005 (0.08)%
         QqGbbN2hN1_QqGttN1 : 366.8763331 (0.08)%
      QqGbtC2zC1wN1_QqGttN1 : 355.2923653 (0.08)%
             GbbN1_GqqC1wN1 : 353.9646740 (0.08)%
      QqGbtC2hC1wN1_QqGttN1 : 350.1136992 (0.07)%
          GbbN2zN1_GqqC1wN1 : 349.6858104 (0.07)%
      QqGbtC1wN1_QqGbtC2wN1 : 348.6931326 (0.07)%
       GbbN2hN1_GbbN4wC1wN1 : 347.0893206 (0.07)%
                N2hN1_N2hN1 : 345.8207192 (0.07)%
         QqGbtC1wN1_QqGqqN1 : 339.8717823 (0.07)%
             GttN1_GttN2hN1 : 337.7888077 (0.07)%
    GbbN4wC1wN1_GbtC2zC1wN1 : 336.1301195 (0.07)%
       GbbN4hN2hN1_GbtC1wN1 : 333.7511633 (0.07)%
    GbbN4wC1wN1_GbtC2hC1wN1 : 331.2307582 (0.07)%
   QqGbtC2wN2hN1_QqGqqC1wN1 : 330.6280374 (0.07)%
       GbbN2hN1_GttN3wC1wN1 : 329.2258094 (0.07)%
                      N1_N1 : 329.1527473 (0.07)%
   QqGbtC1wN1_QqGttN4wC1wN1 : 328.2949791 (0.07)%
          T1bC1wN1_T1bC1wN1 : 327.4967101 (0.07)%
          C2wN2hN1_C2zC1wN1 : 326.1000965 (0.07)%
    GbbN3wC1wN1_GbtC2wN2hN1 : 325.9379115 (0.07)%
                GbbN1_GttN1 : 325.7678542 (0.07)%
        GbtC2wN2hN1_QqN2hN1 : 324.2201922 (0.07)%
        GbtC2wN1_QqGqqC1wN1 : 322.6621192 (0.07)%
        GqqC1wN1_QqGbtC2wN1 : 322.6621192 (0.07)%
             GbbN2zN1_GttN1 : 321.8298448 (0.07)%
          C2hC1wN1_C2wN2hN1 : 321.3469307 (0.07)%
    GbtC2zC1wN1_GttN3wC1wN1 : 318.8306412 (0.07)%
            QqC1wN1_QqN2hN1 : 316.1911900 (0.07)%
        GqqN2hN1_QqGbbN2hN1 : 314.7138635 (0.07)%
        GbbN2hN1_QqGqqN2hN1 : 314.7138635 (0.07)%
           GqqN1_QqGqqC1wN1 : 314.4993097 (0.07)%
           GqqC1wN1_QqGqqN1 : 314.4993097 (0.07)%
    GbtC2hC1wN1_GttN3wC1wN1 : 314.1834335 (0.07)%
        GbbN3wC1wN1_QqC1wN1 : 312.6385696 (0.07)%
       GbtC1wN1_GttN3zN2hN1 : 310.6158415 (0.07)%
     GbtC2wN2zN1_QqGbtC1wN1 : 308.2759756 (0.07)%
     GbtC1wN1_QqGbtC2wN2zN1 : 308.2759756 (0.07)%
     GqqN2hN1_QqGbtC2zC1wN1 : 304.7769040 (0.07)%
     GbtC2zC1wN1_QqGqqN2hN1 : 304.7769040 (0.07)%
      QqGbtC2wN2hN1_QqGttN1 : 304.2902136 (0.06)%
     GqqC1wN1_QqGttN4wC1wN1 : 303.7867504 (0.06)%
     GttN4wC1wN1_QqGqqC1wN1 : 303.7867504 (0.06)%
   QqGbbN2hN1_QqGbtC2zC1wN1 : 301.4885209 (0.06)%
     GbtC2hC1wN1_QqGqqN2hN1 : 300.3345406 (0.06)%
     GqqN2hN1_QqGbtC2hC1wN1 : 300.3345406 (0.06)%
   QqGbbN2hN1_QqGbtC2hC1wN1 : 297.0940882 (0.06)%
           GbtC2wN1_QqGttN1 : 296.9588603 (0.06)%
           GttN1_QqGbtC2wN1 : 296.9588603 (0.06)%
             C2wN1_N4wC1wN1 : 295.0141641 (0.06)%
             C1wN1_N3wC1wN1 : 291.7899586 (0.06)%
             C2wN1_N3wC1wN1 : 290.4201514 (0.06)%
       GbtC2wN2zN1_GqqC1wN1 : 290.0322543 (0.06)%
              GqqN1_QqGttN1 : 289.4463002 (0.06)%
              GttN1_QqGqqN1 : 289.4463002 (0.06)%
    GbbN4wC1wN1_GbtC2wN2hN1 : 287.8787045 (0.06)%
QqGbtC2hC1wN1_QqGbtC2zC1wN1 : 287.7134658 (0.06)%
          GbbN2hN1_GttN2hN1 : 286.6356217 (0.06)%
        GttN4wC1wN1_QqGttN1 : 279.5871032 (0.06)%
        GttN1_QqGttN4wC1wN1 : 279.5871032 (0.06)%
       GbtC2zC1wN1_GttN2hN1 : 277.5852210 (0.06)%
             GbbN1_GbbN2hN1 : 276.4350662 (0.06)%
        GbbN4wC1wN1_QqC1wN1 : 276.1323037 (0.06)%
   QqGbbN3wC1wN1_QqGbtC1wN1 : 275.6732106 (0.06)%
       GbtC2hC1wN1_GttN2hN1 : 273.5391978 (0.06)%
          GbbN2hN1_GbbN2zN1 : 273.0934109 (0.06)%
    GbtC2wN2hN1_GttN3wC1wN1 : 273.0625631 (0.06)%
          GbbN1_GbtC2zC1wN1 : 267.7067439 (0.06)%
       T1bC1wN1_T1bC2zC1wN1 : 267.4773090 (0.06)%
          GbtC2wN2zN1_GttN1 : 266.9282900 (0.06)%
       GbbN2zN1_GbtC2zC1wN1 : 264.4705999 (0.06)%
          GbbN1_GbtC2hC1wN1 : 263.8047072 (0.06)%
       T1bC1wN1_T1bC2hC1wN1 : 263.5786165 (0.06)%
        GttN3wC1wN1_QqC1wN1 : 261.9207098 (0.06)%
     GqqN2hN1_QqGbtC2wN2hN1 : 261.0262372 (0.06)%
     GbtC2wN2hN1_QqGqqN2hN1 : 261.0262372 (0.06)%
       GbbN2zN1_GbtC2hC1wN1 : 260.6157326 (0.06)%
          GbtC2wN1_GqqN2hN1 : 258.9968579 (0.06)%
   QqGbbN2hN1_QqGbtC2wN2hN1 : 258.2099009 (0.06)%
         QqGqqC1wN1_QqN2hN1 : 257.9920729 (0.06)%
      QqGqqC1wN1_QqGqqC1wN1 : 255.2161677 (0.05)%
     GqqC1wN1_QqGbbN3wC1wN1 : 255.0933586 (0.05)%
     GbbN3wC1wN1_QqGqqC1wN1 : 255.0933586 (0.05)%
         QqC1wN1_QqGqqN2hN1 : 254.5621728 (0.05)%
             GqqN1_GqqN2hN1 : 252.4446727 (0.05)%
        GbtC2wN1_QqGbbN2hN1 : 251.9887741 (0.05)%
        GbbN2hN1_QqGbtC2wN1 : 251.9887741 (0.05)%
        GbtC1wN1_GgN4wC1wN1 : 250.4173536 (0.05)%
QqGbtC2wN2hN1_QqGbtC2zC1wN1 : 250.0570306 (0.05)%
QqGbtC2hC1wN1_QqGbtC2wN2hN1 : 246.4122524 (0.05)%
          N3wC1wN1_N4hN2hN1 : 245.9927475 (0.05)%
           GqqN1_QqGbbN2hN1 : 245.6138815 (0.05)%
           GbbN2hN1_QqGqqN1 : 245.6138815 (0.05)%
          C2zC1wN1_N4hN2hN1 : 245.2741569 (0.05)%
     GbtC2wN1_QqGbtC2zC1wN1 : 244.0323332 (0.05)%
     GbtC2zC1wN1_QqGbtC2wN1 : 244.0323332 (0.05)%
       GqqN2hN1_GttN4wC1wN1 : 243.8458349 (0.05)%
   QqGbbN4wC1wN1_QqGbtC1wN1 : 243.4833259 (0.05)%
          C2hC1wN1_N4hN2hN1 : 241.6990928 (0.05)%
          N3zN2hN1_N4wC1wN1 : 241.3628879 (0.05)%
           GbtC1wN1_QqN2zN1 : 240.5505552 (0.05)%
     GbtC2wN1_QqGbtC2hC1wN1 : 240.4753697 (0.05)%
     GbtC2hC1wN1_QqGbtC2wN1 : 240.4753697 (0.05)%
        GbtC2zC1wN1_QqGqqN1 : 237.8587253 (0.05)%
        GqqN1_QqGbtC2zC1wN1 : 237.8587253 (0.05)%
       GbtC2wN2hN1_GttN2hN1 : 237.7379152 (0.05)%
            QqGttN1_QqN2hN1 : 237.4404288 (0.05)%
     GttN4wC1wN1_QqGbbN2hN1 : 237.2477160 (0.05)%
     GbbN2hN1_QqGttN4wC1wN1 : 237.2477160 (0.05)%
          C2zC1wN1_N3zN2hN1 : 236.9102558 (0.05)%
                   C1wN1_N1 : 234.9765106 (0.05)%
        GttN1_QqGbbN3wC1wN1 : 234.7726261 (0.05)%
        GbbN3wC1wN1_QqGttN1 : 234.7726261 (0.05)%
        GqqN1_QqGbtC2hC1wN1 : 234.3917470 (0.05)%
        GbtC2hC1wN1_QqGqqN1 : 234.3917470 (0.05)%
          C2hC1wN1_N3zN2hN1 : 233.4571022 (0.05)%
   QqGbtC1wN1_QqGttN3wC1wN1 : 230.9520642 (0.05)%
  GbtC2zC1wN1_QqGttN4wC1wN1 : 229.7567180 (0.05)%
  GttN4wC1wN1_QqGbtC2zC1wN1 : 229.7567180 (0.05)%
          GbbN1_GbtC2wN2hN1 : 229.2774915 (0.05)%
       T1bC1wN1_T1bC2wN2hN1 : 229.0809920 (0.05)%
     GttN4hN2hN1_QqGbtC1wN1 : 228.1306181 (0.05)%
     GbtC1wN1_QqGttN4hN2hN1 : 228.1306181 (0.05)%
           GttN2hN1_QqC1wN1 : 228.0374240 (0.05)%
       GbbN2zN1_GbtC2wN2hN1 : 226.5058954 (0.05)%
       GbbN2hN1_GbtC2wN2zN1 : 226.5058954 (0.05)%
  GbtC2hC1wN1_QqGttN4wC1wN1 : 226.4078328 (0.05)%
  GttN4wC1wN1_QqGbtC2hC1wN1 : 226.4078328 (0.05)%
          T1bC1wN1_T1tN2hN1 : 226.3934819 (0.05)%
     GqqC1wN1_QqGbbN4wC1wN1 : 225.3065477 (0.05)%
     GbbN4wC1wN1_QqGqqC1wN1 : 225.3065477 (0.05)%
              GbbN1_QqC1wN1 : 219.9222135 (0.05)%
    GbtC2wN2zN1_GbtC2zC1wN1 : 219.3540659 (0.05)%
           GbbN2zN1_QqC1wN1 : 217.2637077 (0.05)%
            QqGttN1_QqGttN1 : 216.1746652 (0.05)%
    GbtC2hC1wN1_GbtC2wN2zN1 : 216.1568076 (0.05)%
       GqqC1wN1_GttN4hN2hN1 : 214.6298858 (0.05)%
     GqqC1wN1_QqGttN3wC1wN1 : 213.7107831 (0.05)%
     GttN3wC1wN1_QqGqqC1wN1 : 213.7107831 (0.05)%
          C2wN2hN1_N4hN2hN1 : 210.0650982 (0.04)%
     GbtC2wN1_QqGbtC2wN2hN1 : 209.0015381 (0.04)%
     GbtC2wN2hN1_QqGbtC2wN1 : 209.0015381 (0.04)%
          GbtC1wN1_GttN4hN1 : 208.4919098 (0.04)%
      QqGqqC1wN1_QqGqqN2hN1 : 207.7066810 (0.04)%
        GbbN4wC1wN1_QqGttN1 : 207.3586320 (0.04)%
        GttN1_QqGbbN4wC1wN1 : 207.3586320 (0.04)%
       GbbN3wC1wN1_GqqN2hN1 : 204.7602567 (0.04)%
         QqC1wN1_QqGbtC2wN1 : 203.8258154 (0.04)%
        GqqN1_QqGbtC2wN2hN1 : 203.7141503 (0.04)%
        GbtC2wN2hN1_QqGqqN1 : 203.7141503 (0.04)%
           GqqN2hN1_QqN2hN1 : 203.6811535 (0.04)%
          C2wN2hN1_N3zN2hN1 : 202.9018335 (0.04)%
             GbtC2wN1_GqqN1 : 202.1303506 (0.04)%
         QqGbbN2hN1_QqN2hN1 : 201.4835405 (0.04)%
      QqGbtC1wN1_QqGttN2hN1 : 201.0750270 (0.04)%
    T1bC2zC1wN1_T1tN3wC1wN1 : 200.8390393 (0.04)%
          GbbN3zN1_GbtC1wN1 : 200.6564024 (0.04)%
     GbbN2hN1_QqGbbN3wC1wN1 : 199.2197376 (0.04)%
     GbbN3wC1wN1_QqGbbN2hN1 : 199.2197376 (0.04)%
            QqC1wN1_QqGqqN1 : 198.6693648 (0.04)%
    T1bC2hC1wN1_T1tN3wC1wN1 : 197.9116521 (0.04)%
          GttN1_GttN4hN2hN1 : 197.5324728 (0.04)%
  GttN4wC1wN1_QqGbtC2wN2hN1 : 196.7751847 (0.04)%
  GbtC2wN2hN1_QqGttN4wC1wN1 : 196.7751847 (0.04)%
        GttN1_QqGttN3wC1wN1 : 196.6865859 (0.04)%
        GttN3wC1wN1_QqGttN1 : 196.6865859 (0.04)%
       GbtC2wN1_GttN4wC1wN1 : 195.2453328 (0.04)%
      QqGbtC2zC1wN1_QqN2hN1 : 195.1217815 (0.04)%
         QqGbbN1_QqGbtC1wN1 : 193.9193324 (0.04)%
        GqqN2zN1_QqGbtC1wN1 : 193.6647002 (0.04)%
        GbtC1wN1_QqGqqN2zN1 : 193.6647002 (0.04)%
  GbtC2zC1wN1_QqGbbN3wC1wN1 : 192.9294571 (0.04)%
  GbbN3wC1wN1_QqGbtC2zC1wN1 : 192.9294571 (0.04)%
      QqGbtC2hC1wN1_QqN2hN1 : 192.2777278 (0.04)%
      QqC1wN1_QqGttN4wC1wN1 : 191.9022359 (0.04)%
      QqGbbN2zN1_QqGbtC1wN1 : 191.5751595 (0.04)%
         QqGqqN2hN1_QqGttN1 : 191.1607704 (0.04)%
          C2zC1wN1_C2zC1wN1 : 190.3789038 (0.04)%
          GqqN1_GttN4wC1wN1 : 190.3059539 (0.04)%
  GbtC2hC1wN1_QqGbbN3wC1wN1 : 190.1173583 (0.04)%
  GbbN3wC1wN1_QqGbtC2hC1wN1 : 190.1173583 (0.04)%
     GbbN3zN2hN1_QqGbtC1wN1 : 187.9585521 (0.04)%
     GbtC1wN1_QqGbbN3zN2hN1 : 187.9585521 (0.04)%
    GbtC2wN2hN1_GbtC2wN2zN1 : 187.8658313 (0.04)%
        GttN2hN1_QqGqqC1wN1 : 186.0641585 (0.04)%
        GqqC1wN1_QqGttN2hN1 : 186.0641585 (0.04)%
          C2hC1wN1_C2hC1wN1 : 184.8695055 (0.04)%
    T1tN3wC1wN1_T1tN3wC1wN1 : 184.6415008 (0.04)%
          GqqC1wN1_GqqN2zN1 : 182.2036552 (0.04)%
       GbbN4wC1wN1_GqqN2hN1 : 180.8507552 (0.04)%
        GbtC2wN2zN1_QqC1wN1 : 180.2002857 (0.04)%
           GbbN1_QqGqqC1wN1 : 179.4426585 (0.04)%
           GqqC1wN1_QqGbbN1 : 179.4426585 (0.04)%
        GqqC1wN1_QqGbbN2zN1 : 177.2734854 (0.04)%
        GbbN2zN1_QqGqqC1wN1 : 177.2734854 (0.04)%
       GbbN3zN2hN1_GqqC1wN1 : 176.8351960 (0.04)%
          GbtC1wN1_GttN2zN1 : 176.3862612 (0.04)%
     GbbN2hN1_QqGbbN4wC1wN1 : 175.9571929 (0.04)%
     GbbN4wC1wN1_QqGbbN2hN1 : 175.9571929 (0.04)%
       T1bC1wN1_T1tN3zN2hN1 : 172.8357018 (0.04)%
    T1bC2wN2hN1_T1tN3wC1wN1 : 172.0086333 (0.04)%
       GqqN2hN1_GttN3wC1wN1 : 171.5429797 (0.04)%
           GttN2hN1_QqGttN1 : 171.2422909 (0.04)%
           GttN1_QqGttN2hN1 : 171.2422909 (0.04)%
  GbbN4wC1wN1_QqGbtC2zC1wN1 : 170.4014176 (0.04)%
  GbtC2zC1wN1_QqGbbN4wC1wN1 : 170.4014176 (0.04)%
       T1tN2hN1_T1tN3wC1wN1 : 169.9906791 (0.04)%
     GbbN4hN2hN1_QqGbtC1wN1 : 169.1954040 (0.04)%
     GbtC1wN1_QqGbbN4hN2hN1 : 169.1954040 (0.04)%
          GbtC1wN1_GttN3zN1 : 168.1048740 (0.04)%
  GbbN4wC1wN1_QqGbtC2hC1wN1 : 167.9176827 (0.04)%
  GbtC2hC1wN1_QqGbbN4wC1wN1 : 167.9176827 (0.04)%
             GqqN2zN1_GttN1 : 167.6893152 (0.04)%
       GbbN2hN1_GttN4hN2hN1 : 167.6190621 (0.04)%
      QqGbtC2wN2hN1_QqN2hN1 : 167.1120867 (0.04)%
     GttN3wC1wN1_QqGbbN2hN1 : 166.9012724 (0.04)%
     GbbN2hN1_QqGttN3wC1wN1 : 166.9012724 (0.04)%
      QqGbtC2wN1_QqGqqC1wN1 : 166.3090126 (0.04)%
  GbbN3wC1wN1_QqGbtC2wN2hN1 : 165.2344701 (0.04)%
  GbtC2wN2hN1_QqGbbN3wC1wN1 : 165.2344701 (0.04)%
              GbbN1_QqGttN1 : 165.1482594 (0.04)%
              GttN1_QqGbbN1 : 165.1482594 (0.04)%
             C2wN1_C2zC1wN1 : 164.0314158 (0.03)%
        GqqN2hN1_QqGqqN2hN1 : 163.9815359 (0.03)%
       GbbN3wC1wN1_GbtC2wN1 : 163.9498352 (0.03)%
           GbbN2zN1_QqGttN1 : 163.1518826 (0.03)%
           GttN1_QqGbbN2zN1 : 163.1518826 (0.03)%
           GbtC2wN1_QqN2hN1 : 163.0858062 (0.03)%
          GbbN3zN2hN1_GttN1 : 162.7485074 (0.03)%
    GbtC2zC1wN1_GttN4hN2hN1 : 162.3265599 (0.03)%
      QqGbbN2hN1_QqGqqN2hN1 : 162.2122611 (0.03)%
         QqGqqC1wN1_QqGqqN1 : 162.1016741 (0.03)%
          GqqN2hN1_GqqN2hN1 : 161.7332004 (0.03)%
             C2hC1wN1_C2wN1 : 161.6405287 (0.03)%
  GttN3wC1wN1_QqGbtC2zC1wN1 : 161.6314341 (0.03)%
  GbtC2zC1wN1_QqGttN3wC1wN1 : 161.6314341 (0.03)%
      QqC1wN1_QqGbbN3wC1wN1 : 161.1425970 (0.03)%
    GbtC2hC1wN1_GttN4hN2hN1 : 159.9605224 (0.03)%
          GbbN3wC1wN1_GqqN1 : 159.8021799 (0.03)%
  GttN3wC1wN1_QqGbtC2hC1wN1 : 159.2755286 (0.03)%
  GbtC2hC1wN1_QqGttN3wC1wN1 : 159.2755286 (0.03)%
       GbbN4hN2hN1_GqqC1wN1 : 159.1824480 (0.03)%
              GqqN1_QqN2hN1 : 158.9600094 (0.03)%
   QqGbtC1wN1_QqGbtC2wN2zN1 : 158.8939949 (0.03)%
                N2hN1_N2zN1 : 158.5335561 (0.03)%
     GttN3zN2hN1_QqGbtC1wN1 : 157.4669352 (0.03)%
     GbtC1wN1_QqGttN3zN2hN1 : 157.4669352 (0.03)%
   QqGbtC2zC1wN1_QqGqqN2hN1 : 157.0904763 (0.03)%
   QqGqqC1wN1_QqGttN4wC1wN1 : 156.5801237 (0.03)%
      QqGbbN2hN1_QqGbbN2hN1 : 155.6591329 (0.03)%
   QqGbtC2hC1wN1_QqGqqN2hN1 : 154.8007589 (0.03)%
          GbbN4hN1_GbtC1wN1 : 154.6301554 (0.03)%
    GbbN3wC1wN1_GttN4wC1wN1 : 154.3589555 (0.03)%
        GttN4wC1wN1_QqN2hN1 : 153.5454712 (0.03)%
         QqGbtC2wN1_QqGttN1 : 153.0608396 (0.03)%
          GqqN2hN1_GttN2hN1 : 149.3513790 (0.03)%
            QqGqqN1_QqGttN1 : 149.1886575 (0.03)%
       GqqC1wN1_GttN3zN2hN1 : 148.1480680 (0.03)%
     GbtC2wN2zN1_QqGqqC1wN1 : 147.0320701 (0.03)%
     GqqC1wN1_QqGbtC2wN2zN1 : 147.0320701 (0.03)%
          GbbN4hN2hN1_GttN1 : 146.5019769 (0.03)%
QqGbtC2zC1wN1_QqGbtC2zC1wN1 : 145.9845731 (0.03)%
  GbbN4wC1wN1_QqGbtC2wN2hN1 : 145.9403264 (0.03)%
  GbtC2wN2hN1_QqGbbN4wC1wN1 : 145.9403264 (0.03)%
        GttN2hN1_QqGbbN2hN1 : 145.3101446 (0.03)%
        GbbN2hN1_QqGttN2hN1 : 145.3101446 (0.03)%
       GbbN4wC1wN1_GbtC2wN1 : 144.8056961 (0.03)%
      QqGttN1_QqGttN4wC1wN1 : 144.1069537 (0.03)%
             GbbN1_GqqN2hN1 : 144.0363835 (0.03)%
      QqC1wN1_QqGbbN4wC1wN1 : 142.3262542 (0.03)%
          GbbN2zN1_GqqN2hN1 : 142.2952153 (0.03)%
          GbbN2hN1_GqqN2zN1 : 142.2952153 (0.03)%
QqGbtC2hC1wN1_QqGbtC2hC1wN1 : 141.7599077 (0.03)%
          GbbN4wC1wN1_GqqN1 : 141.1423554 (0.03)%
       T1bC1wN1_T1tN4wC1wN1 : 140.7502839 (0.03)%
     GbtC2zC1wN1_QqGttN2hN1 : 140.7220372 (0.03)%
     GttN2hN1_QqGbtC2zC1wN1 : 140.7220372 (0.03)%
             C2wN1_C2wN2hN1 : 140.4847372 (0.03)%
           GbbN1_QqGbbN2hN1 : 140.1389653 (0.03)%
           GbbN2hN1_QqGbbN1 : 140.1389653 (0.03)%
          C2wN2hN1_C2wN2hN1 : 139.6442447 (0.03)%
    GbtC2wN2hN1_GttN4hN2hN1 : 139.0246130 (0.03)%
     GbtC2hC1wN1_QqGttN2hN1 : 138.6709027 (0.03)%
     GttN2hN1_QqGbtC2hC1wN1 : 138.6709027 (0.03)%
        GbbN2zN1_QqGbbN2hN1 : 138.4449106 (0.03)%
        GbbN2hN1_QqGbbN2zN1 : 138.4449106 (0.03)%
  GttN3wC1wN1_QqGbtC2wN2hN1 : 138.4292724 (0.03)%
  GbtC2wN2hN1_QqGttN3wC1wN1 : 138.4292724 (0.03)%
       GbbN2hN1_GbbN3zN2hN1 : 138.1026207 (0.03)%
       GbtC2zC1wN1_GqqN2zN1 : 137.8023030 (0.03)%
       GbtC2wN1_GttN3wC1wN1 : 137.3530376 (0.03)%
          GttN1_GttN3zN2hN1 : 136.3465955 (0.03)%
    GbbN4wC1wN1_GttN4wC1wN1 : 136.3347268 (0.03)%
       GbtC2hC1wN1_GqqN2zN1 : 135.7937259 (0.03)%
        GbtC2zC1wN1_QqGbbN1 : 135.7141357 (0.03)%
        GbbN1_QqGbtC2zC1wN1 : 135.7141357 (0.03)%
        GbtC2wN2zN1_QqGttN1 : 135.3194980 (0.03)%
        GttN1_QqGbtC2wN2zN1 : 135.3194980 (0.03)%
      QqC1wN1_QqGttN3wC1wN1 : 135.0012042 (0.03)%
   QqGbtC2wN2hN1_QqGqqN2hN1 : 134.5401682 (0.03)%
          C2wN2zN1_N4wC1wN1 : 134.4333304 (0.03)%
     GbbN2zN1_QqGbtC2zC1wN1 : 134.0735701 (0.03)%
     GbtC2zC1wN1_QqGbbN2zN1 : 134.0735701 (0.03)%
          GqqN1_GttN3wC1wN1 : 133.8782366 (0.03)%
    GbbN3zN2hN1_GbtC2zC1wN1 : 133.7420879 (0.03)%
        GbbN1_QqGbtC2hC1wN1 : 133.7359953 (0.03)%
        GbtC2hC1wN1_QqGbbN1 : 133.7359953 (0.03)%
        GttN4hN2hN1_QqC1wN1 : 133.3519502 (0.03)%
          C2wN2zN1_N3wC1wN1 : 132.3399108 (0.03)%
     GbbN2zN1_QqGbtC2hC1wN1 : 132.1193422 (0.03)%
     GbtC2hC1wN1_QqGbbN2zN1 : 132.1193422 (0.03)%
    GbbN3zN2hN1_GbtC2hC1wN1 : 131.7926916 (0.03)%
   QqGbbN3wC1wN1_QqGqqC1wN1 : 131.4821979 (0.03)%
        GqqN2hN1_QqGbtC2wN1 : 131.2986525 (0.03)%
        GbtC2wN1_QqGqqN2hN1 : 131.2986525 (0.03)%
             N3zN1_N4wC1wN1 : 130.6252690 (0.03)%
      QqGbbN2hN1_QqGbtC2wN1 : 129.8820088 (0.03)%
    T1tN3wC1wN1_T1tN3zN2hN1 : 129.7760787 (0.03)%
    GttN3wC1wN1_GttN4wC1wN1 : 129.3180404 (0.03)%
        GbbN3wC1wN1_QqN2hN1 : 128.9339640 (0.03)%
             C2zC1wN1_N3zN1 : 128.2155105 (0.03)%
           GqqN1_QqGqqN2hN1 : 127.9770172 (0.03)%
           GqqN2hN1_QqGqqN1 : 127.9770172 (0.03)%
      GbtC1wN1_QqGgN4wC1wN1 : 126.9492663 (0.03)%
      GgN4wC1wN1_QqGbtC1wN1 : 126.9492663 (0.03)%
         QqGbbN2hN1_QqGqqN1 : 126.5962123 (0.03)%
             C2hC1wN1_N3zN1 : 126.3466684 (0.03)%
   QqGbtC2wN1_QqGbtC2zC1wN1 : 125.7810384 (0.03)%
       GbbN2hN1_GbbN4hN2hN1 : 124.3163902 (0.03)%
         QqGbtC1wN1_QqN2zN1 : 123.9864334 (0.03)%
   QqGbtC2hC1wN1_QqGbtC2wN1 : 123.9476807 (0.03)%
     GqqN2hN1_QqGttN4wC1wN1 : 123.6178300 (0.03)%
     GttN4wC1wN1_QqGqqN2hN1 : 123.6178300 (0.03)%
      QqGbtC2zC1wN1_QqGqqN1 : 122.5989895 (0.03)%
   QqGbbN2hN1_QqGttN4wC1wN1 : 122.2840584 (0.03)%
      QqGbbN3wC1wN1_QqGttN1 : 121.0083283 (0.03)%
      QqGbtC2hC1wN1_QqGqqN1 : 120.8120126 (0.03)%
     GttN2hN1_QqGbtC2wN2hN1 : 120.5214154 (0.03)%
     GbtC2wN2hN1_QqGttN2hN1 : 120.5214154 (0.03)%
    GbbN4hN2hN1_GbtC2zC1wN1 : 120.3911519 (0.03)%
          GbtC2wN1_GttN2hN1 : 119.5844075 (0.03)%
        GgN4wC1wN1_GqqC1wN1 : 119.4364297 (0.03)%
    GbbN4hN2hN1_GbtC2hC1wN1 : 118.6363560 (0.03)%
QqGbtC2zC1wN1_QqGttN4wC1wN1 : 118.4229900 (0.03)%
       GbtC2wN2zN1_GqqN2hN1 : 118.0208085 (0.03)%
       GbtC2wN2hN1_GqqN2zN1 : 118.0208085 (0.03)%
   QqGbtC1wN1_QqGttN4hN2hN1 : 117.5848530 (0.03)%
         QqC1wN1_QqGttN2hN1 : 117.5368182 (0.03)%
QqGbtC2hC1wN1_QqGttN4wC1wN1 : 116.6968817 (0.02)%
             GqqN1_GttN2hN1 : 116.5591229 (0.02)%
        GbbN1_QqGbtC2wN2hN1 : 116.2323973 (0.02)%
        GbtC2wN2hN1_QqGbbN1 : 116.2323973 (0.02)%
   QqGbbN4wC1wN1_QqGqqC1wN1 : 116.1292487 (0.02)%
       GbbN2hN1_GttN3zN2hN1 : 115.6988931 (0.02)%
             GbbN1_GbtC2wN1 : 115.3287348 (0.02)%
          T1bC1wN1_T1bC2wN1 : 115.2298937 (0.02)%
             N2hN1_N3wC1wN1 : 114.9074643 (0.02)%
     GbtC2wN2zN1_QqGbbN2hN1 : 114.8273345 (0.02)%
     GbbN2zN1_QqGbtC2wN2hN1 : 114.8273345 (0.02)%
     GbbN2hN1_QqGbtC2wN2zN1 : 114.8273345 (0.02)%
     GbtC2wN2hN1_QqGbbN2zN1 : 114.8273345 (0.02)%
           GqqC1wN1_QqN2zN1 : 114.7304653 (0.02)%
    GbbN3zN2hN1_GbtC2wN2hN1 : 114.5434365 (0.02)%
    GbbN3wC1wN1_GbbN4wC1wN1 : 114.4818966 (0.02)%
             N3wC1wN1_N4hN1 : 113.9708290 (0.02)%
          GbbN2zN1_GbtC2wN1 : 113.9345959 (0.02)%
        GbbN4wC1wN1_QqN2hN1 : 113.8785677 (0.02)%
             C2zC1wN1_N4hN1 : 113.6378990 (0.02)%
            QqC1wN1_QqGbbN1 : 113.3540134 (0.02)%
           GqqN2zN1_QqC1wN1 : 113.2051702 (0.02)%
       GttN2hN1_GttN4wC1wN1 : 112.5888550 (0.02)%
                GbbN1_GqqN1 : 112.4111116 (0.02)%
    GbtC2zC1wN1_GttN3zN2hN1 : 112.0457486 (0.02)%
         QqC1wN1_QqGbbN2zN1 : 111.9837457 (0.02)%
             C2hC1wN1_N4hN1 : 111.9815371 (0.02)%
  GbtC2wN2zN1_QqGbtC2zC1wN1 : 111.2017092 (0.02)%
  GbtC2zC1wN1_QqGbtC2wN2zN1 : 111.2017092 (0.02)%
             GbbN2zN1_GqqN1 : 111.0522421 (0.02)%
    GbtC2hC1wN1_GttN3zN2hN1 : 110.4125936 (0.02)%
   QqGqqC1wN1_QqGttN3wC1wN1 : 110.1524698 (0.02)%
           GgN4wC1wN1_GttN1 : 109.9221258 (0.02)%
        GbbN3zN2hN1_QqC1wN1 : 109.8696864 (0.02)%
             C2wN2hN1_N3zN1 : 109.8101983 (0.02)%
  GbtC2hC1wN1_QqGbtC2wN2zN1 : 109.5808567 (0.02)%
  GbtC2wN2zN1_QqGbtC2hC1wN1 : 109.5808567 (0.02)%
     GqqC1wN1_QqGttN4hN2hN1 : 108.8067825 (0.02)%
     GttN4hN2hN1_QqGqqC1wN1 : 108.8067825 (0.02)%
    GbbN3wC1wN1_GttN3wC1wN1 : 108.5899013 (0.02)%
          GbbN1_GttN4wC1wN1 : 108.5821344 (0.02)%
        GttN3wC1wN1_QqN2hN1 : 108.0176237 (0.02)%
   QqGbtC2wN1_QqGbtC2wN2hN1 : 107.7251942 (0.02)%
    T1bC2hC1wN1_T1bC2zC1wN1 : 107.6366523 (0.02)%
       GbbN2zN1_GttN4wC1wN1 : 107.2695510 (0.02)%
QqGbtC2wN2hN1_QqGbtC2wN2hN1 : 107.0806956 (0.02)%
      QqGbbN4wC1wN1_QqGttN1 : 106.8783948 (0.02)%
        GbtC1wN1_QqGttN4hN1 : 105.6951310 (0.02)%
        GttN4hN1_QqGbtC1wN1 : 105.6951310 (0.02)%
    T1tN3wC1wN1_T1tN4wC1wN1 : 105.6842986 (0.02)%
             C2wN1_N4hN2hN1 : 105.6647202 (0.02)%
              GttN1_QqN2zN1 : 105.5910384 (0.02)%
        GbtC2wN1_QqGbtC2wN1 : 105.1297395 (0.02)%
      QqGbtC2wN2hN1_QqGqqN1 : 104.9999278 (0.02)%
         QqGqqN2hN1_QqN2hN1 : 104.9829203 (0.02)%
     GqqN2hN1_QqGbbN3wC1wN1 : 103.8033666 (0.02)%
     GbbN3wC1wN1_QqGqqN2hN1 : 103.8033666 (0.02)%
          GbtC2wN1_GbtC2wN1 : 103.6883155 (0.02)%
       GbtC1wN1_GttN4hN2zN1 : 103.1473321 (0.02)%
    GbbN4hN2hN1_GbtC2wN2hN1 : 103.1090248 (0.02)%
   QqGbbN2hN1_QqGbbN3wC1wN1 : 102.6833827 (0.02)%
             C1wN1_N3zN2hN1 : 102.5429182 (0.02)%
           GbtC2wN1_QqGqqN1 : 102.4701337 (0.02)%
           GqqN1_QqGbtC2wN1 : 102.4701337 (0.02)%
             C2wN1_N3zN2hN1 : 102.0615307 (0.02)%
        GbbN3zN1_QqGbtC1wN1 : 101.7229146 (0.02)%
        GbtC1wN1_QqGbbN3zN1 : 101.7229146 (0.02)%
QqGbtC2wN2hN1_QqGttN4wC1wN1 : 101.4233923 (0.02)%
      QqGttN1_QqGttN3wC1wN1 : 101.3777260 (0.02)%
        GttN4hN2hN1_QqGttN1 : 100.1392361 (0.02)%
        GttN1_QqGttN4hN2hN1 : 100.1392361 (0.02)%
              GqqN1_QqGqqN1 : 99.8778115 (0.02)%
      QqGbtC1wN1_QqGqqN2zN1 : 99.8201622 (0.02)%
QqGbbN3wC1wN1_QqGbtC2zC1wN1 : 99.4411975 (0.02)%
          GqqC1wN1_GttN4hN1 : 99.4401106 (0.02)%
     GbtC2wN1_QqGttN4wC1wN1 : 98.9797687 (0.02)%
     GttN4wC1wN1_QqGbtC2wN1 : 98.9797687 (0.02)%
        GbbN4hN2hN1_QqC1wN1 : 98.9018365 (0.02)%
                GqqN1_GqqN1 : 98.5083962 (0.02)%
QqGbbN3wC1wN1_QqGbtC2hC1wN1 : 97.9917637 (0.02)%
             C2wN2hN1_N4hN1 : 97.3252001 (0.02)%
   QqGbbN3zN2hN1_QqGbtC1wN1 : 96.8790551 (0.02)%
        GqqN1_QqGttN4wC1wN1 : 96.4757469 (0.02)%
        GttN4wC1wN1_QqGqqN1 : 96.4757469 (0.02)%
    GbtC2wN2hN1_GttN3zN2hN1 : 95.9616027 (0.02)%
    GbbN4wC1wN1_GttN3wC1wN1 : 95.9100461 (0.02)%
      QqGqqC1wN1_QqGttN2hN1 : 95.9026321 (0.02)%
          GbbN3zN1_GqqC1wN1 : 95.7029693 (0.02)%
  GbtC2wN2zN1_QqGbtC2wN2hN1 : 95.2387249 (0.02)%
  GbtC2wN2hN1_QqGbtC2wN2zN1 : 95.2387249 (0.02)%
       GbbN3wC1wN1_GttN2hN1 : 94.5422048 (0.02)%
       GbtC2wN1_GbtC2wN2zN1 : 94.4982802 (0.02)%
           GttN2hN1_QqN2hN1 : 94.0439596 (0.02)%
    T1bC2wN2hN1_T1bC2zC1wN1 : 93.5489814 (0.02)%
          T1bC1wN1_T1tN3zN1 : 93.5384484 (0.02)%
        GbbN2hN1_GgN4wC1wN1 : 93.2760238 (0.02)%
  GttN4wC1wN1_QqGttN4wC1wN1 : 93.1895643 (0.02)%
      QqC1wN1_QqGbtC2wN2zN1 : 92.8802292 (0.02)%
         QqGbbN1_QqGqqC1wN1 : 92.4897272 (0.02)%
       T1bC2zC1wN1_T1tN2hN1 : 92.4514925 (0.02)%
        GqqC1wN1_QqGqqN2zN1 : 92.3682805 (0.02)%
        GqqN2zN1_QqGqqC1wN1 : 92.3682805 (0.02)%
    T1bC2hC1wN1_T1bC2wN2hN1 : 92.1854313 (0.02)%
          GbtC2wN2zN1_GqqN1 : 92.1076325 (0.02)%
        GttN3zN2hN1_QqC1wN1 : 92.0460527 (0.02)%
    GttN4wC1wN1_GttN4wC1wN1 : 91.9118509 (0.02)%
     GqqN2hN1_QqGbbN4wC1wN1 : 91.6824268 (0.02)%
     GbbN4wC1wN1_QqGqqN2hN1 : 91.6824268 (0.02)%
             GttN1_GttN4hN1 : 91.5187131 (0.02)%
      QqGbbN2zN1_QqGqqC1wN1 : 91.3716751 (0.02)%
          GbbN1_GbbN3wC1wN1 : 91.1777136 (0.02)%
       T1bC2hC1wN1_T1tN2hN1 : 91.1039392 (0.02)%
              GbbN1_QqN2hN1 : 90.6971996 (0.02)%
   QqGbbN2hN1_QqGbbN4wC1wN1 : 90.6932214 (0.02)%
     GbtC2zC1wN1_GgN4wC1wN1 : 90.3308721 (0.02)%
       GbbN2zN1_GbbN3wC1wN1 : 90.0755217 (0.02)%
        GbtC1wN1_GgN4hN2hN1 : 89.6915566 (0.02)%
     GqqC1wN1_QqGbbN3zN2hN1 : 89.6467360 (0.02)%
     GbbN3zN2hN1_QqGqqC1wN1 : 89.6467360 (0.02)%
           GbbN2zN1_QqN2hN1 : 89.6008164 (0.02)%
           GbbN2hN1_QqN2zN1 : 89.6008164 (0.02)%
        GttN2zN1_QqGbtC1wN1 : 89.4191482 (0.02)%
        GbtC1wN1_QqGttN2zN1 : 89.4191482 (0.02)%
     GbtC2hC1wN1_GgN4wC1wN1 : 89.0142285 (0.02)%
    GbtC2wN2zN1_GttN4wC1wN1 : 88.9702378 (0.02)%
         QqGttN1_QqGttN2hN1 : 88.2630301 (0.02)%
             GbbN3zN1_GttN1 : 88.0792724 (0.02)%
QqGbbN4wC1wN1_QqGbtC2zC1wN1 : 87.8296206 (0.02)%
       GqqN2hN1_GttN4hN2hN1 : 87.3378470 (0.02)%
   QqGbbN4hN2hN1_QqGbtC1wN1 : 87.2080077 (0.02)%
     GqqN2hN1_QqGttN3wC1wN1 : 86.9638429 (0.02)%
     GttN3wC1wN1_QqGqqN2hN1 : 86.9638429 (0.02)%
        GbtC2zC1wN1_QqN2zN1 : 86.7717078 (0.02)%
QqGbbN4wC1wN1_QqGbtC2hC1wN1 : 86.5494347 (0.02)%
       T1bC2wN1_T1tN3wC1wN1 : 86.5219604 (0.02)%
          N3zN2hN1_N4hN2hN1 : 86.4485341 (0.02)%
   QqGbbN2hN1_QqGttN3wC1wN1 : 86.0255486 (0.02)%
       B1tC1wN1_B1tC2zC1wN1 : 85.8550356 (0.02)%
        GbtC2hC1wN1_QqN2zN1 : 85.5069418 (0.02)%
        GttN3zN1_QqGbtC1wN1 : 85.2208927 (0.02)%
        GbtC1wN1_QqGttN3zN1 : 85.2208927 (0.02)%
QqGbbN3wC1wN1_QqGbtC2wN2hN1 : 85.1664325 (0.02)%
            QqGbbN1_QqGttN1 : 85.1219971 (0.02)%
           GttN1_QqGqqN2zN1 : 85.0102248 (0.02)%
           GqqN2zN1_QqGttN1 : 85.0102248 (0.02)%
       GbbN3zN2zN1_GbtC1wN1 : 84.9838718 (0.02)%
     GbbN2hN1_QqGttN4hN2hN1 : 84.9746100 (0.02)%
     GttN4hN2hN1_QqGbbN2hN1 : 84.9746100 (0.02)%
       B1tC1wN1_B1tC2hC1wN1 : 84.6036308 (0.02)%
          GqqC1wN1_GttN2zN1 : 84.1273378 (0.02)%
         QqGbbN2zN1_QqGttN1 : 84.0930091 (0.02)%
         QqGbtC2wN1_QqN2hN1 : 84.0589515 (0.02)%
       GbbN4wC1wN1_GttN2hN1 : 83.5026748 (0.02)%
QqGbtC2zC1wN1_QqGttN3wC1wN1 : 83.3093277 (0.02)%
     GbtC2wN1_QqGbbN3wC1wN1 : 83.1144927 (0.02)%
     GbbN3wC1wN1_QqGbtC2wN1 : 83.1144927 (0.02)%
        GbbN3zN2hN1_QqGttN1 : 82.5054786 (0.02)%
        GttN1_QqGbbN3zN2hN1 : 82.5054786 (0.02)%
  GbtC2zC1wN1_QqGttN4hN2hN1 : 82.2915720 (0.02)%
  GttN4hN2hN1_QqGbtC2zC1wN1 : 82.2915720 (0.02)%
QqGbtC2hC1wN1_QqGttN3wC1wN1 : 82.0950286 (0.02)%
            QqGqqN1_QqN2hN1 : 81.9324012 (0.02)%
   QqGbtC1wN1_QqGttN3zN2hN1 : 81.1628294 (0.02)%
  GbtC2hC1wN1_QqGttN4hN2hN1 : 81.0921075 (0.02)%
  GttN4hN2hN1_QqGbtC2hC1wN1 : 81.0921075 (0.02)%
        GqqN1_QqGbbN3wC1wN1 : 81.0118357 (0.02)%
        GbbN3wC1wN1_QqGqqN1 : 81.0118357 (0.02)%
     GbbN4hN2hN1_QqGqqC1wN1 : 80.6976621 (0.02)%
     GqqC1wN1_QqGbbN4hN2hN1 : 80.6976621 (0.02)%
          GbbN1_GbbN4wC1wN1 : 80.5310495 (0.02)%
          GqqC1wN1_GttN3zN1 : 80.1775343 (0.02)%
       GbbN2zN1_GbbN4wC1wN1 : 79.5575586 (0.02)%
       GttN2hN1_GttN3wC1wN1 : 79.2050751 (0.02)%
       T1bC2wN2hN1_T1tN2hN1 : 79.1800983 (0.02)%
      QqGttN4wC1wN1_QqN2hN1 : 79.1415980 (0.02)%
        GbbN4hN1_QqGbtC1wN1 : 78.3898739 (0.02)%
        GbtC1wN1_QqGbbN4hN1 : 78.3898739 (0.02)%
  GbbN3wC1wN1_QqGttN4wC1wN1 : 78.2523889 (0.02)%
  GttN4wC1wN1_QqGbbN3wC1wN1 : 78.2523889 (0.02)%
          GbbN2hN1_GttN4hN1 : 77.6595394 (0.02)%
             GttN1_GttN2zN1 : 77.4257555 (0.02)%
     GbtC2wN2hN1_GgN4wC1wN1 : 77.3638925 (0.02)%
       GbbN4hN2zN1_GbtC1wN1 : 76.5002729 (0.02)%
          GbbN1_GttN3wC1wN1 : 76.3863893 (0.02)%
   QqGbtC2wN2zN1_QqGqqC1wN1 : 75.7844103 (0.02)%
        GqqN2hN1_QqGttN2hN1 : 75.7137942 (0.02)%
        GttN2hN1_QqGqqN2hN1 : 75.7137942 (0.02)%
       GbbN2zN1_GttN3wC1wN1 : 75.4630007 (0.02)%
QqGbbN4wC1wN1_QqGbtC2wN2hN1 : 75.2216953 (0.02)%
       GbtC2zC1wN1_GttN4hN1 : 75.2074717 (0.02)%
     GqqC1wN1_QqGttN3zN2hN1 : 75.1037748 (0.02)%
     GttN3zN2hN1_QqGqqC1wN1 : 75.1037748 (0.02)%
      QqGbbN2hN1_QqGttN2hN1 : 74.8968821 (0.02)%
          C2wN2zN1_C2zC1wN1 : 74.7465451 (0.02)%
          GbbN2hN1_GbbN3zN1 : 74.7409518 (0.02)%
    GbbN3wC1wN1_GbtC2wN2zN1 : 74.7093701 (0.02)%
        GbtC2wN2zN1_QqN2hN1 : 74.3156456 (0.02)%
        GbtC2wN2hN1_QqN2zN1 : 74.3156456 (0.02)%
        GbbN4hN2hN1_QqGttN1 : 74.2692877 (0.02)%
        GttN1_QqGbbN4hN2hN1 : 74.2692877 (0.02)%
         GgN4wC1wN1_QqC1wN1 : 74.2071905 (0.02)%
          GqqN2hN1_GqqN2zN1 : 74.1428665 (0.02)%
       GbtC2hC1wN1_GttN4hN1 : 74.1112636 (0.02)%
             GttN1_GttN3zN1 : 73.7905933 (0.02)%
          GbbN4hN1_GqqC1wN1 : 73.7507741 (0.02)%
          C2hC1wN1_C2wN2zN1 : 73.6570553 (0.02)%
       B1tC1wN1_B1tC2wN2hN1 : 73.5305615 (0.02)%
     GbtC2wN1_QqGbbN4wC1wN1 : 73.4093569 (0.02)%
     GbbN4wC1wN1_QqGbtC2wN1 : 73.4093569 (0.02)%
           GbbN1_QqGqqN2hN1 : 73.0193533 (0.02)%
           GqqN2hN1_QqGbbN1 : 73.0193533 (0.02)%
   QqGbtC2zC1wN1_QqGttN2hN1 : 72.5320441 (0.02)%
            QqC1wN1_QqN2zN1 : 72.4752899 (0.02)%
       GbbN3zN1_GbtC2zC1wN1 : 72.3810373 (0.02)%
         QqGbbN1_QqGbbN2hN1 : 72.2315127 (0.02)%
        GqqN2zN1_QqGbbN2hN1 : 72.1366667 (0.02)%
        GqqN2hN1_QqGbbN2zN1 : 72.1366667 (0.02)%
        GbbN2zN1_QqGqqN2hN1 : 72.1366667 (0.02)%
        GbbN2hN1_QqGqqN2zN1 : 72.1366667 (0.02)%
       GbbN3zN2hN1_GqqN2hN1 : 71.9583167 (0.02)%
        GqqN1_QqGbbN4wC1wN1 : 71.5522235 (0.02)%
        GbbN4wC1wN1_QqGqqN1 : 71.5522235 (0.02)%
   QqGbtC2hC1wN1_QqGttN2hN1 : 71.4748325 (0.02)%
      QqGbbN2hN1_QqGbbN2zN1 : 71.3583499 (0.02)%
QqGbtC2wN2hN1_QqGttN3wC1wN1 : 71.3502895 (0.02)%
       GbbN3zN1_GbtC2hC1wN1 : 71.3260267 (0.02)%
    T2bC2zC1wN1_T2tN4wC1wN1 : 71.2958551 (0.02)%
       GbtC1wN1_GttN3zN2zN1 : 71.1973448 (0.02)%
    T1bC2zC1wN1_T1tN3zN2hN1 : 70.5802944 (0.02)%
  GttN4hN2hN1_QqGbtC2wN2hN1 : 70.4786324 (0.02)%
  GbtC2wN2hN1_QqGttN4hN2hN1 : 70.4786324 (0.02)%
    T2bC2hC1wN1_T2tN4wC1wN1 : 70.2566618 (0.01)%
       T1tN3wC1wN1_T1tN3zN1 : 70.2346385 (0.01)%
     GbbN2hN1_QqGbbN3zN2hN1 : 70.0112278 (0.01)%
     GbbN3zN2hN1_QqGbbN2hN1 : 70.0112278 (0.01)%
      QqGbbN1_QqGbtC2zC1wN1 : 69.9508327 (0.01)%
       GbtC2wN1_GttN4hN2hN1 : 69.9306880 (0.01)%
          GbtC1wN1_GttN4zN1 : 69.9237755 (0.01)%
     GbtC2zC1wN1_QqGqqN2zN1 : 69.8589815 (0.01)%
     GqqN2zN1_QqGbtC2zC1wN1 : 69.8589815 (0.01)%
      QqGbtC2wN2zN1_QqGttN1 : 69.7474254 (0.01)%
    T2tN3wC1wN1_T2tN4wC1wN1 : 69.7455648 (0.01)%
     GbtC2wN1_QqGttN3wC1wN1 : 69.6312261 (0.01)%
     GttN3wC1wN1_QqGbtC2wN1 : 69.6312261 (0.01)%
    T1bC2hC1wN1_T1tN3zN2hN1 : 69.5515310 (0.01)%
        GttN1_QqGttN3zN2hN1 : 69.1210094 (0.01)%
        GttN3zN2hN1_QqGttN1 : 69.1210094 (0.01)%
  GbbN4wC1wN1_QqGttN4wC1wN1 : 69.1149926 (0.01)%
  GttN4wC1wN1_QqGbbN4wC1wN1 : 69.1149926 (0.01)%
   QqGbbN2zN1_QqGbtC2zC1wN1 : 69.1052396 (0.01)%
      QqGbbN1_QqGbtC2hC1wN1 : 68.9312442 (0.01)%
     GbtC2hC1wN1_QqGqqN2zN1 : 68.8407318 (0.01)%
     GqqN2zN1_QqGbtC2hC1wN1 : 68.8407318 (0.01)%
      QqC1wN1_QqGttN4hN2hN1 : 68.7332967 (0.01)%
          GqqN1_GttN4hN2hN1 : 68.1615591 (0.01)%
   QqGbbN2zN1_QqGbtC2hC1wN1 : 68.0979763 (0.01)%
             C1wN1_N4wC1wN1 : 68.0362080 (0.01)%
             GbbN4hN1_GttN1 : 67.8757887 (0.01)%
        GqqN1_QqGttN3wC1wN1 : 67.8696730 (0.01)%
        GttN3wC1wN1_QqGqqN1 : 67.8696730 (0.01)%
  GbtC2zC1wN1_QqGbbN3zN2hN1 : 67.8006523 (0.01)%
  GbbN3zN2hN1_QqGbtC2zC1wN1 : 67.8006523 (0.01)%
      QqGbtC2wN1_QqGqqN2hN1 : 67.6749701 (0.01)%
  GbtC2hC1wN1_QqGbbN3zN2hN1 : 66.8124044 (0.01)%
  GbbN3zN2hN1_QqGbtC2hC1wN1 : 66.8124044 (0.01)%
             GbbN1_GttN2hN1 : 66.5046893 (0.01)%
      QqGbbN3wC1wN1_QqN2hN1 : 66.4561440 (0.01)%
    T2tN4wC1wN1_T2tN4wC1wN1 : 66.2078831 (0.01)%
    GbbN4wC1wN1_GbtC2wN2zN1 : 65.9856860 (0.01)%
         QqGqqN1_QqGqqN2hN1 : 65.9629071 (0.01)%
    GttN4hN2hN1_GttN4wC1wN1 : 65.8398219 (0.01)%
  GbbN3wC1wN1_QqGbbN3wC1wN1 : 65.7094646 (0.01)%
          GbbN2zN1_GttN2hN1 : 65.7007546 (0.01)%
          GbbN2hN1_GttN2zN1 : 65.7007546 (0.01)%
  GttN3wC1wN1_QqGttN4wC1wN1 : 65.5578782 (0.01)%
  GttN4wC1wN1_QqGttN3wC1wN1 : 65.5578782 (0.01)%
    QqGbtC1wN1_QqGgN4wC1wN1 : 65.4331757 (0.01)%
            QqN2hN1_QqN2hN1 : 65.1995427 (0.01)%
    GbbN3wC1wN1_GbbN3wC1wN1 : 64.8085282 (0.01)%
       GbbN4hN2hN1_GqqN2hN1 : 64.7750067 (0.01)%
    B1tC2hC1wN1_B1tC2zC1wN1 : 64.6191524 (0.01)%
       GbtC2wN2hN1_GttN4hN1 : 64.4114534 (0.01)%
          C2wN2hN1_C2wN2zN1 : 64.0166927 (0.01)%
             T1bC1wN1_T1tN1 : 63.8592151 (0.01)%
   QqGqqN2hN1_QqGttN4wC1wN1 : 63.7160609 (0.01)%
       GbtC2zC1wN1_GttN2zN1 : 63.6262806 (0.01)%
             GbbN1_GbbN2zN1 : 63.3626496 (0.01)%
     GbbN4hN2hN1_QqGbbN2hN1 : 63.0222878 (0.01)%
     GbbN2hN1_QqGbbN4hN2hN1 : 63.0222878 (0.01)%
       GbtC2hC1wN1_GttN2zN1 : 62.6988774 (0.01)%
          GbbN2hN1_GttN3zN1 : 62.6160847 (0.01)%
    GbtC2wN2zN1_GttN3wC1wN1 : 62.5896263 (0.01)%
   QqGbtC2wN2hN1_QqGttN2hN1 : 62.1200829 (0.01)%
       GbbN3zN1_GbtC2wN2hN1 : 61.9907531 (0.01)%
           GttN4hN1_QqC1wN1 : 61.7832536 (0.01)%
    T2bC2wN2hN1_T2tN4wC1wN1 : 61.0613486 (0.01)%
  GbbN4hN2hN1_QqGbtC2zC1wN1 : 61.0323853 (0.01)%
  GbtC2zC1wN1_QqGbbN4hN2hN1 : 61.0323853 (0.01)%
       GbtC2zC1wN1_GttN3zN1 : 60.6390078 (0.01)%
        GbtC2wN1_QqGttN2hN1 : 60.6234056 (0.01)%
        GttN2hN1_QqGbtC2wN1 : 60.6234056 (0.01)%
      GgN4wC1wN1_QqGqqC1wN1 : 60.5483881 (0.01)%
      GqqC1wN1_QqGgN4wC1wN1 : 60.5483881 (0.01)%
    T1bC2wN2hN1_T1tN3zN2hN1 : 60.4485065 (0.01)%
       GqqN2hN1_GttN3zN2hN1 : 60.2848632 (0.01)%
  GbbN4hN2hN1_QqGbtC2hC1wN1 : 60.1427902 (0.01)%
  GbtC2hC1wN1_QqGbbN4hN2hN1 : 60.1427902 (0.01)%
      QqGbbN1_QqGbtC2wN2hN1 : 59.9094039 (0.01)%
     GqqN2zN1_QqGbtC2wN2hN1 : 59.8307379 (0.01)%
     GqqN2hN1_QqGbtC2wN2zN1 : 59.8307379 (0.01)%
     GbtC2wN2zN1_QqGqqN2hN1 : 59.8307379 (0.01)%
     GbtC2wN2hN1_QqGqqN2zN1 : 59.8307379 (0.01)%
       GbtC2hC1wN1_GttN3zN1 : 59.7551465 (0.01)%
       T1tN2hN1_T1tN3zN2hN1 : 59.7393426 (0.01)%
           GbbN3zN1_QqC1wN1 : 59.4613259 (0.01)%
          GbtC2wN1_GqqN2zN1 : 59.3655768 (0.01)%
   QqGbbN2zN1_QqGbtC2wN2hN1 : 59.1851956 (0.01)%
   QqGbbN2hN1_QqGbtC2wN2zN1 : 59.1851956 (0.01)%
         QqGqqC1wN1_QqN2zN1 : 59.1352665 (0.01)%
           GqqN1_QqGttN2hN1 : 59.0897353 (0.01)%
           GttN2hN1_QqGqqN1 : 59.0897353 (0.01)%
      QqGbbN4wC1wN1_QqN2hN1 : 58.6961748 (0.01)%
     GbbN2hN1_QqGttN3zN2hN1 : 58.6536411 (0.01)%
     GttN3zN2hN1_QqGbbN2hN1 : 58.6536411 (0.01)%
           GbtC2wN1_QqGbbN1 : 58.4659891 (0.01)%
           GbbN1_QqGbtC2wN1 : 58.4659891 (0.01)%
         QqC1wN1_QqGqqN2zN1 : 58.3490871 (0.01)%
  GbbN3zN2hN1_QqGbtC2wN2hN1 : 58.0678815 (0.01)%
------------------------------------------------------------
                                          SUM=90.01%
