/Users/rafalmaselek/Projects/fastlim-1.0
 
#################################################################
#                                                               #
#                                                               #
#                     This is Fastlim  ver. 1.0                 #
#                                                               #
#          A fast LHC limit calculator for BSM models.          #
#                                                               #
#                  http://cern.ch/fastlim-1.0/                  #
#                                                               #
#  for bugs/feature requests: fastlim-1.0.developers@gmail.com  #
#                                                               #
#    please refer to:                                           #
#    M.Papucci, K.Sakurai, A.Weiler, L.Zeune arXiv:1402.xxxx    #
#                                                               #
#################################################################
 

!! Masses incompatible with the data for ERER !!

!! Problem with reading tables for ER ER !! Probably mass outside the table !! Setting xsec to 10^-20 !!

!! Masses incompatible with the data for ELEL !!

!! Problem with reading tables for EL EL !! Probably mass outside the table !! Setting xsec to 10^-20 !!

!! Masses incompatible with the data for TAU1TAU1 !!

!! Problem with reading tables for TAU1 TAU1 !! Probably mass outside the table !! Setting xsec to 10^-20 !!

!! Masses incompatible with the data for TAU2TAU2 !!

!! Problem with reading tables for TAU2 TAU2 !! Probably mass outside the table !! Setting xsec to 10^-20 !!
Decoupling mG=2245.97158 GeV; mQ=3148.12491 GeV

!! Masses incompatible with the data for QQ !!

!! Problem with reading tables for Q Q !! Probably mass outside the table !! Setting xsec to 10^-20 !!

!! Masses incompatible with the data for GQ !!

!! Problem with reading tables for G Q !! Probably mass outside the table !! Setting xsec to 10^-20 !!
!! EWK PROCESS C1C2 NOT FOUND !! WILL TRY TO LOOK FOR +/- MODES !!
XSEC FOUND FOR: C1-C2+
XSEC FOUND FOR: C1+C2-
!! EWK PROCESS C1N1 NOT FOUND !! WILL TRY TO LOOK FOR +/- MODES !!
XSEC FOUND FOR: C1+N1
XSEC FOUND FOR: C1-N1
!! EWK PROCESS C1N2 NOT FOUND !! WILL TRY TO LOOK FOR +/- MODES !!
XSEC FOUND FOR: C1+N2
XSEC FOUND FOR: C1-N2
!! EWK PROCESS C1N3 NOT FOUND !! WILL TRY TO LOOK FOR +/- MODES !!
XSEC FOUND FOR: C1+N3
XSEC FOUND FOR: C1-N3
!! EWK PROCESS C1N4 NOT FOUND !! WILL TRY TO LOOK FOR +/- MODES !!
XSEC FOUND FOR: C1+N4
XSEC FOUND FOR: C1-N4
!! EWK PROCESS C2N1 NOT FOUND !! WILL TRY TO LOOK FOR +/- MODES !!
XSEC FOUND FOR: C2+N1
XSEC FOUND FOR: C2-N1
!! EWK PROCESS C2N2 NOT FOUND !! WILL TRY TO LOOK FOR +/- MODES !!
XSEC FOUND FOR: C2+N2
XSEC FOUND FOR: C2-N2
!! EWK PROCESS C2N3 NOT FOUND !! WILL TRY TO LOOK FOR +/- MODES !!
XSEC FOUND FOR: C2+N3
XSEC FOUND FOR: C2-N3
!! EWK PROCESS C2N4 NOT FOUND !! WILL TRY TO LOOK FOR +/- MODES !!
XSEC FOUND FOR: C2+N4
XSEC FOUND FOR: C2-N4

!! Masses incompatible with the data for B2B2 !!

!! Problem with reading tables for B2 B2 !! Probably mass outside the table !! Setting xsec to 10^-20 !!
---------------  Output inclusive processes  ---------------
The total xsec = 5483.69 [fb]
The total rate = 100.00%
Output upto 0.10%
            Modes : xsec/fb      (rate)
      C1wN1_N2hN1 : 3231.9112845 (58.94)%
      C1wN1_C1wN1 : 1576.2930465 (28.75)%
      C1wN1_N2zN1 : 93.6474986 (1.71)%
C2hC1wN1_N3wC1wN1 : 14.9538721 (0.27)%
C2hC1wN1_N4wC1wN1 : 14.5600284 (0.27)%
C2zC1wN1_N3wC1wN1 : 13.5747002 (0.25)%
C2zC1wN1_N4wC1wN1 : 13.2171801 (0.24)%
C2wN2hN1_N3wC1wN1 : 13.1672123 (0.24)%
C2wN2hN1_N4wC1wN1 : 12.8204243 (0.23)%
N3wC1wN1_N4wC1wN1 : 12.2895928 (0.22)%
            N1_N1 : 11.9100655 (0.22)%
      N2hN1_N2hN1 : 9.7058843 (0.18)%
C2hC1wN1_C2zC1wN1 : 8.7761888 (0.16)%
C2hC1wN1_C2wN2hN1 : 8.5127436 (0.16)%
GbtC2hC1wN1_GttN1 : 8.4665321 (0.15)%
C2wN2hN1_C2zC1wN1 : 7.7276267 (0.14)%
GbtC2zC1wN1_GttN1 : 7.6856773 (0.14)%
C2hC1wN1_N4hN2hN1 : 7.6534998 (0.14)%
GbtC2wN2hN1_GttN1 : 7.4549672 (0.14)%
C2hC1wN1_N3zN2hN1 : 7.1009637 (0.13)%
GttN1_GttN4wC1wN1 : 7.0500638 (0.13)%
C2zC1wN1_N4hN2hN1 : 6.9476296 (0.13)%
GttN1_GttN3wC1wN1 : 6.8379339 (0.12)%
C2wN2hN1_N4hN2hN1 : 6.7390744 (0.12)%
   GbtC1wN1_GttN1 : 6.7129443 (0.12)%
      GttN1_GttN1 : 6.5952274 (0.12)%
N3wC1wN1_N4hN2hN1 : 6.4600420 (0.12)%
C2zC1wN1_N3zN2hN1 : 6.4460531 (0.12)%
C2wN2hN1_N3zN2hN1 : 6.2525543 (0.11)%
   GqqC1wN1_GttN1 : 5.9558745 (0.11)%
N3zN2hN1_N4wC1wN1 : 5.8358097 (0.11)%
   C2wN1_N3wC1wN1 : 5.2170274 (0.10)%
------------------------------------------------------------
                                SUM=94.07%

SHOWING PROCESSES TO GET 90.00% SUSY COVERAGE
---------------  Output inclusive processes  ---------------
The total xsec = 5483.69 [fb]
The total rate = 100.00%
            Modes : xsec/fb      (rate)
      C1wN1_N2hN1 : 3231.9112845 (58.94)%
      C1wN1_C1wN1 : 1576.2930465 (28.75)%
      C1wN1_N2zN1 : 93.6474986 (1.71)%
C2hC1wN1_N3wC1wN1 : 14.9538721 (0.27)%
C2hC1wN1_N4wC1wN1 : 14.5600284 (0.27)%
C2zC1wN1_N3wC1wN1 : 13.5747002 (0.25)%
------------------------------------------------------------
                                SUM=90.18%
