/Users/rafalmaselek/Projects/fastlim-1.0
 
#################################################################
#                                                               #
#                                                               #
#                     This is Fastlim  ver. 1.0                 #
#                                                               #
#          A fast LHC limit calculator for BSM models.          #
#                                                               #
#                  http://cern.ch/fastlim-1.0/                  #
#                                                               #
#  for bugs/feature requests: fastlim-1.0.developers@gmail.com  #
#                                                               #
#    please refer to:                                           #
#    M.Papucci, K.Sakurai, A.Weiler, L.Zeune arXiv:1402.xxxx    #
#                                                               #
#################################################################
 

!! Masses incompatible with the data for ERER !!

!! Problem with reading tables for ER ER !! Probably mass outside the table !! Setting xsec to 10^-20 !!

!! Masses incompatible with the data for ELEL !!

!! Problem with reading tables for EL EL !! Probably mass outside the table !! Setting xsec to 10^-20 !!

!! Masses incompatible with the data for TAU1TAU1 !!

!! Problem with reading tables for TAU1 TAU1 !! Probably mass outside the table !! Setting xsec to 10^-20 !!

!! Masses incompatible with the data for TAU2TAU2 !!

!! Problem with reading tables for TAU2 TAU2 !! Probably mass outside the table !! Setting xsec to 10^-20 !!
!! EWK PROCESS C1C2 NOT FOUND !! WILL TRY TO LOOK FOR +/- MODES !!
XSEC FOUND FOR: C1-C2+
XSEC FOUND FOR: C1+C2-
!! EWK PROCESS C1N1 NOT FOUND !! WILL TRY TO LOOK FOR +/- MODES !!
XSEC FOUND FOR: C1+N1
XSEC FOUND FOR: C1-N1
!! EWK PROCESS C1N2 NOT FOUND !! WILL TRY TO LOOK FOR +/- MODES !!
XSEC FOUND FOR: C1+N2
XSEC FOUND FOR: C1-N2
!! EWK PROCESS C1N3 NOT FOUND !! WILL TRY TO LOOK FOR +/- MODES !!
XSEC FOUND FOR: C1+N3
XSEC FOUND FOR: C1-N3
!! EWK PROCESS C1N4 NOT FOUND !! WILL TRY TO LOOK FOR +/- MODES !!
XSEC FOUND FOR: C1+N4
XSEC FOUND FOR: C1-N4
!! EWK PROCESS C2N1 NOT FOUND !! WILL TRY TO LOOK FOR +/- MODES !!
XSEC FOUND FOR: C2+N1
XSEC FOUND FOR: C2-N1
!! EWK PROCESS C2N2 NOT FOUND !! WILL TRY TO LOOK FOR +/- MODES !!
XSEC FOUND FOR: C2+N2
XSEC FOUND FOR: C2-N2
!! EWK PROCESS C2N3 NOT FOUND !! WILL TRY TO LOOK FOR +/- MODES !!
XSEC FOUND FOR: C2+N3
XSEC FOUND FOR: C2-N3
!! EWK PROCESS C2N4 NOT FOUND !! WILL TRY TO LOOK FOR +/- MODES !!
XSEC FOUND FOR: C2+N4
XSEC FOUND FOR: C2-N4
---------------  Output inclusive processes  ---------------
The total xsec = 75820.47 [fb]
The total rate = 100.00%
Output upto 0.10%
                    Modes : xsec/fb      (rate)
              C1wN1_N2hN1 : 24779.5208907 (32.68)%
              C1wN1_C1wN1 : 13189.6043895 (17.40)%
              C1wN1_N2zN1 : 2817.4299471 (3.72)%
        C2zC1wN1_N4wC1wN1 : 378.2396505 (0.50)%
        C2wN2hN1_N4wC1wN1 : 371.2194037 (0.49)%
        C2hC1wN1_N4wC1wN1 : 362.3356536 (0.48)%
        C2zC1wN1_N3wC1wN1 : 336.1765402 (0.44)%
        N3wC1wN1_N4wC1wN1 : 334.7489862 (0.44)%
        C2wN2hN1_N3wC1wN1 : 329.9369980 (0.44)%
        C2hC1wN1_N3wC1wN1 : 322.0411881 (0.42)%
           C2wN1_N4wC1wN1 : 215.2744844 (0.28)%
           C1wN1_N3wC1wN1 : 206.2899069 (0.27)%
        C2wN2hN1_C2zC1wN1 : 196.5129885 (0.26)%
     GbtC1wN1_GbtC2zC1wN1 : 192.5114838 (0.25)%
        C2hC1wN1_C2zC1wN1 : 191.8101841 (0.25)%
           C2wN1_N3wC1wN1 : 191.3343333 (0.25)%
     GbtC1wN1_GbtC2wN2hN1 : 188.9384101 (0.25)%
        C2hC1wN1_C2wN2hN1 : 188.2501268 (0.25)%
     GbtC1wN1_GbtC2hC1wN1 : 184.4168749 (0.24)%
           GbtC1wN1_GttN1 : 165.7925234 (0.22)%
  GbtC2wN2hN1_GbtC2zC1wN1 : 151.8924563 (0.20)%
  GbtC2hC1wN1_GbtC2zC1wN1 : 148.2574776 (0.20)%
     GbtC1wN1_GttN4wC1wN1 : 148.1099426 (0.20)%
        C2zC1wN1_N4hN2hN1 : 146.1704304 (0.19)%
  GbtC2hC1wN1_GbtC2wN2hN1 : 145.5057722 (0.19)%
        C2wN2hN1_N4hN2hN1 : 143.4574613 (0.19)%
        GbtC1wN1_GqqC1wN1 : 142.6942888 (0.19)%
        C2hC1wN1_N4hN2hN1 : 140.0243427 (0.18)%
         GbtC1wN1_QqC1wN1 : 133.6227588 (0.18)%
        GbtC2zC1wN1_GttN1 : 133.2848816 (0.18)%
        GbtC2wN2hN1_GttN1 : 130.8110723 (0.17)%
      GbtC1wN1_QqGbtC1wN1 : 130.7389146 (0.17)%
        C2zC1wN1_N3zN2hN1 : 130.6969766 (0.17)%
        N3zN2hN1_N4wC1wN1 : 130.1419795 (0.17)%
        N3wC1wN1_N4hN2hN1 : 129.3634957 (0.17)%
     GbtC1wN1_GttN3wC1wN1 : 128.4752240 (0.17)%
        C2wN2hN1_N3zN2hN1 : 128.2711996 (0.17)%
        GbtC2hC1wN1_GttN1 : 127.6805978 (0.17)%
        C2hC1wN1_N3zN2hN1 : 125.2015075 (0.17)%
        GbtC1wN1_GbtC1wN1 : 119.7321268 (0.16)%
  GbtC2zC1wN1_GttN4wC1wN1 : 119.0693992 (0.16)%
  GbtC2wN2hN1_GttN4wC1wN1 : 116.8594337 (0.15)%
     GbtC2zC1wN1_GqqC1wN1 : 114.7156156 (0.15)%
  GbtC2hC1wN1_GttN4wC1wN1 : 114.0628396 (0.15)%
           C2wN1_C2zC1wN1 : 113.9601860 (0.15)%
     GbtC2wN2hN1_GqqC1wN1 : 112.5864577 (0.15)%
           C2wN1_C2wN2hN1 : 111.8450491 (0.15)%
     GbtC2hC1wN1_GqqC1wN1 : 109.8921213 (0.14)%
           C2zC1wN1_N3zN1 : 109.8489771 (0.14)%
        GbtC1wN1_GbtC2wN1 : 109.5675992 (0.14)%
           N3zN1_N4wC1wN1 : 109.3825098 (0.14)%
           C2hC1wN1_C2wN1 : 109.1684556 (0.14)%
           C2wN2hN1_N3zN1 : 107.8101455 (0.14)%
      GbtC2zC1wN1_QqC1wN1 : 107.4227789 (0.14)%
      GbtC2wN2hN1_QqC1wN1 : 105.4289784 (0.14)%
           C2hC1wN1_N3zN1 : 105.2301123 (0.14)%
   GbtC1wN1_QqGbtC2zC1wN1 : 105.1043822 (0.14)%
   GbtC2zC1wN1_QqGbtC1wN1 : 105.1043822 (0.14)%
  GbtC2zC1wN1_GttN3wC1wN1 : 103.2845430 (0.14)%
   GbtC1wN1_QqGbtC2wN2hN1 : 103.1536119 (0.14)%
   GbtC2wN2hN1_QqGbtC1wN1 : 103.1536119 (0.14)%
      GbtC2hC1wN1_QqC1wN1 : 102.9059295 (0.14)%
        GttN1_GttN4wC1wN1 : 102.5435770 (0.14)%
  GbtC2wN2hN1_GttN3wC1wN1 : 101.3675494 (0.13)%
   GbtC1wN1_QqGbtC2hC1wN1 : 100.6850154 (0.13)%
   GbtC2hC1wN1_QqGbtC1wN1 : 100.6850154 (0.13)%
        C2zC1wN1_C2zC1wN1 : 100.1146537 (0.13)%
  GbtC2hC1wN1_GttN3wC1wN1 : 98.9416957 (0.13)%
           GqqC1wN1_GttN1 : 98.7940616 (0.13)%
        C2wN2hN1_C2wN2hN1 : 96.4328228 (0.13)%
                    N1_N1 : 93.7084180 (0.12)%
            GttN1_QqC1wN1 : 92.5134087 (0.12)%
              N2hN1_N2hN1 : 91.8895305 (0.12)%
        C2hC1wN1_C2hC1wN1 : 91.8725315 (0.12)%
           C2zC1wN1_N4hN1 : 91.1706639 (0.12)%
         GttN1_QqGbtC1wN1 : 90.5167859 (0.12)%
         GbtC1wN1_QqGttN1 : 90.5167859 (0.12)%
           C2wN2hN1_N4hN1 : 89.4785077 (0.12)%
           N2hN1_N3wC1wN1 : 89.0880799 (0.12)%
        GttN1_GttN3wC1wN1 : 88.9495249 (0.12)%
     GqqC1wN1_GttN4wC1wN1 : 88.2571933 (0.12)%
     GbtC2wN1_GbtC2zC1wN1 : 88.0842162 (0.12)%
           C2hC1wN1_N4hN1 : 87.3371738 (0.12)%
     GbtC2wN1_GbtC2wN2hN1 : 86.4493455 (0.11)%
GbtC2zC1wN1_QqGbtC2zC1wN1 : 84.4961211 (0.11)%
     GbtC2hC1wN1_GbtC2wN1 : 84.3805032 (0.11)%
       QqC1wN1_QqGbtC1wN1 : 83.6059445 (0.11)%
           C2wN1_N4hN2hN1 : 83.1926637 (0.11)%
GbtC2zC1wN1_QqGbtC2wN2hN1 : 82.9278465 (0.11)%
GbtC2wN2hN1_QqGbtC2zC1wN1 : 82.9278465 (0.11)%
      GttN4wC1wN1_QqC1wN1 : 82.6464027 (0.11)%
                 C1wN1_N1 : 82.2492637 (0.11)%
GbtC2wN2hN1_QqGbtC2wN2hN1 : 81.3886796 (0.11)%
GbtC2hC1wN1_QqGbtC2zC1wN1 : 80.9432782 (0.11)%
GbtC2zC1wN1_QqGbtC2hC1wN1 : 80.9432782 (0.11)%
   GbtC1wN1_QqGttN4wC1wN1 : 80.8627294 (0.11)%
   GttN4wC1wN1_QqGbtC1wN1 : 80.8627294 (0.11)%
           N3wC1wN1_N4hN1 : 80.6876996 (0.11)%
           C1wN1_N3zN2hN1 : 80.2003231 (0.11)%
         GqqC1wN1_QqC1wN1 : 79.6244293 (0.11)%
  GttN3wC1wN1_GttN4wC1wN1 : 79.4626244 (0.10)%
GbtC2hC1wN1_QqGbtC2wN2hN1 : 79.4409456 (0.10)%
GbtC2wN2hN1_QqGbtC2hC1wN1 : 79.4409456 (0.10)%
      GqqC1wN1_QqGbtC1wN1 : 77.9059762 (0.10)%
      GbtC1wN1_QqGqqC1wN1 : 77.9059762 (0.10)%
GbtC2hC1wN1_QqGbtC2hC1wN1 : 77.5398232 (0.10)%
  GbtC2zC1wN1_GbtC2zC1wN1 : 77.3824711 (0.10)%
     GqqC1wN1_GttN3wC1wN1 : 76.5570662 (0.10)%
           GbtC2wN1_GttN1 : 75.8588744 (0.10)%
  GbtC2wN2hN1_GbtC2wN2hN1 : 74.5366423 (0.10)%
------------------------------------------------------------
                                        SUM=71.75%

SHOWING PROCESSES TO GET 90.00% SUSY COVERAGE
---------------  Output inclusive processes  ---------------
The total xsec = 75820.47 [fb]
The total rate = 100.00%
                      Modes : xsec/fb      (rate)
                C1wN1_N2hN1 : 24779.5208907 (32.68)%
                C1wN1_C1wN1 : 13189.6043895 (17.40)%
                C1wN1_N2zN1 : 2817.4299471 (3.72)%
          C2zC1wN1_N4wC1wN1 : 378.2396505 (0.50)%
          C2wN2hN1_N4wC1wN1 : 371.2194037 (0.49)%
          C2hC1wN1_N4wC1wN1 : 362.3356536 (0.48)%
          C2zC1wN1_N3wC1wN1 : 336.1765402 (0.44)%
          N3wC1wN1_N4wC1wN1 : 334.7489862 (0.44)%
          C2wN2hN1_N3wC1wN1 : 329.9369980 (0.44)%
          C2hC1wN1_N3wC1wN1 : 322.0411881 (0.42)%
             C2wN1_N4wC1wN1 : 215.2744844 (0.28)%
             C1wN1_N3wC1wN1 : 206.2899069 (0.27)%
          C2wN2hN1_C2zC1wN1 : 196.5129885 (0.26)%
       GbtC1wN1_GbtC2zC1wN1 : 192.5114838 (0.25)%
          C2hC1wN1_C2zC1wN1 : 191.8101841 (0.25)%
             C2wN1_N3wC1wN1 : 191.3343333 (0.25)%
       GbtC1wN1_GbtC2wN2hN1 : 188.9384101 (0.25)%
          C2hC1wN1_C2wN2hN1 : 188.2501268 (0.25)%
       GbtC1wN1_GbtC2hC1wN1 : 184.4168749 (0.24)%
             GbtC1wN1_GttN1 : 165.7925234 (0.22)%
    GbtC2wN2hN1_GbtC2zC1wN1 : 151.8924563 (0.20)%
    GbtC2hC1wN1_GbtC2zC1wN1 : 148.2574776 (0.20)%
       GbtC1wN1_GttN4wC1wN1 : 148.1099426 (0.20)%
          C2zC1wN1_N4hN2hN1 : 146.1704304 (0.19)%
    GbtC2hC1wN1_GbtC2wN2hN1 : 145.5057722 (0.19)%
          C2wN2hN1_N4hN2hN1 : 143.4574613 (0.19)%
          GbtC1wN1_GqqC1wN1 : 142.6942888 (0.19)%
          C2hC1wN1_N4hN2hN1 : 140.0243427 (0.18)%
           GbtC1wN1_QqC1wN1 : 133.6227588 (0.18)%
          GbtC2zC1wN1_GttN1 : 133.2848816 (0.18)%
          GbtC2wN2hN1_GttN1 : 130.8110723 (0.17)%
        GbtC1wN1_QqGbtC1wN1 : 130.7389146 (0.17)%
          C2zC1wN1_N3zN2hN1 : 130.6969766 (0.17)%
          N3zN2hN1_N4wC1wN1 : 130.1419795 (0.17)%
          N3wC1wN1_N4hN2hN1 : 129.3634957 (0.17)%
       GbtC1wN1_GttN3wC1wN1 : 128.4752240 (0.17)%
          C2wN2hN1_N3zN2hN1 : 128.2711996 (0.17)%
          GbtC2hC1wN1_GttN1 : 127.6805978 (0.17)%
          C2hC1wN1_N3zN2hN1 : 125.2015075 (0.17)%
          GbtC1wN1_GbtC1wN1 : 119.7321268 (0.16)%
    GbtC2zC1wN1_GttN4wC1wN1 : 119.0693992 (0.16)%
    GbtC2wN2hN1_GttN4wC1wN1 : 116.8594337 (0.15)%
       GbtC2zC1wN1_GqqC1wN1 : 114.7156156 (0.15)%
    GbtC2hC1wN1_GttN4wC1wN1 : 114.0628396 (0.15)%
             C2wN1_C2zC1wN1 : 113.9601860 (0.15)%
       GbtC2wN2hN1_GqqC1wN1 : 112.5864577 (0.15)%
             C2wN1_C2wN2hN1 : 111.8450491 (0.15)%
       GbtC2hC1wN1_GqqC1wN1 : 109.8921213 (0.14)%
             C2zC1wN1_N3zN1 : 109.8489771 (0.14)%
          GbtC1wN1_GbtC2wN1 : 109.5675992 (0.14)%
             N3zN1_N4wC1wN1 : 109.3825098 (0.14)%
             C2hC1wN1_C2wN1 : 109.1684556 (0.14)%
             C2wN2hN1_N3zN1 : 107.8101455 (0.14)%
        GbtC2zC1wN1_QqC1wN1 : 107.4227789 (0.14)%
        GbtC2wN2hN1_QqC1wN1 : 105.4289784 (0.14)%
             C2hC1wN1_N3zN1 : 105.2301123 (0.14)%
     GbtC1wN1_QqGbtC2zC1wN1 : 105.1043822 (0.14)%
     GbtC2zC1wN1_QqGbtC1wN1 : 105.1043822 (0.14)%
    GbtC2zC1wN1_GttN3wC1wN1 : 103.2845430 (0.14)%
     GbtC1wN1_QqGbtC2wN2hN1 : 103.1536119 (0.14)%
     GbtC2wN2hN1_QqGbtC1wN1 : 103.1536119 (0.14)%
        GbtC2hC1wN1_QqC1wN1 : 102.9059295 (0.14)%
          GttN1_GttN4wC1wN1 : 102.5435770 (0.14)%
    GbtC2wN2hN1_GttN3wC1wN1 : 101.3675494 (0.13)%
     GbtC1wN1_QqGbtC2hC1wN1 : 100.6850154 (0.13)%
     GbtC2hC1wN1_QqGbtC1wN1 : 100.6850154 (0.13)%
          C2zC1wN1_C2zC1wN1 : 100.1146537 (0.13)%
    GbtC2hC1wN1_GttN3wC1wN1 : 98.9416957 (0.13)%
             GqqC1wN1_GttN1 : 98.7940616 (0.13)%
          C2wN2hN1_C2wN2hN1 : 96.4328228 (0.13)%
                      N1_N1 : 93.7084180 (0.12)%
              GttN1_QqC1wN1 : 92.5134087 (0.12)%
                N2hN1_N2hN1 : 91.8895305 (0.12)%
          C2hC1wN1_C2hC1wN1 : 91.8725315 (0.12)%
             C2zC1wN1_N4hN1 : 91.1706639 (0.12)%
           GttN1_QqGbtC1wN1 : 90.5167859 (0.12)%
           GbtC1wN1_QqGttN1 : 90.5167859 (0.12)%
             C2wN2hN1_N4hN1 : 89.4785077 (0.12)%
             N2hN1_N3wC1wN1 : 89.0880799 (0.12)%
          GttN1_GttN3wC1wN1 : 88.9495249 (0.12)%
       GqqC1wN1_GttN4wC1wN1 : 88.2571933 (0.12)%
       GbtC2wN1_GbtC2zC1wN1 : 88.0842162 (0.12)%
             C2hC1wN1_N4hN1 : 87.3371738 (0.12)%
       GbtC2wN1_GbtC2wN2hN1 : 86.4493455 (0.11)%
  GbtC2zC1wN1_QqGbtC2zC1wN1 : 84.4961211 (0.11)%
       GbtC2hC1wN1_GbtC2wN1 : 84.3805032 (0.11)%
         QqC1wN1_QqGbtC1wN1 : 83.6059445 (0.11)%
             C2wN1_N4hN2hN1 : 83.1926637 (0.11)%
  GbtC2zC1wN1_QqGbtC2wN2hN1 : 82.9278465 (0.11)%
  GbtC2wN2hN1_QqGbtC2zC1wN1 : 82.9278465 (0.11)%
        GttN4wC1wN1_QqC1wN1 : 82.6464027 (0.11)%
                   C1wN1_N1 : 82.2492637 (0.11)%
  GbtC2wN2hN1_QqGbtC2wN2hN1 : 81.3886796 (0.11)%
  GbtC2hC1wN1_QqGbtC2zC1wN1 : 80.9432782 (0.11)%
  GbtC2zC1wN1_QqGbtC2hC1wN1 : 80.9432782 (0.11)%
     GbtC1wN1_QqGttN4wC1wN1 : 80.8627294 (0.11)%
     GttN4wC1wN1_QqGbtC1wN1 : 80.8627294 (0.11)%
             N3wC1wN1_N4hN1 : 80.6876996 (0.11)%
             C1wN1_N3zN2hN1 : 80.2003231 (0.11)%
           GqqC1wN1_QqC1wN1 : 79.6244293 (0.11)%
    GttN3wC1wN1_GttN4wC1wN1 : 79.4626244 (0.10)%
  GbtC2hC1wN1_QqGbtC2wN2hN1 : 79.4409456 (0.10)%
  GbtC2wN2hN1_QqGbtC2hC1wN1 : 79.4409456 (0.10)%
        GqqC1wN1_QqGbtC1wN1 : 77.9059762 (0.10)%
        GbtC1wN1_QqGqqC1wN1 : 77.9059762 (0.10)%
  GbtC2hC1wN1_QqGbtC2hC1wN1 : 77.5398232 (0.10)%
    GbtC2zC1wN1_GbtC2zC1wN1 : 77.3824711 (0.10)%
       GqqC1wN1_GttN3wC1wN1 : 76.5570662 (0.10)%
             GbtC2wN1_GttN1 : 75.8588744 (0.10)%
    GbtC2wN2hN1_GbtC2wN2hN1 : 74.5366423 (0.10)%
             C2wN1_N3zN2hN1 : 74.3859725 (0.10)%
          GbbN2hN1_GbtC1wN1 : 73.0474208 (0.10)%
        GttN1_QqGbtC2zC1wN1 : 72.7687765 (0.10)%
        GbtC2zC1wN1_QqGttN1 : 72.7687765 (0.10)%
        GttN3wC1wN1_QqC1wN1 : 71.6900899 (0.09)%
        GttN1_QqGbtC2wN2hN1 : 71.4181651 (0.09)%
        GbtC2wN2hN1_QqGttN1 : 71.4181651 (0.09)%
    GbtC2hC1wN1_GbtC2hC1wN1 : 71.0118175 (0.09)%
     GbtC1wN1_QqGttN3wC1wN1 : 70.1428756 (0.09)%
     GttN3wC1wN1_QqGbtC1wN1 : 70.1428756 (0.09)%
        GttN1_QqGbtC2hC1wN1 : 69.7090381 (0.09)%
        GbtC2hC1wN1_QqGttN1 : 69.7090381 (0.09)%
       GbtC2wN1_GttN4wC1wN1 : 67.7681557 (0.09)%
                C1wN1_N3zN1 : 67.4072475 (0.09)%
      QqC1wN1_QqGbtC2zC1wN1 : 67.2129730 (0.09)%
      QqC1wN1_QqGbtC2wN2hN1 : 65.9654791 (0.09)%
   QqGbtC1wN1_QqGbtC2zC1wN1 : 65.7623837 (0.09)%
          GbtC2wN1_GqqC1wN1 : 65.2902068 (0.09)%
  GttN4wC1wN1_QqGbtC2zC1wN1 : 65.0076318 (0.09)%
  GbtC2zC1wN1_QqGttN4wC1wN1 : 65.0076318 (0.09)%
   QqGbtC1wN1_QqGbtC2wN2hN1 : 64.5418132 (0.09)%
      QqC1wN1_QqGbtC2hC1wN1 : 64.3868418 (0.08)%
          GbtC1wN1_GqqN2hN1 : 64.1115461 (0.08)%
  GttN4wC1wN1_QqGbtC2wN2hN1 : 63.8010697 (0.08)%
  GbtC2wN2hN1_QqGttN4wC1wN1 : 63.8010697 (0.08)%
   QqGbtC1wN1_QqGbtC2hC1wN1 : 62.9972460 (0.08)%
              GttN1_QqGttN1 : 62.6690878 (0.08)%
     GqqC1wN1_QqGbtC2zC1wN1 : 62.6306217 (0.08)%
     GbtC2zC1wN1_QqGqqC1wN1 : 62.6306217 (0.08)%
                C2wN1_N3zN1 : 62.5203674 (0.08)%
  GttN4wC1wN1_QqGbtC2hC1wN1 : 62.2742294 (0.08)%
  GbtC2hC1wN1_QqGttN4wC1wN1 : 62.2742294 (0.08)%
     GqqC1wN1_QqGbtC2wN2hN1 : 61.4681776 (0.08)%
     GbtC2wN2hN1_QqGqqC1wN1 : 61.4681776 (0.08)%
           GbtC2wN1_QqC1wN1 : 61.1395006 (0.08)%
           GbtC1wN1_QqN2hN1 : 60.7488377 (0.08)%
     GqqC1wN1_QqGbtC2hC1wN1 : 59.9971664 (0.08)%
     GbtC2hC1wN1_QqGqqC1wN1 : 59.9971664 (0.08)%
        GbtC1wN1_QqGbtC2wN1 : 59.8199889 (0.08)%
        GbtC2wN1_QqGbtC1wN1 : 59.8199889 (0.08)%
             C1wN1_N4wC1wN1 : 59.2227247 (0.08)%
       GbtC2wN1_GttN3wC1wN1 : 58.7842303 (0.08)%
       GbbN2hN1_GbtC2zC1wN1 : 58.7247038 (0.08)%
            QqC1wN1_QqGttN1 : 57.8843827 (0.08)%
       GbbN2hN1_GbtC2wN2hN1 : 57.6347549 (0.08)%
                GttN1_GttN1 : 57.3930355 (0.08)%
       GbtC1wN1_GttN4hN2hN1 : 57.2369767 (0.08)%
         QqGbtC1wN1_QqGttN1 : 56.6351229 (0.07)%
  GttN3wC1wN1_QqGbtC2zC1wN1 : 56.3896650 (0.07)%
  GbtC2zC1wN1_QqGttN3wC1wN1 : 56.3896650 (0.07)%
       GbbN2hN1_GbtC2hC1wN1 : 56.2554823 (0.07)%
        GttN1_QqGttN4wC1wN1 : 55.9851241 (0.07)%
        GttN4wC1wN1_QqGttN1 : 55.9851241 (0.07)%
  GttN3wC1wN1_QqGbtC2wN2hN1 : 55.3430551 (0.07)%
  GbtC2wN2hN1_QqGttN3wC1wN1 : 55.3430551 (0.07)%
  GttN3wC1wN1_QqGbtC2hC1wN1 : 54.0186258 (0.07)%
  GbtC2hC1wN1_QqGttN3wC1wN1 : 54.0186258 (0.07)%
           GqqC1wN1_QqGttN1 : 53.9380228 (0.07)%
           GttN1_QqGqqC1wN1 : 53.9380228 (0.07)%
                C2wN1_N4hN1 : 51.8896357 (0.07)%
QqGbtC2wN2hN1_QqGbtC2zC1wN1 : 51.8868267 (0.07)%
      QqC1wN1_QqGttN4wC1wN1 : 51.7107311 (0.07)%
       GbtC2zC1wN1_GqqN2hN1 : 51.5409239 (0.07)%
QqGbtC2hC1wN1_QqGbtC2zC1wN1 : 50.6451093 (0.07)%
   QqGbtC1wN1_QqGttN4wC1wN1 : 50.5947110 (0.07)%
       GbtC2wN2hN1_GqqN2hN1 : 50.5843081 (0.07)%
             GbbN2hN1_GttN1 : 50.5742133 (0.07)%
          N3zN2hN1_N4hN2hN1 : 50.2932708 (0.07)%
  GttN4wC1wN1_QqGttN4wC1wN1 : 50.0140377 (0.07)%
       GbtC1wN1_GttN3zN2hN1 : 49.9479331 (0.07)%
         QqC1wN1_QqGqqC1wN1 : 49.8199234 (0.07)%
QqGbtC2hC1wN1_QqGbtC2wN2hN1 : 49.7051201 (0.07)%
       GbtC2hC1wN1_GqqN2hN1 : 49.3737616 (0.07)%
        GbtC2zC1wN1_QqN2hN1 : 48.8375559 (0.06)%
      QqGbtC1wN1_QqGqqC1wN1 : 48.7447107 (0.06)%
        GttN1_QqGttN3wC1wN1 : 48.5632580 (0.06)%
        GttN3wC1wN1_QqGttN1 : 48.5632580 (0.06)%
             GbtC1wN1_GqqN1 : 48.2387693 (0.06)%
     GqqC1wN1_QqGttN4wC1wN1 : 48.1852698 (0.06)%
     GttN4wC1wN1_QqGqqC1wN1 : 48.1852698 (0.06)%
     GbtC2wN1_QqGbtC2zC1wN1 : 48.0908305 (0.06)%
     GbtC2zC1wN1_QqGbtC2wN1 : 48.0908305 (0.06)%
        GbtC2wN2hN1_QqN2hN1 : 47.9311156 (0.06)%
     GbtC2wN1_QqGbtC2wN2hN1 : 47.1982495 (0.06)%
     GbtC2wN2hN1_QqGbtC2wN1 : 47.1982495 (0.06)%
        GbtC2hC1wN1_QqN2hN1 : 46.7840633 (0.06)%
        GqqC1wN1_QqGqqC1wN1 : 46.4233709 (0.06)%
     GbtC2hC1wN1_QqGbtC2wN1 : 46.0687357 (0.06)%
     GbtC2wN1_QqGbtC2hC1wN1 : 46.0687357 (0.06)%
    GbtC2zC1wN1_GttN4hN2hN1 : 46.0142804 (0.06)%
    GttN4wC1wN1_GttN4wC1wN1 : 45.8034023 (0.06)%
      QqGbtC2zC1wN1_QqGttN1 : 45.5304346 (0.06)%
       GbbN2hN1_GttN4wC1wN1 : 45.1802269 (0.06)%
    GbtC2wN2hN1_GttN4hN2hN1 : 45.1602409 (0.06)%
      QqC1wN1_QqGttN3wC1wN1 : 44.8555151 (0.06)%
      QqGbtC2wN2hN1_QqGttN1 : 44.6853755 (0.06)%
             GqqN2hN1_GttN1 : 44.3874810 (0.06)%
    GbtC2hC1wN1_GttN4hN2hN1 : 44.0794992 (0.06)%
   QqGbtC1wN1_QqGttN3wC1wN1 : 43.8874441 (0.06)%
      QqGbtC2hC1wN1_QqGttN1 : 43.6159979 (0.06)%
          GbbN2hN1_GqqC1wN1 : 43.5282077 (0.06)%
  GttN3wC1wN1_QqGttN4wC1wN1 : 43.3837498 (0.06)%
  GttN4wC1wN1_QqGttN3wC1wN1 : 43.3837498 (0.06)%
            QqC1wN1_QqC1wN1 : 42.7250639 (0.06)%
          GqqC1wN1_GqqC1wN1 : 42.5150304 (0.06)%
             N3zN1_N4hN2hN1 : 42.2707892 (0.06)%
          C2wN2zN1_N4wC1wN1 : 42.2076226 (0.06)%
              GttN1_QqN2hN1 : 42.0593176 (0.06)%
          GbtC1wN1_GttN3zN1 : 41.9805377 (0.06)%
     GqqC1wN1_QqGttN3wC1wN1 : 41.7974190 (0.06)%
     GttN3wC1wN1_QqGqqC1wN1 : 41.7974190 (0.06)%
          GbtC1wN1_GttN2hN1 : 41.5087103 (0.05)%
           GttN1_QqGbtC2wN1 : 41.4162313 (0.05)%
           GbtC2wN1_QqGttN1 : 41.4162313 (0.05)%
      QqGbtC1wN1_QqGbtC1wN1 : 40.9007812 (0.05)%
           GbbN2hN1_QqC1wN1 : 40.7609810 (0.05)%
QqGbtC2zC1wN1_QqGttN4wC1wN1 : 40.6743918 (0.05)%
    GbtC2zC1wN1_GttN3zN2hN1 : 40.1544304 (0.05)%
QqGbtC2wN2hN1_QqGttN4wC1wN1 : 39.9194623 (0.05)%
        GbtC1wN1_QqGbbN2hN1 : 39.8812782 (0.05)%
        GbbN2hN1_QqGbtC1wN1 : 39.8812782 (0.05)%
       GqqN2hN1_GttN4wC1wN1 : 39.6533398 (0.05)%
          GttN1_GttN4hN2hN1 : 39.6278887 (0.05)%
    GbtC2wN2hN1_GttN3zN2hN1 : 39.4091516 (0.05)%
       GbbN2hN1_GttN3wC1wN1 : 39.1907502 (0.05)%
   QqGbtC2zC1wN1_QqGqqC1wN1 : 39.1871289 (0.05)%
QqGbtC2hC1wN1_QqGttN4wC1wN1 : 38.9641391 (0.05)%
             C1wN1_C2zC1wN1 : 38.9350350 (0.05)%
            QqC1wN1_QqN2hN1 : 38.8481422 (0.05)%
          GbtC2zC1wN1_GqqN1 : 38.7803896 (0.05)%
    GbtC2hC1wN1_GttN3zN2hN1 : 38.4660407 (0.05)%
   QqGbtC2wN2hN1_QqGqqC1wN1 : 38.4598035 (0.05)%
         QqC1wN1_QqGbtC2wN1 : 38.2541547 (0.05)%
             C1wN1_C2wN2hN1 : 38.2123885 (0.05)%
          GqqC1wN1_GqqN2hN1 : 38.2034117 (0.05)%
          GbtC2wN2hN1_GqqN1 : 38.0606133 (0.05)%
         QqGbtC1wN1_QqN2hN1 : 38.0097223 (0.05)%
  GttN3wC1wN1_QqGttN3wC1wN1 : 37.6324295 (0.05)%
        GttN4wC1wN1_QqN2hN1 : 37.5734864 (0.05)%
   QqGbtC2hC1wN1_QqGqqC1wN1 : 37.5394117 (0.05)%
          C2wN2zN1_N3wC1wN1 : 37.5138157 (0.05)%
      QqGbtC1wN1_QqGbtC2wN1 : 37.4285542 (0.05)%
             C1wN1_C2hC1wN1 : 37.2979177 (0.05)%
          GbtC2hC1wN1_GqqN1 : 37.1497747 (0.05)%
     GttN4wC1wN1_QqGbtC2wN1 : 36.9989883 (0.05)%
     GbtC2wN1_QqGttN4wC1wN1 : 36.9989883 (0.05)%
           GqqC1wN1_QqN2hN1 : 36.1996083 (0.05)%
           GqqN2hN1_QqC1wN1 : 35.7746993 (0.05)%
          GbtC1wN1_GttN4hN1 : 35.7003338 (0.05)%
        GqqC1wN1_QqGbtC2wN1 : 35.6461169 (0.05)%
        GbtC2wN1_QqGqqC1wN1 : 35.6461169 (0.05)%
    GttN4hN2hN1_GttN4wC1wN1 : 35.4013812 (0.05)%
QqGbtC2zC1wN1_QqGttN3wC1wN1 : 35.2822472 (0.05)%
      QqGttN1_QqGttN4wC1wN1 : 35.0291314 (0.05)%
        GbtC1wN1_QqGqqN2hN1 : 35.0026103 (0.05)%
        GqqN2hN1_QqGbtC1wN1 : 35.0026103 (0.05)%
             N2hN1_N3zN2hN1 : 34.6352029 (0.05)%
QqGbtC2wN2hN1_QqGttN3wC1wN1 : 34.6273976 (0.05)%
          GttN1_GttN3zN2hN1 : 34.5813362 (0.05)%
    GttN3wC1wN1_GttN3wC1wN1 : 34.4641902 (0.05)%
       GqqN2hN1_GttN3wC1wN1 : 34.3965545 (0.05)%
       GqqC1wN1_GttN4hN2hN1 : 34.1069264 (0.04)%
QqGbtC2hC1wN1_QqGttN3wC1wN1 : 33.7987201 (0.04)%
       GbtC2zC1wN1_GttN3zN1 : 33.7492360 (0.04)%
         QqGqqC1wN1_QqGttN1 : 33.7482879 (0.04)%
          GbbN2hN1_GbtC2wN1 : 33.4230701 (0.04)%
                GqqN1_GttN1 : 33.3980006 (0.04)%
       GbtC2zC1wN1_GttN2hN1 : 33.3699218 (0.04)%
       GbtC2wN2hN1_GttN3zN1 : 33.1228396 (0.04)%
       GbtC2wN2hN1_GttN2hN1 : 32.7505656 (0.04)%
        GttN3wC1wN1_QqN2hN1 : 32.5924242 (0.04)%
                C2wN1_C2wN1 : 32.4301276 (0.04)%
       GbtC2hC1wN1_GttN3zN1 : 32.3301681 (0.04)%
     GbtC2wN1_QqGttN3wC1wN1 : 32.0940865 (0.04)%
     GttN3wC1wN1_QqGbtC2wN1 : 32.0940865 (0.04)%
     GbbN2hN1_QqGbtC2zC1wN1 : 32.0615872 (0.04)%
     GbtC2zC1wN1_QqGbbN2hN1 : 32.0615872 (0.04)%
       GbtC2hC1wN1_GttN2hN1 : 31.9668031 (0.04)%
        GttN4hN2hN1_QqC1wN1 : 31.9386406 (0.04)%
     GbbN2hN1_QqGbtC2wN2hN1 : 31.4665140 (0.04)%
     GbtC2wN2hN1_QqGbbN2hN1 : 31.4665140 (0.04)%
             N3zN2hN1_N4hN1 : 31.3693465 (0.04)%
     GbtC1wN1_QqGttN4hN2hN1 : 31.2493414 (0.04)%
     GttN4hN2hN1_QqGbtC1wN1 : 31.2493414 (0.04)%
    GttN3zN2hN1_GttN4wC1wN1 : 30.8930681 (0.04)%
     GbbN2hN1_QqGbtC2hC1wN1 : 30.7134805 (0.04)%
     GbtC2hC1wN1_QqGbbN2hN1 : 30.7134805 (0.04)%
    GttN3wC1wN1_GttN4hN2hN1 : 30.7082719 (0.04)%
      QqGbtC2zC1wN1_QqN2hN1 : 30.5569951 (0.04)%
      QqGttN1_QqGttN3wC1wN1 : 30.3853706 (0.04)%
   QqGqqC1wN1_QqGttN4wC1wN1 : 30.1488685 (0.04)%
   QqGbtC2wN1_QqGbtC2zC1wN1 : 30.0897791 (0.04)%
      QqGbtC2wN2hN1_QqN2hN1 : 29.9898477 (0.04)%
          GqqN1_GttN4wC1wN1 : 29.8359410 (0.04)%
       GqqC1wN1_GttN3zN2hN1 : 29.7634602 (0.04)%
   QqGbtC2wN1_QqGbtC2wN2hN1 : 29.5313034 (0.04)%
          GbtC2wN1_GqqN2hN1 : 29.3344333 (0.04)%
      QqGbtC2hC1wN1_QqN2hN1 : 29.2721527 (0.04)%
                N2hN1_N3zN1 : 29.1104026 (0.04)%
             GttN1_GttN3zN1 : 29.0651284 (0.04)%
   QqGbtC2hC1wN1_QqGbtC2wN1 : 28.8245819 (0.04)%
             GqqC1wN1_GqqN1 : 28.7449870 (0.04)%
             GttN1_GttN2hN1 : 28.7384598 (0.04)%
       GbtC2zC1wN1_GttN4hN1 : 28.7004183 (0.04)%
       GbtC2wN2hN1_GttN4hN1 : 28.1677295 (0.04)%
     GbtC2zC1wN1_QqGqqN2hN1 : 28.1395003 (0.04)%
     GqqN2hN1_QqGbtC2zC1wN1 : 28.1395003 (0.04)%
        GttN3zN2hN1_QqC1wN1 : 27.8713024 (0.04)%
           GbtC2wN1_QqN2hN1 : 27.7958159 (0.04)%
     GqqN2hN1_QqGbtC2wN2hN1 : 27.6172224 (0.04)%
     GbtC2wN2hN1_QqGqqN2hN1 : 27.6172224 (0.04)%
           GttN1_QqGbbN2hN1 : 27.6117109 (0.04)%
           GbbN2hN1_QqGttN1 : 27.6117109 (0.04)%
       GbtC2hC1wN1_GttN4hN1 : 27.4936401 (0.04)%
        GbtC2wN1_QqGbtC2wN1 : 27.3708183 (0.04)%
     GttN3zN2hN1_QqGbtC1wN1 : 27.2697844 (0.04)%
     GbtC1wN1_QqGttN3zN2hN1 : 27.2697844 (0.04)%
QqGttN3wC1wN1_QqGttN4wC1wN1 : 27.1446227 (0.04)%
     GbtC2hC1wN1_QqGqqN2hN1 : 26.9563073 (0.04)%
     GqqN2hN1_QqGbtC2hC1wN1 : 26.9563073 (0.04)%
              GqqN1_QqC1wN1 : 26.9175768 (0.04)%
    GttN3wC1wN1_GttN3zN2hN1 : 26.7976193 (0.04)%
QqGbtC2zC1wN1_QqGbtC2zC1wN1 : 26.4340374 (0.03)%
                N3zN1_N4hN1 : 26.3654961 (0.03)%
           GbtC1wN1_QqGqqN1 : 26.3366421 (0.03)%
           GqqN1_QqGbtC1wN1 : 26.3366421 (0.03)%
            QqGttN1_QqN2hN1 : 26.3159435 (0.03)%
       GbtC2wN1_GttN4hN2hN1 : 26.1889532 (0.03)%
   QqGqqC1wN1_QqGttN3wC1wN1 : 26.1520771 (0.03)%
       GttN3zN1_GttN4wC1wN1 : 25.9651908 (0.03)%
         QqGbtC2wN1_QqGttN1 : 25.9135731 (0.03)%
          GqqN1_GttN3wC1wN1 : 25.8806339 (0.03)%
       GbbN3wC1wN1_GbtC1wN1 : 25.6925644 (0.03)%
       GttN2hN1_GttN4wC1wN1 : 25.6733630 (0.03)%
             C2zC1wN1_N2hN1 : 25.5807171 (0.03)%
         QqC1wN1_QqGbbN2hN1 : 25.5035919 (0.03)%
QqGbtC2wN2hN1_QqGbtC2wN2hN1 : 25.4618954 (0.03)%
  GttN4hN2hN1_QqGbtC2zC1wN1 : 25.1221507 (0.03)%
  GbtC2zC1wN1_QqGttN4hN2hN1 : 25.1221507 (0.03)%
             C2wN2hN1_N2hN1 : 25.1059309 (0.03)%
          GbtC2wN1_GbtC2wN1 : 25.0664945 (0.03)%
          GqqC1wN1_GttN3zN1 : 25.0157712 (0.03)%
      QqGbbN2hN1_QqGbtC1wN1 : 24.9531738 (0.03)%
          GqqC1wN1_GttN2hN1 : 24.7346141 (0.03)%
             GttN1_GttN4hN1 : 24.7170438 (0.03)%
     GbbN2hN1_QqGttN4wC1wN1 : 24.6667874 (0.03)%
     GttN4wC1wN1_QqGbbN2hN1 : 24.6667874 (0.03)%
  GttN4hN2hN1_QqGbtC2wN2hN1 : 24.6558757 (0.03)%
  GbtC2wN2hN1_QqGttN4hN2hN1 : 24.6558757 (0.03)%
       GbbN4wC1wN1_GbtC1wN1 : 24.6514270 (0.03)%
             C2hC1wN1_N2hN1 : 24.5051143 (0.03)%
QqGbtC2hC1wN1_QqGbtC2hC1wN1 : 24.2578069 (0.03)%
           GttN1_QqGqqN2hN1 : 24.2339765 (0.03)%
           GqqN2hN1_QqGttN1 : 24.2339765 (0.03)%
  GttN4hN2hN1_QqGbtC2hC1wN1 : 24.0658294 (0.03)%
  GbtC2hC1wN1_QqGttN4hN2hN1 : 24.0658294 (0.03)%
        GqqC1wN1_QqGbbN2hN1 : 23.7648440 (0.03)%
        GbbN2hN1_QqGqqC1wN1 : 23.7648440 (0.03)%
      QqGttN4wC1wN1_QqN2hN1 : 23.5092198 (0.03)%
           GttN3zN1_QqC1wN1 : 23.4254390 (0.03)%
           GttN2hN1_QqC1wN1 : 23.1621560 (0.03)%
   QqGbtC2wN1_QqGttN4wC1wN1 : 23.1497642 (0.03)%
        GbtC1wN1_QqGttN3zN1 : 22.9198716 (0.03)%
        GttN3zN1_QqGbtC1wN1 : 22.9198716 (0.03)%
             C1wN1_N4hN2hN1 : 22.8865777 (0.03)%
       GbtC2wN1_GttN3zN2hN1 : 22.8538290 (0.03)%
        GttN2hN1_QqGbtC1wN1 : 22.6622707 (0.03)%
        GbtC1wN1_QqGttN2hN1 : 22.6622707 (0.03)%
         QqGqqC1wN1_QqN2hN1 : 22.6496030 (0.03)%
       GttN3wC1wN1_GttN3zN1 : 22.5230234 (0.03)%
         QqC1wN1_QqGqqN2hN1 : 22.3837432 (0.03)%
          C2wN2zN1_C2zC1wN1 : 22.3435143 (0.03)%
      QqGbtC2wN1_QqGqqC1wN1 : 22.3032909 (0.03)%
       GttN2hN1_GttN3wC1wN1 : 22.2698828 (0.03)%
                C1wN1_C2wN1 : 22.1598121 (0.03)%
       GttN4hN1_GttN4wC1wN1 : 22.0808506 (0.03)%
             GbtC2wN1_GqqN1 : 22.0717959 (0.03)%
          C2wN2hN1_C2wN2zN1 : 21.9288116 (0.03)%
  GttN3zN2hN1_QqGbtC2zC1wN1 : 21.9228823 (0.03)%
  GbtC2zC1wN1_QqGttN3zN2hN1 : 21.9228823 (0.03)%
      QqGbtC1wN1_QqGqqN2hN1 : 21.9006576 (0.03)%
       T1bC1wN1_T1tN3wC1wN1 : 21.7437257 (0.03)%
     GttN4wC1wN1_QqGqqN2hN1 : 21.6493047 (0.03)%
     GqqN2hN1_QqGttN4wC1wN1 : 21.6493047 (0.03)%
        GttN1_QqGttN4hN2hN1 : 21.6354094 (0.03)%
        GttN4hN2hN1_QqGttN1 : 21.6354094 (0.03)%
  GttN3zN2hN1_QqGbtC2wN2hN1 : 21.5159867 (0.03)%
  GbtC2wN2hN1_QqGttN3zN2hN1 : 21.5159867 (0.03)%
       GbtC1wN1_GbtC2wN2zN1 : 21.4822852 (0.03)%
          C2hC1wN1_C2wN2zN1 : 21.4040274 (0.03)%
     GttN3wC1wN1_QqGbbN2hN1 : 21.3967474 (0.03)%
     GbbN2hN1_QqGttN3wC1wN1 : 21.3967474 (0.03)%
          GqqC1wN1_GttN4hN1 : 21.2734622 (0.03)%
        GqqN1_QqGbtC2zC1wN1 : 21.1727052 (0.03)%
        GbtC2zC1wN1_QqGqqN1 : 21.1727052 (0.03)%
  GttN3zN2hN1_QqGbtC2hC1wN1 : 21.0010819 (0.03)%
  GbtC2hC1wN1_QqGttN3zN2hN1 : 21.0010819 (0.03)%
                N2hN1_N2zN1 : 20.8956675 (0.03)%
        GqqC1wN1_QqGqqN2hN1 : 20.8576959 (0.03)%
        GqqN2hN1_QqGqqC1wN1 : 20.8576959 (0.03)%
        GqqN1_QqGbtC2wN2hN1 : 20.7797331 (0.03)%
        GbtC2wN2hN1_QqGqqN1 : 20.7797331 (0.03)%
    GbbN3wC1wN1_GbtC2zC1wN1 : 20.6549145 (0.03)%
                N1_N3wC1wN1 : 20.3941393 (0.03)%
      QqGttN3wC1wN1_QqN2hN1 : 20.3926369 (0.03)%
        GqqN1_QqGbtC2hC1wN1 : 20.2824478 (0.03)%
        GbtC2hC1wN1_QqGqqN1 : 20.2824478 (0.03)%
    GbbN3wC1wN1_GbtC2wN2hN1 : 20.2715528 (0.03)%
   QqGbtC2wN1_QqGttN3wC1wN1 : 20.0808338 (0.03)%
   QqGbbN2hN1_QqGbtC2zC1wN1 : 20.0604994 (0.03)%
      QqC1wN1_QqGttN4hN2hN1 : 19.9835734 (0.03)%
           GttN4hN1_QqC1wN1 : 19.9210405 (0.03)%
    GbbN4wC1wN1_GbtC2zC1wN1 : 19.8179174 (0.03)%
    GbbN3wC1wN1_GbtC2hC1wN1 : 19.7864289 (0.03)%
   QqGbbN2hN1_QqGbtC2wN2hN1 : 19.6881702 (0.03)%
            QqGttN1_QqGttN1 : 19.6055983 (0.03)%
          GbbN2hN1_GqqN2hN1 : 19.5569193 (0.03)%
   QqGbtC1wN1_QqGttN4hN2hN1 : 19.5522883 (0.03)%
        GbtC1wN1_QqGttN4hN1 : 19.4911049 (0.03)%
        GttN4hN1_QqGbtC1wN1 : 19.4911049 (0.03)%
    GbbN4wC1wN1_GbtC2wN2hN1 : 19.4500906 (0.03)%
  GttN4hN2hN1_QqGttN4wC1wN1 : 19.3278875 (0.03)%
  GttN4wC1wN1_QqGttN4hN2hN1 : 19.3278875 (0.03)%
   QqGbbN2hN1_QqGbtC2hC1wN1 : 19.2170074 (0.03)%
          GbtC2wN1_GttN3zN1 : 19.2083230 (0.03)%
       GttN3wC1wN1_GttN4hN1 : 19.1536245 (0.03)%
          GbtC2wN1_GttN2hN1 : 18.9924369 (0.03)%
    GbbN4wC1wN1_GbtC2hC1wN1 : 18.9846253 (0.03)%
        GttN1_QqGttN3zN2hN1 : 18.8801723 (0.02)%
        GttN3zN2hN1_QqGttN1 : 18.8801723 (0.02)%
     GttN3wC1wN1_QqGqqN2hN1 : 18.7792881 (0.02)%
     GqqN2hN1_QqGttN3wC1wN1 : 18.7792881 (0.02)%
     GqqC1wN1_QqGttN4hN2hN1 : 18.6211615 (0.02)%
     GttN4hN2hN1_QqGqqC1wN1 : 18.6211615 (0.02)%
           GbbN2hN1_QqN2hN1 : 18.5311413 (0.02)%
     GttN3zN1_QqGbtC2zC1wN1 : 18.4258753 (0.02)%
     GbtC2zC1wN1_QqGttN3zN1 : 18.4258753 (0.02)%
             C2zC1wN1_N4zN1 : 18.2631432 (0.02)%
        GbbN2hN1_QqGbtC2wN1 : 18.2478004 (0.02)%
        GbtC2wN1_QqGbbN2hN1 : 18.2478004 (0.02)%
              GqqN1_QqGttN1 : 18.2341134 (0.02)%
              GttN1_QqGqqN1 : 18.2341134 (0.02)%
     GttN2hN1_QqGbtC2zC1wN1 : 18.2187833 (0.02)%
     GbtC2zC1wN1_QqGttN2hN1 : 18.2187833 (0.02)%
     GttN3zN1_QqGbtC2wN2hN1 : 18.0838853 (0.02)%
     GbtC2wN2hN1_QqGttN3zN1 : 18.0838853 (0.02)%
             C2zC1wN1_N3hN1 : 18.0543753 (0.02)%
             N3hN1_N4wC1wN1 : 17.9777085 (0.02)%
             C2wN2hN1_N4zN1 : 17.9241735 (0.02)%
     GttN2hN1_QqGbtC2wN2hN1 : 17.8806370 (0.02)%
     GbtC2wN2hN1_QqGttN2hN1 : 17.8806370 (0.02)%
                C2zC1wN1_N1 : 17.8380828 (0.02)%
          GbbN3wC1wN1_GttN1 : 17.7881877 (0.02)%
             C2wN2hN1_N3hN1 : 17.7192804 (0.02)%
     GttN3zN1_QqGbtC2hC1wN1 : 17.6511150 (0.02)%
     GbtC2hC1wN1_QqGttN3zN1 : 17.6511150 (0.02)%
   QqGbtC2zC1wN1_QqGqqN2hN1 : 17.6065030 (0.02)%
                C2wN2hN1_N1 : 17.5070024 (0.02)%
             C2hC1wN1_N4zN1 : 17.4952253 (0.02)%
       GbbN2hN1_GttN4hN2hN1 : 17.4598649 (0.02)%
     GttN2hN1_QqGbtC2hC1wN1 : 17.4527307 (0.02)%
     GbtC2hC1wN1_QqGttN2hN1 : 17.4527307 (0.02)%
      QqC1wN1_QqGttN3zN2hN1 : 17.4386952 (0.02)%
         QqGbtC2wN1_QqN2hN1 : 17.3914643 (0.02)%
             C2hC1wN1_N3hN1 : 17.2952356 (0.02)%
   QqGbtC2wN2hN1_QqGqqN2hN1 : 17.2797207 (0.02)%
         QqGbbN2hN1_QqGttN1 : 17.2762723 (0.02)%
    GbtC2wN2zN1_GbtC2zC1wN1 : 17.2701626 (0.02)%
                C2hC1wN1_N1 : 17.0880376 (0.02)%
          GbbN4wC1wN1_GttN1 : 17.0673586 (0.02)%
   QqGbtC1wN1_QqGttN3zN2hN1 : 17.0623335 (0.02)%
    GbtC2wN2hN1_GbtC2wN2zN1 : 16.9496230 (0.02)%
  GttN3zN2hN1_QqGttN4wC1wN1 : 16.8665099 (0.02)%
  GttN4wC1wN1_QqGttN3zN2hN1 : 16.8665099 (0.02)%
   QqGbtC2hC1wN1_QqGqqN2hN1 : 16.8661952 (0.02)%
            QqC1wN1_QqGqqN1 : 16.8419620 (0.02)%
  GttN3wC1wN1_QqGttN4hN2hN1 : 16.7656177 (0.02)%
  GttN4hN2hN1_QqGttN3wC1wN1 : 16.7656177 (0.02)%
          C2zC1wN1_N4hN2zN1 : 16.6195686 (0.02)%
    GbtC2hC1wN1_GbtC2wN2zN1 : 16.5439970 (0.02)%
         QqGbtC1wN1_QqGqqN1 : 16.4784791 (0.02)%
          GbtC2wN1_GttN4hN1 : 16.3347966 (0.02)%
          C2wN2zN1_N4hN2hN1 : 16.3111042 (0.02)%
          C2wN2hN1_N4hN2zN1 : 16.3111042 (0.02)%
        GqqN1_QqGttN4wC1wN1 : 16.2893563 (0.02)%
        GttN4wC1wN1_QqGqqN1 : 16.2893563 (0.02)%
           GqqN2hN1_QqN2hN1 : 16.2642309 (0.02)%
     GqqC1wN1_QqGttN3zN2hN1 : 16.2497844 (0.02)%
     GttN3zN2hN1_QqGqqC1wN1 : 16.2497844 (0.02)%
             N3wC1wN1_N4zN1 : 16.1632146 (0.02)%
        GbtC2wN1_QqGqqN2hN1 : 16.0155510 (0.02)%
        GqqN2hN1_QqGbtC2wN1 : 16.0155510 (0.02)%
          C2hC1wN1_N4hN2zN1 : 15.9207589 (0.02)%
    GbbN3wC1wN1_GttN4wC1wN1 : 15.8909907 (0.02)%
           GttN1_QqGttN3zN1 : 15.8685202 (0.02)%
           GttN3zN1_QqGttN1 : 15.8685202 (0.02)%
QqGbtC2zC1wN1_QqGttN4hN2hN1 : 15.7185883 (0.02)%
           GqqC1wN1_QqGqqN1 : 15.6937345 (0.02)%
           GqqN1_QqGqqC1wN1 : 15.6937345 (0.02)%
           GttN1_QqGttN2hN1 : 15.6901708 (0.02)%
           GttN2hN1_QqGttN1 : 15.6901708 (0.02)%
     GttN4hN1_QqGbtC2zC1wN1 : 15.6694015 (0.02)%
     GbtC2zC1wN1_QqGttN4hN1 : 15.6694015 (0.02)%
QqGttN4wC1wN1_QqGttN4wC1wN1 : 15.6465519 (0.02)%
   QqGbbN2hN1_QqGttN4wC1wN1 : 15.4336737 (0.02)%
QqGbtC2wN2hN1_QqGttN4hN2hN1 : 15.4268464 (0.02)%
     GttN4hN1_QqGbtC2wN2hN1 : 15.3785725 (0.02)%
     GbtC2wN2hN1_QqGttN4hN1 : 15.3785725 (0.02)%
       GqqN2hN1_GttN4hN2hN1 : 15.3240035 (0.02)%
       GbbN3wC1wN1_GqqC1wN1 : 15.3099352 (0.02)%
    GbbN4wC1wN1_GttN4wC1wN1 : 15.2470416 (0.02)%
       GbbN2hN1_GttN3zN2hN1 : 15.2363772 (0.02)%
         QqGqqN2hN1_QqGttN1 : 15.1628698 (0.02)%
QqGbtC2hC1wN1_QqGttN4hN2hN1 : 15.0576625 (0.02)%
     GbtC2hC1wN1_QqGttN4hN1 : 15.0105438 (0.02)%
     GttN4hN1_QqGbtC2hC1wN1 : 15.0105438 (0.02)%
             GbbN1_GbtC1wN1 : 14.9478029 (0.02)%
          GbtC2wN2zN1_GttN1 : 14.8732106 (0.02)%
      QqGbbN2hN1_QqGqqC1wN1 : 14.8693399 (0.02)%
          C2zC1wN1_N3zN2zN1 : 14.8602379 (0.02)%
          N3zN2zN1_N4wC1wN1 : 14.7971348 (0.02)%
             GbbN2hN1_GqqN1 : 14.7150050 (0.02)%
          N3wC1wN1_N4hN2zN1 : 14.7086212 (0.02)%
------------------------------------------------------------
                                          SUM=90.01%
