/Users/rafalmaselek/Projects/fastlim-1.0
 
#################################################################
#                                                               #
#                                                               #
#                     This is Fastlim  ver. 1.0                 #
#                                                               #
#          A fast LHC limit calculator for BSM models.          #
#                                                               #
#                  http://cern.ch/fastlim-1.0/                  #
#                                                               #
#  for bugs/feature requests: fastlim-1.0.developers@gmail.com  #
#                                                               #
#    please refer to:                                           #
#    M.Papucci, K.Sakurai, A.Weiler, L.Zeune arXiv:1402.xxxx    #
#                                                               #
#################################################################
 

!! Masses incompatible with the data for ERER !!

!! Problem with reading tables for ER ER !! Probably mass outside the table !! Setting xsec to 10^-20 !!

!! Masses incompatible with the data for ELEL !!

!! Problem with reading tables for EL EL !! Probably mass outside the table !! Setting xsec to 10^-20 !!

!! Masses incompatible with the data for TAU1TAU1 !!

!! Problem with reading tables for TAU1 TAU1 !! Probably mass outside the table !! Setting xsec to 10^-20 !!

!! Masses incompatible with the data for TAU2TAU2 !!

!! Problem with reading tables for TAU2 TAU2 !! Probably mass outside the table !! Setting xsec to 10^-20 !!
!! EWK PROCESS C1C2 NOT FOUND !! WILL TRY TO LOOK FOR +/- MODES !!
XSEC FOUND FOR: C1-C2+
XSEC FOUND FOR: C1+C2-
!! EWK PROCESS C1N1 NOT FOUND !! WILL TRY TO LOOK FOR +/- MODES !!
XSEC FOUND FOR: C1+N1
XSEC FOUND FOR: C1-N1
!! EWK PROCESS C1N2 NOT FOUND !! WILL TRY TO LOOK FOR +/- MODES !!
XSEC FOUND FOR: C1+N2
XSEC FOUND FOR: C1-N2
!! EWK PROCESS C1N3 NOT FOUND !! WILL TRY TO LOOK FOR +/- MODES !!
XSEC FOUND FOR: C1+N3
XSEC FOUND FOR: C1-N3
!! EWK PROCESS C1N4 NOT FOUND !! WILL TRY TO LOOK FOR +/- MODES !!
XSEC FOUND FOR: C1+N4
XSEC FOUND FOR: C1-N4
!! EWK PROCESS C2N1 NOT FOUND !! WILL TRY TO LOOK FOR +/- MODES !!
XSEC FOUND FOR: C2+N1
XSEC FOUND FOR: C2-N1
!! EWK PROCESS C2N2 NOT FOUND !! WILL TRY TO LOOK FOR +/- MODES !!
XSEC FOUND FOR: C2+N2
XSEC FOUND FOR: C2-N2
!! EWK PROCESS C2N3 NOT FOUND !! WILL TRY TO LOOK FOR +/- MODES !!
XSEC FOUND FOR: C2+N3
XSEC FOUND FOR: C2-N3
!! EWK PROCESS C2N4 NOT FOUND !! WILL TRY TO LOOK FOR +/- MODES !!
XSEC FOUND FOR: C2+N4
XSEC FOUND FOR: C2-N4
---------------  Output inclusive processes  ---------------
The total xsec = 165536.85 [fb]
The total rate = 100.00%
Output upto 0.10%
                Modes : xsec/fb      (rate)
          C1wN1_N2zN1 : 60992.8588104 (36.85)%
          C1wN1_C1wN1 : 30734.4450744 (18.57)%
       GqqC1wN1_GttN1 : 4000.6447668 (2.42)%
       GbtC1wN1_GttN1 : 3539.0814273 (2.14)%
    GbtC1wN1_GqqC1wN1 : 3417.2237669 (2.06)%
          GttN1_GttN1 : 2071.6535640 (1.25)%
       GqqN2zN1_GttN1 : 1953.0191575 (1.18)%
    GqqC1wN1_GqqC1wN1 : 1931.4472782 (1.17)%
    GqqC1wN1_GqqN2zN1 : 1885.7727971 (1.14)%
    GbtC1wN1_GqqN2zN1 : 1668.2069694 (1.01)%
    GbtC1wN1_GbtC1wN1 : 1511.4855068 (0.91)%
          C1wN1_N2hN1 : 1506.2018954 (0.91)%
          GqqN1_GttN1 : 1285.1727011 (0.78)%
       GbbN2zN1_GttN1 : 1255.4998274 (0.76)%
       GqqC1wN1_GqqN1 : 1240.9216315 (0.75)%
    GbbN2zN1_GqqC1wN1 : 1212.2704542 (0.73)%
       GbtC1wN1_GqqN1 : 1097.7537259 (0.66)%
    GbbN2zN1_GbtC1wN1 : 1072.4080991 (0.65)%
        GttN1_QqGttN1 : 982.3486063 (0.59)%
     GttN1_QqGqqC1wN1 : 948.5243767 (0.57)%
     GqqC1wN1_QqGttN1 : 948.5243767 (0.57)%
  GqqC1wN1_QqGqqC1wN1 : 915.8647830 (0.55)%
     GttN1_QqGbtC1wN1 : 839.0909967 (0.51)%
     GbtC1wN1_QqGttN1 : 839.0909967 (0.51)%
  GqqC1wN1_QqGbtC1wN1 : 810.1994134 (0.49)%
  GbtC1wN1_QqGqqC1wN1 : 810.1994134 (0.49)%
  GbtC1wN1_QqGbtC1wN1 : 716.7248940 (0.43)%
       GqqN1_GqqN2zN1 : 605.7882818 (0.37)%
    GbbN2zN1_GqqN2zN1 : 591.8014618 (0.36)%
       GttN1_GttN2zN1 : 528.7750005 (0.32)%
    GqqC1wN1_GttN2zN1 : 510.5682184 (0.31)%
     GttN1_QqGqqN2zN1 : 463.0469304 (0.28)%
     GqqN2zN1_QqGttN1 : 463.0469304 (0.28)%
    GqqN2zN1_GqqN2zN1 : 460.2946042 (0.28)%
    GbtC1wN1_GttN2zN1 : 451.6628205 (0.27)%
  GqqN2zN1_QqGqqC1wN1 : 447.1032974 (0.27)%
  GqqC1wN1_QqGqqN2zN1 : 447.1032974 (0.27)%
  GqqN2zN1_QqGbtC1wN1 : 395.5199894 (0.24)%
  GbtC1wN1_QqGqqN2zN1 : 395.5199894 (0.24)%
       GbbN2zN1_GqqN1 : 389.4314504 (0.24)%
   QqGqqC1wN1_QqGttN1 : 368.2834392 (0.22)%
    GbtC2hC1wN1_GttN1 : 358.9144245 (0.22)%
 GbtC2hC1wN1_GqqC1wN1 : 346.5562822 (0.21)%
    GbtC2zC1wN1_GttN1 : 345.3276358 (0.21)%
 GbtC2zC1wN1_GqqC1wN1 : 333.4373138 (0.20)%
    GbtC2wN2zN1_GttN1 : 333.1686480 (0.20)%
   QqGbtC1wN1_QqGttN1 : 325.7937547 (0.20)%
        GttN1_QqC1wN1 : 324.1104045 (0.20)%
 GbtC2wN2zN1_GqqC1wN1 : 321.6969843 (0.19)%
QqGbtC1wN1_QqGqqC1wN1 : 314.5760233 (0.19)%
     GqqC1wN1_QqC1wN1 : 312.9506343 (0.19)%
 GbtC1wN1_GbtC2hC1wN1 : 306.5733084 (0.19)%
        GttN1_QqGqqN1 : 304.7052928 (0.18)%
        GqqN1_QqGttN1 : 304.7052928 (0.18)%
     GttN1_QqGbbN2zN1 : 297.6700658 (0.18)%
     GbbN2zN1_QqGttN1 : 297.6700658 (0.18)%
 GbtC1wN1_GbtC2zC1wN1 : 294.9679047 (0.18)%
     GqqC1wN1_QqGqqN1 : 294.2136794 (0.18)%
     GqqN1_QqGqqC1wN1 : 294.2136794 (0.18)%
  GqqC1wN1_QqGbbN2zN1 : 287.4206894 (0.17)%
  GbbN2zN1_QqGqqC1wN1 : 287.4206894 (0.17)%
 GbtC1wN1_GbtC2wN2zN1 : 284.5820833 (0.17)%
     GbtC1wN1_QqC1wN1 : 276.8448193 (0.17)%
     GqqN1_QqGbtC1wN1 : 260.2695888 (0.16)%
     GbtC1wN1_QqGqqN1 : 260.2695888 (0.16)%
  GbbN2zN1_QqGbtC1wN1 : 254.2603213 (0.15)%
  GbtC1wN1_QqGbbN2zN1 : 254.2603213 (0.15)%
    GqqN2zN1_GttN2zN1 : 249.2472014 (0.15)%
  GqqN2zN1_QqGqqN2zN1 : 218.2651438 (0.13)%
          GqqN1_GqqN1 : 199.3176973 (0.12)%
      QqGttN1_QqGttN1 : 190.7081843 (0.12)%
    GbbN2zN1_GbbN2zN1 : 190.2200064 (0.11)%
          GbbN1_GttN1 : 186.9239847 (0.11)%
       GbbN1_GqqC1wN1 : 180.4878176 (0.11)%
   QqGqqN2zN1_QqGttN1 : 179.7871728 (0.11)%
          N2zN1_N2zN1 : 178.8995055 (0.11)%
QqGqqC1wN1_QqGqqC1wN1 : 177.8013515 (0.11)%
QqGqqC1wN1_QqGqqN2zN1 : 173.5967405 (0.10)%
 GbtC2hC1wN1_GqqN2zN1 : 169.1804941 (0.10)%
       GqqN1_GttN2zN1 : 164.0156461 (0.10)%
------------------------------------------------------------
                                    SUM=88.83%

SHOWING PROCESSES TO GET 90.00% SUSY COVERAGE
---------------  Output inclusive processes  ---------------
The total xsec = 165536.85 [fb]
The total rate = 100.00%
                Modes : xsec/fb      (rate)
          C1wN1_N2zN1 : 60992.8588104 (36.85)%
          C1wN1_C1wN1 : 30734.4450744 (18.57)%
       GqqC1wN1_GttN1 : 4000.6447668 (2.42)%
       GbtC1wN1_GttN1 : 3539.0814273 (2.14)%
    GbtC1wN1_GqqC1wN1 : 3417.2237669 (2.06)%
          GttN1_GttN1 : 2071.6535640 (1.25)%
       GqqN2zN1_GttN1 : 1953.0191575 (1.18)%
    GqqC1wN1_GqqC1wN1 : 1931.4472782 (1.17)%
    GqqC1wN1_GqqN2zN1 : 1885.7727971 (1.14)%
    GbtC1wN1_GqqN2zN1 : 1668.2069694 (1.01)%
    GbtC1wN1_GbtC1wN1 : 1511.4855068 (0.91)%
          C1wN1_N2hN1 : 1506.2018954 (0.91)%
          GqqN1_GttN1 : 1285.1727011 (0.78)%
       GbbN2zN1_GttN1 : 1255.4998274 (0.76)%
       GqqC1wN1_GqqN1 : 1240.9216315 (0.75)%
    GbbN2zN1_GqqC1wN1 : 1212.2704542 (0.73)%
       GbtC1wN1_GqqN1 : 1097.7537259 (0.66)%
    GbbN2zN1_GbtC1wN1 : 1072.4080991 (0.65)%
        GttN1_QqGttN1 : 982.3486063 (0.59)%
     GttN1_QqGqqC1wN1 : 948.5243767 (0.57)%
     GqqC1wN1_QqGttN1 : 948.5243767 (0.57)%
  GqqC1wN1_QqGqqC1wN1 : 915.8647830 (0.55)%
     GttN1_QqGbtC1wN1 : 839.0909967 (0.51)%
     GbtC1wN1_QqGttN1 : 839.0909967 (0.51)%
  GqqC1wN1_QqGbtC1wN1 : 810.1994134 (0.49)%
  GbtC1wN1_QqGqqC1wN1 : 810.1994134 (0.49)%
  GbtC1wN1_QqGbtC1wN1 : 716.7248940 (0.43)%
       GqqN1_GqqN2zN1 : 605.7882818 (0.37)%
    GbbN2zN1_GqqN2zN1 : 591.8014618 (0.36)%
       GttN1_GttN2zN1 : 528.7750005 (0.32)%
    GqqC1wN1_GttN2zN1 : 510.5682184 (0.31)%
     GttN1_QqGqqN2zN1 : 463.0469304 (0.28)%
     GqqN2zN1_QqGttN1 : 463.0469304 (0.28)%
    GqqN2zN1_GqqN2zN1 : 460.2946042 (0.28)%
    GbtC1wN1_GttN2zN1 : 451.6628205 (0.27)%
  GqqN2zN1_QqGqqC1wN1 : 447.1032974 (0.27)%
  GqqC1wN1_QqGqqN2zN1 : 447.1032974 (0.27)%
  GqqN2zN1_QqGbtC1wN1 : 395.5199894 (0.24)%
  GbtC1wN1_QqGqqN2zN1 : 395.5199894 (0.24)%
       GbbN2zN1_GqqN1 : 389.4314504 (0.24)%
   QqGqqC1wN1_QqGttN1 : 368.2834392 (0.22)%
    GbtC2hC1wN1_GttN1 : 358.9144245 (0.22)%
 GbtC2hC1wN1_GqqC1wN1 : 346.5562822 (0.21)%
    GbtC2zC1wN1_GttN1 : 345.3276358 (0.21)%
 GbtC2zC1wN1_GqqC1wN1 : 333.4373138 (0.20)%
    GbtC2wN2zN1_GttN1 : 333.1686480 (0.20)%
   QqGbtC1wN1_QqGttN1 : 325.7937547 (0.20)%
        GttN1_QqC1wN1 : 324.1104045 (0.20)%
 GbtC2wN2zN1_GqqC1wN1 : 321.6969843 (0.19)%
QqGbtC1wN1_QqGqqC1wN1 : 314.5760233 (0.19)%
     GqqC1wN1_QqC1wN1 : 312.9506343 (0.19)%
 GbtC1wN1_GbtC2hC1wN1 : 306.5733084 (0.19)%
        GttN1_QqGqqN1 : 304.7052928 (0.18)%
        GqqN1_QqGttN1 : 304.7052928 (0.18)%
     GttN1_QqGbbN2zN1 : 297.6700658 (0.18)%
     GbbN2zN1_QqGttN1 : 297.6700658 (0.18)%
 GbtC1wN1_GbtC2zC1wN1 : 294.9679047 (0.18)%
     GqqC1wN1_QqGqqN1 : 294.2136794 (0.18)%
     GqqN1_QqGqqC1wN1 : 294.2136794 (0.18)%
  GqqC1wN1_QqGbbN2zN1 : 287.4206894 (0.17)%
  GbbN2zN1_QqGqqC1wN1 : 287.4206894 (0.17)%
 GbtC1wN1_GbtC2wN2zN1 : 284.5820833 (0.17)%
     GbtC1wN1_QqC1wN1 : 276.8448193 (0.17)%
     GqqN1_QqGbtC1wN1 : 260.2695888 (0.16)%
     GbtC1wN1_QqGqqN1 : 260.2695888 (0.16)%
  GbbN2zN1_QqGbtC1wN1 : 254.2603213 (0.15)%
  GbtC1wN1_QqGbbN2zN1 : 254.2603213 (0.15)%
    GqqN2zN1_GttN2zN1 : 249.2472014 (0.15)%
  GqqN2zN1_QqGqqN2zN1 : 218.2651438 (0.13)%
          GqqN1_GqqN1 : 199.3176973 (0.12)%
      QqGttN1_QqGttN1 : 190.7081843 (0.12)%
    GbbN2zN1_GbbN2zN1 : 190.2200064 (0.11)%
          GbbN1_GttN1 : 186.9239847 (0.11)%
       GbbN1_GqqC1wN1 : 180.4878176 (0.11)%
   QqGqqN2zN1_QqGttN1 : 179.7871728 (0.11)%
          N2zN1_N2zN1 : 178.8995055 (0.11)%
QqGqqC1wN1_QqGqqC1wN1 : 177.8013515 (0.11)%
QqGqqC1wN1_QqGqqN2zN1 : 173.5967405 (0.10)%
 GbtC2hC1wN1_GqqN2zN1 : 169.1804941 (0.10)%
       GqqN1_GttN2zN1 : 164.0156461 (0.10)%
 GbtC2zC1wN1_GqqN2zN1 : 162.7761272 (0.10)%
    GbbN2zN1_GttN2zN1 : 160.2287500 (0.10)%
       GbbN1_GbtC1wN1 : 159.6645342 (0.10)%
        GttN1_QqN2zN1 : 159.5724293 (0.10)%
 GbtC2wN2zN1_GqqN2zN1 : 157.0447790 (0.09)%
     GqqC1wN1_QqN2zN1 : 154.0780310 (0.09)%
QqGbtC1wN1_QqGqqN2zN1 : 153.5684960 (0.09)%
       GbtC2wN1_GttN1 : 152.7832992 (0.09)%
     GqqN2zN1_QqC1wN1 : 152.7750200 (0.09)%
    GbtC2wN1_GqqC1wN1 : 147.5226643 (0.09)%
     GqqN2zN1_QqGqqN1 : 143.6280864 (0.09)%
     GqqN1_QqGqqN2zN1 : 143.6280864 (0.09)%
  GqqN2zN1_QqGbbN2zN1 : 140.3119111 (0.08)%
------------------------------------------------------------
                                    SUM=90.03%
