/Users/rafalmaselek/Projects/fastlim-1.0
 
#################################################################
#                                                               #
#                                                               #
#                     This is Fastlim  ver. 1.0                 #
#                                                               #
#          A fast LHC limit calculator for BSM models.          #
#                                                               #
#                  http://cern.ch/fastlim-1.0/                  #
#                                                               #
#  for bugs/feature requests: fastlim-1.0.developers@gmail.com  #
#                                                               #
#    please refer to:                                           #
#    M.Papucci, K.Sakurai, A.Weiler, L.Zeune arXiv:1402.xxxx    #
#                                                               #
#################################################################
 

!! Masses incompatible with the data for ERER !!

!! Problem with reading tables for ER ER !! Probably mass outside the table !! Setting xsec to 10^-20 !!

!! Masses incompatible with the data for ELEL !!

!! Problem with reading tables for EL EL !! Probably mass outside the table !! Setting xsec to 10^-20 !!

!! Masses incompatible with the data for TAU1TAU1 !!

!! Problem with reading tables for TAU1 TAU1 !! Probably mass outside the table !! Setting xsec to 10^-20 !!

!! Masses incompatible with the data for TAU2TAU2 !!

!! Problem with reading tables for TAU2 TAU2 !! Probably mass outside the table !! Setting xsec to 10^-20 !!
!! EWK PROCESS C1C2 NOT FOUND !! WILL TRY TO LOOK FOR +/- MODES !!
XSEC FOUND FOR: C1-C2+
XSEC FOUND FOR: C1+C2-
!! EWK PROCESS C1N1 NOT FOUND !! WILL TRY TO LOOK FOR +/- MODES !!
XSEC FOUND FOR: C1+N1
XSEC FOUND FOR: C1-N1
!! EWK PROCESS C1N2 NOT FOUND !! WILL TRY TO LOOK FOR +/- MODES !!
XSEC FOUND FOR: C1+N2
XSEC FOUND FOR: C1-N2
!! EWK PROCESS C1N3 NOT FOUND !! WILL TRY TO LOOK FOR +/- MODES !!
XSEC FOUND FOR: C1+N3
XSEC FOUND FOR: C1-N3
!! EWK PROCESS C1N4 NOT FOUND !! WILL TRY TO LOOK FOR +/- MODES !!
XSEC FOUND FOR: C1+N4
XSEC FOUND FOR: C1-N4
!! EWK PROCESS C2N1 NOT FOUND !! WILL TRY TO LOOK FOR +/- MODES !!
XSEC FOUND FOR: C2+N1
XSEC FOUND FOR: C2-N1
!! EWK PROCESS C2N2 NOT FOUND !! WILL TRY TO LOOK FOR +/- MODES !!
XSEC FOUND FOR: C2+N2
XSEC FOUND FOR: C2-N2
!! EWK PROCESS C2N3 NOT FOUND !! WILL TRY TO LOOK FOR +/- MODES !!
XSEC FOUND FOR: C2+N3
XSEC FOUND FOR: C2-N3
!! EWK PROCESS C2N4 NOT FOUND !! WILL TRY TO LOOK FOR +/- MODES !!
XSEC FOUND FOR: C2+N4
XSEC FOUND FOR: C2-N4
---------------  Output inclusive processes  ---------------
The total xsec = 717143.34 [fb]
The total rate = 100.00%
Output upto 0.10%
                Modes : xsec/fb      (rate)
          C1wN1_N2hN1 : 200473.6265745 (27.95)%
          C1wN1_C1wN1 : 101459.0384136 (14.15)%
    GbtC1wN1_GqqC1wN1 : 24316.9659536 (3.39)%
       GqqC1wN1_GttN1 : 20508.6992244 (2.86)%
    GqqC1wN1_GqqC1wN1 : 17606.2822356 (2.46)%
    GqqC1wN1_GqqN2hN1 : 16893.3367552 (2.36)%
       GbtC1wN1_GttN1 : 14162.8236478 (1.97)%
    GbtC1wN1_GqqN2hN1 : 11666.1396546 (1.63)%
       GqqC1wN1_GqqN1 : 10658.0715424 (1.49)%
    GbbN2hN1_GqqC1wN1 : 10275.1969465 (1.43)%
       GqqN2hN1_GttN1 : 9839.1119082 (1.37)%
          C1wN1_N2zN1 : 8496.5627007 (1.18)%
    GbtC1wN1_GbtC1wN1 : 8396.3613850 (1.17)%
       GbtC1wN1_GqqN1 : 7360.2126604 (1.03)%
    GbbN2hN1_GbtC1wN1 : 7095.8085009 (0.99)%
  GqqC1wN1_QqGqqC1wN1 : 7017.0810487 (0.98)%
          GqqN1_GttN1 : 6207.5337840 (0.87)%
       GbbN2hN1_GttN1 : 5984.5378152 (0.83)%
          GttN1_GttN1 : 5972.3957938 (0.83)%
       GqqN1_GqqN2hN1 : 5113.2427993 (0.71)%
    GbbN2hN1_GqqN2hN1 : 4929.5575273 (0.69)%
  GqqC1wN1_QqGbtC1wN1 : 4845.8305584 (0.68)%
  GbtC1wN1_QqGqqC1wN1 : 4845.8305584 (0.68)%
     GttN1_QqGqqC1wN1 : 4086.9276868 (0.57)%
     GqqC1wN1_QqGttN1 : 4086.9276868 (0.57)%
    GqqN2hN1_GqqN2hN1 : 4052.3152887 (0.57)%
  GqqN2hN1_QqGqqC1wN1 : 3366.4663445 (0.47)%
  GqqC1wN1_QqGqqN2hN1 : 3366.4663445 (0.47)%
  GbtC1wN1_QqGbtC1wN1 : 3346.4162147 (0.47)%
       GbbN2hN1_GqqN1 : 3110.0769232 (0.43)%
    GqqC1wN1_GttN2hN1 : 2891.0299135 (0.40)%
     GttN1_QqGbtC1wN1 : 2822.3358028 (0.39)%
     GbtC1wN1_QqGttN1 : 2822.3358028 (0.39)%
 GbtC2wN2hN1_GqqC1wN1 : 2387.4682606 (0.33)%
        GttN1_QqGttN1 : 2380.3313374 (0.33)%
 GbtC2zC1wN1_GqqC1wN1 : 2372.1588713 (0.33)%
  GqqN2hN1_QqGbtC1wN1 : 2324.8022037 (0.32)%
  GbtC1wN1_QqGqqN2hN1 : 2324.8022037 (0.32)%
 GbtC2hC1wN1_GqqC1wN1 : 2295.5481222 (0.32)%
     GqqN1_QqGqqC1wN1 : 2123.9166462 (0.30)%
     GqqC1wN1_QqGqqN1 : 2123.9166462 (0.30)%
  GqqC1wN1_QqGbbN2hN1 : 2047.6182535 (0.29)%
  GbbN2hN1_QqGqqC1wN1 : 2047.6182535 (0.29)%
    GbtC1wN1_GttN2hN1 : 1996.4770256 (0.28)%
     GqqN2hN1_QqGttN1 : 1960.7162030 (0.27)%
     GttN1_QqGqqN2hN1 : 1960.7162030 (0.27)%
       GbbN1_GqqC1wN1 : 1725.1241824 (0.24)%
     GqqC1wN1_QqC1wN1 : 1694.2192782 (0.24)%
       GttN1_GttN2hN1 : 1683.8098513 (0.23)%
 GbtC1wN1_GbtC2wN2hN1 : 1648.7292329 (0.23)%
 GbtC1wN1_GbtC2zC1wN1 : 1638.1569299 (0.23)%
  GqqN2hN1_QqGqqN2hN1 : 1615.0726448 (0.23)%
          GqqN1_GqqN1 : 1612.9823361 (0.22)%
QqGbtC1wN1_QqGqqC1wN1 : 1596.8902699 (0.22)%
 GbtC1wN1_GbtC2hC1wN1 : 1585.2513548 (0.22)%
    GbbN2hN1_GbbN2hN1 : 1499.1761304 (0.21)%
     GqqN1_QqGbtC1wN1 : 1466.7267082 (0.20)%
     GbtC1wN1_QqGqqN1 : 1466.7267082 (0.20)%
  GbbN2hN1_QqGbtC1wN1 : 1414.0368390 (0.20)%
  GbtC1wN1_QqGbbN2hN1 : 1414.0368390 (0.20)%
    GbtC2wN2hN1_GttN1 : 1390.5226501 (0.19)%
    GqqN2hN1_GttN2hN1 : 1386.9805461 (0.19)%
    GbtC2zC1wN1_GttN1 : 1381.6060697 (0.19)%
   QqGqqC1wN1_QqGttN1 : 1346.8021587 (0.19)%
    GbtC2hC1wN1_GttN1 : 1336.9860077 (0.19)%
        GqqN1_QqGttN1 : 1237.0234412 (0.17)%
        GttN1_QqGqqN1 : 1237.0234412 (0.17)%
     GttN1_QqGbbN2hN1 : 1192.5853035 (0.17)%
     GbbN2hN1_QqGttN1 : 1192.5853035 (0.17)%
       GbbN1_GbtC1wN1 : 1191.3300448 (0.17)%
     GbtC1wN1_QqC1wN1 : 1169.9878473 (0.16)%
QqGqqC1wN1_QqGqqC1wN1 : 1156.2010180 (0.16)%
 GbtC2wN2hN1_GqqN2hN1 : 1145.3952850 (0.16)%
 GbtC2zC1wN1_GqqN2hN1 : 1138.0505581 (0.16)%
QqGqqC1wN1_QqGqqN2hN1 : 1109.3820315 (0.15)%
 GbtC2hC1wN1_GqqN2hN1 : 1101.2963142 (0.15)%
     GqqN1_QqGqqN2hN1 : 1018.9555826 (0.14)%
     GqqN2hN1_QqGqqN1 : 1018.9555826 (0.14)%
          GbbN1_GttN1 : 1004.7564985 (0.14)%
        GttN1_QqC1wN1 : 986.7566909 (0.14)%
  GqqN2hN1_QqGbbN2hN1 : 982.3511926 (0.14)%
  GbbN2hN1_QqGqqN2hN1 : 982.3511926 (0.14)%
   QqGbtC1wN1_QqGttN1 : 930.0697842 (0.13)%
             C1wN1_N1 : 875.7582290 (0.12)%
       GqqN1_GttN2hN1 : 875.0513946 (0.12)%
    GbbN2hN1_GttN2hN1 : 843.6165382 (0.12)%
       GbbN1_GqqN2hN1 : 827.6336641 (0.12)%
     GqqC1wN1_QqN2hN1 : 812.8622689 (0.11)%
     GqqN2hN1_QqC1wN1 : 812.8069407 (0.11)%
QqGbtC1wN1_QqGqqN2hN1 : 766.1130479 (0.11)%
    GbtC2wN2hN1_GqqN1 : 722.6343184 (0.10)%
    GbtC2zC1wN1_GqqN1 : 718.0005018 (0.10)%
    GqqC1wN1_GqqN2zN1 : 715.9809368 (0.10)%
------------------------------------------------------------
                                    SUM=88.28%

SHOWING PROCESSES TO GET 90.00% SUSY COVERAGE
---------------  Output inclusive processes  ---------------
The total xsec = 717143.34 [fb]
The total rate = 100.00%
                Modes : xsec/fb      (rate)
          C1wN1_N2hN1 : 200473.6265745 (27.95)%
          C1wN1_C1wN1 : 101459.0384136 (14.15)%
    GbtC1wN1_GqqC1wN1 : 24316.9659536 (3.39)%
       GqqC1wN1_GttN1 : 20508.6992244 (2.86)%
    GqqC1wN1_GqqC1wN1 : 17606.2822356 (2.46)%
    GqqC1wN1_GqqN2hN1 : 16893.3367552 (2.36)%
       GbtC1wN1_GttN1 : 14162.8236478 (1.97)%
    GbtC1wN1_GqqN2hN1 : 11666.1396546 (1.63)%
       GqqC1wN1_GqqN1 : 10658.0715424 (1.49)%
    GbbN2hN1_GqqC1wN1 : 10275.1969465 (1.43)%
       GqqN2hN1_GttN1 : 9839.1119082 (1.37)%
          C1wN1_N2zN1 : 8496.5627007 (1.18)%
    GbtC1wN1_GbtC1wN1 : 8396.3613850 (1.17)%
       GbtC1wN1_GqqN1 : 7360.2126604 (1.03)%
    GbbN2hN1_GbtC1wN1 : 7095.8085009 (0.99)%
  GqqC1wN1_QqGqqC1wN1 : 7017.0810487 (0.98)%
          GqqN1_GttN1 : 6207.5337840 (0.87)%
       GbbN2hN1_GttN1 : 5984.5378152 (0.83)%
          GttN1_GttN1 : 5972.3957938 (0.83)%
       GqqN1_GqqN2hN1 : 5113.2427993 (0.71)%
    GbbN2hN1_GqqN2hN1 : 4929.5575273 (0.69)%
  GqqC1wN1_QqGbtC1wN1 : 4845.8305584 (0.68)%
  GbtC1wN1_QqGqqC1wN1 : 4845.8305584 (0.68)%
     GttN1_QqGqqC1wN1 : 4086.9276868 (0.57)%
     GqqC1wN1_QqGttN1 : 4086.9276868 (0.57)%
    GqqN2hN1_GqqN2hN1 : 4052.3152887 (0.57)%
  GqqN2hN1_QqGqqC1wN1 : 3366.4663445 (0.47)%
  GqqC1wN1_QqGqqN2hN1 : 3366.4663445 (0.47)%
  GbtC1wN1_QqGbtC1wN1 : 3346.4162147 (0.47)%
       GbbN2hN1_GqqN1 : 3110.0769232 (0.43)%
    GqqC1wN1_GttN2hN1 : 2891.0299135 (0.40)%
     GttN1_QqGbtC1wN1 : 2822.3358028 (0.39)%
     GbtC1wN1_QqGttN1 : 2822.3358028 (0.39)%
 GbtC2wN2hN1_GqqC1wN1 : 2387.4682606 (0.33)%
        GttN1_QqGttN1 : 2380.3313374 (0.33)%
 GbtC2zC1wN1_GqqC1wN1 : 2372.1588713 (0.33)%
  GqqN2hN1_QqGbtC1wN1 : 2324.8022037 (0.32)%
  GbtC1wN1_QqGqqN2hN1 : 2324.8022037 (0.32)%
 GbtC2hC1wN1_GqqC1wN1 : 2295.5481222 (0.32)%
     GqqN1_QqGqqC1wN1 : 2123.9166462 (0.30)%
     GqqC1wN1_QqGqqN1 : 2123.9166462 (0.30)%
  GqqC1wN1_QqGbbN2hN1 : 2047.6182535 (0.29)%
  GbbN2hN1_QqGqqC1wN1 : 2047.6182535 (0.29)%
    GbtC1wN1_GttN2hN1 : 1996.4770256 (0.28)%
     GqqN2hN1_QqGttN1 : 1960.7162030 (0.27)%
     GttN1_QqGqqN2hN1 : 1960.7162030 (0.27)%
       GbbN1_GqqC1wN1 : 1725.1241824 (0.24)%
     GqqC1wN1_QqC1wN1 : 1694.2192782 (0.24)%
       GttN1_GttN2hN1 : 1683.8098513 (0.23)%
 GbtC1wN1_GbtC2wN2hN1 : 1648.7292329 (0.23)%
 GbtC1wN1_GbtC2zC1wN1 : 1638.1569299 (0.23)%
  GqqN2hN1_QqGqqN2hN1 : 1615.0726448 (0.23)%
          GqqN1_GqqN1 : 1612.9823361 (0.22)%
QqGbtC1wN1_QqGqqC1wN1 : 1596.8902699 (0.22)%
 GbtC1wN1_GbtC2hC1wN1 : 1585.2513548 (0.22)%
    GbbN2hN1_GbbN2hN1 : 1499.1761304 (0.21)%
     GqqN1_QqGbtC1wN1 : 1466.7267082 (0.20)%
     GbtC1wN1_QqGqqN1 : 1466.7267082 (0.20)%
  GbbN2hN1_QqGbtC1wN1 : 1414.0368390 (0.20)%
  GbtC1wN1_QqGbbN2hN1 : 1414.0368390 (0.20)%
    GbtC2wN2hN1_GttN1 : 1390.5226501 (0.19)%
    GqqN2hN1_GttN2hN1 : 1386.9805461 (0.19)%
    GbtC2zC1wN1_GttN1 : 1381.6060697 (0.19)%
   QqGqqC1wN1_QqGttN1 : 1346.8021587 (0.19)%
    GbtC2hC1wN1_GttN1 : 1336.9860077 (0.19)%
        GqqN1_QqGttN1 : 1237.0234412 (0.17)%
        GttN1_QqGqqN1 : 1237.0234412 (0.17)%
     GttN1_QqGbbN2hN1 : 1192.5853035 (0.17)%
     GbbN2hN1_QqGttN1 : 1192.5853035 (0.17)%
       GbbN1_GbtC1wN1 : 1191.3300448 (0.17)%
     GbtC1wN1_QqC1wN1 : 1169.9878473 (0.16)%
QqGqqC1wN1_QqGqqC1wN1 : 1156.2010180 (0.16)%
 GbtC2wN2hN1_GqqN2hN1 : 1145.3952850 (0.16)%
 GbtC2zC1wN1_GqqN2hN1 : 1138.0505581 (0.16)%
QqGqqC1wN1_QqGqqN2hN1 : 1109.3820315 (0.15)%
 GbtC2hC1wN1_GqqN2hN1 : 1101.2963142 (0.15)%
     GqqN1_QqGqqN2hN1 : 1018.9555826 (0.14)%
     GqqN2hN1_QqGqqN1 : 1018.9555826 (0.14)%
          GbbN1_GttN1 : 1004.7564985 (0.14)%
        GttN1_QqC1wN1 : 986.7566909 (0.14)%
  GqqN2hN1_QqGbbN2hN1 : 982.3511926 (0.14)%
  GbbN2hN1_QqGqqN2hN1 : 982.3511926 (0.14)%
   QqGbtC1wN1_QqGttN1 : 930.0697842 (0.13)%
             C1wN1_N1 : 875.7582290 (0.12)%
       GqqN1_GttN2hN1 : 875.0513946 (0.12)%
    GbbN2hN1_GttN2hN1 : 843.6165382 (0.12)%
       GbbN1_GqqN2hN1 : 827.6336641 (0.12)%
     GqqC1wN1_QqN2hN1 : 812.8622689 (0.11)%
     GqqN2hN1_QqC1wN1 : 812.8069407 (0.11)%
QqGbtC1wN1_QqGqqN2hN1 : 766.1130479 (0.11)%
    GbtC2wN2hN1_GqqN1 : 722.6343184 (0.10)%
    GbtC2zC1wN1_GqqN1 : 718.0005018 (0.10)%
    GqqC1wN1_GqqN2zN1 : 715.9809368 (0.10)%
    GbtC2wN1_GqqC1wN1 : 700.0048988 (0.10)%
   QqGqqC1wN1_QqGqqN1 : 699.9134174 (0.10)%
 GbbN2hN1_GbtC2wN2hN1 : 696.6748077 (0.10)%
    GbtC2hC1wN1_GqqN1 : 694.8121071 (0.10)%
 GbbN2hN1_GbtC2zC1wN1 : 692.2074537 (0.10)%
  GgN3wC1wN1_GqqC1wN1 : 676.7638823 (0.09)%
QqGbbN2hN1_QqGqqC1wN1 : 674.7701196 (0.09)%
 GbbN2hN1_GbtC2hC1wN1 : 669.8520659 (0.09)%
  GgN4wC1wN1_GqqC1wN1 : 669.7233434 (0.09)%
   QqGqqN2hN1_QqGttN1 : 646.1325027 (0.09)%
        GqqN1_QqGqqN1 : 642.8630208 (0.09)%
     GbbN2hN1_QqGqqN1 : 619.7691695 (0.09)%
     GqqN1_QqGbbN2hN1 : 619.7691695 (0.09)%
  GbbN2hN1_QqGbbN2hN1 : 597.5049288 (0.08)%
    C2wN2hN1_N4wC1wN1 : 588.9276127 (0.08)%
    C2zC1wN1_N4wC1wN1 : 585.1511762 (0.08)%
  GttN2hN1_QqGqqC1wN1 : 576.1179716 (0.08)%
  GqqC1wN1_QqGttN2hN1 : 576.1179716 (0.08)%
    C2wN2hN1_N3wC1wN1 : 575.1265665 (0.08)%
    C2zC1wN1_N3wC1wN1 : 571.4386279 (0.08)%
------------------------------------------------------------
                                    SUM=90.06%
