/Users/rafalmaselek/Projects/fastlim-1.0
 
#################################################################
#                                                               #
#                                                               #
#                     This is Fastlim  ver. 1.0                 #
#                                                               #
#          A fast LHC limit calculator for BSM models.          #
#                                                               #
#                  http://cern.ch/fastlim-1.0/                  #
#                                                               #
#  for bugs/feature requests: fastlim-1.0.developers@gmail.com  #
#                                                               #
#    please refer to:                                           #
#    M.Papucci, K.Sakurai, A.Weiler, L.Zeune arXiv:1402.xxxx    #
#                                                               #
#################################################################
 

!! Masses incompatible with the data for ERER !!

!! Problem with reading tables for ER ER !! Probably mass outside the table !! Setting xsec to 10^-20 !!

!! Masses incompatible with the data for ELEL !!

!! Problem with reading tables for EL EL !! Probably mass outside the table !! Setting xsec to 10^-20 !!

!! Masses incompatible with the data for TAU1TAU1 !!

!! Problem with reading tables for TAU1 TAU1 !! Probably mass outside the table !! Setting xsec to 10^-20 !!

!! Masses incompatible with the data for TAU2TAU2 !!

!! Problem with reading tables for TAU2 TAU2 !! Probably mass outside the table !! Setting xsec to 10^-20 !!
!!! THERE IS MASS SHIFTING IN EWKfast --------------------------------------------------------
Energy  Precision  PDF  Process
13      LO    NNPDF30           C1C1       0.7183348367759019 
13      LO    NNPDF30           C1+C2-     8.18077841256012e-05 # mass is shifted in the grid
13      LO    NNPDF30           C1-C2+     8.180060793750784e-05 # mass is shifted in the grid
13      LO    NNPDF30           C2C2       0.013234606513118299 # mass is shifted in the grid
13      LO    NNPDF30           N1N1       0.011516063395678242 
13      LO    NNPDF30           N1N2       0.0013986692503945683 
13      LO    NNPDF30           N1N3       2.557304820403626e-05 # mass is shifted in the grid
13      LO    NNPDF30           N1N4       2.333869650109552e-05 # mass is shifted in the grid
13      LO    NNPDF30           N2N2       0.007849406674230812 
13      LO    NNPDF30           N2N3       4.605374993835223e-05 # mass is shifted in the grid
13      LO    NNPDF30           N2N4       1.9864299451730924e-05 # mass is shifted in the grid
13      LO    NNPDF30           N3N3       1.235593659342661e-09 # mass is shifted in the grid
13      LO    NNPDF30           N3N4       0.0022766728553501384 # mass is shifted in the grid
13      LO    NNPDF30           N4N4       1.4896520542489683e-08 # mass is shifted in the grid
13      LO    NNPDF30           N1C1+      0.0023665563837731744 
13      LO    NNPDF30           N2C1+      1.131889728454309  
13      LO    NNPDF30           N3C1+      8.524490840105044e-05 # mass is shifted in the grid
13      LO    NNPDF30           N4C1+      5.6461003541787035e-05 # mass is shifted in the grid
13      LO    NNPDF30           N1C1-      0.0008290990571158743 
13      LO    NNPDF30           N2C1-      0.3934032111949252 
13      LO    NNPDF30           N3C1-      2.8185583641555894e-05 # mass is shifted in the grid
13      LO    NNPDF30           N4C1-      1.8566678300628855e-05 # mass is shifted in the grid
13      LO    NNPDF30           N1C2+      0.00017271893770877118 # mass is shifted in the grid
13      LO    NNPDF30           N2C2+      4.1745259918152994e-05 # mass is shifted in the grid
13      LO    NNPDF30           N3C2+      0.003203199509463956 # mass is shifted in the grid
13      LO    NNPDF30           N4C2+      0.016312852614986578 # mass is shifted in the grid
13      LO    NNPDF30           N1C2-      5.786743895840753e-05 # mass is shifted in the grid
13      LO    NNPDF30           N2C2-      1.3711748262154572e-05 # mass is shifted in the grid
13      LO    NNPDF30           N3C2-      0.0011074562112569559 # mass is shifted in the grid
13      LO    NNPDF30           N4C2-      0.00548321629517229 # mass is shifted in the grid

SLHA file: /Users/rafalmaselek/Projects/CheckMateCalculations/UML/SLHA_FIX/cmssm_2171_1085_5_-1085_-1.slha
Input file: /Users/rafalmaselek/ScienceSoft/EWKfast_LO/input_default.dat
Sort: OFF 
Cut: -1 
Unit: fb 
ScaleVariation: OFF 

mC2 = 1546.95886 is out of range. |mC2| = 1500 was used.
mN3 = -1544.55828 is out of range. |mN3| = 1500 was used.
mN4 = 1545.32505 is out of range. |mN4| = 1500 was used.

-----------------------------------------------------------------------------------------------
!!! THERE IS MASS SHIFTING IN EWKfast --------------------------------------------------------
Energy  Precision  PDF  Process
13      LO    NNPDF30           C1C1       0.7183348367759019 
13      LO    NNPDF30           C1+C2-     8.18077841256012e-05 # mass is shifted in the grid
13      LO    NNPDF30           C1-C2+     8.180060793750784e-05 # mass is shifted in the grid
13      LO    NNPDF30           C2C2       0.013234606513118299 # mass is shifted in the grid
13      LO    NNPDF30           N1N1       0.011516063395678242 
13      LO    NNPDF30           N1N2       0.0013986692503945683 
13      LO    NNPDF30           N1N3       2.557304820403626e-05 # mass is shifted in the grid
13      LO    NNPDF30           N1N4       2.333869650109552e-05 # mass is shifted in the grid
13      LO    NNPDF30           N2N2       0.007849406674230812 
13      LO    NNPDF30           N2N3       4.605374993835223e-05 # mass is shifted in the grid
13      LO    NNPDF30           N2N4       1.9864299451730924e-05 # mass is shifted in the grid
13      LO    NNPDF30           N3N3       1.235593659342661e-09 # mass is shifted in the grid
13      LO    NNPDF30           N3N4       0.0022766728553501384 # mass is shifted in the grid
13      LO    NNPDF30           N4N4       1.4896520542489683e-08 # mass is shifted in the grid
13      LO    NNPDF30           N1C1+      0.0023665563837731744 
13      LO    NNPDF30           N2C1+      1.131889728454309  
13      LO    NNPDF30           N3C1+      8.524490840105044e-05 # mass is shifted in the grid
13      LO    NNPDF30           N4C1+      5.6461003541787035e-05 # mass is shifted in the grid
13      LO    NNPDF30           N1C1-      0.0008290990571158743 
13      LO    NNPDF30           N2C1-      0.3934032111949252 
13      LO    NNPDF30           N3C1-      2.8185583641555894e-05 # mass is shifted in the grid
13      LO    NNPDF30           N4C1-      1.8566678300628855e-05 # mass is shifted in the grid
13      LO    NNPDF30           N1C2+      0.00017271893770877118 # mass is shifted in the grid
13      LO    NNPDF30           N2C2+      4.1745259918152994e-05 # mass is shifted in the grid
13      LO    NNPDF30           N3C2+      0.003203199509463956 # mass is shifted in the grid
13      LO    NNPDF30           N4C2+      0.016312852614986578 # mass is shifted in the grid
13      LO    NNPDF30           N1C2-      5.786743895840753e-05 # mass is shifted in the grid
13      LO    NNPDF30           N2C2-      1.3711748262154572e-05 # mass is shifted in the grid
13      LO    NNPDF30           N3C2-      0.0011074562112569559 # mass is shifted in the grid
13      LO    NNPDF30           N4C2-      0.00548321629517229 # mass is shifted in the grid

SLHA file: /Users/rafalmaselek/Projects/CheckMateCalculations/UML/SLHA_FIX/cmssm_2171_1085_5_-1085_-1.slha
Input file: /Users/rafalmaselek/ScienceSoft/EWKfast_LO/input_default.dat
Sort: OFF 
Cut: -1 
Unit: fb 
ScaleVariation: OFF 

mC2 = 1546.95886 is out of range. |mC2| = 1500 was used.
mN3 = -1544.55828 is out of range. |mN3| = 1500 was used.
mN4 = 1545.32505 is out of range. |mN4| = 1500 was used.

-----------------------------------------------------------------------------------------------
!! EWK PROCESS C1C2 NOT FOUND !! WILL TRY TO LOOK FOR +/- MODES !!
XSEC FOUND FOR: C1-C2+
XSEC FOUND FOR: C1+C2-
!!! THERE IS MASS SHIFTING IN EWKfast --------------------------------------------------------
Energy  Precision  PDF  Process
13      LO    NNPDF30           C1C1       0.7183348367759019 
13      LO    NNPDF30           C1+C2-     8.18077841256012e-05 # mass is shifted in the grid
13      LO    NNPDF30           C1-C2+     8.180060793750784e-05 # mass is shifted in the grid
13      LO    NNPDF30           C2C2       0.013234606513118299 # mass is shifted in the grid
13      LO    NNPDF30           N1N1       0.011516063395678242 
13      LO    NNPDF30           N1N2       0.0013986692503945683 
13      LO    NNPDF30           N1N3       2.557304820403626e-05 # mass is shifted in the grid
13      LO    NNPDF30           N1N4       2.333869650109552e-05 # mass is shifted in the grid
13      LO    NNPDF30           N2N2       0.007849406674230812 
13      LO    NNPDF30           N2N3       4.605374993835223e-05 # mass is shifted in the grid
13      LO    NNPDF30           N2N4       1.9864299451730924e-05 # mass is shifted in the grid
13      LO    NNPDF30           N3N3       1.235593659342661e-09 # mass is shifted in the grid
13      LO    NNPDF30           N3N4       0.0022766728553501384 # mass is shifted in the grid
13      LO    NNPDF30           N4N4       1.4896520542489683e-08 # mass is shifted in the grid
13      LO    NNPDF30           N1C1+      0.0023665563837731744 
13      LO    NNPDF30           N2C1+      1.131889728454309  
13      LO    NNPDF30           N3C1+      8.524490840105044e-05 # mass is shifted in the grid
13      LO    NNPDF30           N4C1+      5.6461003541787035e-05 # mass is shifted in the grid
13      LO    NNPDF30           N1C1-      0.0008290990571158743 
13      LO    NNPDF30           N2C1-      0.3934032111949252 
13      LO    NNPDF30           N3C1-      2.8185583641555894e-05 # mass is shifted in the grid
13      LO    NNPDF30           N4C1-      1.8566678300628855e-05 # mass is shifted in the grid
13      LO    NNPDF30           N1C2+      0.00017271893770877118 # mass is shifted in the grid
13      LO    NNPDF30           N2C2+      4.1745259918152994e-05 # mass is shifted in the grid
13      LO    NNPDF30           N3C2+      0.003203199509463956 # mass is shifted in the grid
13      LO    NNPDF30           N4C2+      0.016312852614986578 # mass is shifted in the grid
13      LO    NNPDF30           N1C2-      5.786743895840753e-05 # mass is shifted in the grid
13      LO    NNPDF30           N2C2-      1.3711748262154572e-05 # mass is shifted in the grid
13      LO    NNPDF30           N3C2-      0.0011074562112569559 # mass is shifted in the grid
13      LO    NNPDF30           N4C2-      0.00548321629517229 # mass is shifted in the grid

SLHA file: /Users/rafalmaselek/Projects/CheckMateCalculations/UML/SLHA_FIX/cmssm_2171_1085_5_-1085_-1.slha
Input file: /Users/rafalmaselek/ScienceSoft/EWKfast_LO/input_default.dat
Sort: OFF 
Cut: -1 
Unit: fb 
ScaleVariation: OFF 

mC2 = 1546.95886 is out of range. |mC2| = 1500 was used.
mN3 = -1544.55828 is out of range. |mN3| = 1500 was used.
mN4 = 1545.32505 is out of range. |mN4| = 1500 was used.

-----------------------------------------------------------------------------------------------
!!! THERE IS MASS SHIFTING IN EWKfast --------------------------------------------------------
Energy  Precision  PDF  Process
13      LO    NNPDF30           C1C1       0.7183348367759019 
13      LO    NNPDF30           C1+C2-     8.18077841256012e-05 # mass is shifted in the grid
13      LO    NNPDF30           C1-C2+     8.180060793750784e-05 # mass is shifted in the grid
13      LO    NNPDF30           C2C2       0.013234606513118299 # mass is shifted in the grid
13      LO    NNPDF30           N1N1       0.011516063395678242 
13      LO    NNPDF30           N1N2       0.0013986692503945683 
13      LO    NNPDF30           N1N3       2.557304820403626e-05 # mass is shifted in the grid
13      LO    NNPDF30           N1N4       2.333869650109552e-05 # mass is shifted in the grid
13      LO    NNPDF30           N2N2       0.007849406674230812 
13      LO    NNPDF30           N2N3       4.605374993835223e-05 # mass is shifted in the grid
13      LO    NNPDF30           N2N4       1.9864299451730924e-05 # mass is shifted in the grid
13      LO    NNPDF30           N3N3       1.235593659342661e-09 # mass is shifted in the grid
13      LO    NNPDF30           N3N4       0.0022766728553501384 # mass is shifted in the grid
13      LO    NNPDF30           N4N4       1.4896520542489683e-08 # mass is shifted in the grid
13      LO    NNPDF30           N1C1+      0.0023665563837731744 
13      LO    NNPDF30           N2C1+      1.131889728454309  
13      LO    NNPDF30           N3C1+      8.524490840105044e-05 # mass is shifted in the grid
13      LO    NNPDF30           N4C1+      5.6461003541787035e-05 # mass is shifted in the grid
13      LO    NNPDF30           N1C1-      0.0008290990571158743 
13      LO    NNPDF30           N2C1-      0.3934032111949252 
13      LO    NNPDF30           N3C1-      2.8185583641555894e-05 # mass is shifted in the grid
13      LO    NNPDF30           N4C1-      1.8566678300628855e-05 # mass is shifted in the grid
13      LO    NNPDF30           N1C2+      0.00017271893770877118 # mass is shifted in the grid
13      LO    NNPDF30           N2C2+      4.1745259918152994e-05 # mass is shifted in the grid
13      LO    NNPDF30           N3C2+      0.003203199509463956 # mass is shifted in the grid
13      LO    NNPDF30           N4C2+      0.016312852614986578 # mass is shifted in the grid
13      LO    NNPDF30           N1C2-      5.786743895840753e-05 # mass is shifted in the grid
13      LO    NNPDF30           N2C2-      1.3711748262154572e-05 # mass is shifted in the grid
13      LO    NNPDF30           N3C2-      0.0011074562112569559 # mass is shifted in the grid
13      LO    NNPDF30           N4C2-      0.00548321629517229 # mass is shifted in the grid

SLHA file: /Users/rafalmaselek/Projects/CheckMateCalculations/UML/SLHA_FIX/cmssm_2171_1085_5_-1085_-1.slha
Input file: /Users/rafalmaselek/ScienceSoft/EWKfast_LO/input_default.dat
Sort: OFF 
Cut: -1 
Unit: fb 
ScaleVariation: OFF 

mC2 = 1546.95886 is out of range. |mC2| = 1500 was used.
mN3 = -1544.55828 is out of range. |mN3| = 1500 was used.
mN4 = 1545.32505 is out of range. |mN4| = 1500 was used.

-----------------------------------------------------------------------------------------------
!! EWK PROCESS C1N1 NOT FOUND !! WILL TRY TO LOOK FOR +/- MODES !!
XSEC FOUND FOR: C1+N1
XSEC FOUND FOR: C1-N1
!!! THERE IS MASS SHIFTING IN EWKfast --------------------------------------------------------
Energy  Precision  PDF  Process
13      LO    NNPDF30           C1C1       0.7183348367759019 
13      LO    NNPDF30           C1+C2-     8.18077841256012e-05 # mass is shifted in the grid
13      LO    NNPDF30           C1-C2+     8.180060793750784e-05 # mass is shifted in the grid
13      LO    NNPDF30           C2C2       0.013234606513118299 # mass is shifted in the grid
13      LO    NNPDF30           N1N1       0.011516063395678242 
13      LO    NNPDF30           N1N2       0.0013986692503945683 
13      LO    NNPDF30           N1N3       2.557304820403626e-05 # mass is shifted in the grid
13      LO    NNPDF30           N1N4       2.333869650109552e-05 # mass is shifted in the grid
13      LO    NNPDF30           N2N2       0.007849406674230812 
13      LO    NNPDF30           N2N3       4.605374993835223e-05 # mass is shifted in the grid
13      LO    NNPDF30           N2N4       1.9864299451730924e-05 # mass is shifted in the grid
13      LO    NNPDF30           N3N3       1.235593659342661e-09 # mass is shifted in the grid
13      LO    NNPDF30           N3N4       0.0022766728553501384 # mass is shifted in the grid
13      LO    NNPDF30           N4N4       1.4896520542489683e-08 # mass is shifted in the grid
13      LO    NNPDF30           N1C1+      0.0023665563837731744 
13      LO    NNPDF30           N2C1+      1.131889728454309  
13      LO    NNPDF30           N3C1+      8.524490840105044e-05 # mass is shifted in the grid
13      LO    NNPDF30           N4C1+      5.6461003541787035e-05 # mass is shifted in the grid
13      LO    NNPDF30           N1C1-      0.0008290990571158743 
13      LO    NNPDF30           N2C1-      0.3934032111949252 
13      LO    NNPDF30           N3C1-      2.8185583641555894e-05 # mass is shifted in the grid
13      LO    NNPDF30           N4C1-      1.8566678300628855e-05 # mass is shifted in the grid
13      LO    NNPDF30           N1C2+      0.00017271893770877118 # mass is shifted in the grid
13      LO    NNPDF30           N2C2+      4.1745259918152994e-05 # mass is shifted in the grid
13      LO    NNPDF30           N3C2+      0.003203199509463956 # mass is shifted in the grid
13      LO    NNPDF30           N4C2+      0.016312852614986578 # mass is shifted in the grid
13      LO    NNPDF30           N1C2-      5.786743895840753e-05 # mass is shifted in the grid
13      LO    NNPDF30           N2C2-      1.3711748262154572e-05 # mass is shifted in the grid
13      LO    NNPDF30           N3C2-      0.0011074562112569559 # mass is shifted in the grid
13      LO    NNPDF30           N4C2-      0.00548321629517229 # mass is shifted in the grid

SLHA file: /Users/rafalmaselek/Projects/CheckMateCalculations/UML/SLHA_FIX/cmssm_2171_1085_5_-1085_-1.slha
Input file: /Users/rafalmaselek/ScienceSoft/EWKfast_LO/input_default.dat
Sort: OFF 
Cut: -1 
Unit: fb 
ScaleVariation: OFF 

mC2 = 1546.95886 is out of range. |mC2| = 1500 was used.
mN3 = -1544.55828 is out of range. |mN3| = 1500 was used.
mN4 = 1545.32505 is out of range. |mN4| = 1500 was used.

-----------------------------------------------------------------------------------------------
!! EWK PROCESS C1N2 NOT FOUND !! WILL TRY TO LOOK FOR +/- MODES !!
XSEC FOUND FOR: C1+N2
XSEC FOUND FOR: C1-N2
!!! THERE IS MASS SHIFTING IN EWKfast --------------------------------------------------------
Energy  Precision  PDF  Process
13      LO    NNPDF30           C1C1       0.7183348367759019 
13      LO    NNPDF30           C1+C2-     8.18077841256012e-05 # mass is shifted in the grid
13      LO    NNPDF30           C1-C2+     8.180060793750784e-05 # mass is shifted in the grid
13      LO    NNPDF30           C2C2       0.013234606513118299 # mass is shifted in the grid
13      LO    NNPDF30           N1N1       0.011516063395678242 
13      LO    NNPDF30           N1N2       0.0013986692503945683 
13      LO    NNPDF30           N1N3       2.557304820403626e-05 # mass is shifted in the grid
13      LO    NNPDF30           N1N4       2.333869650109552e-05 # mass is shifted in the grid
13      LO    NNPDF30           N2N2       0.007849406674230812 
13      LO    NNPDF30           N2N3       4.605374993835223e-05 # mass is shifted in the grid
13      LO    NNPDF30           N2N4       1.9864299451730924e-05 # mass is shifted in the grid
13      LO    NNPDF30           N3N3       1.235593659342661e-09 # mass is shifted in the grid
13      LO    NNPDF30           N3N4       0.0022766728553501384 # mass is shifted in the grid
13      LO    NNPDF30           N4N4       1.4896520542489683e-08 # mass is shifted in the grid
13      LO    NNPDF30           N1C1+      0.0023665563837731744 
13      LO    NNPDF30           N2C1+      1.131889728454309  
13      LO    NNPDF30           N3C1+      8.524490840105044e-05 # mass is shifted in the grid
13      LO    NNPDF30           N4C1+      5.6461003541787035e-05 # mass is shifted in the grid
13      LO    NNPDF30           N1C1-      0.0008290990571158743 
13      LO    NNPDF30           N2C1-      0.3934032111949252 
13      LO    NNPDF30           N3C1-      2.8185583641555894e-05 # mass is shifted in the grid
13      LO    NNPDF30           N4C1-      1.8566678300628855e-05 # mass is shifted in the grid
13      LO    NNPDF30           N1C2+      0.00017271893770877118 # mass is shifted in the grid
13      LO    NNPDF30           N2C2+      4.1745259918152994e-05 # mass is shifted in the grid
13      LO    NNPDF30           N3C2+      0.003203199509463956 # mass is shifted in the grid
13      LO    NNPDF30           N4C2+      0.016312852614986578 # mass is shifted in the grid
13      LO    NNPDF30           N1C2-      5.786743895840753e-05 # mass is shifted in the grid
13      LO    NNPDF30           N2C2-      1.3711748262154572e-05 # mass is shifted in the grid
13      LO    NNPDF30           N3C2-      0.0011074562112569559 # mass is shifted in the grid
13      LO    NNPDF30           N4C2-      0.00548321629517229 # mass is shifted in the grid

SLHA file: /Users/rafalmaselek/Projects/CheckMateCalculations/UML/SLHA_FIX/cmssm_2171_1085_5_-1085_-1.slha
Input file: /Users/rafalmaselek/ScienceSoft/EWKfast_LO/input_default.dat
Sort: OFF 
Cut: -1 
Unit: fb 
ScaleVariation: OFF 

mC2 = 1546.95886 is out of range. |mC2| = 1500 was used.
mN3 = -1544.55828 is out of range. |mN3| = 1500 was used.
mN4 = 1545.32505 is out of range. |mN4| = 1500 was used.

-----------------------------------------------------------------------------------------------
!! EWK PROCESS C1N3 NOT FOUND !! WILL TRY TO LOOK FOR +/- MODES !!
XSEC FOUND FOR: C1+N3
XSEC FOUND FOR: C1-N3
!!! THERE IS MASS SHIFTING IN EWKfast --------------------------------------------------------
Energy  Precision  PDF  Process
13      LO    NNPDF30           C1C1       0.7183348367759019 
13      LO    NNPDF30           C1+C2-     8.18077841256012e-05 # mass is shifted in the grid
13      LO    NNPDF30           C1-C2+     8.180060793750784e-05 # mass is shifted in the grid
13      LO    NNPDF30           C2C2       0.013234606513118299 # mass is shifted in the grid
13      LO    NNPDF30           N1N1       0.011516063395678242 
13      LO    NNPDF30           N1N2       0.0013986692503945683 
13      LO    NNPDF30           N1N3       2.557304820403626e-05 # mass is shifted in the grid
13      LO    NNPDF30           N1N4       2.333869650109552e-05 # mass is shifted in the grid
13      LO    NNPDF30           N2N2       0.007849406674230812 
13      LO    NNPDF30           N2N3       4.605374993835223e-05 # mass is shifted in the grid
13      LO    NNPDF30           N2N4       1.9864299451730924e-05 # mass is shifted in the grid
13      LO    NNPDF30           N3N3       1.235593659342661e-09 # mass is shifted in the grid
13      LO    NNPDF30           N3N4       0.0022766728553501384 # mass is shifted in the grid
13      LO    NNPDF30           N4N4       1.4896520542489683e-08 # mass is shifted in the grid
13      LO    NNPDF30           N1C1+      0.0023665563837731744 
13      LO    NNPDF30           N2C1+      1.131889728454309  
13      LO    NNPDF30           N3C1+      8.524490840105044e-05 # mass is shifted in the grid
13      LO    NNPDF30           N4C1+      5.6461003541787035e-05 # mass is shifted in the grid
13      LO    NNPDF30           N1C1-      0.0008290990571158743 
13      LO    NNPDF30           N2C1-      0.3934032111949252 
13      LO    NNPDF30           N3C1-      2.8185583641555894e-05 # mass is shifted in the grid
13      LO    NNPDF30           N4C1-      1.8566678300628855e-05 # mass is shifted in the grid
13      LO    NNPDF30           N1C2+      0.00017271893770877118 # mass is shifted in the grid
13      LO    NNPDF30           N2C2+      4.1745259918152994e-05 # mass is shifted in the grid
13      LO    NNPDF30           N3C2+      0.003203199509463956 # mass is shifted in the grid
13      LO    NNPDF30           N4C2+      0.016312852614986578 # mass is shifted in the grid
13      LO    NNPDF30           N1C2-      5.786743895840753e-05 # mass is shifted in the grid
13      LO    NNPDF30           N2C2-      1.3711748262154572e-05 # mass is shifted in the grid
13      LO    NNPDF30           N3C2-      0.0011074562112569559 # mass is shifted in the grid
13      LO    NNPDF30           N4C2-      0.00548321629517229 # mass is shifted in the grid

SLHA file: /Users/rafalmaselek/Projects/CheckMateCalculations/UML/SLHA_FIX/cmssm_2171_1085_5_-1085_-1.slha
Input file: /Users/rafalmaselek/ScienceSoft/EWKfast_LO/input_default.dat
Sort: OFF 
Cut: -1 
Unit: fb 
ScaleVariation: OFF 

mC2 = 1546.95886 is out of range. |mC2| = 1500 was used.
mN3 = -1544.55828 is out of range. |mN3| = 1500 was used.
mN4 = 1545.32505 is out of range. |mN4| = 1500 was used.

-----------------------------------------------------------------------------------------------
!! EWK PROCESS C1N4 NOT FOUND !! WILL TRY TO LOOK FOR +/- MODES !!
XSEC FOUND FOR: C1+N4
XSEC FOUND FOR: C1-N4
!!! THERE IS MASS SHIFTING IN EWKfast --------------------------------------------------------
Energy  Precision  PDF  Process
13      LO    NNPDF30           C1C1       0.7183348367759019 
13      LO    NNPDF30           C1+C2-     8.18077841256012e-05 # mass is shifted in the grid
13      LO    NNPDF30           C1-C2+     8.180060793750784e-05 # mass is shifted in the grid
13      LO    NNPDF30           C2C2       0.013234606513118299 # mass is shifted in the grid
13      LO    NNPDF30           N1N1       0.011516063395678242 
13      LO    NNPDF30           N1N2       0.0013986692503945683 
13      LO    NNPDF30           N1N3       2.557304820403626e-05 # mass is shifted in the grid
13      LO    NNPDF30           N1N4       2.333869650109552e-05 # mass is shifted in the grid
13      LO    NNPDF30           N2N2       0.007849406674230812 
13      LO    NNPDF30           N2N3       4.605374993835223e-05 # mass is shifted in the grid
13      LO    NNPDF30           N2N4       1.9864299451730924e-05 # mass is shifted in the grid
13      LO    NNPDF30           N3N3       1.235593659342661e-09 # mass is shifted in the grid
13      LO    NNPDF30           N3N4       0.0022766728553501384 # mass is shifted in the grid
13      LO    NNPDF30           N4N4       1.4896520542489683e-08 # mass is shifted in the grid
13      LO    NNPDF30           N1C1+      0.0023665563837731744 
13      LO    NNPDF30           N2C1+      1.131889728454309  
13      LO    NNPDF30           N3C1+      8.524490840105044e-05 # mass is shifted in the grid
13      LO    NNPDF30           N4C1+      5.6461003541787035e-05 # mass is shifted in the grid
13      LO    NNPDF30           N1C1-      0.0008290990571158743 
13      LO    NNPDF30           N2C1-      0.3934032111949252 
13      LO    NNPDF30           N3C1-      2.8185583641555894e-05 # mass is shifted in the grid
13      LO    NNPDF30           N4C1-      1.8566678300628855e-05 # mass is shifted in the grid
13      LO    NNPDF30           N1C2+      0.00017271893770877118 # mass is shifted in the grid
13      LO    NNPDF30           N2C2+      4.1745259918152994e-05 # mass is shifted in the grid
13      LO    NNPDF30           N3C2+      0.003203199509463956 # mass is shifted in the grid
13      LO    NNPDF30           N4C2+      0.016312852614986578 # mass is shifted in the grid
13      LO    NNPDF30           N1C2-      5.786743895840753e-05 # mass is shifted in the grid
13      LO    NNPDF30           N2C2-      1.3711748262154572e-05 # mass is shifted in the grid
13      LO    NNPDF30           N3C2-      0.0011074562112569559 # mass is shifted in the grid
13      LO    NNPDF30           N4C2-      0.00548321629517229 # mass is shifted in the grid

SLHA file: /Users/rafalmaselek/Projects/CheckMateCalculations/UML/SLHA_FIX/cmssm_2171_1085_5_-1085_-1.slha
Input file: /Users/rafalmaselek/ScienceSoft/EWKfast_LO/input_default.dat
Sort: OFF 
Cut: -1 
Unit: fb 
ScaleVariation: OFF 

mC2 = 1546.95886 is out of range. |mC2| = 1500 was used.
mN3 = -1544.55828 is out of range. |mN3| = 1500 was used.
mN4 = 1545.32505 is out of range. |mN4| = 1500 was used.

-----------------------------------------------------------------------------------------------
!! EWK PROCESS C2N1 NOT FOUND !! WILL TRY TO LOOK FOR +/- MODES !!
XSEC FOUND FOR: C2+N1
XSEC FOUND FOR: C2-N1
!!! THERE IS MASS SHIFTING IN EWKfast --------------------------------------------------------
Energy  Precision  PDF  Process
13      LO    NNPDF30           C1C1       0.7183348367759019 
13      LO    NNPDF30           C1+C2-     8.18077841256012e-05 # mass is shifted in the grid
13      LO    NNPDF30           C1-C2+     8.180060793750784e-05 # mass is shifted in the grid
13      LO    NNPDF30           C2C2       0.013234606513118299 # mass is shifted in the grid
13      LO    NNPDF30           N1N1       0.011516063395678242 
13      LO    NNPDF30           N1N2       0.0013986692503945683 
13      LO    NNPDF30           N1N3       2.557304820403626e-05 # mass is shifted in the grid
13      LO    NNPDF30           N1N4       2.333869650109552e-05 # mass is shifted in the grid
13      LO    NNPDF30           N2N2       0.007849406674230812 
13      LO    NNPDF30           N2N3       4.605374993835223e-05 # mass is shifted in the grid
13      LO    NNPDF30           N2N4       1.9864299451730924e-05 # mass is shifted in the grid
13      LO    NNPDF30           N3N3       1.235593659342661e-09 # mass is shifted in the grid
13      LO    NNPDF30           N3N4       0.0022766728553501384 # mass is shifted in the grid
13      LO    NNPDF30           N4N4       1.4896520542489683e-08 # mass is shifted in the grid
13      LO    NNPDF30           N1C1+      0.0023665563837731744 
13      LO    NNPDF30           N2C1+      1.131889728454309  
13      LO    NNPDF30           N3C1+      8.524490840105044e-05 # mass is shifted in the grid
13      LO    NNPDF30           N4C1+      5.6461003541787035e-05 # mass is shifted in the grid
13      LO    NNPDF30           N1C1-      0.0008290990571158743 
13      LO    NNPDF30           N2C1-      0.3934032111949252 
13      LO    NNPDF30           N3C1-      2.8185583641555894e-05 # mass is shifted in the grid
13      LO    NNPDF30           N4C1-      1.8566678300628855e-05 # mass is shifted in the grid
13      LO    NNPDF30           N1C2+      0.00017271893770877118 # mass is shifted in the grid
13      LO    NNPDF30           N2C2+      4.1745259918152994e-05 # mass is shifted in the grid
13      LO    NNPDF30           N3C2+      0.003203199509463956 # mass is shifted in the grid
13      LO    NNPDF30           N4C2+      0.016312852614986578 # mass is shifted in the grid
13      LO    NNPDF30           N1C2-      5.786743895840753e-05 # mass is shifted in the grid
13      LO    NNPDF30           N2C2-      1.3711748262154572e-05 # mass is shifted in the grid
13      LO    NNPDF30           N3C2-      0.0011074562112569559 # mass is shifted in the grid
13      LO    NNPDF30           N4C2-      0.00548321629517229 # mass is shifted in the grid

SLHA file: /Users/rafalmaselek/Projects/CheckMateCalculations/UML/SLHA_FIX/cmssm_2171_1085_5_-1085_-1.slha
Input file: /Users/rafalmaselek/ScienceSoft/EWKfast_LO/input_default.dat
Sort: OFF 
Cut: -1 
Unit: fb 
ScaleVariation: OFF 

mC2 = 1546.95886 is out of range. |mC2| = 1500 was used.
mN3 = -1544.55828 is out of range. |mN3| = 1500 was used.
mN4 = 1545.32505 is out of range. |mN4| = 1500 was used.

-----------------------------------------------------------------------------------------------
!! EWK PROCESS C2N2 NOT FOUND !! WILL TRY TO LOOK FOR +/- MODES !!
XSEC FOUND FOR: C2+N2
XSEC FOUND FOR: C2-N2
!!! THERE IS MASS SHIFTING IN EWKfast --------------------------------------------------------
Energy  Precision  PDF  Process
13      LO    NNPDF30           C1C1       0.7183348367759019 
13      LO    NNPDF30           C1+C2-     8.18077841256012e-05 # mass is shifted in the grid
13      LO    NNPDF30           C1-C2+     8.180060793750784e-05 # mass is shifted in the grid
13      LO    NNPDF30           C2C2       0.013234606513118299 # mass is shifted in the grid
13      LO    NNPDF30           N1N1       0.011516063395678242 
13      LO    NNPDF30           N1N2       0.0013986692503945683 
13      LO    NNPDF30           N1N3       2.557304820403626e-05 # mass is shifted in the grid
13      LO    NNPDF30           N1N4       2.333869650109552e-05 # mass is shifted in the grid
13      LO    NNPDF30           N2N2       0.007849406674230812 
13      LO    NNPDF30           N2N3       4.605374993835223e-05 # mass is shifted in the grid
13      LO    NNPDF30           N2N4       1.9864299451730924e-05 # mass is shifted in the grid
13      LO    NNPDF30           N3N3       1.235593659342661e-09 # mass is shifted in the grid
13      LO    NNPDF30           N3N4       0.0022766728553501384 # mass is shifted in the grid
13      LO    NNPDF30           N4N4       1.4896520542489683e-08 # mass is shifted in the grid
13      LO    NNPDF30           N1C1+      0.0023665563837731744 
13      LO    NNPDF30           N2C1+      1.131889728454309  
13      LO    NNPDF30           N3C1+      8.524490840105044e-05 # mass is shifted in the grid
13      LO    NNPDF30           N4C1+      5.6461003541787035e-05 # mass is shifted in the grid
13      LO    NNPDF30           N1C1-      0.0008290990571158743 
13      LO    NNPDF30           N2C1-      0.3934032111949252 
13      LO    NNPDF30           N3C1-      2.8185583641555894e-05 # mass is shifted in the grid
13      LO    NNPDF30           N4C1-      1.8566678300628855e-05 # mass is shifted in the grid
13      LO    NNPDF30           N1C2+      0.00017271893770877118 # mass is shifted in the grid
13      LO    NNPDF30           N2C2+      4.1745259918152994e-05 # mass is shifted in the grid
13      LO    NNPDF30           N3C2+      0.003203199509463956 # mass is shifted in the grid
13      LO    NNPDF30           N4C2+      0.016312852614986578 # mass is shifted in the grid
13      LO    NNPDF30           N1C2-      5.786743895840753e-05 # mass is shifted in the grid
13      LO    NNPDF30           N2C2-      1.3711748262154572e-05 # mass is shifted in the grid
13      LO    NNPDF30           N3C2-      0.0011074562112569559 # mass is shifted in the grid
13      LO    NNPDF30           N4C2-      0.00548321629517229 # mass is shifted in the grid

SLHA file: /Users/rafalmaselek/Projects/CheckMateCalculations/UML/SLHA_FIX/cmssm_2171_1085_5_-1085_-1.slha
Input file: /Users/rafalmaselek/ScienceSoft/EWKfast_LO/input_default.dat
Sort: OFF 
Cut: -1 
Unit: fb 
ScaleVariation: OFF 

mC2 = 1546.95886 is out of range. |mC2| = 1500 was used.
mN3 = -1544.55828 is out of range. |mN3| = 1500 was used.
mN4 = 1545.32505 is out of range. |mN4| = 1500 was used.

-----------------------------------------------------------------------------------------------
!! EWK PROCESS C2N3 NOT FOUND !! WILL TRY TO LOOK FOR +/- MODES !!
XSEC FOUND FOR: C2+N3
XSEC FOUND FOR: C2-N3
!!! THERE IS MASS SHIFTING IN EWKfast --------------------------------------------------------
Energy  Precision  PDF  Process
13      LO    NNPDF30           C1C1       0.7183348367759019 
13      LO    NNPDF30           C1+C2-     8.18077841256012e-05 # mass is shifted in the grid
13      LO    NNPDF30           C1-C2+     8.180060793750784e-05 # mass is shifted in the grid
13      LO    NNPDF30           C2C2       0.013234606513118299 # mass is shifted in the grid
13      LO    NNPDF30           N1N1       0.011516063395678242 
13      LO    NNPDF30           N1N2       0.0013986692503945683 
13      LO    NNPDF30           N1N3       2.557304820403626e-05 # mass is shifted in the grid
13      LO    NNPDF30           N1N4       2.333869650109552e-05 # mass is shifted in the grid
13      LO    NNPDF30           N2N2       0.007849406674230812 
13      LO    NNPDF30           N2N3       4.605374993835223e-05 # mass is shifted in the grid
13      LO    NNPDF30           N2N4       1.9864299451730924e-05 # mass is shifted in the grid
13      LO    NNPDF30           N3N3       1.235593659342661e-09 # mass is shifted in the grid
13      LO    NNPDF30           N3N4       0.0022766728553501384 # mass is shifted in the grid
13      LO    NNPDF30           N4N4       1.4896520542489683e-08 # mass is shifted in the grid
13      LO    NNPDF30           N1C1+      0.0023665563837731744 
13      LO    NNPDF30           N2C1+      1.131889728454309  
13      LO    NNPDF30           N3C1+      8.524490840105044e-05 # mass is shifted in the grid
13      LO    NNPDF30           N4C1+      5.6461003541787035e-05 # mass is shifted in the grid
13      LO    NNPDF30           N1C1-      0.0008290990571158743 
13      LO    NNPDF30           N2C1-      0.3934032111949252 
13      LO    NNPDF30           N3C1-      2.8185583641555894e-05 # mass is shifted in the grid
13      LO    NNPDF30           N4C1-      1.8566678300628855e-05 # mass is shifted in the grid
13      LO    NNPDF30           N1C2+      0.00017271893770877118 # mass is shifted in the grid
13      LO    NNPDF30           N2C2+      4.1745259918152994e-05 # mass is shifted in the grid
13      LO    NNPDF30           N3C2+      0.003203199509463956 # mass is shifted in the grid
13      LO    NNPDF30           N4C2+      0.016312852614986578 # mass is shifted in the grid
13      LO    NNPDF30           N1C2-      5.786743895840753e-05 # mass is shifted in the grid
13      LO    NNPDF30           N2C2-      1.3711748262154572e-05 # mass is shifted in the grid
13      LO    NNPDF30           N3C2-      0.0011074562112569559 # mass is shifted in the grid
13      LO    NNPDF30           N4C2-      0.00548321629517229 # mass is shifted in the grid

SLHA file: /Users/rafalmaselek/Projects/CheckMateCalculations/UML/SLHA_FIX/cmssm_2171_1085_5_-1085_-1.slha
Input file: /Users/rafalmaselek/ScienceSoft/EWKfast_LO/input_default.dat
Sort: OFF 
Cut: -1 
Unit: fb 
ScaleVariation: OFF 

mC2 = 1546.95886 is out of range. |mC2| = 1500 was used.
mN3 = -1544.55828 is out of range. |mN3| = 1500 was used.
mN4 = 1545.32505 is out of range. |mN4| = 1500 was used.

-----------------------------------------------------------------------------------------------
!! EWK PROCESS C2N4 NOT FOUND !! WILL TRY TO LOOK FOR +/- MODES !!
XSEC FOUND FOR: C2+N4
XSEC FOUND FOR: C2-N4
!!! THERE IS MASS SHIFTING IN EWKfast --------------------------------------------------------
Energy  Precision  PDF  Process
13      LO    NNPDF30           C1C1       0.7183348367759019 
13      LO    NNPDF30           C1+C2-     8.18077841256012e-05 # mass is shifted in the grid
13      LO    NNPDF30           C1-C2+     8.180060793750784e-05 # mass is shifted in the grid
13      LO    NNPDF30           C2C2       0.013234606513118299 # mass is shifted in the grid
13      LO    NNPDF30           N1N1       0.011516063395678242 
13      LO    NNPDF30           N1N2       0.0013986692503945683 
13      LO    NNPDF30           N1N3       2.557304820403626e-05 # mass is shifted in the grid
13      LO    NNPDF30           N1N4       2.333869650109552e-05 # mass is shifted in the grid
13      LO    NNPDF30           N2N2       0.007849406674230812 
13      LO    NNPDF30           N2N3       4.605374993835223e-05 # mass is shifted in the grid
13      LO    NNPDF30           N2N4       1.9864299451730924e-05 # mass is shifted in the grid
13      LO    NNPDF30           N3N3       1.235593659342661e-09 # mass is shifted in the grid
13      LO    NNPDF30           N3N4       0.0022766728553501384 # mass is shifted in the grid
13      LO    NNPDF30           N4N4       1.4896520542489683e-08 # mass is shifted in the grid
13      LO    NNPDF30           N1C1+      0.0023665563837731744 
13      LO    NNPDF30           N2C1+      1.131889728454309  
13      LO    NNPDF30           N3C1+      8.524490840105044e-05 # mass is shifted in the grid
13      LO    NNPDF30           N4C1+      5.6461003541787035e-05 # mass is shifted in the grid
13      LO    NNPDF30           N1C1-      0.0008290990571158743 
13      LO    NNPDF30           N2C1-      0.3934032111949252 
13      LO    NNPDF30           N3C1-      2.8185583641555894e-05 # mass is shifted in the grid
13      LO    NNPDF30           N4C1-      1.8566678300628855e-05 # mass is shifted in the grid
13      LO    NNPDF30           N1C2+      0.00017271893770877118 # mass is shifted in the grid
13      LO    NNPDF30           N2C2+      4.1745259918152994e-05 # mass is shifted in the grid
13      LO    NNPDF30           N3C2+      0.003203199509463956 # mass is shifted in the grid
13      LO    NNPDF30           N4C2+      0.016312852614986578 # mass is shifted in the grid
13      LO    NNPDF30           N1C2-      5.786743895840753e-05 # mass is shifted in the grid
13      LO    NNPDF30           N2C2-      1.3711748262154572e-05 # mass is shifted in the grid
13      LO    NNPDF30           N3C2-      0.0011074562112569559 # mass is shifted in the grid
13      LO    NNPDF30           N4C2-      0.00548321629517229 # mass is shifted in the grid

SLHA file: /Users/rafalmaselek/Projects/CheckMateCalculations/UML/SLHA_FIX/cmssm_2171_1085_5_-1085_-1.slha
Input file: /Users/rafalmaselek/ScienceSoft/EWKfast_LO/input_default.dat
Sort: OFF 
Cut: -1 
Unit: fb 
ScaleVariation: OFF 

mC2 = 1546.95886 is out of range. |mC2| = 1500 was used.
mN3 = -1544.55828 is out of range. |mN3| = 1500 was used.
mN4 = 1545.32505 is out of range. |mN4| = 1500 was used.

-----------------------------------------------------------------------------------------------
!!! THERE IS MASS SHIFTING IN EWKfast --------------------------------------------------------
Energy  Precision  PDF  Process
13      LO    NNPDF30           C1C1       0.7183348367759019 
13      LO    NNPDF30           C1+C2-     8.18077841256012e-05 # mass is shifted in the grid
13      LO    NNPDF30           C1-C2+     8.180060793750784e-05 # mass is shifted in the grid
13      LO    NNPDF30           C2C2       0.013234606513118299 # mass is shifted in the grid
13      LO    NNPDF30           N1N1       0.011516063395678242 
13      LO    NNPDF30           N1N2       0.0013986692503945683 
13      LO    NNPDF30           N1N3       2.557304820403626e-05 # mass is shifted in the grid
13      LO    NNPDF30           N1N4       2.333869650109552e-05 # mass is shifted in the grid
13      LO    NNPDF30           N2N2       0.007849406674230812 
13      LO    NNPDF30           N2N3       4.605374993835223e-05 # mass is shifted in the grid
13      LO    NNPDF30           N2N4       1.9864299451730924e-05 # mass is shifted in the grid
13      LO    NNPDF30           N3N3       1.235593659342661e-09 # mass is shifted in the grid
13      LO    NNPDF30           N3N4       0.0022766728553501384 # mass is shifted in the grid
13      LO    NNPDF30           N4N4       1.4896520542489683e-08 # mass is shifted in the grid
13      LO    NNPDF30           N1C1+      0.0023665563837731744 
13      LO    NNPDF30           N2C1+      1.131889728454309  
13      LO    NNPDF30           N3C1+      8.524490840105044e-05 # mass is shifted in the grid
13      LO    NNPDF30           N4C1+      5.6461003541787035e-05 # mass is shifted in the grid
13      LO    NNPDF30           N1C1-      0.0008290990571158743 
13      LO    NNPDF30           N2C1-      0.3934032111949252 
13      LO    NNPDF30           N3C1-      2.8185583641555894e-05 # mass is shifted in the grid
13      LO    NNPDF30           N4C1-      1.8566678300628855e-05 # mass is shifted in the grid
13      LO    NNPDF30           N1C2+      0.00017271893770877118 # mass is shifted in the grid
13      LO    NNPDF30           N2C2+      4.1745259918152994e-05 # mass is shifted in the grid
13      LO    NNPDF30           N3C2+      0.003203199509463956 # mass is shifted in the grid
13      LO    NNPDF30           N4C2+      0.016312852614986578 # mass is shifted in the grid
13      LO    NNPDF30           N1C2-      5.786743895840753e-05 # mass is shifted in the grid
13      LO    NNPDF30           N2C2-      1.3711748262154572e-05 # mass is shifted in the grid
13      LO    NNPDF30           N3C2-      0.0011074562112569559 # mass is shifted in the grid
13      LO    NNPDF30           N4C2-      0.00548321629517229 # mass is shifted in the grid

SLHA file: /Users/rafalmaselek/Projects/CheckMateCalculations/UML/SLHA_FIX/cmssm_2171_1085_5_-1085_-1.slha
Input file: /Users/rafalmaselek/ScienceSoft/EWKfast_LO/input_default.dat
Sort: OFF 
Cut: -1 
Unit: fb 
ScaleVariation: OFF 

mC2 = 1546.95886 is out of range. |mC2| = 1500 was used.
mN3 = -1544.55828 is out of range. |mN3| = 1500 was used.
mN4 = 1545.32505 is out of range. |mN4| = 1500 was used.

-----------------------------------------------------------------------------------------------
!!! THERE IS MASS SHIFTING IN EWKfast --------------------------------------------------------
Energy  Precision  PDF  Process
13      LO    NNPDF30           C1C1       0.7183348367759019 
13      LO    NNPDF30           C1+C2-     8.18077841256012e-05 # mass is shifted in the grid
13      LO    NNPDF30           C1-C2+     8.180060793750784e-05 # mass is shifted in the grid
13      LO    NNPDF30           C2C2       0.013234606513118299 # mass is shifted in the grid
13      LO    NNPDF30           N1N1       0.011516063395678242 
13      LO    NNPDF30           N1N2       0.0013986692503945683 
13      LO    NNPDF30           N1N3       2.557304820403626e-05 # mass is shifted in the grid
13      LO    NNPDF30           N1N4       2.333869650109552e-05 # mass is shifted in the grid
13      LO    NNPDF30           N2N2       0.007849406674230812 
13      LO    NNPDF30           N2N3       4.605374993835223e-05 # mass is shifted in the grid
13      LO    NNPDF30           N2N4       1.9864299451730924e-05 # mass is shifted in the grid
13      LO    NNPDF30           N3N3       1.235593659342661e-09 # mass is shifted in the grid
13      LO    NNPDF30           N3N4       0.0022766728553501384 # mass is shifted in the grid
13      LO    NNPDF30           N4N4       1.4896520542489683e-08 # mass is shifted in the grid
13      LO    NNPDF30           N1C1+      0.0023665563837731744 
13      LO    NNPDF30           N2C1+      1.131889728454309  
13      LO    NNPDF30           N3C1+      8.524490840105044e-05 # mass is shifted in the grid
13      LO    NNPDF30           N4C1+      5.6461003541787035e-05 # mass is shifted in the grid
13      LO    NNPDF30           N1C1-      0.0008290990571158743 
13      LO    NNPDF30           N2C1-      0.3934032111949252 
13      LO    NNPDF30           N3C1-      2.8185583641555894e-05 # mass is shifted in the grid
13      LO    NNPDF30           N4C1-      1.8566678300628855e-05 # mass is shifted in the grid
13      LO    NNPDF30           N1C2+      0.00017271893770877118 # mass is shifted in the grid
13      LO    NNPDF30           N2C2+      4.1745259918152994e-05 # mass is shifted in the grid
13      LO    NNPDF30           N3C2+      0.003203199509463956 # mass is shifted in the grid
13      LO    NNPDF30           N4C2+      0.016312852614986578 # mass is shifted in the grid
13      LO    NNPDF30           N1C2-      5.786743895840753e-05 # mass is shifted in the grid
13      LO    NNPDF30           N2C2-      1.3711748262154572e-05 # mass is shifted in the grid
13      LO    NNPDF30           N3C2-      0.0011074562112569559 # mass is shifted in the grid
13      LO    NNPDF30           N4C2-      0.00548321629517229 # mass is shifted in the grid

SLHA file: /Users/rafalmaselek/Projects/CheckMateCalculations/UML/SLHA_FIX/cmssm_2171_1085_5_-1085_-1.slha
Input file: /Users/rafalmaselek/ScienceSoft/EWKfast_LO/input_default.dat
Sort: OFF 
Cut: -1 
Unit: fb 
ScaleVariation: OFF 

mC2 = 1546.95886 is out of range. |mC2| = 1500 was used.
mN3 = -1544.55828 is out of range. |mN3| = 1500 was used.
mN4 = 1545.32505 is out of range. |mN4| = 1500 was used.

-----------------------------------------------------------------------------------------------
!!! THERE IS MASS SHIFTING IN EWKfast --------------------------------------------------------
Energy  Precision  PDF  Process
13      LO    NNPDF30           C1C1       0.7183348367759019 
13      LO    NNPDF30           C1+C2-     8.18077841256012e-05 # mass is shifted in the grid
13      LO    NNPDF30           C1-C2+     8.180060793750784e-05 # mass is shifted in the grid
13      LO    NNPDF30           C2C2       0.013234606513118299 # mass is shifted in the grid
13      LO    NNPDF30           N1N1       0.011516063395678242 
13      LO    NNPDF30           N1N2       0.0013986692503945683 
13      LO    NNPDF30           N1N3       2.557304820403626e-05 # mass is shifted in the grid
13      LO    NNPDF30           N1N4       2.333869650109552e-05 # mass is shifted in the grid
13      LO    NNPDF30           N2N2       0.007849406674230812 
13      LO    NNPDF30           N2N3       4.605374993835223e-05 # mass is shifted in the grid
13      LO    NNPDF30           N2N4       1.9864299451730924e-05 # mass is shifted in the grid
13      LO    NNPDF30           N3N3       1.235593659342661e-09 # mass is shifted in the grid
13      LO    NNPDF30           N3N4       0.0022766728553501384 # mass is shifted in the grid
13      LO    NNPDF30           N4N4       1.4896520542489683e-08 # mass is shifted in the grid
13      LO    NNPDF30           N1C1+      0.0023665563837731744 
13      LO    NNPDF30           N2C1+      1.131889728454309  
13      LO    NNPDF30           N3C1+      8.524490840105044e-05 # mass is shifted in the grid
13      LO    NNPDF30           N4C1+      5.6461003541787035e-05 # mass is shifted in the grid
13      LO    NNPDF30           N1C1-      0.0008290990571158743 
13      LO    NNPDF30           N2C1-      0.3934032111949252 
13      LO    NNPDF30           N3C1-      2.8185583641555894e-05 # mass is shifted in the grid
13      LO    NNPDF30           N4C1-      1.8566678300628855e-05 # mass is shifted in the grid
13      LO    NNPDF30           N1C2+      0.00017271893770877118 # mass is shifted in the grid
13      LO    NNPDF30           N2C2+      4.1745259918152994e-05 # mass is shifted in the grid
13      LO    NNPDF30           N3C2+      0.003203199509463956 # mass is shifted in the grid
13      LO    NNPDF30           N4C2+      0.016312852614986578 # mass is shifted in the grid
13      LO    NNPDF30           N1C2-      5.786743895840753e-05 # mass is shifted in the grid
13      LO    NNPDF30           N2C2-      1.3711748262154572e-05 # mass is shifted in the grid
13      LO    NNPDF30           N3C2-      0.0011074562112569559 # mass is shifted in the grid
13      LO    NNPDF30           N4C2-      0.00548321629517229 # mass is shifted in the grid

SLHA file: /Users/rafalmaselek/Projects/CheckMateCalculations/UML/SLHA_FIX/cmssm_2171_1085_5_-1085_-1.slha
Input file: /Users/rafalmaselek/ScienceSoft/EWKfast_LO/input_default.dat
Sort: OFF 
Cut: -1 
Unit: fb 
ScaleVariation: OFF 

mC2 = 1546.95886 is out of range. |mC2| = 1500 was used.
mN3 = -1544.55828 is out of range. |mN3| = 1500 was used.
mN4 = 1545.32505 is out of range. |mN4| = 1500 was used.

-----------------------------------------------------------------------------------------------
!!! THERE IS MASS SHIFTING IN EWKfast --------------------------------------------------------
Energy  Precision  PDF  Process
13      LO    NNPDF30           C1C1       0.7183348367759019 
13      LO    NNPDF30           C1+C2-     8.18077841256012e-05 # mass is shifted in the grid
13      LO    NNPDF30           C1-C2+     8.180060793750784e-05 # mass is shifted in the grid
13      LO    NNPDF30           C2C2       0.013234606513118299 # mass is shifted in the grid
13      LO    NNPDF30           N1N1       0.011516063395678242 
13      LO    NNPDF30           N1N2       0.0013986692503945683 
13      LO    NNPDF30           N1N3       2.557304820403626e-05 # mass is shifted in the grid
13      LO    NNPDF30           N1N4       2.333869650109552e-05 # mass is shifted in the grid
13      LO    NNPDF30           N2N2       0.007849406674230812 
13      LO    NNPDF30           N2N3       4.605374993835223e-05 # mass is shifted in the grid
13      LO    NNPDF30           N2N4       1.9864299451730924e-05 # mass is shifted in the grid
13      LO    NNPDF30           N3N3       1.235593659342661e-09 # mass is shifted in the grid
13      LO    NNPDF30           N3N4       0.0022766728553501384 # mass is shifted in the grid
13      LO    NNPDF30           N4N4       1.4896520542489683e-08 # mass is shifted in the grid
13      LO    NNPDF30           N1C1+      0.0023665563837731744 
13      LO    NNPDF30           N2C1+      1.131889728454309  
13      LO    NNPDF30           N3C1+      8.524490840105044e-05 # mass is shifted in the grid
13      LO    NNPDF30           N4C1+      5.6461003541787035e-05 # mass is shifted in the grid
13      LO    NNPDF30           N1C1-      0.0008290990571158743 
13      LO    NNPDF30           N2C1-      0.3934032111949252 
13      LO    NNPDF30           N3C1-      2.8185583641555894e-05 # mass is shifted in the grid
13      LO    NNPDF30           N4C1-      1.8566678300628855e-05 # mass is shifted in the grid
13      LO    NNPDF30           N1C2+      0.00017271893770877118 # mass is shifted in the grid
13      LO    NNPDF30           N2C2+      4.1745259918152994e-05 # mass is shifted in the grid
13      LO    NNPDF30           N3C2+      0.003203199509463956 # mass is shifted in the grid
13      LO    NNPDF30           N4C2+      0.016312852614986578 # mass is shifted in the grid
13      LO    NNPDF30           N1C2-      5.786743895840753e-05 # mass is shifted in the grid
13      LO    NNPDF30           N2C2-      1.3711748262154572e-05 # mass is shifted in the grid
13      LO    NNPDF30           N3C2-      0.0011074562112569559 # mass is shifted in the grid
13      LO    NNPDF30           N4C2-      0.00548321629517229 # mass is shifted in the grid

SLHA file: /Users/rafalmaselek/Projects/CheckMateCalculations/UML/SLHA_FIX/cmssm_2171_1085_5_-1085_-1.slha
Input file: /Users/rafalmaselek/ScienceSoft/EWKfast_LO/input_default.dat
Sort: OFF 
Cut: -1 
Unit: fb 
ScaleVariation: OFF 

mC2 = 1546.95886 is out of range. |mC2| = 1500 was used.
mN3 = -1544.55828 is out of range. |mN3| = 1500 was used.
mN4 = 1545.32505 is out of range. |mN4| = 1500 was used.

-----------------------------------------------------------------------------------------------
!!! THERE IS MASS SHIFTING IN EWKfast --------------------------------------------------------
Energy  Precision  PDF  Process
13      LO    NNPDF30           C1C1       0.7183348367759019 
13      LO    NNPDF30           C1+C2-     8.18077841256012e-05 # mass is shifted in the grid
13      LO    NNPDF30           C1-C2+     8.180060793750784e-05 # mass is shifted in the grid
13      LO    NNPDF30           C2C2       0.013234606513118299 # mass is shifted in the grid
13      LO    NNPDF30           N1N1       0.011516063395678242 
13      LO    NNPDF30           N1N2       0.0013986692503945683 
13      LO    NNPDF30           N1N3       2.557304820403626e-05 # mass is shifted in the grid
13      LO    NNPDF30           N1N4       2.333869650109552e-05 # mass is shifted in the grid
13      LO    NNPDF30           N2N2       0.007849406674230812 
13      LO    NNPDF30           N2N3       4.605374993835223e-05 # mass is shifted in the grid
13      LO    NNPDF30           N2N4       1.9864299451730924e-05 # mass is shifted in the grid
13      LO    NNPDF30           N3N3       1.235593659342661e-09 # mass is shifted in the grid
13      LO    NNPDF30           N3N4       0.0022766728553501384 # mass is shifted in the grid
13      LO    NNPDF30           N4N4       1.4896520542489683e-08 # mass is shifted in the grid
13      LO    NNPDF30           N1C1+      0.0023665563837731744 
13      LO    NNPDF30           N2C1+      1.131889728454309  
13      LO    NNPDF30           N3C1+      8.524490840105044e-05 # mass is shifted in the grid
13      LO    NNPDF30           N4C1+      5.6461003541787035e-05 # mass is shifted in the grid
13      LO    NNPDF30           N1C1-      0.0008290990571158743 
13      LO    NNPDF30           N2C1-      0.3934032111949252 
13      LO    NNPDF30           N3C1-      2.8185583641555894e-05 # mass is shifted in the grid
13      LO    NNPDF30           N4C1-      1.8566678300628855e-05 # mass is shifted in the grid
13      LO    NNPDF30           N1C2+      0.00017271893770877118 # mass is shifted in the grid
13      LO    NNPDF30           N2C2+      4.1745259918152994e-05 # mass is shifted in the grid
13      LO    NNPDF30           N3C2+      0.003203199509463956 # mass is shifted in the grid
13      LO    NNPDF30           N4C2+      0.016312852614986578 # mass is shifted in the grid
13      LO    NNPDF30           N1C2-      5.786743895840753e-05 # mass is shifted in the grid
13      LO    NNPDF30           N2C2-      1.3711748262154572e-05 # mass is shifted in the grid
13      LO    NNPDF30           N3C2-      0.0011074562112569559 # mass is shifted in the grid
13      LO    NNPDF30           N4C2-      0.00548321629517229 # mass is shifted in the grid

SLHA file: /Users/rafalmaselek/Projects/CheckMateCalculations/UML/SLHA_FIX/cmssm_2171_1085_5_-1085_-1.slha
Input file: /Users/rafalmaselek/ScienceSoft/EWKfast_LO/input_default.dat
Sort: OFF 
Cut: -1 
Unit: fb 
ScaleVariation: OFF 

mC2 = 1546.95886 is out of range. |mC2| = 1500 was used.
mN3 = -1544.55828 is out of range. |mN3| = 1500 was used.
mN4 = 1545.32505 is out of range. |mN4| = 1500 was used.

-----------------------------------------------------------------------------------------------
!!! THERE IS MASS SHIFTING IN EWKfast --------------------------------------------------------
Energy  Precision  PDF  Process
13      LO    NNPDF30           C1C1       0.7183348367759019 
13      LO    NNPDF30           C1+C2-     8.18077841256012e-05 # mass is shifted in the grid
13      LO    NNPDF30           C1-C2+     8.180060793750784e-05 # mass is shifted in the grid
13      LO    NNPDF30           C2C2       0.013234606513118299 # mass is shifted in the grid
13      LO    NNPDF30           N1N1       0.011516063395678242 
13      LO    NNPDF30           N1N2       0.0013986692503945683 
13      LO    NNPDF30           N1N3       2.557304820403626e-05 # mass is shifted in the grid
13      LO    NNPDF30           N1N4       2.333869650109552e-05 # mass is shifted in the grid
13      LO    NNPDF30           N2N2       0.007849406674230812 
13      LO    NNPDF30           N2N3       4.605374993835223e-05 # mass is shifted in the grid
13      LO    NNPDF30           N2N4       1.9864299451730924e-05 # mass is shifted in the grid
13      LO    NNPDF30           N3N3       1.235593659342661e-09 # mass is shifted in the grid
13      LO    NNPDF30           N3N4       0.0022766728553501384 # mass is shifted in the grid
13      LO    NNPDF30           N4N4       1.4896520542489683e-08 # mass is shifted in the grid
13      LO    NNPDF30           N1C1+      0.0023665563837731744 
13      LO    NNPDF30           N2C1+      1.131889728454309  
13      LO    NNPDF30           N3C1+      8.524490840105044e-05 # mass is shifted in the grid
13      LO    NNPDF30           N4C1+      5.6461003541787035e-05 # mass is shifted in the grid
13      LO    NNPDF30           N1C1-      0.0008290990571158743 
13      LO    NNPDF30           N2C1-      0.3934032111949252 
13      LO    NNPDF30           N3C1-      2.8185583641555894e-05 # mass is shifted in the grid
13      LO    NNPDF30           N4C1-      1.8566678300628855e-05 # mass is shifted in the grid
13      LO    NNPDF30           N1C2+      0.00017271893770877118 # mass is shifted in the grid
13      LO    NNPDF30           N2C2+      4.1745259918152994e-05 # mass is shifted in the grid
13      LO    NNPDF30           N3C2+      0.003203199509463956 # mass is shifted in the grid
13      LO    NNPDF30           N4C2+      0.016312852614986578 # mass is shifted in the grid
13      LO    NNPDF30           N1C2-      5.786743895840753e-05 # mass is shifted in the grid
13      LO    NNPDF30           N2C2-      1.3711748262154572e-05 # mass is shifted in the grid
13      LO    NNPDF30           N3C2-      0.0011074562112569559 # mass is shifted in the grid
13      LO    NNPDF30           N4C2-      0.00548321629517229 # mass is shifted in the grid

SLHA file: /Users/rafalmaselek/Projects/CheckMateCalculations/UML/SLHA_FIX/cmssm_2171_1085_5_-1085_-1.slha
Input file: /Users/rafalmaselek/ScienceSoft/EWKfast_LO/input_default.dat
Sort: OFF 
Cut: -1 
Unit: fb 
ScaleVariation: OFF 

mC2 = 1546.95886 is out of range. |mC2| = 1500 was used.
mN3 = -1544.55828 is out of range. |mN3| = 1500 was used.
mN4 = 1545.32505 is out of range. |mN4| = 1500 was used.

-----------------------------------------------------------------------------------------------
!!! THERE IS MASS SHIFTING IN EWKfast --------------------------------------------------------
Energy  Precision  PDF  Process
13      LO    NNPDF30           C1C1       0.7183348367759019 
13      LO    NNPDF30           C1+C2-     8.18077841256012e-05 # mass is shifted in the grid
13      LO    NNPDF30           C1-C2+     8.180060793750784e-05 # mass is shifted in the grid
13      LO    NNPDF30           C2C2       0.013234606513118299 # mass is shifted in the grid
13      LO    NNPDF30           N1N1       0.011516063395678242 
13      LO    NNPDF30           N1N2       0.0013986692503945683 
13      LO    NNPDF30           N1N3       2.557304820403626e-05 # mass is shifted in the grid
13      LO    NNPDF30           N1N4       2.333869650109552e-05 # mass is shifted in the grid
13      LO    NNPDF30           N2N2       0.007849406674230812 
13      LO    NNPDF30           N2N3       4.605374993835223e-05 # mass is shifted in the grid
13      LO    NNPDF30           N2N4       1.9864299451730924e-05 # mass is shifted in the grid
13      LO    NNPDF30           N3N3       1.235593659342661e-09 # mass is shifted in the grid
13      LO    NNPDF30           N3N4       0.0022766728553501384 # mass is shifted in the grid
13      LO    NNPDF30           N4N4       1.4896520542489683e-08 # mass is shifted in the grid
13      LO    NNPDF30           N1C1+      0.0023665563837731744 
13      LO    NNPDF30           N2C1+      1.131889728454309  
13      LO    NNPDF30           N3C1+      8.524490840105044e-05 # mass is shifted in the grid
13      LO    NNPDF30           N4C1+      5.6461003541787035e-05 # mass is shifted in the grid
13      LO    NNPDF30           N1C1-      0.0008290990571158743 
13      LO    NNPDF30           N2C1-      0.3934032111949252 
13      LO    NNPDF30           N3C1-      2.8185583641555894e-05 # mass is shifted in the grid
13      LO    NNPDF30           N4C1-      1.8566678300628855e-05 # mass is shifted in the grid
13      LO    NNPDF30           N1C2+      0.00017271893770877118 # mass is shifted in the grid
13      LO    NNPDF30           N2C2+      4.1745259918152994e-05 # mass is shifted in the grid
13      LO    NNPDF30           N3C2+      0.003203199509463956 # mass is shifted in the grid
13      LO    NNPDF30           N4C2+      0.016312852614986578 # mass is shifted in the grid
13      LO    NNPDF30           N1C2-      5.786743895840753e-05 # mass is shifted in the grid
13      LO    NNPDF30           N2C2-      1.3711748262154572e-05 # mass is shifted in the grid
13      LO    NNPDF30           N3C2-      0.0011074562112569559 # mass is shifted in the grid
13      LO    NNPDF30           N4C2-      0.00548321629517229 # mass is shifted in the grid

SLHA file: /Users/rafalmaselek/Projects/CheckMateCalculations/UML/SLHA_FIX/cmssm_2171_1085_5_-1085_-1.slha
Input file: /Users/rafalmaselek/ScienceSoft/EWKfast_LO/input_default.dat
Sort: OFF 
Cut: -1 
Unit: fb 
ScaleVariation: OFF 

mC2 = 1546.95886 is out of range. |mC2| = 1500 was used.
mN3 = -1544.55828 is out of range. |mN3| = 1500 was used.
mN4 = 1545.32505 is out of range. |mN4| = 1500 was used.

-----------------------------------------------------------------------------------------------
!!! THERE IS MASS SHIFTING IN EWKfast --------------------------------------------------------
Energy  Precision  PDF  Process
13      LO    NNPDF30           C1C1       0.7183348367759019 
13      LO    NNPDF30           C1+C2-     8.18077841256012e-05 # mass is shifted in the grid
13      LO    NNPDF30           C1-C2+     8.180060793750784e-05 # mass is shifted in the grid
13      LO    NNPDF30           C2C2       0.013234606513118299 # mass is shifted in the grid
13      LO    NNPDF30           N1N1       0.011516063395678242 
13      LO    NNPDF30           N1N2       0.0013986692503945683 
13      LO    NNPDF30           N1N3       2.557304820403626e-05 # mass is shifted in the grid
13      LO    NNPDF30           N1N4       2.333869650109552e-05 # mass is shifted in the grid
13      LO    NNPDF30           N2N2       0.007849406674230812 
13      LO    NNPDF30           N2N3       4.605374993835223e-05 # mass is shifted in the grid
13      LO    NNPDF30           N2N4       1.9864299451730924e-05 # mass is shifted in the grid
13      LO    NNPDF30           N3N3       1.235593659342661e-09 # mass is shifted in the grid
13      LO    NNPDF30           N3N4       0.0022766728553501384 # mass is shifted in the grid
13      LO    NNPDF30           N4N4       1.4896520542489683e-08 # mass is shifted in the grid
13      LO    NNPDF30           N1C1+      0.0023665563837731744 
13      LO    NNPDF30           N2C1+      1.131889728454309  
13      LO    NNPDF30           N3C1+      8.524490840105044e-05 # mass is shifted in the grid
13      LO    NNPDF30           N4C1+      5.6461003541787035e-05 # mass is shifted in the grid
13      LO    NNPDF30           N1C1-      0.0008290990571158743 
13      LO    NNPDF30           N2C1-      0.3934032111949252 
13      LO    NNPDF30           N3C1-      2.8185583641555894e-05 # mass is shifted in the grid
13      LO    NNPDF30           N4C1-      1.8566678300628855e-05 # mass is shifted in the grid
13      LO    NNPDF30           N1C2+      0.00017271893770877118 # mass is shifted in the grid
13      LO    NNPDF30           N2C2+      4.1745259918152994e-05 # mass is shifted in the grid
13      LO    NNPDF30           N3C2+      0.003203199509463956 # mass is shifted in the grid
13      LO    NNPDF30           N4C2+      0.016312852614986578 # mass is shifted in the grid
13      LO    NNPDF30           N1C2-      5.786743895840753e-05 # mass is shifted in the grid
13      LO    NNPDF30           N2C2-      1.3711748262154572e-05 # mass is shifted in the grid
13      LO    NNPDF30           N3C2-      0.0011074562112569559 # mass is shifted in the grid
13      LO    NNPDF30           N4C2-      0.00548321629517229 # mass is shifted in the grid

SLHA file: /Users/rafalmaselek/Projects/CheckMateCalculations/UML/SLHA_FIX/cmssm_2171_1085_5_-1085_-1.slha
Input file: /Users/rafalmaselek/ScienceSoft/EWKfast_LO/input_default.dat
Sort: OFF 
Cut: -1 
Unit: fb 
ScaleVariation: OFF 

mC2 = 1546.95886 is out of range. |mC2| = 1500 was used.
mN3 = -1544.55828 is out of range. |mN3| = 1500 was used.
mN4 = 1545.32505 is out of range. |mN4| = 1500 was used.

-----------------------------------------------------------------------------------------------
!!! THERE IS MASS SHIFTING IN EWKfast --------------------------------------------------------
Energy  Precision  PDF  Process
13      LO    NNPDF30           C1C1       0.7183348367759019 
13      LO    NNPDF30           C1+C2-     8.18077841256012e-05 # mass is shifted in the grid
13      LO    NNPDF30           C1-C2+     8.180060793750784e-05 # mass is shifted in the grid
13      LO    NNPDF30           C2C2       0.013234606513118299 # mass is shifted in the grid
13      LO    NNPDF30           N1N1       0.011516063395678242 
13      LO    NNPDF30           N1N2       0.0013986692503945683 
13      LO    NNPDF30           N1N3       2.557304820403626e-05 # mass is shifted in the grid
13      LO    NNPDF30           N1N4       2.333869650109552e-05 # mass is shifted in the grid
13      LO    NNPDF30           N2N2       0.007849406674230812 
13      LO    NNPDF30           N2N3       4.605374993835223e-05 # mass is shifted in the grid
13      LO    NNPDF30           N2N4       1.9864299451730924e-05 # mass is shifted in the grid
13      LO    NNPDF30           N3N3       1.235593659342661e-09 # mass is shifted in the grid
13      LO    NNPDF30           N3N4       0.0022766728553501384 # mass is shifted in the grid
13      LO    NNPDF30           N4N4       1.4896520542489683e-08 # mass is shifted in the grid
13      LO    NNPDF30           N1C1+      0.0023665563837731744 
13      LO    NNPDF30           N2C1+      1.131889728454309  
13      LO    NNPDF30           N3C1+      8.524490840105044e-05 # mass is shifted in the grid
13      LO    NNPDF30           N4C1+      5.6461003541787035e-05 # mass is shifted in the grid
13      LO    NNPDF30           N1C1-      0.0008290990571158743 
13      LO    NNPDF30           N2C1-      0.3934032111949252 
13      LO    NNPDF30           N3C1-      2.8185583641555894e-05 # mass is shifted in the grid
13      LO    NNPDF30           N4C1-      1.8566678300628855e-05 # mass is shifted in the grid
13      LO    NNPDF30           N1C2+      0.00017271893770877118 # mass is shifted in the grid
13      LO    NNPDF30           N2C2+      4.1745259918152994e-05 # mass is shifted in the grid
13      LO    NNPDF30           N3C2+      0.003203199509463956 # mass is shifted in the grid
13      LO    NNPDF30           N4C2+      0.016312852614986578 # mass is shifted in the grid
13      LO    NNPDF30           N1C2-      5.786743895840753e-05 # mass is shifted in the grid
13      LO    NNPDF30           N2C2-      1.3711748262154572e-05 # mass is shifted in the grid
13      LO    NNPDF30           N3C2-      0.0011074562112569559 # mass is shifted in the grid
13      LO    NNPDF30           N4C2-      0.00548321629517229 # mass is shifted in the grid

SLHA file: /Users/rafalmaselek/Projects/CheckMateCalculations/UML/SLHA_FIX/cmssm_2171_1085_5_-1085_-1.slha
Input file: /Users/rafalmaselek/ScienceSoft/EWKfast_LO/input_default.dat
Sort: OFF 
Cut: -1 
Unit: fb 
ScaleVariation: OFF 

mC2 = 1546.95886 is out of range. |mC2| = 1500 was used.
mN3 = -1544.55828 is out of range. |mN3| = 1500 was used.
mN4 = 1545.32505 is out of range. |mN4| = 1500 was used.

-----------------------------------------------------------------------------------------------
---------------  Output inclusive processes  ---------------
The total xsec = 2563.05 [fb]
The total rate = 100.00%
Output upto 0.10%
                  Modes : xsec/fb      (rate)
            C1wN1_N2zN1 : 1316.5150915 (51.37)%
            C1wN1_C1wN1 : 718.3348368 (28.03)%
            C1wN1_N2hN1 : 208.7778481 (8.15)%
                  N1_N1 : 11.5160634 (0.45)%
            N2zN1_N2zN1 : 5.8476584 (0.23)%
      C2hC1wN1_N4wC1wN1 : 3.7207195 (0.15)%
      C2zC1wN1_N4wC1wN1 : 3.3622175 (0.13)%
               C1wN1_N1 : 3.1956554 (0.12)%
QqC1wN1_QqGtT1tN3wC1wN1 : 2.8698692 (0.11)%
      C2wN2zN1_N4wC1wN1 : 2.8370538 (0.11)%
  GtT1tN3wC1wN1_QqC1wN1 : 2.8105218 (0.11)%
QqC1wN1_QqGtT1bC2hC1wN1 : 2.7679367 (0.11)%
  GtT1bC2hC1wN1_QqC1wN1 : 2.7106972 (0.11)%
        QqC1wN1_QqC1wN1 : 2.6790716 (0.10)%
QqC1wN1_QqGtT1bC2zC1wN1 : 2.5012381 (0.10)%
------------------------------------------------------------
                                      SUM=89.36%

SHOWING PROCESSES TO GET 90.00% SUSY COVERAGE
---------------  Output inclusive processes  ---------------
The total xsec = 2563.05 [fb]
The total rate = 100.00%
                  Modes : xsec/fb      (rate)
            C1wN1_N2zN1 : 1316.5150915 (51.37)%
            C1wN1_C1wN1 : 718.3348368 (28.03)%
            C1wN1_N2hN1 : 208.7778481 (8.15)%
                  N1_N1 : 11.5160634 (0.45)%
            N2zN1_N2zN1 : 5.8476584 (0.23)%
      C2hC1wN1_N4wC1wN1 : 3.7207195 (0.15)%
      C2zC1wN1_N4wC1wN1 : 3.3622175 (0.13)%
               C1wN1_N1 : 3.1956554 (0.12)%
QqC1wN1_QqGtT1tN3wC1wN1 : 2.8698692 (0.11)%
      C2wN2zN1_N4wC1wN1 : 2.8370538 (0.11)%
  GtT1tN3wC1wN1_QqC1wN1 : 2.8105218 (0.11)%
QqC1wN1_QqGtT1bC2hC1wN1 : 2.7679367 (0.11)%
  GtT1bC2hC1wN1_QqC1wN1 : 2.7106972 (0.11)%
        QqC1wN1_QqC1wN1 : 2.6790716 (0.10)%
QqC1wN1_QqGtT1bC2zC1wN1 : 2.5012381 (0.10)%
  GtT1bC2zC1wN1_QqC1wN1 : 2.4495138 (0.10)%
      QqC1wN1_QqGtT1tN1 : 2.3476866 (0.09)%
        QqC1wN1_QqN2zN1 : 2.3192028 (0.09)%
      C2hC1wN1_C2zC1wN1 : 2.3140103 (0.09)%
        GtT1tN1_QqC1wN1 : 2.2991377 (0.09)%
QqC1wN1_QqGtT1bC2wN2zN1 : 2.1105556 (0.08)%
  GtT1bC2wN2zN1_QqC1wN1 : 2.0669104 (0.08)%
QqC1wN1_QqGtT1tN4wC1wN1 : 1.9734496 (0.08)%
------------------------------------------------------------
                                      SUM=90.06%
