/Users/rafalmaselek/Projects/fastlim-1.0
 
#################################################################
#                                                               #
#                                                               #
#                     This is Fastlim  ver. 1.0                 #
#                                                               #
#          A fast LHC limit calculator for BSM models.          #
#                                                               #
#                  http://cern.ch/fastlim-1.0/                  #
#                                                               #
#  for bugs/feature requests: fastlim-1.0.developers@gmail.com  #
#                                                               #
#    please refer to:                                           #
#    M.Papucci, K.Sakurai, A.Weiler, L.Zeune arXiv:1402.xxxx    #
#                                                               #
#################################################################
 

!! Masses incompatible with the data for ERER !!

!! Problem with reading tables for ER ER !! Probably mass outside the table !! Setting xsec to 10^-20 !!

!! Masses incompatible with the data for ELEL !!

!! Problem with reading tables for EL EL !! Probably mass outside the table !! Setting xsec to 10^-20 !!

!! Masses incompatible with the data for TAU1TAU1 !!

!! Problem with reading tables for TAU1 TAU1 !! Probably mass outside the table !! Setting xsec to 10^-20 !!

!! Masses incompatible with the data for TAU2TAU2 !!

!! Problem with reading tables for TAU2 TAU2 !! Probably mass outside the table !! Setting xsec to 10^-20 !!
!! EWK PROCESS C1C2 NOT FOUND !! WILL TRY TO LOOK FOR +/- MODES !!
XSEC FOUND FOR: C1-C2+
XSEC FOUND FOR: C1+C2-
!! EWK PROCESS C1N1 NOT FOUND !! WILL TRY TO LOOK FOR +/- MODES !!
XSEC FOUND FOR: C1+N1
XSEC FOUND FOR: C1-N1
!! EWK PROCESS C1N2 NOT FOUND !! WILL TRY TO LOOK FOR +/- MODES !!
XSEC FOUND FOR: C1+N2
XSEC FOUND FOR: C1-N2
!! EWK PROCESS C1N3 NOT FOUND !! WILL TRY TO LOOK FOR +/- MODES !!
XSEC FOUND FOR: C1+N3
XSEC FOUND FOR: C1-N3
!! EWK PROCESS C1N4 NOT FOUND !! WILL TRY TO LOOK FOR +/- MODES !!
XSEC FOUND FOR: C1+N4
XSEC FOUND FOR: C1-N4
!! EWK PROCESS C2N1 NOT FOUND !! WILL TRY TO LOOK FOR +/- MODES !!
XSEC FOUND FOR: C2+N1
XSEC FOUND FOR: C2-N1
!! EWK PROCESS C2N2 NOT FOUND !! WILL TRY TO LOOK FOR +/- MODES !!
XSEC FOUND FOR: C2+N2
XSEC FOUND FOR: C2-N2
!! EWK PROCESS C2N3 NOT FOUND !! WILL TRY TO LOOK FOR +/- MODES !!
XSEC FOUND FOR: C2+N3
XSEC FOUND FOR: C2-N3
!! EWK PROCESS C2N4 NOT FOUND !! WILL TRY TO LOOK FOR +/- MODES !!
XSEC FOUND FOR: C2+N4
XSEC FOUND FOR: C2-N4
---------------  Output inclusive processes  ---------------
The total xsec = 11383.30 [fb]
The total rate = 100.00%
Output upto 0.10%
                          Modes : xsec/fb      (rate)
                    C1wN1_N2hN1 : 5650.7171509 (49.64)%
                    C1wN1_C1wN1 : 2834.7986061 (24.90)%
                    C1wN1_N2zN1 : 150.6191649 (1.32)%
                          N1_N1 : 30.6478751 (0.27)%
                    N2hN1_N2hN1 : 27.6085901 (0.24)%
          GtT1tN3wC1wN1_QqC1wN1 : 22.9640537 (0.20)%
        QqC1wN1_QqGtT1tN3wC1wN1 : 19.5149024 (0.17)%
          GtT1bC2hC1wN1_QqC1wN1 : 19.2695553 (0.17)%
             GtT1bC1wN1_QqC1wN1 : 18.1718271 (0.16)%
    GtT1bC2hC1wN1_GtT1tN3wC1wN1 : 17.9655987 (0.16)%
          GtT1bC2zC1wN1_QqC1wN1 : 17.8387272 (0.16)%
  GtT1tN3wC1wN1_QqGtT1tN3wC1wN1 : 17.3052407 (0.15)%
          GtT1bC2wN2hN1_QqC1wN1 : 17.2748210 (0.15)%
       GtT1bC1wN1_GtT1tN3wC1wN1 : 16.9421529 (0.15)%
    GtT1bC2zC1wN1_GtT1tN3wC1wN1 : 16.6315936 (0.15)%
        QqC1wN1_QqGtT1bC2hC1wN1 : 16.3753097 (0.14)%
    GtT1bC2wN2hN1_GtT1tN3wC1wN1 : 16.1058466 (0.14)%
           QqC1wN1_QqGtT1bC1wN1 : 15.4424579 (0.14)%
                GtT1tN1_QqC1wN1 : 15.2438119 (0.13)%
              C2hC1wN1_N3wC1wN1 : 15.1841726 (0.13)%
        QqC1wN1_QqGtT1bC2zC1wN1 : 15.1593888 (0.13)%
              C2hC1wN1_N4wC1wN1 : 14.6960504 (0.13)%
        QqC1wN1_QqGtT1bC2wN2hN1 : 14.6801802 (0.13)%
  GtT1tN3wC1wN1_QqGtT1bC2hC1wN1 : 14.5211424 (0.13)%
  GtT1bC2hC1wN1_QqGtT1tN3wC1wN1 : 14.5211424 (0.13)%
       GtT1bC1wN1_GtT1bC2hC1wN1 : 14.2164688 (0.12)%
          GtT1tN1_GtT1tN3wC1wN1 : 14.2122744 (0.12)%
              C2zC1wN1_N3wC1wN1 : 14.0566976 (0.12)%
    GtT1bC2hC1wN1_GtT1bC2zC1wN1 : 13.9558728 (0.12)%
     GtT1bC1wN1_QqGtT1tN3wC1wN1 : 13.6939169 (0.12)%
     GtT1tN3wC1wN1_QqGtT1bC1wN1 : 13.6939169 (0.12)%
              C2wN2hN1_N3wC1wN1 : 13.6123465 (0.12)%
              C2zC1wN1_N4wC1wN1 : 13.6048201 (0.12)%
    GtT1bC2hC1wN1_GtT1bC2wN2hN1 : 13.5147089 (0.12)%
  GtT1tN3wC1wN1_QqGtT1bC2zC1wN1 : 13.4428996 (0.12)%
  GtT1bC2zC1wN1_QqGtT1tN3wC1wN1 : 13.4428996 (0.12)%
              C2wN2hN1_N4wC1wN1 : 13.1747534 (0.12)%
       GtT1bC1wN1_GtT1bC2zC1wN1 : 13.1608490 (0.12)%
  GtT1tN3wC1wN1_QqGtT1bC2wN2hN1 : 13.0179514 (0.11)%
  GtT1bC2wN2hN1_QqGtT1tN3wC1wN1 : 13.0179514 (0.11)%
              QqC1wN1_QqGtT1tN1 : 12.9542243 (0.11)%
                QqC1wN1_QqC1wN1 : 12.9481373 (0.11)%
          GtT1tN4wC1wN1_QqC1wN1 : 12.7716221 (0.11)%
       GtT1bC1wN1_GtT1bC2wN2hN1 : 12.7448169 (0.11)%
              N3wC1wN1_N4wC1wN1 : 12.6995692 (0.11)%
                QqC1wN1_QqN2hN1 : 12.6180683 (0.11)%
    GtT1bC2wN2hN1_GtT1bC2zC1wN1 : 12.5111971 (0.11)%
QqGtT1bC2hC1wN1_QqGtT1tN3wC1wN1 : 12.3400981 (0.11)%
  GtT1bC2hC1wN1_QqGtT1bC2hC1wN1 : 12.1849548 (0.11)%
          GtT1bC2hC1wN1_GtT1tN1 : 11.9257780 (0.10)%
    GtT1tN3wC1wN1_GtT1tN4wC1wN1 : 11.9073758 (0.10)%
                       C1wN1_N1 : 11.7869949 (0.10)%
   QqGtT1bC1wN1_QqGtT1tN3wC1wN1 : 11.6371201 (0.10)%
     GtT1bC1wN1_QqGtT1bC2hC1wN1 : 11.4908148 (0.10)%
     GtT1bC2hC1wN1_QqGtT1bC1wN1 : 11.4908148 (0.10)%
        GtT1tN3wC1wN1_QqGtT1tN1 : 11.4874246 (0.10)%
        GtT1tN1_QqGtT1tN3wC1wN1 : 11.4874246 (0.10)%
QqGtT1bC2zC1wN1_QqGtT1tN3wC1wN1 : 11.4238051 (0.10)%
  GtT1bC2zC1wN1_QqGtT1bC2hC1wN1 : 11.2801816 (0.10)%
------------------------------------------------------------
                                              SUM=83.14%

SHOWING PROCESSES TO GET 90.00% SUSY COVERAGE
---------------  Output inclusive processes  ---------------
The total xsec = 11383.30 [fb]
The total rate = 100.00%
                          Modes : xsec/fb      (rate)
                    C1wN1_N2hN1 : 5650.7171509 (49.64)%
                    C1wN1_C1wN1 : 2834.7986061 (24.90)%
                    C1wN1_N2zN1 : 150.6191649 (1.32)%
                          N1_N1 : 30.6478751 (0.27)%
                    N2hN1_N2hN1 : 27.6085901 (0.24)%
          GtT1tN3wC1wN1_QqC1wN1 : 22.9640537 (0.20)%
        QqC1wN1_QqGtT1tN3wC1wN1 : 19.5149024 (0.17)%
          GtT1bC2hC1wN1_QqC1wN1 : 19.2695553 (0.17)%
             GtT1bC1wN1_QqC1wN1 : 18.1718271 (0.16)%
    GtT1bC2hC1wN1_GtT1tN3wC1wN1 : 17.9655987 (0.16)%
          GtT1bC2zC1wN1_QqC1wN1 : 17.8387272 (0.16)%
  GtT1tN3wC1wN1_QqGtT1tN3wC1wN1 : 17.3052407 (0.15)%
          GtT1bC2wN2hN1_QqC1wN1 : 17.2748210 (0.15)%
       GtT1bC1wN1_GtT1tN3wC1wN1 : 16.9421529 (0.15)%
    GtT1bC2zC1wN1_GtT1tN3wC1wN1 : 16.6315936 (0.15)%
        QqC1wN1_QqGtT1bC2hC1wN1 : 16.3753097 (0.14)%
    GtT1bC2wN2hN1_GtT1tN3wC1wN1 : 16.1058466 (0.14)%
           QqC1wN1_QqGtT1bC1wN1 : 15.4424579 (0.14)%
                GtT1tN1_QqC1wN1 : 15.2438119 (0.13)%
              C2hC1wN1_N3wC1wN1 : 15.1841726 (0.13)%
        QqC1wN1_QqGtT1bC2zC1wN1 : 15.1593888 (0.13)%
              C2hC1wN1_N4wC1wN1 : 14.6960504 (0.13)%
        QqC1wN1_QqGtT1bC2wN2hN1 : 14.6801802 (0.13)%
  GtT1tN3wC1wN1_QqGtT1bC2hC1wN1 : 14.5211424 (0.13)%
  GtT1bC2hC1wN1_QqGtT1tN3wC1wN1 : 14.5211424 (0.13)%
       GtT1bC1wN1_GtT1bC2hC1wN1 : 14.2164688 (0.12)%
          GtT1tN1_GtT1tN3wC1wN1 : 14.2122744 (0.12)%
              C2zC1wN1_N3wC1wN1 : 14.0566976 (0.12)%
    GtT1bC2hC1wN1_GtT1bC2zC1wN1 : 13.9558728 (0.12)%
     GtT1bC1wN1_QqGtT1tN3wC1wN1 : 13.6939169 (0.12)%
     GtT1tN3wC1wN1_QqGtT1bC1wN1 : 13.6939169 (0.12)%
              C2wN2hN1_N3wC1wN1 : 13.6123465 (0.12)%
              C2zC1wN1_N4wC1wN1 : 13.6048201 (0.12)%
    GtT1bC2hC1wN1_GtT1bC2wN2hN1 : 13.5147089 (0.12)%
  GtT1tN3wC1wN1_QqGtT1bC2zC1wN1 : 13.4428996 (0.12)%
  GtT1bC2zC1wN1_QqGtT1tN3wC1wN1 : 13.4428996 (0.12)%
              C2wN2hN1_N4wC1wN1 : 13.1747534 (0.12)%
       GtT1bC1wN1_GtT1bC2zC1wN1 : 13.1608490 (0.12)%
  GtT1tN3wC1wN1_QqGtT1bC2wN2hN1 : 13.0179514 (0.11)%
  GtT1bC2wN2hN1_QqGtT1tN3wC1wN1 : 13.0179514 (0.11)%
              QqC1wN1_QqGtT1tN1 : 12.9542243 (0.11)%
                QqC1wN1_QqC1wN1 : 12.9481373 (0.11)%
          GtT1tN4wC1wN1_QqC1wN1 : 12.7716221 (0.11)%
       GtT1bC1wN1_GtT1bC2wN2hN1 : 12.7448169 (0.11)%
              N3wC1wN1_N4wC1wN1 : 12.6995692 (0.11)%
                QqC1wN1_QqN2hN1 : 12.6180683 (0.11)%
    GtT1bC2wN2hN1_GtT1bC2zC1wN1 : 12.5111971 (0.11)%
QqGtT1bC2hC1wN1_QqGtT1tN3wC1wN1 : 12.3400981 (0.11)%
  GtT1bC2hC1wN1_QqGtT1bC2hC1wN1 : 12.1849548 (0.11)%
          GtT1bC2hC1wN1_GtT1tN1 : 11.9257780 (0.10)%
    GtT1tN3wC1wN1_GtT1tN4wC1wN1 : 11.9073758 (0.10)%
                       C1wN1_N1 : 11.7869949 (0.10)%
   QqGtT1bC1wN1_QqGtT1tN3wC1wN1 : 11.6371201 (0.10)%
     GtT1bC1wN1_QqGtT1bC2hC1wN1 : 11.4908148 (0.10)%
     GtT1bC2hC1wN1_QqGtT1bC1wN1 : 11.4908148 (0.10)%
        GtT1tN3wC1wN1_QqGtT1tN1 : 11.4874246 (0.10)%
        GtT1tN1_QqGtT1tN3wC1wN1 : 11.4874246 (0.10)%
QqGtT1bC2zC1wN1_QqGtT1tN3wC1wN1 : 11.4238051 (0.10)%
  GtT1bC2zC1wN1_QqGtT1bC2hC1wN1 : 11.2801816 (0.10)%
  GtT1bC2hC1wN1_QqGtT1bC2zC1wN1 : 11.2801816 (0.10)%
             GtT1bC1wN1_GtT1tN1 : 11.2464025 (0.10)%
          GtT1tN3wC1wN1_QqN2hN1 : 11.1893314 (0.10)%
QqGtT1bC2wN2hN1_QqGtT1tN3wC1wN1 : 11.0626832 (0.10)%
          GtT1bC2zC1wN1_GtT1tN1 : 11.0402496 (0.10)%
  GtT1bC2hC1wN1_QqGtT1bC2wN2hN1 : 10.9235999 (0.10)%
  GtT1bC2wN2hN1_QqGtT1bC2hC1wN1 : 10.9235999 (0.10)%
        QqC1wN1_QqGtT1tN4wC1wN1 : 10.8533520 (0.10)%
        GtT1bC1wN1_QqGtT1bC1wN1 : 10.8362179 (0.10)%
          GtT1tN3zN2hN1_QqC1wN1 : 10.8238174 (0.10)%
    GtT1tN3wC1wN1_GtT1tN3wC1wN1 : 10.7050465 (0.09)%
          GtT1bC2wN2hN1_GtT1tN1 : 10.6912524 (0.09)%
     GtT1bC1wN1_QqGtT1bC2zC1wN1 : 10.6375838 (0.09)%
     GtT1bC2zC1wN1_QqGtT1bC1wN1 : 10.6375838 (0.09)%
  GtT1bC2zC1wN1_QqGtT1bC2zC1wN1 : 10.4425909 (0.09)%
     GtT1bC1wN1_QqGtT1bC2wN2hN1 : 10.3013155 (0.09)%
     GtT1bC2wN2hN1_QqGtT1bC1wN1 : 10.3013155 (0.09)%
  GtT1bC2wN2hN1_QqGtT1bC2zC1wN1 : 10.1124865 (0.09)%
  GtT1bC2zC1wN1_QqGtT1bC2wN2hN1 : 10.1124865 (0.09)%
    GtT1tN3wC1wN1_GtT1tN3zN2hN1 : 10.0913776 (0.09)%
    GtT1bC2hC1wN1_GtT1tN4wC1wN1 : 9.9916957 (0.09)%
  GtT1bC2wN2hN1_QqGtT1bC2wN2hN1 : 9.7928172 (0.09)%
   QqGtT1bC1wN1_QqGtT1bC2hC1wN1 : 9.7649192 (0.09)%
      QqGtT1tN1_QqGtT1tN3wC1wN1 : 9.7620382 (0.09)%
        GtT1bC2hC1wN1_QqGtT1tN1 : 9.6393070 (0.08)%
        GtT1tN1_QqGtT1bC2hC1wN1 : 9.6393070 (0.08)%
  GtT1tN3wC1wN1_QqGtT1tN4wC1wN1 : 9.6244330 (0.08)%
  GtT1tN4wC1wN1_QqGtT1tN3wC1wN1 : 9.6244330 (0.08)%
QqGtT1bC2hC1wN1_QqGtT1bC2zC1wN1 : 9.5859227 (0.08)%
        QqGtT1tN3wC1wN1_QqN2hN1 : 9.5087179 (0.08)%
       GtT1bC1wN1_GtT1tN4wC1wN1 : 9.4224991 (0.08)%
          GtT1bC2hC1wN1_QqN2hN1 : 9.3891715 (0.08)%
QqGtT1bC2hC1wN1_QqGtT1bC2wN2hN1 : 9.2828988 (0.08)%
    GtT1bC2zC1wN1_GtT1tN4wC1wN1 : 9.2497793 (0.08)%
        QqC1wN1_QqGtT1tN3zN2hN1 : 9.1981034 (0.08)%
           GtT1bC1wN1_QqGtT1tN1 : 9.0901848 (0.08)%
           GtT1tN1_QqGtT1bC1wN1 : 9.0901848 (0.08)%
   QqGtT1bC1wN1_QqGtT1bC2zC1wN1 : 9.0398417 (0.08)%
    GtT1bC2wN2hN1_GtT1tN4wC1wN1 : 8.9573813 (0.08)%
        GtT1tN1_QqGtT1bC2zC1wN1 : 8.9235566 (0.08)%
        GtT1bC2zC1wN1_QqGtT1tN1 : 8.9235566 (0.08)%
              C2hC1wN1_C2zC1wN1 : 8.9072316 (0.08)%
             GtT1bC1wN1_QqN2hN1 : 8.8542989 (0.08)%
   QqGtT1bC1wN1_QqGtT1bC2wN2hN1 : 8.7540801 (0.08)%
          GtT1bC2zC1wN1_QqN2hN1 : 8.6919945 (0.08)%
        GtT1bC2wN2hN1_QqGtT1tN1 : 8.6414710 (0.08)%
        GtT1tN1_QqGtT1bC2wN2hN1 : 8.6414710 (0.08)%
              C2hC1wN1_C2wN2hN1 : 8.6256621 (0.08)%
QqGtT1bC2wN2hN1_QqGtT1bC2zC1wN1 : 8.5936129 (0.08)%
    GtT1bC2hC1wN1_GtT1tN3zN2hN1 : 8.4678585 (0.07)%
             GtT1tN2hN1_QqC1wN1 : 8.4434671 (0.07)%
          GtT1bC2wN2hN1_QqN2hN1 : 8.4172289 (0.07)%
      QqGtT1bC2hC1wN1_QqGtT1tN1 : 8.1915039 (0.07)%
QqGtT1tN3wC1wN1_QqGtT1tN4wC1wN1 : 8.1788639 (0.07)%
  GtT1tN3zN2hN1_QqGtT1tN3wC1wN1 : 8.1566072 (0.07)%
  GtT1tN3wC1wN1_QqGtT1tN3zN2hN1 : 8.1566072 (0.07)%
  GtT1bC2hC1wN1_QqGtT1tN4wC1wN1 : 8.0760368 (0.07)%
  GtT1tN4wC1wN1_QqGtT1bC2hC1wN1 : 8.0760368 (0.07)%
       GtT1bC1wN1_GtT1tN3zN2hN1 : 7.9854703 (0.07)%
              C2wN2hN1_C2zC1wN1 : 7.9851782 (0.07)%
        QqGtT1bC2hC1wN1_QqN2hN1 : 7.9789382 (0.07)%
          GtT1tN1_GtT1tN4wC1wN1 : 7.9042577 (0.07)%
       GtT1tN2hN1_GtT1tN3wC1wN1 : 7.8721038 (0.07)%
    GtT1bC2zC1wN1_GtT1tN3zN2hN1 : 7.8390921 (0.07)%
         QqGtT1bC1wN1_QqGtT1tN1 : 7.7248587 (0.07)%
              GtT1tN1_QqGtT1tN1 : 7.6254890 (0.07)%
     GtT1bC1wN1_QqGtT1tN4wC1wN1 : 7.6159695 (0.07)%
     GtT1tN4wC1wN1_QqGtT1bC1wN1 : 7.6159695 (0.07)%
    GtT1bC2wN2hN1_GtT1tN3zN2hN1 : 7.5912878 (0.07)%
      QqGtT1bC2zC1wN1_QqGtT1tN1 : 7.5832576 (0.07)%
    GtT1bC2hC1wN1_GtT1bC2hC1wN1 : 7.5376304 (0.07)%
           QqGtT1bC1wN1_QqN2hN1 : 7.5244023 (0.07)%
              C2hC1wN1_N4hN2hN1 : 7.5221438 (0.07)%
  GtT1bC2zC1wN1_QqGtT1tN4wC1wN1 : 7.4763644 (0.07)%
  GtT1tN4wC1wN1_QqGtT1bC2zC1wN1 : 7.4763644 (0.07)%
                GtT1tN1_QqN2hN1 : 7.4276112 (0.07)%
        QqGtT1bC2zC1wN1_QqN2hN1 : 7.3864757 (0.06)%
QqGtT1tN3wC1wN1_QqGtT1tN3wC1wN1 : 7.3530155 (0.06)%
      QqGtT1bC2wN2hN1_QqGtT1tN1 : 7.3435407 (0.06)%
  GtT1tN4wC1wN1_QqGtT1bC2wN2hN1 : 7.2400265 (0.06)%
  GtT1bC2wN2hN1_QqGtT1tN4wC1wN1 : 7.2400265 (0.06)%
           QqC1wN1_QqGtT1tN2hN1 : 7.1752765 (0.06)%
              C2hC1wN1_N3zN2hN1 : 7.1568684 (0.06)%
        QqGtT1bC2wN2hN1_QqN2hN1 : 7.1529793 (0.06)%
              C2zC1wN1_N4hN2hN1 : 6.9635998 (0.06)%
QqGtT1tN3wC1wN1_QqGtT1tN3zN2hN1 : 6.9315024 (0.06)%
QqGtT1bC2hC1wN1_QqGtT1tN4wC1wN1 : 6.8630335 (0.06)%
  GtT1tN3zN2hN1_QqGtT1bC2hC1wN1 : 6.8443575 (0.06)%
  GtT1bC2hC1wN1_QqGtT1tN3zN2hN1 : 6.8443575 (0.06)%
------------------------------------------------------------
                                              SUM=90.04%
