/Users/rafalmaselek/Projects/fastlim-1.0
 
#################################################################
#                                                               #
#                                                               #
#                     This is Fastlim  ver. 1.0                 #
#                                                               #
#          A fast LHC limit calculator for BSM models.          #
#                                                               #
#                  http://cern.ch/fastlim-1.0/                  #
#                                                               #
#  for bugs/feature requests: fastlim-1.0.developers@gmail.com  #
#                                                               #
#    please refer to:                                           #
#    M.Papucci, K.Sakurai, A.Weiler, L.Zeune arXiv:1402.xxxx    #
#                                                               #
#################################################################
 

!! Masses incompatible with the data for ERER !!

!! Problem with reading tables for ER ER !! Probably mass outside the table !! Setting xsec to 10^-20 !!

!! Masses incompatible with the data for ELEL !!

!! Problem with reading tables for EL EL !! Probably mass outside the table !! Setting xsec to 10^-20 !!

!! Masses incompatible with the data for TAU1TAU1 !!

!! Problem with reading tables for TAU1 TAU1 !! Probably mass outside the table !! Setting xsec to 10^-20 !!

!! Masses incompatible with the data for TAU2TAU2 !!

!! Problem with reading tables for TAU2 TAU2 !! Probably mass outside the table !! Setting xsec to 10^-20 !!
!! EWK PROCESS C1C2 NOT FOUND !! WILL TRY TO LOOK FOR +/- MODES !!
XSEC FOUND FOR: C1-C2+
XSEC FOUND FOR: C1+C2-
!! EWK PROCESS C1N1 NOT FOUND !! WILL TRY TO LOOK FOR +/- MODES !!
XSEC FOUND FOR: C1+N1
XSEC FOUND FOR: C1-N1
!! EWK PROCESS C1N2 NOT FOUND !! WILL TRY TO LOOK FOR +/- MODES !!
XSEC FOUND FOR: C1+N2
XSEC FOUND FOR: C1-N2
!! EWK PROCESS C1N3 NOT FOUND !! WILL TRY TO LOOK FOR +/- MODES !!
XSEC FOUND FOR: C1+N3
XSEC FOUND FOR: C1-N3
!! EWK PROCESS C1N4 NOT FOUND !! WILL TRY TO LOOK FOR +/- MODES !!
XSEC FOUND FOR: C1+N4
XSEC FOUND FOR: C1-N4
!! EWK PROCESS C2N1 NOT FOUND !! WILL TRY TO LOOK FOR +/- MODES !!
XSEC FOUND FOR: C2+N1
XSEC FOUND FOR: C2-N1
!! EWK PROCESS C2N2 NOT FOUND !! WILL TRY TO LOOK FOR +/- MODES !!
XSEC FOUND FOR: C2+N2
XSEC FOUND FOR: C2-N2
!! EWK PROCESS C2N3 NOT FOUND !! WILL TRY TO LOOK FOR +/- MODES !!
XSEC FOUND FOR: C2+N3
XSEC FOUND FOR: C2-N3
!! EWK PROCESS C2N4 NOT FOUND !! WILL TRY TO LOOK FOR +/- MODES !!
XSEC FOUND FOR: C2+N4
XSEC FOUND FOR: C2-N4
---------------  Output inclusive processes  ---------------
The total xsec = 29476.58 [fb]
The total rate = 100.00%
Output upto 0.10%
                     Modes : xsec/fb      (rate)
               C1wN1_N2hN1 : 6943.5676192 (23.56)%
               C1wN1_C1wN1 : 3354.2349158 (11.38)%
           QqC1wN1_QqC1wN1 : 2003.9462563 (6.80)%
           QqC1wN1_QqN2hN1 : 1951.9389865 (6.62)%
        GtT1bC1wN1_QqC1wN1 : 1480.1214185 (5.02)%
        GtT1bC1wN1_QqN2hN1 : 720.8543374 (2.45)%
        GtT1tN2hN1_QqC1wN1 : 660.0920988 (2.24)%
      QqC1wN1_QqGtT1bC1wN1 : 611.5631874 (2.07)%
           GtT1tN1_QqC1wN1 : 587.0827818 (1.99)%
           QqN2hN1_QqN2hN1 : 475.3203579 (1.61)%
        GtT1tN2hN1_QqN2hN1 : 321.4805533 (1.09)%
      QqGtT1bC1wN1_QqN2hN1 : 297.8458191 (1.01)%
           GtT1tN1_QqN2hN1 : 285.9232793 (0.97)%
      QqC1wN1_QqGtT1tN2hN1 : 272.7398056 (0.93)%
     GtT1bC2hC1wN1_QqC1wN1 : 252.1251435 (0.86)%
         QqC1wN1_QqGtT1tN1 : 242.5734895 (0.82)%
     GtT1bC2zC1wN1_QqC1wN1 : 237.4693455 (0.81)%
     GtT1bC2wN2hN1_QqC1wN1 : 230.9586061 (0.78)%
   GtT1bC1wN1_QqGtT1bC1wN1 : 225.8513095 (0.77)%
               C1wN1_N2zN1 : 189.7281899 (0.64)%
     GtT1bC1wN1_GtT1bC1wN1 : 170.0440993 (0.58)%
     GtT1bC1wN1_GtT1tN2hN1 : 151.6696738 (0.51)%
        GtT1bC1wN1_GtT1tN1 : 134.8942885 (0.46)%
      QqGtT1tN2hN1_QqN2hN1 : 132.8307728 (0.45)%
        GbB1tC1wN1_QqC1wN1 : 123.2849320 (0.42)%
     GtT1bC2hC1wN1_QqN2hN1 : 122.7909420 (0.42)%
         T1bC1wN1_T1bC1wN1 : 121.4624223 (0.41)%
         QqGtT1tN1_QqN2hN1 : 118.1390593 (0.40)%
     GtT1bC2zC1wN1_QqN2hN1 : 115.6532198 (0.39)%
     GtT1bC2wN2hN1_QqN2hN1 : 112.4823348 (0.38)%
         T1bC1wN1_T1tN2hN1 : 108.3375786 (0.37)%
   QqC1wN1_QqGtT1bC2hC1wN1 : 104.1741944 (0.35)%
   GtT1bC1wN1_QqGtT1tN2hN1 : 100.7232671 (0.34)%
   GtT1tN2hN1_QqGtT1bC1wN1 : 100.7232671 (0.34)%
   QqC1wN1_QqGtT1bC2zC1wN1 : 98.1186462 (0.33)%
            T1bC1wN1_T1tN1 : 96.3549285 (0.33)%
   QqC1wN1_QqGtT1bC2wN2hN1 : 95.4285098 (0.32)%
              QqC1wN1_QqN1 : 93.1988491 (0.32)%
      GtT1tN1_QqGtT1bC1wN1 : 89.5827960 (0.30)%
      GtT1bC1wN1_QqGtT1tN1 : 89.5827960 (0.30)%
     GbB1tC2hC1wN1_QqC1wN1 : 83.4683954 (0.28)%
                     N1_N1 : 79.6407478 (0.27)%
        GtT1bC2wN1_QqC1wN1 : 79.2380558 (0.27)%
     GbB1tC2zC1wN1_QqC1wN1 : 78.6164559 (0.27)%
     GbB1tC2wN2hN1_QqC1wN1 : 76.4610145 (0.26)%
               N2hN1_N2hN1 : 68.5152943 (0.23)%
        GbB1bN2hN1_QqC1wN1 : 61.1455402 (0.21)%
        GtT1tN1_GtT1tN2hN1 : 60.1590200 (0.20)%
        GbB1tC1wN1_QqN2hN1 : 60.0426944 (0.20)%
     GtT1tN3wC1wN1_QqC1wN1 : 59.9397566 (0.20)%
  GtT1bC1wN1_GtT1bC2hC1wN1 : 57.9309135 (0.20)%
  GtT1bC1wN1_GtT1bC2zC1wN1 : 54.5634439 (0.19)%
           QqC1wN1_QqN2zN1 : 53.3353848 (0.18)%
  GtT1bC1wN1_GtT1bC2wN2hN1 : 53.0674682 (0.18)%
      QqC1wN1_QqGbB1tC1wN1 : 50.9394196 (0.17)%
   QqGtT1bC2hC1wN1_QqN2hN1 : 50.7353106 (0.17)%
   QqGtT1bC2zC1wN1_QqN2hN1 : 47.7861146 (0.16)%
 QqGtT1bC1wN1_QqGtT1bC1wN1 : 46.6591271 (0.16)%
   QqGtT1bC2wN2hN1_QqN2hN1 : 46.4759542 (0.16)%
              QqN1_QqN2hN1 : 45.3900564 (0.15)%
   GtT1tN2hN1_QqGtT1tN2hN1 : 44.9197153 (0.15)%
            T1tN1_T1tN2hN1 : 42.9715604 (0.15)%
 QqGtT1bC1wN1_QqGtT1tN2hN1 : 41.6172900 (0.14)%
      T1bC1wN1_T1bC2hC1wN1 : 41.3800250 (0.14)%
     GbB1tC2hC1wN1_QqN2hN1 : 40.6510940 (0.14)%
      GtT1tN1_QqGtT1tN2hN1 : 39.9513817 (0.14)%
      GtT1tN2hN1_QqGtT1tN1 : 39.9513817 (0.14)%
      T1bC1wN1_T1bC2zC1wN1 : 38.9746430 (0.13)%
        GtT1bC2wN1_QqN2hN1 : 38.5908180 (0.13)%
GtT1bC1wN1_QqGtT1bC2hC1wN1 : 38.4717045 (0.13)%
GtT1bC2hC1wN1_QqGtT1bC1wN1 : 38.4717045 (0.13)%
     GbB1tC2zC1wN1_QqN2hN1 : 38.2880840 (0.13)%
      T1bC1wN1_T1bC2wN2hN1 : 37.9060682 (0.13)%
     GbB1tC2wN2hN1_QqN2hN1 : 37.2383328 (0.13)%
    QqGtT1bC1wN1_QqGtT1tN1 : 37.0142203 (0.13)%
GtT1bC1wN1_QqGtT1bC2zC1wN1 : 36.2353804 (0.12)%
GtT1bC2zC1wN1_QqGtT1bC1wN1 : 36.2353804 (0.12)%
         GtT1tN1_QqGtT1tN1 : 35.5325694 (0.12)%
GtT1bC1wN1_QqGtT1bC2wN2hN1 : 35.2419085 (0.12)%
GtT1bC2wN2hN1_QqGtT1bC1wN1 : 35.2419085 (0.12)%
   QqC1wN1_QqGbB1tC2hC1wN1 : 34.4878449 (0.12)%
           GtT1bC1wN1_QqN1 : 34.4184911 (0.12)%
     GtT1tN2hN1_GtT1tN2hN1 : 33.8201826 (0.11)%
      QqC1wN1_QqGtT1bC2wN1 : 32.7399343 (0.11)%
   QqC1wN1_QqGbB1tC2zC1wN1 : 32.4830989 (0.11)%
     GbB1wT1bC1wN1_QqC1wN1 : 32.2701235 (0.11)%
   QqC1wN1_QqGbB1tC2wN2hN1 : 31.5925039 (0.11)%
        GbB1bN2hN1_QqN2hN1 : 29.7793325 (0.10)%
     GtT1tN3wC1wN1_QqN2hN1 : 29.1920872 (0.10)%
------------------------------------------------------------
                                         SUM=87.88%

SHOWING PROCESSES TO GET 90.00% SUSY COVERAGE
---------------  Output inclusive processes  ---------------
The total xsec = 29476.58 [fb]
The total rate = 100.00%
                     Modes : xsec/fb      (rate)
               C1wN1_N2hN1 : 6943.5676192 (23.56)%
               C1wN1_C1wN1 : 3354.2349158 (11.38)%
           QqC1wN1_QqC1wN1 : 2003.9462563 (6.80)%
           QqC1wN1_QqN2hN1 : 1951.9389865 (6.62)%
        GtT1bC1wN1_QqC1wN1 : 1480.1214185 (5.02)%
        GtT1bC1wN1_QqN2hN1 : 720.8543374 (2.45)%
        GtT1tN2hN1_QqC1wN1 : 660.0920988 (2.24)%
      QqC1wN1_QqGtT1bC1wN1 : 611.5631874 (2.07)%
           GtT1tN1_QqC1wN1 : 587.0827818 (1.99)%
           QqN2hN1_QqN2hN1 : 475.3203579 (1.61)%
        GtT1tN2hN1_QqN2hN1 : 321.4805533 (1.09)%
      QqGtT1bC1wN1_QqN2hN1 : 297.8458191 (1.01)%
           GtT1tN1_QqN2hN1 : 285.9232793 (0.97)%
      QqC1wN1_QqGtT1tN2hN1 : 272.7398056 (0.93)%
     GtT1bC2hC1wN1_QqC1wN1 : 252.1251435 (0.86)%
         QqC1wN1_QqGtT1tN1 : 242.5734895 (0.82)%
     GtT1bC2zC1wN1_QqC1wN1 : 237.4693455 (0.81)%
     GtT1bC2wN2hN1_QqC1wN1 : 230.9586061 (0.78)%
   GtT1bC1wN1_QqGtT1bC1wN1 : 225.8513095 (0.77)%
               C1wN1_N2zN1 : 189.7281899 (0.64)%
     GtT1bC1wN1_GtT1bC1wN1 : 170.0440993 (0.58)%
     GtT1bC1wN1_GtT1tN2hN1 : 151.6696738 (0.51)%
        GtT1bC1wN1_GtT1tN1 : 134.8942885 (0.46)%
      QqGtT1tN2hN1_QqN2hN1 : 132.8307728 (0.45)%
        GbB1tC1wN1_QqC1wN1 : 123.2849320 (0.42)%
     GtT1bC2hC1wN1_QqN2hN1 : 122.7909420 (0.42)%
         T1bC1wN1_T1bC1wN1 : 121.4624223 (0.41)%
         QqGtT1tN1_QqN2hN1 : 118.1390593 (0.40)%
     GtT1bC2zC1wN1_QqN2hN1 : 115.6532198 (0.39)%
     GtT1bC2wN2hN1_QqN2hN1 : 112.4823348 (0.38)%
         T1bC1wN1_T1tN2hN1 : 108.3375786 (0.37)%
   QqC1wN1_QqGtT1bC2hC1wN1 : 104.1741944 (0.35)%
   GtT1bC1wN1_QqGtT1tN2hN1 : 100.7232671 (0.34)%
   GtT1tN2hN1_QqGtT1bC1wN1 : 100.7232671 (0.34)%
   QqC1wN1_QqGtT1bC2zC1wN1 : 98.1186462 (0.33)%
            T1bC1wN1_T1tN1 : 96.3549285 (0.33)%
   QqC1wN1_QqGtT1bC2wN2hN1 : 95.4285098 (0.32)%
              QqC1wN1_QqN1 : 93.1988491 (0.32)%
      GtT1tN1_QqGtT1bC1wN1 : 89.5827960 (0.30)%
      GtT1bC1wN1_QqGtT1tN1 : 89.5827960 (0.30)%
     GbB1tC2hC1wN1_QqC1wN1 : 83.4683954 (0.28)%
                     N1_N1 : 79.6407478 (0.27)%
        GtT1bC2wN1_QqC1wN1 : 79.2380558 (0.27)%
     GbB1tC2zC1wN1_QqC1wN1 : 78.6164559 (0.27)%
     GbB1tC2wN2hN1_QqC1wN1 : 76.4610145 (0.26)%
               N2hN1_N2hN1 : 68.5152943 (0.23)%
        GbB1bN2hN1_QqC1wN1 : 61.1455402 (0.21)%
        GtT1tN1_GtT1tN2hN1 : 60.1590200 (0.20)%
        GbB1tC1wN1_QqN2hN1 : 60.0426944 (0.20)%
     GtT1tN3wC1wN1_QqC1wN1 : 59.9397566 (0.20)%
  GtT1bC1wN1_GtT1bC2hC1wN1 : 57.9309135 (0.20)%
  GtT1bC1wN1_GtT1bC2zC1wN1 : 54.5634439 (0.19)%
           QqC1wN1_QqN2zN1 : 53.3353848 (0.18)%
  GtT1bC1wN1_GtT1bC2wN2hN1 : 53.0674682 (0.18)%
      QqC1wN1_QqGbB1tC1wN1 : 50.9394196 (0.17)%
   QqGtT1bC2hC1wN1_QqN2hN1 : 50.7353106 (0.17)%
   QqGtT1bC2zC1wN1_QqN2hN1 : 47.7861146 (0.16)%
 QqGtT1bC1wN1_QqGtT1bC1wN1 : 46.6591271 (0.16)%
   QqGtT1bC2wN2hN1_QqN2hN1 : 46.4759542 (0.16)%
              QqN1_QqN2hN1 : 45.3900564 (0.15)%
   GtT1tN2hN1_QqGtT1tN2hN1 : 44.9197153 (0.15)%
            T1tN1_T1tN2hN1 : 42.9715604 (0.15)%
 QqGtT1bC1wN1_QqGtT1tN2hN1 : 41.6172900 (0.14)%
      T1bC1wN1_T1bC2hC1wN1 : 41.3800250 (0.14)%
     GbB1tC2hC1wN1_QqN2hN1 : 40.6510940 (0.14)%
      GtT1tN1_QqGtT1tN2hN1 : 39.9513817 (0.14)%
      GtT1tN2hN1_QqGtT1tN1 : 39.9513817 (0.14)%
      T1bC1wN1_T1bC2zC1wN1 : 38.9746430 (0.13)%
        GtT1bC2wN1_QqN2hN1 : 38.5908180 (0.13)%
GtT1bC1wN1_QqGtT1bC2hC1wN1 : 38.4717045 (0.13)%
GtT1bC2hC1wN1_QqGtT1bC1wN1 : 38.4717045 (0.13)%
     GbB1tC2zC1wN1_QqN2hN1 : 38.2880840 (0.13)%
      T1bC1wN1_T1bC2wN2hN1 : 37.9060682 (0.13)%
     GbB1tC2wN2hN1_QqN2hN1 : 37.2383328 (0.13)%
    QqGtT1bC1wN1_QqGtT1tN1 : 37.0142203 (0.13)%
GtT1bC1wN1_QqGtT1bC2zC1wN1 : 36.2353804 (0.12)%
GtT1bC2zC1wN1_QqGtT1bC1wN1 : 36.2353804 (0.12)%
         GtT1tN1_QqGtT1tN1 : 35.5325694 (0.12)%
GtT1bC1wN1_QqGtT1bC2wN2hN1 : 35.2419085 (0.12)%
GtT1bC2wN2hN1_QqGtT1bC1wN1 : 35.2419085 (0.12)%
   QqC1wN1_QqGbB1tC2hC1wN1 : 34.4878449 (0.12)%
           GtT1bC1wN1_QqN1 : 34.4184911 (0.12)%
     GtT1tN2hN1_GtT1tN2hN1 : 33.8201826 (0.11)%
      QqC1wN1_QqGtT1bC2wN1 : 32.7399343 (0.11)%
   QqC1wN1_QqGbB1tC2zC1wN1 : 32.4830989 (0.11)%
     GbB1wT1bC1wN1_QqC1wN1 : 32.2701235 (0.11)%
   QqC1wN1_QqGbB1tC2wN2hN1 : 31.5925039 (0.11)%
        GbB1bN2hN1_QqN2hN1 : 29.7793325 (0.10)%
     GtT1tN3wC1wN1_QqN2hN1 : 29.1920872 (0.10)%
                  C1wN1_N1 : 29.1476303 (0.10)%
     GbB1tC1wN1_GtT1bC1wN1 : 28.3272372 (0.10)%
     GtT1tN3zN2hN1_QqC1wN1 : 28.0982006 (0.10)%
           GtT1tN1_GtT1tN1 : 26.7525735 (0.09)%
        GbB1tC2wN1_QqC1wN1 : 26.2325022 (0.09)%
           QqN2hN1_QqN2zN1 : 25.9756010 (0.09)%
  GtT1bC2hC1wN1_GtT1tN2hN1 : 25.8355415 (0.09)%
         C2hC1wN1_N3wC1wN1 : 25.5346840 (0.09)%
      QqC1wN1_QqGbB1bN2hN1 : 25.2643878 (0.09)%
         C2hC1wN1_N4wC1wN1 : 24.8409798 (0.08)%
      QqGbB1tC1wN1_QqN2hN1 : 24.8087090 (0.08)%
   QqC1wN1_QqGtT1tN3wC1wN1 : 24.7661767 (0.08)%
  GtT1bC2zC1wN1_GtT1tN2hN1 : 24.3337457 (0.08)%
         T1tN2hN1_T1tN2hN1 : 24.1577410 (0.08)%
         C2zC1wN1_N3wC1wN1 : 24.0503768 (0.08)%
  GtT1bC2wN2hN1_GtT1tN2hN1 : 23.6665830 (0.08)%
         C2zC1wN1_N4wC1wN1 : 23.3969970 (0.08)%
         C2wN2hN1_N3wC1wN1 : 23.3909833 (0.08)%
     GtT1bC2hC1wN1_GtT1tN1 : 22.9780080 (0.08)%
         C2wN2hN1_N4wC1wN1 : 22.7555173 (0.08)%
         N3wC1wN1_N4wC1wN1 : 22.2950814 (0.08)%
     GtT1bC2zC1wN1_GtT1tN1 : 21.6423180 (0.07)%
     GtT1bC2wN2hN1_GtT1tN1 : 21.0489467 (0.07)%
        GtT1bC1wN1_QqN2zN1 : 19.6968469 (0.07)%
  GbB1tC2hC1wN1_GtT1bC1wN1 : 19.1785727 (0.07)%
               T1tN1_T1tN1 : 19.1093510 (0.06)%
------------------------------------------------------------
                                         SUM=90.01%
