/Users/rafalmaselek/Projects/fastlim-1.0
 
#################################################################
#                                                               #
#                                                               #
#                     This is Fastlim  ver. 1.0                 #
#                                                               #
#          A fast LHC limit calculator for BSM models.          #
#                                                               #
#                  http://cern.ch/fastlim-1.0/                  #
#                                                               #
#  for bugs/feature requests: fastlim-1.0.developers@gmail.com  #
#                                                               #
#    please refer to:                                           #
#    M.Papucci, K.Sakurai, A.Weiler, L.Zeune arXiv:1402.xxxx    #
#                                                               #
#################################################################
 

!! Masses incompatible with the data for ERER !!

!! Problem with reading tables for ER ER !! Probably mass outside the table !! Setting xsec to 10^-20 !!

!! Masses incompatible with the data for ELEL !!

!! Problem with reading tables for EL EL !! Probably mass outside the table !! Setting xsec to 10^-20 !!

!! Masses incompatible with the data for TAU1TAU1 !!

!! Problem with reading tables for TAU1 TAU1 !! Probably mass outside the table !! Setting xsec to 10^-20 !!

!! Masses incompatible with the data for TAU2TAU2 !!

!! Problem with reading tables for TAU2 TAU2 !! Probably mass outside the table !! Setting xsec to 10^-20 !!
!! EWK PROCESS C1C2 NOT FOUND !! WILL TRY TO LOOK FOR +/- MODES !!
XSEC FOUND FOR: C1-C2+
XSEC FOUND FOR: C1+C2-
!! EWK PROCESS C1N1 NOT FOUND !! WILL TRY TO LOOK FOR +/- MODES !!
XSEC FOUND FOR: C1+N1
XSEC FOUND FOR: C1-N1
!! EWK PROCESS C1N2 NOT FOUND !! WILL TRY TO LOOK FOR +/- MODES !!
XSEC FOUND FOR: C1+N2
XSEC FOUND FOR: C1-N2
!! EWK PROCESS C1N3 NOT FOUND !! WILL TRY TO LOOK FOR +/- MODES !!
XSEC FOUND FOR: C1+N3
XSEC FOUND FOR: C1-N3
!! EWK PROCESS C1N4 NOT FOUND !! WILL TRY TO LOOK FOR +/- MODES !!
XSEC FOUND FOR: C1+N4
XSEC FOUND FOR: C1-N4
!! EWK PROCESS C2N1 NOT FOUND !! WILL TRY TO LOOK FOR +/- MODES !!
XSEC FOUND FOR: C2+N1
XSEC FOUND FOR: C2-N1
!! EWK PROCESS C2N2 NOT FOUND !! WILL TRY TO LOOK FOR +/- MODES !!
XSEC FOUND FOR: C2+N2
XSEC FOUND FOR: C2-N2
!! EWK PROCESS C2N3 NOT FOUND !! WILL TRY TO LOOK FOR +/- MODES !!
XSEC FOUND FOR: C2+N3
XSEC FOUND FOR: C2-N3
!! EWK PROCESS C2N4 NOT FOUND !! WILL TRY TO LOOK FOR +/- MODES !!
XSEC FOUND FOR: C2+N4
XSEC FOUND FOR: C2-N4
---------------  Output inclusive processes  ---------------
The total xsec = 61246.43 [fb]
The total rate = 100.00%
Output upto 0.10%
                  Modes : xsec/fb      (rate)
            C1wN1_N2hN1 : 25183.0353109 (41.12)%
            C1wN1_C1wN1 : 13277.3436216 (21.68)%
            C1wN1_N2zN1 : 2872.0998237 (4.69)%
      C2hC1wN1_N4wC1wN1 : 259.4523069 (0.42)%
      C2zC1wN1_N4wC1wN1 : 251.9002671 (0.41)%
      C2hC1wN1_N3wC1wN1 : 246.6759378 (0.40)%
      C2zC1wN1_N3wC1wN1 : 239.4957876 (0.39)%
      C2wN2hN1_N4wC1wN1 : 236.8868211 (0.39)%
      N3wC1wN1_N4wC1wN1 : 229.4489931 (0.37)%
      C2wN2hN1_N3wC1wN1 : 225.2216579 (0.37)%
         GbtC1wN1_GttN1 : 208.0711319 (0.34)%
      GbtC1wN1_GqqC1wN1 : 200.9327524 (0.33)%
   GbtC1wN1_GbtC2hC1wN1 : 188.1267108 (0.31)%
   GbtC1wN1_GbtC2zC1wN1 : 182.6507895 (0.30)%
   GbtC1wN1_GbtC2wN2hN1 : 171.7646646 (0.28)%
      GbtC1wN1_GbtC1wN1 : 154.6973954 (0.25)%
      C2hC1wN1_C2zC1wN1 : 140.2716399 (0.23)%
         GqqC1wN1_GttN1 : 135.1293120 (0.22)%
   GbtC1wN1_GttN4wC1wN1 : 133.7681179 (0.22)%
      C2hC1wN1_C2wN2hN1 : 131.9113443 (0.22)%
      C2wN2hN1_C2zC1wN1 : 128.0717187 (0.21)%
      GbtC2hC1wN1_GttN1 : 126.5171193 (0.21)%
      GbtC2zC1wN1_GttN1 : 122.8345067 (0.20)%
   GbtC2hC1wN1_GqqC1wN1 : 122.1766459 (0.20)%
         C2wN1_N4wC1wN1 : 121.9759549 (0.20)%
   GbtC2zC1wN1_GqqC1wN1 : 118.6203742 (0.19)%
         C2wN1_N3wC1wN1 : 115.9694181 (0.19)%
      GbtC2wN2hN1_GttN1 : 115.5134774 (0.19)%
   GbtC2wN2hN1_GqqC1wN1 : 111.5505104 (0.18)%
      C2hC1wN1_N4hN2hN1 : 111.2650046 (0.18)%
GbtC2hC1wN1_GbtC2zC1wN1 : 111.0603452 (0.18)%
   GbtC1wN1_GttN3wC1wN1 : 110.7576235 (0.18)%
      C2zC1wN1_N4hN2hN1 : 108.0263448 (0.18)%
GbtC2hC1wN1_GbtC2wN2hN1 : 104.4410648 (0.17)%
      C2wN2hN1_N4hN2hN1 : 101.5878932 (0.17)%
GbtC2wN2hN1_GbtC2zC1wN1 : 101.4010337 (0.17)%
      C2hC1wN1_N3zN2hN1 : 100.4068107 (0.16)%
         C1wN1_N3wC1wN1 : 98.9807099 (0.16)%
      N3wC1wN1_N4hN2hN1 : 98.3982127 (0.16)%
      C2zC1wN1_N3zN2hN1 : 97.4842071 (0.16)%
      GbbN2hN1_GbtC1wN1 : 96.7347519 (0.16)%
      N3zN2hN1_N4wC1wN1 : 93.3947665 (0.15)%
      C2wN2hN1_N3zN2hN1 : 91.6740748 (0.15)%
      GbtC1wN1_GqqN2hN1 : 90.2269424 (0.15)%
      GttN1_GttN4wC1wN1 : 89.9604147 (0.15)%
      GbtC1wN1_GbtC2wN1 : 88.4437509 (0.14)%
   GqqC1wN1_GttN4wC1wN1 : 86.8741068 (0.14)%
GbtC2hC1wN1_GttN4wC1wN1 : 81.3373618 (0.13)%
    GbtC1wN1_QqGbtC1wN1 : 79.6086745 (0.13)%
GbtC2zC1wN1_GttN4wC1wN1 : 78.9698245 (0.13)%
      GttN1_GttN3wC1wN1 : 74.4856241 (0.12)%
GbtC2wN2hN1_GttN4wC1wN1 : 74.2631634 (0.12)%
      C2hC1wN1_C2hC1wN1 : 72.2385113 (0.12)%
   GqqC1wN1_GttN3wC1wN1 : 71.9302160 (0.12)%
            GttN1_GttN1 : 69.9649723 (0.11)%
      C2zC1wN1_C2zC1wN1 : 68.0943330 (0.11)%
         C2hC1wN1_C2wN1 : 67.9227832 (0.11)%
GbtC2hC1wN1_GttN3wC1wN1 : 67.3458895 (0.11)%
         GbtC1wN1_GqqN1 : 66.5772052 (0.11)%
         C2wN1_C2zC1wN1 : 65.9457125 (0.11)%
GbtC2zC1wN1_GttN3wC1wN1 : 65.3856108 (0.11)%
      GqqC1wN1_GqqC1wN1 : 65.2466883 (0.11)%
         GbbN2hN1_GttN1 : 65.0551009 (0.11)%
      GbbN2hN1_GqqC1wN1 : 62.8232295 (0.10)%
         C2wN1_C2wN2hN1 : 62.0152982 (0.10)%
            N2hN1_N2hN1 : 61.5927596 (0.10)%
GbtC2wN2hN1_GttN3wC1wN1 : 61.4885790 (0.10)%
         GqqN2hN1_GttN1 : 60.6785331 (0.10)%
------------------------------------------------------------
                                      SUM=79.97%

SHOWING PROCESSES TO GET 90.00% SUSY COVERAGE
---------------  Output inclusive processes  ---------------
The total xsec = 61246.43 [fb]
The total rate = 100.00%
                    Modes : xsec/fb      (rate)
              C1wN1_N2hN1 : 25183.0353109 (41.12)%
              C1wN1_C1wN1 : 13277.3436216 (21.68)%
              C1wN1_N2zN1 : 2872.0998237 (4.69)%
        C2hC1wN1_N4wC1wN1 : 259.4523069 (0.42)%
        C2zC1wN1_N4wC1wN1 : 251.9002671 (0.41)%
        C2hC1wN1_N3wC1wN1 : 246.6759378 (0.40)%
        C2zC1wN1_N3wC1wN1 : 239.4957876 (0.39)%
        C2wN2hN1_N4wC1wN1 : 236.8868211 (0.39)%
        N3wC1wN1_N4wC1wN1 : 229.4489931 (0.37)%
        C2wN2hN1_N3wC1wN1 : 225.2216579 (0.37)%
           GbtC1wN1_GttN1 : 208.0711319 (0.34)%
        GbtC1wN1_GqqC1wN1 : 200.9327524 (0.33)%
     GbtC1wN1_GbtC2hC1wN1 : 188.1267108 (0.31)%
     GbtC1wN1_GbtC2zC1wN1 : 182.6507895 (0.30)%
     GbtC1wN1_GbtC2wN2hN1 : 171.7646646 (0.28)%
        GbtC1wN1_GbtC1wN1 : 154.6973954 (0.25)%
        C2hC1wN1_C2zC1wN1 : 140.2716399 (0.23)%
           GqqC1wN1_GttN1 : 135.1293120 (0.22)%
     GbtC1wN1_GttN4wC1wN1 : 133.7681179 (0.22)%
        C2hC1wN1_C2wN2hN1 : 131.9113443 (0.22)%
        C2wN2hN1_C2zC1wN1 : 128.0717187 (0.21)%
        GbtC2hC1wN1_GttN1 : 126.5171193 (0.21)%
        GbtC2zC1wN1_GttN1 : 122.8345067 (0.20)%
     GbtC2hC1wN1_GqqC1wN1 : 122.1766459 (0.20)%
           C2wN1_N4wC1wN1 : 121.9759549 (0.20)%
     GbtC2zC1wN1_GqqC1wN1 : 118.6203742 (0.19)%
           C2wN1_N3wC1wN1 : 115.9694181 (0.19)%
        GbtC2wN2hN1_GttN1 : 115.5134774 (0.19)%
     GbtC2wN2hN1_GqqC1wN1 : 111.5505104 (0.18)%
        C2hC1wN1_N4hN2hN1 : 111.2650046 (0.18)%
  GbtC2hC1wN1_GbtC2zC1wN1 : 111.0603452 (0.18)%
     GbtC1wN1_GttN3wC1wN1 : 110.7576235 (0.18)%
        C2zC1wN1_N4hN2hN1 : 108.0263448 (0.18)%
  GbtC2hC1wN1_GbtC2wN2hN1 : 104.4410648 (0.17)%
        C2wN2hN1_N4hN2hN1 : 101.5878932 (0.17)%
  GbtC2wN2hN1_GbtC2zC1wN1 : 101.4010337 (0.17)%
        C2hC1wN1_N3zN2hN1 : 100.4068107 (0.16)%
           C1wN1_N3wC1wN1 : 98.9807099 (0.16)%
        N3wC1wN1_N4hN2hN1 : 98.3982127 (0.16)%
        C2zC1wN1_N3zN2hN1 : 97.4842071 (0.16)%
        GbbN2hN1_GbtC1wN1 : 96.7347519 (0.16)%
        N3zN2hN1_N4wC1wN1 : 93.3947665 (0.15)%
        C2wN2hN1_N3zN2hN1 : 91.6740748 (0.15)%
        GbtC1wN1_GqqN2hN1 : 90.2269424 (0.15)%
        GttN1_GttN4wC1wN1 : 89.9604147 (0.15)%
        GbtC1wN1_GbtC2wN1 : 88.4437509 (0.14)%
     GqqC1wN1_GttN4wC1wN1 : 86.8741068 (0.14)%
  GbtC2hC1wN1_GttN4wC1wN1 : 81.3373618 (0.13)%
      GbtC1wN1_QqGbtC1wN1 : 79.6086745 (0.13)%
  GbtC2zC1wN1_GttN4wC1wN1 : 78.9698245 (0.13)%
        GttN1_GttN3wC1wN1 : 74.4856241 (0.12)%
  GbtC2wN2hN1_GttN4wC1wN1 : 74.2631634 (0.12)%
        C2hC1wN1_C2hC1wN1 : 72.2385113 (0.12)%
     GqqC1wN1_GttN3wC1wN1 : 71.9302160 (0.12)%
              GttN1_GttN1 : 69.9649723 (0.11)%
        C2zC1wN1_C2zC1wN1 : 68.0943330 (0.11)%
           C2hC1wN1_C2wN1 : 67.9227832 (0.11)%
  GbtC2hC1wN1_GttN3wC1wN1 : 67.3458895 (0.11)%
           GbtC1wN1_GqqN1 : 66.5772052 (0.11)%
           C2wN1_C2zC1wN1 : 65.9457125 (0.11)%
  GbtC2zC1wN1_GttN3wC1wN1 : 65.3856108 (0.11)%
        GqqC1wN1_GqqC1wN1 : 65.2466883 (0.11)%
           GbbN2hN1_GttN1 : 65.0551009 (0.11)%
        GbbN2hN1_GqqC1wN1 : 62.8232295 (0.10)%
           C2wN1_C2wN2hN1 : 62.0152982 (0.10)%
              N2hN1_N2hN1 : 61.5927596 (0.10)%
  GbtC2wN2hN1_GttN3wC1wN1 : 61.4885790 (0.10)%
           GqqN2hN1_GttN1 : 60.6785331 (0.10)%
           C2hC1wN1_N3zN1 : 60.4523647 (0.10)%
        C2wN2hN1_C2wN2hN1 : 60.2192738 (0.10)%
           GbtC2wN1_GttN1 : 59.4793187 (0.10)%
     GbbN2hN1_GbtC2hC1wN1 : 58.8193184 (0.10)%
           C2zC1wN1_N3zN1 : 58.6927401 (0.10)%
        GqqC1wN1_GqqN2hN1 : 58.5968104 (0.10)%
                    N1_N1 : 57.7663503 (0.09)%
        GbtC2wN1_GqqC1wN1 : 57.4387379 (0.09)%
     GbtC1wN1_GttN4hN2hN1 : 57.3658813 (0.09)%
  GbtC2hC1wN1_GbtC2hC1wN1 : 57.1949826 (0.09)%
     GbbN2hN1_GbtC2zC1wN1 : 57.1072278 (0.09)%
           N3zN1_N4wC1wN1 : 56.2305928 (0.09)%
           C2wN2hN1_N3zN1 : 55.1946085 (0.09)%
     GbtC2hC1wN1_GqqN2hN1 : 54.8622615 (0.09)%
  GbtC2zC1wN1_GbtC2zC1wN1 : 53.9138213 (0.09)%
           C2hC1wN1_N4hN1 : 53.8293131 (0.09)%
     GbtC2hC1wN1_GbtC2wN1 : 53.7779964 (0.09)%
     GbbN2hN1_GbtC2wN2hN1 : 53.7035940 (0.09)%
         GttN1_QqGbtC1wN1 : 53.5376403 (0.09)%
         GbtC1wN1_QqGttN1 : 53.5376403 (0.09)%
     GbtC2zC1wN1_GqqN2hN1 : 53.2653515 (0.09)%
           C2wN1_N4hN2hN1 : 52.3088631 (0.09)%
           C2zC1wN1_N4hN1 : 52.2624698 (0.09)%
     GbtC2wN1_GbtC2zC1wN1 : 52.2126468 (0.09)%
      GqqC1wN1_QqGbtC1wN1 : 51.7009030 (0.08)%
      GbtC1wN1_QqGqqC1wN1 : 51.7009030 (0.08)%
     GbtC2wN2hN1_GqqN2hN1 : 50.0906963 (0.08)%
        GbtC1wN1_GttN2hN1 : 49.9267043 (0.08)%
           C2wN2hN1_N4hN1 : 49.1475872 (0.08)%
                 C1wN1_N1 : 49.1398198 (0.08)%
     GbtC2wN1_GbtC2wN2hN1 : 49.1007336 (0.08)%
   GbtC1wN1_QqGbtC2hC1wN1 : 48.4058508 (0.08)%
   GbtC2hC1wN1_QqGbtC1wN1 : 48.4058508 (0.08)%
  GttN3wC1wN1_GttN4wC1wN1 : 47.8865168 (0.08)%
  GbtC2wN2hN1_GbtC2wN2hN1 : 47.6787278 (0.08)%
           N3wC1wN1_N4hN1 : 47.6044397 (0.08)%
           C2wN1_N3zN2hN1 : 47.2041153 (0.08)%
   GbtC1wN1_QqGbtC2zC1wN1 : 46.9968716 (0.08)%
   GbtC2zC1wN1_QqGbtC1wN1 : 46.9968716 (0.08)%
     GbtC1wN1_GttN3zN2hN1 : 45.0827099 (0.07)%
         GbtC1wN1_QqC1wN1 : 44.9983225 (0.07)%
              GqqN1_GttN1 : 44.7738451 (0.07)%
   GbtC1wN1_QqGbtC2wN2hN1 : 44.1958226 (0.07)%
   GbtC2wN2hN1_QqGbtC1wN1 : 44.1958226 (0.07)%
           GqqC1wN1_GqqN1 : 43.2377709 (0.07)%
           N2hN1_N3wC1wN1 : 42.5539670 (0.07)%
     GbbN2hN1_GttN4wC1wN1 : 41.8236702 (0.07)%
        GbtC2hC1wN1_GqqN1 : 40.4820993 (0.07)%
           C1wN1_N3zN2hN1 : 40.2890427 (0.07)%
        N3zN2hN1_N4hN2hN1 : 40.0519435 (0.07)%
        GbtC2zC1wN1_GqqN1 : 39.3037616 (0.06)%
     GqqN2hN1_GttN4wC1wN1 : 39.0099919 (0.06)%
        GttN1_GttN4hN2hN1 : 38.5791365 (0.06)%
     GbtC2wN1_GttN4wC1wN1 : 38.2390216 (0.06)%
     GqqC1wN1_GttN4hN2hN1 : 37.2555866 (0.06)%
        GbtC2wN2hN1_GqqN1 : 36.9612277 (0.06)%
            GttN1_QqGttN1 : 36.0046056 (0.06)%
           C1wN1_N4wC1wN1 : 35.4721105 (0.06)%
  GbtC2hC1wN1_GttN4hN2hN1 : 34.8811774 (0.06)%
         GttN1_QqGqqC1wN1 : 34.7693812 (0.06)%
         GqqC1wN1_QqGttN1 : 34.7693812 (0.06)%
     GbbN2hN1_GttN3wC1wN1 : 34.6292554 (0.06)%
   GbtC1wN1_QqGttN4wC1wN1 : 34.4191398 (0.06)%
   GttN4wC1wN1_QqGbtC1wN1 : 34.4191398 (0.06)%
  GbtC2zC1wN1_GttN4hN2hN1 : 33.8658692 (0.06)%
      GqqC1wN1_QqGqqC1wN1 : 33.5765341 (0.05)%
           GttN1_GttN2hN1 : 33.5762146 (0.05)%
      GttN1_QqGbtC2hC1wN1 : 32.5534252 (0.05)%
      GbtC2hC1wN1_QqGttN1 : 32.5534252 (0.05)%
        GqqC1wN1_GttN2hN1 : 32.4243019 (0.05)%
     GqqN2hN1_GttN3wC1wN1 : 32.2995798 (0.05)%
  GbtC2wN2hN1_GttN4hN2hN1 : 31.8474378 (0.05)%
     GbtC2wN1_GttN3wC1wN1 : 31.6612301 (0.05)%
      GttN1_QqGbtC2zC1wN1 : 31.6058724 (0.05)%
      GbtC2zC1wN1_QqGttN1 : 31.6058724 (0.05)%
   GqqC1wN1_QqGbtC2hC1wN1 : 31.4366018 (0.05)%
   GbtC2hC1wN1_QqGqqC1wN1 : 31.4366018 (0.05)%
   GqqC1wN1_QqGbtC2zC1wN1 : 30.5215571 (0.05)%
   GbtC2zC1wN1_QqGqqC1wN1 : 30.5215571 (0.05)%
     GbtC2hC1wN1_GttN2hN1 : 30.3578048 (0.05)%
        GttN1_GttN3zN2hN1 : 30.3185792 (0.05)%
            GttN1_QqC1wN1 : 30.2618279 (0.05)%
      GttN1_QqGbtC2wN2hN1 : 29.7221385 (0.05)%
      GbtC2wN2hN1_QqGttN1 : 29.7221385 (0.05)%
     GbtC2zC1wN1_GttN2hN1 : 29.4741613 (0.05)%
GbtC2hC1wN1_QqGbtC2hC1wN1 : 29.4330537 (0.05)%
     GqqC1wN1_GttN3zN2hN1 : 29.2784276 (0.05)%
         GqqC1wN1_QqC1wN1 : 29.2236232 (0.05)%
  GttN4wC1wN1_GttN4wC1wN1 : 28.9175996 (0.05)%
        GqqN1_GttN4wC1wN1 : 28.7849301 (0.05)%
   GqqC1wN1_QqGbtC2wN2hN1 : 28.7024492 (0.05)%
   GbtC2wN2hN1_QqGqqC1wN1 : 28.7024492 (0.05)%
GbtC2zC1wN1_QqGbtC2hC1wN1 : 28.5763275 (0.05)%
GbtC2hC1wN1_QqGbtC2zC1wN1 : 28.5763275 (0.05)%
   GbtC1wN1_QqGttN3wC1wN1 : 28.4984358 (0.05)%
   GttN3wC1wN1_QqGbtC1wN1 : 28.4984358 (0.05)%
              C2wN1_N3zN1 : 28.4203868 (0.05)%
        GbbN2hN1_GqqN2hN1 : 28.2101740 (0.05)%
        GbtC1wN1_GttN4hN1 : 27.7532545 (0.05)%
GbtC2zC1wN1_QqGbtC2zC1wN1 : 27.7445385 (0.05)%
     GbtC2wN2hN1_GttN2hN1 : 27.7174790 (0.05)%
        GbbN2hN1_GbtC2wN1 : 27.6526450 (0.05)%
  GbtC2hC1wN1_GttN3zN2hN1 : 27.4124264 (0.04)%
      GbtC2hC1wN1_QqC1wN1 : 27.3611149 (0.04)%
     GbbN3wC1wN1_GbtC1wN1 : 27.2355130 (0.04)%
        GbtC1wN1_GttN3zN1 : 27.1431430 (0.04)%
        C2wN2zN1_N4wC1wN1 : 27.0167035 (0.04)%
GbtC2wN2hN1_QqGbtC2hC1wN1 : 26.8731568 (0.04)%
GbtC2hC1wN1_QqGbtC2wN2hN1 : 26.8731568 (0.04)%
  GbtC2zC1wN1_GttN3zN2hN1 : 26.6145158 (0.04)%
      GbtC2zC1wN1_QqC1wN1 : 26.5646979 (0.04)%
GbtC2zC1wN1_QqGbtC2wN2hN1 : 26.0909431 (0.04)%
GbtC2wN2hN1_QqGbtC2zC1wN1 : 26.0909431 (0.04)%
        GbtC2wN1_GqqN2hN1 : 25.7923193 (0.04)%
        C2wN2zN1_N3wC1wN1 : 25.6863033 (0.04)%
     GbbN4wC1wN1_GbtC1wN1 : 25.5115698 (0.04)%
              C2wN1_N4hN1 : 25.3067007 (0.04)%
  GbtC2wN2hN1_GttN3zN2hN1 : 25.0282706 (0.04)%
      GbtC2wN2hN1_QqC1wN1 : 24.9814218 (0.04)%
      GbbN2hN1_QqGbtC1wN1 : 24.8902878 (0.04)%
      GbtC1wN1_QqGbbN2hN1 : 24.8902878 (0.04)%
  GttN4hN2hN1_GttN4wC1wN1 : 24.8023761 (0.04)%
GbtC2wN2hN1_QqGbtC2wN2hN1 : 24.5359032 (0.04)%
              C1wN1_N3zN1 : 24.2569990 (0.04)%
           N3zN1_N4hN2hN1 : 24.1142476 (0.04)%
        GqqN1_GttN3wC1wN1 : 23.8334104 (0.04)%
      GqqN2hN1_QqGbtC1wN1 : 23.2157991 (0.04)%
      GbtC1wN1_QqGqqN2hN1 : 23.2157991 (0.04)%
      GttN1_QqGttN4wC1wN1 : 23.1472203 (0.04)%
      GttN4wC1wN1_QqGttN1 : 23.1472203 (0.04)%
      GbtC1wN1_QqGbtC2wN1 : 22.7569758 (0.04)%
      GbtC2wN1_QqGbtC1wN1 : 22.7569758 (0.04)%
       QqGbtC1wN1_QqGttN1 : 22.5081844 (0.04)%
   GqqC1wN1_QqGttN4wC1wN1 : 22.3530993 (0.04)%
   GttN4wC1wN1_QqGqqC1wN1 : 22.3530993 (0.04)%
           C1wN1_C2hC1wN1 : 21.8882754 (0.04)%
    QqGbtC1wN1_QqGqqC1wN1 : 21.7359872 (0.04)%
     GttN2hN1_GttN4wC1wN1 : 21.5860172 (0.04)%
           C1wN1_C2zC1wN1 : 21.2511597 (0.03)%
GttN4wC1wN1_QqGbtC2hC1wN1 : 20.9284699 (0.03)%
GbtC2hC1wN1_QqGttN4wC1wN1 : 20.9284699 (0.03)%
           GbbN2hN1_GqqN1 : 20.8158948 (0.03)%
  GttN3wC1wN1_GttN4hN2hN1 : 20.5359265 (0.03)%
         GbtC1wN1_QqN2hN1 : 20.3802794 (0.03)%
 QqGbtC1wN1_QqGbtC2hC1wN1 : 20.3506881 (0.03)%
GttN4wC1wN1_QqGbtC2zC1wN1 : 20.3192919 (0.03)%
GbtC2zC1wN1_QqGttN4wC1wN1 : 20.3192919 (0.03)%
           C1wN1_C2wN2hN1 : 19.9845745 (0.03)%
           GbbN1_GbtC1wN1 : 19.9553650 (0.03)%
  GttN3wC1wN1_GttN3wC1wN1 : 19.8245923 (0.03)%
 QqGbtC1wN1_QqGbtC2zC1wN1 : 19.7583279 (0.03)%
     GbtC1wN1_GbtC2wN2zN1 : 19.5895871 (0.03)%
  GttN3zN2hN1_GttN4wC1wN1 : 19.4916961 (0.03)%
      GttN4wC1wN1_QqC1wN1 : 19.4552109 (0.03)%
           GqqN1_GqqN2hN1 : 19.4155100 (0.03)%
           N3zN2hN1_N4hN1 : 19.3768797 (0.03)%
      GttN1_QqGttN3wC1wN1 : 19.1654869 (0.03)%
      GttN3wC1wN1_QqGttN1 : 19.1654869 (0.03)%
GttN4wC1wN1_QqGbtC2wN2hN1 : 19.1082467 (0.03)%
GbtC2wN2hN1_QqGttN4wC1wN1 : 19.1082467 (0.03)%
           GbtC2wN1_GqqN1 : 19.0317935 (0.03)%
       QqC1wN1_QqGbtC1wN1 : 18.9181021 (0.03)%
           GttN1_GttN4hN1 : 18.6643449 (0.03)%
 QqGbtC1wN1_QqGbtC2wN2hN1 : 18.5807167 (0.03)%
   GqqC1wN1_QqGttN3wC1wN1 : 18.5079689 (0.03)%
   GttN3wC1wN1_QqGqqC1wN1 : 18.5079689 (0.03)%
        GbbN3wC1wN1_GttN1 : 18.3161584 (0.03)%
           GttN1_GttN3zN1 : 18.2540387 (0.03)%
        GqqC1wN1_GttN4hN1 : 18.0240197 (0.03)%
     GbbN2hN1_GttN4hN2hN1 : 17.9359009 (0.03)%
     GttN2hN1_GttN3wC1wN1 : 17.8728385 (0.03)%
     GbbN3wC1wN1_GqqC1wN1 : 17.6877787 (0.03)%
        GqqC1wN1_GttN3zN1 : 17.6277901 (0.03)%
GttN3wC1wN1_QqGbtC2hC1wN1 : 17.3284010 (0.03)%
GbtC2hC1wN1_QqGttN3wC1wN1 : 17.3284010 (0.03)%
           N2hN1_N3zN2hN1 : 17.3211386 (0.03)%
        GbbN4wC1wN1_GttN1 : 17.1567892 (0.03)%
         GqqN1_QqGbtC1wN1 : 17.1306151 (0.03)%
         GbtC1wN1_QqGqqN1 : 17.1306151 (0.03)%
     GbtC2hC1wN1_GttN4hN1 : 16.8752954 (0.03)%
GttN3wC1wN1_QqGbtC2zC1wN1 : 16.8240124 (0.03)%
GbtC2zC1wN1_QqGttN3wC1wN1 : 16.8240124 (0.03)%
         GttN1_QqGbbN2hN1 : 16.7389707 (0.03)%
         GbbN2hN1_QqGttN1 : 16.7389707 (0.03)%
    QqGbtC1wN1_QqGbtC1wN1 : 16.7344575 (0.03)%
     GqqN2hN1_GttN4hN2hN1 : 16.7292670 (0.03)%
     GbbN4wC1wN1_GqqC1wN1 : 16.5681844 (0.03)%
  GbbN3wC1wN1_GbtC2hC1wN1 : 16.5604840 (0.03)%
     GbtC2hC1wN1_GttN3zN1 : 16.5043186 (0.03)%
     GbtC2wN1_GttN4hN2hN1 : 16.3986398 (0.03)%
     GbtC2zC1wN1_GttN4hN1 : 16.3840956 (0.03)%
      GqqC1wN1_QqGbbN2hN1 : 16.1647002 (0.03)%
      GbbN2hN1_QqGqqC1wN1 : 16.1647002 (0.03)%
  GttN3wC1wN1_GttN3zN2hN1 : 16.1387779 (0.03)%
      GttN3wC1wN1_QqC1wN1 : 16.1085688 (0.03)%
  GbbN3wC1wN1_GbtC2zC1wN1 : 16.0784476 (0.03)%
------------------------------------------------------------
                                        SUM=90.01%
