/Users/rafalmaselek/Projects/fastlim-1.0
 
#################################################################
#                                                               #
#                                                               #
#                     This is Fastlim  ver. 1.0                 #
#                                                               #
#          A fast LHC limit calculator for BSM models.          #
#                                                               #
#                  http://cern.ch/fastlim-1.0/                  #
#                                                               #
#  for bugs/feature requests: fastlim-1.0.developers@gmail.com  #
#                                                               #
#    please refer to:                                           #
#    M.Papucci, K.Sakurai, A.Weiler, L.Zeune arXiv:1402.xxxx    #
#                                                               #
#################################################################
 

!! Masses incompatible with the data for ERER !!

!! Problem with reading tables for ER ER !! Probably mass outside the table !! Setting xsec to 10^-20 !!

!! Masses incompatible with the data for ELEL !!

!! Problem with reading tables for EL EL !! Probably mass outside the table !! Setting xsec to 10^-20 !!

!! Masses incompatible with the data for TAU1TAU1 !!

!! Problem with reading tables for TAU1 TAU1 !! Probably mass outside the table !! Setting xsec to 10^-20 !!

!! Masses incompatible with the data for TAU2TAU2 !!

!! Problem with reading tables for TAU2 TAU2 !! Probably mass outside the table !! Setting xsec to 10^-20 !!
!! EWK PROCESS C1C2 NOT FOUND !! WILL TRY TO LOOK FOR +/- MODES !!
XSEC FOUND FOR: C1-C2+
XSEC FOUND FOR: C1+C2-
!! EWK PROCESS C1N1 NOT FOUND !! WILL TRY TO LOOK FOR +/- MODES !!
XSEC FOUND FOR: C1+N1
XSEC FOUND FOR: C1-N1
!! EWK PROCESS C1N2 NOT FOUND !! WILL TRY TO LOOK FOR +/- MODES !!
XSEC FOUND FOR: C1+N2
XSEC FOUND FOR: C1-N2
!! EWK PROCESS C1N3 NOT FOUND !! WILL TRY TO LOOK FOR +/- MODES !!
XSEC FOUND FOR: C1+N3
XSEC FOUND FOR: C1-N3
!! EWK PROCESS C1N4 NOT FOUND !! WILL TRY TO LOOK FOR +/- MODES !!
XSEC FOUND FOR: C1+N4
XSEC FOUND FOR: C1-N4
!! EWK PROCESS C2N1 NOT FOUND !! WILL TRY TO LOOK FOR +/- MODES !!
XSEC FOUND FOR: C2+N1
XSEC FOUND FOR: C2-N1
!! EWK PROCESS C2N2 NOT FOUND !! WILL TRY TO LOOK FOR +/- MODES !!
XSEC FOUND FOR: C2+N2
XSEC FOUND FOR: C2-N2
!! EWK PROCESS C2N3 NOT FOUND !! WILL TRY TO LOOK FOR +/- MODES !!
XSEC FOUND FOR: C2+N3
XSEC FOUND FOR: C2-N3
!! EWK PROCESS C2N4 NOT FOUND !! WILL TRY TO LOOK FOR +/- MODES !!
XSEC FOUND FOR: C2+N4
XSEC FOUND FOR: C2-N4
---------------  Output inclusive processes  ---------------
The total xsec = 361980.81 [fb]
The total rate = 100.00%
Output upto 0.10%
                  Modes : xsec/fb      (rate)
            C1wN1_N2hN1 : 101632.4492716 (28.08)%
            C1wN1_C1wN1 : 63259.1973901 (17.48)%
            C1wN1_N2zN1 : 21832.6949299 (6.03)%
            C1wN1_N3zN1 : 9332.6653141 (2.58)%
      C2wN2hN1_N4wC1wN1 : 6183.4099642 (1.71)%
         C2wN1_N4wC1wN1 : 5323.9635395 (1.47)%
         C2wN2hN1_N3zN1 : 4329.3200852 (1.20)%
         N3zN1_N4wC1wN1 : 4144.5937991 (1.14)%
      C2zC1wN1_N4wC1wN1 : 4016.3225565 (1.11)%
            N2hN1_N3zN1 : 3743.7016135 (1.03)%
            C2wN1_N3zN1 : 3727.5778928 (1.03)%
         C2wN1_C2wN2hN1 : 2888.4605574 (0.80)%
         C1wN1_N4wC1wN1 : 2877.6207620 (0.79)%
         C2zC1wN1_N3zN1 : 2812.0318745 (0.78)%
   GbtC1wN1_GbtC2wN2hN1 : 2640.7377658 (0.73)%
      GbtC1wN1_GbtC2wN1 : 2273.6955279 (0.63)%
      C2wN2hN1_C2zC1wN1 : 2179.0136623 (0.60)%
               C1wN1_N1 : 2098.0216534 (0.58)%
         C2wN2hN1_N4hN1 : 2094.6744514 (0.58)%
      GbtC1wN1_GttN3zN1 : 2013.2690711 (0.56)%
         C2wN1_C2zC1wN1 : 1876.1475234 (0.52)%
            C2wN1_N4hN1 : 1803.5308140 (0.50)%
      GbtC1wN1_GbtC1wN1 : 1770.1755139 (0.49)%
   GbtC1wN1_GbtC2zC1wN1 : 1715.2436465 (0.47)%
   GbtC2wN1_GbtC2wN2hN1 : 1695.9430297 (0.47)%
      C2wN2hN1_C2wN2hN1 : 1677.3720988 (0.46)%
   GbtC1wN1_GttN4wC1wN1 : 1633.0092890 (0.45)%
         C1wN1_C2wN2hN1 : 1567.8522074 (0.43)%
   GbtC2wN2hN1_GttN3zN1 : 1501.6916761 (0.41)%
      GbtC1wN1_GqqC1wN1 : 1476.6943668 (0.41)%
            N3zN1_N4hN1 : 1404.0108601 (0.39)%
         C2zC1wN1_N4hN1 : 1360.5580572 (0.38)%
            C1wN1_C2wN1 : 1349.9328098 (0.37)%
      C2wN2zN1_N4wC1wN1 : 1328.3208694 (0.37)%
      GbtC2wN1_GttN3zN1 : 1292.9680835 (0.36)%
         C2wN2hN1_N2hN1 : 1284.6480948 (0.35)%
GbtC2wN2hN1_GbtC2zC1wN1 : 1279.3953592 (0.35)%
            C2wN1_C2wN1 : 1243.4933784 (0.34)%
GbtC2wN2hN1_GttN4wC1wN1 : 1218.0569857 (0.34)%
            C2wN1_N2hN1 : 1106.0918906 (0.31)%
   GbtC2wN1_GbtC2zC1wN1 : 1101.5692448 (0.30)%
   GbtC2wN2hN1_GqqC1wN1 : 1101.4621297 (0.30)%
         GbtC1wN1_GttN1 : 1090.4736105 (0.30)%
   GbtC2wN1_GttN4wC1wN1 : 1048.7564335 (0.29)%
            C1wN1_N3hN1 : 1021.6223112 (0.28)%
         C1wN1_C2zC1wN1 : 1018.3701586 (0.28)%
GbtC2wN2hN1_GbtC2wN2hN1 : 984.8593957 (0.27)%
   GbtC2zC1wN1_GttN3zN1 : 975.3967772 (0.27)%
            C1wN1_N4hN1 : 974.8146615 (0.27)%
      GbtC2wN1_GqqC1wN1 : 948.3673657 (0.26)%
      GbbN2hN1_GbtC1wN1 : 944.6633818 (0.26)%
         C2wN2zN1_N3zN1 : 930.0250594 (0.26)%
   GttN3zN1_GttN4wC1wN1 : 928.6330842 (0.26)%
      GqqC1wN1_GttN3zN1 : 839.7424642 (0.23)%
      GbbN3zN1_GbtC1wN1 : 837.6727284 (0.23)%
         C2zC1wN1_N2hN1 : 834.4200288 (0.23)%
      GbtC2wN2hN1_GttN1 : 813.3811657 (0.22)%
            N2zN1_N3zN1 : 804.2224292 (0.22)%
GbtC2zC1wN1_GttN4wC1wN1 : 791.1669734 (0.22)%
               N1_N3zN1 : 747.0620681 (0.21)%
      GbtC2wN1_GbtC2wN1 : 730.1099966 (0.20)%
      C2wN2hN1_C2wN2zN1 : 720.6665505 (0.20)%
   GbtC2zC1wN1_GqqC1wN1 : 715.4348850 (0.20)%
      C2zC1wN1_C2zC1wN1 : 707.6695362 (0.20)%
   GbbN2hN1_GbtC2wN2hN1 : 704.6217306 (0.19)%
         GbtC2wN1_GttN1 : 700.3274399 (0.19)%
      GbtC1wN1_GttN2hN1 : 685.9408345 (0.19)%
   GqqC1wN1_GttN4wC1wN1 : 681.1346104 (0.19)%
   GbbN3zN1_GbtC2wN2hN1 : 624.8177064 (0.17)%
         C2wN1_C2wN2zN1 : 620.4994430 (0.17)%
         GttN1_GttN3zN1 : 620.1127447 (0.17)%
      GbtC1wN1_GqqN2hN1 : 611.4592585 (0.17)%
      GbbN2hN1_GbtC2wN1 : 606.6847297 (0.17)%
         GbtC1wN1_GqqN1 : 581.2879349 (0.16)%
      GttN3zN1_GttN3zN1 : 572.4365071 (0.16)%
   GbtC1wN1_GbtC2wN2zN1 : 567.2836033 (0.16)%
      GbtC1wN1_GttN4hN1 : 553.1936029 (0.15)%
      GbbN3zN1_GbtC2wN1 : 537.9728511 (0.15)%
      GbbN2hN1_GttN3zN1 : 537.1957623 (0.15)%
      GbtC2zC1wN1_GttN1 : 528.3170842 (0.15)%
   GbtC2wN2hN1_GttN2hN1 : 511.6413182 (0.14)%
      GttN1_GttN4wC1wN1 : 502.9878454 (0.14)%
         C2wN2hN1_N4zN1 : 494.9758920 (0.14)%
   GbbN4wC1wN1_GbtC1wN1 : 486.7146511 (0.13)%
      GbbN3zN1_GttN3zN1 : 476.3540628 (0.13)%
         C2wN2hN1_N3hN1 : 473.9192763 (0.13)%
      C2wN2zN1_C2zC1wN1 : 468.0959760 (0.13)%
   GbbN2hN1_GbtC2zC1wN1 : 457.6743523 (0.13)%
   GbtC2wN2hN1_GqqN2hN1 : 456.0857224 (0.13)%
         GqqC1wN1_GttN1 : 454.8408407 (0.13)%
         N3hN1_N4wC1wN1 : 453.6977759 (0.13)%
         C2wN2zN1_N4hN1 : 449.9782166 (0.12)%
      GbtC2wN1_GttN2hN1 : 440.5271103 (0.12)%
   GbbN2hN1_GttN4wC1wN1 : 435.7319558 (0.12)%
      GbtC2wN2hN1_GqqN1 : 433.5810179 (0.12)%
            C2wN1_N4zN1 : 426.1780501 (0.12)%
GbtC2wN2hN1_GbtC2wN2zN1 : 423.1352268 (0.12)%
GbtC2zC1wN1_GbtC2zC1wN1 : 415.5041045 (0.11)%
   GbtC2wN2hN1_GttN4hN1 : 412.6255356 (0.11)%
            N2hN1_N3hN1 : 409.8131633 (0.11)%
            C2wN1_N3hN1 : 408.0481421 (0.11)%
   GbbN3zN1_GbtC2zC1wN1 : 405.8390860 (0.11)%
      GbbN2hN1_GqqC1wN1 : 394.0228196 (0.11)%
      GbtC2wN1_GqqN2hN1 : 392.6933150 (0.11)%
      GttN2hN1_GttN3zN1 : 390.0696444 (0.11)%
   GbbN3zN1_GttN4wC1wN1 : 386.3818406 (0.11)%
GttN4wC1wN1_GttN4wC1wN1 : 376.6179281 (0.10)%
         GbtC2wN1_GqqN1 : 373.3165914 (0.10)%
   GbtC2wN1_GbtC2wN2zN1 : 364.3226848 (0.10)%
GbbN4wC1wN1_GbtC2wN2hN1 : 363.0390744 (0.10)%
      GbtC2wN1_GttN4hN1 : 355.2737599 (0.10)%
------------------------------------------------------------
                                      SUM=89.40%

SHOWING PROCESSES TO GET 90.00% SUSY COVERAGE
---------------  Output inclusive processes  ---------------
The total xsec = 361980.81 [fb]
The total rate = 100.00%
                  Modes : xsec/fb      (rate)
            C1wN1_N2hN1 : 101632.4492716 (28.08)%
            C1wN1_C1wN1 : 63259.1973901 (17.48)%
            C1wN1_N2zN1 : 21832.6949299 (6.03)%
            C1wN1_N3zN1 : 9332.6653141 (2.58)%
      C2wN2hN1_N4wC1wN1 : 6183.4099642 (1.71)%
         C2wN1_N4wC1wN1 : 5323.9635395 (1.47)%
         C2wN2hN1_N3zN1 : 4329.3200852 (1.20)%
         N3zN1_N4wC1wN1 : 4144.5937991 (1.14)%
      C2zC1wN1_N4wC1wN1 : 4016.3225565 (1.11)%
            N2hN1_N3zN1 : 3743.7016135 (1.03)%
            C2wN1_N3zN1 : 3727.5778928 (1.03)%
         C2wN1_C2wN2hN1 : 2888.4605574 (0.80)%
         C1wN1_N4wC1wN1 : 2877.6207620 (0.79)%
         C2zC1wN1_N3zN1 : 2812.0318745 (0.78)%
   GbtC1wN1_GbtC2wN2hN1 : 2640.7377658 (0.73)%
      GbtC1wN1_GbtC2wN1 : 2273.6955279 (0.63)%
      C2wN2hN1_C2zC1wN1 : 2179.0136623 (0.60)%
               C1wN1_N1 : 2098.0216534 (0.58)%
         C2wN2hN1_N4hN1 : 2094.6744514 (0.58)%
      GbtC1wN1_GttN3zN1 : 2013.2690711 (0.56)%
         C2wN1_C2zC1wN1 : 1876.1475234 (0.52)%
            C2wN1_N4hN1 : 1803.5308140 (0.50)%
      GbtC1wN1_GbtC1wN1 : 1770.1755139 (0.49)%
   GbtC1wN1_GbtC2zC1wN1 : 1715.2436465 (0.47)%
   GbtC2wN1_GbtC2wN2hN1 : 1695.9430297 (0.47)%
      C2wN2hN1_C2wN2hN1 : 1677.3720988 (0.46)%
   GbtC1wN1_GttN4wC1wN1 : 1633.0092890 (0.45)%
         C1wN1_C2wN2hN1 : 1567.8522074 (0.43)%
   GbtC2wN2hN1_GttN3zN1 : 1501.6916761 (0.41)%
      GbtC1wN1_GqqC1wN1 : 1476.6943668 (0.41)%
            N3zN1_N4hN1 : 1404.0108601 (0.39)%
         C2zC1wN1_N4hN1 : 1360.5580572 (0.38)%
            C1wN1_C2wN1 : 1349.9328098 (0.37)%
      C2wN2zN1_N4wC1wN1 : 1328.3208694 (0.37)%
      GbtC2wN1_GttN3zN1 : 1292.9680835 (0.36)%
         C2wN2hN1_N2hN1 : 1284.6480948 (0.35)%
GbtC2wN2hN1_GbtC2zC1wN1 : 1279.3953592 (0.35)%
            C2wN1_C2wN1 : 1243.4933784 (0.34)%
GbtC2wN2hN1_GttN4wC1wN1 : 1218.0569857 (0.34)%
            C2wN1_N2hN1 : 1106.0918906 (0.31)%
   GbtC2wN1_GbtC2zC1wN1 : 1101.5692448 (0.30)%
   GbtC2wN2hN1_GqqC1wN1 : 1101.4621297 (0.30)%
         GbtC1wN1_GttN1 : 1090.4736105 (0.30)%
   GbtC2wN1_GttN4wC1wN1 : 1048.7564335 (0.29)%
            C1wN1_N3hN1 : 1021.6223112 (0.28)%
         C1wN1_C2zC1wN1 : 1018.3701586 (0.28)%
GbtC2wN2hN1_GbtC2wN2hN1 : 984.8593957 (0.27)%
   GbtC2zC1wN1_GttN3zN1 : 975.3967772 (0.27)%
            C1wN1_N4hN1 : 974.8146615 (0.27)%
      GbtC2wN1_GqqC1wN1 : 948.3673657 (0.26)%
      GbbN2hN1_GbtC1wN1 : 944.6633818 (0.26)%
         C2wN2zN1_N3zN1 : 930.0250594 (0.26)%
   GttN3zN1_GttN4wC1wN1 : 928.6330842 (0.26)%
      GqqC1wN1_GttN3zN1 : 839.7424642 (0.23)%
      GbbN3zN1_GbtC1wN1 : 837.6727284 (0.23)%
         C2zC1wN1_N2hN1 : 834.4200288 (0.23)%
      GbtC2wN2hN1_GttN1 : 813.3811657 (0.22)%
            N2zN1_N3zN1 : 804.2224292 (0.22)%
GbtC2zC1wN1_GttN4wC1wN1 : 791.1669734 (0.22)%
               N1_N3zN1 : 747.0620681 (0.21)%
      GbtC2wN1_GbtC2wN1 : 730.1099966 (0.20)%
      C2wN2hN1_C2wN2zN1 : 720.6665505 (0.20)%
   GbtC2zC1wN1_GqqC1wN1 : 715.4348850 (0.20)%
      C2zC1wN1_C2zC1wN1 : 707.6695362 (0.20)%
   GbbN2hN1_GbtC2wN2hN1 : 704.6217306 (0.19)%
         GbtC2wN1_GttN1 : 700.3274399 (0.19)%
      GbtC1wN1_GttN2hN1 : 685.9408345 (0.19)%
   GqqC1wN1_GttN4wC1wN1 : 681.1346104 (0.19)%
   GbbN3zN1_GbtC2wN2hN1 : 624.8177064 (0.17)%
         C2wN1_C2wN2zN1 : 620.4994430 (0.17)%
         GttN1_GttN3zN1 : 620.1127447 (0.17)%
      GbtC1wN1_GqqN2hN1 : 611.4592585 (0.17)%
      GbbN2hN1_GbtC2wN1 : 606.6847297 (0.17)%
         GbtC1wN1_GqqN1 : 581.2879349 (0.16)%
      GttN3zN1_GttN3zN1 : 572.4365071 (0.16)%
   GbtC1wN1_GbtC2wN2zN1 : 567.2836033 (0.16)%
      GbtC1wN1_GttN4hN1 : 553.1936029 (0.15)%
      GbbN3zN1_GbtC2wN1 : 537.9728511 (0.15)%
      GbbN2hN1_GttN3zN1 : 537.1957623 (0.15)%
      GbtC2zC1wN1_GttN1 : 528.3170842 (0.15)%
   GbtC2wN2hN1_GttN2hN1 : 511.6413182 (0.14)%
      GttN1_GttN4wC1wN1 : 502.9878454 (0.14)%
         C2wN2hN1_N4zN1 : 494.9758920 (0.14)%
   GbbN4wC1wN1_GbtC1wN1 : 486.7146511 (0.13)%
      GbbN3zN1_GttN3zN1 : 476.3540628 (0.13)%
         C2wN2hN1_N3hN1 : 473.9192763 (0.13)%
      C2wN2zN1_C2zC1wN1 : 468.0959760 (0.13)%
   GbbN2hN1_GbtC2zC1wN1 : 457.6743523 (0.13)%
   GbtC2wN2hN1_GqqN2hN1 : 456.0857224 (0.13)%
         GqqC1wN1_GttN1 : 454.8408407 (0.13)%
         N3hN1_N4wC1wN1 : 453.6977759 (0.13)%
         C2wN2zN1_N4hN1 : 449.9782166 (0.12)%
      GbtC2wN1_GttN2hN1 : 440.5271103 (0.12)%
   GbbN2hN1_GttN4wC1wN1 : 435.7319558 (0.12)%
      GbtC2wN2hN1_GqqN1 : 433.5810179 (0.12)%
            C2wN1_N4zN1 : 426.1780501 (0.12)%
GbtC2wN2hN1_GbtC2wN2zN1 : 423.1352268 (0.12)%
GbtC2zC1wN1_GbtC2zC1wN1 : 415.5041045 (0.11)%
   GbtC2wN2hN1_GttN4hN1 : 412.6255356 (0.11)%
            N2hN1_N3hN1 : 409.8131633 (0.11)%
            C2wN1_N3hN1 : 408.0481421 (0.11)%
   GbbN3zN1_GbtC2zC1wN1 : 405.8390860 (0.11)%
      GbbN2hN1_GqqC1wN1 : 394.0228196 (0.11)%
      GbtC2wN1_GqqN2hN1 : 392.6933150 (0.11)%
      GttN2hN1_GttN3zN1 : 390.0696444 (0.11)%
   GbbN3zN1_GttN4wC1wN1 : 386.3818406 (0.11)%
GttN4wC1wN1_GttN4wC1wN1 : 376.6179281 (0.10)%
         GbtC2wN1_GqqN1 : 373.3165914 (0.10)%
   GbtC2wN1_GbtC2wN2zN1 : 364.3226848 (0.10)%
GbbN4wC1wN1_GbtC2wN2hN1 : 363.0390744 (0.10)%
      GbtC2wN1_GttN4hN1 : 355.2737599 (0.10)%
      GbbN3zN1_GqqC1wN1 : 349.3965964 (0.10)%
      GqqN2hN1_GttN3zN1 : 347.7146768 (0.10)%
         C1wN1_C2wN2zN1 : 336.8061990 (0.09)%
   GbtC2zC1wN1_GttN2hN1 : 332.3274017 (0.09)%
            N3zN1_N4zN1 : 331.7706612 (0.09)%
         GqqN1_GttN3zN1 : 330.5573406 (0.09)%
   GbtC2wN2zN1_GttN3zN1 : 322.5935858 (0.09)%
------------------------------------------------------------
                                      SUM=90.05%
