/Users/rafalmaselek/Projects/fastlim-1.0
 
#################################################################
#                                                               #
#                                                               #
#                     This is Fastlim  ver. 1.0                 #
#                                                               #
#          A fast LHC limit calculator for BSM models.          #
#                                                               #
#                  http://cern.ch/fastlim-1.0/                  #
#                                                               #
#  for bugs/feature requests: fastlim-1.0.developers@gmail.com  #
#                                                               #
#    please refer to:                                           #
#    M.Papucci, K.Sakurai, A.Weiler, L.Zeune arXiv:1402.xxxx    #
#                                                               #
#################################################################
 

!! Masses incompatible with the data for ERER !!

!! Problem with reading tables for ER ER !! Probably mass outside the table !! Setting xsec to 10^-20 !!

!! Masses incompatible with the data for ELEL !!

!! Problem with reading tables for EL EL !! Probably mass outside the table !! Setting xsec to 10^-20 !!

!! Masses incompatible with the data for TAU1TAU1 !!

!! Problem with reading tables for TAU1 TAU1 !! Probably mass outside the table !! Setting xsec to 10^-20 !!

!! Masses incompatible with the data for TAU2TAU2 !!

!! Problem with reading tables for TAU2 TAU2 !! Probably mass outside the table !! Setting xsec to 10^-20 !!
!! EWK PROCESS C1C2 NOT FOUND !! WILL TRY TO LOOK FOR +/- MODES !!
XSEC FOUND FOR: C1-C2+
XSEC FOUND FOR: C1+C2-
!! EWK PROCESS C1N1 NOT FOUND !! WILL TRY TO LOOK FOR +/- MODES !!
XSEC FOUND FOR: C1+N1
XSEC FOUND FOR: C1-N1
!! EWK PROCESS C1N2 NOT FOUND !! WILL TRY TO LOOK FOR +/- MODES !!
XSEC FOUND FOR: C1+N2
XSEC FOUND FOR: C1-N2
!! EWK PROCESS C1N3 NOT FOUND !! WILL TRY TO LOOK FOR +/- MODES !!
XSEC FOUND FOR: C1+N3
XSEC FOUND FOR: C1-N3
!! EWK PROCESS C1N4 NOT FOUND !! WILL TRY TO LOOK FOR +/- MODES !!
XSEC FOUND FOR: C1+N4
XSEC FOUND FOR: C1-N4
!! EWK PROCESS C2N1 NOT FOUND !! WILL TRY TO LOOK FOR +/- MODES !!
XSEC FOUND FOR: C2+N1
XSEC FOUND FOR: C2-N1
!! EWK PROCESS C2N2 NOT FOUND !! WILL TRY TO LOOK FOR +/- MODES !!
XSEC FOUND FOR: C2+N2
XSEC FOUND FOR: C2-N2
!! EWK PROCESS C2N3 NOT FOUND !! WILL TRY TO LOOK FOR +/- MODES !!
XSEC FOUND FOR: C2+N3
XSEC FOUND FOR: C2-N3
!! EWK PROCESS C2N4 NOT FOUND !! WILL TRY TO LOOK FOR +/- MODES !!
XSEC FOUND FOR: C2+N4
XSEC FOUND FOR: C2-N4
---------------  Output inclusive processes  ---------------
The total xsec = 32321.14 [fb]
The total rate = 100.00%
Output upto 0.10%
               Modes : xsec/fb      (rate)
         C1wN1_N2zN1 : 17761.3262616 (54.95)%
         C1wN1_C1wN1 : 8547.1812346 (26.44)%
         C1wN1_N2hN1 : 721.4323066 (2.23)%
      GqqC1wN1_GttN1 : 229.1871219 (0.71)%
      GbtC1wN1_GttN1 : 219.7079539 (0.68)%
   GbtC1wN1_GqqC1wN1 : 210.9960627 (0.65)%
         GttN1_GttN1 : 119.3250551 (0.37)%
      GqqN2zN1_GttN1 : 110.1637592 (0.34)%
   GqqC1wN1_GqqC1wN1 : 110.0496807 (0.34)%
   GqqC1wN1_GqqN2zN1 : 105.7955301 (0.33)%
   GbtC1wN1_GqqN2zN1 : 101.4198322 (0.31)%
   GbtC1wN1_GbtC1wN1 : 101.1346380 (0.31)%
         GqqN1_GttN1 : 76.4691109 (0.24)%
      GqqC1wN1_GqqN1 : 73.4369467 (0.23)%
      GbtC1wN1_GqqN1 : 70.3995983 (0.22)%
      GbbN2zN1_GttN1 : 66.1951119 (0.20)%
   GbbN2zN1_GqqC1wN1 : 63.5703339 (0.20)%
   GbbN2zN1_GbtC1wN1 : 60.9410681 (0.19)%
   GbtC2hC1wN1_GttN1 : 53.1733606 (0.16)%
GbtC2hC1wN1_GqqC1wN1 : 51.0649229 (0.16)%
   C2hC1wN1_N3wC1wN1 : 50.8734109 (0.16)%
   C2hC1wN1_N4wC1wN1 : 49.3673036 (0.15)%
   GbtC2zC1wN1_GttN1 : 49.1151872 (0.15)%
GbtC1wN1_GbtC2hC1wN1 : 48.9528802 (0.15)%
GbtC2zC1wN1_GqqC1wN1 : 47.1676648 (0.15)%
   C2zC1wN1_N3wC1wN1 : 46.9907690 (0.15)%
   GbtC2wN2zN1_GttN1 : 46.5082202 (0.14)%
   C2zC1wN1_N4wC1wN1 : 45.5996072 (0.14)%
GbtC1wN1_GbtC2zC1wN1 : 45.2168125 (0.14)%
GbtC2wN2zN1_GqqC1wN1 : 44.6640696 (0.14)%
   C2wN2zN1_N3wC1wN1 : 44.4965632 (0.14)%
   C2wN2zN1_N4wC1wN1 : 43.1792424 (0.13)%
GbtC1wN1_GbtC2wN2zN1 : 42.8167659 (0.13)%
   N3wC1wN1_N4wC1wN1 : 41.8374865 (0.13)%
      GttN1_GttN2zN1 : 40.4412906 (0.13)%
   GqqC1wN1_GttN2zN1 : 38.8377067 (0.12)%
   GbtC1wN1_GttN2zN1 : 37.2313811 (0.12)%
   GttN1_GttN4wC1wN1 : 37.1230698 (0.11)%
GqqC1wN1_GttN4wC1wN1 : 35.6510606 (0.11)%
      GqqN1_GqqN2zN1 : 35.2990607 (0.11)%
GbtC1wN1_GttN4wC1wN1 : 34.1765345 (0.11)%
   GbbN2zN1_GqqN2zN1 : 30.5564593 (0.09)%
------------------------------------------------------------
                                   SUM=92.17%

SHOWING PROCESSES TO GET 90.00% SUSY COVERAGE
---------------  Output inclusive processes  ---------------
The total xsec = 32321.14 [fb]
The total rate = 100.00%
               Modes : xsec/fb      (rate)
         C1wN1_N2zN1 : 17761.3262616 (54.95)%
         C1wN1_C1wN1 : 8547.1812346 (26.44)%
         C1wN1_N2hN1 : 721.4323066 (2.23)%
      GqqC1wN1_GttN1 : 229.1871219 (0.71)%
      GbtC1wN1_GttN1 : 219.7079539 (0.68)%
   GbtC1wN1_GqqC1wN1 : 210.9960627 (0.65)%
         GttN1_GttN1 : 119.3250551 (0.37)%
      GqqN2zN1_GttN1 : 110.1637592 (0.34)%
   GqqC1wN1_GqqC1wN1 : 110.0496807 (0.34)%
   GqqC1wN1_GqqN2zN1 : 105.7955301 (0.33)%
   GbtC1wN1_GqqN2zN1 : 101.4198322 (0.31)%
   GbtC1wN1_GbtC1wN1 : 101.1346380 (0.31)%
         GqqN1_GttN1 : 76.4691109 (0.24)%
      GqqC1wN1_GqqN1 : 73.4369467 (0.23)%
      GbtC1wN1_GqqN1 : 70.3995983 (0.22)%
      GbbN2zN1_GttN1 : 66.1951119 (0.20)%
   GbbN2zN1_GqqC1wN1 : 63.5703339 (0.20)%
   GbbN2zN1_GbtC1wN1 : 60.9410681 (0.19)%
   GbtC2hC1wN1_GttN1 : 53.1733606 (0.16)%
GbtC2hC1wN1_GqqC1wN1 : 51.0649229 (0.16)%
   C2hC1wN1_N3wC1wN1 : 50.8734109 (0.16)%
   C2hC1wN1_N4wC1wN1 : 49.3673036 (0.15)%
   GbtC2zC1wN1_GttN1 : 49.1151872 (0.15)%
GbtC1wN1_GbtC2hC1wN1 : 48.9528802 (0.15)%
GbtC2zC1wN1_GqqC1wN1 : 47.1676648 (0.15)%
------------------------------------------------------------
                                   SUM=90.03%
