/Users/rafalmaselek/Projects/fastlim-1.0
 
#################################################################
#                                                               #
#                                                               #
#                     This is Fastlim  ver. 1.0                 #
#                                                               #
#          A fast LHC limit calculator for BSM models.          #
#                                                               #
#                  http://cern.ch/fastlim-1.0/                  #
#                                                               #
#  for bugs/feature requests: fastlim-1.0.developers@gmail.com  #
#                                                               #
#    please refer to:                                           #
#    M.Papucci, K.Sakurai, A.Weiler, L.Zeune arXiv:1402.xxxx    #
#                                                               #
#################################################################
 

!! Masses incompatible with the data for ERER !!

!! Problem with reading tables for ER ER !! Probably mass outside the table !! Setting xsec to 10^-20 !!

!! Masses incompatible with the data for ELEL !!

!! Problem with reading tables for EL EL !! Probably mass outside the table !! Setting xsec to 10^-20 !!

!! Masses incompatible with the data for TAU1TAU1 !!

!! Problem with reading tables for TAU1 TAU1 !! Probably mass outside the table !! Setting xsec to 10^-20 !!

!! Masses incompatible with the data for TAU2TAU2 !!

!! Problem with reading tables for TAU2 TAU2 !! Probably mass outside the table !! Setting xsec to 10^-20 !!
!! EWK PROCESS C1C2 NOT FOUND !! WILL TRY TO LOOK FOR +/- MODES !!
XSEC FOUND FOR: C1-C2+
XSEC FOUND FOR: C1+C2-
!! EWK PROCESS C1N1 NOT FOUND !! WILL TRY TO LOOK FOR +/- MODES !!
XSEC FOUND FOR: C1+N1
XSEC FOUND FOR: C1-N1
!! EWK PROCESS C1N2 NOT FOUND !! WILL TRY TO LOOK FOR +/- MODES !!
XSEC FOUND FOR: C1+N2
XSEC FOUND FOR: C1-N2
!! EWK PROCESS C1N3 NOT FOUND !! WILL TRY TO LOOK FOR +/- MODES !!
XSEC FOUND FOR: C1+N3
XSEC FOUND FOR: C1-N3
!! EWK PROCESS C1N4 NOT FOUND !! WILL TRY TO LOOK FOR +/- MODES !!
XSEC FOUND FOR: C1+N4
XSEC FOUND FOR: C1-N4
!! EWK PROCESS C2N1 NOT FOUND !! WILL TRY TO LOOK FOR +/- MODES !!
XSEC FOUND FOR: C2+N1
XSEC FOUND FOR: C2-N1
!! EWK PROCESS C2N2 NOT FOUND !! WILL TRY TO LOOK FOR +/- MODES !!
XSEC FOUND FOR: C2+N2
XSEC FOUND FOR: C2-N2
!! EWK PROCESS C2N3 NOT FOUND !! WILL TRY TO LOOK FOR +/- MODES !!
XSEC FOUND FOR: C2+N3
XSEC FOUND FOR: C2-N3
!! EWK PROCESS C2N4 NOT FOUND !! WILL TRY TO LOOK FOR +/- MODES !!
XSEC FOUND FOR: C2+N4
XSEC FOUND FOR: C2-N4
---------------  Output inclusive processes  ---------------
The total xsec = 164149.14 [fb]
The total rate = 100.00%
Output upto 0.10%
                          Modes : xsec/fb      (rate)
                    C1wN1_N2hN1 : 34809.2205532 (21.21)%
                    C1wN1_C1wN1 : 18983.1132845 (11.56)%
                    C1wN1_N2zN1 : 4203.3048316 (2.56)%
             GtT1bC1wN1_QqC1wN1 : 1448.8793941 (0.88)%
       GtT1bC1wN1_GtT1tN3wC1wN1 : 1382.8441199 (0.84)%
        GtT1bC1wN1_QqGtT1bC1wN1 : 1363.2970101 (0.83)%
          GtT1tN3wC1wN1_QqC1wN1 : 1181.9548715 (0.72)%
     GtT1bC1wN1_QqGtT1tN3wC1wN1 : 1112.1391807 (0.68)%
     GtT1tN3wC1wN1_QqGtT1bC1wN1 : 1112.1391807 (0.68)%
           QqC1wN1_QqGtT1bC1wN1 : 991.7484534 (0.60)%
  GtT1tN3wC1wN1_QqGtT1tN3wC1wN1 : 907.2517201 (0.55)%
          GtT1bC1wN1_GtT1bC1wN1 : 847.5680412 (0.52)%
        QqC1wN1_QqGtT1tN3wC1wN1 : 809.0403663 (0.49)%
   QqGtT1bC1wN1_QqGtT1tN3wC1wN1 : 761.2519834 (0.46)%
       GtT1bC1wN1_GtT1bC2zC1wN1 : 748.9695773 (0.46)%
       GtT1bC1wN1_GtT1bC2hC1wN1 : 721.9158556 (0.44)%
       GtT1bC1wN1_GtT1bC2wN2hN1 : 718.6963751 (0.44)%
          GtT1bC1wN1_GtT1tN2hN1 : 667.6261755 (0.41)%
             GtT1bC1wN1_QqN2hN1 : 654.2699782 (0.40)%
          GtT1bC2zC1wN1_QqC1wN1 : 640.1648803 (0.39)%
          GtT1bC2hC1wN1_QqC1wN1 : 617.0413209 (0.38)%
          GtT1bC2wN2hN1_QqC1wN1 : 614.2895425 (0.37)%
    GtT1bC2zC1wN1_GtT1tN3wC1wN1 : 610.9882190 (0.37)%
     GtT1bC1wN1_QqGtT1bC2zC1wN1 : 602.3516318 (0.37)%
     GtT1bC2zC1wN1_QqGtT1bC1wN1 : 602.3516318 (0.37)%
    GtT1bC2hC1wN1_GtT1tN3wC1wN1 : 588.9185572 (0.36)%
    GtT1bC2wN2hN1_GtT1tN3wC1wN1 : 586.2921960 (0.36)%
     GtT1bC2hC1wN1_QqGtT1bC1wN1 : 580.5939344 (0.35)%
     GtT1bC1wN1_QqGtT1bC2hC1wN1 : 580.5939344 (0.35)%
     GtT1bC2wN2hN1_QqGtT1bC1wN1 : 578.0046980 (0.35)%
     GtT1bC1wN1_QqGtT1bC2wN2hN1 : 578.0046980 (0.35)%
             GtT1tN2hN1_QqC1wN1 : 570.6384394 (0.35)%
    GtT1tN3wC1wN1_GtT1tN3wC1wN1 : 564.0425803 (0.34)%
       GtT1bC1wN1_GtT1tN4wC1wN1 : 545.9465906 (0.33)%
       GtT1tN2hN1_GtT1tN3wC1wN1 : 544.6305701 (0.33)%
       GtT1bC1wN1_GtT1tN3zN2hN1 : 542.1279846 (0.33)%
        GtT1bC1wN1_QqGtT1tN2hN1 : 536.9319775 (0.33)%
        GtT1tN2hN1_QqGtT1bC1wN1 : 536.9319775 (0.33)%
          GtT1tN3wC1wN1_QqN2hN1 : 533.7349617 (0.33)%
                QqC1wN1_QqC1wN1 : 527.0032457 (0.32)%
  GtT1tN3wC1wN1_QqGtT1bC2zC1wN1 : 491.3814417 (0.30)%
  GtT1bC2zC1wN1_QqGtT1tN3wC1wN1 : 491.3814417 (0.30)%
                QqC1wN1_QqN2hN1 : 475.9573550 (0.29)%
  GtT1tN3wC1wN1_QqGtT1bC2hC1wN1 : 473.6321270 (0.29)%
  GtT1bC2hC1wN1_QqGtT1tN3wC1wN1 : 473.6321270 (0.29)%
              C2zC1wN1_N4wC1wN1 : 473.0963292 (0.29)%
  GtT1tN3wC1wN1_QqGtT1bC2wN2hN1 : 471.5199010 (0.29)%
  GtT1bC2wN2hN1_QqGtT1tN3wC1wN1 : 471.5199010 (0.29)%
          GtT1tN4wC1wN1_QqC1wN1 : 466.6355542 (0.28)%
      QqGtT1bC1wN1_QqGtT1bC1wN1 : 466.5839361 (0.28)%
          GtT1tN3zN2hN1_QqC1wN1 : 463.3716868 (0.28)%
              C2hC1wN1_N4wC1wN1 : 456.0074956 (0.28)%
              C2wN2hN1_N4wC1wN1 : 453.9738691 (0.28)%
           QqGtT1bC1wN1_QqN2hN1 : 447.8435138 (0.27)%
    GtT1tN3wC1wN1_GtT1tN4wC1wN1 : 445.3678028 (0.27)%
    GtT1tN3wC1wN1_GtT1tN3zN2hN1 : 442.2526920 (0.27)%
              C2zC1wN1_N3wC1wN1 : 440.6377155 (0.27)%
     GtT1bC1wN1_QqGtT1tN4wC1wN1 : 439.0723331 (0.27)%
     GtT1tN4wC1wN1_QqGtT1bC1wN1 : 439.0723331 (0.27)%
        QqC1wN1_QqGtT1bC2zC1wN1 : 438.1886668 (0.27)%
     GtT1tN3wC1wN1_QqGtT1tN2hN1 : 438.0139362 (0.27)%
     GtT1tN2hN1_QqGtT1tN3wC1wN1 : 438.0139362 (0.27)%
     GtT1bC1wN1_QqGtT1tN3zN2hN1 : 436.0012557 (0.27)%
     GtT1tN3zN2hN1_QqGtT1bC1wN1 : 436.0012557 (0.27)%
              N3wC1wN1_N4wC1wN1 : 430.0050677 (0.26)%
              C2hC1wN1_N3wC1wN1 : 424.7213278 (0.26)%
              C2wN2hN1_N3wC1wN1 : 422.8272261 (0.26)%
        QqC1wN1_QqGtT1bC2hC1wN1 : 422.3607418 (0.26)%
        QqC1wN1_QqGtT1bC2wN2hN1 : 420.4771675 (0.26)%
   QqGtT1bC1wN1_QqGtT1bC2zC1wN1 : 412.3057459 (0.25)%
   QqGtT1bC1wN1_QqGtT1bC2hC1wN1 : 397.4127445 (0.24)%
   QqGtT1bC1wN1_QqGtT1bC2wN2hN1 : 395.6404291 (0.24)%
           QqC1wN1_QqGtT1tN2hN1 : 390.5982734 (0.24)%
      QqGtT1bC1wN1_QqGtT1tN2hN1 : 367.5264211 (0.22)%
        QqGtT1tN3wC1wN1_QqN2hN1 : 365.3380847 (0.22)%
          GtT1bC1wN1_GtT1bC2wN1 : 365.0307256 (0.22)%
          GtT1bC1wN1_GtT1tN3zN1 : 359.9633910 (0.22)%
  GtT1tN3wC1wN1_QqGtT1tN4wC1wN1 : 358.1828033 (0.22)%
  GtT1tN4wC1wN1_QqGtT1tN3wC1wN1 : 358.1828033 (0.22)%
  GtT1tN3zN2hN1_QqGtT1tN3wC1wN1 : 355.6775051 (0.22)%
  GtT1tN3wC1wN1_QqGtT1tN3zN2hN1 : 355.6775051 (0.22)%
QqGtT1bC2zC1wN1_QqGtT1tN3wC1wN1 : 336.3473777 (0.20)%
QqGtT1bC2hC1wN1_QqGtT1tN3wC1wN1 : 324.1980881 (0.20)%
QqGtT1bC2wN2hN1_QqGtT1tN3wC1wN1 : 322.7522832 (0.20)%
        QqC1wN1_QqGtT1tN4wC1wN1 : 319.4089799 (0.19)%
    GtT1bC2hC1wN1_GtT1bC2zC1wN1 : 318.9673200 (0.19)%
    GtT1bC2wN2hN1_GtT1bC2zC1wN1 : 317.5448425 (0.19)%
        QqC1wN1_QqGtT1tN3zN2hN1 : 317.1748840 (0.19)%
             GtT1bC2wN1_QqC1wN1 : 312.0017926 (0.19)%
QqGtT1tN3wC1wN1_QqGtT1tN3wC1wN1 : 310.5039294 (0.19)%
             GtT1tN3zN1_QqC1wN1 : 307.6706025 (0.19)%
    GtT1bC2hC1wN1_GtT1bC2wN2hN1 : 306.0747240 (0.19)%
   QqGtT1bC1wN1_QqGtT1tN4wC1wN1 : 300.5421355 (0.18)%
   QqGtT1tN2hN1_QqGtT1tN3wC1wN1 : 299.8176698 (0.18)%
   QqGtT1bC1wN1_QqGtT1tN3zN2hN1 : 298.4400032 (0.18)%
       GtT1bC2wN1_GtT1tN3wC1wN1 : 297.7817520 (0.18)%
       GtT1bC2zC1wN1_GtT1tN2hN1 : 294.9802672 (0.18)%
       GtT1tN3wC1wN1_GtT1tN3zN1 : 293.6479636 (0.18)%
        GtT1bC2wN1_QqGtT1bC1wN1 : 293.5724759 (0.18)%
        GtT1bC1wN1_QqGtT1bC2wN1 : 293.5724759 (0.18)%
        GtT1tN3zN1_QqGtT1bC1wN1 : 289.4971205 (0.18)%
        GtT1bC1wN1_QqGtT1tN3zN1 : 289.4971205 (0.18)%
          GtT1bC2zC1wN1_QqN2hN1 : 289.0790386 (0.18)%
       GtT1bC2hC1wN1_GtT1tN2hN1 : 284.3252095 (0.17)%
       GtT1bC2wN2hN1_GtT1tN2hN1 : 283.0572231 (0.17)%
          GtT1bC2hC1wN1_QqN2hN1 : 278.6371407 (0.17)%
          GtT1bC2wN2hN1_QqN2hN1 : 277.3945210 (0.17)%
  GtT1bC2zC1wN1_QqGtT1bC2zC1wN1 : 266.1397228 (0.16)%
             GtT1tN2hN1_QqN2hN1 : 257.6830072 (0.16)%
  GtT1bC2hC1wN1_QqGtT1bC2zC1wN1 : 256.5264218 (0.16)%
  GtT1bC2zC1wN1_QqGtT1bC2hC1wN1 : 256.5264218 (0.16)%
  GtT1bC2zC1wN1_QqGtT1bC2wN2hN1 : 255.3824078 (0.16)%
  GtT1bC2wN2hN1_QqGtT1bC2zC1wN1 : 255.3824078 (0.16)%
             GtT1bC1wN1_GtT1tN1 : 248.9167127 (0.15)%
  GtT1bC2hC1wN1_QqGtT1bC2hC1wN1 : 247.2603653 (0.15)%
  GtT1bC2hC1wN1_QqGtT1bC2wN2hN1 : 246.1576745 (0.15)%
  GtT1bC2wN2hN1_QqGtT1bC2hC1wN1 : 246.1576745 (0.15)%
QqGtT1tN3wC1wN1_QqGtT1tN4wC1wN1 : 245.1737823 (0.15)%
  GtT1bC2wN2hN1_QqGtT1bC2wN2hN1 : 245.0599014 (0.15)%
QqGtT1tN3wC1wN1_QqGtT1tN3zN2hN1 : 243.4589221 (0.15)%
    GtT1bC2zC1wN1_GtT1tN4wC1wN1 : 241.2180305 (0.15)%
              C2hC1wN1_C2zC1wN1 : 240.8572459 (0.15)%
              C2wN2hN1_C2zC1wN1 : 239.7831107 (0.15)%
    GtT1bC2zC1wN1_GtT1tN3zN2hN1 : 239.5308387 (0.15)%
     GtT1bC2wN1_QqGtT1tN3wC1wN1 : 239.4881309 (0.15)%
     GtT1tN3wC1wN1_QqGtT1bC2wN1 : 239.4881309 (0.15)%
                 C1wN1_N3wC1wN1 : 238.1417287 (0.15)%
     GtT1bC2zC1wN1_QqGtT1tN2hN1 : 237.2350636 (0.14)%
     GtT1tN2hN1_QqGtT1bC2zC1wN1 : 237.2350636 (0.14)%
     GtT1tN3zN1_QqGtT1tN3wC1wN1 : 236.1635711 (0.14)%
     GtT1tN3wC1wN1_QqGtT1tN3zN1 : 236.1635711 (0.14)%
    GtT1bC2hC1wN1_GtT1tN4wC1wN1 : 232.5049323 (0.14)%
    GtT1bC2wN2hN1_GtT1tN4wC1wN1 : 231.4680454 (0.14)%
              C2hC1wN1_C2wN2hN1 : 231.1218436 (0.14)%
    GtT1bC2hC1wN1_GtT1tN3zN2hN1 : 230.8786840 (0.14)%
                 C2wN1_N4wC1wN1 : 230.5763833 (0.14)%
    GtT1bC2wN2hN1_GtT1tN3zN2hN1 : 229.8490495 (0.14)%
     GtT1bC2hC1wN1_QqGtT1tN2hN1 : 228.6658351 (0.14)%
     GtT1tN2hN1_QqGtT1bC2hC1wN1 : 228.6658351 (0.14)%
     GtT1bC2wN2hN1_QqGtT1tN2hN1 : 227.6460692 (0.14)%
     GtT1tN2hN1_QqGtT1bC2wN2hN1 : 227.6460692 (0.14)%
       GtT1tN2hN1_GtT1tN4wC1wN1 : 215.0200436 (0.13)%
                 C2wN1_N3wC1wN1 : 214.7567937 (0.13)%
           QqC1wN1_QqGtT1bC2wN1 : 213.5631831 (0.13)%
       GtT1tN2hN1_GtT1tN3zN2hN1 : 213.5160927 (0.13)%
                GtT1tN1_QqC1wN1 : 212.7559549 (0.13)%
       GtT1bC1wN1_GtT1tN4hN2hN1 : 212.3106258 (0.13)%
        GtT1tN2hN1_QqGtT1tN2hN1 : 211.4696551 (0.13)%
          GtT1tN4wC1wN1_QqN2hN1 : 210.7184595 (0.13)%
           QqC1wN1_QqGtT1tN3zN1 : 210.5985118 (0.13)%
          GtT1tN3zN2hN1_QqN2hN1 : 209.2445959 (0.13)%
          GtT1tN1_GtT1tN3wC1wN1 : 203.0592210 (0.12)%
      QqGtT1bC1wN1_QqGtT1bC2wN1 : 200.9484365 (0.12)%
           GtT1tN1_QqGtT1bC1wN1 : 200.1888896 (0.12)%
           GtT1bC1wN1_QqGtT1tN1 : 200.1888896 (0.12)%
      QqGtT1bC1wN1_QqGtT1tN3zN1 : 198.1588824 (0.12)%
        QqGtT1bC2zC1wN1_QqN2hN1 : 197.8727081 (0.12)%
                    N2hN1_N2hN1 : 197.3182983 (0.12)%
                          N1_N1 : 195.4511477 (0.12)%
  GtT1tN4wC1wN1_QqGtT1bC2zC1wN1 : 193.9972980 (0.12)%
  GtT1bC2zC1wN1_QqGtT1tN4wC1wN1 : 193.9972980 (0.12)%
  GtT1tN3zN2hN1_QqGtT1bC2zC1wN1 : 192.6403901 (0.12)%
  GtT1bC2zC1wN1_QqGtT1tN3zN2hN1 : 192.6403901 (0.12)%
        QqGtT1bC2hC1wN1_QqN2hN1 : 190.7252974 (0.12)%
        QqGtT1bC2wN2hN1_QqN2hN1 : 189.8747324 (0.12)%
  GtT1bC2hC1wN1_QqGtT1tN4wC1wN1 : 186.9898719 (0.11)%
  GtT1tN4wC1wN1_QqGtT1bC2hC1wN1 : 186.9898719 (0.11)%
  GtT1bC2wN2hN1_QqGtT1tN4wC1wN1 : 186.1559656 (0.11)%
  GtT1tN4wC1wN1_QqGtT1bC2wN2hN1 : 186.1559656 (0.11)%
  GtT1bC2hC1wN1_QqGtT1tN3zN2hN1 : 185.6819773 (0.11)%
  GtT1tN3zN2hN1_QqGtT1bC2hC1wN1 : 185.6819773 (0.11)%
  GtT1tN3zN2hN1_QqGtT1bC2wN2hN1 : 184.8539036 (0.11)%
  GtT1bC2wN2hN1_QqGtT1tN3zN2hN1 : 184.8539036 (0.11)%
              C2zC1wN1_N4hN2hN1 : 183.9802271 (0.11)%
          GtT1tN4hN2hN1_QqC1wN1 : 181.4677264 (0.11)%
              C2hC1wN1_N4hN2hN1 : 177.3346302 (0.11)%
              C2wN2hN1_N4hN2hN1 : 176.5437827 (0.11)%
           QqGtT1tN2hN1_QqN2hN1 : 176.3823303 (0.11)%
QqGtT1bC2hC1wN1_QqGtT1bC2zC1wN1 : 175.5906552 (0.11)%
QqGtT1bC2wN2hN1_QqGtT1bC2zC1wN1 : 174.8075851 (0.11)%
    GtT1tN3zN2hN1_GtT1tN4wC1wN1 : 174.6012771 (0.11)%
    GtT1tN3wC1wN1_GtT1tN4hN2hN1 : 173.1970096 (0.11)%
     GtT1tN2hN1_QqGtT1tN4wC1wN1 : 172.9278171 (0.11)%
     GtT1tN4wC1wN1_QqGtT1tN2hN1 : 172.9278171 (0.11)%
              C2zC1wN1_N3zN2hN1 : 172.7469012 (0.11)%
     GtT1tN2hN1_QqGtT1tN3zN2hN1 : 171.7182790 (0.10)%
     GtT1tN3zN2hN1_QqGtT1tN2hN1 : 171.7182790 (0.10)%
     GtT1bC1wN1_QqGtT1tN4hN2hN1 : 170.7487937 (0.10)%
     GtT1tN4hN2hN1_QqGtT1bC1wN1 : 170.7487937 (0.10)%
              N3zN2hN1_N4wC1wN1 : 168.5784951 (0.10)%
QqGtT1bC2hC1wN1_QqGtT1bC2wN2hN1 : 168.4933156 (0.10)%
              N3wC1wN1_N4hN2hN1 : 167.2226672 (0.10)%
              C2hC1wN1_N3zN2hN1 : 166.5070662 (0.10)%
              C2wN2hN1_N3zN2hN1 : 165.7645057 (0.10)%
    GtT1bC2zC1wN1_GtT1bC2zC1wN1 : 165.4602936 (0.10)%
   QqGtT1bC2wN1_QqGtT1tN3wC1wN1 : 163.9280567 (0.10)%
------------------------------------------------------------
                                              SUM=78.86%

SHOWING PROCESSES TO GET 90.00% SUSY COVERAGE
---------------  Output inclusive processes  ---------------
The total xsec = 164149.14 [fb]
The total rate = 100.00%
                          Modes : xsec/fb      (rate)
                    C1wN1_N2hN1 : 34809.2205532 (21.21)%
                    C1wN1_C1wN1 : 18983.1132845 (11.56)%
                    C1wN1_N2zN1 : 4203.3048316 (2.56)%
             GtT1bC1wN1_QqC1wN1 : 1448.8793941 (0.88)%
       GtT1bC1wN1_GtT1tN3wC1wN1 : 1382.8441199 (0.84)%
        GtT1bC1wN1_QqGtT1bC1wN1 : 1363.2970101 (0.83)%
          GtT1tN3wC1wN1_QqC1wN1 : 1181.9548715 (0.72)%
     GtT1bC1wN1_QqGtT1tN3wC1wN1 : 1112.1391807 (0.68)%
     GtT1tN3wC1wN1_QqGtT1bC1wN1 : 1112.1391807 (0.68)%
           QqC1wN1_QqGtT1bC1wN1 : 991.7484534 (0.60)%
  GtT1tN3wC1wN1_QqGtT1tN3wC1wN1 : 907.2517201 (0.55)%
          GtT1bC1wN1_GtT1bC1wN1 : 847.5680412 (0.52)%
        QqC1wN1_QqGtT1tN3wC1wN1 : 809.0403663 (0.49)%
   QqGtT1bC1wN1_QqGtT1tN3wC1wN1 : 761.2519834 (0.46)%
       GtT1bC1wN1_GtT1bC2zC1wN1 : 748.9695773 (0.46)%
       GtT1bC1wN1_GtT1bC2hC1wN1 : 721.9158556 (0.44)%
       GtT1bC1wN1_GtT1bC2wN2hN1 : 718.6963751 (0.44)%
          GtT1bC1wN1_GtT1tN2hN1 : 667.6261755 (0.41)%
             GtT1bC1wN1_QqN2hN1 : 654.2699782 (0.40)%
          GtT1bC2zC1wN1_QqC1wN1 : 640.1648803 (0.39)%
          GtT1bC2hC1wN1_QqC1wN1 : 617.0413209 (0.38)%
          GtT1bC2wN2hN1_QqC1wN1 : 614.2895425 (0.37)%
    GtT1bC2zC1wN1_GtT1tN3wC1wN1 : 610.9882190 (0.37)%
     GtT1bC1wN1_QqGtT1bC2zC1wN1 : 602.3516318 (0.37)%
     GtT1bC2zC1wN1_QqGtT1bC1wN1 : 602.3516318 (0.37)%
    GtT1bC2hC1wN1_GtT1tN3wC1wN1 : 588.9185572 (0.36)%
    GtT1bC2wN2hN1_GtT1tN3wC1wN1 : 586.2921960 (0.36)%
     GtT1bC2hC1wN1_QqGtT1bC1wN1 : 580.5939344 (0.35)%
     GtT1bC1wN1_QqGtT1bC2hC1wN1 : 580.5939344 (0.35)%
     GtT1bC2wN2hN1_QqGtT1bC1wN1 : 578.0046980 (0.35)%
     GtT1bC1wN1_QqGtT1bC2wN2hN1 : 578.0046980 (0.35)%
             GtT1tN2hN1_QqC1wN1 : 570.6384394 (0.35)%
    GtT1tN3wC1wN1_GtT1tN3wC1wN1 : 564.0425803 (0.34)%
       GtT1bC1wN1_GtT1tN4wC1wN1 : 545.9465906 (0.33)%
       GtT1tN2hN1_GtT1tN3wC1wN1 : 544.6305701 (0.33)%
       GtT1bC1wN1_GtT1tN3zN2hN1 : 542.1279846 (0.33)%
        GtT1bC1wN1_QqGtT1tN2hN1 : 536.9319775 (0.33)%
        GtT1tN2hN1_QqGtT1bC1wN1 : 536.9319775 (0.33)%
          GtT1tN3wC1wN1_QqN2hN1 : 533.7349617 (0.33)%
                QqC1wN1_QqC1wN1 : 527.0032457 (0.32)%
  GtT1tN3wC1wN1_QqGtT1bC2zC1wN1 : 491.3814417 (0.30)%
  GtT1bC2zC1wN1_QqGtT1tN3wC1wN1 : 491.3814417 (0.30)%
                QqC1wN1_QqN2hN1 : 475.9573550 (0.29)%
  GtT1tN3wC1wN1_QqGtT1bC2hC1wN1 : 473.6321270 (0.29)%
  GtT1bC2hC1wN1_QqGtT1tN3wC1wN1 : 473.6321270 (0.29)%
              C2zC1wN1_N4wC1wN1 : 473.0963292 (0.29)%
  GtT1tN3wC1wN1_QqGtT1bC2wN2hN1 : 471.5199010 (0.29)%
  GtT1bC2wN2hN1_QqGtT1tN3wC1wN1 : 471.5199010 (0.29)%
          GtT1tN4wC1wN1_QqC1wN1 : 466.6355542 (0.28)%
      QqGtT1bC1wN1_QqGtT1bC1wN1 : 466.5839361 (0.28)%
          GtT1tN3zN2hN1_QqC1wN1 : 463.3716868 (0.28)%
              C2hC1wN1_N4wC1wN1 : 456.0074956 (0.28)%
              C2wN2hN1_N4wC1wN1 : 453.9738691 (0.28)%
           QqGtT1bC1wN1_QqN2hN1 : 447.8435138 (0.27)%
    GtT1tN3wC1wN1_GtT1tN4wC1wN1 : 445.3678028 (0.27)%
    GtT1tN3wC1wN1_GtT1tN3zN2hN1 : 442.2526920 (0.27)%
              C2zC1wN1_N3wC1wN1 : 440.6377155 (0.27)%
     GtT1bC1wN1_QqGtT1tN4wC1wN1 : 439.0723331 (0.27)%
     GtT1tN4wC1wN1_QqGtT1bC1wN1 : 439.0723331 (0.27)%
        QqC1wN1_QqGtT1bC2zC1wN1 : 438.1886668 (0.27)%
     GtT1tN3wC1wN1_QqGtT1tN2hN1 : 438.0139362 (0.27)%
     GtT1tN2hN1_QqGtT1tN3wC1wN1 : 438.0139362 (0.27)%
     GtT1bC1wN1_QqGtT1tN3zN2hN1 : 436.0012557 (0.27)%
     GtT1tN3zN2hN1_QqGtT1bC1wN1 : 436.0012557 (0.27)%
              N3wC1wN1_N4wC1wN1 : 430.0050677 (0.26)%
              C2hC1wN1_N3wC1wN1 : 424.7213278 (0.26)%
              C2wN2hN1_N3wC1wN1 : 422.8272261 (0.26)%
        QqC1wN1_QqGtT1bC2hC1wN1 : 422.3607418 (0.26)%
        QqC1wN1_QqGtT1bC2wN2hN1 : 420.4771675 (0.26)%
   QqGtT1bC1wN1_QqGtT1bC2zC1wN1 : 412.3057459 (0.25)%
   QqGtT1bC1wN1_QqGtT1bC2hC1wN1 : 397.4127445 (0.24)%
   QqGtT1bC1wN1_QqGtT1bC2wN2hN1 : 395.6404291 (0.24)%
           QqC1wN1_QqGtT1tN2hN1 : 390.5982734 (0.24)%
      QqGtT1bC1wN1_QqGtT1tN2hN1 : 367.5264211 (0.22)%
        QqGtT1tN3wC1wN1_QqN2hN1 : 365.3380847 (0.22)%
          GtT1bC1wN1_GtT1bC2wN1 : 365.0307256 (0.22)%
          GtT1bC1wN1_GtT1tN3zN1 : 359.9633910 (0.22)%
  GtT1tN3wC1wN1_QqGtT1tN4wC1wN1 : 358.1828033 (0.22)%
  GtT1tN4wC1wN1_QqGtT1tN3wC1wN1 : 358.1828033 (0.22)%
  GtT1tN3zN2hN1_QqGtT1tN3wC1wN1 : 355.6775051 (0.22)%
  GtT1tN3wC1wN1_QqGtT1tN3zN2hN1 : 355.6775051 (0.22)%
QqGtT1bC2zC1wN1_QqGtT1tN3wC1wN1 : 336.3473777 (0.20)%
QqGtT1bC2hC1wN1_QqGtT1tN3wC1wN1 : 324.1980881 (0.20)%
QqGtT1bC2wN2hN1_QqGtT1tN3wC1wN1 : 322.7522832 (0.20)%
        QqC1wN1_QqGtT1tN4wC1wN1 : 319.4089799 (0.19)%
    GtT1bC2hC1wN1_GtT1bC2zC1wN1 : 318.9673200 (0.19)%
    GtT1bC2wN2hN1_GtT1bC2zC1wN1 : 317.5448425 (0.19)%
        QqC1wN1_QqGtT1tN3zN2hN1 : 317.1748840 (0.19)%
             GtT1bC2wN1_QqC1wN1 : 312.0017926 (0.19)%
QqGtT1tN3wC1wN1_QqGtT1tN3wC1wN1 : 310.5039294 (0.19)%
             GtT1tN3zN1_QqC1wN1 : 307.6706025 (0.19)%
    GtT1bC2hC1wN1_GtT1bC2wN2hN1 : 306.0747240 (0.19)%
   QqGtT1bC1wN1_QqGtT1tN4wC1wN1 : 300.5421355 (0.18)%
   QqGtT1tN2hN1_QqGtT1tN3wC1wN1 : 299.8176698 (0.18)%
   QqGtT1bC1wN1_QqGtT1tN3zN2hN1 : 298.4400032 (0.18)%
       GtT1bC2wN1_GtT1tN3wC1wN1 : 297.7817520 (0.18)%
       GtT1bC2zC1wN1_GtT1tN2hN1 : 294.9802672 (0.18)%
       GtT1tN3wC1wN1_GtT1tN3zN1 : 293.6479636 (0.18)%
        GtT1bC2wN1_QqGtT1bC1wN1 : 293.5724759 (0.18)%
        GtT1bC1wN1_QqGtT1bC2wN1 : 293.5724759 (0.18)%
        GtT1tN3zN1_QqGtT1bC1wN1 : 289.4971205 (0.18)%
        GtT1bC1wN1_QqGtT1tN3zN1 : 289.4971205 (0.18)%
          GtT1bC2zC1wN1_QqN2hN1 : 289.0790386 (0.18)%
       GtT1bC2hC1wN1_GtT1tN2hN1 : 284.3252095 (0.17)%
       GtT1bC2wN2hN1_GtT1tN2hN1 : 283.0572231 (0.17)%
          GtT1bC2hC1wN1_QqN2hN1 : 278.6371407 (0.17)%
          GtT1bC2wN2hN1_QqN2hN1 : 277.3945210 (0.17)%
  GtT1bC2zC1wN1_QqGtT1bC2zC1wN1 : 266.1397228 (0.16)%
             GtT1tN2hN1_QqN2hN1 : 257.6830072 (0.16)%
  GtT1bC2hC1wN1_QqGtT1bC2zC1wN1 : 256.5264218 (0.16)%
  GtT1bC2zC1wN1_QqGtT1bC2hC1wN1 : 256.5264218 (0.16)%
  GtT1bC2zC1wN1_QqGtT1bC2wN2hN1 : 255.3824078 (0.16)%
  GtT1bC2wN2hN1_QqGtT1bC2zC1wN1 : 255.3824078 (0.16)%
             GtT1bC1wN1_GtT1tN1 : 248.9167127 (0.15)%
  GtT1bC2hC1wN1_QqGtT1bC2hC1wN1 : 247.2603653 (0.15)%
  GtT1bC2hC1wN1_QqGtT1bC2wN2hN1 : 246.1576745 (0.15)%
  GtT1bC2wN2hN1_QqGtT1bC2hC1wN1 : 246.1576745 (0.15)%
QqGtT1tN3wC1wN1_QqGtT1tN4wC1wN1 : 245.1737823 (0.15)%
  GtT1bC2wN2hN1_QqGtT1bC2wN2hN1 : 245.0599014 (0.15)%
QqGtT1tN3wC1wN1_QqGtT1tN3zN2hN1 : 243.4589221 (0.15)%
    GtT1bC2zC1wN1_GtT1tN4wC1wN1 : 241.2180305 (0.15)%
              C2hC1wN1_C2zC1wN1 : 240.8572459 (0.15)%
              C2wN2hN1_C2zC1wN1 : 239.7831107 (0.15)%
    GtT1bC2zC1wN1_GtT1tN3zN2hN1 : 239.5308387 (0.15)%
     GtT1bC2wN1_QqGtT1tN3wC1wN1 : 239.4881309 (0.15)%
     GtT1tN3wC1wN1_QqGtT1bC2wN1 : 239.4881309 (0.15)%
                 C1wN1_N3wC1wN1 : 238.1417287 (0.15)%
     GtT1bC2zC1wN1_QqGtT1tN2hN1 : 237.2350636 (0.14)%
     GtT1tN2hN1_QqGtT1bC2zC1wN1 : 237.2350636 (0.14)%
     GtT1tN3zN1_QqGtT1tN3wC1wN1 : 236.1635711 (0.14)%
     GtT1tN3wC1wN1_QqGtT1tN3zN1 : 236.1635711 (0.14)%
    GtT1bC2hC1wN1_GtT1tN4wC1wN1 : 232.5049323 (0.14)%
    GtT1bC2wN2hN1_GtT1tN4wC1wN1 : 231.4680454 (0.14)%
              C2hC1wN1_C2wN2hN1 : 231.1218436 (0.14)%
    GtT1bC2hC1wN1_GtT1tN3zN2hN1 : 230.8786840 (0.14)%
                 C2wN1_N4wC1wN1 : 230.5763833 (0.14)%
    GtT1bC2wN2hN1_GtT1tN3zN2hN1 : 229.8490495 (0.14)%
     GtT1bC2hC1wN1_QqGtT1tN2hN1 : 228.6658351 (0.14)%
     GtT1tN2hN1_QqGtT1bC2hC1wN1 : 228.6658351 (0.14)%
     GtT1bC2wN2hN1_QqGtT1tN2hN1 : 227.6460692 (0.14)%
     GtT1tN2hN1_QqGtT1bC2wN2hN1 : 227.6460692 (0.14)%
       GtT1tN2hN1_GtT1tN4wC1wN1 : 215.0200436 (0.13)%
                 C2wN1_N3wC1wN1 : 214.7567937 (0.13)%
           QqC1wN1_QqGtT1bC2wN1 : 213.5631831 (0.13)%
       GtT1tN2hN1_GtT1tN3zN2hN1 : 213.5160927 (0.13)%
                GtT1tN1_QqC1wN1 : 212.7559549 (0.13)%
       GtT1bC1wN1_GtT1tN4hN2hN1 : 212.3106258 (0.13)%
        GtT1tN2hN1_QqGtT1tN2hN1 : 211.4696551 (0.13)%
          GtT1tN4wC1wN1_QqN2hN1 : 210.7184595 (0.13)%
           QqC1wN1_QqGtT1tN3zN1 : 210.5985118 (0.13)%
          GtT1tN3zN2hN1_QqN2hN1 : 209.2445959 (0.13)%
          GtT1tN1_GtT1tN3wC1wN1 : 203.0592210 (0.12)%
      QqGtT1bC1wN1_QqGtT1bC2wN1 : 200.9484365 (0.12)%
           GtT1tN1_QqGtT1bC1wN1 : 200.1888896 (0.12)%
           GtT1bC1wN1_QqGtT1tN1 : 200.1888896 (0.12)%
      QqGtT1bC1wN1_QqGtT1tN3zN1 : 198.1588824 (0.12)%
        QqGtT1bC2zC1wN1_QqN2hN1 : 197.8727081 (0.12)%
                    N2hN1_N2hN1 : 197.3182983 (0.12)%
                          N1_N1 : 195.4511477 (0.12)%
  GtT1tN4wC1wN1_QqGtT1bC2zC1wN1 : 193.9972980 (0.12)%
  GtT1bC2zC1wN1_QqGtT1tN4wC1wN1 : 193.9972980 (0.12)%
  GtT1tN3zN2hN1_QqGtT1bC2zC1wN1 : 192.6403901 (0.12)%
  GtT1bC2zC1wN1_QqGtT1tN3zN2hN1 : 192.6403901 (0.12)%
        QqGtT1bC2hC1wN1_QqN2hN1 : 190.7252974 (0.12)%
        QqGtT1bC2wN2hN1_QqN2hN1 : 189.8747324 (0.12)%
  GtT1bC2hC1wN1_QqGtT1tN4wC1wN1 : 186.9898719 (0.11)%
  GtT1tN4wC1wN1_QqGtT1bC2hC1wN1 : 186.9898719 (0.11)%
  GtT1bC2wN2hN1_QqGtT1tN4wC1wN1 : 186.1559656 (0.11)%
  GtT1tN4wC1wN1_QqGtT1bC2wN2hN1 : 186.1559656 (0.11)%
  GtT1bC2hC1wN1_QqGtT1tN3zN2hN1 : 185.6819773 (0.11)%
  GtT1tN3zN2hN1_QqGtT1bC2hC1wN1 : 185.6819773 (0.11)%
  GtT1tN3zN2hN1_QqGtT1bC2wN2hN1 : 184.8539036 (0.11)%
  GtT1bC2wN2hN1_QqGtT1tN3zN2hN1 : 184.8539036 (0.11)%
              C2zC1wN1_N4hN2hN1 : 183.9802271 (0.11)%
          GtT1tN4hN2hN1_QqC1wN1 : 181.4677264 (0.11)%
              C2hC1wN1_N4hN2hN1 : 177.3346302 (0.11)%
              C2wN2hN1_N4hN2hN1 : 176.5437827 (0.11)%
           QqGtT1tN2hN1_QqN2hN1 : 176.3823303 (0.11)%
QqGtT1bC2hC1wN1_QqGtT1bC2zC1wN1 : 175.5906552 (0.11)%
QqGtT1bC2wN2hN1_QqGtT1bC2zC1wN1 : 174.8075851 (0.11)%
    GtT1tN3zN2hN1_GtT1tN4wC1wN1 : 174.6012771 (0.11)%
    GtT1tN3wC1wN1_GtT1tN4hN2hN1 : 173.1970096 (0.11)%
     GtT1tN2hN1_QqGtT1tN4wC1wN1 : 172.9278171 (0.11)%
     GtT1tN4wC1wN1_QqGtT1tN2hN1 : 172.9278171 (0.11)%
              C2zC1wN1_N3zN2hN1 : 172.7469012 (0.11)%
     GtT1tN2hN1_QqGtT1tN3zN2hN1 : 171.7182790 (0.10)%
     GtT1tN3zN2hN1_QqGtT1tN2hN1 : 171.7182790 (0.10)%
     GtT1bC1wN1_QqGtT1tN4hN2hN1 : 170.7487937 (0.10)%
     GtT1tN4hN2hN1_QqGtT1bC1wN1 : 170.7487937 (0.10)%
              N3zN2hN1_N4wC1wN1 : 168.5784951 (0.10)%
QqGtT1bC2hC1wN1_QqGtT1bC2wN2hN1 : 168.4933156 (0.10)%
              N3wC1wN1_N4hN2hN1 : 167.2226672 (0.10)%
              C2hC1wN1_N3zN2hN1 : 166.5070662 (0.10)%
              C2wN2hN1_N3zN2hN1 : 165.7645057 (0.10)%
    GtT1bC2zC1wN1_GtT1bC2zC1wN1 : 165.4602936 (0.10)%
   QqGtT1bC2wN1_QqGtT1tN3wC1wN1 : 163.9280567 (0.10)%
        GtT1tN1_QqGtT1tN3wC1wN1 : 163.3084398 (0.10)%
        GtT1tN3wC1wN1_QqGtT1tN1 : 163.3084398 (0.10)%
   QqGtT1bC2zC1wN1_QqGtT1tN2hN1 : 162.3858468 (0.10)%
   QqGtT1tN3wC1wN1_QqGtT1tN3zN1 : 161.6524173 (0.10)%
       GtT1bC2wN1_GtT1bC2zC1wN1 : 161.2831625 (0.10)%
       GtT1bC2zC1wN1_GtT1tN3zN1 : 159.0442393 (0.10)%
   QqGtT1bC2hC1wN1_QqGtT1tN2hN1 : 156.5202661 (0.10)%
   QqGtT1bC2wN2hN1_QqGtT1tN2hN1 : 155.8222430 (0.09)%
       GtT1bC2hC1wN1_GtT1bC2wN1 : 155.4574121 (0.09)%
       GtT1bC2wN1_GtT1bC2wN2hN1 : 154.7641290 (0.09)%
    GtT1bC2hC1wN1_GtT1bC2hC1wN1 : 153.7229099 (0.09)%
       GtT1bC2hC1wN1_GtT1tN3zN1 : 153.2993617 (0.09)%
       GtT1bC2wN2hN1_GtT1tN3zN1 : 152.6157026 (0.09)%
    GtT1bC2wN2hN1_GtT1bC2wN2hN1 : 152.3548714 (0.09)%
              QqC1wN1_QqGtT1tN1 : 145.6300573 (0.09)%
        QqGtT1tN4wC1wN1_QqN2hN1 : 144.2354051 (0.09)%
          GtT1bC2wN1_GtT1tN2hN1 : 143.7666685 (0.09)%
        QqGtT1tN3zN2hN1_QqN2hN1 : 143.2265551 (0.09)%
          GtT1tN2hN1_GtT1tN3zN1 : 141.7709083 (0.09)%
  GtT1tN4wC1wN1_QqGtT1tN4wC1wN1 : 141.4105013 (0.09)%
             GtT1bC2wN1_QqN2hN1 : 140.8905440 (0.09)%
  GtT1tN3zN2hN1_QqGtT1tN4wC1wN1 : 140.4214101 (0.09)%
  GtT1tN4wC1wN1_QqGtT1tN3zN2hN1 : 140.4214101 (0.09)%
  GtT1tN3zN2hN1_QqGtT1tN3zN2hN1 : 139.4392370 (0.08)%
  GtT1tN3wC1wN1_QqGtT1tN4hN2hN1 : 139.2920414 (0.08)%
  GtT1tN4hN2hN1_QqGtT1tN3wC1wN1 : 139.2920414 (0.08)%
             GtT1tN3zN1_QqN2hN1 : 138.9347100 (0.08)%
         QqGtT1bC1wN1_QqGtT1tN1 : 137.0279835 (0.08)%
                       C1wN1_N1 : 134.4759357 (0.08)%
QqGtT1bC2zC1wN1_QqGtT1tN4wC1wN1 : 132.7898796 (0.08)%
QqGtT1bC2zC1wN1_QqGtT1tN3zN2hN1 : 131.8610850 (0.08)%
          GtT1tN2hN1_GtT1tN2hN1 : 131.4716603 (0.08)%
           T1bC1wN1_T1tN3wC1wN1 : 131.2647781 (0.08)%
     GtT1bC2wN1_QqGtT1bC2zC1wN1 : 129.7104436 (0.08)%
     GtT1bC2zC1wN1_QqGtT1bC2wN1 : 129.7104436 (0.08)%
QqGtT1bC2hC1wN1_QqGtT1tN4wC1wN1 : 127.9933423 (0.08)%
     GtT1tN3zN1_QqGtT1bC2zC1wN1 : 127.9098110 (0.08)%
     GtT1bC2zC1wN1_QqGtT1tN3zN1 : 127.9098110 (0.08)%
QqGtT1bC2wN2hN1_QqGtT1tN4wC1wN1 : 127.4225389 (0.08)%
QqGtT1bC2hC1wN1_QqGtT1tN3zN2hN1 : 127.0980970 (0.08)%
QqGtT1bC2wN2hN1_QqGtT1tN3zN2hN1 : 126.5312860 (0.08)%
     GtT1bC2hC1wN1_QqGtT1bC2wN1 : 125.0251395 (0.08)%
     GtT1bC2wN1_QqGtT1bC2hC1wN1 : 125.0251395 (0.08)%
              C2zC1wN1_C2zC1wN1 : 124.9416731 (0.08)%
     GtT1bC2wN1_QqGtT1bC2wN2hN1 : 124.4675731 (0.08)%
     GtT1bC2wN2hN1_QqGtT1bC2wN1 : 124.4675731 (0.08)%
        QqC1wN1_QqGtT1tN4hN2hN1 : 124.2134699 (0.08)%
     GtT1tN3zN1_QqGtT1bC2hC1wN1 : 123.2895480 (0.08)%
     GtT1bC2hC1wN1_QqGtT1tN3zN1 : 123.2895480 (0.08)%
     GtT1tN3zN1_QqGtT1bC2wN2hN1 : 122.7397217 (0.07)%
     GtT1bC2wN2hN1_QqGtT1tN3zN1 : 122.7397217 (0.07)%
                 C2wN1_C2zC1wN1 : 121.7874556 (0.07)%
   QqGtT1tN2hN1_QqGtT1tN4wC1wN1 : 118.3679579 (0.07)%
       GtT1bC2wN1_GtT1tN4wC1wN1 : 117.5641780 (0.07)%
   QqGtT1tN2hN1_QqGtT1tN3zN2hN1 : 117.5400371 (0.07)%
                 C2hC1wN1_C2wN1 : 117.3883398 (0.07)%
   QqGtT1bC1wN1_QqGtT1tN4hN2hN1 : 116.8764307 (0.07)%
                 C2wN1_C2wN2hN1 : 116.8648308 (0.07)%
       GtT1bC2wN1_GtT1tN3zN2hN1 : 116.7418791 (0.07)%
              C2hC1wN1_C2hC1wN1 : 116.0785898 (0.07)%
       GtT1tN3zN1_GtT1tN4wC1wN1 : 115.9321591 (0.07)%
        GtT1bC2wN1_QqGtT1tN2hN1 : 115.6229706 (0.07)%
        GtT1tN2hN1_QqGtT1bC2wN1 : 115.6229706 (0.07)%
       GtT1tN3zN1_GtT1tN3zN2hN1 : 115.1212753 (0.07)%
              C2wN2hN1_C2wN2hN1 : 115.0455624 (0.07)%
                 C2zC1wN1_N3zN1 : 114.7008864 (0.07)%
        GtT1tN2hN1_QqGtT1tN3zN1 : 114.0178994 (0.07)%
        GtT1tN3zN1_QqGtT1tN2hN1 : 114.0178994 (0.07)%
          GtT1bC1wN1_GtT1tN4hN1 : 112.9073613 (0.07)%
                 N3zN1_N4wC1wN1 : 111.9331384 (0.07)%
      QqGtT1tN1_QqGtT1tN3wC1wN1 : 111.7835572 (0.07)%
                 C2hC1wN1_N3zN1 : 110.5577463 (0.07)%
                 C2wN2hN1_N3zN1 : 110.0646992 (0.07)%
          GtT1bC2zC1wN1_GtT1tN1 : 109.9799874 (0.07)%
                QqN2hN1_QqN2hN1 : 107.4639509 (0.07)%
          GtT1bC2hC1wN1_GtT1tN1 : 106.0073722 (0.06)%
          GtT1bC2wN2hN1_GtT1tN1 : 105.5346181 (0.06)%
                 N2hN1_N3wC1wN1 : 101.9951491 (0.06)%
             GtT1tN1_GtT1tN2hN1 : 98.0353817 (0.06)%
                 C2zC1wN1_N4hN1 : 97.8411791 (0.06)%
             GtT1tN4hN1_QqC1wN1 : 96.5050245 (0.06)%
           QqGtT1bC2wN1_QqN2hN1 : 96.4386544 (0.06)%
QqGtT1tN3zN2hN1_QqGtT1tN4wC1wN1 : 96.1175353 (0.06)%
                GtT1tN1_QqN2hN1 : 96.0741346 (0.06)%
QqGtT1tN3wC1wN1_QqGtT1tN4hN2hN1 : 95.3444898 (0.06)%
           QqGtT1tN3zN1_QqN2hN1 : 95.0998988 (0.06)%
     GtT1bC2wN1_QqGtT1tN4wC1wN1 : 94.5498677 (0.06)%
     GtT1tN4wC1wN1_QqGtT1bC2wN1 : 94.5498677 (0.06)%
                 C2hC1wN1_N4hN1 : 94.3070328 (0.06)%
     GtT1bC2wN1_QqGtT1tN3zN2hN1 : 93.8885417 (0.06)%
     GtT1tN3zN2hN1_QqGtT1bC2wN1 : 93.8885417 (0.06)%
                 C2wN2hN1_N4hN1 : 93.8864580 (0.06)%
    GtT1bC2zC1wN1_GtT1tN4hN2hN1 : 93.8061559 (0.06)%
                 C1wN1_N3zN2hN1 : 93.3607003 (0.06)%
     GtT1tN3zN1_QqGtT1tN4wC1wN1 : 93.2373321 (0.06)%
     GtT1tN4wC1wN1_QqGtT1tN3zN1 : 93.2373321 (0.06)%
     GtT1tN3zN1_QqGtT1tN3zN2hN1 : 92.5851866 (0.06)%
     GtT1tN3zN2hN1_QqGtT1tN3zN1 : 92.5851866 (0.06)%
       GtT1tN3wC1wN1_GtT1tN4hN1 : 92.1066351 (0.06)%
QqGtT1bC2zC1wN1_QqGtT1bC2zC1wN1 : 91.0854484 (0.06)%
        GtT1tN4hN1_QqGtT1bC1wN1 : 90.8046673 (0.06)%
        GtT1bC1wN1_QqGtT1tN4hN1 : 90.8046673 (0.06)%
    GtT1bC2hC1wN1_GtT1tN4hN2hN1 : 90.4177598 (0.06)%
    GtT1bC2wN2hN1_GtT1tN4hN2hN1 : 90.0145296 (0.05)%
                 C2wN1_N4hN2hN1 : 89.6677753 (0.05)%
                 N3wC1wN1_N4hN1 : 88.9294637 (0.05)%
   QqGtT1bC2wN1_QqGtT1bC2zC1wN1 : 88.7859489 (0.05)%
        GtT1tN1_QqGtT1bC2zC1wN1 : 88.4503549 (0.05)%
        GtT1bC2zC1wN1_QqGtT1tN1 : 88.4503549 (0.05)%
    GtT1tN4wC1wN1_GtT1tN4wC1wN1 : 87.9155611 (0.05)%
   QqGtT1bC2zC1wN1_QqGtT1tN3zN1 : 87.5534277 (0.05)%
       GtT1bC1wN1_GtT1bC2wN2zN1 : 86.7844754 (0.05)%
    GtT1tN3zN2hN1_GtT1tN3zN2hN1 : 86.6900170 (0.05)%
   QqGtT1bC2hC1wN1_QqGtT1bC2wN1 : 85.5788889 (0.05)%
        GtT1tN1_QqGtT1bC2hC1wN1 : 85.2554170 (0.05)%
        GtT1bC2hC1wN1_QqGtT1tN1 : 85.2554170 (0.05)%
   QqGtT1bC2wN1_QqGtT1bC2wN2hN1 : 85.1972384 (0.05)%
        GtT1tN1_QqGtT1bC2wN2hN1 : 84.8752090 (0.05)%
        GtT1bC2wN2hN1_QqGtT1tN1 : 84.8752090 (0.05)%
QqGtT1bC2hC1wN1_QqGtT1bC2hC1wN1 : 84.6240501 (0.05)%
   QqGtT1bC2hC1wN1_QqGtT1tN3zN1 : 84.3908879 (0.05)%
                 C2wN1_N3zN2hN1 : 84.1929080 (0.05)%
   QqGtT1bC2wN2hN1_QqGtT1tN3zN1 : 84.0145354 (0.05)%
QqGtT1bC2wN2hN1_QqGtT1bC2wN2hN1 : 83.8709485 (0.05)%
       GtT1tN2hN1_GtT1tN4hN2hN1 : 83.6181429 (0.05)%
          GtT1tN4hN2hN1_QqN2hN1 : 81.9453199 (0.05)%
          GtT1bC1wN1_GtT1tN2zN1 : 80.6176147 (0.05)%
              T1bC1wN1_T1bC1wN1 : 80.4543544 (0.05)%
          GtT1tN1_GtT1tN4wC1wN1 : 80.1677411 (0.05)%
          GtT1tN1_GtT1tN3zN2hN1 : 79.6070104 (0.05)%
      QqGtT1bC2wN1_QqGtT1tN2hN1 : 79.1431659 (0.05)%
             GtT1bC1wN1_QqN2zN1 : 79.0048187 (0.05)%
           GtT1tN1_QqGtT1tN2hN1 : 78.8440198 (0.05)%
           GtT1tN2hN1_QqGtT1tN1 : 78.8440198 (0.05)%
      QqGtT1tN2hN1_QqGtT1tN3zN1 : 78.0445052 (0.05)%
          GtT1bC2wN1_GtT1tN3zN1 : 77.5145424 (0.05)%
  GtT1tN4hN2hN1_QqGtT1bC2zC1wN1 : 75.4427053 (0.05)%
  GtT1bC2zC1wN1_QqGtT1tN4hN2hN1 : 75.4427053 (0.05)%
          GtT1bC2wN2zN1_QqC1wN1 : 74.1770761 (0.05)%
     GtT1tN3wC1wN1_QqGtT1tN4hN1 : 74.0758819 (0.05)%
     GtT1tN4hN1_QqGtT1tN3wC1wN1 : 74.0758819 (0.05)%
  GtT1bC2hC1wN1_QqGtT1tN4hN2hN1 : 72.7176200 (0.04)%
  GtT1tN4hN2hN1_QqGtT1bC2hC1wN1 : 72.7176200 (0.04)%
  GtT1tN4hN2hN1_QqGtT1bC2wN2hN1 : 72.3933261 (0.04)%
  GtT1bC2wN2hN1_QqGtT1tN4hN2hN1 : 72.3933261 (0.04)%
      QqGtT1tN2hN1_QqGtT1tN2hN1 : 72.3747968 (0.04)%
           T1bC1wN1_T1bC2zC1wN1 : 71.0950164 (0.04)%
    GtT1bC2wN2zN1_GtT1tN3wC1wN1 : 70.7963230 (0.04)%
     GtT1bC2wN2zN1_QqGtT1bC1wN1 : 69.7955858 (0.04)%
     GtT1bC1wN1_QqGtT1bC2wN2zN1 : 69.7955858 (0.04)%
             GtT1tN2zN1_QqC1wN1 : 68.9060907 (0.04)%
           T1bC1wN1_T1bC2hC1wN1 : 68.5269751 (0.04)%
    GtT1tN4hN2hN1_GtT1tN4wC1wN1 : 68.3781458 (0.04)%
           T1bC1wN1_T1bC2wN2hN1 : 68.2213699 (0.04)%
    GtT1tN3zN2hN1_GtT1tN4hN2hN1 : 67.8998771 (0.04)%
     GtT1tN2hN1_QqGtT1tN4hN2hN1 : 67.2490930 (0.04)%
     GtT1tN4hN2hN1_QqGtT1tN2hN1 : 67.2490930 (0.04)%
          GtT1bC1wN1_GtT1tN3hN1 : 66.4880860 (0.04)%
           QqC1wN1_QqGtT1tN4hN1 : 66.0570571 (0.04)%
       GtT1tN2zN1_GtT1tN3wC1wN1 : 65.7655722 (0.04)%
              QqGtT1tN1_QqN2hN1 : 65.7621157 (0.04)%
              N3zN2hN1_N4hN2hN1 : 65.5577055 (0.04)%
       GtT1bC1wN1_GtT1tN3zN2zN1 : 65.4633784 (0.04)%
        GtT1tN2zN1_QqGtT1bC1wN1 : 64.8359469 (0.04)%
        GtT1bC1wN1_QqGtT1tN2zN1 : 64.8359469 (0.04)%
   QqGtT1bC2wN1_QqGtT1tN4wC1wN1 : 64.7187650 (0.04)%
        GtT1tN1_QqGtT1tN4wC1wN1 : 64.4741404 (0.04)%
        GtT1tN4wC1wN1_QqGtT1tN1 : 64.4741404 (0.04)%
          GtT1tN3wC1wN1_QqN2zN1 : 64.4498988 (0.04)%
   QqGtT1bC2wN1_QqGtT1tN3zN2hN1 : 64.2660917 (0.04)%
        GtT1tN1_QqGtT1tN3zN2hN1 : 64.0231781 (0.04)%
        GtT1tN3zN2hN1_QqGtT1tN1 : 64.0231781 (0.04)%
   QqGtT1tN3zN1_QqGtT1tN4wC1wN1 : 63.8203430 (0.04)%
   QqGtT1tN3zN1_QqGtT1tN3zN2hN1 : 63.3739537 (0.04)%
              T1bC1wN1_T1tN2hN1 : 63.3735940 (0.04)%
        GtT1bC2wN1_QqGtT1bC2wN1 : 63.2179180 (0.04)%
        GtT1tN3zN1_QqGtT1bC2wN1 : 62.3403307 (0.04)%
        GtT1bC2wN1_QqGtT1tN3zN1 : 62.3403307 (0.04)%
      QqGtT1bC1wN1_QqGtT1tN4hN1 : 62.1551999 (0.04)%
                    C1wN1_N3zN1 : 61.9898533 (0.04)%
        GtT1tN3zN1_QqGtT1tN3zN1 : 61.4749260 (0.04)%
------------------------------------------------------------
                                              SUM=90.03%
