/Users/rafalmaselek/Projects/fastlim-1.0
 
#################################################################
#                                                               #
#                                                               #
#                     This is Fastlim  ver. 1.0                 #
#                                                               #
#          A fast LHC limit calculator for BSM models.          #
#                                                               #
#                  http://cern.ch/fastlim-1.0/                  #
#                                                               #
#  for bugs/feature requests: fastlim-1.0.developers@gmail.com  #
#                                                               #
#    please refer to:                                           #
#    M.Papucci, K.Sakurai, A.Weiler, L.Zeune arXiv:1402.xxxx    #
#                                                               #
#################################################################
 
!!!-  ERROR  !!!
[Br(T2->all) =  1.1872836951170025 ]:  !!! The total Br is deviated from 1 !!!

!! EWK PROCESS C1C2 NOT FOUND !! WILL TRY TO LOOK FOR +/- MODES !!
XSEC FOUND FOR: C1-C2+
XSEC FOUND FOR: C1+C2-
!! EWK PROCESS C1N1 NOT FOUND !! WILL TRY TO LOOK FOR +/- MODES !!
XSEC FOUND FOR: C1+N1
XSEC FOUND FOR: C1-N1
!! EWK PROCESS C1N2 NOT FOUND !! WILL TRY TO LOOK FOR +/- MODES !!
XSEC FOUND FOR: C1+N2
XSEC FOUND FOR: C1-N2
!! EWK PROCESS C1N3 NOT FOUND !! WILL TRY TO LOOK FOR +/- MODES !!
XSEC FOUND FOR: C1+N3
XSEC FOUND FOR: C1-N3
!! EWK PROCESS C1N4 NOT FOUND !! WILL TRY TO LOOK FOR +/- MODES !!
XSEC FOUND FOR: C1+N4
XSEC FOUND FOR: C1-N4
!! EWK PROCESS C2N1 NOT FOUND !! WILL TRY TO LOOK FOR +/- MODES !!
XSEC FOUND FOR: C2+N1
XSEC FOUND FOR: C2-N1
!! EWK PROCESS C2N2 NOT FOUND !! WILL TRY TO LOOK FOR +/- MODES !!
XSEC FOUND FOR: C2+N2
XSEC FOUND FOR: C2-N2
!! EWK PROCESS C2N3 NOT FOUND !! WILL TRY TO LOOK FOR +/- MODES !!
XSEC FOUND FOR: C2+N3
XSEC FOUND FOR: C2-N3
!! EWK PROCESS C2N4 NOT FOUND !! WILL TRY TO LOOK FOR +/- MODES !!
XSEC FOUND FOR: C2+N4
XSEC FOUND FOR: C2-N4
---------------  Output inclusive processes  ---------------
The total xsec = 1648273.75 [fb]
The total rate = 100.00%
Output upto 0.10%
                            Modes : xsec/fb      (rate)
                  QqC1wN1_QqC1wN1 : 80754.1878931 (4.90)%
                   GqQqN1_QqC1wN1 : 79963.0808012 (4.85)%
            QqC1nTAU1taN1_QqC1wN1 : 67829.5868262 (4.12)%
                  QqC1wN1_QqN2hN1 : 65076.0747126 (3.95)%
           QqC1wN1_QqN2taTAU1taN1 : 36830.4532785 (2.24)%
             GqQqN1_QqC1nTAU1taN1 : 33582.5476895 (2.04)%
                      C1wN1_N2hN1 : 32681.9463723 (1.98)%
                   GqQqN1_QqN2hN1 : 32219.2790011 (1.96)%
               GbB1tC1wN1_QqC1wN1 : 29303.9588888 (1.78)%
            QqC1nTAU1taN1_QqN2hN1 : 27330.3674719 (1.66)%
                      C1wN1_C1wN1 : 20995.1602390 (1.27)%
               C1wN1_N2taTAU1taN1 : 18496.6733816 (1.12)%
            GqQqN1_QqN2taTAU1taN1 : 18234.8221702 (1.11)%
                C1nTAU1taN1_C1wN1 : 17634.9125849 (1.07)%
               GtT1bC1wN1_QqC1wN1 : 16717.8036472 (1.01)%
     QqC1nTAU1taN1_QqN2taTAU1taN1 : 15467.8939488 (0.94)%
               GbB1bN2hN1_QqC1wN1 : 15424.2626980 (0.94)%
           QqN2hN1_QqN2taTAU1taN1 : 14839.9816269 (0.90)%
                  QqC1wN1_QqN2zN1 : 14709.4220062 (0.89)%
      QqC1nTAU1taN1_QqC1nTAU1taN1 : 14243.3877705 (0.86)%
                C1nTAU1taN1_N2hN1 : 13725.6220200 (0.83)%
                  QqN2hN1_QqN2hN1 : 13110.4516388 (0.80)%
         GbB1tC1nTAU1taN1_QqC1wN1 : 12306.9494949 (0.75)%
         GbB1tC1wN1_QqC1nTAU1taN1 : 12306.9494949 (0.75)%
               GbB1tC1wN1_QqN2hN1 : 11807.3543167 (0.72)%
            GbB1bN3wC1wN1_QqC1wN1 : 9819.2720442 (0.60)%
        GbB1bN2taTAU1taN1_QqC1wN1 : 8729.5152506 (0.53)%
                  GbB1bN1_QqC1wN1 : 8090.9080645 (0.49)%
                    GqQqN1_GqQqN1 : 7935.1441381 (0.48)%
         C1nTAU1taN1_N2taTAU1taN1 : 7768.1526238 (0.47)%
            GbB1bN4wC1wN1_QqC1wN1 : 7690.1546914 (0.47)%
                      C1wN1_N2zN1 : 7387.2393702 (0.45)%
            GbB2tC2zC1wN1_QqC1wN1 : 7378.7626387 (0.45)%
                   GqQqN1_QqN2zN1 : 7282.6606960 (0.44)%
         GtT1bC1nTAU1taN1_QqC1wN1 : 7021.0706319 (0.43)%
         GtT1bC1wN1_QqC1nTAU1taN1 : 7021.0706319 (0.43)%
            GbB2tC2hC1wN1_QqC1wN1 : 6920.9725368 (0.42)%
               GtT1bC1wN1_QqN2hN1 : 6736.0533711 (0.41)%
        GbB1tC1wN1_QqN2taTAU1taN1 : 6682.4898924 (0.41)%
         GbB1bN2hN1_QqC1nTAU1taN1 : 6477.8149171 (0.39)%
            GbB2tC2wN2hN1_QqC1wN1 : 6299.2109226 (0.38)%
               GbB1bN2hN1_QqN2hN1 : 6214.8508821 (0.38)%
            QqC1nTAU1taN1_QqN2zN1 : 6177.5992253 (0.37)%
                  QqN2hN1_QqN2zN1 : 5926.8223137 (0.36)%
                     QqC1wN1_QqN1 : 5886.5897463 (0.36)%
                GbB1tC1wN1_GqQqN1 : 5815.9624484 (0.35)%
   GbB1tC1nTAU1taN1_QqC1nTAU1taN1 : 5168.6192451 (0.31)%
         GbB1tC1nTAU1taN1_QqN2hN1 : 4958.8014300 (0.30)%
            GbB2bN3wC1wN1_QqC1wN1 : 4747.6831004 (0.29)%
            GbB2bN4wC1wN1_QqC1wN1 : 4721.7704340 (0.29)%
               GbB2tC2wN1_QqC1wN1 : 4689.4783149 (0.28)%
               GtT1tN2hN1_QqC1wN1 : 4663.1083221 (0.28)%
    QqN2taTAU1taN1_QqN2taTAU1taN1 : 4199.4177766 (0.25)%
      GbB1bN3wC1wN1_QqC1nTAU1taN1 : 4123.8552642 (0.25)%
      GbB1bN3wC1nTAU1taN1_QqC1wN1 : 4123.8552642 (0.25)%
            GtT1tN3wC1wN1_QqC1wN1 : 3981.6004275 (0.24)%
            GbB1bN3wC1wN1_QqN2hN1 : 3956.4491814 (0.24)%
        GtT1bC1wN1_QqN2taTAU1taN1 : 3812.3365624 (0.23)%
          C1nTAU1taN1_C1nTAU1taN1 : 3703.1170319 (0.22)%
            GbB1tC2zC1wN1_QqC1wN1 : 3696.3139998 (0.22)%
  GbB1bN2taTAU1taN1_QqC1nTAU1taN1 : 3666.1839348 (0.22)%
     GbB2tC2wN2taTAU1taN1_QqC1wN1 : 3565.1012234 (0.22)%
        GbB1bN2hN1_QqN2taTAU1taN1 : 3517.3568175 (0.21)%
        GbB1bN2taTAU1taN1_QqN2hN1 : 3517.3568175 (0.21)%
               GbB1bN2zN1_QqC1wN1 : 3486.4117137 (0.21)%
                T1bC1wN1_T1bC1wN1 : 3485.3790265 (0.21)%
            GbB1tC2hC1wN1_QqC1wN1 : 3466.9888344 (0.21)%
            GbB1bN1_QqC1nTAU1taN1 : 3397.9844599 (0.21)%
           QqN2taTAU1taN1_QqN2zN1 : 3354.3441776 (0.20)%
                GqQqN1_GtT1bC1wN1 : 3317.9857575 (0.20)%
            GbB1bN3zN2hN1_QqC1wN1 : 3310.5455541 (0.20)%
        GbB1bN3taTAU1taN1_QqC1wN1 : 3310.3379835 (0.20)%
                  GbB1bN1_QqN2hN1 : 3260.0447818 (0.20)%
      GbB1bN4wC1nTAU1taN1_QqC1wN1 : 3229.6777973 (0.20)%
      GbB1bN4wC1wN1_QqC1nTAU1taN1 : 3229.6777973 (0.20)%
            GbB1tC2wN2hN1_QqC1wN1 : 3155.5238541 (0.19)%
                C1nTAU1taN1_N2zN1 : 3102.4607351 (0.19)%
      GbB2tC2zC1nTAU1taN1_QqC1wN1 : 3098.9007142 (0.19)%
      GbB2tC2zC1wN1_QqC1nTAU1taN1 : 3098.9007142 (0.19)%
            GbB1bN4wC1wN1_QqN2hN1 : 3098.5704538 (0.19)%
                GbB1bN2hN1_GqQqN1 : 3061.2564325 (0.19)%
            GbB2tC2zC1wN1_QqN2hN1 : 2973.1022086 (0.18)%
   GtT1bC1nTAU1taN1_QqC1nTAU1taN1 : 2948.6787773 (0.18)%
          T1bC1nTAU1taN1_T1bC1wN1 : 2927.5487187 (0.18)%
                      GqQqN1_QqN1 : 2914.4609326 (0.18)%
         GbB2tC2nTAU1taN1_QqC1wN1 : 2908.7222083 (0.18)%
      GbB2tC2hC1nTAU1taN1_QqC1wN1 : 2906.6400137 (0.18)%
      GbB2tC2hC1wN1_QqC1nTAU1taN1 : 2906.6400137 (0.18)%
               GbB1bN3zN1_QqC1wN1 : 2887.9340035 (0.18)%
         GtT1bC1nTAU1taN1_QqN2hN1 : 2828.9784649 (0.17)%
  GbB1tC1nTAU1taN1_QqN2taTAU1taN1 : 2806.4831076 (0.17)%
            GbB2tC2hC1wN1_QqN2hN1 : 2788.6462464 (0.17)%
               GbB1tC1wN1_QqN2zN1 : 2668.8665256 (0.16)%
      GbB2tC2wN2hN1_QqC1nTAU1taN1 : 2645.5152690 (0.16)%
        GtT1tN2taTAU1taN1_QqC1wN1 : 2639.1326451 (0.16)%
            GbB2tC2wN2hN1_QqN2hN1 : 2538.1217453 (0.15)%
            GbB1bN4hN2hN1_QqC1wN1 : 2519.6607622 (0.15)%
               QqC1nTAU1taN1_QqN1 : 2472.2244178 (0.15)%
          GbB1tC1nTAU1taN1_GqQqN1 : 2442.5626718 (0.15)%
               QqC1wN1_QqC2zC1wN1 : 2413.0129815 (0.15)%
                     QqN1_QqN2hN1 : 2371.8655597 (0.14)%
               GbB1tC2wN1_QqC1wN1 : 2349.1451339 (0.14)%
            GtT1bC2zC1wN1_QqC1wN1 : 2286.9186980 (0.14)%
               QqC1wN1_QqC2hC1wN1 : 2263.3058405 (0.14)%
     GbB1bN3wC1wN1_QqN2taTAU1taN1 : 2239.1918592 (0.14)%
            GtT1bC2hC1wN1_QqC1wN1 : 2145.0346457 (0.13)%
               QqC1wN1_QqC2wN2hN1 : 2059.9765128 (0.13)%
      GbB2bN3wC1nTAU1taN1_QqC1wN1 : 1993.9113468 (0.12)%
      GbB2bN3wC1wN1_QqC1nTAU1taN1 : 1993.9113468 (0.12)%
 GbB1bN2taTAU1taN1_QqN2taTAU1taN1 : 1990.6831582 (0.12)%
      GbB2bN4wC1nTAU1taN1_QqC1wN1 : 1983.0286576 (0.12)%
      GbB2bN4wC1wN1_QqC1nTAU1taN1 : 1983.0286576 (0.12)%
         GbB2tC2wN1_QqC1nTAU1taN1 : 1969.4667535 (0.12)%
         GtT1tN2hN1_QqC1nTAU1taN1 : 1958.3919984 (0.12)%
            GtT1bC2wN2hN1_QqC1wN1 : 1952.3304850 (0.12)%
             GbB1bN3wC1wN1_GqQqN1 : 1948.8328419 (0.12)%
                T1bC1wN1_T1tN2hN1 : 1944.3582766 (0.12)%
            GbB2bN3wC1wN1_QqN2hN1 : 1912.9693965 (0.12)%
            GbB2bN4wC1wN1_QqN2hN1 : 1902.5284852 (0.12)%
               GbB2tC2wN1_QqN2hN1 : 1889.5171207 (0.11)%
               GbB1bN4hN1_QqC1wN1 : 1881.1418407 (0.11)%
               GtT1tN2hN1_QqN2hN1 : 1878.8919403 (0.11)%
     GbB1bN3zN2taTAU1taN1_QqC1wN1 : 1873.6362618 (0.11)%
           GbB1bN1_QqN2taTAU1taN1 : 1845.0548462 (0.11)%
               QqC1wN1_QqN4wC1wN1 : 1805.0133365 (0.11)%
     GbB1tC2wN2taTAU1taN1_QqC1wN1 : 1785.9001852 (0.11)%
        GbB1bN4taTAU1taN1_QqC1wN1 : 1759.6650232 (0.11)%
     GbB1bN4wC1wN1_QqN2taTAU1taN1 : 1753.6668404 (0.11)%
         GbB1bN2taTAU1taN1_GqQqN1 : 1732.5485981 (0.11)%
GbB1bN3wC1nTAU1taN1_QqC1nTAU1taN1 : 1731.9188391 (0.11)%
     GbB2tC2zC1wN1_QqN2taTAU1taN1 : 1682.6568362 (0.10)%
      GtT1tN3wC1nTAU1taN1_QqC1wN1 : 1672.1752701 (0.10)%
      GtT1tN3wC1wN1_QqC1nTAU1taN1 : 1672.1752701 (0.10)%
      GbB1bN3wC1nTAU1taN1_QqN2hN1 : 1661.6123589 (0.10)%
             T1bC1wN1_T1tN3wC1wN1 : 1660.1925605 (0.10)%
                   GbB1bN1_GqQqN1 : 1605.8041050 (0.10)%
------------------------------------------------------------
                                                SUM=67.75%

SHOWING PROCESSES TO GET 90.00% SUSY COVERAGE
---------------  Output inclusive processes  ---------------
The total xsec = 1648273.75 [fb]
The total rate = 100.00%
                                Modes : xsec/fb      (rate)
                      QqC1wN1_QqC1wN1 : 80754.1878931 (4.90)%
                       GqQqN1_QqC1wN1 : 79963.0808012 (4.85)%
                QqC1nTAU1taN1_QqC1wN1 : 67829.5868262 (4.12)%
                      QqC1wN1_QqN2hN1 : 65076.0747126 (3.95)%
               QqC1wN1_QqN2taTAU1taN1 : 36830.4532785 (2.24)%
                 GqQqN1_QqC1nTAU1taN1 : 33582.5476895 (2.04)%
                          C1wN1_N2hN1 : 32681.9463723 (1.98)%
                       GqQqN1_QqN2hN1 : 32219.2790011 (1.96)%
                   GbB1tC1wN1_QqC1wN1 : 29303.9588888 (1.78)%
                QqC1nTAU1taN1_QqN2hN1 : 27330.3674719 (1.66)%
                          C1wN1_C1wN1 : 20995.1602390 (1.27)%
                   C1wN1_N2taTAU1taN1 : 18496.6733816 (1.12)%
                GqQqN1_QqN2taTAU1taN1 : 18234.8221702 (1.11)%
                    C1nTAU1taN1_C1wN1 : 17634.9125849 (1.07)%
                   GtT1bC1wN1_QqC1wN1 : 16717.8036472 (1.01)%
         QqC1nTAU1taN1_QqN2taTAU1taN1 : 15467.8939488 (0.94)%
                   GbB1bN2hN1_QqC1wN1 : 15424.2626980 (0.94)%
               QqN2hN1_QqN2taTAU1taN1 : 14839.9816269 (0.90)%
                      QqC1wN1_QqN2zN1 : 14709.4220062 (0.89)%
          QqC1nTAU1taN1_QqC1nTAU1taN1 : 14243.3877705 (0.86)%
                    C1nTAU1taN1_N2hN1 : 13725.6220200 (0.83)%
                      QqN2hN1_QqN2hN1 : 13110.4516388 (0.80)%
             GbB1tC1nTAU1taN1_QqC1wN1 : 12306.9494949 (0.75)%
             GbB1tC1wN1_QqC1nTAU1taN1 : 12306.9494949 (0.75)%
                   GbB1tC1wN1_QqN2hN1 : 11807.3543167 (0.72)%
                GbB1bN3wC1wN1_QqC1wN1 : 9819.2720442 (0.60)%
            GbB1bN2taTAU1taN1_QqC1wN1 : 8729.5152506 (0.53)%
                      GbB1bN1_QqC1wN1 : 8090.9080645 (0.49)%
                        GqQqN1_GqQqN1 : 7935.1441381 (0.48)%
             C1nTAU1taN1_N2taTAU1taN1 : 7768.1526238 (0.47)%
                GbB1bN4wC1wN1_QqC1wN1 : 7690.1546914 (0.47)%
                          C1wN1_N2zN1 : 7387.2393702 (0.45)%
                GbB2tC2zC1wN1_QqC1wN1 : 7378.7626387 (0.45)%
                       GqQqN1_QqN2zN1 : 7282.6606960 (0.44)%
             GtT1bC1nTAU1taN1_QqC1wN1 : 7021.0706319 (0.43)%
             GtT1bC1wN1_QqC1nTAU1taN1 : 7021.0706319 (0.43)%
                GbB2tC2hC1wN1_QqC1wN1 : 6920.9725368 (0.42)%
                   GtT1bC1wN1_QqN2hN1 : 6736.0533711 (0.41)%
            GbB1tC1wN1_QqN2taTAU1taN1 : 6682.4898924 (0.41)%
             GbB1bN2hN1_QqC1nTAU1taN1 : 6477.8149171 (0.39)%
                GbB2tC2wN2hN1_QqC1wN1 : 6299.2109226 (0.38)%
                   GbB1bN2hN1_QqN2hN1 : 6214.8508821 (0.38)%
                QqC1nTAU1taN1_QqN2zN1 : 6177.5992253 (0.37)%
                      QqN2hN1_QqN2zN1 : 5926.8223137 (0.36)%
                         QqC1wN1_QqN1 : 5886.5897463 (0.36)%
                    GbB1tC1wN1_GqQqN1 : 5815.9624484 (0.35)%
       GbB1tC1nTAU1taN1_QqC1nTAU1taN1 : 5168.6192451 (0.31)%
             GbB1tC1nTAU1taN1_QqN2hN1 : 4958.8014300 (0.30)%
                GbB2bN3wC1wN1_QqC1wN1 : 4747.6831004 (0.29)%
                GbB2bN4wC1wN1_QqC1wN1 : 4721.7704340 (0.29)%
                   GbB2tC2wN1_QqC1wN1 : 4689.4783149 (0.28)%
                   GtT1tN2hN1_QqC1wN1 : 4663.1083221 (0.28)%
        QqN2taTAU1taN1_QqN2taTAU1taN1 : 4199.4177766 (0.25)%
          GbB1bN3wC1wN1_QqC1nTAU1taN1 : 4123.8552642 (0.25)%
          GbB1bN3wC1nTAU1taN1_QqC1wN1 : 4123.8552642 (0.25)%
                GtT1tN3wC1wN1_QqC1wN1 : 3981.6004275 (0.24)%
                GbB1bN3wC1wN1_QqN2hN1 : 3956.4491814 (0.24)%
            GtT1bC1wN1_QqN2taTAU1taN1 : 3812.3365624 (0.23)%
              C1nTAU1taN1_C1nTAU1taN1 : 3703.1170319 (0.22)%
                GbB1tC2zC1wN1_QqC1wN1 : 3696.3139998 (0.22)%
      GbB1bN2taTAU1taN1_QqC1nTAU1taN1 : 3666.1839348 (0.22)%
         GbB2tC2wN2taTAU1taN1_QqC1wN1 : 3565.1012234 (0.22)%
            GbB1bN2hN1_QqN2taTAU1taN1 : 3517.3568175 (0.21)%
            GbB1bN2taTAU1taN1_QqN2hN1 : 3517.3568175 (0.21)%
                   GbB1bN2zN1_QqC1wN1 : 3486.4117137 (0.21)%
                    T1bC1wN1_T1bC1wN1 : 3485.3790265 (0.21)%
                GbB1tC2hC1wN1_QqC1wN1 : 3466.9888344 (0.21)%
                GbB1bN1_QqC1nTAU1taN1 : 3397.9844599 (0.21)%
               QqN2taTAU1taN1_QqN2zN1 : 3354.3441776 (0.20)%
                    GqQqN1_GtT1bC1wN1 : 3317.9857575 (0.20)%
                GbB1bN3zN2hN1_QqC1wN1 : 3310.5455541 (0.20)%
            GbB1bN3taTAU1taN1_QqC1wN1 : 3310.3379835 (0.20)%
                      GbB1bN1_QqN2hN1 : 3260.0447818 (0.20)%
          GbB1bN4wC1nTAU1taN1_QqC1wN1 : 3229.6777973 (0.20)%
          GbB1bN4wC1wN1_QqC1nTAU1taN1 : 3229.6777973 (0.20)%
                GbB1tC2wN2hN1_QqC1wN1 : 3155.5238541 (0.19)%
                    C1nTAU1taN1_N2zN1 : 3102.4607351 (0.19)%
          GbB2tC2zC1nTAU1taN1_QqC1wN1 : 3098.9007142 (0.19)%
          GbB2tC2zC1wN1_QqC1nTAU1taN1 : 3098.9007142 (0.19)%
                GbB1bN4wC1wN1_QqN2hN1 : 3098.5704538 (0.19)%
                    GbB1bN2hN1_GqQqN1 : 3061.2564325 (0.19)%
                GbB2tC2zC1wN1_QqN2hN1 : 2973.1022086 (0.18)%
       GtT1bC1nTAU1taN1_QqC1nTAU1taN1 : 2948.6787773 (0.18)%
              T1bC1nTAU1taN1_T1bC1wN1 : 2927.5487187 (0.18)%
                          GqQqN1_QqN1 : 2914.4609326 (0.18)%
             GbB2tC2nTAU1taN1_QqC1wN1 : 2908.7222083 (0.18)%
          GbB2tC2hC1nTAU1taN1_QqC1wN1 : 2906.6400137 (0.18)%
          GbB2tC2hC1wN1_QqC1nTAU1taN1 : 2906.6400137 (0.18)%
                   GbB1bN3zN1_QqC1wN1 : 2887.9340035 (0.18)%
             GtT1bC1nTAU1taN1_QqN2hN1 : 2828.9784649 (0.17)%
      GbB1tC1nTAU1taN1_QqN2taTAU1taN1 : 2806.4831076 (0.17)%
                GbB2tC2hC1wN1_QqN2hN1 : 2788.6462464 (0.17)%
                   GbB1tC1wN1_QqN2zN1 : 2668.8665256 (0.16)%
          GbB2tC2wN2hN1_QqC1nTAU1taN1 : 2645.5152690 (0.16)%
            GtT1tN2taTAU1taN1_QqC1wN1 : 2639.1326451 (0.16)%
                GbB2tC2wN2hN1_QqN2hN1 : 2538.1217453 (0.15)%
                GbB1bN4hN2hN1_QqC1wN1 : 2519.6607622 (0.15)%
                   QqC1nTAU1taN1_QqN1 : 2472.2244178 (0.15)%
              GbB1tC1nTAU1taN1_GqQqN1 : 2442.5626718 (0.15)%
                   QqC1wN1_QqC2zC1wN1 : 2413.0129815 (0.15)%
                         QqN1_QqN2hN1 : 2371.8655597 (0.14)%
                   GbB1tC2wN1_QqC1wN1 : 2349.1451339 (0.14)%
                GtT1bC2zC1wN1_QqC1wN1 : 2286.9186980 (0.14)%
                   QqC1wN1_QqC2hC1wN1 : 2263.3058405 (0.14)%
         GbB1bN3wC1wN1_QqN2taTAU1taN1 : 2239.1918592 (0.14)%
                GtT1bC2hC1wN1_QqC1wN1 : 2145.0346457 (0.13)%
                   QqC1wN1_QqC2wN2hN1 : 2059.9765128 (0.13)%
          GbB2bN3wC1nTAU1taN1_QqC1wN1 : 1993.9113468 (0.12)%
          GbB2bN3wC1wN1_QqC1nTAU1taN1 : 1993.9113468 (0.12)%
     GbB1bN2taTAU1taN1_QqN2taTAU1taN1 : 1990.6831582 (0.12)%
          GbB2bN4wC1nTAU1taN1_QqC1wN1 : 1983.0286576 (0.12)%
          GbB2bN4wC1wN1_QqC1nTAU1taN1 : 1983.0286576 (0.12)%
             GbB2tC2wN1_QqC1nTAU1taN1 : 1969.4667535 (0.12)%
             GtT1tN2hN1_QqC1nTAU1taN1 : 1958.3919984 (0.12)%
                GtT1bC2wN2hN1_QqC1wN1 : 1952.3304850 (0.12)%
                 GbB1bN3wC1wN1_GqQqN1 : 1948.8328419 (0.12)%
                    T1bC1wN1_T1tN2hN1 : 1944.3582766 (0.12)%
                GbB2bN3wC1wN1_QqN2hN1 : 1912.9693965 (0.12)%
                GbB2bN4wC1wN1_QqN2hN1 : 1902.5284852 (0.12)%
                   GbB2tC2wN1_QqN2hN1 : 1889.5171207 (0.11)%
                   GbB1bN4hN1_QqC1wN1 : 1881.1418407 (0.11)%
                   GtT1tN2hN1_QqN2hN1 : 1878.8919403 (0.11)%
         GbB1bN3zN2taTAU1taN1_QqC1wN1 : 1873.6362618 (0.11)%
               GbB1bN1_QqN2taTAU1taN1 : 1845.0548462 (0.11)%
                   QqC1wN1_QqN4wC1wN1 : 1805.0133365 (0.11)%
         GbB1tC2wN2taTAU1taN1_QqC1wN1 : 1785.9001852 (0.11)%
            GbB1bN4taTAU1taN1_QqC1wN1 : 1759.6650232 (0.11)%
         GbB1bN4wC1wN1_QqN2taTAU1taN1 : 1753.6668404 (0.11)%
             GbB1bN2taTAU1taN1_GqQqN1 : 1732.5485981 (0.11)%
    GbB1bN3wC1nTAU1taN1_QqC1nTAU1taN1 : 1731.9188391 (0.11)%
         GbB2tC2zC1wN1_QqN2taTAU1taN1 : 1682.6568362 (0.10)%
          GtT1tN3wC1nTAU1taN1_QqC1wN1 : 1672.1752701 (0.10)%
          GtT1tN3wC1wN1_QqC1nTAU1taN1 : 1672.1752701 (0.10)%
          GbB1bN3wC1nTAU1taN1_QqN2hN1 : 1661.6123589 (0.10)%
                 T1bC1wN1_T1tN3wC1wN1 : 1660.1925605 (0.10)%
                       GbB1bN1_GqQqN1 : 1605.8041050 (0.10)%
                GtT1tN3wC1wN1_QqN2hN1 : 1604.2940537 (0.10)%
      GtT1bC1nTAU1taN1_QqN2taTAU1taN1 : 1601.0885665 (0.10)%
                GbB2bN3zN2hN1_QqC1wN1 : 1600.6707126 (0.10)%
            GbB2bN3taTAU1taN1_QqC1wN1 : 1600.5703509 (0.10)%
         GbB2tC2hC1wN1_QqN2taTAU1taN1 : 1578.2621453 (0.10)%
          GbB1tC2zC1wN1_QqC1nTAU1taN1 : 1552.3619141 (0.09)%
          GbB1tC2zC1nTAU1taN1_QqC1wN1 : 1552.3619141 (0.09)%
                GbB2bN4hN2hN1_QqC1wN1 : 1547.0767713 (0.09)%
                      QqC1wN1_QqC2wN1 : 1533.5595688 (0.09)%
                 GbB1bN4wC1wN1_GqQqN1 : 1526.2665047 (0.09)%
                   GtT1bC1wN1_QqN2zN1 : 1522.5787992 (0.09)%
   GbB2tC2wN2taTAU1taN1_QqC1nTAU1taN1 : 1497.2557417 (0.09)%
                GbB1tC2zC1wN1_QqN2hN1 : 1489.3444680 (0.09)%
                 GbB2tC2zC1wN1_GqQqN1 : 1464.4644632 (0.09)%
             GbB1bN2zN1_QqC1nTAU1taN1 : 1464.2080629 (0.09)%
             GbB1tC2nTAU1taN1_QqC1wN1 : 1457.0939799 (0.09)%
          GbB1tC2hC1nTAU1taN1_QqC1wN1 : 1456.0509263 (0.09)%
          GbB1tC2hC1wN1_QqC1nTAU1taN1 : 1456.0509263 (0.09)%
                   GtT1bC2wN1_QqC1wN1 : 1453.4219580 (0.09)%
         GbB2tC2wN2hN1_QqN2taTAU1taN1 : 1436.4753063 (0.09)%
         GbB2tC2wN2taTAU1taN1_QqN2hN1 : 1436.4753063 (0.09)%
         GbB1bN4hN2taTAU1taN1_QqC1wN1 : 1426.0271288 (0.09)%
                GbB2tC2wN2zN1_QqC1wN1 : 1423.8374422 (0.09)%
                   GbB1bN2zN1_QqN2hN1 : 1404.7691834 (0.09)%
                   GbB1bN2hN1_QqN2zN1 : 1404.7691834 (0.09)%
                GbB1tC2hC1wN1_QqN2hN1 : 1396.9431821 (0.08)%
                   GbB2bN3zN1_QqC1wN1 : 1396.3352275 (0.08)%
              GqQqN1_GtT1bC1nTAU1taN1 : 1393.4732606 (0.08)%
          GbB1bN3zN2hN1_QqC1nTAU1taN1 : 1390.3485563 (0.08)%
      GbB1bN3taTAU1taN1_QqC1nTAU1taN1 : 1390.2613817 (0.08)%
                 GbB2tC2hC1wN1_GqQqN1 : 1373.6067722 (0.08)%
    GbB1bN4wC1nTAU1taN1_QqC1nTAU1taN1 : 1356.3860667 (0.08)%
                GtT1tN3zN2hN1_QqC1wN1 : 1342.3876571 (0.08)%
                  QqN1_QqN2taTAU1taN1 : 1342.3809605 (0.08)%
            GtT1tN3taTAU1taN1_QqC1wN1 : 1342.3034896 (0.08)%
                GbB1bN3zN2hN1_QqN2hN1 : 1333.9079708 (0.08)%
            GbB1bN3taTAU1taN1_QqN2hN1 : 1333.8243351 (0.08)%
          GbB1tC2wN2hN1_QqC1nTAU1taN1 : 1325.2432154 (0.08)%
    GbB2tC2zC1nTAU1taN1_QqC1nTAU1taN1 : 1301.4628748 (0.08)%
          GbB1bN4wC1nTAU1taN1_QqN2hN1 : 1301.3241735 (0.08)%
                GbB1tC2wN2hN1_QqN2hN1 : 1271.4455525 (0.08)%
                 GbB2tC2wN2hN1_GqQqN1 : 1250.2056230 (0.08)%
          GbB2tC2zC1nTAU1taN1_QqN2hN1 : 1248.6305643 (0.08)%
       GbB2tC2nTAU1taN1_QqC1nTAU1taN1 : 1221.5925312 (0.07)%
    GbB2tC2hC1nTAU1taN1_QqC1nTAU1taN1 : 1220.7180601 (0.07)%
                GbB1tC1wN1_GtT1bC1wN1 : 1215.9376209 (0.07)%
             GbB1bN3zN1_QqC1nTAU1taN1 : 1212.8619911 (0.07)%
                    GqQqN1_QqC2zC1wN1 : 1194.6869695 (0.07)%
             GbB2tC2nTAU1taN1_QqN2hN1 : 1172.0025220 (0.07)%
          GbB2tC2hC1nTAU1taN1_QqN2hN1 : 1171.1635497 (0.07)%
                   GtT1tN3zN1_QqC1wN1 : 1171.0235964 (0.07)%
            QqC1wN1_QqC2wN2taTAU1taN1 : 1165.8642450 (0.07)%
                   GbB1bN3zN1_QqN2hN1 : 1163.6263944 (0.07)%
                   GbB2bN4hN1_QqC1wN1 : 1155.0248704 (0.07)%
                GbB1bN2hN1_GbB1tC1wN1 : 1121.8543826 (0.07)%
             GbB1tC1nTAU1taN1_QqN2zN1 : 1120.8589824 (0.07)%
                    GqQqN1_QqC2hC1wN1 : 1120.5667008 (0.07)%
      GtT1tN2taTAU1taN1_QqC1nTAU1taN1 : 1108.3714763 (0.07)%
         GtT1bC2wN2taTAU1taN1_QqC1wN1 : 1104.9409023 (0.07)%
             T1bC1wN1_T1tN2taTAU1taN1 : 1100.4289515 (0.07)%
         GbB2bN3wC1wN1_QqN2taTAU1taN1 : 1082.6641019 (0.07)%
            GbB2bN4taTAU1taN1_QqC1wN1 : 1080.4378603 (0.07)%
         GbB2bN4wC1wN1_QqN2taTAU1taN1 : 1076.7549640 (0.07)%
            GbB2tC2wN1_QqN2taTAU1taN1 : 1069.3910525 (0.06)%
                      GbB1tC1wN1_QqN1 : 1068.0584402 (0.06)%
                GbB1tC1wN1_GbB1tC1wN1 : 1065.6838305 (0.06)%
            GtT1tN2hN1_QqN2taTAU1taN1 : 1063.3776258 (0.06)%
            GtT1tN2taTAU1taN1_QqN2hN1 : 1063.3776258 (0.06)%
          GbB1bN4hN2hN1_QqC1nTAU1taN1 : 1058.1961933 (0.06)%
                   GtT1tN2zN1_QqC1wN1 : 1054.0222113 (0.06)%
                    TAU1taN1_TAU1taN1 : 1040.0305440 (0.06)%
                    GqQqN1_QqC2wN2hN1 : 1019.8979931 (0.06)%
                GbB1bN4hN2hN1_QqN2hN1 : 1015.2391863 (0.06)%
             QqC1wN1_QqC2zC1nTAU1taN1 : 1013.4067211 (0.06)%
             QqC1nTAU1taN1_QqC2zC1wN1 : 1013.4067211 (0.06)%
                                N1_N1 : 1006.8438777 (0.06)%
             GbB1tC2wN1_QqC1nTAU1taN1 : 986.5837796 (0.06)%
                   QqC2zC1wN1_QqN2hN1 : 972.2679230 (0.06)%
          GtT1bC2zC1wN1_QqC1nTAU1taN1 : 960.4501911 (0.06)%
          GtT1bC2zC1nTAU1taN1_QqC1wN1 : 960.4501911 (0.06)%
                 T1bC1wN1_T1bC2zC1wN1 : 953.5676616 (0.06)%
                QqC1wN1_QqC2nTAU1taN1 : 951.2142878 (0.06)%
             QqC1wN1_QqC2hC1nTAU1taN1 : 950.5333657 (0.06)%
             QqC1nTAU1taN1_QqC2hC1wN1 : 950.5333657 (0.06)%
                   GbB1tC2wN1_QqN2hN1 : 946.5338469 (0.06)%
                 GbB2bN3wC1wN1_GqQqN1 : 942.2735929 (0.06)%
   GbB1bN3wC1nTAU1taN1_QqN2taTAU1taN1 : 940.4060805 (0.06)%
                 GbB2bN4wC1wN1_GqQqN1 : 937.1307010 (0.06)%
                    GbB2tC2wN1_GqQqN1 : 930.7216778 (0.06)%
                    GqQqN1_GtT1tN2hN1 : 925.4880201 (0.06)%
                GtT1bC2zC1wN1_QqN2hN1 : 921.4611399 (0.06)%
                   QqC2hC1wN1_QqN2hN1 : 911.9468836 (0.06)%
         GtT1tN3wC1wN1_QqN2taTAU1taN1 : 907.9662142 (0.06)%
         GbB2bN3zN2taTAU1taN1_QqC1wN1 : 905.9155482 (0.05)%
             GtT1bC2nTAU1taN1_QqC1wN1 : 901.5076824 (0.05)%
          GtT1bC2hC1nTAU1taN1_QqC1wN1 : 900.8623425 (0.05)%
          GtT1bC2hC1wN1_QqC1nTAU1taN1 : 900.8623425 (0.05)%
                    B1bN2hN1_B1tC1wN1 : 900.8003121 (0.05)%
          GbB1tC1nTAU1taN1_GbB1tC1wN1 : 895.1225415 (0.05)%
                 T1bC1wN1_T1bC2hC1wN1 : 894.4068160 (0.05)%
                GbB1bN3wC1wN1_QqN2zN1 : 894.2930395 (0.05)%
                    GqQqN1_QqN4wC1wN1 : 893.6652763 (0.05)%
         GbB2bN4hN2taTAU1taN1_QqC1wN1 : 875.5835227 (0.05)%
             QqC1nTAU1taN1_QqC2wN2hN1 : 865.1399969 (0.05)%
                GtT1bC2hC1wN1_QqN2hN1 : 864.2922337 (0.05)%
                    B1tC1wN1_B1tC1wN1 : 855.6977999 (0.05)%
         GbB1tC2zC1wN1_QqN2taTAU1taN1 : 842.9093501 (0.05)%
    GbB2bN3wC1nTAU1taN1_QqC1nTAU1taN1 : 837.3942352 (0.05)%
    GbB2bN4wC1nTAU1taN1_QqC1nTAU1taN1 : 832.8237706 (0.05)%
                   QqC2wN2hN1_QqN2hN1 : 830.0200209 (0.05)%
          GtT1bC2wN2hN1_QqC1nTAU1taN1 : 819.9312853 (0.05)%
           GbB1bN3wC1nTAU1taN1_GqQqN1 : 818.4623603 (0.05)%
              T1bC1nTAU1taN1_T1tN2hN1 : 816.5831518 (0.05)%
                 T1bC1wN1_T1bC2wN2hN1 : 814.0557060 (0.05)%
  GbB2tC2wN2taTAU1taN1_QqN2taTAU1taN1 : 812.9875209 (0.05)%
          GbB2bN3wC1nTAU1taN1_QqN2hN1 : 803.4005862 (0.05)%
          GbB2bN4wC1nTAU1taN1_QqN2hN1 : 799.0156576 (0.05)%
            GbB1bN2zN1_QqN2taTAU1taN1 : 795.0431246 (0.05)%
            GbB1bN2taTAU1taN1_QqN2zN1 : 795.0431246 (0.05)%
         GbB1tC2hC1wN1_QqN2taTAU1taN1 : 790.6139212 (0.05)%
                 GqQqN1_GtT1tN3wC1wN1 : 790.2290151 (0.05)%
             GbB1bN4hN1_QqC1nTAU1taN1 : 790.0337874 (0.05)%
   GbB1bN3zN2taTAU1taN1_QqC1nTAU1taN1 : 786.8816269 (0.05)%
                GtT1bC2wN2hN1_QqN2hN1 : 786.6465370 (0.05)%
         GtT1tN3zN2taTAU1taN1_QqC1wN1 : 759.7376778 (0.05)%
                       GqQqN1_QqC2wN1 : 759.2680387 (0.05)%
             QqC1wN1_QqN4wC1nTAU1taN1 : 758.0616685 (0.05)%
             QqC1nTAU1taN1_QqN4wC1wN1 : 758.0616685 (0.05)%
                   GbB1bN4hN1_QqN2hN1 : 757.9627148 (0.05)%
                   GbB1bN3hN1_QqC1wN1 : 755.0961330 (0.05)%
         GbB1bN3zN2taTAU1taN1_QqN2hN1 : 754.9385149 (0.05)%
         GbB1bN3zN2hN1_QqN2taTAU1taN1 : 754.9385149 (0.05)%
     GbB1bN3taTAU1taN1_QqN2taTAU1taN1 : 754.8911804 (0.05)%
   GbB1tC2wN2taTAU1taN1_QqC1nTAU1taN1 : 750.0346102 (0.05)%
                GbB1bN3zN2zN1_QqC1wN1 : 748.2966949 (0.05)%
      GbB1bN4taTAU1taN1_QqC1nTAU1taN1 : 739.0164807 (0.04)%
                      GbB1bN1_QqN2zN1 : 736.8817905 (0.04)%
   GbB1bN4wC1nTAU1taN1_QqN2taTAU1taN1 : 736.4973899 (0.04)%
                 GbB1tC2zC1wN1_GqQqN1 : 733.6081620 (0.04)%
                   QqN2hN1_QqN4wC1wN1 : 727.2884900 (0.04)%
         GbB1tC2wN2hN1_QqN2taTAU1taN1 : 719.5872865 (0.04)%
         GbB1tC2wN2taTAU1taN1_QqN2hN1 : 719.5872865 (0.04)%
              B1tC1nTAU1taN1_B1tC1wN1 : 718.7444977 (0.04)%
             GbB1bN3wC1wN1_GbB1tC1wN1 : 714.1860582 (0.04)%
                GbB1tC2wN2zN1_QqC1wN1 : 713.2564806 (0.04)%
            GbB1bN4taTAU1taN1_QqN2hN1 : 709.0164331 (0.04)%
          GbB2tC2wN2taTAU1taN1_GqQqN1 : 707.5663366 (0.04)%
   GbB2tC2zC1nTAU1taN1_QqN2taTAU1taN1 : 706.6749165 (0.04)%
    GtT1tN3wC1nTAU1taN1_QqC1nTAU1taN1 : 702.2729138 (0.04)%
                GbB1bN4wC1wN1_QqN2zN1 : 700.3830612 (0.04)%
           T1bC1wN1_T1tN3wC1nTAU1taN1 : 697.2404675 (0.04)%
           T1bC1nTAU1taN1_T1tN3wC1wN1 : 697.2404675 (0.04)%
                    GbB1bN2zN1_GqQqN1 : 691.9488143 (0.04)%
                 GbB1tC2hC1wN1_GqQqN1 : 688.0939516 (0.04)%
          GtT1tN3wC1nTAU1taN1_QqN2hN1 : 673.7644551 (0.04)%
          GbB2bN3zN2hN1_QqC1nTAU1taN1 : 672.2427401 (0.04)%
      GbB2bN3taTAU1taN1_QqC1nTAU1taN1 : 672.2005906 (0.04)%
                GbB2tC2zC1wN1_QqN2zN1 : 672.0229400 (0.04)%
                      QqN2zN1_QqN2zN1 : 669.8324304 (0.04)%
      GbB2tC2nTAU1taN1_QqN2taTAU1taN1 : 663.3065120 (0.04)%
   GbB2tC2hC1nTAU1taN1_QqN2taTAU1taN1 : 662.8316872 (0.04)%
            GbB1bN3zN1_QqN2taTAU1taN1 : 658.5659590 (0.04)%
                 GbB1bN3zN2hN1_GqQqN1 : 657.0446232 (0.04)%
             GbB1bN3taTAU1taN1_GqQqN1 : 657.0034266 (0.04)%
    GbB1tC2zC1nTAU1taN1_QqC1nTAU1taN1 : 651.9542205 (0.04)%
          GbB2bN4hN2hN1_QqC1nTAU1taN1 : 649.7345891 (0.04)%
                GbB2bN3zN2hN1_QqN2hN1 : 644.9533430 (0.04)%
            GbB2bN3taTAU1taN1_QqN2hN1 : 644.9129045 (0.04)%
                QqC1nTAU1taN1_QqC2wN1 : 644.0576931 (0.04)%
           GbB1bN4wC1nTAU1taN1_GqQqN1 : 640.9947837 (0.04)%
                GbB1bN2hN1_GtT1bC1wN1 : 640.0139094 (0.04)%
             GtT1bC1nTAU1taN1_QqN2zN1 : 639.4460371 (0.04)%
         GbB1bN2taTAU1taN1_GbB1tC1wN1 : 634.9246725 (0.04)%
                GbB2tC2hC1wN1_QqN2zN1 : 630.3295742 (0.04)%
                 GbB1tC2wN2hN1_GqQqN1 : 626.2774361 (0.04)%
          GbB1tC2zC1nTAU1taN1_QqN2hN1 : 625.4884269 (0.04)%
                GbB2bN4hN2hN1_QqN2hN1 : 623.3589005 (0.04)%
                      QqC2wN1_QqN2hN1 : 617.9124555 (0.04)%
           GbB2tC2zC1nTAU1taN1_GqQqN1 : 615.0394305 (0.04)%
        T1bC1nTAU1taN1_T1bC1nTAU1taN1 : 614.7496037 (0.04)%
       GbB1tC2nTAU1taN1_QqC1nTAU1taN1 : 611.9440069 (0.04)%
    GbB1tC2hC1nTAU1taN1_QqC1nTAU1taN1 : 611.5059497 (0.04)%
             GtT1bC2wN1_QqC1nTAU1taN1 : 610.4018471 (0.04)%
                      GtT1bC1wN1_QqN1 : 609.3235168 (0.04)%
                    T1bC1wN1_T1bC2wN1 : 606.0277433 (0.04)%
     GtT1tN2taTAU1taN1_QqN2taTAU1taN1 : 601.8291690 (0.04)%
   GbB1bN4hN2taTAU1taN1_QqC1nTAU1taN1 : 598.8966856 (0.04)%
                   GbB1bN4zN1_QqC1wN1 : 598.8928738 (0.04)%
          GbB2tC2wN2zN1_QqC1nTAU1taN1 : 597.9770705 (0.04)%
                   QqC1wN1_QqN4hN2hN1 : 591.4082956 (0.04)%
                   GbB1bN1_GbB1tC1wN1 : 588.4767946 (0.04)%
             GbB1tC2nTAU1taN1_QqN2hN1 : 587.1024103 (0.04)%
                   GbB2bN2hN1_QqC1wN1 : 586.8324103 (0.04)%
          GbB1tC2hC1nTAU1taN1_QqN2hN1 : 586.6821359 (0.04)%
             GbB2bN3zN1_QqC1nTAU1taN1 : 586.4268097 (0.04)%
                   GtT1bC2wN1_QqN2hN1 : 585.6228537 (0.04)%
              GbB2tC2nTAU1taN1_GqQqN1 : 577.2946652 (0.04)%
             GqQqN1_QqC2wN2taTAU1taN1 : 577.2214374 (0.04)%
           GbB2tC2hC1nTAU1taN1_GqQqN1 : 576.8814117 (0.04)%
         GbB1bN4hN2taTAU1taN1_QqN2hN1 : 574.5847392 (0.03)%
         GbB1bN4hN2hN1_QqN2taTAU1taN1 : 574.5847392 (0.03)%
                GbB2tC2wN2zN1_QqN2hN1 : 573.7024555 (0.03)%
                GbB2tC2wN2hN1_QqN2zN1 : 573.7024555 (0.03)%
                 B1bN3wC1wN1_B1tC1wN1 : 573.4603653 (0.03)%
                    GbB1bN3zN1_GqQqN1 : 573.1688262 (0.03)%
                GbB1bN4hN2zN1_QqC1wN1 : 569.5296409 (0.03)%
                GbB2wT1bC1wN1_QqC1wN1 : 568.0441735 (0.03)%
          GtT1tN3zN2hN1_QqC1nTAU1taN1 : 563.7701432 (0.03)%
      GtT1tN3taTAU1taN1_QqC1nTAU1taN1 : 563.7347949 (0.03)%
                   GbB2bN3zN1_QqN2hN1 : 562.6210724 (0.03)%
                      GbB1bN2hN1_QqN1 : 562.1770772 (0.03)%
                 T1bC1wN1_T1tN3zN2hN1 : 559.7301995 (0.03)%
             T1bC1wN1_T1tN3taTAU1taN1 : 559.6951045 (0.03)%
             GbB1bN4wC1wN1_GbB1tC1wN1 : 559.3287610 (0.03)%
            QqC2zC1wN1_QqN2taTAU1taN1 : 550.2647243 (0.03)%
                GtT1tN3zN2hN1_QqN2hN1 : 540.8841433 (0.03)%
            GtT1tN3taTAU1taN1_QqN2hN1 : 540.8502299 (0.03)%
             GbB1tC1wN1_GbB2tC2zC1wN1 : 536.6802528 (0.03)%
                         QqN1_QqN2zN1 : 536.1228626 (0.03)%
            GbB1tC2wN1_QqN2taTAU1taN1 : 535.7002674 (0.03)%
              GbB2tC2taNUTnN1_QqC1wN1 : 528.3549321 (0.03)%
             GqQqN1_GtT1tN2taTAU1taN1 : 523.7891719 (0.03)%
         GtT1bC2zC1wN1_QqN2taTAU1taN1 : 521.5101189 (0.03)%
            QqC2hC1wN1_QqN2taTAU1taN1 : 516.1254307 (0.03)%
          GbB1tC1wN1_GtT1bC1nTAU1taN1 : 510.6642057 (0.03)%
          GbB1tC1nTAU1taN1_GtT1bC1wN1 : 510.6642057 (0.03)%
             B1bN2taTAU1taN1_B1tC1wN1 : 509.8169174 (0.03)%
             GbB1tC1wN1_GbB2tC2hC1wN1 : 503.3837613 (0.03)%
              GqQqN1_QqC2zC1nTAU1taN1 : 501.7394493 (0.03)%
          GbB2tC2taNUTtaC1wN1_QqC1wN1 : 500.7057071 (0.03)%
                 GbB1bN4hN2hN1_GqQqN1 : 500.0775640 (0.03)%
             GtT1tN3zN1_QqC1nTAU1taN1 : 491.8014086 (0.03)%
      QqC1nTAU1taN1_QqC2wN2taTAU1taN1 : 489.6346065 (0.03)%
         GtT1bC2hC1wN1_QqN2taTAU1taN1 : 489.1548065 (0.03)%
                    T1bC1wN1_T1tN3zN1 : 488.2771886 (0.03)%
             GbB2bN4hN1_QqC1nTAU1taN1 : 485.0823330 (0.03)%
                       B1bN1_B1tC1wN1 : 472.5212901 (0.03)%
                   GtT1tN3zN1_QqN2hN1 : 471.8369476 (0.03)%
          GbB1bN2hN1_GbB1tC1nTAU1taN1 : 471.1515355 (0.03)%
                 GqQqN1_QqC2nTAU1taN1 : 470.9478662 (0.03)%
              GqQqN1_QqC2hC1nTAU1taN1 : 470.6107405 (0.03)%
            QqC2wN2taTAU1taN1_QqN2hN1 : 469.7581060 (0.03)%
            QqC2wN2hN1_QqN2taTAU1taN1 : 469.7581060 (0.03)%
                    GbB1tC2wN1_GqQqN1 : 466.2352939 (0.03)%
                   QqC1wN1_QqC2wN2zN1 : 465.6252545 (0.03)%
                   GbB2bN4hN1_QqN2hN1 : 465.3906300 (0.03)%
   GtT1bC2wN2taTAU1taN1_QqC1nTAU1taN1 : 464.0482855 (0.03)%
                 T1tN2hN1_T1tN3wC1wN1 : 463.0786381 (0.03)%
       T1bC1nTAU1taN1_T1tN2taTAU1taN1 : 462.1533759 (0.03)%
                   N2hN1_N2taTAU1taN1 : 460.9896535 (0.03)%
          T1bC1wN1_T1bC2wN2taTAU1taN1 : 460.7229428 (0.03)%
             GbB1tC1wN1_GbB2tC2wN2hN1 : 458.1611140 (0.03)%
   GbB2bN3wC1nTAU1taN1_QqN2taTAU1taN1 : 454.6925715 (0.03)%
                 GqQqN1_GtT1bC2zC1wN1 : 453.8852010 (0.03)%
      GbB2bN4taTAU1taN1_QqC1nTAU1taN1 : 453.7576042 (0.03)%
   GbB2bN4wC1nTAU1taN1_QqN2taTAU1taN1 : 452.2108774 (0.03)%
                 B1bN4wC1wN1_B1tC1wN1 : 449.1166859 (0.03)%
                GbB1tC1nTAU1taN1_QqN1 : 448.5585491 (0.03)%
         GtT1bC2wN2hN1_QqN2taTAU1taN1 : 445.2104503 (0.03)%
         GtT1bC2wN2taTAU1taN1_QqN2hN1 : 445.2104503 (0.03)%
                      GtT1tN1_QqC1wN1 : 442.8838936 (0.03)%
             GtT1tN2zN1_QqC1nTAU1taN1 : 442.6636746 (0.03)%
                      QqC1wN1_QqN4hN1 : 441.5367761 (0.03)%
                GtT1bC2wN2zN1_QqC1wN1 : 441.2935649 (0.03)%
                    T1bC1wN1_T1tN2zN1 : 439.4915727 (0.03)%
                GbB1tC1wN1_QqC2zC1wN1 : 437.8152703 (0.03)%
            GbB2bN4taTAU1taN1_QqN2hN1 : 435.3375147 (0.03)%
                GbB2bN3wC1wN1_QqN2zN1 : 432.3966106 (0.03)%
                GbB2bN4wC1wN1_QqN2zN1 : 430.0366070 (0.03)%
            GbB1bN4hN1_QqN2taTAU1taN1 : 428.9765552 (0.03)%
  GbB1bN3zN2taTAU1taN1_QqN2taTAU1taN1 : 427.2649791 (0.03)%
                   GbB2tC2wN1_QqN2zN1 : 427.0955929 (0.03)%
                 GqQqN1_GtT1bC2hC1wN1 : 425.7254454 (0.03)%
       QqC1nTAU1taN1_QqC2zC1nTAU1taN1 : 425.6061572 (0.03)%
                   GtT1tN2zN1_QqN2hN1 : 424.6939382 (0.03)%
                   GtT1tN2hN1_QqN2zN1 : 424.6939382 (0.03)%
               QqC1wN1_QqN4taTAU1taN1 : 413.0240498 (0.03)%
            QqN2taTAU1taN1_QqN4wC1wN1 : 411.6161718 (0.02)%
                GbB1tC1wN1_QqC2hC1wN1 : 410.6525187 (0.02)%
             QqC2zC1nTAU1taN1_QqN2hN1 : 408.3288633 (0.02)%
             GbB1bN3wC1wN1_GtT1bC1wN1 : 407.4405896 (0.02)%
                          N2hN1_N2hN1 : 407.2634799 (0.02)%
  GbB1tC2wN2taTAU1taN1_QqN2taTAU1taN1 : 407.2575989 (0.02)%
    GtT1bC2zC1nTAU1taN1_QqC1nTAU1taN1 : 403.3657036 (0.02)%
     GbB1bN4taTAU1taN1_QqN2taTAU1taN1 : 401.2749191 (0.02)%
           T1bC1wN1_T1bC2zC1nTAU1taN1 : 400.4752087 (0.02)%
           T1bC1nTAU1taN1_T1bC2zC1wN1 : 400.4752087 (0.02)%
          QqC1nTAU1taN1_QqC2nTAU1taN1 : 399.4868490 (0.02)%
       QqC1nTAU1taN1_QqC2hC1nTAU1taN1 : 399.2008783 (0.02)%
           GbB2bN3wC1nTAU1taN1_GqQqN1 : 395.7319747 (0.02)%
           GbB2bN4wC1nTAU1taN1_GqQqN1 : 393.5720853 (0.02)%
                 GqQqN1_GtT1bC2wN2hN1 : 387.4794130 (0.02)%
          GtT1bC2zC1nTAU1taN1_QqN2hN1 : 386.9912510 (0.02)%
                QqC2nTAU1taN1_QqN2hN1 : 383.2698568 (0.02)%
             QqC2hC1nTAU1taN1_QqN2hN1 : 382.9954949 (0.02)%
   GtT1tN3wC1nTAU1taN1_QqN2taTAU1taN1 : 381.3237107 (0.02)%
   GbB2bN3zN2taTAU1taN1_QqC1nTAU1taN1 : 380.4624809 (0.02)%
       GtT1bC2nTAU1taN1_QqC1nTAU1taN1 : 378.6112845 (0.02)%
    GtT1bC2hC1nTAU1taN1_QqC1nTAU1taN1 : 378.3402575 (0.02)%
              B1bN2hN1_B1tC1nTAU1taN1 : 378.3142062 (0.02)%
             GbB1bN2hN1_GbB1bN3wC1wN1 : 375.9148523 (0.02)%
              T1bC1wN1_T1bC2nTAU1taN1 : 375.8981783 (0.02)%
           T1bC1wN1_T1bC2hC1nTAU1taN1 : 375.6290935 (0.02)%
           T1bC1nTAU1taN1_T1bC2hC1wN1 : 375.6290935 (0.02)%
          GbB1bN3wC1nTAU1taN1_QqN2zN1 : 375.5813101 (0.02)%
              GqQqN1_QqN4wC1nTAU1taN1 : 375.3176648 (0.02)%
                GbB1tC1wN1_QqC2wN2hN1 : 373.7605975 (0.02)%
                    GbB1bN4hN1_GqQqN1 : 373.3505888 (0.02)%
          GbB1bN3zN2taTAU1taN1_GqQqN1 : 371.8609551 (0.02)%
   GbB2bN4hN2taTAU1taN1_QqC1nTAU1taN1 : 367.7237684 (0.02)%
                   GbB2bN4zN1_QqC1wN1 : 367.7214280 (0.02)%
                   GbB2bN3hN1_QqC1wN1 : 365.0939839 (0.02)%
         GbB2bN3zN2hN1_QqN2taTAU1taN1 : 365.0177745 (0.02)%
         GbB2bN3zN2taTAU1taN1_QqN2hN1 : 365.0177745 (0.02)%
     GbB2bN3taTAU1taN1_QqN2taTAU1taN1 : 364.9948880 (0.02)%
             GtT1bC2nTAU1taN1_QqN2hN1 : 363.2417267 (0.02)%
          GtT1bC2hC1nTAU1taN1_QqN2hN1 : 362.9817019 (0.02)%
                GtT1tN3wC1wN1_QqN2zN1 : 362.6254098 (0.02)%
         GbB1bN2taTAU1taN1_GtT1bC1wN1 : 362.2222528 (0.02)%
                GbB2bN3zN2zN1_QqC1wN1 : 361.8064106 (0.02)%
                   GbB1bN3wC1wN1_QqN1 : 357.8887216 (0.02)%
          GbB1tC2wN2taTAU1taN1_GqQqN1 : 354.4479588 (0.02)%
   GbB1tC2zC1nTAU1taN1_QqN2taTAU1taN1 : 354.0014112 (0.02)%
         GbB2bN4hN2hN1_QqN2taTAU1taN1 : 352.7961845 (0.02)%
         GbB2bN4hN2taTAU1taN1_QqN2hN1 : 352.7961845 (0.02)%
               QqC2wN1_QqN2taTAU1taN1 : 349.7137147 (0.02)%
                GbB2bN4hN2zN1_QqC1wN1 : 349.6923440 (0.02)%
             GbB1bN4taTAU1taN1_GqQqN1 : 349.2410611 (0.02)%
                GtT1bC1wN1_GtT1bC1wN1 : 346.8440300 (0.02)%
             GbB1tC1wN1_GbB2bN3wC1wN1 : 345.3136917 (0.02)%
             GbB1tC1wN1_GbB2bN4wC1wN1 : 343.4289832 (0.02)%
           T1bC1nTAU1taN1_T1bC2wN2hN1 : 341.8835829 (0.02)%
                             C1wN1_N1 : 341.4301841 (0.02)%
                GbB1tC1wN1_GbB2tC2wN1 : 341.0802774 (0.02)%
                    C2zC1wN1_N4wC1wN1 : 340.6274825 (0.02)%
                GbB1tC1wN1_GtT1tN2hN1 : 339.1623062 (0.02)%
                GbB1tC2zC1wN1_QqN2zN1 : 336.6428659 (0.02)%
                   GbB1bN1_GtT1bC1wN1 : 335.7239048 (0.02)%
                    C2zC1wN1_N3wC1wN1 : 334.8530647 (0.02)%
            QqC1wN1_QqN4hN2taTAU1taN1 : 334.7134211 (0.02)%
         GbB1bN2hN1_GbB1bN2taTAU1taN1 : 334.1952867 (0.02)%
                    N3wC1wN1_N4wC1wN1 : 333.6153015 (0.02)%
        GbB2tC2taNUTwTAU1taN1_QqC1wN1 : 332.7990804 (0.02)%
      GbB1tC2nTAU1taN1_QqN2taTAU1taN1 : 332.2764624 (0.02)%
            GbB2bN2taTAU1taN1_QqC1wN1 : 332.1236532 (0.02)%
   GbB1tC2hC1nTAU1taN1_QqN2taTAU1taN1 : 332.0386039 (0.02)%
           GqQqN1_GtT1tN3wC1nTAU1taN1 : 331.8769527 (0.02)%
            GtT1bC2wN1_QqN2taTAU1taN1 : 331.4390926 (0.02)%
                GbB1tC1wN1_QqN4wC1wN1 : 327.5002696 (0.02)%
  GbB1bN4hN2taTAU1taN1_QqN2taTAU1taN1 : 325.1919616 (0.02)%
         GbB2tC2wN2zN1_QqN2taTAU1taN1 : 324.6926244 (0.02)%
         GbB2tC2wN2taTAU1taN1_QqN2zN1 : 324.6926244 (0.02)%
                    C2hC1wN1_N4wC1wN1 : 319.4944149 (0.02)%
             GbB1bN4wC1wN1_GtT1bC1wN1 : 319.0950559 (0.02)%
   GtT1tN3zN2taTAU1taN1_QqC1nTAU1taN1 : 319.0713332 (0.02)%
            GbB2bN3zN1_QqN2taTAU1taN1 : 318.4210051 (0.02)%
       QqC1nTAU1taN1_QqN4wC1nTAU1taN1 : 318.3674501 (0.02)%
               GbB1bN2taTAU1taN1_QqN1 : 318.1697216 (0.02)%
                 GbB2bN3zN2hN1_GqQqN1 : 317.6854292 (0.02)%
             GbB2bN3taTAU1taN1_GqQqN1 : 317.6655104 (0.02)%
                   GbB1bN2zN1_QqN2zN1 : 317.5259545 (0.02)%
             GbB1bN3hN1_QqC1nTAU1taN1 : 317.1219973 (0.02)%
          T1bC1wN1_T1tN3zN2taTAU1taN1 : 316.7848868 (0.02)%
                GbB1tC2hC1wN1_QqN2zN1 : 315.7570102 (0.02)%
          GbB1bN3zN2zN1_QqC1nTAU1taN1 : 314.2663988 (0.02)%
                    C2hC1wN1_N3wC1wN1 : 314.0782511 (0.02)%
                   GbB1bN1_GbB1bN2hN1 : 309.7472497 (0.02)%
           GbB1tC2zC1nTAU1taN1_GqQqN1 : 308.0975725 (0.02)%
                 GbB2bN4hN2hN1_GqQqN1 : 307.0486292 (0.02)%
             T1tN2hN1_T1tN2taTAU1taN1 : 306.9433946 (0.02)%
                   GtT1tN3hN1_QqC1wN1 : 306.1826857 (0.02)%
             GbB2tC2zC1wN1_GtT1bC1wN1 : 306.1741631 (0.02)%
         GtT1tN3zN2taTAU1taN1_QqN2hN1 : 306.1187734 (0.02)%
         GtT1tN3zN2hN1_QqN2taTAU1taN1 : 306.1187734 (0.02)%
     GtT1tN3taTAU1taN1_QqN2taTAU1taN1 : 306.0995798 (0.02)%
             QqN2hN1_QqN4wC1nTAU1taN1 : 305.4434641 (0.02)%
                   GbB1bN3hN1_QqN2hN1 : 304.2485699 (0.02)%
                GtT1tN3zN2zN1_QqC1wN1 : 303.4255928 (0.02)%
                 B1bN2hN1_B1bN3wC1wN1 : 301.8432887 (0.02)%
                GbB1bN3zN2zN1_QqN2hN1 : 301.5088932 (0.02)%
                GbB1bN3zN2hN1_QqN2zN1 : 301.5088932 (0.02)%
            GbB1bN3taTAU1taN1_QqN2zN1 : 301.4899887 (0.02)%
       GbB1bN3wC1nTAU1taN1_GbB1tC1wN1 : 299.9407616 (0.02)%
       GbB1bN3wC1wN1_GbB1tC1nTAU1taN1 : 299.9407616 (0.02)%
          GbB1tC2wN2zN1_QqC1nTAU1taN1 : 299.5503617 (0.02)%
                GbB1bN2hN1_GbB1bN2hN1 : 295.2463995 (0.02)%
                         GbB1bN1_QqN1 : 294.8940339 (0.02)%
             GbB1bN2hN1_GbB1bN4wC1wN1 : 294.4050589 (0.02)%
          GbB1bN4wC1nTAU1taN1_QqN2zN1 : 294.1438389 (0.02)%
     T1bC1nTAU1taN1_T1tN3wC1nTAU1taN1 : 292.8240260 (0.02)%
                    GqQqN1_QqN4hN2hN1 : 292.8072869 (0.02)%
          GtT1bC1nTAU1taN1_GtT1bC1wN1 : 291.3321013 (0.02)%
                    C2wN2hN1_N4wC1wN1 : 290.7918934 (0.02)%
             GbB1tC1wN1_GtT1tN3wC1wN1 : 289.5941269 (0.02)%
              GbB1tC2nTAU1taN1_GqQqN1 : 289.1897270 (0.02)%
           GbB1tC2hC1nTAU1taN1_GqQqN1 : 288.9827119 (0.02)%
                    GqQqN1_GtT1bC2wN1 : 288.4609401 (0.02)%
                GbB1tC2wN2zN1_QqN2hN1 : 287.3902471 (0.02)%
                GbB1tC2wN2hN1_QqN2zN1 : 287.3902471 (0.02)%
             GbB2tC2hC1wN1_GtT1bC1wN1 : 287.1786339 (0.02)%
                    C2wN2hN1_N3wC1wN1 : 285.8623032 (0.02)%
          GbB1bN4hN2taTAU1taN1_GqQqN1 : 283.0238830 (0.02)%
                 GbB2tC2wN2zN1_GqQqN1 : 282.5892955 (0.02)%
             GbB1bN2hN1_GbB2tC2zC1wN1 : 282.4839209 (0.02)%
          GbB2tC2zC1nTAU1taN1_QqN2zN1 : 282.2332782 (0.02)%
                   GbB1bN4wC1wN1_QqN1 : 280.2875426 (0.02)%
                   GbB1tC1wN1_QqC2wN1 : 278.2479010 (0.02)%
                    GbB2bN3zN1_GqQqN1 : 277.1309255 (0.02)%
             GbB2tC2nTAU2taN1_QqC1wN1 : 271.8557911 (0.02)%
                    T1tN2hN1_T1tN2hN1 : 271.1705871 (0.02)%
                   GbB2tC2zC1wN1_QqN1 : 268.9380552 (0.02)%
             GbB1tC1wN1_GbB1tC2zC1wN1 : 268.8443617 (0.02)%
          GbB1bN2hN1_GtT1bC1nTAU1taN1 : 268.7902644 (0.02)%
             B1bN2hN1_B1bN2taTAU1taN1 : 268.3442907 (0.02)%
            GbB1bN4taTAU2taN1_QqC1wN1 : 268.0784785 (0.02)%
            GtT1tN3zN1_QqN2taTAU1taN1 : 267.0408246 (0.02)%
   GbB1bN2taTAU1taN1_GbB1tC1nTAU1taN1 : 266.6529088 (0.02)%
                 GqQqN1_GtT1tN3zN2hN1 : 266.4239407 (0.02)%
             GqQqN1_GtT1tN3taTAU1taN1 : 266.4072360 (0.02)%
                 T1bC2zC1wN1_T1tN2hN1 : 265.9792753 (0.02)%
     QqC2wN2taTAU1taN1_QqN2taTAU1taN1 : 265.8642835 (0.02)%
             GbB1bN2hN1_GbB2tC2hC1wN1 : 264.9581718 (0.02)%
             GbB2tC2nTAU1taN1_QqN2zN1 : 264.9127158 (0.02)%
          GbB2tC2hC1nTAU1taN1_QqN2zN1 : 264.7230794 (0.02)%
              GbB1tC2taNUTnN1_QqC1wN1 : 264.6738793 (0.02)%
            GbB2bN4hN1_QqN2taTAU1taN1 : 263.3924669 (0.02)%
                   GbB1bN3zN1_QqN2zN1 : 263.0194241 (0.02)%
          T1tN2taTAU1taN1_T1tN3wC1wN1 : 262.0839720 (0.02)%
             GbB2tC2wN2hN1_GtT1bC1wN1 : 261.3792755 (0.02)%
      GbB1tC1wN1_GbB2tC2wN2taTAU1taN1 : 259.3008502 (0.02)%
                GtT1bC1nTAU1taN1_QqN1 : 255.9010465 (0.02)%
              T1bC1nTAU1taN1_T1bC2wN1 : 254.5169019 (0.02)%
                GbB1bN2zN1_GbB1tC1wN1 : 253.5775186 (0.02)%
                   GbB2tC1wN1_QqC1wN1 : 253.3880365 (0.02)%
            GbB1bN3taTAU2taN1_QqC1wN1 : 252.4753588 (0.02)%
                   GbB2tC2hC1wN1_QqN1 : 252.2527130 (0.02)%
             GbB1tC1wN1_GbB1tC2hC1wN1 : 252.1648324 (0.02)%
  GtT1bC2wN2taTAU1taN1_QqN2taTAU1taN1 : 251.9712930 (0.02)%
             GbB1bN4zN1_QqC1nTAU1taN1 : 251.5204304 (0.02)%
          GbB1tC2taNUTtaC1wN1_QqC1wN1 : 250.8232892 (0.02)%
                GtT1bC1wN1_QqC2zC1wN1 : 249.7720445 (0.02)%
                 T1bC2hC1wN1_T1tN2hN1 : 249.4775005 (0.02)%
              B2tC2hC1wN1_B2tC2zC1wN1 : 248.8498493 (0.02)%
                       B1bN1_B1bN2hN1 : 248.7135795 (0.02)%
             QqC1nTAU1taN1_QqN4hN2hN1 : 248.3770897 (0.02)%
             GbB1bN1_GbB1tC1nTAU1taN1 : 247.1459306 (0.01)%
             GbB2bN2hN1_QqC1nTAU1taN1 : 246.4553292 (0.01)%
     GbB2bN4taTAU1taN1_QqN2taTAU1taN1 : 246.3836067 (0.01)%
                   GbB1bN4zN1_QqN2hN1 : 241.3100696 (0.01)%
             GbB1bN2hN1_GbB2tC2wN2hN1 : 241.1550401 (0.01)%
           B1bN3wC1wN1_B1tC1nTAU1taN1 : 240.8393958 (0.01)%
           B1bN3wC1nTAU1taN1_B1tC1wN1 : 240.8393958 (0.01)%
             GbB1bN3zN2hN1_GbB1tC1wN1 : 240.7862283 (0.01)%
         GbB1bN3taTAU1taN1_GbB1tC1wN1 : 240.7711310 (0.01)%
            GtT1tN2zN1_QqN2taTAU1taN1 : 240.3597685 (0.01)%
            GtT1tN2taTAU1taN1_QqN2zN1 : 240.3597685 (0.01)%
          GbB1bN4hN2zN1_QqC1nTAU1taN1 : 239.1885872 (0.01)%
          GbB2wT1bC1wN1_QqC1nTAU1taN1 : 238.5647271 (0.01)%
          GbB2wT1bC1nTAU1taN1_QqC1wN1 : 238.5647271 (0.01)%
                   QqN2hN1_QqN4hN2hN1 : 238.2943315 (0.01)%
                    B1bN2hN1_B1bN2hN1 : 237.0700270 (0.01)%
                   GbB2bN2hN1_QqN2hN1 : 236.4505840 (0.01)%
                 B1bN2hN1_B1bN4wC1wN1 : 236.3944671 (0.01)%
           T1bC1nTAU1taN1_T1tN3zN2hN1 : 235.0730603 (0.01)%
       T1bC1nTAU1taN1_T1tN3taTAU1taN1 : 235.0583213 (0.01)%
       GbB1bN4wC1nTAU1taN1_GbB1tC1wN1 : 234.9044659 (0.01)%
       GbB1bN4wC1wN1_GbB1tC1nTAU1taN1 : 234.9044659 (0.01)%
                GtT1bC1wN1_QqC2hC1wN1 : 234.2757919 (0.01)%
                    GqQqN1_GtT1tN3zN1 : 232.4132821 (0.01)%
      QqC2zC1nTAU1taN1_QqN2taTAU1taN1 : 231.0977911 (0.01)%
                    GqQqN1_QqC2wN2zN1 : 230.5318821 (0.01)%
                GbB1bN2hN1_QqC2zC1wN1 : 230.4459192 (0.01)%
                   GbB2tC2wN2hN1_QqN1 : 229.5910057 (0.01)%
             GbB1tC1wN1_GbB1tC2wN2hN1 : 229.5110200 (0.01)%
                GbB1bN4hN2zN1_QqN2hN1 : 229.4788322 (0.01)%
                GbB1bN4hN2hN1_QqN2zN1 : 229.4788322 (0.01)%
                    GbB2bN4hN1_GqQqN1 : 229.2380118 (0.01)%
                GbB2wT1bC1wN1_QqN2hN1 : 228.8802974 (0.01)%
              T1bC2zC1wN1_T1tN3wC1wN1 : 227.1067114 (0.01)%
                 T1bC2wN2hN1_T1tN2hN1 : 227.0651108 (0.01)%
              B2tC2wN2hN1_B2tC2zC1wN1 : 226.4938461 (0.01)%
                GbB1bN4zN2hN1_QqC1wN1 : 225.9710174 (0.01)%
       GbB1tC1wN1_GbB2tC2zC1nTAU1taN1 : 225.3926438 (0.01)%
       GbB1tC1nTAU1taN1_GbB2tC2zC1wN1 : 225.3926438 (0.01)%
        GbB2tC2taNUTnN1_QqC1nTAU1taN1 : 221.8962117 (0.01)%
                   QqC2zC1wN1_QqN2zN1 : 219.7658547 (0.01)%
          GqQqN1_GtT1bC2wN2taTAU1taN1 : 219.2978369 (0.01)%
   GtT1bC2zC1nTAU1taN1_QqN2taTAU1taN1 : 219.0215567 (0.01)%
                       GqQqN1_QqN4hN1 : 218.6056341 (0.01)%
         QqC2nTAU1taN1_QqN2taTAU1taN1 : 216.9153966 (0.01)%
      QqC2hC1nTAU1taN1_QqN2taTAU1taN1 : 216.7601188 (0.01)%
                       C2wN1_N4wC1wN1 : 216.4814442 (0.01)%
                GbB1bN2hN1_QqC2hC1wN1 : 216.1486900 (0.01)%
                 B1tC1wN1_B1tC2zC1wN1 : 215.8703382 (0.01)%
    GbB1tC1nTAU1taN1_GtT1bC1nTAU1taN1 : 214.4665372 (0.01)%
             GbB2bN4taTAU1taN1_GqQqN1 : 214.4347133 (0.01)%
              T2bC2zC1wN1_T2tN4wC1wN1 : 214.2605865 (0.01)%
                       C1wN1_N3wC1wN1 : 214.1764557 (0.01)%
       B1bN2taTAU1taN1_B1tC1nTAU1taN1 : 214.1106967 (0.01)%
                   GbB1tC2wN1_QqN2zN1 : 213.9490721 (0.01)%
                GtT1bC1wN1_QqC2wN2hN1 : 213.2290830 (0.01)%
              T1bC2hC1wN1_T1tN3wC1wN1 : 213.0166520 (0.01)%
              GbB2tC2taNUTnN1_QqN2hN1 : 212.8884330 (0.01)%
                       C2wN1_N3wC1wN1 : 212.8115868 (0.01)%
      GbB1bN2taTAU1taN1_GbB1bN3wC1wN1 : 212.7527584 (0.01)%
              B2tC2hC1wN1_B2tC2wN2hN1 : 212.4418097 (0.01)%
          GbB1tC1wN1_GbB2tC2nTAU1taN1 : 211.5603722 (0.01)%
         GbB1tC1wN1_QqC2wN2taTAU1taN1 : 211.5335365 (0.01)%
       GbB1tC1wN1_GbB2tC2hC1nTAU1taN1 : 211.4089277 (0.01)%
       GbB1tC1nTAU1taN1_GbB2tC2hC1wN1 : 211.4089277 (0.01)%
    GbB2tC2taNUTtaC1wN1_QqC1nTAU1taN1 : 210.2842102 (0.01)%
    GbB2tC2taNUTtaC1nTAU1taN1_QqC1wN1 : 210.2842102 (0.01)%
                GbB1bN3zN1_GbB1tC1wN1 : 210.0483817 (0.01)%
                    GqQqN1_GtT1tN2zN1 : 209.1919943 (0.01)%
                GtT1bC2zC1wN1_QqN2zN1 : 208.2817814 (0.01)%
  GbB2bN3zN2taTAU1taN1_QqN2taTAU1taN1 : 206.5854486 (0.01)%
                   QqC2hC1wN1_QqN2zN1 : 206.1312336 (0.01)%
      GtT1bC2nTAU1taN1_QqN2taTAU1taN1 : 205.5802767 (0.01)%
   GtT1bC2hC1nTAU1taN1_QqN2taTAU1taN1 : 205.4331130 (0.01)%
              T1bC1nTAU1taN1_T1tN3zN1 : 205.0645349 (0.01)%
                GqQqN1_QqN4taTAU1taN1 : 204.4889332 (0.01)%
                    B1bN2zN1_B1tC1wN1 : 203.6117266 (0.01)%
                 B1tC1wN1_B1tC2hC1wN1 : 202.4774010 (0.01)%
          GbB2tC2taNUTtaC1wN1_QqN2hN1 : 201.7478155 (0.01)%
              T2bC2hC1wN1_T2tN4wC1wN1 : 200.9675209 (0.01)%
  GbB2bN4hN2taTAU1taN1_QqN2taTAU1taN1 : 199.6685179 (0.01)%
                 B1bN1_B1tC1nTAU1taN1 : 198.4474410 (0.01)%
              T1tN3wC1wN1_T1tN3wC1wN1 : 197.7001150 (0.01)%
                GbB1bN1_GbB1bN3wC1wN1 : 197.1888426 (0.01)%
             GbB2bN3wC1wN1_GtT1bC1wN1 : 197.0002250 (0.01)%
                GbB1bN2hN1_QqC2wN2hN1 : 196.7304713 (0.01)%
             GbB2bN4wC1wN1_GtT1bC1wN1 : 195.9250056 (0.01)%
             QqC1nTAU1taN1_QqC2wN2zN1 : 195.5512739 (0.01)%
                GtT1bC2hC1wN1_QqN2zN1 : 195.3596503 (0.01)%
                GbB2tC2wN1_GtT1bC1wN1 : 194.5850773 (0.01)%
           T1tN2hN1_T1tN3wC1nTAU1taN1 : 194.4817570 (0.01)%
              T1bC2wN2hN1_T1tN3wC1wN1 : 193.8798071 (0.01)%
    T1bC1nTAU1taN1_T1bC2wN2taTAU1taN1 : 193.4924223 (0.01)%
                GtT1bC1wN1_GtT1tN2hN1 : 193.4908816 (0.01)%
                 B1bN3zN2hN1_B1tC1wN1 : 193.3408764 (0.01)%
             B1bN3taTAU1taN1_B1tC1wN1 : 193.3287540 (0.01)%
       GbB1tC1nTAU1taN1_GbB2tC2wN2hN1 : 192.4165166 (0.01)%
         GbB1tC1wN1_GtT1tN2taTAU1taN1 : 191.9522886 (0.01)%
           GqQqN1_GtT1bC2zC1nTAU1taN1 : 190.6207372 (0.01)%
           B1bN4wC1wN1_B1tC1nTAU1taN1 : 188.6180769 (0.01)%
           B1bN4wC1nTAU1taN1_B1tC1wN1 : 188.6180769 (0.01)%
    GbB1tC1nTAU1taN1_GbB1tC1nTAU1taN1 : 187.9648404 (0.01)%
                   QqC2wN2zN1_QqN2hN1 : 187.6129563 (0.01)%
                   QqC2wN2hN1_QqN2zN1 : 187.6129563 (0.01)%
          GbB1bN3wC1wN1_GbB1bN4wC1wN1 : 187.4218186 (0.01)%
                GtT1bC1wN1_QqN4wC1wN1 : 186.8377314 (0.01)%
                GtT1tN1_QqC1nTAU1taN1 : 186.0004558 (0.01)%
           GbB2tC2nTAU2nC1wN1_QqC1wN1 : 185.7804733 (0.01)%
                QqC1nTAU1taN1_QqN4hN1 : 185.4346993 (0.01)%
          GtT1bC2wN2zN1_QqC1nTAU1taN1 : 185.3325565 (0.01)%
                       T1bC1wN1_T1tN1 : 184.6675875 (0.01)%
              T1bC1nTAU1taN1_T1tN2zN1 : 184.5757636 (0.01)%
                 B1tC1wN1_B1tC2wN2hN1 : 184.2873743 (0.01)%
                          N2hN1_N2zN1 : 184.1109938 (0.01)%
                 T1bC1wN1_T1bC2wN2zN1 : 184.0044743 (0.01)%
          GbB1tC1wN1_QqC2zC1nTAU1taN1 : 183.8717574 (0.01)%
          GbB1tC1nTAU1taN1_QqC2zC1wN1 : 183.8717574 (0.01)%
             GbB1bN4hN2hN1_GbB1tC1wN1 : 183.2627286 (0.01)%
          GbB1bN4taTAU2nC1wN1_QqC1wN1 : 183.1991381 (0.01)%
              T2bC2wN2hN1_T2tN4wC1wN1 : 182.9131377 (0.01)%
             GbB1bN2hN1_GbB2bN3wC1wN1 : 181.7573221 (0.01)%
          GbB2bN3wC1nTAU1taN1_QqN2zN1 : 181.5960522 (0.01)%
             GbB1bN2hN1_GbB2bN4wC1wN1 : 180.7652978 (0.01)%
          GbB2bN4wC1nTAU1taN1_QqN2zN1 : 180.6049082 (0.01)%
          GbB1bN3wC1wN1_GbB2tC2zC1wN1 : 179.8326780 (0.01)%
          GbB2bN3zN2taTAU1taN1_GqQqN1 : 179.7972359 (0.01)%
                GbB1bN2hN1_GbB2tC2wN1 : 179.5290466 (0.01)%
              GqQqN1_GtT1bC2nTAU1taN1 : 178.9224059 (0.01)%
           GqQqN1_GtT1bC2hC1nTAU1taN1 : 178.7943252 (0.01)%
           GbB2tC2taNUTnN2hN1_QqC1wN1 : 178.7282199 (0.01)%
                GbB1bN2hN1_GtT1tN2hN1 : 178.5195143 (0.01)%
                      GtT1tN1_QqN2hN1 : 178.4498495 (0.01)%
                      QqN2hN1_QqN4hN1 : 177.9070596 (0.01)%
                GtT1bC2wN2zN1_QqN2hN1 : 177.8090632 (0.01)%
                GtT1bC2wN2hN1_QqN2zN1 : 177.8090632 (0.01)%
            GbB1bN1_GbB1bN2taTAU1taN1 : 175.3045441 (0.01)%
              T2tN4wC1wN1_T2tN4wC1wN1 : 174.4216987 (0.01)%
          GbB2bN4hN2taTAU1taN1_GqQqN1 : 173.7772329 (0.01)%
         QqC1nTAU1taN1_QqN4taTAU1taN1 : 173.4600482 (0.01)%
  GtT1tN3zN2taTAU1taN1_QqN2taTAU1taN1 : 173.2509717 (0.01)%
                   GbB2bN3wC1wN1_QqN1 : 173.0415684 (0.01)%
      QqN2taTAU1taN1_QqN4wC1nTAU1taN1 : 172.8687737 (0.01)%
                 QqC1wN1_QqC2taNUTnN1 : 172.7833476 (0.01)%
             GbB1tC1wN1_QqC2nTAU1taN1 : 172.5876088 (0.01)%
          GbB1bN3taTAU2nC1wN1_QqC1wN1 : 172.5362975 (0.01)%
          GbB1tC1wN1_QqC2hC1nTAU1taN1 : 172.4640628 (0.01)%
          GbB1tC1nTAU1taN1_QqC2hC1wN1 : 172.4640628 (0.01)%
                GbB1bN2hN1_QqN4wC1wN1 : 172.3811520 (0.01)%
            GbB1bN3hN1_QqN2taTAU1taN1 : 172.1925114 (0.01)%
                   GbB2bN4wC1wN1_QqN1 : 172.0971144 (0.01)%
                GbB1bN3hN2hN1_QqC1wN1 : 171.8148067 (0.01)%
                   GbB1bN4hN1_QqN2zN1 : 171.3255369 (0.01)%
       GbB1bN3wC1wN1_GtT1bC1nTAU1taN1 : 171.1151308 (0.01)%
       GbB1bN3wC1nTAU1taN1_GtT1bC1wN1 : 171.1151308 (0.01)%
                      GbB2tC2wN1_QqN1 : 170.9201447 (0.01)%
                GbB1tC1wN1_GbB1tC2wN1 : 170.8605990 (0.01)%
          B1bN2taTAU1taN1_B1bN3wC1wN1 : 170.8312185 (0.01)%
              B2bN3wC1wN1_B2tC2zC1wN1 : 170.7072550 (0.01)%
         GbB1bN3zN2zN1_QqN2taTAU1taN1 : 170.6419641 (0.01)%
         GbB1bN3zN2taTAU1taN1_QqN2zN1 : 170.6419641 (0.01)%
                      GtT1tN2hN1_QqN1 : 169.9590223 (0.01)%
              B2bN4wC1wN1_B2tC2zC1wN1 : 169.7755416 (0.01)%
                    T1bC2wN1_T1tN2hN1 : 169.0397299 (0.01)%
          GbB1bN3wC1wN1_GbB2tC2hC1wN1 : 168.6755743 (0.01)%
                    B1bN3zN1_B1tC1wN1 : 168.6597215 (0.01)%
                 B2tC2wN1_B2tC2zC1wN1 : 168.6144491 (0.01)%
     T1bC1nTAU1taN1_T1bC2zC1nTAU1taN1 : 168.1898403 (0.01)%
        GbB1tC2taNUTwTAU1taN1_QqC1wN1 : 166.7122199 (0.01)%
      GbB1bN2taTAU1taN1_GbB1bN4wC1wN1 : 166.6214783 (0.01)%
               QqN2hN1_QqN4taTAU1taN1 : 166.4185142 (0.01)%
             GbB1tC1wN1_GtT1bC2zC1wN1 : 166.3346777 (0.01)%
        T1tN3wC1nTAU1taN1_T1tN3wC1wN1 : 166.0584729 (0.01)%
             GqQqN1_QqN4hN2taTAU1taN1 : 165.7172033 (0.01)%
             GtT1bC1wN1_GtT1tN3wC1wN1 : 165.2124128 (0.01)%
            GbB2bN4taTAU2taN1_QqC1wN1 : 164.6007245 (0.01)%
             C2wN2taTAU1taN1_N4wC1wN1 : 164.5765712 (0.01)%
                   QqN2zN1_QqN4wC1wN1 : 164.3921113 (0.01)%
                    C2hC1wN1_C2zC1wN1 : 164.3218602 (0.01)%
              GtT1bC2taNUTnN1_QqC1wN1 : 163.7543898 (0.01)%
             QqC1wN1_QqC2taNUTtaC1wN1 : 163.7414605 (0.01)%
         GbB1tC2wN2zN1_QqN2taTAU1taN1 : 162.6513756 (0.01)%
         GbB1tC2wN2taTAU1taN1_QqN2zN1 : 162.6513756 (0.01)%
             C2wN2taTAU1taN1_N3wC1wN1 : 161.7866205 (0.01)%
            GbB1bN4taTAU1taN1_QqN2zN1 : 160.2620006 (0.01)%
              B2bN3wC1wN1_B2tC2hC1wN1 : 160.1163070 (0.01)%
      GbB1bN2taTAU1taN1_GbB2tC2zC1wN1 : 159.8745913 (0.01)%
              B2bN4wC1wN1_B2tC2hC1wN1 : 159.2423985 (0.01)%
                   GtT1bC1wN1_QqC2wN1 : 158.7394315 (0.01)%
                GbB2wT1tN2hN1_QqC1wN1 : 158.4449470 (0.01)%
                    B1bN1_B1bN3wC1wN1 : 158.3340706 (0.01)%
                 B2tC2hC1wN1_B2tC2wN1 : 158.1533421 (0.01)%
       GbB1bN2hN1_GbB1bN3wC1nTAU1taN1 : 157.8750884 (0.01)%
        T1bC1nTAU1taN1_T1bC2nTAU1taN1 : 157.8680858 (0.01)%
     T1bC1nTAU1taN1_T1bC2hC1nTAU1taN1 : 157.7550767 (0.01)%
          GbB1tC1nTAU1taN1_QqC2wN2hN1 : 156.9703539 (0.01)%
                 T1tN2hN1_T1tN3zN2hN1 : 156.1259246 (0.01)%
             T1tN2hN1_T1tN3taTAU1taN1 : 156.1161355 (0.01)%
             GbB1tC1wN1_GtT1bC2hC1wN1 : 156.0150112 (0.01)%
          GtT1bC2taNUTtaC1wN1_QqC1wN1 : 155.1849951 (0.01)%
             GbB2bN4zN1_QqC1nTAU1taN1 : 154.4340497 (0.01)%
                GbB1bN1_GbB1bN4wC1wN1 : 154.4322936 (0.01)%
          GbB1bN3wC1wN1_GbB2tC2wN2hN1 : 153.5222130 (0.01)%
             GbB1tC2zC1wN1_GtT1bC1wN1 : 153.3747460 (0.01)%
             GbB2bN3hN1_QqC1nTAU1taN1 : 153.3305871 (0.01)%
             GbB1bN2hN1_GtT1tN3wC1wN1 : 152.4290935 (0.01)%
          GtT1tN3wC1nTAU1taN1_QqN2zN1 : 152.2938460 (0.01)%
   GbB1bN2taTAU1taN1_GtT1bC1nTAU1taN1 : 152.1245299 (0.01)%
          GbB2bN3zN2zN1_QqC1nTAU1taN1 : 151.9498863 (0.01)%
                    T2tN1_T2tN4wC1wN1 : 151.3529975 (0.01)%
        B1tC1nTAU1taN1_B1tC1nTAU1taN1 : 150.9275976 (0.01)%
          GqQqN1_GtT1tN3zN2taTAU1taN1 : 150.7852854 (0.01)%
          T1bC2zC1wN1_T1tN2taTAU1taN1 : 150.5336226 (0.01)%
              B1bN3wC1wN1_B1bN4wC1wN1 : 150.4915747 (0.01)%
             GbB1bN3wC1nTAU1taN1_QqN1 : 150.3045523 (0.01)%
      GbB1bN2taTAU1taN1_GbB2tC2hC1wN1 : 149.9557189 (0.01)%
                    GbB1bN3hN1_GqQqN1 : 149.8640771 (0.01)%
                    C2wN2hN1_C2zC1wN1 : 149.5596249 (0.01)%
                 GbB1bN3zN2zN1_GqQqN1 : 148.5145913 (0.01)%
                GbB1bN1_GbB2tC2zC1wN1 : 148.1789748 (0.01)%
                   GbB2bN4zN1_QqN2hN1 : 148.1648677 (0.01)%
      GbB2tC2wN2taTAU1taN1_GtT1bC1wN1 : 147.9302069 (0.01)%
                 B1bN4hN2hN1_B1tC1wN1 : 147.1520062 (0.01)%
                   GbB2bN3hN1_QqN2hN1 : 147.1061997 (0.01)%
          GbB2bN4hN2zN1_QqC1nTAU1taN1 : 146.8622732 (0.01)%
             GbB1bN3wC1wN1_QqC2zC1wN1 : 146.7046572 (0.01)%
        T2tN4wC1nTAU1taN1_T2tN4wC1wN1 : 146.5057363 (0.01)%
                   GbB1bN2hN1_QqC2wN1 : 146.4569595 (0.01)%
                GbB2bN3zN2zN1_QqN2hN1 : 145.7815478 (0.01)%
                GbB2bN3zN2hN1_QqN2zN1 : 145.7815478 (0.01)%
            GbB2bN3taTAU1taN1_QqN2zN1 : 145.7724073 (0.01)%
              B2bN3wC1wN1_B2tC2wN2hN1 : 145.7318873 (0.01)%
                   GtT1tN3wC1wN1_QqN1 : 145.1197075 (0.01)%
       GbB1tC1wN1_GbB2bN3wC1nTAU1taN1 : 145.0233458 (0.01)%
       GbB1tC1nTAU1taN1_GbB2bN3wC1wN1 : 145.0233458 (0.01)%
              B2bN4wC1wN1_B2tC2wN2hN1 : 144.9364884 (0.01)%
                GbB1bN2zN1_GtT1bC1wN1 : 144.6650666 (0.01)%
                 T1bC2wN1_T1tN3wC1wN1 : 144.3347687 (0.01)%
       GbB1tC1wN1_GbB2bN4wC1nTAU1taN1 : 144.2318141 (0.01)%
       GbB1tC1nTAU1taN1_GbB2bN4wC1wN1 : 144.2318141 (0.01)%
                 B2tC2wN1_B2tC2wN2hN1 : 143.9452699 (0.01)%
             GbB1tC2hC1wN1_GtT1bC1wN1 : 143.8591342 (0.01)%
                       C1nTAU1taN1_N1 : 143.3923672 (0.01)%
          GbB1tC1nTAU1taN1_GbB2tC2wN1 : 143.2454148 (0.01)%
              C2zC1nTAU1taN1_N4wC1wN1 : 143.0552520 (0.01)%
              C2zC1wN1_N4wC1nTAU1taN1 : 143.0552520 (0.01)%
          GbB1tC1nTAU1taN1_GtT1tN2hN1 : 142.4399136 (0.01)%
             GbB1tC1wN1_GtT1bC2wN2hN1 : 141.9990410 (0.01)%
                 GbB1tC2wN2zN1_GqQqN1 : 141.5601531 (0.01)%
             GbB1bN2hN1_GbB1tC2zC1wN1 : 141.5073668 (0.01)%
          GbB1tC2zC1nTAU1taN1_QqN2zN1 : 141.3818100 (0.01)%
          T1bC2hC1wN1_T1tN2taTAU1taN1 : 141.1942786 (0.01)%
             GbB1bN1_GtT1bC1nTAU1taN1 : 140.9958687 (0.01)%
                GbB2bN4hN2zN1_QqN2hN1 : 140.9004641 (0.01)%
                GbB2bN4hN2hN1_QqN2zN1 : 140.9004641 (0.01)%
          GbB1bN4wC1wN1_GbB2tC2zC1wN1 : 140.8394743 (0.01)%
                B1bN1_B1bN2taTAU1taN1 : 140.7619300 (0.01)%
              C2zC1wN1_N3wC1nTAU1taN1 : 140.6301371 (0.01)%
              C2zC1nTAU1taN1_N3wC1wN1 : 140.6301371 (0.01)%
      QqC1nTAU1taN1_QqN4hN2taTAU1taN1 : 140.5714902 (0.01)%
                      QqC1wN1_QqN4zN1 : 140.5705955 (0.01)%
                    C2hC1wN1_C2wN2hN1 : 140.2807093 (0.01)%
              N3wC1nTAU1taN1_N4wC1wN1 : 140.1103066 (0.01)%
              N3wC1wN1_N4wC1nTAU1taN1 : 140.1103066 (0.01)%
  GbB2tC2taNUTwTAU1taN1_QqC1nTAU1taN1 : 139.7675137 (0.01)%
                      QqC2wN1_QqN2zN1 : 139.6693810 (0.01)%
      GbB2bN2taTAU1taN1_QqC1nTAU1taN1 : 139.4838507 (0.01)%
                GbB1bN1_GbB2tC2hC1wN1 : 138.9857169 (0.01)%
                   QqC1wN1_QqN3wC1wN1 : 138.8613464 (0.01)%
                GbB2bN4zN2hN1_QqC1wN1 : 138.7466588 (0.01)%
             GbB1bN3wC1wN1_QqC2hC1wN1 : 137.6028683 (0.01)%
          GbB1tC1wN1_QqN4wC1nTAU1taN1 : 137.5421421 (0.01)%
          GbB1tC1nTAU1taN1_QqN4wC1wN1 : 137.5421421 (0.01)%
             GbB1bN3zN2hN1_GtT1bC1wN1 : 137.3676813 (0.01)%
         GbB1bN3taTAU1taN1_GtT1bC1wN1 : 137.3590684 (0.01)%
                    B1tC1wN1_B1tC2wN1 : 137.1936352 (0.01)%
                GbB1bN4hN1_GbB1tC1wN1 : 136.8212705 (0.01)%
            GbB1bN4zN1_QqN2taTAU1taN1 : 136.5718397 (0.01)%
      GbB1bN2taTAU1taN1_GbB2tC2wN2hN1 : 136.4840992 (0.01)%
      GbB1bN2hN1_GbB2tC2wN2taTAU1taN1 : 136.4840992 (0.01)%
      GbB1bN3zN2taTAU1taN1_GbB1tC1wN1 : 136.2753665 (0.01)%
                    T1tN2hN1_T1tN3zN1 : 136.1954877 (0.01)%
             GbB1tC2nTAU2taN1_QqC1wN1 : 136.1833163 (0.01)%
                 T2bC2wN1_T2tN4wC1wN1 : 136.1705781 (0.01)%
             GbB2wT1tN3wC1wN1_QqC1wN1 : 135.2884010 (0.01)%
            QqN2hN1_QqN4hN2taTAU1taN1 : 134.8650526 (0.01)%
            QqN2taTAU1taN1_QqN4hN2hN1 : 134.8650526 (0.01)%
                   GbB1tC2zC1wN1_QqN1 : 134.7217071 (0.01)%
                 C2nTAU1taN1_N4wC1wN1 : 134.2759988 (0.01)%
              C2hC1nTAU1taN1_N4wC1wN1 : 134.1798780 (0.01)%
              C2hC1wN1_N4wC1nTAU1taN1 : 134.1798780 (0.01)%
        GbB2tC2taNUTwTAU1taN1_QqN2hN1 : 134.0937132 (0.01)%
       GbB1bN4wC1nTAU1taN1_GtT1bC1wN1 : 134.0121569 (0.01)%
       GbB1bN4wC1wN1_GtT1bC1nTAU1taN1 : 134.0121569 (0.01)%
            GbB2bN2hN1_QqN2taTAU1taN1 : 133.8215654 (0.01)%
            GbB2bN2taTAU1taN1_QqN2hN1 : 133.8215654 (0.01)%
          B1bN2taTAU1taN1_B1bN4wC1wN1 : 133.7898055 (0.01)%
                   QqC1wN1_QqN4hN2zN1 : 133.6785330 (0.01)%
                GbB1bN2hN1_GbB1bN2zN1 : 133.4715994 (0.01)%
              T1tN3wC1wN1_T1tN3zN2hN1 : 133.3083011 (0.01)%
          T1tN3taTAU1taN1_T1tN3wC1wN1 : 133.2999427 (0.01)%
    T1bC1nTAU1taN1_T1tN3zN2taTAU1taN1 : 133.0419421 (0.01)%
             GbB1bN2hN1_GbB1tC2hC1wN1 : 132.7280260 (0.01)%
             GbB1tC2nTAU1taN1_QqN2zN1 : 132.7052554 (0.01)%
              B2tC2zC1wN1_B2tC2zC1wN1 : 132.6550539 (0.01)%
                   GbB2bN2zN1_QqC1wN1 : 132.6442261 (0.01)%
          GbB1tC2hC1nTAU1taN1_QqN2zN1 : 132.6102590 (0.01)%
                   GtT1bC2wN1_QqN2zN1 : 132.3708249 (0.01)%
          GbB1bN4wC1wN1_GbB2tC2hC1wN1 : 132.1015706 (0.01)%
                 C2nTAU1taN1_N3wC1wN1 : 131.9997123 (0.01)%
              C2hC1wN1_N3wC1nTAU1taN1 : 131.9052210 (0.01)%
              C2hC1nTAU1taN1_N3wC1wN1 : 131.9052210 (0.01)%
             GbB1tC2wN2hN1_GtT1bC1wN1 : 130.9352154 (0.01)%
            N2taTAU1taN1_N2taTAU1taN1 : 130.4508452 (0.01)%
         GbB1bN2taTAU1taN1_QqC2zC1wN1 : 130.4231655 (0.01)%
            GbB2tC2wN2taTAU1taN1_QqN1 : 129.9393187 (0.01)%
      GbB1tC1wN1_GbB1tC2wN2taTAU1taN1 : 129.8940500 (0.01)%
         GbB1bN4hN2zN1_QqN2taTAU1taN1 : 129.8758329 (0.01)%
         GbB1bN4hN2taTAU1taN1_QqN2zN1 : 129.8758329 (0.01)%
                GbB2tC2wN2zN1_QqN2zN1 : 129.6764066 (0.01)%
         GbB2wT1bC1wN1_QqN2taTAU1taN1 : 129.5370862 (0.01)%
             GtT1tN3hN1_QqC1nTAU1taN1 : 128.5892757 (0.01)%
       GbB2tC2zC1nTAU1taN1_GtT1bC1wN1 : 128.5856964 (0.01)%
       GbB2tC2zC1wN1_GtT1bC1nTAU1taN1 : 128.5856964 (0.01)%
          T1bC2wN2taTAU1taN1_T1tN2hN1 : 128.5097632 (0.01)%
          T1bC2wN2hN1_T1tN2taTAU1taN1 : 128.5097632 (0.01)%
       B2tC2wN2taTAU1taN1_B2tC2zC1wN1 : 128.1864503 (0.01)%
         GbB1bN4taTAU1taN1_GbB1tC1wN1 : 127.9858854 (0.01)%
         GbB1bN4zN2taTAU1taN1_QqC1wN1 : 127.8905502 (0.01)%
                    T1bC1wN1_T1tN3hN1 : 127.6678125 (0.01)%
          GtT1tN3zN2zN1_QqC1nTAU1taN1 : 127.4313638 (0.01)%
                   GbB2bN3zN1_QqN2zN1 : 127.1716344 (0.01)%
                      GbB1bN2zN1_QqN1 : 127.0712763 (0.01)%
           B1bN2hN1_B1bN3wC1nTAU1taN1 : 126.7668346 (0.01)%
          GbB2tC2hC1wN1_GbB2tC2zC1wN1 : 126.7524741 (0.01)%
             GbB1bN2hN1_GbB1bN3zN2hN1 : 126.7388496 (0.01)%
         GbB1bN2hN1_GbB1bN3taTAU1taN1 : 126.7309031 (0.01)%
                 T1bC1wN1_T1tN3zN2zN1 : 126.5181981 (0.01)%
                GbB1bN1_GbB2tC2wN2hN1 : 126.4996128 (0.01)%
                   GbB1tC2hC1wN1_QqN1 : 126.3633593 (0.01)%
 GbB1bN3wC1nTAU1taN1_GbB1tC1nTAU1taN1 : 125.9678195 (0.01)%
             GbB1bN3wC1wN1_QqC2wN2hN1 : 125.2409956 (0.01)%
                    B1bN1_B1bN4wC1wN1 : 124.0024199 (0.01)%
       GbB1bN2hN1_GbB1bN4wC1nTAU1taN1 : 123.6429591 (0.01)%
              T2bC2hC1wN1_T2bC2zC1wN1 : 123.4348112 (0.01)%
                   GtT1tN3hN1_QqN2hN1 : 123.3692509 (0.01)%
                    T1tN2hN1_T1tN2zN1 : 122.5876828 (0.01)%
              T1bC2hC1wN1_T1bC2zC1wN1 : 122.3507414 (0.01)%
         GbB1bN2taTAU1taN1_QqC2hC1wN1 : 122.3315061 (0.01)%
                GtT1tN3zN2zN1_QqN2hN1 : 122.2583439 (0.01)%
                GtT1tN3zN2hN1_QqN2zN1 : 122.2583439 (0.01)%
            GtT1tN3taTAU1taN1_QqN2zN1 : 122.2506783 (0.01)%
              C2wN2hN1_N4wC1nTAU1taN1 : 122.1255175 (0.01)%
            GbB2bN3taTAU2taN1_QqC1wN1 : 122.0735090 (0.01)%
       GbB1tC1wN1_GtT1tN3wC1nTAU1taN1 : 121.6224848 (0.01)%
       GbB1tC1nTAU1taN1_GtT1tN3wC1wN1 : 121.6224848 (0.01)%
                   GbB1bN1_QqC2zC1wN1 : 120.8820663 (0.01)%
             GbB1bN2hN1_GbB1tC2wN2hN1 : 120.8040961 (0.01)%
          GbB2tC2nTAU1taN1_GtT1bC1wN1 : 120.6944350 (0.01)%
         GtT1bC1wN1_QqC2wN2taTAU1taN1 : 120.6791253 (0.01)%
                   GbB1bN3zN2hN1_QqN1 : 120.6613801 (0.01)%
               GbB1bN3taTAU1taN1_QqN1 : 120.6538146 (0.01)%
       GbB2tC2hC1wN1_GtT1bC1nTAU1taN1 : 120.6080365 (0.01)%
       GbB2tC2hC1nTAU1taN1_GtT1bC1wN1 : 120.6080365 (0.01)%
       GbB2tC2taNUTnN1_QqN2taTAU1taN1 : 120.4863311 (0.01)%
          GbB1bN4wC1wN1_GbB2tC2wN2hN1 : 120.2339197 (0.01)%
       B2tC2hC1wN1_B2tC2wN2taTAU1taN1 : 120.2335602 (0.01)%
              C2wN2hN1_N3wC1nTAU1taN1 : 120.0552096 (0.01)%
                GbB1bN3zN1_GtT1bC1wN1 : 119.8318499 (0.01)%
          GbB1bN3wC1wN1_GbB1bN3wC1wN1 : 119.6559691 (0.01)%
                    GbB1bN4zN1_GqQqN1 : 118.8623857 (0.01)%
       GbB1bN2hN1_GbB2tC2zC1nTAU1taN1 : 118.6363713 (0.01)%
             GbB1bN4wC1nTAU1taN1_QqN1 : 117.7139459 (0.01)%
             GbB1tC1nTAU1taN1_QqC2wN1 : 116.8573461 (0.01)%
              B2tC2hC1wN1_B2tC2hC1wN1 : 116.7054056 (0.01)%
                    GbB2bN2hN1_GqQqN1 : 116.4687432 (0.01)%
             GbB1tC1wN1_GbB2bN3zN2hN1 : 116.4217369 (0.01)%
         GbB1tC1wN1_GbB2bN3taTAU1taN1 : 116.4144373 (0.01)%
                 T1tN3wC1wN1_T1tN3zN1 : 116.2906745 (0.01)%
          GbB1bN3wC1wN1_GbB2bN3wC1wN1 : 115.7089079 (0.01)%
          GbB2tC2wN2hN1_GbB2tC2zC1wN1 : 115.3653717 (0.01)%
          GbB1bN3wC1wN1_GbB2bN4wC1wN1 : 115.0773732 (0.01)%
                   GbB1tC2wN2hN1_QqN1 : 115.0112140 (0.01)%
             GbB1bN4wC1wN1_QqC2zC1wN1 : 114.8946178 (0.01)%
              T2tN4hN2hN1_T2tN4wC1wN1 : 114.2977035 (0.01)%
             GbB1bN3wC1wN1_GbB2tC2wN1 : 114.2903607 (0.01)%
   GbB2tC2taNUTtaC1wN1_QqN2taTAU1taN1 : 114.1811876 (0.01)%
       GbB2tC2nTAU2taN1_QqC1nTAU1taN1 : 114.1728155 (0.01)%
             GbB1bN3wC1wN1_GtT1tN2hN1 : 113.6476803 (0.01)%
                 B1bN2hN1_B1tC2zC1wN1 : 113.6242655 (0.01)%
                   GbB1bN1_QqC2hC1wN1 : 113.3823518 (0.01)%
                 GbB1bN4hN2zN1_GqQqN1 : 113.0346592 (0.01)%
             GbB2tC2zC1nTAU1taN1_QqN1 : 112.9474374 (0.01)%
       GbB1tC1wN1_GbB1tC2zC1nTAU1taN1 : 112.9080884 (0.01)%
       GbB1tC1nTAU1taN1_GbB1tC2zC1wN1 : 112.9080884 (0.01)%
                    C2zC1wN1_N3zN2hN1 : 112.8949600 (0.01)%
                C2zC1wN1_N3taTAU1taN1 : 112.8878815 (0.01)%
                 GbB2wT1bC1wN1_GqQqN1 : 112.7398382 (0.01)%
      GbB1bN4taTAU2taN1_QqC1nTAU1taN1 : 112.5864361 (0.01)%
             GbB1tC1wN1_GbB2bN4hN2hN1 : 112.5236836 (0.01)%
          GbB2bN4taTAU2nC1wN1_QqC1wN1 : 112.4846389 (0.01)%
                    N3zN2hN1_N4wC1wN1 : 112.4776509 (0.01)%
                N3taTAU1taN1_N4wC1wN1 : 112.4705986 (0.01)%
              T2bC2wN2hN1_T2bC2zC1wN1 : 112.3457587 (0.01)%
              T2tN3wC1wN1_T2tN4wC1wN1 : 112.0625909 (0.01)%
           T1bC2zC1nTAU1taN1_T1tN2hN1 : 111.7048219 (0.01)%
                    C2zC1wN1_N4hN2hN1 : 111.6057786 (0.01)%
        B2tC2zC1nTAU1taN1_B2tC2zC1wN1 : 111.4237878 (0.01)%
              T1bC2wN2hN1_T1bC2zC1wN1 : 111.3590789 (0.01)%
          GbB1bN2hN1_GbB2tC2nTAU1taN1 : 111.3556967 (0.01)%
         GbB1bN2hN1_QqC2wN2taTAU1taN1 : 111.3415716 (0.01)%
         GbB1bN2taTAU1taN1_QqC2wN2hN1 : 111.3415716 (0.01)%
                       C2wN1_C2zC1wN1 : 111.3403927 (0.01)%
       GbB1bN2hN1_GbB2tC2hC1nTAU1taN1 : 111.2759832 (0.01)%
        GbB1tC2taNUTnN1_QqC1nTAU1taN1 : 111.1565873 (0.01)%
                GbB1bN2hN1_GbB1bN3zN1 : 110.5598541 (0.01)%
             GbB2tC2zC1wN1_QqC2zC1wN1 : 110.2422704 (0.01)%
    T1tN2taTAU1taN1_T1tN3wC1nTAU1taN1 : 110.0688893 (0.01)%
                    B1bN4hN1_B1tC1wN1 : 109.8615338 (0.01)%
       GbB2tC2wN2hN1_GtT1bC1nTAU1taN1 : 109.7729339 (0.01)%
             GbB1bN3wC1wN1_QqN4wC1wN1 : 109.7399247 (0.01)%
       T1bC2wN2taTAU1taN1_T1tN3wC1wN1 : 109.7282098 (0.01)%
             GbB2tC2nTAU2taN1_QqN2hN1 : 109.5380205 (0.01)%
         GtT1bC1wN1_GtT1tN2taTAU1taN1 : 109.5080935 (0.01)%
       B2tC2wN2hN1_B2tC2wN2taTAU1taN1 : 109.4320996 (0.01)%
          B1bN3zN2taTAU1taN1_B1tC1wN1 : 109.4231966 (0.01)%
                    N3wC1wN1_N4hN2hN1 : 109.3082543 (0.01)%
              B2bN3wC1wN1_B2bN4wC1wN1 : 109.2378911 (0.01)%
GbB1tC1nTAU1taN1_GbB2tC2wN2taTAU1taN1 : 108.9000459 (0.01)%
           QqC1wN1_QqC2taNUTwTAU1taN1 : 108.8324073 (0.01)%
                 B2bN3wC1wN1_B2tC2wN1 : 108.4908148 (0.01)%
          GbB2tC2hC1wN1_GbB2tC2wN2hN1 : 108.2079217 (0.01)%
            GbB1bN4taTAU2taN1_QqN2hN1 : 108.0160395 (0.01)%
                 B2bN4wC1wN1_B2tC2wN1 : 107.8986762 (0.01)%
             GbB1bN4wC1wN1_QqC2hC1wN1 : 107.7663740 (0.01)%
                GbB1tC1wN1_QqN4hN2hN1 : 107.3046788 (0.01)%
                            QqN1_QqN1 : 107.2759808 (0.01)%
                    B1bN2hN1_B1bN2zN1 : 107.1718935 (0.01)%
                   GtT1tN3zN1_QqN2zN1 : 106.6513125 (0.01)%
              GbB1tC2taNUTnN1_QqN2hN1 : 106.6442348 (0.01)%
                 B1bN2hN1_B1tC2hC1wN1 : 106.5748364 (0.01)%
          GbB1bN2zN1_GbB1tC1nTAU1taN1 : 106.4963859 (0.01)%
             GbB2tC1wN1_QqC1nTAU1taN1 : 106.4168080 (0.01)%
             GbB2tC1nTAU1taN1_QqC1wN1 : 106.4168080 (0.01)%
            QqC2wN2zN1_QqN2taTAU1taN1 : 106.1814231 (0.01)%
            QqC2wN2taTAU1taN1_QqN2zN1 : 106.1814231 (0.01)%
      GbB1bN3taTAU2taN1_QqC1nTAU1taN1 : 106.0335056 (0.01)%
                GbB2tC2nTAU1taN1_QqN1 : 106.0158908 (0.01)%
          GbB1tC1wN1_GbB1tC2nTAU1taN1 : 105.9789566 (0.01)%
             GbB2tC2hC1nTAU1taN1_QqN1 : 105.9399998 (0.01)%
       GbB1tC1wN1_GbB1tC2hC1nTAU1taN1 : 105.9030921 (0.01)%
       GbB1tC1nTAU1taN1_GbB1tC2hC1wN1 : 105.9030921 (0.01)%
                    C2hC1wN1_N3zN2hN1 : 105.8907782 (0.01)%
                C2hC1wN1_N3taTAU1taN1 : 105.8841388 (0.01)%
                GbB1tC1wN1_GtT1bC2wN1 : 105.7118791 (0.01)%
              T2bC2hC1wN1_T2bC2wN2hN1 : 105.3756502 (0.01)%
    GbB1tC2taNUTtaC1nTAU1taN1_QqC1wN1 : 105.3396766 (0.01)%
    GbB1tC2taNUTtaC1wN1_QqC1nTAU1taN1 : 105.3396766 (0.01)%
                      GbB1bN3zN1_QqN1 : 105.2582110 (0.01)%
                   GbB2bN4hN1_QqN2zN1 : 105.1942239 (0.01)%
          GtT1bC1wN1_QqC2zC1nTAU1taN1 : 104.8981794 (0.01)%
          GtT1bC1nTAU1taN1_QqC2zC1wN1 : 104.8981794 (0.01)%
               GbB2tC2taNUTnN1_GqQqN1 : 104.8627066 (0.01)%
              T1bC2nTAU1taN1_T1tN2hN1 : 104.8495341 (0.01)%
           T1bC2hC1nTAU1taN1_T1tN2hN1 : 104.7744781 (0.01)%
                    C2hC1wN1_N4hN2hN1 : 104.6815797 (0.01)%
                 T1tN2zN1_T1tN3wC1wN1 : 104.6716345 (0.01)%
           B2tC2nTAU1taN1_B2tC2zC1wN1 : 104.5857470 (0.01)%
             GbB1bN4hN2hN1_GtT1bC1wN1 : 104.5507306 (0.01)%
        B2tC2hC1wN1_B2tC2zC1nTAU1taN1 : 104.5108798 (0.01)%
        B2tC2hC1nTAU1taN1_B2tC2zC1wN1 : 104.5108798 (0.01)%
              T1bC2hC1wN1_T1bC2wN2hN1 : 104.4501855 (0.01)%
                       C2hC1wN1_C2wN1 : 104.4326587 (0.01)%
          B1tC1wN1_B1tC2wN2taTAU1taN1 : 104.2992768 (0.01)%
                   N2taTAU1taN1_N2zN1 : 104.1994525 (0.01)%
      GbB1bN4hN2taTAU1taN1_GbB1tC1wN1 : 103.7193683 (0.01)%
             GbB1tC1wN1_GbB2tC2wN2zN1 : 103.5601057 (0.01)%
       T2bC2wN2taTAU1taN1_T2tN4wC1wN1 : 103.5215139 (0.01)%
             GbB2tC2hC1wN1_QqC2zC1wN1 : 103.4026656 (0.01)%
             GbB2tC2zC1wN1_QqC2hC1wN1 : 103.4026656 (0.01)%
                   GbB1bN1_QqC2wN2hN1 : 103.1963853 (0.01)%
        GtT1bC2taNUTwTAU1taN1_QqC1wN1 : 103.1452666 (0.01)%
      GbB1bN2taTAU1taN1_GbB2bN3wC1wN1 : 102.8673685 (0.01)%
             B1bN4taTAU1taN1_B1tC1wN1 : 102.7671036 (0.01)%
            GtT1tN3taTAU2taN1_QqC1wN1 : 102.3758169 (0.01)%
      GbB1bN2taTAU1taN1_GbB2bN4wC1wN1 : 102.3059225 (0.01)%
                   GbB2tC1wN1_QqN2hN1 : 102.0968647 (0.01)%
                 B1bN2hN1_B1bN3zN2hN1 : 101.7657880 (0.01)%
             B1bN2hN1_B1bN3taTAU1taN1 : 101.7594073 (0.01)%
            GbB1bN3taTAU2taN1_QqN2hN1 : 101.7291223 (0.01)%
         GbB1bN2taTAU1taN1_GbB2tC2wN1 : 101.6062538 (0.01)%
                GbB1tC1wN1_GbB2bN3zN1 : 101.5597844 (0.01)%
    GbB2tC2taNUTnN2taTAU1taN1_QqC1wN1 : 101.1530179 (0.01)%
     B1bN3wC1nTAU1taN1_B1tC1nTAU1taN1 : 101.1466844 (0.01)%
       GbB1bN3zN2hN1_GbB1tC1nTAU1taN1 : 101.1243553 (0.01)%
   GbB1bN3taTAU1taN1_GbB1tC1nTAU1taN1 : 101.1180148 (0.01)%
          GbB1tC2taNUTtaC1wN1_QqN2hN1 : 101.0634589 (0.01)%
         GbB1bN2taTAU1taN1_GtT1tN2hN1 : 101.0348989 (0.01)%
         GbB1bN2hN1_GtT1tN2taTAU1taN1 : 101.0348989 (0.01)%
               GtT1tN1_QqN2taTAU1taN1 : 100.9954714 (0.01)%
        GbB2tC2nTAU2zTAU1taN1_QqC1wN1 : 100.7533816 (0.01)%
               QqN2taTAU1taN1_QqN4hN1 : 100.6882741 (0.01)%
         GtT1bC2wN2zN1_QqN2taTAU1taN1 : 100.6328120 (0.01)%
         GtT1bC2wN2taTAU1taN1_QqN2zN1 : 100.6328120 (0.01)%
    GbB1bN3wC1nTAU1taN1_GbB1bN3wC1wN1 : 100.5051893 (0.01)%
    GbB2wT1bC1nTAU1taN1_QqC1nTAU1taN1 : 100.1913789 (0.01)%
           GbB2tC2taNUTtaC1wN1_GqQqN1 : 99.3751596 (0.01)%
       GbB1bN4taTAU2zTAU1taN1_QqC1wN1 : 99.3534591 (0.01)%
           B1bN2hN1_B1bN4wC1nTAU1taN1 : 99.2799225 (0.01)%
 GbB1bN4wC1nTAU1taN1_GbB1tC1nTAU1taN1 : 98.6541583 (0.01)%
                       C2zC1wN1_N3zN1 : 98.4832223 (0.01)%
             GtT1bC1wN1_QqC2nTAU1taN1 : 98.4606130 (0.01)%
            GbB2bN4taTAU1taN1_QqN2zN1 : 98.4011904 (0.01)%
          GtT1bC1nTAU1taN1_QqC2hC1wN1 : 98.3901305 (0.01)%
          GtT1bC1wN1_QqC2hC1nTAU1taN1 : 98.3901305 (0.01)%
                       N3zN1_N4wC1wN1 : 98.1191853 (0.01)%
           B2tC2hC1wN1_B2tC2nTAU1taN1 : 98.0970819 (0.01)%
             GbB1bN4wC1wN1_QqC2wN2hN1 : 98.0849319 (0.01)%
        B2tC2hC1nTAU1taN1_B2tC2hC1wN1 : 98.0268596 (0.01)%
             GbB1tC1wN1_GtT1tN3zN2hN1 : 97.6360106 (0.01)%
         GbB1tC1wN1_GtT1tN3taTAU1taN1 : 97.6298888 (0.01)%
         GbB1bN2taTAU1taN1_QqN4wC1wN1 : 97.5608316 (0.01)%
                GbB1tC2wN1_GtT1bC1wN1 : 97.4753601 (0.01)%
         GbB1bN3hN2taTAU1taN1_QqC1wN1 : 97.2403028 (0.01)%
          GbB1bN3wC1wN1_GtT1tN3wC1wN1 : 97.0382031 (0.01)%
                 B1bN2hN1_B1tC2wN2hN1 : 97.0004389 (0.01)%
             GbB2tC2hC1wN1_QqC2hC1wN1 : 96.9874007 (0.01)%
          GbB1bN2hN1_QqC2zC1nTAU1taN1 : 96.7816772 (0.01)%
              B2tC2wN2hN1_B2tC2wN2hN1 : 96.6783036 (0.01)%
             GbB1bN2hN1_GbB1bN4hN2hN1 : 96.4611123 (0.01)%
       GbB1tC1nTAU1taN1_GbB1tC2wN2hN1 : 96.3890423 (0.01)%
                    C2wN2hN1_N3zN2hN1 : 96.3778346 (0.01)%
                C2wN2hN1_N3taTAU1taN1 : 96.3717917 (0.01)%
               GtT1tN2taTAU1taN1_QqN1 : 96.1900031 (0.01)%
              GbB2tC2nEnC1wN1_QqC1wN1 : 96.1522198 (0.01)%
              GbB2tC2nMnC1wN1_QqC1wN1 : 96.1522198 (0.01)%
          GbB2wT1bC1nTAU1taN1_QqN2hN1 : 96.1241541 (0.01)%
              B1bN3wC1wN1_B1bN3wC1wN1 : 96.0785428 (0.01)%
                   GtT1tN2zN1_QqN2zN1 : 95.9953775 (0.01)%
             T1bC2wN1_T1tN2taTAU1taN1 : 95.6697204 (0.01)%
        T1bC2zC1wN1_T1tN3wC1nTAU1taN1 : 95.3792912 (0.01)%
        T1bC2zC1nTAU1taN1_T1tN3wC1wN1 : 95.3792912 (0.01)%
                GbB1bN1_GbB2bN3wC1wN1 : 95.3421121 (0.01)%
                    C2wN2hN1_N4hN2hN1 : 95.2772672 (0.01)%
        B2tC2wN2hN1_B2tC2zC1nTAU1taN1 : 95.1219026 (0.01)%
                         EeN1_EnC1wN1 : 95.1082764 (0.01)%
             GbB1bN4nNUmC1wN1_QqC1wN1 : 95.0719431 (0.01)%
                       C2wN1_C2wN2hN1 : 95.0507086 (0.01)%
          GbB1bN4zN2hN1_QqC1nTAU1taN1 : 94.9023273 (0.01)%
             GtT1bC1wN1_GtT1bC2zC1wN1 : 94.8933382 (0.01)%
                GbB1bN1_GbB2bN4wC1wN1 : 94.8217386 (0.01)%
 GbB1tC1nTAU1taN1_GbB2tC2zC1nTAU1taN1 : 94.6594245 (0.01)%
  GbB1bN2taTAU1taN1_GbB1bN2taTAU1taN1 : 94.5705772 (0.01)%
        QqN2taTAU1taN1_QqN4taTAU1taN1 : 94.1862173 (0.01)%
                   GbB1bN1_GbB2tC2wN1 : 94.1732541 (0.01)%
             GbB2tC2wN2hN1_QqC2zC1wN1 : 94.1132474 (0.01)%
             GbB2tC2zC1wN1_QqC2wN2hN1 : 94.1132474 (0.01)%
                   GbB1bN1_GtT1tN2hN1 : 93.6436967 (0.01)%
       GbB1bN3taTAU2zTAU1taN1_QqC1wN1 : 93.5707349 (0.01)%
                GbB1bN3wC1wN1_QqC2wN1 : 93.2362704 (0.01)%
           GbB1tC2nTAU2nC1wN1_QqC1wN1 : 93.0647858 (0.01)%
                    T2bC2zC1wN1_T2tN1 : 92.9614327 (0.01)%
                       C2hC1wN1_N3zN1 : 92.3731675 (0.01)%
             QqC2zC1nTAU1taN1_QqN2zN1 : 92.2963100 (0.01)%
                   GbB1bN4hN2hN1_QqN1 : 91.8355419 (0.01)%
                GbB1bN4zN2hN1_QqN2hN1 : 91.0498093 (0.01)%
                 C2wN1_N4wC1nTAU1taN1 : 90.9169376 (0.01)%
             GbB1bN2hN1_QqC2nTAU1taN1 : 90.8422178 (0.01)%
          GbB1bN2hN1_QqC2hC1nTAU1taN1 : 90.7771889 (0.01)%
           B1tC1wN1_B1tC2zC1nTAU1taN1 : 90.6602879 (0.01)%
           B1tC1nTAU1taN1_B1tC2zC1wN1 : 90.6602879 (0.01)%
          GbB1bN4wC1wN1_GbB2bN3wC1wN1 : 90.6196912 (0.01)%
                   GbB1bN1_QqN4wC1wN1 : 90.4237746 (0.01)%
          GbB1bN4wC1wN1_GbB2bN4wC1wN1 : 90.1250925 (0.01)%
          GbB1bN3wC1wN1_GbB1tC2zC1wN1 : 90.0852999 (0.01)%
        T2bC2zC1nTAU1taN1_T2tN4wC1wN1 : 89.9842314 (0.01)%
        T2bC2zC1wN1_T2tN4wC1nTAU1taN1 : 89.9842314 (0.01)%
                 C1wN1_N3wC1nTAU1taN1 : 89.9488985 (0.01)%
                 C1nTAU1taN1_N3wC1wN1 : 89.9488985 (0.01)%
                GbB1bN2hN1_GbB1tC2wN1 : 89.9331989 (0.01)%
         GbB2wT1tN2taTAU1taN1_QqC1wN1 : 89.6734974 (0.01)%
          GtT1bC1nTAU1taN1_QqC2wN2hN1 : 89.5510250 (0.01)%
           GbB1tC2taNUTnN2hN1_QqC1wN1 : 89.5320332 (0.01)%
           T1bC2nTAU1taN1_T1tN3wC1wN1 : 89.5258958 (0.01)%
             GbB1bN4wC1wN1_GbB2tC2wN1 : 89.5087283 (0.01)%
        T1bC2hC1wN1_T1tN3wC1nTAU1taN1 : 89.4618091 (0.01)%
        T1bC2hC1nTAU1taN1_T1tN3wC1wN1 : 89.4618091 (0.01)%
                 C2wN1_N3wC1nTAU1taN1 : 89.3756867 (0.01)%
GbB1bN2taTAU1taN1_GbB1bN3wC1nTAU1taN1 : 89.3509803 (0.01)%
           B2tC2nTAU1taN1_B2tC2wN2hN1 : 89.2843031 (0.01)%
------------------------------------------------------------
                                                    SUM=90.00%
