/Users/rafalmaselek/Projects/fastlim-1.0
 
#################################################################
#                                                               #
#                                                               #
#                     This is Fastlim  ver. 1.0                 #
#                                                               #
#          A fast LHC limit calculator for BSM models.          #
#                                                               #
#                  http://cern.ch/fastlim-1.0/                  #
#                                                               #
#  for bugs/feature requests: fastlim-1.0.developers@gmail.com  #
#                                                               #
#    please refer to:                                           #
#    M.Papucci, K.Sakurai, A.Weiler, L.Zeune arXiv:1402.xxxx    #
#                                                               #
#################################################################
 

!! Masses incompatible with the data for ERER !!

!! Problem with reading tables for ER ER !! Probably mass outside the table !! Setting xsec to 10^-20 !!

!! Masses incompatible with the data for ELEL !!

!! Problem with reading tables for EL EL !! Probably mass outside the table !! Setting xsec to 10^-20 !!

!! Masses incompatible with the data for TAU1TAU1 !!

!! Problem with reading tables for TAU1 TAU1 !! Probably mass outside the table !! Setting xsec to 10^-20 !!

!! Masses incompatible with the data for TAU2TAU2 !!

!! Problem with reading tables for TAU2 TAU2 !! Probably mass outside the table !! Setting xsec to 10^-20 !!
!! EWK PROCESS C1C2 NOT FOUND !! WILL TRY TO LOOK FOR +/- MODES !!
XSEC FOUND FOR: C1-C2+
XSEC FOUND FOR: C1+C2-
!! EWK PROCESS C1N1 NOT FOUND !! WILL TRY TO LOOK FOR +/- MODES !!
XSEC FOUND FOR: C1+N1
XSEC FOUND FOR: C1-N1
!! EWK PROCESS C1N2 NOT FOUND !! WILL TRY TO LOOK FOR +/- MODES !!
XSEC FOUND FOR: C1+N2
XSEC FOUND FOR: C1-N2
!! EWK PROCESS C1N3 NOT FOUND !! WILL TRY TO LOOK FOR +/- MODES !!
XSEC FOUND FOR: C1+N3
XSEC FOUND FOR: C1-N3
!! EWK PROCESS C1N4 NOT FOUND !! WILL TRY TO LOOK FOR +/- MODES !!
XSEC FOUND FOR: C1+N4
XSEC FOUND FOR: C1-N4
!! EWK PROCESS C2N1 NOT FOUND !! WILL TRY TO LOOK FOR +/- MODES !!
XSEC FOUND FOR: C2+N1
XSEC FOUND FOR: C2-N1
!! EWK PROCESS C2N2 NOT FOUND !! WILL TRY TO LOOK FOR +/- MODES !!
XSEC FOUND FOR: C2+N2
XSEC FOUND FOR: C2-N2
!! EWK PROCESS C2N3 NOT FOUND !! WILL TRY TO LOOK FOR +/- MODES !!
XSEC FOUND FOR: C2+N3
XSEC FOUND FOR: C2-N3
!! EWK PROCESS C2N4 NOT FOUND !! WILL TRY TO LOOK FOR +/- MODES !!
XSEC FOUND FOR: C2+N4
XSEC FOUND FOR: C2-N4
---------------  Output inclusive processes  ---------------
The total xsec = 38487.36 [fb]
The total rate = 100.00%
Output upto 0.10%
                  Modes : xsec/fb      (rate)
            C1wN1_N2hN1 : 15674.4867262 (40.73)%
            C1wN1_C1wN1 : 8757.5296094 (22.75)%
            C1wN1_N2zN1 : 2484.2902160 (6.45)%
      C2hC1wN1_N4wC1wN1 : 159.5188838 (0.41)%
      C2hC1wN1_N3wC1wN1 : 157.8927089 (0.41)%
      C2zC1wN1_N4wC1wN1 : 148.7335228 (0.39)%
      C2zC1wN1_N3wC1wN1 : 147.2172965 (0.38)%
      N3wC1wN1_N4wC1wN1 : 144.8709403 (0.38)%
      C2wN2hN1_N4wC1wN1 : 132.4328758 (0.34)%
      C2wN2hN1_N3wC1wN1 : 131.0828223 (0.34)%
         GbtC1wN1_GttN1 : 99.5617726 (0.26)%
   GbtC1wN1_GbtC2hC1wN1 : 99.0945707 (0.26)%
   GbtC1wN1_GbtC2zC1wN1 : 92.3946071 (0.24)%
      C2hC1wN1_C2zC1wN1 : 87.3317720 (0.23)%
   GbtC1wN1_GbtC2wN2hN1 : 82.2684980 (0.21)%
      GbtC1wN1_GqqC1wN1 : 80.3170818 (0.21)%
      GbtC1wN1_GbtC1wN1 : 78.0337303 (0.20)%
      C2hC1wN1_C2wN2hN1 : 77.7605310 (0.20)%
         C2wN1_N4wC1wN1 : 75.4967458 (0.20)%
         C2wN1_N3wC1wN1 : 74.7271133 (0.19)%
      C2wN2hN1_C2zC1wN1 : 72.5030005 (0.19)%
      C2hC1wN1_N4hN2hN1 : 69.2742762 (0.18)%
   GbtC1wN1_GttN4wC1wN1 : 67.2751427 (0.17)%
      C2zC1wN1_N4hN2hN1 : 64.5905168 (0.17)%
      GbtC2hC1wN1_GttN1 : 63.2164519 (0.16)%
      N3wC1wN1_N4hN2hN1 : 62.9131128 (0.16)%
      C2hC1wN1_N3zN2hN1 : 62.4040622 (0.16)%
      GbtC2zC1wN1_GttN1 : 58.9422730 (0.15)%
GbtC2hC1wN1_GbtC2zC1wN1 : 58.6656814 (0.15)%
   GbtC1wN1_GttN3wC1wN1 : 58.2645456 (0.15)%
      C2zC1wN1_N3zN2hN1 : 58.1848104 (0.15)%
      C2wN2hN1_N4hN2hN1 : 57.5116337 (0.15)%
      N3zN2hN1_N4wC1wN1 : 57.2574581 (0.15)%
    GbtC1wN1_QqGbtC1wN1 : 52.9274139 (0.14)%
      GbtC2wN2hN1_GttN1 : 52.4824166 (0.14)%
GbtC2hC1wN1_GbtC2wN2hN1 : 52.2361385 (0.14)%
      C2wN2hN1_N3zN2hN1 : 51.8079692 (0.13)%
         GqqC1wN1_GttN1 : 51.2375290 (0.13)%
   GbtC2hC1wN1_GqqC1wN1 : 50.9970927 (0.13)%
         C1wN1_N3wC1wN1 : 48.7221343 (0.13)%
GbtC2wN2hN1_GbtC2zC1wN1 : 48.7043585 (0.13)%
   GbtC2zC1wN1_GqqC1wN1 : 47.5490867 (0.12)%
                  N1_N1 : 47.4448368 (0.12)%
      GbtC1wN1_GbtC2wN1 : 46.8992600 (0.12)%
      C2hC1wN1_C2hC1wN1 : 46.8323029 (0.12)%
      GbbN2hN1_GbtC1wN1 : 46.6713780 (0.12)%
         C2hC1wN1_C2wN1 : 44.3293782 (0.12)%
            N2hN1_N2hN1 : 43.1959259 (0.11)%
      GttN1_GttN4wC1wN1 : 42.9175463 (0.11)%
GbtC2hC1wN1_GttN4wC1wN1 : 42.7161521 (0.11)%
   GbtC2wN2hN1_GqqC1wN1 : 42.3378817 (0.11)%
         C2wN1_C2zC1wN1 : 41.3321886 (0.11)%
      C2zC1wN1_C2zC1wN1 : 40.7135562 (0.11)%
GbtC2zC1wN1_GttN4wC1wN1 : 39.8280356 (0.10)%
      GttN1_GttN3wC1wN1 : 37.1693204 (0.10)%
------------------------------------------------------------
                                      SUM=79.55%

SHOWING PROCESSES TO GET 90.00% SUSY COVERAGE
---------------  Output inclusive processes  ---------------
The total xsec = 38487.36 [fb]
The total rate = 100.00%
                      Modes : xsec/fb      (rate)
                C1wN1_N2hN1 : 15674.4867262 (40.73)%
                C1wN1_C1wN1 : 8757.5296094 (22.75)%
                C1wN1_N2zN1 : 2484.2902160 (6.45)%
          C2hC1wN1_N4wC1wN1 : 159.5188838 (0.41)%
          C2hC1wN1_N3wC1wN1 : 157.8927089 (0.41)%
          C2zC1wN1_N4wC1wN1 : 148.7335228 (0.39)%
          C2zC1wN1_N3wC1wN1 : 147.2172965 (0.38)%
          N3wC1wN1_N4wC1wN1 : 144.8709403 (0.38)%
          C2wN2hN1_N4wC1wN1 : 132.4328758 (0.34)%
          C2wN2hN1_N3wC1wN1 : 131.0828223 (0.34)%
             GbtC1wN1_GttN1 : 99.5617726 (0.26)%
       GbtC1wN1_GbtC2hC1wN1 : 99.0945707 (0.26)%
       GbtC1wN1_GbtC2zC1wN1 : 92.3946071 (0.24)%
          C2hC1wN1_C2zC1wN1 : 87.3317720 (0.23)%
       GbtC1wN1_GbtC2wN2hN1 : 82.2684980 (0.21)%
          GbtC1wN1_GqqC1wN1 : 80.3170818 (0.21)%
          GbtC1wN1_GbtC1wN1 : 78.0337303 (0.20)%
          C2hC1wN1_C2wN2hN1 : 77.7605310 (0.20)%
             C2wN1_N4wC1wN1 : 75.4967458 (0.20)%
             C2wN1_N3wC1wN1 : 74.7271133 (0.19)%
          C2wN2hN1_C2zC1wN1 : 72.5030005 (0.19)%
          C2hC1wN1_N4hN2hN1 : 69.2742762 (0.18)%
       GbtC1wN1_GttN4wC1wN1 : 67.2751427 (0.17)%
          C2zC1wN1_N4hN2hN1 : 64.5905168 (0.17)%
          GbtC2hC1wN1_GttN1 : 63.2164519 (0.16)%
          N3wC1wN1_N4hN2hN1 : 62.9131128 (0.16)%
          C2hC1wN1_N3zN2hN1 : 62.4040622 (0.16)%
          GbtC2zC1wN1_GttN1 : 58.9422730 (0.15)%
    GbtC2hC1wN1_GbtC2zC1wN1 : 58.6656814 (0.15)%
       GbtC1wN1_GttN3wC1wN1 : 58.2645456 (0.15)%
          C2zC1wN1_N3zN2hN1 : 58.1848104 (0.15)%
          C2wN2hN1_N4hN2hN1 : 57.5116337 (0.15)%
          N3zN2hN1_N4wC1wN1 : 57.2574581 (0.15)%
        GbtC1wN1_QqGbtC1wN1 : 52.9274139 (0.14)%
          GbtC2wN2hN1_GttN1 : 52.4824166 (0.14)%
    GbtC2hC1wN1_GbtC2wN2hN1 : 52.2361385 (0.14)%
          C2wN2hN1_N3zN2hN1 : 51.8079692 (0.13)%
             GqqC1wN1_GttN1 : 51.2375290 (0.13)%
       GbtC2hC1wN1_GqqC1wN1 : 50.9970927 (0.13)%
             C1wN1_N3wC1wN1 : 48.7221343 (0.13)%
    GbtC2wN2hN1_GbtC2zC1wN1 : 48.7043585 (0.13)%
       GbtC2zC1wN1_GqqC1wN1 : 47.5490867 (0.12)%
                      N1_N1 : 47.4448368 (0.12)%
          GbtC1wN1_GbtC2wN1 : 46.8992600 (0.12)%
          C2hC1wN1_C2hC1wN1 : 46.8323029 (0.12)%
          GbbN2hN1_GbtC1wN1 : 46.6713780 (0.12)%
             C2hC1wN1_C2wN1 : 44.3293782 (0.12)%
                N2hN1_N2hN1 : 43.1959259 (0.11)%
          GttN1_GttN4wC1wN1 : 42.9175463 (0.11)%
    GbtC2hC1wN1_GttN4wC1wN1 : 42.7161521 (0.11)%
       GbtC2wN2hN1_GqqC1wN1 : 42.3378817 (0.11)%
             C2wN1_C2zC1wN1 : 41.3321886 (0.11)%
          C2zC1wN1_C2zC1wN1 : 40.7135562 (0.11)%
    GbtC2zC1wN1_GttN4wC1wN1 : 39.8280356 (0.10)%
          GttN1_GttN3wC1wN1 : 37.1693204 (0.10)%
    GbtC2hC1wN1_GttN3wC1wN1 : 36.9949002 (0.10)%
             C2hC1wN1_N3zN1 : 36.8725357 (0.10)%
             C2wN1_C2wN2hN1 : 36.8023327 (0.10)%
    GbtC2wN2hN1_GttN4wC1wN1 : 35.4630294 (0.09)%
          GbtC1wN1_GqqN2hN1 : 34.6778331 (0.09)%
       GqqC1wN1_GttN4wC1wN1 : 34.6218432 (0.09)%
           GbtC1wN1_QqC1wN1 : 34.5147978 (0.09)%
    GbtC2zC1wN1_GttN3wC1wN1 : 34.4936079 (0.09)%
             C2zC1wN1_N3zN1 : 34.3795167 (0.09)%
             N3zN1_N4wC1wN1 : 33.8315743 (0.09)%
           GbtC1wN1_QqGttN1 : 33.7645472 (0.09)%
           GttN1_QqGbtC1wN1 : 33.7645472 (0.09)%
     GbtC1wN1_QqGbtC2hC1wN1 : 33.6061043 (0.09)%
     GbtC2hC1wN1_QqGbtC1wN1 : 33.6061043 (0.09)%
             C2hC1wN1_N4hN1 : 33.1940160 (0.09)%
             C2wN1_N4hN2hN1 : 32.7859768 (0.09)%
          C2wN2hN1_C2wN2hN1 : 32.2784691 (0.08)%
                GttN1_GttN1 : 31.7572495 (0.08)%
    GbtC2hC1wN1_GbtC2hC1wN1 : 31.4599017 (0.08)%
     GbtC1wN1_QqGbtC2zC1wN1 : 31.3339346 (0.08)%
     GbtC2zC1wN1_QqGbtC1wN1 : 31.3339346 (0.08)%
             C2zC1wN1_N4hN1 : 30.9497084 (0.08)%
    GbtC2wN2hN1_GttN3wC1wN1 : 30.7132354 (0.08)%
             C2wN2hN1_N3zN1 : 30.6116481 (0.08)%
             N3wC1wN1_N4hN1 : 30.1459501 (0.08)%
       GqqC1wN1_GttN3wC1wN1 : 29.9847147 (0.08)%
             GbtC2wN1_GttN1 : 29.9189430 (0.08)%
       GbtC2hC1wN1_GbtC2wN1 : 29.7785459 (0.08)%
             GbbN2hN1_GttN1 : 29.7735678 (0.08)%
       GbbN2hN1_GbtC2hC1wN1 : 29.6338529 (0.08)%
             C2wN1_N3zN2hN1 : 29.5344570 (0.08)%
       GbtC1wN1_GttN4hN2hN1 : 29.2155807 (0.08)%
     GbtC1wN1_QqGbtC2wN2hN1 : 27.8998506 (0.07)%
     GbtC2wN2hN1_QqGbtC1wN1 : 27.8998506 (0.07)%
       GbtC2wN1_GbtC2zC1wN1 : 27.7651644 (0.07)%
       GbbN2hN1_GbtC2zC1wN1 : 27.6302544 (0.07)%
             C2wN2hN1_N4hN1 : 27.5577342 (0.07)%
    GbtC2zC1wN1_GbtC2zC1wN1 : 27.3495942 (0.07)%
        GbtC1wN1_QqGqqC1wN1 : 27.2380637 (0.07)%
        GqqC1wN1_QqGbtC1wN1 : 27.2380637 (0.07)%
             GbtC1wN1_GqqN1 : 26.8834525 (0.07)%
    GttN3wC1wN1_GttN4wC1wN1 : 25.1157775 (0.07)%
          N3zN2hN1_N4hN2hN1 : 24.8652001 (0.06)%
                   C1wN1_N1 : 24.8170963 (0.06)%
       GbtC2wN1_GbtC2wN2hN1 : 24.7222045 (0.06)%
       GbbN2hN1_GbtC2wN2hN1 : 24.6020801 (0.06)%
          GbtC2wN1_GqqC1wN1 : 24.1357916 (0.06)%
          GbbN2hN1_GqqC1wN1 : 24.0185166 (0.06)%
          GbtC1wN1_GttN2hN1 : 23.8144579 (0.06)%
       GbtC1wN1_GttN3zN2hN1 : 23.0279432 (0.06)%
     GbtC1wN1_QqGttN4wC1wN1 : 22.8151295 (0.06)%
     GttN4wC1wN1_QqGbtC1wN1 : 22.8151295 (0.06)%
             GqqN2hN1_GttN1 : 22.1223984 (0.06)%
       GbtC2hC1wN1_GqqN2hN1 : 22.0185872 (0.06)%
              GttN1_QqC1wN1 : 22.0183915 (0.06)%
        GbtC2hC1wN1_QqC1wN1 : 21.9150684 (0.06)%
    GbtC2wN2hN1_GbtC2wN2hN1 : 21.6832700 (0.06)%
              GttN1_QqGttN1 : 21.5397762 (0.06)%
        GttN1_QqGbtC2hC1wN1 : 21.4386990 (0.06)%
        GbtC2hC1wN1_QqGttN1 : 21.4386990 (0.06)%
  GbtC2hC1wN1_QqGbtC2hC1wN1 : 21.3380961 (0.06)%
          C2wN2zN1_N4wC1wN1 : 20.9896313 (0.05)%
          C2wN2zN1_N3wC1wN1 : 20.7756578 (0.05)%
          GqqC1wN1_GqqC1wN1 : 20.6668117 (0.05)%
       GbtC2zC1wN1_GqqN2hN1 : 20.5298706 (0.05)%
        GbtC2zC1wN1_QqC1wN1 : 20.4333509 (0.05)%
       GbtC2wN1_GttN4wC1wN1 : 20.2166063 (0.05)%
       GbbN2hN1_GttN4wC1wN1 : 20.1183745 (0.05)%
             N2hN1_N3wC1wN1 : 20.0273640 (0.05)%
        GbtC2zC1wN1_QqGttN1 : 19.9891897 (0.05)%
        GttN1_QqGbtC2zC1wN1 : 19.9891897 (0.05)%
  GbtC2zC1wN1_QqGbtC2hC1wN1 : 19.8953888 (0.05)%
  GbtC2hC1wN1_QqGbtC2zC1wN1 : 19.8953888 (0.05)%
     GbtC1wN1_QqGttN3wC1wN1 : 19.7593509 (0.05)%
     GttN3wC1wN1_QqGbtC1wN1 : 19.7593509 (0.05)%
             C1wN1_N3zN2hN1 : 19.2564883 (0.05)%
          GttN1_GttN4hN2hN1 : 18.6378057 (0.05)%
    GbtC2hC1wN1_GttN4hN2hN1 : 18.5503462 (0.05)%
  GbtC2zC1wN1_QqGbtC2zC1wN1 : 18.5502254 (0.05)%
       GbtC2wN2hN1_GqqN2hN1 : 18.2798723 (0.05)%
        GbtC2wN2hN1_QqC1wN1 : 18.1939308 (0.05)%
          GqqC1wN1_GqqN2hN1 : 17.8462720 (0.05)%
        GttN1_QqGbtC2wN2hN1 : 17.7984480 (0.05)%
        GbtC2wN2hN1_QqGttN1 : 17.7984480 (0.05)%
           GqqC1wN1_QqC1wN1 : 17.7623691 (0.05)%
  GbtC2wN2hN1_QqGbtC2hC1wN1 : 17.7149273 (0.05)%
  GbtC2hC1wN1_QqGbtC2wN2hN1 : 17.7149273 (0.05)%
       GbtC2wN1_GttN3wC1wN1 : 17.5088648 (0.05)%
       GbbN3wC1wN1_GbtC1wN1 : 17.4653677 (0.05)%
                C2wN1_N3zN1 : 17.4509524 (0.05)%
       GbbN2hN1_GttN3wC1wN1 : 17.4237898 (0.05)%
           GttN1_QqGqqC1wN1 : 17.3762673 (0.05)%
           GqqC1wN1_QqGttN1 : 17.3762673 (0.05)%
    GbtC2zC1wN1_GttN4hN2hN1 : 17.2961237 (0.04)%
     GqqC1wN1_QqGbtC2hC1wN1 : 17.2947277 (0.04)%
     GbtC2hC1wN1_QqGqqC1wN1 : 17.2947277 (0.04)%
         QqC1wN1_QqGbtC1wN1 : 17.1671773 (0.04)%
                GqqN1_GttN1 : 17.1500464 (0.04)%
          GbtC2hC1wN1_GqqN1 : 17.0695683 (0.04)%
         QqGbtC1wN1_QqGttN1 : 16.7940131 (0.04)%
   QqGbtC1wN1_QqGbtC2hC1wN1 : 16.7152058 (0.04)%
  GbtC2zC1wN1_QqGbtC2wN2hN1 : 16.5171890 (0.04)%
  GbtC2wN2hN1_QqGbtC2zC1wN1 : 16.5171890 (0.04)%
     GqqC1wN1_QqGbtC2zC1wN1 : 16.1253998 (0.04)%
     GbtC2zC1wN1_QqGqqC1wN1 : 16.1253998 (0.04)%
       GbbN4wC1wN1_GbtC1wN1 : 15.9790179 (0.04)%
          GbtC2zC1wN1_GqqN1 : 15.9154639 (0.04)%
        GbtC1wN1_QqGbtC2wN1 : 15.9050230 (0.04)%
        GbtC2wN1_QqGbtC1wN1 : 15.9050230 (0.04)%
        GbtC1wN1_QqGbbN2hN1 : 15.8277410 (0.04)%
        GbbN2hN1_QqGbtC1wN1 : 15.8277410 (0.04)%
                C2wN1_N4hN1 : 15.7099907 (0.04)%
   QqGbtC1wN1_QqGbtC2zC1wN1 : 15.5850605 (0.04)%
             C1wN1_N4wC1wN1 : 15.4676143 (0.04)%
    GbtC2wN2hN1_GttN4hN2hN1 : 15.4005321 (0.04)%
             GttN1_GttN2hN1 : 15.1922101 (0.04)%
       GbtC2hC1wN1_GttN2hN1 : 15.1209194 (0.04)%
       GqqC1wN1_GttN4hN2hN1 : 15.0352301 (0.04)%
           GbtC1wN1_QqN2hN1 : 15.0278942 (0.04)%
       GqqN2hN1_GttN4wC1wN1 : 14.9483830 (0.04)%
        GttN4wC1wN1_QqC1wN1 : 14.8781042 (0.04)%
  GbtC2wN2hN1_QqGbtC2wN2hN1 : 14.7069658 (0.04)%
             N3zN1_N4hN2hN1 : 14.6920400 (0.04)%
          GttN1_GttN3zN2hN1 : 14.6904603 (0.04)%
    GbtC2hC1wN1_GttN3zN2hN1 : 14.6215241 (0.04)%
        GttN1_QqGttN4wC1wN1 : 14.5546979 (0.04)%
        GttN4wC1wN1_QqGttN1 : 14.5546979 (0.04)%
    GttN4wC1wN1_GttN4wC1wN1 : 14.4999631 (0.04)%
  GttN4wC1wN1_QqGbtC2hC1wN1 : 14.4863987 (0.04)%
  GbtC2hC1wN1_QqGttN4wC1wN1 : 14.4863987 (0.04)%
     GqqC1wN1_QqGbtC2wN2hN1 : 14.3581153 (0.04)%
     GbtC2wN2hN1_QqGqqC1wN1 : 14.3581153 (0.04)%
          GbtC2wN2hN1_GqqN1 : 14.1711876 (0.04)%
       GbtC2zC1wN1_GttN2hN1 : 14.0985666 (0.04)%
          GbbN2hN1_GbtC2wN1 : 14.0250446 (0.04)%
        GqqC1wN1_QqGqqC1wN1 : 14.0175395 (0.04)%
          GbtC1wN1_GttN4hN1 : 13.9991712 (0.04)%
   QqGbtC1wN1_QqGbtC2wN2hN1 : 13.8769952 (0.04)%
             GqqC1wN1_GqqN1 : 13.8350457 (0.04)%
                N2hN1_N2zN1 : 13.6924696 (0.04)%
    GbtC2zC1wN1_GttN3zN2hN1 : 13.6329364 (0.04)%
          GbtC1wN1_GttN3zN1 : 13.6064645 (0.04)%
      QqGbtC1wN1_QqGqqC1wN1 : 13.5478316 (0.04)%
  GttN4wC1wN1_QqGbtC2zC1wN1 : 13.5069470 (0.04)%
  GbtC2zC1wN1_QqGttN4wC1wN1 : 13.5069470 (0.04)%
      QqGbtC1wN1_QqGbtC1wN1 : 13.1626774 (0.03)%
       GbtC1wN1_GbtC2wN2zN1 : 13.0389485 (0.03)%
       GqqN2hN1_GttN3wC1wN1 : 12.9462489 (0.03)%
        GttN3wC1wN1_QqC1wN1 : 12.8853830 (0.03)%
        GttN1_QqGttN3wC1wN1 : 12.6052926 (0.03)%
        GttN3wC1wN1_QqGttN1 : 12.6052926 (0.03)%
    GttN4hN2hN1_GttN4wC1wN1 : 12.5937998 (0.03)%
       GbtC2wN2hN1_GttN2hN1 : 12.5534155 (0.03)%
  GttN3wC1wN1_QqGbtC2hC1wN1 : 12.5461412 (0.03)%
  GbtC2hC1wN1_QqGttN3wC1wN1 : 12.5461412 (0.03)%
          C2hC1wN1_C2wN2zN1 : 12.3244690 (0.03)%
          GqqC1wN1_GttN2hN1 : 12.2556474 (0.03)%
    GbtC2wN2hN1_GttN3zN2hN1 : 12.1388167 (0.03)%
  GbtC2wN2hN1_QqGttN4wC1wN1 : 12.0266353 (0.03)%
  GttN4wC1wN1_QqGbtC2wN2hN1 : 12.0266353 (0.03)%
             N3zN2hN1_N4hN1 : 11.9146081 (0.03)%
       GqqC1wN1_GttN3zN2hN1 : 11.8508829 (0.03)%
        GqqN2hN1_QqGbtC1wN1 : 11.7603504 (0.03)%
        GbtC1wN1_QqGqqN2hN1 : 11.7603504 (0.03)%
     GqqC1wN1_QqGttN4wC1wN1 : 11.7413625 (0.03)%
     GttN4wC1wN1_QqGqqC1wN1 : 11.7413625 (0.03)%
  GttN3wC1wN1_QqGbtC2zC1wN1 : 11.6978738 (0.03)%
  GbtC2zC1wN1_QqGttN3wC1wN1 : 11.6978738 (0.03)%
          GqqN1_GttN4wC1wN1 : 11.5885022 (0.03)%
          C2wN2zN1_C2zC1wN1 : 11.4911893 (0.03)%
                C1wN1_N3zN1 : 11.3780342 (0.03)%
   QqGbtC1wN1_QqGttN4wC1wN1 : 11.3479260 (0.03)%
          GbbN3wC1wN1_GttN1 : 11.1418675 (0.03)%
    GbbN3wC1wN1_GbtC2hC1wN1 : 11.0895833 (0.03)%
          C2hC1wN1_N4hN2zN1 : 10.9794604 (0.03)%
            QqC1wN1_QqGttN1 : 10.9516397 (0.03)%
    GttN3wC1wN1_GttN4hN2hN1 : 10.9070304 (0.03)%
      QqC1wN1_QqGbtC2hC1wN1 : 10.9002482 (0.03)%
    GttN3wC1wN1_GttN3wC1wN1 : 10.8759291 (0.03)%
      QqGbtC2hC1wN1_QqGttN1 : 10.6633088 (0.03)%
                C2wN1_C2wN1 : 10.4900552 (0.03)%
          GbtC2wN1_GqqN2hN1 : 10.4209084 (0.03)%
  GttN3wC1wN1_QqGbtC2wN2hN1 : 10.4158299 (0.03)%
  GbtC2wN2hN1_QqGttN3wC1wN1 : 10.4158299 (0.03)%
           GbtC2wN1_QqC1wN1 : 10.3719153 (0.03)%
          GbbN2hN1_GqqN2hN1 : 10.3702735 (0.03)%
    GbbN3wC1wN1_GbtC2zC1wN1 : 10.3397965 (0.03)%
           GbbN2hN1_QqC1wN1 : 10.3215184 (0.03)%
             C1wN1_C2hC1wN1 : 10.3207067 (0.03)%
       GttN2hN1_GttN4wC1wN1 : 10.2655675 (0.03)%
          C2zC1wN1_N4hN2zN1 : 10.2371192 (0.03)%
          C2wN2hN1_C2wN2zN1 : 10.2317973 (0.03)%
             GbbN1_GbtC1wN1 : 10.2150780 (0.03)%
          GbbN4wC1wN1_GttN1 : 10.1936646 (0.03)%
     GqqC1wN1_QqGttN3wC1wN1 : 10.1687655 (0.03)%
     GttN3wC1wN1_QqGqqC1wN1 : 10.1687655 (0.03)%
      QqC1wN1_QqGbtC2zC1wN1 : 10.1632627 (0.03)%
           GttN1_QqGbtC2wN1 : 10.1464602 (0.03)%
           GbtC2wN1_QqGttN1 : 10.1464602 (0.03)%
    GbbN4wC1wN1_GbtC2hC1wN1 : 10.1458300 (0.03)%
     GbtC2wN1_QqGbtC2hC1wN1 : 10.0988471 (0.03)%
     GbtC2hC1wN1_QqGbtC2wN1 : 10.0988471 (0.03)%
           GttN1_QqGbbN2hN1 : 10.0971589 (0.03)%
           GbbN2hN1_QqGttN1 : 10.0971589 (0.03)%
     GbbN2hN1_QqGbtC2hC1wN1 : 10.0497771 (0.03)%
     GbtC2hC1wN1_QqGbbN2hN1 : 10.0497771 (0.03)%
          GqqN1_GttN3wC1wN1 : 10.0363787 (0.03)%
          N3wC1wN1_N4hN2zN1 : 9.9712631 (0.03)%
      QqGbtC2zC1wN1_QqGttN1 : 9.9423431 (0.03)%
    GttN3zN2hN1_GttN4wC1wN1 : 9.9265289 (0.03)%
     GbtC1wN1_QqGttN4hN2hN1 : 9.9079278 (0.03)%
     GttN4hN2hN1_QqGbtC1wN1 : 9.9079278 (0.03)%
QqGbtC2hC1wN1_QqGbtC2zC1wN1 : 9.8956879 (0.03)%
          C2hC1wN1_N3zN2zN1 : 9.8905823 (0.03)%
  GttN4wC1wN1_QqGttN4wC1wN1 : 9.8347925 (0.03)%
   QqGbtC1wN1_QqGttN3wC1wN1 : 9.8280245 (0.03)%
             C1wN1_C2zC1wN1 : 9.6229050 (0.03)%
              GttN1_QqN2hN1 : 9.5869041 (0.02)%
        GbtC2hC1wN1_QqN2hN1 : 9.5419168 (0.02)%
    GbbN4wC1wN1_GbtC2zC1wN1 : 9.4598520 (0.02)%
     GbtC2wN1_QqGbtC2zC1wN1 : 9.4160457 (0.02)%
     GbtC2zC1wN1_QqGbtC2wN1 : 9.4160457 (0.02)%
     GbbN2hN1_QqGbtC2zC1wN1 : 9.3702935 (0.02)%
     GbtC2zC1wN1_QqGbbN2hN1 : 9.3702935 (0.02)%
          C2zC1wN1_N3zN2zN1 : 9.2218621 (0.02)%
    GbbN3wC1wN1_GbtC2wN2hN1 : 9.2065928 (0.02)%
           GbtC1wN1_QqGqqN1 : 9.1170293 (0.02)%
------------------------------------------------------------
                                          SUM=90.01%
