/Users/rafalmaselek/Projects/fastlim-1.0
 
#################################################################
#                                                               #
#                                                               #
#                     This is Fastlim  ver. 1.0                 #
#                                                               #
#          A fast LHC limit calculator for BSM models.          #
#                                                               #
#                  http://cern.ch/fastlim-1.0/                  #
#                                                               #
#  for bugs/feature requests: fastlim-1.0.developers@gmail.com  #
#                                                               #
#    please refer to:                                           #
#    M.Papucci, K.Sakurai, A.Weiler, L.Zeune arXiv:1402.xxxx    #
#                                                               #
#################################################################
 

!! Masses incompatible with the data for ERER !!

!! Problem with reading tables for ER ER !! Probably mass outside the table !! Setting xsec to 10^-20 !!

!! Masses incompatible with the data for ELEL !!

!! Problem with reading tables for EL EL !! Probably mass outside the table !! Setting xsec to 10^-20 !!

!! Masses incompatible with the data for TAU1TAU1 !!

!! Problem with reading tables for TAU1 TAU1 !! Probably mass outside the table !! Setting xsec to 10^-20 !!

!! Masses incompatible with the data for TAU2TAU2 !!

!! Problem with reading tables for TAU2 TAU2 !! Probably mass outside the table !! Setting xsec to 10^-20 !!
Decoupling mG=2572.03147 GeV; mQ=3046.3680199999994 GeV

!! Masses incompatible with the data for QQ !!

!! Problem with reading tables for Q Q !! Probably mass outside the table !! Setting xsec to 10^-20 !!

!! Masses incompatible with the data for GQ !!

!! Problem with reading tables for G Q !! Probably mass outside the table !! Setting xsec to 10^-20 !!
!!! THERE IS MASS SHIFTING IN EWKfast --------------------------------------------------------
Energy  Precision  PDF  Process
13      LO    NNPDF30           C1C1       0.5212870843572054 
13      LO    NNPDF30           C1+C2-     6.51593948885405e-05 # mass is shifted in the grid
13      LO    NNPDF30           C1-C2+     6.514933035688506e-05 # mass is shifted in the grid
13      LO    NNPDF30           C2C2       0.0132426243518332 # mass is shifted in the grid
13      LO    NNPDF30           N1N1       0.009664464367358449 
13      LO    NNPDF30           N1N2       0.0011032036113595555 
13      LO    NNPDF30           N1N3       2.183640297812751e-05 # mass is shifted in the grid
13      LO    NNPDF30           N1N4       1.96393323558969e-05 # mass is shifted in the grid
13      LO    NNPDF30           N2N2       0.0060371129062015685 
13      LO    NNPDF30           N2N3       3.721727703024211e-05 # mass is shifted in the grid
13      LO    NNPDF30           N2N4       1.549995420058209e-05 # mass is shifted in the grid
13      LO    NNPDF30           N3N3       1.0268018252494274e-09 # mass is shifted in the grid
13      LO    NNPDF30           N3N4       0.0022772937582737525 # mass is shifted in the grid
13      LO    NNPDF30           N4N4       1.2664276250817916e-08 # mass is shifted in the grid
13      LO    NNPDF30           N1C1+      0.001854701274698401 
13      LO    NNPDF30           N2C1+      0.8136879316017531 
13      LO    NNPDF30           N3C1+      6.882964739867643e-05 # mass is shifted in the grid
13      LO    NNPDF30           N4C1+      4.6621203476134006e-05 # mass is shifted in the grid
13      LO    NNPDF30           N1C1-      0.0006580152186658819 
13      LO    NNPDF30           N2C1-      0.27801889098416266 
13      LO    NNPDF30           N3C1-      2.2801606413376366e-05 # mass is shifted in the grid
13      LO    NNPDF30           N4C1-      1.5304048869189905e-05 # mass is shifted in the grid
13      LO    NNPDF30           N1C2+      0.00014959661980531533 # mass is shifted in the grid
13      LO    NNPDF30           N2C2+      3.511485818305486e-05 # mass is shifted in the grid
13      LO    NNPDF30           N3C2+      0.003203983915655308 # mass is shifted in the grid
13      LO    NNPDF30           N4C2+      0.016318671642009563 # mass is shifted in the grid
13      LO    NNPDF30           N1C2-      5.004995369216636e-05 # mass is shifted in the grid
13      LO    NNPDF30           N2C2-      1.1502902947944544e-05 # mass is shifted in the grid
13      LO    NNPDF30           N3C2-      0.001107873519628957 # mass is shifted in the grid
13      LO    NNPDF30           N4C2-      0.005485110349000496 # mass is shifted in the grid

SLHA file: /Users/rafalmaselek/Projects/CheckMateCalculations/UML/SLHA_FIX/cmssm_2171_1142_5_-1142_-1.slha
Input file: /Users/rafalmaselek/ScienceSoft/EWKfast_LO/input_default.dat
Sort: OFF 
Cut: -1 
Unit: fb 
ScaleVariation: OFF 

mC2 = 1613.87652 is out of range. |mC2| = 1500 was used.
mN3 = -1611.53529 is out of range. |mN3| = 1500 was used.
mN4 = 1612.30224 is out of range. |mN4| = 1500 was used.

-----------------------------------------------------------------------------------------------
!!! THERE IS MASS SHIFTING IN EWKfast --------------------------------------------------------
Energy  Precision  PDF  Process
13      LO    NNPDF30           C1C1       0.5212870843572054 
13      LO    NNPDF30           C1+C2-     6.51593948885405e-05 # mass is shifted in the grid
13      LO    NNPDF30           C1-C2+     6.514933035688506e-05 # mass is shifted in the grid
13      LO    NNPDF30           C2C2       0.0132426243518332 # mass is shifted in the grid
13      LO    NNPDF30           N1N1       0.009664464367358449 
13      LO    NNPDF30           N1N2       0.0011032036113595555 
13      LO    NNPDF30           N1N3       2.183640297812751e-05 # mass is shifted in the grid
13      LO    NNPDF30           N1N4       1.96393323558969e-05 # mass is shifted in the grid
13      LO    NNPDF30           N2N2       0.0060371129062015685 
13      LO    NNPDF30           N2N3       3.721727703024211e-05 # mass is shifted in the grid
13      LO    NNPDF30           N2N4       1.549995420058209e-05 # mass is shifted in the grid
13      LO    NNPDF30           N3N3       1.0268018252494274e-09 # mass is shifted in the grid
13      LO    NNPDF30           N3N4       0.0022772937582737525 # mass is shifted in the grid
13      LO    NNPDF30           N4N4       1.2664276250817916e-08 # mass is shifted in the grid
13      LO    NNPDF30           N1C1+      0.001854701274698401 
13      LO    NNPDF30           N2C1+      0.8136879316017531 
13      LO    NNPDF30           N3C1+      6.882964739867643e-05 # mass is shifted in the grid
13      LO    NNPDF30           N4C1+      4.6621203476134006e-05 # mass is shifted in the grid
13      LO    NNPDF30           N1C1-      0.0006580152186658819 
13      LO    NNPDF30           N2C1-      0.27801889098416266 
13      LO    NNPDF30           N3C1-      2.2801606413376366e-05 # mass is shifted in the grid
13      LO    NNPDF30           N4C1-      1.5304048869189905e-05 # mass is shifted in the grid
13      LO    NNPDF30           N1C2+      0.00014959661980531533 # mass is shifted in the grid
13      LO    NNPDF30           N2C2+      3.511485818305486e-05 # mass is shifted in the grid
13      LO    NNPDF30           N3C2+      0.003203983915655308 # mass is shifted in the grid
13      LO    NNPDF30           N4C2+      0.016318671642009563 # mass is shifted in the grid
13      LO    NNPDF30           N1C2-      5.004995369216636e-05 # mass is shifted in the grid
13      LO    NNPDF30           N2C2-      1.1502902947944544e-05 # mass is shifted in the grid
13      LO    NNPDF30           N3C2-      0.001107873519628957 # mass is shifted in the grid
13      LO    NNPDF30           N4C2-      0.005485110349000496 # mass is shifted in the grid

SLHA file: /Users/rafalmaselek/Projects/CheckMateCalculations/UML/SLHA_FIX/cmssm_2171_1142_5_-1142_-1.slha
Input file: /Users/rafalmaselek/ScienceSoft/EWKfast_LO/input_default.dat
Sort: OFF 
Cut: -1 
Unit: fb 
ScaleVariation: OFF 

mC2 = 1613.87652 is out of range. |mC2| = 1500 was used.
mN3 = -1611.53529 is out of range. |mN3| = 1500 was used.
mN4 = 1612.30224 is out of range. |mN4| = 1500 was used.

-----------------------------------------------------------------------------------------------
!! EWK PROCESS C1C2 NOT FOUND !! WILL TRY TO LOOK FOR +/- MODES !!
XSEC FOUND FOR: C1-C2+
XSEC FOUND FOR: C1+C2-
!!! THERE IS MASS SHIFTING IN EWKfast --------------------------------------------------------
Energy  Precision  PDF  Process
13      LO    NNPDF30           C1C1       0.5212870843572054 
13      LO    NNPDF30           C1+C2-     6.51593948885405e-05 # mass is shifted in the grid
13      LO    NNPDF30           C1-C2+     6.514933035688506e-05 # mass is shifted in the grid
13      LO    NNPDF30           C2C2       0.0132426243518332 # mass is shifted in the grid
13      LO    NNPDF30           N1N1       0.009664464367358449 
13      LO    NNPDF30           N1N2       0.0011032036113595555 
13      LO    NNPDF30           N1N3       2.183640297812751e-05 # mass is shifted in the grid
13      LO    NNPDF30           N1N4       1.96393323558969e-05 # mass is shifted in the grid
13      LO    NNPDF30           N2N2       0.0060371129062015685 
13      LO    NNPDF30           N2N3       3.721727703024211e-05 # mass is shifted in the grid
13      LO    NNPDF30           N2N4       1.549995420058209e-05 # mass is shifted in the grid
13      LO    NNPDF30           N3N3       1.0268018252494274e-09 # mass is shifted in the grid
13      LO    NNPDF30           N3N4       0.0022772937582737525 # mass is shifted in the grid
13      LO    NNPDF30           N4N4       1.2664276250817916e-08 # mass is shifted in the grid
13      LO    NNPDF30           N1C1+      0.001854701274698401 
13      LO    NNPDF30           N2C1+      0.8136879316017531 
13      LO    NNPDF30           N3C1+      6.882964739867643e-05 # mass is shifted in the grid
13      LO    NNPDF30           N4C1+      4.6621203476134006e-05 # mass is shifted in the grid
13      LO    NNPDF30           N1C1-      0.0006580152186658819 
13      LO    NNPDF30           N2C1-      0.27801889098416266 
13      LO    NNPDF30           N3C1-      2.2801606413376366e-05 # mass is shifted in the grid
13      LO    NNPDF30           N4C1-      1.5304048869189905e-05 # mass is shifted in the grid
13      LO    NNPDF30           N1C2+      0.00014959661980531533 # mass is shifted in the grid
13      LO    NNPDF30           N2C2+      3.511485818305486e-05 # mass is shifted in the grid
13      LO    NNPDF30           N3C2+      0.003203983915655308 # mass is shifted in the grid
13      LO    NNPDF30           N4C2+      0.016318671642009563 # mass is shifted in the grid
13      LO    NNPDF30           N1C2-      5.004995369216636e-05 # mass is shifted in the grid
13      LO    NNPDF30           N2C2-      1.1502902947944544e-05 # mass is shifted in the grid
13      LO    NNPDF30           N3C2-      0.001107873519628957 # mass is shifted in the grid
13      LO    NNPDF30           N4C2-      0.005485110349000496 # mass is shifted in the grid

SLHA file: /Users/rafalmaselek/Projects/CheckMateCalculations/UML/SLHA_FIX/cmssm_2171_1142_5_-1142_-1.slha
Input file: /Users/rafalmaselek/ScienceSoft/EWKfast_LO/input_default.dat
Sort: OFF 
Cut: -1 
Unit: fb 
ScaleVariation: OFF 

mC2 = 1613.87652 is out of range. |mC2| = 1500 was used.
mN3 = -1611.53529 is out of range. |mN3| = 1500 was used.
mN4 = 1612.30224 is out of range. |mN4| = 1500 was used.

-----------------------------------------------------------------------------------------------
!!! THERE IS MASS SHIFTING IN EWKfast --------------------------------------------------------
Energy  Precision  PDF  Process
13      LO    NNPDF30           C1C1       0.5212870843572054 
13      LO    NNPDF30           C1+C2-     6.51593948885405e-05 # mass is shifted in the grid
13      LO    NNPDF30           C1-C2+     6.514933035688506e-05 # mass is shifted in the grid
13      LO    NNPDF30           C2C2       0.0132426243518332 # mass is shifted in the grid
13      LO    NNPDF30           N1N1       0.009664464367358449 
13      LO    NNPDF30           N1N2       0.0011032036113595555 
13      LO    NNPDF30           N1N3       2.183640297812751e-05 # mass is shifted in the grid
13      LO    NNPDF30           N1N4       1.96393323558969e-05 # mass is shifted in the grid
13      LO    NNPDF30           N2N2       0.0060371129062015685 
13      LO    NNPDF30           N2N3       3.721727703024211e-05 # mass is shifted in the grid
13      LO    NNPDF30           N2N4       1.549995420058209e-05 # mass is shifted in the grid
13      LO    NNPDF30           N3N3       1.0268018252494274e-09 # mass is shifted in the grid
13      LO    NNPDF30           N3N4       0.0022772937582737525 # mass is shifted in the grid
13      LO    NNPDF30           N4N4       1.2664276250817916e-08 # mass is shifted in the grid
13      LO    NNPDF30           N1C1+      0.001854701274698401 
13      LO    NNPDF30           N2C1+      0.8136879316017531 
13      LO    NNPDF30           N3C1+      6.882964739867643e-05 # mass is shifted in the grid
13      LO    NNPDF30           N4C1+      4.6621203476134006e-05 # mass is shifted in the grid
13      LO    NNPDF30           N1C1-      0.0006580152186658819 
13      LO    NNPDF30           N2C1-      0.27801889098416266 
13      LO    NNPDF30           N3C1-      2.2801606413376366e-05 # mass is shifted in the grid
13      LO    NNPDF30           N4C1-      1.5304048869189905e-05 # mass is shifted in the grid
13      LO    NNPDF30           N1C2+      0.00014959661980531533 # mass is shifted in the grid
13      LO    NNPDF30           N2C2+      3.511485818305486e-05 # mass is shifted in the grid
13      LO    NNPDF30           N3C2+      0.003203983915655308 # mass is shifted in the grid
13      LO    NNPDF30           N4C2+      0.016318671642009563 # mass is shifted in the grid
13      LO    NNPDF30           N1C2-      5.004995369216636e-05 # mass is shifted in the grid
13      LO    NNPDF30           N2C2-      1.1502902947944544e-05 # mass is shifted in the grid
13      LO    NNPDF30           N3C2-      0.001107873519628957 # mass is shifted in the grid
13      LO    NNPDF30           N4C2-      0.005485110349000496 # mass is shifted in the grid

SLHA file: /Users/rafalmaselek/Projects/CheckMateCalculations/UML/SLHA_FIX/cmssm_2171_1142_5_-1142_-1.slha
Input file: /Users/rafalmaselek/ScienceSoft/EWKfast_LO/input_default.dat
Sort: OFF 
Cut: -1 
Unit: fb 
ScaleVariation: OFF 

mC2 = 1613.87652 is out of range. |mC2| = 1500 was used.
mN3 = -1611.53529 is out of range. |mN3| = 1500 was used.
mN4 = 1612.30224 is out of range. |mN4| = 1500 was used.

-----------------------------------------------------------------------------------------------
!! EWK PROCESS C1N1 NOT FOUND !! WILL TRY TO LOOK FOR +/- MODES !!
XSEC FOUND FOR: C1+N1
XSEC FOUND FOR: C1-N1
!!! THERE IS MASS SHIFTING IN EWKfast --------------------------------------------------------
Energy  Precision  PDF  Process
13      LO    NNPDF30           C1C1       0.5212870843572054 
13      LO    NNPDF30           C1+C2-     6.51593948885405e-05 # mass is shifted in the grid
13      LO    NNPDF30           C1-C2+     6.514933035688506e-05 # mass is shifted in the grid
13      LO    NNPDF30           C2C2       0.0132426243518332 # mass is shifted in the grid
13      LO    NNPDF30           N1N1       0.009664464367358449 
13      LO    NNPDF30           N1N2       0.0011032036113595555 
13      LO    NNPDF30           N1N3       2.183640297812751e-05 # mass is shifted in the grid
13      LO    NNPDF30           N1N4       1.96393323558969e-05 # mass is shifted in the grid
13      LO    NNPDF30           N2N2       0.0060371129062015685 
13      LO    NNPDF30           N2N3       3.721727703024211e-05 # mass is shifted in the grid
13      LO    NNPDF30           N2N4       1.549995420058209e-05 # mass is shifted in the grid
13      LO    NNPDF30           N3N3       1.0268018252494274e-09 # mass is shifted in the grid
13      LO    NNPDF30           N3N4       0.0022772937582737525 # mass is shifted in the grid
13      LO    NNPDF30           N4N4       1.2664276250817916e-08 # mass is shifted in the grid
13      LO    NNPDF30           N1C1+      0.001854701274698401 
13      LO    NNPDF30           N2C1+      0.8136879316017531 
13      LO    NNPDF30           N3C1+      6.882964739867643e-05 # mass is shifted in the grid
13      LO    NNPDF30           N4C1+      4.6621203476134006e-05 # mass is shifted in the grid
13      LO    NNPDF30           N1C1-      0.0006580152186658819 
13      LO    NNPDF30           N2C1-      0.27801889098416266 
13      LO    NNPDF30           N3C1-      2.2801606413376366e-05 # mass is shifted in the grid
13      LO    NNPDF30           N4C1-      1.5304048869189905e-05 # mass is shifted in the grid
13      LO    NNPDF30           N1C2+      0.00014959661980531533 # mass is shifted in the grid
13      LO    NNPDF30           N2C2+      3.511485818305486e-05 # mass is shifted in the grid
13      LO    NNPDF30           N3C2+      0.003203983915655308 # mass is shifted in the grid
13      LO    NNPDF30           N4C2+      0.016318671642009563 # mass is shifted in the grid
13      LO    NNPDF30           N1C2-      5.004995369216636e-05 # mass is shifted in the grid
13      LO    NNPDF30           N2C2-      1.1502902947944544e-05 # mass is shifted in the grid
13      LO    NNPDF30           N3C2-      0.001107873519628957 # mass is shifted in the grid
13      LO    NNPDF30           N4C2-      0.005485110349000496 # mass is shifted in the grid

SLHA file: /Users/rafalmaselek/Projects/CheckMateCalculations/UML/SLHA_FIX/cmssm_2171_1142_5_-1142_-1.slha
Input file: /Users/rafalmaselek/ScienceSoft/EWKfast_LO/input_default.dat
Sort: OFF 
Cut: -1 
Unit: fb 
ScaleVariation: OFF 

mC2 = 1613.87652 is out of range. |mC2| = 1500 was used.
mN3 = -1611.53529 is out of range. |mN3| = 1500 was used.
mN4 = 1612.30224 is out of range. |mN4| = 1500 was used.

-----------------------------------------------------------------------------------------------
!! EWK PROCESS C1N2 NOT FOUND !! WILL TRY TO LOOK FOR +/- MODES !!
XSEC FOUND FOR: C1+N2
XSEC FOUND FOR: C1-N2
!!! THERE IS MASS SHIFTING IN EWKfast --------------------------------------------------------
Energy  Precision  PDF  Process
13      LO    NNPDF30           C1C1       0.5212870843572054 
13      LO    NNPDF30           C1+C2-     6.51593948885405e-05 # mass is shifted in the grid
13      LO    NNPDF30           C1-C2+     6.514933035688506e-05 # mass is shifted in the grid
13      LO    NNPDF30           C2C2       0.0132426243518332 # mass is shifted in the grid
13      LO    NNPDF30           N1N1       0.009664464367358449 
13      LO    NNPDF30           N1N2       0.0011032036113595555 
13      LO    NNPDF30           N1N3       2.183640297812751e-05 # mass is shifted in the grid
13      LO    NNPDF30           N1N4       1.96393323558969e-05 # mass is shifted in the grid
13      LO    NNPDF30           N2N2       0.0060371129062015685 
13      LO    NNPDF30           N2N3       3.721727703024211e-05 # mass is shifted in the grid
13      LO    NNPDF30           N2N4       1.549995420058209e-05 # mass is shifted in the grid
13      LO    NNPDF30           N3N3       1.0268018252494274e-09 # mass is shifted in the grid
13      LO    NNPDF30           N3N4       0.0022772937582737525 # mass is shifted in the grid
13      LO    NNPDF30           N4N4       1.2664276250817916e-08 # mass is shifted in the grid
13      LO    NNPDF30           N1C1+      0.001854701274698401 
13      LO    NNPDF30           N2C1+      0.8136879316017531 
13      LO    NNPDF30           N3C1+      6.882964739867643e-05 # mass is shifted in the grid
13      LO    NNPDF30           N4C1+      4.6621203476134006e-05 # mass is shifted in the grid
13      LO    NNPDF30           N1C1-      0.0006580152186658819 
13      LO    NNPDF30           N2C1-      0.27801889098416266 
13      LO    NNPDF30           N3C1-      2.2801606413376366e-05 # mass is shifted in the grid
13      LO    NNPDF30           N4C1-      1.5304048869189905e-05 # mass is shifted in the grid
13      LO    NNPDF30           N1C2+      0.00014959661980531533 # mass is shifted in the grid
13      LO    NNPDF30           N2C2+      3.511485818305486e-05 # mass is shifted in the grid
13      LO    NNPDF30           N3C2+      0.003203983915655308 # mass is shifted in the grid
13      LO    NNPDF30           N4C2+      0.016318671642009563 # mass is shifted in the grid
13      LO    NNPDF30           N1C2-      5.004995369216636e-05 # mass is shifted in the grid
13      LO    NNPDF30           N2C2-      1.1502902947944544e-05 # mass is shifted in the grid
13      LO    NNPDF30           N3C2-      0.001107873519628957 # mass is shifted in the grid
13      LO    NNPDF30           N4C2-      0.005485110349000496 # mass is shifted in the grid

SLHA file: /Users/rafalmaselek/Projects/CheckMateCalculations/UML/SLHA_FIX/cmssm_2171_1142_5_-1142_-1.slha
Input file: /Users/rafalmaselek/ScienceSoft/EWKfast_LO/input_default.dat
Sort: OFF 
Cut: -1 
Unit: fb 
ScaleVariation: OFF 

mC2 = 1613.87652 is out of range. |mC2| = 1500 was used.
mN3 = -1611.53529 is out of range. |mN3| = 1500 was used.
mN4 = 1612.30224 is out of range. |mN4| = 1500 was used.

-----------------------------------------------------------------------------------------------
!! EWK PROCESS C1N3 NOT FOUND !! WILL TRY TO LOOK FOR +/- MODES !!
XSEC FOUND FOR: C1+N3
XSEC FOUND FOR: C1-N3
!!! THERE IS MASS SHIFTING IN EWKfast --------------------------------------------------------
Energy  Precision  PDF  Process
13      LO    NNPDF30           C1C1       0.5212870843572054 
13      LO    NNPDF30           C1+C2-     6.51593948885405e-05 # mass is shifted in the grid
13      LO    NNPDF30           C1-C2+     6.514933035688506e-05 # mass is shifted in the grid
13      LO    NNPDF30           C2C2       0.0132426243518332 # mass is shifted in the grid
13      LO    NNPDF30           N1N1       0.009664464367358449 
13      LO    NNPDF30           N1N2       0.0011032036113595555 
13      LO    NNPDF30           N1N3       2.183640297812751e-05 # mass is shifted in the grid
13      LO    NNPDF30           N1N4       1.96393323558969e-05 # mass is shifted in the grid
13      LO    NNPDF30           N2N2       0.0060371129062015685 
13      LO    NNPDF30           N2N3       3.721727703024211e-05 # mass is shifted in the grid
13      LO    NNPDF30           N2N4       1.549995420058209e-05 # mass is shifted in the grid
13      LO    NNPDF30           N3N3       1.0268018252494274e-09 # mass is shifted in the grid
13      LO    NNPDF30           N3N4       0.0022772937582737525 # mass is shifted in the grid
13      LO    NNPDF30           N4N4       1.2664276250817916e-08 # mass is shifted in the grid
13      LO    NNPDF30           N1C1+      0.001854701274698401 
13      LO    NNPDF30           N2C1+      0.8136879316017531 
13      LO    NNPDF30           N3C1+      6.882964739867643e-05 # mass is shifted in the grid
13      LO    NNPDF30           N4C1+      4.6621203476134006e-05 # mass is shifted in the grid
13      LO    NNPDF30           N1C1-      0.0006580152186658819 
13      LO    NNPDF30           N2C1-      0.27801889098416266 
13      LO    NNPDF30           N3C1-      2.2801606413376366e-05 # mass is shifted in the grid
13      LO    NNPDF30           N4C1-      1.5304048869189905e-05 # mass is shifted in the grid
13      LO    NNPDF30           N1C2+      0.00014959661980531533 # mass is shifted in the grid
13      LO    NNPDF30           N2C2+      3.511485818305486e-05 # mass is shifted in the grid
13      LO    NNPDF30           N3C2+      0.003203983915655308 # mass is shifted in the grid
13      LO    NNPDF30           N4C2+      0.016318671642009563 # mass is shifted in the grid
13      LO    NNPDF30           N1C2-      5.004995369216636e-05 # mass is shifted in the grid
13      LO    NNPDF30           N2C2-      1.1502902947944544e-05 # mass is shifted in the grid
13      LO    NNPDF30           N3C2-      0.001107873519628957 # mass is shifted in the grid
13      LO    NNPDF30           N4C2-      0.005485110349000496 # mass is shifted in the grid

SLHA file: /Users/rafalmaselek/Projects/CheckMateCalculations/UML/SLHA_FIX/cmssm_2171_1142_5_-1142_-1.slha
Input file: /Users/rafalmaselek/ScienceSoft/EWKfast_LO/input_default.dat
Sort: OFF 
Cut: -1 
Unit: fb 
ScaleVariation: OFF 

mC2 = 1613.87652 is out of range. |mC2| = 1500 was used.
mN3 = -1611.53529 is out of range. |mN3| = 1500 was used.
mN4 = 1612.30224 is out of range. |mN4| = 1500 was used.

-----------------------------------------------------------------------------------------------
!! EWK PROCESS C1N4 NOT FOUND !! WILL TRY TO LOOK FOR +/- MODES !!
XSEC FOUND FOR: C1+N4
XSEC FOUND FOR: C1-N4
!!! THERE IS MASS SHIFTING IN EWKfast --------------------------------------------------------
Energy  Precision  PDF  Process
13      LO    NNPDF30           C1C1       0.5212870843572054 
13      LO    NNPDF30           C1+C2-     6.51593948885405e-05 # mass is shifted in the grid
13      LO    NNPDF30           C1-C2+     6.514933035688506e-05 # mass is shifted in the grid
13      LO    NNPDF30           C2C2       0.0132426243518332 # mass is shifted in the grid
13      LO    NNPDF30           N1N1       0.009664464367358449 
13      LO    NNPDF30           N1N2       0.0011032036113595555 
13      LO    NNPDF30           N1N3       2.183640297812751e-05 # mass is shifted in the grid
13      LO    NNPDF30           N1N4       1.96393323558969e-05 # mass is shifted in the grid
13      LO    NNPDF30           N2N2       0.0060371129062015685 
13      LO    NNPDF30           N2N3       3.721727703024211e-05 # mass is shifted in the grid
13      LO    NNPDF30           N2N4       1.549995420058209e-05 # mass is shifted in the grid
13      LO    NNPDF30           N3N3       1.0268018252494274e-09 # mass is shifted in the grid
13      LO    NNPDF30           N3N4       0.0022772937582737525 # mass is shifted in the grid
13      LO    NNPDF30           N4N4       1.2664276250817916e-08 # mass is shifted in the grid
13      LO    NNPDF30           N1C1+      0.001854701274698401 
13      LO    NNPDF30           N2C1+      0.8136879316017531 
13      LO    NNPDF30           N3C1+      6.882964739867643e-05 # mass is shifted in the grid
13      LO    NNPDF30           N4C1+      4.6621203476134006e-05 # mass is shifted in the grid
13      LO    NNPDF30           N1C1-      0.0006580152186658819 
13      LO    NNPDF30           N2C1-      0.27801889098416266 
13      LO    NNPDF30           N3C1-      2.2801606413376366e-05 # mass is shifted in the grid
13      LO    NNPDF30           N4C1-      1.5304048869189905e-05 # mass is shifted in the grid
13      LO    NNPDF30           N1C2+      0.00014959661980531533 # mass is shifted in the grid
13      LO    NNPDF30           N2C2+      3.511485818305486e-05 # mass is shifted in the grid
13      LO    NNPDF30           N3C2+      0.003203983915655308 # mass is shifted in the grid
13      LO    NNPDF30           N4C2+      0.016318671642009563 # mass is shifted in the grid
13      LO    NNPDF30           N1C2-      5.004995369216636e-05 # mass is shifted in the grid
13      LO    NNPDF30           N2C2-      1.1502902947944544e-05 # mass is shifted in the grid
13      LO    NNPDF30           N3C2-      0.001107873519628957 # mass is shifted in the grid
13      LO    NNPDF30           N4C2-      0.005485110349000496 # mass is shifted in the grid

SLHA file: /Users/rafalmaselek/Projects/CheckMateCalculations/UML/SLHA_FIX/cmssm_2171_1142_5_-1142_-1.slha
Input file: /Users/rafalmaselek/ScienceSoft/EWKfast_LO/input_default.dat
Sort: OFF 
Cut: -1 
Unit: fb 
ScaleVariation: OFF 

mC2 = 1613.87652 is out of range. |mC2| = 1500 was used.
mN3 = -1611.53529 is out of range. |mN3| = 1500 was used.
mN4 = 1612.30224 is out of range. |mN4| = 1500 was used.

-----------------------------------------------------------------------------------------------
!! EWK PROCESS C2N1 NOT FOUND !! WILL TRY TO LOOK FOR +/- MODES !!
XSEC FOUND FOR: C2+N1
XSEC FOUND FOR: C2-N1
!!! THERE IS MASS SHIFTING IN EWKfast --------------------------------------------------------
Energy  Precision  PDF  Process
13      LO    NNPDF30           C1C1       0.5212870843572054 
13      LO    NNPDF30           C1+C2-     6.51593948885405e-05 # mass is shifted in the grid
13      LO    NNPDF30           C1-C2+     6.514933035688506e-05 # mass is shifted in the grid
13      LO    NNPDF30           C2C2       0.0132426243518332 # mass is shifted in the grid
13      LO    NNPDF30           N1N1       0.009664464367358449 
13      LO    NNPDF30           N1N2       0.0011032036113595555 
13      LO    NNPDF30           N1N3       2.183640297812751e-05 # mass is shifted in the grid
13      LO    NNPDF30           N1N4       1.96393323558969e-05 # mass is shifted in the grid
13      LO    NNPDF30           N2N2       0.0060371129062015685 
13      LO    NNPDF30           N2N3       3.721727703024211e-05 # mass is shifted in the grid
13      LO    NNPDF30           N2N4       1.549995420058209e-05 # mass is shifted in the grid
13      LO    NNPDF30           N3N3       1.0268018252494274e-09 # mass is shifted in the grid
13      LO    NNPDF30           N3N4       0.0022772937582737525 # mass is shifted in the grid
13      LO    NNPDF30           N4N4       1.2664276250817916e-08 # mass is shifted in the grid
13      LO    NNPDF30           N1C1+      0.001854701274698401 
13      LO    NNPDF30           N2C1+      0.8136879316017531 
13      LO    NNPDF30           N3C1+      6.882964739867643e-05 # mass is shifted in the grid
13      LO    NNPDF30           N4C1+      4.6621203476134006e-05 # mass is shifted in the grid
13      LO    NNPDF30           N1C1-      0.0006580152186658819 
13      LO    NNPDF30           N2C1-      0.27801889098416266 
13      LO    NNPDF30           N3C1-      2.2801606413376366e-05 # mass is shifted in the grid
13      LO    NNPDF30           N4C1-      1.5304048869189905e-05 # mass is shifted in the grid
13      LO    NNPDF30           N1C2+      0.00014959661980531533 # mass is shifted in the grid
13      LO    NNPDF30           N2C2+      3.511485818305486e-05 # mass is shifted in the grid
13      LO    NNPDF30           N3C2+      0.003203983915655308 # mass is shifted in the grid
13      LO    NNPDF30           N4C2+      0.016318671642009563 # mass is shifted in the grid
13      LO    NNPDF30           N1C2-      5.004995369216636e-05 # mass is shifted in the grid
13      LO    NNPDF30           N2C2-      1.1502902947944544e-05 # mass is shifted in the grid
13      LO    NNPDF30           N3C2-      0.001107873519628957 # mass is shifted in the grid
13      LO    NNPDF30           N4C2-      0.005485110349000496 # mass is shifted in the grid

SLHA file: /Users/rafalmaselek/Projects/CheckMateCalculations/UML/SLHA_FIX/cmssm_2171_1142_5_-1142_-1.slha
Input file: /Users/rafalmaselek/ScienceSoft/EWKfast_LO/input_default.dat
Sort: OFF 
Cut: -1 
Unit: fb 
ScaleVariation: OFF 

mC2 = 1613.87652 is out of range. |mC2| = 1500 was used.
mN3 = -1611.53529 is out of range. |mN3| = 1500 was used.
mN4 = 1612.30224 is out of range. |mN4| = 1500 was used.

-----------------------------------------------------------------------------------------------
!! EWK PROCESS C2N2 NOT FOUND !! WILL TRY TO LOOK FOR +/- MODES !!
XSEC FOUND FOR: C2+N2
XSEC FOUND FOR: C2-N2
!!! THERE IS MASS SHIFTING IN EWKfast --------------------------------------------------------
Energy  Precision  PDF  Process
13      LO    NNPDF30           C1C1       0.5212870843572054 
13      LO    NNPDF30           C1+C2-     6.51593948885405e-05 # mass is shifted in the grid
13      LO    NNPDF30           C1-C2+     6.514933035688506e-05 # mass is shifted in the grid
13      LO    NNPDF30           C2C2       0.0132426243518332 # mass is shifted in the grid
13      LO    NNPDF30           N1N1       0.009664464367358449 
13      LO    NNPDF30           N1N2       0.0011032036113595555 
13      LO    NNPDF30           N1N3       2.183640297812751e-05 # mass is shifted in the grid
13      LO    NNPDF30           N1N4       1.96393323558969e-05 # mass is shifted in the grid
13      LO    NNPDF30           N2N2       0.0060371129062015685 
13      LO    NNPDF30           N2N3       3.721727703024211e-05 # mass is shifted in the grid
13      LO    NNPDF30           N2N4       1.549995420058209e-05 # mass is shifted in the grid
13      LO    NNPDF30           N3N3       1.0268018252494274e-09 # mass is shifted in the grid
13      LO    NNPDF30           N3N4       0.0022772937582737525 # mass is shifted in the grid
13      LO    NNPDF30           N4N4       1.2664276250817916e-08 # mass is shifted in the grid
13      LO    NNPDF30           N1C1+      0.001854701274698401 
13      LO    NNPDF30           N2C1+      0.8136879316017531 
13      LO    NNPDF30           N3C1+      6.882964739867643e-05 # mass is shifted in the grid
13      LO    NNPDF30           N4C1+      4.6621203476134006e-05 # mass is shifted in the grid
13      LO    NNPDF30           N1C1-      0.0006580152186658819 
13      LO    NNPDF30           N2C1-      0.27801889098416266 
13      LO    NNPDF30           N3C1-      2.2801606413376366e-05 # mass is shifted in the grid
13      LO    NNPDF30           N4C1-      1.5304048869189905e-05 # mass is shifted in the grid
13      LO    NNPDF30           N1C2+      0.00014959661980531533 # mass is shifted in the grid
13      LO    NNPDF30           N2C2+      3.511485818305486e-05 # mass is shifted in the grid
13      LO    NNPDF30           N3C2+      0.003203983915655308 # mass is shifted in the grid
13      LO    NNPDF30           N4C2+      0.016318671642009563 # mass is shifted in the grid
13      LO    NNPDF30           N1C2-      5.004995369216636e-05 # mass is shifted in the grid
13      LO    NNPDF30           N2C2-      1.1502902947944544e-05 # mass is shifted in the grid
13      LO    NNPDF30           N3C2-      0.001107873519628957 # mass is shifted in the grid
13      LO    NNPDF30           N4C2-      0.005485110349000496 # mass is shifted in the grid

SLHA file: /Users/rafalmaselek/Projects/CheckMateCalculations/UML/SLHA_FIX/cmssm_2171_1142_5_-1142_-1.slha
Input file: /Users/rafalmaselek/ScienceSoft/EWKfast_LO/input_default.dat
Sort: OFF 
Cut: -1 
Unit: fb 
ScaleVariation: OFF 

mC2 = 1613.87652 is out of range. |mC2| = 1500 was used.
mN3 = -1611.53529 is out of range. |mN3| = 1500 was used.
mN4 = 1612.30224 is out of range. |mN4| = 1500 was used.

-----------------------------------------------------------------------------------------------
!! EWK PROCESS C2N3 NOT FOUND !! WILL TRY TO LOOK FOR +/- MODES !!
XSEC FOUND FOR: C2+N3
XSEC FOUND FOR: C2-N3
!!! THERE IS MASS SHIFTING IN EWKfast --------------------------------------------------------
Energy  Precision  PDF  Process
13      LO    NNPDF30           C1C1       0.5212870843572054 
13      LO    NNPDF30           C1+C2-     6.51593948885405e-05 # mass is shifted in the grid
13      LO    NNPDF30           C1-C2+     6.514933035688506e-05 # mass is shifted in the grid
13      LO    NNPDF30           C2C2       0.0132426243518332 # mass is shifted in the grid
13      LO    NNPDF30           N1N1       0.009664464367358449 
13      LO    NNPDF30           N1N2       0.0011032036113595555 
13      LO    NNPDF30           N1N3       2.183640297812751e-05 # mass is shifted in the grid
13      LO    NNPDF30           N1N4       1.96393323558969e-05 # mass is shifted in the grid
13      LO    NNPDF30           N2N2       0.0060371129062015685 
13      LO    NNPDF30           N2N3       3.721727703024211e-05 # mass is shifted in the grid
13      LO    NNPDF30           N2N4       1.549995420058209e-05 # mass is shifted in the grid
13      LO    NNPDF30           N3N3       1.0268018252494274e-09 # mass is shifted in the grid
13      LO    NNPDF30           N3N4       0.0022772937582737525 # mass is shifted in the grid
13      LO    NNPDF30           N4N4       1.2664276250817916e-08 # mass is shifted in the grid
13      LO    NNPDF30           N1C1+      0.001854701274698401 
13      LO    NNPDF30           N2C1+      0.8136879316017531 
13      LO    NNPDF30           N3C1+      6.882964739867643e-05 # mass is shifted in the grid
13      LO    NNPDF30           N4C1+      4.6621203476134006e-05 # mass is shifted in the grid
13      LO    NNPDF30           N1C1-      0.0006580152186658819 
13      LO    NNPDF30           N2C1-      0.27801889098416266 
13      LO    NNPDF30           N3C1-      2.2801606413376366e-05 # mass is shifted in the grid
13      LO    NNPDF30           N4C1-      1.5304048869189905e-05 # mass is shifted in the grid
13      LO    NNPDF30           N1C2+      0.00014959661980531533 # mass is shifted in the grid
13      LO    NNPDF30           N2C2+      3.511485818305486e-05 # mass is shifted in the grid
13      LO    NNPDF30           N3C2+      0.003203983915655308 # mass is shifted in the grid
13      LO    NNPDF30           N4C2+      0.016318671642009563 # mass is shifted in the grid
13      LO    NNPDF30           N1C2-      5.004995369216636e-05 # mass is shifted in the grid
13      LO    NNPDF30           N2C2-      1.1502902947944544e-05 # mass is shifted in the grid
13      LO    NNPDF30           N3C2-      0.001107873519628957 # mass is shifted in the grid
13      LO    NNPDF30           N4C2-      0.005485110349000496 # mass is shifted in the grid

SLHA file: /Users/rafalmaselek/Projects/CheckMateCalculations/UML/SLHA_FIX/cmssm_2171_1142_5_-1142_-1.slha
Input file: /Users/rafalmaselek/ScienceSoft/EWKfast_LO/input_default.dat
Sort: OFF 
Cut: -1 
Unit: fb 
ScaleVariation: OFF 

mC2 = 1613.87652 is out of range. |mC2| = 1500 was used.
mN3 = -1611.53529 is out of range. |mN3| = 1500 was used.
mN4 = 1612.30224 is out of range. |mN4| = 1500 was used.

-----------------------------------------------------------------------------------------------
!! EWK PROCESS C2N4 NOT FOUND !! WILL TRY TO LOOK FOR +/- MODES !!
XSEC FOUND FOR: C2+N4
XSEC FOUND FOR: C2-N4
!!! THERE IS MASS SHIFTING IN EWKfast --------------------------------------------------------
Energy  Precision  PDF  Process
13      LO    NNPDF30           C1C1       0.5212870843572054 
13      LO    NNPDF30           C1+C2-     6.51593948885405e-05 # mass is shifted in the grid
13      LO    NNPDF30           C1-C2+     6.514933035688506e-05 # mass is shifted in the grid
13      LO    NNPDF30           C2C2       0.0132426243518332 # mass is shifted in the grid
13      LO    NNPDF30           N1N1       0.009664464367358449 
13      LO    NNPDF30           N1N2       0.0011032036113595555 
13      LO    NNPDF30           N1N3       2.183640297812751e-05 # mass is shifted in the grid
13      LO    NNPDF30           N1N4       1.96393323558969e-05 # mass is shifted in the grid
13      LO    NNPDF30           N2N2       0.0060371129062015685 
13      LO    NNPDF30           N2N3       3.721727703024211e-05 # mass is shifted in the grid
13      LO    NNPDF30           N2N4       1.549995420058209e-05 # mass is shifted in the grid
13      LO    NNPDF30           N3N3       1.0268018252494274e-09 # mass is shifted in the grid
13      LO    NNPDF30           N3N4       0.0022772937582737525 # mass is shifted in the grid
13      LO    NNPDF30           N4N4       1.2664276250817916e-08 # mass is shifted in the grid
13      LO    NNPDF30           N1C1+      0.001854701274698401 
13      LO    NNPDF30           N2C1+      0.8136879316017531 
13      LO    NNPDF30           N3C1+      6.882964739867643e-05 # mass is shifted in the grid
13      LO    NNPDF30           N4C1+      4.6621203476134006e-05 # mass is shifted in the grid
13      LO    NNPDF30           N1C1-      0.0006580152186658819 
13      LO    NNPDF30           N2C1-      0.27801889098416266 
13      LO    NNPDF30           N3C1-      2.2801606413376366e-05 # mass is shifted in the grid
13      LO    NNPDF30           N4C1-      1.5304048869189905e-05 # mass is shifted in the grid
13      LO    NNPDF30           N1C2+      0.00014959661980531533 # mass is shifted in the grid
13      LO    NNPDF30           N2C2+      3.511485818305486e-05 # mass is shifted in the grid
13      LO    NNPDF30           N3C2+      0.003203983915655308 # mass is shifted in the grid
13      LO    NNPDF30           N4C2+      0.016318671642009563 # mass is shifted in the grid
13      LO    NNPDF30           N1C2-      5.004995369216636e-05 # mass is shifted in the grid
13      LO    NNPDF30           N2C2-      1.1502902947944544e-05 # mass is shifted in the grid
13      LO    NNPDF30           N3C2-      0.001107873519628957 # mass is shifted in the grid
13      LO    NNPDF30           N4C2-      0.005485110349000496 # mass is shifted in the grid

SLHA file: /Users/rafalmaselek/Projects/CheckMateCalculations/UML/SLHA_FIX/cmssm_2171_1142_5_-1142_-1.slha
Input file: /Users/rafalmaselek/ScienceSoft/EWKfast_LO/input_default.dat
Sort: OFF 
Cut: -1 
Unit: fb 
ScaleVariation: OFF 

mC2 = 1613.87652 is out of range. |mC2| = 1500 was used.
mN3 = -1611.53529 is out of range. |mN3| = 1500 was used.
mN4 = 1612.30224 is out of range. |mN4| = 1500 was used.

-----------------------------------------------------------------------------------------------
!!! THERE IS MASS SHIFTING IN EWKfast --------------------------------------------------------
Energy  Precision  PDF  Process
13      LO    NNPDF30           C1C1       0.5212870843572054 
13      LO    NNPDF30           C1+C2-     6.51593948885405e-05 # mass is shifted in the grid
13      LO    NNPDF30           C1-C2+     6.514933035688506e-05 # mass is shifted in the grid
13      LO    NNPDF30           C2C2       0.0132426243518332 # mass is shifted in the grid
13      LO    NNPDF30           N1N1       0.009664464367358449 
13      LO    NNPDF30           N1N2       0.0011032036113595555 
13      LO    NNPDF30           N1N3       2.183640297812751e-05 # mass is shifted in the grid
13      LO    NNPDF30           N1N4       1.96393323558969e-05 # mass is shifted in the grid
13      LO    NNPDF30           N2N2       0.0060371129062015685 
13      LO    NNPDF30           N2N3       3.721727703024211e-05 # mass is shifted in the grid
13      LO    NNPDF30           N2N4       1.549995420058209e-05 # mass is shifted in the grid
13      LO    NNPDF30           N3N3       1.0268018252494274e-09 # mass is shifted in the grid
13      LO    NNPDF30           N3N4       0.0022772937582737525 # mass is shifted in the grid
13      LO    NNPDF30           N4N4       1.2664276250817916e-08 # mass is shifted in the grid
13      LO    NNPDF30           N1C1+      0.001854701274698401 
13      LO    NNPDF30           N2C1+      0.8136879316017531 
13      LO    NNPDF30           N3C1+      6.882964739867643e-05 # mass is shifted in the grid
13      LO    NNPDF30           N4C1+      4.6621203476134006e-05 # mass is shifted in the grid
13      LO    NNPDF30           N1C1-      0.0006580152186658819 
13      LO    NNPDF30           N2C1-      0.27801889098416266 
13      LO    NNPDF30           N3C1-      2.2801606413376366e-05 # mass is shifted in the grid
13      LO    NNPDF30           N4C1-      1.5304048869189905e-05 # mass is shifted in the grid
13      LO    NNPDF30           N1C2+      0.00014959661980531533 # mass is shifted in the grid
13      LO    NNPDF30           N2C2+      3.511485818305486e-05 # mass is shifted in the grid
13      LO    NNPDF30           N3C2+      0.003203983915655308 # mass is shifted in the grid
13      LO    NNPDF30           N4C2+      0.016318671642009563 # mass is shifted in the grid
13      LO    NNPDF30           N1C2-      5.004995369216636e-05 # mass is shifted in the grid
13      LO    NNPDF30           N2C2-      1.1502902947944544e-05 # mass is shifted in the grid
13      LO    NNPDF30           N3C2-      0.001107873519628957 # mass is shifted in the grid
13      LO    NNPDF30           N4C2-      0.005485110349000496 # mass is shifted in the grid

SLHA file: /Users/rafalmaselek/Projects/CheckMateCalculations/UML/SLHA_FIX/cmssm_2171_1142_5_-1142_-1.slha
Input file: /Users/rafalmaselek/ScienceSoft/EWKfast_LO/input_default.dat
Sort: OFF 
Cut: -1 
Unit: fb 
ScaleVariation: OFF 

mC2 = 1613.87652 is out of range. |mC2| = 1500 was used.
mN3 = -1611.53529 is out of range. |mN3| = 1500 was used.
mN4 = 1612.30224 is out of range. |mN4| = 1500 was used.

-----------------------------------------------------------------------------------------------
!!! THERE IS MASS SHIFTING IN EWKfast --------------------------------------------------------
Energy  Precision  PDF  Process
13      LO    NNPDF30           C1C1       0.5212870843572054 
13      LO    NNPDF30           C1+C2-     6.51593948885405e-05 # mass is shifted in the grid
13      LO    NNPDF30           C1-C2+     6.514933035688506e-05 # mass is shifted in the grid
13      LO    NNPDF30           C2C2       0.0132426243518332 # mass is shifted in the grid
13      LO    NNPDF30           N1N1       0.009664464367358449 
13      LO    NNPDF30           N1N2       0.0011032036113595555 
13      LO    NNPDF30           N1N3       2.183640297812751e-05 # mass is shifted in the grid
13      LO    NNPDF30           N1N4       1.96393323558969e-05 # mass is shifted in the grid
13      LO    NNPDF30           N2N2       0.0060371129062015685 
13      LO    NNPDF30           N2N3       3.721727703024211e-05 # mass is shifted in the grid
13      LO    NNPDF30           N2N4       1.549995420058209e-05 # mass is shifted in the grid
13      LO    NNPDF30           N3N3       1.0268018252494274e-09 # mass is shifted in the grid
13      LO    NNPDF30           N3N4       0.0022772937582737525 # mass is shifted in the grid
13      LO    NNPDF30           N4N4       1.2664276250817916e-08 # mass is shifted in the grid
13      LO    NNPDF30           N1C1+      0.001854701274698401 
13      LO    NNPDF30           N2C1+      0.8136879316017531 
13      LO    NNPDF30           N3C1+      6.882964739867643e-05 # mass is shifted in the grid
13      LO    NNPDF30           N4C1+      4.6621203476134006e-05 # mass is shifted in the grid
13      LO    NNPDF30           N1C1-      0.0006580152186658819 
13      LO    NNPDF30           N2C1-      0.27801889098416266 
13      LO    NNPDF30           N3C1-      2.2801606413376366e-05 # mass is shifted in the grid
13      LO    NNPDF30           N4C1-      1.5304048869189905e-05 # mass is shifted in the grid
13      LO    NNPDF30           N1C2+      0.00014959661980531533 # mass is shifted in the grid
13      LO    NNPDF30           N2C2+      3.511485818305486e-05 # mass is shifted in the grid
13      LO    NNPDF30           N3C2+      0.003203983915655308 # mass is shifted in the grid
13      LO    NNPDF30           N4C2+      0.016318671642009563 # mass is shifted in the grid
13      LO    NNPDF30           N1C2-      5.004995369216636e-05 # mass is shifted in the grid
13      LO    NNPDF30           N2C2-      1.1502902947944544e-05 # mass is shifted in the grid
13      LO    NNPDF30           N3C2-      0.001107873519628957 # mass is shifted in the grid
13      LO    NNPDF30           N4C2-      0.005485110349000496 # mass is shifted in the grid

SLHA file: /Users/rafalmaselek/Projects/CheckMateCalculations/UML/SLHA_FIX/cmssm_2171_1142_5_-1142_-1.slha
Input file: /Users/rafalmaselek/ScienceSoft/EWKfast_LO/input_default.dat
Sort: OFF 
Cut: -1 
Unit: fb 
ScaleVariation: OFF 

mC2 = 1613.87652 is out of range. |mC2| = 1500 was used.
mN3 = -1611.53529 is out of range. |mN3| = 1500 was used.
mN4 = 1612.30224 is out of range. |mN4| = 1500 was used.

-----------------------------------------------------------------------------------------------
!!! THERE IS MASS SHIFTING IN EWKfast --------------------------------------------------------
Energy  Precision  PDF  Process
13      LO    NNPDF30           C1C1       0.5212870843572054 
13      LO    NNPDF30           C1+C2-     6.51593948885405e-05 # mass is shifted in the grid
13      LO    NNPDF30           C1-C2+     6.514933035688506e-05 # mass is shifted in the grid
13      LO    NNPDF30           C2C2       0.0132426243518332 # mass is shifted in the grid
13      LO    NNPDF30           N1N1       0.009664464367358449 
13      LO    NNPDF30           N1N2       0.0011032036113595555 
13      LO    NNPDF30           N1N3       2.183640297812751e-05 # mass is shifted in the grid
13      LO    NNPDF30           N1N4       1.96393323558969e-05 # mass is shifted in the grid
13      LO    NNPDF30           N2N2       0.0060371129062015685 
13      LO    NNPDF30           N2N3       3.721727703024211e-05 # mass is shifted in the grid
13      LO    NNPDF30           N2N4       1.549995420058209e-05 # mass is shifted in the grid
13      LO    NNPDF30           N3N3       1.0268018252494274e-09 # mass is shifted in the grid
13      LO    NNPDF30           N3N4       0.0022772937582737525 # mass is shifted in the grid
13      LO    NNPDF30           N4N4       1.2664276250817916e-08 # mass is shifted in the grid
13      LO    NNPDF30           N1C1+      0.001854701274698401 
13      LO    NNPDF30           N2C1+      0.8136879316017531 
13      LO    NNPDF30           N3C1+      6.882964739867643e-05 # mass is shifted in the grid
13      LO    NNPDF30           N4C1+      4.6621203476134006e-05 # mass is shifted in the grid
13      LO    NNPDF30           N1C1-      0.0006580152186658819 
13      LO    NNPDF30           N2C1-      0.27801889098416266 
13      LO    NNPDF30           N3C1-      2.2801606413376366e-05 # mass is shifted in the grid
13      LO    NNPDF30           N4C1-      1.5304048869189905e-05 # mass is shifted in the grid
13      LO    NNPDF30           N1C2+      0.00014959661980531533 # mass is shifted in the grid
13      LO    NNPDF30           N2C2+      3.511485818305486e-05 # mass is shifted in the grid
13      LO    NNPDF30           N3C2+      0.003203983915655308 # mass is shifted in the grid
13      LO    NNPDF30           N4C2+      0.016318671642009563 # mass is shifted in the grid
13      LO    NNPDF30           N1C2-      5.004995369216636e-05 # mass is shifted in the grid
13      LO    NNPDF30           N2C2-      1.1502902947944544e-05 # mass is shifted in the grid
13      LO    NNPDF30           N3C2-      0.001107873519628957 # mass is shifted in the grid
13      LO    NNPDF30           N4C2-      0.005485110349000496 # mass is shifted in the grid

SLHA file: /Users/rafalmaselek/Projects/CheckMateCalculations/UML/SLHA_FIX/cmssm_2171_1142_5_-1142_-1.slha
Input file: /Users/rafalmaselek/ScienceSoft/EWKfast_LO/input_default.dat
Sort: OFF 
Cut: -1 
Unit: fb 
ScaleVariation: OFF 

mC2 = 1613.87652 is out of range. |mC2| = 1500 was used.
mN3 = -1611.53529 is out of range. |mN3| = 1500 was used.
mN4 = 1612.30224 is out of range. |mN4| = 1500 was used.

-----------------------------------------------------------------------------------------------
!!! THERE IS MASS SHIFTING IN EWKfast --------------------------------------------------------
Energy  Precision  PDF  Process
13      LO    NNPDF30           C1C1       0.5212870843572054 
13      LO    NNPDF30           C1+C2-     6.51593948885405e-05 # mass is shifted in the grid
13      LO    NNPDF30           C1-C2+     6.514933035688506e-05 # mass is shifted in the grid
13      LO    NNPDF30           C2C2       0.0132426243518332 # mass is shifted in the grid
13      LO    NNPDF30           N1N1       0.009664464367358449 
13      LO    NNPDF30           N1N2       0.0011032036113595555 
13      LO    NNPDF30           N1N3       2.183640297812751e-05 # mass is shifted in the grid
13      LO    NNPDF30           N1N4       1.96393323558969e-05 # mass is shifted in the grid
13      LO    NNPDF30           N2N2       0.0060371129062015685 
13      LO    NNPDF30           N2N3       3.721727703024211e-05 # mass is shifted in the grid
13      LO    NNPDF30           N2N4       1.549995420058209e-05 # mass is shifted in the grid
13      LO    NNPDF30           N3N3       1.0268018252494274e-09 # mass is shifted in the grid
13      LO    NNPDF30           N3N4       0.0022772937582737525 # mass is shifted in the grid
13      LO    NNPDF30           N4N4       1.2664276250817916e-08 # mass is shifted in the grid
13      LO    NNPDF30           N1C1+      0.001854701274698401 
13      LO    NNPDF30           N2C1+      0.8136879316017531 
13      LO    NNPDF30           N3C1+      6.882964739867643e-05 # mass is shifted in the grid
13      LO    NNPDF30           N4C1+      4.6621203476134006e-05 # mass is shifted in the grid
13      LO    NNPDF30           N1C1-      0.0006580152186658819 
13      LO    NNPDF30           N2C1-      0.27801889098416266 
13      LO    NNPDF30           N3C1-      2.2801606413376366e-05 # mass is shifted in the grid
13      LO    NNPDF30           N4C1-      1.5304048869189905e-05 # mass is shifted in the grid
13      LO    NNPDF30           N1C2+      0.00014959661980531533 # mass is shifted in the grid
13      LO    NNPDF30           N2C2+      3.511485818305486e-05 # mass is shifted in the grid
13      LO    NNPDF30           N3C2+      0.003203983915655308 # mass is shifted in the grid
13      LO    NNPDF30           N4C2+      0.016318671642009563 # mass is shifted in the grid
13      LO    NNPDF30           N1C2-      5.004995369216636e-05 # mass is shifted in the grid
13      LO    NNPDF30           N2C2-      1.1502902947944544e-05 # mass is shifted in the grid
13      LO    NNPDF30           N3C2-      0.001107873519628957 # mass is shifted in the grid
13      LO    NNPDF30           N4C2-      0.005485110349000496 # mass is shifted in the grid

SLHA file: /Users/rafalmaselek/Projects/CheckMateCalculations/UML/SLHA_FIX/cmssm_2171_1142_5_-1142_-1.slha
Input file: /Users/rafalmaselek/ScienceSoft/EWKfast_LO/input_default.dat
Sort: OFF 
Cut: -1 
Unit: fb 
ScaleVariation: OFF 

mC2 = 1613.87652 is out of range. |mC2| = 1500 was used.
mN3 = -1611.53529 is out of range. |mN3| = 1500 was used.
mN4 = 1612.30224 is out of range. |mN4| = 1500 was used.

-----------------------------------------------------------------------------------------------
!!! THERE IS MASS SHIFTING IN EWKfast --------------------------------------------------------
Energy  Precision  PDF  Process
13      LO    NNPDF30           C1C1       0.5212870843572054 
13      LO    NNPDF30           C1+C2-     6.51593948885405e-05 # mass is shifted in the grid
13      LO    NNPDF30           C1-C2+     6.514933035688506e-05 # mass is shifted in the grid
13      LO    NNPDF30           C2C2       0.0132426243518332 # mass is shifted in the grid
13      LO    NNPDF30           N1N1       0.009664464367358449 
13      LO    NNPDF30           N1N2       0.0011032036113595555 
13      LO    NNPDF30           N1N3       2.183640297812751e-05 # mass is shifted in the grid
13      LO    NNPDF30           N1N4       1.96393323558969e-05 # mass is shifted in the grid
13      LO    NNPDF30           N2N2       0.0060371129062015685 
13      LO    NNPDF30           N2N3       3.721727703024211e-05 # mass is shifted in the grid
13      LO    NNPDF30           N2N4       1.549995420058209e-05 # mass is shifted in the grid
13      LO    NNPDF30           N3N3       1.0268018252494274e-09 # mass is shifted in the grid
13      LO    NNPDF30           N3N4       0.0022772937582737525 # mass is shifted in the grid
13      LO    NNPDF30           N4N4       1.2664276250817916e-08 # mass is shifted in the grid
13      LO    NNPDF30           N1C1+      0.001854701274698401 
13      LO    NNPDF30           N2C1+      0.8136879316017531 
13      LO    NNPDF30           N3C1+      6.882964739867643e-05 # mass is shifted in the grid
13      LO    NNPDF30           N4C1+      4.6621203476134006e-05 # mass is shifted in the grid
13      LO    NNPDF30           N1C1-      0.0006580152186658819 
13      LO    NNPDF30           N2C1-      0.27801889098416266 
13      LO    NNPDF30           N3C1-      2.2801606413376366e-05 # mass is shifted in the grid
13      LO    NNPDF30           N4C1-      1.5304048869189905e-05 # mass is shifted in the grid
13      LO    NNPDF30           N1C2+      0.00014959661980531533 # mass is shifted in the grid
13      LO    NNPDF30           N2C2+      3.511485818305486e-05 # mass is shifted in the grid
13      LO    NNPDF30           N3C2+      0.003203983915655308 # mass is shifted in the grid
13      LO    NNPDF30           N4C2+      0.016318671642009563 # mass is shifted in the grid
13      LO    NNPDF30           N1C2-      5.004995369216636e-05 # mass is shifted in the grid
13      LO    NNPDF30           N2C2-      1.1502902947944544e-05 # mass is shifted in the grid
13      LO    NNPDF30           N3C2-      0.001107873519628957 # mass is shifted in the grid
13      LO    NNPDF30           N4C2-      0.005485110349000496 # mass is shifted in the grid

SLHA file: /Users/rafalmaselek/Projects/CheckMateCalculations/UML/SLHA_FIX/cmssm_2171_1142_5_-1142_-1.slha
Input file: /Users/rafalmaselek/ScienceSoft/EWKfast_LO/input_default.dat
Sort: OFF 
Cut: -1 
Unit: fb 
ScaleVariation: OFF 

mC2 = 1613.87652 is out of range. |mC2| = 1500 was used.
mN3 = -1611.53529 is out of range. |mN3| = 1500 was used.
mN4 = 1612.30224 is out of range. |mN4| = 1500 was used.

-----------------------------------------------------------------------------------------------
!!! THERE IS MASS SHIFTING IN EWKfast --------------------------------------------------------
Energy  Precision  PDF  Process
13      LO    NNPDF30           C1C1       0.5212870843572054 
13      LO    NNPDF30           C1+C2-     6.51593948885405e-05 # mass is shifted in the grid
13      LO    NNPDF30           C1-C2+     6.514933035688506e-05 # mass is shifted in the grid
13      LO    NNPDF30           C2C2       0.0132426243518332 # mass is shifted in the grid
13      LO    NNPDF30           N1N1       0.009664464367358449 
13      LO    NNPDF30           N1N2       0.0011032036113595555 
13      LO    NNPDF30           N1N3       2.183640297812751e-05 # mass is shifted in the grid
13      LO    NNPDF30           N1N4       1.96393323558969e-05 # mass is shifted in the grid
13      LO    NNPDF30           N2N2       0.0060371129062015685 
13      LO    NNPDF30           N2N3       3.721727703024211e-05 # mass is shifted in the grid
13      LO    NNPDF30           N2N4       1.549995420058209e-05 # mass is shifted in the grid
13      LO    NNPDF30           N3N3       1.0268018252494274e-09 # mass is shifted in the grid
13      LO    NNPDF30           N3N4       0.0022772937582737525 # mass is shifted in the grid
13      LO    NNPDF30           N4N4       1.2664276250817916e-08 # mass is shifted in the grid
13      LO    NNPDF30           N1C1+      0.001854701274698401 
13      LO    NNPDF30           N2C1+      0.8136879316017531 
13      LO    NNPDF30           N3C1+      6.882964739867643e-05 # mass is shifted in the grid
13      LO    NNPDF30           N4C1+      4.6621203476134006e-05 # mass is shifted in the grid
13      LO    NNPDF30           N1C1-      0.0006580152186658819 
13      LO    NNPDF30           N2C1-      0.27801889098416266 
13      LO    NNPDF30           N3C1-      2.2801606413376366e-05 # mass is shifted in the grid
13      LO    NNPDF30           N4C1-      1.5304048869189905e-05 # mass is shifted in the grid
13      LO    NNPDF30           N1C2+      0.00014959661980531533 # mass is shifted in the grid
13      LO    NNPDF30           N2C2+      3.511485818305486e-05 # mass is shifted in the grid
13      LO    NNPDF30           N3C2+      0.003203983915655308 # mass is shifted in the grid
13      LO    NNPDF30           N4C2+      0.016318671642009563 # mass is shifted in the grid
13      LO    NNPDF30           N1C2-      5.004995369216636e-05 # mass is shifted in the grid
13      LO    NNPDF30           N2C2-      1.1502902947944544e-05 # mass is shifted in the grid
13      LO    NNPDF30           N3C2-      0.001107873519628957 # mass is shifted in the grid
13      LO    NNPDF30           N4C2-      0.005485110349000496 # mass is shifted in the grid

SLHA file: /Users/rafalmaselek/Projects/CheckMateCalculations/UML/SLHA_FIX/cmssm_2171_1142_5_-1142_-1.slha
Input file: /Users/rafalmaselek/ScienceSoft/EWKfast_LO/input_default.dat
Sort: OFF 
Cut: -1 
Unit: fb 
ScaleVariation: OFF 

mC2 = 1613.87652 is out of range. |mC2| = 1500 was used.
mN3 = -1611.53529 is out of range. |mN3| = 1500 was used.
mN4 = 1612.30224 is out of range. |mN4| = 1500 was used.

-----------------------------------------------------------------------------------------------
!!! THERE IS MASS SHIFTING IN EWKfast --------------------------------------------------------
Energy  Precision  PDF  Process
13      LO    NNPDF30           C1C1       0.5212870843572054 
13      LO    NNPDF30           C1+C2-     6.51593948885405e-05 # mass is shifted in the grid
13      LO    NNPDF30           C1-C2+     6.514933035688506e-05 # mass is shifted in the grid
13      LO    NNPDF30           C2C2       0.0132426243518332 # mass is shifted in the grid
13      LO    NNPDF30           N1N1       0.009664464367358449 
13      LO    NNPDF30           N1N2       0.0011032036113595555 
13      LO    NNPDF30           N1N3       2.183640297812751e-05 # mass is shifted in the grid
13      LO    NNPDF30           N1N4       1.96393323558969e-05 # mass is shifted in the grid
13      LO    NNPDF30           N2N2       0.0060371129062015685 
13      LO    NNPDF30           N2N3       3.721727703024211e-05 # mass is shifted in the grid
13      LO    NNPDF30           N2N4       1.549995420058209e-05 # mass is shifted in the grid
13      LO    NNPDF30           N3N3       1.0268018252494274e-09 # mass is shifted in the grid
13      LO    NNPDF30           N3N4       0.0022772937582737525 # mass is shifted in the grid
13      LO    NNPDF30           N4N4       1.2664276250817916e-08 # mass is shifted in the grid
13      LO    NNPDF30           N1C1+      0.001854701274698401 
13      LO    NNPDF30           N2C1+      0.8136879316017531 
13      LO    NNPDF30           N3C1+      6.882964739867643e-05 # mass is shifted in the grid
13      LO    NNPDF30           N4C1+      4.6621203476134006e-05 # mass is shifted in the grid
13      LO    NNPDF30           N1C1-      0.0006580152186658819 
13      LO    NNPDF30           N2C1-      0.27801889098416266 
13      LO    NNPDF30           N3C1-      2.2801606413376366e-05 # mass is shifted in the grid
13      LO    NNPDF30           N4C1-      1.5304048869189905e-05 # mass is shifted in the grid
13      LO    NNPDF30           N1C2+      0.00014959661980531533 # mass is shifted in the grid
13      LO    NNPDF30           N2C2+      3.511485818305486e-05 # mass is shifted in the grid
13      LO    NNPDF30           N3C2+      0.003203983915655308 # mass is shifted in the grid
13      LO    NNPDF30           N4C2+      0.016318671642009563 # mass is shifted in the grid
13      LO    NNPDF30           N1C2-      5.004995369216636e-05 # mass is shifted in the grid
13      LO    NNPDF30           N2C2-      1.1502902947944544e-05 # mass is shifted in the grid
13      LO    NNPDF30           N3C2-      0.001107873519628957 # mass is shifted in the grid
13      LO    NNPDF30           N4C2-      0.005485110349000496 # mass is shifted in the grid

SLHA file: /Users/rafalmaselek/Projects/CheckMateCalculations/UML/SLHA_FIX/cmssm_2171_1142_5_-1142_-1.slha
Input file: /Users/rafalmaselek/ScienceSoft/EWKfast_LO/input_default.dat
Sort: OFF 
Cut: -1 
Unit: fb 
ScaleVariation: OFF 

mC2 = 1613.87652 is out of range. |mC2| = 1500 was used.
mN3 = -1611.53529 is out of range. |mN3| = 1500 was used.
mN4 = 1612.30224 is out of range. |mN4| = 1500 was used.

-----------------------------------------------------------------------------------------------
!!! THERE IS MASS SHIFTING IN EWKfast --------------------------------------------------------
Energy  Precision  PDF  Process
13      LO    NNPDF30           C1C1       0.5212870843572054 
13      LO    NNPDF30           C1+C2-     6.51593948885405e-05 # mass is shifted in the grid
13      LO    NNPDF30           C1-C2+     6.514933035688506e-05 # mass is shifted in the grid
13      LO    NNPDF30           C2C2       0.0132426243518332 # mass is shifted in the grid
13      LO    NNPDF30           N1N1       0.009664464367358449 
13      LO    NNPDF30           N1N2       0.0011032036113595555 
13      LO    NNPDF30           N1N3       2.183640297812751e-05 # mass is shifted in the grid
13      LO    NNPDF30           N1N4       1.96393323558969e-05 # mass is shifted in the grid
13      LO    NNPDF30           N2N2       0.0060371129062015685 
13      LO    NNPDF30           N2N3       3.721727703024211e-05 # mass is shifted in the grid
13      LO    NNPDF30           N2N4       1.549995420058209e-05 # mass is shifted in the grid
13      LO    NNPDF30           N3N3       1.0268018252494274e-09 # mass is shifted in the grid
13      LO    NNPDF30           N3N4       0.0022772937582737525 # mass is shifted in the grid
13      LO    NNPDF30           N4N4       1.2664276250817916e-08 # mass is shifted in the grid
13      LO    NNPDF30           N1C1+      0.001854701274698401 
13      LO    NNPDF30           N2C1+      0.8136879316017531 
13      LO    NNPDF30           N3C1+      6.882964739867643e-05 # mass is shifted in the grid
13      LO    NNPDF30           N4C1+      4.6621203476134006e-05 # mass is shifted in the grid
13      LO    NNPDF30           N1C1-      0.0006580152186658819 
13      LO    NNPDF30           N2C1-      0.27801889098416266 
13      LO    NNPDF30           N3C1-      2.2801606413376366e-05 # mass is shifted in the grid
13      LO    NNPDF30           N4C1-      1.5304048869189905e-05 # mass is shifted in the grid
13      LO    NNPDF30           N1C2+      0.00014959661980531533 # mass is shifted in the grid
13      LO    NNPDF30           N2C2+      3.511485818305486e-05 # mass is shifted in the grid
13      LO    NNPDF30           N3C2+      0.003203983915655308 # mass is shifted in the grid
13      LO    NNPDF30           N4C2+      0.016318671642009563 # mass is shifted in the grid
13      LO    NNPDF30           N1C2-      5.004995369216636e-05 # mass is shifted in the grid
13      LO    NNPDF30           N2C2-      1.1502902947944544e-05 # mass is shifted in the grid
13      LO    NNPDF30           N3C2-      0.001107873519628957 # mass is shifted in the grid
13      LO    NNPDF30           N4C2-      0.005485110349000496 # mass is shifted in the grid

SLHA file: /Users/rafalmaselek/Projects/CheckMateCalculations/UML/SLHA_FIX/cmssm_2171_1142_5_-1142_-1.slha
Input file: /Users/rafalmaselek/ScienceSoft/EWKfast_LO/input_default.dat
Sort: OFF 
Cut: -1 
Unit: fb 
ScaleVariation: OFF 

mC2 = 1613.87652 is out of range. |mC2| = 1500 was used.
mN3 = -1611.53529 is out of range. |mN3| = 1500 was used.
mN4 = 1612.30224 is out of range. |mN4| = 1500 was used.

-----------------------------------------------------------------------------------------------
!!! THERE IS MASS SHIFTING IN EWKfast --------------------------------------------------------
Energy  Precision  PDF  Process
13      LO    NNPDF30           C1C1       0.5212870843572054 
13      LO    NNPDF30           C1+C2-     6.51593948885405e-05 # mass is shifted in the grid
13      LO    NNPDF30           C1-C2+     6.514933035688506e-05 # mass is shifted in the grid
13      LO    NNPDF30           C2C2       0.0132426243518332 # mass is shifted in the grid
13      LO    NNPDF30           N1N1       0.009664464367358449 
13      LO    NNPDF30           N1N2       0.0011032036113595555 
13      LO    NNPDF30           N1N3       2.183640297812751e-05 # mass is shifted in the grid
13      LO    NNPDF30           N1N4       1.96393323558969e-05 # mass is shifted in the grid
13      LO    NNPDF30           N2N2       0.0060371129062015685 
13      LO    NNPDF30           N2N3       3.721727703024211e-05 # mass is shifted in the grid
13      LO    NNPDF30           N2N4       1.549995420058209e-05 # mass is shifted in the grid
13      LO    NNPDF30           N3N3       1.0268018252494274e-09 # mass is shifted in the grid
13      LO    NNPDF30           N3N4       0.0022772937582737525 # mass is shifted in the grid
13      LO    NNPDF30           N4N4       1.2664276250817916e-08 # mass is shifted in the grid
13      LO    NNPDF30           N1C1+      0.001854701274698401 
13      LO    NNPDF30           N2C1+      0.8136879316017531 
13      LO    NNPDF30           N3C1+      6.882964739867643e-05 # mass is shifted in the grid
13      LO    NNPDF30           N4C1+      4.6621203476134006e-05 # mass is shifted in the grid
13      LO    NNPDF30           N1C1-      0.0006580152186658819 
13      LO    NNPDF30           N2C1-      0.27801889098416266 
13      LO    NNPDF30           N3C1-      2.2801606413376366e-05 # mass is shifted in the grid
13      LO    NNPDF30           N4C1-      1.5304048869189905e-05 # mass is shifted in the grid
13      LO    NNPDF30           N1C2+      0.00014959661980531533 # mass is shifted in the grid
13      LO    NNPDF30           N2C2+      3.511485818305486e-05 # mass is shifted in the grid
13      LO    NNPDF30           N3C2+      0.003203983915655308 # mass is shifted in the grid
13      LO    NNPDF30           N4C2+      0.016318671642009563 # mass is shifted in the grid
13      LO    NNPDF30           N1C2-      5.004995369216636e-05 # mass is shifted in the grid
13      LO    NNPDF30           N2C2-      1.1502902947944544e-05 # mass is shifted in the grid
13      LO    NNPDF30           N3C2-      0.001107873519628957 # mass is shifted in the grid
13      LO    NNPDF30           N4C2-      0.005485110349000496 # mass is shifted in the grid

SLHA file: /Users/rafalmaselek/Projects/CheckMateCalculations/UML/SLHA_FIX/cmssm_2171_1142_5_-1142_-1.slha
Input file: /Users/rafalmaselek/ScienceSoft/EWKfast_LO/input_default.dat
Sort: OFF 
Cut: -1 
Unit: fb 
ScaleVariation: OFF 

mC2 = 1613.87652 is out of range. |mC2| = 1500 was used.
mN3 = -1611.53529 is out of range. |mN3| = 1500 was used.
mN4 = 1612.30224 is out of range. |mN4| = 1500 was used.

-----------------------------------------------------------------------------------------------

!! Masses incompatible with the data for B2B2 !!

!! Problem with reading tables for B2 B2 !! Probably mass outside the table !! Setting xsec to 10^-20 !!
---------------  Output inclusive processes  ---------------
The total xsec = 1738.14 [fb]
The total rate = 100.00%
Output upto 0.10%
                      Modes : xsec/fb      (rate)
                C1wN1_N2zN1 : 921.1296599 (53.00)%
                C1wN1_C1wN1 : 521.2870844 (29.99)%
                C1wN1_N2hN1 : 170.5771626 (9.81)%
                      N1_N1 : 9.6644644 (0.56)%
                N2zN1_N2zN1 : 4.2979245 (0.25)%
          C2hC1wN1_N4wC1wN1 : 3.7213413 (0.21)%
          C2zC1wN1_N4wC1wN1 : 3.3533394 (0.19)%
          C2wN2zN1_N4wC1wN1 : 2.7643341 (0.16)%
                   C1wN1_N1 : 2.5127165 (0.14)%
          C2hC1wN1_C2zC1wN1 : 2.3159378 (0.13)%
          C2hC1wN1_C2wN2zN1 : 1.9091494 (0.11)%
GtT1bC2hC1wN1_GtT1tN3wC1wN1 : 1.8113126 (0.10)%
          C2wN2zN1_C2zC1wN1 : 1.7203544 (0.10)%
------------------------------------------------------------
                                          SUM=94.76%

SHOWING PROCESSES TO GET 90.00% SUSY COVERAGE
---------------  Output inclusive processes  ---------------
The total xsec = 1738.14 [fb]
The total rate = 100.00%
      Modes : xsec/fb      (rate)
C1wN1_N2zN1 : 921.1296599 (53.00)%
C1wN1_C1wN1 : 521.2870844 (29.99)%
C1wN1_N2hN1 : 170.5771626 (9.81)%
------------------------------------------------------------
                          SUM=92.80%
