/Users/rafalmaselek/Projects/fastlim-1.0
 
#################################################################
#                                                               #
#                                                               #
#                     This is Fastlim  ver. 1.0                 #
#                                                               #
#          A fast LHC limit calculator for BSM models.          #
#                                                               #
#                  http://cern.ch/fastlim-1.0/                  #
#                                                               #
#  for bugs/feature requests: fastlim-1.0.developers@gmail.com  #
#                                                               #
#    please refer to:                                           #
#    M.Papucci, K.Sakurai, A.Weiler, L.Zeune arXiv:1402.xxxx    #
#                                                               #
#################################################################
 

!! Masses incompatible with the data for ERER !!

!! Problem with reading tables for ER ER !! Probably mass outside the table !! Setting xsec to 10^-20 !!

!! Masses incompatible with the data for ELEL !!

!! Problem with reading tables for EL EL !! Probably mass outside the table !! Setting xsec to 10^-20 !!

!! Masses incompatible with the data for TAU1TAU1 !!

!! Problem with reading tables for TAU1 TAU1 !! Probably mass outside the table !! Setting xsec to 10^-20 !!

!! Masses incompatible with the data for TAU2TAU2 !!

!! Problem with reading tables for TAU2 TAU2 !! Probably mass outside the table !! Setting xsec to 10^-20 !!
!! EWK PROCESS C1C2 NOT FOUND !! WILL TRY TO LOOK FOR +/- MODES !!
XSEC FOUND FOR: C1-C2+
XSEC FOUND FOR: C1+C2-
!! EWK PROCESS C1N1 NOT FOUND !! WILL TRY TO LOOK FOR +/- MODES !!
XSEC FOUND FOR: C1+N1
XSEC FOUND FOR: C1-N1
!! EWK PROCESS C1N2 NOT FOUND !! WILL TRY TO LOOK FOR +/- MODES !!
XSEC FOUND FOR: C1+N2
XSEC FOUND FOR: C1-N2
!! EWK PROCESS C1N3 NOT FOUND !! WILL TRY TO LOOK FOR +/- MODES !!
XSEC FOUND FOR: C1+N3
XSEC FOUND FOR: C1-N3
!! EWK PROCESS C1N4 NOT FOUND !! WILL TRY TO LOOK FOR +/- MODES !!
XSEC FOUND FOR: C1+N4
XSEC FOUND FOR: C1-N4
!! EWK PROCESS C2N1 NOT FOUND !! WILL TRY TO LOOK FOR +/- MODES !!
XSEC FOUND FOR: C2+N1
XSEC FOUND FOR: C2-N1
!! EWK PROCESS C2N2 NOT FOUND !! WILL TRY TO LOOK FOR +/- MODES !!
XSEC FOUND FOR: C2+N2
XSEC FOUND FOR: C2-N2
!! EWK PROCESS C2N3 NOT FOUND !! WILL TRY TO LOOK FOR +/- MODES !!
XSEC FOUND FOR: C2+N3
XSEC FOUND FOR: C2-N3
!! EWK PROCESS C2N4 NOT FOUND !! WILL TRY TO LOOK FOR +/- MODES !!
XSEC FOUND FOR: C2+N4
XSEC FOUND FOR: C2-N4
---------------  Output inclusive processes  ---------------
The total xsec = 5890.83 [fb]
The total rate = 100.00%
Output upto 0.10%
                Modes : xsec/fb      (rate)
          C1wN1_N2zN1 : 1435.8632617 (24.37)%
          C1wN1_C1wN1 : 833.4183571 (14.15)%
      QqC1wN1_QqC1wN1 : 756.6868213 (12.85)%
      QqC1wN1_QqN2zN1 : 648.0516635 (11.00)%
          C1wN1_N2hN1 : 246.4314329 (4.18)%
      QqN2zN1_QqN2zN1 : 138.7532288 (2.36)%
   GtT1bC1wN1_QqC1wN1 : 130.5213046 (2.22)%
      GtT1tN1_QqC1wN1 : 124.1789652 (2.11)%
      QqC1wN1_QqN2hN1 : 111.2224989 (1.89)%
   GtT1bC1wN1_QqN2zN1 : 55.8913848 (0.95)%
      GtT1tN1_QqN2zN1 : 53.1754900 (0.90)%
   GtT1tN2zN1_QqC1wN1 : 52.6575674 (0.89)%
      QqN2hN1_QqN2zN1 : 47.6273165 (0.81)%
GtT1bC2hC1wN1_QqC1wN1 : 41.6515460 (0.71)%
       GqQqN1_QqC1wN1 : 39.8989510 (0.68)%
GtT1bC2zC1wN1_QqC1wN1 : 38.2515143 (0.65)%
         QqC1wN1_QqN1 : 33.2393389 (0.56)%
GtT1bC2wN2zN1_QqC1wN1 : 31.9865995 (0.54)%
                N1_N1 : 30.4912548 (0.52)%
   GbB1tC1wN1_QqC1wN1 : 29.8925403 (0.51)%
   GtT1tN2zN1_QqN2zN1 : 22.5488427 (0.38)%
GtT1tN3wC1wN1_QqC1wN1 : 19.9704776 (0.34)%
GbB1tC2hC1wN1_QqC1wN1 : 17.9283698 (0.30)%
GtT1bC2hC1wN1_QqN2zN1 : 17.8358820 (0.30)%
   GtT1bC2wN1_QqC1wN1 : 17.8193238 (0.30)%
       GqQqN1_QqN2zN1 : 17.0853917 (0.29)%
GbB1tC2zC1wN1_QqC1wN1 : 16.4648701 (0.28)%
GtT1bC2zC1wN1_QqN2zN1 : 16.3799321 (0.28)%
       T1bC1wN1_T1tN1 : 16.3501309 (0.28)%
          N2zN1_N2zN1 : 14.4038183 (0.24)%
         QqN1_QqN2zN1 : 14.2336355 (0.24)%
GbB1tC2wN2zN1_QqC1wN1 : 13.7682185 (0.23)%
GtT1bC2wN2zN1_QqN2zN1 : 13.6971918 (0.23)%
   GbB1bN2zN1_QqC1wN1 : 13.1577374 (0.22)%
   GbB1tC1wN1_QqN2zN1 : 12.8004810 (0.22)%
GtT2tN4wC1wN1_QqC1wN1 : 12.5567705 (0.21)%
   GtT2bC1wN1_QqC1wN1 : 12.1475771 (0.21)%
GtT2hT1bC1wN1_QqC1wN1 : 11.5564693 (0.20)%
   GtT2hT1tN1_QqC1wN1 : 10.9949131 (0.19)%
   GtT1bC1wN1_QqN2hN1 : 9.5924134 (0.16)%
      GbB2bN1_QqC1wN1 : 9.1430081 (0.16)%
      GtT1tN1_QqN2hN1 : 9.1262953 (0.15)%
   GtT1tN2hN1_QqC1wN1 : 9.0374064 (0.15)%
    T1bC1wN1_T1bC1wN1 : 8.5926003 (0.15)%
GtT1tN3wC1wN1_QqN2zN1 : 8.5516893 (0.15)%
GtT2tN3wC1wN1_QqC1wN1 : 8.4351699 (0.14)%
             C1wN1_N1 : 8.4097126 (0.14)%
          T1tN1_T1tN1 : 7.7778197 (0.13)%
GbB1tC2hC1wN1_QqN2zN1 : 7.6772250 (0.13)%
   GbB1tC2wN1_QqC1wN1 : 7.6700977 (0.13)%
   GtT1bC2wN1_QqN2zN1 : 7.6305296 (0.13)%
GtT1tN3zN2zN1_QqC1wN1 : 7.3304592 (0.12)%
GbB1tC2zC1wN1_QqN2zN1 : 7.0505301 (0.12)%
    T1bC1wN1_T1tN2zN1 : 6.9332042 (0.12)%
       T1tN1_T1tN2zN1 : 6.5963034 (0.11)%
GbB1tC2wN2zN1_QqN2zN1 : 5.8957792 (0.10)%
   GtT1bC1wN1_GtT1tN1 : 5.8481250 (0.10)%
------------------------------------------------------------
                                    SUM=90.19%

SHOWING PROCESSES TO GET 90.00% SUSY COVERAGE
---------------  Output inclusive processes  ---------------
The total xsec = 5890.83 [fb]
The total rate = 100.00%
                Modes : xsec/fb      (rate)
          C1wN1_N2zN1 : 1435.8632617 (24.37)%
          C1wN1_C1wN1 : 833.4183571 (14.15)%
      QqC1wN1_QqC1wN1 : 756.6868213 (12.85)%
      QqC1wN1_QqN2zN1 : 648.0516635 (11.00)%
          C1wN1_N2hN1 : 246.4314329 (4.18)%
      QqN2zN1_QqN2zN1 : 138.7532288 (2.36)%
   GtT1bC1wN1_QqC1wN1 : 130.5213046 (2.22)%
      GtT1tN1_QqC1wN1 : 124.1789652 (2.11)%
      QqC1wN1_QqN2hN1 : 111.2224989 (1.89)%
   GtT1bC1wN1_QqN2zN1 : 55.8913848 (0.95)%
      GtT1tN1_QqN2zN1 : 53.1754900 (0.90)%
   GtT1tN2zN1_QqC1wN1 : 52.6575674 (0.89)%
      QqN2hN1_QqN2zN1 : 47.6273165 (0.81)%
GtT1bC2hC1wN1_QqC1wN1 : 41.6515460 (0.71)%
       GqQqN1_QqC1wN1 : 39.8989510 (0.68)%
GtT1bC2zC1wN1_QqC1wN1 : 38.2515143 (0.65)%
         QqC1wN1_QqN1 : 33.2393389 (0.56)%
GtT1bC2wN2zN1_QqC1wN1 : 31.9865995 (0.54)%
                N1_N1 : 30.4912548 (0.52)%
   GbB1tC1wN1_QqC1wN1 : 29.8925403 (0.51)%
   GtT1tN2zN1_QqN2zN1 : 22.5488427 (0.38)%
GtT1tN3wC1wN1_QqC1wN1 : 19.9704776 (0.34)%
GbB1tC2hC1wN1_QqC1wN1 : 17.9283698 (0.30)%
GtT1bC2hC1wN1_QqN2zN1 : 17.8358820 (0.30)%
   GtT1bC2wN1_QqC1wN1 : 17.8193238 (0.30)%
       GqQqN1_QqN2zN1 : 17.0853917 (0.29)%
GbB1tC2zC1wN1_QqC1wN1 : 16.4648701 (0.28)%
GtT1bC2zC1wN1_QqN2zN1 : 16.3799321 (0.28)%
       T1bC1wN1_T1tN1 : 16.3501309 (0.28)%
          N2zN1_N2zN1 : 14.4038183 (0.24)%
         QqN1_QqN2zN1 : 14.2336355 (0.24)%
GbB1tC2wN2zN1_QqC1wN1 : 13.7682185 (0.23)%
GtT1bC2wN2zN1_QqN2zN1 : 13.6971918 (0.23)%
   GbB1bN2zN1_QqC1wN1 : 13.1577374 (0.22)%
   GbB1tC1wN1_QqN2zN1 : 12.8004810 (0.22)%
GtT2tN4wC1wN1_QqC1wN1 : 12.5567705 (0.21)%
   GtT2bC1wN1_QqC1wN1 : 12.1475771 (0.21)%
GtT2hT1bC1wN1_QqC1wN1 : 11.5564693 (0.20)%
   GtT2hT1tN1_QqC1wN1 : 10.9949131 (0.19)%
   GtT1bC1wN1_QqN2hN1 : 9.5924134 (0.16)%
      GbB2bN1_QqC1wN1 : 9.1430081 (0.16)%
      GtT1tN1_QqN2hN1 : 9.1262953 (0.15)%
   GtT1tN2hN1_QqC1wN1 : 9.0374064 (0.15)%
    T1bC1wN1_T1bC1wN1 : 8.5926003 (0.15)%
GtT1tN3wC1wN1_QqN2zN1 : 8.5516893 (0.15)%
GtT2tN3wC1wN1_QqC1wN1 : 8.4351699 (0.14)%
             C1wN1_N1 : 8.4097126 (0.14)%
          T1tN1_T1tN1 : 7.7778197 (0.13)%
GbB1tC2hC1wN1_QqN2zN1 : 7.6772250 (0.13)%
   GbB1tC2wN1_QqC1wN1 : 7.6700977 (0.13)%
   GtT1bC2wN1_QqN2zN1 : 7.6305296 (0.13)%
GtT1tN3zN2zN1_QqC1wN1 : 7.3304592 (0.12)%
GbB1tC2zC1wN1_QqN2zN1 : 7.0505301 (0.12)%
    T1bC1wN1_T1tN2zN1 : 6.9332042 (0.12)%
       T1tN1_T1tN2zN1 : 6.5963034 (0.11)%
GbB1tC2wN2zN1_QqN2zN1 : 5.8957792 (0.10)%
------------------------------------------------------------
                                    SUM=90.09%
