/Users/rafalmaselek/Projects/fastlim-1.0
 
#################################################################
#                                                               #
#                                                               #
#                     This is Fastlim  ver. 1.0                 #
#                                                               #
#          A fast LHC limit calculator for BSM models.          #
#                                                               #
#                  http://cern.ch/fastlim-1.0/                  #
#                                                               #
#  for bugs/feature requests: fastlim-1.0.developers@gmail.com  #
#                                                               #
#    please refer to:                                           #
#    M.Papucci, K.Sakurai, A.Weiler, L.Zeune arXiv:1402.xxxx    #
#                                                               #
#################################################################
 

!! Masses incompatible with the data for ERER !!

!! Problem with reading tables for ER ER !! Probably mass outside the table !! Setting xsec to 10^-20 !!

!! Masses incompatible with the data for ELEL !!

!! Problem with reading tables for EL EL !! Probably mass outside the table !! Setting xsec to 10^-20 !!

!! Masses incompatible with the data for TAU1TAU1 !!

!! Problem with reading tables for TAU1 TAU1 !! Probably mass outside the table !! Setting xsec to 10^-20 !!

!! Masses incompatible with the data for TAU2TAU2 !!

!! Problem with reading tables for TAU2 TAU2 !! Probably mass outside the table !! Setting xsec to 10^-20 !!
!! EWK PROCESS C1C2 NOT FOUND !! WILL TRY TO LOOK FOR +/- MODES !!
XSEC FOUND FOR: C1-C2+
XSEC FOUND FOR: C1+C2-
!! EWK PROCESS C1N1 NOT FOUND !! WILL TRY TO LOOK FOR +/- MODES !!
XSEC FOUND FOR: C1+N1
XSEC FOUND FOR: C1-N1
!! EWK PROCESS C1N2 NOT FOUND !! WILL TRY TO LOOK FOR +/- MODES !!
XSEC FOUND FOR: C1+N2
XSEC FOUND FOR: C1-N2
!! EWK PROCESS C1N3 NOT FOUND !! WILL TRY TO LOOK FOR +/- MODES !!
XSEC FOUND FOR: C1+N3
XSEC FOUND FOR: C1-N3
!! EWK PROCESS C1N4 NOT FOUND !! WILL TRY TO LOOK FOR +/- MODES !!
XSEC FOUND FOR: C1+N4
XSEC FOUND FOR: C1-N4
!! EWK PROCESS C2N1 NOT FOUND !! WILL TRY TO LOOK FOR +/- MODES !!
XSEC FOUND FOR: C2+N1
XSEC FOUND FOR: C2-N1
!! EWK PROCESS C2N2 NOT FOUND !! WILL TRY TO LOOK FOR +/- MODES !!
XSEC FOUND FOR: C2+N2
XSEC FOUND FOR: C2-N2
!! EWK PROCESS C2N3 NOT FOUND !! WILL TRY TO LOOK FOR +/- MODES !!
XSEC FOUND FOR: C2+N3
XSEC FOUND FOR: C2-N3
!! EWK PROCESS C2N4 NOT FOUND !! WILL TRY TO LOOK FOR +/- MODES !!
XSEC FOUND FOR: C2+N4
XSEC FOUND FOR: C2-N4
---------------  Output inclusive processes  ---------------
The total xsec = 22837.96 [fb]
The total rate = 100.00%
Output upto 0.10%
                       Modes : xsec/fb      (rate)
                 C1wN1_N2hN1 : 6398.0164784 (28.01)%
                 C1wN1_C1wN1 : 3452.9192573 (15.12)%
                 C1wN1_N2zN1 : 949.5262030 (4.16)%
             QqC1wN1_QqC1wN1 : 318.2039740 (1.39)%
             QqC1wN1_QqN2hN1 : 278.5548053 (1.22)%
          GtT1bC1wN1_QqC1wN1 : 181.3529907 (0.79)%
        QqC1wN1_QqGtT1bC1wN1 : 157.7341006 (0.69)%
       GtT1tN3wC1wN1_QqC1wN1 : 126.9424567 (0.56)%
     QqC1wN1_QqGtT1tN3wC1wN1 : 110.4098375 (0.48)%
       GtT1bC2hC1wN1_QqC1wN1 : 82.9983962 (0.36)%
          GbB1tC1wN1_QqC1wN1 : 82.8284567 (0.36)%
          GtT1bC1wN1_QqN2hN1 : 79.3779323 (0.35)%
       GtT1bC2zC1wN1_QqC1wN1 : 75.9222774 (0.33)%
     QqC1wN1_QqGtT1bC2hC1wN1 : 72.1889247 (0.32)%
          GtT1tN2hN1_QqC1wN1 : 72.0725865 (0.32)%
        QqC1wN1_QqGbB1tC1wN1 : 72.0411176 (0.32)%
        QqGtT1bC1wN1_QqN2hN1 : 69.0399795 (0.30)%
       GtT1bC2wN2hN1_QqC1wN1 : 66.3376771 (0.29)%
     QqC1wN1_QqGtT1bC2zC1wN1 : 66.0343792 (0.29)%
        QqC1wN1_QqGtT1tN2hN1 : 62.6860609 (0.27)%
                       N1_N1 : 62.0984704 (0.27)%
             QqN2hN1_QqN2hN1 : 60.9615105 (0.27)%
     QqC1wN1_QqGtT1bC2wN2hN1 : 57.6980495 (0.25)%
       GbB1tC2hC1wN1_QqC1wN1 : 55.6154201 (0.24)%
       GtT1tN3wC1wN1_QqN2hN1 : 55.5625231 (0.24)%
           C2hC1wN1_N3wC1wN1 : 52.3303192 (0.23)%
       GtT1tN3zN2hN1_QqC1wN1 : 51.5891957 (0.23)%
           C2hC1wN1_N4wC1wN1 : 51.0168180 (0.22)%
       GbB1tC2zC1wN1_QqC1wN1 : 50.8738668 (0.22)%
     QqC1wN1_QqGbB1tC2hC1wN1 : 48.3722283 (0.21)%
     QqGtT1tN3wC1wN1_QqN2hN1 : 48.3262205 (0.21)%
           C2zC1wN1_N3wC1wN1 : 47.8688408 (0.21)%
           C2zC1wN1_N4wC1wN1 : 46.6673235 (0.20)%
     GtT1bC1wN1_QqGtT1bC1wN1 : 44.9484501 (0.20)%
     QqC1wN1_QqGtT1tN3zN2hN1 : 44.8703678 (0.20)%
       GbB1tC2wN2hN1_QqC1wN1 : 44.4514346 (0.19)%
     QqC1wN1_QqGbB1tC2zC1wN1 : 44.2482012 (0.19)%
                 N2hN1_N2hN1 : 43.9150472 (0.19)%
       GtT1tN4wC1wN1_QqC1wN1 : 43.4826174 (0.19)%
           N3wC1wN1_N4wC1wN1 : 43.3868310 (0.19)%
           C2wN2hN1_N3wC1wN1 : 41.8257698 (0.18)%
             QqC1wN1_QqN2zN1 : 41.3401697 (0.18)%
           C2wN2hN1_N4wC1wN1 : 40.7759349 (0.18)%
          GbB1bN2hN1_QqC1wN1 : 39.6701723 (0.17)%
     QqC1wN1_QqGbB1tC2wN2hN1 : 38.6622080 (0.17)%
     QqC1wN1_QqGtT1tN4wC1wN1 : 37.8195668 (0.17)%
       GbB1bN3wC1wN1_QqC1wN1 : 36.4407440 (0.16)%
       GtT1bC2hC1wN1_QqN2hN1 : 36.3282737 (0.16)%
          GbB1tC1wN1_QqN2hN1 : 36.2538914 (0.16)%
        QqC1wN1_QqGbB1bN2hN1 : 34.5036435 (0.15)%
          GtT1bC2wN1_QqC1wN1 : 33.4619429 (0.15)%
       GtT1bC2zC1wN1_QqN2hN1 : 33.2310671 (0.15)%
       GbB1bN4wC1wN1_QqC1wN1 : 31.9954092 (0.14)%
     QqC1wN1_QqGbB1bN3wC1wN1 : 31.6948067 (0.14)%
     QqGtT1bC2hC1wN1_QqN2hN1 : 31.5969842 (0.14)%
          GtT1tN2hN1_QqN2hN1 : 31.5460631 (0.14)%
        QqGbB1tC1wN1_QqN2hN1 : 31.5322892 (0.14)%
  GtT1bC1wN1_QqGtT1tN3wC1wN1 : 31.4627658 (0.14)%
  GtT1tN3wC1wN1_QqGtT1bC1wN1 : 31.4627658 (0.14)%
             GtT1tN1_QqC1wN1 : 30.6669939 (0.13)%
        QqC1wN1_QqGtT1bC2wN1 : 29.1039560 (0.13)%
       GtT1bC2wN2hN1_QqN2hN1 : 29.0359019 (0.13)%
     QqGtT1bC2zC1wN1_QqN2hN1 : 28.9031488 (0.13)%
           C2hC1wN1_C2zC1wN1 : 28.0386422 (0.12)%
     QqC1wN1_QqGbB1bN4wC1wN1 : 27.8284194 (0.12)%
    GtT1bC1wN1_GtT1tN3wC1wN1 : 27.7187172 (0.12)%
        QqGtT1tN2hN1_QqN2hN1 : 27.4375949 (0.12)%
QqGtT1bC1wN1_QqGtT1tN3wC1wN1 : 27.3651460 (0.12)%
           QqC1wN1_QqGtT1tN1 : 26.6730131 (0.12)%
     QqGtT1bC2wN2hN1_QqN2hN1 : 25.2543498 (0.11)%
           C2hC1wN1_C2wN2hN1 : 24.4989804 (0.11)%
       GbB1tC2hC1wN1_QqN2hN1 : 24.3427861 (0.11)%
          GtT1tN3zN1_QqC1wN1 : 24.0929920 (0.11)%
           C2hC1wN1_N4hN2hN1 : 23.0525138 (0.10)%
        T1bC1wN1_T1tN3wC1wN1 : 23.0099717 (0.10)%
       GtT1tN3zN2hN1_QqN2hN1 : 22.5805137 (0.10)%
------------------------------------------------------------
                                           SUM=65.22%

SHOWING PROCESSES TO GET 90.00% SUSY COVERAGE
---------------  Output inclusive processes  ---------------
The total xsec = 22837.96 [fb]
The total rate = 100.00%
                          Modes : xsec/fb      (rate)
                    C1wN1_N2hN1 : 6398.0164784 (28.01)%
                    C1wN1_C1wN1 : 3452.9192573 (15.12)%
                    C1wN1_N2zN1 : 949.5262030 (4.16)%
                QqC1wN1_QqC1wN1 : 318.2039740 (1.39)%
                QqC1wN1_QqN2hN1 : 278.5548053 (1.22)%
             GtT1bC1wN1_QqC1wN1 : 181.3529907 (0.79)%
           QqC1wN1_QqGtT1bC1wN1 : 157.7341006 (0.69)%
          GtT1tN3wC1wN1_QqC1wN1 : 126.9424567 (0.56)%
        QqC1wN1_QqGtT1tN3wC1wN1 : 110.4098375 (0.48)%
          GtT1bC2hC1wN1_QqC1wN1 : 82.9983962 (0.36)%
             GbB1tC1wN1_QqC1wN1 : 82.8284567 (0.36)%
             GtT1bC1wN1_QqN2hN1 : 79.3779323 (0.35)%
          GtT1bC2zC1wN1_QqC1wN1 : 75.9222774 (0.33)%
        QqC1wN1_QqGtT1bC2hC1wN1 : 72.1889247 (0.32)%
             GtT1tN2hN1_QqC1wN1 : 72.0725865 (0.32)%
           QqC1wN1_QqGbB1tC1wN1 : 72.0411176 (0.32)%
           QqGtT1bC1wN1_QqN2hN1 : 69.0399795 (0.30)%
          GtT1bC2wN2hN1_QqC1wN1 : 66.3376771 (0.29)%
        QqC1wN1_QqGtT1bC2zC1wN1 : 66.0343792 (0.29)%
           QqC1wN1_QqGtT1tN2hN1 : 62.6860609 (0.27)%
                          N1_N1 : 62.0984704 (0.27)%
                QqN2hN1_QqN2hN1 : 60.9615105 (0.27)%
        QqC1wN1_QqGtT1bC2wN2hN1 : 57.6980495 (0.25)%
          GbB1tC2hC1wN1_QqC1wN1 : 55.6154201 (0.24)%
          GtT1tN3wC1wN1_QqN2hN1 : 55.5625231 (0.24)%
              C2hC1wN1_N3wC1wN1 : 52.3303192 (0.23)%
          GtT1tN3zN2hN1_QqC1wN1 : 51.5891957 (0.23)%
              C2hC1wN1_N4wC1wN1 : 51.0168180 (0.22)%
          GbB1tC2zC1wN1_QqC1wN1 : 50.8738668 (0.22)%
        QqC1wN1_QqGbB1tC2hC1wN1 : 48.3722283 (0.21)%
        QqGtT1tN3wC1wN1_QqN2hN1 : 48.3262205 (0.21)%
              C2zC1wN1_N3wC1wN1 : 47.8688408 (0.21)%
              C2zC1wN1_N4wC1wN1 : 46.6673235 (0.20)%
        GtT1bC1wN1_QqGtT1bC1wN1 : 44.9484501 (0.20)%
        QqC1wN1_QqGtT1tN3zN2hN1 : 44.8703678 (0.20)%
          GbB1tC2wN2hN1_QqC1wN1 : 44.4514346 (0.19)%
        QqC1wN1_QqGbB1tC2zC1wN1 : 44.2482012 (0.19)%
                    N2hN1_N2hN1 : 43.9150472 (0.19)%
          GtT1tN4wC1wN1_QqC1wN1 : 43.4826174 (0.19)%
              N3wC1wN1_N4wC1wN1 : 43.3868310 (0.19)%
              C2wN2hN1_N3wC1wN1 : 41.8257698 (0.18)%
                QqC1wN1_QqN2zN1 : 41.3401697 (0.18)%
              C2wN2hN1_N4wC1wN1 : 40.7759349 (0.18)%
             GbB1bN2hN1_QqC1wN1 : 39.6701723 (0.17)%
        QqC1wN1_QqGbB1tC2wN2hN1 : 38.6622080 (0.17)%
        QqC1wN1_QqGtT1tN4wC1wN1 : 37.8195668 (0.17)%
          GbB1bN3wC1wN1_QqC1wN1 : 36.4407440 (0.16)%
          GtT1bC2hC1wN1_QqN2hN1 : 36.3282737 (0.16)%
             GbB1tC1wN1_QqN2hN1 : 36.2538914 (0.16)%
           QqC1wN1_QqGbB1bN2hN1 : 34.5036435 (0.15)%
             GtT1bC2wN1_QqC1wN1 : 33.4619429 (0.15)%
          GtT1bC2zC1wN1_QqN2hN1 : 33.2310671 (0.15)%
          GbB1bN4wC1wN1_QqC1wN1 : 31.9954092 (0.14)%
        QqC1wN1_QqGbB1bN3wC1wN1 : 31.6948067 (0.14)%
        QqGtT1bC2hC1wN1_QqN2hN1 : 31.5969842 (0.14)%
             GtT1tN2hN1_QqN2hN1 : 31.5460631 (0.14)%
           QqGbB1tC1wN1_QqN2hN1 : 31.5322892 (0.14)%
     GtT1bC1wN1_QqGtT1tN3wC1wN1 : 31.4627658 (0.14)%
     GtT1tN3wC1wN1_QqGtT1bC1wN1 : 31.4627658 (0.14)%
                GtT1tN1_QqC1wN1 : 30.6669939 (0.13)%
           QqC1wN1_QqGtT1bC2wN1 : 29.1039560 (0.13)%
          GtT1bC2wN2hN1_QqN2hN1 : 29.0359019 (0.13)%
        QqGtT1bC2zC1wN1_QqN2hN1 : 28.9031488 (0.13)%
              C2hC1wN1_C2zC1wN1 : 28.0386422 (0.12)%
        QqC1wN1_QqGbB1bN4wC1wN1 : 27.8284194 (0.12)%
       GtT1bC1wN1_GtT1tN3wC1wN1 : 27.7187172 (0.12)%
           QqGtT1tN2hN1_QqN2hN1 : 27.4375949 (0.12)%
   QqGtT1bC1wN1_QqGtT1tN3wC1wN1 : 27.3651460 (0.12)%
              QqC1wN1_QqGtT1tN1 : 26.6730131 (0.12)%
        QqGtT1bC2wN2hN1_QqN2hN1 : 25.2543498 (0.11)%
              C2hC1wN1_C2wN2hN1 : 24.4989804 (0.11)%
          GbB1tC2hC1wN1_QqN2hN1 : 24.3427861 (0.11)%
             GtT1tN3zN1_QqC1wN1 : 24.0929920 (0.11)%
              C2hC1wN1_N4hN2hN1 : 23.0525138 (0.10)%
           T1bC1wN1_T1tN3wC1wN1 : 23.0099717 (0.10)%
          GtT1tN3zN2hN1_QqN2hN1 : 22.5805137 (0.10)%
             GbB1tC2wN1_QqC1wN1 : 22.4221201 (0.10)%
              C2wN2hN1_C2zC1wN1 : 22.4102932 (0.10)%
          GbB1tC2zC1wN1_QqN2hN1 : 22.2674153 (0.10)%
          GbB2tC2hC1wN1_QqC1wN1 : 22.0662865 (0.10)%
  GtT1tN3wC1wN1_QqGtT1tN3wC1wN1 : 22.0231316 (0.10)%
              C2hC1wN1_N3zN2hN1 : 21.2669516 (0.09)%
        QqGbB1tC2hC1wN1_QqN2hN1 : 21.1724519 (0.09)%
                 C2wN1_N3wC1wN1 : 21.0976866 (0.09)%
              C2zC1wN1_N4hN2hN1 : 21.0871466 (0.09)%
           QqC1wN1_QqGtT1tN3zN1 : 20.9551903 (0.09)%
     GtT1bC1wN1_QqGtT1bC2hC1wN1 : 20.5712035 (0.09)%
     GtT1bC2hC1wN1_QqGtT1bC1wN1 : 20.5712035 (0.09)%
                 C2wN1_N4wC1wN1 : 20.5681305 (0.09)%
        GbB1tC1wN1_QqGtT1bC1wN1 : 20.5290839 (0.09)%
        GtT1bC1wN1_QqGbB1tC1wN1 : 20.5290839 (0.09)%
          GbB2tC2zC1wN1_QqC1wN1 : 20.1850012 (0.09)%
                       C1wN1_N1 : 20.1052297 (0.09)%
          GtT1bC1wN1_GtT1bC1wN1 : 19.7998069 (0.09)%
          GtT1tN4hN2hN1_QqC1wN1 : 19.6481019 (0.09)%
        QqGtT1tN3zN2hN1_QqN2hN1 : 19.6396928 (0.09)%
              N3wC1wN1_N4hN2hN1 : 19.6048197 (0.09)%
      QqGtT1bC1wN1_QqGtT1bC1wN1 : 19.5472468 (0.09)%
           QqC1wN1_QqGbB1tC2wN1 : 19.5019279 (0.09)%
          GbB1tC2wN2hN1_QqN2hN1 : 19.4563263 (0.09)%
              C2zC1wN1_N3zN2hN1 : 19.4538144 (0.09)%
        QqGbB1tC2zC1wN1_QqN2hN1 : 19.3673714 (0.08)%
        QqC1wN1_QqGbB2tC2hC1wN1 : 19.1924370 (0.08)%
          GtT1tN4wC1wN1_QqN2hN1 : 19.0322765 (0.08)%
     GtT1bC2zC1wN1_QqGtT1bC1wN1 : 18.8173831 (0.08)%
     GtT1bC1wN1_QqGtT1bC2zC1wN1 : 18.8173831 (0.08)%
              C2wN2hN1_N4hN2hN1 : 18.4250574 (0.08)%
       GtT1bC1wN1_GtT1bC2hC1wN1 : 18.1232437 (0.08)%
                QqN2hN1_QqN2zN1 : 18.0945303 (0.08)%
          GbB1tC1wN1_GtT1bC1wN1 : 18.0861363 (0.08)%
   QqGtT1bC1wN1_QqGtT1bC2hC1wN1 : 17.8920693 (0.08)%
        GtT1tN2hN1_QqGtT1bC1wN1 : 17.8632348 (0.08)%
        GtT1bC1wN1_QqGtT1tN2hN1 : 17.8632348 (0.08)%
      QqGbB1tC1wN1_QqGtT1bC1wN1 : 17.8554352 (0.08)%
          GbB2tC2wN2hN1_QqC1wN1 : 17.6368009 (0.08)%
              N3zN2hN1_N4wC1wN1 : 17.6323334 (0.08)%
        QqC1wN1_QqGbB2tC2zC1wN1 : 17.5561649 (0.08)%
             GbB1bN2hN1_QqN2hN1 : 17.3635750 (0.08)%
        QqC1wN1_QqGtT1tN4hN2hN1 : 17.0891898 (0.07)%
              C2wN2hN1_N3zN2hN1 : 16.9979208 (0.07)%
        QqGbB1tC2wN2hN1_QqN2hN1 : 16.9223905 (0.07)%
       GtT1bC1wN1_GtT1bC2zC1wN1 : 16.5781268 (0.07)%
        QqGtT1tN4wC1wN1_QqN2hN1 : 16.5535677 (0.07)%
     GtT1bC1wN1_QqGtT1bC2wN2hN1 : 16.4418340 (0.07)%
     GtT1bC2wN2hN1_QqGtT1bC1wN1 : 16.4418340 (0.07)%
              T1bC1wN1_T1bC1wN1 : 16.4362944 (0.07)%
   QqGtT1bC1wN1_QqGtT1bC2zC1wN1 : 16.3666614 (0.07)%
          GbB1bN3wC1wN1_QqN2hN1 : 15.9500591 (0.07)%
          GtT1bC1wN1_GtT1tN2hN1 : 15.7375215 (0.07)%
      QqGtT1bC1wN1_QqGtT1tN2hN1 : 15.5367787 (0.07)%
        QqC1wN1_QqGbB2tC2wN2hN1 : 15.3398349 (0.07)%
              C2hC1wN1_C2hC1wN1 : 15.3259518 (0.07)%
          GbB2bN3wC1wN1_QqC1wN1 : 15.1787637 (0.07)%
           QqGbB1bN2hN1_QqN2hN1 : 15.1021931 (0.07)%
          GbB2bN4wC1wN1_QqC1wN1 : 15.0733378 (0.07)%
           T1bC1wN1_T1bC2hC1wN1 : 15.0445391 (0.07)%
          GbB1bN3zN2hN1_QqC1wN1 : 14.8094556 (0.06)%
             GtT1bC2wN1_QqN2hN1 : 14.6462423 (0.06)%
       GtT1bC1wN1_GtT1bC2wN2hN1 : 14.4852665 (0.06)%
          GbB1bN4hN2hN1_QqC1wN1 : 14.4574797 (0.06)%
  GtT1tN3wC1wN1_QqGtT1bC2hC1wN1 : 14.3993165 (0.06)%
  GtT1bC2hC1wN1_QqGtT1tN3wC1wN1 : 14.3993165 (0.06)%
     GbB1tC1wN1_QqGtT1tN3wC1wN1 : 14.3698338 (0.06)%
     GtT1tN3wC1wN1_QqGbB1tC1wN1 : 14.3698338 (0.06)%
   QqGtT1bC1wN1_QqGtT1bC2wN2hN1 : 14.3004970 (0.06)%
          GbB1bN4wC1wN1_QqN2hN1 : 14.0043426 (0.06)%
                   QqC1wN1_QqN1 : 13.9671902 (0.06)%
        QqGbB1bN3wC1wN1_QqN2hN1 : 13.8727694 (0.06)%
     GtT1bC1wN1_QqGbB1tC2hC1wN1 : 13.7843160 (0.06)%
     GbB1tC2hC1wN1_QqGtT1bC1wN1 : 13.7843160 (0.06)%
           T1bC1wN1_T1bC2zC1wN1 : 13.7619005 (0.06)%
                GtT1tN1_QqN2hN1 : 13.4228973 (0.06)%
        QqC1wN1_QqGbB2bN3wC1wN1 : 13.2019254 (0.06)%
  GtT1bC2zC1wN1_QqGtT1tN3wC1wN1 : 13.1716870 (0.06)%
  GtT1tN3wC1wN1_QqGtT1bC2zC1wN1 : 13.1716870 (0.06)%
        QqC1wN1_QqGbB2bN4wC1wN1 : 13.1102298 (0.06)%
              T1bC1wN1_T1tN2hN1 : 13.0640939 (0.06)%
                    N2hN1_N2zN1 : 13.0348173 (0.06)%
        QqC1wN1_QqGbB1bN3zN2hN1 : 12.8807149 (0.06)%
              C2zC1wN1_C2zC1wN1 : 12.8240886 (0.06)%
     GtT1bC1wN1_QqGtT1tN3zN2hN1 : 12.7864138 (0.06)%
     GtT1tN3zN2hN1_QqGtT1bC1wN1 : 12.7864138 (0.06)%
           QqGtT1bC2wN1_QqN2hN1 : 12.7387579 (0.06)%
    GtT1bC2hC1wN1_GtT1tN3wC1wN1 : 12.6858072 (0.06)%
       GbB1tC1wN1_GtT1tN3wC1wN1 : 12.6598330 (0.06)%
     GtT1bC1wN1_QqGbB1tC2zC1wN1 : 12.6091191 (0.06)%
     GbB1tC2zC1wN1_QqGtT1bC1wN1 : 12.6091191 (0.06)%
        QqC1wN1_QqGbB1bN4hN2hN1 : 12.5745793 (0.06)%
QqGtT1bC2hC1wN1_QqGtT1tN3wC1wN1 : 12.5239910 (0.05)%
     GtT1tN2hN1_QqGtT1tN3wC1wN1 : 12.5038076 (0.05)%
     GtT1tN3wC1wN1_QqGtT1tN2hN1 : 12.5038076 (0.05)%
   QqGbB1tC1wN1_QqGtT1tN3wC1wN1 : 12.4983481 (0.05)%
                 C2hC1wN1_C2wN1 : 12.3577358 (0.05)%
        QqGbB1bN4wC1wN1_QqN2hN1 : 12.1804575 (0.05)%
       GbB1tC2hC1wN1_GtT1bC1wN1 : 12.1439914 (0.05)%
           T1bC1wN1_T1bC2wN2hN1 : 12.0245670 (0.05)%
   QqGbB1tC2hC1wN1_QqGtT1bC1wN1 : 11.9890865 (0.05)%
             GtT1bC1wN1_QqN2zN1 : 11.7804365 (0.05)%
              QqGtT1tN1_QqN2hN1 : 11.6747379 (0.05)%
    GtT1bC2zC1wN1_GtT1tN3wC1wN1 : 11.6042649 (0.05)%
  GtT1bC2wN2hN1_QqGtT1tN3wC1wN1 : 11.5088634 (0.05)%
  GtT1tN3wC1wN1_QqGtT1bC2wN2hN1 : 11.5088634 (0.05)%
QqGtT1bC2zC1wN1_QqGtT1tN3wC1wN1 : 11.4562445 (0.05)%
                 C2wN1_C2zC1wN1 : 11.3041635 (0.05)%
       GtT1bC1wN1_GtT1tN3zN2hN1 : 11.2648389 (0.05)%
   QqGtT1bC1wN1_QqGtT1tN3zN2hN1 : 11.1211482 (0.05)%
       GbB1tC2zC1wN1_GtT1bC1wN1 : 11.1086422 (0.05)%
     GtT1bC1wN1_QqGbB1tC2wN2hN1 : 11.0173154 (0.05)%
     GbB1tC2wN2hN1_QqGtT1bC1wN1 : 11.0173154 (0.05)%
       GtT1tN2hN1_GtT1tN3wC1wN1 : 11.0158627 (0.05)%
   QqGbB1tC2zC1wN1_QqGtT1bC1wN1 : 10.9669438 (0.05)%
   QqGtT1tN2hN1_QqGtT1tN3wC1wN1 : 10.8753478 (0.05)%
     GtT1bC1wN1_QqGtT1tN4wC1wN1 : 10.7771934 (0.05)%
     GtT1tN4wC1wN1_QqGtT1bC1wN1 : 10.7771934 (0.05)%
             GtT1tN2zN1_QqC1wN1 : 10.6962540 (0.05)%
             GtT1tN3zN1_QqN2hN1 : 10.5454665 (0.05)%
        T1bC2hC1wN1_T1tN3wC1wN1 : 10.5307927 (0.05)%
           QqGtT1bC1wN1_QqN2zN1 : 10.2461864 (0.04)%
    GtT1bC2wN2hN1_GtT1tN3wC1wN1 : 10.1393162 (0.04)%
QqGtT1bC2wN2hN1_QqGtT1tN3wC1wN1 : 10.0099823 (0.04)%
                 C2hC1wN1_N3zN1 : 9.9320117 (0.04)%
                 C1wN1_N3wC1wN1 : 9.8937977 (0.04)%
                 C2wN1_C2wN2hN1 : 9.8771003 (0.04)%
          GtT1bC2wN2zN1_QqC1wN1 : 9.8451392 (0.04)%
        GbB1bN2hN1_QqGtT1bC1wN1 : 9.8322766 (0.04)%
        GtT1bC1wN1_QqGbB1bN2hN1 : 9.8322766 (0.04)%
             GbB1tC2wN1_QqN2hN1 : 9.8141284 (0.04)%
              C2wN2hN1_C2wN2hN1 : 9.7905835 (0.04)%
       GbB1tC2wN2hN1_GtT1bC1wN1 : 9.7062620 (0.04)%
    GtT1tN3wC1wN1_GtT1tN3wC1wN1 : 9.7011967 (0.04)%
          GbB2tC2hC1wN1_QqN2hN1 : 9.6583805 (0.04)%
  GbB1tC2hC1wN1_QqGtT1tN3wC1wN1 : 9.6486688 (0.04)%
  GtT1tN3wC1wN1_QqGbB1tC2hC1wN1 : 9.6486688 (0.04)%
        T1bC2zC1wN1_T1tN3wC1wN1 : 9.6329785 (0.04)%
   QqGbB1tC2wN2hN1_QqGtT1bC1wN1 : 9.5824520 (0.04)%
QqGtT1tN3wC1wN1_QqGtT1tN3wC1wN1 : 9.5774513 (0.04)%
       GtT1bC1wN1_GtT1tN4wC1wN1 : 9.4947144 (0.04)%
  GtT1bC2hC1wN1_QqGtT1bC2hC1wN1 : 9.4146608 (0.04)%
     GbB1tC1wN1_QqGtT1bC2hC1wN1 : 9.3953843 (0.04)%
     GtT1bC2hC1wN1_QqGbB1tC1wN1 : 9.3953843 (0.04)%
        GbB1tC1wN1_QqGbB1tC1wN1 : 9.3761472 (0.04)%
   QqGtT1bC1wN1_QqGtT1tN4wC1wN1 : 9.3736028 (0.04)%
           T1bC1wN1_T1tN3zN2hN1 : 9.3512129 (0.04)%
                 C2hC1wN1_N4hN1 : 9.3283677 (0.04)%
           QqC1wN1_QqGtT1tN2zN1 : 9.3032048 (0.04)%
                 C2wN1_N4hN2hN1 : 9.2939374 (0.04)%
           QqGtT1tN3zN1_QqN2hN1 : 9.1720554 (0.04)%
           T1tN2hN1_T1tN3wC1wN1 : 9.1445317 (0.04)%
                 C2zC1wN1_N3zN1 : 9.0852472 (0.04)%
     GbB1bN3wC1wN1_QqGtT1bC1wN1 : 9.0318608 (0.04)%
     GtT1bC1wN1_QqGbB1bN3wC1wN1 : 9.0318608 (0.04)%
  GtT1tN3wC1wN1_QqGtT1tN3zN2hN1 : 8.9501628 (0.04)%
  GtT1tN3zN2hN1_QqGtT1tN3wC1wN1 : 8.9501628 (0.04)%
             GbB2tC2wN1_QqC1wN1 : 8.8963263 (0.04)%
          GbB2tC2zC1wN1_QqN2hN1 : 8.8349448 (0.04)%
  GbB1tC2zC1wN1_QqGtT1tN3wC1wN1 : 8.8260610 (0.04)%
  GtT1tN3wC1wN1_QqGbB1tC2zC1wN1 : 8.8260610 (0.04)%
          GbB1bN2hN1_GtT1bC1wN1 : 8.6622421 (0.04)%
  GtT1bC2zC1wN1_QqGtT1bC2hC1wN1 : 8.6120036 (0.04)%
  GtT1bC2hC1wN1_QqGtT1bC2zC1wN1 : 8.6120036 (0.04)%
          GtT1tN4hN2hN1_QqN2hN1 : 8.5999447 (0.04)%
     GtT1bC2zC1wN1_QqGbB1tC1wN1 : 8.5943705 (0.04)%
     GbB1tC1wN1_QqGtT1bC2zC1wN1 : 8.5943705 (0.04)%
                 C2wN1_N3zN2hN1 : 8.5740635 (0.04)%
        QqC1wN1_QqGtT1bC2wN2zN1 : 8.5629367 (0.04)%
      QqGbB1bN2hN1_QqGtT1bC1wN1 : 8.5517492 (0.04)%
           QqGbB1tC2wN1_QqN2hN1 : 8.5359646 (0.04)%
                 C2zC1wN1_N4hN1 : 8.5330676 (0.04)%
    GbB1tC2hC1wN1_GtT1tN3wC1wN1 : 8.5004835 (0.04)%
                GbB1bN1_QqC1wN1 : 8.4478338 (0.04)%
        T1bC2wN2hN1_T1tN3wC1wN1 : 8.4168894 (0.04)%
        QqGbB2tC2hC1wN1_QqN2hN1 : 8.4005009 (0.04)%
QqGbB1tC2hC1wN1_QqGtT1tN3wC1wN1 : 8.3920540 (0.04)%
        GtT1bC2wN1_QqGtT1bC1wN1 : 8.2935631 (0.04)%
        GtT1bC1wN1_QqGtT1bC2wN1 : 8.2935631 (0.04)%
       GbB1tC1wN1_GtT1bC2hC1wN1 : 8.2773397 (0.04)%
          GtT1tN3wC1wN1_QqN2zN1 : 8.2460043 (0.04)%
                 N3zN1_N4wC1wN1 : 8.2345860 (0.04)%
     GtT1tN2hN1_QqGtT1bC2hC1wN1 : 8.1753261 (0.04)%
     GtT1bC2hC1wN1_QqGtT1tN2hN1 : 8.1753261 (0.04)%
   QqGbB1tC1wN1_QqGtT1bC2hC1wN1 : 8.1717565 (0.04)%
        GbB1tC1wN1_QqGtT1tN2hN1 : 8.1585871 (0.04)%
        GtT1tN2hN1_QqGbB1tC1wN1 : 8.1585871 (0.04)%
        T1tN3wC1wN1_T1tN3wC1wN1 : 8.0531959 (0.04)%
              N3zN2hN1_N4hN2hN1 : 7.9673650 (0.03)%
       GbB1bN3wC1wN1_GtT1bC1wN1 : 7.9570752 (0.03)%
             GtT1tN4hN1_QqC1wN1 : 7.9507476 (0.03)%
                 C2wN2hN1_N3zN1 : 7.9383050 (0.03)%
                 N3wC1wN1_N4hN1 : 7.9332332 (0.03)%
     GtT1bC1wN1_QqGbB1bN4wC1wN1 : 7.9300818 (0.03)%
     GbB1bN4wC1wN1_QqGtT1bC1wN1 : 7.9300818 (0.03)%
    GtT1tN3wC1wN1_GtT1tN3zN2hN1 : 7.8850992 (0.03)%
           T1bC1wN1_T1tN4wC1wN1 : 7.8817901 (0.03)%
  GtT1bC2zC1wN1_QqGtT1bC2zC1wN1 : 7.8777779 (0.03)%
   QqGbB1bN3wC1wN1_QqGtT1bC1wN1 : 7.8555773 (0.03)%
QqGtT1tN3wC1wN1_QqGtT1tN3zN2hN1 : 7.7845194 (0.03)%
    GbB1tC2zC1wN1_GtT1tN3wC1wN1 : 7.7757655 (0.03)%
           QqC1wN1_QqGbB2tC2wN1 : 7.7376945 (0.03)%
          GbB2tC2wN2hN1_QqN2hN1 : 7.7196013 (0.03)%
  GbB1tC2wN2hN1_QqGtT1tN3wC1wN1 : 7.7118391 (0.03)%
  GtT1tN3wC1wN1_QqGbB1tC2wN2hN1 : 7.7118391 (0.03)%
        QqGbB2tC2zC1wN1_QqN2hN1 : 7.6843071 (0.03)%
QqGbB1tC2zC1wN1_QqGtT1tN3wC1wN1 : 7.6765803 (0.03)%
          GtT1tN3zN2zN1_QqC1wN1 : 7.6563249 (0.03)%
           GtT1tN1_QqGtT1bC1wN1 : 7.6008333 (0.03)%
           GtT1bC1wN1_QqGtT1tN1 : 7.6008333 (0.03)%
    GtT1bC2hC1wN1_GtT1bC2zC1wN1 : 7.5871808 (0.03)%
       GbB1tC1wN1_GtT1bC2zC1wN1 : 7.5716461 (0.03)%
  GtT1tN3wC1wN1_QqGtT1tN4wC1wN1 : 7.5437598 (0.03)%
  GtT1tN4wC1wN1_QqGtT1tN3wC1wN1 : 7.5437598 (0.03)%
  GtT1bC2wN2hN1_QqGtT1bC2hC1wN1 : 7.5248048 (0.03)%
  GtT1bC2hC1wN1_QqGtT1bC2wN2hN1 : 7.5248048 (0.03)%
     GtT1bC2wN2hN1_QqGbB1tC1wN1 : 7.5093977 (0.03)%
     GbB1tC1wN1_QqGtT1bC2wN2hN1 : 7.5093977 (0.03)%
QqGtT1bC2hC1wN1_QqGtT1bC2zC1wN1 : 7.4904011 (0.03)%
        QqGtT1tN4hN2hN1_QqN2hN1 : 7.4799128 (0.03)%
     GtT1tN2hN1_QqGtT1bC2zC1wN1 : 7.4783298 (0.03)%
     GtT1bC2zC1wN1_QqGtT1tN2hN1 : 7.4783298 (0.03)%
   QqGbB1tC1wN1_QqGtT1bC2zC1wN1 : 7.4750645 (0.03)%
                 C2wN2hN1_N4hN1 : 7.4558338 (0.03)%
              QqC1wN1_QqGbB1bN1 : 7.3476123 (0.03)%
          GtT1bC1wN1_GtT1bC2wN1 : 7.3066345 (0.03)%
      QqGtT1bC1wN1_QqGtT1bC2wN1 : 7.2134334 (0.03)%
       GtT1bC2hC1wN1_GtT1tN2hN1 : 7.2024676 (0.03)%
          GbB1tC1wN1_GtT1tN2hN1 : 7.1877206 (0.03)%
        QqGtT1tN3wC1wN1_QqN2zN1 : 7.1720685 (0.03)%
   QqGtT1bC2hC1wN1_QqGtT1tN2hN1 : 7.1105952 (0.03)%
        GtT1tN2hN1_QqGtT1tN2hN1 : 7.0991360 (0.03)%
      QqGbB1tC1wN1_QqGtT1tN2hN1 : 7.0960363 (0.03)%
       GbB1bN4wC1wN1_GtT1bC1wN1 : 6.9864072 (0.03)%
             GbB1bN3zN1_QqC1wN1 : 6.9162562 (0.03)%
           QqC1wN1_QqGtT1tN4hN1 : 6.9152652 (0.03)%
   QqGbB1bN4wC1wN1_QqGtT1bC1wN1 : 6.8972908 (0.03)%
  GtT1bC2zC1wN1_QqGtT1bC2wN2hN1 : 6.8832694 (0.03)%
  GtT1bC2wN2hN1_QqGtT1bC2zC1wN1 : 6.8832694 (0.03)%
     GbB1bN2hN1_QqGtT1tN3wC1wN1 : 6.8823422 (0.03)%
     GtT1tN3wC1wN1_QqGbB1bN2hN1 : 6.8823422 (0.03)%
                       N1_N2hN1 : 6.8682000 (0.03)%
          GbB2bN4hN2hN1_QqC1wN1 : 6.8110545 (0.03)%
    GbB1tC2wN2hN1_GtT1tN3wC1wN1 : 6.7941352 (0.03)%
        QqGbB2tC2wN2hN1_QqN2hN1 : 6.7142227 (0.03)%
QqGbB1tC2wN2hN1_QqGtT1tN3wC1wN1 : 6.7074714 (0.03)%
             GtT1bC1wN1_GtT1tN1 : 6.6963391 (0.03)%
        QqC1wN1_QqGtT1tN3zN2zN1 : 6.6591873 (0.03)%
    GtT1tN3wC1wN1_GtT1tN4wC1wN1 : 6.6460573 (0.03)%
          GbB2bN3wC1wN1_QqN2hN1 : 6.6437221 (0.03)%
    GtT1bC2hC1wN1_GtT1bC2wN2hN1 : 6.6293579 (0.03)%
       GbB1tC1wN1_GtT1bC2wN2hN1 : 6.6157843 (0.03)%
         QqGtT1bC1wN1_QqGtT1tN1 : 6.6109227 (0.03)%
          GbB2bN4wC1wN1_QqN2hN1 : 6.5975774 (0.03)%
          GbB1tC2wN2zN1_QqC1wN1 : 6.5970136 (0.03)%
       GtT1bC2zC1wN1_GtT1tN2hN1 : 6.5884134 (0.03)%
             GtT1tN3hN1_QqC1wN1 : 6.5715786 (0.03)%
QqGtT1tN3wC1wN1_QqGtT1tN4wC1wN1 : 6.5612823 (0.03)%
        T1tN3wC1wN1_T1tN3zN2hN1 : 6.5456099 (0.03)%
QqGtT1bC2hC1wN1_QqGtT1bC2wN2hN1 : 6.5447959 (0.03)%
     GtT1tN2hN1_QqGtT1bC2wN2hN1 : 6.5342485 (0.03)%
     GtT1bC2wN2hN1_QqGtT1tN2hN1 : 6.5342485 (0.03)%
   QqGbB1tC1wN1_QqGtT1bC2wN2hN1 : 6.5313954 (0.03)%
   QqGtT1bC2zC1wN1_QqGtT1tN2hN1 : 6.5043737 (0.03)%
          GbB1bN3zN2hN1_QqN2hN1 : 6.4820765 (0.03)%
          GbB1bN4hN2hN1_QqN2hN1 : 6.3280172 (0.03)%
  GbB1bN3wC1wN1_QqGtT1tN3wC1wN1 : 6.3220716 (0.03)%
  GtT1tN3wC1wN1_QqGbB1bN3wC1wN1 : 6.3220716 (0.03)%
  GbB1tC2hC1wN1_QqGtT1bC2hC1wN1 : 6.3085594 (0.03)%
  GtT1bC2hC1wN1_QqGbB1tC2hC1wN1 : 6.3085594 (0.03)%
        T1bC2hC1wN1_T1bC2zC1wN1 : 6.2983007 (0.03)%
     GbB1tC1wN1_QqGbB1tC2hC1wN1 : 6.2956427 (0.03)%
     GbB1tC2hC1wN1_QqGbB1tC1wN1 : 6.2956427 (0.03)%
              C2wN2zN1_N3wC1wN1 : 6.2073401 (0.03)%
          GbB2bN3zN2hN1_QqC1wN1 : 6.1686234 (0.03)%
                   QqN1_QqN2hN1 : 6.1134182 (0.03)%
              T1bC1wN1_T1bC2wN1 : 6.0654125 (0.03)%
    GtT1bC2wN2hN1_GtT1bC2zC1wN1 : 6.0641648 (0.03)%
       GbB1bN2hN1_GtT1tN3wC1wN1 : 6.0633480 (0.03)%
              C2wN2zN1_N4wC1wN1 : 6.0515347 (0.03)%
           QqC1wN1_QqGbB1bN3zN1 : 6.0155030 (0.03)%
  GtT1bC2wN2hN1_QqGtT1bC2wN2hN1 : 6.0143098 (0.03)%
QqGtT1bC2wN2hN1_QqGtT1bC2zC1wN1 : 5.9868122 (0.03)%
   QqGbB1bN2hN1_QqGtT1tN3wC1wN1 : 5.9860058 (0.03)%
           T1bC2hC1wN1_T1tN2hN1 : 5.9789411 (0.03)%
        GtT1bC1wN1_QqGtT1tN3zN1 : 5.9714629 (0.03)%
        GtT1tN3zN1_QqGtT1bC1wN1 : 5.9714629 (0.03)%
        QqC1wN1_QqGbB2bN4hN2hN1 : 5.9240024 (0.03)%
             GbB1bN2zN1_QqC1wN1 : 5.8874290 (0.03)%
  GtT1bC2hC1wN1_QqGtT1tN3zN2hN1 : 5.8518574 (0.03)%
  GtT1tN3zN2hN1_QqGtT1bC2hC1wN1 : 5.8518574 (0.03)%
             GbB1bN4hN1_QqC1wN1 : 5.8503245 (0.03)%
     GbB1tC1wN1_QqGtT1tN3zN2hN1 : 5.8398757 (0.03)%
     GtT1tN3zN2hN1_QqGbB1tC1wN1 : 5.8398757 (0.03)%
     GtT1bC2wN1_QqGtT1tN3wC1wN1 : 5.8052821 (0.03)%
     GtT1tN3wC1wN1_QqGtT1bC2wN1 : 5.8052821 (0.03)%
        QqGbB2bN3wC1wN1_QqN2hN1 : 5.7784630 (0.03)%
  GbB1tC2zC1wN1_QqGtT1bC2hC1wN1 : 5.7707163 (0.03)%
  GbB1tC2hC1wN1_QqGtT1bC2zC1wN1 : 5.7707163 (0.03)%
  GtT1bC2zC1wN1_QqGbB1tC2hC1wN1 : 5.7707163 (0.03)%
  GtT1bC2hC1wN1_QqGbB1tC2zC1wN1 : 5.7707163 (0.03)%
     GbB1tC1wN1_QqGbB1tC2zC1wN1 : 5.7589008 (0.03)%
     GbB1tC2zC1wN1_QqGbB1tC1wN1 : 5.7589008 (0.03)%
       GtT1bC2wN2hN1_GtT1tN2hN1 : 5.7566772 (0.03)%
        QqGbB2bN4wC1wN1_QqN2hN1 : 5.7383280 (0.03)%
        QqC1wN1_QqGbB1tC2wN2zN1 : 5.7378376 (0.03)%
           QqC1wN1_QqGtT1tN3hN1 : 5.7157152 (0.03)%
   QqGtT1bC2wN2hN1_QqGtT1tN2hN1 : 5.6832468 (0.02)%
        QqGbB1bN3zN2hN1_QqN2hN1 : 5.6378696 (0.02)%
    GbB1bN3wC1wN1_GtT1tN3wC1wN1 : 5.5697492 (0.02)%
                 T1bC1wN1_T1tN1 : 5.5587916 (0.02)%
    GbB1tC2hC1wN1_GtT1bC2hC1wN1 : 5.5578450 (0.02)%
        GbB1tC2wN1_QqGtT1bC1wN1 : 5.5573362 (0.02)%
        GtT1bC1wN1_QqGbB1tC2wN1 : 5.5573362 (0.02)%
  GbB1bN4wC1wN1_QqGtT1tN3wC1wN1 : 5.5508545 (0.02)%
  GtT1tN3wC1wN1_QqGbB1bN4wC1wN1 : 5.5508545 (0.02)%
       GbB1tC1wN1_GbB1tC2hC1wN1 : 5.5464653 (0.02)%
        T1tN3wC1wN1_T1tN4wC1wN1 : 5.5170515 (0.02)%
        QqGbB1bN4hN2hN1_QqN2hN1 : 5.5038745 (0.02)%
        T1bC2hC1wN1_T1bC2wN2hN1 : 5.5031889 (0.02)%
QqGbB1bN3wC1wN1_QqGtT1tN3wC1wN1 : 5.4987033 (0.02)%
QqGbB1tC2hC1wN1_QqGtT1bC2hC1wN1 : 5.4869509 (0.02)%
     GtT1tN2hN1_QqGbB1tC2hC1wN1 : 5.4781082 (0.02)%
     GbB1tC2hC1wN1_QqGtT1tN2hN1 : 5.4781082 (0.02)%
   QqGbB1tC1wN1_QqGbB1tC2hC1wN1 : 5.4757163 (0.02)%
           T1bC2zC1wN1_T1tN2hN1 : 5.4691999 (0.02)%
     GbB2tC2hC1wN1_QqGtT1bC1wN1 : 5.4691427 (0.02)%
     GtT1bC1wN1_QqGbB2tC2hC1wN1 : 5.4691427 (0.02)%
          GtT1bC2hC1wN1_QqN2zN1 : 5.3914597 (0.02)%
             GbB1tC1wN1_QqN2zN1 : 5.3804206 (0.02)%
        QqC1wN1_QqGbB2bN3zN2hN1 : 5.3652397 (0.02)%
  GtT1bC2zC1wN1_QqGtT1tN3zN2hN1 : 5.3529509 (0.02)%
  GtT1tN3zN2hN1_QqGtT1bC2zC1wN1 : 5.3529509 (0.02)%
        GtT1tN1_QqGtT1tN3wC1wN1 : 5.3203889 (0.02)%
        GtT1tN3wC1wN1_QqGtT1tN1 : 5.3203889 (0.02)%
  GtT1bC2zC1wN1_QqGbB1tC2zC1wN1 : 5.2787276 (0.02)%
  GbB1tC2zC1wN1_QqGtT1bC2zC1wN1 : 5.2787276 (0.02)%
          GtT1bC1wN1_GtT1tN3zN1 : 5.2608627 (0.02)%
      QqGtT1bC1wN1_QqGtT1tN3zN1 : 5.1937568 (0.02)%
    GtT1bC2hC1wN1_GtT1tN3zN2hN1 : 5.1554902 (0.02)%
       GbB1tC1wN1_GtT1tN3zN2hN1 : 5.1449343 (0.02)%
           QqC1wN1_QqGbB1bN2zN1 : 5.1206673 (0.02)%
       GtT1bC2wN1_GtT1tN3wC1wN1 : 5.1144573 (0.02)%
QqGtT1bC2hC1wN1_QqGtT1tN3zN2hN1 : 5.0897284 (0.02)%
           QqC1wN1_QqGbB1bN4hN1 : 5.0883952 (0.02)%
    GbB1tC2hC1wN1_GtT1bC2zC1wN1 : 5.0840049 (0.02)%
    GbB1tC2zC1wN1_GtT1bC2hC1wN1 : 5.0840049 (0.02)%
     GtT1tN2hN1_QqGtT1tN3zN2hN1 : 5.0815259 (0.02)%
     GtT1tN3zN2hN1_QqGtT1tN2hN1 : 5.0815259 (0.02)%
   QqGbB1tC1wN1_QqGtT1tN3zN2hN1 : 5.0793072 (0.02)%
       GbB1tC1wN1_GbB1tC2zC1wN1 : 5.0735953 (0.02)%
   QqGtT1bC2wN1_QqGtT1tN3wC1wN1 : 5.0492189 (0.02)%
  GbB1tC2wN2hN1_QqGtT1bC2hC1wN1 : 5.0422080 (0.02)%
  GbB1tC2hC1wN1_QqGtT1bC2wN2hN1 : 5.0422080 (0.02)%
  GtT1bC2wN2hN1_QqGbB1tC2hC1wN1 : 5.0422080 (0.02)%
  GtT1bC2hC1wN1_QqGbB1tC2wN2hN1 : 5.0422080 (0.02)%
        T1bC2wN2hN1_T1bC2zC1wN1 : 5.0340086 (0.02)%
     GbB1tC1wN1_QqGbB1tC2wN2hN1 : 5.0318841 (0.02)%
     GbB1tC2wN2hN1_QqGbB1tC1wN1 : 5.0318841 (0.02)%
QqGbB1tC2zC1wN1_QqGtT1bC2hC1wN1 : 5.0191549 (0.02)%
QqGbB1tC2hC1wN1_QqGtT1bC2zC1wN1 : 5.0191549 (0.02)%
     GtT1tN2hN1_QqGbB1tC2zC1wN1 : 5.0110661 (0.02)%
     GbB1tC2zC1wN1_QqGtT1tN2hN1 : 5.0110661 (0.02)%
   QqGbB1tC1wN1_QqGbB1tC2zC1wN1 : 5.0088782 (0.02)%
     GbB2tC2zC1wN1_QqGtT1bC1wN1 : 5.0028649 (0.02)%
     GtT1bC1wN1_QqGbB2tC2zC1wN1 : 5.0028649 (0.02)%
  GtT1tN4wC1wN1_QqGtT1bC2hC1wN1 : 4.9323133 (0.02)%
  GtT1bC2hC1wN1_QqGtT1tN4wC1wN1 : 4.9323133 (0.02)%
          GtT1bC2zC1wN1_QqN2zN1 : 4.9318049 (0.02)%
     GbB1tC1wN1_QqGtT1tN4wC1wN1 : 4.9222144 (0.02)%
     GtT1tN4wC1wN1_QqGbB1tC1wN1 : 4.9222144 (0.02)%
          GbB1tC2wN1_GtT1bC1wN1 : 4.8960169 (0.02)%
    GbB1bN4wC1wN1_GtT1tN3wC1wN1 : 4.8903064 (0.02)%
     GtT1bC1wN1_QqGtT1tN4hN2hN1 : 4.8697941 (0.02)%
     GtT1tN4hN2hN1_QqGtT1bC1wN1 : 4.8697941 (0.02)%
      QqGbB1tC2wN1_QqGtT1bC1wN1 : 4.8335648 (0.02)%
QqGbB1bN4wC1wN1_QqGtT1tN3wC1wN1 : 4.8279272 (0.02)%
       GbB1tC2hC1wN1_GtT1tN2hN1 : 4.8262169 (0.02)%
       GbB2tC2hC1wN1_GtT1bC1wN1 : 4.8183183 (0.02)%
           B1tC1wN1_B1tC2hC1wN1 : 4.8137932 (0.02)%
           T1bC2wN2hN1_T1tN2hN1 : 4.7787557 (0.02)%
   QqGbB1tC2hC1wN1_QqGtT1tN2hN1 : 4.7646552 (0.02)%
   QqGbB2tC2hC1wN1_QqGtT1bC1wN1 : 4.7568573 (0.02)%
    GtT1bC2zC1wN1_GtT1tN3zN2hN1 : 4.7159533 (0.02)%
        QqGtT1bC2hC1wN1_QqN2zN1 : 4.6892915 (0.02)%
          GtT1tN1_GtT1tN3wC1wN1 : 4.6872661 (0.02)%
             GtT1tN2zN1_QqN2hN1 : 4.6817344 (0.02)%
             GtT1tN2hN1_QqN2zN1 : 4.6817344 (0.02)%
           QqGbB1tC1wN1_QqN2zN1 : 4.6796902 (0.02)%
  GtT1bC2wN2hN1_QqGtT1tN3zN2hN1 : 4.6771823 (0.02)%
  GtT1tN3zN2hN1_QqGtT1bC2wN2hN1 : 4.6771823 (0.02)%
QqGtT1bC2zC1wN1_QqGtT1tN3zN2hN1 : 4.6557980 (0.02)%
    GbB1tC2zC1wN1_GtT1bC2zC1wN1 : 4.6505625 (0.02)%
      QqGtT1tN1_QqGtT1tN3wC1wN1 : 4.6274768 (0.02)%
  GbB1tC2wN2hN1_QqGtT1bC2zC1wN1 : 4.6123291 (0.02)%
  GtT1bC2zC1wN1_QqGbB1tC2wN2hN1 : 4.6123291 (0.02)%
  GtT1bC2wN2hN1_QqGbB1tC2zC1wN1 : 4.6123291 (0.02)%
  GbB1tC2zC1wN1_QqGtT1bC2wN2hN1 : 4.6123291 (0.02)%
QqGbB1tC2zC1wN1_QqGtT1bC2zC1wN1 : 4.5912414 (0.02)%
  GtT1bC2zC1wN1_QqGtT1tN4wC1wN1 : 4.5118036 (0.02)%
  GtT1tN4wC1wN1_QqGtT1bC2zC1wN1 : 4.5118036 (0.02)%
     GbB1bN2hN1_QqGtT1bC2hC1wN1 : 4.4998606 (0.02)%
     GtT1bC2hC1wN1_QqGbB1bN2hN1 : 4.4998606 (0.02)%
        GbB1bN2hN1_QqGbB1tC1wN1 : 4.4906472 (0.02)%
        GbB1tC1wN1_QqGbB1bN2hN1 : 4.4906472 (0.02)%
       GtT1tN2hN1_GtT1tN3zN2hN1 : 4.4768276 (0.02)%
    GbB1tC2wN2hN1_GtT1bC2hC1wN1 : 4.4421886 (0.02)%
    GbB1tC2hC1wN1_GtT1bC2wN2hN1 : 4.4421886 (0.02)%
       GbB1tC1wN1_GbB1tC2wN2hN1 : 4.4330932 (0.02)%
   QqGtT1tN2hN1_QqGtT1tN3zN2hN1 : 4.4197226 (0.02)%
       GbB1tC2zC1wN1_GtT1tN2hN1 : 4.4147525 (0.02)%
       GbB2tC2zC1wN1_GtT1bC1wN1 : 4.4075273 (0.02)%
           B1tC1wN1_B1tC2zC1wN1 : 4.4033880 (0.02)%
QqGbB1tC2wN2hN1_QqGtT1bC2hC1wN1 : 4.3855254 (0.02)%
QqGbB1tC2hC1wN1_QqGtT1bC2wN2hN1 : 4.3855254 (0.02)%
     GtT1tN2hN1_QqGbB1tC2wN2hN1 : 4.3784578 (0.02)%
     GbB1tC2wN2hN1_QqGtT1tN2hN1 : 4.3784578 (0.02)%
   QqGbB1tC1wN1_QqGbB1tC2wN2hN1 : 4.3765460 (0.02)%
     GtT1bC1wN1_QqGbB2tC2wN2hN1 : 4.3712919 (0.02)%
     GbB2tC2wN2hN1_QqGtT1bC1wN1 : 4.3712919 (0.02)%
              T1bC1wN1_T1tN3zN1 : 4.3671682 (0.02)%
   QqGbB1tC2zC1wN1_QqGtT1tN2hN1 : 4.3584393 (0.02)%
   QqGbB2tC2zC1wN1_QqGtT1bC1wN1 : 4.3513062 (0.02)%
    GtT1bC2hC1wN1_GtT1tN4wC1wN1 : 4.3453712 (0.02)%
       GbB1tC1wN1_GtT1tN4wC1wN1 : 4.3364741 (0.02)%
          GtT1bC2wN2hN1_QqN2zN1 : 4.3092027 (0.02)%
          GtT1bC2wN2zN1_QqN2hN1 : 4.3092027 (0.02)%
       GtT1bC1wN1_GtT1tN4hN2hN1 : 4.2902918 (0.02)%
QqGtT1bC2hC1wN1_QqGtT1tN4wC1wN1 : 4.2899431 (0.02)%
        QqGtT1bC2zC1wN1_QqN2zN1 : 4.2895009 (0.02)%
     GtT1tN2hN1_QqGtT1tN4wC1wN1 : 4.2830295 (0.02)%
     GtT1tN4wC1wN1_QqGtT1tN2hN1 : 4.2830295 (0.02)%
   QqGbB1tC1wN1_QqGtT1tN4wC1wN1 : 4.2811594 (0.02)%
        T1bC2hC1wN1_T1tN3zN2hN1 : 4.2796960 (0.02)%
           T1bC2wN1_T1tN3wC1wN1 : 4.2456336 (0.02)%
   QqGtT1bC1wN1_QqGtT1tN4hN2hN1 : 4.2355662 (0.02)%
  GbB1tC2hC1wN1_QqGbB1tC2hC1wN1 : 4.2272285 (0.02)%
             QqC1wN1_QqC2hC1wN1 : 4.1888095 (0.02)%
     GtT1tN3zN1_QqGtT1tN3wC1wN1 : 4.1798713 (0.02)%
     GtT1tN3wC1wN1_QqGtT1tN3zN1 : 4.1798713 (0.02)%
    GtT1bC2hC1wN1_GtT1bC2hC1wN1 : 4.1471612 (0.02)%
  GbB1bN3wC1wN1_QqGtT1bC2hC1wN1 : 4.1335407 (0.02)%
  GtT1bC2hC1wN1_QqGbB1bN3wC1wN1 : 4.1335407 (0.02)%
          GbB1tC1wN1_GbB1tC1wN1 : 4.1301959 (0.02)%
     GbB1tC1wN1_QqGbB1bN3wC1wN1 : 4.1250772 (0.02)%
     GbB1bN3wC1wN1_QqGbB1tC1wN1 : 4.1250772 (0.02)%
    GtT1bC2wN2hN1_GtT1tN3zN2hN1 : 4.1206006 (0.02)%
     GtT1bC2zC1wN1_QqGbB1bN2hN1 : 4.1162201 (0.02)%
     GbB1bN2hN1_QqGtT1bC2zC1wN1 : 4.1162201 (0.02)%
QqGtT1bC2hC1wN1_QqGtT1bC2hC1wN1 : 4.0942613 (0.02)%
      QqGbB1tC1wN1_QqGbB1tC1wN1 : 4.0775124 (0.02)%
           QqGtT1tN2zN1_QqN2hN1 : 4.0719988 (0.02)%
           QqGtT1tN2hN1_QqN2zN1 : 4.0719988 (0.02)%
QqGtT1bC2wN2hN1_QqGtT1tN3zN2hN1 : 4.0680395 (0.02)%
    GbB1tC2wN2hN1_GtT1bC2zC1wN1 : 4.0634649 (0.02)%
    GbB1tC2zC1wN1_GtT1bC2wN2hN1 : 4.0634649 (0.02)%
  GbB1tC2wN2hN1_QqGtT1bC2wN2hN1 : 4.0300582 (0.02)%
  GtT1bC2wN2hN1_QqGbB1tC2wN2hN1 : 4.0300582 (0.02)%
                 C1wN1_N3zN2hN1 : 4.0208223 (0.02)%
QqGbB1tC2zC1wN1_QqGtT1bC2wN2hN1 : 4.0116327 (0.02)%
QqGbB1tC2wN2hN1_QqGtT1bC2zC1wN1 : 4.0116327 (0.02)%
                    C2wN1_N3zN1 : 4.0042269 (0.02)%
                 N2hN1_N3wC1wN1 : 3.9806785 (0.02)%
                GtT1bC1wN1_QqN1 : 3.9801384 (0.02)%
    GtT1bC2zC1wN1_GtT1tN4wC1wN1 : 3.9749019 (0.02)%
       GbB1bN2hN1_GtT1bC2hC1wN1 : 3.9643802 (0.02)%
          GbB1bN2hN1_GbB1tC1wN1 : 3.9562631 (0.02)%
  GtT1bC2wN2hN1_QqGtT1tN4wC1wN1 : 3.9422233 (0.02)%
  GtT1tN4wC1wN1_QqGtT1bC2wN2hN1 : 3.9422233 (0.02)%
QqGtT1bC2zC1wN1_QqGtT1tN4wC1wN1 : 3.9241993 (0.02)%
  GbB1tC2hC1wN1_QqGtT1tN3zN2hN1 : 3.9212024 (0.02)%
  GtT1tN3zN2hN1_QqGbB1tC2hC1wN1 : 3.9212024 (0.02)%
        T1bC2zC1wN1_T1tN3zN2hN1 : 3.9148259 (0.02)%
   QqGbB1bN2hN1_QqGtT1bC2hC1wN1 : 3.9138118 (0.02)%
        GtT1tN2hN1_QqGbB1bN2hN1 : 3.9075044 (0.02)%
        GbB1bN2hN1_QqGtT1tN2hN1 : 3.9075044 (0.02)%
      QqGbB1bN2hN1_QqGbB1tC1wN1 : 3.9057982 (0.02)%
             GbB2tC2wN1_QqN2hN1 : 3.8939087 (0.02)%
              T1tN1_T1tN3wC1wN1 : 3.8910120 (0.02)%
     GbB1tC2wN1_QqGtT1tN3wC1wN1 : 3.8899933 (0.02)%
     GtT1tN3wC1wN1_QqGbB1tC2wN1 : 3.8899933 (0.02)%
  GbB1tC2zC1wN1_QqGbB1tC2hC1wN1 : 3.8668315 (0.02)%
  GbB1tC2hC1wN1_QqGbB1tC2zC1wN1 : 3.8668315 (0.02)%
       GbB1tC2wN2hN1_GtT1tN2hN1 : 3.8574242 (0.02)%
       GbB2tC2wN2hN1_GtT1bC1wN1 : 3.8511110 (0.02)%
           B1tC1wN1_B1tC2wN2hN1 : 3.8474943 (0.02)%
             QqC1wN1_QqC2zC1wN1 : 3.8316880 (0.02)%
  GbB2tC2hC1wN1_QqGtT1tN3wC1wN1 : 3.8282600 (0.02)%
  GtT1tN3wC1wN1_QqGbB2tC2hC1wN1 : 3.8282600 (0.02)%
   QqGbB1tC2wN2hN1_QqGtT1tN2hN1 : 3.8082201 (0.02)%
   QqGbB2tC2wN2hN1_QqGtT1bC1wN1 : 3.8019875 (0.02)%
     GtT1bC2wN1_QqGtT1bC2hC1wN1 : 3.7956498 (0.02)%
     GtT1bC2hC1wN1_QqGtT1bC2wN1 : 3.7956498 (0.02)%
        GbB1tC1wN1_QqGtT1bC2wN1 : 3.7878782 (0.02)%
        GtT1bC2wN1_QqGbB1tC1wN1 : 3.7878782 (0.02)%
  GbB1bN3wC1wN1_QqGtT1bC2zC1wN1 : 3.7811311 (0.02)%
  GtT1bC2zC1wN1_QqGbB1bN3wC1wN1 : 3.7811311 (0.02)%
       GtT1tN2hN1_GtT1tN4wC1wN1 : 3.7733518 (0.02)%
     GbB2bN3wC1wN1_QqGtT1bC1wN1 : 3.7620659 (0.02)%
     GtT1bC1wN1_QqGbB2bN3wC1wN1 : 3.7620659 (0.02)%
                    C2wN1_N4hN1 : 3.7608595 (0.02)%
        QqGtT1bC2wN2hN1_QqN2zN1 : 3.7479845 (0.02)%
        QqGtT1bC2wN2zN1_QqN2hN1 : 3.7479845 (0.02)%
     GbB2bN4wC1wN1_QqGtT1bC1wN1 : 3.7359360 (0.02)%
     GtT1bC1wN1_QqGbB2bN4wC1wN1 : 3.7359360 (0.02)%
   QqGtT1tN2hN1_QqGtT1tN4wC1wN1 : 3.7252201 (0.02)%
                 N3zN1_N4hN2hN1 : 3.7208888 (0.02)%
           T1tN2hN1_T1tN3zN2hN1 : 3.7163219 (0.02)%
                GbB1bN1_QqN2hN1 : 3.6976042 (0.02)%
       GtT1tN3wC1wN1_GtT1tN3zN1 : 3.6824694 (0.02)%
     GtT1bC1wN1_QqGbB1bN3zN2hN1 : 3.6705327 (0.02)%
     GbB1bN3zN2hN1_QqGtT1bC1wN1 : 3.6705327 (0.02)%
    GbB1bN3wC1wN1_GtT1bC2hC1wN1 : 3.6416520 (0.02)%
  GtT1tN3zN2hN1_QqGtT1tN3zN2hN1 : 3.6373307 (0.02)%
              C2hC1wN1_C2wN2zN1 : 3.6358806 (0.02)%
   QqGtT1tN3wC1wN1_QqGtT1tN3zN1 : 3.6354969 (0.02)%
       GbB1bN3wC1wN1_GbB1tC1wN1 : 3.6341957 (0.02)%
  GbB1bN4wC1wN1_QqGtT1bC2hC1wN1 : 3.6292981 (0.02)%
  GtT1bC2hC1wN1_QqGbB1bN4wC1wN1 : 3.6292981 (0.02)%
       GbB1bN2hN1_GtT1bC2zC1wN1 : 3.6263926 (0.02)%
     GbB1tC1wN1_QqGbB1bN4wC1wN1 : 3.6218671 (0.02)%
     GbB1bN4wC1wN1_QqGbB1tC1wN1 : 3.6218671 (0.02)%
          GbB1tC2hC1wN1_QqN2zN1 : 3.6126999 (0.02)%
        T1bC2hC1wN1_T1tN4wC1wN1 : 3.6071968 (0.02)%
     GtT1bC2wN2hN1_QqGbB1bN2hN1 : 3.5965792 (0.02)%
     GbB1bN2hN1_QqGtT1bC2wN2hN1 : 3.5965792 (0.02)%
QqGbB1bN3wC1wN1_QqGtT1bC2hC1wN1 : 3.5952003 (0.02)%
     GtT1tN2hN1_QqGbB1bN3wC1wN1 : 3.5894063 (0.02)%
     GbB1bN3wC1wN1_QqGtT1tN2hN1 : 3.5894063 (0.02)%
   QqGbB1bN3wC1wN1_QqGbB1tC1wN1 : 3.5878391 (0.02)%
  GbB1tC2zC1wN1_QqGtT1tN3zN2hN1 : 3.5868960 (0.02)%
  GtT1tN3zN2hN1_QqGbB1tC2zC1wN1 : 3.5868960 (0.02)%
              B1tC1wN1_B1tC1wN1 : 3.5846089 (0.02)%
     GbB1bN4hN2hN1_QqGtT1bC1wN1 : 3.5832952 (0.02)%
     GtT1bC1wN1_QqGbB1bN4hN2hN1 : 3.5832952 (0.02)%
   QqGbB1bN2hN1_QqGtT1bC2zC1wN1 : 3.5801355 (0.02)%
           T1bC1wN1_T1tN4hN2hN1 : 3.5614741 (0.02)%
    GbB1tC2wN2hN1_GtT1bC2wN2hN1 : 3.5504839 (0.02)%
  GbB1tC2zC1wN1_QqGbB1tC2zC1wN1 : 3.5371606 (0.02)%
QqGbB1tC2wN2hN1_QqGtT1bC2wN2hN1 : 3.5051951 (0.02)%
  GbB2tC2zC1wN1_QqGtT1tN3wC1wN1 : 3.5018775 (0.02)%
  GtT1tN3wC1wN1_QqGbB2tC2zC1wN1 : 3.5018775 (0.02)%
             GtT1tN4hN1_QqN2hN1 : 3.4800303 (0.02)%
        GtT1tN1_QqGtT1bC2hC1wN1 : 3.4786136 (0.02)%
        GtT1bC2hC1wN1_QqGtT1tN1 : 3.4786136 (0.02)%
    GtT1bC2wN2hN1_GtT1tN4wC1wN1 : 3.4731013 (0.02)%
     GtT1bC2wN1_QqGtT1bC2zC1wN1 : 3.4720475 (0.02)%
     GtT1bC2zC1wN1_QqGtT1bC2wN1 : 3.4720475 (0.02)%
           GtT1tN1_QqGbB1tC1wN1 : 3.4714911 (0.02)%
           GbB1tC1wN1_QqGtT1tN1 : 3.4714911 (0.02)%
    GtT1bC2zC1wN1_GtT1bC2zC1wN1 : 3.4701637 (0.02)%
              QqGtT1bC1wN1_QqN1 : 3.4617767 (0.02)%
    GbB1tC2hC1wN1_GtT1tN3zN2hN1 : 3.4545818 (0.02)%
        T1bC2hC1wN1_T1bC2hC1wN1 : 3.4426579 (0.02)%
          GbB1bN2hN1_GtT1tN2hN1 : 3.4425139 (0.02)%
              B1bN2hN1_B1tC1wN1 : 3.4336521 (0.02)%
QqGtT1bC2wN2hN1_QqGtT1tN4wC1wN1 : 3.4287995 (0.02)%
       GbB1tC2wN1_GtT1tN3wC1wN1 : 3.4270866 (0.02)%
QqGtT1bC2zC1wN1_QqGtT1bC2zC1wN1 : 3.4258994 (0.02)%
              C2hC1wN1_N4hN2zN1 : 3.4212112 (0.01)%
        T1bC2wN2hN1_T1tN3zN2hN1 : 3.4206094 (0.01)%
QqGbB1tC2hC1wN1_QqGtT1tN3zN2hN1 : 3.4105163 (0.01)%
  GtT1tN3wC1wN1_QqGtT1tN4hN2hN1 : 3.4087314 (0.01)%
  GtT1tN4hN2hN1_QqGtT1tN3wC1wN1 : 3.4087314 (0.01)%
    GbB1tC2hC1wN1_GbB1tC2zC1wN1 : 3.4066811 (0.01)%
      QqGbB1bN2hN1_QqGtT1tN2hN1 : 3.3986023 (0.01)%
           QqGbB2tC2wN1_QqN2hN1 : 3.3867773 (0.01)%
   QqGbB1tC2wN1_QqGtT1tN3wC1wN1 : 3.3833718 (0.01)%
  GbB1tC2wN2hN1_QqGbB1tC2hC1wN1 : 3.3786739 (0.01)%
  GbB1tC2hC1wN1_QqGbB1tC2wN2hN1 : 3.3786739 (0.01)%
    GbB2tC2hC1wN1_GtT1tN3wC1wN1 : 3.3726996 (0.01)%
QqGbB1tC2hC1wN1_QqGbB1tC2zC1wN1 : 3.3632265 (0.01)%
          GtT1tN3zN2zN1_QqN2hN1 : 3.3511620 (0.01)%
          GtT1tN3zN2hN1_QqN2zN1 : 3.3511620 (0.01)%
             QqC1wN1_QqC2wN2hN1 : 3.3479670 (0.01)%
        B2tC2hC1wN1_B2tC2zC1wN1 : 3.3476408 (0.01)%
       GtT1bC2hC1wN1_GtT1bC2wN1 : 3.3439699 (0.01)%
          GbB1tC1wN1_GtT1bC2wN1 : 3.3371231 (0.01)%
    GbB1bN3wC1wN1_GtT1bC2zC1wN1 : 3.3311790 (0.01)%
QqGbB2tC2hC1wN1_QqGtT1tN3wC1wN1 : 3.3296785 (0.01)%
              C2wN2zN1_C2zC1wN1 : 3.3258996 (0.01)%
  GtT1bC2zC1wN1_QqGbB1bN4wC1wN1 : 3.3198784 (0.01)%
  GbB1bN4wC1wN1_QqGtT1bC2zC1wN1 : 3.3198784 (0.01)%
       GbB2bN3wC1wN1_GtT1bC1wN1 : 3.3143825 (0.01)%
  GbB1tC2hC1wN1_QqGtT1tN4wC1wN1 : 3.3050359 (0.01)%
  GtT1tN4wC1wN1_QqGbB1tC2hC1wN1 : 3.3050359 (0.01)%
          GbB1tC2zC1wN1_QqN2zN1 : 3.3046952 (0.01)%
  GbB1bN3wC1wN1_QqGtT1bC2wN2hN1 : 3.3037926 (0.01)%
  GtT1bC2wN2hN1_QqGbB1bN3wC1wN1 : 3.3037926 (0.01)%
   QqGtT1bC2hC1wN1_QqGtT1bC2wN1 : 3.3013153 (0.01)%
        T1bC2zC1wN1_T1tN4wC1wN1 : 3.2996613 (0.01)%
        GtT1tN2hN1_QqGtT1bC2wN1 : 3.2959950 (0.01)%
        GtT1bC2wN1_QqGtT1tN2hN1 : 3.2959950 (0.01)%
      QqGbB1tC1wN1_QqGtT1bC2wN1 : 3.2945558 (0.01)%
       GbB2bN4wC1wN1_GtT1bC1wN1 : 3.2913621 (0.01)%
QqGbB1bN3wC1wN1_QqGtT1bC2zC1wN1 : 3.2886875 (0.01)%
          GbB1wT1bC1wN1_QqC1wN1 : 3.2857787 (0.01)%
   QqGbB2bN3wC1wN1_QqGtT1bC1wN1 : 3.2721053 (0.01)%
   QqGbB2bN4wC1wN1_QqGtT1bC1wN1 : 3.2493785 (0.01)%
       GbB1bN3zN2hN1_GtT1bC1wN1 : 3.2337417 (0.01)%
                 N3zN2hN1_N4hN1 : 3.2240523 (0.01)%
              QqGbB1bN1_QqN2hN1 : 3.2160389 (0.01)%
    GbB1bN4wC1wN1_GtT1bC2hC1wN1 : 3.1974140 (0.01)%
   QqGbB1bN3zN2hN1_QqGtT1bC1wN1 : 3.1924931 (0.01)%
       GbB1bN4wC1wN1_GbB1tC1wN1 : 3.1908673 (0.01)%
        GtT1bC2zC1wN1_QqGtT1tN1 : 3.1820406 (0.01)%
        GtT1tN1_QqGtT1bC2zC1wN1 : 3.1820406 (0.01)%
       GbB1bN2hN1_GtT1bC2wN2hN1 : 3.1685886 (0.01)%
       GbB1bN3wC1wN1_GtT1tN2hN1 : 3.1622693 (0.01)%
    GbB1tC2zC1wN1_GtT1tN3zN2hN1 : 3.1600577 (0.01)%
       GbB1bN4hN2hN1_GtT1bC1wN1 : 3.1568854 (0.01)%
QqGbB1bN4wC1wN1_QqGtT1bC2hC1wN1 : 3.1566288 (0.01)%
              C2hC1wN1_N3zN2zN1 : 3.1562169 (0.01)%
           B1bN3wC1wN1_B1tC1wN1 : 3.1541289 (0.01)%
     GtT1tN2hN1_QqGbB1bN4wC1wN1 : 3.1515417 (0.01)%
     GbB1bN4wC1wN1_QqGtT1tN2hN1 : 3.1515417 (0.01)%
   QqGbB1bN4wC1wN1_QqGbB1tC1wN1 : 3.1501656 (0.01)%
        QqGbB1tC2hC1wN1_QqN2zN1 : 3.1421923 (0.01)%
  GbB1tC2wN2hN1_QqGtT1tN3zN2hN1 : 3.1340781 (0.01)%
  GtT1tN3zN2hN1_QqGbB1tC2wN2hN1 : 3.1340781 (0.01)%
           T1tN2hN1_T1tN4wC1wN1 : 3.1323498 (0.01)%
              C2zC1wN1_N4hN2zN1 : 3.1295321 (0.01)%
   QqGbB1bN2hN1_QqGtT1bC2wN2hN1 : 3.1281711 (0.01)%
          GtT1tN2hN1_GtT1tN2hN1 : 3.1271717 (0.01)%
   QqGbB1bN3wC1wN1_QqGtT1tN2hN1 : 3.1219324 (0.01)%
QqGbB1tC2zC1wN1_QqGtT1tN3zN2hN1 : 3.1197490 (0.01)%
   QqGbB1bN4hN2hN1_QqGtT1bC1wN1 : 3.1166172 (0.01)%
  GbB1tC2zC1wN1_QqGbB1tC2wN2hN1 : 3.0906214 (0.01)%
  GbB1tC2wN2hN1_QqGbB1tC2zC1wN1 : 3.0906214 (0.01)%
      QqGtT1tN2hN1_QqGtT1tN2hN1 : 3.0872825 (0.01)%
    GbB2tC2zC1wN1_GtT1tN3wC1wN1 : 3.0851564 (0.01)%
  GtT1tN4wC1wN1_QqGtT1tN3zN2hN1 : 3.0657710 (0.01)%
  GtT1tN3zN2hN1_QqGtT1tN4wC1wN1 : 3.0657710 (0.01)%
          GtT1bC2hC1wN1_GtT1tN1 : 3.0646608 (0.01)%
  GbB2tC2wN2hN1_QqGtT1tN3wC1wN1 : 3.0597926 (0.01)%
  GtT1tN3wC1wN1_QqGbB2tC2wN2hN1 : 3.0597926 (0.01)%
       GtT1bC2wN1_GtT1bC2zC1wN1 : 3.0588761 (0.01)%
             GbB1tC1wN1_GtT1tN1 : 3.0583859 (0.01)%
           T1tN3wC1wN1_T1tN3zN1 : 3.0569061 (0.01)%
QqGbB2tC2zC1wN1_QqGtT1tN3wC1wN1 : 3.0458031 (0.01)%
     GtT1bC2wN1_QqGtT1bC2wN2hN1 : 3.0337284 (0.01)%
     GtT1bC2wN2hN1_QqGtT1bC2wN1 : 3.0337284 (0.01)%
             GbB1bN3zN1_QqN2hN1 : 3.0272350 (0.01)%
           QqGtT1tN4hN1_QqN2hN1 : 3.0268012 (0.01)%
      QqGtT1bC2hC1wN1_QqGtT1tN1 : 3.0255690 (0.01)%
  GbB1tC2zC1wN1_QqGtT1tN4wC1wN1 : 3.0232614 (0.01)%
  GtT1tN4wC1wN1_QqGbB1tC2zC1wN1 : 3.0232614 (0.01)%
           GtT1tN2hN1_QqGtT1tN1 : 3.0206930 (0.01)%
           GtT1tN1_QqGtT1tN2hN1 : 3.0206930 (0.01)%
   QqGtT1bC2wN1_QqGtT1bC2zC1wN1 : 3.0198581 (0.01)%
         QqGbB1tC1wN1_QqGtT1tN1 : 3.0193741 (0.01)%
     GbB1bN2hN1_QqGbB1tC2hC1wN1 : 3.0152587 (0.01)%
     GbB1tC2hC1wN1_QqGbB1bN2hN1 : 3.0152587 (0.01)%
          GtT1tN3hN2hN1_QqC1wN1 : 3.0038001 (0.01)%
    GtT1tN3wC1wN1_GtT1tN4hN2hN1 : 3.0030946 (0.01)%
          GbB2bN4hN2hN1_QqN2hN1 : 2.9811884 (0.01)%
    GbB1tC2hC1wN1_GbB1tC2wN2hN1 : 2.9766139 (0.01)%
QqGtT1tN3wC1wN1_QqGtT1tN4hN2hN1 : 2.9647880 (0.01)%
        B1tC2hC1wN1_B1tC2zC1wN1 : 2.9566683 (0.01)%
QqGbB1tC2hC1wN1_QqGbB1tC2wN2hN1 : 2.9386452 (0.01)%
        B2tC2hC1wN1_B2tC2wN2hN1 : 2.9250270 (0.01)%
    GbB1bN4wC1wN1_GtT1bC2zC1wN1 : 2.9248150 (0.01)%
          GtT1tN4hN2zN1_QqC1wN1 : 2.9159643 (0.01)%
        QqGtT1tN3zN2hN1_QqN2zN1 : 2.9147163 (0.01)%
        QqGtT1tN3zN2zN1_QqN2hN1 : 2.9147163 (0.01)%
    GbB1tC2hC1wN1_GtT1tN4wC1wN1 : 2.9117388 (0.01)%
    GbB1bN3wC1wN1_GtT1bC2wN2hN1 : 2.9106434 (0.01)%
              N3wC1wN1_N4hN2zN1 : 2.9095408 (0.01)%
              C2wN2hN1_C2wN2zN1 : 2.9060305 (0.01)%
          GtT1bC2wN1_GtT1tN2hN1 : 2.9037737 (0.01)%
  GtT1bC2wN2hN1_QqGbB1bN4wC1wN1 : 2.9007694 (0.01)%
  GbB1bN4wC1wN1_QqGtT1bC2wN2hN1 : 2.9007694 (0.01)%
QqGbB1bN4wC1wN1_QqGtT1bC2zC1wN1 : 2.8875070 (0.01)%
          GbB1tC2wN2hN1_QqN2zN1 : 2.8875030 (0.01)%
          GbB1tC2wN2zN1_QqN2hN1 : 2.8875030 (0.01)%
              C2zC1wN1_N3zN2zN1 : 2.8871302 (0.01)%
        T1bC2wN2hN1_T1tN4wC1wN1 : 2.8831046 (0.01)%
             GbB2bN3zN1_QqC1wN1 : 2.8808473 (0.01)%
        T1bC2zC1wN1_T1bC2zC1wN1 : 2.8806661 (0.01)%
             GtT1tN3hN1_QqN2hN1 : 2.8763701 (0.01)%
QqGbB1tC2hC1wN1_QqGtT1tN4wC1wN1 : 2.8745975 (0.01)%
        QqGbB1tC2zC1wN1_QqN2zN1 : 2.8743012 (0.01)%
QqGbB1bN3wC1wN1_QqGtT1bC2wN2hN1 : 2.8735162 (0.01)%
      QqGtT1bC2wN1_QqGtT1tN2hN1 : 2.8667341 (0.01)%
        T2bC2hC1wN1_T2tN4wC1wN1 : 2.8601075 (0.01)%
        QqC1wN1_QqGbB1wT1bC1wN1 : 2.8578484 (0.01)%
          GtT1tN4wC1wN1_QqN2zN1 : 2.8245700 (0.01)%
          GtT1bC2zC1wN1_GtT1tN1 : 2.8033798 (0.01)%
        T2tN3wC1wN1_T2tN4wC1wN1 : 2.8026609 (0.01)%
     GbB1bN2hN1_QqGtT1tN3zN2hN1 : 2.7969720 (0.01)%
     GtT1tN3zN2hN1_QqGbB1bN2hN1 : 2.7969720 (0.01)%
             GtT1tN3wC1wN1_QqN1 : 2.7859951 (0.01)%
        GtT1bC2wN2hN1_QqGtT1tN1 : 2.7803325 (0.01)%
        GtT1tN1_QqGtT1bC2wN2hN1 : 2.7803325 (0.01)%
       GbB1bN4wC1wN1_GtT1tN2hN1 : 2.7765103 (0.01)%
           T1bC2hC1wN1_T1bC2wN1 : 2.7759096 (0.01)%
  GbB1bN3wC1wN1_QqGbB1tC2hC1wN1 : 2.7697957 (0.01)%
  GbB1tC2hC1wN1_QqGbB1bN3wC1wN1 : 2.7697957 (0.01)%
           B1bN4wC1wN1_B1tC1wN1 : 2.7693629 (0.01)%
      QqGtT1bC2zC1wN1_QqGtT1tN1 : 2.7676208 (0.01)%
    GbB1tC2wN2hN1_GtT1tN3zN2hN1 : 2.7611249 (0.01)%
     GbB1bN2hN1_QqGbB1tC2zC1wN1 : 2.7581896 (0.01)%
     GbB1tC2zC1wN1_QqGbB1bN2hN1 : 2.7581896 (0.01)%
             GbB2bN4hN1_QqC1wN1 : 2.7561429 (0.01)%
             QqC1wN1_QqN4wC1wN1 : 2.7505605 (0.01)%
   QqGbB1bN4wC1wN1_QqGtT1tN2hN1 : 2.7410940 (0.01)%
              C2wN2zN1_N4hN2hN1 : 2.7344529 (0.01)%
              C2wN2hN1_N4hN2zN1 : 2.7344529 (0.01)%
     GtT1tN3zN1_QqGtT1bC2hC1wN1 : 2.7329124 (0.01)%
     GtT1bC2hC1wN1_QqGtT1tN3zN1 : 2.7329124 (0.01)%
        GbB1tC1wN1_QqGtT1tN3zN1 : 2.7273168 (0.01)%
        GtT1tN3zN1_QqGbB1tC1wN1 : 2.7273168 (0.01)%
QqGbB1tC2wN2hN1_QqGtT1tN3zN2hN1 : 2.7259048 (0.01)%
    GbB1tC2wN2hN1_GbB1tC2zC1wN1 : 2.7228395 (0.01)%
                 C2hC1wN1_N3hN1 : 2.7090448 (0.01)%
    GtT1tN3zN2hN1_GtT1tN4wC1wN1 : 2.7009463 (0.01)%
  GbB1tC2wN2hN1_QqGbB1tC2wN2hN1 : 2.7004543 (0.01)%
          GbB2bN3zN2hN1_QqN2hN1 : 2.6999972 (0.01)%
    GbB2tC2wN2hN1_GtT1tN3wC1wN1 : 2.6956793 (0.01)%
QqGbB1tC2wN2hN1_QqGbB1tC2zC1wN1 : 2.6881078 (0.01)%
        B2tC2wN2hN1_B2tC2zC1wN1 : 2.6756507 (0.01)%
       GtT1bC2wN1_GtT1bC2wN2hN1 : 2.6727167 (0.01)%
QqGtT1tN3zN2hN1_QqGtT1tN4wC1wN1 : 2.6664938 (0.01)%
    GbB1tC2zC1wN1_GtT1tN4wC1wN1 : 2.6634953 (0.01)%
QqGbB2tC2wN2hN1_QqGtT1tN3wC1wN1 : 2.6612940 (0.01)%
             GtT1tN1_GtT1tN2hN1 : 2.6612325 (0.01)%
       GbB1bN2hN1_GbB1tC2hC1wN1 : 2.6564449 (0.01)%
        GtT1bC1wN1_QqGtT1tN2zN1 : 2.6510731 (0.01)%
        GtT1tN2zN1_QqGtT1bC1wN1 : 2.6510731 (0.01)%
    GtT1bC2wN2hN1_GtT1bC2wN2hN1 : 2.6493054 (0.01)%
  GbB1tC2wN2hN1_QqGtT1tN4wC1wN1 : 2.6415981 (0.01)%
  GtT1tN4wC1wN1_QqGbB1tC2wN2hN1 : 2.6415981 (0.01)%
   QqGtT1bC2wN1_QqGtT1bC2wN2hN1 : 2.6386243 (0.01)%
  GbB2bN3wC1wN1_QqGtT1tN3wC1wN1 : 2.6333500 (0.01)%
  GtT1tN3wC1wN1_QqGbB2bN3wC1wN1 : 2.6333500 (0.01)%
           QqGbB1bN3zN1_QqN2hN1 : 2.6329766 (0.01)%
QqGbB1tC2zC1wN1_QqGtT1tN4wC1wN1 : 2.6295206 (0.01)%
         QqGtT1tN1_QqGtT1tN2hN1 : 2.6272867 (0.01)%
   QqGbB1bN2hN1_QqGbB1tC2hC1wN1 : 2.6225601 (0.01)%
          GbB2tC2wN2zN1_QqC1wN1 : 2.6174682 (0.01)%
              N3zN2zN1_N4wC1wN1 : 2.6168052 (0.01)%
        T2bC2zC1wN1_T2tN4wC1wN1 : 2.6162659 (0.01)%
QqGtT1bC2wN2hN1_QqGtT1bC2wN2hN1 : 2.6155117 (0.01)%
  GbB2bN4wC1wN1_QqGtT1tN3wC1wN1 : 2.6150597 (0.01)%
  GtT1tN3wC1wN1_QqGbB2bN4wC1wN1 : 2.6150597 (0.01)%
             GbB2tC1wN1_QqC1wN1 : 2.6131926 (0.01)%
        QqC1wN1_QqGtT1tN3hN2hN1 : 2.6125938 (0.01)%
                 C2hC1wN1_N4zN1 : 2.6040484 (0.01)%
              T1tN2hN1_T1tN2hN1 : 2.5959402 (0.01)%
        QqGbB2bN4hN2hN1_QqN2hN1 : 2.5929270 (0.01)%
  GtT1tN4wC1wN1_QqGtT1tN4wC1wN1 : 2.5840245 (0.01)%
        B1tC2hC1wN1_B1tC2wN2hN1 : 2.5834118 (0.01)%
             GbB1bN2hN1_QqN2zN1 : 2.5769189 (0.01)%
             GbB1bN2zN1_QqN2hN1 : 2.5769189 (0.01)%
  GbB1bN3zN2hN1_QqGtT1tN3wC1wN1 : 2.5692790 (0.01)%
  GbB1bN3wC1wN1_QqGtT1tN3zN2hN1 : 2.5692790 (0.01)%
  GtT1tN3wC1wN1_QqGbB1bN3zN2hN1 : 2.5692790 (0.01)%
  GtT1tN3zN2hN1_QqGbB1bN3wC1wN1 : 2.5692790 (0.01)%
             GbB1bN4hN1_QqN2hN1 : 2.5606783 (0.01)%
    GbB1bN4wC1wN1_GtT1bC2wN2hN1 : 2.5555797 (0.01)%
              T1bC2hC1wN1_T1tN1 : 2.5440484 (0.01)%
     GbB1tC2wN1_QqGtT1bC2hC1wN1 : 2.5433823 (0.01)%
     GtT1bC2hC1wN1_QqGbB1tC2wN1 : 2.5433823 (0.01)%
     GtT1bC2wN1_QqGbB1tC2hC1wN1 : 2.5433823 (0.01)%
     GbB1tC2hC1wN1_QqGtT1bC2wN1 : 2.5433823 (0.01)%
           T1bC2wN1_T1bC2zC1wN1 : 2.5392464 (0.01)%
        GbB1tC1wN1_QqGbB1tC2wN1 : 2.5381748 (0.01)%
        GbB1tC2wN1_QqGbB1tC1wN1 : 2.5381748 (0.01)%
        QqC1wN1_QqGtT1tN4hN2zN1 : 2.5361975 (0.01)%
  GbB1bN3wC1wN1_QqGbB1tC2zC1wN1 : 2.5336537 (0.01)%
  GbB1tC2zC1wN1_QqGbB1bN3wC1wN1 : 2.5336537 (0.01)%
QqGbB1bN4wC1wN1_QqGtT1bC2wN2hN1 : 2.5229816 (0.01)%
              C2wN2zN1_N3zN2hN1 : 2.5226523 (0.01)%
              C2wN2hN1_N3zN2zN1 : 2.5226523 (0.01)%
        B2bN3wC1wN1_B2tC2hC1wN1 : 2.5173666 (0.01)%
        QqGbB1tC2wN2hN1_QqN2zN1 : 2.5114429 (0.01)%
        QqGbB1tC2wN2zN1_QqN2hN1 : 2.5114429 (0.01)%
  GbB1bN4hN2hN1_QqGtT1tN3wC1wN1 : 2.5082150 (0.01)%
  GtT1tN3wC1wN1_QqGbB1bN4hN2hN1 : 2.5082150 (0.01)%
           QqC1wN1_QqGbB2bN3zN1 : 2.5056541 (0.01)%
  GbB2tC2hC1wN1_QqGtT1bC2hC1wN1 : 2.5030195 (0.01)%
  GtT1bC2hC1wN1_QqGbB2tC2hC1wN1 : 2.5030195 (0.01)%
           QqGtT1tN3hN1_QqN2hN1 : 2.5017600 (0.01)%
     GtT1bC2zC1wN1_QqGtT1tN3zN1 : 2.4999150 (0.01)%
     GtT1tN3zN1_QqGtT1bC2zC1wN1 : 2.4999150 (0.01)%
        B2bN4wC1wN1_B2tC2hC1wN1 : 2.4998820 (0.01)%
     GbB1tC1wN1_QqGbB2tC2hC1wN1 : 2.4978945 (0.01)%
     GbB2tC2hC1wN1_QqGbB1tC1wN1 : 2.4978945 (0.01)%
        T1tN3wC1wN1_T1tN4hN2hN1 : 2.4929408 (0.01)%
                    C2wN1_C2wN1 : 2.4910954 (0.01)%
                 C2zC1wN1_N3hN1 : 2.4780823 (0.01)%
       GbB1bN2hN1_GtT1tN3zN2hN1 : 2.4641342 (0.01)%
        QqGtT1tN4wC1wN1_QqN2zN1 : 2.4567061 (0.01)%
          GtT1bC2wN2hN1_GtT1tN1 : 2.4494748 (0.01)%
    GbB1bN3wC1wN1_GbB1tC2hC1wN1 : 2.4401918 (0.01)%
     GtT1bC2wN2zN1_QqGtT1bC1wN1 : 2.4401238 (0.01)%
     GtT1bC1wN1_QqGtT1bC2wN2zN1 : 2.4401238 (0.01)%
   QqGbB1bN2hN1_QqGtT1tN3zN2hN1 : 2.4327025 (0.01)%
  GbB1bN4wC1wN1_QqGbB1tC2hC1wN1 : 2.4319137 (0.01)%
  GbB1tC2hC1wN1_QqGbB1bN4wC1wN1 : 2.4319137 (0.01)%
       GbB1bN2hN1_GbB1tC2zC1wN1 : 2.4299668 (0.01)%
           QqGtT1tN3wC1wN1_QqN1 : 2.4231551 (0.01)%
      QqGtT1bC2wN2hN1_QqGtT1tN1 : 2.4182301 (0.01)%
              T1bC2wN1_T1tN2hN1 : 2.4104922 (0.01)%
     GbB1bN2hN1_QqGbB1tC2wN2hN1 : 2.4099895 (0.01)%
     GbB1tC2wN2hN1_QqGbB1bN2hN1 : 2.4099895 (0.01)%
QqGbB1bN3wC1wN1_QqGbB1tC2hC1wN1 : 2.4090655 (0.01)%
       GtT1bC2hC1wN1_GtT1tN3zN1 : 2.4076976 (0.01)%
          GbB1tC1wN1_GtT1tN3zN1 : 2.4027679 (0.01)%
   QqGbB1bN2hN1_QqGbB1tC2zC1wN1 : 2.3989709 (0.01)%
           QqC1wN1_QqGbB2bN4hN1 : 2.3971908 (0.01)%
                 C2zC1wN1_N4zN1 : 2.3820374 (0.01)%
   QqGtT1bC2hC1wN1_QqGtT1tN3zN1 : 2.3769858 (0.01)%
        GtT1tN2hN1_QqGtT1tN3zN1 : 2.3731551 (0.01)%
        GtT1tN3zN1_QqGtT1tN2hN1 : 2.3731551 (0.01)%
      QqGbB1tC1wN1_QqGtT1tN3zN1 : 2.3721189 (0.01)%
          GbB1bN3wC1wN1_QqN2zN1 : 2.3671397 (0.01)%
        B1tC2wN2hN1_B1tC2zC1wN1 : 2.3631602 (0.01)%
        T2tN4wC1wN1_T2tN4wC1wN1 : 2.3630669 (0.01)%
     GtT1bC2wN1_QqGtT1tN3zN2hN1 : 2.3592566 (0.01)%
     GtT1tN3zN2hN1_QqGtT1bC2wN1 : 2.3592566 (0.01)%
     GbB1bN2hN1_QqGtT1tN4wC1wN1 : 2.3574638 (0.01)%
     GtT1tN4wC1wN1_QqGbB1bN2hN1 : 2.3574638 (0.01)%
        QqGbB2bN3zN2hN1_QqN2hN1 : 2.3483574 (0.01)%
          GtT1bC1wN1_GtT1tN2zN1 : 2.3355972 (0.01)%
        GtT1tN1_QqGbB1tC2hC1wN1 : 2.3309433 (0.01)%
        GbB1tC2hC1wN1_QqGtT1tN1 : 2.3309433 (0.01)%
    GbB1tC2wN2hN1_GtT1tN4wC1wN1 : 2.3272496 (0.01)%
              T1bC2zC1wN1_T1tN1 : 2.3271528 (0.01)%
     GtT1bC2zC1wN1_QqGbB1tC2wN1 : 2.3265435 (0.01)%
     GbB1tC2wN1_QqGtT1bC2zC1wN1 : 2.3265435 (0.01)%
     GtT1bC2wN1_QqGbB1tC2zC1wN1 : 2.3265435 (0.01)%
     GbB1tC2zC1wN1_QqGtT1bC2wN1 : 2.3265435 (0.01)%
    GbB2bN3wC1wN1_GtT1tN3wC1wN1 : 2.3199830 (0.01)%
      QqGtT1bC1wN1_QqGtT1tN2zN1 : 2.3058050 (0.01)%
           B1bN2hN1_B1tC2hC1wN1 : 2.3055362 (0.01)%
    GbB2bN4wC1wN1_GtT1tN3wC1wN1 : 2.3038693 (0.01)%
        B2bN3wC1wN1_B2tC2zC1wN1 : 2.3027458 (0.01)%
       GbB1wT1tN3wC1wN1_QqC1wN1 : 2.2999611 (0.01)%
QqGbB1tC2wN2hN1_QqGtT1tN4wC1wN1 : 2.2975640 (0.01)%
QqGbB2bN3wC1wN1_QqGtT1tN3wC1wN1 : 2.2903901 (0.01)%
  GtT1bC2zC1wN1_QqGbB2tC2hC1wN1 : 2.2896218 (0.01)%
  GbB2tC2zC1wN1_QqGtT1bC2hC1wN1 : 2.2896218 (0.01)%
  GbB2tC2hC1wN1_QqGtT1bC2zC1wN1 : 2.2896218 (0.01)%
  GtT1bC2hC1wN1_QqGbB2tC2zC1wN1 : 2.2896218 (0.01)%
        B2bN4wC1wN1_B2tC2zC1wN1 : 2.2867518 (0.01)%
        T2bC2wN2hN1_T2tN4wC1wN1 : 2.2859826 (0.01)%
     GbB1tC1wN1_QqGbB2tC2zC1wN1 : 2.2849338 (0.01)%
     GbB2tC2zC1wN1_QqGbB1tC1wN1 : 2.2849338 (0.01)%
        QqC1wN1_QqGbB2tC2wN2zN1 : 2.2765767 (0.01)%
QqGbB2bN4wC1wN1_QqGtT1tN3wC1wN1 : 2.2744819 (0.01)%
           QqC1wN1_QqGbB2tC1wN1 : 2.2728579 (0.01)%
    GbB1bN3zN2hN1_GtT1tN3wC1wN1 : 2.2635365 (0.01)%
    GbB1bN3wC1wN1_GtT1tN3zN2hN1 : 2.2635365 (0.01)%
  GbB1bN4wC1wN1_QqGtT1tN3zN2hN1 : 2.2558577 (0.01)%
  GtT1tN3zN2hN1_QqGbB1bN4wC1wN1 : 2.2558577 (0.01)%
                 N3hN1_N4wC1wN1 : 2.2460568 (0.01)%
        T1tN3zN2hN1_T1tN4wC1wN1 : 2.2421202 (0.01)%
           QqGbB1bN2hN1_QqN2zN1 : 2.2413084 (0.01)%
           QqGbB1bN2zN1_QqN2hN1 : 2.2413084 (0.01)%
       GbB1tC2wN1_GtT1bC2hC1wN1 : 2.2407215 (0.01)%
       GbB1tC2hC1wN1_GtT1bC2wN1 : 2.2407215 (0.01)%
          GbB1tC1wN1_GbB1tC2wN1 : 2.2361336 (0.01)%
QqGbB1bN3zN2hN1_QqGtT1tN3wC1wN1 : 2.2346635 (0.01)%
QqGbB1bN3wC1wN1_QqGtT1tN3zN2hN1 : 2.2346635 (0.01)%
    GbB1bN3wC1wN1_GbB1tC2zC1wN1 : 2.2321506 (0.01)%
  GtT1bC2hC1wN1_QqGtT1tN4hN2hN1 : 2.2287204 (0.01)%
  GtT1tN4hN2hN1_QqGtT1bC2hC1wN1 : 2.2287204 (0.01)%
           QqGbB1bN4hN1_QqN2hN1 : 2.2271829 (0.01)%
  GbB1bN4wC1wN1_QqGbB1tC2zC1wN1 : 2.2245783 (0.01)%
  GbB1tC2zC1wN1_QqGbB1bN4wC1wN1 : 2.2245783 (0.01)%
     GbB1tC1wN1_QqGtT1tN4hN2hN1 : 2.2241570 (0.01)%
     GtT1tN4hN2hN1_QqGbB1tC1wN1 : 2.2241570 (0.01)%
             GtT1tN4zN1_QqC1wN1 : 2.2194806 (0.01)%
           T1bC2wN1_T1bC2wN2hN1 : 2.2186862 (0.01)%
                 N3wC1wN1_N4zN1 : 2.2145914 (0.01)%
  GbB1bN3wC1wN1_QqGbB1tC2wN2hN1 : 2.2137995 (0.01)%
  GbB1tC2wN2hN1_QqGbB1bN3wC1wN1 : 2.2137995 (0.01)%
   QqGbB1tC2wN1_QqGtT1bC2hC1wN1 : 2.2121396 (0.01)%
   QqGbB1tC2hC1wN1_QqGtT1bC2wN1 : 2.2121396 (0.01)%
    GbB1bN4hN2hN1_GtT1tN3wC1wN1 : 2.2097391 (0.01)%
                 T1tN1_T1tN2hN1 : 2.2091529 (0.01)%
        GtT1tN2hN1_QqGbB1tC2wN1 : 2.2085745 (0.01)%
        GbB1tC2wN1_QqGtT1tN2hN1 : 2.2085745 (0.01)%
      QqGbB1tC1wN1_QqGbB1tC2wN1 : 2.2076102 (0.01)%
    GbB2tC2hC1wN1_GtT1bC2hC1wN1 : 2.2051618 (0.01)%
        GbB2tC2wN1_QqGtT1bC1wN1 : 2.2049599 (0.01)%
        GtT1bC1wN1_QqGbB2tC2wN1 : 2.2049599 (0.01)%
QqGbB1bN3wC1wN1_QqGbB1tC2zC1wN1 : 2.2036780 (0.01)%
       GtT1bC2zC1wN1_GtT1tN3zN1 : 2.2024267 (0.01)%
       GbB1tC1wN1_GbB2tC2hC1wN1 : 2.2006467 (0.01)%
        T1bC2wN2hN1_T1bC2wN2hN1 : 2.1992520 (0.01)%
          GbB1bN3zN2zN1_QqC1wN1 : 2.1978634 (0.01)%
     GtT1bC2wN2hN1_QqGtT1tN3zN1 : 2.1843201 (0.01)%
     GtT1tN3zN1_QqGtT1bC2wN2hN1 : 2.1843201 (0.01)%
QqGbB1bN4hN2hN1_QqGtT1tN3wC1wN1 : 2.1815524 (0.01)%
QqGbB2tC2hC1wN1_QqGtT1bC2hC1wN1 : 2.1770335 (0.01)%
   QqGtT1bC2zC1wN1_QqGtT1tN3zN1 : 2.1743333 (0.01)%
             GtT1bC2wN1_QqN2zN1 : 2.1736410 (0.01)%
     GtT1tN2hN1_QqGbB2tC2hC1wN1 : 2.1735250 (0.01)%
     GbB2tC2hC1wN1_QqGtT1tN2hN1 : 2.1735250 (0.01)%
   QqGbB1tC1wN1_QqGbB2tC2hC1wN1 : 2.1725760 (0.01)%
  GbB1bN3wC1wN1_QqGtT1tN4wC1wN1 : 2.1655499 (0.01)%
  GtT1tN4wC1wN1_QqGbB1bN3wC1wN1 : 2.1655499 (0.01)%
                 C2wN2hN1_N3hN1 : 2.1652435 (0.01)%
        GtT1tN1_QqGtT1tN3zN2hN1 : 2.1621969 (0.01)%
        GtT1tN3zN2hN1_QqGtT1tN1 : 2.1621969 (0.01)%
        GbB1bN2hN1_QqGbB1bN2hN1 : 2.1507674 (0.01)%
       GtT1bC1wN1_GtT1bC2wN2zN1 : 2.1497506 (0.01)%
          GbB1bN4hN2zN1_QqC1wN1 : 2.1456268 (0.01)%
    GbB1bN4wC1wN1_GbB1tC2hC1wN1 : 2.1425176 (0.01)%
        T2tN4hN2hN1_T2tN4wC1wN1 : 2.1355559 (0.01)%
        GtT1tN1_QqGbB1tC2zC1wN1 : 2.1322162 (0.01)%
        GbB1tC2zC1wN1_QqGtT1tN1 : 2.1322162 (0.01)%
       GbB1bN2hN1_GbB1tC2wN2hN1 : 2.1232023 (0.01)%
   QqGtT1bC1wN1_QqGtT1bC2wN2zN1 : 2.1223291 (0.01)%
        B1bN3wC1wN1_B1tC2hC1wN1 : 2.1178495 (0.01)%
QqGbB1bN4wC1wN1_QqGbB1tC2hC1wN1 : 2.1151883 (0.01)%
           B1bN2hN1_B1tC2zC1wN1 : 2.1089752 (0.01)%
   QqGbB1bN2hN1_QqGbB1tC2wN2hN1 : 2.0961194 (0.01)%
  GtT1bC2zC1wN1_QqGbB2tC2zC1wN1 : 2.0944176 (0.01)%
  GbB2tC2zC1wN1_QqGtT1bC2zC1wN1 : 2.0944176 (0.01)%
           GbB1bN1_QqGtT1bC1wN1 : 2.0938008 (0.01)%
           GtT1bC1wN1_QqGbB1bN1 : 2.0938008 (0.01)%
          GtT1tN2hN1_GtT1tN3zN1 : 2.0907512 (0.01)%
                 C2wN2hN1_N4zN1 : 2.0813236 (0.01)%
       GtT1bC2wN1_GtT1tN3zN2hN1 : 2.0785066 (0.01)%
          GbB1bN4wC1wN1_QqN2zN1 : 2.0783770 (0.01)%
       GbB1bN2hN1_GtT1tN4wC1wN1 : 2.0769272 (0.01)%
      QqGtT1tN2hN1_QqGtT1tN3zN1 : 2.0640822 (0.01)%
        QqGbB1bN3wC1wN1_QqN2zN1 : 2.0588503 (0.01)%
          GbB1tC2hC1wN1_GtT1tN1 : 2.0535626 (0.01)%
   QqGtT1bC2wN1_QqGtT1tN3zN2hN1 : 2.0519939 (0.01)%
   QqGbB1bN2hN1_QqGtT1tN4wC1wN1 : 2.0504346 (0.01)%
       GbB1tC2wN1_GtT1bC2zC1wN1 : 2.0496864 (0.01)%
       GbB1tC2zC1wN1_GtT1bC2wN1 : 2.0496864 (0.01)%
  GtT1bC2zC1wN1_QqGtT1tN4hN2hN1 : 2.0387084 (0.01)%
  GtT1tN4hN2hN1_QqGtT1bC2zC1wN1 : 2.0387084 (0.01)%
              T1bC2wN2hN1_T1tN1 : 2.0333677 (0.01)%
     GtT1bC2wN2hN1_QqGbB1tC2wN1 : 2.0328354 (0.01)%
     GbB1tC2wN1_QqGtT1bC2wN2hN1 : 2.0328354 (0.01)%
     GtT1bC2wN1_QqGbB1tC2wN2hN1 : 2.0328354 (0.01)%
     GbB1tC2wN2hN1_QqGtT1bC2wN1 : 2.0328354 (0.01)%
      QqGbB1tC2hC1wN1_QqGtT1tN1 : 2.0273680 (0.01)%
   QqGbB1tC2wN1_QqGtT1bC2zC1wN1 : 2.0235412 (0.01)%
   QqGbB1tC2zC1wN1_QqGtT1bC2wN1 : 2.0235412 (0.01)%
    GbB2tC2hC1wN1_GtT1bC2zC1wN1 : 2.0171583 (0.01)%
    GbB2tC2zC1wN1_GtT1bC2hC1wN1 : 2.0171583 (0.01)%
       GbB1tC1wN1_GbB2tC2zC1wN1 : 2.0130282 (0.01)%
        B2bN3wC1wN1_B2tC2wN2hN1 : 2.0120420 (0.01)%
  GbB2tC2wN2hN1_QqGtT1bC2hC1wN1 : 2.0005748 (0.01)%
  GbB2tC2hC1wN1_QqGtT1bC2wN2hN1 : 2.0005748 (0.01)%
  GtT1bC2wN2hN1_QqGbB2tC2hC1wN1 : 2.0005748 (0.01)%
  GtT1bC2hC1wN1_QqGbB2tC2wN2hN1 : 2.0005748 (0.01)%
     QqC1wN1_QqGbB1wT1tN3wC1wN1 : 2.0004208 (0.01)%
           T1bC2hC1wN1_T1tN3zN1 : 1.9986875 (0.01)%
        B2bN4wC1wN1_B2tC2wN2hN1 : 1.9980671 (0.01)%
     GbB1tC1wN1_QqGbB2tC2wN2hN1 : 1.9964786 (0.01)%
     GbB2tC2wN2hN1_QqGbB1tC1wN1 : 1.9964786 (0.01)%
                GtT1tN1_QqN2zN1 : 1.9920850 (0.01)%
QqGbB2tC2zC1wN1_QqGtT1bC2hC1wN1 : 1.9914281 (0.01)%
QqGbB2tC2hC1wN1_QqGtT1bC2zC1wN1 : 1.9914281 (0.01)%
     GtT1bC2wN1_QqGtT1tN4wC1wN1 : 1.9885298 (0.01)%
     GtT1tN4wC1wN1_QqGtT1bC2wN1 : 1.9885298 (0.01)%
     GtT1tN2hN1_QqGbB2tC2zC1wN1 : 1.9882187 (0.01)%
     GbB2tC2zC1wN1_QqGtT1tN2hN1 : 1.9882187 (0.01)%
    GbB1bN4wC1wN1_GtT1tN3zN2hN1 : 1.9874121 (0.01)%
   QqGbB1tC1wN1_QqGbB2tC2zC1wN1 : 1.9873506 (0.01)%
     GbB1bN3wC1wN1_QqGbB1bN2hN1 : 1.9756800 (0.01)%
     GbB1bN2hN1_QqGbB1bN3wC1wN1 : 1.9756800 (0.01)%
        GtT1bC1wN1_QqGtT1tN4hN1 : 1.9705977 (0.01)%
        GtT1tN4hN1_QqGtT1bC1wN1 : 1.9705977 (0.01)%
    GtT1bC2hC1wN1_GtT1tN4hN2hN1 : 1.9635041 (0.01)%
QqGbB1bN4wC1wN1_QqGtT1tN3zN2hN1 : 1.9620613 (0.01)%
    GbB1bN4wC1wN1_GbB1tC2zC1wN1 : 1.9598549 (0.01)%
       GbB1tC1wN1_GtT1tN4hN2hN1 : 1.9594838 (0.01)%
    GbB1bN3wC1wN1_GbB1tC2wN2hN1 : 1.9503588 (0.01)%
          GbB1tC2wN1_GtT1tN2hN1 : 1.9457556 (0.01)%
  GbB1bN4wC1wN1_QqGbB1tC2wN2hN1 : 1.9437425 (0.01)%
  GbB1tC2wN2hN1_QqGbB1bN4wC1wN1 : 1.9437425 (0.01)%
          GbB2tC2wN1_GtT1bC1wN1 : 1.9425712 (0.01)%
              B1tC1wN1_B1tC2wN1 : 1.9407468 (0.01)%
              T1bC1wN1_T1tN2zN1 : 1.9388352 (0.01)%
QqGtT1bC2hC1wN1_QqGtT1tN4hN2hN1 : 1.9384582 (0.01)%
        B1bN3wC1wN1_B1tC2zC1wN1 : 1.9372899 (0.01)%
     GtT1tN2hN1_QqGtT1tN4hN2hN1 : 1.9353343 (0.01)%
     GtT1tN4hN2hN1_QqGtT1tN2hN1 : 1.9353343 (0.01)%
QqGbB1bN4wC1wN1_QqGbB1tC2zC1wN1 : 1.9348556 (0.01)%
   QqGbB1tC1wN1_QqGtT1tN4hN2hN1 : 1.9344892 (0.01)%
           QqC1wN1_QqGtT1tN4zN1 : 1.9304219 (0.01)%
QqGbB1bN3wC1wN1_QqGbB1tC2wN2hN1 : 1.9254807 (0.01)%
       GtT1bC2wN2hN1_GtT1tN3zN1 : 1.9243874 (0.01)%
      QqGbB1tC2wN1_QqGtT1tN2hN1 : 1.9209362 (0.01)%
      QqGbB2tC2wN1_QqGtT1bC1wN1 : 1.9177923 (0.01)%
       GbB2tC2hC1wN1_GtT1tN2hN1 : 1.9148769 (0.01)%
        QqC1wN1_QqGbB1bN3zN2zN1 : 1.9116200 (0.01)%
    GbB1bN3wC1wN1_GtT1tN4wC1wN1 : 1.9078509 (0.01)%
          GtT1tN1_GtT1tN3zN2hN1 : 1.9048969 (0.01)%
  GbB1bN4wC1wN1_QqGtT1tN4wC1wN1 : 1.9013787 (0.01)%
  GtT1tN4wC1wN1_QqGbB1bN4wC1wN1 : 1.9013787 (0.01)%
   QqGtT1bC2wN2hN1_QqGtT1tN3zN1 : 1.8998405 (0.01)%
     GtT1tN3zN2zN1_QqGtT1bC1wN1 : 1.8976248 (0.01)%
     GtT1bC1wN1_QqGtT1tN3zN2zN1 : 1.8976248 (0.01)%
           QqGtT1bC2wN1_QqN2zN1 : 1.8905523 (0.01)%
   QqGbB2tC2hC1wN1_QqGtT1tN2hN1 : 1.8904514 (0.01)%
             GbB1bN3hN1_QqC1wN1 : 1.8864706 (0.01)%
QqGbB1bN3wC1wN1_QqGtT1tN4wC1wN1 : 1.8835149 (0.01)%
      QqGtT1tN1_QqGtT1tN3zN2hN1 : 1.8805986 (0.01)%
          GbB1tC2zC1wN1_GtT1tN1 : 1.8784838 (0.01)%
                    C1wN1_N3zN1 : 1.8777893 (0.01)%
        QqC1wN1_QqGbB1bN4hN2zN1 : 1.8661866 (0.01)%
        GtT1tN1_QqGbB1tC2wN2hN1 : 1.8630404 (0.01)%
        GbB1tC2wN2hN1_QqGtT1tN1 : 1.8630404 (0.01)%
    GbB1tC2hC1wN1_GbB1tC2hC1wN1 : 1.8620955 (0.01)%
        B1bN4wC1wN1_B1tC2hC1wN1 : 1.8594972 (0.01)%
     GtT1tN2zN1_QqGtT1tN3wC1wN1 : 1.8556834 (0.01)%
     GtT1tN3wC1wN1_QqGtT1tN2zN1 : 1.8556834 (0.01)%
      QqGbB1tC2zC1wN1_QqGtT1tN1 : 1.8545225 (0.01)%
    GbB2tC2zC1wN1_GtT1bC2zC1wN1 : 1.8451833 (0.01)%
             GbB1bN1_GtT1bC1wN1 : 1.8446399 (0.01)%
           B1bN2hN1_B1tC2wN2hN1 : 1.8427334 (0.01)%
QqGbB1tC2hC1wN1_QqGbB1tC2hC1wN1 : 1.8383432 (0.01)%
             QqC2hC1wN1_QqN2hN1 : 1.8334357 (0.01)%
     GbB1tC2hC1wN1_QqGtT1tN3zN1 : 1.8312652 (0.01)%
     GtT1tN3zN1_QqGbB1tC2hC1wN1 : 1.8312652 (0.01)%
  GtT1bC2zC1wN1_QqGbB2tC2wN2hN1 : 1.8300136 (0.01)%
  GtT1bC2wN2hN1_QqGbB2tC2zC1wN1 : 1.8300136 (0.01)%
  GbB2tC2zC1wN1_QqGtT1bC2wN2hN1 : 1.8300136 (0.01)%
  GbB2tC2wN2hN1_QqGtT1bC2zC1wN1 : 1.8300136 (0.01)%
        B2tC2hC1wN1_B2tC2hC1wN1 : 1.8298240 (0.01)%
           T1bC2zC1wN1_T1tN3zN1 : 1.8282872 (0.01)%
        GtT1tN1_QqGtT1tN4wC1wN1 : 1.8224355 (0.01)%
        GtT1tN4wC1wN1_QqGtT1tN1 : 1.8224355 (0.01)%
QqGbB2tC2zC1wN1_QqGtT1bC2zC1wN1 : 1.8216467 (0.01)%
             GtT1bC2hC1wN1_QqN1 : 1.8215586 (0.01)%
         QqGbB1bN1_QqGtT1bC1wN1 : 1.8211102 (0.01)%
                GbB1tC1wN1_QqN1 : 1.8178290 (0.01)%
  GbB1bN3wC1wN1_QqGbB1bN3wC1wN1 : 1.8148459 (0.01)%
        GtT1bC2wN1_QqGbB1bN2hN1 : 1.8141806 (0.01)%
        GbB1bN2hN1_QqGtT1bC2wN1 : 1.8141806 (0.01)%
                 C1wN1_C2hC1wN1 : 1.8128906 (0.01)%
        QqGbB1bN4wC1wN1_QqN2zN1 : 1.8076952 (0.01)%
    GtT1bC2zC1wN1_GtT1tN4hN2hN1 : 1.7961034 (0.01)%
       GbB1tC2wN1_GtT1bC2wN2hN1 : 1.7909293 (0.01)%
       GbB1tC2wN2hN1_GtT1bC2wN1 : 1.7909293 (0.01)%
           T1bC1wN1_T1bC2wN2zN1 : 1.7845596 (0.01)%
  GtT1bC2wN2hN1_QqGtT1tN4hN2hN1 : 1.7813372 (0.01)%
  GtT1tN4hN2hN1_QqGtT1bC2wN2hN1 : 1.7813372 (0.01)%
QqGtT1bC2zC1wN1_QqGtT1tN4hN2hN1 : 1.7731929 (0.01)%
   QqGbB1tC2wN1_QqGtT1bC2wN2hN1 : 1.7680848 (0.01)%
   QqGbB1tC2wN2hN1_QqGtT1bC2wN1 : 1.7680848 (0.01)%
    GbB2tC2hC1wN1_GtT1bC2wN2hN1 : 1.7625077 (0.01)%
    GbB2tC2wN2hN1_GtT1bC2hC1wN1 : 1.7625077 (0.01)%
       GbB1tC1wN1_GbB2tC2wN2hN1 : 1.7588989 (0.01)%
       GtT1bC2wN1_GtT1tN4wC1wN1 : 1.7518961 (0.01)%
       GbB2tC2zC1wN1_GtT1tN2hN1 : 1.7516220 (0.01)%
       GbB1bN2hN1_GbB1bN3wC1wN1 : 1.7405754 (0.01)%
QqGbB2tC2wN2hN1_QqGtT1bC2hC1wN1 : 1.7400257 (0.01)%
QqGbB2tC2hC1wN1_QqGtT1bC2wN2hN1 : 1.7400257 (0.01)%
     GtT1tN2hN1_QqGbB2tC2wN2hN1 : 1.7372215 (0.01)%
     GbB2tC2wN2hN1_QqGtT1tN2hN1 : 1.7372215 (0.01)%
   QqGbB1tC1wN1_QqGbB2tC2wN2hN1 : 1.7364630 (0.01)%
          GtT1bC1wN1_GtT1tN4hN1 : 1.7360978 (0.01)%
              T1tN2hN1_T1tN3zN1 : 1.7355827 (0.01)%
     GbB1bN2hN1_QqGbB1bN4wC1wN1 : 1.7346707 (0.01)%
     GbB1bN4wC1wN1_QqGbB1bN2hN1 : 1.7346707 (0.01)%
              QqGtT1tN1_QqN2zN1 : 1.7326416 (0.01)%
                    C2hC1wN1_N1 : 1.7313143 (0.01)%
   QqGtT1bC2wN1_QqGtT1tN4wC1wN1 : 1.7295494 (0.01)%
   QqGbB2tC2zC1wN1_QqGtT1tN2hN1 : 1.7292789 (0.01)%
           T1bC2wN1_T1tN3zN2hN1 : 1.7254182 (0.01)%
  GbB2bN3wC1wN1_QqGtT1bC2hC1wN1 : 1.7217551 (0.01)%
  GtT1bC2hC1wN1_QqGbB2bN3wC1wN1 : 1.7217551 (0.01)%
        B2bN3wC1wN1_B2bN4wC1wN1 : 1.7195969 (0.01)%
   QqGbB1bN2hN1_QqGbB1bN3wC1wN1 : 1.7183731 (0.01)%
     GbB1tC1wN1_QqGbB2bN3wC1wN1 : 1.7182298 (0.01)%
     GbB2bN3wC1wN1_QqGbB1tC1wN1 : 1.7182298 (0.01)%
        GbB1bN3zN1_QqGtT1bC1wN1 : 1.7141983 (0.01)%
        GtT1bC1wN1_QqGbB1bN3zN1 : 1.7141983 (0.01)%
      QqGtT1bC1wN1_QqGtT1tN4hN1 : 1.7139527 (0.01)%
    GbB1bN4wC1wN1_GbB1tC2wN2hN1 : 1.7124384 (0.01)%
------------------------------------------------------------
                                              SUM=90.00%
