/Users/rafalmaselek/Projects/fastlim-1.0
 
#################################################################
#                                                               #
#                                                               #
#                     This is Fastlim  ver. 1.0                 #
#                                                               #
#          A fast LHC limit calculator for BSM models.          #
#                                                               #
#                  http://cern.ch/fastlim-1.0/                  #
#                                                               #
#  for bugs/feature requests: fastlim-1.0.developers@gmail.com  #
#                                                               #
#    please refer to:                                           #
#    M.Papucci, K.Sakurai, A.Weiler, L.Zeune arXiv:1402.xxxx    #
#                                                               #
#################################################################
 

!! Masses incompatible with the data for ERER !!

!! Problem with reading tables for ER ER !! Probably mass outside the table !! Setting xsec to 10^-20 !!

!! Masses incompatible with the data for ELEL !!

!! Problem with reading tables for EL EL !! Probably mass outside the table !! Setting xsec to 10^-20 !!

!! Masses incompatible with the data for TAU1TAU1 !!

!! Problem with reading tables for TAU1 TAU1 !! Probably mass outside the table !! Setting xsec to 10^-20 !!

!! Masses incompatible with the data for TAU2TAU2 !!

!! Problem with reading tables for TAU2 TAU2 !! Probably mass outside the table !! Setting xsec to 10^-20 !!
Decoupling mG=2693.81984 GeV; mQ=3211.801595 GeV

!! Masses incompatible with the data for QQ !!

!! Problem with reading tables for Q Q !! Probably mass outside the table !! Setting xsec to 10^-20 !!

!! Masses incompatible with the data for GQ !!

!! Problem with reading tables for G Q !! Probably mass outside the table !! Setting xsec to 10^-20 !!
!! EWK PROCESS C1C2 NOT FOUND !! WILL TRY TO LOOK FOR +/- MODES !!
XSEC FOUND FOR: C1-C2+
XSEC FOUND FOR: C1+C2-
!! EWK PROCESS C1N1 NOT FOUND !! WILL TRY TO LOOK FOR +/- MODES !!
XSEC FOUND FOR: C1+N1
XSEC FOUND FOR: C1-N1
!! EWK PROCESS C1N2 NOT FOUND !! WILL TRY TO LOOK FOR +/- MODES !!
XSEC FOUND FOR: C1+N2
XSEC FOUND FOR: C1-N2
!! EWK PROCESS C1N3 NOT FOUND !! WILL TRY TO LOOK FOR +/- MODES !!
XSEC FOUND FOR: C1+N3
XSEC FOUND FOR: C1-N3
!! EWK PROCESS C1N4 NOT FOUND !! WILL TRY TO LOOK FOR +/- MODES !!
XSEC FOUND FOR: C1+N4
XSEC FOUND FOR: C1-N4
!! EWK PROCESS C2N1 NOT FOUND !! WILL TRY TO LOOK FOR +/- MODES !!
XSEC FOUND FOR: C2+N1
XSEC FOUND FOR: C2-N1
!! EWK PROCESS C2N2 NOT FOUND !! WILL TRY TO LOOK FOR +/- MODES !!
XSEC FOUND FOR: C2+N2
XSEC FOUND FOR: C2-N2
!! EWK PROCESS C2N3 NOT FOUND !! WILL TRY TO LOOK FOR +/- MODES !!
XSEC FOUND FOR: C2+N3
XSEC FOUND FOR: C2-N3
!! EWK PROCESS C2N4 NOT FOUND !! WILL TRY TO LOOK FOR +/- MODES !!
XSEC FOUND FOR: C2+N4
XSEC FOUND FOR: C2-N4

!! Masses incompatible with the data for B2B2 !!

!! Problem with reading tables for B2 B2 !! Probably mass outside the table !! Setting xsec to 10^-20 !!
---------------  Output inclusive processes  ---------------
The total xsec = 1391.36 [fb]
The total rate = 100.00%
Output upto 0.10%
            Modes : xsec/fb      (rate)
      C1wN1_N2zN1 : 491.2298951 (35.31)%
      C1wN1_C1wN1 : 414.8626454 (29.82)%
      C1wN1_N2hN1 : 358.5584901 (25.77)%
            N1_N1 : 7.4383317 (0.53)%
C2hC1wN1_N3wC1wN1 : 4.3662790 (0.31)%
C2hC1wN1_N4wC1wN1 : 4.1794966 (0.30)%
C2zC1wN1_N3wC1wN1 : 3.8010708 (0.27)%
C2zC1wN1_N4wC1wN1 : 3.6384671 (0.26)%
N3wC1wN1_N4wC1wN1 : 3.5851163 (0.26)%
C2hC1wN1_C2zC1wN1 : 2.6098224 (0.19)%
C2wN2zN1_N3wC1wN1 : 2.1585629 (0.16)%
      N2hN1_N2zN1 : 2.1408489 (0.15)%
   C2wN1_N3wC1wN1 : 2.1234927 (0.15)%
C2wN2zN1_N4wC1wN1 : 2.0662230 (0.15)%
   C2wN1_N4wC1wN1 : 2.0326531 (0.15)%
         C1wN1_N1 : 1.8108763 (0.13)%
C2wN2hN1_N3wC1wN1 : 1.5755781 (0.11)%
C2wN2hN1_N4wC1wN1 : 1.5081774 (0.11)%
C2hC1wN1_C2hC1wN1 : 1.4989477 (0.11)%
C2hC1wN1_C2wN2zN1 : 1.4820733 (0.11)%
      N2zN1_N2zN1 : 1.4664957 (0.11)%
   C2hC1wN1_C2wN1 : 1.4579941 (0.10)%
C2hC1wN1_N4hN2zN1 : 1.3068290 (0.09)%
------------------------------------------------------------
                                SUM=94.65%

SHOWING PROCESSES TO GET 90.00% SUSY COVERAGE
---------------  Output inclusive processes  ---------------
The total xsec = 1391.36 [fb]
The total rate = 100.00%
      Modes : xsec/fb      (rate)
C1wN1_N2zN1 : 491.2298951 (35.31)%
C1wN1_C1wN1 : 414.8626454 (29.82)%
C1wN1_N2hN1 : 358.5584901 (25.77)%
------------------------------------------------------------
                          SUM=90.89%
