/Users/rafalmaselek/Projects/fastlim-1.0
 
#################################################################
#                                                               #
#                                                               #
#                     This is Fastlim  ver. 1.0                 #
#                                                               #
#          A fast LHC limit calculator for BSM models.          #
#                                                               #
#                  http://cern.ch/fastlim-1.0/                  #
#                                                               #
#  for bugs/feature requests: fastlim-1.0.developers@gmail.com  #
#                                                               #
#    please refer to:                                           #
#    M.Papucci, K.Sakurai, A.Weiler, L.Zeune arXiv:1402.xxxx    #
#                                                               #
#################################################################
 
!!!-  ERROR  !!!
[Br(T2->all) =  1.1899926363672568 ]:  !!! The total Br is deviated from 1 !!!

!! EWK PROCESS C1C2 NOT FOUND !! WILL TRY TO LOOK FOR +/- MODES !!
XSEC FOUND FOR: C1-C2+
XSEC FOUND FOR: C1+C2-
!! EWK PROCESS C1N1 NOT FOUND !! WILL TRY TO LOOK FOR +/- MODES !!
XSEC FOUND FOR: C1+N1
XSEC FOUND FOR: C1-N1
!! EWK PROCESS C1N2 NOT FOUND !! WILL TRY TO LOOK FOR +/- MODES !!
XSEC FOUND FOR: C1+N2
XSEC FOUND FOR: C1-N2
!! EWK PROCESS C1N3 NOT FOUND !! WILL TRY TO LOOK FOR +/- MODES !!
XSEC FOUND FOR: C1+N3
XSEC FOUND FOR: C1-N3
!! EWK PROCESS C1N4 NOT FOUND !! WILL TRY TO LOOK FOR +/- MODES !!
XSEC FOUND FOR: C1+N4
XSEC FOUND FOR: C1-N4
!! EWK PROCESS C2N1 NOT FOUND !! WILL TRY TO LOOK FOR +/- MODES !!
XSEC FOUND FOR: C2+N1
XSEC FOUND FOR: C2-N1
!! EWK PROCESS C2N2 NOT FOUND !! WILL TRY TO LOOK FOR +/- MODES !!
XSEC FOUND FOR: C2+N2
XSEC FOUND FOR: C2-N2
!! EWK PROCESS C2N3 NOT FOUND !! WILL TRY TO LOOK FOR +/- MODES !!
XSEC FOUND FOR: C2+N3
XSEC FOUND FOR: C2-N3
!! EWK PROCESS C2N4 NOT FOUND !! WILL TRY TO LOOK FOR +/- MODES !!
XSEC FOUND FOR: C2+N4
XSEC FOUND FOR: C2-N4
---------------  Output inclusive processes  ---------------
The total xsec = 3893389.37 [fb]
The total rate = 100.00%
Output upto 0.10%
                             Modes : xsec/fb      (rate)
                    GqQqN1_QqC1wN1 : 320394.5515215 (8.23)%
              GqQqN1_QqC1nTAU1taN1 : 317544.6601636 (8.16)%
             QqC1nTAU1taN1_QqC1wN1 : 196386.2785605 (5.05)%
                    GqQqN1_QqN2zN1 : 163793.1909550 (4.21)%
             GqQqN1_QqN2taTAU1taN1 : 159514.3169056 (4.10)%
                   QqC1wN1_QqN2zN1 : 101298.3030753 (2.60)%
             QqC1nTAU1taN1_QqN2zN1 : 100397.2604167 (2.58)%
                   QqC1wN1_QqC1wN1 : 99074.4004512 (2.55)%
            QqC1wN1_QqN2taTAU1taN1 : 98652.0228622 (2.54)%
      QqC1nTAU1taN1_QqN2taTAU1taN1 : 97774.5187159 (2.51)%
       QqC1nTAU1taN1_QqC1nTAU1taN1 : 97319.7168774 (2.50)%
                     GqQqN1_GqQqN1 : 92689.8551927 (2.38)%
                GtT1bC1wN1_QqC1wN1 : 50932.5794130 (1.31)%
          GtT1bC1wN1_QqC1nTAU1taN1 : 50479.5370088 (1.30)%
          GtT1bC1nTAU1taN1_QqC1wN1 : 50479.5370088 (1.30)%
            QqN2taTAU1taN1_QqN2zN1 : 50433.2222319 (1.30)%
    GtT1bC1nTAU1taN1_QqC1nTAU1taN1 : 50030.5243911 (1.29)%
                   GbB2bN1_QqC1wN1 : 48393.7477573 (1.24)%
             GbB2bN1_QqC1nTAU1taN1 : 47963.2881166 (1.23)%
           T1bC1nTAU1taN1_T1bC1wN1 : 36058.5453694 (0.93)%
                GbB1tC1wN1_QqC1wN1 : 32868.6274111 (0.84)%
          GbB1tC1wN1_QqC1nTAU1taN1 : 32576.2628351 (0.84)%
          GbB1tC1nTAU1taN1_QqC1wN1 : 32576.2628351 (0.84)%
                 C1nTAU1taN1_C1wN1 : 32490.3446882 (0.83)%
    GbB1tC1nTAU1taN1_QqC1nTAU1taN1 : 32286.4988255 (0.83)%
                       C1wN1_N2zN1 : 31994.3721584 (0.82)%
                 C1nTAU1taN1_N2zN1 : 31709.7840333 (0.81)%
                C1wN1_N2taTAU1taN1 : 31158.5627578 (0.80)%
          C1nTAU1taN1_N2taTAU1taN1 : 30881.4091099 (0.79)%
                 GqQqN1_GtT1bC1wN1 : 29469.4987038 (0.76)%
           GqQqN1_GtT1bC1nTAU1taN1 : 29207.3691848 (0.75)%
                    GbB2bN1_GqQqN1 : 28000.5352810 (0.72)%
                GtT1bC1wN1_QqN2zN1 : 26037.9262569 (0.67)%
                   QqN2zN1_QqN2zN1 : 25893.0312957 (0.67)%
          GtT1bC1nTAU1taN1_QqN2zN1 : 25806.3203801 (0.66)%
         GtT1bC1wN1_QqN2taTAU1taN1 : 25357.7208936 (0.65)%
   GtT1bC1nTAU1taN1_QqN2taTAU1taN1 : 25132.1654049 (0.65)%
                   GbB2bN1_QqN2zN1 : 24740.0161139 (0.64)%
     QqN2taTAU1taN1_QqN2taTAU1taN1 : 24557.8614922 (0.63)%
            GbB2bN1_QqN2taTAU1taN1 : 24093.7168855 (0.62)%
                GbB1bN2zN1_QqC1wN1 : 20315.7526447 (0.52)%
          GbB1bN2zN1_QqC1nTAU1taN1 : 20135.0451776 (0.52)%
         GbB1bN2taTAU1taN1_QqC1wN1 : 19785.0312742 (0.51)%
   GbB1bN2taTAU1taN1_QqC1nTAU1taN1 : 19609.0445435 (0.50)%
                 GbB1tC1wN1_GqQqN1 : 19017.7286140 (0.49)%
           GbB1tC1nTAU1taN1_GqQqN1 : 18848.5669970 (0.48)%
                 T1bC1wN1_T1bC1wN1 : 18191.0813210 (0.47)%
     T1bC1nTAU1taN1_T1bC1nTAU1taN1 : 17868.9033271 (0.46)%
                GtT1tN2zN1_QqC1wN1 : 17547.5932204 (0.45)%
          GtT1tN2zN1_QqC1nTAU1taN1 : 17391.5083743 (0.45)%
         GtT1tN2taTAU1taN1_QqC1wN1 : 17089.1862450 (0.44)%
   GtT1tN2taTAU1taN1_QqC1nTAU1taN1 : 16937.1789029 (0.44)%
                GbB1tC1wN1_QqN2zN1 : 16803.2113543 (0.43)%
          GbB1tC1nTAU1taN1_QqN2zN1 : 16653.7477426 (0.43)%
                       C1wN1_C1wN1 : 16390.9690841 (0.42)%
         GbB1tC1wN1_QqN2taTAU1taN1 : 16364.2503414 (0.42)%
   GbB1tC1nTAU1taN1_QqN2taTAU1taN1 : 16218.6912630 (0.42)%
           C1nTAU1taN1_C1nTAU1taN1 : 16100.6724578 (0.41)%
                       GqQqN1_QqN1 : 13277.5569808 (0.34)%
                 T1bC1wN1_T1tN2zN1 : 12534.5976559 (0.32)%
                       B2bN1_B2bN1 : 12434.0143748 (0.32)%
           T1bC1nTAU1taN1_T1tN2zN1 : 12423.1031209 (0.32)%
          T1bC1wN1_T1tN2taTAU1taN1 : 12207.1483626 (0.31)%
    T1bC1nTAU1taN1_T1tN2taTAU1taN1 : 12098.5664705 (0.31)%
                 GbB1bN2zN1_GqQqN1 : 11754.6578856 (0.30)%
          GbB1bN2taTAU1taN1_GqQqN1 : 11447.5834566 (0.29)%
                GbB1bN2zN1_QqN2zN1 : 10385.8880762 (0.27)%
                 GqQqN1_GtT1tN2zN1 : 10153.0058289 (0.26)%
         GbB1bN2zN1_QqN2taTAU1taN1 : 10114.5708944 (0.26)%
         GbB1bN2taTAU1taN1_QqN2zN1 : 10114.5708944 (0.26)%
          GqQqN1_GtT1tN2taTAU1taN1 : 9887.7723787 (0.25)%
  GbB1bN2taTAU1taN1_QqN2taTAU1taN1 : 9850.3415045 (0.25)%
                GtT1tN2zN1_QqN2zN1 : 8970.7402123 (0.23)%
             GbB1wT1bC1wN1_QqC1wN1 : 8954.4370920 (0.23)%
       GbB1wT1bC1wN1_QqC1nTAU1taN1 : 8874.7878821 (0.23)%
       GbB1wT1bC1nTAU1taN1_QqC1wN1 : 8874.7878821 (0.23)%
 GbB1wT1bC1nTAU1taN1_QqC1nTAU1taN1 : 8795.8471474 (0.23)%
         GtT1tN2zN1_QqN2taTAU1taN1 : 8736.3918412 (0.22)%
         GtT1tN2taTAU1taN1_QqN2zN1 : 8736.3918412 (0.22)%
  GtT1tN2taTAU1taN1_QqN2taTAU1taN1 : 8508.1655022 (0.22)%
                      QqC1wN1_QqN1 : 8211.5378747 (0.21)%
                QqC1nTAU1taN1_QqN1 : 8138.4967112 (0.21)%
              GbB1wT1bC1wN1_GqQqN1 : 5181.0211718 (0.13)%
        GbB1wT1bC1nTAU1taN1_GqQqN1 : 5134.9362825 (0.13)%
       GtT1bC1nTAU1taN1_GtT1bC1wN1 : 4643.0460299 (0.12)%
             GbB1wT1bC1wN1_QqN2zN1 : 4577.7177469 (0.12)%
       GbB1wT1bC1nTAU1taN1_QqN2zN1 : 4536.9992072 (0.12)%
      GbB1wT1bC1wN1_QqN2taTAU1taN1 : 4458.1311050 (0.11)%
                GbB2bN1_GtT1bC1wN1 : 4451.1976875 (0.11)%
GbB1wT1bC1nTAU1taN1_QqN2taTAU1taN1 : 4418.4762817 (0.11)%
          GbB2bN1_GtT1bC1nTAU1taN1 : 4411.6045366 (0.11)%
                   GtT1tN1_QqC1wN1 : 4333.8983132 (0.11)%
             GtT1tN1_QqC1nTAU1taN1 : 4295.3485335 (0.11)%
          T1tN2taTAU1taN1_T1tN2zN1 : 4205.6788860 (0.11)%
                      QqN1_QqN2zN1 : 4197.9302855 (0.11)%
               QqN1_QqN2taTAU1taN1 : 4088.2650738 (0.11)%
                    T1bC1wN1_T1tN1 : 3095.7904571 (0.08)%
------------------------------------------------------------
                                                 SUM=88.38%

SHOWING PROCESSES TO GET 90.00% SUSY COVERAGE
---------------  Output inclusive processes  ---------------
The total xsec = 3893389.37 [fb]
The total rate = 100.00%
                             Modes : xsec/fb      (rate)
                    GqQqN1_QqC1wN1 : 320394.5515215 (8.23)%
              GqQqN1_QqC1nTAU1taN1 : 317544.6601636 (8.16)%
             QqC1nTAU1taN1_QqC1wN1 : 196386.2785605 (5.05)%
                    GqQqN1_QqN2zN1 : 163793.1909550 (4.21)%
             GqQqN1_QqN2taTAU1taN1 : 159514.3169056 (4.10)%
                   QqC1wN1_QqN2zN1 : 101298.3030753 (2.60)%
             QqC1nTAU1taN1_QqN2zN1 : 100397.2604167 (2.58)%
                   QqC1wN1_QqC1wN1 : 99074.4004512 (2.55)%
            QqC1wN1_QqN2taTAU1taN1 : 98652.0228622 (2.54)%
      QqC1nTAU1taN1_QqN2taTAU1taN1 : 97774.5187159 (2.51)%
       QqC1nTAU1taN1_QqC1nTAU1taN1 : 97319.7168774 (2.50)%
                     GqQqN1_GqQqN1 : 92689.8551927 (2.38)%
                GtT1bC1wN1_QqC1wN1 : 50932.5794130 (1.31)%
          GtT1bC1wN1_QqC1nTAU1taN1 : 50479.5370088 (1.30)%
          GtT1bC1nTAU1taN1_QqC1wN1 : 50479.5370088 (1.30)%
            QqN2taTAU1taN1_QqN2zN1 : 50433.2222319 (1.30)%
    GtT1bC1nTAU1taN1_QqC1nTAU1taN1 : 50030.5243911 (1.29)%
                   GbB2bN1_QqC1wN1 : 48393.7477573 (1.24)%
             GbB2bN1_QqC1nTAU1taN1 : 47963.2881166 (1.23)%
           T1bC1nTAU1taN1_T1bC1wN1 : 36058.5453694 (0.93)%
                GbB1tC1wN1_QqC1wN1 : 32868.6274111 (0.84)%
          GbB1tC1wN1_QqC1nTAU1taN1 : 32576.2628351 (0.84)%
          GbB1tC1nTAU1taN1_QqC1wN1 : 32576.2628351 (0.84)%
                 C1nTAU1taN1_C1wN1 : 32490.3446882 (0.83)%
    GbB1tC1nTAU1taN1_QqC1nTAU1taN1 : 32286.4988255 (0.83)%
                       C1wN1_N2zN1 : 31994.3721584 (0.82)%
                 C1nTAU1taN1_N2zN1 : 31709.7840333 (0.81)%
                C1wN1_N2taTAU1taN1 : 31158.5627578 (0.80)%
          C1nTAU1taN1_N2taTAU1taN1 : 30881.4091099 (0.79)%
                 GqQqN1_GtT1bC1wN1 : 29469.4987038 (0.76)%
           GqQqN1_GtT1bC1nTAU1taN1 : 29207.3691848 (0.75)%
                    GbB2bN1_GqQqN1 : 28000.5352810 (0.72)%
                GtT1bC1wN1_QqN2zN1 : 26037.9262569 (0.67)%
                   QqN2zN1_QqN2zN1 : 25893.0312957 (0.67)%
          GtT1bC1nTAU1taN1_QqN2zN1 : 25806.3203801 (0.66)%
         GtT1bC1wN1_QqN2taTAU1taN1 : 25357.7208936 (0.65)%
   GtT1bC1nTAU1taN1_QqN2taTAU1taN1 : 25132.1654049 (0.65)%
                   GbB2bN1_QqN2zN1 : 24740.0161139 (0.64)%
     QqN2taTAU1taN1_QqN2taTAU1taN1 : 24557.8614922 (0.63)%
            GbB2bN1_QqN2taTAU1taN1 : 24093.7168855 (0.62)%
                GbB1bN2zN1_QqC1wN1 : 20315.7526447 (0.52)%
          GbB1bN2zN1_QqC1nTAU1taN1 : 20135.0451776 (0.52)%
         GbB1bN2taTAU1taN1_QqC1wN1 : 19785.0312742 (0.51)%
   GbB1bN2taTAU1taN1_QqC1nTAU1taN1 : 19609.0445435 (0.50)%
                 GbB1tC1wN1_GqQqN1 : 19017.7286140 (0.49)%
           GbB1tC1nTAU1taN1_GqQqN1 : 18848.5669970 (0.48)%
                 T1bC1wN1_T1bC1wN1 : 18191.0813210 (0.47)%
     T1bC1nTAU1taN1_T1bC1nTAU1taN1 : 17868.9033271 (0.46)%
                GtT1tN2zN1_QqC1wN1 : 17547.5932204 (0.45)%
          GtT1tN2zN1_QqC1nTAU1taN1 : 17391.5083743 (0.45)%
         GtT1tN2taTAU1taN1_QqC1wN1 : 17089.1862450 (0.44)%
   GtT1tN2taTAU1taN1_QqC1nTAU1taN1 : 16937.1789029 (0.44)%
                GbB1tC1wN1_QqN2zN1 : 16803.2113543 (0.43)%
          GbB1tC1nTAU1taN1_QqN2zN1 : 16653.7477426 (0.43)%
                       C1wN1_C1wN1 : 16390.9690841 (0.42)%
         GbB1tC1wN1_QqN2taTAU1taN1 : 16364.2503414 (0.42)%
   GbB1tC1nTAU1taN1_QqN2taTAU1taN1 : 16218.6912630 (0.42)%
           C1nTAU1taN1_C1nTAU1taN1 : 16100.6724578 (0.41)%
                       GqQqN1_QqN1 : 13277.5569808 (0.34)%
                 T1bC1wN1_T1tN2zN1 : 12534.5976559 (0.32)%
                       B2bN1_B2bN1 : 12434.0143748 (0.32)%
           T1bC1nTAU1taN1_T1tN2zN1 : 12423.1031209 (0.32)%
          T1bC1wN1_T1tN2taTAU1taN1 : 12207.1483626 (0.31)%
    T1bC1nTAU1taN1_T1tN2taTAU1taN1 : 12098.5664705 (0.31)%
                 GbB1bN2zN1_GqQqN1 : 11754.6578856 (0.30)%
          GbB1bN2taTAU1taN1_GqQqN1 : 11447.5834566 (0.29)%
                GbB1bN2zN1_QqN2zN1 : 10385.8880762 (0.27)%
                 GqQqN1_GtT1tN2zN1 : 10153.0058289 (0.26)%
         GbB1bN2zN1_QqN2taTAU1taN1 : 10114.5708944 (0.26)%
         GbB1bN2taTAU1taN1_QqN2zN1 : 10114.5708944 (0.26)%
          GqQqN1_GtT1tN2taTAU1taN1 : 9887.7723787 (0.25)%
  GbB1bN2taTAU1taN1_QqN2taTAU1taN1 : 9850.3415045 (0.25)%
                GtT1tN2zN1_QqN2zN1 : 8970.7402123 (0.23)%
             GbB1wT1bC1wN1_QqC1wN1 : 8954.4370920 (0.23)%
       GbB1wT1bC1wN1_QqC1nTAU1taN1 : 8874.7878821 (0.23)%
       GbB1wT1bC1nTAU1taN1_QqC1wN1 : 8874.7878821 (0.23)%
 GbB1wT1bC1nTAU1taN1_QqC1nTAU1taN1 : 8795.8471474 (0.23)%
         GtT1tN2zN1_QqN2taTAU1taN1 : 8736.3918412 (0.22)%
         GtT1tN2taTAU1taN1_QqN2zN1 : 8736.3918412 (0.22)%
  GtT1tN2taTAU1taN1_QqN2taTAU1taN1 : 8508.1655022 (0.22)%
                      QqC1wN1_QqN1 : 8211.5378747 (0.21)%
                QqC1nTAU1taN1_QqN1 : 8138.4967112 (0.21)%
              GbB1wT1bC1wN1_GqQqN1 : 5181.0211718 (0.13)%
        GbB1wT1bC1nTAU1taN1_GqQqN1 : 5134.9362825 (0.13)%
       GtT1bC1nTAU1taN1_GtT1bC1wN1 : 4643.0460299 (0.12)%
             GbB1wT1bC1wN1_QqN2zN1 : 4577.7177469 (0.12)%
       GbB1wT1bC1nTAU1taN1_QqN2zN1 : 4536.9992072 (0.12)%
      GbB1wT1bC1wN1_QqN2taTAU1taN1 : 4458.1311050 (0.11)%
                GbB2bN1_GtT1bC1wN1 : 4451.1976875 (0.11)%
GbB1wT1bC1nTAU1taN1_QqN2taTAU1taN1 : 4418.4762817 (0.11)%
          GbB2bN1_GtT1bC1nTAU1taN1 : 4411.6045366 (0.11)%
                   GtT1tN1_QqC1wN1 : 4333.8983132 (0.11)%
             GtT1tN1_QqC1nTAU1taN1 : 4295.3485335 (0.11)%
          T1tN2taTAU1taN1_T1tN2zN1 : 4205.6788860 (0.11)%
                      QqN1_QqN2zN1 : 4197.9302855 (0.11)%
               QqN1_QqN2taTAU1taN1 : 4088.2650738 (0.11)%
                    T1bC1wN1_T1tN1 : 3095.7904571 (0.08)%
             GbB1wT1tN2zN1_QqC1wN1 : 3085.0355788 (0.08)%
              T1bC1nTAU1taN1_T1tN1 : 3068.2535766 (0.08)%
           B1tC1nTAU1taN1_B1tC1wN1 : 3059.9331703 (0.08)%
       GbB1wT1tN2zN1_QqC1nTAU1taN1 : 3057.5943623 (0.08)%
             GbB1tC1wN1_GtT1bC1wN1 : 3023.2161199 (0.08)%
      GbB1wT1tN2taTAU1taN1_QqC1wN1 : 3004.4432257 (0.08)%
       GbB1tC1wN1_GtT1bC1nTAU1taN1 : 2996.3247840 (0.08)%
       GbB1tC1nTAU1taN1_GtT1bC1wN1 : 2996.3247840 (0.08)%
GbB1wT1tN2taTAU1taN1_QqC1nTAU1taN1 : 2977.7188736 (0.08)%
 GbB1tC1nTAU1taN1_GtT1bC1nTAU1taN1 : 2969.6726451 (0.08)%
                GbB1tC1wN1_GbB2bN1 : 2872.5181408 (0.07)%
          GbB1tC1nTAU1taN1_GbB2bN1 : 2846.9672549 (0.07)%
             GbB1tC2wN2zN1_QqC1wN1 : 2646.9180189 (0.07)%
       GbB1tC2wN2zN1_QqC1nTAU1taN1 : 2623.3738333 (0.07)%
             GbB1tC2zC1wN1_QqC1wN1 : 2604.4772703 (0.07)%
       GbB1tC2zC1wN1_QqC1nTAU1taN1 : 2581.3105927 (0.07)%
       GbB1tC2zC1nTAU1taN1_QqC1wN1 : 2581.3105927 (0.07)%
      GbB1tC2wN2taTAU1taN1_QqC1wN1 : 2577.7708904 (0.07)%
 GbB1tC2zC1nTAU1taN1_QqC1nTAU1taN1 : 2558.3499814 (0.07)%
GbB1tC2wN2taTAU1taN1_QqC1nTAU1taN1 : 2554.8417646 (0.07)%
             GbB1tC2hC1wN1_QqC1wN1 : 2526.4498086 (0.06)%
                    GqQqN1_GtT1tN1 : 2507.5857574 (0.06)%
       GbB1tC2hC1wN1_QqC1nTAU1taN1 : 2503.9771809 (0.06)%
------------------------------------------------------------
                                                 SUM=90.03%
