/Users/rafalmaselek/Projects/fastlim-1.0
 
#################################################################
#                                                               #
#                                                               #
#                     This is Fastlim  ver. 1.0                 #
#                                                               #
#          A fast LHC limit calculator for BSM models.          #
#                                                               #
#                  http://cern.ch/fastlim-1.0/                  #
#                                                               #
#  for bugs/feature requests: fastlim-1.0.developers@gmail.com  #
#                                                               #
#    please refer to:                                           #
#    M.Papucci, K.Sakurai, A.Weiler, L.Zeune arXiv:1402.xxxx    #
#                                                               #
#################################################################
 
!!!-  ERROR  !!!
[Br(T2->all) =  1.1397633570765782 ]:  !!! The total Br is deviated from 1 !!!


!! Masses incompatible with the data for ERER !!

!! Problem with reading tables for ER ER !! Probably mass outside the table !! Setting xsec to 10^-20 !!

!! Masses incompatible with the data for ELEL !!

!! Problem with reading tables for EL EL !! Probably mass outside the table !! Setting xsec to 10^-20 !!

!! Masses incompatible with the data for TAU1TAU1 !!

!! Problem with reading tables for TAU1 TAU1 !! Probably mass outside the table !! Setting xsec to 10^-20 !!

!! Masses incompatible with the data for TAU2TAU2 !!

!! Problem with reading tables for TAU2 TAU2 !! Probably mass outside the table !! Setting xsec to 10^-20 !!
!! EWK PROCESS C1C2 NOT FOUND !! WILL TRY TO LOOK FOR +/- MODES !!
XSEC FOUND FOR: C1-C2+
XSEC FOUND FOR: C1+C2-
!! EWK PROCESS C1N1 NOT FOUND !! WILL TRY TO LOOK FOR +/- MODES !!
XSEC FOUND FOR: C1+N1
XSEC FOUND FOR: C1-N1
!! EWK PROCESS C1N2 NOT FOUND !! WILL TRY TO LOOK FOR +/- MODES !!
XSEC FOUND FOR: C1+N2
XSEC FOUND FOR: C1-N2
!! EWK PROCESS C1N3 NOT FOUND !! WILL TRY TO LOOK FOR +/- MODES !!
XSEC FOUND FOR: C1+N3
XSEC FOUND FOR: C1-N3
!! EWK PROCESS C1N4 NOT FOUND !! WILL TRY TO LOOK FOR +/- MODES !!
XSEC FOUND FOR: C1+N4
XSEC FOUND FOR: C1-N4
!! EWK PROCESS C2N1 NOT FOUND !! WILL TRY TO LOOK FOR +/- MODES !!
XSEC FOUND FOR: C2+N1
XSEC FOUND FOR: C2-N1
!! EWK PROCESS C2N2 NOT FOUND !! WILL TRY TO LOOK FOR +/- MODES !!
XSEC FOUND FOR: C2+N2
XSEC FOUND FOR: C2-N2
!! EWK PROCESS C2N3 NOT FOUND !! WILL TRY TO LOOK FOR +/- MODES !!
XSEC FOUND FOR: C2+N3
XSEC FOUND FOR: C2-N3
!! EWK PROCESS C2N4 NOT FOUND !! WILL TRY TO LOOK FOR +/- MODES !!
XSEC FOUND FOR: C2+N4
XSEC FOUND FOR: C2-N4
---------------  Output inclusive processes  ---------------
The total xsec = 1566523.99 [fb]
The total rate = 100.00%
Output upto 0.10%
                          Modes : xsec/fb      (rate)
                    C1wN1_N2hN1 : 148368.1062413 (9.47)%
                    C1wN1_C1wN1 : 88396.6753191 (5.64)%
                    C1wN1_N2zN1 : 27202.6237653 (1.74)%
             GbB1tC1wN1_QqC1wN1 : 23819.4156695 (1.52)%
        GbB1tC1wN1_QqGbB1tC1wN1 : 17689.2495156 (1.13)%
       GbB1tC1wN1_GbB1tC2zC1wN1 : 16808.0804663 (1.07)%
          GbB1tC2zC1wN1_QqC1wN1 : 15991.3969448 (1.02)%
       GbB1tC1wN1_GbB1tC2wN2hN1 : 15875.6583964 (1.01)%
          GbB1tC2wN2hN1_QqC1wN1 : 15104.2800923 (0.96)%
       GbB1tC1wN1_GbB1tC2hC1wN1 : 14651.2924594 (0.94)%
          GbB1tC2hC1wN1_QqC1wN1 : 13939.4045586 (0.89)%
          GbB1bN2hN1_GbB1tC1wN1 : 12562.1766967 (0.80)%
          GbB1tC1wN1_GbB1tC1wN1 : 12517.9387584 (0.80)%
             GbB1bN2hN1_QqC1wN1 : 11951.7963072 (0.76)%
     GbB1tC2zC1wN1_QqGbB1tC1wN1 : 11875.8501293 (0.76)%
     GbB1tC1wN1_QqGbB1tC2zC1wN1 : 11875.8501293 (0.76)%
           QqC1wN1_QqGbB1tC1wN1 : 11580.6995810 (0.74)%
     GbB1tC2wN2hN1_QqGbB1tC1wN1 : 11217.0417198 (0.72)%
     GbB1tC1wN1_QqGbB1tC2wN2hN1 : 11217.0417198 (0.72)%
    GbB1tC2wN2hN1_GbB1tC2zC1wN1 : 10658.2780493 (0.68)%
     GbB1tC1wN1_QqGbB1tC2hC1wN1 : 10351.9586188 (0.66)%
     GbB1tC2hC1wN1_QqGbB1tC1wN1 : 10351.9586188 (0.66)%
             GbB1tC1wN1_QqN2hN1 : 10249.8801557 (0.65)%
    GbB1tC2hC1wN1_GbB1tC2zC1wN1 : 9836.2880401 (0.63)%
    GbB1tC2hC1wN1_GbB1tC2wN2hN1 : 9290.6235859 (0.59)%
        GbB1bN2hN1_QqGbB1tC1wN1 : 8875.8813386 (0.57)%
        GbB1tC1wN1_QqGbB1bN2hN1 : 8875.8813386 (0.57)%
       GbB1bN2hN1_GbB1tC2zC1wN1 : 8433.7398043 (0.54)%
       GbB1bN3wC1wN1_GbB1tC1wN1 : 8385.7608181 (0.54)%
          GbB1bN3wC1wN1_QqC1wN1 : 7978.3072312 (0.51)%
  GbB1tC2zC1wN1_QqGbB1tC2zC1wN1 : 7972.9677717 (0.51)%
       GbB1bN2hN1_GbB1tC2wN2hN1 : 7965.8811966 (0.51)%
                QqC1wN1_QqC1wN1 : 7796.9813479 (0.50)%
        QqC1wN1_QqGbB1tC2zC1wN1 : 7774.8155734 (0.50)%
  GbB1tC2zC1wN1_QqGbB1tC2wN2hN1 : 7530.6703228 (0.48)%
  GbB1tC2wN2hN1_QqGbB1tC2zC1wN1 : 7530.6703228 (0.48)%
       GbB1bN2hN1_GbB1tC2hC1wN1 : 7351.5347959 (0.47)%
        QqC1wN1_QqGbB1tC2wN2hN1 : 7343.5105446 (0.47)%
  GbB1tC2wN2hN1_QqGbB1tC2wN2hN1 : 7112.9091618 (0.45)%
          GbB1tC1wN1_GbB1tC2wN1 : 7092.8948039 (0.45)%
  GbB1tC2zC1wN1_QqGbB1tC2hC1wN1 : 6949.8883485 (0.44)%
  GbB1tC2hC1wN1_QqGbB1tC2zC1wN1 : 6949.8883485 (0.44)%
          GbB1tC2zC1wN1_QqN2hN1 : 6881.3569771 (0.44)%
        QqC1wN1_QqGbB1tC2hC1wN1 : 6777.1627470 (0.43)%
             GbB1tC2wN1_QqC1wN1 : 6748.2599529 (0.43)%
                QqC1wN1_QqN2hN1 : 6710.3345860 (0.43)%
  GbB1tC2hC1wN1_QqGbB1tC2wN2hN1 : 6564.3458535 (0.42)%
  GbB1tC2wN2hN1_QqGbB1tC2hC1wN1 : 6564.3458535 (0.42)%
          GbB1tC2wN2hN1_QqN2hN1 : 6499.6162346 (0.41)%
       GbB1bN4wC1wN1_GbB1tC1wN1 : 6320.1700307 (0.40)%
  GbB1tC2hC1wN1_QqGbB1tC2hC1wN1 : 6058.0889626 (0.39)%
          GbB1bN4wC1wN1_QqC1wN1 : 6013.0809060 (0.38)%
          GbB1tC2hC1wN1_QqN2hN1 : 5998.3514353 (0.38)%
     GbB1tC2zC1wN1_QqGbB1bN2hN1 : 5958.9094749 (0.38)%
     GbB1bN2hN1_QqGbB1tC2zC1wN1 : 5958.9094749 (0.38)%
     GbB1tC1wN1_QqGbB1bN3wC1wN1 : 5925.0096343 (0.38)%
     GbB1bN3wC1wN1_QqGbB1tC1wN1 : 5925.0096343 (0.38)%
           QqC1wN1_QqGbB1bN2hN1 : 5810.8126751 (0.37)%
   QqGbB1tC1wN1_QqGbB1tC2zC1wN1 : 5773.8886010 (0.37)%
    GbB1tC2zC1wN1_GbB1tC2zC1wN1 : 5642.1343484 (0.36)%
    GbB1bN3wC1wN1_GbB1tC2zC1wN1 : 5629.8622849 (0.36)%
     GbB1bN2hN1_QqGbB1tC2wN2hN1 : 5628.3411678 (0.36)%
     GbB1tC2wN2hN1_QqGbB1bN2hN1 : 5628.3411678 (0.36)%
   QqGbB1tC1wN1_QqGbB1tC2wN2hN1 : 5453.5842586 (0.35)%
    GbB1bN3wC1wN1_GbB1tC2wN2hN1 : 5317.5477494 (0.34)%
     GbB1bN2hN1_QqGbB1tC2hC1wN1 : 5194.2710312 (0.33)%
     GbB1tC2hC1wN1_QqGbB1bN2hN1 : 5194.2710312 (0.33)%
             GbB1bN2hN1_QqN2hN1 : 5143.0514289 (0.33)%
    GbB1tC2wN2hN1_GbB1tC2wN2hN1 : 5033.5070011 (0.32)%
   QqGbB1tC1wN1_QqGbB1tC2hC1wN1 : 5032.9917620 (0.32)%
        GbB1tC1wN1_QqGbB1tC2wN1 : 5011.5273926 (0.32)%
        GbB1tC2wN1_QqGbB1tC1wN1 : 5011.5273926 (0.32)%
           QqGbB1tC1wN1_QqN2hN1 : 4983.3625002 (0.32)%
    GbB1bN3wC1wN1_GbB1tC2hC1wN1 : 4907.4466896 (0.31)%
       GbB1tC2wN1_GbB1tC2zC1wN1 : 4761.8840811 (0.30)%
       GbB1tC2wN1_GbB1tC2wN2hN1 : 4497.7203165 (0.29)%
     GbB1tC1wN1_QqGbB1bN4wC1wN1 : 4465.5540665 (0.29)%
     GbB1bN4wC1wN1_QqGbB1tC1wN1 : 4465.5540665 (0.29)%
        GbB1bN2hN1_QqGbB1bN2hN1 : 4453.6241895 (0.28)%
      QqGbB1bN2hN1_QqGbB1tC1wN1 : 4315.3415988 (0.28)%
      QqGbB1tC1wN1_QqGbB1tC1wN1 : 4300.1450433 (0.27)%
    GbB1tC2hC1wN1_GbB1tC2hC1wN1 : 4287.0550590 (0.27)%
    GbB1bN4wC1wN1_GbB1tC2zC1wN1 : 4243.1077706 (0.27)%
       GbB1bN2hN1_GbB1bN3wC1wN1 : 4207.6978953 (0.27)%
       GbB1tC2hC1wN1_GbB1tC2wN1 : 4150.8461641 (0.26)%
    GbB1bN4wC1wN1_GbB1tC2wN2hN1 : 4007.7229307 (0.26)%
  GbB1tC2zC1wN1_QqGbB1bN3wC1wN1 : 3977.8129858 (0.25)%
  GbB1bN3wC1wN1_QqGbB1tC2zC1wN1 : 3977.8129858 (0.25)%
        QqC1wN1_QqGbB1bN3wC1wN1 : 3878.9523845 (0.25)%
  GbB1bN3wC1wN1_QqGbB1tC2wN2hN1 : 3757.1452763 (0.24)%
  GbB1tC2wN2hN1_QqGbB1bN3wC1wN1 : 3757.1452763 (0.24)%
    GbB1bN4wC1wN1_GbB1tC2hC1wN1 : 3698.6384620 (0.24)%
QqGbB1tC2wN2hN1_QqGbB1tC2zC1wN1 : 3661.3169635 (0.23)%
          GbB1bN2hN1_GbB1tC2wN1 : 3558.9804175 (0.23)%
  GbB1tC2hC1wN1_QqGbB1bN3wC1wN1 : 3467.3859112 (0.22)%
  GbB1bN3wC1wN1_QqGbB1tC2hC1wN1 : 3467.3859112 (0.22)%
          GbB1bN3wC1wN1_QqN2hN1 : 3433.1947559 (0.22)%
QqGbB1tC2hC1wN1_QqGbB1tC2zC1wN1 : 3378.9480902 (0.22)%
     GbB1tC2wN1_QqGbB1tC2zC1wN1 : 3364.5377765 (0.21)%
     GbB1tC2zC1wN1_QqGbB1tC2wN1 : 3364.5377765 (0.21)%
        QqGbB1tC2zC1wN1_QqN2hN1 : 3345.6290014 (0.21)%
           QqC1wN1_QqGbB1tC2wN1 : 3280.9189064 (0.21)%
QqGbB1tC2hC1wN1_QqGbB1tC2wN2hN1 : 3191.5021901 (0.20)%
     GbB1tC2wN1_QqGbB1tC2wN2hN1 : 3177.8912833 (0.20)%
     GbB1tC2wN2hN1_QqGbB1tC2wN1 : 3177.8912833 (0.20)%
             GbB1bN1_GbB1tC1wN1 : 3173.3614358 (0.20)%
       GbB1bN2hN1_GbB1bN4wC1wN1 : 3171.2526404 (0.20)%
           T1bC1wN1_T1tN3wC1wN1 : 3167.4383530 (0.20)%
        QqGbB1tC2wN2hN1_QqN2hN1 : 3160.0314655 (0.20)%
          GbB1bN2hN1_GbB1bN2hN1 : 3151.6427426 (0.20)%
                GbB1bN1_QqC1wN1 : 3019.1717889 (0.19)%
  GbB1tC2zC1wN1_QqGbB1bN4wC1wN1 : 2997.9932609 (0.19)%
  GbB1bN4wC1wN1_QqGbB1tC2zC1wN1 : 2997.9932609 (0.19)%
     GbB1bN2hN1_QqGbB1bN3wC1wN1 : 2972.9742010 (0.19)%
     GbB1bN3wC1wN1_QqGbB1bN2hN1 : 2972.9742010 (0.19)%
     GbB1tC2wN1_QqGbB1tC2hC1wN1 : 2932.8052691 (0.19)%
     GbB1tC2hC1wN1_QqGbB1tC2wN1 : 2932.8052691 (0.19)%
        QqC1wN1_QqGbB1bN4wC1wN1 : 2923.4841230 (0.19)%
        QqGbB1tC2hC1wN1_QqN2hN1 : 2916.3228400 (0.19)%
       GbB1tC1wN1_GbB1tC2wN2zN1 : 2910.7304348 (0.19)%
             GbB1tC2wN1_QqN2hN1 : 2903.8854998 (0.19)%
   QqGbB1bN2hN1_QqGbB1tC2zC1wN1 : 2897.1466562 (0.18)%
       GbB1bN3zN2hN1_GbB1tC1wN1 : 2896.3400495 (0.18)%
   QqGbB1bN3wC1wN1_QqGbB1tC1wN1 : 2880.6649811 (0.18)%
  GbB1tC2wN2hN1_QqGbB1bN4wC1wN1 : 2831.6806896 (0.18)%
  GbB1bN4wC1wN1_QqGbB1tC2wN2hN1 : 2831.6806896 (0.18)%
              T1bC1wN1_T1bC1wN1 : 2799.8891926 (0.18)%
          GbB1tC2wN2zN1_QqC1wN1 : 2769.3016984 (0.18)%
          GbB1bN3zN2hN1_QqC1wN1 : 2755.6105238 (0.18)%
   QqGbB1bN2hN1_QqGbB1tC2wN2hN1 : 2736.4285131 (0.17)%
  GbB1bN4wC1wN1_QqGbB1tC2hC1wN1 : 2613.2952032 (0.17)%
  GbB1tC2hC1wN1_QqGbB1bN4wC1wN1 : 2613.2952032 (0.17)%
          GbB1bN4wC1wN1_QqN2hN1 : 2587.5260548 (0.17)%
   QqGbB1bN2hN1_QqGbB1tC2hC1wN1 : 2525.3890855 (0.16)%
        GbB1bN2hN1_QqGbB1tC2wN1 : 2514.6189737 (0.16)%
        GbB1tC2wN1_QqGbB1bN2hN1 : 2514.6189737 (0.16)%
           QqGbB1bN2hN1_QqN2hN1 : 2500.4867606 (0.16)%
      QqGbB1tC1wN1_QqGbB1tC2wN1 : 2436.5414325 (0.16)%
       GbB1bN3wC1wN1_GbB1tC2wN1 : 2375.7633138 (0.15)%
          GbB1bN2zN1_GbB1tC1wN1 : 2303.2184949 (0.15)%
           GbB1bN1_QqGbB1tC1wN1 : 2242.1575678 (0.14)%
           GbB1tC1wN1_QqGbB1bN1 : 2242.1575678 (0.14)%
     GbB1bN2hN1_QqGbB1bN4wC1wN1 : 2240.6675857 (0.14)%
     GbB1bN4wC1wN1_QqGbB1bN2hN1 : 2240.6675857 (0.14)%
             GbB1bN2zN1_QqC1wN1 : 2191.3080008 (0.14)%
   QqGbB1bN4wC1wN1_QqGbB1tC1wN1 : 2171.0960850 (0.14)%
          GbB1bN1_GbB1tC2zC1wN1 : 2130.4671396 (0.14)%
    GbB1bN3wC1wN1_GbB1bN4wC1wN1 : 2116.9393472 (0.14)%
     GbB1tC2wN2zN1_QqGbB1tC1wN1 : 2056.5940578 (0.13)%
     GbB1tC1wN1_QqGbB1tC2wN2zN1 : 2056.5940578 (0.13)%
     GbB1tC1wN1_QqGbB1bN3zN2hN1 : 2046.4264447 (0.13)%
     GbB1bN3zN2hN1_QqGbB1tC1wN1 : 2046.4264447 (0.13)%
          GbB1bN1_GbB1tC2wN2hN1 : 2012.2802602 (0.13)%
  GbB1bN3wC1wN1_QqGbB1bN3wC1wN1 : 1984.5804728 (0.13)%
       GbB1bN4hN2hN1_GbB1tC1wN1 : 1981.8125292 (0.13)%
    GbB1tC2wN2zN1_GbB1tC2zC1wN1 : 1954.1472565 (0.12)%
    GbB1bN3zN2hN1_GbB1tC2zC1wN1 : 1944.4861310 (0.12)%
          GbB1bN3zN1_GbB1tC1wN1 : 1942.8133646 (0.12)%
QqGbB1tC2zC1wN1_QqGbB1tC2zC1wN1 : 1938.1782033 (0.12)%
QqGbB1bN3wC1wN1_QqGbB1tC2zC1wN1 : 1933.9625210 (0.12)%
          GbB1bN4hN2hN1_QqC1wN1 : 1885.5187473 (0.12)%
             GbB1tC1wN1_QqN2zN1 : 1879.2693429 (0.12)%
          GbB1bN1_GbB1tC2hC1wN1 : 1857.0887497 (0.12)%
              T1bC1wN1_T1tN2hN1 : 1850.0030539 (0.12)%
             GbB1bN3zN1_QqC1wN1 : 1848.4145031 (0.12)%
    GbB1tC2wN2hN1_GbB1tC2wN2zN1 : 1845.7416576 (0.12)%
    GbB1bN3zN2hN1_GbB1tC2wN2hN1 : 1836.6164795 (0.12)%
QqGbB1bN3wC1wN1_QqGbB1tC2wN2hN1 : 1826.6766629 (0.12)%
       GbB1bN4wC1wN1_GbB1tC2wN1 : 1790.5624095 (0.11)%
              C2zC1wN1_N4wC1wN1 : 1764.5724444 (0.11)%
QqGbB1tC2wN2hN1_QqGbB1tC2wN2hN1 : 1729.1033771 (0.11)%
    GbB1tC2hC1wN1_GbB1tC2wN2zN1 : 1703.3939730 (0.11)%
    GbB1bN3zN2hN1_GbB1tC2hC1wN1 : 1694.9725488 (0.11)%
QqGbB1bN3wC1wN1_QqGbB1tC2hC1wN1 : 1685.7993129 (0.11)%
     GbB1tC2wN1_QqGbB1bN3wC1wN1 : 1678.6098278 (0.11)%
     GbB1bN3wC1wN1_QqGbB1tC2wN1 : 1678.6098278 (0.11)%
              N3wC1wN1_N4wC1wN1 : 1670.1150756 (0.11)%
        QqGbB1bN3wC1wN1_QqN2hN1 : 1669.1760043 (0.11)%
              C2wN2hN1_N4wC1wN1 : 1666.6834383 (0.11)%
   QqGbB1tC2wN1_QqGbB1tC2zC1wN1 : 1635.7958465 (0.10)%
              C2zC1wN1_N3wC1wN1 : 1632.5975740 (0.10)%
        GbB1bN2zN1_QqGbB1tC1wN1 : 1627.3528507 (0.10)%
        GbB1tC1wN1_QqGbB1bN2zN1 : 1627.3528507 (0.10)%
             GbB1bN1_GbB1bN2hN1 : 1592.2879896 (0.10)%
       GbB1bN2zN1_GbB1tC2zC1wN1 : 1546.2881926 (0.10)%
------------------------------------------------------------
                                              SUM=74.88%

SHOWING PROCESSES TO GET 90.00% SUSY COVERAGE
---------------  Output inclusive processes  ---------------
The total xsec = 1566523.99 [fb]
The total rate = 100.00%
                          Modes : xsec/fb      (rate)
                    C1wN1_N2hN1 : 148368.1062413 (9.47)%
                    C1wN1_C1wN1 : 88396.6753191 (5.64)%
                    C1wN1_N2zN1 : 27202.6237653 (1.74)%
             GbB1tC1wN1_QqC1wN1 : 23819.4156695 (1.52)%
        GbB1tC1wN1_QqGbB1tC1wN1 : 17689.2495156 (1.13)%
       GbB1tC1wN1_GbB1tC2zC1wN1 : 16808.0804663 (1.07)%
          GbB1tC2zC1wN1_QqC1wN1 : 15991.3969448 (1.02)%
       GbB1tC1wN1_GbB1tC2wN2hN1 : 15875.6583964 (1.01)%
          GbB1tC2wN2hN1_QqC1wN1 : 15104.2800923 (0.96)%
       GbB1tC1wN1_GbB1tC2hC1wN1 : 14651.2924594 (0.94)%
          GbB1tC2hC1wN1_QqC1wN1 : 13939.4045586 (0.89)%
          GbB1bN2hN1_GbB1tC1wN1 : 12562.1766967 (0.80)%
          GbB1tC1wN1_GbB1tC1wN1 : 12517.9387584 (0.80)%
             GbB1bN2hN1_QqC1wN1 : 11951.7963072 (0.76)%
     GbB1tC2zC1wN1_QqGbB1tC1wN1 : 11875.8501293 (0.76)%
     GbB1tC1wN1_QqGbB1tC2zC1wN1 : 11875.8501293 (0.76)%
           QqC1wN1_QqGbB1tC1wN1 : 11580.6995810 (0.74)%
     GbB1tC2wN2hN1_QqGbB1tC1wN1 : 11217.0417198 (0.72)%
     GbB1tC1wN1_QqGbB1tC2wN2hN1 : 11217.0417198 (0.72)%
    GbB1tC2wN2hN1_GbB1tC2zC1wN1 : 10658.2780493 (0.68)%
     GbB1tC1wN1_QqGbB1tC2hC1wN1 : 10351.9586188 (0.66)%
     GbB1tC2hC1wN1_QqGbB1tC1wN1 : 10351.9586188 (0.66)%
             GbB1tC1wN1_QqN2hN1 : 10249.8801557 (0.65)%
    GbB1tC2hC1wN1_GbB1tC2zC1wN1 : 9836.2880401 (0.63)%
    GbB1tC2hC1wN1_GbB1tC2wN2hN1 : 9290.6235859 (0.59)%
        GbB1bN2hN1_QqGbB1tC1wN1 : 8875.8813386 (0.57)%
        GbB1tC1wN1_QqGbB1bN2hN1 : 8875.8813386 (0.57)%
       GbB1bN2hN1_GbB1tC2zC1wN1 : 8433.7398043 (0.54)%
       GbB1bN3wC1wN1_GbB1tC1wN1 : 8385.7608181 (0.54)%
          GbB1bN3wC1wN1_QqC1wN1 : 7978.3072312 (0.51)%
  GbB1tC2zC1wN1_QqGbB1tC2zC1wN1 : 7972.9677717 (0.51)%
       GbB1bN2hN1_GbB1tC2wN2hN1 : 7965.8811966 (0.51)%
                QqC1wN1_QqC1wN1 : 7796.9813479 (0.50)%
        QqC1wN1_QqGbB1tC2zC1wN1 : 7774.8155734 (0.50)%
  GbB1tC2zC1wN1_QqGbB1tC2wN2hN1 : 7530.6703228 (0.48)%
  GbB1tC2wN2hN1_QqGbB1tC2zC1wN1 : 7530.6703228 (0.48)%
       GbB1bN2hN1_GbB1tC2hC1wN1 : 7351.5347959 (0.47)%
        QqC1wN1_QqGbB1tC2wN2hN1 : 7343.5105446 (0.47)%
  GbB1tC2wN2hN1_QqGbB1tC2wN2hN1 : 7112.9091618 (0.45)%
          GbB1tC1wN1_GbB1tC2wN1 : 7092.8948039 (0.45)%
  GbB1tC2zC1wN1_QqGbB1tC2hC1wN1 : 6949.8883485 (0.44)%
  GbB1tC2hC1wN1_QqGbB1tC2zC1wN1 : 6949.8883485 (0.44)%
          GbB1tC2zC1wN1_QqN2hN1 : 6881.3569771 (0.44)%
        QqC1wN1_QqGbB1tC2hC1wN1 : 6777.1627470 (0.43)%
             GbB1tC2wN1_QqC1wN1 : 6748.2599529 (0.43)%
                QqC1wN1_QqN2hN1 : 6710.3345860 (0.43)%
  GbB1tC2hC1wN1_QqGbB1tC2wN2hN1 : 6564.3458535 (0.42)%
  GbB1tC2wN2hN1_QqGbB1tC2hC1wN1 : 6564.3458535 (0.42)%
          GbB1tC2wN2hN1_QqN2hN1 : 6499.6162346 (0.41)%
       GbB1bN4wC1wN1_GbB1tC1wN1 : 6320.1700307 (0.40)%
  GbB1tC2hC1wN1_QqGbB1tC2hC1wN1 : 6058.0889626 (0.39)%
          GbB1bN4wC1wN1_QqC1wN1 : 6013.0809060 (0.38)%
          GbB1tC2hC1wN1_QqN2hN1 : 5998.3514353 (0.38)%
     GbB1tC2zC1wN1_QqGbB1bN2hN1 : 5958.9094749 (0.38)%
     GbB1bN2hN1_QqGbB1tC2zC1wN1 : 5958.9094749 (0.38)%
     GbB1tC1wN1_QqGbB1bN3wC1wN1 : 5925.0096343 (0.38)%
     GbB1bN3wC1wN1_QqGbB1tC1wN1 : 5925.0096343 (0.38)%
           QqC1wN1_QqGbB1bN2hN1 : 5810.8126751 (0.37)%
   QqGbB1tC1wN1_QqGbB1tC2zC1wN1 : 5773.8886010 (0.37)%
    GbB1tC2zC1wN1_GbB1tC2zC1wN1 : 5642.1343484 (0.36)%
    GbB1bN3wC1wN1_GbB1tC2zC1wN1 : 5629.8622849 (0.36)%
     GbB1bN2hN1_QqGbB1tC2wN2hN1 : 5628.3411678 (0.36)%
     GbB1tC2wN2hN1_QqGbB1bN2hN1 : 5628.3411678 (0.36)%
   QqGbB1tC1wN1_QqGbB1tC2wN2hN1 : 5453.5842586 (0.35)%
    GbB1bN3wC1wN1_GbB1tC2wN2hN1 : 5317.5477494 (0.34)%
     GbB1bN2hN1_QqGbB1tC2hC1wN1 : 5194.2710312 (0.33)%
     GbB1tC2hC1wN1_QqGbB1bN2hN1 : 5194.2710312 (0.33)%
             GbB1bN2hN1_QqN2hN1 : 5143.0514289 (0.33)%
    GbB1tC2wN2hN1_GbB1tC2wN2hN1 : 5033.5070011 (0.32)%
   QqGbB1tC1wN1_QqGbB1tC2hC1wN1 : 5032.9917620 (0.32)%
        GbB1tC1wN1_QqGbB1tC2wN1 : 5011.5273926 (0.32)%
        GbB1tC2wN1_QqGbB1tC1wN1 : 5011.5273926 (0.32)%
           QqGbB1tC1wN1_QqN2hN1 : 4983.3625002 (0.32)%
    GbB1bN3wC1wN1_GbB1tC2hC1wN1 : 4907.4466896 (0.31)%
       GbB1tC2wN1_GbB1tC2zC1wN1 : 4761.8840811 (0.30)%
       GbB1tC2wN1_GbB1tC2wN2hN1 : 4497.7203165 (0.29)%
     GbB1tC1wN1_QqGbB1bN4wC1wN1 : 4465.5540665 (0.29)%
     GbB1bN4wC1wN1_QqGbB1tC1wN1 : 4465.5540665 (0.29)%
        GbB1bN2hN1_QqGbB1bN2hN1 : 4453.6241895 (0.28)%
      QqGbB1bN2hN1_QqGbB1tC1wN1 : 4315.3415988 (0.28)%
      QqGbB1tC1wN1_QqGbB1tC1wN1 : 4300.1450433 (0.27)%
    GbB1tC2hC1wN1_GbB1tC2hC1wN1 : 4287.0550590 (0.27)%
    GbB1bN4wC1wN1_GbB1tC2zC1wN1 : 4243.1077706 (0.27)%
       GbB1bN2hN1_GbB1bN3wC1wN1 : 4207.6978953 (0.27)%
       GbB1tC2hC1wN1_GbB1tC2wN1 : 4150.8461641 (0.26)%
    GbB1bN4wC1wN1_GbB1tC2wN2hN1 : 4007.7229307 (0.26)%
  GbB1tC2zC1wN1_QqGbB1bN3wC1wN1 : 3977.8129858 (0.25)%
  GbB1bN3wC1wN1_QqGbB1tC2zC1wN1 : 3977.8129858 (0.25)%
        QqC1wN1_QqGbB1bN3wC1wN1 : 3878.9523845 (0.25)%
  GbB1bN3wC1wN1_QqGbB1tC2wN2hN1 : 3757.1452763 (0.24)%
  GbB1tC2wN2hN1_QqGbB1bN3wC1wN1 : 3757.1452763 (0.24)%
    GbB1bN4wC1wN1_GbB1tC2hC1wN1 : 3698.6384620 (0.24)%
QqGbB1tC2wN2hN1_QqGbB1tC2zC1wN1 : 3661.3169635 (0.23)%
          GbB1bN2hN1_GbB1tC2wN1 : 3558.9804175 (0.23)%
  GbB1tC2hC1wN1_QqGbB1bN3wC1wN1 : 3467.3859112 (0.22)%
  GbB1bN3wC1wN1_QqGbB1tC2hC1wN1 : 3467.3859112 (0.22)%
          GbB1bN3wC1wN1_QqN2hN1 : 3433.1947559 (0.22)%
QqGbB1tC2hC1wN1_QqGbB1tC2zC1wN1 : 3378.9480902 (0.22)%
     GbB1tC2wN1_QqGbB1tC2zC1wN1 : 3364.5377765 (0.21)%
     GbB1tC2zC1wN1_QqGbB1tC2wN1 : 3364.5377765 (0.21)%
        QqGbB1tC2zC1wN1_QqN2hN1 : 3345.6290014 (0.21)%
           QqC1wN1_QqGbB1tC2wN1 : 3280.9189064 (0.21)%
QqGbB1tC2hC1wN1_QqGbB1tC2wN2hN1 : 3191.5021901 (0.20)%
     GbB1tC2wN1_QqGbB1tC2wN2hN1 : 3177.8912833 (0.20)%
     GbB1tC2wN2hN1_QqGbB1tC2wN1 : 3177.8912833 (0.20)%
             GbB1bN1_GbB1tC1wN1 : 3173.3614358 (0.20)%
       GbB1bN2hN1_GbB1bN4wC1wN1 : 3171.2526404 (0.20)%
           T1bC1wN1_T1tN3wC1wN1 : 3167.4383530 (0.20)%
        QqGbB1tC2wN2hN1_QqN2hN1 : 3160.0314655 (0.20)%
          GbB1bN2hN1_GbB1bN2hN1 : 3151.6427426 (0.20)%
                GbB1bN1_QqC1wN1 : 3019.1717889 (0.19)%
  GbB1tC2zC1wN1_QqGbB1bN4wC1wN1 : 2997.9932609 (0.19)%
  GbB1bN4wC1wN1_QqGbB1tC2zC1wN1 : 2997.9932609 (0.19)%
     GbB1bN2hN1_QqGbB1bN3wC1wN1 : 2972.9742010 (0.19)%
     GbB1bN3wC1wN1_QqGbB1bN2hN1 : 2972.9742010 (0.19)%
     GbB1tC2wN1_QqGbB1tC2hC1wN1 : 2932.8052691 (0.19)%
     GbB1tC2hC1wN1_QqGbB1tC2wN1 : 2932.8052691 (0.19)%
        QqC1wN1_QqGbB1bN4wC1wN1 : 2923.4841230 (0.19)%
        QqGbB1tC2hC1wN1_QqN2hN1 : 2916.3228400 (0.19)%
       GbB1tC1wN1_GbB1tC2wN2zN1 : 2910.7304348 (0.19)%
             GbB1tC2wN1_QqN2hN1 : 2903.8854998 (0.19)%
   QqGbB1bN2hN1_QqGbB1tC2zC1wN1 : 2897.1466562 (0.18)%
       GbB1bN3zN2hN1_GbB1tC1wN1 : 2896.3400495 (0.18)%
   QqGbB1bN3wC1wN1_QqGbB1tC1wN1 : 2880.6649811 (0.18)%
  GbB1tC2wN2hN1_QqGbB1bN4wC1wN1 : 2831.6806896 (0.18)%
  GbB1bN4wC1wN1_QqGbB1tC2wN2hN1 : 2831.6806896 (0.18)%
              T1bC1wN1_T1bC1wN1 : 2799.8891926 (0.18)%
          GbB1tC2wN2zN1_QqC1wN1 : 2769.3016984 (0.18)%
          GbB1bN3zN2hN1_QqC1wN1 : 2755.6105238 (0.18)%
   QqGbB1bN2hN1_QqGbB1tC2wN2hN1 : 2736.4285131 (0.17)%
  GbB1bN4wC1wN1_QqGbB1tC2hC1wN1 : 2613.2952032 (0.17)%
  GbB1tC2hC1wN1_QqGbB1bN4wC1wN1 : 2613.2952032 (0.17)%
          GbB1bN4wC1wN1_QqN2hN1 : 2587.5260548 (0.17)%
   QqGbB1bN2hN1_QqGbB1tC2hC1wN1 : 2525.3890855 (0.16)%
        GbB1bN2hN1_QqGbB1tC2wN1 : 2514.6189737 (0.16)%
        GbB1tC2wN1_QqGbB1bN2hN1 : 2514.6189737 (0.16)%
           QqGbB1bN2hN1_QqN2hN1 : 2500.4867606 (0.16)%
      QqGbB1tC1wN1_QqGbB1tC2wN1 : 2436.5414325 (0.16)%
       GbB1bN3wC1wN1_GbB1tC2wN1 : 2375.7633138 (0.15)%
          GbB1bN2zN1_GbB1tC1wN1 : 2303.2184949 (0.15)%
           GbB1bN1_QqGbB1tC1wN1 : 2242.1575678 (0.14)%
           GbB1tC1wN1_QqGbB1bN1 : 2242.1575678 (0.14)%
     GbB1bN2hN1_QqGbB1bN4wC1wN1 : 2240.6675857 (0.14)%
     GbB1bN4wC1wN1_QqGbB1bN2hN1 : 2240.6675857 (0.14)%
             GbB1bN2zN1_QqC1wN1 : 2191.3080008 (0.14)%
   QqGbB1bN4wC1wN1_QqGbB1tC1wN1 : 2171.0960850 (0.14)%
          GbB1bN1_GbB1tC2zC1wN1 : 2130.4671396 (0.14)%
    GbB1bN3wC1wN1_GbB1bN4wC1wN1 : 2116.9393472 (0.14)%
     GbB1tC2wN2zN1_QqGbB1tC1wN1 : 2056.5940578 (0.13)%
     GbB1tC1wN1_QqGbB1tC2wN2zN1 : 2056.5940578 (0.13)%
     GbB1tC1wN1_QqGbB1bN3zN2hN1 : 2046.4264447 (0.13)%
     GbB1bN3zN2hN1_QqGbB1tC1wN1 : 2046.4264447 (0.13)%
          GbB1bN1_GbB1tC2wN2hN1 : 2012.2802602 (0.13)%
  GbB1bN3wC1wN1_QqGbB1bN3wC1wN1 : 1984.5804728 (0.13)%
       GbB1bN4hN2hN1_GbB1tC1wN1 : 1981.8125292 (0.13)%
    GbB1tC2wN2zN1_GbB1tC2zC1wN1 : 1954.1472565 (0.12)%
    GbB1bN3zN2hN1_GbB1tC2zC1wN1 : 1944.4861310 (0.12)%
          GbB1bN3zN1_GbB1tC1wN1 : 1942.8133646 (0.12)%
QqGbB1tC2zC1wN1_QqGbB1tC2zC1wN1 : 1938.1782033 (0.12)%
QqGbB1bN3wC1wN1_QqGbB1tC2zC1wN1 : 1933.9625210 (0.12)%
          GbB1bN4hN2hN1_QqC1wN1 : 1885.5187473 (0.12)%
             GbB1tC1wN1_QqN2zN1 : 1879.2693429 (0.12)%
          GbB1bN1_GbB1tC2hC1wN1 : 1857.0887497 (0.12)%
              T1bC1wN1_T1tN2hN1 : 1850.0030539 (0.12)%
             GbB1bN3zN1_QqC1wN1 : 1848.4145031 (0.12)%
    GbB1tC2wN2hN1_GbB1tC2wN2zN1 : 1845.7416576 (0.12)%
    GbB1bN3zN2hN1_GbB1tC2wN2hN1 : 1836.6164795 (0.12)%
QqGbB1bN3wC1wN1_QqGbB1tC2wN2hN1 : 1826.6766629 (0.12)%
       GbB1bN4wC1wN1_GbB1tC2wN1 : 1790.5624095 (0.11)%
              C2zC1wN1_N4wC1wN1 : 1764.5724444 (0.11)%
QqGbB1tC2wN2hN1_QqGbB1tC2wN2hN1 : 1729.1033771 (0.11)%
    GbB1tC2hC1wN1_GbB1tC2wN2zN1 : 1703.3939730 (0.11)%
    GbB1bN3zN2hN1_GbB1tC2hC1wN1 : 1694.9725488 (0.11)%
QqGbB1bN3wC1wN1_QqGbB1tC2hC1wN1 : 1685.7993129 (0.11)%
     GbB1tC2wN1_QqGbB1bN3wC1wN1 : 1678.6098278 (0.11)%
     GbB1bN3wC1wN1_QqGbB1tC2wN1 : 1678.6098278 (0.11)%
              N3wC1wN1_N4wC1wN1 : 1670.1150756 (0.11)%
        QqGbB1bN3wC1wN1_QqN2hN1 : 1669.1760043 (0.11)%
              C2wN2hN1_N4wC1wN1 : 1666.6834383 (0.11)%
   QqGbB1tC2wN1_QqGbB1tC2zC1wN1 : 1635.7958465 (0.10)%
              C2zC1wN1_N3wC1wN1 : 1632.5975740 (0.10)%
        GbB1bN2zN1_QqGbB1tC1wN1 : 1627.3528507 (0.10)%
        GbB1tC1wN1_QqGbB1bN2zN1 : 1627.3528507 (0.10)%
             GbB1bN1_GbB1bN2hN1 : 1592.2879896 (0.10)%
       GbB1bN2zN1_GbB1tC2zC1wN1 : 1546.2881926 (0.10)%
   QqGbB1tC2wN1_QqGbB1tC2wN2hN1 : 1545.0506748 (0.10)%
              C2wN2hN1_N3wC1wN1 : 1542.0298252 (0.10)%
              C2hC1wN1_N4wC1wN1 : 1538.1451202 (0.10)%
        GbB1tC2zC1wN1_QqGbB1bN1 : 1505.2943438 (0.10)%
        GbB1bN1_QqGbB1tC2zC1wN1 : 1505.2943438 (0.10)%
  GbB1bN4wC1wN1_QqGbB1bN3wC1wN1 : 1495.7362009 (0.10)%
  GbB1bN3wC1wN1_QqGbB1bN4wC1wN1 : 1495.7362009 (0.10)%
QqGbB1tC2hC1wN1_QqGbB1tC2hC1wN1 : 1472.6832363 (0.09)%
              QqC1wN1_QqGbB1bN1 : 1467.8832577 (0.09)%
       GbB1bN2hN1_GbB1tC2wN2zN1 : 1460.5084249 (0.09)%
       GbB1bN2zN1_GbB1tC2wN2hN1 : 1460.5084249 (0.09)%
QqGbB1bN4wC1wN1_QqGbB1tC2zC1wN1 : 1457.5865245 (0.09)%
       GbB1bN2hN1_GbB1bN3zN2hN1 : 1453.2878047 (0.09)%
   QqGbB1bN2hN1_QqGbB1bN3wC1wN1 : 1445.4225730 (0.09)%
                QqN2hN1_QqN2hN1 : 1443.7828002 (0.09)%
   QqGbB1tC2hC1wN1_QqGbB1tC2wN1 : 1425.8929447 (0.09)%
              C2hC1wN1_N3wC1wN1 : 1423.1050698 (0.09)%
        GbB1tC2wN2hN1_QqGbB1bN1 : 1421.7886948 (0.09)%
        GbB1bN1_QqGbB1tC2wN2hN1 : 1421.7886948 (0.09)%
        GbB1tC2wN1_QqGbB1tC2wN1 : 1419.8118911 (0.09)%
           QqGbB1tC2wN1_QqN2hN1 : 1411.8325175 (0.09)%
    GbB1bN3wC1wN1_GbB1bN3wC1wN1 : 1404.4042285 (0.09)%
     GbB1bN4hN2hN1_QqGbB1tC1wN1 : 1400.2615366 (0.09)%
     GbB1tC1wN1_QqGbB1bN4hN2hN1 : 1400.2615366 (0.09)%
  GbB1tC2zC1wN1_QqGbB1tC2wN2zN1 : 1380.7144721 (0.09)%
  GbB1tC2wN2zN1_QqGbB1tC2zC1wN1 : 1380.7144721 (0.09)%
QqGbB1bN4wC1wN1_QqGbB1tC2wN2hN1 : 1376.7274491 (0.09)%
  GbB1tC2zC1wN1_QqGbB1bN3zN2hN1 : 1373.8883460 (0.09)%
  GbB1bN3zN2hN1_QqGbB1tC2zC1wN1 : 1373.8883460 (0.09)%
        GbB1bN3zN1_QqGbB1tC1wN1 : 1372.7064428 (0.09)%
        GbB1tC1wN1_QqGbB1bN3zN1 : 1372.7064428 (0.09)%
       GbB1bN2zN1_GbB1tC2hC1wN1 : 1347.8707804 (0.09)%
        QqC1wN1_QqGbB1tC2wN2zN1 : 1346.3995701 (0.09)%
        QqC1wN1_QqGbB1bN3zN2hN1 : 1339.7430937 (0.09)%
    GbB1bN4hN2hN1_GbB1tC2zC1wN1 : 1330.5091638 (0.08)%
        GbB1bN1_QqGbB1tC2hC1wN1 : 1312.1372016 (0.08)%
        GbB1tC2hC1wN1_QqGbB1bN1 : 1312.1372016 (0.08)%
       GbB1bN3zN1_GbB1tC2zC1wN1 : 1304.3266944 (0.08)%
  GbB1tC2wN2zN1_QqGbB1tC2wN2hN1 : 1304.1198456 (0.08)%
  GbB1tC2wN2hN1_QqGbB1tC2wN2zN1 : 1304.1198456 (0.08)%
                GbB1bN1_QqN2hN1 : 1299.1984957 (0.08)%
  GbB1bN3zN2hN1_QqGbB1tC2wN2hN1 : 1297.6723963 (0.08)%
  GbB1tC2wN2hN1_QqGbB1bN3zN2hN1 : 1297.6723963 (0.08)%
           T1bC1wN1_T1bC2zC1wN1 : 1285.5735613 (0.08)%
QqGbB1bN4wC1wN1_QqGbB1tC2hC1wN1 : 1270.5511791 (0.08)%
     GbB1tC2wN1_QqGbB1bN4wC1wN1 : 1265.1326167 (0.08)%
     GbB1bN4wC1wN1_QqGbB1tC2wN1 : 1265.1326167 (0.08)%
          GbB1tC2zC1wN1_QqN2zN1 : 1261.6657959 (0.08)%
        QqGbB1bN4wC1wN1_QqN2hN1 : 1258.0225440 (0.08)%
    GbB1bN4hN2hN1_GbB1tC2wN2hN1 : 1256.6996583 (0.08)%
       GbB1bN3zN1_GbB1tC2wN2hN1 : 1231.9696517 (0.08)%
                QqC1wN1_QqN2zN1 : 1230.3096110 (0.08)%
      QqGbB1bN2hN1_QqGbB1tC2wN1 : 1222.5760404 (0.08)%
           T1bC1wN1_T1bC2wN2hN1 : 1214.2568418 (0.08)%
                 C1wN1_N3wC1wN1 : 1208.4883819 (0.08)%
  GbB1tC2hC1wN1_QqGbB1tC2wN2zN1 : 1203.5432347 (0.08)%
  GbB1tC2wN2zN1_QqGbB1tC2hC1wN1 : 1203.5432347 (0.08)%
  GbB1bN3zN2hN1_QqGbB1tC2hC1wN1 : 1197.5930270 (0.08)%
  GbB1tC2hC1wN1_QqGbB1bN3zN2hN1 : 1197.5930270 (0.08)%
          GbB1tC2wN2zN1_QqN2hN1 : 1191.6753508 (0.08)%
          GbB1tC2wN2hN1_QqN2zN1 : 1191.6753508 (0.08)%
          GbB1bN3zN2hN1_QqN2hN1 : 1185.7838167 (0.08)%
    GbB1bN4hN2hN1_GbB1tC2hC1wN1 : 1159.7801973 (0.07)%
          GbB1bN2hN1_GbB1bN2zN1 : 1155.6789925 (0.07)%
       GbB1bN3zN1_GbB1tC2hC1wN1 : 1136.9574236 (0.07)%
  GbB1bN4wC1wN1_QqGbB1bN4wC1wN1 : 1127.3046436 (0.07)%
           GbB1bN2hN1_QqGbB1bN1 : 1125.0406354 (0.07)%
           GbB1bN1_QqGbB1bN2hN1 : 1125.0406354 (0.07)%
           T1bC1wN1_T1bC2hC1wN1 : 1120.6106648 (0.07)%
          GbB1tC2hC1wN1_QqN2zN1 : 1099.7707084 (0.07)%
          GbB1bN4hN1_GbB1tC1wN1 : 1095.8111756 (0.07)%
                       C1wN1_N1 : 1095.2827831 (0.07)%
           T1bC1wN1_T1tN3zN2hN1 : 1093.9947794 (0.07)%
     GbB1tC2zC1wN1_QqGbB1bN2zN1 : 1092.5392027 (0.07)%
     GbB1bN2zN1_QqGbB1tC2zC1wN1 : 1092.5392027 (0.07)%
         QqGbB1bN1_QqGbB1tC1wN1 : 1090.1087401 (0.07)%
   QqGbB1bN2hN1_QqGbB1bN4wC1wN1 : 1089.3843296 (0.07)%
      QqGbB1bN2hN1_QqGbB1bN2hN1 : 1082.6479646 (0.07)%
           QqC1wN1_QqGbB1bN2zN1 : 1065.3863217 (0.07)%
          GbB1bN1_GbB1bN3wC1wN1 : 1062.9166073 (0.07)%
           T1tN2hN1_T1tN3wC1wN1 : 1046.4290233 (0.07)%
             GbB1bN4hN1_QqC1wN1 : 1042.5670867 (0.07)%
     GbB1tC2wN2zN1_QqGbB1bN2hN1 : 1031.9309930 (0.07)%
     GbB1bN2hN1_QqGbB1tC2wN2zN1 : 1031.9309930 (0.07)%
     GbB1tC2wN2hN1_QqGbB1bN2zN1 : 1031.9309930 (0.07)%
     GbB1bN2zN1_QqGbB1tC2wN2hN1 : 1031.9309930 (0.07)%
     GbB1bN2hN1_QqGbB1bN3zN2hN1 : 1026.8292205 (0.07)%
     GbB1bN3zN2hN1_QqGbB1bN2hN1 : 1026.8292205 (0.07)%
          GbB1tC2wN1_GbB1tC2wN1 : 1004.7412292 (0.06)%
   QqGbB1tC1wN1_QqGbB1tC2wN2zN1 : 999.8901012 (0.06)%
   QqGbB1bN3zN2hN1_QqGbB1tC1wN1 : 994.9467359 (0.06)%
       GbB1bN2hN1_GbB1bN4hN2hN1 : 994.4080912 (0.06)%
    GbB1bN3wC1wN1_GbB1tC2wN2zN1 : 974.9484201 (0.06)%
          GbB1bN2hN1_GbB1bN3zN1 : 974.8395980 (0.06)%
    GbB1bN3wC1wN1_GbB1bN3zN2hN1 : 970.1283642 (0.06)%
                    N2hN1_N2hN1 : 967.6998428 (0.06)%
     GbB1bN2zN1_QqGbB1tC2hC1wN1 : 952.3461893 (0.06)%
     GbB1tC2hC1wN1_QqGbB1bN2zN1 : 952.3461893 (0.06)%
             GbB1bN2zN1_QqN2hN1 : 942.9553060 (0.06)%
             GbB1bN2hN1_QqN2zN1 : 942.9553060 (0.06)%
  GbB1bN4hN2hN1_QqGbB1tC2zC1wN1 : 940.0792349 (0.06)%
  GbB1tC2zC1wN1_QqGbB1bN4hN2hN1 : 940.0792349 (0.06)%
     GbB1tC2zC1wN1_QqGbB1bN3zN1 : 921.5798540 (0.06)%
     GbB1bN3zN1_QqGbB1tC2zC1wN1 : 921.5798540 (0.06)%
        QqC1wN1_QqGbB1bN4hN2hN1 : 916.7154421 (0.06)%
           QqGbB1tC1wN1_QqN2zN1 : 913.6770605 (0.06)%
             GbB1bN1_GbB1tC2wN1 : 899.0425370 (0.06)%
           QqC1wN1_QqGbB1bN3zN1 : 898.6758264 (0.06)%
        T1tN3wC1wN1_T1tN3wC1wN1 : 895.8091759 (0.06)%
  GbB1bN4hN2hN1_QqGbB1tC2wN2hN1 : 887.9286858 (0.06)%
  GbB1tC2wN2hN1_QqGbB1bN4hN2hN1 : 887.9286858 (0.06)%
     GbB1bN3zN1_QqGbB1tC2wN2hN1 : 870.4555512 (0.06)%
     GbB1tC2wN2hN1_QqGbB1bN3zN1 : 870.4555512 (0.06)%
                          N1_N1 : 867.9673939 (0.06)%
              C2wN2hN1_C2zC1wN1 : 846.7996331 (0.05)%
       GbB1tC2wN1_GbB1tC2wN2zN1 : 824.6367543 (0.05)%
       GbB1bN3zN2hN1_GbB1tC2wN1 : 820.5598255 (0.05)%
  GbB1bN4hN2hN1_QqGbB1tC2hC1wN1 : 819.4496590 (0.05)%
  GbB1tC2hC1wN1_QqGbB1bN4hN2hN1 : 819.4496590 (0.05)%
        GbB1bN2hN1_QqGbB1bN2zN1 : 816.5519281 (0.05)%
        GbB1bN2zN1_QqGbB1bN2hN1 : 816.5519281 (0.05)%
   QqGbB1bN3wC1wN1_QqGbB1tC2wN1 : 816.1189342 (0.05)%
          GbB1bN4hN2hN1_QqN2hN1 : 811.3692401 (0.05)%
     GbB1bN3zN1_QqGbB1tC2hC1wN1 : 803.3240912 (0.05)%
     GbB1tC2hC1wN1_QqGbB1bN3zN1 : 803.3240912 (0.05)%
          GbB1bN1_GbB1bN4wC1wN1 : 801.0976979 (0.05)%
    GbB1bN4wC1wN1_GbB1bN4wC1wN1 : 797.7461383 (0.05)%
             GbB1bN3zN1_QqN2hN1 : 795.4026832 (0.05)%
      QqGbB1bN2zN1_QqGbB1tC1wN1 : 791.1984382 (0.05)%
              C2hC1wN1_C2zC1wN1 : 781.4925699 (0.05)%
        GbB1bN4hN1_QqGbB1tC1wN1 : 774.2519627 (0.05)%
        GbB1tC1wN1_QqGbB1bN4hN1 : 774.2519627 (0.05)%
       GbB1bN2zN1_GbB1bN3wC1wN1 : 771.4624501 (0.05)%
        GbB1bN1_QqGbB1bN3wC1wN1 : 751.0101081 (0.05)%
        GbB1bN3wC1wN1_QqGbB1bN1 : 751.0101081 (0.05)%
                 C2wN1_N4wC1wN1 : 744.6374824 (0.05)%
              C2hC1wN1_C2wN2hN1 : 738.1395576 (0.05)%
       GbB1bN4hN1_GbB1tC2zC1wN1 : 735.6835167 (0.05)%
    GbB1bN4wC1wN1_GbB1tC2wN2zN1 : 734.7979414 (0.05)%
              T1bC1wN1_T1tN3zN1 : 733.8322303 (0.05)%
      QqGbB1bN1_QqGbB1tC2zC1wN1 : 731.8551310 (0.05)%
    GbB1bN3zN2hN1_GbB1bN4wC1wN1 : 731.1651675 (0.05)%
QqGbB1bN3wC1wN1_QqGbB1bN4wC1wN1 : 727.2080825 (0.05)%
        T1bC2zC1wN1_T1tN3wC1wN1 : 727.1671705 (0.05)%
          GbB1tC1wN1_QqC2zC1wN1 : 710.1202883 (0.05)%
     GbB1bN2hN1_QqGbB1bN4hN2hN1 : 702.6050049 (0.04)%
     GbB1bN4hN2hN1_QqGbB1bN2hN1 : 702.6050049 (0.04)%
       GbB1bN4hN1_GbB1tC2wN2hN1 : 694.8717447 (0.04)%
      QqGbB1bN1_QqGbB1tC2wN2hN1 : 691.2557373 (0.04)%
                 C2wN1_N3wC1wN1 : 688.9449912 (0.04)%
  GbB1bN3wC1wN1_QqGbB1tC2wN2zN1 : 688.8556575 (0.04)%
  GbB1tC2wN2zN1_QqGbB1bN3wC1wN1 : 688.8556575 (0.04)%
        GbB1bN2hN1_QqGbB1bN3zN1 : 688.7787686 (0.04)%
        GbB1bN3zN1_QqGbB1bN2hN1 : 688.7787686 (0.04)%
        T1bC2wN2hN1_T1tN3wC1wN1 : 686.8278397 (0.04)%
  GbB1bN3zN2hN1_QqGbB1bN3wC1wN1 : 685.4500181 (0.04)%
  GbB1bN3wC1wN1_QqGbB1bN3zN2hN1 : 685.4500181 (0.04)%
   QqGbB1bN4hN2hN1_QqGbB1tC1wN1 : 680.7895045 (0.04)%
QqGbB1tC2wN2zN1_QqGbB1tC2zC1wN1 : 671.2859682 (0.04)%
          GbB1tC1wN1_QqC2wN2hN1 : 670.7266270 (0.04)%
QqGbB1bN3zN2hN1_QqGbB1tC2zC1wN1 : 667.9671917 (0.04)%
      QqGbB1bN3zN1_QqGbB1tC1wN1 : 667.3925653 (0.04)%
    GbB1bN3wC1wN1_GbB1bN4hN2hN1 : 663.8076035 (0.04)%
          GbB1bN2zN1_GbB1tC2wN1 : 652.5230236 (0.04)%
       GbB1bN3wC1wN1_GbB1bN3zN1 : 650.7448432 (0.04)%
                GbB1tC1wN1_QqN1 : 645.1848467 (0.04)%
       GbB1bN4hN1_GbB1tC2hC1wN1 : 641.2816967 (0.04)%
      QqGbB1bN1_QqGbB1tC2hC1wN1 : 637.9445639 (0.04)%
           GbB1tC2wN1_QqGbB1bN1 : 635.2239002 (0.04)%
           GbB1bN1_QqGbB1tC2wN1 : 635.2239002 (0.04)%
QqGbB1tC2wN2hN1_QqGbB1tC2wN2zN1 : 634.0466265 (0.04)%
        T1bC2hC1wN1_T1tN3wC1wN1 : 633.8581555 (0.04)%
              QqGbB1bN1_QqN2hN1 : 631.6539282 (0.04)%
QqGbB1bN3zN2hN1_QqGbB1tC2wN2hN1 : 630.9119579 (0.04)%
          GbB1bN3wC1wN1_QqN2zN1 : 629.4607893 (0.04)%
          GbB1tC1wN1_QqC2hC1wN1 : 618.9987040 (0.04)%
        T1tN3wC1wN1_T1tN3zN2hN1 : 618.8032425 (0.04)%
   QqGbB1bN4wC1wN1_QqGbB1tC2wN1 : 615.0915273 (0.04)%
        QqGbB1tC2zC1wN1_QqN2zN1 : 613.4060027 (0.04)%
       GbB1tC1wN1_GbB1wT1bC1wN1 : 601.0717589 (0.04)%
QqGbB1tC2hC1wN1_QqGbB1tC2wN2zN1 : 585.1475463 (0.04)%
     GbB1tC2wN1_QqGbB1tC2wN2zN1 : 582.6520479 (0.04)%
     GbB1tC2wN2zN1_QqGbB1tC2wN1 : 582.6520479 (0.04)%
QqGbB1bN3zN2hN1_QqGbB1tC2hC1wN1 : 582.2546303 (0.04)%
       GbB1bN2zN1_GbB1bN4wC1wN1 : 581.4348826 (0.04)%
     GbB1tC2wN1_QqGbB1bN3zN2hN1 : 579.7714694 (0.04)%
     GbB1bN3zN2hN1_QqGbB1tC2wN1 : 579.7714694 (0.04)%
        QqGbB1tC2wN2hN1_QqN2zN1 : 579.3775308 (0.04)%
        QqGbB1tC2wN2zN1_QqN2hN1 : 579.3775308 (0.04)%
              N3zN2hN1_N4wC1wN1 : 576.8374851 (0.04)%
        QqGbB1bN3zN2hN1_QqN2hN1 : 576.5131412 (0.04)%
          GbB1wT1bC1wN1_QqC1wN1 : 571.8664369 (0.04)%
        GbB1bN1_QqGbB1bN4wC1wN1 : 566.0203863 (0.04)%
        GbB1bN4wC1wN1_QqGbB1bN1 : 566.0203863 (0.04)%
              C2zC1wN1_N3zN2hN1 : 563.8793952 (0.04)%
       GbB1bN4hN2hN1_GbB1tC2wN1 : 561.4657518 (0.04)%
          GbB1tC1wN1_QqN4wC1wN1 : 555.0667903 (0.04)%
              C2zC1wN1_N4hN2hN1 : 553.3160915 (0.04)%
          GbB1bN3zN1_GbB1tC2wN1 : 550.4169290 (0.04)%
          GbB1bN2hN1_GbB1bN4hN1 : 549.8418661 (0.04)%
         QqGbB1bN1_QqGbB1bN2hN1 : 546.9805723 (0.03)%
     GbB1bN2zN1_QqGbB1bN3wC1wN1 : 545.0814242 (0.03)%
     GbB1bN3wC1wN1_QqGbB1bN2zN1 : 545.0814242 (0.03)%
              T1bC1wN1_T1bC2wN1 : 542.5032354 (0.03)%
        QqGbB1tC2hC1wN1_QqN2zN1 : 534.6946524 (0.03)%
              C2wN2hN1_N3zN2hN1 : 532.5983935 (0.03)%
             GbB1tC2wN1_QqN2zN1 : 532.4143221 (0.03)%
   QqGbB1bN2zN1_QqGbB1tC2zC1wN1 : 531.1787855 (0.03)%
       GbB1bN3zN2zN1_GbB1tC1wN1 : 531.0308978 (0.03)%
                QqN2hN1_QqN2zN1 : 529.4221421 (0.03)%
              N3wC1wN1_N4hN2hN1 : 523.6971420 (0.03)%
              C2wN2hN1_N4hN2hN1 : 522.6210852 (0.03)%
           B1tC1wN1_B1tC2zC1wN1 : 521.0466986 (0.03)%
     GbB1tC2zC1wN1_QqGbB1bN4hN1 : 519.8016040 (0.03)%
     GbB1bN4hN1_QqGbB1tC2zC1wN1 : 519.8016040 (0.03)%
  GbB1tC2wN2zN1_QqGbB1bN4wC1wN1 : 519.1758955 (0.03)%
  GbB1bN4wC1wN1_QqGbB1tC2wN2zN1 : 519.1758955 (0.03)%
  GbB1bN4wC1wN1_QqGbB1bN3zN2hN1 : 516.6091373 (0.03)%
  GbB1bN3zN2hN1_QqGbB1bN4wC1wN1 : 516.6091373 (0.03)%
           QqC1wN1_QqGbB1bN4hN1 : 506.8829728 (0.03)%
          GbB1bN3zN2zN1_QqC1wN1 : 505.2287734 (0.03)%
   QqGbB1bN2zN1_QqGbB1tC2wN2hN1 : 501.7118381 (0.03)%
   QqGbB1bN2hN1_QqGbB1tC2wN2zN1 : 501.7118381 (0.03)%
    GbB1bN4hN2hN1_GbB1bN4wC1wN1 : 500.2977086 (0.03)%
   QqGbB1bN2hN1_QqGbB1bN3zN2hN1 : 499.2314206 (0.03)%
                 N2hN1_N3wC1wN1 : 494.7279110 (0.03)%
           B1tC1wN1_B1tC2wN2hN1 : 492.1418250 (0.03)%
              C2hC1wN1_N3zN2hN1 : 491.5232258 (0.03)%
     GbB1bN4hN1_QqGbB1tC2wN2hN1 : 490.9658016 (0.03)%
     GbB1tC2wN2hN1_QqGbB1bN4hN1 : 490.9658016 (0.03)%
       GbB1bN3zN1_GbB1bN4wC1wN1 : 490.4525833 (0.03)%
QqGbB1bN3wC1wN1_QqGbB1bN3wC1wN1 : 482.4390020 (0.03)%
              C2hC1wN1_N4hN2hN1 : 482.3153896 (0.03)%
       GbB1tC2zC1wN1_QqC2zC1wN1 : 476.7461791 (0.03)%
          GbB1bN4wC1wN1_QqN2zN1 : 474.4112433 (0.03)%
  GbB1bN4hN2hN1_QqGbB1bN3wC1wN1 : 469.0172462 (0.03)%
  GbB1bN3wC1wN1_QqGbB1bN4hN2hN1 : 469.0172462 (0.03)%
             QqC1wN1_QqC2zC1wN1 : 464.8976045 (0.03)%
   QqGbB1bN2zN1_QqGbB1tC2hC1wN1 : 463.0187100 (0.03)%
        GbB1tC2wN1_QqGbB1bN2zN1 : 461.0440585 (0.03)%
        GbB1bN2zN1_QqGbB1tC2wN1 : 461.0440585 (0.03)%
     GbB1bN3zN1_QqGbB1bN3wC1wN1 : 459.7876745 (0.03)%
     GbB1bN3wC1wN1_QqGbB1bN3zN1 : 459.7876745 (0.03)%
           QqGbB1bN2hN1_QqN2zN1 : 458.4529809 (0.03)%
           QqGbB1bN2zN1_QqN2hN1 : 458.4529809 (0.03)%
QqGbB1bN4hN2hN1_QqGbB1tC2zC1wN1 : 457.0546714 (0.03)%
           B1tC1wN1_B1tC2hC1wN1 : 454.1867574 (0.03)%
     GbB1bN4hN1_QqGbB1tC2hC1wN1 : 453.1014316 (0.03)%
     GbB1tC2hC1wN1_QqGbB1bN4hN1 : 453.1014316 (0.03)%
       GbB1tC2zC1wN1_QqC2wN2hN1 : 450.2988605 (0.03)%
       GbB1tC2wN2hN1_QqC2zC1wN1 : 450.2988605 (0.03)%
             GbB1bN4hN1_QqN2hN1 : 448.6334947 (0.03)%
              C2zC1wN1_C2zC1wN1 : 448.2672786 (0.03)%
   QqGbB1bN3zN1_QqGbB1tC2zC1wN1 : 448.0605057 (0.03)%
             QqC1wN1_QqC2wN2hN1 : 439.1075812 (0.03)%
             GbB1tC2zC1wN1_QqN1 : 433.1511373 (0.03)%
QqGbB1bN4hN2hN1_QqGbB1tC2wN2hN1 : 431.6997319 (0.03)%
       GbB1tC2wN2hN1_QqC2wN2hN1 : 425.3186972 (0.03)%
           T1bC2zC1wN1_T1tN2hN1 : 424.7159175 (0.03)%
     GbB1tC1wN1_QqGbB1wT1bC1wN1 : 424.6908586 (0.03)%
     GbB1wT1bC1wN1_QqGbB1tC1wN1 : 424.6908586 (0.03)%
   QqGbB1bN3zN1_QqGbB1tC2wN2hN1 : 423.2045142 (0.03)%
                   QqC1wN1_QqN1 : 422.3860304 (0.03)%
                 C1wN1_N3zN2hN1 : 417.3972256 (0.03)%
       GbB1tC2hC1wN1_QqC2zC1wN1 : 415.5708151 (0.03)%
       GbB1tC2zC1wN1_QqC2hC1wN1 : 415.5708151 (0.03)%
           T1tN3wC1wN1_T1tN3zN1 : 415.0822034 (0.03)%
           T1bC1wN1_T1tN4wC1wN1 : 415.0130039 (0.03)%
     GbB1bN2zN1_QqGbB1bN4wC1wN1 : 410.8163059 (0.03)%
     GbB1bN4wC1wN1_QqGbB1bN2zN1 : 410.8163059 (0.03)%
             GbB1tC2wN2hN1_QqN1 : 409.1222376 (0.03)%
             QqC1wN1_QqC2hC1wN1 : 405.2426320 (0.03)%
    GbB1tC2zC1wN1_GbB1wT1bC1wN1 : 403.5353857 (0.03)%
           T1bC2wN2hN1_T1tN2hN1 : 401.1549585 (0.03)%
              C2wN2hN1_C2wN2hN1 : 399.9118678 (0.03)%
          GbB1bN3hN1_GbB1tC1wN1 : 399.2868518 (0.03)%
QqGbB1bN4hN2hN1_QqGbB1tC2hC1wN1 : 398.4060925 (0.03)%
      QqGbB1bN2hN1_QqGbB1bN2zN1 : 396.9972523 (0.03)%
     GbB1tC2wN1_QqGbB1bN4hN2hN1 : 396.7069966 (0.03)%
     GbB1bN4hN2hN1_QqGbB1tC2wN1 : 396.7069966 (0.03)%
        QqGbB1bN4hN2hN1_QqN2hN1 : 394.4774947 (0.03)%
       GbB1tC2hC1wN1_QqC2wN2hN1 : 392.5171772 (0.03)%
       GbB1tC2wN2hN1_QqC2hC1wN1 : 392.5171772 (0.03)%
   QqGbB1bN3zN1_QqGbB1tC2hC1wN1 : 390.5660448 (0.02)%
              B1bN2hN1_B1tC1wN1 : 389.4246406 (0.02)%
        GbB1tC2wN1_QqGbB1bN3zN1 : 388.9003846 (0.02)%
        GbB1bN3zN1_QqGbB1tC2wN1 : 388.9003846 (0.02)%
        GbB1bN4hN1_QqGbB1bN2hN1 : 388.4940704 (0.02)%
        GbB1bN2hN1_QqGbB1bN4hN1 : 388.4940704 (0.02)%
              B1tC1wN1_B1tC1wN1 : 388.0532745 (0.02)%
                 N3zN1_N4wC1wN1 : 386.9323201 (0.02)%
           QqGbB1bN3zN1_QqN2hN1 : 386.7147560 (0.02)%
------------------------------------------------------------
                                              SUM=90.01%
