/Users/rafalmaselek/Projects/fastlim-1.0
 
#################################################################
#                                                               #
#                                                               #
#                     This is Fastlim  ver. 1.0                 #
#                                                               #
#          A fast LHC limit calculator for BSM models.          #
#                                                               #
#                  http://cern.ch/fastlim-1.0/                  #
#                                                               #
#  for bugs/feature requests: fastlim-1.0.developers@gmail.com  #
#                                                               #
#    please refer to:                                           #
#    M.Papucci, K.Sakurai, A.Weiler, L.Zeune arXiv:1402.xxxx    #
#                                                               #
#################################################################
 

!! Masses incompatible with the data for ERER !!

!! Problem with reading tables for ER ER !! Probably mass outside the table !! Setting xsec to 10^-20 !!

!! Masses incompatible with the data for ELEL !!

!! Problem with reading tables for EL EL !! Probably mass outside the table !! Setting xsec to 10^-20 !!

!! Masses incompatible with the data for TAU1TAU1 !!

!! Problem with reading tables for TAU1 TAU1 !! Probably mass outside the table !! Setting xsec to 10^-20 !!

!! Masses incompatible with the data for TAU2TAU2 !!

!! Problem with reading tables for TAU2 TAU2 !! Probably mass outside the table !! Setting xsec to 10^-20 !!
Decoupling mG=2725.97723 GeV; mQ=3717.7935449999995 GeV

!! Masses incompatible with the data for QQ !!

!! Problem with reading tables for Q Q !! Probably mass outside the table !! Setting xsec to 10^-20 !!

!! Masses incompatible with the data for GQ !!

!! Problem with reading tables for G Q !! Probably mass outside the table !! Setting xsec to 10^-20 !!
!! EWK PROCESS C1C2 NOT FOUND !! WILL TRY TO LOOK FOR +/- MODES !!
XSEC FOUND FOR: C1-C2+
XSEC FOUND FOR: C1+C2-
!! EWK PROCESS C1N1 NOT FOUND !! WILL TRY TO LOOK FOR +/- MODES !!
XSEC FOUND FOR: C1+N1
XSEC FOUND FOR: C1-N1
!! EWK PROCESS C1N2 NOT FOUND !! WILL TRY TO LOOK FOR +/- MODES !!
XSEC FOUND FOR: C1+N2
XSEC FOUND FOR: C1-N2
!! EWK PROCESS C1N3 NOT FOUND !! WILL TRY TO LOOK FOR +/- MODES !!
XSEC FOUND FOR: C1+N3
XSEC FOUND FOR: C1-N3
!! EWK PROCESS C1N4 NOT FOUND !! WILL TRY TO LOOK FOR +/- MODES !!
XSEC FOUND FOR: C1+N4
XSEC FOUND FOR: C1-N4
!! EWK PROCESS C2N1 NOT FOUND !! WILL TRY TO LOOK FOR +/- MODES !!
XSEC FOUND FOR: C2+N1
XSEC FOUND FOR: C2-N1
!! EWK PROCESS C2N2 NOT FOUND !! WILL TRY TO LOOK FOR +/- MODES !!
XSEC FOUND FOR: C2+N2
XSEC FOUND FOR: C2-N2
!! EWK PROCESS C2N3 NOT FOUND !! WILL TRY TO LOOK FOR +/- MODES !!
XSEC FOUND FOR: C2+N3
XSEC FOUND FOR: C2-N3
!! EWK PROCESS C2N4 NOT FOUND !! WILL TRY TO LOOK FOR +/- MODES !!
XSEC FOUND FOR: C2+N4
XSEC FOUND FOR: C2-N4

!! Masses incompatible with the data for T2T2 !!

!! Problem with reading tables for T2 T2 !! Probably mass outside the table !! Setting xsec to 10^-20 !!

!! Masses incompatible with the data for B1B1 !!

!! Problem with reading tables for B1 B1 !! Probably mass outside the table !! Setting xsec to 10^-20 !!

!! Masses incompatible with the data for B2B2 !!

!! Problem with reading tables for B2 B2 !! Probably mass outside the table !! Setting xsec to 10^-20 !!
---------------  Output inclusive processes  ---------------
The total xsec = 2100.10 [fb]
The total rate = 100.00%
Output upto 0.10%
            Modes : xsec/fb      (rate)
      C1wN1_N2hN1 : 889.7374940 (42.37)%
      C1wN1_C1wN1 : 480.9610184 (22.90)%
      C1wN1_N2zN1 : 77.9936369 (3.71)%
   C2wN1_N4wC1wN1 : 30.3775408 (1.45)%
      C2wN1_N3zN1 : 27.0241832 (1.29)%
C2wN2hN1_N4wC1wN1 : 20.6811911 (0.98)%
      C2wN1_N4hN1 : 19.4809694 (0.93)%
C2zC1wN1_N4wC1wN1 : 18.7908336 (0.89)%
   C2wN2hN1_N3zN1 : 18.3982074 (0.88)%
   N3zN1_N4wC1wN1 : 18.3335164 (0.87)%
   C2wN1_N3wC1wN1 : 17.5426749 (0.84)%
C2hC1wN1_N4wC1wN1 : 17.3098885 (0.82)%
   C2wN1_C2wN2hN1 : 17.0671542 (0.81)%
      C1wN1_N3zN1 : 16.9356927 (0.81)%
   C2zC1wN1_N3zN1 : 16.7165253 (0.80)%
   C2wN1_C2zC1wN1 : 15.5071365 (0.74)%
   C2hC1wN1_N3zN1 : 15.3990608 (0.73)%
   C2hC1wN1_C2wN1 : 14.2849866 (0.68)%
   C2wN2hN1_N4hN1 : 13.2627474 (0.63)%
      C2wN1_C2wN1 : 12.5345337 (0.60)%
   C2zC1wN1_N4hN1 : 12.0504703 (0.57)%
C2wN2hN1_N3wC1wN1 : 11.9431462 (0.57)%
N3wC1wN1_N4wC1wN1 : 11.9011522 (0.57)%
      N3zN1_N4hN1 : 11.7571950 (0.56)%
   C2hC1wN1_N4hN1 : 11.1007475 (0.53)%
   C1wN1_N3wC1wN1 : 10.9937587 (0.52)%
C2zC1wN1_N3wC1wN1 : 10.8514868 (0.52)%
   C2wN1_N4hN2hN1 : 10.7925684 (0.51)%
C2wN2hN1_C2zC1wN1 : 10.5573409 (0.50)%
C2hC1wN1_N3wC1wN1 : 9.9962584 (0.48)%
C2hC1wN1_C2wN2hN1 : 9.7252947 (0.46)%
C2hC1wN1_C2zC1wN1 : 8.8363573 (0.42)%
   N3wC1wN1_N4hN1 : 7.6321511 (0.36)%
      N2hN1_N3zN1 : 7.3875177 (0.35)%
C2wN2hN1_N4hN2hN1 : 7.3476379 (0.35)%
C2zC1wN1_N4hN2hN1 : 6.6760295 (0.32)%
   N3zN1_N4hN2hN1 : 6.5135533 (0.31)%
C2hC1wN1_N4hN2hN1 : 6.1498776 (0.29)%
C2wN2hN1_C2wN2hN1 : 5.8097046 (0.28)%
   C2wN1_N3zN2hN1 : 5.6016006 (0.27)%
   C1wN1_N4wC1wN1 : 4.8663747 (0.23)%
C2zC1wN1_C2zC1wN1 : 4.7961753 (0.23)%
   N2hN1_N3wC1wN1 : 4.7955870 (0.23)%
            N1_N1 : 4.6562404 (0.22)%
N3wC1wN1_N4hN2hN1 : 4.2282554 (0.20)%
      C1wN1_C2wN1 : 4.1373805 (0.20)%
C2hC1wN1_C2hC1wN1 : 4.0699727 (0.19)%
C2wN2hN1_N3zN2hN1 : 3.8135994 (0.18)%
N3zN2hN1_N4wC1wN1 : 3.8001902 (0.18)%
   C1wN1_N3zN2hN1 : 3.5104479 (0.17)%
C2zC1wN1_N3zN2hN1 : 3.4650186 (0.16)%
      C2wN1_N2hN1 : 3.3214040 (0.16)%
C2hC1wN1_N3zN2hN1 : 3.1919332 (0.15)%
      C1wN1_N4hN1 : 3.1207825 (0.15)%
      C2wN1_N3hN1 : 2.9344157 (0.14)%
   C1wN1_C2wN2hN1 : 2.8167506 (0.13)%
   C1wN1_C2zC1wN1 : 2.5592864 (0.12)%
   N3zN2hN1_N4hN1 : 2.4370435 (0.12)%
      C2wN1_N4zN1 : 2.3989636 (0.11)%
   C1wN1_C2hC1wN1 : 2.3575837 (0.11)%
   C2wN2hN1_N2hN1 : 2.2612295 (0.11)%
      N2hN1_N2hN1 : 2.1961675 (0.10)%
         C1wN1_N1 : 2.1614682 (0.10)%
   C2zC1wN1_N2hN1 : 2.0545425 (0.10)%
------------------------------------------------------------
                                SUM=96.28%

SHOWING PROCESSES TO GET 90.00% SUSY COVERAGE
---------------  Output inclusive processes  ---------------
The total xsec = 2100.10 [fb]
The total rate = 100.00%
            Modes : xsec/fb      (rate)
      C1wN1_N2hN1 : 889.7374940 (42.37)%
      C1wN1_C1wN1 : 480.9610184 (22.90)%
      C1wN1_N2zN1 : 77.9936369 (3.71)%
   C2wN1_N4wC1wN1 : 30.3775408 (1.45)%
      C2wN1_N3zN1 : 27.0241832 (1.29)%
C2wN2hN1_N4wC1wN1 : 20.6811911 (0.98)%
      C2wN1_N4hN1 : 19.4809694 (0.93)%
C2zC1wN1_N4wC1wN1 : 18.7908336 (0.89)%
   C2wN2hN1_N3zN1 : 18.3982074 (0.88)%
   N3zN1_N4wC1wN1 : 18.3335164 (0.87)%
   C2wN1_N3wC1wN1 : 17.5426749 (0.84)%
C2hC1wN1_N4wC1wN1 : 17.3098885 (0.82)%
   C2wN1_C2wN2hN1 : 17.0671542 (0.81)%
      C1wN1_N3zN1 : 16.9356927 (0.81)%
   C2zC1wN1_N3zN1 : 16.7165253 (0.80)%
   C2wN1_C2zC1wN1 : 15.5071365 (0.74)%
   C2hC1wN1_N3zN1 : 15.3990608 (0.73)%
   C2hC1wN1_C2wN1 : 14.2849866 (0.68)%
   C2wN2hN1_N4hN1 : 13.2627474 (0.63)%
      C2wN1_C2wN1 : 12.5345337 (0.60)%
   C2zC1wN1_N4hN1 : 12.0504703 (0.57)%
C2wN2hN1_N3wC1wN1 : 11.9431462 (0.57)%
N3wC1wN1_N4wC1wN1 : 11.9011522 (0.57)%
      N3zN1_N4hN1 : 11.7571950 (0.56)%
   C2hC1wN1_N4hN1 : 11.1007475 (0.53)%
   C1wN1_N3wC1wN1 : 10.9937587 (0.52)%
C2zC1wN1_N3wC1wN1 : 10.8514868 (0.52)%
   C2wN1_N4hN2hN1 : 10.7925684 (0.51)%
C2wN2hN1_C2zC1wN1 : 10.5573409 (0.50)%
C2hC1wN1_N3wC1wN1 : 9.9962584 (0.48)%
C2hC1wN1_C2wN2hN1 : 9.7252947 (0.46)%
C2hC1wN1_C2zC1wN1 : 8.8363573 (0.42)%
   N3wC1wN1_N4hN1 : 7.6321511 (0.36)%
------------------------------------------------------------
                                SUM=90.30%
