/Users/rafalmaselek/Projects/fastlim-1.0
 
#################################################################
#                                                               #
#                                                               #
#                     This is Fastlim  ver. 1.0                 #
#                                                               #
#          A fast LHC limit calculator for BSM models.          #
#                                                               #
#                  http://cern.ch/fastlim-1.0/                  #
#                                                               #
#  for bugs/feature requests: fastlim-1.0.developers@gmail.com  #
#                                                               #
#    please refer to:                                           #
#    M.Papucci, K.Sakurai, A.Weiler, L.Zeune arXiv:1402.xxxx    #
#                                                               #
#################################################################
 

!! Masses incompatible with the data for ERER !!

!! Problem with reading tables for ER ER !! Probably mass outside the table !! Setting xsec to 10^-20 !!

!! Masses incompatible with the data for ELEL !!

!! Problem with reading tables for EL EL !! Probably mass outside the table !! Setting xsec to 10^-20 !!

!! Masses incompatible with the data for TAU1TAU1 !!

!! Problem with reading tables for TAU1 TAU1 !! Probably mass outside the table !! Setting xsec to 10^-20 !!

!! Masses incompatible with the data for TAU2TAU2 !!

!! Problem with reading tables for TAU2 TAU2 !! Probably mass outside the table !! Setting xsec to 10^-20 !!
!! EWK PROCESS C1C2 NOT FOUND !! WILL TRY TO LOOK FOR +/- MODES !!
XSEC FOUND FOR: C1-C2+
XSEC FOUND FOR: C1+C2-
!! EWK PROCESS C1N1 NOT FOUND !! WILL TRY TO LOOK FOR +/- MODES !!
XSEC FOUND FOR: C1+N1
XSEC FOUND FOR: C1-N1
!! EWK PROCESS C1N2 NOT FOUND !! WILL TRY TO LOOK FOR +/- MODES !!
XSEC FOUND FOR: C1+N2
XSEC FOUND FOR: C1-N2
!! EWK PROCESS C1N3 NOT FOUND !! WILL TRY TO LOOK FOR +/- MODES !!
XSEC FOUND FOR: C1+N3
XSEC FOUND FOR: C1-N3
!! EWK PROCESS C1N4 NOT FOUND !! WILL TRY TO LOOK FOR +/- MODES !!
XSEC FOUND FOR: C1+N4
XSEC FOUND FOR: C1-N4
!! EWK PROCESS C2N1 NOT FOUND !! WILL TRY TO LOOK FOR +/- MODES !!
XSEC FOUND FOR: C2+N1
XSEC FOUND FOR: C2-N1
!! EWK PROCESS C2N2 NOT FOUND !! WILL TRY TO LOOK FOR +/- MODES !!
XSEC FOUND FOR: C2+N2
XSEC FOUND FOR: C2-N2
!! EWK PROCESS C2N3 NOT FOUND !! WILL TRY TO LOOK FOR +/- MODES !!
XSEC FOUND FOR: C2+N3
XSEC FOUND FOR: C2-N3
!! EWK PROCESS C2N4 NOT FOUND !! WILL TRY TO LOOK FOR +/- MODES !!
XSEC FOUND FOR: C2+N4
XSEC FOUND FOR: C2-N4
---------------  Output inclusive processes  ---------------
The total xsec = 5473.40 [fb]
The total rate = 100.00%
Output upto 0.10%
                          Modes : xsec/fb      (rate)
                    C1wN1_N2zN1 : 2390.1161420 (43.67)%
                    C1wN1_C1wN1 : 1277.7952012 (23.35)%
                    C1wN1_N2hN1 : 296.7726250 (5.42)%
                QqC1wN1_QqC1wN1 : 27.7810527 (0.51)%
                QqC1wN1_QqN2zN1 : 24.8017252 (0.45)%
                          N1_N1 : 23.0272008 (0.42)%
        QqC1wN1_QqGtT1tN3wC1wN1 : 19.9612269 (0.36)%
              QqC1wN1_QqGtT1tN1 : 19.1655118 (0.35)%
          GtT1tN3wC1wN1_QqC1wN1 : 18.8299869 (0.34)%
        QqC1wN1_QqGtT1bC2hC1wN1 : 18.2403906 (0.33)%
                GtT1tN1_QqC1wN1 : 18.0793665 (0.33)%
          GtT1bC2hC1wN1_QqC1wN1 : 17.2066736 (0.31)%
        QqC1wN1_QqGtT1bC2zC1wN1 : 16.6526443 (0.30)%
          GtT1bC2zC1wN1_QqC1wN1 : 15.7089079 (0.29)%
        QqC1wN1_QqGtT1bC2wN2zN1 : 14.5122559 (0.27)%
                    N2zN1_N2zN1 : 13.9612307 (0.26)%
          GtT1bC2wN2zN1_QqC1wN1 : 13.6898193 (0.25)%
           QqC1wN1_QqGtT1bC1wN1 : 12.2008273 (0.22)%
             GtT1bC1wN1_QqC1wN1 : 11.5093837 (0.21)%
        QqC1wN1_QqGtT1tN4wC1wN1 : 11.0011411 (0.20)%
          GtT1tN4wC1wN1_QqC1wN1 : 10.3776859 (0.19)%
        QqGtT1tN3wC1wN1_QqN2zN1 : 8.9102610 (0.16)%
              QqGtT1tN1_QqN2zN1 : 8.5550710 (0.16)%
          GtT1tN3wC1wN1_QqN2zN1 : 8.4052999 (0.15)%
        QqGtT1bC2hC1wN1_QqN2zN1 : 8.1421168 (0.15)%
                GtT1tN1_QqN2zN1 : 8.0702392 (0.15)%
           QqC1wN1_QqGtT1bC2wN1 : 7.7950398 (0.14)%
          GtT1bC2hC1wN1_QqN2zN1 : 7.6806879 (0.14)%
        QqC1wN1_QqGtT1tN3zN2zN1 : 7.5614810 (0.14)%
        QqGtT1bC2zC1wN1_QqN2zN1 : 7.4333811 (0.14)%
             GtT1bC2wN1_QqC1wN1 : 7.3532803 (0.13)%
          GtT1tN3zN2zN1_QqC1wN1 : 7.1329577 (0.13)%
          GtT1bC2zC1wN1_QqN2zN1 : 7.0121176 (0.13)%
              C2hC1wN1_N3wC1wN1 : 7.0062654 (0.13)%
      QqGtT1tN1_QqGtT1tN3wC1wN1 : 6.8853966 (0.13)%
              C2hC1wN1_N4wC1wN1 : 6.7819102 (0.12)%
  GtT1tN3wC1wN1_QqGtT1tN3wC1wN1 : 6.7648560 (0.12)%
                       C1wN1_N1 : 6.6868776 (0.12)%
QqGtT1bC2hC1wN1_QqGtT1tN3wC1wN1 : 6.5530378 (0.12)%
        GtT1tN1_QqGtT1tN3wC1wN1 : 6.4951883 (0.12)%
        GtT1tN3wC1wN1_QqGtT1tN1 : 6.4951883 (0.12)%
        QqGtT1bC2wN2zN1_QqN2zN1 : 6.4779579 (0.12)%
              C2zC1wN1_N3wC1wN1 : 6.3964006 (0.12)%
      QqGtT1bC2hC1wN1_QqGtT1tN1 : 6.2918138 (0.11)%
              GtT1tN1_QqGtT1tN1 : 6.2362704 (0.11)%
              C2zC1wN1_N4wC1wN1 : 6.1915745 (0.11)%
  GtT1tN3wC1wN1_QqGtT1bC2hC1wN1 : 6.1816649 (0.11)%
  GtT1bC2hC1wN1_QqGtT1tN3wC1wN1 : 6.1816649 (0.11)%
          GtT1bC2wN2zN1_QqN2zN1 : 6.1108400 (0.11)%
QqGtT1bC2zC1wN1_QqGtT1tN3wC1wN1 : 5.9826245 (0.11)%
        GtT1tN1_QqGtT1bC2hC1wN1 : 5.9352450 (0.11)%
        GtT1bC2hC1wN1_QqGtT1tN1 : 5.9352450 (0.11)%
      QqGtT1bC2zC1wN1_QqGtT1tN1 : 5.7441389 (0.10)%
              N3wC1wN1_N4wC1wN1 : 5.7303502 (0.10)%
  GtT1bC2hC1wN1_QqGtT1bC2hC1wN1 : 5.6487501 (0.10)%
  GtT1bC2zC1wN1_QqGtT1tN3wC1wN1 : 5.6435780 (0.10)%
  GtT1tN3wC1wN1_QqGtT1bC2zC1wN1 : 5.6435780 (0.10)%
              C2wN2zN1_N3wC1wN1 : 5.5742620 (0.10)%
                QqN2zN1_QqN2zN1 : 5.5354775 (0.10)%
QqGtT1bC2hC1wN1_QqGtT1bC2zC1wN1 : 5.4668687 (0.10)%
------------------------------------------------------------
                                              SUM=82.80%

SHOWING PROCESSES TO GET 90.00% SUSY COVERAGE
---------------  Output inclusive processes  ---------------
The total xsec = 5473.40 [fb]
The total rate = 100.00%
                          Modes : xsec/fb      (rate)
                    C1wN1_N2zN1 : 2390.1161420 (43.67)%
                    C1wN1_C1wN1 : 1277.7952012 (23.35)%
                    C1wN1_N2hN1 : 296.7726250 (5.42)%
                QqC1wN1_QqC1wN1 : 27.7810527 (0.51)%
                QqC1wN1_QqN2zN1 : 24.8017252 (0.45)%
                          N1_N1 : 23.0272008 (0.42)%
        QqC1wN1_QqGtT1tN3wC1wN1 : 19.9612269 (0.36)%
              QqC1wN1_QqGtT1tN1 : 19.1655118 (0.35)%
          GtT1tN3wC1wN1_QqC1wN1 : 18.8299869 (0.34)%
        QqC1wN1_QqGtT1bC2hC1wN1 : 18.2403906 (0.33)%
                GtT1tN1_QqC1wN1 : 18.0793665 (0.33)%
          GtT1bC2hC1wN1_QqC1wN1 : 17.2066736 (0.31)%
        QqC1wN1_QqGtT1bC2zC1wN1 : 16.6526443 (0.30)%
          GtT1bC2zC1wN1_QqC1wN1 : 15.7089079 (0.29)%
        QqC1wN1_QqGtT1bC2wN2zN1 : 14.5122559 (0.27)%
                    N2zN1_N2zN1 : 13.9612307 (0.26)%
          GtT1bC2wN2zN1_QqC1wN1 : 13.6898193 (0.25)%
           QqC1wN1_QqGtT1bC1wN1 : 12.2008273 (0.22)%
             GtT1bC1wN1_QqC1wN1 : 11.5093837 (0.21)%
        QqC1wN1_QqGtT1tN4wC1wN1 : 11.0011411 (0.20)%
          GtT1tN4wC1wN1_QqC1wN1 : 10.3776859 (0.19)%
        QqGtT1tN3wC1wN1_QqN2zN1 : 8.9102610 (0.16)%
              QqGtT1tN1_QqN2zN1 : 8.5550710 (0.16)%
          GtT1tN3wC1wN1_QqN2zN1 : 8.4052999 (0.15)%
        QqGtT1bC2hC1wN1_QqN2zN1 : 8.1421168 (0.15)%
                GtT1tN1_QqN2zN1 : 8.0702392 (0.15)%
           QqC1wN1_QqGtT1bC2wN1 : 7.7950398 (0.14)%
          GtT1bC2hC1wN1_QqN2zN1 : 7.6806879 (0.14)%
        QqC1wN1_QqGtT1tN3zN2zN1 : 7.5614810 (0.14)%
        QqGtT1bC2zC1wN1_QqN2zN1 : 7.4333811 (0.14)%
             GtT1bC2wN1_QqC1wN1 : 7.3532803 (0.13)%
          GtT1tN3zN2zN1_QqC1wN1 : 7.1329577 (0.13)%
          GtT1bC2zC1wN1_QqN2zN1 : 7.0121176 (0.13)%
              C2hC1wN1_N3wC1wN1 : 7.0062654 (0.13)%
      QqGtT1tN1_QqGtT1tN3wC1wN1 : 6.8853966 (0.13)%
              C2hC1wN1_N4wC1wN1 : 6.7819102 (0.12)%
  GtT1tN3wC1wN1_QqGtT1tN3wC1wN1 : 6.7648560 (0.12)%
                       C1wN1_N1 : 6.6868776 (0.12)%
QqGtT1bC2hC1wN1_QqGtT1tN3wC1wN1 : 6.5530378 (0.12)%
        GtT1tN1_QqGtT1tN3wC1wN1 : 6.4951883 (0.12)%
        GtT1tN3wC1wN1_QqGtT1tN1 : 6.4951883 (0.12)%
        QqGtT1bC2wN2zN1_QqN2zN1 : 6.4779579 (0.12)%
              C2zC1wN1_N3wC1wN1 : 6.3964006 (0.12)%
      QqGtT1bC2hC1wN1_QqGtT1tN1 : 6.2918138 (0.11)%
              GtT1tN1_QqGtT1tN1 : 6.2362704 (0.11)%
              C2zC1wN1_N4wC1wN1 : 6.1915745 (0.11)%
  GtT1tN3wC1wN1_QqGtT1bC2hC1wN1 : 6.1816649 (0.11)%
  GtT1bC2hC1wN1_QqGtT1tN3wC1wN1 : 6.1816649 (0.11)%
          GtT1bC2wN2zN1_QqN2zN1 : 6.1108400 (0.11)%
QqGtT1bC2zC1wN1_QqGtT1tN3wC1wN1 : 5.9826245 (0.11)%
        GtT1tN1_QqGtT1bC2hC1wN1 : 5.9352450 (0.11)%
        GtT1bC2hC1wN1_QqGtT1tN1 : 5.9352450 (0.11)%
      QqGtT1bC2zC1wN1_QqGtT1tN1 : 5.7441389 (0.10)%
              N3wC1wN1_N4wC1wN1 : 5.7303502 (0.10)%
  GtT1bC2hC1wN1_QqGtT1bC2hC1wN1 : 5.6487501 (0.10)%
  GtT1bC2zC1wN1_QqGtT1tN3wC1wN1 : 5.6435780 (0.10)%
  GtT1tN3wC1wN1_QqGtT1bC2zC1wN1 : 5.6435780 (0.10)%
              C2wN2zN1_N3wC1wN1 : 5.5742620 (0.10)%
                QqN2zN1_QqN2zN1 : 5.5354775 (0.10)%
QqGtT1bC2hC1wN1_QqGtT1bC2zC1wN1 : 5.4668687 (0.10)%
           QqGtT1bC1wN1_QqN2zN1 : 5.4461861 (0.10)%
        GtT1tN1_QqGtT1bC2zC1wN1 : 5.4186078 (0.10)%
        GtT1bC2zC1wN1_QqGtT1tN1 : 5.4186078 (0.10)%
              C2wN2zN1_N4wC1wN1 : 5.3957625 (0.10)%
          GtT1tN1_GtT1tN3wC1wN1 : 5.3439599 (0.10)%
QqGtT1bC2wN2zN1_QqGtT1tN3wC1wN1 : 5.2136691 (0.10)%
           QqC1wN1_QqGtT1tN2zN1 : 5.2123889 (0.10)%
  GtT1bC2zC1wN1_QqGtT1bC2hC1wN1 : 5.1570511 (0.09)%
  GtT1bC2hC1wN1_QqGtT1bC2zC1wN1 : 5.1570511 (0.09)%
             GtT1bC1wN1_QqN2zN1 : 5.1375406 (0.09)%
    GtT1bC2hC1wN1_GtT1tN3wC1wN1 : 5.0860064 (0.09)%
      QqGtT1bC2wN2zN1_QqGtT1tN1 : 5.0058364 (0.09)%
  GtT1tN3wC1wN1_QqGtT1bC2wN2zN1 : 4.9182007 (0.09)%
  GtT1bC2wN2zN1_QqGtT1tN3wC1wN1 : 4.9182007 (0.09)%
             GtT1tN2zN1_QqC1wN1 : 4.9169931 (0.09)%
        QqGtT1tN4wC1wN1_QqN2zN1 : 4.9106721 (0.09)%
          GtT1bC2hC1wN1_GtT1tN1 : 4.8832628 (0.09)%
QqGtT1bC2hC1wN1_QqGtT1bC2wN2zN1 : 4.7642042 (0.09)%
        GtT1tN1_QqGtT1bC2wN2zN1 : 4.7221463 (0.09)%
        GtT1bC2wN2zN1_QqGtT1tN1 : 4.7221463 (0.09)%
        QqC1wN1_QqGtT1tN4hN2zN1 : 4.7122685 (0.09)%
  GtT1bC2zC1wN1_QqGtT1bC2zC1wN1 : 4.7081523 (0.09)%
    GtT1bC2zC1wN1_GtT1tN3wC1wN1 : 4.6432918 (0.08)%
          GtT1tN4wC1wN1_QqN2zN1 : 4.6323751 (0.08)%
  GtT1bC2wN2zN1_QqGtT1bC2hC1wN1 : 4.4942079 (0.08)%
  GtT1bC2hC1wN1_QqGtT1bC2wN2zN1 : 4.4942079 (0.08)%
          GtT1bC2zC1wN1_GtT1tN1 : 4.4581961 (0.08)%
          GtT1tN4hN2zN1_QqC1wN1 : 4.4452155 (0.08)%
   QqGtT1bC1wN1_QqGtT1tN3wC1wN1 : 4.3832659 (0.08)%
QqGtT1bC2wN2zN1_QqGtT1bC2zC1wN1 : 4.3495010 (0.08)%
    GtT1bC2hC1wN1_GtT1bC2zC1wN1 : 4.2429985 (0.08)%
         QqGtT1bC1wN1_QqGtT1tN1 : 4.2085356 (0.08)%
     GtT1tN3wC1wN1_QqGtT1bC1wN1 : 4.1348580 (0.08)%
     GtT1bC1wN1_QqGtT1tN3wC1wN1 : 4.1348580 (0.08)%
              C2hC1wN1_C2zC1wN1 : 4.1267588 (0.08)%
  GtT1bC2wN2zN1_QqGtT1bC2zC1wN1 : 4.1030067 (0.07)%
  GtT1bC2zC1wN1_QqGtT1bC2wN2zN1 : 4.1030067 (0.07)%
    GtT1bC2wN2zN1_GtT1tN3wC1wN1 : 4.0464828 (0.07)%
   QqGtT1bC1wN1_QqGtT1bC2hC1wN1 : 4.0053892 (0.07)%
           GtT1tN1_QqGtT1bC1wN1 : 3.9700301 (0.07)%
           GtT1bC1wN1_QqGtT1tN1 : 3.9700301 (0.07)%
QqGtT1tN3wC1wN1_QqGtT1tN4wC1wN1 : 3.9522670 (0.07)%
          GtT1bC2wN2zN1_GtT1tN1 : 3.8851777 (0.07)%
      QqGtT1tN1_QqGtT1tN4wC1wN1 : 3.7947176 (0.07)%
     GtT1bC2hC1wN1_QqGtT1bC1wN1 : 3.7783963 (0.07)%
     GtT1bC1wN1_QqGtT1bC2hC1wN1 : 3.7783963 (0.07)%
  GtT1tN4wC1wN1_QqGtT1tN3wC1wN1 : 3.7282846 (0.07)%
  GtT1tN3wC1wN1_QqGtT1tN4wC1wN1 : 3.7282846 (0.07)%
    GtT1bC2hC1wN1_GtT1bC2wN2zN1 : 3.6976398 (0.07)%
   QqGtT1bC1wN1_QqGtT1bC2zC1wN1 : 3.6567375 (0.07)%
QqGtT1bC2hC1wN1_QqGtT1tN4wC1wN1 : 3.6115462 (0.07)%
              C2hC1wN1_C2wN2zN1 : 3.5963405 (0.07)%
QqGtT1tN3wC1wN1_QqGtT1tN3wC1wN1 : 3.5856325 (0.07)%
        GtT1tN1_QqGtT1tN4wC1wN1 : 3.5796639 (0.07)%
        GtT1tN4wC1wN1_QqGtT1tN1 : 3.5796639 (0.07)%
  GtT1bC2wN2zN1_QqGtT1bC2wN2zN1 : 3.5756413 (0.07)%
           QqGtT1bC2wN1_QqN2zN1 : 3.4795376 (0.06)%
                    N2hN1_N2zN1 : 3.4670374 (0.06)%
     GtT1bC1wN1_QqGtT1bC2zC1wN1 : 3.4495034 (0.06)%
     GtT1bC2zC1wN1_QqGtT1bC1wN1 : 3.4495034 (0.06)%
  GtT1tN4wC1wN1_QqGtT1bC2hC1wN1 : 3.4068731 (0.06)%
  GtT1bC2hC1wN1_QqGtT1tN4wC1wN1 : 3.4068731 (0.06)%
       GtT1bC1wN1_GtT1tN3wC1wN1 : 3.4019823 (0.06)%
    GtT1bC2wN2zN1_GtT1bC2zC1wN1 : 3.3757764 (0.06)%
        QqGtT1tN3zN2zN1_QqN2zN1 : 3.3752820 (0.06)%
            QqGtT1tN1_QqGtT1tN1 : 3.3054619 (0.06)%
QqGtT1bC2zC1wN1_QqGtT1tN4wC1wN1 : 3.2971769 (0.06)%
              C2wN2zN1_C2zC1wN1 : 3.2832948 (0.06)%
             GtT1bC2wN1_QqN2zN1 : 3.2823457 (0.06)%
             GtT1bC1wN1_GtT1tN1 : 3.2663690 (0.06)%
   QqGtT1bC1wN1_QqGtT1bC2wN2zN1 : 3.1867318 (0.06)%
          GtT1tN3zN2zN1_QqN2zN1 : 3.1839985 (0.06)%
  GtT1tN4wC1wN1_QqGtT1bC2zC1wN1 : 3.1103197 (0.06)%
  GtT1bC2zC1wN1_QqGtT1tN4wC1wN1 : 3.1103197 (0.06)%
       GtT1bC1wN1_GtT1bC2hC1wN1 : 3.1087010 (0.06)%
                QqC1wN1_QqN2hN1 : 3.0795462 (0.06)%
    GtT1tN3wC1wN1_GtT1tN4wC1wN1 : 3.0674713 (0.06)%
     GtT1bC1wN1_QqGtT1bC2wN2zN1 : 3.0061338 (0.05)%
     GtT1bC2wN2zN1_QqGtT1bC1wN1 : 3.0061338 (0.05)%
                 C2wN1_N3wC1wN1 : 2.9941309 (0.05)%
QqGtT1bC2hC1wN1_QqGtT1bC2hC1wN1 : 2.9940536 (0.05)%
          GtT1tN1_GtT1tN4wC1wN1 : 2.9451926 (0.05)%
           QqC1wN1_QqGtT1tN3zN1 : 2.9316209 (0.05)%
              C2hC1wN1_N4hN2zN1 : 2.9049879 (0.05)%
                 C2wN1_N4wC1wN1 : 2.8982526 (0.05)%
QqGtT1bC2wN2zN1_QqGtT1tN4wC1wN1 : 2.8733860 (0.05)%
       GtT1bC1wN1_GtT1bC2zC1wN1 : 2.8381022 (0.05)%
    GtT1bC2hC1wN1_GtT1tN4wC1wN1 : 2.8030278 (0.05)%
   QqGtT1bC2wN1_QqGtT1tN3wC1wN1 : 2.8004439 (0.05)%
    GtT1tN3wC1wN1_GtT1tN3wC1wN1 : 2.7829154 (0.05)%
             GtT1tN3zN1_QqC1wN1 : 2.7654805 (0.05)%
QqGtT1tN3wC1wN1_QqGtT1tN3zN2zN1 : 2.7165356 (0.05)%
  GtT1tN4wC1wN1_QqGtT1bC2wN2zN1 : 2.7105458 (0.05)%
  GtT1bC2wN2zN1_QqGtT1tN4wC1wN1 : 2.7105458 (0.05)%
         QqGtT1bC2wN1_QqGtT1tN1 : 2.6888097 (0.05)%
              C2hC1wN1_N3zN2zN1 : 2.6540324 (0.05)%
              C2zC1wN1_N4hN2zN1 : 2.6521214 (0.05)%
     GtT1tN3wC1wN1_QqGtT1bC2wN1 : 2.6417375 (0.05)%
     GtT1bC2wN1_QqGtT1tN3wC1wN1 : 2.6417375 (0.05)%
      QqGtT1tN1_QqGtT1tN3zN2zN1 : 2.6082462 (0.05)%
                GtT1tN1_GtT1tN1 : 2.5654667 (0.05)%
  GtT1tN3zN2zN1_QqGtT1tN3wC1wN1 : 2.5625845 (0.05)%
  GtT1tN3wC1wN1_QqGtT1tN3zN2zN1 : 2.5625845 (0.05)%
    GtT1bC2zC1wN1_GtT1tN4wC1wN1 : 2.5590365 (0.05)%
   QqGtT1bC2hC1wN1_QqGtT1bC2wN1 : 2.5590206 (0.05)%
------------------------------------------------------------
                                              SUM=90.00%
