/Users/rafalmaselek/Projects/fastlim-1.0
 
#################################################################
#                                                               #
#                                                               #
#                     This is Fastlim  ver. 1.0                 #
#                                                               #
#          A fast LHC limit calculator for BSM models.          #
#                                                               #
#                  http://cern.ch/fastlim-1.0/                  #
#                                                               #
#  for bugs/feature requests: fastlim-1.0.developers@gmail.com  #
#                                                               #
#    please refer to:                                           #
#    M.Papucci, K.Sakurai, A.Weiler, L.Zeune arXiv:1402.xxxx    #
#                                                               #
#################################################################
 

!! Masses incompatible with the data for ERER !!

!! Problem with reading tables for ER ER !! Probably mass outside the table !! Setting xsec to 10^-20 !!

!! Masses incompatible with the data for ELEL !!

!! Problem with reading tables for EL EL !! Probably mass outside the table !! Setting xsec to 10^-20 !!

!! Masses incompatible with the data for TAU1TAU1 !!

!! Problem with reading tables for TAU1 TAU1 !! Probably mass outside the table !! Setting xsec to 10^-20 !!

!! Masses incompatible with the data for TAU2TAU2 !!

!! Problem with reading tables for TAU2 TAU2 !! Probably mass outside the table !! Setting xsec to 10^-20 !!
!! EWK PROCESS C1C2 NOT FOUND !! WILL TRY TO LOOK FOR +/- MODES !!
XSEC FOUND FOR: C1-C2+
XSEC FOUND FOR: C1+C2-
!! EWK PROCESS C1N1 NOT FOUND !! WILL TRY TO LOOK FOR +/- MODES !!
XSEC FOUND FOR: C1+N1
XSEC FOUND FOR: C1-N1
!! EWK PROCESS C1N2 NOT FOUND !! WILL TRY TO LOOK FOR +/- MODES !!
XSEC FOUND FOR: C1+N2
XSEC FOUND FOR: C1-N2
!! EWK PROCESS C1N3 NOT FOUND !! WILL TRY TO LOOK FOR +/- MODES !!
XSEC FOUND FOR: C1+N3
XSEC FOUND FOR: C1-N3
!! EWK PROCESS C1N4 NOT FOUND !! WILL TRY TO LOOK FOR +/- MODES !!
XSEC FOUND FOR: C1+N4
XSEC FOUND FOR: C1-N4
!! EWK PROCESS C2N1 NOT FOUND !! WILL TRY TO LOOK FOR +/- MODES !!
XSEC FOUND FOR: C2+N1
XSEC FOUND FOR: C2-N1
!! EWK PROCESS C2N2 NOT FOUND !! WILL TRY TO LOOK FOR +/- MODES !!
XSEC FOUND FOR: C2+N2
XSEC FOUND FOR: C2-N2
!! EWK PROCESS C2N3 NOT FOUND !! WILL TRY TO LOOK FOR +/- MODES !!
XSEC FOUND FOR: C2+N3
XSEC FOUND FOR: C2-N3
!! EWK PROCESS C2N4 NOT FOUND !! WILL TRY TO LOOK FOR +/- MODES !!
XSEC FOUND FOR: C2+N4
XSEC FOUND FOR: C2-N4
---------------  Output inclusive processes  ---------------
The total xsec = 136637.70 [fb]
The total rate = 100.00%
Output upto 0.10%
                          Modes : xsec/fb      (rate)
                    C1wN1_N2hN1 : 33843.4251599 (24.77)%
                    C1wN1_C1wN1 : 18996.7783039 (13.90)%
                    C1wN1_N2zN1 : 4051.3135137 (2.97)%
       GtT1bC1wN1_GtT1tN3wC1wN1 : 1216.8141750 (0.89)%
        GtT1bC1wN1_QqGtT1bC1wN1 : 924.5880027 (0.68)%
     GtT1tN3wC1wN1_QqGtT1bC1wN1 : 818.1296161 (0.60)%
     GtT1bC1wN1_QqGtT1tN3wC1wN1 : 818.1296161 (0.60)%
             GtT1bC1wN1_QqC1wN1 : 792.9047947 (0.58)%
       GtT1bC1wN1_GtT1bC2hC1wN1 : 735.6748628 (0.54)%
  GtT1tN3wC1wN1_QqGtT1tN3wC1wN1 : 723.9290006 (0.53)%
       GtT1bC1wN1_GtT1bC2zC1wN1 : 718.3045006 (0.53)%
          GtT1tN3wC1wN1_QqC1wN1 : 701.6086012 (0.51)%
          GtT1bC1wN1_GtT1bC1wN1 : 687.5755171 (0.50)%
       GtT1bC1wN1_GtT1bC2wN2hN1 : 661.8322259 (0.48)%
    GtT1bC2hC1wN1_GtT1tN3wC1wN1 : 650.9682056 (0.48)%
    GtT1bC2zC1wN1_GtT1tN3wC1wN1 : 635.5978918 (0.47)%
    GtT1bC2wN2hN1_GtT1tN3wC1wN1 : 585.6279157 (0.43)%
          GtT1bC1wN1_GtT1tN2hN1 : 550.1623498 (0.40)%
    GtT1tN3wC1wN1_GtT1tN3wC1wN1 : 538.3542242 (0.39)%
   QqGtT1bC1wN1_QqGtT1tN3wC1wN1 : 533.7449715 (0.39)%
           QqC1wN1_QqGtT1bC1wN1 : 517.2883840 (0.38)%
     GtT1bC1wN1_QqGtT1bC2hC1wN1 : 494.6337785 (0.36)%
     GtT1bC2hC1wN1_QqGtT1bC1wN1 : 494.6337785 (0.36)%
       GtT1bC1wN1_GtT1tN3zN2hN1 : 492.8540249 (0.36)%
       GtT1tN2hN1_GtT1tN3wC1wN1 : 486.8158691 (0.36)%
     GtT1bC2zC1wN1_QqGtT1bC1wN1 : 482.9547497 (0.35)%
     GtT1bC1wN1_QqGtT1bC2zC1wN1 : 482.9547497 (0.35)%
       GtT1bC1wN1_GtT1tN4wC1wN1 : 462.4303085 (0.34)%
        QqC1wN1_QqGtT1tN3wC1wN1 : 457.7270587 (0.33)%
     GtT1bC2wN2hN1_QqGtT1bC1wN1 : 444.9854021 (0.33)%
     GtT1bC1wN1_QqGtT1bC2wN2hN1 : 444.9854021 (0.33)%
  GtT1tN3wC1wN1_QqGtT1bC2hC1wN1 : 437.6809369 (0.32)%
  GtT1bC2hC1wN1_QqGtT1tN3wC1wN1 : 437.6809369 (0.32)%
    GtT1tN3wC1wN1_GtT1tN3zN2hN1 : 436.1061068 (0.32)%
  GtT1tN3wC1wN1_QqGtT1bC2zC1wN1 : 427.3466483 (0.31)%
  GtT1bC2zC1wN1_QqGtT1tN3wC1wN1 : 427.3466483 (0.31)%
          GtT1bC2hC1wN1_QqC1wN1 : 424.1862250 (0.31)%
          GtT1bC2zC1wN1_QqC1wN1 : 414.1705663 (0.30)%
    GtT1tN3wC1wN1_GtT1tN4wC1wN1 : 409.1854206 (0.30)%
  GtT1tN3wC1wN1_QqGtT1bC2wN2hN1 : 393.7491457 (0.29)%
  GtT1bC2wN2hN1_QqGtT1tN3wC1wN1 : 393.7491457 (0.29)%
    GtT1bC2hC1wN1_GtT1bC2zC1wN1 : 384.2767462 (0.28)%
          GtT1bC2wN2hN1_QqC1wN1 : 381.6089521 (0.28)%
        GtT1tN2hN1_QqGtT1bC1wN1 : 369.9037383 (0.27)%
        GtT1bC1wN1_QqGtT1tN2hN1 : 369.9037383 (0.27)%
             GtT1bC1wN1_QqN2hN1 : 356.9482330 (0.26)%
    GtT1bC2hC1wN1_GtT1bC2wN2hN1 : 354.0653498 (0.26)%
    GtT1bC2wN2hN1_GtT1bC2zC1wN1 : 345.7053478 (0.25)%
     GtT1bC1wN1_QqGtT1tN3zN2hN1 : 331.3722691 (0.24)%
     GtT1tN3zN2hN1_QqGtT1bC1wN1 : 331.3722691 (0.24)%
     GtT1tN3wC1wN1_QqGtT1tN2hN1 : 327.3124922 (0.24)%
     GtT1tN2hN1_QqGtT1tN3wC1wN1 : 327.3124922 (0.24)%
   QqGtT1bC1wN1_QqGtT1bC2hC1wN1 : 322.6973902 (0.24)%
             GtT1tN2hN1_QqC1wN1 : 317.2206937 (0.23)%
          GtT1tN3wC1wN1_QqN2hN1 : 315.8487023 (0.23)%
   QqGtT1bC1wN1_QqGtT1bC2zC1wN1 : 315.0780317 (0.23)%
     GtT1bC1wN1_QqGtT1tN4wC1wN1 : 310.9167682 (0.23)%
     GtT1tN4wC1wN1_QqGtT1bC1wN1 : 310.9167682 (0.23)%
      QqGtT1bC1wN1_QqGtT1bC1wN1 : 301.5990299 (0.22)%
          GtT1bC1wN1_GtT1bC2wN1 : 296.1355710 (0.22)%
       GtT1bC2hC1wN1_GtT1tN2hN1 : 294.3244787 (0.22)%
  GtT1tN3wC1wN1_QqGtT1tN3zN2hN1 : 293.2175915 (0.21)%
  GtT1tN3zN2hN1_QqGtT1tN3wC1wN1 : 293.2175915 (0.21)%
   QqGtT1bC1wN1_QqGtT1bC2wN2hN1 : 290.3069588 (0.21)%
       GtT1bC2zC1wN1_GtT1tN2hN1 : 287.3750462 (0.21)%
QqGtT1bC2hC1wN1_QqGtT1tN3wC1wN1 : 285.5415506 (0.21)%
          GtT1tN3zN2hN1_QqC1wN1 : 284.1770175 (0.21)%
QqGtT1bC2zC1wN1_QqGtT1tN3wC1wN1 : 278.7994960 (0.20)%
        QqC1wN1_QqGtT1bC2hC1wN1 : 276.7376466 (0.20)%
  GtT1tN4wC1wN1_QqGtT1tN3wC1wN1 : 275.1173663 (0.20)%
  GtT1tN3wC1wN1_QqGtT1tN4wC1wN1 : 275.1173663 (0.20)%
             GtT1bC1wN1_GtT1tN1 : 271.4807353 (0.20)%
        QqC1wN1_QqGtT1bC2zC1wN1 : 270.2034650 (0.20)%
              C2hC1wN1_N4wC1wN1 : 269.3232151 (0.20)%
              C2hC1wN1_N3wC1wN1 : 266.7313042 (0.20)%
          GtT1tN4wC1wN1_QqC1wN1 : 266.6348639 (0.20)%
       GtT1bC2wN2hN1_GtT1tN2hN1 : 264.7819502 (0.19)%
  GtT1bC2hC1wN1_QqGtT1bC2hC1wN1 : 264.6179424 (0.19)%
    GtT1bC2hC1wN1_GtT1tN3zN2hN1 : 263.6658143 (0.19)%
              C2zC1wN1_N4wC1wN1 : 262.9640991 (0.19)%
       GtT1bC2wN1_GtT1tN3wC1wN1 : 262.0380973 (0.19)%
              C2zC1wN1_N3wC1wN1 : 260.4333870 (0.19)%
  GtT1bC2zC1wN1_QqGtT1bC2hC1wN1 : 258.3699247 (0.19)%
  GtT1bC2hC1wN1_QqGtT1bC2zC1wN1 : 258.3699247 (0.19)%
    GtT1bC2zC1wN1_GtT1tN3zN2hN1 : 257.4402778 (0.19)%
QqGtT1bC2wN2hN1_QqGtT1tN3wC1wN1 : 256.8805999 (0.19)%
  GtT1bC2zC1wN1_QqGtT1bC2zC1wN1 : 252.2694320 (0.18)%
        QqC1wN1_QqGtT1bC2wN2hN1 : 248.9603790 (0.18)%
              N3wC1wN1_N4wC1wN1 : 248.0558919 (0.18)%
    GtT1bC2hC1wN1_GtT1tN4wC1wN1 : 247.3898105 (0.18)%
              C2wN2hN1_N4wC1wN1 : 242.2901637 (0.18)%
    GtT1bC2zC1wN1_GtT1tN4wC1wN1 : 241.5485743 (0.18)%
      QqGtT1bC1wN1_QqGtT1tN2hN1 : 241.3239374 (0.18)%
          GtT1tN1_GtT1tN3wC1wN1 : 240.2220547 (0.18)%
              C2wN2hN1_N3wC1wN1 : 239.9584133 (0.18)%
  GtT1bC2wN2hN1_QqGtT1bC2hC1wN1 : 238.0571781 (0.17)%
  GtT1bC2hC1wN1_QqGtT1bC2wN2hN1 : 238.0571781 (0.17)%
    GtT1bC2wN2hN1_GtT1tN3zN2hN1 : 237.2006189 (0.17)%
          GtT1bC1wN1_GtT1tN3zN1 : 236.3548826 (0.17)%
QqGtT1tN3wC1wN1_QqGtT1tN3wC1wN1 : 236.1444056 (0.17)%
           QqGtT1bC1wN1_QqN2hN1 : 232.8718099 (0.17)%
  GtT1bC2zC1wN1_QqGtT1bC2wN2hN1 : 232.4362990 (0.17)%
  GtT1bC2wN2hN1_QqGtT1bC2zC1wN1 : 232.4362990 (0.17)%
    GtT1bC2wN2hN1_GtT1tN4wC1wN1 : 222.5583029 (0.16)%
                QqC1wN1_QqC1wN1 : 221.8071393 (0.16)%
   QqGtT1bC1wN1_QqGtT1tN3zN2hN1 : 216.1861383 (0.16)%
  GtT1bC2wN2hN1_QqGtT1bC2wN2hN1 : 214.1624242 (0.16)%
   QqGtT1tN2hN1_QqGtT1tN3wC1wN1 : 213.5375537 (0.16)%
       GtT1tN3wC1wN1_GtT1tN3zN1 : 209.1406430 (0.15)%
           QqC1wN1_QqGtT1tN2hN1 : 206.9536988 (0.15)%
        QqGtT1tN3wC1wN1_QqN2hN1 : 206.0586163 (0.15)%
   QqGtT1bC1wN1_QqGtT1tN4wC1wN1 : 202.8410392 (0.15)%
                QqC1wN1_QqN2hN1 : 199.7053543 (0.15)%
        GtT1bC2wN1_QqGtT1bC1wN1 : 199.1078720 (0.15)%
        GtT1bC1wN1_QqGtT1bC2wN1 : 199.1078720 (0.15)%
     GtT1tN2hN1_QqGtT1bC2hC1wN1 : 197.8901772 (0.14)%
     GtT1bC2hC1wN1_QqGtT1tN2hN1 : 197.8901772 (0.14)%
       GtT1tN2hN1_GtT1tN3zN2hN1 : 197.1781439 (0.14)%
    GtT1bC2hC1wN1_GtT1bC2hC1wN1 : 196.7847496 (0.14)%
       GtT1bC1wN1_GtT1tN4hN2hN1 : 195.5912247 (0.14)%
     GtT1tN2hN1_QqGtT1bC2zC1wN1 : 193.2177000 (0.14)%
     GtT1bC2zC1wN1_QqGtT1tN2hN1 : 193.2177000 (0.14)%
QqGtT1tN3wC1wN1_QqGtT1tN3zN2hN1 : 191.2941568 (0.14)%
          GtT1bC2hC1wN1_QqN2hN1 : 190.9592734 (0.14)%
    GtT1bC2zC1wN1_GtT1bC2zC1wN1 : 187.6017044 (0.14)%
          GtT1bC2zC1wN1_QqN2hN1 : 186.4504450 (0.14)%
        QqC1wN1_QqGtT1tN3zN2hN1 : 185.3961171 (0.14)%
       GtT1tN2hN1_GtT1tN4wC1wN1 : 185.0064021 (0.14)%
           GtT1tN1_QqGtT1bC1wN1 : 182.5310999 (0.13)%
           GtT1bC1wN1_QqGtT1tN1 : 182.5310999 (0.13)%
QqGtT1tN3wC1wN1_QqGtT1tN4wC1wN1 : 179.4856315 (0.13)%
     GtT1tN2hN1_QqGtT1bC2wN2hN1 : 178.0271464 (0.13)%
     GtT1bC2wN2hN1_QqGtT1tN2hN1 : 178.0271464 (0.13)%
  GtT1tN3zN2hN1_QqGtT1bC2hC1wN1 : 177.2767082 (0.13)%
  GtT1bC2hC1wN1_QqGtT1tN3zN2hN1 : 177.2767082 (0.13)%
     GtT1bC2wN1_QqGtT1tN3wC1wN1 : 176.1823065 (0.13)%
     GtT1tN3wC1wN1_QqGtT1bC2wN1 : 176.1823065 (0.13)%
                    N2hN1_N2hN1 : 174.2268592 (0.13)%
        QqC1wN1_QqGtT1tN4wC1wN1 : 173.9516759 (0.13)%
  GtT1bC2zC1wN1_QqGtT1tN3zN2hN1 : 173.0909452 (0.13)%
  GtT1tN3zN2hN1_QqGtT1bC2zC1wN1 : 173.0909452 (0.13)%
    GtT1tN3wC1wN1_GtT1tN4hN2hN1 : 173.0705710 (0.13)%
          GtT1bC2wN2hN1_QqN2hN1 : 171.7919252 (0.13)%
             GtT1bC2wN1_QqC1wN1 : 170.7502000 (0.12)%
QqGtT1bC2hC1wN1_QqGtT1bC2zC1wN1 : 168.5596578 (0.12)%
  GtT1tN4wC1wN1_QqGtT1bC2hC1wN1 : 166.3334754 (0.12)%
  GtT1bC2hC1wN1_QqGtT1tN4wC1wN1 : 166.3334754 (0.12)%
    GtT1tN3zN2hN1_GtT1tN4wC1wN1 : 165.7349870 (0.12)%
                          N1_N1 : 162.7136028 (0.12)%
  GtT1tN4wC1wN1_QqGtT1bC2zC1wN1 : 162.4060982 (0.12)%
  GtT1bC2zC1wN1_QqGtT1tN4wC1wN1 : 162.4060982 (0.12)%
        GtT1tN1_QqGtT1tN3wC1wN1 : 161.5142077 (0.12)%
        GtT1tN3wC1wN1_QqGtT1tN1 : 161.5142077 (0.12)%
  GtT1bC2wN2hN1_QqGtT1tN3zN2hN1 : 159.4827339 (0.12)%
  GtT1tN3zN2hN1_QqGtT1bC2wN2hN1 : 159.4827339 (0.12)%
    GtT1bC2wN2hN1_GtT1bC2wN2hN1 : 159.2631952 (0.12)%
        GtT1bC1wN1_QqGtT1tN3zN1 : 158.9140999 (0.12)%
        GtT1tN3zN1_QqGtT1bC1wN1 : 158.9140999 (0.12)%
       GtT1bC2hC1wN1_GtT1bC2wN1 : 158.4258675 (0.12)%
                GtT1tN1_QqC1wN1 : 156.5343525 (0.11)%
QqGtT1bC2hC1wN1_QqGtT1bC2wN2hN1 : 155.3076911 (0.11)%
       GtT1bC2wN1_GtT1bC2zC1wN1 : 154.6852005 (0.11)%
QqGtT1bC2wN2hN1_QqGtT1bC2zC1wN1 : 151.6406488 (0.11)%
  GtT1tN4wC1wN1_QqGtT1bC2wN2hN1 : 149.6379173 (0.11)%
  GtT1bC2wN2hN1_QqGtT1tN4wC1wN1 : 149.6379173 (0.11)%
        GtT1tN2hN1_QqGtT1tN2hN1 : 147.9889153 (0.11)%
              C2hC1wN1_C2zC1wN1 : 147.0670849 (0.11)%
          GtT1bC2hC1wN1_GtT1tN1 : 145.2360852 (0.11)%
             GtT1tN2hN1_QqN2hN1 : 142.8057528 (0.10)%
       GtT1bC2wN1_GtT1bC2wN2hN1 : 142.5240277 (0.10)%
          GtT1bC2zC1wN1_GtT1tN1 : 141.8068482 (0.10)%
     GtT1tN3zN1_QqGtT1tN3wC1wN1 : 140.6165029 (0.10)%
     GtT1tN3wC1wN1_QqGtT1tN3zN1 : 140.6165029 (0.10)%
             GtT1tN3zN1_QqC1wN1 : 136.2809721 (0.10)%
------------------------------------------------------------
                                              SUM=79.52%

SHOWING PROCESSES TO GET 90.00% SUSY COVERAGE
---------------  Output inclusive processes  ---------------
The total xsec = 136637.70 [fb]
The total rate = 100.00%
                          Modes : xsec/fb      (rate)
                    C1wN1_N2hN1 : 33843.4251599 (24.77)%
                    C1wN1_C1wN1 : 18996.7783039 (13.90)%
                    C1wN1_N2zN1 : 4051.3135137 (2.97)%
       GtT1bC1wN1_GtT1tN3wC1wN1 : 1216.8141750 (0.89)%
        GtT1bC1wN1_QqGtT1bC1wN1 : 924.5880027 (0.68)%
     GtT1tN3wC1wN1_QqGtT1bC1wN1 : 818.1296161 (0.60)%
     GtT1bC1wN1_QqGtT1tN3wC1wN1 : 818.1296161 (0.60)%
             GtT1bC1wN1_QqC1wN1 : 792.9047947 (0.58)%
       GtT1bC1wN1_GtT1bC2hC1wN1 : 735.6748628 (0.54)%
  GtT1tN3wC1wN1_QqGtT1tN3wC1wN1 : 723.9290006 (0.53)%
       GtT1bC1wN1_GtT1bC2zC1wN1 : 718.3045006 (0.53)%
          GtT1tN3wC1wN1_QqC1wN1 : 701.6086012 (0.51)%
          GtT1bC1wN1_GtT1bC1wN1 : 687.5755171 (0.50)%
       GtT1bC1wN1_GtT1bC2wN2hN1 : 661.8322259 (0.48)%
    GtT1bC2hC1wN1_GtT1tN3wC1wN1 : 650.9682056 (0.48)%
    GtT1bC2zC1wN1_GtT1tN3wC1wN1 : 635.5978918 (0.47)%
    GtT1bC2wN2hN1_GtT1tN3wC1wN1 : 585.6279157 (0.43)%
          GtT1bC1wN1_GtT1tN2hN1 : 550.1623498 (0.40)%
    GtT1tN3wC1wN1_GtT1tN3wC1wN1 : 538.3542242 (0.39)%
   QqGtT1bC1wN1_QqGtT1tN3wC1wN1 : 533.7449715 (0.39)%
           QqC1wN1_QqGtT1bC1wN1 : 517.2883840 (0.38)%
     GtT1bC1wN1_QqGtT1bC2hC1wN1 : 494.6337785 (0.36)%
     GtT1bC2hC1wN1_QqGtT1bC1wN1 : 494.6337785 (0.36)%
       GtT1bC1wN1_GtT1tN3zN2hN1 : 492.8540249 (0.36)%
       GtT1tN2hN1_GtT1tN3wC1wN1 : 486.8158691 (0.36)%
     GtT1bC2zC1wN1_QqGtT1bC1wN1 : 482.9547497 (0.35)%
     GtT1bC1wN1_QqGtT1bC2zC1wN1 : 482.9547497 (0.35)%
       GtT1bC1wN1_GtT1tN4wC1wN1 : 462.4303085 (0.34)%
        QqC1wN1_QqGtT1tN3wC1wN1 : 457.7270587 (0.33)%
     GtT1bC2wN2hN1_QqGtT1bC1wN1 : 444.9854021 (0.33)%
     GtT1bC1wN1_QqGtT1bC2wN2hN1 : 444.9854021 (0.33)%
  GtT1tN3wC1wN1_QqGtT1bC2hC1wN1 : 437.6809369 (0.32)%
  GtT1bC2hC1wN1_QqGtT1tN3wC1wN1 : 437.6809369 (0.32)%
    GtT1tN3wC1wN1_GtT1tN3zN2hN1 : 436.1061068 (0.32)%
  GtT1tN3wC1wN1_QqGtT1bC2zC1wN1 : 427.3466483 (0.31)%
  GtT1bC2zC1wN1_QqGtT1tN3wC1wN1 : 427.3466483 (0.31)%
          GtT1bC2hC1wN1_QqC1wN1 : 424.1862250 (0.31)%
          GtT1bC2zC1wN1_QqC1wN1 : 414.1705663 (0.30)%
    GtT1tN3wC1wN1_GtT1tN4wC1wN1 : 409.1854206 (0.30)%
  GtT1tN3wC1wN1_QqGtT1bC2wN2hN1 : 393.7491457 (0.29)%
  GtT1bC2wN2hN1_QqGtT1tN3wC1wN1 : 393.7491457 (0.29)%
    GtT1bC2hC1wN1_GtT1bC2zC1wN1 : 384.2767462 (0.28)%
          GtT1bC2wN2hN1_QqC1wN1 : 381.6089521 (0.28)%
        GtT1tN2hN1_QqGtT1bC1wN1 : 369.9037383 (0.27)%
        GtT1bC1wN1_QqGtT1tN2hN1 : 369.9037383 (0.27)%
             GtT1bC1wN1_QqN2hN1 : 356.9482330 (0.26)%
    GtT1bC2hC1wN1_GtT1bC2wN2hN1 : 354.0653498 (0.26)%
    GtT1bC2wN2hN1_GtT1bC2zC1wN1 : 345.7053478 (0.25)%
     GtT1bC1wN1_QqGtT1tN3zN2hN1 : 331.3722691 (0.24)%
     GtT1tN3zN2hN1_QqGtT1bC1wN1 : 331.3722691 (0.24)%
     GtT1tN3wC1wN1_QqGtT1tN2hN1 : 327.3124922 (0.24)%
     GtT1tN2hN1_QqGtT1tN3wC1wN1 : 327.3124922 (0.24)%
   QqGtT1bC1wN1_QqGtT1bC2hC1wN1 : 322.6973902 (0.24)%
             GtT1tN2hN1_QqC1wN1 : 317.2206937 (0.23)%
          GtT1tN3wC1wN1_QqN2hN1 : 315.8487023 (0.23)%
   QqGtT1bC1wN1_QqGtT1bC2zC1wN1 : 315.0780317 (0.23)%
     GtT1bC1wN1_QqGtT1tN4wC1wN1 : 310.9167682 (0.23)%
     GtT1tN4wC1wN1_QqGtT1bC1wN1 : 310.9167682 (0.23)%
      QqGtT1bC1wN1_QqGtT1bC1wN1 : 301.5990299 (0.22)%
          GtT1bC1wN1_GtT1bC2wN1 : 296.1355710 (0.22)%
       GtT1bC2hC1wN1_GtT1tN2hN1 : 294.3244787 (0.22)%
  GtT1tN3wC1wN1_QqGtT1tN3zN2hN1 : 293.2175915 (0.21)%
  GtT1tN3zN2hN1_QqGtT1tN3wC1wN1 : 293.2175915 (0.21)%
   QqGtT1bC1wN1_QqGtT1bC2wN2hN1 : 290.3069588 (0.21)%
       GtT1bC2zC1wN1_GtT1tN2hN1 : 287.3750462 (0.21)%
QqGtT1bC2hC1wN1_QqGtT1tN3wC1wN1 : 285.5415506 (0.21)%
          GtT1tN3zN2hN1_QqC1wN1 : 284.1770175 (0.21)%
QqGtT1bC2zC1wN1_QqGtT1tN3wC1wN1 : 278.7994960 (0.20)%
        QqC1wN1_QqGtT1bC2hC1wN1 : 276.7376466 (0.20)%
  GtT1tN4wC1wN1_QqGtT1tN3wC1wN1 : 275.1173663 (0.20)%
  GtT1tN3wC1wN1_QqGtT1tN4wC1wN1 : 275.1173663 (0.20)%
             GtT1bC1wN1_GtT1tN1 : 271.4807353 (0.20)%
        QqC1wN1_QqGtT1bC2zC1wN1 : 270.2034650 (0.20)%
              C2hC1wN1_N4wC1wN1 : 269.3232151 (0.20)%
              C2hC1wN1_N3wC1wN1 : 266.7313042 (0.20)%
          GtT1tN4wC1wN1_QqC1wN1 : 266.6348639 (0.20)%
       GtT1bC2wN2hN1_GtT1tN2hN1 : 264.7819502 (0.19)%
  GtT1bC2hC1wN1_QqGtT1bC2hC1wN1 : 264.6179424 (0.19)%
    GtT1bC2hC1wN1_GtT1tN3zN2hN1 : 263.6658143 (0.19)%
              C2zC1wN1_N4wC1wN1 : 262.9640991 (0.19)%
       GtT1bC2wN1_GtT1tN3wC1wN1 : 262.0380973 (0.19)%
              C2zC1wN1_N3wC1wN1 : 260.4333870 (0.19)%
  GtT1bC2zC1wN1_QqGtT1bC2hC1wN1 : 258.3699247 (0.19)%
  GtT1bC2hC1wN1_QqGtT1bC2zC1wN1 : 258.3699247 (0.19)%
    GtT1bC2zC1wN1_GtT1tN3zN2hN1 : 257.4402778 (0.19)%
QqGtT1bC2wN2hN1_QqGtT1tN3wC1wN1 : 256.8805999 (0.19)%
  GtT1bC2zC1wN1_QqGtT1bC2zC1wN1 : 252.2694320 (0.18)%
        QqC1wN1_QqGtT1bC2wN2hN1 : 248.9603790 (0.18)%
              N3wC1wN1_N4wC1wN1 : 248.0558919 (0.18)%
    GtT1bC2hC1wN1_GtT1tN4wC1wN1 : 247.3898105 (0.18)%
              C2wN2hN1_N4wC1wN1 : 242.2901637 (0.18)%
    GtT1bC2zC1wN1_GtT1tN4wC1wN1 : 241.5485743 (0.18)%
      QqGtT1bC1wN1_QqGtT1tN2hN1 : 241.3239374 (0.18)%
          GtT1tN1_GtT1tN3wC1wN1 : 240.2220547 (0.18)%
              C2wN2hN1_N3wC1wN1 : 239.9584133 (0.18)%
  GtT1bC2wN2hN1_QqGtT1bC2hC1wN1 : 238.0571781 (0.17)%
  GtT1bC2hC1wN1_QqGtT1bC2wN2hN1 : 238.0571781 (0.17)%
    GtT1bC2wN2hN1_GtT1tN3zN2hN1 : 237.2006189 (0.17)%
          GtT1bC1wN1_GtT1tN3zN1 : 236.3548826 (0.17)%
QqGtT1tN3wC1wN1_QqGtT1tN3wC1wN1 : 236.1444056 (0.17)%
           QqGtT1bC1wN1_QqN2hN1 : 232.8718099 (0.17)%
  GtT1bC2zC1wN1_QqGtT1bC2wN2hN1 : 232.4362990 (0.17)%
  GtT1bC2wN2hN1_QqGtT1bC2zC1wN1 : 232.4362990 (0.17)%
    GtT1bC2wN2hN1_GtT1tN4wC1wN1 : 222.5583029 (0.16)%
                QqC1wN1_QqC1wN1 : 221.8071393 (0.16)%
   QqGtT1bC1wN1_QqGtT1tN3zN2hN1 : 216.1861383 (0.16)%
  GtT1bC2wN2hN1_QqGtT1bC2wN2hN1 : 214.1624242 (0.16)%
   QqGtT1tN2hN1_QqGtT1tN3wC1wN1 : 213.5375537 (0.16)%
       GtT1tN3wC1wN1_GtT1tN3zN1 : 209.1406430 (0.15)%
           QqC1wN1_QqGtT1tN2hN1 : 206.9536988 (0.15)%
        QqGtT1tN3wC1wN1_QqN2hN1 : 206.0586163 (0.15)%
   QqGtT1bC1wN1_QqGtT1tN4wC1wN1 : 202.8410392 (0.15)%
                QqC1wN1_QqN2hN1 : 199.7053543 (0.15)%
        GtT1bC2wN1_QqGtT1bC1wN1 : 199.1078720 (0.15)%
        GtT1bC1wN1_QqGtT1bC2wN1 : 199.1078720 (0.15)%
     GtT1tN2hN1_QqGtT1bC2hC1wN1 : 197.8901772 (0.14)%
     GtT1bC2hC1wN1_QqGtT1tN2hN1 : 197.8901772 (0.14)%
       GtT1tN2hN1_GtT1tN3zN2hN1 : 197.1781439 (0.14)%
    GtT1bC2hC1wN1_GtT1bC2hC1wN1 : 196.7847496 (0.14)%
       GtT1bC1wN1_GtT1tN4hN2hN1 : 195.5912247 (0.14)%
     GtT1tN2hN1_QqGtT1bC2zC1wN1 : 193.2177000 (0.14)%
     GtT1bC2zC1wN1_QqGtT1tN2hN1 : 193.2177000 (0.14)%
QqGtT1tN3wC1wN1_QqGtT1tN3zN2hN1 : 191.2941568 (0.14)%
          GtT1bC2hC1wN1_QqN2hN1 : 190.9592734 (0.14)%
    GtT1bC2zC1wN1_GtT1bC2zC1wN1 : 187.6017044 (0.14)%
          GtT1bC2zC1wN1_QqN2hN1 : 186.4504450 (0.14)%
        QqC1wN1_QqGtT1tN3zN2hN1 : 185.3961171 (0.14)%
       GtT1tN2hN1_GtT1tN4wC1wN1 : 185.0064021 (0.14)%
           GtT1tN1_QqGtT1bC1wN1 : 182.5310999 (0.13)%
           GtT1bC1wN1_QqGtT1tN1 : 182.5310999 (0.13)%
QqGtT1tN3wC1wN1_QqGtT1tN4wC1wN1 : 179.4856315 (0.13)%
     GtT1tN2hN1_QqGtT1bC2wN2hN1 : 178.0271464 (0.13)%
     GtT1bC2wN2hN1_QqGtT1tN2hN1 : 178.0271464 (0.13)%
  GtT1tN3zN2hN1_QqGtT1bC2hC1wN1 : 177.2767082 (0.13)%
  GtT1bC2hC1wN1_QqGtT1tN3zN2hN1 : 177.2767082 (0.13)%
     GtT1bC2wN1_QqGtT1tN3wC1wN1 : 176.1823065 (0.13)%
     GtT1tN3wC1wN1_QqGtT1bC2wN1 : 176.1823065 (0.13)%
                    N2hN1_N2hN1 : 174.2268592 (0.13)%
        QqC1wN1_QqGtT1tN4wC1wN1 : 173.9516759 (0.13)%
  GtT1bC2zC1wN1_QqGtT1tN3zN2hN1 : 173.0909452 (0.13)%
  GtT1tN3zN2hN1_QqGtT1bC2zC1wN1 : 173.0909452 (0.13)%
    GtT1tN3wC1wN1_GtT1tN4hN2hN1 : 173.0705710 (0.13)%
          GtT1bC2wN2hN1_QqN2hN1 : 171.7919252 (0.13)%
             GtT1bC2wN1_QqC1wN1 : 170.7502000 (0.12)%
QqGtT1bC2hC1wN1_QqGtT1bC2zC1wN1 : 168.5596578 (0.12)%
  GtT1tN4wC1wN1_QqGtT1bC2hC1wN1 : 166.3334754 (0.12)%
  GtT1bC2hC1wN1_QqGtT1tN4wC1wN1 : 166.3334754 (0.12)%
    GtT1tN3zN2hN1_GtT1tN4wC1wN1 : 165.7349870 (0.12)%
                          N1_N1 : 162.7136028 (0.12)%
  GtT1tN4wC1wN1_QqGtT1bC2zC1wN1 : 162.4060982 (0.12)%
  GtT1bC2zC1wN1_QqGtT1tN4wC1wN1 : 162.4060982 (0.12)%
        GtT1tN1_QqGtT1tN3wC1wN1 : 161.5142077 (0.12)%
        GtT1tN3wC1wN1_QqGtT1tN1 : 161.5142077 (0.12)%
  GtT1bC2wN2hN1_QqGtT1tN3zN2hN1 : 159.4827339 (0.12)%
  GtT1tN3zN2hN1_QqGtT1bC2wN2hN1 : 159.4827339 (0.12)%
    GtT1bC2wN2hN1_GtT1bC2wN2hN1 : 159.2631952 (0.12)%
        GtT1bC1wN1_QqGtT1tN3zN1 : 158.9140999 (0.12)%
        GtT1tN3zN1_QqGtT1bC1wN1 : 158.9140999 (0.12)%
       GtT1bC2hC1wN1_GtT1bC2wN1 : 158.4258675 (0.12)%
                GtT1tN1_QqC1wN1 : 156.5343525 (0.11)%
QqGtT1bC2hC1wN1_QqGtT1bC2wN2hN1 : 155.3076911 (0.11)%
       GtT1bC2wN1_GtT1bC2zC1wN1 : 154.6852005 (0.11)%
QqGtT1bC2wN2hN1_QqGtT1bC2zC1wN1 : 151.6406488 (0.11)%
  GtT1tN4wC1wN1_QqGtT1bC2wN2hN1 : 149.6379173 (0.11)%
  GtT1bC2wN2hN1_QqGtT1tN4wC1wN1 : 149.6379173 (0.11)%
        GtT1tN2hN1_QqGtT1tN2hN1 : 147.9889153 (0.11)%
              C2hC1wN1_C2zC1wN1 : 147.0670849 (0.11)%
          GtT1bC2hC1wN1_GtT1tN1 : 145.2360852 (0.11)%
             GtT1tN2hN1_QqN2hN1 : 142.8057528 (0.10)%
       GtT1bC2wN1_GtT1bC2wN2hN1 : 142.5240277 (0.10)%
          GtT1bC2zC1wN1_GtT1tN1 : 141.8068482 (0.10)%
     GtT1tN3zN1_QqGtT1tN3wC1wN1 : 140.6165029 (0.10)%
     GtT1tN3wC1wN1_QqGtT1tN3zN1 : 140.6165029 (0.10)%
             GtT1tN3zN1_QqC1wN1 : 136.2809721 (0.10)%
              C2hC1wN1_C2wN2hN1 : 135.5048396 (0.10)%
     GtT1tN2hN1_QqGtT1tN3zN2hN1 : 132.5734714 (0.10)%
     GtT1tN3zN2hN1_QqGtT1tN2hN1 : 132.5734714 (0.10)%
              C2wN2hN1_C2zC1wN1 : 132.3053717 (0.10)%
     GtT1bC1wN1_QqGtT1tN4hN2hN1 : 131.5065003 (0.10)%
     GtT1tN4hN2hN1_QqGtT1bC1wN1 : 131.5065003 (0.10)%
          GtT1bC2wN2hN1_GtT1tN1 : 130.6581567 (0.10)%
      QqGtT1bC1wN1_QqGtT1bC2wN1 : 129.8972967 (0.10)%
   QqGtT1bC2hC1wN1_QqGtT1tN2hN1 : 129.1028768 (0.09)%
          GtT1tN3zN2hN1_QqN2hN1 : 127.9302193 (0.09)%
       GtT1bC2hC1wN1_GtT1tN3zN1 : 126.4445443 (0.09)%
   QqGtT1bC2zC1wN1_QqGtT1tN2hN1 : 126.0545685 (0.09)%
        QqGtT1bC2hC1wN1_QqN2hN1 : 124.5811788 (0.09)%
     GtT1tN2hN1_QqGtT1tN4wC1wN1 : 124.3897547 (0.09)%
     GtT1tN4wC1wN1_QqGtT1tN2hN1 : 124.3897547 (0.09)%
       GtT1bC2zC1wN1_GtT1tN3zN1 : 123.4590032 (0.09)%
        QqGtT1bC2zC1wN1_QqN2hN1 : 121.6396345 (0.09)%
          GtT1tN4wC1wN1_QqN2hN1 : 120.0331290 (0.09)%
         QqGtT1bC1wN1_QqGtT1tN1 : 119.0826671 (0.09)%
  GtT1tN3zN2hN1_QqGtT1tN3zN2hN1 : 118.7637958 (0.09)%
          GtT1bC2wN1_GtT1tN2hN1 : 118.4761801 (0.09)%
  GtT1tN3wC1wN1_QqGtT1tN4hN2hN1 : 116.3646535 (0.09)%
  GtT1tN4hN2hN1_QqGtT1tN3wC1wN1 : 116.3646535 (0.09)%
   QqGtT1bC2wN2hN1_QqGtT1tN2hN1 : 116.1443032 (0.09)%
QqGtT1bC2hC1wN1_QqGtT1tN3zN2hN1 : 115.6547199 (0.08)%
   QqGtT1bC2wN1_QqGtT1tN3wC1wN1 : 114.9407359 (0.08)%
              C2hC1wN1_N4hN2hN1 : 113.9139380 (0.08)%
       GtT1bC2wN2hN1_GtT1tN3zN1 : 113.7527982 (0.08)%
QqGtT1bC2zC1wN1_QqGtT1tN3zN2hN1 : 112.9239423 (0.08)%
          GtT1tN4hN2hN1_QqC1wN1 : 112.7768631 (0.08)%
           T1bC1wN1_T1tN3wC1wN1 : 112.4066707 (0.08)%
        QqGtT1bC2wN2hN1_QqN2hN1 : 112.0764661 (0.08)%
  GtT1tN4wC1wN1_QqGtT1tN3zN2hN1 : 111.4325458 (0.08)%
  GtT1tN3zN2hN1_QqGtT1tN4wC1wN1 : 111.4325458 (0.08)%
           QqC1wN1_QqGtT1bC2wN1 : 111.3968482 (0.08)%
              C2zC1wN1_N4hN2hN1 : 111.2242629 (0.08)%
          GtT1tN2hN1_GtT1tN2hN1 : 110.0528610 (0.08)%
             GtT1tN1_GtT1tN2hN1 : 108.6124183 (0.08)%
QqGtT1bC2hC1wN1_QqGtT1tN4wC1wN1 : 108.5153921 (0.08)%
                 C2wN1_N4wC1wN1 : 108.4122730 (0.08)%
              C2hC1wN1_N3zN2hN1 : 108.0358855 (0.08)%
                 C2wN1_N3wC1wN1 : 107.3689357 (0.08)%
     GtT1bC2wN1_QqGtT1bC2hC1wN1 : 106.5182317 (0.08)%
     GtT1bC2hC1wN1_QqGtT1bC2wN1 : 106.5182317 (0.08)%
       GtT1bC2wN1_GtT1tN3zN2hN1 : 106.1349659 (0.08)%
QqGtT1bC2zC1wN1_QqGtT1tN4wC1wN1 : 105.9531846 (0.08)%
              C2zC1wN1_N3zN2hN1 : 105.4849998 (0.08)%
      QqGtT1tN1_QqGtT1tN3wC1wN1 : 105.3713183 (0.08)%
              N3wC1wN1_N4hN2hN1 : 104.9186327 (0.08)%
    GtT1bC2hC1wN1_GtT1tN4hN2hN1 : 104.6369045 (0.08)%
  GtT1tN4wC1wN1_QqGtT1tN4wC1wN1 : 104.5538515 (0.08)%
QqGtT1bC2wN2hN1_QqGtT1tN3zN2hN1 : 104.0459917 (0.08)%
     GtT1bC2wN1_QqGtT1bC2zC1wN1 : 104.0031800 (0.08)%
     GtT1bC2zC1wN1_QqGtT1bC2wN1 : 104.0031800 (0.08)%
      QqGtT1bC1wN1_QqGtT1tN3zN1 : 103.6750168 (0.08)%
              C2wN2hN1_N4hN2hN1 : 102.4799391 (0.08)%
    GtT1bC2zC1wN1_GtT1tN4hN2hN1 : 102.1662737 (0.07)%
              QqC1wN1_QqGtT1tN1 : 102.1224777 (0.07)%
              N3zN2hN1_N4wC1wN1 : 100.4716638 (0.07)%
       GtT1bC2wN1_GtT1tN4wC1wN1 : 99.5832894 (0.07)%
        GtT1tN1_QqGtT1bC2hC1wN1 : 97.6500316 (0.07)%
        GtT1bC2hC1wN1_QqGtT1tN1 : 97.6500316 (0.07)%
QqGtT1bC2wN2hN1_QqGtT1tN4wC1wN1 : 97.6232670 (0.07)%
          GtT1tN1_GtT1tN3zN2hN1 : 97.2986747 (0.07)%
              C2wN2hN1_N3zN2hN1 : 97.1918903 (0.07)%
     GtT1bC2wN1_QqGtT1bC2wN2hN1 : 95.8265695 (0.07)%
     GtT1bC2wN2hN1_QqGtT1bC2wN1 : 95.8265695 (0.07)%
        GtT1tN1_QqGtT1bC2zC1wN1 : 95.3443711 (0.07)%
        GtT1bC2zC1wN1_QqGtT1tN1 : 95.3443711 (0.07)%
          GtT1tN2hN1_GtT1tN3zN1 : 94.5594734 (0.07)%
    GtT1bC2wN2hN1_GtT1tN4hN2hN1 : 94.1340787 (0.07)%
           QqGtT1tN2hN1_QqN2hN1 : 93.1659861 (0.07)%
   QqGtT1tN3wC1wN1_QqGtT1tN3zN1 : 91.7377269 (0.07)%
          GtT1tN1_GtT1tN4wC1wN1 : 91.2924596 (0.07)%
                 C1wN1_N3wC1wN1 : 89.8728939 (0.07)%
                       C1wN1_N1 : 89.7813011 (0.07)%
           QqC1wN1_QqGtT1tN3zN1 : 88.9092414 (0.07)%
    GtT1tN3zN2hN1_GtT1tN3zN2hN1 : 88.3194223 (0.06)%
        GtT1tN1_QqGtT1bC2wN2hN1 : 87.8485062 (0.06)%
        GtT1bC2wN2hN1_QqGtT1tN1 : 87.8485062 (0.06)%
   QqGtT1tN2hN1_QqGtT1tN3zN2hN1 : 86.4904806 (0.06)%
QqGtT1bC2hC1wN1_QqGtT1bC2hC1wN1 : 86.3179216 (0.06)%
   QqGtT1bC1wN1_QqGtT1tN4hN2hN1 : 85.7943923 (0.06)%
     GtT1tN3zN1_QqGtT1bC2hC1wN1 : 85.0154679 (0.06)%
     GtT1bC2hC1wN1_QqGtT1tN3zN1 : 85.0154679 (0.06)%
       GtT1tN3zN1_GtT1tN3zN2hN1 : 84.7095718 (0.06)%
        QqGtT1tN3zN2hN1_QqN2hN1 : 83.4612388 (0.06)%
     GtT1tN3zN1_QqGtT1bC2zC1wN1 : 83.0081281 (0.06)%
     GtT1bC2zC1wN1_QqGtT1tN3zN1 : 83.0081281 (0.06)%
QqGtT1bC2zC1wN1_QqGtT1bC2zC1wN1 : 82.2898586 (0.06)%
   QqGtT1tN2hN1_QqGtT1tN4wC1wN1 : 81.1514517 (0.06)%
          GtT1bC1wN1_GtT1tN4hN1 : 80.7793010 (0.06)%
        GtT1tN2hN1_QqGtT1bC2wN1 : 79.6579081 (0.06)%
        GtT1bC2wN1_QqGtT1tN2hN1 : 79.6579081 (0.06)%
       GtT1tN3zN1_GtT1tN4wC1wN1 : 79.4804778 (0.06)%
       GtT1bC1wN1_GtT1bC2wN2zN1 : 79.2263144 (0.06)%
        QqGtT1tN4wC1wN1_QqN2hN1 : 78.3092040 (0.06)%
       GtT1tN2hN1_GtT1tN4hN2hN1 : 78.2509885 (0.06)%
    GtT1tN4wC1wN1_GtT1tN4wC1wN1 : 77.7521105 (0.06)%
             GtT1bC2wN1_QqN2hN1 : 76.8679703 (0.06)%
     GtT1bC2wN2hN1_QqGtT1tN3zN1 : 76.4821244 (0.06)%
     GtT1tN3zN1_QqGtT1bC2wN2hN1 : 76.4821244 (0.06)%
QqGtT1tN3wC1wN1_QqGtT1tN4hN2hN1 : 75.9159031 (0.06)%
              C2hC1wN1_C2hC1wN1 : 75.3117636 (0.06)%
        QqC1wN1_QqGtT1tN4hN2hN1 : 73.5752409 (0.05)%
           GtT1tN1_QqGtT1tN2hN1 : 73.0259705 (0.05)%
           GtT1tN2hN1_QqGtT1tN1 : 73.0259705 (0.05)%
QqGtT1tN3zN2hN1_QqGtT1tN4wC1wN1 : 72.6982129 (0.05)%
              C2zC1wN1_C2zC1wN1 : 71.7973077 (0.05)%
       GtT1tN3wC1wN1_GtT1tN4hN1 : 71.4782566 (0.05)%
     GtT1bC2wN1_QqGtT1tN3zN2hN1 : 71.3602460 (0.05)%
     GtT1tN3zN2hN1_QqGtT1bC2wN1 : 71.3602460 (0.05)%
                GtT1tN1_QqN2hN1 : 70.4683096 (0.05)%
  GtT1tN4hN2hN1_QqGtT1bC2hC1wN1 : 70.3530188 (0.05)%
  GtT1bC2hC1wN1_QqGtT1tN4hN2hN1 : 70.3530188 (0.05)%
    GtT1bC2wN2zN1_GtT1tN3wC1wN1 : 70.1040831 (0.05)%
    GtT1tN3zN2hN1_GtT1tN4hN2hN1 : 70.0998799 (0.05)%
QqGtT1bC2wN2hN1_QqGtT1bC2wN2hN1 : 69.8594176 (0.05)%
   QqGtT1bC2hC1wN1_QqGtT1bC2wN1 : 69.4921311 (0.05)%
  GtT1tN4hN2hN1_QqGtT1bC2zC1wN1 : 68.6918808 (0.05)%
  GtT1bC2zC1wN1_QqGtT1tN4hN2hN1 : 68.6918808 (0.05)%
           T1bC1wN1_T1bC2hC1wN1 : 67.9600581 (0.05)%
   QqGtT1bC2wN1_QqGtT1bC2zC1wN1 : 67.8513200 (0.05)%
     GtT1bC2wN1_QqGtT1tN4wC1wN1 : 66.9552016 (0.05)%
     GtT1tN4wC1wN1_QqGtT1bC2wN1 : 66.9552016 (0.05)%
           T1bC1wN1_T1bC2zC1wN1 : 66.3554215 (0.05)%
          GtT1bC1wN1_GtT1tN2zN1 : 65.8585871 (0.05)%
    GtT1tN4hN2hN1_GtT1tN4wC1wN1 : 65.7726374 (0.05)%
        GtT1tN1_QqGtT1tN3zN2hN1 : 65.4191322 (0.05)%
        GtT1tN3zN2hN1_QqGtT1tN1 : 65.4191322 (0.05)%
      QqGtT1bC2hC1wN1_QqGtT1tN1 : 63.7065476 (0.05)%
        GtT1tN2hN1_QqGtT1tN3zN1 : 63.5774198 (0.05)%
        GtT1tN3zN1_QqGtT1tN2hN1 : 63.5774198 (0.05)%
              T1bC1wN1_T1bC1wN1 : 63.5167442 (0.05)%
  GtT1tN4hN2hN1_QqGtT1bC2wN2hN1 : 63.2914041 (0.05)%
  GtT1bC2wN2hN1_QqGtT1tN4hN2hN1 : 63.2914041 (0.05)%
   QqGtT1bC2wN1_QqGtT1bC2wN2hN1 : 62.5169271 (0.05)%
      QqGtT1bC2zC1wN1_QqGtT1tN1 : 62.2023426 (0.05)%
        GtT1tN1_QqGtT1tN4wC1wN1 : 61.3808307 (0.04)%
        GtT1tN4wC1wN1_QqGtT1tN1 : 61.3808307 (0.04)%
             GtT1tN3zN1_QqN2hN1 : 61.3506848 (0.04)%
           T1bC1wN1_T1bC2wN2hN1 : 61.1386345 (0.04)%
              C2wN2hN1_C2wN2hN1 : 60.9518377 (0.04)%
                 C2hC1wN1_C2wN1 : 60.6313828 (0.04)%
        T1bC2hC1wN1_T1tN3wC1wN1 : 60.1350397 (0.04)%
                 C2wN1_C2zC1wN1 : 59.1997870 (0.04)%
       GtT1bC1wN1_GtT1tN3zN2zN1 : 58.9983479 (0.04)%
        T1bC2zC1wN1_T1tN3wC1wN1 : 58.7151632 (0.04)%
             GtT1bC2wN1_GtT1tN1 : 58.4627438 (0.04)%
       GtT1tN2zN1_GtT1tN3wC1wN1 : 58.2755350 (0.04)%
      QqGtT1bC2wN2hN1_QqGtT1tN1 : 57.3120659 (0.04)%
     GtT1tN3zN1_QqGtT1tN3zN2hN1 : 56.9548012 (0.04)%
     GtT1tN3zN2hN1_QqGtT1tN3zN1 : 56.9548012 (0.04)%
   QqGtT1bC2hC1wN1_QqGtT1tN3zN1 : 55.4638014 (0.04)%
                 C2wN1_C2wN2hN1 : 54.5455677 (0.04)%
        GtT1tN4hN1_QqGtT1bC1wN1 : 54.3122688 (0.04)%
        GtT1bC1wN1_QqGtT1tN4hN1 : 54.3122688 (0.04)%
   QqGtT1bC2zC1wN1_QqGtT1tN3zN1 : 54.1542197 (0.04)%
        T1bC2wN2hN1_T1tN3wC1wN1 : 54.0990446 (0.04)%
          GtT1bC1wN1_GtT1tN3hN1 : 53.7614302 (0.04)%
     GtT1tN4wC1wN1_QqGtT1tN3zN1 : 53.4390001 (0.04)%
------------------------------------------------------------
                                              SUM=90.01%
