/Users/rafalmaselek/Projects/fastlim-1.0
 
#################################################################
#                                                               #
#                                                               #
#                     This is Fastlim  ver. 1.0                 #
#                                                               #
#          A fast LHC limit calculator for BSM models.          #
#                                                               #
#                  http://cern.ch/fastlim-1.0/                  #
#                                                               #
#  for bugs/feature requests: fastlim-1.0.developers@gmail.com  #
#                                                               #
#    please refer to:                                           #
#    M.Papucci, K.Sakurai, A.Weiler, L.Zeune arXiv:1402.xxxx    #
#                                                               #
#################################################################
 
!!!-  ERROR  !!!
[Br(T2->all) =  1.2004246713526745 ]:  !!! The total Br is deviated from 1 !!!


!! Masses incompatible with the data for ERER !!

!! Problem with reading tables for ER ER !! Probably mass outside the table !! Setting xsec to 10^-20 !!

!! Masses incompatible with the data for ELEL !!

!! Problem with reading tables for EL EL !! Probably mass outside the table !! Setting xsec to 10^-20 !!

!! Masses incompatible with the data for TAU1TAU1 !!

!! Problem with reading tables for TAU1 TAU1 !! Probably mass outside the table !! Setting xsec to 10^-20 !!

!! Masses incompatible with the data for TAU2TAU2 !!

!! Problem with reading tables for TAU2 TAU2 !! Probably mass outside the table !! Setting xsec to 10^-20 !!
!! EWK PROCESS C1C2 NOT FOUND !! WILL TRY TO LOOK FOR +/- MODES !!
XSEC FOUND FOR: C1-C2+
XSEC FOUND FOR: C1+C2-
!! EWK PROCESS C1N1 NOT FOUND !! WILL TRY TO LOOK FOR +/- MODES !!
XSEC FOUND FOR: C1+N1
XSEC FOUND FOR: C1-N1
!! EWK PROCESS C1N2 NOT FOUND !! WILL TRY TO LOOK FOR +/- MODES !!
XSEC FOUND FOR: C1+N2
XSEC FOUND FOR: C1-N2
!! EWK PROCESS C1N3 NOT FOUND !! WILL TRY TO LOOK FOR +/- MODES !!
XSEC FOUND FOR: C1+N3
XSEC FOUND FOR: C1-N3
!! EWK PROCESS C1N4 NOT FOUND !! WILL TRY TO LOOK FOR +/- MODES !!
XSEC FOUND FOR: C1+N4
XSEC FOUND FOR: C1-N4
!! EWK PROCESS C2N1 NOT FOUND !! WILL TRY TO LOOK FOR +/- MODES !!
XSEC FOUND FOR: C2+N1
XSEC FOUND FOR: C2-N1
!! EWK PROCESS C2N2 NOT FOUND !! WILL TRY TO LOOK FOR +/- MODES !!
XSEC FOUND FOR: C2+N2
XSEC FOUND FOR: C2-N2
!! EWK PROCESS C2N3 NOT FOUND !! WILL TRY TO LOOK FOR +/- MODES !!
XSEC FOUND FOR: C2+N3
XSEC FOUND FOR: C2-N3
!! EWK PROCESS C2N4 NOT FOUND !! WILL TRY TO LOOK FOR +/- MODES !!
XSEC FOUND FOR: C2+N4
XSEC FOUND FOR: C2-N4
---------------  Output inclusive processes  ---------------
The total xsec = 2546615.00 [fb]
The total rate = 100.00%
Output upto 0.10%
                      Modes : xsec/fb      (rate)
         GtT1bC1wN1_QqC1wN1 : 230466.9255411 (9.05)%
                C1wN1_N2hN1 : 159258.7151169 (6.25)%
            QqC1wN1_QqC1wN1 : 156524.1141445 (6.15)%
            QqC1wN1_QqN2hN1 : 149536.7184981 (5.87)%
         GtT1bC1wN1_QqN2hN1 : 110089.3237957 (4.32)%
                C1wN1_C1wN1 : 87660.9976009 (3.44)%
         GtT1tN2hN1_QqC1wN1 : 82305.5951098 (3.23)%
         GbB1tC1wN1_QqC1wN1 : 62444.2979356 (2.45)%
      GbB1tC2wN2hN1_QqC1wN1 : 52717.4650150 (2.07)%
      GbB1tC2zC1wN1_QqC1wN1 : 50869.9079758 (2.00)%
      GbB1tC2hC1wN1_QqC1wN1 : 45327.8963866 (1.78)%
      GtT1bC1wN1_GtT1bC1wN1 : 40417.6984325 (1.59)%
         GtT1tN2hN1_QqN2hN1 : 39315.6948181 (1.54)%
            QqN2hN1_QqN2hN1 : 35715.3118250 (1.40)%
         GbB1bN2hN1_QqC1wN1 : 30222.9780949 (1.19)%
         GbB1tC1wN1_QqN2hN1 : 29828.3604838 (1.17)%
      GtT1bC1wN1_GtT1tN2hN1 : 28868.3741898 (1.13)%
      GbB1tC2wN2hN1_QqN2hN1 : 25182.0518805 (0.99)%
      GbB1tC2zC1wN1_QqN2hN1 : 24299.5117735 (0.95)%
       QqC1wN1_QqGtT1bC1wN1 : 23555.0360635 (0.92)%
          T1bC1wN1_T1bC1wN1 : 22473.5337858 (0.88)%
      GtT1bC2wN2hN1_QqC1wN1 : 22034.9678003 (0.87)%
      GbB1tC1wN1_GtT1bC1wN1 : 21902.0998077 (0.86)%
      GbB1tC2hC1wN1_QqN2hN1 : 21652.2064959 (0.85)%
      GtT1bC2zC1wN1_QqC1wN1 : 21262.7216413 (0.83)%
            GtT1tN1_QqC1wN1 : 18962.4662693 (0.74)%
      GtT1bC2hC1wN1_QqC1wN1 : 18946.2588357 (0.74)%
   GbB1tC2wN2hN1_GtT1bC1wN1 : 18490.4501858 (0.73)%
   GbB1tC2zC1wN1_GtT1bC1wN1 : 17842.4265870 (0.70)%
    GtT1bC1wN1_QqGtT1bC1wN1 : 17341.2792407 (0.68)%
          T1bC1wN1_T1tN2hN1 : 16051.7399025 (0.63)%
   GbB1tC2hC1wN1_GtT1bC1wN1 : 15898.5871177 (0.62)%
         GbB1tC2wN1_QqC1wN1 : 15000.3884470 (0.59)%
         GbB1bN2hN1_QqN2hN1 : 14436.8968074 (0.57)%
      GbB1wT1bC1wN1_QqC1wN1 : 11764.5102414 (0.46)%
       QqGtT1bC1wN1_QqN2hN1 : 11251.7576486 (0.44)%
      GbB1bN2hN1_GtT1bC1wN1 : 10600.5945235 (0.42)%
      GtT1bC2wN2hN1_QqN2hN1 : 10525.6522136 (0.41)%
      GtT1bC2zC1wN1_QqN2hN1 : 10156.7660611 (0.40)%
               QqC1wN1_QqN1 : 9527.2132855 (0.37)%
            GtT1tN1_QqN2hN1 : 9057.9812447 (0.36)%
      GtT1bC2hC1wN1_QqN2hN1 : 9050.2392861 (0.36)%
       QqC1wN1_QqGtT1tN2hN1 : 8412.1018948 (0.33)%
      GbB1tC1wN1_GtT1tN2hN1 : 7821.7963580 (0.31)%
                C1wN1_N2zN1 : 7772.3313672 (0.31)%
   GtT1bC1wN1_GtT1bC2wN2hN1 : 7728.6810802 (0.30)%
   GtT1bC1wN1_GtT1bC2zC1wN1 : 7457.8186795 (0.29)%
            QqC1wN1_QqN2zN1 : 7297.8670390 (0.29)%
         GbB1tC2wN1_QqN2hN1 : 7165.3779254 (0.28)%
            GtT1bC1wN1_QqN1 : 7013.9593726 (0.28)%
         GtT1bC1wN1_GtT1tN1 : 6651.0128636 (0.26)%
   GtT1bC1wN1_GtT1bC2hC1wN1 : 6645.3281680 (0.26)%
   GbB1tC2wN2hN1_GtT1tN2hN1 : 6603.4095904 (0.26)%
       QqC1wN1_QqGbB1tC1wN1 : 6382.1638891 (0.25)%
   GbB1tC2zC1wN1_GtT1tN2hN1 : 6371.9838975 (0.25)%
         GtT1bC2wN1_QqC1wN1 : 6269.8970128 (0.25)%
    GtT1tN2hN1_QqGtT1bC1wN1 : 6193.0114463 (0.24)%
    GtT1bC1wN1_QqGtT1tN2hN1 : 6193.0114463 (0.24)%
   GbB1tC2hC1wN1_GtT1tN2hN1 : 5677.7894314 (0.22)%
      GbB1wT1bC1wN1_QqN2hN1 : 5619.6652696 (0.22)%
         QqC1wN1_QqC2wN2hN1 : 5506.5688648 (0.22)%
    QqC1wN1_QqGbB1tC2wN2hN1 : 5388.0260115 (0.21)%
         GtT1bC1wN1_QqN2zN1 : 5372.7088273 (0.21)%
         QqC1wN1_QqC2zC1wN1 : 5313.5834839 (0.21)%
      GbB1tC2wN1_GtT1bC1wN1 : 5261.3291490 (0.21)%
    QqC1wN1_QqGbB1tC2zC1wN1 : 5199.1951301 (0.20)%
      GtT1tN2hN1_GtT1tN2hN1 : 5154.8149739 (0.20)%
   GbB1tC1wN1_GbB1tC2wN2hN1 : 5009.9300698 (0.20)%
   GbB1tC1wN1_GbB1tC2zC1wN1 : 4834.3500877 (0.19)%
         QqC1wN1_QqC2hC1wN1 : 4734.6962317 (0.19)%
    GbB1tC1wN1_QqGtT1bC1wN1 : 4698.5657701 (0.18)%
    GtT1bC1wN1_QqGbB1tC1wN1 : 4698.5657701 (0.18)%
    QqC1wN1_QqGbB1tC2hC1wN1 : 4632.7698934 (0.18)%
               QqN1_QqN2hN1 : 4550.9543975 (0.18)%
   GbB1tC1wN1_GbB1tC2hC1wN1 : 4307.6728186 (0.17)%
       T1bC1wN1_T1bC2wN2hN1 : 4297.3940158 (0.17)%
         QqC1wN1_QqN4wC1wN1 : 4272.2071317 (0.17)%
      GbB1wT1tN2hN1_QqC1wN1 : 4201.4055350 (0.16)%
       T1bC1wN1_T1bC2zC1wN1 : 4146.7858528 (0.16)%
   GbB1wT1bC1wN1_GtT1bC1wN1 : 4126.3571858 (0.16)%
GbB1tC2wN2hN1_GbB1tC2zC1wN1 : 4081.3123062 (0.16)%
      GtT1bC1wN1_QqC2wN2hN1 : 4053.9504200 (0.16)%
       QqGtT1tN2hN1_QqN2hN1 : 4018.2885554 (0.16)%
         GtT1tN2zN1_QqC1wN1 : 4016.7745803 (0.16)%
 GtT1bC1wN1_QqGbB1tC2wN2hN1 : 3966.6788609 (0.16)%
 GbB1tC2wN2hN1_QqGtT1bC1wN1 : 3966.6788609 (0.16)%
      GtT1bC1wN1_QqC2zC1wN1 : 3911.8740771 (0.15)%
 GtT1bC1wN1_QqGbB1tC2zC1wN1 : 3827.6610715 (0.15)%
 GbB1tC2zC1wN1_QqGtT1bC1wN1 : 3827.6610715 (0.15)%
      GbB1bN2hN1_GtT1tN2hN1 : 3785.7416578 (0.15)%
             T1bC1wN1_T1tN1 : 3698.1759996 (0.15)%
       T1bC1wN1_T1bC2hC1wN1 : 3695.0151269 (0.15)%
GbB1tC2hC1wN1_GbB1tC2wN2hN1 : 3636.6745823 (0.14)%
GbB1tC2hC1wN1_GbB1tC2zC1wN1 : 3509.2222527 (0.14)%
            QqN2hN1_QqN2zN1 : 3486.0414161 (0.14)%
      GtT1bC1wN1_QqC2hC1wN1 : 3485.6957660 (0.14)%
 GtT1bC1wN1_QqGbB1tC2hC1wN1 : 3410.6573288 (0.13)%
 GbB1tC2hC1wN1_QqGtT1bC1wN1 : 3410.6573288 (0.13)%
      GtT1bC1wN1_QqN4wC1wN1 : 3145.2100793 (0.12)%
       QqC1wN1_QqGbB1bN2hN1 : 3088.9609748 (0.12)%
       QqGbB1tC1wN1_QqN2hN1 : 3048.6288011 (0.12)%
         GtT1bC2wN1_QqN2hN1 : 2995.0012167 (0.12)%
      GbB1tC1wN1_GbB1tC1wN1 : 2967.1529713 (0.12)%
      GbB1bN2hN1_GbB1tC1wN1 : 2872.1981741 (0.11)%
          T1tN2hN1_T1tN2hN1 : 2866.2420912 (0.11)%
   GtT1bC2wN2hN1_GtT1tN2hN1 : 2760.1083940 (0.11)%
   GtT1bC2zC1wN1_GtT1tN2hN1 : 2663.3765483 (0.10)%
         QqC2wN2hN1_QqN2hN1 : 2630.3750152 (0.10)%
    QqGbB1tC2wN2hN1_QqN2hN1 : 2573.7495253 (0.10)%
      GbB1tC2wN2zN1_QqC1wN1 : 2572.7798107 (0.10)%
         QqC2zC1wN1_QqN2hN1 : 2538.1898565 (0.10)%
------------------------------------------------------------
                                          SUM=83.73%

SHOWING PROCESSES TO GET 90.00% SUSY COVERAGE
---------------  Output inclusive processes  ---------------
The total xsec = 2546615.00 [fb]
The total rate = 100.00%
                      Modes : xsec/fb      (rate)
         GtT1bC1wN1_QqC1wN1 : 230466.9255411 (9.05)%
                C1wN1_N2hN1 : 159258.7151169 (6.25)%
            QqC1wN1_QqC1wN1 : 156524.1141445 (6.15)%
            QqC1wN1_QqN2hN1 : 149536.7184981 (5.87)%
         GtT1bC1wN1_QqN2hN1 : 110089.3237957 (4.32)%
                C1wN1_C1wN1 : 87660.9976009 (3.44)%
         GtT1tN2hN1_QqC1wN1 : 82305.5951098 (3.23)%
         GbB1tC1wN1_QqC1wN1 : 62444.2979356 (2.45)%
      GbB1tC2wN2hN1_QqC1wN1 : 52717.4650150 (2.07)%
      GbB1tC2zC1wN1_QqC1wN1 : 50869.9079758 (2.00)%
      GbB1tC2hC1wN1_QqC1wN1 : 45327.8963866 (1.78)%
      GtT1bC1wN1_GtT1bC1wN1 : 40417.6984325 (1.59)%
         GtT1tN2hN1_QqN2hN1 : 39315.6948181 (1.54)%
            QqN2hN1_QqN2hN1 : 35715.3118250 (1.40)%
         GbB1bN2hN1_QqC1wN1 : 30222.9780949 (1.19)%
         GbB1tC1wN1_QqN2hN1 : 29828.3604838 (1.17)%
      GtT1bC1wN1_GtT1tN2hN1 : 28868.3741898 (1.13)%
      GbB1tC2wN2hN1_QqN2hN1 : 25182.0518805 (0.99)%
      GbB1tC2zC1wN1_QqN2hN1 : 24299.5117735 (0.95)%
       QqC1wN1_QqGtT1bC1wN1 : 23555.0360635 (0.92)%
          T1bC1wN1_T1bC1wN1 : 22473.5337858 (0.88)%
      GtT1bC2wN2hN1_QqC1wN1 : 22034.9678003 (0.87)%
      GbB1tC1wN1_GtT1bC1wN1 : 21902.0998077 (0.86)%
      GbB1tC2hC1wN1_QqN2hN1 : 21652.2064959 (0.85)%
      GtT1bC2zC1wN1_QqC1wN1 : 21262.7216413 (0.83)%
            GtT1tN1_QqC1wN1 : 18962.4662693 (0.74)%
      GtT1bC2hC1wN1_QqC1wN1 : 18946.2588357 (0.74)%
   GbB1tC2wN2hN1_GtT1bC1wN1 : 18490.4501858 (0.73)%
   GbB1tC2zC1wN1_GtT1bC1wN1 : 17842.4265870 (0.70)%
    GtT1bC1wN1_QqGtT1bC1wN1 : 17341.2792407 (0.68)%
          T1bC1wN1_T1tN2hN1 : 16051.7399025 (0.63)%
   GbB1tC2hC1wN1_GtT1bC1wN1 : 15898.5871177 (0.62)%
         GbB1tC2wN1_QqC1wN1 : 15000.3884470 (0.59)%
         GbB1bN2hN1_QqN2hN1 : 14436.8968074 (0.57)%
      GbB1wT1bC1wN1_QqC1wN1 : 11764.5102414 (0.46)%
       QqGtT1bC1wN1_QqN2hN1 : 11251.7576486 (0.44)%
      GbB1bN2hN1_GtT1bC1wN1 : 10600.5945235 (0.42)%
      GtT1bC2wN2hN1_QqN2hN1 : 10525.6522136 (0.41)%
      GtT1bC2zC1wN1_QqN2hN1 : 10156.7660611 (0.40)%
               QqC1wN1_QqN1 : 9527.2132855 (0.37)%
            GtT1tN1_QqN2hN1 : 9057.9812447 (0.36)%
      GtT1bC2hC1wN1_QqN2hN1 : 9050.2392861 (0.36)%
       QqC1wN1_QqGtT1tN2hN1 : 8412.1018948 (0.33)%
      GbB1tC1wN1_GtT1tN2hN1 : 7821.7963580 (0.31)%
                C1wN1_N2zN1 : 7772.3313672 (0.31)%
   GtT1bC1wN1_GtT1bC2wN2hN1 : 7728.6810802 (0.30)%
   GtT1bC1wN1_GtT1bC2zC1wN1 : 7457.8186795 (0.29)%
            QqC1wN1_QqN2zN1 : 7297.8670390 (0.29)%
         GbB1tC2wN1_QqN2hN1 : 7165.3779254 (0.28)%
            GtT1bC1wN1_QqN1 : 7013.9593726 (0.28)%
         GtT1bC1wN1_GtT1tN1 : 6651.0128636 (0.26)%
   GtT1bC1wN1_GtT1bC2hC1wN1 : 6645.3281680 (0.26)%
   GbB1tC2wN2hN1_GtT1tN2hN1 : 6603.4095904 (0.26)%
       QqC1wN1_QqGbB1tC1wN1 : 6382.1638891 (0.25)%
   GbB1tC2zC1wN1_GtT1tN2hN1 : 6371.9838975 (0.25)%
         GtT1bC2wN1_QqC1wN1 : 6269.8970128 (0.25)%
    GtT1tN2hN1_QqGtT1bC1wN1 : 6193.0114463 (0.24)%
    GtT1bC1wN1_QqGtT1tN2hN1 : 6193.0114463 (0.24)%
   GbB1tC2hC1wN1_GtT1tN2hN1 : 5677.7894314 (0.22)%
      GbB1wT1bC1wN1_QqN2hN1 : 5619.6652696 (0.22)%
         QqC1wN1_QqC2wN2hN1 : 5506.5688648 (0.22)%
    QqC1wN1_QqGbB1tC2wN2hN1 : 5388.0260115 (0.21)%
         GtT1bC1wN1_QqN2zN1 : 5372.7088273 (0.21)%
         QqC1wN1_QqC2zC1wN1 : 5313.5834839 (0.21)%
      GbB1tC2wN1_GtT1bC1wN1 : 5261.3291490 (0.21)%
    QqC1wN1_QqGbB1tC2zC1wN1 : 5199.1951301 (0.20)%
      GtT1tN2hN1_GtT1tN2hN1 : 5154.8149739 (0.20)%
   GbB1tC1wN1_GbB1tC2wN2hN1 : 5009.9300698 (0.20)%
   GbB1tC1wN1_GbB1tC2zC1wN1 : 4834.3500877 (0.19)%
         QqC1wN1_QqC2hC1wN1 : 4734.6962317 (0.19)%
    GbB1tC1wN1_QqGtT1bC1wN1 : 4698.5657701 (0.18)%
    GtT1bC1wN1_QqGbB1tC1wN1 : 4698.5657701 (0.18)%
    QqC1wN1_QqGbB1tC2hC1wN1 : 4632.7698934 (0.18)%
               QqN1_QqN2hN1 : 4550.9543975 (0.18)%
   GbB1tC1wN1_GbB1tC2hC1wN1 : 4307.6728186 (0.17)%
       T1bC1wN1_T1bC2wN2hN1 : 4297.3940158 (0.17)%
         QqC1wN1_QqN4wC1wN1 : 4272.2071317 (0.17)%
      GbB1wT1tN2hN1_QqC1wN1 : 4201.4055350 (0.16)%
       T1bC1wN1_T1bC2zC1wN1 : 4146.7858528 (0.16)%
   GbB1wT1bC1wN1_GtT1bC1wN1 : 4126.3571858 (0.16)%
GbB1tC2wN2hN1_GbB1tC2zC1wN1 : 4081.3123062 (0.16)%
      GtT1bC1wN1_QqC2wN2hN1 : 4053.9504200 (0.16)%
       QqGtT1tN2hN1_QqN2hN1 : 4018.2885554 (0.16)%
         GtT1tN2zN1_QqC1wN1 : 4016.7745803 (0.16)%
 GtT1bC1wN1_QqGbB1tC2wN2hN1 : 3966.6788609 (0.16)%
 GbB1tC2wN2hN1_QqGtT1bC1wN1 : 3966.6788609 (0.16)%
      GtT1bC1wN1_QqC2zC1wN1 : 3911.8740771 (0.15)%
 GtT1bC1wN1_QqGbB1tC2zC1wN1 : 3827.6610715 (0.15)%
 GbB1tC2zC1wN1_QqGtT1bC1wN1 : 3827.6610715 (0.15)%
      GbB1bN2hN1_GtT1tN2hN1 : 3785.7416578 (0.15)%
             T1bC1wN1_T1tN1 : 3698.1759996 (0.15)%
       T1bC1wN1_T1bC2hC1wN1 : 3695.0151269 (0.15)%
GbB1tC2hC1wN1_GbB1tC2wN2hN1 : 3636.6745823 (0.14)%
GbB1tC2hC1wN1_GbB1tC2zC1wN1 : 3509.2222527 (0.14)%
            QqN2hN1_QqN2zN1 : 3486.0414161 (0.14)%
      GtT1bC1wN1_QqC2hC1wN1 : 3485.6957660 (0.14)%
 GtT1bC1wN1_QqGbB1tC2hC1wN1 : 3410.6573288 (0.13)%
 GbB1tC2hC1wN1_QqGtT1bC1wN1 : 3410.6573288 (0.13)%
      GtT1bC1wN1_QqN4wC1wN1 : 3145.2100793 (0.12)%
       QqC1wN1_QqGbB1bN2hN1 : 3088.9609748 (0.12)%
       QqGbB1tC1wN1_QqN2hN1 : 3048.6288011 (0.12)%
         GtT1bC2wN1_QqN2hN1 : 2995.0012167 (0.12)%
      GbB1tC1wN1_GbB1tC1wN1 : 2967.1529713 (0.12)%
      GbB1bN2hN1_GbB1tC1wN1 : 2872.1981741 (0.11)%
          T1tN2hN1_T1tN2hN1 : 2866.2420912 (0.11)%
   GtT1bC2wN2hN1_GtT1tN2hN1 : 2760.1083940 (0.11)%
   GtT1bC2zC1wN1_GtT1tN2hN1 : 2663.3765483 (0.10)%
         QqC2wN2hN1_QqN2hN1 : 2630.3750152 (0.10)%
    QqGbB1tC2wN2hN1_QqN2hN1 : 2573.7495253 (0.10)%
      GbB1tC2wN2zN1_QqC1wN1 : 2572.7798107 (0.10)%
         QqC2zC1wN1_QqN2hN1 : 2538.1898565 (0.10)%
            GtT1tN2hN1_QqN1 : 2504.8631116 (0.10)%
    QqGbB1tC2zC1wN1_QqN2hN1 : 2483.5488858 (0.10)%
   GbB1bN2hN1_GbB1tC2wN2hN1 : 2424.8011710 (0.10)%
            GbB1bN1_QqC1wN1 : 2399.9739876 (0.09)%
         GtT1tN1_GtT1tN2hN1 : 2375.2456911 (0.09)%
   GtT1bC2hC1wN1_GtT1tN2hN1 : 2373.2155418 (0.09)%
   GbB1bN2hN1_GbB1tC2zC1wN1 : 2339.8206343 (0.09)%
    GtT1bC1wN1_QqGbB1bN2hN1 : 2274.1011596 (0.09)%
    GbB1bN2hN1_QqGtT1bC1wN1 : 2274.1011596 (0.09)%
         QqC2hC1wN1_QqN2hN1 : 2261.6672883 (0.09)%
    QqC1wN1_QqGtT1bC2wN2hN1 : 2252.0995582 (0.09)%
    QqGbB1tC2hC1wN1_QqN2hN1 : 2212.9791668 (0.09)%
    GtT1tN2hN1_QqGtT1tN2hN1 : 2211.6817474 (0.09)%
      GtT1bC1wN1_GtT1bC2wN1 : 2199.1425110 (0.09)%
    QqC1wN1_QqGtT1bC2zC1wN1 : 2173.1715902 (0.09)%
GbB1tC2wN2hN1_GbB1tC2wN2hN1 : 2114.7712595 (0.08)%
   GbB1tC1wN1_GtT1bC2wN2hN1 : 2094.0621431 (0.08)%
   GbB1bN2hN1_GbB1tC2hC1wN1 : 2084.9093599 (0.08)%
         QqN2hN1_QqN4wC1wN1 : 2040.7457302 (0.08)%
   GbB1tC1wN1_GtT1bC2zC1wN1 : 2020.6728166 (0.08)%
      GbB1wT1tN2hN1_QqN2hN1 : 2006.9252594 (0.08)%
GbB1tC2zC1wN1_GbB1tC2zC1wN1 : 1969.1385139 (0.08)%
          QqC1wN1_QqGtT1tN1 : 1938.0723537 (0.08)%
    QqC1wN1_QqGtT1bC2hC1wN1 : 1936.4158614 (0.08)%
         GtT1tN2hN1_QqN2zN1 : 1918.7308389 (0.08)%
         GtT1tN2zN1_QqN2hN1 : 1918.7308389 (0.08)%
            GbB1tC1wN1_QqN1 : 1900.4105155 (0.07)%
      GbB1tC2wN1_GtT1tN2hN1 : 1878.9543257 (0.07)%
                N2hN1_N2hN1 : 1830.1718307 (0.07)%
         GbB1tC1wN1_GtT1tN1 : 1802.0712857 (0.07)%
   GbB1tC1wN1_GtT1bC2hC1wN1 : 1800.5310351 (0.07)%
GbB1tC2wN2hN1_GtT1bC2wN2hN1 : 1767.8739520 (0.07)%
                   C1wN1_N1 : 1767.6440478 (0.07)%
GbB1tC2zC1wN1_GtT1bC2wN2hN1 : 1705.9163453 (0.07)%
GbB1tC2wN2hN1_GtT1bC2zC1wN1 : 1705.9163453 (0.07)%
    GbB1tC1wN1_QqGtT1tN2hN1 : 1677.9772237 (0.07)%
    GtT1tN2hN1_QqGbB1tC1wN1 : 1677.9772237 (0.07)%
 GtT1bC1wN1_QqGtT1bC2wN2hN1 : 1658.0015930 (0.07)%
 GtT1bC2wN2hN1_QqGtT1bC1wN1 : 1658.0015930 (0.07)%
GbB1tC2zC1wN1_GtT1bC2zC1wN1 : 1646.1301292 (0.06)%
         GbB1tC2wN2hN1_QqN1 : 1604.3870806 (0.06)%
 GtT1bC1wN1_QqGtT1bC2zC1wN1 : 1599.8946163 (0.06)%
 GtT1bC2zC1wN1_QqGtT1bC1wN1 : 1599.8946163 (0.06)%
         QqC1wN1_QqN4hN2hN1 : 1591.7452359 (0.06)%
            QqC1wN1_QqC2wN1 : 1566.8559169 (0.06)%
GbB1tC2hC1wN1_GbB1tC2hC1wN1 : 1563.4553806 (0.06)%
         GbB1tC2zC1wN1_QqN1 : 1548.1590992 (0.06)%
       T1bC2wN2hN1_T1tN2hN1 : 1534.7085967 (0.06)%
       QqC1wN1_QqGbB1tC2wN1 : 1533.1253715 (0.06)%
      GbB1tC2wN2hN1_GtT1tN1 : 1521.3659710 (0.06)%
GbB1tC2hC1wN1_GtT1bC2wN2hN1 : 1520.0656423 (0.06)%
GbB1tC2wN2hN1_GtT1bC2hC1wN1 : 1520.0656423 (0.06)%
       T1bC2zC1wN1_T1tN2hN1 : 1480.9225949 (0.06)%
       QqGbB1bN2hN1_QqN2hN1 : 1475.5333076 (0.06)%
         GbB1bN2zN1_QqC1wN1 : 1474.9773693 (0.06)%
   GbB1wT1bC1wN1_GtT1tN2hN1 : 1473.6269988 (0.06)%
   GbB1wT1tN2hN1_GtT1bC1wN1 : 1473.6269988 (0.06)%
      GbB1tC2zC1wN1_GtT1tN1 : 1468.0475800 (0.06)%
GbB1tC2hC1wN1_GtT1bC2zC1wN1 : 1466.7928232 (0.06)%
GbB1tC2zC1wN1_GtT1bC2hC1wN1 : 1466.7928232 (0.06)%
         GbB1tC1wN1_QqN2zN1 : 1455.7187759 (0.06)%
      GtT1tN2hN1_QqC2wN2hN1 : 1447.7687030 (0.06)%
       GtT1tN1_QqGtT1bC1wN1 : 1426.8139426 (0.06)%
       GtT1bC1wN1_QqGtT1tN1 : 1426.8139426 (0.06)%
 GtT1bC1wN1_QqGtT1bC2hC1wN1 : 1425.5944286 (0.06)%
 GtT1bC2hC1wN1_QqGtT1bC1wN1 : 1425.5944286 (0.06)%
      GbB1tC1wN1_GbB1tC2wN1 : 1425.5407979 (0.06)%
 GtT1tN2hN1_QqGbB1tC2wN2hN1 : 1416.6018117 (0.06)%
 GbB1tC2wN2hN1_QqGtT1tN2hN1 : 1416.6018117 (0.06)%
      GtT1bC1wN1_GtT1tN2zN1 : 1408.8683942 (0.06)%
      GtT1tN2hN1_QqC2zC1wN1 : 1397.0296309 (0.05)%
         GbB1tC2hC1wN1_QqN1 : 1379.4952267 (0.05)%
 GtT1tN2hN1_QqGbB1tC2zC1wN1 : 1366.9550267 (0.05)%
 GbB1tC2zC1wN1_QqGtT1tN2hN1 : 1366.9550267 (0.05)%
                B2bN1_B2bN1 : 1322.7247930 (0.05)%
             T1tN1_T1tN2hN1 : 1320.7126174 (0.05)%
       T1bC2hC1wN1_T1tN2hN1 : 1319.5837895 (0.05)%
                      N1_N1 : 1314.6594040 (0.05)%
      GbB1tC2hC1wN1_GtT1tN1 : 1308.1114405 (0.05)%
       B1tC1wN1_B1tC2wN2hN1 : 1307.5654529 (0.05)%
GbB1tC2hC1wN1_GtT1bC2hC1wN1 : 1306.9933829 (0.05)%
    GbB1tC1wN1_QqGbB1tC1wN1 : 1273.0618076 (0.05)%
       B1tC1wN1_B1tC2zC1wN1 : 1261.7399991 (0.05)%
      GtT1tN2hN1_QqC2hC1wN1 : 1244.8305271 (0.05)%
      GbB1tC2wN2hN1_QqN2zN1 : 1228.9641517 (0.05)%
      GbB1tC2wN2zN1_QqN2hN1 : 1228.9641517 (0.05)%
          T1bC1wN1_T1bC2wN1 : 1222.7936136 (0.05)%
 GtT1tN2hN1_QqGbB1tC2hC1wN1 : 1218.0323945 (0.05)%
 GbB1tC2hC1wN1_QqGtT1tN2hN1 : 1218.0323945 (0.05)%
   GbB1tC2wN1_GbB1tC2wN2hN1 : 1203.4869415 (0.05)%
    QqC1wN1_QqGbB1wT1bC1wN1 : 1202.4001377 (0.05)%
      GbB1tC2zC1wN1_QqN2zN1 : 1185.8933900 (0.05)%
          C2wN2hN1_N4wC1wN1 : 1174.9465246 (0.05)%
      GtT1bC1wN1_QqN4hN2hN1 : 1171.8470115 (0.05)%
   GbB1tC2wN1_GbB1tC2zC1wN1 : 1161.3090643 (0.05)%
         GtT1bC1wN1_QqC2wN1 : 1153.5234296 (0.05)%
          C2wN2hN1_N3wC1wN1 : 1146.6826387 (0.05)%
------------------------------------------------------------
                                          SUM=90.02%
