/Users/rafalmaselek/Projects/fastlim-1.0
 
#################################################################
#                                                               #
#                                                               #
#                     This is Fastlim  ver. 1.0                 #
#                                                               #
#          A fast LHC limit calculator for BSM models.          #
#                                                               #
#                  http://cern.ch/fastlim-1.0/                  #
#                                                               #
#  for bugs/feature requests: fastlim-1.0.developers@gmail.com  #
#                                                               #
#    please refer to:                                           #
#    M.Papucci, K.Sakurai, A.Weiler, L.Zeune arXiv:1402.xxxx    #
#                                                               #
#################################################################
 

!! Masses incompatible with the data for ERER !!

!! Problem with reading tables for ER ER !! Probably mass outside the table !! Setting xsec to 10^-20 !!

!! Masses incompatible with the data for ELEL !!

!! Problem with reading tables for EL EL !! Probably mass outside the table !! Setting xsec to 10^-20 !!

!! Masses incompatible with the data for TAU1TAU1 !!

!! Problem with reading tables for TAU1 TAU1 !! Probably mass outside the table !! Setting xsec to 10^-20 !!

!! Masses incompatible with the data for TAU2TAU2 !!

!! Problem with reading tables for TAU2 TAU2 !! Probably mass outside the table !! Setting xsec to 10^-20 !!
!! EWK PROCESS C1C2 NOT FOUND !! WILL TRY TO LOOK FOR +/- MODES !!
XSEC FOUND FOR: C1-C2+
XSEC FOUND FOR: C1+C2-
!! EWK PROCESS C1N1 NOT FOUND !! WILL TRY TO LOOK FOR +/- MODES !!
XSEC FOUND FOR: C1+N1
XSEC FOUND FOR: C1-N1
!! EWK PROCESS C1N2 NOT FOUND !! WILL TRY TO LOOK FOR +/- MODES !!
XSEC FOUND FOR: C1+N2
XSEC FOUND FOR: C1-N2
!! EWK PROCESS C1N3 NOT FOUND !! WILL TRY TO LOOK FOR +/- MODES !!
XSEC FOUND FOR: C1+N3
XSEC FOUND FOR: C1-N3
!! EWK PROCESS C1N4 NOT FOUND !! WILL TRY TO LOOK FOR +/- MODES !!
XSEC FOUND FOR: C1+N4
XSEC FOUND FOR: C1-N4
!! EWK PROCESS C2N1 NOT FOUND !! WILL TRY TO LOOK FOR +/- MODES !!
XSEC FOUND FOR: C2+N1
XSEC FOUND FOR: C2-N1
!! EWK PROCESS C2N2 NOT FOUND !! WILL TRY TO LOOK FOR +/- MODES !!
XSEC FOUND FOR: C2+N2
XSEC FOUND FOR: C2-N2
!! EWK PROCESS C2N3 NOT FOUND !! WILL TRY TO LOOK FOR +/- MODES !!
XSEC FOUND FOR: C2+N3
XSEC FOUND FOR: C2-N3
!! EWK PROCESS C2N4 NOT FOUND !! WILL TRY TO LOOK FOR +/- MODES !!
XSEC FOUND FOR: C2+N4
XSEC FOUND FOR: C2-N4
---------------  Output inclusive processes  ---------------
The total xsec = 5403.07 [fb]
The total rate = 100.00%
Output upto 0.10%
                        Modes : xsec/fb      (rate)
                  C1wN1_N2hN1 : 2935.4109726 (54.33)%
                  C1wN1_C1wN1 : 1445.1148004 (26.75)%
                  C1wN1_N2zN1 : 76.4984183 (1.42)%
                        N1_N1 : 18.6583099 (0.35)%
                  N2hN1_N2hN1 : 14.3973107 (0.27)%
        GtT1tN3wC1wN1_QqC1wN1 : 8.1402015 (0.15)%
      QqC1wN1_QqGtT1tN3wC1wN1 : 7.6677432 (0.14)%
            C2hC1wN1_N3wC1wN1 : 7.4830477 (0.14)%
            C2hC1wN1_N4wC1wN1 : 7.2363884 (0.13)%
        GtT1bC2hC1wN1_QqC1wN1 : 7.0689841 (0.13)%
            C2zC1wN1_N3wC1wN1 : 6.8484012 (0.13)%
      QqC1wN1_QqGtT1bC2hC1wN1 : 6.6586994 (0.12)%
            C2zC1wN1_N4wC1wN1 : 6.6226614 (0.12)%
            C2wN2hN1_N3wC1wN1 : 6.6071919 (0.12)%
                     C1wN1_N1 : 6.5736171 (0.12)%
        GtT1bC2zC1wN1_QqC1wN1 : 6.4694548 (0.12)%
            C2wN2hN1_N4wC1wN1 : 6.3894030 (0.12)%
        GtT1bC2wN2hN1_QqC1wN1 : 6.2415925 (0.12)%
            N3wC1wN1_N4wC1wN1 : 6.1715446 (0.11)%
      QqC1wN1_QqGtT1bC2zC1wN1 : 6.0939669 (0.11)%
              QqC1wN1_QqC1wN1 : 6.0438204 (0.11)%
              QqC1wN1_QqN2hN1 : 5.8928608 (0.11)%
      QqC1wN1_QqGtT1bC2wN2hN1 : 5.8793297 (0.11)%
           GtT1bC1wN1_QqC1wN1 : 5.8387463 (0.11)%
              GtT1tN1_QqC1wN1 : 5.8077397 (0.11)%
         QqC1wN1_QqGtT1bC1wN1 : 5.4998647 (0.10)%
            QqC1wN1_QqGtT1tN1 : 5.4706578 (0.10)%
GtT1tN3wC1wN1_QqGtT1tN3wC1wN1 : 5.1637019 (0.10)%
------------------------------------------------------------
                                            SUM=85.84%

SHOWING PROCESSES TO GET 90.00% SUSY COVERAGE
---------------  Output inclusive processes  ---------------
The total xsec = 5403.07 [fb]
The total rate = 100.00%
                          Modes : xsec/fb      (rate)
                    C1wN1_N2hN1 : 2935.4109726 (54.33)%
                    C1wN1_C1wN1 : 1445.1148004 (26.75)%
                    C1wN1_N2zN1 : 76.4984183 (1.42)%
                          N1_N1 : 18.6583099 (0.35)%
                    N2hN1_N2hN1 : 14.3973107 (0.27)%
          GtT1tN3wC1wN1_QqC1wN1 : 8.1402015 (0.15)%
        QqC1wN1_QqGtT1tN3wC1wN1 : 7.6677432 (0.14)%
              C2hC1wN1_N3wC1wN1 : 7.4830477 (0.14)%
              C2hC1wN1_N4wC1wN1 : 7.2363884 (0.13)%
          GtT1bC2hC1wN1_QqC1wN1 : 7.0689841 (0.13)%
              C2zC1wN1_N3wC1wN1 : 6.8484012 (0.13)%
        QqC1wN1_QqGtT1bC2hC1wN1 : 6.6586994 (0.12)%
              C2zC1wN1_N4wC1wN1 : 6.6226614 (0.12)%
              C2wN2hN1_N3wC1wN1 : 6.6071919 (0.12)%
                       C1wN1_N1 : 6.5736171 (0.12)%
          GtT1bC2zC1wN1_QqC1wN1 : 6.4694548 (0.12)%
              C2wN2hN1_N4wC1wN1 : 6.3894030 (0.12)%
          GtT1bC2wN2hN1_QqC1wN1 : 6.2415925 (0.12)%
              N3wC1wN1_N4wC1wN1 : 6.1715446 (0.11)%
        QqC1wN1_QqGtT1bC2zC1wN1 : 6.0939669 (0.11)%
                QqC1wN1_QqC1wN1 : 6.0438204 (0.11)%
                QqC1wN1_QqN2hN1 : 5.8928608 (0.11)%
        QqC1wN1_QqGtT1bC2wN2hN1 : 5.8793297 (0.11)%
             GtT1bC1wN1_QqC1wN1 : 5.8387463 (0.11)%
                GtT1tN1_QqC1wN1 : 5.8077397 (0.11)%
           QqC1wN1_QqGtT1bC1wN1 : 5.4998647 (0.10)%
              QqC1wN1_QqGtT1tN1 : 5.4706578 (0.10)%
  GtT1tN3wC1wN1_QqGtT1tN3wC1wN1 : 5.1637019 (0.10)%
    GtT1bC2hC1wN1_GtT1tN3wC1wN1 : 4.8772132 (0.09)%
          GtT1tN4wC1wN1_QqC1wN1 : 4.8638459 (0.09)%
        QqC1wN1_QqGtT1tN4wC1wN1 : 4.5815477 (0.08)%
  GtT1tN3wC1wN1_QqGtT1bC2hC1wN1 : 4.4841798 (0.08)%
  GtT1bC2hC1wN1_QqGtT1tN3wC1wN1 : 4.4841798 (0.08)%
    GtT1bC2zC1wN1_GtT1tN3wC1wN1 : 4.4635707 (0.08)%
              C2hC1wN1_C2zC1wN1 : 4.3987644 (0.08)%
    GtT1bC2wN2hN1_GtT1tN3wC1wN1 : 4.3063581 (0.08)%
              C2hC1wN1_C2wN2hN1 : 4.2438344 (0.08)%
QqGtT1bC2hC1wN1_QqGtT1tN3wC1wN1 : 4.2239174 (0.08)%
  GtT1bC2zC1wN1_QqGtT1tN3wC1wN1 : 4.1038709 (0.08)%
  GtT1tN3wC1wN1_QqGtT1bC2zC1wN1 : 4.1038709 (0.08)%
       GtT1bC1wN1_GtT1tN3wC1wN1 : 4.0284162 (0.07)%
          GtT1tN1_GtT1tN3wC1wN1 : 4.0070234 (0.07)%
          GtT1tN3wC1wN1_QqN2hN1 : 3.9684397 (0.07)%
  GtT1tN3wC1wN1_QqGtT1bC2wN2hN1 : 3.9593275 (0.07)%
  GtT1bC2wN2hN1_QqGtT1tN3wC1wN1 : 3.9593275 (0.07)%
  GtT1bC2hC1wN1_QqGtT1bC2hC1wN1 : 3.8940799 (0.07)%
              C2wN2hN1_C2zC1wN1 : 3.8839096 (0.07)%
    GtT1bC2hC1wN1_GtT1bC2zC1wN1 : 3.8761829 (0.07)%
          GtT1tN3zN2hN1_QqC1wN1 : 3.8670085 (0.07)%
QqGtT1bC2zC1wN1_QqGtT1tN3wC1wN1 : 3.8656818 (0.07)%
              C2hC1wN1_N4hN2hN1 : 3.7751150 (0.07)%
    GtT1bC2hC1wN1_GtT1bC2wN2hN1 : 3.7396589 (0.07)%
        QqGtT1tN3wC1wN1_QqN2hN1 : 3.7381110 (0.07)%
QqGtT1bC2wN2hN1_QqGtT1tN3wC1wN1 : 3.7295276 (0.07)%
     GtT1tN3wC1wN1_QqGtT1bC1wN1 : 3.7037837 (0.07)%
     GtT1bC1wN1_QqGtT1tN3wC1wN1 : 3.7037837 (0.07)%
        GtT1tN1_QqGtT1tN3wC1wN1 : 3.6841148 (0.07)%
        GtT1tN3wC1wN1_QqGtT1tN1 : 3.6841148 (0.07)%
        QqC1wN1_QqGtT1tN3zN2hN1 : 3.6425669 (0.07)%
  GtT1bC2zC1wN1_QqGtT1bC2hC1wN1 : 3.5638182 (0.07)%
  GtT1bC2hC1wN1_QqGtT1bC2zC1wN1 : 3.5638182 (0.07)%
              C2hC1wN1_N3zN2hN1 : 3.5548271 (0.07)%
       GtT1bC1wN1_GtT1bC2hC1wN1 : 3.4982930 (0.06)%
   QqGtT1bC1wN1_QqGtT1tN3wC1wN1 : 3.4888156 (0.06)%
          GtT1bC2hC1wN1_GtT1tN1 : 3.4797154 (0.06)%
      QqGtT1tN1_QqGtT1tN3wC1wN1 : 3.4702884 (0.06)%
              C2zC1wN1_N4hN2hN1 : 3.4549429 (0.06)%
          GtT1bC2hC1wN1_QqN2hN1 : 3.4462092 (0.06)%
  GtT1bC2wN2hN1_QqGtT1bC2hC1wN1 : 3.4382961 (0.06)%
  GtT1bC2hC1wN1_QqGtT1bC2wN2hN1 : 3.4382961 (0.06)%
    GtT1bC2wN2hN1_GtT1bC2zC1wN1 : 3.4224939 (0.06)%
QqGtT1bC2hC1wN1_QqGtT1bC2zC1wN1 : 3.3569738 (0.06)%
    GtT1tN3wC1wN1_GtT1tN4wC1wN1 : 3.3557882 (0.06)%
              C2wN2hN1_N4hN2hN1 : 3.3332555 (0.06)%
  GtT1bC2zC1wN1_QqGtT1bC2zC1wN1 : 3.2615664 (0.06)%
              C2zC1wN1_N3zN2hN1 : 3.2533379 (0.06)%
        QqGtT1bC2hC1wN1_QqN2hN1 : 3.2461908 (0.06)%
QqGtT1bC2hC1wN1_QqGtT1bC2wN2hN1 : 3.2387370 (0.06)%
              N3wC1wN1_N4hN2hN1 : 3.2196020 (0.06)%
     GtT1bC1wN1_QqGtT1bC2hC1wN1 : 3.2163808 (0.06)%
     GtT1bC2hC1wN1_QqGtT1bC1wN1 : 3.2163808 (0.06)%
       GtT1bC1wN1_GtT1bC2zC1wN1 : 3.2015985 (0.06)%
        GtT1tN1_QqGtT1bC2hC1wN1 : 3.1993003 (0.06)%
        GtT1bC2hC1wN1_QqGtT1tN1 : 3.1993003 (0.06)%
          GtT1bC2zC1wN1_GtT1tN1 : 3.1845965 (0.06)%
          GtT1bC2zC1wN1_QqN2hN1 : 3.1539320 (0.06)%
  GtT1bC2zC1wN1_QqGtT1bC2wN2hN1 : 3.1466900 (0.06)%
  GtT1bC2wN2hN1_QqGtT1bC2zC1wN1 : 3.1466900 (0.06)%
              C2wN2hN1_N3zN2hN1 : 3.1387512 (0.06)%
------------------------------------------------------------
                                              SUM=90.02%
