/Users/rafalmaselek/Projects/fastlim-1.0
 
#################################################################
#                                                               #
#                                                               #
#                     This is Fastlim  ver. 1.0                 #
#                                                               #
#          A fast LHC limit calculator for BSM models.          #
#                                                               #
#                  http://cern.ch/fastlim-1.0/                  #
#                                                               #
#  for bugs/feature requests: fastlim-1.0.developers@gmail.com  #
#                                                               #
#    please refer to:                                           #
#    M.Papucci, K.Sakurai, A.Weiler, L.Zeune arXiv:1402.xxxx    #
#                                                               #
#################################################################
 

!! Masses incompatible with the data for ERER !!

!! Problem with reading tables for ER ER !! Probably mass outside the table !! Setting xsec to 10^-20 !!

!! Masses incompatible with the data for ELEL !!

!! Problem with reading tables for EL EL !! Probably mass outside the table !! Setting xsec to 10^-20 !!

!! Masses incompatible with the data for TAU1TAU1 !!

!! Problem with reading tables for TAU1 TAU1 !! Probably mass outside the table !! Setting xsec to 10^-20 !!

!! Masses incompatible with the data for TAU2TAU2 !!

!! Problem with reading tables for TAU2 TAU2 !! Probably mass outside the table !! Setting xsec to 10^-20 !!
!! EWK PROCESS C1C2 NOT FOUND !! WILL TRY TO LOOK FOR +/- MODES !!
XSEC FOUND FOR: C1-C2+
XSEC FOUND FOR: C1+C2-
!! EWK PROCESS C1N1 NOT FOUND !! WILL TRY TO LOOK FOR +/- MODES !!
XSEC FOUND FOR: C1+N1
XSEC FOUND FOR: C1-N1
!! EWK PROCESS C1N2 NOT FOUND !! WILL TRY TO LOOK FOR +/- MODES !!
XSEC FOUND FOR: C1+N2
XSEC FOUND FOR: C1-N2
!! EWK PROCESS C1N3 NOT FOUND !! WILL TRY TO LOOK FOR +/- MODES !!
XSEC FOUND FOR: C1+N3
XSEC FOUND FOR: C1-N3
!! EWK PROCESS C1N4 NOT FOUND !! WILL TRY TO LOOK FOR +/- MODES !!
XSEC FOUND FOR: C1+N4
XSEC FOUND FOR: C1-N4
!! EWK PROCESS C2N1 NOT FOUND !! WILL TRY TO LOOK FOR +/- MODES !!
XSEC FOUND FOR: C2+N1
XSEC FOUND FOR: C2-N1
!! EWK PROCESS C2N2 NOT FOUND !! WILL TRY TO LOOK FOR +/- MODES !!
XSEC FOUND FOR: C2+N2
XSEC FOUND FOR: C2-N2
!! EWK PROCESS C2N3 NOT FOUND !! WILL TRY TO LOOK FOR +/- MODES !!
XSEC FOUND FOR: C2+N3
XSEC FOUND FOR: C2-N3
!! EWK PROCESS C2N4 NOT FOUND !! WILL TRY TO LOOK FOR +/- MODES !!
XSEC FOUND FOR: C2+N4
XSEC FOUND FOR: C2-N4
---------------  Output inclusive processes  ---------------
The total xsec = 3027.24 [fb]
The total rate = 100.00%
Output upto 0.10%
                  Modes : xsec/fb      (rate)
            C1wN1_N2hN1 : 1566.5893120 (51.75)%
            C1wN1_C1wN1 : 778.7956246 (25.73)%
            C1wN1_N2zN1 : 45.4440137 (1.50)%
                  N1_N1 : 14.4083546 (0.48)%
        QqC1wN1_QqC1wN1 : 11.7547200 (0.39)%
        QqC1wN1_QqN2hN1 : 11.4330635 (0.38)%
      C2hC1wN1_N3wC1wN1 : 9.5361119 (0.32)%
      C2hC1wN1_N4wC1wN1 : 9.3114245 (0.31)%
            N2hN1_N2hN1 : 9.2486475 (0.31)%
      C2zC1wN1_N3wC1wN1 : 8.6555224 (0.29)%
      C2zC1wN1_N4wC1wN1 : 8.4515832 (0.28)%
      C2wN2hN1_N3wC1wN1 : 8.3892654 (0.28)%
      C2wN2hN1_N4wC1wN1 : 8.1915997 (0.27)%
      N3wC1wN1_N4wC1wN1 : 8.1669757 (0.27)%
QqC1wN1_QqGtT1tN3wC1wN1 : 8.0574029 (0.27)%
  GtT1tN3wC1wN1_QqC1wN1 : 7.0658966 (0.23)%
QqC1wN1_QqGtT1bC2hC1wN1 : 6.9639847 (0.23)%
QqC1wN1_QqGtT1bC2zC1wN1 : 6.3209121 (0.21)%
QqC1wN1_QqGtT1bC2wN2hN1 : 6.1264713 (0.20)%
  GtT1bC2hC1wN1_QqC1wN1 : 6.1070293 (0.20)%
  GtT1bC2zC1wN1_QqC1wN1 : 5.5430902 (0.18)%
QqC1wN1_QqGtT1tN4wC1wN1 : 5.4543986 (0.18)%
  GtT1bC2wN2hN1_QqC1wN1 : 5.3725764 (0.18)%
      C2hC1wN1_C2zC1wN1 : 5.3248779 (0.18)%
      C2hC1wN1_C2wN2hN1 : 5.1610767 (0.17)%
      C2hC1wN1_N4hN2hN1 : 4.9178918 (0.16)%
  GtT1tN4wC1wN1_QqC1wN1 : 4.7832059 (0.16)%
      C2wN2hN1_C2zC1wN1 : 4.6844893 (0.15)%
   QqC1wN1_QqGtT1bC1wN1 : 4.5853231 (0.15)%
               C1wN1_N1 : 4.5614779 (0.15)%
      C2hC1wN1_N3zN2hN1 : 4.5518655 (0.15)%
      C2zC1wN1_N4hN2hN1 : 4.4637608 (0.15)%
      C2wN2hN1_N4hN2hN1 : 4.3264488 (0.14)%
      N3wC1wN1_N4hN2hN1 : 4.3134434 (0.14)%
      C2zC1wN1_N3zN2hN1 : 4.1315343 (0.14)%
     GtT1bC1wN1_QqC1wN1 : 4.0210747 (0.13)%
      C2wN2hN1_N3zN2hN1 : 4.0044421 (0.13)%
QqGtT1tN3wC1wN1_QqN2hN1 : 3.9184599 (0.13)%
      N3zN2hN1_N4wC1wN1 : 3.8983367 (0.13)%
QqC1wN1_QqGtT1tN3zN2hN1 : 3.8460344 (0.13)%
      QqC1wN1_QqGtT1tN1 : 3.5707896 (0.12)%
         C2wN1_N3wC1wN1 : 3.4574274 (0.11)%
  GtT1tN3wC1wN1_QqN2hN1 : 3.4362726 (0.11)%
QqGtT1bC2hC1wN1_QqN2hN1 : 3.3867110 (0.11)%
         C2wN1_N4wC1wN1 : 3.3759644 (0.11)%
  GtT1tN3zN2hN1_QqC1wN1 : 3.3727594 (0.11)%
        GtT1tN1_QqC1wN1 : 3.1313850 (0.10)%
QqGtT1bC2zC1wN1_QqN2hN1 : 3.0739732 (0.10)%
QqGtT1bC2wN2hN1_QqN2hN1 : 2.9794132 (0.10)%
------------------------------------------------------------
                                      SUM=87.89%

SHOWING PROCESSES TO GET 90.00% SUSY COVERAGE
---------------  Output inclusive processes  ---------------
The total xsec = 3027.24 [fb]
The total rate = 100.00%
                          Modes : xsec/fb      (rate)
                    C1wN1_N2hN1 : 1566.5893120 (51.75)%
                    C1wN1_C1wN1 : 778.7956246 (25.73)%
                    C1wN1_N2zN1 : 45.4440137 (1.50)%
                          N1_N1 : 14.4083546 (0.48)%
                QqC1wN1_QqC1wN1 : 11.7547200 (0.39)%
                QqC1wN1_QqN2hN1 : 11.4330635 (0.38)%
              C2hC1wN1_N3wC1wN1 : 9.5361119 (0.32)%
              C2hC1wN1_N4wC1wN1 : 9.3114245 (0.31)%
                    N2hN1_N2hN1 : 9.2486475 (0.31)%
              C2zC1wN1_N3wC1wN1 : 8.6555224 (0.29)%
              C2zC1wN1_N4wC1wN1 : 8.4515832 (0.28)%
              C2wN2hN1_N3wC1wN1 : 8.3892654 (0.28)%
              C2wN2hN1_N4wC1wN1 : 8.1915997 (0.27)%
              N3wC1wN1_N4wC1wN1 : 8.1669757 (0.27)%
        QqC1wN1_QqGtT1tN3wC1wN1 : 8.0574029 (0.27)%
          GtT1tN3wC1wN1_QqC1wN1 : 7.0658966 (0.23)%
        QqC1wN1_QqGtT1bC2hC1wN1 : 6.9639847 (0.23)%
        QqC1wN1_QqGtT1bC2zC1wN1 : 6.3209121 (0.21)%
        QqC1wN1_QqGtT1bC2wN2hN1 : 6.1264713 (0.20)%
          GtT1bC2hC1wN1_QqC1wN1 : 6.1070293 (0.20)%
          GtT1bC2zC1wN1_QqC1wN1 : 5.5430902 (0.18)%
        QqC1wN1_QqGtT1tN4wC1wN1 : 5.4543986 (0.18)%
          GtT1bC2wN2hN1_QqC1wN1 : 5.3725764 (0.18)%
              C2hC1wN1_C2zC1wN1 : 5.3248779 (0.18)%
              C2hC1wN1_C2wN2hN1 : 5.1610767 (0.17)%
              C2hC1wN1_N4hN2hN1 : 4.9178918 (0.16)%
          GtT1tN4wC1wN1_QqC1wN1 : 4.7832059 (0.16)%
              C2wN2hN1_C2zC1wN1 : 4.6844893 (0.15)%
           QqC1wN1_QqGtT1bC1wN1 : 4.5853231 (0.15)%
                       C1wN1_N1 : 4.5614779 (0.15)%
              C2hC1wN1_N3zN2hN1 : 4.5518655 (0.15)%
              C2zC1wN1_N4hN2hN1 : 4.4637608 (0.15)%
              C2wN2hN1_N4hN2hN1 : 4.3264488 (0.14)%
              N3wC1wN1_N4hN2hN1 : 4.3134434 (0.14)%
              C2zC1wN1_N3zN2hN1 : 4.1315343 (0.14)%
             GtT1bC1wN1_QqC1wN1 : 4.0210747 (0.13)%
              C2wN2hN1_N3zN2hN1 : 4.0044421 (0.13)%
        QqGtT1tN3wC1wN1_QqN2hN1 : 3.9184599 (0.13)%
              N3zN2hN1_N4wC1wN1 : 3.8983367 (0.13)%
        QqC1wN1_QqGtT1tN3zN2hN1 : 3.8460344 (0.13)%
              QqC1wN1_QqGtT1tN1 : 3.5707896 (0.12)%
                 C2wN1_N3wC1wN1 : 3.4574274 (0.11)%
          GtT1tN3wC1wN1_QqN2hN1 : 3.4362726 (0.11)%
        QqGtT1bC2hC1wN1_QqN2hN1 : 3.3867110 (0.11)%
                 C2wN1_N4wC1wN1 : 3.3759644 (0.11)%
          GtT1tN3zN2hN1_QqC1wN1 : 3.3727594 (0.11)%
                GtT1tN1_QqC1wN1 : 3.1313850 (0.10)%
        QqGtT1bC2zC1wN1_QqN2hN1 : 3.0739732 (0.10)%
        QqGtT1bC2wN2hN1_QqN2hN1 : 2.9794132 (0.10)%
          GtT1bC2hC1wN1_QqN2hN1 : 2.9699582 (0.10)%
              C2hC1wN1_C2hC1wN1 : 2.9333083 (0.10)%
        QqC1wN1_QqGtT1tN4hN2hN1 : 2.8807775 (0.10)%
                QqN2hN1_QqN2hN1 : 2.7800522 (0.09)%
          GtT1bC2zC1wN1_QqN2hN1 : 2.6957045 (0.09)%
        QqGtT1tN4wC1wN1_QqN2hN1 : 2.6525721 (0.09)%
          GtT1bC2wN2hN1_QqN2hN1 : 2.6127805 (0.09)%
          GtT1tN4hN2hN1_QqC1wN1 : 2.5262825 (0.08)%
           QqC1wN1_QqGtT1bC2wN1 : 2.5248730 (0.08)%
  GtT1tN3wC1wN1_QqGtT1tN3wC1wN1 : 2.4216985 (0.08)%
              C2zC1wN1_C2zC1wN1 : 2.4165824 (0.08)%
QqGtT1bC2hC1wN1_QqGtT1tN3wC1wN1 : 2.3867702 (0.08)%
          GtT1tN4wC1wN1_QqN2hN1 : 2.3261590 (0.08)%
              C2wN2hN1_C2wN2hN1 : 2.2701937 (0.07)%
           QqGtT1bC1wN1_QqN2hN1 : 2.2299251 (0.07)%
             GtT1bC2wN1_QqC1wN1 : 2.2141739 (0.07)%
QqGtT1bC2zC1wN1_QqGtT1tN3wC1wN1 : 2.1663696 (0.07)%
           QqC1wN1_QqGtT1tN2hN1 : 2.1437241 (0.07)%
                 C2hC1wN1_C2wN1 : 2.1270096 (0.07)%
QqGtT1bC2wN2hN1_QqGtT1tN3wC1wN1 : 2.0997288 (0.07)%
  GtT1tN3wC1wN1_QqGtT1bC2hC1wN1 : 2.0930654 (0.07)%
  GtT1bC2hC1wN1_QqGtT1tN3wC1wN1 : 2.0930654 (0.07)%
              N3zN2hN1_N4hN2hN1 : 2.0589329 (0.07)%
                 C2hC1wN1_N3zN1 : 1.9979917 (0.07)%
             GtT1bC1wN1_QqN2hN1 : 1.9555209 (0.06)%
                 C1wN1_N3wC1wN1 : 1.9404035 (0.06)%
                 C2wN1_C2zC1wN1 : 1.9305959 (0.06)%
  GtT1tN3wC1wN1_QqGtT1bC2zC1wN1 : 1.8997863 (0.06)%
------------------------------------------------------------
                                              SUM=90.05%
