/Users/rafalmaselek/Projects/fastlim-1.0
 
#################################################################
#                                                               #
#                                                               #
#                     This is Fastlim  ver. 1.0                 #
#                                                               #
#          A fast LHC limit calculator for BSM models.          #
#                                                               #
#                  http://cern.ch/fastlim-1.0/                  #
#                                                               #
#  for bugs/feature requests: fastlim-1.0.developers@gmail.com  #
#                                                               #
#    please refer to:                                           #
#    M.Papucci, K.Sakurai, A.Weiler, L.Zeune arXiv:1402.xxxx    #
#                                                               #
#################################################################
 

!! Masses incompatible with the data for ERER !!

!! Problem with reading tables for ER ER !! Probably mass outside the table !! Setting xsec to 10^-20 !!

!! Masses incompatible with the data for ELEL !!

!! Problem with reading tables for EL EL !! Probably mass outside the table !! Setting xsec to 10^-20 !!

!! Masses incompatible with the data for TAU1TAU1 !!

!! Problem with reading tables for TAU1 TAU1 !! Probably mass outside the table !! Setting xsec to 10^-20 !!

!! Masses incompatible with the data for TAU2TAU2 !!

!! Problem with reading tables for TAU2 TAU2 !! Probably mass outside the table !! Setting xsec to 10^-20 !!
!! EWK PROCESS C1C2 NOT FOUND !! WILL TRY TO LOOK FOR +/- MODES !!
XSEC FOUND FOR: C1-C2+
XSEC FOUND FOR: C1+C2-
!! EWK PROCESS C1N1 NOT FOUND !! WILL TRY TO LOOK FOR +/- MODES !!
XSEC FOUND FOR: C1+N1
XSEC FOUND FOR: C1-N1
!! EWK PROCESS C1N2 NOT FOUND !! WILL TRY TO LOOK FOR +/- MODES !!
XSEC FOUND FOR: C1+N2
XSEC FOUND FOR: C1-N2
!! EWK PROCESS C1N3 NOT FOUND !! WILL TRY TO LOOK FOR +/- MODES !!
XSEC FOUND FOR: C1+N3
XSEC FOUND FOR: C1-N3
!! EWK PROCESS C1N4 NOT FOUND !! WILL TRY TO LOOK FOR +/- MODES !!
XSEC FOUND FOR: C1+N4
XSEC FOUND FOR: C1-N4
!! EWK PROCESS C2N1 NOT FOUND !! WILL TRY TO LOOK FOR +/- MODES !!
XSEC FOUND FOR: C2+N1
XSEC FOUND FOR: C2-N1
!! EWK PROCESS C2N2 NOT FOUND !! WILL TRY TO LOOK FOR +/- MODES !!
XSEC FOUND FOR: C2+N2
XSEC FOUND FOR: C2-N2
!! EWK PROCESS C2N3 NOT FOUND !! WILL TRY TO LOOK FOR +/- MODES !!
XSEC FOUND FOR: C2+N3
XSEC FOUND FOR: C2-N3
!! EWK PROCESS C2N4 NOT FOUND !! WILL TRY TO LOOK FOR +/- MODES !!
XSEC FOUND FOR: C2+N4
XSEC FOUND FOR: C2-N4
---------------  Output inclusive processes  ---------------
The total xsec = 47558.01 [fb]
The total rate = 100.00%
Output upto 0.10%
                  Modes : xsec/fb      (rate)
            C1wN1_N2hN1 : 17086.0602214 (35.93)%
            C1wN1_C1wN1 : 9840.4189879 (20.69)%
            C1wN1_N2zN1 : 2402.0075188 (5.05)%
         C2wN1_N4wC1wN1 : 814.2442168 (1.71)%
            C1wN1_N3zN1 : 779.4863229 (1.64)%
            C2wN1_N3zN1 : 700.9831119 (1.47)%
      C2wN2hN1_N4wC1wN1 : 669.0580396 (1.41)%
         C2wN2hN1_N3zN1 : 575.9922845 (1.21)%
         N3zN1_N4wC1wN1 : 563.3324443 (1.18)%
      C2zC1wN1_N4wC1wN1 : 521.1401718 (1.10)%
         C2zC1wN1_N3zN1 : 448.6497439 (0.94)%
         C2wN1_C2wN2hN1 : 420.7101035 (0.88)%
            C2wN1_N4hN1 : 399.8040252 (0.84)%
            N2hN1_N3zN1 : 333.1937197 (0.70)%
         C2wN2hN1_N4hN1 : 328.5158086 (0.69)%
         C2wN1_C2zC1wN1 : 327.6979315 (0.69)%
            N3zN1_N4hN1 : 276.6032280 (0.58)%
      C2wN2hN1_C2zC1wN1 : 269.2668012 (0.57)%
            C2wN1_C2wN1 : 256.0022812 (0.54)%
         C2zC1wN1_N4hN1 : 255.8862981 (0.54)%
         C1wN1_N4wC1wN1 : 236.1341357 (0.50)%
         C1wN1_N3wC1wN1 : 182.0005333 (0.38)%
      C2wN2hN1_C2wN2hN1 : 172.8470840 (0.36)%
      C2hC1wN1_N4wC1wN1 : 172.5098727 (0.36)%
         C2wN1_N3wC1wN1 : 163.6709926 (0.34)%
            C1wN1_C2wN1 : 158.9131215 (0.33)%
         C2hC1wN1_N3zN1 : 148.5138056 (0.31)%
      C2wN2hN1_N3wC1wN1 : 134.4871615 (0.28)%
      N3wC1wN1_N4wC1wN1 : 131.5312434 (0.28)%
         C1wN1_C2wN2hN1 : 130.5776563 (0.27)%
            C2wN1_N2hN1 : 128.5074388 (0.27)%
            C1wN1_N4hN1 : 115.9447939 (0.24)%
      GbtC1wN1_GbtC2wN1 : 109.7063040 (0.23)%
         C2hC1wN1_C2wN1 : 108.4758602 (0.23)%
         C2wN2hN1_N2hN1 : 105.5935471 (0.22)%
      C2zC1wN1_C2zC1wN1 : 104.8681420 (0.22)%
      C2zC1wN1_N3wC1wN1 : 104.7542340 (0.22)%
            C1wN1_N3hN1 : 102.5045171 (0.22)%
         C1wN1_C2zC1wN1 : 101.7090569 (0.21)%
      C2wN2zN1_N4wC1wN1 : 94.0581047 (0.20)%
               C1wN1_N1 : 93.2795145 (0.20)%
            C2wN1_N3hN1 : 92.1811369 (0.19)%
   GbtC1wN1_GbtC2wN2hN1 : 90.1448032 (0.19)%
      C2hC1wN1_C2wN2hN1 : 89.1337573 (0.19)%
         C2hC1wN1_N4hN1 : 84.7044904 (0.18)%
      GbtC1wN1_GttN3zN1 : 82.6385467 (0.17)%
         C2zC1wN1_N2hN1 : 82.2485286 (0.17)%
         C2wN2zN1_N3zN1 : 80.9746530 (0.17)%
   GbtC2wN1_GbtC2wN2hN1 : 80.0801664 (0.17)%
         N2hN1_N3wC1wN1 : 77.7966629 (0.16)%
         C2wN1_N4hN2hN1 : 76.9118685 (0.16)%
         C2wN2hN1_N3hN1 : 75.7445118 (0.16)%
            C2wN1_N4zN1 : 74.6535759 (0.16)%
         N3hN1_N4wC1wN1 : 74.0797093 (0.16)%
      GbtC2wN1_GttN3zN1 : 73.4119809 (0.15)%
   GbtC1wN1_GbtC2zC1wN1 : 70.2152511 (0.15)%
      C2hC1wN1_C2zC1wN1 : 69.4277310 (0.15)%
   GbtC1wN1_GttN4wC1wN1 : 67.4361048 (0.14)%
         N3wC1wN1_N4hN1 : 64.5834744 (0.14)%
      C2wN2hN1_N4hN2hN1 : 63.1978747 (0.13)%
   GbtC2wN1_GbtC2zC1wN1 : 62.3757420 (0.13)%
      GbtC1wN1_GbtC1wN1 : 61.7472068 (0.13)%
         C2wN2hN1_N4zN1 : 61.3422535 (0.13)%
   GbtC2wN2hN1_GttN3zN1 : 60.3220447 (0.13)%
   GbtC2wN1_GttN4wC1wN1 : 59.9068865 (0.13)%
         C2wN1_C2wN2zN1 : 59.1446371 (0.12)%
         C2zC1wN1_N3hN1 : 58.9986303 (0.12)%
         N3zN1_N4hN2hN1 : 53.2112479 (0.11)%
         GbtC1wN1_GttN1 : 52.2254484 (0.11)%
      GbtC1wN1_GqqC1wN1 : 52.1185645 (0.11)%
            N3zN1_N4zN1 : 51.6488549 (0.11)%
GbtC2wN2hN1_GbtC2zC1wN1 : 51.2536544 (0.11)%
      C2zC1wN1_N4hN2hN1 : 49.2258508 (0.10)%
GbtC2wN2hN1_GttN4wC1wN1 : 49.2250153 (0.10)%
      GbtC2wN1_GbtC2wN1 : 48.7288161 (0.10)%
      C2wN2hN1_C2wN2zN1 : 48.5986810 (0.10)%
         C2zC1wN1_N4zN1 : 47.7804774 (0.10)%
   GbtC2zC1wN1_GttN3zN1 : 46.9858202 (0.10)%
------------------------------------------------------------
                                      SUM=89.39%

SHOWING PROCESSES TO GET 90.00% SUSY COVERAGE
---------------  Output inclusive processes  ---------------
The total xsec = 47558.01 [fb]
The total rate = 100.00%
                  Modes : xsec/fb      (rate)
            C1wN1_N2hN1 : 17086.0602214 (35.93)%
            C1wN1_C1wN1 : 9840.4189879 (20.69)%
            C1wN1_N2zN1 : 2402.0075188 (5.05)%
         C2wN1_N4wC1wN1 : 814.2442168 (1.71)%
            C1wN1_N3zN1 : 779.4863229 (1.64)%
            C2wN1_N3zN1 : 700.9831119 (1.47)%
      C2wN2hN1_N4wC1wN1 : 669.0580396 (1.41)%
         C2wN2hN1_N3zN1 : 575.9922845 (1.21)%
         N3zN1_N4wC1wN1 : 563.3324443 (1.18)%
      C2zC1wN1_N4wC1wN1 : 521.1401718 (1.10)%
         C2zC1wN1_N3zN1 : 448.6497439 (0.94)%
         C2wN1_C2wN2hN1 : 420.7101035 (0.88)%
            C2wN1_N4hN1 : 399.8040252 (0.84)%
            N2hN1_N3zN1 : 333.1937197 (0.70)%
         C2wN2hN1_N4hN1 : 328.5158086 (0.69)%
         C2wN1_C2zC1wN1 : 327.6979315 (0.69)%
            N3zN1_N4hN1 : 276.6032280 (0.58)%
      C2wN2hN1_C2zC1wN1 : 269.2668012 (0.57)%
            C2wN1_C2wN1 : 256.0022812 (0.54)%
         C2zC1wN1_N4hN1 : 255.8862981 (0.54)%
         C1wN1_N4wC1wN1 : 236.1341357 (0.50)%
         C1wN1_N3wC1wN1 : 182.0005333 (0.38)%
      C2wN2hN1_C2wN2hN1 : 172.8470840 (0.36)%
      C2hC1wN1_N4wC1wN1 : 172.5098727 (0.36)%
         C2wN1_N3wC1wN1 : 163.6709926 (0.34)%
            C1wN1_C2wN1 : 158.9131215 (0.33)%
         C2hC1wN1_N3zN1 : 148.5138056 (0.31)%
      C2wN2hN1_N3wC1wN1 : 134.4871615 (0.28)%
      N3wC1wN1_N4wC1wN1 : 131.5312434 (0.28)%
         C1wN1_C2wN2hN1 : 130.5776563 (0.27)%
            C2wN1_N2hN1 : 128.5074388 (0.27)%
            C1wN1_N4hN1 : 115.9447939 (0.24)%
      GbtC1wN1_GbtC2wN1 : 109.7063040 (0.23)%
         C2hC1wN1_C2wN1 : 108.4758602 (0.23)%
         C2wN2hN1_N2hN1 : 105.5935471 (0.22)%
      C2zC1wN1_C2zC1wN1 : 104.8681420 (0.22)%
      C2zC1wN1_N3wC1wN1 : 104.7542340 (0.22)%
            C1wN1_N3hN1 : 102.5045171 (0.22)%
         C1wN1_C2zC1wN1 : 101.7090569 (0.21)%
      C2wN2zN1_N4wC1wN1 : 94.0581047 (0.20)%
               C1wN1_N1 : 93.2795145 (0.20)%
            C2wN1_N3hN1 : 92.1811369 (0.19)%
   GbtC1wN1_GbtC2wN2hN1 : 90.1448032 (0.19)%
      C2hC1wN1_C2wN2hN1 : 89.1337573 (0.19)%
         C2hC1wN1_N4hN1 : 84.7044904 (0.18)%
      GbtC1wN1_GttN3zN1 : 82.6385467 (0.17)%
         C2zC1wN1_N2hN1 : 82.2485286 (0.17)%
         C2wN2zN1_N3zN1 : 80.9746530 (0.17)%
   GbtC2wN1_GbtC2wN2hN1 : 80.0801664 (0.17)%
         N2hN1_N3wC1wN1 : 77.7966629 (0.16)%
         C2wN1_N4hN2hN1 : 76.9118685 (0.16)%
         C2wN2hN1_N3hN1 : 75.7445118 (0.16)%
            C2wN1_N4zN1 : 74.6535759 (0.16)%
         N3hN1_N4wC1wN1 : 74.0797093 (0.16)%
      GbtC2wN1_GttN3zN1 : 73.4119809 (0.15)%
   GbtC1wN1_GbtC2zC1wN1 : 70.2152511 (0.15)%
      C2hC1wN1_C2zC1wN1 : 69.4277310 (0.15)%
   GbtC1wN1_GttN4wC1wN1 : 67.4361048 (0.14)%
         N3wC1wN1_N4hN1 : 64.5834744 (0.14)%
      C2wN2hN1_N4hN2hN1 : 63.1978747 (0.13)%
   GbtC2wN1_GbtC2zC1wN1 : 62.3757420 (0.13)%
      GbtC1wN1_GbtC1wN1 : 61.7472068 (0.13)%
         C2wN2hN1_N4zN1 : 61.3422535 (0.13)%
   GbtC2wN2hN1_GttN3zN1 : 60.3220447 (0.13)%
   GbtC2wN1_GttN4wC1wN1 : 59.9068865 (0.13)%
         C2wN1_C2wN2zN1 : 59.1446371 (0.12)%
         C2zC1wN1_N3hN1 : 58.9986303 (0.12)%
         N3zN1_N4hN2hN1 : 53.2112479 (0.11)%
         GbtC1wN1_GttN1 : 52.2254484 (0.11)%
      GbtC1wN1_GqqC1wN1 : 52.1185645 (0.11)%
            N3zN1_N4zN1 : 51.6488549 (0.11)%
GbtC2wN2hN1_GbtC2zC1wN1 : 51.2536544 (0.11)%
      C2zC1wN1_N4hN2hN1 : 49.2258508 (0.10)%
GbtC2wN2hN1_GttN4wC1wN1 : 49.2250153 (0.10)%
      GbtC2wN1_GbtC2wN1 : 48.7288161 (0.10)%
      C2wN2hN1_C2wN2zN1 : 48.5986810 (0.10)%
         C2zC1wN1_N4zN1 : 47.7804774 (0.10)%
   GbtC2zC1wN1_GttN3zN1 : 46.9858202 (0.10)%
            N2zN1_N3zN1 : 46.8413320 (0.10)%
         GbtC2wN1_GttN1 : 46.3944948 (0.10)%
      GbtC2wN1_GqqC1wN1 : 46.2995444 (0.10)%
         C2wN2zN1_N4hN1 : 46.1836978 (0.10)%
   GttN3zN1_GttN4wC1wN1 : 45.1261036 (0.09)%
               N1_N3zN1 : 44.6956833 (0.09)%
            N2hN1_N3hN1 : 43.8158571 (0.09)%
------------------------------------------------------------
                                      SUM=90.07%
