/Users/rafalmaselek/Projects/fastlim-1.0
 
#################################################################
#                                                               #
#                                                               #
#                     This is Fastlim  ver. 1.0                 #
#                                                               #
#          A fast LHC limit calculator for BSM models.          #
#                                                               #
#                  http://cern.ch/fastlim-1.0/                  #
#                                                               #
#  for bugs/feature requests: fastlim-1.0.developers@gmail.com  #
#                                                               #
#    please refer to:                                           #
#    M.Papucci, K.Sakurai, A.Weiler, L.Zeune arXiv:1402.xxxx    #
#                                                               #
#################################################################
 

!! Masses incompatible with the data for ERER !!

!! Problem with reading tables for ER ER !! Probably mass outside the table !! Setting xsec to 10^-20 !!

!! Masses incompatible with the data for ELEL !!

!! Problem with reading tables for EL EL !! Probably mass outside the table !! Setting xsec to 10^-20 !!

!! Masses incompatible with the data for TAU1TAU1 !!

!! Problem with reading tables for TAU1 TAU1 !! Probably mass outside the table !! Setting xsec to 10^-20 !!

!! Masses incompatible with the data for TAU2TAU2 !!

!! Problem with reading tables for TAU2 TAU2 !! Probably mass outside the table !! Setting xsec to 10^-20 !!
!! EWK PROCESS C1C2 NOT FOUND !! WILL TRY TO LOOK FOR +/- MODES !!
XSEC FOUND FOR: C1-C2+
XSEC FOUND FOR: C1+C2-
!! EWK PROCESS C1N1 NOT FOUND !! WILL TRY TO LOOK FOR +/- MODES !!
XSEC FOUND FOR: C1+N1
XSEC FOUND FOR: C1-N1
!! EWK PROCESS C1N2 NOT FOUND !! WILL TRY TO LOOK FOR +/- MODES !!
XSEC FOUND FOR: C1+N2
XSEC FOUND FOR: C1-N2
!! EWK PROCESS C1N3 NOT FOUND !! WILL TRY TO LOOK FOR +/- MODES !!
XSEC FOUND FOR: C1+N3
XSEC FOUND FOR: C1-N3
!! EWK PROCESS C1N4 NOT FOUND !! WILL TRY TO LOOK FOR +/- MODES !!
XSEC FOUND FOR: C1+N4
XSEC FOUND FOR: C1-N4
!! EWK PROCESS C2N1 NOT FOUND !! WILL TRY TO LOOK FOR +/- MODES !!
XSEC FOUND FOR: C2+N1
XSEC FOUND FOR: C2-N1
!! EWK PROCESS C2N2 NOT FOUND !! WILL TRY TO LOOK FOR +/- MODES !!
XSEC FOUND FOR: C2+N2
XSEC FOUND FOR: C2-N2
!! EWK PROCESS C2N3 NOT FOUND !! WILL TRY TO LOOK FOR +/- MODES !!
XSEC FOUND FOR: C2+N3
XSEC FOUND FOR: C2-N3
!! EWK PROCESS C2N4 NOT FOUND !! WILL TRY TO LOOK FOR +/- MODES !!
XSEC FOUND FOR: C2+N4
XSEC FOUND FOR: C2-N4
---------------  Output inclusive processes  ---------------
The total xsec = 174665.47 [fb]
The total rate = 100.00%
Output upto 0.10%
                  Modes : xsec/fb      (rate)
            C1wN1_N2hN1 : 63874.8403097 (36.57)%
            C1wN1_C1wN1 : 35721.7718190 (20.45)%
            C1wN1_N2zN1 : 8582.0602808 (4.91)%
      GbtC1wN1_GqqC1wN1 : 990.9176857 (0.57)%
      C2zC1wN1_N4wC1wN1 : 891.0418915 (0.51)%
      C2wN2hN1_N4wC1wN1 : 884.3462068 (0.51)%
   GbtC1wN1_GbtC2zC1wN1 : 826.7297974 (0.47)%
   GbtC1wN1_GbtC2wN2hN1 : 820.5173824 (0.47)%
      C2hC1wN1_N4wC1wN1 : 798.6998809 (0.46)%
      N3wC1wN1_N4wC1wN1 : 749.2712667 (0.43)%
         GbtC1wN1_GttN1 : 743.5404986 (0.43)%
   GbtC1wN1_GbtC2hC1wN1 : 741.0526901 (0.42)%
      C2zC1wN1_N3wC1wN1 : 738.0844089 (0.42)%
      C2wN2hN1_N3wC1wN1 : 732.5381146 (0.42)%
      GbtC1wN1_GbtC1wN1 : 690.4654846 (0.40)%
      C2hC1wN1_N3wC1wN1 : 661.5939554 (0.38)%
   GbtC2zC1wN1_GqqC1wN1 : 593.2383267 (0.34)%
   GbtC2wN2hN1_GqqC1wN1 : 588.7804703 (0.34)%
   GbtC1wN1_GttN4wC1wN1 : 575.6606036 (0.33)%
         C1wN1_N3wC1wN1 : 545.9395896 (0.31)%
         GqqC1wN1_GttN1 : 533.5439978 (0.31)%
   GbtC2hC1wN1_GqqC1wN1 : 531.7588156 (0.30)%
         C2wN1_N4wC1wN1 : 493.5339319 (0.28)%
GbtC2wN2hN1_GbtC2zC1wN1 : 491.2238080 (0.28)%
      GbbN2hN1_GbtC1wN1 : 462.2669078 (0.26)%
      GbtC1wN1_GbtC2wN1 : 457.9124858 (0.26)%
      C2wN2hN1_C2zC1wN1 : 456.9731993 (0.26)%
      GbtC2zC1wN1_GttN1 : 445.1396192 (0.25)%
GbtC2hC1wN1_GbtC2zC1wN1 : 443.6502287 (0.25)%
      GbtC2wN2hN1_GttN1 : 441.7946423 (0.25)%
GbtC2hC1wN1_GbtC2wN2hN1 : 440.3164438 (0.25)%
      GbtC1wN1_GqqN2hN1 : 437.1784098 (0.25)%
   GbtC1wN1_GttN3wC1wN1 : 421.7017827 (0.24)%
   GqqC1wN1_GttN4wC1wN1 : 413.0780508 (0.24)%
      C2hC1wN1_C2zC1wN1 : 412.7166906 (0.24)%
      C2hC1wN1_C2wN2hN1 : 409.6153540 (0.23)%
         C2wN1_N3wC1wN1 : 408.8132150 (0.23)%
      GbtC2hC1wN1_GttN1 : 399.0081322 (0.23)%
      GqqC1wN1_GqqC1wN1 : 355.5274962 (0.20)%
GbtC2zC1wN1_GttN4wC1wN1 : 344.6340076 (0.20)%
GbtC2wN2hN1_GttN4wC1wN1 : 342.0442745 (0.20)%
      GbbN2hN1_GqqC1wN1 : 331.7098861 (0.19)%
      GbtC2wN1_GqqC1wN1 : 328.5852738 (0.19)%
         GbtC1wN1_GqqN1 : 326.2376634 (0.19)%
      GqqC1wN1_GqqN2hN1 : 313.7070771 (0.18)%
      GttN1_GttN4wC1wN1 : 309.9553719 (0.18)%
GbtC2hC1wN1_GttN4wC1wN1 : 308.9182938 (0.18)%
      C2zC1wN1_N4hN2hN1 : 305.3812784 (0.17)%
      C2wN2hN1_N4hN2hN1 : 303.0865078 (0.17)%
   GqqC1wN1_GttN3wC1wN1 : 302.6014796 (0.17)%
   GbbN2hN1_GbtC2zC1wN1 : 276.7479589 (0.16)%
   GbbN2hN1_GbtC2wN2hN1 : 274.6683517 (0.16)%
   GbtC2wN1_GbtC2zC1wN1 : 274.1410723 (0.16)%
      C2hC1wN1_N4hN2hN1 : 273.7334720 (0.16)%
   GbtC2wN1_GbtC2wN2hN1 : 272.0810544 (0.16)%
      N3zN2hN1_N4wC1wN1 : 271.2711984 (0.16)%
      C2zC1wN1_N3zN2hN1 : 267.2210333 (0.15)%
      C2wN2hN1_N3zN2hN1 : 265.2130157 (0.15)%
         C1wN1_N4wC1wN1 : 262.4271827 (0.15)%
   GbtC2zC1wN1_GqqN2hN1 : 261.7280851 (0.15)%
   GbtC2wN2hN1_GqqN2hN1 : 259.7613439 (0.15)%
      N3wC1wN1_N4hN2hN1 : 256.7931087 (0.15)%
         C2wN1_C2zC1wN1 : 255.0265700 (0.15)%
         C2wN1_C2wN2hN1 : 253.1101870 (0.14)%
         N3zN1_N4wC1wN1 : 252.5007124 (0.14)%
GbtC2zC1wN1_GttN3wC1wN1 : 252.4626047 (0.14)%
GbtC2wN2hN1_GttN3wC1wN1 : 250.5654885 (0.14)%
               C1wN1_N1 : 249.0027561 (0.14)%
         GbbN2hN1_GttN1 : 248.9003251 (0.14)%
         C2zC1wN1_N3zN1 : 248.7307966 (0.14)%
   GbbN2hN1_GbtC2hC1wN1 : 248.0675307 (0.14)%
GbtC2zC1wN1_GbtC2zC1wN1 : 247.4715149 (0.14)%
         C2wN2hN1_N3zN1 : 246.8617229 (0.14)%
         GbtC2wN1_GttN1 : 246.5557552 (0.14)%
   GbtC2hC1wN1_GbtC2wN1 : 245.7308055 (0.14)%
GbtC2wN2hN1_GbtC2wN2hN1 : 243.7662670 (0.14)%
      C2hC1wN1_N3zN2hN1 : 239.5279162 (0.14)%
         GqqN2hN1_GttN1 : 235.3918190 (0.13)%
   GbtC2hC1wN1_GqqN2hN1 : 234.6042227 (0.13)%
         GqqC1wN1_GqqN1 : 234.0990807 (0.13)%
         N2hN1_N3wC1wN1 : 233.6066851 (0.13)%
      C2zC1wN1_C2zC1wN1 : 230.2165491 (0.13)%
         C2hC1wN1_C2wN1 : 228.5972108 (0.13)%
      GttN1_GttN3wC1wN1 : 227.0586733 (0.13)%
      C2wN2hN1_C2wN2hN1 : 226.7696498 (0.13)%
GbtC2hC1wN1_GttN3wC1wN1 : 226.2989588 (0.13)%
         C2hC1wN1_N3zN1 : 222.9538920 (0.13)%
      GbtC1wN1_GttN2hN1 : 207.0255019 (0.12)%
         C2zC1wN1_N4hN1 : 203.5402817 (0.12)%
         C2wN2hN1_N4hN1 : 202.0107896 (0.12)%
            GttN1_GttN1 : 200.1738267 (0.11)%
GbtC2hC1wN1_GbtC2hC1wN1 : 198.8365464 (0.11)%
         C1wN1_N3zN2hN1 : 197.6556333 (0.11)%
   GbtC1wN1_GttN4hN2hN1 : 197.2925995 (0.11)%
      GbtC2zC1wN1_GqqN1 : 195.3105574 (0.11)%
      GbtC2wN2hN1_GqqN1 : 193.8429071 (0.11)%
   GbbN2hN1_GttN4wC1wN1 : 192.7024979 (0.11)%
   GbtC2wN1_GttN4wC1wN1 : 190.8872955 (0.11)%
      C2hC1wN1_C2hC1wN1 : 184.9726566 (0.11)%
            C1wN1_N3zN1 : 183.9789425 (0.11)%
         C2hC1wN1_N4hN1 : 182.4466395 (0.10)%
   GqqN2hN1_GttN4wC1wN1 : 182.2440027 (0.10)%
GttN3wC1wN1_GttN4wC1wN1 : 175.7923518 (0.10)%
            GqqN1_GttN1 : 175.6575240 (0.10)%
      GbtC2hC1wN1_GqqN1 : 175.0697924 (0.10)%
         N3wC1wN1_N4hN1 : 171.1556843 (0.10)%
------------------------------------------------------------
                                      SUM=83.35%

SHOWING PROCESSES TO GET 90.00% SUSY COVERAGE
---------------  Output inclusive processes  ---------------
The total xsec = 174665.47 [fb]
The total rate = 100.00%
                  Modes : xsec/fb      (rate)
            C1wN1_N2hN1 : 63874.8403097 (36.57)%
            C1wN1_C1wN1 : 35721.7718190 (20.45)%
            C1wN1_N2zN1 : 8582.0602808 (4.91)%
      GbtC1wN1_GqqC1wN1 : 990.9176857 (0.57)%
      C2zC1wN1_N4wC1wN1 : 891.0418915 (0.51)%
      C2wN2hN1_N4wC1wN1 : 884.3462068 (0.51)%
   GbtC1wN1_GbtC2zC1wN1 : 826.7297974 (0.47)%
   GbtC1wN1_GbtC2wN2hN1 : 820.5173824 (0.47)%
      C2hC1wN1_N4wC1wN1 : 798.6998809 (0.46)%
      N3wC1wN1_N4wC1wN1 : 749.2712667 (0.43)%
         GbtC1wN1_GttN1 : 743.5404986 (0.43)%
   GbtC1wN1_GbtC2hC1wN1 : 741.0526901 (0.42)%
      C2zC1wN1_N3wC1wN1 : 738.0844089 (0.42)%
      C2wN2hN1_N3wC1wN1 : 732.5381146 (0.42)%
      GbtC1wN1_GbtC1wN1 : 690.4654846 (0.40)%
      C2hC1wN1_N3wC1wN1 : 661.5939554 (0.38)%
   GbtC2zC1wN1_GqqC1wN1 : 593.2383267 (0.34)%
   GbtC2wN2hN1_GqqC1wN1 : 588.7804703 (0.34)%
   GbtC1wN1_GttN4wC1wN1 : 575.6606036 (0.33)%
         C1wN1_N3wC1wN1 : 545.9395896 (0.31)%
         GqqC1wN1_GttN1 : 533.5439978 (0.31)%
   GbtC2hC1wN1_GqqC1wN1 : 531.7588156 (0.30)%
         C2wN1_N4wC1wN1 : 493.5339319 (0.28)%
GbtC2wN2hN1_GbtC2zC1wN1 : 491.2238080 (0.28)%
      GbbN2hN1_GbtC1wN1 : 462.2669078 (0.26)%
      GbtC1wN1_GbtC2wN1 : 457.9124858 (0.26)%
      C2wN2hN1_C2zC1wN1 : 456.9731993 (0.26)%
      GbtC2zC1wN1_GttN1 : 445.1396192 (0.25)%
GbtC2hC1wN1_GbtC2zC1wN1 : 443.6502287 (0.25)%
      GbtC2wN2hN1_GttN1 : 441.7946423 (0.25)%
GbtC2hC1wN1_GbtC2wN2hN1 : 440.3164438 (0.25)%
      GbtC1wN1_GqqN2hN1 : 437.1784098 (0.25)%
   GbtC1wN1_GttN3wC1wN1 : 421.7017827 (0.24)%
   GqqC1wN1_GttN4wC1wN1 : 413.0780508 (0.24)%
      C2hC1wN1_C2zC1wN1 : 412.7166906 (0.24)%
      C2hC1wN1_C2wN2hN1 : 409.6153540 (0.23)%
         C2wN1_N3wC1wN1 : 408.8132150 (0.23)%
      GbtC2hC1wN1_GttN1 : 399.0081322 (0.23)%
      GqqC1wN1_GqqC1wN1 : 355.5274962 (0.20)%
GbtC2zC1wN1_GttN4wC1wN1 : 344.6340076 (0.20)%
GbtC2wN2hN1_GttN4wC1wN1 : 342.0442745 (0.20)%
      GbbN2hN1_GqqC1wN1 : 331.7098861 (0.19)%
      GbtC2wN1_GqqC1wN1 : 328.5852738 (0.19)%
         GbtC1wN1_GqqN1 : 326.2376634 (0.19)%
      GqqC1wN1_GqqN2hN1 : 313.7070771 (0.18)%
      GttN1_GttN4wC1wN1 : 309.9553719 (0.18)%
GbtC2hC1wN1_GttN4wC1wN1 : 308.9182938 (0.18)%
      C2zC1wN1_N4hN2hN1 : 305.3812784 (0.17)%
      C2wN2hN1_N4hN2hN1 : 303.0865078 (0.17)%
   GqqC1wN1_GttN3wC1wN1 : 302.6014796 (0.17)%
   GbbN2hN1_GbtC2zC1wN1 : 276.7479589 (0.16)%
   GbbN2hN1_GbtC2wN2hN1 : 274.6683517 (0.16)%
   GbtC2wN1_GbtC2zC1wN1 : 274.1410723 (0.16)%
      C2hC1wN1_N4hN2hN1 : 273.7334720 (0.16)%
   GbtC2wN1_GbtC2wN2hN1 : 272.0810544 (0.16)%
      N3zN2hN1_N4wC1wN1 : 271.2711984 (0.16)%
      C2zC1wN1_N3zN2hN1 : 267.2210333 (0.15)%
      C2wN2hN1_N3zN2hN1 : 265.2130157 (0.15)%
         C1wN1_N4wC1wN1 : 262.4271827 (0.15)%
   GbtC2zC1wN1_GqqN2hN1 : 261.7280851 (0.15)%
   GbtC2wN2hN1_GqqN2hN1 : 259.7613439 (0.15)%
      N3wC1wN1_N4hN2hN1 : 256.7931087 (0.15)%
         C2wN1_C2zC1wN1 : 255.0265700 (0.15)%
         C2wN1_C2wN2hN1 : 253.1101870 (0.14)%
         N3zN1_N4wC1wN1 : 252.5007124 (0.14)%
GbtC2zC1wN1_GttN3wC1wN1 : 252.4626047 (0.14)%
GbtC2wN2hN1_GttN3wC1wN1 : 250.5654885 (0.14)%
               C1wN1_N1 : 249.0027561 (0.14)%
         GbbN2hN1_GttN1 : 248.9003251 (0.14)%
         C2zC1wN1_N3zN1 : 248.7307966 (0.14)%
   GbbN2hN1_GbtC2hC1wN1 : 248.0675307 (0.14)%
GbtC2zC1wN1_GbtC2zC1wN1 : 247.4715149 (0.14)%
         C2wN2hN1_N3zN1 : 246.8617229 (0.14)%
         GbtC2wN1_GttN1 : 246.5557552 (0.14)%
   GbtC2hC1wN1_GbtC2wN1 : 245.7308055 (0.14)%
GbtC2wN2hN1_GbtC2wN2hN1 : 243.7662670 (0.14)%
      C2hC1wN1_N3zN2hN1 : 239.5279162 (0.14)%
         GqqN2hN1_GttN1 : 235.3918190 (0.13)%
   GbtC2hC1wN1_GqqN2hN1 : 234.6042227 (0.13)%
         GqqC1wN1_GqqN1 : 234.0990807 (0.13)%
         N2hN1_N3wC1wN1 : 233.6066851 (0.13)%
      C2zC1wN1_C2zC1wN1 : 230.2165491 (0.13)%
         C2hC1wN1_C2wN1 : 228.5972108 (0.13)%
      GttN1_GttN3wC1wN1 : 227.0586733 (0.13)%
      C2wN2hN1_C2wN2hN1 : 226.7696498 (0.13)%
GbtC2hC1wN1_GttN3wC1wN1 : 226.2989588 (0.13)%
         C2hC1wN1_N3zN1 : 222.9538920 (0.13)%
      GbtC1wN1_GttN2hN1 : 207.0255019 (0.12)%
         C2zC1wN1_N4hN1 : 203.5402817 (0.12)%
         C2wN2hN1_N4hN1 : 202.0107896 (0.12)%
            GttN1_GttN1 : 200.1738267 (0.11)%
GbtC2hC1wN1_GbtC2hC1wN1 : 198.8365464 (0.11)%
         C1wN1_N3zN2hN1 : 197.6556333 (0.11)%
   GbtC1wN1_GttN4hN2hN1 : 197.2925995 (0.11)%
      GbtC2zC1wN1_GqqN1 : 195.3105574 (0.11)%
      GbtC2wN2hN1_GqqN1 : 193.8429071 (0.11)%
   GbbN2hN1_GttN4wC1wN1 : 192.7024979 (0.11)%
   GbtC2wN1_GttN4wC1wN1 : 190.8872955 (0.11)%
      C2hC1wN1_C2hC1wN1 : 184.9726566 (0.11)%
            C1wN1_N3zN1 : 183.9789425 (0.11)%
         C2hC1wN1_N4hN1 : 182.4466395 (0.10)%
   GqqN2hN1_GttN4wC1wN1 : 182.2440027 (0.10)%
GttN3wC1wN1_GttN4wC1wN1 : 175.7923518 (0.10)%
            GqqN1_GttN1 : 175.6575240 (0.10)%
      GbtC2hC1wN1_GqqN1 : 175.0697924 (0.10)%
         N3wC1wN1_N4hN1 : 171.1556843 (0.10)%
         C2wN1_N4hN2hN1 : 169.1458331 (0.10)%
   GbbN3wC1wN1_GbtC1wN1 : 154.2083664 (0.09)%
      GbbN2hN1_GbtC2wN1 : 153.2862928 (0.09)%
   GbtC1wN1_GttN3zN2hN1 : 152.6757438 (0.09)%
      GqqC1wN1_GttN2hN1 : 148.5557467 (0.09)%
   GbbN4wC1wN1_GbtC1wN1 : 148.2941217 (0.08)%
         C2wN1_N3zN2hN1 : 148.0094803 (0.08)%
      GbbN2hN1_GqqN2hN1 : 146.3455569 (0.08)%
      GbtC2wN1_GqqN2hN1 : 144.9670236 (0.08)%
      GbtC1wN1_GttN3zN1 : 142.1114158 (0.08)%
   GqqC1wN1_GttN4hN2hN1 : 141.5716864 (0.08)%
   GbbN2hN1_GttN3wC1wN1 : 141.1647530 (0.08)%
   GbtC2wN1_GttN3wC1wN1 : 139.8350214 (0.08)%
            C2wN1_N3zN1 : 137.7680322 (0.08)%
         C1wN1_C2zC1wN1 : 136.8400471 (0.08)%
      GqqN1_GttN4wC1wN1 : 135.9967836 (0.08)%
         C1wN1_C2wN2hN1 : 135.8117702 (0.08)%
    GbtC1wN1_QqGbtC1wN1 : 134.8907026 (0.08)%
   GqqN2hN1_GttN3wC1wN1 : 133.5033531 (0.08)%
      GbtC1wN1_GttN4hN1 : 131.4978819 (0.08)%
   GbtC2zC1wN1_GttN2hN1 : 123.9411347 (0.07)%
   GbtC2wN2hN1_GttN2hN1 : 123.0097859 (0.07)%
         C1wN1_C2hC1wN1 : 122.6588002 (0.07)%
GttN4wC1wN1_GttN4wC1wN1 : 119.9861318 (0.07)%
      C2wN2zN1_N4wC1wN1 : 118.8184960 (0.07)%
GbtC2zC1wN1_GttN4hN2hN1 : 118.1142826 (0.07)%
GbtC2wN2hN1_GttN4hN2hN1 : 117.2267194 (0.07)%
            C2wN1_N4hN1 : 112.7377248 (0.06)%
         GttN1_GttN2hN1 : 111.4696161 (0.06)%
   GbtC2hC1wN1_GttN2hN1 : 111.0966504 (0.06)%
         C2zC1wN1_N2hN1 : 110.8891971 (0.06)%
   GbbN3wC1wN1_GqqC1wN1 : 110.6556381 (0.06)%
   GbtC1wN1_GbtC2wN2zN1 : 110.2426183 (0.06)%
         C2wN2hN1_N2hN1 : 110.0559264 (0.06)%
   GqqC1wN1_GttN3zN2hN1 : 109.5558707 (0.06)%
         GbbN2hN1_GqqN1 : 109.2081206 (0.06)%
         GbtC2wN1_GqqN1 : 108.1794114 (0.06)%
   GbbN4wC1wN1_GqqC1wN1 : 106.4117404 (0.06)%
      GttN1_GttN4hN2hN1 : 106.2290882 (0.06)%
GbtC2hC1wN1_GttN4hN2hN1 : 105.8736569 (0.06)%
         GbbN1_GbtC1wN1 : 104.1502656 (0.06)%
         GqqN1_GqqN2hN1 : 103.2810952 (0.06)%
      GqqC1wN1_GttN3zN1 : 101.9752025 (0.06)%
      GqqN1_GttN3wC1wN1 : 99.6248236 (0.06)%
         C2hC1wN1_N2hN1 : 99.3973341 (0.06)%
      C2wN2zN1_N3wC1wN1 : 98.4219487 (0.06)%
    GqqC1wN1_QqGbtC1wN1 : 96.7938194 (0.06)%
    GbtC1wN1_QqGqqC1wN1 : 96.7938194 (0.06)%
      GqqC1wN1_GttN4hN1 : 94.3592256 (0.05)%
      N3zN2hN1_N4hN2hN1 : 92.9711006 (0.05)%
GbbN3wC1wN1_GbtC2zC1wN1 : 92.3207998 (0.05)%
GbbN3wC1wN1_GbtC2wN2hN1 : 91.6270603 (0.05)%
GbtC2zC1wN1_GttN3zN2hN1 : 91.4032559 (0.05)%
GbtC2wN2hN1_GttN3zN2hN1 : 90.7164112 (0.05)%
         C1wN1_N4hN2hN1 : 89.9400458 (0.05)%
GbbN4wC1wN1_GbtC2zC1wN1 : 88.7800852 (0.05)%
GbbN4wC1wN1_GbtC2wN2hN1 : 88.1129522 (0.05)%
            N2hN1_N2hN1 : 87.7921351 (0.05)%
         N3zN1_N4hN2hN1 : 86.5380080 (0.05)%
   GttN2hN1_GttN4wC1wN1 : 86.3015082 (0.05)%
   GbtC2zC1wN1_GttN3zN1 : 85.0786496 (0.05)%
         N2hN1_N3zN2hN1 : 84.5765322 (0.05)%
   GbtC2wN2hN1_GttN3zN1 : 84.4393308 (0.05)%
      GbbN3wC1wN1_GttN1 : 83.0310625 (0.05)%
GbbN3wC1wN1_GbtC2hC1wN1 : 82.7532493 (0.05)%
GttN4hN2hN1_GttN4wC1wN1 : 82.2442102 (0.05)%
      GttN1_GttN3zN2hN1 : 82.2058461 (0.05)%
GbtC2hC1wN1_GttN3zN2hN1 : 81.9307939 (0.05)%
 GbtC1wN1_QqGbtC2zC1wN1 : 80.7557841 (0.05)%
 GbtC2zC1wN1_QqGbtC1wN1 : 80.7557841 (0.05)%
 GbtC1wN1_QqGbtC2wN2hN1 : 80.1489493 (0.05)%
 GbtC2wN2hN1_QqGbtC1wN1 : 80.1489493 (0.05)%
      GbbN4wC1wN1_GttN1 : 79.8466307 (0.05)%
GbbN4wC1wN1_GbtC2hC1wN1 : 79.5794723 (0.05)%
   GbtC2wN2zN1_GqqC1wN1 : 79.1070391 (0.05)%
   GbtC2zC1wN1_GttN4hN1 : 78.7245849 (0.05)%
            N2hN1_N3zN1 : 78.7242979 (0.05)%
   GbtC2wN2hN1_GttN4hN1 : 78.1330133 (0.04)%
      GbbN2hN1_GbbN2hN1 : 77.3719682 (0.04)%
         GttN1_GttN3zN1 : 76.5176503 (0.04)%
   GbtC2hC1wN1_GttN3zN1 : 76.2616303 (0.04)%
      GbtC2wN1_GbtC2wN1 : 75.9211899 (0.04)%
            C1wN1_C2wN1 : 75.7935257 (0.04)%
         GbbN1_GqqC1wN1 : 74.7353361 (0.04)%
                  N1_N1 : 73.0119587 (0.04)%
       GttN1_QqGbtC1wN1 : 72.6297711 (0.04)%
       GbtC1wN1_QqGttN1 : 72.6297711 (0.04)%
 GbtC1wN1_QqGbtC2hC1wN1 : 72.3867595 (0.04)%
 GbtC2hC1wN1_QqGbtC1wN1 : 72.3867595 (0.04)%
         GttN1_GttN4hN1 : 70.8029604 (0.04)%
            C2wN1_C2wN1 : 70.6275805 (0.04)%
   GbtC2hC1wN1_GttN4hN1 : 70.5660611 (0.04)%
    GqqC1wN1_QqGqqC1wN1 : 69.4565548 (0.04)%
      GbbN2hN1_GttN2hN1 : 69.3018266 (0.04)%
      GqqN2hN1_GqqN2hN1 : 69.2014903 (0.04)%
      GbtC2wN1_GttN2hN1 : 68.6490233 (0.04)%
   GbbN2hN1_GttN4hN2hN1 : 66.0437357 (0.04)%
GbtC2wN2zN1_GbtC2zC1wN1 : 65.9995753 (0.04)%
      GqqN2hN1_GttN2hN1 : 65.5406257 (0.04)%
GbtC2wN2hN1_GbtC2wN2zN1 : 65.5036251 (0.04)%
   GbtC2wN1_GttN4hN2hN1 : 65.4216226 (0.04)%
GttN3wC1wN1_GttN3wC1wN1 : 64.3885891 (0.04)%
GbbN3wC1wN1_GttN4wC1wN1 : 64.2839383 (0.04)%
GttN3zN2hN1_GttN4wC1wN1 : 63.6450429 (0.04)%
   GttN2hN1_GttN3wC1wN1 : 63.2204109 (0.04)%
   GqqN2hN1_GttN4hN2hN1 : 62.4593603 (0.04)%
      GbbN1_GbtC2zC1wN1 : 62.3522318 (0.04)%
      GbbN2zN1_GbtC1wN1 : 62.1090002 (0.04)%
         N3zN2hN1_N4hN1 : 61.9663527 (0.04)%
      GbbN1_GbtC2wN2hN1 : 61.8836895 (0.04)%
GbbN4wC1wN1_GttN4wC1wN1 : 61.8185018 (0.04)%
            C2wN1_N2hN1 : 61.4197626 (0.04)%
      C2wN2zN1_C2zC1wN1 : 61.3977510 (0.04)%
      C2wN2hN1_C2wN2zN1 : 60.9363811 (0.03)%
GttN3wC1wN1_GttN4hN2hN1 : 60.2482258 (0.03)%
            C1wN1_N4hN1 : 59.9461184 (0.03)%
      GbtC2wN2zN1_GttN1 : 59.3583989 (0.03)%
   GttN3zN1_GttN4wC1wN1 : 59.2411534 (0.03)%
GbtC2hC1wN1_GbtC2wN2zN1 : 59.1597919 (0.03)%
            N1_N3wC1wN1 : 58.7675592 (0.03)%
      GbtC1wN1_GqqN2zN1 : 58.7381737 (0.03)%
 GqqC1wN1_QqGbtC2zC1wN1 : 57.9481064 (0.03)%
 GbtC2zC1wN1_QqGqqC1wN1 : 57.9481064 (0.03)%
            N3zN1_N4hN1 : 57.6786194 (0.03)%
 GqqC1wN1_QqGbtC2wN2hN1 : 57.5126585 (0.03)%
 GbtC2wN2hN1_QqGqqC1wN1 : 57.5126585 (0.03)%
------------------------------------------------------------
                                      SUM=90.01%
