/Users/rafalmaselek/Projects/fastlim-1.0
 
#################################################################
#                                                               #
#                                                               #
#                     This is Fastlim  ver. 1.0                 #
#                                                               #
#          A fast LHC limit calculator for BSM models.          #
#                                                               #
#                  http://cern.ch/fastlim-1.0/                  #
#                                                               #
#  for bugs/feature requests: fastlim-1.0.developers@gmail.com  #
#                                                               #
#    please refer to:                                           #
#    M.Papucci, K.Sakurai, A.Weiler, L.Zeune arXiv:1402.xxxx    #
#                                                               #
#################################################################
 

!! Masses incompatible with the data for ERER !!

!! Problem with reading tables for ER ER !! Probably mass outside the table !! Setting xsec to 10^-20 !!

!! Masses incompatible with the data for ELEL !!

!! Problem with reading tables for EL EL !! Probably mass outside the table !! Setting xsec to 10^-20 !!

!! Masses incompatible with the data for TAU1TAU1 !!

!! Problem with reading tables for TAU1 TAU1 !! Probably mass outside the table !! Setting xsec to 10^-20 !!

!! Masses incompatible with the data for TAU2TAU2 !!

!! Problem with reading tables for TAU2 TAU2 !! Probably mass outside the table !! Setting xsec to 10^-20 !!
!! EWK PROCESS C1C2 NOT FOUND !! WILL TRY TO LOOK FOR +/- MODES !!
XSEC FOUND FOR: C1-C2+
XSEC FOUND FOR: C1+C2-
!! EWK PROCESS C1N1 NOT FOUND !! WILL TRY TO LOOK FOR +/- MODES !!
XSEC FOUND FOR: C1+N1
XSEC FOUND FOR: C1-N1
!! EWK PROCESS C1N2 NOT FOUND !! WILL TRY TO LOOK FOR +/- MODES !!
XSEC FOUND FOR: C1+N2
XSEC FOUND FOR: C1-N2
!! EWK PROCESS C1N3 NOT FOUND !! WILL TRY TO LOOK FOR +/- MODES !!
XSEC FOUND FOR: C1+N3
XSEC FOUND FOR: C1-N3
!! EWK PROCESS C1N4 NOT FOUND !! WILL TRY TO LOOK FOR +/- MODES !!
XSEC FOUND FOR: C1+N4
XSEC FOUND FOR: C1-N4
!! EWK PROCESS C2N1 NOT FOUND !! WILL TRY TO LOOK FOR +/- MODES !!
XSEC FOUND FOR: C2+N1
XSEC FOUND FOR: C2-N1
!! EWK PROCESS C2N2 NOT FOUND !! WILL TRY TO LOOK FOR +/- MODES !!
XSEC FOUND FOR: C2+N2
XSEC FOUND FOR: C2-N2
!! EWK PROCESS C2N3 NOT FOUND !! WILL TRY TO LOOK FOR +/- MODES !!
XSEC FOUND FOR: C2+N3
XSEC FOUND FOR: C2-N3
!! EWK PROCESS C2N4 NOT FOUND !! WILL TRY TO LOOK FOR +/- MODES !!
XSEC FOUND FOR: C2+N4
XSEC FOUND FOR: C2-N4
---------------  Output inclusive processes  ---------------
The total xsec = 10352.46 [fb]
The total rate = 100.00%
Output upto 0.10%
                       Modes : xsec/fb      (rate)
                 C1wN1_N2hN1 : 3611.6390831 (34.89)%
                 C1wN1_C1wN1 : 1776.5188662 (17.16)%
             QqC1wN1_QqC1wN1 : 334.1384881 (3.23)%
             QqC1wN1_QqN2hN1 : 325.7131631 (3.15)%
          GtT1bC1wN1_QqC1wN1 : 187.4465062 (1.81)%
        QqC1wN1_QqGtT1bC1wN1 : 144.2205534 (1.39)%
             GtT1tN1_QqC1wN1 : 108.1134005 (1.04)%
                 C1wN1_N2zN1 : 95.4428822 (0.92)%
          GtT1bC1wN1_QqN2hN1 : 91.3600148 (0.88)%
          GtT1tN2hN1_QqC1wN1 : 85.6831798 (0.83)%
           QqC1wN1_QqGtT1tN1 : 83.1819955 (0.80)%
             QqN2hN1_QqN2hN1 : 79.3750708 (0.77)%
       GtT1tN3wC1wN1_QqC1wN1 : 78.8467110 (0.76)%
        QqGtT1bC1wN1_QqN2hN1 : 70.2920111 (0.68)%
        QqC1wN1_QqGtT1tN2hN1 : 65.9242781 (0.64)%
       GtT1bC2hC1wN1_QqC1wN1 : 63.0237860 (0.61)%
     QqC1wN1_QqGtT1tN3wC1wN1 : 60.6643277 (0.59)%
       GtT1bC2zC1wN1_QqC1wN1 : 58.4299478 (0.56)%
       GtT1bC2wN2hN1_QqC1wN1 : 56.5428133 (0.55)%
             GtT1tN1_QqN2hN1 : 52.6936568 (0.51)%
     QqC1wN1_QqGtT1bC2hC1wN1 : 48.4902358 (0.47)%
     QqC1wN1_QqGtT1bC2zC1wN1 : 44.9557560 (0.43)%
     QqC1wN1_QqGtT1bC2wN2hN1 : 43.5038027 (0.42)%
          GtT1tN2hN1_QqN2hN1 : 41.7613363 (0.40)%
           QqGtT1tN1_QqN2hN1 : 40.5422779 (0.39)%
     GtT1bC1wN1_QqGtT1bC1wN1 : 40.4527461 (0.39)%
                       N1_N1 : 39.7684892 (0.38)%
       GtT1tN3wC1wN1_QqN2hN1 : 38.4292929 (0.37)%
       GtT1tN3zN2hN1_QqC1wN1 : 37.3066121 (0.36)%
        QqGtT1tN2hN1_QqN2hN1 : 32.1309965 (0.31)%
       GtT1bC2hC1wN1_QqN2hN1 : 30.7173184 (0.30)%
                 N2hN1_N2hN1 : 30.4828267 (0.29)%
     QqGtT1tN3wC1wN1_QqN2hN1 : 29.5673363 (0.29)%
     QqC1wN1_QqGtT1tN3zN2hN1 : 28.7035504 (0.28)%
       GtT1bC2zC1wN1_QqN2hN1 : 28.4783163 (0.28)%
       GtT1bC2wN2hN1_QqN2hN1 : 27.5585412 (0.27)%
     QqGtT1bC2hC1wN1_QqN2hN1 : 23.6337756 (0.23)%
        GtT1tN1_QqGtT1bC1wN1 : 23.3319043 (0.23)%
        GtT1bC1wN1_QqGtT1tN1 : 23.3319043 (0.23)%
     QqGtT1bC2zC1wN1_QqN2hN1 : 21.9110968 (0.21)%
          GtT1bC1wN1_GtT1tN1 : 21.3459831 (0.21)%
     QqGtT1bC2wN2hN1_QqN2hN1 : 21.2034257 (0.20)%
          GtT1bC2wN1_QqC1wN1 : 19.9410210 (0.19)%
       GtT1tN4wC1wN1_QqC1wN1 : 18.5728084 (0.18)%
       GtT1bC1wN1_GtT1bC1wN1 : 18.5047827 (0.18)%
     GtT1bC1wN1_QqGtT1tN2hN1 : 18.4912485 (0.18)%
     GtT1tN2hN1_QqGtT1bC1wN1 : 18.4912485 (0.18)%
       GtT1tN3zN2hN1_QqN2hN1 : 18.1829616 (0.18)%
      QqGtT1bC1wN1_QqGtT1tN1 : 17.9514690 (0.17)%
  GtT1bC1wN1_QqGtT1tN3wC1wN1 : 17.0158732 (0.16)%
  GtT1tN3wC1wN1_QqGtT1bC1wN1 : 17.0158732 (0.16)%
       GtT1bC1wN1_GtT1tN2hN1 : 16.9173451 (0.16)%
    GtT1bC1wN1_GtT1tN3wC1wN1 : 15.5675481 (0.15)%
   QqGtT1bC1wN1_QqGtT1bC1wN1 : 15.5620863 (0.15)%
        QqC1wN1_QqGtT1bC2wN1 : 15.3425377 (0.15)%
                QqC1wN1_QqN1 : 15.1850105 (0.15)%
     QqC1wN1_QqGtT1tN4wC1wN1 : 14.2898407 (0.14)%
              T1bC1wN1_T1tN1 : 14.2370603 (0.14)%
   QqGtT1bC1wN1_QqGtT1tN2hN1 : 14.2270888 (0.14)%
     QqGtT1tN3zN2hN1_QqN2hN1 : 13.9898942 (0.14)%
  GtT1bC1wN1_QqGtT1bC2hC1wN1 : 13.6011349 (0.13)%
  GtT1bC2hC1wN1_QqGtT1bC1wN1 : 13.6011349 (0.13)%
          GtT1tN3zN1_QqC1wN1 : 13.5332687 (0.13)%
           GtT1tN1_QqGtT1tN1 : 13.4571274 (0.13)%
                    C1wN1_N1 : 13.3880008 (0.13)%
QqGtT1bC1wN1_QqGtT1tN3wC1wN1 : 13.0919413 (0.13)%
  GtT1bC1wN1_QqGtT1bC2zC1wN1 : 12.6097407 (0.12)%
  GtT1bC2zC1wN1_QqGtT1bC1wN1 : 12.6097407 (0.12)%
    GtT1bC1wN1_GtT1bC2hC1wN1 : 12.4434590 (0.12)%
           T1bC1wN1_T1bC1wN1 : 12.3420742 (0.12)%
          GbB1tC1wN1_QqC1wN1 : 12.3030044 (0.12)%
  GtT1bC1wN1_QqGtT1bC2wN2hN1 : 12.2024791 (0.12)%
  GtT1bC2wN2hN1_QqGtT1bC1wN1 : 12.2024791 (0.12)%
    GtT1bC1wN1_GtT1bC2zC1wN1 : 11.5364485 (0.11)%
           T1bC1wN1_T1tN2hN1 : 11.2833062 (0.11)%
           C2hC1wN1_N3wC1wN1 : 11.2060243 (0.11)%
    GtT1bC1wN1_GtT1bC2wN2hN1 : 11.1638514 (0.11)%
           C2hC1wN1_N4wC1wN1 : 10.8805718 (0.11)%
        GtT1tN1_QqGtT1tN2hN1 : 10.6651854 (0.10)%
        GtT1tN2hN1_QqGtT1tN1 : 10.6651854 (0.10)%
QqGtT1bC1wN1_QqGtT1bC2hC1wN1 : 10.4646560 (0.10)%
        QqC1wN1_QqGtT1tN3zN1 : 10.4124400 (0.10)%
           C2zC1wN1_N3wC1wN1 : 10.3892110 (0.10)%
        T1bC1wN1_T1tN3wC1wN1 : 10.3830365 (0.10)%
           C2zC1wN1_N4wC1wN1 : 10.0874810 (0.10)%
------------------------------------------------------------
                                           SUM=84.45%

SHOWING PROCESSES TO GET 90.00% SUSY COVERAGE
---------------  Output inclusive processes  ---------------
The total xsec = 10352.46 [fb]
The total rate = 100.00%
                        Modes : xsec/fb      (rate)
                  C1wN1_N2hN1 : 3611.6390831 (34.89)%
                  C1wN1_C1wN1 : 1776.5188662 (17.16)%
              QqC1wN1_QqC1wN1 : 334.1384881 (3.23)%
              QqC1wN1_QqN2hN1 : 325.7131631 (3.15)%
           GtT1bC1wN1_QqC1wN1 : 187.4465062 (1.81)%
         QqC1wN1_QqGtT1bC1wN1 : 144.2205534 (1.39)%
              GtT1tN1_QqC1wN1 : 108.1134005 (1.04)%
                  C1wN1_N2zN1 : 95.4428822 (0.92)%
           GtT1bC1wN1_QqN2hN1 : 91.3600148 (0.88)%
           GtT1tN2hN1_QqC1wN1 : 85.6831798 (0.83)%
            QqC1wN1_QqGtT1tN1 : 83.1819955 (0.80)%
              QqN2hN1_QqN2hN1 : 79.3750708 (0.77)%
        GtT1tN3wC1wN1_QqC1wN1 : 78.8467110 (0.76)%
         QqGtT1bC1wN1_QqN2hN1 : 70.2920111 (0.68)%
         QqC1wN1_QqGtT1tN2hN1 : 65.9242781 (0.64)%
        GtT1bC2hC1wN1_QqC1wN1 : 63.0237860 (0.61)%
      QqC1wN1_QqGtT1tN3wC1wN1 : 60.6643277 (0.59)%
        GtT1bC2zC1wN1_QqC1wN1 : 58.4299478 (0.56)%
        GtT1bC2wN2hN1_QqC1wN1 : 56.5428133 (0.55)%
              GtT1tN1_QqN2hN1 : 52.6936568 (0.51)%
      QqC1wN1_QqGtT1bC2hC1wN1 : 48.4902358 (0.47)%
      QqC1wN1_QqGtT1bC2zC1wN1 : 44.9557560 (0.43)%
      QqC1wN1_QqGtT1bC2wN2hN1 : 43.5038027 (0.42)%
           GtT1tN2hN1_QqN2hN1 : 41.7613363 (0.40)%
            QqGtT1tN1_QqN2hN1 : 40.5422779 (0.39)%
      GtT1bC1wN1_QqGtT1bC1wN1 : 40.4527461 (0.39)%
                        N1_N1 : 39.7684892 (0.38)%
        GtT1tN3wC1wN1_QqN2hN1 : 38.4292929 (0.37)%
        GtT1tN3zN2hN1_QqC1wN1 : 37.3066121 (0.36)%
         QqGtT1tN2hN1_QqN2hN1 : 32.1309965 (0.31)%
        GtT1bC2hC1wN1_QqN2hN1 : 30.7173184 (0.30)%
                  N2hN1_N2hN1 : 30.4828267 (0.29)%
      QqGtT1tN3wC1wN1_QqN2hN1 : 29.5673363 (0.29)%
      QqC1wN1_QqGtT1tN3zN2hN1 : 28.7035504 (0.28)%
        GtT1bC2zC1wN1_QqN2hN1 : 28.4783163 (0.28)%
        GtT1bC2wN2hN1_QqN2hN1 : 27.5585412 (0.27)%
      QqGtT1bC2hC1wN1_QqN2hN1 : 23.6337756 (0.23)%
         GtT1tN1_QqGtT1bC1wN1 : 23.3319043 (0.23)%
         GtT1bC1wN1_QqGtT1tN1 : 23.3319043 (0.23)%
      QqGtT1bC2zC1wN1_QqN2hN1 : 21.9110968 (0.21)%
           GtT1bC1wN1_GtT1tN1 : 21.3459831 (0.21)%
      QqGtT1bC2wN2hN1_QqN2hN1 : 21.2034257 (0.20)%
           GtT1bC2wN1_QqC1wN1 : 19.9410210 (0.19)%
        GtT1tN4wC1wN1_QqC1wN1 : 18.5728084 (0.18)%
        GtT1bC1wN1_GtT1bC1wN1 : 18.5047827 (0.18)%
      GtT1bC1wN1_QqGtT1tN2hN1 : 18.4912485 (0.18)%
      GtT1tN2hN1_QqGtT1bC1wN1 : 18.4912485 (0.18)%
        GtT1tN3zN2hN1_QqN2hN1 : 18.1829616 (0.18)%
       QqGtT1bC1wN1_QqGtT1tN1 : 17.9514690 (0.17)%
   GtT1bC1wN1_QqGtT1tN3wC1wN1 : 17.0158732 (0.16)%
   GtT1tN3wC1wN1_QqGtT1bC1wN1 : 17.0158732 (0.16)%
        GtT1bC1wN1_GtT1tN2hN1 : 16.9173451 (0.16)%
     GtT1bC1wN1_GtT1tN3wC1wN1 : 15.5675481 (0.15)%
    QqGtT1bC1wN1_QqGtT1bC1wN1 : 15.5620863 (0.15)%
         QqC1wN1_QqGtT1bC2wN1 : 15.3425377 (0.15)%
                 QqC1wN1_QqN1 : 15.1850105 (0.15)%
      QqC1wN1_QqGtT1tN4wC1wN1 : 14.2898407 (0.14)%
               T1bC1wN1_T1tN1 : 14.2370603 (0.14)%
    QqGtT1bC1wN1_QqGtT1tN2hN1 : 14.2270888 (0.14)%
      QqGtT1tN3zN2hN1_QqN2hN1 : 13.9898942 (0.14)%
   GtT1bC1wN1_QqGtT1bC2hC1wN1 : 13.6011349 (0.13)%
   GtT1bC2hC1wN1_QqGtT1bC1wN1 : 13.6011349 (0.13)%
           GtT1tN3zN1_QqC1wN1 : 13.5332687 (0.13)%
            GtT1tN1_QqGtT1tN1 : 13.4571274 (0.13)%
                     C1wN1_N1 : 13.3880008 (0.13)%
 QqGtT1bC1wN1_QqGtT1tN3wC1wN1 : 13.0919413 (0.13)%
   GtT1bC1wN1_QqGtT1bC2zC1wN1 : 12.6097407 (0.12)%
   GtT1bC2zC1wN1_QqGtT1bC1wN1 : 12.6097407 (0.12)%
     GtT1bC1wN1_GtT1bC2hC1wN1 : 12.4434590 (0.12)%
            T1bC1wN1_T1bC1wN1 : 12.3420742 (0.12)%
           GbB1tC1wN1_QqC1wN1 : 12.3030044 (0.12)%
   GtT1bC1wN1_QqGtT1bC2wN2hN1 : 12.2024791 (0.12)%
   GtT1bC2wN2hN1_QqGtT1bC1wN1 : 12.2024791 (0.12)%
     GtT1bC1wN1_GtT1bC2zC1wN1 : 11.5364485 (0.11)%
            T1bC1wN1_T1tN2hN1 : 11.2833062 (0.11)%
            C2hC1wN1_N3wC1wN1 : 11.2060243 (0.11)%
     GtT1bC1wN1_GtT1bC2wN2hN1 : 11.1638514 (0.11)%
            C2hC1wN1_N4wC1wN1 : 10.8805718 (0.11)%
         GtT1tN1_QqGtT1tN2hN1 : 10.6651854 (0.10)%
         GtT1tN2hN1_QqGtT1tN1 : 10.6651854 (0.10)%
 QqGtT1bC1wN1_QqGtT1bC2hC1wN1 : 10.4646560 (0.10)%
         QqC1wN1_QqGtT1tN3zN1 : 10.4124400 (0.10)%
            C2zC1wN1_N3wC1wN1 : 10.3892110 (0.10)%
         T1bC1wN1_T1tN3wC1wN1 : 10.3830365 (0.10)%
            C2zC1wN1_N4wC1wN1 : 10.0874810 (0.10)%
            N3wC1wN1_N4wC1wN1 : 10.0742115 (0.10)%
            C2wN2hN1_N3wC1wN1 : 10.0536667 (0.10)%
      GtT1tN1_QqGtT1tN3wC1wN1 : 9.8142342 (0.09)%
      GtT1tN3wC1wN1_QqGtT1tN1 : 9.8142342 (0.09)%
            C2wN2hN1_N4wC1wN1 : 9.7616817 (0.09)%
           GtT1tN1_GtT1tN2hN1 : 9.7574062 (0.09)%
           GtT1bC2wN1_QqN2hN1 : 9.7191034 (0.09)%
 QqGtT1bC1wN1_QqGtT1bC2zC1wN1 : 9.7018815 (0.09)%
        GtT1tN4hN2hN1_QqC1wN1 : 9.5258404 (0.09)%
         QqC1wN1_QqGbB1tC1wN1 : 9.4658798 (0.09)%
 QqGtT1bC1wN1_QqGtT1bC2wN2hN1 : 9.3885361 (0.09)%
        GbB1tC2hC1wN1_QqC1wN1 : 9.2147968 (0.09)%
        GtT1tN4wC1wN1_QqN2hN1 : 9.0522469 (0.09)%
        GtT1tN1_GtT1tN3wC1wN1 : 8.9788847 (0.09)%
              QqC1wN1_QqN2zN1 : 8.6074501 (0.08)%
        GbB1tC2zC1wN1_QqC1wN1 : 8.5431252 (0.08)%
      GtT1tN2hN1_QqGtT1tN2hN1 : 8.4524860 (0.08)%
         T1bC1wN1_T1bC2hC1wN1 : 8.2993731 (0.08)%
        GbB1tC2wN2hN1_QqC1wN1 : 8.2672046 (0.08)%
       QqGtT1tN1_QqGtT1tN2hN1 : 8.2057488 (0.08)%
   GtT1bC1wN1_QqGtT1tN3zN2hN1 : 8.0511232 (0.08)%
   GtT1tN3zN2hN1_QqGtT1bC1wN1 : 8.0511232 (0.08)%
      GtT1tN1_QqGtT1bC2hC1wN1 : 7.8447178 (0.08)%
      GtT1bC2hC1wN1_QqGtT1tN1 : 7.8447178 (0.08)%
   GtT1tN2hN1_QqGtT1tN3wC1wN1 : 7.7780811 (0.08)%
   GtT1tN3wC1wN1_QqGtT1tN2hN1 : 7.7780811 (0.08)%
         T1bC1wN1_T1bC2zC1wN1 : 7.6944272 (0.07)%
    QqGtT1tN1_QqGtT1tN3wC1wN1 : 7.5510305 (0.07)%
         QqGtT1bC2wN1_QqN2hN1 : 7.4778373 (0.07)%
         T1bC1wN1_T1bC2wN2hN1 : 7.4459173 (0.07)%
                 QqN1_QqN2hN1 : 7.4010597 (0.07)%
     GtT1bC1wN1_GtT1tN3zN2hN1 : 7.3658428 (0.07)%
      QqC1wN1_QqGtT1tN4hN2hN1 : 7.3291415 (0.07)%
      GtT1bC2zC1wN1_QqGtT1tN1 : 7.2729120 (0.07)%
      GtT1tN1_QqGtT1bC2zC1wN1 : 7.2729120 (0.07)%
        GtT1bC2hC1wN1_GtT1tN1 : 7.1770058 (0.07)%
GtT1tN3wC1wN1_QqGtT1tN3wC1wN1 : 7.1574854 (0.07)%
     GtT1tN2hN1_GtT1tN3wC1wN1 : 7.1160410 (0.07)%
      QqC1wN1_QqGbB1tC2hC1wN1 : 7.0898259 (0.07)%
      GtT1tN1_QqGtT1bC2wN2hN1 : 7.0380160 (0.07)%
      GtT1bC2wN2hN1_QqGtT1tN1 : 7.0380160 (0.07)%
      QqGtT1tN4wC1wN1_QqN2hN1 : 6.9647607 (0.07)%
        GtT1bC2zC1wN1_GtT1tN1 : 6.6538700 (0.06)%
           GtT1tN3zN1_QqN2hN1 : 6.5960132 (0.06)%
      QqC1wN1_QqGbB1tC2zC1wN1 : 6.5730446 (0.06)%
            C2hC1wN1_C2zC1wN1 : 6.5698054 (0.06)%
               T1tN1_T1tN2hN1 : 6.5078652 (0.06)%
        GtT1bC2wN2hN1_GtT1tN1 : 6.4389674 (0.06)%
      QqC1wN1_QqGbB1tC2wN2hN1 : 6.3607525 (0.06)%
            C2hC1wN1_C2wN2hN1 : 6.3576179 (0.06)%
   GtT1tN2hN1_QqGtT1bC2hC1wN1 : 6.2171790 (0.06)%
   GtT1bC2hC1wN1_QqGtT1tN2hN1 : 6.2171790 (0.06)%
 QqGtT1bC1wN1_QqGtT1tN3zN2hN1 : 6.1945003 (0.06)%
              GtT1tN1_GtT1tN1 : 6.1558545 (0.06)%
           GbB1bN2hN1_QqC1wN1 : 6.0534459 (0.06)%
    QqGtT1bC2hC1wN1_QqGtT1tN1 : 6.0356929 (0.06)%
           GbB1tC1wN1_QqN2hN1 : 5.9963916 (0.06)%
            T1tN1_T1tN3wC1wN1 : 5.9886173 (0.06)%
 QqGtT1tN2hN1_QqGtT1tN3wC1wN1 : 5.9844229 (0.06)%
            C2wN2hN1_C2zC1wN1 : 5.8942077 (0.06)%
   GtT1bC2zC1wN1_QqGtT1tN2hN1 : 5.7640054 (0.06)%
   GtT1tN2hN1_QqGtT1bC2zC1wN1 : 5.7640054 (0.06)%
GtT1bC2hC1wN1_QqGtT1tN3wC1wN1 : 5.7211242 (0.06)%
GtT1tN3wC1wN1_QqGtT1bC2hC1wN1 : 5.7211242 (0.06)%
     GtT1bC2hC1wN1_GtT1tN2hN1 : 5.6879969 (0.05)%
    QqGtT1bC2zC1wN1_QqGtT1tN1 : 5.5957479 (0.05)%
            C2hC1wN1_N4hN2hN1 : 5.5805556 (0.05)%
   GtT1tN2hN1_QqGtT1bC2wN2hN1 : 5.5778431 (0.05)%
   GtT1bC2wN2hN1_QqGtT1tN2hN1 : 5.5778431 (0.05)%
    QqGtT1bC2wN2hN1_QqGtT1tN1 : 5.4150199 (0.05)%
GtT1bC2zC1wN1_QqGtT1tN3wC1wN1 : 5.3041084 (0.05)%
GtT1tN3wC1wN1_QqGtT1bC2zC1wN1 : 5.3041084 (0.05)%
            C2hC1wN1_N3zN2hN1 : 5.3021717 (0.05)%
     GtT1bC2zC1wN1_GtT1tN2hN1 : 5.2733957 (0.05)%
  GtT1bC2hC1wN1_GtT1tN3wC1wN1 : 5.2341643 (0.05)%
          QqGtT1tN1_QqGtT1tN1 : 5.1769286 (0.05)%
            C2zC1wN1_N4hN2hN1 : 5.1737859 (0.05)%
            N3wC1wN1_N4hN2hN1 : 5.1669801 (0.05)%
GtT1tN3wC1wN1_QqGtT1bC2wN2hN1 : 5.1327995 (0.05)%
GtT1bC2wN2hN1_QqGtT1tN3wC1wN1 : 5.1327995 (0.05)%
     GtT1bC2wN2hN1_GtT1tN2hN1 : 5.1030788 (0.05)%
------------------------------------------------------------
                                            SUM=90.01%
