/Users/rafalmaselek/Projects/fastlim-1.0
 
#################################################################
#                                                               #
#                                                               #
#                     This is Fastlim  ver. 1.0                 #
#                                                               #
#          A fast LHC limit calculator for BSM models.          #
#                                                               #
#                  http://cern.ch/fastlim-1.0/                  #
#                                                               #
#  for bugs/feature requests: fastlim-1.0.developers@gmail.com  #
#                                                               #
#    please refer to:                                           #
#    M.Papucci, K.Sakurai, A.Weiler, L.Zeune arXiv:1402.xxxx    #
#                                                               #
#################################################################
 

!! Masses incompatible with the data for ERER !!

!! Problem with reading tables for ER ER !! Probably mass outside the table !! Setting xsec to 10^-20 !!

!! Masses incompatible with the data for ELEL !!

!! Problem with reading tables for EL EL !! Probably mass outside the table !! Setting xsec to 10^-20 !!

!! Masses incompatible with the data for TAU1TAU1 !!

!! Problem with reading tables for TAU1 TAU1 !! Probably mass outside the table !! Setting xsec to 10^-20 !!

!! Masses incompatible with the data for TAU2TAU2 !!

!! Problem with reading tables for TAU2 TAU2 !! Probably mass outside the table !! Setting xsec to 10^-20 !!
!! EWK PROCESS C1C2 NOT FOUND !! WILL TRY TO LOOK FOR +/- MODES !!
XSEC FOUND FOR: C1-C2+
XSEC FOUND FOR: C1+C2-
!! EWK PROCESS C1N1 NOT FOUND !! WILL TRY TO LOOK FOR +/- MODES !!
XSEC FOUND FOR: C1+N1
XSEC FOUND FOR: C1-N1
!! EWK PROCESS C1N2 NOT FOUND !! WILL TRY TO LOOK FOR +/- MODES !!
XSEC FOUND FOR: C1+N2
XSEC FOUND FOR: C1-N2
!! EWK PROCESS C1N3 NOT FOUND !! WILL TRY TO LOOK FOR +/- MODES !!
XSEC FOUND FOR: C1+N3
XSEC FOUND FOR: C1-N3
!! EWK PROCESS C1N4 NOT FOUND !! WILL TRY TO LOOK FOR +/- MODES !!
XSEC FOUND FOR: C1+N4
XSEC FOUND FOR: C1-N4
!! EWK PROCESS C2N1 NOT FOUND !! WILL TRY TO LOOK FOR +/- MODES !!
XSEC FOUND FOR: C2+N1
XSEC FOUND FOR: C2-N1
!! EWK PROCESS C2N2 NOT FOUND !! WILL TRY TO LOOK FOR +/- MODES !!
XSEC FOUND FOR: C2+N2
XSEC FOUND FOR: C2-N2
!! EWK PROCESS C2N3 NOT FOUND !! WILL TRY TO LOOK FOR +/- MODES !!
XSEC FOUND FOR: C2+N3
XSEC FOUND FOR: C2-N3
!! EWK PROCESS C2N4 NOT FOUND !! WILL TRY TO LOOK FOR +/- MODES !!
XSEC FOUND FOR: C2+N4
XSEC FOUND FOR: C2-N4
---------------  Output inclusive processes  ---------------
The total xsec = 82246.09 [fb]
The total rate = 100.00%
Output upto 0.10%
               Modes : xsec/fb      (rate)
         C1wN1_N2zN1 : 38973.4357068 (47.39)%
         C1wN1_C1wN1 : 20237.2852923 (24.61)%
         C1wN1_N2hN1 : 2188.6261028 (2.66)%
      GqqC1wN1_GttN1 : 1584.1074180 (1.93)%
      GbtC1wN1_GttN1 : 1474.6194283 (1.79)%
   GbtC1wN1_GqqC1wN1 : 1473.9120374 (1.79)%
         GttN1_GttN1 : 792.4338481 (0.96)%
   GqqC1wN1_GqqC1wN1 : 791.6737523 (0.96)%
      GqqN2zN1_GttN1 : 750.2851360 (0.91)%
   GqqC1wN1_GqqN2zN1 : 749.9252161 (0.91)%
   GbtC1wN1_GqqN2zN1 : 698.0929960 (0.85)%
   GbtC1wN1_GbtC1wN1 : 686.0201844 (0.83)%
         GqqN1_GttN1 : 517.1548815 (0.63)%
      GqqC1wN1_GqqN1 : 516.9067967 (0.63)%
      GbtC1wN1_GqqN1 : 481.1799986 (0.59)%
      GbbN2zN1_GttN1 : 461.5629193 (0.56)%
   GbbN2zN1_GqqC1wN1 : 461.3415026 (0.56)%
   GbbN2zN1_GbtC1wN1 : 429.4551841 (0.52)%
      GttN1_GttN2zN1 : 245.9281659 (0.30)%
   GqqC1wN1_GttN2zN1 : 245.8101915 (0.30)%
      GqqN1_GqqN2zN1 : 244.8239822 (0.30)%
   GbtC1wN1_GttN2zN1 : 228.8206468 (0.28)%
   GbbN2zN1_GqqN2zN1 : 218.5064397 (0.27)%
   GqqN2zN1_GqqN2zN1 : 177.5945672 (0.22)%
      GbbN2zN1_GqqN1 : 150.6116362 (0.18)%
       GttN1_QqGttN1 : 124.7826451 (0.15)%
    GttN1_QqGqqC1wN1 : 124.7227855 (0.15)%
    GqqC1wN1_QqGttN1 : 124.7227855 (0.15)%
 GqqC1wN1_QqGqqC1wN1 : 124.6629547 (0.15)%
   GqqN2zN1_GttN2zN1 : 116.4237544 (0.14)%
    GttN1_QqGbtC1wN1 : 116.1023808 (0.14)%
    GbtC1wN1_QqGttN1 : 116.1023808 (0.14)%
 GqqC1wN1_QqGbtC1wN1 : 116.0466853 (0.14)%
 GbtC1wN1_QqGqqC1wN1 : 116.0466853 (0.14)%
 GbtC1wN1_QqGbtC1wN1 : 108.0259424 (0.13)%
   GbtC2hC1wN1_GttN1 : 87.8702998 (0.11)%
GbtC2hC1wN1_GqqC1wN1 : 87.8281475 (0.11)%
         GqqN1_GqqN1 : 84.3758669 (0.10)%
   GbtC2zC1wN1_GttN1 : 83.5479448 (0.10)%
GbtC2zC1wN1_GqqC1wN1 : 83.5078659 (0.10)%
GbtC1wN1_GbtC2hC1wN1 : 81.7577717 (0.10)%
------------------------------------------------------------
                                   SUM=92.99%

SHOWING PROCESSES TO GET 90.00% SUSY COVERAGE
---------------  Output inclusive processes  ---------------
The total xsec = 82246.09 [fb]
The total rate = 100.00%
            Modes : xsec/fb      (rate)
      C1wN1_N2zN1 : 38973.4357068 (47.39)%
      C1wN1_C1wN1 : 20237.2852923 (24.61)%
      C1wN1_N2hN1 : 2188.6261028 (2.66)%
   GqqC1wN1_GttN1 : 1584.1074180 (1.93)%
   GbtC1wN1_GttN1 : 1474.6194283 (1.79)%
GbtC1wN1_GqqC1wN1 : 1473.9120374 (1.79)%
      GttN1_GttN1 : 792.4338481 (0.96)%
GqqC1wN1_GqqC1wN1 : 791.6737523 (0.96)%
   GqqN2zN1_GttN1 : 750.2851360 (0.91)%
GqqC1wN1_GqqN2zN1 : 749.9252161 (0.91)%
GbtC1wN1_GqqN2zN1 : 698.0929960 (0.85)%
GbtC1wN1_GbtC1wN1 : 686.0201844 (0.83)%
      GqqN1_GttN1 : 517.1548815 (0.63)%
   GqqC1wN1_GqqN1 : 516.9067967 (0.63)%
   GbtC1wN1_GqqN1 : 481.1799986 (0.59)%
   GbbN2zN1_GttN1 : 461.5629193 (0.56)%
GbbN2zN1_GqqC1wN1 : 461.3415026 (0.56)%
GbbN2zN1_GbtC1wN1 : 429.4551841 (0.52)%
   GttN1_GttN2zN1 : 245.9281659 (0.30)%
GqqC1wN1_GttN2zN1 : 245.8101915 (0.30)%
   GqqN1_GqqN2zN1 : 244.8239822 (0.30)%
GbtC1wN1_GttN2zN1 : 228.8206468 (0.28)%
------------------------------------------------------------
                                SUM=90.26%
