/Users/rafalmaselek/Projects/fastlim-1.0
 
#################################################################
#                                                               #
#                                                               #
#                     This is Fastlim  ver. 1.0                 #
#                                                               #
#          A fast LHC limit calculator for BSM models.          #
#                                                               #
#                  http://cern.ch/fastlim-1.0/                  #
#                                                               #
#  for bugs/feature requests: fastlim-1.0.developers@gmail.com  #
#                                                               #
#    please refer to:                                           #
#    M.Papucci, K.Sakurai, A.Weiler, L.Zeune arXiv:1402.xxxx    #
#                                                               #
#################################################################
 

!! Masses incompatible with the data for ERER !!

!! Problem with reading tables for ER ER !! Probably mass outside the table !! Setting xsec to 10^-20 !!

!! Masses incompatible with the data for ELEL !!

!! Problem with reading tables for EL EL !! Probably mass outside the table !! Setting xsec to 10^-20 !!

!! Masses incompatible with the data for TAU1TAU1 !!

!! Problem with reading tables for TAU1 TAU1 !! Probably mass outside the table !! Setting xsec to 10^-20 !!

!! Masses incompatible with the data for TAU2TAU2 !!

!! Problem with reading tables for TAU2 TAU2 !! Probably mass outside the table !! Setting xsec to 10^-20 !!
!! EWK PROCESS C1C2 NOT FOUND !! WILL TRY TO LOOK FOR +/- MODES !!
XSEC FOUND FOR: C1-C2+
XSEC FOUND FOR: C1+C2-
!! EWK PROCESS C1N1 NOT FOUND !! WILL TRY TO LOOK FOR +/- MODES !!
XSEC FOUND FOR: C1+N1
XSEC FOUND FOR: C1-N1
!! EWK PROCESS C1N2 NOT FOUND !! WILL TRY TO LOOK FOR +/- MODES !!
XSEC FOUND FOR: C1+N2
XSEC FOUND FOR: C1-N2
!! EWK PROCESS C1N3 NOT FOUND !! WILL TRY TO LOOK FOR +/- MODES !!
XSEC FOUND FOR: C1+N3
XSEC FOUND FOR: C1-N3
!! EWK PROCESS C1N4 NOT FOUND !! WILL TRY TO LOOK FOR +/- MODES !!
XSEC FOUND FOR: C1+N4
XSEC FOUND FOR: C1-N4
!! EWK PROCESS C2N1 NOT FOUND !! WILL TRY TO LOOK FOR +/- MODES !!
XSEC FOUND FOR: C2+N1
XSEC FOUND FOR: C2-N1
!! EWK PROCESS C2N2 NOT FOUND !! WILL TRY TO LOOK FOR +/- MODES !!
XSEC FOUND FOR: C2+N2
XSEC FOUND FOR: C2-N2
!! EWK PROCESS C2N3 NOT FOUND !! WILL TRY TO LOOK FOR +/- MODES !!
XSEC FOUND FOR: C2+N3
XSEC FOUND FOR: C2-N3
!! EWK PROCESS C2N4 NOT FOUND !! WILL TRY TO LOOK FOR +/- MODES !!
XSEC FOUND FOR: C2+N4
XSEC FOUND FOR: C2-N4
---------------  Output inclusive processes  ---------------
The total xsec = 39617.41 [fb]
The total rate = 100.00%
Output upto 0.10%
                       Modes : xsec/fb      (rate)
                 C1wN1_N2hN1 : 8917.1469056 (22.51)%
                 C1wN1_C1wN1 : 5159.5630011 (13.02)%
                 C1wN1_N2zN1 : 1376.9490653 (3.48)%
             QqC1wN1_QqC1wN1 : 768.5340211 (1.94)%
             QqC1wN1_QqN2hN1 : 669.6830972 (1.69)%
          GtT1bC1wN1_QqC1wN1 : 428.9377618 (1.08)%
        QqC1wN1_QqGtT1bC1wN1 : 330.2927891 (0.83)%
       GtT1tN3wC1wN1_QqC1wN1 : 258.8221024 (0.65)%
          GbB1tC1wN1_QqC1wN1 : 220.9231749 (0.56)%
     QqC1wN1_QqGtT1tN3wC1wN1 : 199.2994828 (0.50)%
          GtT1bC1wN1_QqN2hN1 : 186.8833135 (0.47)%
        QqC1wN1_QqGbB1tC1wN1 : 170.1163621 (0.43)%
          GtT1tN2hN1_QqC1wN1 : 166.8393672 (0.42)%
       GtT1bC2hC1wN1_QqC1wN1 : 159.5551084 (0.40)%
       GtT1bC2zC1wN1_QqC1wN1 : 147.6078505 (0.37)%
             QqN2hN1_QqN2hN1 : 145.8866616 (0.37)%
        QqGtT1bC1wN1_QqN2hN1 : 143.9048187 (0.36)%
       GbB1tC2hC1wN1_QqC1wN1 : 131.8639905 (0.33)%
       GtT1bC2wN2hN1_QqC1wN1 : 128.7175671 (0.32)%
        QqC1wN1_QqGtT1tN2hN1 : 128.4704795 (0.32)%
     QqC1wN1_QqGtT1bC2hC1wN1 : 122.8614183 (0.31)%
       GbB1tC2zC1wN1_QqC1wN1 : 121.9902039 (0.31)%
     QqC1wN1_QqGtT1bC2zC1wN1 : 113.6617313 (0.29)%
       GtT1tN3wC1wN1_QqN2hN1 : 112.7658519 (0.28)%
          GbB1bN2hN1_QqC1wN1 : 106.7880105 (0.27)%
       GbB1tC2wN2hN1_QqC1wN1 : 106.3783680 (0.27)%
       GtT1tN3zN2hN1_QqC1wN1 : 103.8298790 (0.26)%
             QqC1wN1_QqN2zN1 : 103.4097032 (0.26)%
     QqC1wN1_QqGbB1tC2hC1wN1 : 101.5385659 (0.26)%
     QqC1wN1_QqGtT1bC2wN2hN1 : 99.1157413 (0.25)%
       GbB1bN3wC1wN1_QqC1wN1 : 96.7097731 (0.24)%
          GbB1tC1wN1_QqN2hN1 : 96.2537194 (0.24)%
     QqC1wN1_QqGbB1tC2zC1wN1 : 93.9355036 (0.24)%
     GtT1bC1wN1_QqGtT1bC1wN1 : 92.1722694 (0.23)%
                       N1_N1 : 89.4533887 (0.23)%
     QqGtT1tN3wC1wN1_QqN2hN1 : 86.8325222 (0.22)%
       GbB1bN4wC1wN1_QqC1wN1 : 84.3556468 (0.21)%
        QqC1wN1_QqGbB1bN2hN1 : 82.2294350 (0.21)%
     QqC1wN1_QqGbB1tC2wN2hN1 : 81.9140001 (0.21)%
     QqC1wN1_QqGtT1tN3zN2hN1 : 79.9515999 (0.20)%
     QqC1wN1_QqGbB1bN3wC1wN1 : 74.4689406 (0.19)%
        QqGbB1tC1wN1_QqN2hN1 : 74.1177678 (0.19)%
          GtT1tN2hN1_QqN2hN1 : 72.6900183 (0.18)%
           C2hC1wN1_N3wC1wN1 : 71.9344376 (0.18)%
           C2hC1wN1_N4wC1wN1 : 70.0386372 (0.18)%
       GtT1tN4wC1wN1_QqC1wN1 : 69.9045302 (0.18)%
       GtT1bC2hC1wN1_QqN2hN1 : 69.5163495 (0.18)%
                 N2hN1_N2hN1 : 68.0192897 (0.17)%
       GbB2tC2hC1wN1_QqC1wN1 : 67.1340453 (0.17)%
           C2zC1wN1_N3wC1wN1 : 66.5480900 (0.17)%
     QqC1wN1_QqGbB1bN4wC1wN1 : 64.9559547 (0.16)%
           C2zC1wN1_N4wC1wN1 : 64.7942444 (0.16)%
           N3wC1wN1_N4wC1wN1 : 64.7172387 (0.16)%
       GtT1bC2zC1wN1_QqN2hN1 : 64.3110648 (0.16)%
          GtT1bC2wN1_QqC1wN1 : 63.9654723 (0.16)%
       GbB2tC2zC1wN1_QqC1wN1 : 62.1071442 (0.16)%
           C2wN2hN1_N3wC1wN1 : 58.0315221 (0.15)%
       GbB1tC2hC1wN1_QqN2hN1 : 57.4516438 (0.15)%
           C2wN2hN1_N4wC1wN1 : 56.5021269 (0.14)%
       GtT1bC2wN2hN1_QqN2hN1 : 56.0807828 (0.14)%
        QqGtT1tN2hN1_QqN2hN1 : 55.9731295 (0.14)%
             GtT1tN1_QqC1wN1 : 55.7866528 (0.14)%
  GtT1tN3wC1wN1_QqGtT1bC1wN1 : 55.6169745 (0.14)%
  GtT1bC1wN1_QqGtT1tN3wC1wN1 : 55.6169745 (0.14)%
       GbB2tC2wN2hN1_QqC1wN1 : 54.1589114 (0.14)%
     QqC1wN1_QqGtT1tN4wC1wN1 : 53.8282341 (0.14)%
        T1bC1wN1_T1tN3wC1wN1 : 53.7686098 (0.14)%
     QqGtT1bC2hC1wN1_QqN2hN1 : 53.5293252 (0.14)%
       GbB1tC2zC1wN1_QqN2hN1 : 53.1497470 (0.13)%
          GbB1tC2wN1_QqC1wN1 : 52.8641328 (0.13)%
    GtT1bC1wN1_GtT1tN3wC1wN1 : 52.4251309 (0.13)%
     QqC1wN1_QqGbB2tC2hC1wN1 : 51.6948915 (0.13)%
     QqGtT1bC2zC1wN1_QqN2hN1 : 49.5211261 (0.12)%
        QqC1wN1_QqGtT1bC2wN1 : 49.2550112 (0.12)%
          GtT1tN3zN1_QqC1wN1 : 48.1034310 (0.12)%
     QqC1wN1_QqGbB2tC2zC1wN1 : 47.8240521 (0.12)%
     GbB1tC1wN1_QqGtT1bC1wN1 : 47.4730654 (0.12)%
     GtT1bC1wN1_QqGbB1tC1wN1 : 47.4730654 (0.12)%
          GbB1bN2hN1_QqN2hN1 : 46.5263239 (0.12)%
       GbB1tC2wN2hN1_QqN2hN1 : 46.3478474 (0.12)%
       GtT1tN3zN2hN1_QqN2hN1 : 45.2374996 (0.11)%
             QqN2hN1_QqN2zN1 : 45.0544338 (0.11)%
       GbB1tC1wN1_GtT1bC1wN1 : 44.7485986 (0.11)%
       GbB2bN3wC1wN1_QqC1wN1 : 44.6097947 (0.11)%
           T1bC1wN1_T1bC1wN1 : 44.5545163 (0.11)%
       GbB2bN4wC1wN1_QqC1wN1 : 44.4116239 (0.11)%
     QqGbB1tC2hC1wN1_QqN2hN1 : 44.2392005 (0.11)%
       GtT1bC1wN1_GtT1bC1wN1 : 43.4412635 (0.11)%
     QqGtT1bC2wN2hN1_QqN2hN1 : 43.1836033 (0.11)%
           QqC1wN1_QqGtT1tN1 : 42.9571159 (0.11)%
QqGtT1bC1wN1_QqGtT1tN3wC1wN1 : 42.8264594 (0.11)%
       GbB1bN3wC1wN1_QqN2hN1 : 42.1353503 (0.11)%
     QqC1wN1_QqGbB2tC2wN2hN1 : 41.7037144 (0.11)%
     QqGbB1tC2zC1wN1_QqN2hN1 : 40.9266326 (0.10)%
           C2hC1wN1_C2zC1wN1 : 40.7717919 (0.10)%
        QqC1wN1_QqGbB1tC2wN1 : 40.7067025 (0.10)%
       GbB1bN3zN2hN1_QqC1wN1 : 38.7963931 (0.10)%
------------------------------------------------------------
                                           SUM=62.84%

SHOWING PROCESSES TO GET 90.00% SUSY COVERAGE
---------------  Output inclusive processes  ---------------
The total xsec = 39617.41 [fb]
The total rate = 100.00%
                          Modes : xsec/fb      (rate)
                    C1wN1_N2hN1 : 8917.1469056 (22.51)%
                    C1wN1_C1wN1 : 5159.5630011 (13.02)%
                    C1wN1_N2zN1 : 1376.9490653 (3.48)%
                QqC1wN1_QqC1wN1 : 768.5340211 (1.94)%
                QqC1wN1_QqN2hN1 : 669.6830972 (1.69)%
             GtT1bC1wN1_QqC1wN1 : 428.9377618 (1.08)%
           QqC1wN1_QqGtT1bC1wN1 : 330.2927891 (0.83)%
          GtT1tN3wC1wN1_QqC1wN1 : 258.8221024 (0.65)%
             GbB1tC1wN1_QqC1wN1 : 220.9231749 (0.56)%
        QqC1wN1_QqGtT1tN3wC1wN1 : 199.2994828 (0.50)%
             GtT1bC1wN1_QqN2hN1 : 186.8833135 (0.47)%
           QqC1wN1_QqGbB1tC1wN1 : 170.1163621 (0.43)%
             GtT1tN2hN1_QqC1wN1 : 166.8393672 (0.42)%
          GtT1bC2hC1wN1_QqC1wN1 : 159.5551084 (0.40)%
          GtT1bC2zC1wN1_QqC1wN1 : 147.6078505 (0.37)%
                QqN2hN1_QqN2hN1 : 145.8866616 (0.37)%
           QqGtT1bC1wN1_QqN2hN1 : 143.9048187 (0.36)%
          GbB1tC2hC1wN1_QqC1wN1 : 131.8639905 (0.33)%
          GtT1bC2wN2hN1_QqC1wN1 : 128.7175671 (0.32)%
           QqC1wN1_QqGtT1tN2hN1 : 128.4704795 (0.32)%
        QqC1wN1_QqGtT1bC2hC1wN1 : 122.8614183 (0.31)%
          GbB1tC2zC1wN1_QqC1wN1 : 121.9902039 (0.31)%
        QqC1wN1_QqGtT1bC2zC1wN1 : 113.6617313 (0.29)%
          GtT1tN3wC1wN1_QqN2hN1 : 112.7658519 (0.28)%
             GbB1bN2hN1_QqC1wN1 : 106.7880105 (0.27)%
          GbB1tC2wN2hN1_QqC1wN1 : 106.3783680 (0.27)%
          GtT1tN3zN2hN1_QqC1wN1 : 103.8298790 (0.26)%
                QqC1wN1_QqN2zN1 : 103.4097032 (0.26)%
        QqC1wN1_QqGbB1tC2hC1wN1 : 101.5385659 (0.26)%
        QqC1wN1_QqGtT1bC2wN2hN1 : 99.1157413 (0.25)%
          GbB1bN3wC1wN1_QqC1wN1 : 96.7097731 (0.24)%
             GbB1tC1wN1_QqN2hN1 : 96.2537194 (0.24)%
        QqC1wN1_QqGbB1tC2zC1wN1 : 93.9355036 (0.24)%
        GtT1bC1wN1_QqGtT1bC1wN1 : 92.1722694 (0.23)%
                          N1_N1 : 89.4533887 (0.23)%
        QqGtT1tN3wC1wN1_QqN2hN1 : 86.8325222 (0.22)%
          GbB1bN4wC1wN1_QqC1wN1 : 84.3556468 (0.21)%
           QqC1wN1_QqGbB1bN2hN1 : 82.2294350 (0.21)%
        QqC1wN1_QqGbB1tC2wN2hN1 : 81.9140001 (0.21)%
        QqC1wN1_QqGtT1tN3zN2hN1 : 79.9515999 (0.20)%
        QqC1wN1_QqGbB1bN3wC1wN1 : 74.4689406 (0.19)%
           QqGbB1tC1wN1_QqN2hN1 : 74.1177678 (0.19)%
             GtT1tN2hN1_QqN2hN1 : 72.6900183 (0.18)%
              C2hC1wN1_N3wC1wN1 : 71.9344376 (0.18)%
              C2hC1wN1_N4wC1wN1 : 70.0386372 (0.18)%
          GtT1tN4wC1wN1_QqC1wN1 : 69.9045302 (0.18)%
          GtT1bC2hC1wN1_QqN2hN1 : 69.5163495 (0.18)%
                    N2hN1_N2hN1 : 68.0192897 (0.17)%
          GbB2tC2hC1wN1_QqC1wN1 : 67.1340453 (0.17)%
              C2zC1wN1_N3wC1wN1 : 66.5480900 (0.17)%
        QqC1wN1_QqGbB1bN4wC1wN1 : 64.9559547 (0.16)%
              C2zC1wN1_N4wC1wN1 : 64.7942444 (0.16)%
              N3wC1wN1_N4wC1wN1 : 64.7172387 (0.16)%
          GtT1bC2zC1wN1_QqN2hN1 : 64.3110648 (0.16)%
             GtT1bC2wN1_QqC1wN1 : 63.9654723 (0.16)%
          GbB2tC2zC1wN1_QqC1wN1 : 62.1071442 (0.16)%
              C2wN2hN1_N3wC1wN1 : 58.0315221 (0.15)%
          GbB1tC2hC1wN1_QqN2hN1 : 57.4516438 (0.15)%
              C2wN2hN1_N4wC1wN1 : 56.5021269 (0.14)%
          GtT1bC2wN2hN1_QqN2hN1 : 56.0807828 (0.14)%
           QqGtT1tN2hN1_QqN2hN1 : 55.9731295 (0.14)%
                GtT1tN1_QqC1wN1 : 55.7866528 (0.14)%
     GtT1tN3wC1wN1_QqGtT1bC1wN1 : 55.6169745 (0.14)%
     GtT1bC1wN1_QqGtT1tN3wC1wN1 : 55.6169745 (0.14)%
          GbB2tC2wN2hN1_QqC1wN1 : 54.1589114 (0.14)%
        QqC1wN1_QqGtT1tN4wC1wN1 : 53.8282341 (0.14)%
           T1bC1wN1_T1tN3wC1wN1 : 53.7686098 (0.14)%
        QqGtT1bC2hC1wN1_QqN2hN1 : 53.5293252 (0.14)%
          GbB1tC2zC1wN1_QqN2hN1 : 53.1497470 (0.13)%
             GbB1tC2wN1_QqC1wN1 : 52.8641328 (0.13)%
       GtT1bC1wN1_GtT1tN3wC1wN1 : 52.4251309 (0.13)%
        QqC1wN1_QqGbB2tC2hC1wN1 : 51.6948915 (0.13)%
        QqGtT1bC2zC1wN1_QqN2hN1 : 49.5211261 (0.12)%
           QqC1wN1_QqGtT1bC2wN1 : 49.2550112 (0.12)%
             GtT1tN3zN1_QqC1wN1 : 48.1034310 (0.12)%
        QqC1wN1_QqGbB2tC2zC1wN1 : 47.8240521 (0.12)%
        GbB1tC1wN1_QqGtT1bC1wN1 : 47.4730654 (0.12)%
        GtT1bC1wN1_QqGbB1tC1wN1 : 47.4730654 (0.12)%
             GbB1bN2hN1_QqN2hN1 : 46.5263239 (0.12)%
          GbB1tC2wN2hN1_QqN2hN1 : 46.3478474 (0.12)%
          GtT1tN3zN2hN1_QqN2hN1 : 45.2374996 (0.11)%
                QqN2hN1_QqN2zN1 : 45.0544338 (0.11)%
          GbB1tC1wN1_GtT1bC1wN1 : 44.7485986 (0.11)%
          GbB2bN3wC1wN1_QqC1wN1 : 44.6097947 (0.11)%
              T1bC1wN1_T1bC1wN1 : 44.5545163 (0.11)%
          GbB2bN4wC1wN1_QqC1wN1 : 44.4116239 (0.11)%
        QqGbB1tC2hC1wN1_QqN2hN1 : 44.2392005 (0.11)%
          GtT1bC1wN1_GtT1bC1wN1 : 43.4412635 (0.11)%
        QqGtT1bC2wN2hN1_QqN2hN1 : 43.1836033 (0.11)%
              QqC1wN1_QqGtT1tN1 : 42.9571159 (0.11)%
   QqGtT1bC1wN1_QqGtT1tN3wC1wN1 : 42.8264594 (0.11)%
          GbB1bN3wC1wN1_QqN2hN1 : 42.1353503 (0.11)%
        QqC1wN1_QqGbB2tC2wN2hN1 : 41.7037144 (0.11)%
        QqGbB1tC2zC1wN1_QqN2hN1 : 40.9266326 (0.10)%
              C2hC1wN1_C2zC1wN1 : 40.7717919 (0.10)%
           QqC1wN1_QqGbB1tC2wN1 : 40.7067025 (0.10)%
          GbB1bN3zN2hN1_QqC1wN1 : 38.7963931 (0.10)%
          GbB1bN4hN2hN1_QqC1wN1 : 37.2459663 (0.09)%
           QqC1wN1_QqGtT1tN3zN1 : 37.0408432 (0.09)%
          GbB1bN4wC1wN1_QqN2hN1 : 36.7527977 (0.09)%
      QqGbB1tC1wN1_QqGtT1bC1wN1 : 36.5554459 (0.09)%
        GtT1tN2hN1_QqGtT1bC1wN1 : 35.8512690 (0.09)%
        GtT1bC1wN1_QqGtT1tN2hN1 : 35.8512690 (0.09)%
           QqGbB1bN2hN1_QqN2hN1 : 35.8264314 (0.09)%
        QqGbB1tC2wN2hN1_QqN2hN1 : 35.6890000 (0.09)%
              C2hC1wN1_C2wN2hN1 : 35.5539752 (0.09)%
      QqGtT1bC1wN1_QqGtT1bC1wN1 : 35.4874747 (0.09)%
        QqGtT1tN3zN2hN1_QqN2hN1 : 34.8340045 (0.09)%
              T1bC1wN1_T1tN2hN1 : 34.6597943 (0.09)%
        QqC1wN1_QqGbB2bN3wC1wN1 : 34.3506560 (0.09)%
     GtT1bC2hC1wN1_QqGtT1bC1wN1 : 34.2859915 (0.09)%
     GtT1bC1wN1_QqGtT1bC2hC1wN1 : 34.2859915 (0.09)%
        QqC1wN1_QqGbB2bN4wC1wN1 : 34.1980596 (0.09)%
                   QqC1wN1_QqN1 : 33.9664241 (0.09)%
          GtT1bC1wN1_GtT1tN2hN1 : 33.7937741 (0.09)%
  GtT1tN3wC1wN1_QqGtT1tN3wC1wN1 : 33.5594194 (0.08)%
           T1bC1wN1_T1bC2hC1wN1 : 33.1465369 (0.08)%
              C2wN2hN1_C2zC1wN1 : 32.8917445 (0.08)%
        QqGbB1bN3wC1wN1_QqN2hN1 : 32.4452720 (0.08)%
       GtT1bC1wN1_GtT1bC2hC1wN1 : 32.3183274 (0.08)%
     GtT1bC2zC1wN1_QqGtT1bC1wN1 : 31.7187056 (0.08)%
     GtT1bC1wN1_QqGtT1bC2zC1wN1 : 31.7187056 (0.08)%
                       C1wN1_N1 : 31.5968381 (0.08)%
              C2hC1wN1_N4hN2hN1 : 30.9245062 (0.08)%
          GtT1tN4hN2hN1_QqC1wN1 : 30.8652932 (0.08)%
           T1bC1wN1_T1bC2zC1wN1 : 30.6645717 (0.08)%
          GtT1tN4wC1wN1_QqN2hN1 : 30.4566102 (0.08)%
       GtT1bC1wN1_GtT1bC2zC1wN1 : 29.8983773 (0.08)%
        QqC1wN1_QqGbB1bN3zN2hN1 : 29.8741916 (0.08)%
          GbB2tC2hC1wN1_QqN2hN1 : 29.2495414 (0.07)%
             GtT1bC1wN1_QqN2zN1 : 28.8577509 (0.07)%
              C2hC1wN1_N3zN2hN1 : 28.8574425 (0.07)%
                 C2wN1_N3wC1wN1 : 28.8384391 (0.07)%
        QqC1wN1_QqGbB1bN4hN2hN1 : 28.6803242 (0.07)%
     GtT1tN3wC1wN1_QqGbB1tC1wN1 : 28.6453646 (0.07)%
     GbB1tC1wN1_QqGtT1tN3wC1wN1 : 28.6453646 (0.07)%
              C2zC1wN1_N4hN2hN1 : 28.6089235 (0.07)%
              N3wC1wN1_N4hN2hN1 : 28.5749228 (0.07)%
     GbB1tC2hC1wN1_QqGtT1bC1wN1 : 28.3355870 (0.07)%
     GtT1bC1wN1_QqGbB1tC2hC1wN1 : 28.3355870 (0.07)%
        QqGbB1bN4wC1wN1_QqN2hN1 : 28.3005721 (0.07)%
                 C2wN1_N4wC1wN1 : 28.0784147 (0.07)%
             GtT1bC2wN1_QqN2hN1 : 27.8690301 (0.07)%
     GtT1bC2wN2hN1_QqGtT1bC1wN1 : 27.6594679 (0.07)%
     GtT1bC1wN1_QqGtT1bC2wN2hN1 : 27.6594679 (0.07)%
      QqGtT1bC1wN1_QqGtT1tN2hN1 : 27.6063725 (0.07)%
          GbB2tC2zC1wN1_QqN2hN1 : 27.0593777 (0.07)%
       GbB1tC1wN1_GtT1tN3wC1wN1 : 27.0014146 (0.07)%
             GbB2tC2wN1_QqC1wN1 : 26.9139670 (0.07)%
           T1bC1wN1_T1bC2wN2hN1 : 26.7402381 (0.07)%
       GbB1tC2hC1wN1_GtT1bC1wN1 : 26.7094151 (0.07)%
              C2zC1wN1_N3zN2hN1 : 26.6966386 (0.07)%
   QqGtT1bC1wN1_QqGtT1bC2hC1wN1 : 26.4010697 (0.07)%
     GtT1bC1wN1_QqGbB1tC2zC1wN1 : 26.2138588 (0.07)%
     GbB1tC2zC1wN1_QqGtT1bC1wN1 : 26.2138588 (0.07)%
       GtT1bC1wN1_GtT1bC2wN2hN1 : 26.0720983 (0.07)%
              N3zN2hN1_N4wC1wN1 : 25.9621686 (0.07)%
                GbB1bN1_QqC1wN1 : 25.8956917 (0.07)%
             GtT1tN2zN1_QqC1wN1 : 25.7626473 (0.07)%
              C2wN2hN1_N4hN2hN1 : 24.9476638 (0.06)%
       GbB1tC2zC1wN1_GtT1bC1wN1 : 24.7094523 (0.06)%
        GbB1tC1wN1_QqGbB1tC1wN1 : 24.4508674 (0.06)%
   QqGtT1bC1wN1_QqGtT1bC2zC1wN1 : 24.4241954 (0.06)%
                GtT1tN1_QqN2hN1 : 24.3056114 (0.06)%
        QqC1wN1_QqGtT1tN4hN2hN1 : 23.7670466 (0.06)%
          GbB2tC2wN2hN1_QqN2hN1 : 23.5964229 (0.06)%
        QqGtT1tN4wC1wN1_QqN2hN1 : 23.4523505 (0.06)%
              C2wN2hN1_N3zN2hN1 : 23.2801058 (0.06)%
             GbB1tC2wN1_QqN2hN1 : 23.0323025 (0.06)%
        GbB1bN2hN1_QqGtT1bC1wN1 : 22.9471363 (0.06)%
        GtT1bC1wN1_QqGbB1bN2hN1 : 22.9471363 (0.06)%
     GbB1tC2wN2hN1_QqGtT1bC1wN1 : 22.8591103 (0.06)%
     GtT1bC1wN1_QqGbB1tC2wN2hN1 : 22.8591103 (0.06)%
        QqGbB2tC2hC1wN1_QqN2hN1 : 22.5228774 (0.06)%
     GtT1bC1wN1_QqGtT1tN3zN2hN1 : 22.3114783 (0.06)%
     GtT1tN3zN2hN1_QqGtT1bC1wN1 : 22.3114783 (0.06)%
           QqGtT1bC1wN1_QqN2zN1 : 22.2211889 (0.06)%
   QqGbB1tC1wN1_QqGtT1tN3wC1wN1 : 22.0576462 (0.06)%
              C2hC1wN1_C2hC1wN1 : 22.0359136 (0.06)%
   QqGbB1tC2hC1wN1_QqGtT1bC1wN1 : 21.8191096 (0.06)%
     GtT1tN2hN1_QqGtT1tN3wC1wN1 : 21.6327441 (0.05)%
     GtT1tN3wC1wN1_QqGtT1tN2hN1 : 21.6327441 (0.05)%
          GbB1bN2hN1_GtT1bC1wN1 : 21.6302061 (0.05)%
           T1bC1wN1_T1tN3zN2hN1 : 21.5699826 (0.05)%
       GbB1tC2wN2hN1_GtT1bC1wN1 : 21.5472319 (0.05)%
           QqGtT1bC2wN1_QqN2hN1 : 21.4598492 (0.05)%
   QqGtT1bC1wN1_QqGtT1bC2wN2hN1 : 21.2984811 (0.05)%
       GtT1bC1wN1_GtT1tN3zN2hN1 : 21.0310284 (0.05)%
                    N2hN1_N2zN1 : 21.0065166 (0.05)%
             GtT1tN3zN1_QqN2hN1 : 20.9581188 (0.05)%
           T1tN2hN1_T1tN3wC1wN1 : 20.9138053 (0.05)%
        QqGbB2tC2zC1wN1_QqN2hN1 : 20.8363966 (0.05)%
     GbB1bN3wC1wN1_QqGtT1bC1wN1 : 20.7814747 (0.05)%
     GtT1bC1wN1_QqGbB1bN3wC1wN1 : 20.7814747 (0.05)%
           QqC1wN1_QqGbB2tC2wN1 : 20.7244267 (0.05)%
  GtT1tN3wC1wN1_QqGtT1bC2hC1wN1 : 20.6882517 (0.05)%
  GtT1bC2hC1wN1_QqGtT1tN3wC1wN1 : 20.6882517 (0.05)%
       GtT1tN2hN1_GtT1tN3wC1wN1 : 20.3912466 (0.05)%
   QqGbB1tC2zC1wN1_QqGtT1bC1wN1 : 20.1853260 (0.05)%
        T1bC2hC1wN1_T1tN3wC1wN1 : 20.0007020 (0.05)%
              QqC1wN1_QqGbB1bN1 : 19.9403293 (0.05)%
          GtT1bC2wN2zN1_QqC1wN1 : 19.8760361 (0.05)%
           QqC1wN1_QqGtT1tN2zN1 : 19.8378818 (0.05)%
          GbB2bN4hN2hN1_QqC1wN1 : 19.6092841 (0.05)%
       GbB1bN3wC1wN1_GtT1bC1wN1 : 19.5888313 (0.05)%
    GtT1bC2hC1wN1_GtT1tN3wC1wN1 : 19.5009584 (0.05)%
          GbB2bN3wC1wN1_QqN2hN1 : 19.4359811 (0.05)%
          GbB2bN4wC1wN1_QqN2hN1 : 19.3496404 (0.05)%
  GtT1bC2zC1wN1_QqGtT1tN3wC1wN1 : 19.1391451 (0.05)%
  GtT1tN3wC1wN1_QqGtT1bC2zC1wN1 : 19.1391451 (0.05)%
              C2zC1wN1_C2zC1wN1 : 18.8594293 (0.05)%
              QqGtT1tN1_QqN2hN1 : 18.7159278 (0.05)%
        T1bC2zC1wN1_T1tN3wC1wN1 : 18.5030781 (0.05)%
        GbB1tC1wN1_QqGtT1tN2hN1 : 18.4650942 (0.05)%
        GtT1tN2hN1_QqGbB1tC1wN1 : 18.4650942 (0.05)%
        QqGbB2tC2wN2hN1_QqN2hN1 : 18.1698349 (0.05)%
     GtT1bC1wN1_QqGbB1bN4wC1wN1 : 18.1267589 (0.05)%
     GbB1bN4wC1wN1_QqGtT1bC1wN1 : 18.1267589 (0.05)%
    GtT1bC2zC1wN1_GtT1tN3wC1wN1 : 18.0407546 (0.05)%
             GbB1bN3zN1_QqC1wN1 : 17.9740132 (0.05)%
          GbB2bN3zN2hN1_QqC1wN1 : 17.8958039 (0.05)%
           QqGbB1tC2wN1_QqN2hN1 : 17.7354482 (0.04)%
      QqGbB1bN2hN1_QqGtT1bC1wN1 : 17.6698680 (0.04)%
                 C2hC1wN1_C2wN1 : 17.6683484 (0.04)%
     GtT1bC2hC1wN1_QqGbB1tC1wN1 : 17.6589024 (0.04)%
     GbB1tC1wN1_QqGtT1bC2hC1wN1 : 17.6589024 (0.04)%
   QqGbB1tC2wN2hN1_QqGtT1bC1wN1 : 17.6020858 (0.04)%
          GtT1tN3wC1wN1_QqN2zN1 : 17.4128380 (0.04)%
          GbB1tC1wN1_GtT1tN2hN1 : 17.4053873 (0.04)%
   QqGtT1bC1wN1_QqGtT1tN3zN2hN1 : 17.1803955 (0.04)%
  GbB1tC2hC1wN1_QqGtT1tN3wC1wN1 : 17.0977630 (0.04)%
  GtT1tN3wC1wN1_QqGbB1tC2hC1wN1 : 17.0977630 (0.04)%
       GbB1bN4wC1wN1_GtT1bC1wN1 : 17.0864690 (0.04)%
          GbB1bN3zN2hN1_QqN2hN1 : 16.9031481 (0.04)%
  GtT1tN3wC1wN1_QqGtT1bC2wN2hN1 : 16.6897911 (0.04)%
  GtT1bC2wN2hN1_QqGtT1tN3wC1wN1 : 16.6897911 (0.04)%
   QqGtT1tN2hN1_QqGtT1tN3wC1wN1 : 16.6577532 (0.04)%
       GbB1tC1wN1_GtT1bC2hC1wN1 : 16.6454627 (0.04)%
             GbB1bN2zN1_QqC1wN1 : 16.4897644 (0.04)%
          GbB1tC2wN2zN1_QqC1wN1 : 16.4265091 (0.04)%
                 C2wN1_C2zC1wN1 : 16.3453678 (0.04)%
     GbB1tC1wN1_QqGtT1bC2zC1wN1 : 16.3366291 (0.04)%
     GtT1bC2zC1wN1_QqGbB1tC1wN1 : 16.3366291 (0.04)%
          GbB1bN4hN2hN1_QqN2hN1 : 16.2276447 (0.04)%
        T1tN3wC1wN1_T1tN3wC1wN1 : 16.2220558 (0.04)%
           QqGtT1tN3zN1_QqN2hN1 : 16.1382749 (0.04)%
        T1bC2wN2hN1_T1tN3wC1wN1 : 16.1351256 (0.04)%
    GbB1tC2hC1wN1_GtT1tN3wC1wN1 : 16.1165269 (0.04)%
          GtT1tN3zN2zN1_QqC1wN1 : 16.0329819 (0.04)%
   QqGbB1bN3wC1wN1_QqGtT1bC1wN1 : 16.0022546 (0.04)%
QqGtT1bC2hC1wN1_QqGtT1tN3wC1wN1 : 15.9304705 (0.04)%
  GtT1tN3wC1wN1_QqGbB1tC2zC1wN1 : 15.8175070 (0.04)%
  GbB1tC2zC1wN1_QqGtT1tN3wC1wN1 : 15.8175070 (0.04)%
    GtT1tN3wC1wN1_GtT1tN3wC1wN1 : 15.8167266 (0.04)%
    GtT1bC2wN2hN1_GtT1tN3wC1wN1 : 15.7319684 (0.04)%
       GbB1tC1wN1_GtT1bC2zC1wN1 : 15.3990743 (0.04)%
        QqC1wN1_QqGtT1bC2wN2zN1 : 15.3050442 (0.04)%
        QqC1wN1_QqGbB2bN4hN2hN1 : 15.0996385 (0.04)%
             GbB1bN4hN1_QqC1wN1 : 15.0280787 (0.04)%
     GtT1tN4wC1wN1_QqGtT1bC1wN1 : 15.0214315 (0.04)%
     GtT1bC1wN1_QqGtT1tN4wC1wN1 : 15.0214315 (0.04)%
        QqGbB2bN3wC1wN1_QqN2hN1 : 14.9661909 (0.04)%
                 C1wN1_N3wC1wN1 : 14.9140188 (0.04)%
    GbB1tC2zC1wN1_GtT1tN3wC1wN1 : 14.9097444 (0.04)%
        QqGbB2bN4wC1wN1_QqN2hN1 : 14.8997063 (0.04)%
             GbB1tC1wN1_QqN2zN1 : 14.8631026 (0.04)%
                   QqN1_QqN2hN1 : 14.7987854 (0.04)%
QqGtT1bC2zC1wN1_QqGtT1tN3wC1wN1 : 14.7376197 (0.04)%
     GbB1tC2hC1wN1_QqGbB1tC1wN1 : 14.5941635 (0.04)%
     GbB1tC1wN1_QqGbB1tC2hC1wN1 : 14.5941635 (0.04)%
           T1bC1wN1_T1tN4wC1wN1 : 14.5222119 (0.04)%
     GbB2tC2hC1wN1_QqGtT1bC1wN1 : 14.4260960 (0.04)%
     GtT1bC1wN1_QqGbB2tC2hC1wN1 : 14.4260960 (0.04)%
              C2wN2hN1_C2wN2hN1 : 14.3411929 (0.04)%
                 C2wN1_C2wN2hN1 : 14.2535506 (0.04)%
     GtT1bC2wN2hN1_QqGbB1tC1wN1 : 14.2459303 (0.04)%
     GbB1tC1wN1_QqGtT1bC2wN2hN1 : 14.2459303 (0.04)%
      QqGbB1tC1wN1_QqGtT1tN2hN1 : 14.2185837 (0.04)%
       GtT1bC1wN1_GtT1tN4wC1wN1 : 14.1593554 (0.04)%
   QqGbB1bN4wC1wN1_QqGtT1bC1wN1 : 13.9580571 (0.04)%
        GtT1tN2hN1_QqGtT1tN2hN1 : 13.9446875 (0.04)%
     GbB1bN2hN1_QqGtT1tN3wC1wN1 : 13.8463586 (0.03)%
     GtT1tN3wC1wN1_QqGbB1bN2hN1 : 13.8463586 (0.03)%
           QqC1wN1_QqGbB1bN3zN1 : 13.8404391 (0.03)%
  GbB1tC2wN2hN1_QqGtT1tN3wC1wN1 : 13.7932435 (0.03)%
  GtT1tN3wC1wN1_QqGbB1tC2wN2hN1 : 13.7932435 (0.03)%
        QqC1wN1_QqGbB2bN3zN2hN1 : 13.7802159 (0.03)%
       GbB1tC1wN1_GbB1tC2hC1wN1 : 13.7566083 (0.03)%
        GtT1bC2wN1_QqGtT1bC1wN1 : 13.7452173 (0.03)%
        GtT1bC1wN1_QqGtT1bC2wN1 : 13.7452173 (0.03)%
       GbB2tC2hC1wN1_GtT1bC1wN1 : 13.5981861 (0.03)%
   QqGbB1tC1wN1_QqGtT1bC2hC1wN1 : 13.5977959 (0.03)%
     GbB1tC1wN1_QqGbB1tC2zC1wN1 : 13.5013735 (0.03)%
     GbB1tC2zC1wN1_QqGbB1tC1wN1 : 13.5013735 (0.03)%
  GtT1tN3wC1wN1_QqGtT1tN3zN2hN1 : 13.4628010 (0.03)%
  GtT1tN3zN2hN1_QqGtT1tN3wC1wN1 : 13.4628010 (0.03)%
          GtT1tN4hN2hN1_QqN2hN1 : 13.4476579 (0.03)%
       GbB1tC1wN1_GtT1bC2wN2hN1 : 13.4283601 (0.03)%
        QqGtT1tN3wC1wN1_QqN2zN1 : 13.4083201 (0.03)%
             GtT1tN3hN1_QqC1wN1 : 13.4080465 (0.03)%
                 C2hC1wN1_N3zN1 : 13.3693886 (0.03)%
     GbB2tC2zC1wN1_QqGtT1bC1wN1 : 13.3458906 (0.03)%
     GtT1bC1wN1_QqGbB2tC2zC1wN1 : 13.3458906 (0.03)%
     GtT1bC2hC1wN1_QqGtT1tN2hN1 : 13.3358581 (0.03)%
     GtT1tN2hN1_QqGtT1bC2hC1wN1 : 13.3358581 (0.03)%
              T1bC1wN1_T1bC2wN1 : 13.2884112 (0.03)%
QqGbB1tC2hC1wN1_QqGtT1tN3wC1wN1 : 13.1657045 (0.03)%
       GbB1bN2hN1_GtT1tN3wC1wN1 : 13.0517197 (0.03)%
        QqGbB1bN3zN2hN1_QqN2hN1 : 13.0158462 (0.03)%
        T1tN3wC1wN1_T1tN3zN2hN1 : 13.0153807 (0.03)%
    GbB1tC2wN2hN1_GtT1tN3wC1wN1 : 13.0016528 (0.03)%
          GtT1bC1wN1_GtT1bC2wN1 : 12.9563829 (0.03)%
QqGtT1tN3wC1wN1_QqGtT1tN3wC1wN1 : 12.9207956 (0.03)%
           T1bC2hC1wN1_T1tN2hN1 : 12.8926565 (0.03)%
QqGtT1bC2wN2hN1_QqGtT1tN3wC1wN1 : 12.8515560 (0.03)%
  GtT1bC2hC1wN1_QqGtT1bC2hC1wN1 : 12.7536104 (0.03)%
       GbB1tC1wN1_GbB1tC2zC1wN1 : 12.7265332 (0.03)%
           QqC1wN1_QqGbB1bN2zN1 : 12.6975304 (0.03)%
    GtT1tN3wC1wN1_GtT1tN3zN2hN1 : 12.6901744 (0.03)%
        QqC1wN1_QqGbB1tC2wN2zN1 : 12.6488222 (0.03)%
       GbB2tC2zC1wN1_GtT1bC1wN1 : 12.5799734 (0.03)%
   QqGbB1tC1wN1_QqGtT1bC2zC1wN1 : 12.5796124 (0.03)%
       GtT1bC2hC1wN1_GtT1tN2hN1 : 12.5705167 (0.03)%
  GbB1bN3wC1wN1_QqGtT1tN3wC1wN1 : 12.5395931 (0.03)%
  GtT1tN3wC1wN1_QqGbB1bN3wC1wN1 : 12.5395931 (0.03)%
        QqGbB1bN4hN2hN1_QqN2hN1 : 12.4956917 (0.03)%
                 C2hC1wN1_N4hN1 : 12.4774830 (0.03)%
             GtT1tN4hN1_QqC1wN1 : 12.4535916 (0.03)%
                 C2wN1_N4hN2hN1 : 12.3976014 (0.03)%
                 C2zC1wN1_N3zN1 : 12.3683079 (0.03)%
        QqC1wN1_QqGtT1tN3zN2zN1 : 12.3457965 (0.03)%
     GtT1bC2zC1wN1_QqGtT1tN2hN1 : 12.3372881 (0.03)%
     GtT1tN2hN1_QqGtT1bC2zC1wN1 : 12.3372881 (0.03)%
QqGbB1tC2zC1wN1_QqGtT1tN3wC1wN1 : 12.1798754 (0.03)%
                 N3zN1_N4wC1wN1 : 12.0280347 (0.03)%
           GtT1tN1_QqGtT1bC1wN1 : 11.9877121 (0.03)%
           GtT1bC1wN1_QqGtT1tN1 : 11.9877121 (0.03)%
           T1bC2zC1wN1_T1tN2hN1 : 11.9272729 (0.03)%
    GbB1bN3wC1wN1_GtT1tN3wC1wN1 : 11.8199491 (0.03)%
        GbB1bN2hN1_QqGbB1tC1wN1 : 11.8188573 (0.03)%
        GbB1tC1wN1_QqGbB1bN2hN1 : 11.8188573 (0.03)%
  GtT1bC2zC1wN1_QqGtT1bC2hC1wN1 : 11.7986383 (0.03)%
  GtT1bC2hC1wN1_QqGtT1bC2zC1wN1 : 11.7986383 (0.03)%
     GbB1tC1wN1_QqGbB1tC2wN2hN1 : 11.7735198 (0.03)%
     GbB1tC2wN2hN1_QqGbB1tC1wN1 : 11.7735198 (0.03)%
             GbB2tC2wN1_QqN2hN1 : 11.7261099 (0.03)%
     GtT1bC1wN1_QqGbB2tC2wN2hN1 : 11.6379350 (0.03)%
     GbB2tC2wN2hN1_QqGtT1bC1wN1 : 11.6379350 (0.03)%
       GtT1bC2zC1wN1_GtT1tN2hN1 : 11.6292544 (0.03)%
                 T1bC1wN1_T1tN1 : 11.5893146 (0.03)%
           QqC1wN1_QqGbB1bN4hN1 : 11.5719959 (0.03)%
                 C2wN1_N3zN2hN1 : 11.5689179 (0.03)%
   QqGtT1bC1wN1_QqGtT1tN4wC1wN1 : 11.5668774 (0.03)%
                 C2zC1wN1_N4hN1 : 11.5431870 (0.03)%
                 N3wC1wN1_N4hN1 : 11.5294683 (0.03)%
          GbB1tC1wN1_GbB1tC1wN1 : 11.5238192 (0.03)%
     GbB1tC1wN1_QqGtT1tN3zN2hN1 : 11.4914635 (0.03)%
     GtT1tN3zN2hN1_QqGbB1tC1wN1 : 11.4914635 (0.03)%
              N3zN2hN1_N4hN2hN1 : 11.4632048 (0.03)%
           QqGbB1tC1wN1_QqN2zN1 : 11.4449602 (0.03)%
        T1bC2hC1wN1_T1bC2zC1wN1 : 11.4065244 (0.03)%
        GbB1tC2wN1_QqGtT1bC1wN1 : 11.3597065 (0.03)%
        GtT1bC1wN1_QqGbB1tC2wN1 : 11.3597065 (0.03)%
             GtT1bC1wN1_GtT1tN1 : 11.2997404 (0.03)%
                GbB1bN1_QqN2hN1 : 11.2824589 (0.03)%
   QqGbB1tC1wN1_QqGbB1tC2hC1wN1 : 11.2378704 (0.03)%
             GtT1tN2hN1_QqN2zN1 : 11.2244930 (0.03)%
             GtT1tN2zN1_QqN2hN1 : 11.2244930 (0.03)%
          GbB1bN2hN1_GbB1tC1wN1 : 11.1405762 (0.03)%
    GtT1bC2hC1wN1_GtT1bC2zC1wN1 : 11.1215175 (0.03)%
   QqGbB2tC2hC1wN1_QqGtT1bC1wN1 : 11.1084542 (0.03)%
       GbB1tC1wN1_GbB1tC2wN2hN1 : 11.0978406 (0.03)%
     GbB1tC2hC1wN1_QqGtT1tN2hN1 : 11.0213924 (0.03)%
     GtT1tN2hN1_QqGbB1tC2hC1wN1 : 11.0213924 (0.03)%
       GbB2tC2wN2hN1_GtT1bC1wN1 : 10.9700369 (0.03)%
   QqGbB1tC1wN1_QqGtT1bC2wN2hN1 : 10.9697221 (0.03)%
  GtT1tN3wC1wN1_QqGbB1bN4wC1wN1 : 10.9377310 (0.03)%
  GbB1bN4wC1wN1_QqGtT1tN3wC1wN1 : 10.9377310 (0.03)%
  GtT1bC2zC1wN1_QqGtT1bC2zC1wN1 : 10.9151732 (0.03)%
       GbB1tC1wN1_GtT1tN3zN2hN1 : 10.8319714 (0.03)%
                 C2wN2hN1_N3zN1 : 10.7854596 (0.03)%
     GtT1bC2wN2hN1_QqGtT1tN2hN1 : 10.7584096 (0.03)%
     GtT1tN2hN1_QqGtT1bC2wN2hN1 : 10.7584096 (0.03)%
          GtT1bC2hC1wN1_QqN2zN1 : 10.7344281 (0.03)%
             QqC1wN1_QqC2hC1wN1 : 10.7308169 (0.03)%
          GbB1tC2wN1_GtT1bC1wN1 : 10.7077759 (0.03)%
     GbB1tC1wN1_QqGbB1bN3wC1wN1 : 10.7034395 (0.03)%
     GbB1bN3wC1wN1_QqGbB1tC1wN1 : 10.7034395 (0.03)%
   QqGbB1bN2hN1_QqGtT1tN3wC1wN1 : 10.6620419 (0.03)%
QqGbB1tC2wN2hN1_QqGtT1tN3wC1wN1 : 10.6211419 (0.03)%
      QqGtT1bC1wN1_QqGtT1bC2wN1 : 10.5841606 (0.03)%
                       N1_N2hN1 : 10.5500847 (0.03)%
  GbB1tC2hC1wN1_QqGtT1bC2hC1wN1 : 10.5401950 (0.03)%
  GtT1bC2hC1wN1_QqGbB1tC2hC1wN1 : 10.5401950 (0.03)%
           T1bC2wN2hN1_T1tN2hN1 : 10.4008665 (0.03)%
   QqGbB1tC1wN1_QqGbB1tC2zC1wN1 : 10.3963948 (0.03)%
       GbB1tC2hC1wN1_GtT1tN2hN1 : 10.3888776 (0.03)%
QqGtT1tN3wC1wN1_QqGtT1tN3zN2hN1 : 10.3666930 (0.03)%
        QqGtT1tN4hN2hN1_QqN2hN1 : 10.3550324 (0.03)%
           B1tC1wN1_B1tC2hC1wN1 : 10.3508795 (0.03)%
        GtT1bC1wN1_QqGtT1tN3zN1 : 10.3367033 (0.03)%
        GtT1tN3zN1_QqGtT1bC1wN1 : 10.3367033 (0.03)%
           QqC1wN1_QqGtT1tN3hN1 : 10.3245307 (0.03)%
    GbB1bN4wC1wN1_GtT1tN3wC1wN1 : 10.3100175 (0.03)%
  GtT1bC2wN2hN1_QqGtT1bC2hC1wN1 : 10.2886941 (0.03)%
  GtT1bC2hC1wN1_QqGtT1bC2wN2hN1 : 10.2886941 (0.03)%
   QqGbB2tC2zC1wN1_QqGtT1bC1wN1 : 10.2766690 (0.03)%
   QqGtT1bC2hC1wN1_QqGtT1tN2hN1 : 10.2689438 (0.03)%
     GtT1tN2hN1_QqGbB1tC2zC1wN1 : 10.1961264 (0.03)%
     GbB1tC2zC1wN1_QqGtT1tN2hN1 : 10.1961264 (0.03)%
       GtT1bC2wN2hN1_GtT1tN2hN1 : 10.1409873 (0.03)%
       GbB1bN3wC1wN1_GbB1tC1wN1 : 10.0891719 (0.03)%
                 C2wN2hN1_N4hN1 : 10.0659344 (0.03)%
              T1bC1wN1_T1tN3zN1 : 9.9931752 (0.03)%
        T1bC2hC1wN1_T1bC2wN2hN1 : 9.9467614 (0.03)%
    GbB1tC2hC1wN1_GtT1bC2hC1wN1 : 9.9352960 (0.03)%
          GtT1bC2zC1wN1_QqN2zN1 : 9.9306495 (0.03)%
             QqC1wN1_QqC2zC1wN1 : 9.9273087 (0.03)%
             GbB2tC1wN1_QqC1wN1 : 9.7746243 (0.02)%
  GbB1tC2hC1wN1_QqGtT1bC2zC1wN1 : 9.7509603 (0.02)%
  GtT1bC2zC1wN1_QqGbB1tC2hC1wN1 : 9.7509603 (0.02)%
  GbB1tC2zC1wN1_QqGtT1bC2hC1wN1 : 9.7509603 (0.02)%
  GtT1bC2hC1wN1_QqGbB1tC2zC1wN1 : 9.7509603 (0.02)%
          GtT1bC1wN1_GtT1tN3zN1 : 9.7434827 (0.02)%
    GtT1bC2hC1wN1_GtT1bC2wN2hN1 : 9.6982286 (0.02)%
QqGbB1bN3wC1wN1_QqGtT1tN3wC1wN1 : 9.6557998 (0.02)%
       GbB1tC2zC1wN1_GtT1tN2hN1 : 9.6109733 (0.02)%
           QqC1wN1_QqGtT1tN4hN1 : 9.5895766 (0.02)%
     GtT1bC1wN1_QqGbB2bN3wC1wN1 : 9.5859735 (0.02)%
     GbB2bN3wC1wN1_QqGtT1bC1wN1 : 9.5859735 (0.02)%
           B1tC1wN1_B1tC2zC1wN1 : 9.5758204 (0.02)%
     GbB2bN4wC1wN1_QqGtT1bC1wN1 : 9.5433896 (0.02)%
     GtT1bC1wN1_QqGbB2bN4wC1wN1 : 9.5433896 (0.02)%
  GtT1bC2zC1wN1_QqGtT1bC2wN2hN1 : 9.5182914 (0.02)%
  GtT1bC2wN2hN1_QqGtT1bC2zC1wN1 : 9.5182914 (0.02)%
   QqGtT1bC2zC1wN1_QqGtT1tN2hN1 : 9.5000200 (0.02)%
                GtT1bC1wN1_QqN1 : 9.4787489 (0.02)%
      QqGbB1tC1wN1_QqGbB1tC1wN1 : 9.4138893 (0.02)%
     GbB1tC1wN1_QqGbB1bN4wC1wN1 : 9.3361357 (0.02)%
     GbB1bN4wC1wN1_QqGbB1tC1wN1 : 9.3361357 (0.02)%
          GbB1wT1bC1wN1_QqC1wN1 : 9.3081881 (0.02)%
         QqGtT1bC1wN1_QqGtT1tN1 : 9.2308377 (0.02)%
        T1bC2wN2hN1_T1bC2zC1wN1 : 9.2019622 (0.02)%
    GbB1tC2hC1wN1_GtT1bC2zC1wN1 : 9.1913552 (0.02)%
    GbB1tC2zC1wN1_GtT1bC2hC1wN1 : 9.1913552 (0.02)%
      QqGbB1bN2hN1_QqGbB1tC1wN1 : 9.1008153 (0.02)%
QqGtT1bC2hC1wN1_QqGtT1bC2zC1wN1 : 9.0852462 (0.02)%
   QqGbB1tC1wN1_QqGbB1tC2wN2hN1 : 9.0659043 (0.02)%
  GtT1tN4wC1wN1_QqGtT1tN3wC1wN1 : 9.0639688 (0.02)%
  GtT1tN3wC1wN1_QqGtT1tN4wC1wN1 : 9.0639688 (0.02)%
       GbB2bN3wC1wN1_GtT1bC1wN1 : 9.0358370 (0.02)%
           QqGbB2tC2wN1_QqN2hN1 : 9.0293975 (0.02)%
  GtT1bC2zC1wN1_QqGbB1tC2zC1wN1 : 9.0208224 (0.02)%
  GbB1tC2zC1wN1_QqGtT1bC2zC1wN1 : 9.0208224 (0.02)%
       GbB2bN4wC1wN1_GtT1bC1wN1 : 8.9956969 (0.02)%
    GtT1bC2wN2hN1_GtT1bC2zC1wN1 : 8.9720391 (0.02)%
   QqGbB2tC2wN2hN1_QqGtT1bC1wN1 : 8.9615006 (0.02)%
              C2wN2zN1_N3wC1wN1 : 8.9609884 (0.02)%
        GbB1bN2hN1_QqGtT1tN2hN1 : 8.9255040 (0.02)%
        GtT1tN2hN1_QqGbB1bN2hN1 : 8.9255040 (0.02)%
     GtT1tN2hN1_QqGbB1tC2wN2hN1 : 8.8912654 (0.02)%
     GbB1tC2wN2hN1_QqGtT1tN2hN1 : 8.8912654 (0.02)%
          GbB1tC2hC1wN1_QqN2zN1 : 8.8714460 (0.02)%
   QqGbB1tC1wN1_QqGtT1tN3zN2hN1 : 8.8487139 (0.02)%
       GbB1bN4wC1wN1_GbB1tC1wN1 : 8.8003373 (0.02)%
        T1tN3wC1wN1_T1tN4wC1wN1 : 8.7627384 (0.02)%
      QqGbB1tC2wN1_QqGtT1bC1wN1 : 8.7472577 (0.02)%
              C2wN2zN1_N4wC1wN1 : 8.7248255 (0.02)%
  GbB1tC2hC1wN1_QqGbB1tC2hC1wN1 : 8.7109224 (0.02)%
  GbB2tC2hC1wN1_QqGtT1tN3wC1wN1 : 8.7047419 (0.02)%
  GtT1tN3wC1wN1_QqGbB2tC2hC1wN1 : 8.7047419 (0.02)%
              QqGbB1bN1_QqN2hN1 : 8.6877751 (0.02)%
     GtT1tN2hN1_QqGtT1tN3zN2hN1 : 8.6782588 (0.02)%
     GtT1tN3zN2hN1_QqGtT1tN2hN1 : 8.6782588 (0.02)%
              B1tC1wN1_B1tC1wN1 : 8.6708628 (0.02)%
          GtT1bC2wN2zN1_QqN2hN1 : 8.6597633 (0.02)%
          GtT1bC2wN2hN1_QqN2zN1 : 8.6597633 (0.02)%
             QqC1wN1_QqC2wN2hN1 : 8.6568501 (0.02)%
           QqGtT1tN2hN1_QqN2zN1 : 8.6431399 (0.02)%
           QqGtT1tN2zN1_QqN2hN1 : 8.6431399 (0.02)%
    GtT1tN3wC1wN1_GtT1tN4wC1wN1 : 8.5437900 (0.02)%
          GbB2bN4hN2hN1_QqN2hN1 : 8.5435425 (0.02)%
     GbB1bN2hN1_QqGtT1bC2hC1wN1 : 8.5358137 (0.02)%
     GtT1bC2hC1wN1_QqGbB1bN2hN1 : 8.5358137 (0.02)%
    GbB1tC2zC1wN1_GtT1bC2zC1wN1 : 8.5031197 (0.02)%
  GbB1tC2hC1wN1_QqGtT1bC2wN2hN1 : 8.5030700 (0.02)%
  GtT1bC2wN2hN1_QqGbB1tC2hC1wN1 : 8.5030700 (0.02)%
  GtT1bC2hC1wN1_QqGbB1tC2wN2hN1 : 8.5030700 (0.02)%
  GbB1tC2wN2hN1_QqGtT1bC2hC1wN1 : 8.5030700 (0.02)%
   QqGbB1tC2hC1wN1_QqGtT1tN2hN1 : 8.4867474 (0.02)%
QqGbB1bN4wC1wN1_QqGtT1tN3wC1wN1 : 8.4223260 (0.02)%
          GbB1bN2hN1_GtT1tN2hN1 : 8.4132716 (0.02)%
           T1tN2hN1_T1tN3zN2hN1 : 8.3898471 (0.02)%
              B1bN2hN1_B1tC1wN1 : 8.3824994 (0.02)%
       GbB1tC2wN2hN1_GtT1tN2hN1 : 8.3809980 (0.02)%
          GbB2tC2wN2zN1_QqC1wN1 : 8.3629958 (0.02)%
           B1tC1wN1_B1tC2wN2hN1 : 8.3503439 (0.02)%
     GbB1bN3zN2hN1_QqGtT1bC1wN1 : 8.3367610 (0.02)%
     GtT1bC1wN1_QqGbB1bN3zN2hN1 : 8.3367610 (0.02)%
  GtT1bC2wN2hN1_QqGtT1bC2wN2hN1 : 8.3001772 (0.02)%
  GtT1bC2hC1wN1_QqGtT1tN3zN2hN1 : 8.2993634 (0.02)%
  GtT1tN3zN2hN1_QqGtT1bC2hC1wN1 : 8.2993634 (0.02)%
     GtT1bC2wN1_QqGtT1tN3wC1wN1 : 8.2938980 (0.02)%
     GtT1tN3wC1wN1_QqGtT1bC2wN1 : 8.2938980 (0.02)%
             GbB2bN3zN1_QqC1wN1 : 8.2909619 (0.02)%
   QqGtT1bC2wN2hN1_QqGtT1tN2hN1 : 8.2842441 (0.02)%
        QqGtT1bC2hC1wN1_QqN2zN1 : 8.2657777 (0.02)%
   QqGbB1bN3wC1wN1_QqGbB1tC1wN1 : 8.2419157 (0.02)%
          GbB1tC2zC1wN1_QqN2zN1 : 8.2071648 (0.02)%
    GbB2tC2hC1wN1_GtT1tN3wC1wN1 : 8.2051790 (0.02)%
       GtT1tN2hN1_GtT1tN3zN2hN1 : 8.1802158 (0.02)%
QqGbB1tC2hC1wN1_QqGtT1bC2hC1wN1 : 8.1162134 (0.02)%
     GbB1bN3wC1wN1_QqGtT1tN2hN1 : 8.0831496 (0.02)%
     GtT1tN2hN1_QqGbB1bN3wC1wN1 : 8.0831496 (0.02)%
  GbB1tC2hC1wN1_QqGbB1tC2zC1wN1 : 8.0586610 (0.02)%
  GbB1tC2zC1wN1_QqGbB1tC2hC1wN1 : 8.0586610 (0.02)%
  GbB2tC2zC1wN1_QqGtT1tN3wC1wN1 : 8.0529433 (0.02)%
  GtT1tN3wC1wN1_QqGbB2tC2zC1wN1 : 8.0529433 (0.02)%
       GbB1bN2hN1_GtT1bC2hC1wN1 : 8.0459456 (0.02)%
        T1bC2hC1wN1_T1tN3zN2hN1 : 8.0235438 (0.02)%
           T1bC2wN1_T1tN3wC1wN1 : 8.0182601 (0.02)%
    GbB1tC2hC1wN1_GtT1bC2wN2hN1 : 8.0150810 (0.02)%
    GbB1tC2wN2hN1_GtT1bC2hC1wN1 : 8.0150810 (0.02)%
     GtT1bC1wN1_QqGbB1bN4hN2hN1 : 8.0035976 (0.02)%
     GbB1bN4hN2hN1_QqGtT1bC1wN1 : 8.0035976 (0.02)%
      QqGtT1bC1wN1_QqGtT1tN3zN1 : 7.9595197 (0.02)%
QqGtT1bC2hC1wN1_QqGtT1bC2wN2hN1 : 7.9225514 (0.02)%
             GbB2bN4hN1_QqC1wN1 : 7.9119941 (0.02)%
     GtT1bC2zC1wN1_QqGbB1bN2hN1 : 7.8966642 (0.02)%
     GbB1bN2hN1_QqGtT1bC2zC1wN1 : 7.8966642 (0.02)%
  GtT1bC2zC1wN1_QqGbB1tC2wN2hN1 : 7.8663723 (0.02)%
  GbB1tC2zC1wN1_QqGtT1bC2wN2hN1 : 7.8663723 (0.02)%
  GbB1tC2wN2hN1_QqGtT1bC2zC1wN1 : 7.8663723 (0.02)%
  GtT1bC2wN2hN1_QqGbB1tC2zC1wN1 : 7.8663723 (0.02)%
       GbB1bN3zN2hN1_GtT1bC1wN1 : 7.8583165 (0.02)%
   QqGbB1tC2zC1wN1_QqGtT1tN2hN1 : 7.8512719 (0.02)%
             GbB1bN3zN1_QqN2hN1 : 7.8310735 (0.02)%
    GtT1bC2hC1wN1_GtT1tN3zN2hN1 : 7.8230651 (0.02)%
       GtT1bC2wN1_GtT1tN3wC1wN1 : 7.8179134 (0.02)%
          GbB2bN3zN2hN1_QqN2hN1 : 7.7969986 (0.02)%
     GtT1tN4wC1wN1_QqGbB1tC1wN1 : 7.7367456 (0.02)%
     GbB1tC1wN1_QqGtT1tN4wC1wN1 : 7.7367456 (0.02)%
  GbB1bN3wC1wN1_QqGtT1bC2hC1wN1 : 7.7302368 (0.02)%
  GtT1bC2hC1wN1_QqGbB1bN3wC1wN1 : 7.7302368 (0.02)%
  GtT1bC2zC1wN1_QqGtT1tN3zN2hN1 : 7.6779189 (0.02)%
  GtT1tN3zN2hN1_QqGtT1bC2zC1wN1 : 7.6779189 (0.02)%
        B2tC2hC1wN1_B2tC2zC1wN1 : 7.6583091 (0.02)%
        QqGtT1bC2zC1wN1_QqN2zN1 : 7.6468481 (0.02)%
       GbB1bN3wC1wN1_GtT1tN2hN1 : 7.6192598 (0.02)%
    GbB1tC2hC1wN1_GbB1tC2zC1wN1 : 7.5961766 (0.02)%
           B1bN3wC1wN1_B1tC1wN1 : 7.5913917 (0.02)%
    GbB2tC2zC1wN1_GtT1tN3wC1wN1 : 7.5907869 (0.02)%
       GbB1bN4hN2hN1_GtT1bC1wN1 : 7.5442732 (0.02)%
           QqC1wN1_QqGbB2tC1wN1 : 7.5267048 (0.02)%
QqGbB1tC2zC1wN1_QqGtT1bC2hC1wN1 : 7.5084830 (0.02)%
QqGbB1tC2hC1wN1_QqGtT1bC2zC1wN1 : 7.5084830 (0.02)%
  GbB1tC2zC1wN1_QqGbB1tC2zC1wN1 : 7.4552401 (0.02)%
       GbB1bN2hN1_GtT1bC2zC1wN1 : 7.4434767 (0.02)%
     GbB1tC1wN1_QqGbB2tC2hC1wN1 : 7.4301197 (0.02)%
     GbB2tC2hC1wN1_QqGbB1tC1wN1 : 7.4301197 (0.02)%
        T1bC2zC1wN1_T1tN3zN2hN1 : 7.4227523 (0.02)%
    GbB1tC2zC1wN1_GtT1bC2wN2hN1 : 7.4149233 (0.02)%
    GbB1tC2wN2hN1_GtT1bC2zC1wN1 : 7.4149233 (0.02)%
   QqGbB2bN3wC1wN1_QqGtT1bC1wN1 : 7.3814390 (0.02)%
   QqGbB2bN4wC1wN1_QqGtT1bC1wN1 : 7.3486483 (0.02)%
QqGtT1bC2wN2hN1_QqGtT1bC2zC1wN1 : 7.3293221 (0.02)%
              QqGtT1bC1wN1_QqN1 : 7.2988733 (0.02)%
       GbB1tC1wN1_GtT1tN4wC1wN1 : 7.2927358 (0.02)%
    GbB1bN3wC1wN1_GtT1bC2hC1wN1 : 7.2866005 (0.02)%
    GtT1bC2zC1wN1_GtT1tN3zN2hN1 : 7.2372852 (0.02)%
        GtT1tN1_QqGtT1tN3wC1wN1 : 7.2334150 (0.02)%
        GtT1tN3wC1wN1_QqGtT1tN1 : 7.2334150 (0.02)%
   QqGbB1bN4wC1wN1_QqGbB1tC1wN1 : 7.1890576 (0.02)%
             GbB1bN2zN1_QqN2hN1 : 7.1844031 (0.02)%
             GbB1bN2hN1_QqN2zN1 : 7.1844031 (0.02)%
        QqC1wN1_QqGbB1wT1bC1wN1 : 7.1675373 (0.02)%
          GbB1tC2wN2zN1_QqN2hN1 : 7.1568435 (0.02)%
          GbB1tC2wN2hN1_QqN2zN1 : 7.1568435 (0.02)%
  GbB1bN3wC1wN1_QqGtT1bC2zC1wN1 : 7.1514077 (0.02)%
  GtT1bC2zC1wN1_QqGbB1bN3wC1wN1 : 7.1514077 (0.02)%
        GtT1bC2wN1_QqGbB1tC1wN1 : 7.0794351 (0.02)%
        GbB1tC1wN1_QqGtT1bC2wN1 : 7.0794351 (0.02)%
             QqC1wN1_QqN4wC1wN1 : 7.0686035 (0.02)%
     GbB1tC2hC1wN1_QqGbB1bN2hN1 : 7.0544056 (0.02)%
     GbB1bN2hN1_QqGbB1tC2hC1wN1 : 7.0544056 (0.02)%
     GtT1tN2hN1_QqGbB1bN4wC1wN1 : 7.0505730 (0.02)%
     GbB1bN4wC1wN1_QqGtT1tN2hN1 : 7.0505730 (0.02)%
  GbB1tC2hC1wN1_QqGbB1tC2wN2hN1 : 7.0273447 (0.02)%
  GbB1tC2wN2hN1_QqGbB1tC2hC1wN1 : 7.0273447 (0.02)%
  GtT1tN3wC1wN1_QqGbB2tC2wN2hN1 : 7.0223586 (0.02)%
  GbB2tC2wN2hN1_QqGtT1tN3wC1wN1 : 7.0223586 (0.02)%
       GbB1tC1wN1_GbB2tC2hC1wN1 : 7.0037071 (0.02)%
              T1tN1_T1tN3wC1wN1 : 6.9930210 (0.02)%
          GtT1tN3zN2zN1_QqN2hN1 : 6.9853882 (0.02)%
          GtT1tN3zN2hN1_QqN2zN1 : 6.9853882 (0.02)%
QqGtT1tN3wC1wN1_QqGtT1tN4wC1wN1 : 6.9794823 (0.02)%
QqGbB1tC2zC1wN1_QqGtT1bC2zC1wN1 : 6.9462585 (0.02)%
     GbB1bN2hN1_QqGtT1bC2wN2hN1 : 6.8860796 (0.02)%
     GtT1bC2wN2hN1_QqGbB1bN2hN1 : 6.8860796 (0.02)%
     GbB1tC1wN1_QqGbB2tC2zC1wN1 : 6.8737630 (0.02)%
     GbB2tC2zC1wN1_QqGbB1tC1wN1 : 6.8737630 (0.02)%
      QqGbB1bN2hN1_QqGtT1tN2hN1 : 6.8728610 (0.02)%
  GtT1bC2wN2hN1_QqGbB1tC2wN2hN1 : 6.8596643 (0.02)%
  GbB1tC2wN2hN1_QqGtT1bC2wN2hN1 : 6.8596643 (0.02)%
  GbB1tC2hC1wN1_QqGtT1tN3zN2hN1 : 6.8589917 (0.02)%
  GtT1tN3zN2hN1_QqGbB1tC2hC1wN1 : 6.8589917 (0.02)%
     GbB1tC2wN1_QqGtT1tN3wC1wN1 : 6.8544749 (0.02)%
     GtT1tN3wC1wN1_QqGbB1tC2wN1 : 6.8544749 (0.02)%
   QqGbB1tC2wN2hN1_QqGtT1tN2hN1 : 6.8464964 (0.02)%
        QqGbB1tC2hC1wN1_QqN2zN1 : 6.8312350 (0.02)%
          GtT1tN1_GtT1tN3wC1wN1 : 6.8182912 (0.02)%
  GtT1bC2hC1wN1_QqGbB1bN4wC1wN1 : 6.7427428 (0.02)%
  GbB1bN4wC1wN1_QqGtT1bC2hC1wN1 : 6.7427428 (0.02)%
    GbB1bN3wC1wN1_GtT1bC2zC1wN1 : 6.7409903 (0.02)%
              T1tN2hN1_T1tN2hN1 : 6.7406261 (0.02)%
QqGbB2tC2hC1wN1_QqGtT1tN3wC1wN1 : 6.7028686 (0.02)%
  GtT1bC2wN2hN1_QqGtT1tN3zN2hN1 : 6.6953285 (0.02)%
  GtT1tN3zN2hN1_QqGtT1bC2wN2hN1 : 6.6953285 (0.02)%
   QqGtT1tN2hN1_QqGtT1tN3zN2hN1 : 6.6824760 (0.02)%
        B2tC2hC1wN1_B2tC2wN2hN1 : 6.6782282 (0.02)%
          GbB1tC1wN1_GtT1bC2wN1 : 6.6731482 (0.02)%
        QqGtT1bC2wN2hN1_QqN2zN1 : 6.6682340 (0.02)%
        QqGtT1bC2wN2zN1_QqN2hN1 : 6.6682340 (0.02)%
       GbB1bN2hN1_GbB1tC2hC1wN1 : 6.6495551 (0.02)%
       GbB1bN4wC1wN1_GtT1tN2hN1 : 6.6459424 (0.02)%
     GtT1bC1wN1_QqGtT1tN4hN2hN1 : 6.6324870 (0.02)%
     GtT1tN4hN2hN1_QqGtT1bC1wN1 : 6.6324870 (0.02)%
    GbB1tC2hC1wN1_GbB1tC2wN2hN1 : 6.6240472 (0.02)%
           B1bN4wC1wN1_B1tC1wN1 : 6.6216344 (0.02)%
    GbB2tC2wN2hN1_GtT1tN3wC1wN1 : 6.6193473 (0.02)%
        QqGbB2bN4hN2hN1_QqN2hN1 : 6.5787411 (0.02)%
   QqGbB1bN2hN1_QqGtT1bC2hC1wN1 : 6.5727897 (0.02)%
          GtT1tN2hN1_GtT1tN2hN1 : 6.5722028 (0.02)%
QqGbB1tC2wN2hN1_QqGtT1bC2hC1wN1 : 6.5475763 (0.02)%
QqGbB1tC2hC1wN1_QqGtT1bC2wN2hN1 : 6.5475763 (0.02)%
             GbB1bN4hN1_QqN2hN1 : 6.5475633 (0.02)%
     GbB1bN2hN1_QqGbB1tC2zC1wN1 : 6.5261818 (0.02)%
     GbB1tC2zC1wN1_QqGbB1bN2hN1 : 6.5261818 (0.02)%
          GbB1bN3wC1wN1_QqN2zN1 : 6.5063671 (0.02)%
  GbB1tC2zC1wN1_QqGbB1tC2wN2hN1 : 6.5011472 (0.02)%
  GbB1tC2wN2hN1_QqGbB1tC2zC1wN1 : 6.5011472 (0.02)%
       GbB1bN2hN1_GtT1bC2wN2hN1 : 6.4908893 (0.02)%
       GbB1tC1wN1_GbB2tC2zC1wN1 : 6.4792795 (0.02)%
        T1bC2wN2hN1_T1tN3zN2hN1 : 6.4728171 (0.02)%
    GbB1tC2wN2hN1_GtT1bC2wN2hN1 : 6.4659900 (0.02)%
    GbB1tC2hC1wN1_GtT1tN3zN2hN1 : 6.4653560 (0.02)%
       GbB1tC2wN1_GtT1tN3wC1wN1 : 6.4610984 (0.02)%
        QqC1wN1_QqGbB2tC2wN2zN1 : 6.4397157 (0.02)%
   QqGbB1bN3zN2hN1_QqGtT1bC1wN1 : 6.4195142 (0.02)%
        T2bC2hC1wN1_T2tN4wC1wN1 : 6.4147290 (0.02)%
           T1bC1wN1_T1tN4hN2hN1 : 6.4120641 (0.02)%
          GtT1tN3hN2hN1_QqC1wN1 : 6.3914650 (0.02)%
QqGtT1bC2hC1wN1_QqGtT1tN3zN2hN1 : 6.3907171 (0.02)%
  GbB1tC2hC1wN1_QqGbB1bN3wC1wN1 : 6.3886382 (0.02)%
  GbB1bN3wC1wN1_QqGbB1tC2hC1wN1 : 6.3886382 (0.02)%
   QqGtT1bC2wN1_QqGtT1tN3wC1wN1 : 6.3865086 (0.02)%
           QqC1wN1_QqGbB2bN3zN1 : 6.3842477 (0.02)%
    GbB1bN4wC1wN1_GtT1bC2hC1wN1 : 6.3557785 (0.02)%
  GbB1tC2zC1wN1_QqGtT1tN3zN2hN1 : 6.3454003 (0.02)%
  GtT1tN3zN2hN1_QqGbB1tC2zC1wN1 : 6.3454003 (0.02)%
        QqGbB1tC2zC1wN1_QqN2zN1 : 6.3197219 (0.02)%
    GtT1bC2wN2hN1_GtT1tN3zN2hN1 : 6.3110853 (0.02)%
       GtT1bC1wN1_GtT1tN4hN2hN1 : 6.2518503 (0.02)%
  GtT1bC2zC1wN1_QqGbB1bN4wC1wN1 : 6.2378558 (0.02)%
  GbB1bN4wC1wN1_QqGtT1bC2zC1wN1 : 6.2378558 (0.02)%
     GtT1tN3zN1_QqGtT1tN3wC1wN1 : 6.2371923 (0.02)%
     GtT1tN3wC1wN1_QqGtT1tN3zN1 : 6.2371923 (0.02)%
  GtT1bC2wN2hN1_QqGbB1bN3wC1wN1 : 6.2361981 (0.02)%
  GbB1bN3wC1wN1_QqGtT1bC2wN2hN1 : 6.2361981 (0.02)%
   QqGbB1bN3wC1wN1_QqGtT1tN2hN1 : 6.2242271 (0.02)%
QqGbB1tC2hC1wN1_QqGbB1tC2zC1wN1 : 6.2053703 (0.02)%
QqGbB2tC2zC1wN1_QqGtT1tN3wC1wN1 : 6.2009674 (0.02)%
        B2tC2wN2hN1_B2tC2zC1wN1 : 6.1781721 (0.02)%
           GtT1tN1_QqGbB1tC1wN1 : 6.1742370 (0.02)%
           GbB1tC1wN1_QqGtT1tN1 : 6.1742370 (0.02)%
        T1bC2hC1wN1_T1bC2hC1wN1 : 6.1648796 (0.02)%
   QqGbB1bN4hN2hN1_QqGtT1bC1wN1 : 6.1629700 (0.02)%
       GbB1bN2hN1_GbB1tC2zC1wN1 : 6.1516460 (0.02)%
    GbB1tC2wN2hN1_GbB1tC2zC1wN1 : 6.1280481 (0.02)%
           QqC1wN1_QqGbB2bN4hN1 : 6.0924330 (0.02)%
   QqGbB1bN2hN1_QqGtT1bC2zC1wN1 : 6.0806286 (0.02)%
QqGbB1tC2wN2hN1_QqGtT1bC2zC1wN1 : 6.0573031 (0.02)%
QqGbB1tC2zC1wN1_QqGtT1bC2wN2hN1 : 6.0573031 (0.02)%
           QqGbB1bN3zN1_QqN2hN1 : 6.0301222 (0.02)%
           T1tN3wC1wN1_T1tN3zN1 : 6.0299065 (0.02)%
    GbB1bN3wC1wN1_GbB1tC2hC1wN1 : 6.0219960 (0.02)%
    GtT1bC2hC1wN1_GtT1bC2hC1wN1 : 6.0108420 (0.02)%
        QqGbB2bN3zN2hN1_QqN2hN1 : 6.0038836 (0.02)%
     GbB1tC1wN1_QqGbB2tC2wN2hN1 : 5.9940853 (0.02)%
     GbB2tC2wN2hN1_QqGbB1tC1wN1 : 5.9940853 (0.02)%
                 N2hN1_N3wC1wN1 : 5.9940842 (0.02)%
          GbB1bN3zN2zN1_QqC1wN1 : 5.9907791 (0.02)%
                 C1wN1_N3zN2hN1 : 5.9829541 (0.02)%
    GbB1tC2zC1wN1_GtT1tN3zN2hN1 : 5.9812394 (0.02)%
   QqGbB1tC1wN1_QqGtT1tN4wC1wN1 : 5.9574873 (0.02)%
QqGbB1bN3wC1wN1_QqGtT1bC2hC1wN1 : 5.9524754 (0.02)%
        T2bC2zC1wN1_T2tN4wC1wN1 : 5.9344032 (0.01)%
QqGtT1bC2zC1wN1_QqGtT1tN3zN2hN1 : 5.9121893 (0.01)%
  GbB1bN3wC1wN1_QqGbB1tC2zC1wN1 : 5.9102662 (0.01)%
  GbB1tC2zC1wN1_QqGbB1bN3wC1wN1 : 5.9102662 (0.01)%
    GbB1bN4wC1wN1_GtT1bC2zC1wN1 : 5.8798669 (0.01)%
       GtT1tN3wC1wN1_GtT1tN3zN1 : 5.8792414 (0.01)%
    GbB1bN3wC1wN1_GtT1bC2wN2hN1 : 5.8783044 (0.01)%
        GbB1tC1wN1_QqGbB1tC2wN1 : 5.8507845 (0.01)%
        GbB1tC2wN1_QqGbB1tC1wN1 : 5.8507845 (0.01)%
     GtT1tN4wC1wN1_QqGtT1tN2hN1 : 5.8427267 (0.01)%
     GtT1tN2hN1_QqGtT1tN4wC1wN1 : 5.8427267 (0.01)%
             GtT1tN3hN1_QqN2hN1 : 5.8417336 (0.01)%
             GbB1tC1wN1_GtT1tN1 : 5.8198992 (0.01)%
  GtT1tN3wC1wN1_QqGbB2bN3wC1wN1 : 5.7842000 (0.01)%
  GbB2bN3wC1wN1_QqGtT1tN3wC1wN1 : 5.7842000 (0.01)%
        GbB2tC2wN1_QqGtT1bC1wN1 : 5.7834064 (0.01)%
        GtT1bC1wN1_QqGbB2tC2wN1 : 5.7834064 (0.01)%
        T2tN3wC1wN1_T2tN4wC1wN1 : 5.7601062 (0.01)%
  GbB2bN4wC1wN1_QqGtT1tN3wC1wN1 : 5.7585048 (0.01)%
  GtT1tN3wC1wN1_QqGbB2bN4wC1wN1 : 5.7585048 (0.01)%
          GbB1bN4hN2zN1_QqC1wN1 : 5.7513686 (0.01)%
   QqGbB1tC1wN1_QqGbB2tC2hC1wN1 : 5.7213777 (0.01)%
             GtT1tN3wC1wN1_QqN1 : 5.7195004 (0.01)%
        B1tC2hC1wN1_B1tC2zC1wN1 : 5.7155882 (0.01)%
        GbB1bN2hN1_QqGbB1bN2hN1 : 5.7129011 (0.01)%
     GbB1bN2hN1_QqGbB1tC2wN2hN1 : 5.6909863 (0.01)%
     GbB1tC2wN2hN1_QqGbB1bN2hN1 : 5.6909863 (0.01)%
          GbB1bN4wC1wN1_QqN2zN1 : 5.6752155 (0.01)%
  GbB1tC2wN2hN1_QqGbB1tC2wN2hN1 : 5.6691554 (0.01)%
       GbB1tC1wN1_GbB2tC2wN2hN1 : 5.6500863 (0.01)%
           T1tN2hN1_T1tN4wC1wN1 : 5.6485506 (0.01)%
       GbB1wT1tN3wC1wN1_QqC1wN1 : 5.6165836 (0.01)%
     GtT1tN2hN1_QqGbB2tC2hC1wN1 : 5.6111654 (0.01)%
     GbB2tC2hC1wN1_QqGtT1tN2hN1 : 5.6111654 (0.01)%
  GtT1tN4wC1wN1_QqGtT1bC2hC1wN1 : 5.5876314 (0.01)%
  GtT1bC2hC1wN1_QqGtT1tN4wC1wN1 : 5.5876314 (0.01)%
  GbB1tC2hC1wN1_QqGbB1bN4wC1wN1 : 5.5725259 (0.01)%
  GbB1bN4wC1wN1_QqGbB1tC2hC1wN1 : 5.5725259 (0.01)%
    GbB1bN3wC1wN1_GbB1tC2zC1wN1 : 5.5710775 (0.01)%
      QqGtT1tN1_QqGtT1tN3wC1wN1 : 5.5699102 (0.01)%
           GbB1bN1_QqGtT1bC1wN1 : 5.5645944 (0.01)%
           GtT1bC1wN1_QqGbB1bN1 : 5.5645944 (0.01)%
     GbB1bN2hN1_QqGtT1tN3zN2hN1 : 5.5546482 (0.01)%
     GtT1tN3zN2hN1_QqGbB1bN2hN1 : 5.5546482 (0.01)%
        GtT1tN2zN1_QqGtT1bC1wN1 : 5.5360052 (0.01)%
        GtT1bC1wN1_QqGtT1tN2zN1 : 5.5360052 (0.01)%
  GbB1tC2wN2hN1_QqGtT1tN3zN2hN1 : 5.5333404 (0.01)%
  GtT1tN3zN2hN1_QqGbB1tC2wN2hN1 : 5.5333404 (0.01)%
           QqGbB1bN2hN1_QqN2zN1 : 5.5321698 (0.01)%
           QqGbB1bN2zN1_QqN2hN1 : 5.5321698 (0.01)%
          GbB1tC1wN1_GbB1tC2wN1 : 5.5150096 (0.01)%
        QqGbB1tC2wN2hN1_QqN2zN1 : 5.5109483 (0.01)%
        QqGbB1tC2wN2zN1_QqN2hN1 : 5.5109483 (0.01)%
       GtT1tN2hN1_GtT1tN4wC1wN1 : 5.5074142 (0.01)%
QqGbB1bN3wC1wN1_QqGtT1bC2zC1wN1 : 5.5067625 (0.01)%
        B2bN3wC1wN1_B2tC2hC1wN1 : 5.5007456 (0.01)%
              C2hC1wN1_C2wN2zN1 : 5.4900983 (0.01)%
        B2bN4wC1wN1_B2tC2hC1wN1 : 5.4763095 (0.01)%
    GbB2bN3wC1wN1_GtT1tN3wC1wN1 : 5.4522463 (0.01)%
          GbB2tC2wN1_GtT1bC1wN1 : 5.4514983 (0.01)%
      QqGbB1tC1wN1_QqGtT1bC2wN1 : 5.4513418 (0.01)%
  GtT1bC2wN2hN1_QqGbB1bN4wC1wN1 : 5.4395591 (0.01)%
  GbB1bN4wC1wN1_QqGtT1bC2wN2hN1 : 5.4395591 (0.01)%
   QqGbB1bN2hN1_QqGbB1tC2hC1wN1 : 5.4320685 (0.01)%
   QqGbB1bN4wC1wN1_QqGtT1tN2hN1 : 5.4291173 (0.01)%
    GbB2bN4wC1wN1_GtT1tN3wC1wN1 : 5.4280257 (0.01)%
             GtT1tN4hN1_QqN2hN1 : 5.4258885 (0.01)%
QqGbB1tC2hC1wN1_QqGbB1tC2wN2hN1 : 5.4112309 (0.01)%
QqGbB2tC2wN2hN1_QqGtT1tN3wC1wN1 : 5.4073915 (0.01)%
        T1bC2hC1wN1_T1tN4wC1wN1 : 5.4019331 (0.01)%
  GtT1tN3zN2hN1_QqGtT1tN3zN2hN1 : 5.4007791 (0.01)%
        QqGtT1tN3zN2hN1_QqN2zN1 : 5.3789234 (0.01)%
        QqGtT1tN3zN2zN1_QqN2hN1 : 5.3789234 (0.01)%
      QqGtT1tN2hN1_QqGtT1tN2hN1 : 5.3688788 (0.01)%
  GtT1bC2hC1wN1_QqGbB2tC2hC1wN1 : 5.3661802 (0.01)%
  GbB2tC2hC1wN1_QqGtT1bC2hC1wN1 : 5.3661802 (0.01)%
       GbB1bN2hN1_GbB1tC2wN2hN1 : 5.3643820 (0.01)%
                    C2wN1_N3zN1 : 5.3597736 (0.01)%
              T1bC1wN1_T1tN2zN1 : 5.3520226 (0.01)%
        GtT1tN2hN1_QqGtT1bC2wN1 : 5.3463312 (0.01)%
        GtT1bC2wN1_QqGtT1tN2hN1 : 5.3463312 (0.01)%
        GbB1tC1wN1_QqGtT1tN3zN1 : 5.3238897 (0.01)%
        GtT1tN3zN1_QqGbB1tC1wN1 : 5.3238897 (0.01)%
                 N3zN1_N4hN2hN1 : 5.3107977 (0.01)%
   QqGbB1bN2hN1_QqGtT1bC2wN2hN1 : 5.3024532 (0.01)%
        T2tN4wC1wN1_T2tN4wC1wN1 : 5.2973256 (0.01)%
   QqGbB1tC1wN1_QqGbB2tC2zC1wN1 : 5.2929692 (0.01)%
       GbB2tC2hC1wN1_GtT1tN2hN1 : 5.2891421 (0.01)%
QqGbB1tC2wN2hN1_QqGtT1bC2wN2hN1 : 5.2821128 (0.01)%
QqGbB1tC2hC1wN1_QqGtT1tN3zN2hN1 : 5.2815949 (0.01)%
   QqGbB1tC2wN1_QqGtT1tN3wC1wN1 : 5.2781169 (0.01)%
        T1bC2zC1wN1_T1bC2zC1wN1 : 5.2762101 (0.01)%
    GtT1bC2hC1wN1_GtT1tN4wC1wN1 : 5.2669587 (0.01)%
    GbB1bN4wC1wN1_GbB1tC2hC1wN1 : 5.2527201 (0.01)%
             GbB1bN1_GtT1bC1wN1 : 5.2452438 (0.01)%
       GbB1bN2hN1_GtT1tN3zN2hN1 : 5.2358684 (0.01)%
          GtT1bC1wN1_GtT1tN2zN1 : 5.2182953 (0.01)%
    GbB1tC2wN2hN1_GtT1tN3zN2hN1 : 5.2157835 (0.01)%
QqGbB1bN4wC1wN1_QqGtT1bC2hC1wN1 : 5.1920803 (0.01)%
     GtT1tN2hN1_QqGbB2tC2zC1wN1 : 5.1910094 (0.01)%
     GbB2tC2zC1wN1_QqGtT1tN2hN1 : 5.1910094 (0.01)%
        T2bC2wN2hN1_T2tN4wC1wN1 : 5.1749412 (0.01)%
     GbB1bN2hN1_QqGbB1bN3wC1wN1 : 5.1737397 (0.01)%
     GbB1bN3wC1wN1_QqGbB1bN2hN1 : 5.1737397 (0.01)%
  GtT1tN4wC1wN1_QqGtT1bC2zC1wN1 : 5.1692376 (0.01)%
  GtT1bC2zC1wN1_QqGtT1tN4wC1wN1 : 5.1692376 (0.01)%
              T1bC2wN1_T1tN2hN1 : 5.1686522 (0.01)%
QqGtT1bC2wN2hN1_QqGtT1tN3zN2hN1 : 5.1555701 (0.01)%
  GbB1tC2zC1wN1_QqGbB1bN4wC1wN1 : 5.1552631 (0.01)%
  GbB1bN4wC1wN1_QqGbB1tC2zC1wN1 : 5.1552631 (0.01)%
  GbB1bN3wC1wN1_QqGbB1tC2wN2hN1 : 5.1538931 (0.01)%
  GbB1tC2wN2hN1_QqGbB1bN3wC1wN1 : 5.1538931 (0.01)%
    GtT1bC2zC1wN1_GtT1bC2zC1wN1 : 5.1443771 (0.01)%
    GbB1bN4wC1wN1_GtT1bC2wN2hN1 : 5.1273842 (0.01)%
     GtT1bC2wN1_QqGtT1bC2hC1wN1 : 5.1129088 (0.01)%
     GtT1bC2hC1wN1_QqGtT1bC2wN1 : 5.1129088 (0.01)%
             GbB2bN2hN1_QqC1wN1 : 5.1128993 (0.01)%
   QqGtT1bC1wN1_QqGtT1tN4hN2hN1 : 5.1071806 (0.01)%
        B2bN3wC1wN1_B2tC2zC1wN1 : 5.0888576 (0.01)%
              C2wN2zN1_C2zC1wN1 : 5.0790076 (0.01)%
        B2bN4wC1wN1_B2tC2zC1wN1 : 5.0662513 (0.01)%
    GbB2tC2hC1wN1_GtT1bC2hC1wN1 : 5.0582165 (0.01)%
           QqGbB1bN4hN1_QqN2hN1 : 5.0417872 (0.01)%
          GtT1bC2wN1_GtT1tN2hN1 : 5.0395067 (0.01)%
  GbB1bN3zN2hN1_QqGtT1tN3wC1wN1 : 5.0304221 (0.01)%
  GbB1bN3wC1wN1_QqGtT1tN3zN2hN1 : 5.0304221 (0.01)%
  GtT1tN3zN2hN1_QqGbB1bN3wC1wN1 : 5.0304221 (0.01)%
  GtT1tN3wC1wN1_QqGbB1bN3zN2hN1 : 5.0304221 (0.01)%
   QqGbB1bN2hN1_QqGbB1tC2zC1wN1 : 5.0253230 (0.01)%
          GbB1tC1wN1_GtT1tN3zN1 : 5.0183530 (0.01)%
        QqGbB1bN3wC1wN1_QqN2zN1 : 5.0100652 (0.01)%
             GbB1bN3hN1_QqC1wN1 : 5.0099629 (0.01)%
QqGbB1tC2wN2hN1_QqGbB1tC2zC1wN1 : 5.0060457 (0.01)%
           B1bN2hN1_B1tC2hC1wN1 : 5.0033222 (0.01)%
                    C2wN1_N4hN1 : 5.0022096 (0.01)%
        T1bC2zC1wN1_T1tN4wC1wN1 : 4.9974441 (0.01)%
        B1tC2hC1wN1_B1tC2wN2hN1 : 4.9841293 (0.01)%
  GtT1bC2zC1wN1_QqGbB2tC2hC1wN1 : 4.9643683 (0.01)%
  GbB2tC2hC1wN1_QqGtT1bC2zC1wN1 : 4.9643683 (0.01)%
  GtT1bC2hC1wN1_QqGbB2tC2zC1wN1 : 4.9643683 (0.01)%
  GbB2tC2zC1wN1_QqGtT1bC2hC1wN1 : 4.9643683 (0.01)%
           T1bC2hC1wN1_T1bC2wN1 : 4.9429873 (0.01)%
     GbB1tC1wN1_QqGbB2bN3wC1wN1 : 4.9372284 (0.01)%
     GbB2bN3wC1wN1_QqGbB1tC1wN1 : 4.9372284 (0.01)%
        QqC1wN1_QqGtT1tN3hN2hN1 : 4.9215877 (0.01)%
QqGbB1bN3wC1wN1_QqGbB1tC2hC1wN1 : 4.9194110 (0.01)%
     GbB1tC1wN1_QqGbB2bN4wC1wN1 : 4.9152957 (0.01)%
     GbB2bN4wC1wN1_QqGbB1tC1wN1 : 4.9152957 (0.01)%
QqGtT1bC2hC1wN1_QqGtT1bC2hC1wN1 : 4.9102992 (0.01)%
       GbB2tC2zC1wN1_GtT1tN2hN1 : 4.8930987 (0.01)%
QqGbB1tC2zC1wN1_QqGtT1tN3zN2hN1 : 4.8861167 (0.01)%
                GbB1tC1wN1_QqN1 : 4.8820027 (0.01)%
       GbB1bN2hN1_GbB1bN3wC1wN1 : 4.8768202 (0.01)%
    GtT1bC2zC1wN1_GtT1tN4wC1wN1 : 4.8725764 (0.01)%
    GbB1bN4wC1wN1_GbB1tC2zC1wN1 : 4.8594039 (0.01)%
    GbB1bN3wC1wN1_GbB1tC2wN2hN1 : 4.8581125 (0.01)%
  GtT1tN3wC1wN1_QqGbB1bN4hN2hN1 : 4.8293905 (0.01)%
  GbB1bN4hN2hN1_QqGtT1tN3wC1wN1 : 4.8293905 (0.01)%
       GtT1bC2hC1wN1_GtT1bC2wN1 : 4.8194803 (0.01)%
QqGbB1bN4wC1wN1_QqGtT1bC2zC1wN1 : 4.8033048 (0.01)%
   QqGtT1tN3wC1wN1_QqGtT1tN3zN1 : 4.8027938 (0.01)%
QqGbB1bN3wC1wN1_QqGtT1bC2wN2hN1 : 4.8020283 (0.01)%
              C2hC1wN1_N4hN2zN1 : 4.7752348 (0.01)%
          GtT1tN4hN2zN1_QqC1wN1 : 4.7660913 (0.01)%
         QqGbB1tC1wN1_QqGtT1tN1 : 4.7543167 (0.01)%
    GbB1bN3zN2hN1_GtT1tN3wC1wN1 : 4.7417275 (0.01)%
    GbB1bN3wC1wN1_GtT1tN3zN2hN1 : 4.7417275 (0.01)%
     GtT1bC2wN1_QqGtT1bC2zC1wN1 : 4.7300615 (0.01)%
     GtT1bC2zC1wN1_QqGtT1bC2wN1 : 4.7300615 (0.01)%
          GtT1tN4wC1wN1_QqN2zN1 : 4.7029842 (0.01)%
  GbB1bN3wC1wN1_QqGbB1bN3wC1wN1 : 4.6854623 (0.01)%
    GbB2tC2zC1wN1_GtT1bC2hC1wN1 : 4.6794645 (0.01)%
    GbB2tC2hC1wN1_GtT1bC2zC1wN1 : 4.6794645 (0.01)%
        T2tN4hN2hN1_T2tN4wC1wN1 : 4.6779088 (0.01)%
             QqC2hC1wN1_QqN2hN1 : 4.6752951 (0.01)%
           GtT1tN1_QqGtT1tN2hN1 : 4.6627331 (0.01)%
           GtT1tN2hN1_QqGtT1tN1 : 4.6627331 (0.01)%
       GbB1tC1wN1_GbB2bN3wC1wN1 : 4.6538822 (0.01)%
       GbB1tC1wN1_GbB2bN4wC1wN1 : 4.6332081 (0.01)%
           B1bN2hN1_B1tC2zC1wN1 : 4.6286806 (0.01)%
                 N3zN2hN1_N4hN1 : 4.6251973 (0.01)%
  GbB1tC2hC1wN1_QqGtT1tN4wC1wN1 : 4.6178865 (0.01)%
  GtT1tN4wC1wN1_QqGbB1tC2hC1wN1 : 4.6178865 (0.01)%
   QqGbB1tC1wN1_QqGbB2tC2wN2hN1 : 4.6155954 (0.01)%
        QqC1wN1_QqGbB1bN3zN2zN1 : 4.6130495 (0.01)%
        B1tC2wN2hN1_B1tC2zC1wN1 : 4.6109248 (0.01)%
  GtT1bC2zC1wN1_QqGbB2tC2zC1wN1 : 4.5926435 (0.01)%
  GbB2tC2zC1wN1_QqGtT1bC2zC1wN1 : 4.5926435 (0.01)%
           T1bC2wN1_T1bC2zC1wN1 : 4.5728634 (0.01)%
    GbB1bN4hN2hN1_GtT1tN3wC1wN1 : 4.5522331 (0.01)%
QqGbB1bN3wC1wN1_QqGbB1tC2zC1wN1 : 4.5510526 (0.01)%
        B1bN3wC1wN1_B1tC2hC1wN1 : 4.5311281 (0.01)%
     GtT1tN2hN1_QqGbB2tC2wN2hN1 : 4.5266840 (0.01)%
     GbB2tC2wN2hN1_QqGtT1tN2hN1 : 4.5266840 (0.01)%
          GbB2tC2hC1wN1_QqN2zN1 : 4.5165936 (0.01)%
     GbB1bN2hN1_QqGbB1bN4wC1wN1 : 4.5128238 (0.01)%
     GbB1bN4wC1wN1_QqGbB1bN2hN1 : 4.5128238 (0.01)%
                 T1tN1_T1tN2hN1 : 4.5077727 (0.01)%
  GtT1tN4wC1wN1_QqGtT1bC2wN2hN1 : 4.5076985 (0.01)%
  GtT1bC2wN2hN1_QqGtT1tN4wC1wN1 : 4.5076985 (0.01)%
      QqGbB1tC1wN1_QqGbB1tC2wN1 : 4.5052502 (0.01)%
   QqGtT1tN2hN1_QqGtT1tN4wC1wN1 : 4.4990455 (0.01)%
           QqGtT1tN3hN1_QqN2hN1 : 4.4982808 (0.01)%
  GbB1tC2wN2hN1_QqGbB1bN4wC1wN1 : 4.4955124 (0.01)%
  GbB1bN4wC1wN1_QqGbB1tC2wN2hN1 : 4.4955124 (0.01)%
        GtT1bC2hC1wN1_QqGtT1tN1 : 4.4591567 (0.01)%
        GtT1tN1_QqGtT1bC2hC1wN1 : 4.4591567 (0.01)%
       GtT1bC2wN1_GtT1bC2zC1wN1 : 4.4586045 (0.01)%
              C2hC1wN1_N3zN2zN1 : 4.4560473 (0.01)%
QqGbB2bN3wC1wN1_QqGtT1tN3wC1wN1 : 4.4539785 (0.01)%
      QqGbB2tC2wN1_QqGtT1bC1wN1 : 4.4533674 (0.01)%
        B2bN3wC1wN1_B2tC2wN2hN1 : 4.4376052 (0.01)%
  GbB1tC2hC1wN1_QqGbB2tC2hC1wN1 : 4.4348685 (0.01)%
  GbB2tC2hC1wN1_QqGbB1tC2hC1wN1 : 4.4348685 (0.01)%
QqGbB2bN4wC1wN1_QqGtT1tN3wC1wN1 : 4.4341925 (0.01)%
              C2wN2hN1_C2wN2zN1 : 4.4290158 (0.01)%
        QqC1wN1_QqGbB1bN4hN2zN1 : 4.4286974 (0.01)%
        GbB1tC2wN1_QqGtT1tN2hN1 : 4.4184644 (0.01)%
        GtT1tN2hN1_QqGbB1tC2wN1 : 4.4184644 (0.01)%
        B2bN4wC1wN1_B2tC2wN2hN1 : 4.4178920 (0.01)%
              C2zC1wN1_N4hN2zN1 : 4.4176720 (0.01)%
              N3wC1wN1_N4hN2zN1 : 4.4124218 (0.01)%
           QqGtT1tN3wC1wN1_QqN1 : 4.4041582 (0.01)%
             GtT1tN1_GtT1tN2hN1 : 4.3951401 (0.01)%
  GtT1tN3zN2hN1_QqGbB1bN4wC1wN1 : 4.3878142 (0.01)%
  GbB1bN4wC1wN1_QqGtT1tN3zN2hN1 : 4.3878142 (0.01)%
   QqGbB1bN2hN1_QqGbB1tC2wN2hN1 : 4.3822015 (0.01)%
        QqGbB1bN4wC1wN1_QqN2zN1 : 4.3700577 (0.01)%
        T1bC2wN2hN1_T1tN4wC1wN1 : 4.3578905 (0.01)%
    GbB1tC2hC1wN1_GtT1tN4wC1wN1 : 4.3528672 (0.01)%
    GbB2tC2zC1wN1_GtT1bC2zC1wN1 : 4.3290729 (0.01)%
  GtT1bC2hC1wN1_QqGbB2tC2wN2hN1 : 4.3290476 (0.01)%
  GbB2tC2hC1wN1_QqGtT1bC2wN2hN1 : 4.3290476 (0.01)%
  GtT1bC2wN2hN1_QqGbB2tC2hC1wN1 : 4.3290476 (0.01)%
  GbB2tC2wN2hN1_QqGtT1bC2hC1wN1 : 4.3290476 (0.01)%
             GbB1bN4zN1_QqC1wN1 : 4.3284369 (0.01)%
             QqC2zC1wN1_QqN2hN1 : 4.3252157 (0.01)%
     QqC1wN1_QqGbB1wT1tN3wC1wN1 : 4.3249097 (0.01)%
   QqGbB2tC2hC1wN1_QqGtT1tN2hN1 : 4.3207375 (0.01)%
              T1bC2hC1wN1_T1tN1 : 4.3109619 (0.01)%
             GtT1bC2wN1_QqN2zN1 : 4.3034207 (0.01)%
QqGtT1bC2hC1wN1_QqGtT1tN4wC1wN1 : 4.3026158 (0.01)%
                QqC1wN1_QqC2wN1 : 4.3019730 (0.01)%
     GbB1tC1wN1_QqGbB1bN3zN2hN1 : 4.2938251 (0.01)%
     GbB1bN3zN2hN1_QqGbB1tC1wN1 : 4.2938251 (0.01)%
QqGbB1bN4wC1wN1_QqGbB1tC2hC1wN1 : 4.2909841 (0.01)%
         QqGbB1bN1_QqGtT1bC1wN1 : 4.2848767 (0.01)%
   QqGbB1bN2hN1_QqGtT1tN3zN2hN1 : 4.2772179 (0.01)%
  GbB1tC2zC1wN1_QqGtT1tN4wC1wN1 : 4.2721058 (0.01)%
  GtT1tN4wC1wN1_QqGbB1tC2zC1wN1 : 4.2721058 (0.01)%
     GtT1bC2wN2zN1_QqGtT1bC1wN1 : 4.2710610 (0.01)%
     GtT1bC1wN1_QqGtT1bC2wN2zN1 : 4.2710610 (0.01)%
       GbB2tC2wN2hN1_GtT1tN2hN1 : 4.2668988 (0.01)%
      QqGtT1bC1wN1_QqGtT1tN2zN1 : 4.2628622 (0.01)%
QqGbB1tC2wN2hN1_QqGtT1tN3zN2hN1 : 4.2608103 (0.01)%
             GbB2tC1wN1_QqN2hN1 : 4.2586928 (0.01)%
       GbB1bN2hN1_GbB1bN4wC1wN1 : 4.2538340 (0.01)%
    GtT1bC2wN2hN1_GtT1tN4wC1wN1 : 4.2490029 (0.01)%
    GbB1bN4wC1wN1_GbB1tC2wN2hN1 : 4.2375161 (0.01)%
     GtT1bC2wN1_QqGbB1tC2hC1wN1 : 4.2255529 (0.01)%
     GbB1tC2hC1wN1_QqGtT1bC2wN1 : 4.2255529 (0.01)%
     GbB1tC2wN1_QqGtT1bC2hC1wN1 : 4.2255529 (0.01)%
     GtT1bC2hC1wN1_QqGbB1tC2wN1 : 4.2255529 (0.01)%
     GtT1bC1wN1_QqGbB2bN4hN2hN1 : 4.2137400 (0.01)%
     GbB2bN4hN2hN1_QqGtT1bC1wN1 : 4.2137400 (0.01)%
          GtT1bC2hC1wN1_GtT1tN1 : 4.2032469 (0.01)%
QqGtT1bC2zC1wN1_QqGtT1bC2zC1wN1 : 4.2024780 (0.01)%
        B1bN3wC1wN1_B1tC2zC1wN1 : 4.1918437 (0.01)%
QqGbB1bN4wC1wN1_QqGtT1bC2wN2hN1 : 4.1885964 (0.01)%
    GbB1tC2hC1wN1_GbB2tC2hC1wN1 : 4.1803526 (0.01)%
          GbB2tC2zC1wN1_QqN2zN1 : 4.1783976 (0.01)%
           QqGtT1tN4hN1_QqN2hN1 : 4.1780697 (0.01)%
          GbB1tC2wN1_GtT1tN2hN1 : 4.1648899 (0.01)%
              B1tC1wN1_B1tC2wN1 : 4.1496565 (0.01)%
        B2tC2hC1wN1_B2tC2hC1wN1 : 4.1390832 (0.01)%
    GbB1bN4wC1wN1_GtT1tN3zN2hN1 : 4.1359987 (0.01)%
QqGbB2tC2hC1wN1_QqGtT1bC2hC1wN1 : 4.1320927 (0.01)%
           T1bC1wN1_T1bC2wN2zN1 : 4.1291173 (0.01)%
        GtT1bC2zC1wN1_QqGtT1tN1 : 4.1252615 (0.01)%
        GtT1tN1_QqGtT1bC2zC1wN1 : 4.1252615 (0.01)%
     GtT1bC2wN1_QqGtT1bC2wN2hN1 : 4.1247264 (0.01)%
     GtT1bC2wN2hN1_QqGtT1bC2wN1 : 4.1247264 (0.01)%
              C2zC1wN1_N3zN2zN1 : 4.1223849 (0.01)%
     GbB1tC1wN1_QqGbB1bN4hN2hN1 : 4.1222302 (0.01)%
     GbB1bN4hN2hN1_QqGbB1tC1wN1 : 4.1222302 (0.01)%
      QqGtT1bC2wN1_QqGtT1tN2hN1 : 4.1168086 (0.01)%
    GbB1tC2hC1wN1_GbB1tC2hC1wN1 : 4.1055024 (0.01)%
  GbB1tC2hC1wN1_QqGbB2tC2zC1wN1 : 4.1027919 (0.01)%
  GbB2tC2zC1wN1_QqGbB1tC2hC1wN1 : 4.1027919 (0.01)%
  GbB2tC2hC1wN1_QqGbB1tC2zC1wN1 : 4.1027919 (0.01)%
  GbB1tC2zC1wN1_QqGbB2tC2hC1wN1 : 4.1027919 (0.01)%
      QqGbB1tC1wN1_QqGtT1tN3zN1 : 4.0995280 (0.01)%
  GbB1bN3wC1wN1_QqGbB1bN4wC1wN1 : 4.0869210 (0.01)%
  GbB1bN4wC1wN1_QqGbB1bN3wC1wN1 : 4.0869210 (0.01)%
    GbB2tC2hC1wN1_GtT1bC2wN2hN1 : 4.0806047 (0.01)%
    GbB2tC2wN2hN1_GtT1bC2hC1wN1 : 4.0806047 (0.01)%
          GbB1wT1bC1wN1_QqN2hN1 : 4.0554719 (0.01)%
       GbB1bN3zN2hN1_GbB1tC1wN1 : 4.0474036 (0.01)%
           B1bN2hN1_B1tC2wN2hN1 : 4.0363199 (0.01)%
    GbB1tC2zC1wN1_GtT1tN4wC1wN1 : 4.0269307 (0.01)%
       GtT1bC1wN1_GtT1bC2wN2zN1 : 4.0259459 (0.01)%
        GtT1tN2hN1_QqGtT1tN3zN1 : 4.0205578 (0.01)%
        GtT1tN3zN1_QqGtT1tN2hN1 : 4.0205578 (0.01)%
        T1bC2wN2hN1_T1bC2wN2hN1 : 4.0121653 (0.01)%
              N3zN2zN1_N4wC1wN1 : 4.0089711 (0.01)%
  GbB2tC2zC1wN1_QqGtT1bC2wN2hN1 : 4.0048947 (0.01)%
  GbB2tC2wN2hN1_QqGtT1bC2zC1wN1 : 4.0048947 (0.01)%
  GtT1bC2zC1wN1_QqGbB2tC2wN2hN1 : 4.0048947 (0.01)%
  GtT1bC2wN2hN1_QqGbB2tC2zC1wN1 : 4.0048947 (0.01)%
  GtT1tN3wC1wN1_QqGtT1tN4hN2hN1 : 4.0020590 (0.01)%
  GtT1tN4hN2hN1_QqGtT1tN3wC1wN1 : 4.0020590 (0.01)%
   QqGbB2tC2zC1wN1_QqGtT1tN2hN1 : 3.9972069 (0.01)%
              T1bC2zC1wN1_T1tN1 : 3.9881632 (0.01)%
           T1bC2wN1_T1bC2wN2hN1 : 3.9876460 (0.01)%
   QqGbB1bN2hN1_QqGbB1bN3wC1wN1 : 3.9839088 (0.01)%
       GbB1tC2hC1wN1_GtT1bC2wN1 : 3.9830495 (0.01)%
       GbB1tC2wN1_GtT1bC2hC1wN1 : 3.9830495 (0.01)%
QqGtT1bC2zC1wN1_QqGtT1tN4wC1wN1 : 3.9804421 (0.01)%
       GbB2bN4hN2hN1_GtT1bC1wN1 : 3.9719146 (0.01)%
QqGbB1bN4wC1wN1_QqGbB1tC2zC1wN1 : 3.9696813 (0.01)%
QqGbB1bN3wC1wN1_QqGbB1tC2wN2hN1 : 3.9686264 (0.01)%
        B1bN4wC1wN1_B1tC2hC1wN1 : 3.9523021 (0.01)%
   QqGtT1bC2hC1wN1_QqGtT1bC2wN1 : 3.9370674 (0.01)%
           QqC1wN1_QqGbB2bN2hN1 : 3.9370601 (0.01)%
    GtT1bC2wN2hN1_GtT1bC2wN2hN1 : 3.9119161 (0.01)%
     GbB1tC2wN1_QqGtT1bC2zC1wN1 : 3.9091496 (0.01)%
     GtT1bC2wN1_QqGbB1tC2zC1wN1 : 3.9091496 (0.01)%
     GbB1tC2zC1wN1_QqGtT1bC2wN1 : 3.9091496 (0.01)%
     GtT1bC2zC1wN1_QqGbB1tC2wN1 : 3.9091496 (0.01)%
          GtT1bC2zC1wN1_GtT1tN1 : 3.8885138 (0.01)%
       GtT1bC2wN1_GtT1bC2wN2hN1 : 3.8880095 (0.01)%
              T1tN2hN1_T1tN3zN1 : 3.8869393 (0.01)%
       GbB1bN4hN2hN1_GbB1tC1wN1 : 3.8856565 (0.01)%
QqGbB1bN3wC1wN1_QqGtT1tN3zN2hN1 : 3.8735507 (0.01)%
QqGbB1bN3zN2hN1_QqGtT1tN3wC1wN1 : 3.8735507 (0.01)%
        T1tN3wC1wN1_T1tN4hN2hN1 : 3.8690553 (0.01)%
    GbB1tC2hC1wN1_GbB2tC2zC1wN1 : 3.8673338 (0.01)%
    GbB1tC2zC1wN1_GbB2tC2hC1wN1 : 3.8673338 (0.01)%
        GbB1bN3zN1_QqGtT1bC1wN1 : 3.8623449 (0.01)%
        GtT1bC1wN1_QqGbB1bN3zN1 : 3.8623449 (0.01)%
           QqC1wN1_QqGbB1bN3hN1 : 3.8577966 (0.01)%
    GbB1bN3wC1wN1_GbB1bN4wC1wN1 : 3.8523737 (0.01)%
              C2wN2zN1_N4hN2hN1 : 3.8523154 (0.01)%
              C2wN2hN1_N4hN2zN1 : 3.8523154 (0.01)%
     GtT1bC1wN1_QqGbB2bN3zN2hN1 : 3.8455389 (0.01)%
     GbB2bN3zN2hN1_QqGtT1bC1wN1 : 3.8455389 (0.01)%
     GtT1tN3zN1_QqGtT1bC2hC1wN1 : 3.8450190 (0.01)%
     GtT1bC2hC1wN1_QqGtT1tN3zN1 : 3.8450190 (0.01)%
QqGbB2tC2zC1wN1_QqGtT1bC2hC1wN1 : 3.8226876 (0.01)%
QqGbB2tC2hC1wN1_QqGtT1bC2zC1wN1 : 3.8226876 (0.01)%
   QqGbB1tC1wN1_QqGbB2bN3wC1wN1 : 3.8017892 (0.01)%
  GbB2tC2zC1wN1_QqGbB1tC2zC1wN1 : 3.7955807 (0.01)%
  GbB1tC2zC1wN1_QqGbB2tC2zC1wN1 : 3.7955807 (0.01)%
          GtT1tN2hN1_GtT1tN3zN1 : 3.7898190 (0.01)%
   QqGbB1tC1wN1_QqGbB2bN4wC1wN1 : 3.7849004 (0.01)%
    GbB2tC2zC1wN1_GtT1bC2wN2hN1 : 3.7750548 (0.01)%
    GbB2tC2wN2hN1_GtT1bC2zC1wN1 : 3.7750548 (0.01)%
    GtT1tN3wC1wN1_GtT1tN4hN2hN1 : 3.7723819 (0.01)%
             QqC2wN2hN1_QqN2hN1 : 3.7716913 (0.01)%
              QqGbB1tC1wN1_QqN1 : 3.7592640 (0.01)%
                GtT1tN1_QqN2zN1 : 3.7531723 (0.01)%
     GbB1bN2hN1_QqGtT1tN4wC1wN1 : 3.7397239 (0.01)%
     GtT1tN4wC1wN1_QqGbB1bN2hN1 : 3.7397239 (0.01)%
     GtT1tN2hN1_QqGbB2bN3wC1wN1 : 3.7285543 (0.01)%
     GbB2bN3wC1wN1_QqGtT1tN2hN1 : 3.7285543 (0.01)%
                 C2hC1wN1_N3hN1 : 3.7264989 (0.01)%
  GtT1tN4wC1wN1_QqGbB1tC2wN2hN1 : 3.7253781 (0.01)%
  GbB1tC2wN2hN1_QqGtT1tN4wC1wN1 : 3.7253781 (0.01)%
QqGbB1bN4hN2hN1_QqGtT1tN3wC1wN1 : 3.7187513 (0.01)%
           T1bC2hC1wN1_T1tN3zN1 : 3.7172343 (0.01)%
     GbB2bN4wC1wN1_QqGtT1tN2hN1 : 3.7119909 (0.01)%
     GtT1tN2hN1_QqGbB2bN4wC1wN1 : 3.7119909 (0.01)%
                GtT1tN2hN1_QqN1 : 3.6868483 (0.01)%
        GbB1tC2hC1wN1_QqGtT1tN1 : 3.6852609 (0.01)%
        GtT1tN1_QqGbB1tC2hC1wN1 : 3.6852609 (0.01)%
       GbB1tC2wN1_GtT1bC2zC1wN1 : 3.6848045 (0.01)%
       GbB1tC2zC1wN1_GtT1bC2wN1 : 3.6848045 (0.01)%
        QqC1wN1_QqGtT1tN4hN2zN1 : 3.6700094 (0.01)%
           B1bN2hN1_B1bN3wC1wN1 : 3.6694639 (0.01)%
        B1bN4wC1wN1_B1tC2zC1wN1 : 3.6563594 (0.01)%
        B1bN3wC1wN1_B1tC2wN2hN1 : 3.6553877 (0.01)%
          GbB2tC2wN2zN1_QqN2hN1 : 3.6436624 (0.01)%
          GbB2tC2wN2hN1_QqN2zN1 : 3.6436624 (0.01)%
   QqGtT1bC2wN1_QqGtT1bC2zC1wN1 : 3.6422655 (0.01)%
          GbB1bN3zN1_GtT1bC1wN1 : 3.6406860 (0.01)%
        B2bN3wC1wN1_B2bN4wC1wN1 : 3.6389442 (0.01)%
  GtT1tN4wC1wN1_QqGtT1tN3zN2hN1 : 3.6361299 (0.01)%
  GtT1tN3zN2hN1_QqGtT1tN4wC1wN1 : 3.6361299 (0.01)%
       GbB2bN3zN2hN1_GtT1bC1wN1 : 3.6248444 (0.01)%
       GtT1bC2hC1wN1_GtT1tN3zN1 : 3.6243543 (0.01)%
        QqGtT1tN4wC1wN1_QqN2zN1 : 3.6214153 (0.01)%
          GbB1wT1tN2hN1_QqC1wN1 : 3.6205071 (0.01)%
             GbB2bN3zN1_QqN2hN1 : 3.6122780 (0.01)%
        GtT1tN1_QqGtT1bC2wN2hN1 : 3.5973264 (0.01)%
        GtT1bC2wN2hN1_QqGtT1tN1 : 3.5973264 (0.01)%
              C2wN2zN1_N3zN2hN1 : 3.5948180 (0.01)%
              C2wN2hN1_N3zN2zN1 : 3.5948180 (0.01)%
                 C2hC1wN1_N4zN1 : 3.5938059 (0.01)%
        T2bC2hC1wN1_T2bC2zC1wN1 : 3.5930950 (0.01)%
     GbB1bN2hN1_QqGbB2tC2hC1wN1 : 3.5915096 (0.01)%
     GbB2tC2hC1wN1_QqGbB1bN2hN1 : 3.5915096 (0.01)%
         QqGtT1tN1_QqGtT1tN2hN1 : 3.5904209 (0.01)%
             GtT1tN4zN1_QqC1wN1 : 3.5869246 (0.01)%
    GbB1tC2zC1wN1_GbB2tC2zC1wN1 : 3.5777534 (0.01)%
  GbB1tC2hC1wN1_QqGbB2tC2wN2hN1 : 3.5777324 (0.01)%
  GbB2tC2hC1wN1_QqGbB1tC2wN2hN1 : 3.5777324 (0.01)%
  GbB2tC2wN2hN1_QqGbB1tC2hC1wN1 : 3.5777324 (0.01)%
  GbB1tC2wN2hN1_QqGbB2tC2hC1wN1 : 3.5777324 (0.01)%
  GtT1bC2hC1wN1_QqGbB2bN3wC1wN1 : 3.5657645 (0.01)%
  GbB2bN3wC1wN1_QqGtT1bC2hC1wN1 : 3.5657645 (0.01)%
  GbB1bN4wC1wN1_QqGbB1bN4wC1wN1 : 3.5648400 (0.01)%
     GtT1bC2zC1wN1_QqGtT1tN3zN1 : 3.5571094 (0.01)%
     GtT1tN3zN1_QqGtT1bC2zC1wN1 : 3.5571094 (0.01)%
             GbB1tC2wN1_QqN2zN1 : 3.5565532 (0.01)%
QqGbB1tC2hC1wN1_QqGtT1tN4wC1wN1 : 3.5558879 (0.01)%
  GbB2bN4wC1wN1_QqGtT1bC2hC1wN1 : 3.5499242 (0.01)%
  GtT1bC2hC1wN1_QqGbB2bN4wC1wN1 : 3.5499242 (0.01)%
        GbB1bN2zN1_QqGtT1bC1wN1 : 3.5434022 (0.01)%
        GtT1bC1wN1_QqGbB1bN2zN1 : 3.5434022 (0.01)%
        B2tC2zC1wN1_B2tC2zC1wN1 : 3.5424330 (0.01)%
                    C2wN1_C2wN1 : 3.5416110 (0.01)%
QqGbB2tC2zC1wN1_QqGtT1bC2zC1wN1 : 3.5364502 (0.01)%
     GbB1tC2wN2zN1_QqGtT1bC1wN1 : 3.5298096 (0.01)%
     GtT1bC1wN1_QqGbB1tC2wN2zN1 : 3.5298096 (0.01)%
             GtT1bC2hC1wN1_QqN1 : 3.5258794 (0.01)%
       GbB1bN2hN1_GtT1tN4wC1wN1 : 3.5251021 (0.01)%
        T1tN3zN2hN1_T1tN4wC1wN1 : 3.5152874 (0.01)%
       GbB2bN3wC1wN1_GtT1tN2hN1 : 3.5145736 (0.01)%
    GbB1tC2zC1wN1_GbB1tC2zC1wN1 : 3.5136929 (0.01)%
    GbB1tC2wN2hN1_GtT1tN4wC1wN1 : 3.5115797 (0.01)%
       GbB2bN4wC1wN1_GtT1tN2hN1 : 3.4989607 (0.01)%
  GtT1bC2wN2hN1_QqGbB2tC2wN2hN1 : 3.4923637 (0.01)%
  GbB2tC2wN2hN1_QqGtT1bC2wN2hN1 : 3.4923637 (0.01)%
     GbB1tC2wN1_QqGbB1tC2hC1wN1 : 3.4921995 (0.01)%
     GbB1tC2hC1wN1_QqGbB1tC2wN1 : 3.4921995 (0.01)%
  GbB2tC2hC1wN1_QqGtT1tN3zN2hN1 : 3.4920213 (0.01)%
  GtT1tN3zN2hN1_QqGbB2tC2hC1wN1 : 3.4920213 (0.01)%
     GtT1tN3wC1wN1_QqGbB2tC2wN1 : 3.4897217 (0.01)%
     GbB2tC2wN1_QqGtT1tN3wC1wN1 : 3.4897217 (0.01)%
        T2bC2hC1wN1_T2tN3wC1wN1 : 3.4875636 (0.01)%
   QqGbB2tC2wN2hN1_QqGtT1tN2hN1 : 3.4856597 (0.01)%
                QqN2zN1_QqN2zN1 : 3.4785600 (0.01)%
        QqGbB2tC2hC1wN1_QqN2zN1 : 3.4778899 (0.01)%
              T1bC2wN2hN1_T1tN1 : 3.4777735 (0.01)%
   QqGbB1bN2hN1_QqGbB1bN4wC1wN1 : 3.4749870 (0.01)%
          GbB1tC2hC1wN1_GtT1tN1 : 3.4737647 (0.01)%
QqGtT1bC2wN2hN1_QqGtT1tN4wC1wN1 : 3.4710404 (0.01)%
       GbB1wT1bC2hC1wN1_QqC1wN1 : 3.4624346 (0.01)%
QqGbB1bN4wC1wN1_QqGbB1tC2wN2hN1 : 3.4616568 (0.01)%
                 C2zC1wN1_N3hN1 : 3.4474640 (0.01)%
             GbB2bN4hN1_QqN2hN1 : 3.4471660 (0.01)%
     GtT1tN3zN2zN1_QqGtT1bC1wN1 : 3.4452465 (0.01)%
     GtT1bC1wN1_QqGtT1tN3zN2zN1 : 3.4452465 (0.01)%
           T1bC2zC1wN1_T1tN3zN1 : 3.4388931 (0.01)%
      QqGtT1bC2hC1wN1_QqGtT1tN1 : 3.4336620 (0.01)%
    GtT1tN3zN2hN1_GtT1tN4wC1wN1 : 3.4274533 (0.01)%
        GtT1bC2wN1_QqGbB1bN2hN1 : 3.4219986 (0.01)%
        GbB1bN2hN1_QqGtT1bC2wN1 : 3.4219986 (0.01)%
     GbB1tC1wN1_QqGtT1tN4hN2hN1 : 3.4160436 (0.01)%
     GtT1tN4hN2hN1_QqGbB1tC1wN1 : 3.4160436 (0.01)%
QqGbB1tC2hC1wN1_QqGbB2tC2hC1wN1 : 3.4149595 (0.01)%
        GtT1tN1_QqGbB1tC2zC1wN1 : 3.4093138 (0.01)%
        GbB1tC2zC1wN1_QqGtT1tN1 : 3.4093138 (0.01)%
     GtT1bC2wN1_QqGbB1tC2wN2hN1 : 3.4088717 (0.01)%
     GbB1tC2wN1_QqGtT1bC2wN2hN1 : 3.4088717 (0.01)%
     GbB1tC2wN2hN1_QqGtT1bC2wN1 : 3.4088717 (0.01)%
     GtT1bC2wN2hN1_QqGbB1tC2wN1 : 3.4088717 (0.01)%
      QqGbB1tC2wN1_QqGtT1tN2hN1 : 3.4023280 (0.01)%
          GtT1bC2wN2hN1_GtT1tN1 : 3.3908768 (0.01)%
  GbB1bN3wC1wN1_QqGtT1tN4wC1wN1 : 3.3867833 (0.01)%
  GtT1tN4wC1wN1_QqGbB1bN3wC1wN1 : 3.3867833 (0.01)%
       GbB1bN2hN1_GbB2tC2hC1wN1 : 3.3853938 (0.01)%
QqGbB1bN4wC1wN1_QqGtT1tN3zN2hN1 : 3.3787265 (0.01)%
    GbB1tC2hC1wN1_GbB2tC2wN2hN1 : 3.3724073 (0.01)%
    GbB1tC2wN2hN1_GbB2tC2hC1wN1 : 3.3724073 (0.01)%
    GbB2bN3wC1wN1_GtT1bC2hC1wN1 : 3.3611262 (0.01)%
        GtT1tN3wC1wN1_QqGbB1bN1 : 3.3576900 (0.01)%
        GbB1bN1_QqGtT1tN3wC1wN1 : 3.3576900 (0.01)%
QqGbB1tC2hC1wN1_QqGbB1tC2hC1wN1 : 3.3538139 (0.01)%
       GtT1bC2zC1wN1_GtT1tN3zN1 : 3.3529679 (0.01)%
                 N3hN1_N4wC1wN1 : 3.3526184 (0.01)%
    GbB2bN4wC1wN1_GtT1bC2hC1wN1 : 3.3461950 (0.01)%
     GtT1tN3wC1wN1_QqGtT1tN2zN1 : 3.3404392 (0.01)%
     GtT1tN2zN1_QqGtT1tN3wC1wN1 : 3.3404392 (0.01)%
          GbB1bN2zN1_GtT1bC1wN1 : 3.3400473 (0.01)%
QqGbB2tC2wN2hN1_QqGtT1bC2hC1wN1 : 3.3334747 (0.01)%
QqGbB2tC2hC1wN1_QqGtT1bC2wN2hN1 : 3.3334747 (0.01)%
           QqC1wN1_QqGbB1bN4zN1 : 3.3330045 (0.01)%
           T1bC1wN1_T1tN3zN2zN1 : 3.3307478 (0.01)%
       GbB1tC2wN2zN1_GtT1bC1wN1 : 3.3272347 (0.01)%
     GtT1bC2wN1_QqGtT1tN3zN2hN1 : 3.3272059 (0.01)%
     GtT1tN3zN2hN1_QqGtT1bC2wN1 : 3.3272059 (0.01)%
                 C2zC1wN1_N4zN1 : 3.3247069 (0.01)%
     GbB1bN2hN1_QqGbB2tC2zC1wN1 : 3.3225825 (0.01)%
     GbB2tC2zC1wN1_QqGbB1bN2hN1 : 3.3225825 (0.01)%
                 N3wC1wN1_N4zN1 : 3.3207556 (0.01)%
           B2tC2hC1wN1_B2tC2wN1 : 3.3187080 (0.01)%
           QqGtT1bC2wN1_QqN2zN1 : 3.3137415 (0.01)%
  GbB2tC2zC1wN1_QqGbB1tC2wN2hN1 : 3.3098370 (0.01)%
  GbB2tC2wN2hN1_QqGbB1tC2zC1wN1 : 3.3098370 (0.01)%
  GbB1tC2zC1wN1_QqGbB2tC2wN2hN1 : 3.3098370 (0.01)%
  GbB1tC2wN2hN1_QqGbB2tC2zC1wN1 : 3.3098370 (0.01)%
   QqGbB1bN3zN2hN1_QqGbB1tC1wN1 : 3.3063525 (0.01)%
  GtT1bC2zC1wN1_QqGbB2bN3wC1wN1 : 3.2987652 (0.01)%
  GbB2bN3wC1wN1_QqGtT1bC2zC1wN1 : 3.2987652 (0.01)%
    GbB2tC2wN2hN1_GtT1bC2wN2hN1 : 3.2919379 (0.01)%
       GbB1tC2hC1wN1_GbB1tC2wN1 : 3.2917831 (0.01)%
    GbB2tC2hC1wN1_GtT1tN3zN2hN1 : 3.2916151 (0.01)%
QqGbB1tC2zC1wN1_QqGtT1tN4wC1wN1 : 3.2896281 (0.01)%
       GbB2tC2wN1_GtT1tN3wC1wN1 : 3.2894475 (0.01)%
   QqGtT1bC1wN1_QqGtT1bC2wN2zN1 : 3.2888236 (0.01)%
  GbB2bN4wC1wN1_QqGtT1bC2zC1wN1 : 3.2841110 (0.01)%
  GtT1bC2zC1wN1_QqGbB2bN4wC1wN1 : 3.2841110 (0.01)%
           QqGbB2tC1wN1_QqN2hN1 : 3.2792998 (0.01)%
             GtT1bC2zC1wN1_QqN1 : 3.2618666 (0.01)%
   QqGbB1tC2hC1wN1_QqGtT1bC2wN1 : 3.2537813 (0.01)%
   QqGbB1tC2wN1_QqGtT1bC2hC1wN1 : 3.2537813 (0.01)%
  GbB2tC2hC1wN1_QqGbB1bN3wC1wN1 : 3.2525569 (0.01)%
  GbB1bN3wC1wN1_QqGbB2tC2hC1wN1 : 3.2525569 (0.01)%
       GtT1bC1wN1_GtT1tN3zN2zN1 : 3.2475247 (0.01)%
   QqGbB2bN4hN2hN1_QqGtT1bC1wN1 : 3.2446851 (0.01)%
     GtT1tN2hN1_QqGbB1bN3zN2hN1 : 3.2426614 (0.01)%
     GbB1bN3zN2hN1_QqGtT1tN2hN1 : 3.2426614 (0.01)%
             GtT1tN3zN1_QqN2zN1 : 3.2362663 (0.01)%
     GbB1tC2wN1_QqGbB1tC2zC1wN1 : 3.2307086 (0.01)%
     GbB1tC2zC1wN1_QqGbB1tC2wN1 : 3.2307086 (0.01)%
  GbB2tC2zC1wN1_QqGtT1tN3zN2hN1 : 3.2305437 (0.01)%
  GtT1tN3zN2hN1_QqGbB2tC2zC1wN1 : 3.2305437 (0.01)%
           T1tN2zN1_T1tN3wC1wN1 : 3.2294236 (0.01)%
        GbB1bN4hN1_QqGtT1bC1wN1 : 3.2293079 (0.01)%
        GtT1bC1wN1_QqGbB1bN4hN1 : 3.2293079 (0.01)%
        T2bC2zC1wN1_T2tN3wC1wN1 : 3.2264198 (0.01)%
          GbB1bN2hN1_GtT1bC2wN1 : 3.2256110 (0.01)%
       GbB1tC1wN1_GtT1tN4hN2hN1 : 3.2199977 (0.01)%
        QqGbB2tC2zC1wN1_QqN2zN1 : 3.2174705 (0.01)%
           T1bC2wN1_T1tN3zN2hN1 : 3.2166301 (0.01)%
          GbB1tC2zC1wN1_GtT1tN1 : 3.2136542 (0.01)%
       GbB1tC2wN2hN1_GtT1bC2wN1 : 3.2132374 (0.01)%
       GbB1tC2wN1_GtT1bC2wN2hN1 : 3.2132374 (0.01)%
       GbB1wT1bC2zC1wN1_QqC1wN1 : 3.2031725 (0.01)%
           B1bN2hN1_B1bN4wC1wN1 : 3.2007107 (0.01)%
QqGtT1bC2wN2hN1_QqGtT1bC2wN2hN1 : 3.1956719 (0.01)%
    GbB1bN3wC1wN1_GtT1tN4wC1wN1 : 3.1924166 (0.01)%
        B1bN4wC1wN1_B1tC2wN2hN1 : 3.1884326 (0.01)%
     GbB1tC2hC1wN1_QqGtT1tN3zN1 : 3.1777080 (0.01)%
     GtT1tN3zN1_QqGbB1tC2hC1wN1 : 3.1777080 (0.01)%
      QqGtT1bC2zC1wN1_QqGtT1tN1 : 3.1765543 (0.01)%
   QqGtT1bC2wN1_QqGtT1bC2wN2hN1 : 3.1761424 (0.01)%
   QqGbB1bN4hN2hN1_QqGbB1tC1wN1 : 3.1742202 (0.01)%
          GbB1bN1_GtT1tN3wC1wN1 : 3.1649930 (0.01)%
QqGbB1tC2hC1wN1_QqGbB2tC2zC1wN1 : 3.1592523 (0.01)%
QqGbB1tC2zC1wN1_QqGbB2tC2hC1wN1 : 3.1592523 (0.01)%
       GtT1tN2zN1_GtT1tN3wC1wN1 : 3.1487322 (0.01)%
QqGbB1bN3wC1wN1_QqGbB1bN4wC1wN1 : 3.1470312 (0.01)%
       GtT1bC2wN1_GtT1tN3zN2hN1 : 3.1362584 (0.01)%
        T2bC2hC1wN1_T2bC2wN2hN1 : 3.1332646 (0.01)%
       GbB1bN2hN1_GbB2tC2zC1wN1 : 3.1319004 (0.01)%
        QqGbB1wT1bC1wN1_QqN2hN1 : 3.1228146 (0.01)%
             QqC1wN1_QqN4hN2hN1 : 3.1210355 (0.01)%
    GbB1tC2wN2hN1_GbB2tC2zC1wN1 : 3.1198863 (0.01)%
    GbB1tC2zC1wN1_GbB2tC2wN2hN1 : 3.1198863 (0.01)%
     GtT1tN2hN1_QqGbB1bN4hN2hN1 : 3.1130744 (0.01)%
     GbB1bN4hN2hN1_QqGtT1tN2hN1 : 3.1130744 (0.01)%
    GbB2bN3wC1wN1_GtT1bC2zC1wN1 : 3.1094499 (0.01)%
     GtT1bC2wN2hN1_QqGtT1tN3zN1 : 3.1018843 (0.01)%
     GtT1tN3zN1_QqGtT1bC2wN2hN1 : 3.1018843 (0.01)%
  GtT1bC2hC1wN1_QqGbB1bN3zN2hN1 : 3.1010858 (0.01)%
  GbB1bN3zN2hN1_QqGtT1bC2hC1wN1 : 3.1010858 (0.01)%
     GtT1bC2wN1_QqGbB1bN3wC1wN1 : 3.0990436 (0.01)%
     GbB1bN3wC1wN1_QqGtT1bC2wN1 : 3.0990436 (0.01)%
      QqGtT1tN2hN1_QqGtT1tN3zN1 : 3.0959299 (0.01)%
    GbB2bN4wC1wN1_GtT1bC2zC1wN1 : 3.0956367 (0.01)%
        B1tC2hC1wN1_B1tC2hC1wN1 : 3.0891016 (0.01)%
QqGbB2tC2wN2hN1_QqGtT1bC2zC1wN1 : 3.0838689 (0.01)%
QqGbB2tC2zC1wN1_QqGtT1bC2wN2hN1 : 3.0838689 (0.01)%
QqGtT1tN3wC1wN1_QqGtT1tN4hN2hN1 : 3.0816854 (0.01)%
             QqN2hN1_QqN4wC1wN1 : 3.0797103 (0.01)%
           B2tC2wN1_B2tC2zC1wN1 : 3.0702079 (0.01)%
    GbB1bN3wC1wN1_GbB2tC2hC1wN1 : 3.0658935 (0.01)%
       GbB1bN3zN2hN1_GtT1tN2hN1 : 3.0565659 (0.01)%
           B1bN3zN2hN1_B1tC1wN1 : 3.0453863 (0.01)%
       GbB1tC2wN1_GbB1tC2zC1wN1 : 3.0452991 (0.01)%
    GbB2tC2zC1wN1_GtT1tN3zN2hN1 : 3.0451437 (0.01)%
          GbB1bN4hN1_GtT1bC1wN1 : 3.0439788 (0.01)%
          GbB2bN4hN2zN1_QqC1wN1 : 3.0279848 (0.01)%
   QqGbB1tC2wN1_QqGtT1bC2zC1wN1 : 3.0101428 (0.01)%
   QqGbB1tC2zC1wN1_QqGtT1bC2wN1 : 3.0101428 (0.01)%
  GbB2tC2zC1wN1_QqGbB1bN3wC1wN1 : 3.0090101 (0.01)%
  GbB1bN3wC1wN1_QqGbB2tC2zC1wN1 : 3.0090101 (0.01)%
                 C2wN2hN1_N3hN1 : 3.0062709 (0.01)%
          GbB2bN3wC1wN1_QqN2zN1 : 3.0012241 (0.01)%
           T1bC2wN2hN1_T1tN3zN1 : 2.9987968 (0.01)%
       GbB1tC2hC1wN1_GtT1tN3zN1 : 2.9953402 (0.01)%
          GtT1bC1wN1_QqC2hC1wN1 : 2.9945666 (0.01)%
          GbB2bN4wC1wN1_QqN2zN1 : 2.9878917 (0.01)%
           GtT1tN1_QqGbB1bN2hN1 : 2.9844514 (0.01)%
           GbB1bN2hN1_QqGtT1tN1 : 2.9844514 (0.01)%
        GbB1tC1wN1_QqGbB2tC2wN1 : 2.9787270 (0.01)%
        GbB2tC2wN1_QqGbB1tC1wN1 : 2.9787270 (0.01)%
  GtT1bC2hC1wN1_QqGbB1bN4hN2hN1 : 2.9771566 (0.01)%
  GbB1bN4hN2hN1_QqGtT1bC2hC1wN1 : 2.9771566 (0.01)%
      QqGbB1bN3zN1_QqGtT1bC1wN1 : 2.9741021 (0.01)%
        GtT1tN1_QqGbB1tC2wN2hN1 : 2.9730030 (0.01)%
        GbB1tC2wN2hN1_QqGtT1tN1 : 2.9730030 (0.01)%
   QqGbB2bN3zN2hN1_QqGtT1bC1wN1 : 2.9611610 (0.01)%
   QqGtT1bC2hC1wN1_QqGtT1tN3zN1 : 2.9607606 (0.01)%
  GtT1tN4wC1wN1_QqGbB1bN4wC1wN1 : 2.9541409 (0.01)%
  GbB1bN4wC1wN1_QqGtT1tN4wC1wN1 : 2.9541409 (0.01)%
  GbB1tC2hC1wN1_QqGbB2bN3wC1wN1 : 2.9469187 (0.01)%
  GbB2bN3wC1wN1_QqGbB1tC2hC1wN1 : 2.9469187 (0.01)%
     GtT1tN3zN1_QqGbB1tC2zC1wN1 : 2.9397658 (0.01)%
     GbB1tC2zC1wN1_QqGtT1tN3zN1 : 2.9397658 (0.01)%
       GbB1bN4hN2hN1_GtT1tN2hN1 : 2.9344159 (0.01)%
  GbB1tC2hC1wN1_QqGbB2bN4wC1wN1 : 2.9338276 (0.01)%
  GbB2bN4wC1wN1_QqGbB1tC2hC1wN1 : 2.9338276 (0.01)%
       GtT1bC2wN2hN1_GtT1tN3zN1 : 2.9238680 (0.01)%
           B1bN4hN2hN1_B1tC1wN1 : 2.9236830 (0.01)%
    GbB1bN3zN2hN1_GtT1bC2hC1wN1 : 2.9231153 (0.01)%
QqGbB1tC2zC1wN1_QqGbB2tC2zC1wN1 : 2.9226920 (0.01)%
       GbB1bN3wC1wN1_GtT1bC2wN1 : 2.9211903 (0.01)%
             GbB1tC2hC1wN1_QqN1 : 2.9139557 (0.01)%
        GtT1tN1_QqGtT1tN3zN2hN1 : 2.9017792 (0.01)%
        GtT1tN3zN2hN1_QqGtT1tN1 : 2.9017792 (0.01)%
                 C2wN2hN1_N4zN1 : 2.8992237 (0.01)%
        T2bC2wN2hN1_T2bC2zC1wN1 : 2.8986502 (0.01)%
        B1bN3wC1wN1_B1bN4wC1wN1 : 2.8986400 (0.01)%
     GbB1bN2hN1_QqGbB2tC2wN2hN1 : 2.8973712 (0.01)%
     GbB2tC2wN2hN1_QqGbB1bN2hN1 : 2.8973712 (0.01)%
              QqGtT1tN1_QqN2zN1 : 2.8900364 (0.01)%
  GbB1tC2wN2hN1_QqGbB2tC2wN2hN1 : 2.8862568 (0.01)%
  GbB2tC2wN2hN1_QqGbB1tC2wN2hN1 : 2.8862568 (0.01)%
                 C1wN1_C2hC1wN1 : 2.8855479 (0.01)%
        GtT1tN3hN1_QqGtT1bC1wN1 : 2.8811874 (0.01)%
        GtT1bC1wN1_QqGtT1tN3hN1 : 2.8811874 (0.01)%
   QqGbB1bN2hN1_QqGtT1tN4wC1wN1 : 2.8796808 (0.01)%
  GtT1bC2wN2hN1_QqGbB2bN3wC1wN1 : 2.8766019 (0.01)%
  GbB2bN3wC1wN1_QqGtT1bC2wN2hN1 : 2.8766019 (0.01)%
   QqGbB2bN3wC1wN1_QqGtT1tN2hN1 : 2.8710800 (0.01)%
QqGbB1tC2zC1wN1_QqGbB1tC2zC1wN1 : 2.8703605 (0.01)%
  GtT1bC2zC1wN1_QqGbB1bN3zN2hN1 : 2.8688809 (0.01)%
  GbB1bN3zN2hN1_QqGtT1bC2zC1wN1 : 2.8688809 (0.01)%
QqGbB1tC2wN2hN1_QqGtT1tN4wC1wN1 : 2.8686342 (0.01)%
           GbB1bN1_QqGbB1tC1wN1 : 2.8660285 (0.01)%
           GbB1tC1wN1_QqGbB1bN1 : 2.8660285 (0.01)%
  GbB2bN4wC1wN1_QqGtT1bC2wN2hN1 : 2.8638231 (0.01)%
  GtT1bC2wN2hN1_QqGbB2bN4wC1wN1 : 2.8638231 (0.01)%
   QqGbB2bN4wC1wN1_QqGtT1tN2hN1 : 2.8583257 (0.01)%
        GbB1tC1wN1_QqGtT1tN2zN1 : 2.8513037 (0.01)%
        GtT1tN2zN1_QqGbB1tC1wN1 : 2.8513037 (0.01)%
             GtT1bC2wN2hN1_QqN1 : 2.8444255 (0.01)%
              QqGtT1tN2hN1_QqN1 : 2.8389653 (0.01)%
      QqGbB1tC2hC1wN1_QqGtT1tN1 : 2.8377429 (0.01)%
  GbB2tC2hC1wN1_QqGbB1bN4wC1wN1 : 2.8370611 (0.01)%
  GbB1bN4wC1wN1_QqGbB2tC2hC1wN1 : 2.8370611 (0.01)%
    GbB1bN3wC1wN1_GbB2tC2zC1wN1 : 2.8363238 (0.01)%
        T2bC2hC1wN1_T2tN4hN2hN1 : 2.8323270 (0.01)%
        GbB1bN2hN1_QqGbB1tC2wN1 : 2.8281037 (0.01)%
        GbB1tC2wN1_QqGbB1bN2hN1 : 2.8281037 (0.01)%
     GbB1tC2wN1_QqGbB1tC2wN2hN1 : 2.8172550 (0.01)%
     GbB1tC2wN2hN1_QqGbB1tC2wN1 : 2.8172550 (0.01)%
  GbB2tC2wN2hN1_QqGtT1tN3zN2hN1 : 2.8171112 (0.01)%
  GtT1tN3zN2hN1_QqGbB2tC2wN2hN1 : 2.8171112 (0.01)%
        T2bC2wN2hN1_T2tN3wC1wN1 : 2.8135151 (0.01)%
             GbB1bN2hN1_GtT1tN1 : 2.8131746 (0.01)%
          GbB1tC1wN1_GbB2tC2wN1 : 2.8077787 (0.01)%
    GbB1bN4hN2hN1_GtT1bC2hC1wN1 : 2.8062983 (0.01)%
        QqGbB2tC2wN2hN1_QqN2zN1 : 2.8057110 (0.01)%
        QqGbB2tC2wN2zN1_QqN2hN1 : 2.8057110 (0.01)%
              T1tN1_T1tN3zN2hN1 : 2.8053420 (0.01)%
          GbB1tC2wN2hN1_GtT1tN1 : 2.8023831 (0.01)%
QqGtT1tN3zN2hN1_QqGtT1tN4wC1wN1 : 2.7999108 (0.01)%
       GbB1wT1bC2wN2hN1_QqC1wN1 : 2.7932428 (0.01)%
        QqC1wN1_QqGbB1wT1tN2hN1 : 2.7878809 (0.01)%
              T1bC1wN1_T1tN3hN1 : 2.7854345 (0.01)%
          GtT1tN3hN2hN1_QqN2hN1 : 2.7846888 (0.01)%
    GbB1bN4wC1wN1_GtT1tN4wC1wN1 : 2.7846035 (0.01)%
           QqGbB2bN3zN1_QqN2hN1 : 2.7815442 (0.01)%
    GbB1tC2hC1wN1_GbB2bN3wC1wN1 : 2.7777958 (0.01)%
                    C1wN1_N3zN1 : 2.7718478 (0.01)%
       GbB1tC2zC1wN1_GtT1tN3zN1 : 2.7710534 (0.01)%
          GtT1bC1wN1_QqC2zC1wN1 : 2.7703377 (0.01)%
      QqGtT1bC2wN2hN1_QqGtT1tN1 : 2.7700312 (0.01)%
   QqGbB1bN2hN1_QqGbB2tC2hC1wN1 : 2.7655521 (0.01)%
    GbB1tC2hC1wN1_GbB2bN4wC1wN1 : 2.7654560 (0.01)%
          GbB2bN3zN2zN1_QqC1wN1 : 2.7633963 (0.01)%
           QqC1wN1_QqGtT1tN4zN1 : 2.7620215 (0.01)%
QqGbB1tC2hC1wN1_QqGbB2tC2wN2hN1 : 2.7549433 (0.01)%
QqGbB1tC2wN2hN1_QqGbB2tC2hC1wN1 : 2.7549433 (0.01)%
  GtT1bC2zC1wN1_QqGbB1bN4hN2hN1 : 2.7542314 (0.01)%
  GbB1bN4hN2hN1_QqGtT1bC2zC1wN1 : 2.7542314 (0.01)%
     GbB1tC2wN1_QqGtT1tN3zN2hN1 : 2.7497625 (0.01)%
     GtT1tN3zN2hN1_QqGbB1tC2wN1 : 2.7497625 (0.01)%
QqGbB2bN3wC1wN1_QqGtT1bC2hC1wN1 : 2.7457277 (0.01)%
   QqGtT1bC2zC1wN1_QqGtT1tN3zN1 : 2.7390631 (0.01)%
           QqGbB1tC2wN1_QqN2zN1 : 2.7386348 (0.01)%
          GtT1tN1_GtT1tN3zN2hN1 : 2.7352469 (0.01)%
QqGbB2bN4wC1wN1_QqGtT1bC2hC1wN1 : 2.7335303 (0.01)%
       GbB1bN2hN1_GbB2tC2wN2hN1 : 2.7310918 (0.01)%
      QqGbB1bN2zN1_QqGtT1bC1wN1 : 2.7285082 (0.01)%
  GbB1tC2zC1wN1_QqGbB2bN3wC1wN1 : 2.7262577 (0.01)%
  GbB2bN3wC1wN1_QqGbB1tC2zC1wN1 : 2.7262577 (0.01)%
    GbB1tC2wN2hN1_GbB2tC2wN2hN1 : 2.7206153 (0.01)%
   QqGbB1tC2wN2zN1_QqGtT1bC1wN1 : 2.7180415 (0.01)%
          GtT1bC1wN1_GtT1tN3hN1 : 2.7158368 (0.01)%
           QqGtT1bC2hC1wN1_QqN1 : 2.7150152 (0.01)%
  GbB2bN4wC1wN1_QqGbB1tC2zC1wN1 : 2.7141468 (0.01)%
  GbB1tC2zC1wN1_QqGbB2bN4wC1wN1 : 2.7141468 (0.01)%
    GbB2bN3wC1wN1_GtT1bC2wN2hN1 : 2.7115145 (0.01)%
    GbB1bN3zN2hN1_GtT1bC2zC1wN1 : 2.7042366 (0.01)%
     GtT1bC2wN1_QqGbB1bN4wC1wN1 : 2.7031584 (0.01)%
     GbB1bN4wC1wN1_QqGtT1bC2wN1 : 2.7031584 (0.01)%
        GtT1tN1_QqGbB1bN3wC1wN1 : 2.7027905 (0.01)%
        GbB1bN3wC1wN1_QqGtT1tN1 : 2.7027905 (0.01)%
             GbB1bN1_GbB1tC1wN1 : 2.7015479 (0.01)%
    GbB2bN4wC1wN1_GtT1bC2wN2hN1 : 2.6994691 (0.01)%
             GbB1tC2zC1wN1_QqN1 : 2.6957629 (0.01)%
        B2tC2wN2hN1_B2tC2wN2hN1 : 2.6937567 (0.01)%
          GbB1bN2hN1_GbB1bN2hN1 : 2.6925196 (0.01)%
QqGbB2tC2wN2hN1_QqGtT1bC2wN2hN1 : 2.6892073 (0.01)%
   QqGbB1tC2hC1wN1_QqGbB1tC2wN1 : 2.6890808 (0.01)%
QqGbB2tC2hC1wN1_QqGtT1tN3zN2hN1 : 2.6889436 (0.01)%
          GbB1tC1wN1_GtT1tN2zN1 : 2.6876682 (0.01)%
   QqGbB2tC2wN1_QqGtT1tN3wC1wN1 : 2.6871729 (0.01)%
           B2tC2wN1_B2tC2wN2hN1 : 2.6772946 (0.01)%
        GtT1tN4hN1_QqGtT1bC1wN1 : 2.6760894 (0.01)%
        GtT1bC1wN1_QqGtT1tN4hN1 : 2.6760894 (0.01)%
    GbB1bN4wC1wN1_GbB2tC2hC1wN1 : 2.6742429 (0.01)%
    GbB1tC2wN2hN1_GbB1tC2wN2hN1 : 2.6719020 (0.01)%
                 C1wN1_C2zC1wN1 : 2.6694822 (0.01)%
     QqC1wN1_QqGbB1wT1bC2hC1wN1 : 2.6661611 (0.01)%
          GbB1bN2hN1_GbB1tC2wN1 : 2.6657995 (0.01)%
       GbB1tC2wN1_GbB1tC2wN2hN1 : 2.6555734 (0.01)%
    GbB2tC2wN2hN1_GtT1tN3zN2hN1 : 2.6554379 (0.01)%
------------------------------------------------------------
                                              SUM=90.00%
