/Users/rafalmaselek/Projects/fastlim-1.0
 
#################################################################
#                                                               #
#                                                               #
#                     This is Fastlim  ver. 1.0                 #
#                                                               #
#          A fast LHC limit calculator for BSM models.          #
#                                                               #
#                  http://cern.ch/fastlim-1.0/                  #
#                                                               #
#  for bugs/feature requests: fastlim-1.0.developers@gmail.com  #
#                                                               #
#    please refer to:                                           #
#    M.Papucci, K.Sakurai, A.Weiler, L.Zeune arXiv:1402.xxxx    #
#                                                               #
#################################################################
 

!! Masses incompatible with the data for ERER !!

!! Problem with reading tables for ER ER !! Probably mass outside the table !! Setting xsec to 10^-20 !!

!! Masses incompatible with the data for ELEL !!

!! Problem with reading tables for EL EL !! Probably mass outside the table !! Setting xsec to 10^-20 !!

!! Masses incompatible with the data for TAU1TAU1 !!

!! Problem with reading tables for TAU1 TAU1 !! Probably mass outside the table !! Setting xsec to 10^-20 !!

!! Masses incompatible with the data for TAU2TAU2 !!

!! Problem with reading tables for TAU2 TAU2 !! Probably mass outside the table !! Setting xsec to 10^-20 !!
!! EWK PROCESS C1C2 NOT FOUND !! WILL TRY TO LOOK FOR +/- MODES !!
XSEC FOUND FOR: C1-C2+
XSEC FOUND FOR: C1+C2-
!! EWK PROCESS C1N1 NOT FOUND !! WILL TRY TO LOOK FOR +/- MODES !!
XSEC FOUND FOR: C1+N1
XSEC FOUND FOR: C1-N1
!! EWK PROCESS C1N2 NOT FOUND !! WILL TRY TO LOOK FOR +/- MODES !!
XSEC FOUND FOR: C1+N2
XSEC FOUND FOR: C1-N2
!! EWK PROCESS C1N3 NOT FOUND !! WILL TRY TO LOOK FOR +/- MODES !!
XSEC FOUND FOR: C1+N3
XSEC FOUND FOR: C1-N3
!! EWK PROCESS C1N4 NOT FOUND !! WILL TRY TO LOOK FOR +/- MODES !!
XSEC FOUND FOR: C1+N4
XSEC FOUND FOR: C1-N4
!! EWK PROCESS C2N1 NOT FOUND !! WILL TRY TO LOOK FOR +/- MODES !!
XSEC FOUND FOR: C2+N1
XSEC FOUND FOR: C2-N1
!! EWK PROCESS C2N2 NOT FOUND !! WILL TRY TO LOOK FOR +/- MODES !!
XSEC FOUND FOR: C2+N2
XSEC FOUND FOR: C2-N2
!! EWK PROCESS C2N3 NOT FOUND !! WILL TRY TO LOOK FOR +/- MODES !!
XSEC FOUND FOR: C2+N3
XSEC FOUND FOR: C2-N3
!! EWK PROCESS C2N4 NOT FOUND !! WILL TRY TO LOOK FOR +/- MODES !!
XSEC FOUND FOR: C2+N4
XSEC FOUND FOR: C2-N4
---------------  Output inclusive processes  ---------------
The total xsec = 3711.15 [fb]
The total rate = 100.00%
Output upto 0.10%
                  Modes : xsec/fb      (rate)
            C1wN1_N2hN1 : 2106.9041638 (56.77)%
            C1wN1_C1wN1 : 1045.7029593 (28.18)%
            C1wN1_N2zN1 : 54.4312005 (1.47)%
                  N1_N1 : 13.8935643 (0.37)%
            N2hN1_N2hN1 : 10.0063495 (0.27)%
      C2hC1wN1_N3wC1wN1 : 5.0324367 (0.14)%
      C2hC1wN1_N4wC1wN1 : 4.8392675 (0.13)%
               C1wN1_N1 : 4.6017755 (0.12)%
      C2zC1wN1_N3wC1wN1 : 4.5799173 (0.12)%
      C2wN2hN1_N3wC1wN1 : 4.4111877 (0.12)%
      C2zC1wN1_N4wC1wN1 : 4.4041180 (0.12)%
      N3wC1wN1_N4wC1wN1 : 4.2637052 (0.11)%
      C2wN2hN1_N4wC1wN1 : 4.2418650 (0.11)%
  GtT1tN3wC1wN1_QqC1wN1 : 3.9434952 (0.11)%
QqC1wN1_QqGtT1tN3wC1wN1 : 3.6845061 (0.10)%
------------------------------------------------------------
                                      SUM=88.25%

SHOWING PROCESSES TO GET 90.00% SUSY COVERAGE
---------------  Output inclusive processes  ---------------
The total xsec = 3711.15 [fb]
The total rate = 100.00%
                        Modes : xsec/fb      (rate)
                  C1wN1_N2hN1 : 2106.9041638 (56.77)%
                  C1wN1_C1wN1 : 1045.7029593 (28.18)%
                  C1wN1_N2zN1 : 54.4312005 (1.47)%
                        N1_N1 : 13.8935643 (0.37)%
                  N2hN1_N2hN1 : 10.0063495 (0.27)%
            C2hC1wN1_N3wC1wN1 : 5.0324367 (0.14)%
            C2hC1wN1_N4wC1wN1 : 4.8392675 (0.13)%
                     C1wN1_N1 : 4.6017755 (0.12)%
            C2zC1wN1_N3wC1wN1 : 4.5799173 (0.12)%
            C2wN2hN1_N3wC1wN1 : 4.4111877 (0.12)%
            C2zC1wN1_N4wC1wN1 : 4.4041180 (0.12)%
            N3wC1wN1_N4wC1wN1 : 4.2637052 (0.11)%
            C2wN2hN1_N4wC1wN1 : 4.2418650 (0.11)%
        GtT1tN3wC1wN1_QqC1wN1 : 3.9434952 (0.11)%
      QqC1wN1_QqGtT1tN3wC1wN1 : 3.6845061 (0.10)%
        GtT1bC2hC1wN1_QqC1wN1 : 3.5204927 (0.09)%
      QqC1wN1_QqGtT1bC2hC1wN1 : 3.2892843 (0.09)%
        GtT1bC2zC1wN1_QqC1wN1 : 3.2039282 (0.09)%
        GtT1bC2wN2hN1_QqC1wN1 : 3.0858916 (0.08)%
            C2hC1wN1_C2zC1wN1 : 3.0387253 (0.08)%
      QqC1wN1_QqGtT1bC2zC1wN1 : 2.9935102 (0.08)%
            C2hC1wN1_C2wN2hN1 : 2.9267750 (0.08)%
      QqC1wN1_QqGtT1bC2wN2hN1 : 2.8832257 (0.08)%
              QqC1wN1_QqC1wN1 : 2.8170100 (0.08)%
              GtT1tN1_QqC1wN1 : 2.7750524 (0.07)%
              QqC1wN1_QqN2hN1 : 2.7471666 (0.07)%
            C2wN2hN1_C2zC1wN1 : 2.6635979 (0.07)%
  GtT1bC2hC1wN1_GtT1tN3wC1wN1 : 2.5939371 (0.07)%
            QqC1wN1_QqGtT1tN1 : 2.5928008 (0.07)%
GtT1tN3wC1wN1_QqGtT1tN3wC1wN1 : 2.5789458 (0.07)%
            C2hC1wN1_N4hN2hN1 : 2.5467793 (0.07)%
        GtT1tN4wC1wN1_QqC1wN1 : 2.5176759 (0.07)%
           GtT1bC1wN1_QqC1wN1 : 2.4645357 (0.07)%
            C2hC1wN1_N3zN2hN1 : 2.3984736 (0.06)%
  GtT1bC2zC1wN1_GtT1tN3wC1wN1 : 2.3606889 (0.06)%
      QqC1wN1_QqGtT1tN4wC1wN1 : 2.3523276 (0.06)%
            C2zC1wN1_N4hN2hN1 : 2.3177716 (0.06)%
         QqC1wN1_QqGtT1bC1wN1 : 2.3026773 (0.06)%
GtT1tN3wC1wN1_QqGtT1bC2hC1wN1 : 2.3023129 (0.06)%
------------------------------------------------------------
                                            SUM=90.00%
