/Users/rafalmaselek/Projects/fastlim-1.0
 
#################################################################
#                                                               #
#                                                               #
#                     This is Fastlim  ver. 1.0                 #
#                                                               #
#          A fast LHC limit calculator for BSM models.          #
#                                                               #
#                  http://cern.ch/fastlim-1.0/                  #
#                                                               #
#  for bugs/feature requests: fastlim-1.0.developers@gmail.com  #
#                                                               #
#    please refer to:                                           #
#    M.Papucci, K.Sakurai, A.Weiler, L.Zeune arXiv:1402.xxxx    #
#                                                               #
#################################################################
 

!! Masses incompatible with the data for ERER !!

!! Problem with reading tables for ER ER !! Probably mass outside the table !! Setting xsec to 10^-20 !!

!! Masses incompatible with the data for ELEL !!

!! Problem with reading tables for EL EL !! Probably mass outside the table !! Setting xsec to 10^-20 !!

!! Masses incompatible with the data for TAU1TAU1 !!

!! Problem with reading tables for TAU1 TAU1 !! Probably mass outside the table !! Setting xsec to 10^-20 !!

!! Masses incompatible with the data for TAU2TAU2 !!

!! Problem with reading tables for TAU2 TAU2 !! Probably mass outside the table !! Setting xsec to 10^-20 !!
!! EWK PROCESS C1C2 NOT FOUND !! WILL TRY TO LOOK FOR +/- MODES !!
XSEC FOUND FOR: C1-C2+
XSEC FOUND FOR: C1+C2-
!! EWK PROCESS C1N1 NOT FOUND !! WILL TRY TO LOOK FOR +/- MODES !!
XSEC FOUND FOR: C1+N1
XSEC FOUND FOR: C1-N1
!! EWK PROCESS C1N2 NOT FOUND !! WILL TRY TO LOOK FOR +/- MODES !!
XSEC FOUND FOR: C1+N2
XSEC FOUND FOR: C1-N2
!! EWK PROCESS C1N3 NOT FOUND !! WILL TRY TO LOOK FOR +/- MODES !!
XSEC FOUND FOR: C1+N3
XSEC FOUND FOR: C1-N3
!! EWK PROCESS C1N4 NOT FOUND !! WILL TRY TO LOOK FOR +/- MODES !!
XSEC FOUND FOR: C1+N4
XSEC FOUND FOR: C1-N4
!! EWK PROCESS C2N1 NOT FOUND !! WILL TRY TO LOOK FOR +/- MODES !!
XSEC FOUND FOR: C2+N1
XSEC FOUND FOR: C2-N1
!! EWK PROCESS C2N2 NOT FOUND !! WILL TRY TO LOOK FOR +/- MODES !!
XSEC FOUND FOR: C2+N2
XSEC FOUND FOR: C2-N2
!! EWK PROCESS C2N3 NOT FOUND !! WILL TRY TO LOOK FOR +/- MODES !!
XSEC FOUND FOR: C2+N3
XSEC FOUND FOR: C2-N3
!! EWK PROCESS C2N4 NOT FOUND !! WILL TRY TO LOOK FOR +/- MODES !!
XSEC FOUND FOR: C2+N4
XSEC FOUND FOR: C2-N4
---------------  Output inclusive processes  ---------------
The total xsec = 20646.29 [fb]
The total rate = 100.00%
Output upto 0.10%
                  Modes : xsec/fb      (rate)
            C1wN1_N2hN1 : 4399.5868459 (21.31)%
            C1wN1_C1wN1 : 2490.0250078 (12.06)%
        QqC1wN1_QqC1wN1 : 1605.4963810 (7.78)%
        QqC1wN1_QqN2hN1 : 1421.2964775 (6.88)%
            C1wN1_N2zN1 : 605.3273332 (2.93)%
        QqN2hN1_QqN2hN1 : 314.5574946 (1.52)%
     GtT1bC1wN1_QqC1wN1 : 195.6900160 (0.95)%
        QqC1wN1_QqN2zN1 : 195.5523636 (0.95)%
  GtT1tN3wC1wN1_QqC1wN1 : 144.6994786 (0.70)%
     GbB1tC1wN1_QqC1wN1 : 131.2782920 (0.64)%
  GtT2tN4wC1wN1_QqC1wN1 : 110.0327187 (0.53)%
  GtT1bC2hC1wN1_QqC1wN1 : 88.7934100 (0.43)%
  GbB1tC2hC1wN1_QqC1wN1 : 86.8597687 (0.42)%
     GtT1bC1wN1_QqN2hN1 : 86.6191708 (0.42)%
        QqN2hN1_QqN2zN1 : 86.5582411 (0.42)%
  GtT1bC2zC1wN1_QqC1wN1 : 81.7019606 (0.40)%
  GbB1tC2zC1wN1_QqC1wN1 : 79.9227488 (0.39)%
     GtT1tN2hN1_QqC1wN1 : 77.9109210 (0.38)%
           QqC1wN1_QqN1 : 74.5175273 (0.36)%
  GtT1bC2wN2hN1_QqC1wN1 : 73.4995003 (0.36)%
  GbB2tC2hC1wN1_QqC1wN1 : 72.7123029 (0.35)%
  GbB1tC2wN2hN1_QqC1wN1 : 71.8989123 (0.35)%
  GtT2bC2hC1wN1_QqC1wN1 : 67.9069762 (0.33)%
  GbB2tC2zC1wN1_QqC1wN1 : 66.9051646 (0.32)%
  GbB1bN3wC1wN1_QqC1wN1 : 66.5178671 (0.32)%
  GtT2tN3wC1wN1_QqC1wN1 : 66.1892194 (0.32)%
      C2hC1wN1_N3wC1wN1 : 64.6585186 (0.31)%
      C2hC1wN1_N4wC1wN1 : 64.5006551 (0.31)%
  GtT1tN3wC1wN1_QqN2hN1 : 64.0489950 (0.31)%
     GbB1bN2hN1_QqC1wN1 : 63.5625775 (0.31)%
  GtT2bC2zC1wN1_QqC1wN1 : 62.4836133 (0.30)%
                  N1_N1 : 62.2170607 (0.30)%
  GbB2tC2wN2hN1_QqC1wN1 : 60.1882271 (0.29)%
  GtT1tN3zN2hN1_QqC1wN1 : 59.5943752 (0.29)%
      C2zC1wN1_N3wC1wN1 : 59.4945924 (0.29)%
      C2zC1wN1_N4wC1wN1 : 59.3493366 (0.29)%
      N3wC1wN1_N4wC1wN1 : 58.4181537 (0.28)%
     GbB1tC1wN1_QqN2hN1 : 58.1083135 (0.28)%
   QqC1wN1_QqGtT1bC1wN1 : 57.9112287 (0.28)%
  GtT1tN4wC1wN1_QqC1wN1 : 56.9501341 (0.28)%
  GtT2bC2wN2hN1_QqC1wN1 : 56.2105771 (0.27)%
  GbB1bN4wC1wN1_QqC1wN1 : 55.0698008 (0.27)%
      C2wN2hN1_N3wC1wN1 : 53.5216386 (0.26)%
      C2wN2hN1_N4wC1wN1 : 53.3909658 (0.26)%
  GtT2tN4hN2hN1_QqC1wN1 : 50.1200740 (0.24)%
  GtT2tN4wC1wN1_QqN2hN1 : 48.7042877 (0.24)%
  GbB2bN4wC1wN1_QqC1wN1 : 45.4415331 (0.22)%
  GbB2bN3wC1wN1_QqC1wN1 : 44.4063786 (0.22)%
     GtT1bC2wN1_QqC1wN1 : 43.4138465 (0.21)%
QqC1wN1_QqGtT1tN3wC1wN1 : 42.8214212 (0.21)%
     GbB1tC2wN1_QqC1wN1 : 42.4684294 (0.21)%
            N2hN1_N2hN1 : 39.8568830 (0.19)%
  GtT1bC2hC1wN1_QqN2hN1 : 39.3030350 (0.19)%
   QqC1wN1_QqGbB1tC1wN1 : 38.8496427 (0.19)%
  GbB1tC2hC1wN1_QqN2hN1 : 38.4471385 (0.19)%
      C2hC1wN1_C2zC1wN1 : 36.8994721 (0.18)%
  GtT1bC2zC1wN1_QqN2hN1 : 36.1641141 (0.18)%
     GtT1tN3zN1_QqC1wN1 : 35.7531802 (0.17)%
     GbB2tC2wN1_QqC1wN1 : 35.5512955 (0.17)%
  GbB1tC2zC1wN1_QqN2hN1 : 35.3765734 (0.17)%
     QqC1wN1_QqC2hC1wN1 : 35.2676286 (0.17)%
     GtT1tN2hN1_QqN2hN1 : 34.4860689 (0.17)%
     GtT2bC2wN1_QqC1wN1 : 33.2018225 (0.16)%
      C2hC1wN1_C2wN2hN1 : 33.1949532 (0.16)%
           QqN1_QqN2hN1 : 32.9840354 (0.16)%
QqC1wN1_QqGtT2tN4wC1wN1 : 32.5623661 (0.16)%
  GtT1bC2wN2hN1_QqN2hN1 : 32.5334215 (0.16)%
     QqC1wN1_QqC2zC1wN1 : 32.4509938 (0.16)%
  GbB2tC2hC1wN1_QqN2hN1 : 32.1849807 (0.16)%
  GbB1tC2wN2hN1_QqN2hN1 : 31.8249458 (0.15)%
         C2wN1_N3wC1wN1 : 31.6135510 (0.15)%
         C2wN1_N4wC1wN1 : 31.5363667 (0.15)%
      C2wN2hN1_C2zC1wN1 : 30.5438518 (0.15)%
  GtT2bC2hC1wN1_QqN2hN1 : 30.0579768 (0.15)%
  GbB2tC2zC1wN1_QqN2hN1 : 29.6145403 (0.14)%
  GbB1bN3wC1wN1_QqN2hN1 : 29.4431091 (0.14)%
      C2hC1wN1_N4hN2hN1 : 29.3801485 (0.14)%
  GtT2tN3wC1wN1_QqN2hN1 : 29.2976382 (0.14)%
     QqC1wN1_QqC2wN2hN1 : 29.1930795 (0.14)%
     GbB1bN2hN1_QqN2hN1 : 28.1349957 (0.14)%
  GtT2bC2zC1wN1_QqN2hN1 : 27.6574088 (0.13)%
  GbB1bN3zN2hN1_QqC1wN1 : 27.3953353 (0.13)%
  GtT2tN3zN2hN1_QqC1wN1 : 27.2599819 (0.13)%
      C2zC1wN1_N4hN2hN1 : 27.0337149 (0.13)%
  GbB2tC2wN2hN1_QqN2hN1 : 26.6413915 (0.13)%
      C2hC1wN1_N3zN2hN1 : 26.6295639 (0.13)%
      N3wC1wN1_N4hN2hN1 : 26.6095596 (0.13)%
  GtT1tN3zN2hN1_QqN2hN1 : 26.3785321 (0.13)%
QqC1wN1_QqGtT1bC2hC1wN1 : 26.2769434 (0.13)%
  GtT1tN4hN2hN1_QqC1wN1 : 25.9408744 (0.13)%
QqC1wN1_QqGbB1tC2hC1wN1 : 25.7047142 (0.12)%
   QqGtT1bC1wN1_QqN2hN1 : 25.6335132 (0.12)%
     QqC1wN1_QqN4wC1wN1 : 25.5848567 (0.12)%
  GtT1tN4wC1wN1_QqN2hN1 : 25.2080995 (0.12)%
        GtT1tN1_QqC1wN1 : 25.2068506 (0.12)%
  GbB1bN4hN2hN1_QqC1wN1 : 25.0843797 (0.12)%
  GtT2bC2wN2hN1_QqN2hN1 : 24.8807460 (0.12)%
     GtT2tN4hN1_QqC1wN1 : 24.7329877 (0.12)%
      C2zC1wN1_N3zN2hN1 : 24.5028047 (0.12)%
  GbB1bN4wC1wN1_QqN2hN1 : 24.3757989 (0.12)%
      C2wN2hN1_N4hN2hN1 : 24.3196677 (0.12)%
QqC1wN1_QqGtT1bC2zC1wN1 : 24.1783460 (0.12)%
      N3zN2hN1_N4wC1wN1 : 24.0594742 (0.12)%
QqC1wN1_QqGbB1tC2zC1wN1 : 23.6518177 (0.11)%
   QqC1wN1_QqGtT1tN2hN1 : 23.0564505 (0.11)%
  GtT2tN4hN2hN1_QqN2hN1 : 22.1848786 (0.11)%
      C2wN2hN1_N3zN2hN1 : 22.0428480 (0.11)%
QqC1wN1_QqGtT1bC2wN2hN1 : 21.7509634 (0.11)%
QqC1wN1_QqGbB2tC2hC1wN1 : 21.5180053 (0.10)%
QqC1wN1_QqGbB1tC2wN2hN1 : 21.2772958 (0.10)%
  GbB2bN4hN2hN1_QqC1wN1 : 20.6986888 (0.10)%
  GbB2bN4wC1wN1_QqN2hN1 : 20.1139946 (0.10)%
------------------------------------------------------------
                                      SUM=77.02%

SHOWING PROCESSES TO GET 90.00% SUSY COVERAGE
---------------  Output inclusive processes  ---------------
The total xsec = 20646.29 [fb]
The total rate = 100.00%
                        Modes : xsec/fb      (rate)
                  C1wN1_N2hN1 : 4399.5868459 (21.31)%
                  C1wN1_C1wN1 : 2490.0250078 (12.06)%
              QqC1wN1_QqC1wN1 : 1605.4963810 (7.78)%
              QqC1wN1_QqN2hN1 : 1421.2964775 (6.88)%
                  C1wN1_N2zN1 : 605.3273332 (2.93)%
              QqN2hN1_QqN2hN1 : 314.5574946 (1.52)%
           GtT1bC1wN1_QqC1wN1 : 195.6900160 (0.95)%
              QqC1wN1_QqN2zN1 : 195.5523636 (0.95)%
        GtT1tN3wC1wN1_QqC1wN1 : 144.6994786 (0.70)%
           GbB1tC1wN1_QqC1wN1 : 131.2782920 (0.64)%
        GtT2tN4wC1wN1_QqC1wN1 : 110.0327187 (0.53)%
        GtT1bC2hC1wN1_QqC1wN1 : 88.7934100 (0.43)%
        GbB1tC2hC1wN1_QqC1wN1 : 86.8597687 (0.42)%
           GtT1bC1wN1_QqN2hN1 : 86.6191708 (0.42)%
              QqN2hN1_QqN2zN1 : 86.5582411 (0.42)%
        GtT1bC2zC1wN1_QqC1wN1 : 81.7019606 (0.40)%
        GbB1tC2zC1wN1_QqC1wN1 : 79.9227488 (0.39)%
           GtT1tN2hN1_QqC1wN1 : 77.9109210 (0.38)%
                 QqC1wN1_QqN1 : 74.5175273 (0.36)%
        GtT1bC2wN2hN1_QqC1wN1 : 73.4995003 (0.36)%
        GbB2tC2hC1wN1_QqC1wN1 : 72.7123029 (0.35)%
        GbB1tC2wN2hN1_QqC1wN1 : 71.8989123 (0.35)%
        GtT2bC2hC1wN1_QqC1wN1 : 67.9069762 (0.33)%
        GbB2tC2zC1wN1_QqC1wN1 : 66.9051646 (0.32)%
        GbB1bN3wC1wN1_QqC1wN1 : 66.5178671 (0.32)%
        GtT2tN3wC1wN1_QqC1wN1 : 66.1892194 (0.32)%
            C2hC1wN1_N3wC1wN1 : 64.6585186 (0.31)%
            C2hC1wN1_N4wC1wN1 : 64.5006551 (0.31)%
        GtT1tN3wC1wN1_QqN2hN1 : 64.0489950 (0.31)%
           GbB1bN2hN1_QqC1wN1 : 63.5625775 (0.31)%
        GtT2bC2zC1wN1_QqC1wN1 : 62.4836133 (0.30)%
                        N1_N1 : 62.2170607 (0.30)%
        GbB2tC2wN2hN1_QqC1wN1 : 60.1882271 (0.29)%
        GtT1tN3zN2hN1_QqC1wN1 : 59.5943752 (0.29)%
            C2zC1wN1_N3wC1wN1 : 59.4945924 (0.29)%
            C2zC1wN1_N4wC1wN1 : 59.3493366 (0.29)%
            N3wC1wN1_N4wC1wN1 : 58.4181537 (0.28)%
           GbB1tC1wN1_QqN2hN1 : 58.1083135 (0.28)%
         QqC1wN1_QqGtT1bC1wN1 : 57.9112287 (0.28)%
        GtT1tN4wC1wN1_QqC1wN1 : 56.9501341 (0.28)%
        GtT2bC2wN2hN1_QqC1wN1 : 56.2105771 (0.27)%
        GbB1bN4wC1wN1_QqC1wN1 : 55.0698008 (0.27)%
            C2wN2hN1_N3wC1wN1 : 53.5216386 (0.26)%
            C2wN2hN1_N4wC1wN1 : 53.3909658 (0.26)%
        GtT2tN4hN2hN1_QqC1wN1 : 50.1200740 (0.24)%
        GtT2tN4wC1wN1_QqN2hN1 : 48.7042877 (0.24)%
        GbB2bN4wC1wN1_QqC1wN1 : 45.4415331 (0.22)%
        GbB2bN3wC1wN1_QqC1wN1 : 44.4063786 (0.22)%
           GtT1bC2wN1_QqC1wN1 : 43.4138465 (0.21)%
      QqC1wN1_QqGtT1tN3wC1wN1 : 42.8214212 (0.21)%
           GbB1tC2wN1_QqC1wN1 : 42.4684294 (0.21)%
                  N2hN1_N2hN1 : 39.8568830 (0.19)%
        GtT1bC2hC1wN1_QqN2hN1 : 39.3030350 (0.19)%
         QqC1wN1_QqGbB1tC1wN1 : 38.8496427 (0.19)%
        GbB1tC2hC1wN1_QqN2hN1 : 38.4471385 (0.19)%
            C2hC1wN1_C2zC1wN1 : 36.8994721 (0.18)%
        GtT1bC2zC1wN1_QqN2hN1 : 36.1641141 (0.18)%
           GtT1tN3zN1_QqC1wN1 : 35.7531802 (0.17)%
           GbB2tC2wN1_QqC1wN1 : 35.5512955 (0.17)%
        GbB1tC2zC1wN1_QqN2hN1 : 35.3765734 (0.17)%
           QqC1wN1_QqC2hC1wN1 : 35.2676286 (0.17)%
           GtT1tN2hN1_QqN2hN1 : 34.4860689 (0.17)%
           GtT2bC2wN1_QqC1wN1 : 33.2018225 (0.16)%
            C2hC1wN1_C2wN2hN1 : 33.1949532 (0.16)%
                 QqN1_QqN2hN1 : 32.9840354 (0.16)%
      QqC1wN1_QqGtT2tN4wC1wN1 : 32.5623661 (0.16)%
        GtT1bC2wN2hN1_QqN2hN1 : 32.5334215 (0.16)%
           QqC1wN1_QqC2zC1wN1 : 32.4509938 (0.16)%
        GbB2tC2hC1wN1_QqN2hN1 : 32.1849807 (0.16)%
        GbB1tC2wN2hN1_QqN2hN1 : 31.8249458 (0.15)%
               C2wN1_N3wC1wN1 : 31.6135510 (0.15)%
               C2wN1_N4wC1wN1 : 31.5363667 (0.15)%
            C2wN2hN1_C2zC1wN1 : 30.5438518 (0.15)%
        GtT2bC2hC1wN1_QqN2hN1 : 30.0579768 (0.15)%
        GbB2tC2zC1wN1_QqN2hN1 : 29.6145403 (0.14)%
        GbB1bN3wC1wN1_QqN2hN1 : 29.4431091 (0.14)%
            C2hC1wN1_N4hN2hN1 : 29.3801485 (0.14)%
        GtT2tN3wC1wN1_QqN2hN1 : 29.2976382 (0.14)%
           QqC1wN1_QqC2wN2hN1 : 29.1930795 (0.14)%
           GbB1bN2hN1_QqN2hN1 : 28.1349957 (0.14)%
        GtT2bC2zC1wN1_QqN2hN1 : 27.6574088 (0.13)%
        GbB1bN3zN2hN1_QqC1wN1 : 27.3953353 (0.13)%
        GtT2tN3zN2hN1_QqC1wN1 : 27.2599819 (0.13)%
            C2zC1wN1_N4hN2hN1 : 27.0337149 (0.13)%
        GbB2tC2wN2hN1_QqN2hN1 : 26.6413915 (0.13)%
            C2hC1wN1_N3zN2hN1 : 26.6295639 (0.13)%
            N3wC1wN1_N4hN2hN1 : 26.6095596 (0.13)%
        GtT1tN3zN2hN1_QqN2hN1 : 26.3785321 (0.13)%
      QqC1wN1_QqGtT1bC2hC1wN1 : 26.2769434 (0.13)%
        GtT1tN4hN2hN1_QqC1wN1 : 25.9408744 (0.13)%
      QqC1wN1_QqGbB1tC2hC1wN1 : 25.7047142 (0.12)%
         QqGtT1bC1wN1_QqN2hN1 : 25.6335132 (0.12)%
           QqC1wN1_QqN4wC1wN1 : 25.5848567 (0.12)%
        GtT1tN4wC1wN1_QqN2hN1 : 25.2080995 (0.12)%
              GtT1tN1_QqC1wN1 : 25.2068506 (0.12)%
        GbB1bN4hN2hN1_QqC1wN1 : 25.0843797 (0.12)%
        GtT2bC2wN2hN1_QqN2hN1 : 24.8807460 (0.12)%
           GtT2tN4hN1_QqC1wN1 : 24.7329877 (0.12)%
            C2zC1wN1_N3zN2hN1 : 24.5028047 (0.12)%
        GbB1bN4wC1wN1_QqN2hN1 : 24.3757989 (0.12)%
            C2wN2hN1_N4hN2hN1 : 24.3196677 (0.12)%
      QqC1wN1_QqGtT1bC2zC1wN1 : 24.1783460 (0.12)%
            N3zN2hN1_N4wC1wN1 : 24.0594742 (0.12)%
      QqC1wN1_QqGbB1tC2zC1wN1 : 23.6518177 (0.11)%
         QqC1wN1_QqGtT1tN2hN1 : 23.0564505 (0.11)%
        GtT2tN4hN2hN1_QqN2hN1 : 22.1848786 (0.11)%
            C2wN2hN1_N3zN2hN1 : 22.0428480 (0.11)%
      QqC1wN1_QqGtT1bC2wN2hN1 : 21.7509634 (0.11)%
      QqC1wN1_QqGbB2tC2hC1wN1 : 21.5180053 (0.10)%
      QqC1wN1_QqGbB1tC2wN2hN1 : 21.2772958 (0.10)%
        GbB2bN4hN2hN1_QqC1wN1 : 20.6986888 (0.10)%
        GbB2bN4wC1wN1_QqN2hN1 : 20.1139946 (0.10)%
      QqC1wN1_QqGtT2bC2hC1wN1 : 20.0959482 (0.10)%
            C2hC1wN1_C2hC1wN1 : 20.0511097 (0.10)%
      QqC1wN1_QqGbB2tC2zC1wN1 : 19.7994786 (0.10)%
              GtT2tN1_QqC1wN1 : 19.6883416 (0.10)%
      QqC1wN1_QqGbB1bN3wC1wN1 : 19.6848643 (0.10)%
        GbB2bN3wC1wN1_QqN2hN1 : 19.6557994 (0.10)%
               C2hC1wN1_C2wN1 : 19.6072163 (0.09)%
      QqC1wN1_QqGtT2tN3wC1wN1 : 19.5876065 (0.09)%
                     C1wN1_N1 : 19.3868053 (0.09)%
           GtT1bC2wN1_QqN2hN1 : 19.2164703 (0.09)%
      QqGtT1tN3wC1wN1_QqN2hN1 : 18.9542424 (0.09)%
         QqC1wN1_QqGbB1bN2hN1 : 18.8102952 (0.09)%
           GbB1tC2wN1_QqN2hN1 : 18.7979960 (0.09)%
      QqC1wN1_QqGtT2bC2zC1wN1 : 18.4909935 (0.09)%
        GbB2bN3zN2hN1_QqC1wN1 : 18.2887348 (0.09)%
               C2wN1_C2zC1wN1 : 18.0412940 (0.09)%
      QqC1wN1_QqGbB2tC2wN2hN1 : 17.8117119 (0.09)%
      QqC1wN1_QqGtT1tN3zN2hN1 : 17.6359712 (0.09)%
               C1wN1_N3wC1wN1 : 17.6248773 (0.09)%
              QqC1wN1_QqC2wN1 : 17.2434352 (0.08)%
         QqGbB1tC1wN1_QqN2hN1 : 17.1961958 (0.08)%
            C2zC1wN1_C2zC1wN1 : 16.9762554 (0.08)%
      QqC1wN1_QqGtT1tN4wC1wN1 : 16.8534517 (0.08)%
              GbB1bN1_QqC1wN1 : 16.7233925 (0.08)%
      QqC1wN1_QqGtT2bC2wN2hN1 : 16.6345921 (0.08)%
           GbB1bN3zN1_QqC1wN1 : 16.4356175 (0.08)%
           GtT2tN3zN1_QqC1wN1 : 16.3544134 (0.08)%
      QqC1wN1_QqGbB1bN4wC1wN1 : 16.2969981 (0.08)%
               C2wN1_C2wN2hN1 : 16.2300401 (0.08)%
         T1bC1wN1_T1tN3wC1wN1 : 16.1679105 (0.08)%
               C2hC1wN1_N3zN1 : 15.9761990 (0.08)%
           GtT1tN3zN1_QqN2hN1 : 15.8255944 (0.08)%
           GbB2tC2wN1_QqN2hN1 : 15.7362332 (0.08)%
           QqC2hC1wN1_QqN2hN1 : 15.6106724 (0.08)%
      QqC1wN1_QqGtT2tN4hN2hN1 : 14.8322083 (0.07)%
               C2zC1wN1_N3zN1 : 14.7002664 (0.07)%
           GtT2bC2wN1_QqN2hN1 : 14.6962752 (0.07)%
               C2hC1wN1_N4hN1 : 14.4983595 (0.07)%
               N3zN1_N4wC1wN1 : 14.4342937 (0.07)%
      QqGtT2tN4wC1wN1_QqN2hN1 : 14.4132297 (0.07)%
               C2wN1_N4hN2hN1 : 14.3648639 (0.07)%
           QqC2zC1wN1_QqN2hN1 : 14.3639325 (0.07)%
            C2wN2hN1_C2wN2hN1 : 13.7387024 (0.07)%
      QqC1wN1_QqGbB2bN4wC1wN1 : 13.4476713 (0.07)%
               C2zC1wN1_N4hN1 : 13.3404539 (0.06)%
               C2wN2hN1_N3zN1 : 13.2244346 (0.06)%
      QqC1wN1_QqGbB2bN3wC1wN1 : 13.1413344 (0.06)%
               N3wC1wN1_N4hN1 : 13.1311440 (0.06)%
               C2wN1_N3zN2hN1 : 13.0200180 (0.06)%
           QqC2wN2hN1_QqN2hN1 : 12.9218669 (0.06)%
         QqC1wN1_QqGtT1bC2wN1 : 12.8476110 (0.06)%
           GtT1tN4hN1_QqC1wN1 : 12.8011648 (0.06)%
         QqC1wN1_QqGbB1tC2wN1 : 12.5678304 (0.06)%
        GtT2hT1bC1wN1_QqC1wN1 : 12.5572996 (0.06)%
           GbB1bN4hN1_QqC1wN1 : 12.3785063 (0.06)%
        GbB1bN3zN2hN1_QqN2hN1 : 12.1261231 (0.06)%
        GtT2tN3zN2hN1_QqN2hN1 : 12.0662110 (0.06)%
               C2wN2hN1_N4hN1 : 12.0011404 (0.06)%
           GtT1bC1wN1_QqN2zN1 : 11.9176990 (0.06)%
           QqC1wN1_QqN4hN2hN1 : 11.6539419 (0.06)%
      QqGtT1bC2hC1wN1_QqN2hN1 : 11.6310842 (0.06)%
        GtT1tN4hN2hN1_QqN2hN1 : 11.4823284 (0.06)%
      QqGbB1tC2hC1wN1_QqN2hN1 : 11.3777957 (0.06)%
           QqN2hN1_QqN4wC1wN1 : 11.3247427 (0.05)%
              GtT1tN1_QqN2hN1 : 11.1574241 (0.05)%
        GbB1bN4hN2hN1_QqN2hN1 : 11.1032142 (0.05)%
           GbB2bN3zN1_QqC1wN1 : 10.9721837 (0.05)%
                  N2hN1_N2zN1 : 10.9676029 (0.05)%
            N3zN2hN1_N4hN2hN1 : 10.9591278 (0.05)%
           GtT2tN4hN1_QqN2hN1 : 10.9476760 (0.05)%
            T1bC1wN1_T1bC1wN1 : 10.9326540 (0.05)%
           GbB2tC1wN1_QqC1wN1 : 10.9058450 (0.05)%
           GtT1tN2zN1_QqC1wN1 : 10.7195543 (0.05)%
      QqGtT1bC2zC1wN1_QqN2hN1 : 10.7021724 (0.05)%
         QqC1wN1_QqGtT1tN3zN1 : 10.5805633 (0.05)%
         QqC1wN1_QqGbB2tC2wN1 : 10.5208188 (0.05)%
      QqGbB1tC2zC1wN1_QqN2hN1 : 10.4691127 (0.05)%
           GbB2bN4hN1_QqC1wN1 : 10.2142789 (0.05)%
         QqGtT1tN2hN1_QqN2hN1 : 10.2055826 (0.05)%
        GtT1bC2wN2zN1_QqC1wN1 : 10.1125988 (0.05)%
         T1bC1wN1_T1bC2hC1wN1 : 9.9212791 (0.05)%
        GbB1tC2wN2zN1_QqC1wN1 : 9.8923782 (0.05)%
         QqC1wN1_QqGtT2bC2wN1 : 9.8255311 (0.05)%
      QqGtT1bC2wN2hN1_QqN2hN1 : 9.6277288 (0.05)%
      QqGbB2tC2hC1wN1_QqN2hN1 : 9.5246136 (0.05)%
      QqGbB1tC2wN2hN1_QqN2hN1 : 9.4180672 (0.05)%
     GtT2hT1tN3wC1wN1_QqC1wN1 : 9.2852704 (0.04)%
        GbB2bN4hN2hN1_QqN2hN1 : 9.1619557 (0.04)%
         T1bC1wN1_T1bC2zC1wN1 : 9.1289202 (0.04)%
      QqGtT2bC2hC1wN1_QqN2hN1 : 8.8951619 (0.04)%
        GtT1tN3wC1wN1_QqN2zN1 : 8.8123291 (0.04)%
      QqGbB2tC2zC1wN1_QqN2hN1 : 8.7639342 (0.04)%
           GbB1bN2zN1_QqC1wN1 : 8.7454043 (0.04)%
              GtT2tN1_QqN2hN1 : 8.7147411 (0.04)%
      QqGbB1bN3wC1wN1_QqN2hN1 : 8.7132019 (0.04)%
            T1bC1wN1_T1tN2hN1 : 8.7053306 (0.04)%
      QqGtT2tN3wC1wN1_QqN2hN1 : 8.6701522 (0.04)%
         QqGbB1bN2hN1_QqN2hN1 : 8.3260874 (0.04)%
        GbB2tC2wN2zN1_QqC1wN1 : 8.2811365 (0.04)%
         T1bC1wN1_T1bC2wN2hN1 : 8.2124231 (0.04)%
        GtT1tN3zN2zN1_QqC1wN1 : 8.1994300 (0.04)%
      QqGtT2bC2zC1wN1_QqN2hN1 : 8.1847534 (0.04)%
      QqC1wN1_QqGbB1bN3zN2hN1 : 8.1071971 (0.04)%
        GbB2bN3zN2hN1_QqN2hN1 : 8.0952267 (0.04)%
      QqC1wN1_QqGtT2tN3zN2hN1 : 8.0671415 (0.04)%
           GbB1tC1wN1_QqN2zN1 : 7.9949667 (0.04)%
           GtT1tN3hN1_QqC1wN1 : 7.8902324 (0.04)%
      QqGbB2tC2wN2hN1_QqN2hN1 : 7.8840799 (0.04)%
                  C2wN1_N3zN1 : 7.8112582 (0.04)%
      QqGtT1tN3zN2hN1_QqN2hN1 : 7.8062910 (0.04)%
        GtT2bC2wN2zN1_QqC1wN1 : 7.7338623 (0.04)%
      QqC1wN1_QqGtT1tN4hN2hN1 : 7.6767734 (0.04)%
              QqC2wN1_QqN2hN1 : 7.6325409 (0.04)%
      QqGtT1tN4wC1wN1_QqN2hN1 : 7.4599208 (0.04)%
            QqC1wN1_QqGtT1tN1 : 7.4595512 (0.04)%
      QqC1wN1_QqGbB1bN4hN2hN1 : 7.4233079 (0.04)%
              GbB1bN1_QqN2hN1 : 7.4023521 (0.04)%
            C2wN2zN1_N3wC1wN1 : 7.3638985 (0.04)%
      QqGtT2bC2wN2hN1_QqN2hN1 : 7.3630459 (0.04)%
            C2wN2zN1_N4wC1wN1 : 7.3459195 (0.04)%
      T1bC2hC1wN1_T1tN3wC1wN1 : 7.3361122 (0.04)%
         QqC1wN1_QqGtT2tN4hN1 : 7.3193193 (0.04)%
           GbB1bN3zN1_QqN2hN1 : 7.2749729 (0.04)%
               C1wN1_N3zN2hN1 : 7.2587929 (0.04)%
           GtT2tN3zN1_QqN2hN1 : 7.2390291 (0.04)%
               N2hN1_N3wC1wN1 : 7.2154056 (0.03)%
      QqGbB1bN4wC1wN1_QqN2hN1 : 7.2136152 (0.03)%
                  C2wN1_N4hN1 : 7.0886967 (0.03)%
        GtT2tN4hN2zN1_QqC1wN1 : 6.8958863 (0.03)%
      T1bC2zC1wN1_T1tN3wC1wN1 : 6.7502166 (0.03)%
        GtT2tN4wC1wN1_QqN2zN1 : 6.7010921 (0.03)%
         T1bC1wN1_T1tN3zN2hN1 : 6.6587422 (0.03)%
               N3zN1_N4hN2hN1 : 6.5748432 (0.03)%
      QqGtT2tN4hN2hN1_QqN2hN1 : 6.5652485 (0.03)%
         T1tN2hN1_T1tN3wC1wN1 : 6.4370009 (0.03)%
                     N1_N2hN1 : 6.4132191 (0.03)%
         T1bC1wN1_T1tN4wC1wN1 : 6.3632895 (0.03)%
      QqC1wN1_QqGbB2bN4hN2hN1 : 6.1254352 (0.03)%
      T1bC2wN2hN1_T1tN3wC1wN1 : 6.0725292 (0.03)%
      T1tN3wC1wN1_T1tN3wC1wN1 : 5.9775360 (0.03)%
              QqN2zN1_QqN2zN1 : 5.9546579 (0.03)%
      QqGbB2bN4wC1wN1_QqN2hN1 : 5.9524045 (0.03)%
            QqC1wN1_QqGtT2tN1 : 5.8264396 (0.03)%
      QqGbB2bN3wC1wN1_QqN2hN1 : 5.8168092 (0.03)%
           GbB2bN2hN1_QqC1wN1 : 5.7931227 (0.03)%
           GtT2tN4zN1_QqC1wN1 : 5.7529490 (0.03)%
              QqC1wN1_QqN4hN1 : 5.7509253 (0.03)%
     GtT2hT1bC2hC1wN1_QqC1wN1 : 5.6978147 (0.03)%
         QqGtT1bC2wN1_QqN2hN1 : 5.6867971 (0.03)%
           GtT1tN4hN1_QqN2hN1 : 5.6662384 (0.03)%
         QqGbB1tC2wN1_QqN2hN1 : 5.5629565 (0.03)%
        GtT2hT1bC1wN1_QqN2hN1 : 5.5582952 (0.03)%
           GbB1bN4hN1_QqN2hN1 : 5.4791551 (0.03)%
      QqC1wN1_QqGbB2bN3zN2hN1 : 5.4122490 (0.03)%
               N3zN2hN1_N4hN1 : 5.4080521 (0.03)%
        GtT1bC2hC1wN1_QqN2zN1 : 5.4075990 (0.03)%
     GtT1bC1wN1_GtT1tN3wC1wN1 : 5.3142472 (0.03)%
        GbB1tC2hC1wN1_QqN2zN1 : 5.2898385 (0.03)%
     GtT2hT1bC2zC1wN1_QqC1wN1 : 5.2427611 (0.03)%
           QqN2hN1_QqN4hN2hN1 : 5.1584378 (0.02)%
        GtT2hT1tN2hN1_QqC1wN1 : 4.9994926 (0.02)%
        GtT1bC2zC1wN1_QqN2zN1 : 4.9757233 (0.02)%
            QqC1wN1_QqGbB1bN1 : 4.9490119 (0.02)%
      T1tN3wC1wN1_T1tN3zN2hN1 : 4.9236877 (0.02)%
        GbB1tC2zC1wN1_QqN2zN1 : 4.8673677 (0.02)%
         QqC1wN1_QqGbB1bN3zN1 : 4.8638496 (0.02)%
           GbB2bN3zN1_QqN2hN1 : 4.8566681 (0.02)%
            T1bC1wN1_T1bC2wN1 : 4.8508204 (0.02)%
         QqC1wN1_QqGtT2tN3zN1 : 4.8398186 (0.02)%
           GbB2tC1wN1_QqN2hN1 : 4.8273043 (0.02)%
        GbB1tC1wN1_GtT1bC1wN1 : 4.8213394 (0.02)%
                  C2wN1_C2wN1 : 4.7932875 (0.02)%
           GtT1tN2zN1_QqN2hN1 : 4.7448456 (0.02)%
           GtT1tN2hN1_QqN2zN1 : 4.7448456 (0.02)%
     GtT2hT1bC2wN2hN1_QqC1wN1 : 4.7164146 (0.02)%
      T1tN3wC1wN1_T1tN4wC1wN1 : 4.7052205 (0.02)%
         QqGtT1tN3zN1_QqN2hN1 : 4.6833233 (0.02)%
         QqGbB2tC2wN1_QqN2hN1 : 4.6568784 (0.02)%
            C2hC1wN1_C2wN2zN1 : 4.5672044 (0.02)%
              GtT1bC1wN1_QqN1 : 4.5413793 (0.02)%
                 QqN1_QqN2zN1 : 4.5381848 (0.02)%
           GbB2bN4hN1_QqN2hN1 : 4.5211932 (0.02)%
        GtT1bC2wN2hN1_QqN2zN1 : 4.4761860 (0.02)%
        GtT1bC2wN2zN1_QqN2hN1 : 4.4761860 (0.02)%
        GbB2tC2hC1wN1_QqN2zN1 : 4.4282450 (0.02)%
        GbB1tC2wN2zN1_QqN2hN1 : 4.3787088 (0.02)%
        GbB1tC2wN2hN1_QqN2zN1 : 4.3787088 (0.02)%
                  C1wN1_N3zN1 : 4.3548561 (0.02)%
         QqGtT2bC2wN1_QqN2hN1 : 4.3491200 (0.02)%
            C2wN2zN1_C2zC1wN1 : 4.2024465 (0.02)%
      T1bC2hC1wN1_T1bC2zC1wN1 : 4.1422039 (0.02)%
        GtT2bC2hC1wN1_QqN2zN1 : 4.1355963 (0.02)%
     GtT2hT1tN3wC1wN1_QqN2hN1 : 4.1099819 (0.02)%
        GbB2tC2zC1wN1_QqN2zN1 : 4.0745850 (0.02)%
        GbB1bN3wC1wN1_QqN2zN1 : 4.0509983 (0.02)%
            C2hC1wN1_N4hN2zN1 : 4.0423357 (0.02)%
     GtT1bC1wN1_GtT2tN4wC1wN1 : 4.0410724 (0.02)%
        GtT2tN3wC1wN1_QqN2zN1 : 4.0309833 (0.02)%
           QqC1wN1_QqC2wN2zN1 : 4.0165974 (0.02)%
            T1bC1wN1_T1tN3zN1 : 3.9948604 (0.02)%
         T1bC2hC1wN1_T1tN2hN1 : 3.9500022 (0.02)%
         B1tC1wN1_B1tC2hC1wN1 : 3.8819865 (0.02)%
           GbB1bN2zN1_QqN2hN1 : 3.8710185 (0.02)%
           GbB1bN2hN1_QqN2zN1 : 3.8710185 (0.02)%
     GtT2hT1tN3zN2hN1_QqC1wN1 : 3.8241319 (0.02)%
        GtT2bC2zC1wN1_QqN2zN1 : 3.8053086 (0.02)%
         QqC1wN1_QqGtT1tN4hN1 : 3.7882933 (0.02)%
            C2wN2hN1_C2wN2zN1 : 3.7805423 (0.02)%
        GbB1bN3zN2zN1_QqC1wN1 : 3.7692506 (0.02)%
        GtT2tN3zN2zN1_QqC1wN1 : 3.7506277 (0.02)%
      T1bC2hC1wN1_T1bC2wN2hN1 : 3.7263478 (0.02)%
            C2zC1wN1_N4hN2zN1 : 3.7194962 (0.02)%
      QqC1wN1_QqGtT2hT1bC1wN1 : 3.7161255 (0.02)%
        GbB2tC2wN2zN1_QqN2hN1 : 3.6655175 (0.02)%
        GbB2tC2wN2hN1_QqN2zN1 : 3.6655175 (0.02)%
            C2hC1wN1_N3zN2zN1 : 3.6638902 (0.02)%
         QqC1wN1_QqGbB1bN4hN1 : 3.6632145 (0.02)%
            N3wC1wN1_N4hN2zN1 : 3.6611378 (0.02)%
     GtT2hT1tN4wC1wN1_QqC1wN1 : 3.6544526 (0.02)%
         T1bC2zC1wN1_T1tN2hN1 : 3.6345369 (0.02)%
        GtT1tN3zN2hN1_QqN2zN1 : 3.6293514 (0.02)%
        GtT1tN3zN2zN1_QqN2hN1 : 3.6293514 (0.02)%
           GbB1bN3hN1_QqC1wN1 : 3.6271135 (0.02)%
           GtT2tN3hN1_QqC1wN1 : 3.6091928 (0.02)%
        GtT1bC1wN1_GtT1bC1wN1 : 3.5934653 (0.02)%
      QqGbB1bN3zN2hN1_QqN2hN1 : 3.5885259 (0.02)%
         T1bC2wN1_T1tN3wC1wN1 : 3.5868523 (0.02)%
         B1tC1wN1_B1tC2zC1wN1 : 3.5719532 (0.02)%
      QqGtT2tN3zN2hN1_QqN2hN1 : 3.5707959 (0.02)%
        GtT1tN4hN2zN1_QqC1wN1 : 3.5691352 (0.02)%
     GbB1tC1wN1_GtT1tN3wC1wN1 : 3.5650531 (0.02)%
      GtT1bC1wN1_QqGtT1bC1wN1 : 3.5293288 (0.02)%
         QqGtT1bC1wN1_QqN2zN1 : 3.5268462 (0.02)%
               C2hC1wN1_N3hN1 : 3.5257262 (0.02)%
           GtT1tN3hN1_QqN2hN1 : 3.4924898 (0.02)%
        GtT1tN4wC1wN1_QqN2zN1 : 3.4683147 (0.02)%
        GbB1bN4hN2zN1_QqC1wN1 : 3.4512924 (0.02)%
      B2tC2hC1wN1_B2tC2zC1wN1 : 3.4400257 (0.02)%
      T1bC2wN2hN1_T1bC2zC1wN1 : 3.4287445 (0.02)%
        GtT2bC2wN2zN1_QqN2hN1 : 3.4232750 (0.02)%
        GtT2bC2wN2hN1_QqN2zN1 : 3.4232750 (0.02)%
      QqGtT1tN4hN2hN1_QqN2hN1 : 3.3980055 (0.02)%
               C2hC1wN1_N4zN1 : 3.3723513 (0.02)%
            C2zC1wN1_N3zN2zN1 : 3.3712751 (0.02)%
           GtT1tN3wC1wN1_QqN1 : 3.3580416 (0.02)%
        GbB1bN4wC1wN1_QqN2zN1 : 3.3538007 (0.02)%
            C2wN2zN1_N4hN2hN1 : 3.3460777 (0.02)%
            C2wN2hN1_N4hN2zN1 : 3.3460777 (0.02)%
            N3zN2zN1_N4wC1wN1 : 3.3102784 (0.02)%
            QqGtT1tN1_QqN2hN1 : 3.3018554 (0.02)%
      QqGbB1bN4hN2hN1_QqN2hN1 : 3.2858129 (0.02)%
         T1bC2wN2hN1_T1tN2hN1 : 3.2696479 (0.02)%
     GtT1bC1wN1_GtT1bC2hC1wN1 : 3.2610354 (0.02)%
         QqC1wN1_QqGbB2bN3zN1 : 3.2470366 (0.02)%
                  N3zN1_N4hN1 : 3.2445187 (0.02)%
               C2zC1wN1_N3hN1 : 3.2441455 (0.02)%
         QqGtT2tN4hN1_QqN2hN1 : 3.2397839 (0.02)%
         QqC1wN1_QqGbB2tC1wN1 : 3.2274047 (0.02)%
         B1tC1wN1_B1tC2wN2hN1 : 3.2133473 (0.02)%
     GbB1tC2hC1wN1_GtT1bC1wN1 : 3.1900203 (0.02)%
               N3hN1_N4wC1wN1 : 3.1854490 (0.02)%
         QqC1wN1_QqGtT1tN2zN1 : 3.1722751 (0.02)%
               C2zC1wN1_N4zN1 : 3.1030198 (0.02)%
      B2tC2hC1wN1_B2tC2wN2hN1 : 3.0946647 (0.01)%
               N3wC1wN1_N4zN1 : 3.0543339 (0.01)%
        GtT2tN4hN2zN1_QqN2hN1 : 3.0523578 (0.01)%
        GtT2tN4hN2hN1_QqN2zN1 : 3.0523578 (0.01)%
               C1wN1_C2hC1wN1 : 3.0495159 (0.01)%
              GbB1tC1wN1_QqN1 : 3.0465761 (0.01)%
            C2wN2zN1_N3zN2hN1 : 3.0328162 (0.01)%
            C2wN2hN1_N3zN2zN1 : 3.0328162 (0.01)%
         QqC1wN1_QqGbB2bN4hN1 : 3.0227472 (0.01)%
      T1bC2hC1wN1_T1tN3zN2hN1 : 3.0213725 (0.01)%
     GtT1bC1wN1_GtT1bC2zC1wN1 : 3.0005942 (0.01)%
      QqC1wN1_QqGtT1bC2wN2zN1 : 2.9926566 (0.01)%
  GtT1tN3wC1wN1_GtT2tN4wC1wN1 : 2.9880986 (0.01)%
           GtT1tN4zN1_QqC1wN1 : 2.9775800 (0.01)%
         B1bN3wC1wN1_B1tC1wN1 : 2.9728546 (0.01)%
               N2hN1_N3zN2hN1 : 2.9716596 (0.01)%
         T1tN3wC1wN1_T1tN3zN1 : 2.9539280 (0.01)%
     GbB1tC2zC1wN1_GtT1bC1wN1 : 2.9352507 (0.01)%
            B1tC1wN1_B1tC1wN1 : 2.9335823 (0.01)%
      QqC1wN1_QqGbB1tC2wN2zN1 : 2.9274860 (0.01)%
               C2wN2hN1_N3hN1 : 2.9184498 (0.01)%
         T1bC1wN1_T1tN4hN2hN1 : 2.8984882 (0.01)%
      T1bC2hC1wN1_T1tN4wC1wN1 : 2.8873122 (0.01)%
           GbB1bN4zN1_QqC1wN1 : 2.8792686 (0.01)%
        GtT1bC1wN1_GtT1tN2hN1 : 2.8613641 (0.01)%
        GbB2bN4hN2zN1_QqC1wN1 : 2.8478770 (0.01)%
      B2tC2wN2hN1_B2tC2zC1wN1 : 2.8475105 (0.01)%
            B1bN2hN1_B1tC1wN1 : 2.8407751 (0.01)%
               T1bC1wN1_T1tN1 : 2.8164725 (0.01)%
               C1wN1_C2zC1wN1 : 2.8059676 (0.01)%
               C2wN2hN1_N4zN1 : 2.7914925 (0.01)%
        GtT2hT1bC2wN1_QqC1wN1 : 2.7858380 (0.01)%
      T1bC2zC1wN1_T1tN3zN2hN1 : 2.7800718 (0.01)%
        GbB2bN4wC1wN1_QqN2zN1 : 2.7674305 (0.01)%
   QqC1wN1_QqGtT2hT1tN3wC1wN1 : 2.7478224 (0.01)%
      T2bC2hC1wN1_T2tN4wC1wN1 : 2.7156672 (0.01)%
      QqGbB2bN4hN2hN1_QqN2hN1 : 2.7113295 (0.01)%
     GbB1tC1wN1_GtT2tN4wC1wN1 : 2.7109461 (0.01)%
        GbB2bN3wC1wN1_QqN2zN1 : 2.7043886 (0.01)%
     GtT1bC1wN1_GtT1bC2wN2hN1 : 2.6993498 (0.01)%
     GbB2tC2hC1wN1_GtT1bC1wN1 : 2.6704391 (0.01)%
      T1bC2zC1wN1_T1tN4wC1wN1 : 2.6567182 (0.01)%
         T1tN2hN1_T1tN3zN2hN1 : 2.6510741 (0.01)%
      T2tN3wC1wN1_T2tN4wC1wN1 : 2.6469724 (0.01)%
           GtT1bC2wN1_QqN2zN1 : 2.6439425 (0.01)%
     GbB1tC2wN2hN1_GtT1bC1wN1 : 2.6405665 (0.01)%
   GtT1bC1wN1_QqGtT1tN3wC1wN1 : 2.6096990 (0.01)%
   GtT1tN3wC1wN1_QqGtT1bC1wN1 : 2.6096990 (0.01)%
      QqGtT1tN3wC1wN1_QqN2zN1 : 2.6078633 (0.01)%
         QqC1wN1_QqGbB1bN2zN1 : 2.5880580 (0.01)%
           GbB1tC2wN1_QqN2zN1 : 2.5863658 (0.01)%
            QqGtT2tN1_QqN2hN1 : 2.5789837 (0.01)%
           GbB2bN2hN1_QqN2hN1 : 2.5642365 (0.01)%
           GtT2tN4wC1wN1_QqN1 : 2.5535299 (0.01)%
           GtT2tN4zN1_QqN2hN1 : 2.5464543 (0.01)%
              QqN2hN1_QqN4hN1 : 2.5455585 (0.01)%
         T1tN2hN1_T1tN4wC1wN1 : 2.5334443 (0.01)%
               C1wN1_C2wN2hN1 : 2.5242627 (0.01)%
     GtT2hT1bC2hC1wN1_QqN2hN1 : 2.5220499 (0.01)%
        GbB2bN3zN2zN1_QqC1wN1 : 2.5162979 (0.01)%
      T1bC2wN2hN1_T1tN3zN2hN1 : 2.5009668 (0.01)%
      T2bC2zC1wN1_T2tN4wC1wN1 : 2.4987815 (0.01)%
     GtT1bC1wN1_GtT2bC2hC1wN1 : 2.4939582 (0.01)%
         B1bN4wC1wN1_B1tC1wN1 : 2.4612110 (0.01)%
     GbB2tC2zC1wN1_GtT1bC1wN1 : 2.4571656 (0.01)%
      QqC1wN1_QqGbB2tC2wN2zN1 : 2.4506656 (0.01)%
     GbB1bN3wC1wN1_GtT1bC1wN1 : 2.4429417 (0.01)%
     GtT1bC1wN1_GtT2tN3wC1wN1 : 2.4308717 (0.01)%
      QqC1wN1_QqGtT1tN3zN2zN1 : 2.4264859 (0.01)%
        GbB1wT1bC1wN1_QqC1wN1 : 2.4251104 (0.01)%
           GbB2bN3hN1_QqC1wN1 : 2.4214092 (0.01)%
  GtT1bC2hC1wN1_GtT1tN3wC1wN1 : 2.4113143 (0.01)%
      QqGbB2bN3zN2hN1_QqN2hN1 : 2.3956487 (0.01)%
      T1bC2wN2hN1_T1tN4wC1wN1 : 2.3899972 (0.01)%
                  C2hC1wN1_N1 : 2.3822660 (0.01)%
           GbB2bN4zN1_QqC1wN1 : 2.3758644 (0.01)%
      GbB1tC1wN1_QqGtT1bC1wN1 : 2.3676438 (0.01)%
      GtT1bC1wN1_QqGbB1tC1wN1 : 2.3676438 (0.01)%
         QqGbB1tC1wN1_QqN2zN1 : 2.3659784 (0.01)%
      B1tC2hC1wN1_B1tC2zC1wN1 : 2.3633689 (0.01)%
  GbB1tC2hC1wN1_GtT1tN3wC1wN1 : 2.3588034 (0.01)%
      B2bN4wC1wN1_B2tC2hC1wN1 : 2.3364421 (0.01)%
         QqC1wN1_QqGtT1tN3hN1 : 2.3349840 (0.01)%
        GbB1bN2hN1_GtT1bC1wN1 : 2.3344054 (0.01)%
     GtT2hT1bC2zC1wN1_QqN2hN1 : 2.3206274 (0.01)%
     GtT1bC1wN1_GtT2bC2zC1wN1 : 2.2947793 (0.01)%
        GtT2hT1tN3zN1_QqC1wN1 : 2.2942581 (0.01)%
      QqC1wN1_QqGtT2bC2wN2zN1 : 2.2887088 (0.01)%
      B2bN3wC1wN1_B2tC2hC1wN1 : 2.2832181 (0.01)%
      T1bC2hC1wN1_T1bC2hC1wN1 : 2.2508665 (0.01)%
      T2bC2wN2hN1_T2tN4wC1wN1 : 2.2479166 (0.01)%
               C2wN1_C2wN2zN1 : 2.2330476 (0.01)%
  GtT1bC2zC1wN1_GtT1tN3wC1wN1 : 2.2187356 (0.01)%
        GtT2hT1tN2hN1_QqN2hN1 : 2.2129484 (0.01)%
     GbB2tC2wN2hN1_GtT1bC1wN1 : 2.2104787 (0.01)%
         T1bC2hC1wN1_T1bC2wN1 : 2.2010366 (0.01)%
      T2tN4wC1wN1_T2tN4wC1wN1 : 2.2001586 (0.01)%
                  C2zC1wN1_N1 : 2.1920073 (0.01)%
            QqGbB1bN1_QqN2hN1 : 2.1906039 (0.01)%
     GtT1bC1wN1_GtT1tN3zN2hN1 : 2.1886688 (0.01)%
     GbB1tC1wN1_GtT1bC2hC1wN1 : 2.1876597 (0.01)%
           GtT1tN3zN1_QqN2zN1 : 2.1774010 (0.01)%
  GbB1tC2zC1wN1_GtT1tN3wC1wN1 : 2.1704186 (0.01)%
           GbB2tC2wN1_QqN2zN1 : 2.1651061 (0.01)%
         QqGbB1bN3zN1_QqN2hN1 : 2.1529081 (0.01)%
      B2bN4wC1wN1_B2tC2zC1wN1 : 2.1498431 (0.01)%
        GtT1bC1wN1_QqC2hC1wN1 : 2.1493424 (0.01)%
           QqC2hC1wN1_QqN2zN1 : 2.1478305 (0.01)%
      T1tN3wC1wN1_T1tN4hN2hN1 : 2.1432352 (0.01)%
         QqGtT2tN3zN1_QqN2hN1 : 2.1422711 (0.01)%
     GbB1tC1wN1_GbB1tC2hC1wN1 : 2.1400194 (0.01)%
        GtT2zT1bC1wN1_QqC1wN1 : 2.1389014 (0.01)%
      B1tC2hC1wN1_B1tC2wN2hN1 : 2.1260987 (0.01)%
     GtT1tN2hN1_GtT1tN3wC1wN1 : 2.1157844 (0.01)%
      B2bN3wC1wN1_B2tC2zC1wN1 : 2.1008698 (0.01)%
     GtT1bC1wN1_GtT1tN4wC1wN1 : 2.0915562 (0.01)%
     GtT2hT1bC2wN2hN1_QqN2hN1 : 2.0876483 (0.01)%
            T1tN1_T1tN3wC1wN1 : 2.0825902 (0.01)%
     GtT1bC1wN1_GtT2bC2wN2hN1 : 2.0643951 (0.01)%
           GtT1bC2hC1wN1_QqN1 : 2.0606292 (0.01)%
      QqC1wN1_QqGtT2tN4hN2zN1 : 2.0407237 (0.01)%
         T1bC2wN1_T1bC2zC1wN1 : 2.0252517 (0.01)%
     GbB1bN4wC1wN1_GtT1bC1wN1 : 2.0224989 (0.01)%
           GtT2bC2wN1_QqN2zN1 : 2.0220210 (0.01)%
           GbB1tC2hC1wN1_QqN1 : 2.0157551 (0.01)%
     GbB1tC1wN1_GtT1bC2zC1wN1 : 2.0129432 (0.01)%
      T2tN4hN2hN1_T2tN4wC1wN1 : 2.0043514 (0.01)%
        GtT2tN4zN2hN1_QqC1wN1 : 2.0037517 (0.01)%
  GtT1bC2wN2hN1_GtT1tN3wC1wN1 : 1.9959859 (0.01)%
   GtT2tN4wC1wN1_QqGtT1bC1wN1 : 1.9844735 (0.01)%
   GtT1bC1wN1_QqGtT2tN4wC1wN1 : 1.9844735 (0.01)%
      QqGtT2tN4wC1wN1_QqN2zN1 : 1.9830775 (0.01)%
        GtT1bC1wN1_QqC2zC1wN1 : 1.9776860 (0.01)%
               C2wN1_N4hN2zN1 : 1.9764230 (0.01)%
           QqC2zC1wN1_QqN2zN1 : 1.9762949 (0.01)%
  GbB2tC2hC1wN1_GtT1tN3wC1wN1 : 1.9746084 (0.01)%
                  C2wN2hN1_N1 : 1.9719410 (0.01)%
     GbB1tC1wN1_GbB1tC2zC1wN1 : 1.9691076 (0.01)%
      B1bN3wC1wN1_B1tC2hC1wN1 : 1.9669776 (0.01)%
  GtT1tN3wC1wN1_GtT1tN3wC1wN1 : 1.9647625 (0.01)%
      B1tC2wN2hN1_B1tC2zC1wN1 : 1.9562987 (0.01)%
  GbB1tC2wN2hN1_GtT1tN3wC1wN1 : 1.9525196 (0.01)%
      T1tN3zN2hN1_T1tN4wC1wN1 : 1.9378416 (0.01)%
      B2bN4wC1wN1_B2tC2wN2hN1 : 1.9340098 (0.01)%
            T1bC2wN1_T1tN2hN1 : 1.9312783 (0.01)%
GtT1tN3wC1wN1_QqGtT1tN3wC1wN1 : 1.9296952 (0.01)%
        GbB1tC1wN1_GtT1tN2hN1 : 1.9195409 (0.01)%
      T1bC2zC1wN1_T1bC2zC1wN1 : 1.9056942 (0.01)%
            B1tC1wN1_B1tC2wN1 : 1.8980233 (0.01)%
           GtT1bC2zC1wN1_QqN1 : 1.8960579 (0.01)%
      B2bN3wC1wN1_B2tC2wN2hN1 : 1.8899532 (0.01)%
         B1bN2hN1_B1tC2hC1wN1 : 1.8795877 (0.01)%
      B2tC2hC1wN1_B2tC2hC1wN1 : 1.8693041 (0.01)%
                  N1_N3wC1wN1 : 1.8672913 (0.01)%
        GtT1tN3hN2hN1_QqC1wN1 : 1.8613870 (0.01)%
           GbB1tC2zC1wN1_QqN1 : 1.8547677 (0.01)%
  GtT1tN3wC1wN1_GtT2bC2hC1wN1 : 1.8441128 (0.01)%
     GtT1bC1wN1_GtT2tN4hN2hN1 : 1.8407147 (0.01)%
  GtT1bC2hC1wN1_GtT2tN4wC1wN1 : 1.8336173 (0.01)%
         B2tC2hC1wN1_B2tC2wN1 : 1.8279212 (0.01)%
         T1bC2wN1_T1bC2wN2hN1 : 1.8219268 (0.01)%
               C2wN2zN1_N3zN1 : 1.8195144 (0.01)%
  GbB2tC2zC1wN1_GtT1tN3wC1wN1 : 1.8169071 (0.01)%
         T1bC2hC1wN1_T1tN3zN1 : 1.8126488 (0.01)%
     GbB1tC1wN1_GtT1bC2wN2hN1 : 1.8108539 (0.01)%
      B1bN3wC1wN1_B1tC2zC1wN1 : 1.8098857 (0.01)%
              GtT1tN2hN1_QqN1 : 1.8080792 (0.01)%
  GbB1bN3wC1wN1_GtT1tN3wC1wN1 : 1.8063895 (0.01)%
               C1wN1_N4wC1wN1 : 1.8056445 (0.01)%
  GtT1tN3wC1wN1_GtT2tN3wC1wN1 : 1.7974646 (0.01)%
  GbB1tC2hC1wN1_GtT2tN4wC1wN1 : 1.7936869 (0.01)%
     GbB1wT1tN3wC1wN1_QqC1wN1 : 1.7932044 (0.01)%
     GbB1tC1wN1_GbB2tC2hC1wN1 : 1.7914592 (0.01)%
               C2wN1_N3zN2zN1 : 1.7913893 (0.01)%
                  N2hN1_N3zN1 : 1.7828240 (0.01)%
        GtT1bC1wN1_QqC2wN2hN1 : 1.7791364 (0.01)%
           QqC2wN2hN1_QqN2zN1 : 1.7778849 (0.01)%
           QqC2wN2zN1_QqN2hN1 : 1.7778849 (0.01)%
     GbB1tC1wN1_GbB1tC2wN2hN1 : 1.7714192 (0.01)%
   GbB1tC1wN1_QqGtT1tN3wC1wN1 : 1.7507118 (0.01)%
   GtT1tN3wC1wN1_QqGbB1tC1wN1 : 1.7507118 (0.01)%
            T1tN2hN1_T1tN2hN1 : 1.7329457 (0.01)%
         B1bN2hN1_B1tC2zC1wN1 : 1.7294752 (0.01)%
     GbB1bN2hN1_GtT1tN3wC1wN1 : 1.7261343 (0.01)%
                  C2wN1_N3hN1 : 1.7238367 (0.01)%
         QqC1wN1_QqGbB2bN2hN1 : 1.7143790 (0.01)%
           GtT1bC2wN2hN1_QqN1 : 1.7057033 (0.01)%
         QqC1wN1_QqGtT2tN4zN1 : 1.7024903 (0.01)%
  GtT1tN3wC1wN1_GtT2bC2zC1wN1 : 1.6968334 (0.01)%
     GtT2hT1tN3zN2hN1_QqN2hN1 : 1.6926931 (0.01)%
           GbB2tC2hC1wN1_QqN1 : 1.6874348 (0.01)%
  GtT1bC2zC1wN1_GtT2tN4wC1wN1 : 1.6871762 (0.01)%
   QqC1wN1_QqGtT2hT1bC2hC1wN1 : 1.6861742 (0.01)%
         B2tC2wN1_B2tC2zC1wN1 : 1.6819350 (0.01)%
         QqGtT1tN4hN1_QqN2hN1 : 1.6768297 (0.01)%
     GbB1tC1wN1_GtT2bC2hC1wN1 : 1.6730674 (0.01)%
     GbB2bN4wC1wN1_GtT1bC1wN1 : 1.6688902 (0.01)%
           GbB1tC2wN2hN1_QqN1 : 1.6685585 (0.01)%
        GbB1bN3zN2zN1_QqN2hN1 : 1.6684007 (0.01)%
        GbB1bN3zN2hN1_QqN2zN1 : 1.6684007 (0.01)%
         T1bC2zC1wN1_T1tN3zN1 : 1.6678824 (0.01)%
     GtT2hT1tN4hN2hN1_QqC1wN1 : 1.6646088 (0.01)%
        GtT2tN3zN2hN1_QqN2zN1 : 1.6601576 (0.01)%
        GtT2tN3zN2zN1_QqN2hN1 : 1.6601576 (0.01)%
               C2wN2zN1_N4hN1 : 1.6512047 (0.01)%
  GbB1tC2zC1wN1_GtT2tN4wC1wN1 : 1.6504348 (0.01)%
                  C2wN1_N4zN1 : 1.6488469 (0.01)%
     GbB1tC1wN1_GbB2tC2zC1wN1 : 1.6483851 (0.01)%
      QqGtT2hT1bC1wN1_QqN2hN1 : 1.6448857 (0.01)%
     GbB1bN3wC1wN1_GbB1tC1wN1 : 1.6388430 (0.01)%
  GbB2tC2wN2hN1_GtT1tN3wC1wN1 : 1.6344989 (0.01)%
      T2bC2hC1wN1_T2tN3wC1wN1 : 1.6335858 (0.01)%
     GbB2bN3wC1wN1_GtT1bC1wN1 : 1.6308730 (0.01)%
     GbB1tC1wN1_GtT2tN3wC1wN1 : 1.6307459 (0.01)%
      B1bN4wC1wN1_B1tC2hC1wN1 : 1.6284507 (0.01)%
      B1bN3wC1wN1_B1tC2wN2hN1 : 1.6281824 (0.01)%
         QqGbB1bN4hN1_QqN2hN1 : 1.6214655 (0.01)%
  GtT1tN3wC1wN1_GtT1tN3zN2hN1 : 1.6183720 (0.01)%
     GtT2hT1tN4wC1wN1_QqN2hN1 : 1.6175872 (0.01)%
           GtT2hT1tN1_QqC1wN1 : 1.6175070 (0.01)%
        GbB1tC1wN1_GbB1tC1wN1 : 1.6171934 (0.01)%
     GtT1tN2hN1_GtT2tN4wC1wN1 : 1.6088898 (0.01)%
           GbB1bN3hN1_QqN2hN1 : 1.6054859 (0.01)%
           QqC1wN1_QqN4hN2zN1 : 1.6034346 (0.01)%
   GtT1bC1wN1_QqGtT1bC2hC1wN1 : 1.6014161 (0.01)%
   GtT1bC2hC1wN1_QqGtT1bC1wN1 : 1.6014161 (0.01)%
      QqGtT1bC2hC1wN1_QqN2zN1 : 1.6002896 (0.01)%
           GtT2tN3hN1_QqN2hN1 : 1.5975536 (0.01)%
        GtT1bC1wN1_GtT1bC2wN1 : 1.5944212 (0.01)%
            T1tN2hN1_T1tN3zN1 : 1.5904912 (0.01)%
     GtT1tN3wC1wN1_QqC2hC1wN1 : 1.5892927 (0.01)%
      GbB1tC1wN1_QqGbB1tC1wN1 : 1.5883296 (0.01)%
      B2tC2zC1wN1_B2tC2zC1wN1 : 1.5826447 (0.01)%
     GtT2zT1tN3wC1wN1_QqC1wN1 : 1.5815724 (0.01)%
        GtT1tN4hN2hN1_QqN2zN1 : 1.5798227 (0.01)%
        GtT1tN4hN2zN1_QqN2hN1 : 1.5798227 (0.01)%
           GtT2bC2hC1wN1_QqN1 : 1.5759176 (0.01)%
   GtT1bC1wN1_QqGbB1tC2hC1wN1 : 1.5665423 (0.01)%
   GbB1tC2hC1wN1_QqGtT1bC1wN1 : 1.5665423 (0.01)%
        GbB1bN2hN1_GbB1tC1wN1 : 1.5660316 (0.01)%
      QqGbB1tC2hC1wN1_QqN2zN1 : 1.5654403 (0.01)%
        GbB1tC2wN1_GtT1bC1wN1 : 1.5596997 (0.01)%
        GtT1bC1wN1_QqN4wC1wN1 : 1.5592377 (0.01)%
           QqN2zN1_QqN4wC1wN1 : 1.5581409 (0.01)%
         B1bN2hN1_B1tC2wN2hN1 : 1.5558447 (0.01)%
           GbB2tC2zC1wN1_QqN1 : 1.5526685 (0.01)%
------------------------------------------------------------
                                            SUM=90.01%
