/Users/rafalmaselek/Projects/fastlim-1.0
 
#################################################################
#                                                               #
#                                                               #
#                     This is Fastlim  ver. 1.0                 #
#                                                               #
#          A fast LHC limit calculator for BSM models.          #
#                                                               #
#                  http://cern.ch/fastlim-1.0/                  #
#                                                               #
#  for bugs/feature requests: fastlim-1.0.developers@gmail.com  #
#                                                               #
#    please refer to:                                           #
#    M.Papucci, K.Sakurai, A.Weiler, L.Zeune arXiv:1402.xxxx    #
#                                                               #
#################################################################
 

!! Masses incompatible with the data for ERER !!

!! Problem with reading tables for ER ER !! Probably mass outside the table !! Setting xsec to 10^-20 !!

!! Masses incompatible with the data for ELEL !!

!! Problem with reading tables for EL EL !! Probably mass outside the table !! Setting xsec to 10^-20 !!

!! Masses incompatible with the data for TAU1TAU1 !!

!! Problem with reading tables for TAU1 TAU1 !! Probably mass outside the table !! Setting xsec to 10^-20 !!

!! Masses incompatible with the data for TAU2TAU2 !!

!! Problem with reading tables for TAU2 TAU2 !! Probably mass outside the table !! Setting xsec to 10^-20 !!
!! EWK PROCESS C1C2 NOT FOUND !! WILL TRY TO LOOK FOR +/- MODES !!
XSEC FOUND FOR: C1-C2+
XSEC FOUND FOR: C1+C2-
!! EWK PROCESS C1N1 NOT FOUND !! WILL TRY TO LOOK FOR +/- MODES !!
XSEC FOUND FOR: C1+N1
XSEC FOUND FOR: C1-N1
!! EWK PROCESS C1N2 NOT FOUND !! WILL TRY TO LOOK FOR +/- MODES !!
XSEC FOUND FOR: C1+N2
XSEC FOUND FOR: C1-N2
!! EWK PROCESS C1N3 NOT FOUND !! WILL TRY TO LOOK FOR +/- MODES !!
XSEC FOUND FOR: C1+N3
XSEC FOUND FOR: C1-N3
!! EWK PROCESS C1N4 NOT FOUND !! WILL TRY TO LOOK FOR +/- MODES !!
XSEC FOUND FOR: C1+N4
XSEC FOUND FOR: C1-N4
!! EWK PROCESS C2N1 NOT FOUND !! WILL TRY TO LOOK FOR +/- MODES !!
XSEC FOUND FOR: C2+N1
XSEC FOUND FOR: C2-N1
!! EWK PROCESS C2N2 NOT FOUND !! WILL TRY TO LOOK FOR +/- MODES !!
XSEC FOUND FOR: C2+N2
XSEC FOUND FOR: C2-N2
!! EWK PROCESS C2N3 NOT FOUND !! WILL TRY TO LOOK FOR +/- MODES !!
XSEC FOUND FOR: C2+N3
XSEC FOUND FOR: C2-N3
!! EWK PROCESS C2N4 NOT FOUND !! WILL TRY TO LOOK FOR +/- MODES !!
XSEC FOUND FOR: C2+N4
XSEC FOUND FOR: C2-N4
---------------  Output inclusive processes  ---------------
The total xsec = 3573.06 [fb]
The total rate = 100.00%
Output upto 0.10%
                 Modes : xsec/fb      (rate)
       QqC1wN1_QqC1wN1 : 526.5458600 (14.74)%
           C1wN1_N2zN1 : 497.4817789 (13.92)%
           C1wN1_C1wN1 : 414.4181622 (11.60)%
           C1wN1_N2hN1 : 397.4392766 (11.12)%
       QqC1wN1_QqN2zN1 : 293.5654473 (8.22)%
       QqC1wN1_QqN2hN1 : 234.5300752 (6.56)%
        GqQqN1_QqC1wN1 : 123.5837133 (3.46)%
       QqN2hN1_QqN2zN1 : 65.3788508 (1.83)%
       QqN2zN1_QqN2zN1 : 40.9179325 (1.15)%
        GqQqN1_QqN2zN1 : 34.4508530 (0.96)%
        GqQqN1_QqN2hN1 : 27.5228615 (0.77)%
       QqN2hN1_QqN2hN1 : 26.1156531 (0.73)%
          QqC1wN1_QqN1 : 24.6441783 (0.69)%
 QqC1nTAU1taN1_QqC1wN1 : 23.8217651 (0.67)%
                 N1_N1 : 22.6268166 (0.63)%
    C1wN1_N2taTAU1taN1 : 21.1320692 (0.59)%
 GtT1tN3wC1wN1_QqC1wN1 : 19.7666668 (0.55)%
     C1nTAU1taN1_C1wN1 : 18.7489313 (0.52)%
       GbB2bN1_QqC1wN1 : 17.5947505 (0.49)%
    GtT1bC1wN1_QqC1wN1 : 15.7772562 (0.44)%
 GtT1bC2hC1wN1_QqC1wN1 : 15.3045007 (0.43)%
 GtT1bC2zC1wN1_QqC1wN1 : 13.8109398 (0.39)%
QqC1wN1_QqN2taTAU1taN1 : 12.4700956 (0.35)%
       GtT1tN1_QqC1wN1 : 11.5901279 (0.32)%
     C1nTAU1taN1_N2zN1 : 11.2534301 (0.31)%
    GbB1tC1wN1_QqC1wN1 : 10.6073276 (0.30)%
 GtT1tN4wC1wN1_QqC1wN1 : 9.7604135 (0.27)%
 GbB1tC2hC1wN1_QqC1wN1 : 9.5071183 (0.27)%
     C1nTAU1taN1_N2hN1 : 8.9903898 (0.25)%
 GtT2tN4wC1wN1_QqC1wN1 : 8.7312300 (0.24)%
 GbB1tC2zC1wN1_QqC1wN1 : 8.5793220 (0.24)%
    GtT1bC2wN1_QqC1wN1 : 7.6803053 (0.21)%
 GtT1bC2wN2zN1_QqC1wN1 : 7.5573110 (0.21)%
     C2hC1wN1_N3wC1wN1 : 6.9674808 (0.20)%
          QqN1_QqN2zN1 : 6.8699422 (0.19)%
     C2hC1wN1_N4wC1wN1 : 6.6823237 (0.19)%
 QqC1nTAU1taN1_QqN2zN1 : 6.6406819 (0.19)%
 GtT2tN3wC1wN1_QqC1wN1 : 6.4575153 (0.18)%
     C2zC1wN1_N3wC1wN1 : 6.2875267 (0.18)%
 GtT1bC2wN2hN1_QqC1wN1 : 6.0375522 (0.17)%
     C2zC1wN1_N4wC1wN1 : 6.0301980 (0.17)%
     N3wC1wN1_N4wC1wN1 : 5.7188623 (0.16)%
           N2hN1_N2zN1 : 5.7019910 (0.16)%
 GtT1tN3wC1wN1_QqN2zN1 : 5.5102611 (0.15)%
          QqN1_QqN2hN1 : 5.4884118 (0.15)%
              C1wN1_N1 : 5.4580423 (0.15)%
 QqC1nTAU1taN1_QqN2hN1 : 5.3052552 (0.15)%
    GtT2bC1wN1_QqC1wN1 : 5.0466667 (0.14)%
 GtT1tN3zN2zN1_QqC1wN1 : 5.0394187 (0.14)%
       GbB2bN1_QqN2zN1 : 4.9048062 (0.14)%
    GbB1tC2wN1_QqC1wN1 : 4.7709869 (0.13)%
 GbB1tC2wN2zN1_QqC1wN1 : 4.6945831 (0.13)%
 GtT1tN3wC1wN1_QqN2hN1 : 4.4021596 (0.12)%
    GtT1bC1wN1_QqN2zN1 : 4.3981518 (0.12)%
 GtT1bC2hC1wN1_QqN2zN1 : 4.2663640 (0.12)%
    GtT1tN2zN1_QqC1wN1 : 4.1722483 (0.12)%
 GtT1tN3zN2hN1_QqC1wN1 : 4.0260026 (0.11)%
     C2hC1wN1_C2zC1wN1 : 3.9771384 (0.11)%
       GbB2bN1_QqN2hN1 : 3.9184604 (0.11)%
 GtT1bC2zC1wN1_QqN2zN1 : 3.8500110 (0.11)%
    GtT1tN3zN1_QqC1wN1 : 3.8163677 (0.11)%
 GbB1tC2wN2hN1_QqC1wN1 : 3.7505126 (0.10)%
           N2zN1_N2zN1 : 3.5686415 (0.10)%
------------------------------------------------------------
                                     SUM=87.76%

SHOWING PROCESSES TO GET 90.00% SUSY COVERAGE
---------------  Output inclusive processes  ---------------
The total xsec = 3573.06 [fb]
The total rate = 100.00%
                 Modes : xsec/fb      (rate)
       QqC1wN1_QqC1wN1 : 526.5458600 (14.74)%
           C1wN1_N2zN1 : 497.4817789 (13.92)%
           C1wN1_C1wN1 : 414.4181622 (11.60)%
           C1wN1_N2hN1 : 397.4392766 (11.12)%
       QqC1wN1_QqN2zN1 : 293.5654473 (8.22)%
       QqC1wN1_QqN2hN1 : 234.5300752 (6.56)%
        GqQqN1_QqC1wN1 : 123.5837133 (3.46)%
       QqN2hN1_QqN2zN1 : 65.3788508 (1.83)%
       QqN2zN1_QqN2zN1 : 40.9179325 (1.15)%
        GqQqN1_QqN2zN1 : 34.4508530 (0.96)%
        GqQqN1_QqN2hN1 : 27.5228615 (0.77)%
       QqN2hN1_QqN2hN1 : 26.1156531 (0.73)%
          QqC1wN1_QqN1 : 24.6441783 (0.69)%
 QqC1nTAU1taN1_QqC1wN1 : 23.8217651 (0.67)%
                 N1_N1 : 22.6268166 (0.63)%
    C1wN1_N2taTAU1taN1 : 21.1320692 (0.59)%
 GtT1tN3wC1wN1_QqC1wN1 : 19.7666668 (0.55)%
     C1nTAU1taN1_C1wN1 : 18.7489313 (0.52)%
       GbB2bN1_QqC1wN1 : 17.5947505 (0.49)%
    GtT1bC1wN1_QqC1wN1 : 15.7772562 (0.44)%
 GtT1bC2hC1wN1_QqC1wN1 : 15.3045007 (0.43)%
 GtT1bC2zC1wN1_QqC1wN1 : 13.8109398 (0.39)%
QqC1wN1_QqN2taTAU1taN1 : 12.4700956 (0.35)%
       GtT1tN1_QqC1wN1 : 11.5901279 (0.32)%
     C1nTAU1taN1_N2zN1 : 11.2534301 (0.31)%
    GbB1tC1wN1_QqC1wN1 : 10.6073276 (0.30)%
 GtT1tN4wC1wN1_QqC1wN1 : 9.7604135 (0.27)%
 GbB1tC2hC1wN1_QqC1wN1 : 9.5071183 (0.27)%
     C1nTAU1taN1_N2hN1 : 8.9903898 (0.25)%
 GtT2tN4wC1wN1_QqC1wN1 : 8.7312300 (0.24)%
 GbB1tC2zC1wN1_QqC1wN1 : 8.5793220 (0.24)%
    GtT1bC2wN1_QqC1wN1 : 7.6803053 (0.21)%
 GtT1bC2wN2zN1_QqC1wN1 : 7.5573110 (0.21)%
     C2hC1wN1_N3wC1wN1 : 6.9674808 (0.20)%
          QqN1_QqN2zN1 : 6.8699422 (0.19)%
     C2hC1wN1_N4wC1wN1 : 6.6823237 (0.19)%
 QqC1nTAU1taN1_QqN2zN1 : 6.6406819 (0.19)%
 GtT2tN3wC1wN1_QqC1wN1 : 6.4575153 (0.18)%
     C2zC1wN1_N3wC1wN1 : 6.2875267 (0.18)%
 GtT1bC2wN2hN1_QqC1wN1 : 6.0375522 (0.17)%
     C2zC1wN1_N4wC1wN1 : 6.0301980 (0.17)%
     N3wC1wN1_N4wC1wN1 : 5.7188623 (0.16)%
           N2hN1_N2zN1 : 5.7019910 (0.16)%
 GtT1tN3wC1wN1_QqN2zN1 : 5.5102611 (0.15)%
          QqN1_QqN2hN1 : 5.4884118 (0.15)%
              C1wN1_N1 : 5.4580423 (0.15)%
 QqC1nTAU1taN1_QqN2hN1 : 5.3052552 (0.15)%
    GtT2bC1wN1_QqC1wN1 : 5.0466667 (0.14)%
 GtT1tN3zN2zN1_QqC1wN1 : 5.0394187 (0.14)%
       GbB2bN1_QqN2zN1 : 4.9048062 (0.14)%
    GbB1tC2wN1_QqC1wN1 : 4.7709869 (0.13)%
 GbB1tC2wN2zN1_QqC1wN1 : 4.6945831 (0.13)%
 GtT1tN3wC1wN1_QqN2hN1 : 4.4021596 (0.12)%
    GtT1bC1wN1_QqN2zN1 : 4.3981518 (0.12)%
 GtT1bC2hC1wN1_QqN2zN1 : 4.2663640 (0.12)%
    GtT1tN2zN1_QqC1wN1 : 4.1722483 (0.12)%
 GtT1tN3zN2hN1_QqC1wN1 : 4.0260026 (0.11)%
     C2hC1wN1_C2zC1wN1 : 3.9771384 (0.11)%
       GbB2bN1_QqN2hN1 : 3.9184604 (0.11)%
 GtT1bC2zC1wN1_QqN2zN1 : 3.8500110 (0.11)%
    GtT1tN3zN1_QqC1wN1 : 3.8163677 (0.11)%
 GbB1tC2wN2hN1_QqC1wN1 : 3.7505126 (0.10)%
           N2zN1_N2zN1 : 3.5686415 (0.10)%
    GtT1bC1wN1_QqN2hN1 : 3.5136931 (0.10)%
        C2wN1_N3wC1wN1 : 3.4965126 (0.10)%
QqN2taTAU1taN1_QqN2zN1 : 3.4762302 (0.10)%
     C2wN2zN1_N3wC1wN1 : 3.4405186 (0.10)%
 GtT1bC2hC1wN1_QqN2hN1 : 3.4084075 (0.10)%
        C2wN1_N4wC1wN1 : 3.3534113 (0.09)%
    GtT1tN2hN1_QqC1wN1 : 3.3332182 (0.09)%
         GqQqN1_GqQqN1 : 3.3310178 (0.09)%
     C2wN2zN1_N4wC1wN1 : 3.2997090 (0.09)%
       GtT1tN1_QqN2zN1 : 3.2309257 (0.09)%
 GtT1bC2zC1wN1_QqN2hN1 : 3.0757822 (0.09)%
    GbB1bN2zN1_QqC1wN1 : 3.0251953 (0.08)%
    GbB1tC1wN1_QqN2zN1 : 2.9569550 (0.08)%
    QqC1wN1_QqC2hC1wN1 : 2.9040909 (0.08)%
           GqQqN1_QqN1 : 2.8920739 (0.08)%
 GtT1tN4hN2zN1_QqC1wN1 : 2.8221982 (0.08)%
  GqQqN1_QqC1nTAU1taN1 : 2.7955610 (0.08)%
QqN2hN1_QqN2taTAU1taN1 : 2.7771678 (0.08)%
     C2wN2hN1_N3wC1wN1 : 2.7486378 (0.08)%
 GtT1tN4wC1wN1_QqN2zN1 : 2.7208648 (0.08)%
 GbB1tC2hC1wN1_QqN2zN1 : 2.6502549 (0.07)%
     C2wN2hN1_N4wC1wN1 : 2.6361447 (0.07)%
    QqC1wN1_QqC2zC1wN1 : 2.6206816 (0.07)%
       GtT1tN1_QqN2hN1 : 2.5811936 (0.07)%
 GtT2tN4hN2zN1_QqC1wN1 : 2.5246125 (0.07)%
 GtT2tN4wC1wN1_QqN2zN1 : 2.4339641 (0.07)%
    GbB1bN2hN1_QqC1wN1 : 2.4168351 (0.07)%
------------------------------------------------------------
                                     SUM=90.01%
