/Users/rafalmaselek/Projects/fastlim-1.0
 
#################################################################
#                                                               #
#                                                               #
#                     This is Fastlim  ver. 1.0                 #
#                                                               #
#          A fast LHC limit calculator for BSM models.          #
#                                                               #
#                  http://cern.ch/fastlim-1.0/                  #
#                                                               #
#  for bugs/feature requests: fastlim-1.0.developers@gmail.com  #
#                                                               #
#    please refer to:                                           #
#    M.Papucci, K.Sakurai, A.Weiler, L.Zeune arXiv:1402.xxxx    #
#                                                               #
#################################################################
 

!! Masses incompatible with the data for ERER !!

!! Problem with reading tables for ER ER !! Probably mass outside the table !! Setting xsec to 10^-20 !!

!! Masses incompatible with the data for ELEL !!

!! Problem with reading tables for EL EL !! Probably mass outside the table !! Setting xsec to 10^-20 !!

!! Masses incompatible with the data for TAU1TAU1 !!

!! Problem with reading tables for TAU1 TAU1 !! Probably mass outside the table !! Setting xsec to 10^-20 !!

!! Masses incompatible with the data for TAU2TAU2 !!

!! Problem with reading tables for TAU2 TAU2 !! Probably mass outside the table !! Setting xsec to 10^-20 !!
!! EWK PROCESS C1C2 NOT FOUND !! WILL TRY TO LOOK FOR +/- MODES !!
XSEC FOUND FOR: C1-C2+
XSEC FOUND FOR: C1+C2-
!! EWK PROCESS C1N1 NOT FOUND !! WILL TRY TO LOOK FOR +/- MODES !!
XSEC FOUND FOR: C1+N1
XSEC FOUND FOR: C1-N1
!! EWK PROCESS C1N2 NOT FOUND !! WILL TRY TO LOOK FOR +/- MODES !!
XSEC FOUND FOR: C1+N2
XSEC FOUND FOR: C1-N2
!! EWK PROCESS C1N3 NOT FOUND !! WILL TRY TO LOOK FOR +/- MODES !!
XSEC FOUND FOR: C1+N3
XSEC FOUND FOR: C1-N3
!! EWK PROCESS C1N4 NOT FOUND !! WILL TRY TO LOOK FOR +/- MODES !!
XSEC FOUND FOR: C1+N4
XSEC FOUND FOR: C1-N4
!! EWK PROCESS C2N1 NOT FOUND !! WILL TRY TO LOOK FOR +/- MODES !!
XSEC FOUND FOR: C2+N1
XSEC FOUND FOR: C2-N1
!! EWK PROCESS C2N2 NOT FOUND !! WILL TRY TO LOOK FOR +/- MODES !!
XSEC FOUND FOR: C2+N2
XSEC FOUND FOR: C2-N2
!! EWK PROCESS C2N3 NOT FOUND !! WILL TRY TO LOOK FOR +/- MODES !!
XSEC FOUND FOR: C2+N3
XSEC FOUND FOR: C2-N3
!! EWK PROCESS C2N4 NOT FOUND !! WILL TRY TO LOOK FOR +/- MODES !!
XSEC FOUND FOR: C2+N4
XSEC FOUND FOR: C2-N4
---------------  Output inclusive processes  ---------------
The total xsec = 99984.79 [fb]
The total rate = 100.00%
Output upto 0.10%
                Modes : xsec/fb      (rate)
          C1wN1_N2hN1 : 42346.5599752 (42.35)%
          C1wN1_C1wN1 : 21668.9985725 (21.67)%
          C1wN1_N2zN1 : 1379.5275359 (1.38)%
       GqqC1wN1_GttN1 : 1119.0604022 (1.12)%
    GbtC1wN1_GqqC1wN1 : 1032.3228066 (1.03)%
       GbtC1wN1_GttN1 : 976.1493800 (0.98)%
    GqqC1wN1_GqqC1wN1 : 591.7288885 (0.59)%
    GqqC1wN1_GqqN2hN1 : 573.2780924 (0.57)%
       GqqN2hN1_GttN1 : 542.0833976 (0.54)%
          GttN1_GttN1 : 529.0835922 (0.53)%
    GbtC1wN1_GqqN2hN1 : 500.0668895 (0.50)%
    GbtC1wN1_GbtC1wN1 : 450.2443593 (0.45)%
       GqqC1wN1_GqqN1 : 377.6900092 (0.38)%
          GqqN1_GttN1 : 357.1381606 (0.36)%
    GbbN2hN1_GqqC1wN1 : 351.3720670 (0.35)%
       GbbN2hN1_GttN1 : 332.2522985 (0.33)%
       GbtC1wN1_GqqN1 : 329.4566295 (0.33)%
 GbtC2hC1wN1_GqqC1wN1 : 318.8174319 (0.32)%
 GbtC2zC1wN1_GqqC1wN1 : 310.7820341 (0.31)%
 GbtC2wN2hN1_GqqC1wN1 : 307.3939085 (0.31)%
    GbbN2hN1_GbtC1wN1 : 306.4996533 (0.31)%
    GbtC2hC1wN1_GttN1 : 301.4691107 (0.30)%
  GqqC1wN1_QqGqqC1wN1 : 294.3686932 (0.29)%
    GbtC2zC1wN1_GttN1 : 293.8709558 (0.29)%
    GbtC2wN2hN1_GttN1 : 290.6671937 (0.29)%
     GttN1_QqGqqC1wN1 : 278.3507402 (0.28)%
     GqqC1wN1_QqGttN1 : 278.3507402 (0.28)%
 GbtC1wN1_GbtC2hC1wN1 : 278.1024491 (0.28)%
 GbtC1wN1_GbtC2zC1wN1 : 271.0932218 (0.27)%
 GbtC1wN1_GbtC2wN2hN1 : 268.1377811 (0.27)%
        GttN1_QqGttN1 : 263.2043976 (0.26)%
  GqqC1wN1_QqGbtC1wN1 : 256.7759674 (0.26)%
  GbtC1wN1_QqGqqC1wN1 : 256.7759674 (0.26)%
     GttN1_QqGbtC1wN1 : 242.8036073 (0.24)%
     GbtC1wN1_QqGttN1 : 242.8036073 (0.24)%
  GbtC1wN1_QqGbtC1wN1 : 223.9840681 (0.22)%
 GqqC1wN1_GttN4wC1wN1 : 192.1123930 (0.19)%
       GqqN1_GqqN2hN1 : 182.9565974 (0.18)%
    GttN1_GttN4wC1wN1 : 181.6586751 (0.18)%
    GqqC1wN1_GttN2hN1 : 174.4073809 (0.17)%
    GbbN2hN1_GqqN2hN1 : 170.2079383 (0.17)%
 GbtC1wN1_GttN4wC1wN1 : 167.5784372 (0.17)%
       GttN1_GttN2hN1 : 164.9170740 (0.16)%
 GbtC2hC1wN1_GqqN2hN1 : 154.4381665 (0.15)%
    C2hC1wN1_N4wC1wN1 : 152.9487762 (0.15)%
    GbtC1wN1_GttN2hN1 : 152.1344660 (0.15)%
    C2hC1wN1_N3wC1wN1 : 151.8377252 (0.15)%
 GbtC2zC1wN1_GqqN2hN1 : 150.5457441 (0.15)%
    C2zC1wN1_N4wC1wN1 : 149.0938920 (0.15)%
 GbtC2wN2hN1_GqqN2hN1 : 148.9045042 (0.15)%
    C2zC1wN1_N3wC1wN1 : 148.0108437 (0.15)%
    C2wN2hN1_N4wC1wN1 : 147.4684801 (0.15)%
    C2wN2hN1_N3wC1wN1 : 146.3972391 (0.15)%
    N3wC1wN1_N4wC1wN1 : 143.0097386 (0.14)%
  GqqN2hN1_QqGqqC1wN1 : 142.5949672 (0.14)%
  GqqC1wN1_QqGqqN2hN1 : 142.5949672 (0.14)%
    GqqN2hN1_GqqN2hN1 : 138.8506534 (0.14)%
     GttN1_QqGqqN2hN1 : 134.8357199 (0.13)%
     GqqN2hN1_QqGttN1 : 134.8357199 (0.13)%
 GqqC1wN1_GttN3wC1wN1 : 133.8122357 (0.13)%
    GttN1_GttN3wC1wN1 : 126.5308972 (0.13)%
     GqqC1wN1_QqC1wN1 : 125.2177267 (0.13)%
  GqqN2hN1_QqGbtC1wN1 : 124.3846968 (0.12)%
  GbtC1wN1_QqGqqN2hN1 : 124.3846968 (0.12)%
        GttN1_QqC1wN1 : 118.4040549 (0.12)%
 GbtC1wN1_GttN3wC1wN1 : 116.7235751 (0.12)%
          N2hN1_N2hN1 : 115.8469551 (0.12)%
   QqGqqC1wN1_QqGttN1 : 113.3249698 (0.11)%
       GbbN2hN1_GqqN1 : 112.1372657 (0.11)%
     GbtC1wN1_QqC1wN1 : 109.2266387 (0.11)%
QqGbtC1wN1_QqGqqC1wN1 : 104.5412300 (0.10)%
    GbtC2wN1_GqqC1wN1 : 101.7748172 (0.10)%
    GbtC2hC1wN1_GqqN1 : 101.7477439 (0.10)%
    GbtC2zC1wN1_GqqN1 : 99.1833182 (0.10)%
------------------------------------------------------------
                                    SUM=84.05%

SHOWING PROCESSES TO GET 90.00% SUSY COVERAGE
---------------  Output inclusive processes  ---------------
The total xsec = 99984.79 [fb]
The total rate = 100.00%
                  Modes : xsec/fb      (rate)
            C1wN1_N2hN1 : 42346.5599752 (42.35)%
            C1wN1_C1wN1 : 21668.9985725 (21.67)%
            C1wN1_N2zN1 : 1379.5275359 (1.38)%
         GqqC1wN1_GttN1 : 1119.0604022 (1.12)%
      GbtC1wN1_GqqC1wN1 : 1032.3228066 (1.03)%
         GbtC1wN1_GttN1 : 976.1493800 (0.98)%
      GqqC1wN1_GqqC1wN1 : 591.7288885 (0.59)%
      GqqC1wN1_GqqN2hN1 : 573.2780924 (0.57)%
         GqqN2hN1_GttN1 : 542.0833976 (0.54)%
            GttN1_GttN1 : 529.0835922 (0.53)%
      GbtC1wN1_GqqN2hN1 : 500.0668895 (0.50)%
      GbtC1wN1_GbtC1wN1 : 450.2443593 (0.45)%
         GqqC1wN1_GqqN1 : 377.6900092 (0.38)%
            GqqN1_GttN1 : 357.1381606 (0.36)%
      GbbN2hN1_GqqC1wN1 : 351.3720670 (0.35)%
         GbbN2hN1_GttN1 : 332.2522985 (0.33)%
         GbtC1wN1_GqqN1 : 329.4566295 (0.33)%
   GbtC2hC1wN1_GqqC1wN1 : 318.8174319 (0.32)%
   GbtC2zC1wN1_GqqC1wN1 : 310.7820341 (0.31)%
   GbtC2wN2hN1_GqqC1wN1 : 307.3939085 (0.31)%
      GbbN2hN1_GbtC1wN1 : 306.4996533 (0.31)%
      GbtC2hC1wN1_GttN1 : 301.4691107 (0.30)%
    GqqC1wN1_QqGqqC1wN1 : 294.3686932 (0.29)%
      GbtC2zC1wN1_GttN1 : 293.8709558 (0.29)%
      GbtC2wN2hN1_GttN1 : 290.6671937 (0.29)%
       GttN1_QqGqqC1wN1 : 278.3507402 (0.28)%
       GqqC1wN1_QqGttN1 : 278.3507402 (0.28)%
   GbtC1wN1_GbtC2hC1wN1 : 278.1024491 (0.28)%
   GbtC1wN1_GbtC2zC1wN1 : 271.0932218 (0.27)%
   GbtC1wN1_GbtC2wN2hN1 : 268.1377811 (0.27)%
          GttN1_QqGttN1 : 263.2043976 (0.26)%
    GqqC1wN1_QqGbtC1wN1 : 256.7759674 (0.26)%
    GbtC1wN1_QqGqqC1wN1 : 256.7759674 (0.26)%
       GttN1_QqGbtC1wN1 : 242.8036073 (0.24)%
       GbtC1wN1_QqGttN1 : 242.8036073 (0.24)%
    GbtC1wN1_QqGbtC1wN1 : 223.9840681 (0.22)%
   GqqC1wN1_GttN4wC1wN1 : 192.1123930 (0.19)%
         GqqN1_GqqN2hN1 : 182.9565974 (0.18)%
      GttN1_GttN4wC1wN1 : 181.6586751 (0.18)%
      GqqC1wN1_GttN2hN1 : 174.4073809 (0.17)%
      GbbN2hN1_GqqN2hN1 : 170.2079383 (0.17)%
   GbtC1wN1_GttN4wC1wN1 : 167.5784372 (0.17)%
         GttN1_GttN2hN1 : 164.9170740 (0.16)%
   GbtC2hC1wN1_GqqN2hN1 : 154.4381665 (0.15)%
      C2hC1wN1_N4wC1wN1 : 152.9487762 (0.15)%
      GbtC1wN1_GttN2hN1 : 152.1344660 (0.15)%
      C2hC1wN1_N3wC1wN1 : 151.8377252 (0.15)%
   GbtC2zC1wN1_GqqN2hN1 : 150.5457441 (0.15)%
      C2zC1wN1_N4wC1wN1 : 149.0938920 (0.15)%
   GbtC2wN2hN1_GqqN2hN1 : 148.9045042 (0.15)%
      C2zC1wN1_N3wC1wN1 : 148.0108437 (0.15)%
      C2wN2hN1_N4wC1wN1 : 147.4684801 (0.15)%
      C2wN2hN1_N3wC1wN1 : 146.3972391 (0.15)%
      N3wC1wN1_N4wC1wN1 : 143.0097386 (0.14)%
    GqqN2hN1_QqGqqC1wN1 : 142.5949672 (0.14)%
    GqqC1wN1_QqGqqN2hN1 : 142.5949672 (0.14)%
      GqqN2hN1_GqqN2hN1 : 138.8506534 (0.14)%
       GttN1_QqGqqN2hN1 : 134.8357199 (0.13)%
       GqqN2hN1_QqGttN1 : 134.8357199 (0.13)%
   GqqC1wN1_GttN3wC1wN1 : 133.8122357 (0.13)%
      GttN1_GttN3wC1wN1 : 126.5308972 (0.13)%
       GqqC1wN1_QqC1wN1 : 125.2177267 (0.13)%
    GqqN2hN1_QqGbtC1wN1 : 124.3846968 (0.12)%
    GbtC1wN1_QqGqqN2hN1 : 124.3846968 (0.12)%
          GttN1_QqC1wN1 : 118.4040549 (0.12)%
   GbtC1wN1_GttN3wC1wN1 : 116.7235751 (0.12)%
            N2hN1_N2hN1 : 115.8469551 (0.12)%
     QqGqqC1wN1_QqGttN1 : 113.3249698 (0.11)%
         GbbN2hN1_GqqN1 : 112.1372657 (0.11)%
       GbtC1wN1_QqC1wN1 : 109.2266387 (0.11)%
  QqGbtC1wN1_QqGqqC1wN1 : 104.5412300 (0.10)%
      GbtC2wN1_GqqC1wN1 : 101.7748172 (0.10)%
      GbtC2hC1wN1_GqqN1 : 101.7477439 (0.10)%
      GbtC2zC1wN1_GqqN1 : 99.1833182 (0.10)%
     QqGbtC1wN1_QqGttN1 : 98.8526614 (0.10)%
      GbtC2wN2hN1_GqqN1 : 98.1020281 (0.10)%
         GbtC2wN1_GttN1 : 96.2367818 (0.10)%
   GbbN2hN1_GbtC2hC1wN1 : 94.6578258 (0.09)%
       GqqC1wN1_QqGqqN1 : 93.9451467 (0.09)%
       GqqN1_QqGqqC1wN1 : 93.9451467 (0.09)%
               C1wN1_N1 : 93.2111596 (0.09)%
   GqqN2hN1_GttN4wC1wN1 : 93.0610524 (0.09)%
   GbbN2hN1_GbtC2zC1wN1 : 92.2720927 (0.09)%
   GbbN2hN1_GbtC2wN2hN1 : 91.2661483 (0.09)%
   GqqC1wN1_GttN4hN2hN1 : 89.9511502 (0.09)%
          GttN1_QqGqqN1 : 88.8331596 (0.09)%
          GqqN1_QqGttN1 : 88.8331596 (0.09)%
      GbtC1wN1_GbtC2wN1 : 88.7775356 (0.09)%
    GqqC1wN1_QqGbbN2hN1 : 87.3989239 (0.09)%
    GbbN2hN1_QqGqqC1wN1 : 87.3989239 (0.09)%
      C2hC1wN1_C2zC1wN1 : 86.1075321 (0.09)%
      C2hC1wN1_C2wN2hN1 : 85.1687934 (0.09)%
      GttN1_GttN4hN2hN1 : 85.0564948 (0.09)%
      GqqN2hN1_GttN2hN1 : 84.4845778 (0.08)%
GbtC2hC1wN1_GbtC2zC1wN1 : 83.7230799 (0.08)%
      C2wN2hN1_C2zC1wN1 : 83.0222196 (0.08)%
GbtC2hC1wN1_GbtC2wN2hN1 : 82.8103363 (0.08)%
       GttN1_QqGbbN2hN1 : 82.6431469 (0.08)%
       GbbN2hN1_QqGttN1 : 82.6431469 (0.08)%
                  N1_N1 : 82.1430441 (0.08)%
       GqqN1_QqGbtC1wN1 : 81.9477631 (0.08)%
       GbtC1wN1_QqGqqN1 : 81.9477631 (0.08)%
GbtC2wN2hN1_GbtC2zC1wN1 : 80.7232045 (0.08)%
 GbtC2hC1wN1_QqGqqC1wN1 : 79.3014104 (0.08)%
 GqqC1wN1_QqGbtC2hC1wN1 : 79.3014104 (0.08)%
   GbtC1wN1_GttN4hN2hN1 : 78.4638249 (0.08)%
 GqqC1wN1_QqGbtC2zC1wN1 : 77.3027167 (0.08)%
 GbtC2zC1wN1_QqGqqC1wN1 : 77.3027167 (0.08)%
 GqqC1wN1_QqGbtC2wN2hN1 : 76.4599675 (0.08)%
 GbtC2wN2hN1_QqGqqC1wN1 : 76.4599675 (0.08)%
    GbbN2hN1_QqGbtC1wN1 : 76.2375339 (0.08)%
    GbtC1wN1_QqGbbN2hN1 : 76.2375339 (0.08)%
    GttN1_QqGbtC2hC1wN1 : 74.9862563 (0.07)%
    GbtC2hC1wN1_QqGttN1 : 74.9862563 (0.07)%
    GttN1_QqGbtC2zC1wN1 : 73.0963207 (0.07)%
    GbtC2zC1wN1_QqGttN1 : 73.0963207 (0.07)%
    GttN1_QqGbtC2wN2hN1 : 72.2994294 (0.07)%
    GbtC2wN2hN1_QqGttN1 : 72.2994294 (0.07)%
      C2hC1wN1_N4hN2hN1 : 71.6139033 (0.07)%
      C2zC1wN1_N4hN2hN1 : 69.8089637 (0.07)%
 GbtC2hC1wN1_QqGbtC1wN1 : 69.1741236 (0.07)%
 GbtC1wN1_QqGbtC2hC1wN1 : 69.1741236 (0.07)%
    GqqN2hN1_QqGqqN2hN1 : 69.0743450 (0.07)%
      C2wN2hN1_N4hN2hN1 : 69.0479109 (0.07)%
      C2hC1wN1_N3zN2hN1 : 68.8694180 (0.07)%
 GbtC1wN1_QqGbtC2zC1wN1 : 67.4306756 (0.07)%
 GbtC2zC1wN1_QqGbtC1wN1 : 67.4306756 (0.07)%
      C2zC1wN1_N3zN2hN1 : 67.1336497 (0.07)%
      N3wC1wN1_N4hN2hN1 : 66.9602323 (0.07)%
 GbtC1wN1_QqGbtC2wN2hN1 : 66.6955508 (0.07)%
 GbtC2wN2hN1_QqGbtC1wN1 : 66.6955508 (0.07)%
      C2wN2hN1_N3zN2hN1 : 66.4017631 (0.07)%
      N3zN2hN1_N4wC1wN1 : 64.8652860 (0.06)%
   GqqN2hN1_GttN3wC1wN1 : 64.8199072 (0.06)%
      GqqN1_GttN4wC1wN1 : 61.3109592 (0.06)%
   GqqC1wN1_GttN3zN2hN1 : 60.6935515 (0.06)%
       GqqC1wN1_QqN2hN1 : 60.6849977 (0.06)%
       GqqN2hN1_QqC1wN1 : 60.6566460 (0.06)%
            GqqN1_GqqN1 : 60.2682013 (0.06)%
  QqGqqC1wN1_QqGqqC1wN1 : 59.9231805 (0.06)%
         GbbN1_GqqC1wN1 : 58.0914088 (0.06)%
  QqGqqC1wN1_QqGqqN2hN1 : 58.0547059 (0.06)%
      GttN1_GttN3zN2hN1 : 57.3909365 (0.06)%
          GttN1_QqN2hN1 : 57.3828482 (0.06)%
   GbbN2hN1_GttN4wC1wN1 : 57.0387300 (0.06)%
         GqqN1_GttN2hN1 : 55.6605623 (0.06)%
            GbbN1_GttN1 : 54.9303883 (0.05)%
     QqGqqN2hN1_QqGttN1 : 54.8956826 (0.05)%
        QqGttN1_QqGttN1 : 53.5792188 (0.05)%
   GbtC1wN1_GttN3zN2hN1 : 52.9426049 (0.05)%
       GbtC1wN1_QqN2hN1 : 52.9351434 (0.05)%
      GbbN2hN1_GbbN2hN1 : 52.1616959 (0.05)%
      GbbN2hN1_GttN2hN1 : 51.7820602 (0.05)%
GbtC2hC1wN1_GttN4wC1wN1 : 51.7540896 (0.05)%
     QqC1wN1_QqGqqC1wN1 : 50.9799079 (0.05)%
------------------------------------------------------------
                                      SUM=90.02%
