/Users/rafalmaselek/Projects/fastlim-1.0
 
#################################################################
#                                                               #
#                                                               #
#                     This is Fastlim  ver. 1.0                 #
#                                                               #
#          A fast LHC limit calculator for BSM models.          #
#                                                               #
#                  http://cern.ch/fastlim-1.0/                  #
#                                                               #
#  for bugs/feature requests: fastlim-1.0.developers@gmail.com  #
#                                                               #
#    please refer to:                                           #
#    M.Papucci, K.Sakurai, A.Weiler, L.Zeune arXiv:1402.xxxx    #
#                                                               #
#################################################################
 

!! Masses incompatible with the data for ERER !!

!! Problem with reading tables for ER ER !! Probably mass outside the table !! Setting xsec to 10^-20 !!

!! Masses incompatible with the data for ELEL !!

!! Problem with reading tables for EL EL !! Probably mass outside the table !! Setting xsec to 10^-20 !!

!! Masses incompatible with the data for TAU1TAU1 !!

!! Problem with reading tables for TAU1 TAU1 !! Probably mass outside the table !! Setting xsec to 10^-20 !!

!! Masses incompatible with the data for TAU2TAU2 !!

!! Problem with reading tables for TAU2 TAU2 !! Probably mass outside the table !! Setting xsec to 10^-20 !!
!! EWK PROCESS C1C2 NOT FOUND !! WILL TRY TO LOOK FOR +/- MODES !!
XSEC FOUND FOR: C1-C2+
XSEC FOUND FOR: C1+C2-
!! EWK PROCESS C1N1 NOT FOUND !! WILL TRY TO LOOK FOR +/- MODES !!
XSEC FOUND FOR: C1+N1
XSEC FOUND FOR: C1-N1
!! EWK PROCESS C1N2 NOT FOUND !! WILL TRY TO LOOK FOR +/- MODES !!
XSEC FOUND FOR: C1+N2
XSEC FOUND FOR: C1-N2
!! EWK PROCESS C1N3 NOT FOUND !! WILL TRY TO LOOK FOR +/- MODES !!
XSEC FOUND FOR: C1+N3
XSEC FOUND FOR: C1-N3
!! EWK PROCESS C1N4 NOT FOUND !! WILL TRY TO LOOK FOR +/- MODES !!
XSEC FOUND FOR: C1+N4
XSEC FOUND FOR: C1-N4
!! EWK PROCESS C2N1 NOT FOUND !! WILL TRY TO LOOK FOR +/- MODES !!
XSEC FOUND FOR: C2+N1
XSEC FOUND FOR: C2-N1
!! EWK PROCESS C2N2 NOT FOUND !! WILL TRY TO LOOK FOR +/- MODES !!
XSEC FOUND FOR: C2+N2
XSEC FOUND FOR: C2-N2
!! EWK PROCESS C2N3 NOT FOUND !! WILL TRY TO LOOK FOR +/- MODES !!
XSEC FOUND FOR: C2+N3
XSEC FOUND FOR: C2-N3
!! EWK PROCESS C2N4 NOT FOUND !! WILL TRY TO LOOK FOR +/- MODES !!
XSEC FOUND FOR: C2+N4
XSEC FOUND FOR: C2-N4
---------------  Output inclusive processes  ---------------
The total xsec = 60743.13 [fb]
The total rate = 100.00%
Output upto 0.10%
                  Modes : xsec/fb      (rate)
            C1wN1_N2hN1 : 25740.4396732 (42.38)%
            C1wN1_C1wN1 : 13523.5254034 (22.26)%
            C1wN1_N2zN1 : 2945.3842384 (4.85)%
      C2hC1wN1_N4wC1wN1 : 287.6880357 (0.47)%
      C2zC1wN1_N4wC1wN1 : 282.3430603 (0.46)%
      C2wN2hN1_N4wC1wN1 : 268.2907230 (0.44)%
      C2hC1wN1_N3wC1wN1 : 266.4068520 (0.44)%
      C2zC1wN1_N3wC1wN1 : 261.4572612 (0.43)%
      N3wC1wN1_N4wC1wN1 : 258.8131396 (0.43)%
      C2wN2hN1_N3wC1wN1 : 248.4444192 (0.41)%
      GbtC1wN1_GqqC1wN1 : 189.7570138 (0.31)%
         GbtC1wN1_GttN1 : 185.2940530 (0.31)%
   GbtC1wN1_GbtC2hC1wN1 : 177.7335969 (0.29)%
   GbtC1wN1_GbtC2zC1wN1 : 174.4314724 (0.29)%
   GbtC1wN1_GbtC2wN2hN1 : 165.7499419 (0.27)%
      C2hC1wN1_C2zC1wN1 : 152.5989778 (0.25)%
      C2hC1wN1_C2wN2hN1 : 145.0040600 (0.24)%
         C2wN1_N4wC1wN1 : 144.7722625 (0.24)%
      GbtC1wN1_GbtC1wN1 : 144.3864610 (0.24)%
      C2wN2hN1_C2zC1wN1 : 142.3100198 (0.23)%
         C2wN1_N3wC1wN1 : 134.0630055 (0.22)%
   GbtC1wN1_GttN4wC1wN1 : 129.5589891 (0.21)%
         GqqC1wN1_GttN1 : 121.7594985 (0.20)%
      C2hC1wN1_N4hN2hN1 : 121.2091596 (0.20)%
         C1wN1_N3wC1wN1 : 120.5754429 (0.20)%
      C2zC1wN1_N4hN2hN1 : 118.9572065 (0.20)%
   GbtC2hC1wN1_GqqC1wN1 : 116.7914095 (0.19)%
   GbtC2zC1wN1_GqqC1wN1 : 114.6215341 (0.19)%
      GbtC2hC1wN1_GttN1 : 114.0445520 (0.19)%
      C2wN2hN1_N4hN2hN1 : 113.0366544 (0.19)%
      GbtC2zC1wN1_GttN1 : 111.9257106 (0.18)%
      N3wC1wN1_N4hN2hN1 : 109.0435446 (0.18)%
   GbtC2wN2hN1_GqqC1wN1 : 108.9167703 (0.18)%
GbtC2hC1wN1_GbtC2zC1wN1 : 107.3588645 (0.18)%
      C2hC1wN1_N3zN2hN1 : 107.3523280 (0.18)%
   GbtC1wN1_GttN3wC1wN1 : 106.6551244 (0.18)%
      GbtC2wN2hN1_GttN1 : 106.3551191 (0.18)%
      C2zC1wN1_N3zN2hN1 : 105.3578219 (0.17)%
      N3zN2hN1_N4wC1wN1 : 104.2923365 (0.17)%
GbtC2hC1wN1_GbtC2wN2hN1 : 102.0155670 (0.17)%
GbtC2wN2hN1_GbtC2zC1wN1 : 100.1202129 (0.16)%
      C2wN2hN1_N3zN2hN1 : 100.1141171 (0.16)%
      GbbN2hN1_GbtC1wN1 : 89.7054268 (0.15)%
      GbtC1wN1_GbtC2wN1 : 89.4402677 (0.15)%
      GbtC1wN1_GqqN2hN1 : 85.1843567 (0.14)%
   GqqC1wN1_GttN4wC1wN1 : 85.1351530 (0.14)%
      GttN1_GttN4wC1wN1 : 83.1328299 (0.14)%
GbtC2hC1wN1_GttN4wC1wN1 : 79.7408046 (0.13)%
GbtC2zC1wN1_GttN4wC1wN1 : 78.2592948 (0.13)%
         C2hC1wN1_C2wN1 : 78.2455897 (0.13)%
      C2hC1wN1_C2hC1wN1 : 77.7438980 (0.13)%
         C2wN1_C2zC1wN1 : 76.7918597 (0.13)%
      C2zC1wN1_C2zC1wN1 : 74.8819155 (0.12)%
GbtC2wN2hN1_GttN4wC1wN1 : 74.3642956 (0.12)%
         C2wN1_C2wN2hN1 : 72.9698953 (0.12)%
         C2hC1wN1_N3zN1 : 71.5011439 (0.12)%
         C2zC1wN1_N3zN1 : 70.1727193 (0.12)%
   GqqC1wN1_GttN3wC1wN1 : 70.0846803 (0.12)%
         N3zN1_N4wC1wN1 : 69.4630615 (0.11)%
      GttN1_GttN3wC1wN1 : 68.4363345 (0.11)%
      C2wN2hN1_C2wN2hN1 : 67.6135940 (0.11)%
         C2wN2hN1_N3zN1 : 66.6801925 (0.11)%
GbtC2hC1wN1_GttN3wC1wN1 : 65.6439626 (0.11)%
GbtC2zC1wN1_GttN3wC1wN1 : 64.4243590 (0.11)%
         GbtC1wN1_GqqN1 : 63.1133040 (0.10)%
         C2hC1wN1_N4hN1 : 63.0641585 (0.10)%
      GqqC1wN1_GqqC1wN1 : 62.3460885 (0.10)%
         C2zC1wN1_N4hN1 : 61.8924852 (0.10)%
GbtC2wN2hN1_GttN3wC1wN1 : 61.2179305 (0.10)%
         C2wN1_N4hN2hN1 : 60.9956693 (0.10)%
            GttN1_GttN1 : 59.4478974 (0.10)%
------------------------------------------------------------
                                      SUM=82.76%

SHOWING PROCESSES TO GET 90.00% SUSY COVERAGE
---------------  Output inclusive processes  ---------------
The total xsec = 60743.13 [fb]
The total rate = 100.00%
                    Modes : xsec/fb      (rate)
              C1wN1_N2hN1 : 25740.4396732 (42.38)%
              C1wN1_C1wN1 : 13523.5254034 (22.26)%
              C1wN1_N2zN1 : 2945.3842384 (4.85)%
        C2hC1wN1_N4wC1wN1 : 287.6880357 (0.47)%
        C2zC1wN1_N4wC1wN1 : 282.3430603 (0.46)%
        C2wN2hN1_N4wC1wN1 : 268.2907230 (0.44)%
        C2hC1wN1_N3wC1wN1 : 266.4068520 (0.44)%
        C2zC1wN1_N3wC1wN1 : 261.4572612 (0.43)%
        N3wC1wN1_N4wC1wN1 : 258.8131396 (0.43)%
        C2wN2hN1_N3wC1wN1 : 248.4444192 (0.41)%
        GbtC1wN1_GqqC1wN1 : 189.7570138 (0.31)%
           GbtC1wN1_GttN1 : 185.2940530 (0.31)%
     GbtC1wN1_GbtC2hC1wN1 : 177.7335969 (0.29)%
     GbtC1wN1_GbtC2zC1wN1 : 174.4314724 (0.29)%
     GbtC1wN1_GbtC2wN2hN1 : 165.7499419 (0.27)%
        C2hC1wN1_C2zC1wN1 : 152.5989778 (0.25)%
        C2hC1wN1_C2wN2hN1 : 145.0040600 (0.24)%
           C2wN1_N4wC1wN1 : 144.7722625 (0.24)%
        GbtC1wN1_GbtC1wN1 : 144.3864610 (0.24)%
        C2wN2hN1_C2zC1wN1 : 142.3100198 (0.23)%
           C2wN1_N3wC1wN1 : 134.0630055 (0.22)%
     GbtC1wN1_GttN4wC1wN1 : 129.5589891 (0.21)%
           GqqC1wN1_GttN1 : 121.7594985 (0.20)%
        C2hC1wN1_N4hN2hN1 : 121.2091596 (0.20)%
           C1wN1_N3wC1wN1 : 120.5754429 (0.20)%
        C2zC1wN1_N4hN2hN1 : 118.9572065 (0.20)%
     GbtC2hC1wN1_GqqC1wN1 : 116.7914095 (0.19)%
     GbtC2zC1wN1_GqqC1wN1 : 114.6215341 (0.19)%
        GbtC2hC1wN1_GttN1 : 114.0445520 (0.19)%
        C2wN2hN1_N4hN2hN1 : 113.0366544 (0.19)%
        GbtC2zC1wN1_GttN1 : 111.9257106 (0.18)%
        N3wC1wN1_N4hN2hN1 : 109.0435446 (0.18)%
     GbtC2wN2hN1_GqqC1wN1 : 108.9167703 (0.18)%
  GbtC2hC1wN1_GbtC2zC1wN1 : 107.3588645 (0.18)%
        C2hC1wN1_N3zN2hN1 : 107.3523280 (0.18)%
     GbtC1wN1_GttN3wC1wN1 : 106.6551244 (0.18)%
        GbtC2wN2hN1_GttN1 : 106.3551191 (0.18)%
        C2zC1wN1_N3zN2hN1 : 105.3578219 (0.17)%
        N3zN2hN1_N4wC1wN1 : 104.2923365 (0.17)%
  GbtC2hC1wN1_GbtC2wN2hN1 : 102.0155670 (0.17)%
  GbtC2wN2hN1_GbtC2zC1wN1 : 100.1202129 (0.16)%
        C2wN2hN1_N3zN2hN1 : 100.1141171 (0.16)%
        GbbN2hN1_GbtC1wN1 : 89.7054268 (0.15)%
        GbtC1wN1_GbtC2wN1 : 89.4402677 (0.15)%
        GbtC1wN1_GqqN2hN1 : 85.1843567 (0.14)%
     GqqC1wN1_GttN4wC1wN1 : 85.1351530 (0.14)%
        GttN1_GttN4wC1wN1 : 83.1328299 (0.14)%
  GbtC2hC1wN1_GttN4wC1wN1 : 79.7408046 (0.13)%
  GbtC2zC1wN1_GttN4wC1wN1 : 78.2592948 (0.13)%
           C2hC1wN1_C2wN1 : 78.2455897 (0.13)%
        C2hC1wN1_C2hC1wN1 : 77.7438980 (0.13)%
           C2wN1_C2zC1wN1 : 76.7918597 (0.13)%
        C2zC1wN1_C2zC1wN1 : 74.8819155 (0.12)%
  GbtC2wN2hN1_GttN4wC1wN1 : 74.3642956 (0.12)%
           C2wN1_C2wN2hN1 : 72.9698953 (0.12)%
           C2hC1wN1_N3zN1 : 71.5011439 (0.12)%
           C2zC1wN1_N3zN1 : 70.1727193 (0.12)%
     GqqC1wN1_GttN3wC1wN1 : 70.0846803 (0.12)%
           N3zN1_N4wC1wN1 : 69.4630615 (0.11)%
        GttN1_GttN3wC1wN1 : 68.4363345 (0.11)%
        C2wN2hN1_C2wN2hN1 : 67.6135940 (0.11)%
           C2wN2hN1_N3zN1 : 66.6801925 (0.11)%
  GbtC2hC1wN1_GttN3wC1wN1 : 65.6439626 (0.11)%
  GbtC2zC1wN1_GttN3wC1wN1 : 64.4243590 (0.11)%
           GbtC1wN1_GqqN1 : 63.1133040 (0.10)%
           C2hC1wN1_N4hN1 : 63.0641585 (0.10)%
        GqqC1wN1_GqqC1wN1 : 62.3460885 (0.10)%
           C2zC1wN1_N4hN1 : 61.8924852 (0.10)%
  GbtC2wN2hN1_GttN3wC1wN1 : 61.2179305 (0.10)%
           C2wN1_N4hN2hN1 : 60.9956693 (0.10)%
              GttN1_GttN1 : 59.4478974 (0.10)%
        GbbN2hN1_GqqC1wN1 : 58.9467800 (0.10)%
           C2wN2hN1_N4hN1 : 58.8120692 (0.10)%
        GbtC2wN1_GqqC1wN1 : 58.7725400 (0.10)%
           GbbN2hN1_GttN1 : 57.5603904 (0.09)%
           GbtC2wN1_GttN1 : 57.3902484 (0.09)%
           N3wC1wN1_N4hN1 : 56.7344861 (0.09)%
      GbtC1wN1_QqGbtC1wN1 : 56.5975798 (0.09)%
        GqqC1wN1_GqqN2hN1 : 55.9759171 (0.09)%
     GbbN2hN1_GbtC2hC1wN1 : 55.2117839 (0.09)%
     GbtC2hC1wN1_GbtC2wN1 : 55.0485841 (0.09)%
  GbtC2hC1wN1_GbtC2hC1wN1 : 54.6956260 (0.09)%
           GqqN2hN1_GttN1 : 54.6594002 (0.09)%
     GbtC1wN1_GttN4hN2hN1 : 54.5859899 (0.09)%
     GbbN2hN1_GbtC2zC1wN1 : 54.1860005 (0.09)%
     GbtC2wN1_GbtC2zC1wN1 : 54.0258328 (0.09)%
           C2wN1_N3zN2hN1 : 54.0225435 (0.09)%
              N2hN1_N2hN1 : 53.2885574 (0.09)%
  GbtC2zC1wN1_GbtC2zC1wN1 : 52.6821185 (0.09)%
     GbtC2hC1wN1_GqqN2hN1 : 52.4291613 (0.09)%
           N2hN1_N3wC1wN1 : 51.9652432 (0.09)%
     GbbN2hN1_GbtC2wN2hN1 : 51.4891396 (0.08)%
     GbtC2zC1wN1_GqqN2hN1 : 51.4550764 (0.08)%
     GbtC2wN1_GbtC2wN2hN1 : 51.3369435 (0.08)%
                 C1wN1_N1 : 51.2901826 (0.08)%
                    N1_N1 : 49.6599884 (0.08)%
     GbtC2wN2hN1_GqqN2hN1 : 48.8941348 (0.08)%
           C1wN1_N3zN2hN1 : 48.5875434 (0.08)%
           C1wN1_N4wC1wN1 : 47.9454960 (0.08)%
  GttN3wC1wN1_GttN4wC1wN1 : 47.8511974 (0.08)%
  GbtC2wN2hN1_GbtC2wN2hN1 : 47.5685931 (0.08)%
        GbtC1wN1_GttN2hN1 : 47.4128003 (0.08)%
        N3zN2hN1_N4hN2hN1 : 43.9406054 (0.07)%
     GbtC1wN1_GttN3zN2hN1 : 42.9781585 (0.07)%
           GqqC1wN1_GqqN1 : 41.4726977 (0.07)%
              GqqN1_GttN1 : 40.4972870 (0.07)%
     GbbN2hN1_GttN4wC1wN1 : 40.2466559 (0.07)%
     GbtC2wN1_GttN4wC1wN1 : 40.1276913 (0.07)%
        GbtC2hC1wN1_GqqN1 : 38.8448974 (0.06)%
     GqqN2hN1_GttN4wC1wN1 : 38.2182618 (0.06)%
        GbtC2zC1wN1_GqqN1 : 38.1231954 (0.06)%
      GqqC1wN1_QqGbtC1wN1 : 37.1911177 (0.06)%
      GbtC1wN1_QqGqqC1wN1 : 37.1911177 (0.06)%
         GttN1_QqGbtC1wN1 : 36.3164070 (0.06)%
         GbtC1wN1_QqGttN1 : 36.3164070 (0.06)%
        GbtC2wN2hN1_GqqN1 : 36.2257874 (0.06)%
              C2wN1_N3zN1 : 35.9812752 (0.06)%
     GqqC1wN1_GttN4hN2hN1 : 35.8692718 (0.06)%
        GttN1_GttN4hN2hN1 : 35.0256500 (0.06)%
   GbtC1wN1_QqGbtC2hC1wN1 : 34.8346077 (0.06)%
   GbtC2hC1wN1_QqGbtC1wN1 : 34.8346077 (0.06)%
   GbtC2zC1wN1_QqGbtC1wN1 : 34.1874131 (0.06)%
   GbtC1wN1_QqGbtC2zC1wN1 : 34.1874131 (0.06)%
  GbtC2hC1wN1_GttN4hN2hN1 : 33.5965168 (0.06)%
     GbbN2hN1_GttN3wC1wN1 : 33.1317195 (0.05)%
     GbtC2wN1_GttN3wC1wN1 : 33.0337859 (0.05)%
  GbtC2zC1wN1_GttN4hN2hN1 : 32.9723248 (0.05)%
   GbtC1wN1_QqGbtC2wN2hN1 : 32.4858907 (0.05)%
   GbtC2wN2hN1_QqGbtC1wN1 : 32.4858907 (0.05)%
              C1wN1_N3zN1 : 32.3613377 (0.05)%
              C2wN1_N4hN1 : 31.7355600 (0.05)%
     GqqN2hN1_GttN3wC1wN1 : 31.4619116 (0.05)%
  GbtC2wN2hN1_GttN4hN2hN1 : 31.3312778 (0.05)%
        GqqC1wN1_GttN2hN1 : 31.1556615 (0.05)%
        C2wN2zN1_N4wC1wN1 : 30.6995248 (0.05)%
           GttN1_GttN2hN1 : 30.4229007 (0.05)%
         GbtC1wN1_QqC1wN1 : 29.2941228 (0.05)%
           N3zN1_N4hN2hN1 : 29.2662824 (0.05)%
     GbtC2hC1wN1_GttN2hN1 : 29.1815710 (0.05)%
  GttN4wC1wN1_GttN4wC1wN1 : 29.0635485 (0.05)%
     GbtC2zC1wN1_GttN2hN1 : 28.6394047 (0.05)%
        GbtC1wN1_GttN3zN1 : 28.6252525 (0.05)%
        C2wN2zN1_N3wC1wN1 : 28.4285850 (0.05)%
        GbtC1wN1_GttN4hN1 : 28.4006549 (0.05)%
        GqqN1_GttN4wC1wN1 : 28.3160062 (0.05)%
     GqqC1wN1_GttN3zN2hN1 : 28.2415919 (0.05)%
        GbbN2hN1_GbtC2wN1 : 27.7840365 (0.05)%
           C1wN1_C2hC1wN1 : 27.7739715 (0.05)%
        GttN1_GttN3zN2hN1 : 27.5773681 (0.05)%
           C1wN1_C2zC1wN1 : 27.2579570 (0.04)%
     GbtC2wN2hN1_GttN2hN1 : 27.2140090 (0.04)%
     GbbN3wC1wN1_GbtC1wN1 : 27.0624157 (0.04)%
        GbbN2hN1_GqqN2hN1 : 26.4619654 (0.04)%
  GbtC2hC1wN1_GttN3zN2hN1 : 26.4521432 (0.04)%
        GbtC2wN1_GqqN2hN1 : 26.3837468 (0.04)%
  GbtC2zC1wN1_GttN3zN2hN1 : 25.9606871 (0.04)%
           C1wN1_C2wN2hN1 : 25.9013166 (0.04)%
     GbbN4wC1wN1_GbtC1wN1 : 25.4800116 (0.04)%
   GttN4wC1wN1_QqGbtC1wN1 : 25.3927037 (0.04)%
   GbtC1wN1_QqGttN4wC1wN1 : 25.3927037 (0.04)%
  GbtC2wN2hN1_GttN3zN2hN1 : 24.6686123 (0.04)%
  GttN4hN2hN1_GttN4wC1wN1 : 24.4901967 (0.04)%
      GqqC1wN1_QqGqqC1wN1 : 24.4388407 (0.04)%
         GqqC1wN1_QqGttN1 : 23.8640552 (0.04)%
         GttN1_QqGqqC1wN1 : 23.8640552 (0.04)%
        GqqN1_GttN3wC1wN1 : 23.3102094 (0.04)%
            GttN1_QqGttN1 : 23.3027882 (0.04)%
   GqqC1wN1_QqGbtC2hC1wN1 : 22.8903426 (0.04)%
   GbtC2hC1wN1_QqGqqC1wN1 : 22.8903426 (0.04)%
           N3zN2hN1_N4hN1 : 22.8619463 (0.04)%
   GqqC1wN1_QqGbtC2zC1wN1 : 22.4650614 (0.04)%
   GbtC2zC1wN1_QqGqqC1wN1 : 22.4650614 (0.04)%
      GttN1_QqGbtC2hC1wN1 : 22.3519767 (0.04)%
      GbtC2hC1wN1_QqGttN1 : 22.3519767 (0.04)%
      GttN1_QqGbtC2zC1wN1 : 21.9366979 (0.04)%
      GbtC2zC1wN1_QqGttN1 : 21.9366979 (0.04)%
GbtC2hC1wN1_QqGbtC2hC1wN1 : 21.4399608 (0.04)%
           C2hC1wN1_N2hN1 : 21.3992724 (0.04)%
   GqqC1wN1_QqGbtC2wN2hN1 : 21.3469655 (0.04)%
   GbtC2wN2hN1_QqGqqC1wN1 : 21.3469655 (0.04)%
     GttN2hN1_GttN4wC1wN1 : 21.2719200 (0.04)%
GbtC2zC1wN1_QqGbtC2hC1wN1 : 21.0416263 (0.03)%
GbtC2hC1wN1_QqGbtC2zC1wN1 : 21.0416263 (0.03)%
           C2zC1wN1_N2hN1 : 21.0016938 (0.03)%
           N2hN1_N3zN2hN1 : 20.9401139 (0.03)%
   GttN3wC1wN1_QqGbtC1wN1 : 20.9036979 (0.03)%
   GbtC1wN1_QqGttN3wC1wN1 : 20.9036979 (0.03)%
      GttN1_QqGbtC2wN2hN1 : 20.8448988 (0.03)%
      GbtC2wN2hN1_QqGttN1 : 20.8448988 (0.03)%
GbtC2zC1wN1_QqGbtC2zC1wN1 : 20.6506925 (0.03)%
           C1wN1_N4hN2hN1 : 20.2004691 (0.03)%
  GttN3wC1wN1_GttN4hN2hN1 : 20.1607391 (0.03)%
GbtC2hC1wN1_QqGbtC2wN2hN1 : 19.9943754 (0.03)%
GbtC2wN2hN1_QqGbtC2hC1wN1 : 19.9943754 (0.03)%
           C2wN2hN1_N2hN1 : 19.9564304 (0.03)%
  GttN3wC1wN1_GttN3wC1wN1 : 19.6959526 (0.03)%
              C2wN1_C2wN1 : 19.6876297 (0.03)%
GbtC2zC1wN1_QqGbtC2wN2hN1 : 19.6228985 (0.03)%
GbtC2wN2hN1_QqGbtC2zC1wN1 : 19.6228985 (0.03)%
           GbbN2hN1_GqqN1 : 19.6057367 (0.03)%
           GbtC2wN1_GqqN1 : 19.5477843 (0.03)%
------------------------------------------------------------
                                        SUM=90.01%
