/Users/rafalmaselek/Projects/fastlim-1.0
 
#################################################################
#                                                               #
#                                                               #
#                     This is Fastlim  ver. 1.0                 #
#                                                               #
#          A fast LHC limit calculator for BSM models.          #
#                                                               #
#                  http://cern.ch/fastlim-1.0/                  #
#                                                               #
#  for bugs/feature requests: fastlim-1.0.developers@gmail.com  #
#                                                               #
#    please refer to:                                           #
#    M.Papucci, K.Sakurai, A.Weiler, L.Zeune arXiv:1402.xxxx    #
#                                                               #
#################################################################
 

!! Masses incompatible with the data for ERER !!

!! Problem with reading tables for ER ER !! Probably mass outside the table !! Setting xsec to 10^-20 !!

!! Masses incompatible with the data for ELEL !!

!! Problem with reading tables for EL EL !! Probably mass outside the table !! Setting xsec to 10^-20 !!

!! Masses incompatible with the data for TAU1TAU1 !!

!! Problem with reading tables for TAU1 TAU1 !! Probably mass outside the table !! Setting xsec to 10^-20 !!

!! Masses incompatible with the data for TAU2TAU2 !!

!! Problem with reading tables for TAU2 TAU2 !! Probably mass outside the table !! Setting xsec to 10^-20 !!
!! EWK PROCESS C1C2 NOT FOUND !! WILL TRY TO LOOK FOR +/- MODES !!
XSEC FOUND FOR: C1-C2+
XSEC FOUND FOR: C1+C2-
!! EWK PROCESS C1N1 NOT FOUND !! WILL TRY TO LOOK FOR +/- MODES !!
XSEC FOUND FOR: C1+N1
XSEC FOUND FOR: C1-N1
!! EWK PROCESS C1N2 NOT FOUND !! WILL TRY TO LOOK FOR +/- MODES !!
XSEC FOUND FOR: C1+N2
XSEC FOUND FOR: C1-N2
!! EWK PROCESS C1N3 NOT FOUND !! WILL TRY TO LOOK FOR +/- MODES !!
XSEC FOUND FOR: C1+N3
XSEC FOUND FOR: C1-N3
!! EWK PROCESS C1N4 NOT FOUND !! WILL TRY TO LOOK FOR +/- MODES !!
XSEC FOUND FOR: C1+N4
XSEC FOUND FOR: C1-N4
!! EWK PROCESS C2N1 NOT FOUND !! WILL TRY TO LOOK FOR +/- MODES !!
XSEC FOUND FOR: C2+N1
XSEC FOUND FOR: C2-N1
!! EWK PROCESS C2N2 NOT FOUND !! WILL TRY TO LOOK FOR +/- MODES !!
XSEC FOUND FOR: C2+N2
XSEC FOUND FOR: C2-N2
!! EWK PROCESS C2N3 NOT FOUND !! WILL TRY TO LOOK FOR +/- MODES !!
XSEC FOUND FOR: C2+N3
XSEC FOUND FOR: C2-N3
!! EWK PROCESS C2N4 NOT FOUND !! WILL TRY TO LOOK FOR +/- MODES !!
XSEC FOUND FOR: C2+N4
XSEC FOUND FOR: C2-N4
---------------  Output inclusive processes  ---------------
The total xsec = 283309.42 [fb]
The total rate = 100.00%
Output upto 0.10%
                Modes : xsec/fb      (rate)
          C1wN1_N2zN1 : 94707.1162299 (33.43)%
          C1wN1_C1wN1 : 51964.8776499 (18.34)%
          C1wN1_N2hN1 : 10256.4326636 (3.62)%
    GbtC1wN1_GqqC1wN1 : 9327.1532572 (3.29)%
       GqqC1wN1_GttN1 : 9286.8725571 (3.28)%
       GbtC1wN1_GttN1 : 7762.9664042 (2.74)%
    GqqC1wN1_GqqC1wN1 : 5579.0582562 (1.97)%
    GqqC1wN1_GqqN2zN1 : 5036.5036192 (1.78)%
    GbtC1wN1_GqqN2zN1 : 4210.0511394 (1.49)%
       GqqN2zN1_GttN1 : 4191.8694067 (1.48)%
    GbtC1wN1_GbtC1wN1 : 3898.3186717 (1.38)%
          GttN1_GttN1 : 3864.7204390 (1.36)%
       GqqC1wN1_GqqN1 : 3537.5798442 (1.25)%
    GbbN2zN1_GqqC1wN1 : 3145.3688171 (1.11)%
       GbtC1wN1_GqqN1 : 2957.0895168 (1.04)%
          GqqN1_GttN1 : 2944.3188854 (1.04)%
    GbbN2zN1_GbtC1wN1 : 2629.2373784 (0.93)%
       GbbN2zN1_GttN1 : 2617.8826253 (0.92)%
       GqqN1_GqqN2zN1 : 1596.7778853 (0.56)%
    GbbN2zN1_GqqN2zN1 : 1419.7433243 (0.50)%
  GqqC1wN1_QqGqqC1wN1 : 1337.4582592 (0.47)%
    GqqC1wN1_GttN2zN1 : 1221.1864039 (0.43)%
    GqqN2zN1_GqqN2zN1 : 1136.6778917 (0.40)%
  GqqC1wN1_QqGbtC1wN1 : 1117.9913872 (0.39)%
  GbtC1wN1_QqGqqC1wN1 : 1117.9913872 (0.39)%
     GttN1_QqGqqC1wN1 : 1113.1631750 (0.39)%
     GqqC1wN1_QqGttN1 : 1113.1631750 (0.39)%
    GbtC1wN1_GttN2zN1 : 1020.7988716 (0.36)%
       GttN1_GttN2zN1 : 1016.3903997 (0.36)%
       GbbN2zN1_GqqN1 : 997.2107136 (0.35)%
  GbtC1wN1_QqGbtC1wN1 : 934.5373834 (0.33)%
     GttN1_QqGbtC1wN1 : 930.5014445 (0.33)%
     GbtC1wN1_QqGttN1 : 930.5014445 (0.33)%
        GttN1_QqGttN1 : 926.4829355 (0.33)%
  GqqN2zN1_QqGqqC1wN1 : 603.6962740 (0.21)%
  GqqC1wN1_QqGqqN2zN1 : 603.6962740 (0.21)%
          GqqN1_GqqN1 : 560.7788348 (0.20)%
    GqqN2zN1_GttN2zN1 : 551.2139738 (0.19)%
    GqqC1wN1_GqqN2hN1 : 545.4348341 (0.19)%
       GbbN1_GqqC1wN1 : 510.3782468 (0.18)%
  GqqN2zN1_QqGbtC1wN1 : 504.6342420 (0.18)%
  GbtC1wN1_QqGqqN2zN1 : 504.6342420 (0.18)%
     GttN1_QqGqqN2zN1 : 502.4549039 (0.18)%
     GqqN2zN1_QqGttN1 : 502.4549039 (0.18)%
    GbtC1wN1_GqqN2hN1 : 455.9330676 (0.16)%
       GqqN2hN1_GttN1 : 453.9640527 (0.16)%
    GbbN2zN1_GbbN2zN1 : 443.3250443 (0.16)%
       GbbN1_GbtC1wN1 : 426.6290034 (0.15)%
          GbbN1_GttN1 : 424.7865425 (0.15)%
     GqqC1wN1_QqGqqN1 : 424.0290353 (0.15)%
     GqqN1_QqGqqC1wN1 : 424.0290353 (0.15)%
       GqqN1_GttN2zN1 : 387.1660960 (0.14)%
  GbbN2zN1_QqGqqC1wN1 : 377.0169901 (0.13)%
  GqqC1wN1_QqGbbN2zN1 : 377.0169901 (0.13)%
     GbtC1wN1_QqGqqN1 : 354.4490500 (0.13)%
     GqqN1_QqGbtC1wN1 : 354.4490500 (0.13)%
        GttN1_QqGqqN1 : 352.9183090 (0.12)%
        GqqN1_QqGttN1 : 352.9183090 (0.12)%
    GbbN2zN1_GttN2zN1 : 344.2410402 (0.12)%
    GbbN2hN1_GqqC1wN1 : 340.6318845 (0.12)%
  GbbN2zN1_QqGbtC1wN1 : 315.1513289 (0.11)%
  GbtC1wN1_QqGbbN2zN1 : 315.1513289 (0.11)%
     GqqC1wN1_QqC1wN1 : 313.9474047 (0.11)%
     GttN1_QqGbbN2zN1 : 313.7903010 (0.11)%
     GbbN2zN1_QqGttN1 : 313.7903010 (0.11)%
QqGbtC1wN1_QqGqqC1wN1 : 301.3539402 (0.11)%
   QqGqqC1wN1_QqGttN1 : 300.0524984 (0.11)%
    GbbN2hN1_GbtC1wN1 : 284.7367463 (0.10)%
       GbbN2hN1_GttN1 : 283.5070683 (0.10)%
 GbtC2hC1wN1_GqqC1wN1 : 276.2033378 (0.10)%
------------------------------------------------------------
                                    SUM=91.97%

SHOWING PROCESSES TO GET 90.00% SUSY COVERAGE
---------------  Output inclusive processes  ---------------
The total xsec = 283309.42 [fb]
The total rate = 100.00%
              Modes : xsec/fb      (rate)
        C1wN1_N2zN1 : 94707.1162299 (33.43)%
        C1wN1_C1wN1 : 51964.8776499 (18.34)%
        C1wN1_N2hN1 : 10256.4326636 (3.62)%
  GbtC1wN1_GqqC1wN1 : 9327.1532572 (3.29)%
     GqqC1wN1_GttN1 : 9286.8725571 (3.28)%
     GbtC1wN1_GttN1 : 7762.9664042 (2.74)%
  GqqC1wN1_GqqC1wN1 : 5579.0582562 (1.97)%
  GqqC1wN1_GqqN2zN1 : 5036.5036192 (1.78)%
  GbtC1wN1_GqqN2zN1 : 4210.0511394 (1.49)%
     GqqN2zN1_GttN1 : 4191.8694067 (1.48)%
  GbtC1wN1_GbtC1wN1 : 3898.3186717 (1.38)%
        GttN1_GttN1 : 3864.7204390 (1.36)%
     GqqC1wN1_GqqN1 : 3537.5798442 (1.25)%
  GbbN2zN1_GqqC1wN1 : 3145.3688171 (1.11)%
     GbtC1wN1_GqqN1 : 2957.0895168 (1.04)%
        GqqN1_GttN1 : 2944.3188854 (1.04)%
  GbbN2zN1_GbtC1wN1 : 2629.2373784 (0.93)%
     GbbN2zN1_GttN1 : 2617.8826253 (0.92)%
     GqqN1_GqqN2zN1 : 1596.7778853 (0.56)%
  GbbN2zN1_GqqN2zN1 : 1419.7433243 (0.50)%
GqqC1wN1_QqGqqC1wN1 : 1337.4582592 (0.47)%
  GqqC1wN1_GttN2zN1 : 1221.1864039 (0.43)%
  GqqN2zN1_GqqN2zN1 : 1136.6778917 (0.40)%
GqqC1wN1_QqGbtC1wN1 : 1117.9913872 (0.39)%
GbtC1wN1_QqGqqC1wN1 : 1117.9913872 (0.39)%
   GttN1_QqGqqC1wN1 : 1113.1631750 (0.39)%
   GqqC1wN1_QqGttN1 : 1113.1631750 (0.39)%
  GbtC1wN1_GttN2zN1 : 1020.7988716 (0.36)%
     GttN1_GttN2zN1 : 1016.3903997 (0.36)%
     GbbN2zN1_GqqN1 : 997.2107136 (0.35)%
GbtC1wN1_QqGbtC1wN1 : 934.5373834 (0.33)%
   GttN1_QqGbtC1wN1 : 930.5014445 (0.33)%
   GbtC1wN1_QqGttN1 : 930.5014445 (0.33)%
      GttN1_QqGttN1 : 926.4829355 (0.33)%
GqqN2zN1_QqGqqC1wN1 : 603.6962740 (0.21)%
GqqC1wN1_QqGqqN2zN1 : 603.6962740 (0.21)%
        GqqN1_GqqN1 : 560.7788348 (0.20)%
  GqqN2zN1_GttN2zN1 : 551.2139738 (0.19)%
  GqqC1wN1_GqqN2hN1 : 545.4348341 (0.19)%
     GbbN1_GqqC1wN1 : 510.3782468 (0.18)%
GqqN2zN1_QqGbtC1wN1 : 504.6342420 (0.18)%
GbtC1wN1_QqGqqN2zN1 : 504.6342420 (0.18)%
   GttN1_QqGqqN2zN1 : 502.4549039 (0.18)%
   GqqN2zN1_QqGttN1 : 502.4549039 (0.18)%
  GbtC1wN1_GqqN2hN1 : 455.9330676 (0.16)%
     GqqN2hN1_GttN1 : 453.9640527 (0.16)%
  GbbN2zN1_GbbN2zN1 : 443.3250443 (0.16)%
     GbbN1_GbtC1wN1 : 426.6290034 (0.15)%
        GbbN1_GttN1 : 424.7865425 (0.15)%
   GqqC1wN1_QqGqqN1 : 424.0290353 (0.15)%
   GqqN1_QqGqqC1wN1 : 424.0290353 (0.15)%
     GqqN1_GttN2zN1 : 387.1660960 (0.14)%
GbbN2zN1_QqGqqC1wN1 : 377.0169901 (0.13)%
------------------------------------------------------------
                                  SUM=90.03%
