/Users/rafalmaselek/Projects/fastlim-1.0
 
#################################################################
#                                                               #
#                                                               #
#                     This is Fastlim  ver. 1.0                 #
#                                                               #
#          A fast LHC limit calculator for BSM models.          #
#                                                               #
#                  http://cern.ch/fastlim-1.0/                  #
#                                                               #
#  for bugs/feature requests: fastlim-1.0.developers@gmail.com  #
#                                                               #
#    please refer to:                                           #
#    M.Papucci, K.Sakurai, A.Weiler, L.Zeune arXiv:1402.xxxx    #
#                                                               #
#################################################################
 

!! Masses incompatible with the data for ERER !!

!! Problem with reading tables for ER ER !! Probably mass outside the table !! Setting xsec to 10^-20 !!

!! Masses incompatible with the data for ELEL !!

!! Problem with reading tables for EL EL !! Probably mass outside the table !! Setting xsec to 10^-20 !!

!! Masses incompatible with the data for TAU1TAU1 !!

!! Problem with reading tables for TAU1 TAU1 !! Probably mass outside the table !! Setting xsec to 10^-20 !!

!! Masses incompatible with the data for TAU2TAU2 !!

!! Problem with reading tables for TAU2 TAU2 !! Probably mass outside the table !! Setting xsec to 10^-20 !!
!!! THERE IS MASS SHIFTING IN EWKfast --------------------------------------------------------
Energy  Precision  PDF  Process
13      LO    NNPDF30           C1C1       0.4420293558941565 
13      LO    NNPDF30           C1+C2-     0.00010120356183559919 # mass is shifted in the grid
13      LO    NNPDF30           C1-C2+     0.00010109768719005903 # mass is shifted in the grid
13      LO    NNPDF30           C2C2       0.013200530684422037 # mass is shifted in the grid
13      LO    NNPDF30           N1N1       0.019637172462226543 
13      LO    NNPDF30           N1N2       0.002115004415325679 
13      LO    NNPDF30           N1N3       2.413957674258554e-05 # mass is shifted in the grid
13      LO    NNPDF30           N1N4       2.4261123672197924e-05 # mass is shifted in the grid
13      LO    NNPDF30           N2N2       0.010811848504429884 
13      LO    NNPDF30           N2N3       4.130586066343626e-05 # mass is shifted in the grid
13      LO    NNPDF30           N2N4       2.481671023383377e-05 # mass is shifted in the grid
13      LO    NNPDF30           N3N3       1.161560808205937e-09 # mass is shifted in the grid
13      LO    NNPDF30           N3N4       0.0022775862839439385 # mass is shifted in the grid
13      LO    NNPDF30           N4N4       1.7325628542222933e-08 # mass is shifted in the grid
13      LO    NNPDF30           N1C1+      0.003624758705574369 
13      LO    NNPDF30           N2C1+      0.7023902434909817 
13      LO    NNPDF30           N3C1+      7.188455082818323e-05 # mass is shifted in the grid
13      LO    NNPDF30           N4C1+      2.4132125964734247e-05 # mass is shifted in the grid
13      LO    NNPDF30           N1C1-      0.0012557674327649472 
13      LO    NNPDF30           N2C1-      0.24140271759708182 
13      LO    NNPDF30           N3C1-      2.38141260440304e-05 # mass is shifted in the grid
13      LO    NNPDF30           N4C1-      7.955454994992686e-06 # mass is shifted in the grid
13      LO    NNPDF30           N1C2+      0.00017226490416188785 # mass is shifted in the grid
13      LO    NNPDF30           N2C2+      1.1066420476184905e-05 # mass is shifted in the grid
13      LO    NNPDF30           N3C2+      0.0032033171920603843 # mass is shifted in the grid
13      LO    NNPDF30           N4C2+      0.016278902712280774 # mass is shifted in the grid
13      LO    NNPDF30           N1C2-      5.764463502431193e-05 # mass is shifted in the grid
13      LO    NNPDF30           N2C2-      3.67939099649579e-06 # mass is shifted in the grid
13      LO    NNPDF30           N3C2-      0.001106810275443415 # mass is shifted in the grid
13      LO    NNPDF30           N4C2-      0.005471905646621933 # mass is shifted in the grid

SLHA file: /Users/rafalmaselek/Projects/CheckMateCalculations/UML/SLHA_FIX/cmssm_1066_1142_5_-1142_-1.slha
Input file: /Users/rafalmaselek/ScienceSoft/EWKfast_LO/input_default.dat
Sort: OFF 
Cut: -1 
Unit: fb 
ScaleVariation: OFF 

mC2 = 1589.71583 is out of range. |mC2| = 1500 was used.
mN3 = -1587.46505 is out of range. |mN3| = 1500 was used.
mN4 = 1588.0928 is out of range. |mN4| = 1500 was used.

-----------------------------------------------------------------------------------------------
!!! THERE IS MASS SHIFTING IN EWKfast --------------------------------------------------------
Energy  Precision  PDF  Process
13      LO    NNPDF30           C1C1       0.4420293558941565 
13      LO    NNPDF30           C1+C2-     0.00010120356183559919 # mass is shifted in the grid
13      LO    NNPDF30           C1-C2+     0.00010109768719005903 # mass is shifted in the grid
13      LO    NNPDF30           C2C2       0.013200530684422037 # mass is shifted in the grid
13      LO    NNPDF30           N1N1       0.019637172462226543 
13      LO    NNPDF30           N1N2       0.002115004415325679 
13      LO    NNPDF30           N1N3       2.413957674258554e-05 # mass is shifted in the grid
13      LO    NNPDF30           N1N4       2.4261123672197924e-05 # mass is shifted in the grid
13      LO    NNPDF30           N2N2       0.010811848504429884 
13      LO    NNPDF30           N2N3       4.130586066343626e-05 # mass is shifted in the grid
13      LO    NNPDF30           N2N4       2.481671023383377e-05 # mass is shifted in the grid
13      LO    NNPDF30           N3N3       1.161560808205937e-09 # mass is shifted in the grid
13      LO    NNPDF30           N3N4       0.0022775862839439385 # mass is shifted in the grid
13      LO    NNPDF30           N4N4       1.7325628542222933e-08 # mass is shifted in the grid
13      LO    NNPDF30           N1C1+      0.003624758705574369 
13      LO    NNPDF30           N2C1+      0.7023902434909817 
13      LO    NNPDF30           N3C1+      7.188455082818323e-05 # mass is shifted in the grid
13      LO    NNPDF30           N4C1+      2.4132125964734247e-05 # mass is shifted in the grid
13      LO    NNPDF30           N1C1-      0.0012557674327649472 
13      LO    NNPDF30           N2C1-      0.24140271759708182 
13      LO    NNPDF30           N3C1-      2.38141260440304e-05 # mass is shifted in the grid
13      LO    NNPDF30           N4C1-      7.955454994992686e-06 # mass is shifted in the grid
13      LO    NNPDF30           N1C2+      0.00017226490416188785 # mass is shifted in the grid
13      LO    NNPDF30           N2C2+      1.1066420476184905e-05 # mass is shifted in the grid
13      LO    NNPDF30           N3C2+      0.0032033171920603843 # mass is shifted in the grid
13      LO    NNPDF30           N4C2+      0.016278902712280774 # mass is shifted in the grid
13      LO    NNPDF30           N1C2-      5.764463502431193e-05 # mass is shifted in the grid
13      LO    NNPDF30           N2C2-      3.67939099649579e-06 # mass is shifted in the grid
13      LO    NNPDF30           N3C2-      0.001106810275443415 # mass is shifted in the grid
13      LO    NNPDF30           N4C2-      0.005471905646621933 # mass is shifted in the grid

SLHA file: /Users/rafalmaselek/Projects/CheckMateCalculations/UML/SLHA_FIX/cmssm_1066_1142_5_-1142_-1.slha
Input file: /Users/rafalmaselek/ScienceSoft/EWKfast_LO/input_default.dat
Sort: OFF 
Cut: -1 
Unit: fb 
ScaleVariation: OFF 

mC2 = 1589.71583 is out of range. |mC2| = 1500 was used.
mN3 = -1587.46505 is out of range. |mN3| = 1500 was used.
mN4 = 1588.0928 is out of range. |mN4| = 1500 was used.

-----------------------------------------------------------------------------------------------
!! EWK PROCESS C1C2 NOT FOUND !! WILL TRY TO LOOK FOR +/- MODES !!
XSEC FOUND FOR: C1-C2+
XSEC FOUND FOR: C1+C2-
!!! THERE IS MASS SHIFTING IN EWKfast --------------------------------------------------------
Energy  Precision  PDF  Process
13      LO    NNPDF30           C1C1       0.4420293558941565 
13      LO    NNPDF30           C1+C2-     0.00010120356183559919 # mass is shifted in the grid
13      LO    NNPDF30           C1-C2+     0.00010109768719005903 # mass is shifted in the grid
13      LO    NNPDF30           C2C2       0.013200530684422037 # mass is shifted in the grid
13      LO    NNPDF30           N1N1       0.019637172462226543 
13      LO    NNPDF30           N1N2       0.002115004415325679 
13      LO    NNPDF30           N1N3       2.413957674258554e-05 # mass is shifted in the grid
13      LO    NNPDF30           N1N4       2.4261123672197924e-05 # mass is shifted in the grid
13      LO    NNPDF30           N2N2       0.010811848504429884 
13      LO    NNPDF30           N2N3       4.130586066343626e-05 # mass is shifted in the grid
13      LO    NNPDF30           N2N4       2.481671023383377e-05 # mass is shifted in the grid
13      LO    NNPDF30           N3N3       1.161560808205937e-09 # mass is shifted in the grid
13      LO    NNPDF30           N3N4       0.0022775862839439385 # mass is shifted in the grid
13      LO    NNPDF30           N4N4       1.7325628542222933e-08 # mass is shifted in the grid
13      LO    NNPDF30           N1C1+      0.003624758705574369 
13      LO    NNPDF30           N2C1+      0.7023902434909817 
13      LO    NNPDF30           N3C1+      7.188455082818323e-05 # mass is shifted in the grid
13      LO    NNPDF30           N4C1+      2.4132125964734247e-05 # mass is shifted in the grid
13      LO    NNPDF30           N1C1-      0.0012557674327649472 
13      LO    NNPDF30           N2C1-      0.24140271759708182 
13      LO    NNPDF30           N3C1-      2.38141260440304e-05 # mass is shifted in the grid
13      LO    NNPDF30           N4C1-      7.955454994992686e-06 # mass is shifted in the grid
13      LO    NNPDF30           N1C2+      0.00017226490416188785 # mass is shifted in the grid
13      LO    NNPDF30           N2C2+      1.1066420476184905e-05 # mass is shifted in the grid
13      LO    NNPDF30           N3C2+      0.0032033171920603843 # mass is shifted in the grid
13      LO    NNPDF30           N4C2+      0.016278902712280774 # mass is shifted in the grid
13      LO    NNPDF30           N1C2-      5.764463502431193e-05 # mass is shifted in the grid
13      LO    NNPDF30           N2C2-      3.67939099649579e-06 # mass is shifted in the grid
13      LO    NNPDF30           N3C2-      0.001106810275443415 # mass is shifted in the grid
13      LO    NNPDF30           N4C2-      0.005471905646621933 # mass is shifted in the grid

SLHA file: /Users/rafalmaselek/Projects/CheckMateCalculations/UML/SLHA_FIX/cmssm_1066_1142_5_-1142_-1.slha
Input file: /Users/rafalmaselek/ScienceSoft/EWKfast_LO/input_default.dat
Sort: OFF 
Cut: -1 
Unit: fb 
ScaleVariation: OFF 

mC2 = 1589.71583 is out of range. |mC2| = 1500 was used.
mN3 = -1587.46505 is out of range. |mN3| = 1500 was used.
mN4 = 1588.0928 is out of range. |mN4| = 1500 was used.

-----------------------------------------------------------------------------------------------
!!! THERE IS MASS SHIFTING IN EWKfast --------------------------------------------------------
Energy  Precision  PDF  Process
13      LO    NNPDF30           C1C1       0.4420293558941565 
13      LO    NNPDF30           C1+C2-     0.00010120356183559919 # mass is shifted in the grid
13      LO    NNPDF30           C1-C2+     0.00010109768719005903 # mass is shifted in the grid
13      LO    NNPDF30           C2C2       0.013200530684422037 # mass is shifted in the grid
13      LO    NNPDF30           N1N1       0.019637172462226543 
13      LO    NNPDF30           N1N2       0.002115004415325679 
13      LO    NNPDF30           N1N3       2.413957674258554e-05 # mass is shifted in the grid
13      LO    NNPDF30           N1N4       2.4261123672197924e-05 # mass is shifted in the grid
13      LO    NNPDF30           N2N2       0.010811848504429884 
13      LO    NNPDF30           N2N3       4.130586066343626e-05 # mass is shifted in the grid
13      LO    NNPDF30           N2N4       2.481671023383377e-05 # mass is shifted in the grid
13      LO    NNPDF30           N3N3       1.161560808205937e-09 # mass is shifted in the grid
13      LO    NNPDF30           N3N4       0.0022775862839439385 # mass is shifted in the grid
13      LO    NNPDF30           N4N4       1.7325628542222933e-08 # mass is shifted in the grid
13      LO    NNPDF30           N1C1+      0.003624758705574369 
13      LO    NNPDF30           N2C1+      0.7023902434909817 
13      LO    NNPDF30           N3C1+      7.188455082818323e-05 # mass is shifted in the grid
13      LO    NNPDF30           N4C1+      2.4132125964734247e-05 # mass is shifted in the grid
13      LO    NNPDF30           N1C1-      0.0012557674327649472 
13      LO    NNPDF30           N2C1-      0.24140271759708182 
13      LO    NNPDF30           N3C1-      2.38141260440304e-05 # mass is shifted in the grid
13      LO    NNPDF30           N4C1-      7.955454994992686e-06 # mass is shifted in the grid
13      LO    NNPDF30           N1C2+      0.00017226490416188785 # mass is shifted in the grid
13      LO    NNPDF30           N2C2+      1.1066420476184905e-05 # mass is shifted in the grid
13      LO    NNPDF30           N3C2+      0.0032033171920603843 # mass is shifted in the grid
13      LO    NNPDF30           N4C2+      0.016278902712280774 # mass is shifted in the grid
13      LO    NNPDF30           N1C2-      5.764463502431193e-05 # mass is shifted in the grid
13      LO    NNPDF30           N2C2-      3.67939099649579e-06 # mass is shifted in the grid
13      LO    NNPDF30           N3C2-      0.001106810275443415 # mass is shifted in the grid
13      LO    NNPDF30           N4C2-      0.005471905646621933 # mass is shifted in the grid

SLHA file: /Users/rafalmaselek/Projects/CheckMateCalculations/UML/SLHA_FIX/cmssm_1066_1142_5_-1142_-1.slha
Input file: /Users/rafalmaselek/ScienceSoft/EWKfast_LO/input_default.dat
Sort: OFF 
Cut: -1 
Unit: fb 
ScaleVariation: OFF 

mC2 = 1589.71583 is out of range. |mC2| = 1500 was used.
mN3 = -1587.46505 is out of range. |mN3| = 1500 was used.
mN4 = 1588.0928 is out of range. |mN4| = 1500 was used.

-----------------------------------------------------------------------------------------------
!! EWK PROCESS C1N1 NOT FOUND !! WILL TRY TO LOOK FOR +/- MODES !!
XSEC FOUND FOR: C1+N1
XSEC FOUND FOR: C1-N1
!!! THERE IS MASS SHIFTING IN EWKfast --------------------------------------------------------
Energy  Precision  PDF  Process
13      LO    NNPDF30           C1C1       0.4420293558941565 
13      LO    NNPDF30           C1+C2-     0.00010120356183559919 # mass is shifted in the grid
13      LO    NNPDF30           C1-C2+     0.00010109768719005903 # mass is shifted in the grid
13      LO    NNPDF30           C2C2       0.013200530684422037 # mass is shifted in the grid
13      LO    NNPDF30           N1N1       0.019637172462226543 
13      LO    NNPDF30           N1N2       0.002115004415325679 
13      LO    NNPDF30           N1N3       2.413957674258554e-05 # mass is shifted in the grid
13      LO    NNPDF30           N1N4       2.4261123672197924e-05 # mass is shifted in the grid
13      LO    NNPDF30           N2N2       0.010811848504429884 
13      LO    NNPDF30           N2N3       4.130586066343626e-05 # mass is shifted in the grid
13      LO    NNPDF30           N2N4       2.481671023383377e-05 # mass is shifted in the grid
13      LO    NNPDF30           N3N3       1.161560808205937e-09 # mass is shifted in the grid
13      LO    NNPDF30           N3N4       0.0022775862839439385 # mass is shifted in the grid
13      LO    NNPDF30           N4N4       1.7325628542222933e-08 # mass is shifted in the grid
13      LO    NNPDF30           N1C1+      0.003624758705574369 
13      LO    NNPDF30           N2C1+      0.7023902434909817 
13      LO    NNPDF30           N3C1+      7.188455082818323e-05 # mass is shifted in the grid
13      LO    NNPDF30           N4C1+      2.4132125964734247e-05 # mass is shifted in the grid
13      LO    NNPDF30           N1C1-      0.0012557674327649472 
13      LO    NNPDF30           N2C1-      0.24140271759708182 
13      LO    NNPDF30           N3C1-      2.38141260440304e-05 # mass is shifted in the grid
13      LO    NNPDF30           N4C1-      7.955454994992686e-06 # mass is shifted in the grid
13      LO    NNPDF30           N1C2+      0.00017226490416188785 # mass is shifted in the grid
13      LO    NNPDF30           N2C2+      1.1066420476184905e-05 # mass is shifted in the grid
13      LO    NNPDF30           N3C2+      0.0032033171920603843 # mass is shifted in the grid
13      LO    NNPDF30           N4C2+      0.016278902712280774 # mass is shifted in the grid
13      LO    NNPDF30           N1C2-      5.764463502431193e-05 # mass is shifted in the grid
13      LO    NNPDF30           N2C2-      3.67939099649579e-06 # mass is shifted in the grid
13      LO    NNPDF30           N3C2-      0.001106810275443415 # mass is shifted in the grid
13      LO    NNPDF30           N4C2-      0.005471905646621933 # mass is shifted in the grid

SLHA file: /Users/rafalmaselek/Projects/CheckMateCalculations/UML/SLHA_FIX/cmssm_1066_1142_5_-1142_-1.slha
Input file: /Users/rafalmaselek/ScienceSoft/EWKfast_LO/input_default.dat
Sort: OFF 
Cut: -1 
Unit: fb 
ScaleVariation: OFF 

mC2 = 1589.71583 is out of range. |mC2| = 1500 was used.
mN3 = -1587.46505 is out of range. |mN3| = 1500 was used.
mN4 = 1588.0928 is out of range. |mN4| = 1500 was used.

-----------------------------------------------------------------------------------------------
!! EWK PROCESS C1N2 NOT FOUND !! WILL TRY TO LOOK FOR +/- MODES !!
XSEC FOUND FOR: C1+N2
XSEC FOUND FOR: C1-N2
!!! THERE IS MASS SHIFTING IN EWKfast --------------------------------------------------------
Energy  Precision  PDF  Process
13      LO    NNPDF30           C1C1       0.4420293558941565 
13      LO    NNPDF30           C1+C2-     0.00010120356183559919 # mass is shifted in the grid
13      LO    NNPDF30           C1-C2+     0.00010109768719005903 # mass is shifted in the grid
13      LO    NNPDF30           C2C2       0.013200530684422037 # mass is shifted in the grid
13      LO    NNPDF30           N1N1       0.019637172462226543 
13      LO    NNPDF30           N1N2       0.002115004415325679 
13      LO    NNPDF30           N1N3       2.413957674258554e-05 # mass is shifted in the grid
13      LO    NNPDF30           N1N4       2.4261123672197924e-05 # mass is shifted in the grid
13      LO    NNPDF30           N2N2       0.010811848504429884 
13      LO    NNPDF30           N2N3       4.130586066343626e-05 # mass is shifted in the grid
13      LO    NNPDF30           N2N4       2.481671023383377e-05 # mass is shifted in the grid
13      LO    NNPDF30           N3N3       1.161560808205937e-09 # mass is shifted in the grid
13      LO    NNPDF30           N3N4       0.0022775862839439385 # mass is shifted in the grid
13      LO    NNPDF30           N4N4       1.7325628542222933e-08 # mass is shifted in the grid
13      LO    NNPDF30           N1C1+      0.003624758705574369 
13      LO    NNPDF30           N2C1+      0.7023902434909817 
13      LO    NNPDF30           N3C1+      7.188455082818323e-05 # mass is shifted in the grid
13      LO    NNPDF30           N4C1+      2.4132125964734247e-05 # mass is shifted in the grid
13      LO    NNPDF30           N1C1-      0.0012557674327649472 
13      LO    NNPDF30           N2C1-      0.24140271759708182 
13      LO    NNPDF30           N3C1-      2.38141260440304e-05 # mass is shifted in the grid
13      LO    NNPDF30           N4C1-      7.955454994992686e-06 # mass is shifted in the grid
13      LO    NNPDF30           N1C2+      0.00017226490416188785 # mass is shifted in the grid
13      LO    NNPDF30           N2C2+      1.1066420476184905e-05 # mass is shifted in the grid
13      LO    NNPDF30           N3C2+      0.0032033171920603843 # mass is shifted in the grid
13      LO    NNPDF30           N4C2+      0.016278902712280774 # mass is shifted in the grid
13      LO    NNPDF30           N1C2-      5.764463502431193e-05 # mass is shifted in the grid
13      LO    NNPDF30           N2C2-      3.67939099649579e-06 # mass is shifted in the grid
13      LO    NNPDF30           N3C2-      0.001106810275443415 # mass is shifted in the grid
13      LO    NNPDF30           N4C2-      0.005471905646621933 # mass is shifted in the grid

SLHA file: /Users/rafalmaselek/Projects/CheckMateCalculations/UML/SLHA_FIX/cmssm_1066_1142_5_-1142_-1.slha
Input file: /Users/rafalmaselek/ScienceSoft/EWKfast_LO/input_default.dat
Sort: OFF 
Cut: -1 
Unit: fb 
ScaleVariation: OFF 

mC2 = 1589.71583 is out of range. |mC2| = 1500 was used.
mN3 = -1587.46505 is out of range. |mN3| = 1500 was used.
mN4 = 1588.0928 is out of range. |mN4| = 1500 was used.

-----------------------------------------------------------------------------------------------
!! EWK PROCESS C1N3 NOT FOUND !! WILL TRY TO LOOK FOR +/- MODES !!
XSEC FOUND FOR: C1+N3
XSEC FOUND FOR: C1-N3
!!! THERE IS MASS SHIFTING IN EWKfast --------------------------------------------------------
Energy  Precision  PDF  Process
13      LO    NNPDF30           C1C1       0.4420293558941565 
13      LO    NNPDF30           C1+C2-     0.00010120356183559919 # mass is shifted in the grid
13      LO    NNPDF30           C1-C2+     0.00010109768719005903 # mass is shifted in the grid
13      LO    NNPDF30           C2C2       0.013200530684422037 # mass is shifted in the grid
13      LO    NNPDF30           N1N1       0.019637172462226543 
13      LO    NNPDF30           N1N2       0.002115004415325679 
13      LO    NNPDF30           N1N3       2.413957674258554e-05 # mass is shifted in the grid
13      LO    NNPDF30           N1N4       2.4261123672197924e-05 # mass is shifted in the grid
13      LO    NNPDF30           N2N2       0.010811848504429884 
13      LO    NNPDF30           N2N3       4.130586066343626e-05 # mass is shifted in the grid
13      LO    NNPDF30           N2N4       2.481671023383377e-05 # mass is shifted in the grid
13      LO    NNPDF30           N3N3       1.161560808205937e-09 # mass is shifted in the grid
13      LO    NNPDF30           N3N4       0.0022775862839439385 # mass is shifted in the grid
13      LO    NNPDF30           N4N4       1.7325628542222933e-08 # mass is shifted in the grid
13      LO    NNPDF30           N1C1+      0.003624758705574369 
13      LO    NNPDF30           N2C1+      0.7023902434909817 
13      LO    NNPDF30           N3C1+      7.188455082818323e-05 # mass is shifted in the grid
13      LO    NNPDF30           N4C1+      2.4132125964734247e-05 # mass is shifted in the grid
13      LO    NNPDF30           N1C1-      0.0012557674327649472 
13      LO    NNPDF30           N2C1-      0.24140271759708182 
13      LO    NNPDF30           N3C1-      2.38141260440304e-05 # mass is shifted in the grid
13      LO    NNPDF30           N4C1-      7.955454994992686e-06 # mass is shifted in the grid
13      LO    NNPDF30           N1C2+      0.00017226490416188785 # mass is shifted in the grid
13      LO    NNPDF30           N2C2+      1.1066420476184905e-05 # mass is shifted in the grid
13      LO    NNPDF30           N3C2+      0.0032033171920603843 # mass is shifted in the grid
13      LO    NNPDF30           N4C2+      0.016278902712280774 # mass is shifted in the grid
13      LO    NNPDF30           N1C2-      5.764463502431193e-05 # mass is shifted in the grid
13      LO    NNPDF30           N2C2-      3.67939099649579e-06 # mass is shifted in the grid
13      LO    NNPDF30           N3C2-      0.001106810275443415 # mass is shifted in the grid
13      LO    NNPDF30           N4C2-      0.005471905646621933 # mass is shifted in the grid

SLHA file: /Users/rafalmaselek/Projects/CheckMateCalculations/UML/SLHA_FIX/cmssm_1066_1142_5_-1142_-1.slha
Input file: /Users/rafalmaselek/ScienceSoft/EWKfast_LO/input_default.dat
Sort: OFF 
Cut: -1 
Unit: fb 
ScaleVariation: OFF 

mC2 = 1589.71583 is out of range. |mC2| = 1500 was used.
mN3 = -1587.46505 is out of range. |mN3| = 1500 was used.
mN4 = 1588.0928 is out of range. |mN4| = 1500 was used.

-----------------------------------------------------------------------------------------------
!! EWK PROCESS C1N4 NOT FOUND !! WILL TRY TO LOOK FOR +/- MODES !!
XSEC FOUND FOR: C1+N4
XSEC FOUND FOR: C1-N4
!!! THERE IS MASS SHIFTING IN EWKfast --------------------------------------------------------
Energy  Precision  PDF  Process
13      LO    NNPDF30           C1C1       0.4420293558941565 
13      LO    NNPDF30           C1+C2-     0.00010120356183559919 # mass is shifted in the grid
13      LO    NNPDF30           C1-C2+     0.00010109768719005903 # mass is shifted in the grid
13      LO    NNPDF30           C2C2       0.013200530684422037 # mass is shifted in the grid
13      LO    NNPDF30           N1N1       0.019637172462226543 
13      LO    NNPDF30           N1N2       0.002115004415325679 
13      LO    NNPDF30           N1N3       2.413957674258554e-05 # mass is shifted in the grid
13      LO    NNPDF30           N1N4       2.4261123672197924e-05 # mass is shifted in the grid
13      LO    NNPDF30           N2N2       0.010811848504429884 
13      LO    NNPDF30           N2N3       4.130586066343626e-05 # mass is shifted in the grid
13      LO    NNPDF30           N2N4       2.481671023383377e-05 # mass is shifted in the grid
13      LO    NNPDF30           N3N3       1.161560808205937e-09 # mass is shifted in the grid
13      LO    NNPDF30           N3N4       0.0022775862839439385 # mass is shifted in the grid
13      LO    NNPDF30           N4N4       1.7325628542222933e-08 # mass is shifted in the grid
13      LO    NNPDF30           N1C1+      0.003624758705574369 
13      LO    NNPDF30           N2C1+      0.7023902434909817 
13      LO    NNPDF30           N3C1+      7.188455082818323e-05 # mass is shifted in the grid
13      LO    NNPDF30           N4C1+      2.4132125964734247e-05 # mass is shifted in the grid
13      LO    NNPDF30           N1C1-      0.0012557674327649472 
13      LO    NNPDF30           N2C1-      0.24140271759708182 
13      LO    NNPDF30           N3C1-      2.38141260440304e-05 # mass is shifted in the grid
13      LO    NNPDF30           N4C1-      7.955454994992686e-06 # mass is shifted in the grid
13      LO    NNPDF30           N1C2+      0.00017226490416188785 # mass is shifted in the grid
13      LO    NNPDF30           N2C2+      1.1066420476184905e-05 # mass is shifted in the grid
13      LO    NNPDF30           N3C2+      0.0032033171920603843 # mass is shifted in the grid
13      LO    NNPDF30           N4C2+      0.016278902712280774 # mass is shifted in the grid
13      LO    NNPDF30           N1C2-      5.764463502431193e-05 # mass is shifted in the grid
13      LO    NNPDF30           N2C2-      3.67939099649579e-06 # mass is shifted in the grid
13      LO    NNPDF30           N3C2-      0.001106810275443415 # mass is shifted in the grid
13      LO    NNPDF30           N4C2-      0.005471905646621933 # mass is shifted in the grid

SLHA file: /Users/rafalmaselek/Projects/CheckMateCalculations/UML/SLHA_FIX/cmssm_1066_1142_5_-1142_-1.slha
Input file: /Users/rafalmaselek/ScienceSoft/EWKfast_LO/input_default.dat
Sort: OFF 
Cut: -1 
Unit: fb 
ScaleVariation: OFF 

mC2 = 1589.71583 is out of range. |mC2| = 1500 was used.
mN3 = -1587.46505 is out of range. |mN3| = 1500 was used.
mN4 = 1588.0928 is out of range. |mN4| = 1500 was used.

-----------------------------------------------------------------------------------------------
!! EWK PROCESS C2N1 NOT FOUND !! WILL TRY TO LOOK FOR +/- MODES !!
XSEC FOUND FOR: C2+N1
XSEC FOUND FOR: C2-N1
!!! THERE IS MASS SHIFTING IN EWKfast --------------------------------------------------------
Energy  Precision  PDF  Process
13      LO    NNPDF30           C1C1       0.4420293558941565 
13      LO    NNPDF30           C1+C2-     0.00010120356183559919 # mass is shifted in the grid
13      LO    NNPDF30           C1-C2+     0.00010109768719005903 # mass is shifted in the grid
13      LO    NNPDF30           C2C2       0.013200530684422037 # mass is shifted in the grid
13      LO    NNPDF30           N1N1       0.019637172462226543 
13      LO    NNPDF30           N1N2       0.002115004415325679 
13      LO    NNPDF30           N1N3       2.413957674258554e-05 # mass is shifted in the grid
13      LO    NNPDF30           N1N4       2.4261123672197924e-05 # mass is shifted in the grid
13      LO    NNPDF30           N2N2       0.010811848504429884 
13      LO    NNPDF30           N2N3       4.130586066343626e-05 # mass is shifted in the grid
13      LO    NNPDF30           N2N4       2.481671023383377e-05 # mass is shifted in the grid
13      LO    NNPDF30           N3N3       1.161560808205937e-09 # mass is shifted in the grid
13      LO    NNPDF30           N3N4       0.0022775862839439385 # mass is shifted in the grid
13      LO    NNPDF30           N4N4       1.7325628542222933e-08 # mass is shifted in the grid
13      LO    NNPDF30           N1C1+      0.003624758705574369 
13      LO    NNPDF30           N2C1+      0.7023902434909817 
13      LO    NNPDF30           N3C1+      7.188455082818323e-05 # mass is shifted in the grid
13      LO    NNPDF30           N4C1+      2.4132125964734247e-05 # mass is shifted in the grid
13      LO    NNPDF30           N1C1-      0.0012557674327649472 
13      LO    NNPDF30           N2C1-      0.24140271759708182 
13      LO    NNPDF30           N3C1-      2.38141260440304e-05 # mass is shifted in the grid
13      LO    NNPDF30           N4C1-      7.955454994992686e-06 # mass is shifted in the grid
13      LO    NNPDF30           N1C2+      0.00017226490416188785 # mass is shifted in the grid
13      LO    NNPDF30           N2C2+      1.1066420476184905e-05 # mass is shifted in the grid
13      LO    NNPDF30           N3C2+      0.0032033171920603843 # mass is shifted in the grid
13      LO    NNPDF30           N4C2+      0.016278902712280774 # mass is shifted in the grid
13      LO    NNPDF30           N1C2-      5.764463502431193e-05 # mass is shifted in the grid
13      LO    NNPDF30           N2C2-      3.67939099649579e-06 # mass is shifted in the grid
13      LO    NNPDF30           N3C2-      0.001106810275443415 # mass is shifted in the grid
13      LO    NNPDF30           N4C2-      0.005471905646621933 # mass is shifted in the grid

SLHA file: /Users/rafalmaselek/Projects/CheckMateCalculations/UML/SLHA_FIX/cmssm_1066_1142_5_-1142_-1.slha
Input file: /Users/rafalmaselek/ScienceSoft/EWKfast_LO/input_default.dat
Sort: OFF 
Cut: -1 
Unit: fb 
ScaleVariation: OFF 

mC2 = 1589.71583 is out of range. |mC2| = 1500 was used.
mN3 = -1587.46505 is out of range. |mN3| = 1500 was used.
mN4 = 1588.0928 is out of range. |mN4| = 1500 was used.

-----------------------------------------------------------------------------------------------
!! EWK PROCESS C2N2 NOT FOUND !! WILL TRY TO LOOK FOR +/- MODES !!
XSEC FOUND FOR: C2+N2
XSEC FOUND FOR: C2-N2
!!! THERE IS MASS SHIFTING IN EWKfast --------------------------------------------------------
Energy  Precision  PDF  Process
13      LO    NNPDF30           C1C1       0.4420293558941565 
13      LO    NNPDF30           C1+C2-     0.00010120356183559919 # mass is shifted in the grid
13      LO    NNPDF30           C1-C2+     0.00010109768719005903 # mass is shifted in the grid
13      LO    NNPDF30           C2C2       0.013200530684422037 # mass is shifted in the grid
13      LO    NNPDF30           N1N1       0.019637172462226543 
13      LO    NNPDF30           N1N2       0.002115004415325679 
13      LO    NNPDF30           N1N3       2.413957674258554e-05 # mass is shifted in the grid
13      LO    NNPDF30           N1N4       2.4261123672197924e-05 # mass is shifted in the grid
13      LO    NNPDF30           N2N2       0.010811848504429884 
13      LO    NNPDF30           N2N3       4.130586066343626e-05 # mass is shifted in the grid
13      LO    NNPDF30           N2N4       2.481671023383377e-05 # mass is shifted in the grid
13      LO    NNPDF30           N3N3       1.161560808205937e-09 # mass is shifted in the grid
13      LO    NNPDF30           N3N4       0.0022775862839439385 # mass is shifted in the grid
13      LO    NNPDF30           N4N4       1.7325628542222933e-08 # mass is shifted in the grid
13      LO    NNPDF30           N1C1+      0.003624758705574369 
13      LO    NNPDF30           N2C1+      0.7023902434909817 
13      LO    NNPDF30           N3C1+      7.188455082818323e-05 # mass is shifted in the grid
13      LO    NNPDF30           N4C1+      2.4132125964734247e-05 # mass is shifted in the grid
13      LO    NNPDF30           N1C1-      0.0012557674327649472 
13      LO    NNPDF30           N2C1-      0.24140271759708182 
13      LO    NNPDF30           N3C1-      2.38141260440304e-05 # mass is shifted in the grid
13      LO    NNPDF30           N4C1-      7.955454994992686e-06 # mass is shifted in the grid
13      LO    NNPDF30           N1C2+      0.00017226490416188785 # mass is shifted in the grid
13      LO    NNPDF30           N2C2+      1.1066420476184905e-05 # mass is shifted in the grid
13      LO    NNPDF30           N3C2+      0.0032033171920603843 # mass is shifted in the grid
13      LO    NNPDF30           N4C2+      0.016278902712280774 # mass is shifted in the grid
13      LO    NNPDF30           N1C2-      5.764463502431193e-05 # mass is shifted in the grid
13      LO    NNPDF30           N2C2-      3.67939099649579e-06 # mass is shifted in the grid
13      LO    NNPDF30           N3C2-      0.001106810275443415 # mass is shifted in the grid
13      LO    NNPDF30           N4C2-      0.005471905646621933 # mass is shifted in the grid

SLHA file: /Users/rafalmaselek/Projects/CheckMateCalculations/UML/SLHA_FIX/cmssm_1066_1142_5_-1142_-1.slha
Input file: /Users/rafalmaselek/ScienceSoft/EWKfast_LO/input_default.dat
Sort: OFF 
Cut: -1 
Unit: fb 
ScaleVariation: OFF 

mC2 = 1589.71583 is out of range. |mC2| = 1500 was used.
mN3 = -1587.46505 is out of range. |mN3| = 1500 was used.
mN4 = 1588.0928 is out of range. |mN4| = 1500 was used.

-----------------------------------------------------------------------------------------------
!! EWK PROCESS C2N3 NOT FOUND !! WILL TRY TO LOOK FOR +/- MODES !!
XSEC FOUND FOR: C2+N3
XSEC FOUND FOR: C2-N3
!!! THERE IS MASS SHIFTING IN EWKfast --------------------------------------------------------
Energy  Precision  PDF  Process
13      LO    NNPDF30           C1C1       0.4420293558941565 
13      LO    NNPDF30           C1+C2-     0.00010120356183559919 # mass is shifted in the grid
13      LO    NNPDF30           C1-C2+     0.00010109768719005903 # mass is shifted in the grid
13      LO    NNPDF30           C2C2       0.013200530684422037 # mass is shifted in the grid
13      LO    NNPDF30           N1N1       0.019637172462226543 
13      LO    NNPDF30           N1N2       0.002115004415325679 
13      LO    NNPDF30           N1N3       2.413957674258554e-05 # mass is shifted in the grid
13      LO    NNPDF30           N1N4       2.4261123672197924e-05 # mass is shifted in the grid
13      LO    NNPDF30           N2N2       0.010811848504429884 
13      LO    NNPDF30           N2N3       4.130586066343626e-05 # mass is shifted in the grid
13      LO    NNPDF30           N2N4       2.481671023383377e-05 # mass is shifted in the grid
13      LO    NNPDF30           N3N3       1.161560808205937e-09 # mass is shifted in the grid
13      LO    NNPDF30           N3N4       0.0022775862839439385 # mass is shifted in the grid
13      LO    NNPDF30           N4N4       1.7325628542222933e-08 # mass is shifted in the grid
13      LO    NNPDF30           N1C1+      0.003624758705574369 
13      LO    NNPDF30           N2C1+      0.7023902434909817 
13      LO    NNPDF30           N3C1+      7.188455082818323e-05 # mass is shifted in the grid
13      LO    NNPDF30           N4C1+      2.4132125964734247e-05 # mass is shifted in the grid
13      LO    NNPDF30           N1C1-      0.0012557674327649472 
13      LO    NNPDF30           N2C1-      0.24140271759708182 
13      LO    NNPDF30           N3C1-      2.38141260440304e-05 # mass is shifted in the grid
13      LO    NNPDF30           N4C1-      7.955454994992686e-06 # mass is shifted in the grid
13      LO    NNPDF30           N1C2+      0.00017226490416188785 # mass is shifted in the grid
13      LO    NNPDF30           N2C2+      1.1066420476184905e-05 # mass is shifted in the grid
13      LO    NNPDF30           N3C2+      0.0032033171920603843 # mass is shifted in the grid
13      LO    NNPDF30           N4C2+      0.016278902712280774 # mass is shifted in the grid
13      LO    NNPDF30           N1C2-      5.764463502431193e-05 # mass is shifted in the grid
13      LO    NNPDF30           N2C2-      3.67939099649579e-06 # mass is shifted in the grid
13      LO    NNPDF30           N3C2-      0.001106810275443415 # mass is shifted in the grid
13      LO    NNPDF30           N4C2-      0.005471905646621933 # mass is shifted in the grid

SLHA file: /Users/rafalmaselek/Projects/CheckMateCalculations/UML/SLHA_FIX/cmssm_1066_1142_5_-1142_-1.slha
Input file: /Users/rafalmaselek/ScienceSoft/EWKfast_LO/input_default.dat
Sort: OFF 
Cut: -1 
Unit: fb 
ScaleVariation: OFF 

mC2 = 1589.71583 is out of range. |mC2| = 1500 was used.
mN3 = -1587.46505 is out of range. |mN3| = 1500 was used.
mN4 = 1588.0928 is out of range. |mN4| = 1500 was used.

-----------------------------------------------------------------------------------------------
!! EWK PROCESS C2N4 NOT FOUND !! WILL TRY TO LOOK FOR +/- MODES !!
XSEC FOUND FOR: C2+N4
XSEC FOUND FOR: C2-N4
!!! THERE IS MASS SHIFTING IN EWKfast --------------------------------------------------------
Energy  Precision  PDF  Process
13      LO    NNPDF30           C1C1       0.4420293558941565 
13      LO    NNPDF30           C1+C2-     0.00010120356183559919 # mass is shifted in the grid
13      LO    NNPDF30           C1-C2+     0.00010109768719005903 # mass is shifted in the grid
13      LO    NNPDF30           C2C2       0.013200530684422037 # mass is shifted in the grid
13      LO    NNPDF30           N1N1       0.019637172462226543 
13      LO    NNPDF30           N1N2       0.002115004415325679 
13      LO    NNPDF30           N1N3       2.413957674258554e-05 # mass is shifted in the grid
13      LO    NNPDF30           N1N4       2.4261123672197924e-05 # mass is shifted in the grid
13      LO    NNPDF30           N2N2       0.010811848504429884 
13      LO    NNPDF30           N2N3       4.130586066343626e-05 # mass is shifted in the grid
13      LO    NNPDF30           N2N4       2.481671023383377e-05 # mass is shifted in the grid
13      LO    NNPDF30           N3N3       1.161560808205937e-09 # mass is shifted in the grid
13      LO    NNPDF30           N3N4       0.0022775862839439385 # mass is shifted in the grid
13      LO    NNPDF30           N4N4       1.7325628542222933e-08 # mass is shifted in the grid
13      LO    NNPDF30           N1C1+      0.003624758705574369 
13      LO    NNPDF30           N2C1+      0.7023902434909817 
13      LO    NNPDF30           N3C1+      7.188455082818323e-05 # mass is shifted in the grid
13      LO    NNPDF30           N4C1+      2.4132125964734247e-05 # mass is shifted in the grid
13      LO    NNPDF30           N1C1-      0.0012557674327649472 
13      LO    NNPDF30           N2C1-      0.24140271759708182 
13      LO    NNPDF30           N3C1-      2.38141260440304e-05 # mass is shifted in the grid
13      LO    NNPDF30           N4C1-      7.955454994992686e-06 # mass is shifted in the grid
13      LO    NNPDF30           N1C2+      0.00017226490416188785 # mass is shifted in the grid
13      LO    NNPDF30           N2C2+      1.1066420476184905e-05 # mass is shifted in the grid
13      LO    NNPDF30           N3C2+      0.0032033171920603843 # mass is shifted in the grid
13      LO    NNPDF30           N4C2+      0.016278902712280774 # mass is shifted in the grid
13      LO    NNPDF30           N1C2-      5.764463502431193e-05 # mass is shifted in the grid
13      LO    NNPDF30           N2C2-      3.67939099649579e-06 # mass is shifted in the grid
13      LO    NNPDF30           N3C2-      0.001106810275443415 # mass is shifted in the grid
13      LO    NNPDF30           N4C2-      0.005471905646621933 # mass is shifted in the grid

SLHA file: /Users/rafalmaselek/Projects/CheckMateCalculations/UML/SLHA_FIX/cmssm_1066_1142_5_-1142_-1.slha
Input file: /Users/rafalmaselek/ScienceSoft/EWKfast_LO/input_default.dat
Sort: OFF 
Cut: -1 
Unit: fb 
ScaleVariation: OFF 

mC2 = 1589.71583 is out of range. |mC2| = 1500 was used.
mN3 = -1587.46505 is out of range. |mN3| = 1500 was used.
mN4 = 1588.0928 is out of range. |mN4| = 1500 was used.

-----------------------------------------------------------------------------------------------
!!! THERE IS MASS SHIFTING IN EWKfast --------------------------------------------------------
Energy  Precision  PDF  Process
13      LO    NNPDF30           C1C1       0.4420293558941565 
13      LO    NNPDF30           C1+C2-     0.00010120356183559919 # mass is shifted in the grid
13      LO    NNPDF30           C1-C2+     0.00010109768719005903 # mass is shifted in the grid
13      LO    NNPDF30           C2C2       0.013200530684422037 # mass is shifted in the grid
13      LO    NNPDF30           N1N1       0.019637172462226543 
13      LO    NNPDF30           N1N2       0.002115004415325679 
13      LO    NNPDF30           N1N3       2.413957674258554e-05 # mass is shifted in the grid
13      LO    NNPDF30           N1N4       2.4261123672197924e-05 # mass is shifted in the grid
13      LO    NNPDF30           N2N2       0.010811848504429884 
13      LO    NNPDF30           N2N3       4.130586066343626e-05 # mass is shifted in the grid
13      LO    NNPDF30           N2N4       2.481671023383377e-05 # mass is shifted in the grid
13      LO    NNPDF30           N3N3       1.161560808205937e-09 # mass is shifted in the grid
13      LO    NNPDF30           N3N4       0.0022775862839439385 # mass is shifted in the grid
13      LO    NNPDF30           N4N4       1.7325628542222933e-08 # mass is shifted in the grid
13      LO    NNPDF30           N1C1+      0.003624758705574369 
13      LO    NNPDF30           N2C1+      0.7023902434909817 
13      LO    NNPDF30           N3C1+      7.188455082818323e-05 # mass is shifted in the grid
13      LO    NNPDF30           N4C1+      2.4132125964734247e-05 # mass is shifted in the grid
13      LO    NNPDF30           N1C1-      0.0012557674327649472 
13      LO    NNPDF30           N2C1-      0.24140271759708182 
13      LO    NNPDF30           N3C1-      2.38141260440304e-05 # mass is shifted in the grid
13      LO    NNPDF30           N4C1-      7.955454994992686e-06 # mass is shifted in the grid
13      LO    NNPDF30           N1C2+      0.00017226490416188785 # mass is shifted in the grid
13      LO    NNPDF30           N2C2+      1.1066420476184905e-05 # mass is shifted in the grid
13      LO    NNPDF30           N3C2+      0.0032033171920603843 # mass is shifted in the grid
13      LO    NNPDF30           N4C2+      0.016278902712280774 # mass is shifted in the grid
13      LO    NNPDF30           N1C2-      5.764463502431193e-05 # mass is shifted in the grid
13      LO    NNPDF30           N2C2-      3.67939099649579e-06 # mass is shifted in the grid
13      LO    NNPDF30           N3C2-      0.001106810275443415 # mass is shifted in the grid
13      LO    NNPDF30           N4C2-      0.005471905646621933 # mass is shifted in the grid

SLHA file: /Users/rafalmaselek/Projects/CheckMateCalculations/UML/SLHA_FIX/cmssm_1066_1142_5_-1142_-1.slha
Input file: /Users/rafalmaselek/ScienceSoft/EWKfast_LO/input_default.dat
Sort: OFF 
Cut: -1 
Unit: fb 
ScaleVariation: OFF 

mC2 = 1589.71583 is out of range. |mC2| = 1500 was used.
mN3 = -1587.46505 is out of range. |mN3| = 1500 was used.
mN4 = 1588.0928 is out of range. |mN4| = 1500 was used.

-----------------------------------------------------------------------------------------------
!!! THERE IS MASS SHIFTING IN EWKfast --------------------------------------------------------
Energy  Precision  PDF  Process
13      LO    NNPDF30           C1C1       0.4420293558941565 
13      LO    NNPDF30           C1+C2-     0.00010120356183559919 # mass is shifted in the grid
13      LO    NNPDF30           C1-C2+     0.00010109768719005903 # mass is shifted in the grid
13      LO    NNPDF30           C2C2       0.013200530684422037 # mass is shifted in the grid
13      LO    NNPDF30           N1N1       0.019637172462226543 
13      LO    NNPDF30           N1N2       0.002115004415325679 
13      LO    NNPDF30           N1N3       2.413957674258554e-05 # mass is shifted in the grid
13      LO    NNPDF30           N1N4       2.4261123672197924e-05 # mass is shifted in the grid
13      LO    NNPDF30           N2N2       0.010811848504429884 
13      LO    NNPDF30           N2N3       4.130586066343626e-05 # mass is shifted in the grid
13      LO    NNPDF30           N2N4       2.481671023383377e-05 # mass is shifted in the grid
13      LO    NNPDF30           N3N3       1.161560808205937e-09 # mass is shifted in the grid
13      LO    NNPDF30           N3N4       0.0022775862839439385 # mass is shifted in the grid
13      LO    NNPDF30           N4N4       1.7325628542222933e-08 # mass is shifted in the grid
13      LO    NNPDF30           N1C1+      0.003624758705574369 
13      LO    NNPDF30           N2C1+      0.7023902434909817 
13      LO    NNPDF30           N3C1+      7.188455082818323e-05 # mass is shifted in the grid
13      LO    NNPDF30           N4C1+      2.4132125964734247e-05 # mass is shifted in the grid
13      LO    NNPDF30           N1C1-      0.0012557674327649472 
13      LO    NNPDF30           N2C1-      0.24140271759708182 
13      LO    NNPDF30           N3C1-      2.38141260440304e-05 # mass is shifted in the grid
13      LO    NNPDF30           N4C1-      7.955454994992686e-06 # mass is shifted in the grid
13      LO    NNPDF30           N1C2+      0.00017226490416188785 # mass is shifted in the grid
13      LO    NNPDF30           N2C2+      1.1066420476184905e-05 # mass is shifted in the grid
13      LO    NNPDF30           N3C2+      0.0032033171920603843 # mass is shifted in the grid
13      LO    NNPDF30           N4C2+      0.016278902712280774 # mass is shifted in the grid
13      LO    NNPDF30           N1C2-      5.764463502431193e-05 # mass is shifted in the grid
13      LO    NNPDF30           N2C2-      3.67939099649579e-06 # mass is shifted in the grid
13      LO    NNPDF30           N3C2-      0.001106810275443415 # mass is shifted in the grid
13      LO    NNPDF30           N4C2-      0.005471905646621933 # mass is shifted in the grid

SLHA file: /Users/rafalmaselek/Projects/CheckMateCalculations/UML/SLHA_FIX/cmssm_1066_1142_5_-1142_-1.slha
Input file: /Users/rafalmaselek/ScienceSoft/EWKfast_LO/input_default.dat
Sort: OFF 
Cut: -1 
Unit: fb 
ScaleVariation: OFF 

mC2 = 1589.71583 is out of range. |mC2| = 1500 was used.
mN3 = -1587.46505 is out of range. |mN3| = 1500 was used.
mN4 = 1588.0928 is out of range. |mN4| = 1500 was used.

-----------------------------------------------------------------------------------------------
!!! THERE IS MASS SHIFTING IN EWKfast --------------------------------------------------------
Energy  Precision  PDF  Process
13      LO    NNPDF30           C1C1       0.4420293558941565 
13      LO    NNPDF30           C1+C2-     0.00010120356183559919 # mass is shifted in the grid
13      LO    NNPDF30           C1-C2+     0.00010109768719005903 # mass is shifted in the grid
13      LO    NNPDF30           C2C2       0.013200530684422037 # mass is shifted in the grid
13      LO    NNPDF30           N1N1       0.019637172462226543 
13      LO    NNPDF30           N1N2       0.002115004415325679 
13      LO    NNPDF30           N1N3       2.413957674258554e-05 # mass is shifted in the grid
13      LO    NNPDF30           N1N4       2.4261123672197924e-05 # mass is shifted in the grid
13      LO    NNPDF30           N2N2       0.010811848504429884 
13      LO    NNPDF30           N2N3       4.130586066343626e-05 # mass is shifted in the grid
13      LO    NNPDF30           N2N4       2.481671023383377e-05 # mass is shifted in the grid
13      LO    NNPDF30           N3N3       1.161560808205937e-09 # mass is shifted in the grid
13      LO    NNPDF30           N3N4       0.0022775862839439385 # mass is shifted in the grid
13      LO    NNPDF30           N4N4       1.7325628542222933e-08 # mass is shifted in the grid
13      LO    NNPDF30           N1C1+      0.003624758705574369 
13      LO    NNPDF30           N2C1+      0.7023902434909817 
13      LO    NNPDF30           N3C1+      7.188455082818323e-05 # mass is shifted in the grid
13      LO    NNPDF30           N4C1+      2.4132125964734247e-05 # mass is shifted in the grid
13      LO    NNPDF30           N1C1-      0.0012557674327649472 
13      LO    NNPDF30           N2C1-      0.24140271759708182 
13      LO    NNPDF30           N3C1-      2.38141260440304e-05 # mass is shifted in the grid
13      LO    NNPDF30           N4C1-      7.955454994992686e-06 # mass is shifted in the grid
13      LO    NNPDF30           N1C2+      0.00017226490416188785 # mass is shifted in the grid
13      LO    NNPDF30           N2C2+      1.1066420476184905e-05 # mass is shifted in the grid
13      LO    NNPDF30           N3C2+      0.0032033171920603843 # mass is shifted in the grid
13      LO    NNPDF30           N4C2+      0.016278902712280774 # mass is shifted in the grid
13      LO    NNPDF30           N1C2-      5.764463502431193e-05 # mass is shifted in the grid
13      LO    NNPDF30           N2C2-      3.67939099649579e-06 # mass is shifted in the grid
13      LO    NNPDF30           N3C2-      0.001106810275443415 # mass is shifted in the grid
13      LO    NNPDF30           N4C2-      0.005471905646621933 # mass is shifted in the grid

SLHA file: /Users/rafalmaselek/Projects/CheckMateCalculations/UML/SLHA_FIX/cmssm_1066_1142_5_-1142_-1.slha
Input file: /Users/rafalmaselek/ScienceSoft/EWKfast_LO/input_default.dat
Sort: OFF 
Cut: -1 
Unit: fb 
ScaleVariation: OFF 

mC2 = 1589.71583 is out of range. |mC2| = 1500 was used.
mN3 = -1587.46505 is out of range. |mN3| = 1500 was used.
mN4 = 1588.0928 is out of range. |mN4| = 1500 was used.

-----------------------------------------------------------------------------------------------
!!! THERE IS MASS SHIFTING IN EWKfast --------------------------------------------------------
Energy  Precision  PDF  Process
13      LO    NNPDF30           C1C1       0.4420293558941565 
13      LO    NNPDF30           C1+C2-     0.00010120356183559919 # mass is shifted in the grid
13      LO    NNPDF30           C1-C2+     0.00010109768719005903 # mass is shifted in the grid
13      LO    NNPDF30           C2C2       0.013200530684422037 # mass is shifted in the grid
13      LO    NNPDF30           N1N1       0.019637172462226543 
13      LO    NNPDF30           N1N2       0.002115004415325679 
13      LO    NNPDF30           N1N3       2.413957674258554e-05 # mass is shifted in the grid
13      LO    NNPDF30           N1N4       2.4261123672197924e-05 # mass is shifted in the grid
13      LO    NNPDF30           N2N2       0.010811848504429884 
13      LO    NNPDF30           N2N3       4.130586066343626e-05 # mass is shifted in the grid
13      LO    NNPDF30           N2N4       2.481671023383377e-05 # mass is shifted in the grid
13      LO    NNPDF30           N3N3       1.161560808205937e-09 # mass is shifted in the grid
13      LO    NNPDF30           N3N4       0.0022775862839439385 # mass is shifted in the grid
13      LO    NNPDF30           N4N4       1.7325628542222933e-08 # mass is shifted in the grid
13      LO    NNPDF30           N1C1+      0.003624758705574369 
13      LO    NNPDF30           N2C1+      0.7023902434909817 
13      LO    NNPDF30           N3C1+      7.188455082818323e-05 # mass is shifted in the grid
13      LO    NNPDF30           N4C1+      2.4132125964734247e-05 # mass is shifted in the grid
13      LO    NNPDF30           N1C1-      0.0012557674327649472 
13      LO    NNPDF30           N2C1-      0.24140271759708182 
13      LO    NNPDF30           N3C1-      2.38141260440304e-05 # mass is shifted in the grid
13      LO    NNPDF30           N4C1-      7.955454994992686e-06 # mass is shifted in the grid
13      LO    NNPDF30           N1C2+      0.00017226490416188785 # mass is shifted in the grid
13      LO    NNPDF30           N2C2+      1.1066420476184905e-05 # mass is shifted in the grid
13      LO    NNPDF30           N3C2+      0.0032033171920603843 # mass is shifted in the grid
13      LO    NNPDF30           N4C2+      0.016278902712280774 # mass is shifted in the grid
13      LO    NNPDF30           N1C2-      5.764463502431193e-05 # mass is shifted in the grid
13      LO    NNPDF30           N2C2-      3.67939099649579e-06 # mass is shifted in the grid
13      LO    NNPDF30           N3C2-      0.001106810275443415 # mass is shifted in the grid
13      LO    NNPDF30           N4C2-      0.005471905646621933 # mass is shifted in the grid

SLHA file: /Users/rafalmaselek/Projects/CheckMateCalculations/UML/SLHA_FIX/cmssm_1066_1142_5_-1142_-1.slha
Input file: /Users/rafalmaselek/ScienceSoft/EWKfast_LO/input_default.dat
Sort: OFF 
Cut: -1 
Unit: fb 
ScaleVariation: OFF 

mC2 = 1589.71583 is out of range. |mC2| = 1500 was used.
mN3 = -1587.46505 is out of range. |mN3| = 1500 was used.
mN4 = 1588.0928 is out of range. |mN4| = 1500 was used.

-----------------------------------------------------------------------------------------------
!!! THERE IS MASS SHIFTING IN EWKfast --------------------------------------------------------
Energy  Precision  PDF  Process
13      LO    NNPDF30           C1C1       0.4420293558941565 
13      LO    NNPDF30           C1+C2-     0.00010120356183559919 # mass is shifted in the grid
13      LO    NNPDF30           C1-C2+     0.00010109768719005903 # mass is shifted in the grid
13      LO    NNPDF30           C2C2       0.013200530684422037 # mass is shifted in the grid
13      LO    NNPDF30           N1N1       0.019637172462226543 
13      LO    NNPDF30           N1N2       0.002115004415325679 
13      LO    NNPDF30           N1N3       2.413957674258554e-05 # mass is shifted in the grid
13      LO    NNPDF30           N1N4       2.4261123672197924e-05 # mass is shifted in the grid
13      LO    NNPDF30           N2N2       0.010811848504429884 
13      LO    NNPDF30           N2N3       4.130586066343626e-05 # mass is shifted in the grid
13      LO    NNPDF30           N2N4       2.481671023383377e-05 # mass is shifted in the grid
13      LO    NNPDF30           N3N3       1.161560808205937e-09 # mass is shifted in the grid
13      LO    NNPDF30           N3N4       0.0022775862839439385 # mass is shifted in the grid
13      LO    NNPDF30           N4N4       1.7325628542222933e-08 # mass is shifted in the grid
13      LO    NNPDF30           N1C1+      0.003624758705574369 
13      LO    NNPDF30           N2C1+      0.7023902434909817 
13      LO    NNPDF30           N3C1+      7.188455082818323e-05 # mass is shifted in the grid
13      LO    NNPDF30           N4C1+      2.4132125964734247e-05 # mass is shifted in the grid
13      LO    NNPDF30           N1C1-      0.0012557674327649472 
13      LO    NNPDF30           N2C1-      0.24140271759708182 
13      LO    NNPDF30           N3C1-      2.38141260440304e-05 # mass is shifted in the grid
13      LO    NNPDF30           N4C1-      7.955454994992686e-06 # mass is shifted in the grid
13      LO    NNPDF30           N1C2+      0.00017226490416188785 # mass is shifted in the grid
13      LO    NNPDF30           N2C2+      1.1066420476184905e-05 # mass is shifted in the grid
13      LO    NNPDF30           N3C2+      0.0032033171920603843 # mass is shifted in the grid
13      LO    NNPDF30           N4C2+      0.016278902712280774 # mass is shifted in the grid
13      LO    NNPDF30           N1C2-      5.764463502431193e-05 # mass is shifted in the grid
13      LO    NNPDF30           N2C2-      3.67939099649579e-06 # mass is shifted in the grid
13      LO    NNPDF30           N3C2-      0.001106810275443415 # mass is shifted in the grid
13      LO    NNPDF30           N4C2-      0.005471905646621933 # mass is shifted in the grid

SLHA file: /Users/rafalmaselek/Projects/CheckMateCalculations/UML/SLHA_FIX/cmssm_1066_1142_5_-1142_-1.slha
Input file: /Users/rafalmaselek/ScienceSoft/EWKfast_LO/input_default.dat
Sort: OFF 
Cut: -1 
Unit: fb 
ScaleVariation: OFF 

mC2 = 1589.71583 is out of range. |mC2| = 1500 was used.
mN3 = -1587.46505 is out of range. |mN3| = 1500 was used.
mN4 = 1588.0928 is out of range. |mN4| = 1500 was used.

-----------------------------------------------------------------------------------------------
!!! THERE IS MASS SHIFTING IN EWKfast --------------------------------------------------------
Energy  Precision  PDF  Process
13      LO    NNPDF30           C1C1       0.4420293558941565 
13      LO    NNPDF30           C1+C2-     0.00010120356183559919 # mass is shifted in the grid
13      LO    NNPDF30           C1-C2+     0.00010109768719005903 # mass is shifted in the grid
13      LO    NNPDF30           C2C2       0.013200530684422037 # mass is shifted in the grid
13      LO    NNPDF30           N1N1       0.019637172462226543 
13      LO    NNPDF30           N1N2       0.002115004415325679 
13      LO    NNPDF30           N1N3       2.413957674258554e-05 # mass is shifted in the grid
13      LO    NNPDF30           N1N4       2.4261123672197924e-05 # mass is shifted in the grid
13      LO    NNPDF30           N2N2       0.010811848504429884 
13      LO    NNPDF30           N2N3       4.130586066343626e-05 # mass is shifted in the grid
13      LO    NNPDF30           N2N4       2.481671023383377e-05 # mass is shifted in the grid
13      LO    NNPDF30           N3N3       1.161560808205937e-09 # mass is shifted in the grid
13      LO    NNPDF30           N3N4       0.0022775862839439385 # mass is shifted in the grid
13      LO    NNPDF30           N4N4       1.7325628542222933e-08 # mass is shifted in the grid
13      LO    NNPDF30           N1C1+      0.003624758705574369 
13      LO    NNPDF30           N2C1+      0.7023902434909817 
13      LO    NNPDF30           N3C1+      7.188455082818323e-05 # mass is shifted in the grid
13      LO    NNPDF30           N4C1+      2.4132125964734247e-05 # mass is shifted in the grid
13      LO    NNPDF30           N1C1-      0.0012557674327649472 
13      LO    NNPDF30           N2C1-      0.24140271759708182 
13      LO    NNPDF30           N3C1-      2.38141260440304e-05 # mass is shifted in the grid
13      LO    NNPDF30           N4C1-      7.955454994992686e-06 # mass is shifted in the grid
13      LO    NNPDF30           N1C2+      0.00017226490416188785 # mass is shifted in the grid
13      LO    NNPDF30           N2C2+      1.1066420476184905e-05 # mass is shifted in the grid
13      LO    NNPDF30           N3C2+      0.0032033171920603843 # mass is shifted in the grid
13      LO    NNPDF30           N4C2+      0.016278902712280774 # mass is shifted in the grid
13      LO    NNPDF30           N1C2-      5.764463502431193e-05 # mass is shifted in the grid
13      LO    NNPDF30           N2C2-      3.67939099649579e-06 # mass is shifted in the grid
13      LO    NNPDF30           N3C2-      0.001106810275443415 # mass is shifted in the grid
13      LO    NNPDF30           N4C2-      0.005471905646621933 # mass is shifted in the grid

SLHA file: /Users/rafalmaselek/Projects/CheckMateCalculations/UML/SLHA_FIX/cmssm_1066_1142_5_-1142_-1.slha
Input file: /Users/rafalmaselek/ScienceSoft/EWKfast_LO/input_default.dat
Sort: OFF 
Cut: -1 
Unit: fb 
ScaleVariation: OFF 

mC2 = 1589.71583 is out of range. |mC2| = 1500 was used.
mN3 = -1587.46505 is out of range. |mN3| = 1500 was used.
mN4 = 1588.0928 is out of range. |mN4| = 1500 was used.

-----------------------------------------------------------------------------------------------
!!! THERE IS MASS SHIFTING IN EWKfast --------------------------------------------------------
Energy  Precision  PDF  Process
13      LO    NNPDF30           C1C1       0.4420293558941565 
13      LO    NNPDF30           C1+C2-     0.00010120356183559919 # mass is shifted in the grid
13      LO    NNPDF30           C1-C2+     0.00010109768719005903 # mass is shifted in the grid
13      LO    NNPDF30           C2C2       0.013200530684422037 # mass is shifted in the grid
13      LO    NNPDF30           N1N1       0.019637172462226543 
13      LO    NNPDF30           N1N2       0.002115004415325679 
13      LO    NNPDF30           N1N3       2.413957674258554e-05 # mass is shifted in the grid
13      LO    NNPDF30           N1N4       2.4261123672197924e-05 # mass is shifted in the grid
13      LO    NNPDF30           N2N2       0.010811848504429884 
13      LO    NNPDF30           N2N3       4.130586066343626e-05 # mass is shifted in the grid
13      LO    NNPDF30           N2N4       2.481671023383377e-05 # mass is shifted in the grid
13      LO    NNPDF30           N3N3       1.161560808205937e-09 # mass is shifted in the grid
13      LO    NNPDF30           N3N4       0.0022775862839439385 # mass is shifted in the grid
13      LO    NNPDF30           N4N4       1.7325628542222933e-08 # mass is shifted in the grid
13      LO    NNPDF30           N1C1+      0.003624758705574369 
13      LO    NNPDF30           N2C1+      0.7023902434909817 
13      LO    NNPDF30           N3C1+      7.188455082818323e-05 # mass is shifted in the grid
13      LO    NNPDF30           N4C1+      2.4132125964734247e-05 # mass is shifted in the grid
13      LO    NNPDF30           N1C1-      0.0012557674327649472 
13      LO    NNPDF30           N2C1-      0.24140271759708182 
13      LO    NNPDF30           N3C1-      2.38141260440304e-05 # mass is shifted in the grid
13      LO    NNPDF30           N4C1-      7.955454994992686e-06 # mass is shifted in the grid
13      LO    NNPDF30           N1C2+      0.00017226490416188785 # mass is shifted in the grid
13      LO    NNPDF30           N2C2+      1.1066420476184905e-05 # mass is shifted in the grid
13      LO    NNPDF30           N3C2+      0.0032033171920603843 # mass is shifted in the grid
13      LO    NNPDF30           N4C2+      0.016278902712280774 # mass is shifted in the grid
13      LO    NNPDF30           N1C2-      5.764463502431193e-05 # mass is shifted in the grid
13      LO    NNPDF30           N2C2-      3.67939099649579e-06 # mass is shifted in the grid
13      LO    NNPDF30           N3C2-      0.001106810275443415 # mass is shifted in the grid
13      LO    NNPDF30           N4C2-      0.005471905646621933 # mass is shifted in the grid

SLHA file: /Users/rafalmaselek/Projects/CheckMateCalculations/UML/SLHA_FIX/cmssm_1066_1142_5_-1142_-1.slha
Input file: /Users/rafalmaselek/ScienceSoft/EWKfast_LO/input_default.dat
Sort: OFF 
Cut: -1 
Unit: fb 
ScaleVariation: OFF 

mC2 = 1589.71583 is out of range. |mC2| = 1500 was used.
mN3 = -1587.46505 is out of range. |mN3| = 1500 was used.
mN4 = 1588.0928 is out of range. |mN4| = 1500 was used.

-----------------------------------------------------------------------------------------------
!!! THERE IS MASS SHIFTING IN EWKfast --------------------------------------------------------
Energy  Precision  PDF  Process
13      LO    NNPDF30           C1C1       0.4420293558941565 
13      LO    NNPDF30           C1+C2-     0.00010120356183559919 # mass is shifted in the grid
13      LO    NNPDF30           C1-C2+     0.00010109768719005903 # mass is shifted in the grid
13      LO    NNPDF30           C2C2       0.013200530684422037 # mass is shifted in the grid
13      LO    NNPDF30           N1N1       0.019637172462226543 
13      LO    NNPDF30           N1N2       0.002115004415325679 
13      LO    NNPDF30           N1N3       2.413957674258554e-05 # mass is shifted in the grid
13      LO    NNPDF30           N1N4       2.4261123672197924e-05 # mass is shifted in the grid
13      LO    NNPDF30           N2N2       0.010811848504429884 
13      LO    NNPDF30           N2N3       4.130586066343626e-05 # mass is shifted in the grid
13      LO    NNPDF30           N2N4       2.481671023383377e-05 # mass is shifted in the grid
13      LO    NNPDF30           N3N3       1.161560808205937e-09 # mass is shifted in the grid
13      LO    NNPDF30           N3N4       0.0022775862839439385 # mass is shifted in the grid
13      LO    NNPDF30           N4N4       1.7325628542222933e-08 # mass is shifted in the grid
13      LO    NNPDF30           N1C1+      0.003624758705574369 
13      LO    NNPDF30           N2C1+      0.7023902434909817 
13      LO    NNPDF30           N3C1+      7.188455082818323e-05 # mass is shifted in the grid
13      LO    NNPDF30           N4C1+      2.4132125964734247e-05 # mass is shifted in the grid
13      LO    NNPDF30           N1C1-      0.0012557674327649472 
13      LO    NNPDF30           N2C1-      0.24140271759708182 
13      LO    NNPDF30           N3C1-      2.38141260440304e-05 # mass is shifted in the grid
13      LO    NNPDF30           N4C1-      7.955454994992686e-06 # mass is shifted in the grid
13      LO    NNPDF30           N1C2+      0.00017226490416188785 # mass is shifted in the grid
13      LO    NNPDF30           N2C2+      1.1066420476184905e-05 # mass is shifted in the grid
13      LO    NNPDF30           N3C2+      0.0032033171920603843 # mass is shifted in the grid
13      LO    NNPDF30           N4C2+      0.016278902712280774 # mass is shifted in the grid
13      LO    NNPDF30           N1C2-      5.764463502431193e-05 # mass is shifted in the grid
13      LO    NNPDF30           N2C2-      3.67939099649579e-06 # mass is shifted in the grid
13      LO    NNPDF30           N3C2-      0.001106810275443415 # mass is shifted in the grid
13      LO    NNPDF30           N4C2-      0.005471905646621933 # mass is shifted in the grid

SLHA file: /Users/rafalmaselek/Projects/CheckMateCalculations/UML/SLHA_FIX/cmssm_1066_1142_5_-1142_-1.slha
Input file: /Users/rafalmaselek/ScienceSoft/EWKfast_LO/input_default.dat
Sort: OFF 
Cut: -1 
Unit: fb 
ScaleVariation: OFF 

mC2 = 1589.71583 is out of range. |mC2| = 1500 was used.
mN3 = -1587.46505 is out of range. |mN3| = 1500 was used.
mN4 = 1588.0928 is out of range. |mN4| = 1500 was used.

-----------------------------------------------------------------------------------------------
!!! THERE IS MASS SHIFTING IN EWKfast --------------------------------------------------------
Energy  Precision  PDF  Process
13      LO    NNPDF30           C1C1       0.4420293558941565 
13      LO    NNPDF30           C1+C2-     0.00010120356183559919 # mass is shifted in the grid
13      LO    NNPDF30           C1-C2+     0.00010109768719005903 # mass is shifted in the grid
13      LO    NNPDF30           C2C2       0.013200530684422037 # mass is shifted in the grid
13      LO    NNPDF30           N1N1       0.019637172462226543 
13      LO    NNPDF30           N1N2       0.002115004415325679 
13      LO    NNPDF30           N1N3       2.413957674258554e-05 # mass is shifted in the grid
13      LO    NNPDF30           N1N4       2.4261123672197924e-05 # mass is shifted in the grid
13      LO    NNPDF30           N2N2       0.010811848504429884 
13      LO    NNPDF30           N2N3       4.130586066343626e-05 # mass is shifted in the grid
13      LO    NNPDF30           N2N4       2.481671023383377e-05 # mass is shifted in the grid
13      LO    NNPDF30           N3N3       1.161560808205937e-09 # mass is shifted in the grid
13      LO    NNPDF30           N3N4       0.0022775862839439385 # mass is shifted in the grid
13      LO    NNPDF30           N4N4       1.7325628542222933e-08 # mass is shifted in the grid
13      LO    NNPDF30           N1C1+      0.003624758705574369 
13      LO    NNPDF30           N2C1+      0.7023902434909817 
13      LO    NNPDF30           N3C1+      7.188455082818323e-05 # mass is shifted in the grid
13      LO    NNPDF30           N4C1+      2.4132125964734247e-05 # mass is shifted in the grid
13      LO    NNPDF30           N1C1-      0.0012557674327649472 
13      LO    NNPDF30           N2C1-      0.24140271759708182 
13      LO    NNPDF30           N3C1-      2.38141260440304e-05 # mass is shifted in the grid
13      LO    NNPDF30           N4C1-      7.955454994992686e-06 # mass is shifted in the grid
13      LO    NNPDF30           N1C2+      0.00017226490416188785 # mass is shifted in the grid
13      LO    NNPDF30           N2C2+      1.1066420476184905e-05 # mass is shifted in the grid
13      LO    NNPDF30           N3C2+      0.0032033171920603843 # mass is shifted in the grid
13      LO    NNPDF30           N4C2+      0.016278902712280774 # mass is shifted in the grid
13      LO    NNPDF30           N1C2-      5.764463502431193e-05 # mass is shifted in the grid
13      LO    NNPDF30           N2C2-      3.67939099649579e-06 # mass is shifted in the grid
13      LO    NNPDF30           N3C2-      0.001106810275443415 # mass is shifted in the grid
13      LO    NNPDF30           N4C2-      0.005471905646621933 # mass is shifted in the grid

SLHA file: /Users/rafalmaselek/Projects/CheckMateCalculations/UML/SLHA_FIX/cmssm_1066_1142_5_-1142_-1.slha
Input file: /Users/rafalmaselek/ScienceSoft/EWKfast_LO/input_default.dat
Sort: OFF 
Cut: -1 
Unit: fb 
ScaleVariation: OFF 

mC2 = 1589.71583 is out of range. |mC2| = 1500 was used.
mN3 = -1587.46505 is out of range. |mN3| = 1500 was used.
mN4 = 1588.0928 is out of range. |mN4| = 1500 was used.

-----------------------------------------------------------------------------------------------
---------------  Output inclusive processes  ---------------
The total xsec = 2851.50 [fb]
The total rate = 100.00%
Output upto 0.10%
                Modes : xsec/fb      (rate)
          C1wN1_N2zN1 : 775.9106331 (27.21)%
          C1wN1_C1wN1 : 442.0293559 (15.50)%
      QqC1wN1_QqC1wN1 : 357.6467824 (12.54)%
      QqC1wN1_QqN2zN1 : 294.8716433 (10.34)%
          C1wN1_N2hN1 : 167.8823280 (5.89)%
      QqC1wN1_QqN2hN1 : 63.8008242 (2.24)%
      QqN2zN1_QqN2zN1 : 60.7787420 (2.13)%
      GtT1tN1_QqC1wN1 : 46.5054424 (1.63)%
   GtT1bC1wN1_QqC1wN1 : 41.4430869 (1.45)%
       GqQqN1_QqC1wN1 : 32.1663613 (1.13)%
      QqN2hN1_QqN2zN1 : 26.3011647 (0.92)%
                N1_N1 : 19.6371725 (0.69)%
      GtT1tN1_QqN2zN1 : 19.1713401 (0.67)%
   GtT1bC1wN1_QqN2zN1 : 17.0844416 (0.60)%
   GtT1tN2zN1_QqC1wN1 : 16.2168290 (0.57)%
         QqC1wN1_QqN1 : 15.9527966 (0.56)%
GtT1bC2hC1wN1_QqC1wN1 : 13.2606195 (0.47)%
       GqQqN1_QqN2zN1 : 13.2602169 (0.47)%
GtT1bC2zC1wN1_QqC1wN1 : 12.1134409 (0.42)%
   GbB1tC1wN1_QqC1wN1 : 11.3145104 (0.40)%
GtT1bC2wN2zN1_QqC1wN1 : 9.7408063 (0.34)%
       T1bC1wN1_T1tN1 : 7.6570265 (0.27)%
          N2zN1_N2zN1 : 7.3075179 (0.26)%
GtT1tN3wC1wN1_QqC1wN1 : 6.8174137 (0.24)%
   GtT1tN2zN1_QqN2zN1 : 6.6852035 (0.23)%
         QqN1_QqN2zN1 : 6.5763591 (0.23)%
GbB1tC2hC1wN1_QqC1wN1 : 6.5020063 (0.23)%
      GbB2bN1_QqC1wN1 : 6.4676705 (0.23)%
GbB1tC2zC1wN1_QqC1wN1 : 5.9395166 (0.21)%
   GtT1bC2wN1_QqC1wN1 : 5.6756201 (0.20)%
GtT1bC2hC1wN1_QqN2zN1 : 5.4665397 (0.19)%
   GtT2hT1tN1_QqC1wN1 : 5.3162582 (0.19)%
   GtT2bC1wN1_QqC1wN1 : 5.2764474 (0.19)%
GtT1bC2zC1wN1_QqN2zN1 : 4.9936284 (0.18)%
             C1wN1_N1 : 4.8805261 (0.17)%
GtT2tN4wC1wN1_QqC1wN1 : 4.8322672 (0.17)%
   GbB1bN2zN1_QqC1wN1 : 4.7781321 (0.17)%
GbB1tC2wN2zN1_QqC1wN1 : 4.7761557 (0.17)%
GtT2hT1bC1wN1_QqC1wN1 : 4.7375562 (0.17)%
   GbB1tC1wN1_QqN2zN1 : 4.6642784 (0.16)%
          T1tN1_T1tN1 : 4.2961738 (0.15)%
      GtT1tN1_QqN2hN1 : 4.1480669 (0.15)%
GtT1bC2wN2zN1_QqN2zN1 : 4.0155367 (0.14)%
   GtT1bC1wN1_QqN2hN1 : 3.6965286 (0.13)%
    C2hC1wN1_N4wC1wN1 : 3.6687030 (0.13)%
   GtT1tN2hN1_QqC1wN1 : 3.5088049 (0.12)%
    T1bC1wN1_T1bC1wN1 : 3.4117600 (0.12)%
GtT2tN3wC1wN1_QqC1wN1 : 3.3781916 (0.12)%
    C2zC1wN1_N4wC1wN1 : 3.3513228 (0.12)%
          N2hN1_N2zN1 : 3.1622279 (0.11)%
       T1tN1_T1tN2zN1 : 2.9962220 (0.11)%
       GqQqN1_QqN2hN1 : 2.8690883 (0.10)%
      QqN2hN1_QqN2hN1 : 2.8453668 (0.10)%
------------------------------------------------------------
                                    SUM=91.59%

SHOWING PROCESSES TO GET 90.00% SUSY COVERAGE
---------------  Output inclusive processes  ---------------
The total xsec = 2851.50 [fb]
The total rate = 100.00%
                Modes : xsec/fb      (rate)
          C1wN1_N2zN1 : 775.9106331 (27.21)%
          C1wN1_C1wN1 : 442.0293559 (15.50)%
      QqC1wN1_QqC1wN1 : 357.6467824 (12.54)%
      QqC1wN1_QqN2zN1 : 294.8716433 (10.34)%
          C1wN1_N2hN1 : 167.8823280 (5.89)%
      QqC1wN1_QqN2hN1 : 63.8008242 (2.24)%
      QqN2zN1_QqN2zN1 : 60.7787420 (2.13)%
      GtT1tN1_QqC1wN1 : 46.5054424 (1.63)%
   GtT1bC1wN1_QqC1wN1 : 41.4430869 (1.45)%
       GqQqN1_QqC1wN1 : 32.1663613 (1.13)%
      QqN2hN1_QqN2zN1 : 26.3011647 (0.92)%
                N1_N1 : 19.6371725 (0.69)%
      GtT1tN1_QqN2zN1 : 19.1713401 (0.67)%
   GtT1bC1wN1_QqN2zN1 : 17.0844416 (0.60)%
   GtT1tN2zN1_QqC1wN1 : 16.2168290 (0.57)%
         QqC1wN1_QqN1 : 15.9527966 (0.56)%
GtT1bC2hC1wN1_QqC1wN1 : 13.2606195 (0.47)%
       GqQqN1_QqN2zN1 : 13.2602169 (0.47)%
GtT1bC2zC1wN1_QqC1wN1 : 12.1134409 (0.42)%
   GbB1tC1wN1_QqC1wN1 : 11.3145104 (0.40)%
GtT1bC2wN2zN1_QqC1wN1 : 9.7408063 (0.34)%
       T1bC1wN1_T1tN1 : 7.6570265 (0.27)%
          N2zN1_N2zN1 : 7.3075179 (0.26)%
GtT1tN3wC1wN1_QqC1wN1 : 6.8174137 (0.24)%
   GtT1tN2zN1_QqN2zN1 : 6.6852035 (0.23)%
         QqN1_QqN2zN1 : 6.5763591 (0.23)%
GbB1tC2hC1wN1_QqC1wN1 : 6.5020063 (0.23)%
      GbB2bN1_QqC1wN1 : 6.4676705 (0.23)%
GbB1tC2zC1wN1_QqC1wN1 : 5.9395166 (0.21)%
   GtT1bC2wN1_QqC1wN1 : 5.6756201 (0.20)%
GtT1bC2hC1wN1_QqN2zN1 : 5.4665397 (0.19)%
   GtT2hT1tN1_QqC1wN1 : 5.3162582 (0.19)%
   GtT2bC1wN1_QqC1wN1 : 5.2764474 (0.19)%
GtT1bC2zC1wN1_QqN2zN1 : 4.9936284 (0.18)%
             C1wN1_N1 : 4.8805261 (0.17)%
GtT2tN4wC1wN1_QqC1wN1 : 4.8322672 (0.17)%
   GbB1bN2zN1_QqC1wN1 : 4.7781321 (0.17)%
GbB1tC2wN2zN1_QqC1wN1 : 4.7761557 (0.17)%
GtT2hT1bC1wN1_QqC1wN1 : 4.7375562 (0.17)%
   GbB1tC1wN1_QqN2zN1 : 4.6642784 (0.16)%
------------------------------------------------------------
                                    SUM=90.00%
