/Users/rafalmaselek/Projects/fastlim-1.0
 
#################################################################
#                                                               #
#                                                               #
#                     This is Fastlim  ver. 1.0                 #
#                                                               #
#          A fast LHC limit calculator for BSM models.          #
#                                                               #
#                  http://cern.ch/fastlim-1.0/                  #
#                                                               #
#  for bugs/feature requests: fastlim-1.0.developers@gmail.com  #
#                                                               #
#    please refer to:                                           #
#    M.Papucci, K.Sakurai, A.Weiler, L.Zeune arXiv:1402.xxxx    #
#                                                               #
#################################################################
 

!! Masses incompatible with the data for ERER !!

!! Problem with reading tables for ER ER !! Probably mass outside the table !! Setting xsec to 10^-20 !!

!! Masses incompatible with the data for ELEL !!

!! Problem with reading tables for EL EL !! Probably mass outside the table !! Setting xsec to 10^-20 !!

!! Masses incompatible with the data for TAU1TAU1 !!

!! Problem with reading tables for TAU1 TAU1 !! Probably mass outside the table !! Setting xsec to 10^-20 !!

!! Masses incompatible with the data for TAU2TAU2 !!

!! Problem with reading tables for TAU2 TAU2 !! Probably mass outside the table !! Setting xsec to 10^-20 !!
Decoupling mG=2576.32095 GeV; mQ=3141.5910325000004 GeV

!! Masses incompatible with the data for QQ !!

!! Problem with reading tables for Q Q !! Probably mass outside the table !! Setting xsec to 10^-20 !!

!! Masses incompatible with the data for GQ !!

!! Problem with reading tables for G Q !! Probably mass outside the table !! Setting xsec to 10^-20 !!
!! EWK PROCESS C1C2 NOT FOUND !! WILL TRY TO LOOK FOR +/- MODES !!
XSEC FOUND FOR: C1-C2+
XSEC FOUND FOR: C1+C2-
!! EWK PROCESS C1N1 NOT FOUND !! WILL TRY TO LOOK FOR +/- MODES !!
XSEC FOUND FOR: C1+N1
XSEC FOUND FOR: C1-N1
!! EWK PROCESS C1N2 NOT FOUND !! WILL TRY TO LOOK FOR +/- MODES !!
XSEC FOUND FOR: C1+N2
XSEC FOUND FOR: C1-N2
!! EWK PROCESS C1N3 NOT FOUND !! WILL TRY TO LOOK FOR +/- MODES !!
XSEC FOUND FOR: C1+N3
XSEC FOUND FOR: C1-N3
!! EWK PROCESS C1N4 NOT FOUND !! WILL TRY TO LOOK FOR +/- MODES !!
XSEC FOUND FOR: C1+N4
XSEC FOUND FOR: C1-N4
!! EWK PROCESS C2N1 NOT FOUND !! WILL TRY TO LOOK FOR +/- MODES !!
XSEC FOUND FOR: C2+N1
XSEC FOUND FOR: C2-N1
!! EWK PROCESS C2N2 NOT FOUND !! WILL TRY TO LOOK FOR +/- MODES !!
XSEC FOUND FOR: C2+N2
XSEC FOUND FOR: C2-N2
!! EWK PROCESS C2N3 NOT FOUND !! WILL TRY TO LOOK FOR +/- MODES !!
XSEC FOUND FOR: C2+N3
XSEC FOUND FOR: C2-N3
!! EWK PROCESS C2N4 NOT FOUND !! WILL TRY TO LOOK FOR +/- MODES !!
XSEC FOUND FOR: C2+N4
XSEC FOUND FOR: C2-N4
---------------  Output inclusive processes  ---------------
The total xsec = 2331.33 [fb]
The total rate = 100.00%
Output upto 0.10%
            Modes : xsec/fb      (rate)
      C1wN1_N2hN1 : 1097.0307875 (47.06)%
      C1wN1_C1wN1 : 560.9234310 (24.06)%
      C1wN1_N2zN1 : 133.3763600 (5.72)%
C2hC1wN1_N4wC1wN1 : 21.1556161 (0.91)%
C2hC1wN1_N3wC1wN1 : 20.1231975 (0.86)%
C2zC1wN1_N4wC1wN1 : 18.0885493 (0.78)%
C2zC1wN1_N3wC1wN1 : 17.2058071 (0.74)%
C2wN2hN1_N4wC1wN1 : 16.8991084 (0.72)%
N3wC1wN1_N4wC1wN1 : 16.6492302 (0.71)%
C2wN2hN1_N3wC1wN1 : 16.0744123 (0.69)%
   C2wN1_N4wC1wN1 : 15.1553500 (0.65)%
   C2wN1_N3wC1wN1 : 14.4157514 (0.62)%
C2hC1wN1_C2zC1wN1 : 11.5262053 (0.49)%
C2hC1wN1_C2wN2hN1 : 10.7682816 (0.46)%
C2hC1wN1_N4hN2hN1 : 10.4819023 (0.45)%
   C2hC1wN1_C2wN1 : 9.6571413 (0.41)%
C2wN2hN1_C2zC1wN1 : 9.2071340 (0.39)%
C2zC1wN1_N4hN2hN1 : 8.9622730 (0.38)%
            N1_N1 : 8.8548605 (0.38)%
   C2hC1wN1_N3zN1 : 8.7826351 (0.38)%
C2wN2hN1_N4hN2hN1 : 8.3729447 (0.36)%
C2hC1wN1_N3zN2hN1 : 8.3386557 (0.36)%
   C2wN1_C2zC1wN1 : 8.2570829 (0.35)%
N3wC1wN1_N4hN2hN1 : 8.2491384 (0.35)%
   C2wN1_C2wN2hN1 : 7.7141255 (0.33)%
   C2hC1wN1_N4hN1 : 7.6212703 (0.33)%
   C2zC1wN1_N3zN1 : 7.5093596 (0.32)%
   C2wN1_N4hN2hN1 : 7.5089706 (0.32)%
   N3zN1_N4wC1wN1 : 7.2664453 (0.31)%
C2zC1wN1_N3zN2hN1 : 7.1297468 (0.31)%
   C2wN2hN1_N3zN1 : 7.0155699 (0.30)%
N3zN2hN1_N4wC1wN1 : 6.8991123 (0.30)%
C2hC1wN1_C2hC1wN1 : 6.7402855 (0.29)%
C2wN2hN1_N3zN2hN1 : 6.6609191 (0.29)%
   C1wN1_N3wC1wN1 : 6.5981111 (0.28)%
   C2zC1wN1_N4hN1 : 6.5163654 (0.28)%
      C2wN1_N3zN1 : 6.2916584 (0.27)%
   C2wN2hN1_N4hN1 : 6.0878716 (0.26)%
   N3wC1wN1_N4hN1 : 5.9978534 (0.26)%
   C2wN1_N3zN2hN1 : 5.9736027 (0.26)%
      C2wN1_N4hN1 : 5.4596859 (0.23)%
C2zC1wN1_C2zC1wN1 : 4.9275883 (0.21)%
      N2hN1_N2hN1 : 4.3505794 (0.19)%
C2wN2hN1_C2wN2hN1 : 4.3008522 (0.18)%
   N3zN1_N4hN2hN1 : 3.6002813 (0.15)%
      C2wN1_C2wN1 : 3.4590663 (0.15)%
N3zN2hN1_N4hN2hN1 : 3.4182801 (0.15)%
      C1wN1_N3zN1 : 2.8797015 (0.12)%
   N2hN1_N3wC1wN1 : 2.7715193 (0.12)%
   C1wN1_N3zN2hN1 : 2.7341270 (0.12)%
      N3zN1_N4hN1 : 2.6177231 (0.11)%
         C1wN1_N1 : 2.5327318 (0.11)%
   N3zN2hN1_N4hN1 : 2.4853920 (0.11)%
C2wN2zN1_N4wC1wN1 : 2.0545837 (0.09)%
------------------------------------------------------------
                                SUM=95.04%

SHOWING PROCESSES TO GET 90.00% SUSY COVERAGE
---------------  Output inclusive processes  ---------------
The total xsec = 2331.33 [fb]
The total rate = 100.00%
            Modes : xsec/fb      (rate)
      C1wN1_N2hN1 : 1097.0307875 (47.06)%
      C1wN1_C1wN1 : 560.9234310 (24.06)%
      C1wN1_N2zN1 : 133.3763600 (5.72)%
C2hC1wN1_N4wC1wN1 : 21.1556161 (0.91)%
C2hC1wN1_N3wC1wN1 : 20.1231975 (0.86)%
C2zC1wN1_N4wC1wN1 : 18.0885493 (0.78)%
C2zC1wN1_N3wC1wN1 : 17.2058071 (0.74)%
C2wN2hN1_N4wC1wN1 : 16.8991084 (0.72)%
N3wC1wN1_N4wC1wN1 : 16.6492302 (0.71)%
C2wN2hN1_N3wC1wN1 : 16.0744123 (0.69)%
   C2wN1_N4wC1wN1 : 15.1553500 (0.65)%
   C2wN1_N3wC1wN1 : 14.4157514 (0.62)%
C2hC1wN1_C2zC1wN1 : 11.5262053 (0.49)%
C2hC1wN1_C2wN2hN1 : 10.7682816 (0.46)%
C2hC1wN1_N4hN2hN1 : 10.4819023 (0.45)%
   C2hC1wN1_C2wN1 : 9.6571413 (0.41)%
C2wN2hN1_C2zC1wN1 : 9.2071340 (0.39)%
C2zC1wN1_N4hN2hN1 : 8.9622730 (0.38)%
            N1_N1 : 8.8548605 (0.38)%
   C2hC1wN1_N3zN1 : 8.7826351 (0.38)%
C2wN2hN1_N4hN2hN1 : 8.3729447 (0.36)%
C2hC1wN1_N3zN2hN1 : 8.3386557 (0.36)%
   C2wN1_C2zC1wN1 : 8.2570829 (0.35)%
N3wC1wN1_N4hN2hN1 : 8.2491384 (0.35)%
   C2wN1_C2wN2hN1 : 7.7141255 (0.33)%
   C2hC1wN1_N4hN1 : 7.6212703 (0.33)%
   C2zC1wN1_N3zN1 : 7.5093596 (0.32)%
   C2wN1_N4hN2hN1 : 7.5089706 (0.32)%
   N3zN1_N4wC1wN1 : 7.2664453 (0.31)%
C2zC1wN1_N3zN2hN1 : 7.1297468 (0.31)%
------------------------------------------------------------
                                SUM=90.22%
