/Users/rafalmaselek/Projects/fastlim-1.0
 
#################################################################
#                                                               #
#                                                               #
#                     This is Fastlim  ver. 1.0                 #
#                                                               #
#          A fast LHC limit calculator for BSM models.          #
#                                                               #
#                  http://cern.ch/fastlim-1.0/                  #
#                                                               #
#  for bugs/feature requests: fastlim-1.0.developers@gmail.com  #
#                                                               #
#    please refer to:                                           #
#    M.Papucci, K.Sakurai, A.Weiler, L.Zeune arXiv:1402.xxxx    #
#                                                               #
#################################################################
 

!! Masses incompatible with the data for ERER !!

!! Problem with reading tables for ER ER !! Probably mass outside the table !! Setting xsec to 10^-20 !!

!! Masses incompatible with the data for ELEL !!

!! Problem with reading tables for EL EL !! Probably mass outside the table !! Setting xsec to 10^-20 !!

!! Masses incompatible with the data for TAU1TAU1 !!

!! Problem with reading tables for TAU1 TAU1 !! Probably mass outside the table !! Setting xsec to 10^-20 !!

!! Masses incompatible with the data for TAU2TAU2 !!

!! Problem with reading tables for TAU2 TAU2 !! Probably mass outside the table !! Setting xsec to 10^-20 !!
!! EWK PROCESS C1C2 NOT FOUND !! WILL TRY TO LOOK FOR +/- MODES !!
XSEC FOUND FOR: C1-C2+
XSEC FOUND FOR: C1+C2-
!! EWK PROCESS C1N1 NOT FOUND !! WILL TRY TO LOOK FOR +/- MODES !!
XSEC FOUND FOR: C1+N1
XSEC FOUND FOR: C1-N1
!! EWK PROCESS C1N2 NOT FOUND !! WILL TRY TO LOOK FOR +/- MODES !!
XSEC FOUND FOR: C1+N2
XSEC FOUND FOR: C1-N2
!! EWK PROCESS C1N3 NOT FOUND !! WILL TRY TO LOOK FOR +/- MODES !!
XSEC FOUND FOR: C1+N3
XSEC FOUND FOR: C1-N3
!! EWK PROCESS C1N4 NOT FOUND !! WILL TRY TO LOOK FOR +/- MODES !!
XSEC FOUND FOR: C1+N4
XSEC FOUND FOR: C1-N4
!! EWK PROCESS C2N1 NOT FOUND !! WILL TRY TO LOOK FOR +/- MODES !!
XSEC FOUND FOR: C2+N1
XSEC FOUND FOR: C2-N1
!! EWK PROCESS C2N2 NOT FOUND !! WILL TRY TO LOOK FOR +/- MODES !!
XSEC FOUND FOR: C2+N2
XSEC FOUND FOR: C2-N2
!! EWK PROCESS C2N3 NOT FOUND !! WILL TRY TO LOOK FOR +/- MODES !!
XSEC FOUND FOR: C2+N3
XSEC FOUND FOR: C2-N3
!! EWK PROCESS C2N4 NOT FOUND !! WILL TRY TO LOOK FOR +/- MODES !!
XSEC FOUND FOR: C2+N4
XSEC FOUND FOR: C2-N4
---------------  Output inclusive processes  ---------------
The total xsec = 194309.36 [fb]
The total rate = 100.00%
Output upto 0.10%
                   Modes : xsec/fb      (rate)
         QqC1wN1_QqC1wN1 : 25824.1039492 (13.29)%
         QqC1wN1_QqN2zN1 : 25135.8134430 (12.94)%
             C1wN1_N2zN1 : 18839.1832962 (9.70)%
      GtT1bC1wN1_QqC1wN1 : 17267.7762604 (8.89)%
             C1wN1_C1wN1 : 9489.4033625 (4.88)%
      GtT1bC1wN1_QqN2zN1 : 8403.7688880 (4.32)%
      GtT1tN2zN1_QqC1wN1 : 7286.2136321 (3.75)%
         QqN2zN1_QqN2zN1 : 6116.4669904 (3.15)%
         GtT1tN1_QqC1wN1 : 4846.7785916 (2.49)%
          GqQqN1_QqC1wN1 : 4411.7939706 (2.27)%
      GtT1tN2zN1_QqN2zN1 : 3546.0069964 (1.82)%
      GbB1tC1wN1_QqC1wN1 : 3268.1057293 (1.68)%
         GtT1tN1_QqN2zN1 : 2358.7986386 (1.21)%
          GqQqN1_QqN2zN1 : 2147.1031562 (1.10)%
   GbB1tC2hC1wN1_QqC1wN1 : 1722.5958314 (0.89)%
      GbB1bN2zN1_QqC1wN1 : 1703.0907278 (0.88)%
   GbB1tC2zC1wN1_QqC1wN1 : 1651.1620902 (0.85)%
      GbB1tC1wN1_QqN2zN1 : 1590.5004117 (0.82)%
   GbB1tC2wN2zN1_QqC1wN1 : 1579.9091207 (0.81)%
   GtT1bC2hC1wN1_QqC1wN1 : 1442.3023902 (0.74)%
       T1bC1wN1_T1bC1wN1 : 1423.7556970 (0.73)%
   GtT1bC1wN1_GtT1bC1wN1 : 1393.5300079 (0.72)%
   GtT1bC2zC1wN1_QqC1wN1 : 1382.4920424 (0.71)%
   GtT1bC2wN2zN1_QqC1wN1 : 1322.8330520 (0.68)%
       T1bC1wN1_T1tN2zN1 : 1201.5198728 (0.62)%
   GtT1bC1wN1_GtT1tN2zN1 : 1176.0121497 (0.61)%
            QqC1wN1_QqN1 : 1095.9305314 (0.56)%
         GbB2bN1_QqC1wN1 : 981.3503542 (0.51)%
         QqC1wN1_QqN2hN1 : 895.5270084 (0.46)%
   GbB1tC2hC1wN1_QqN2zN1 : 838.3417202 (0.43)%
      GbB1bN2zN1_QqN2zN1 : 828.8491035 (0.43)%
   GbB1tC2zC1wN1_QqN2zN1 : 803.5768123 (0.41)%
          T1bC1wN1_T1tN1 : 799.2492522 (0.41)%
      GtT1bC1wN1_GtT1tN1 : 782.2815523 (0.40)%
   GbB1tC2wN2zN1_QqN2zN1 : 768.8998812 (0.40)%
      GbB1tC2wN1_QqC1wN1 : 752.5599166 (0.39)%
       GqQqN1_GtT1bC1wN1 : 712.0740035 (0.37)%
   GtT1bC2hC1wN1_QqN2zN1 : 701.9303337 (0.36)%
   GbB1wT1bC1wN1_QqC1wN1 : 679.5060552 (0.35)%
   GtT1bC2zC1wN1_QqN2zN1 : 672.8222232 (0.35)%
             C1wN1_N2hN1 : 671.1936137 (0.35)%
   GtT1bC2wN2zN1_QqN2zN1 : 643.7877743 (0.33)%
      GtT1bC2wN1_QqC1wN1 : 630.1065790 (0.32)%
            QqN1_QqN2zN1 : 533.3603334 (0.27)%
   GbB1tC1wN1_GtT1bC1wN1 : 527.4800106 (0.27)%
         GbB2bN1_QqN2zN1 : 477.5971990 (0.25)%
         QqN2hN1_QqN2zN1 : 435.8292520 (0.22)%
         GtT1bC1wN1_QqN1 : 366.4073543 (0.19)%
      GbB1tC2wN1_QqN2zN1 : 366.2509589 (0.19)%
          T1tN1_T1tN2zN1 : 337.2467137 (0.17)%
   GbB1wT1bC1wN1_QqN2zN1 : 330.6975814 (0.17)%
      GtT1tN1_GtT1tN2zN1 : 330.0871186 (0.17)%
      GtT1bC2wN1_QqN2zN1 : 306.6561661 (0.16)%
       GqQqN1_GtT1tN2zN1 : 300.4627367 (0.15)%
      GtT1bC1wN1_QqN2hN1 : 299.4055485 (0.15)%
   GbB1wT1tN2zN1_QqC1wN1 : 286.7205486 (0.15)%
GbB1tC2hC1wN1_GtT1bC1wN1 : 278.0310500 (0.14)%
   GbB1bN2zN1_GtT1bC1wN1 : 274.8828801 (0.14)%
             B2bN1_B2bN1 : 274.4225450 (0.14)%
GbB1tC2zC1wN1_GtT1bC1wN1 : 266.5014749 (0.14)%
                   N1_N1 : 261.6307225 (0.13)%
             N2zN1_N2zN1 : 260.7544909 (0.13)%
      GtT1tN2hN1_QqC1wN1 : 259.5898124 (0.13)%
GbB1tC2wN2zN1_GtT1bC1wN1 : 255.0010767 (0.13)%
       T1tN2zN1_T1tN2zN1 : 253.4932798 (0.13)%
   GtT1tN2zN1_GtT1tN2zN1 : 248.1117321 (0.13)%
    T1bC1wN1_T1bC2hC1wN1 : 237.8402655 (0.12)%
GtT1bC1wN1_GtT1bC2hC1wN1 : 232.7910243 (0.12)%
    T1bC1wN1_T1bC2zC1wN1 : 227.9773483 (0.12)%
GtT1bC1wN1_GtT1bC2zC1wN1 : 223.1374924 (0.11)%
   GbB1tC1wN1_GtT1tN2zN1 : 222.5724949 (0.11)%
    T1bC1wN1_T1bC2wN2zN1 : 218.1393905 (0.11)%
GtT1bC1wN1_GtT1bC2wN2zN1 : 213.5083899 (0.11)%
          GqQqN1_GtT1tN1 : 199.8673705 (0.10)%
      GbB1wT1tN1_QqC1wN1 : 190.7260872 (0.10)%
------------------------------------------------------------
                                       SUM=92.27%

SHOWING PROCESSES TO GET 90.00% SUSY COVERAGE
---------------  Output inclusive processes  ---------------
The total xsec = 194309.36 [fb]
The total rate = 100.00%
                   Modes : xsec/fb      (rate)
         QqC1wN1_QqC1wN1 : 25824.1039492 (13.29)%
         QqC1wN1_QqN2zN1 : 25135.8134430 (12.94)%
             C1wN1_N2zN1 : 18839.1832962 (9.70)%
      GtT1bC1wN1_QqC1wN1 : 17267.7762604 (8.89)%
             C1wN1_C1wN1 : 9489.4033625 (4.88)%
      GtT1bC1wN1_QqN2zN1 : 8403.7688880 (4.32)%
      GtT1tN2zN1_QqC1wN1 : 7286.2136321 (3.75)%
         QqN2zN1_QqN2zN1 : 6116.4669904 (3.15)%
         GtT1tN1_QqC1wN1 : 4846.7785916 (2.49)%
          GqQqN1_QqC1wN1 : 4411.7939706 (2.27)%
      GtT1tN2zN1_QqN2zN1 : 3546.0069964 (1.82)%
      GbB1tC1wN1_QqC1wN1 : 3268.1057293 (1.68)%
         GtT1tN1_QqN2zN1 : 2358.7986386 (1.21)%
          GqQqN1_QqN2zN1 : 2147.1031562 (1.10)%
   GbB1tC2hC1wN1_QqC1wN1 : 1722.5958314 (0.89)%
      GbB1bN2zN1_QqC1wN1 : 1703.0907278 (0.88)%
   GbB1tC2zC1wN1_QqC1wN1 : 1651.1620902 (0.85)%
      GbB1tC1wN1_QqN2zN1 : 1590.5004117 (0.82)%
   GbB1tC2wN2zN1_QqC1wN1 : 1579.9091207 (0.81)%
   GtT1bC2hC1wN1_QqC1wN1 : 1442.3023902 (0.74)%
       T1bC1wN1_T1bC1wN1 : 1423.7556970 (0.73)%
   GtT1bC1wN1_GtT1bC1wN1 : 1393.5300079 (0.72)%
   GtT1bC2zC1wN1_QqC1wN1 : 1382.4920424 (0.71)%
   GtT1bC2wN2zN1_QqC1wN1 : 1322.8330520 (0.68)%
       T1bC1wN1_T1tN2zN1 : 1201.5198728 (0.62)%
   GtT1bC1wN1_GtT1tN2zN1 : 1176.0121497 (0.61)%
            QqC1wN1_QqN1 : 1095.9305314 (0.56)%
         GbB2bN1_QqC1wN1 : 981.3503542 (0.51)%
         QqC1wN1_QqN2hN1 : 895.5270084 (0.46)%
   GbB1tC2hC1wN1_QqN2zN1 : 838.3417202 (0.43)%
      GbB1bN2zN1_QqN2zN1 : 828.8491035 (0.43)%
   GbB1tC2zC1wN1_QqN2zN1 : 803.5768123 (0.41)%
          T1bC1wN1_T1tN1 : 799.2492522 (0.41)%
      GtT1bC1wN1_GtT1tN1 : 782.2815523 (0.40)%
   GbB1tC2wN2zN1_QqN2zN1 : 768.8998812 (0.40)%
      GbB1tC2wN1_QqC1wN1 : 752.5599166 (0.39)%
       GqQqN1_GtT1bC1wN1 : 712.0740035 (0.37)%
   GtT1bC2hC1wN1_QqN2zN1 : 701.9303337 (0.36)%
   GbB1wT1bC1wN1_QqC1wN1 : 679.5060552 (0.35)%
   GtT1bC2zC1wN1_QqN2zN1 : 672.8222232 (0.35)%
             C1wN1_N2hN1 : 671.1936137 (0.35)%
   GtT1bC2wN2zN1_QqN2zN1 : 643.7877743 (0.33)%
      GtT1bC2wN1_QqC1wN1 : 630.1065790 (0.32)%
            QqN1_QqN2zN1 : 533.3603334 (0.27)%
   GbB1tC1wN1_GtT1bC1wN1 : 527.4800106 (0.27)%
         GbB2bN1_QqN2zN1 : 477.5971990 (0.25)%
         QqN2hN1_QqN2zN1 : 435.8292520 (0.22)%
         GtT1bC1wN1_QqN1 : 366.4073543 (0.19)%
      GbB1tC2wN1_QqN2zN1 : 366.2509589 (0.19)%
          T1tN1_T1tN2zN1 : 337.2467137 (0.17)%
   GbB1wT1bC1wN1_QqN2zN1 : 330.6975814 (0.17)%
      GtT1tN1_GtT1tN2zN1 : 330.0871186 (0.17)%
      GtT1bC2wN1_QqN2zN1 : 306.6561661 (0.16)%
       GqQqN1_GtT1tN2zN1 : 300.4627367 (0.15)%
      GtT1bC1wN1_QqN2hN1 : 299.4055485 (0.15)%
   GbB1wT1tN2zN1_QqC1wN1 : 286.7205486 (0.15)%
GbB1tC2hC1wN1_GtT1bC1wN1 : 278.0310500 (0.14)%
------------------------------------------------------------
                                       SUM=90.04%
