/Users/rafalmaselek/Projects/fastlim-1.0
 
#################################################################
#                                                               #
#                                                               #
#                     This is Fastlim  ver. 1.0                 #
#                                                               #
#          A fast LHC limit calculator for BSM models.          #
#                                                               #
#                  http://cern.ch/fastlim-1.0/                  #
#                                                               #
#  for bugs/feature requests: fastlim-1.0.developers@gmail.com  #
#                                                               #
#    please refer to:                                           #
#    M.Papucci, K.Sakurai, A.Weiler, L.Zeune arXiv:1402.xxxx    #
#                                                               #
#################################################################
 

!! Masses incompatible with the data for ERER !!

!! Problem with reading tables for ER ER !! Probably mass outside the table !! Setting xsec to 10^-20 !!

!! Masses incompatible with the data for ELEL !!

!! Problem with reading tables for EL EL !! Probably mass outside the table !! Setting xsec to 10^-20 !!

!! Masses incompatible with the data for TAU1TAU1 !!

!! Problem with reading tables for TAU1 TAU1 !! Probably mass outside the table !! Setting xsec to 10^-20 !!

!! Masses incompatible with the data for TAU2TAU2 !!

!! Problem with reading tables for TAU2 TAU2 !! Probably mass outside the table !! Setting xsec to 10^-20 !!
Decoupling mG=1900.34421 GeV; mQ=3095.2063075000005 GeV

!! Masses incompatible with the data for QQ !!

!! Problem with reading tables for Q Q !! Probably mass outside the table !! Setting xsec to 10^-20 !!

!! Masses incompatible with the data for GQ !!

!! Problem with reading tables for G Q !! Probably mass outside the table !! Setting xsec to 10^-20 !!
!! EWK PROCESS C1C2 NOT FOUND !! WILL TRY TO LOOK FOR +/- MODES !!
XSEC FOUND FOR: C1-C2+
XSEC FOUND FOR: C1+C2-
!! EWK PROCESS C1N1 NOT FOUND !! WILL TRY TO LOOK FOR +/- MODES !!
XSEC FOUND FOR: C1+N1
XSEC FOUND FOR: C1-N1
!! EWK PROCESS C1N2 NOT FOUND !! WILL TRY TO LOOK FOR +/- MODES !!
XSEC FOUND FOR: C1+N2
XSEC FOUND FOR: C1-N2
!! EWK PROCESS C1N3 NOT FOUND !! WILL TRY TO LOOK FOR +/- MODES !!
XSEC FOUND FOR: C1+N3
XSEC FOUND FOR: C1-N3
!! EWK PROCESS C1N4 NOT FOUND !! WILL TRY TO LOOK FOR +/- MODES !!
XSEC FOUND FOR: C1+N4
XSEC FOUND FOR: C1-N4
!! EWK PROCESS C2N1 NOT FOUND !! WILL TRY TO LOOK FOR +/- MODES !!
XSEC FOUND FOR: C2+N1
XSEC FOUND FOR: C2-N1
!! EWK PROCESS C2N2 NOT FOUND !! WILL TRY TO LOOK FOR +/- MODES !!
XSEC FOUND FOR: C2+N2
XSEC FOUND FOR: C2-N2
!! EWK PROCESS C2N3 NOT FOUND !! WILL TRY TO LOOK FOR +/- MODES !!
XSEC FOUND FOR: C2+N3
XSEC FOUND FOR: C2-N3
!! EWK PROCESS C2N4 NOT FOUND !! WILL TRY TO LOOK FOR +/- MODES !!
XSEC FOUND FOR: C2+N4
XSEC FOUND FOR: C2-N4
---------------  Output inclusive processes  ---------------
The total xsec = 17602.02 [fb]
The total rate = 100.00%
Output upto 0.10%
                  Modes : xsec/fb      (rate)
            C1wN1_N2hN1 : 7976.3950690 (45.32)%
            C1wN1_C1wN1 : 4267.6283990 (24.25)%
            C1wN1_N2zN1 : 1134.6348598 (6.45)%
      C2hC1wN1_N4wC1wN1 : 116.1709543 (0.66)%
      C2hC1wN1_N3wC1wN1 : 108.3757435 (0.62)%
      C2zC1wN1_N4wC1wN1 : 105.7315901 (0.60)%
      C2zC1wN1_N3wC1wN1 : 98.6368732 (0.56)%
      C2wN2hN1_N4wC1wN1 : 97.7109040 (0.56)%
      N3wC1wN1_N4wC1wN1 : 94.5165069 (0.54)%
      C2wN2hN1_N3wC1wN1 : 91.1543847 (0.52)%
         C2wN1_N4wC1wN1 : 70.8038407 (0.40)%
         C2wN1_N3wC1wN1 : 66.0528178 (0.38)%
      C2hC1wN1_C2zC1wN1 : 62.6812978 (0.36)%
      C2hC1wN1_C2wN2hN1 : 57.9263611 (0.33)%
      C2wN2hN1_C2zC1wN1 : 52.7209775 (0.30)%
      C2hC1wN1_N4hN2hN1 : 52.2316008 (0.30)%
      C2zC1wN1_N4hN2hN1 : 47.5379603 (0.27)%
      C2wN2hN1_N4hN2hN1 : 43.9317811 (0.25)%
      C2hC1wN1_N3zN2hN1 : 43.0775714 (0.24)%
      N3wC1wN1_N4hN2hN1 : 42.4955488 (0.24)%
         C2hC1wN1_C2wN1 : 41.9749350 (0.24)%
         C1wN1_N3wC1wN1 : 40.8650480 (0.23)%
      C2zC1wN1_N3zN2hN1 : 39.2065310 (0.22)%
         C2wN1_C2zC1wN1 : 38.2029798 (0.22)%
   GbtC1wN1_GbtC2hC1wN1 : 38.0619338 (0.22)%
      N3zN2hN1_N4wC1wN1 : 37.5687533 (0.21)%
         C2hC1wN1_N3zN1 : 36.7232122 (0.21)%
      C2wN2hN1_N3zN2hN1 : 36.2323652 (0.21)%
         C2wN1_C2wN2hN1 : 35.3049423 (0.20)%
   GbtC1wN1_GbtC2zC1wN1 : 34.6416090 (0.20)%
      C2hC1wN1_C2hC1wN1 : 34.4350547 (0.20)%
         C2zC1wN1_N3zN1 : 33.4231877 (0.19)%
         C2hC1wN1_N4hN1 : 32.2535754 (0.18)%
         GbtC1wN1_GttN1 : 32.1457331 (0.18)%
         N3zN1_N4wC1wN1 : 32.0269982 (0.18)%
   GbtC1wN1_GbtC2wN2hN1 : 32.0137334 (0.18)%
         C2wN1_N4hN2hN1 : 31.8341014 (0.18)%
         C2wN2hN1_N3zN1 : 30.8877402 (0.18)%
         C2zC1wN1_N4hN1 : 29.3552019 (0.17)%
      C2zC1wN1_C2zC1wN1 : 28.5243128 (0.16)%
      GbtC1wN1_GqqC1wN1 : 27.8929044 (0.16)%
   GbtC1wN1_GttN4wC1wN1 : 27.5243193 (0.16)%
         C2wN2hN1_N4hN1 : 27.1283474 (0.15)%
         C2wN1_N3zN2hN1 : 26.2549061 (0.15)%
         N3wC1wN1_N4hN1 : 26.2414586 (0.15)%
      GbtC1wN1_GbtC1wN1 : 25.9956840 (0.15)%
GbtC2hC1wN1_GbtC2zC1wN1 : 25.3604911 (0.14)%
   GbtC1wN1_GttN3wC1wN1 : 24.6833600 (0.14)%
      C2wN2hN1_C2wN2hN1 : 24.3608101 (0.14)%
      GbtC2hC1wN1_GttN1 : 23.5333058 (0.13)%
GbtC2hC1wN1_GbtC2wN2hN1 : 23.4366712 (0.13)%
      GbtC1wN1_GbtC2wN1 : 23.1979767 (0.13)%
            C2wN1_N3zN1 : 22.3820531 (0.13)%
      GbtC2zC1wN1_GttN1 : 21.4185539 (0.12)%
GbtC2wN2hN1_GbtC2zC1wN1 : 21.3306031 (0.12)%
   GbtC2hC1wN1_GqqC1wN1 : 20.4198874 (0.12)%
GbtC2hC1wN1_GttN4wC1wN1 : 20.1500530 (0.11)%
      GbtC2wN2hN1_GttN1 : 19.7937651 (0.11)%
            C2wN1_N4hN1 : 19.6579001 (0.11)%
   GbtC2zC1wN1_GqqC1wN1 : 18.5849137 (0.11)%
GbtC2zC1wN1_GttN4wC1wN1 : 18.3393272 (0.10)%
GbtC2hC1wN1_GttN3wC1wN1 : 18.0702384 (0.10)%
         C1wN1_N4wC1wN1 : 17.4121686 (0.10)%
------------------------------------------------------------
                                      SUM=90.04%

SHOWING PROCESSES TO GET 90.00% SUSY COVERAGE
---------------  Output inclusive processes  ---------------
The total xsec = 17602.02 [fb]
The total rate = 100.00%
                  Modes : xsec/fb      (rate)
            C1wN1_N2hN1 : 7976.3950690 (45.32)%
            C1wN1_C1wN1 : 4267.6283990 (24.25)%
            C1wN1_N2zN1 : 1134.6348598 (6.45)%
      C2hC1wN1_N4wC1wN1 : 116.1709543 (0.66)%
      C2hC1wN1_N3wC1wN1 : 108.3757435 (0.62)%
      C2zC1wN1_N4wC1wN1 : 105.7315901 (0.60)%
      C2zC1wN1_N3wC1wN1 : 98.6368732 (0.56)%
      C2wN2hN1_N4wC1wN1 : 97.7109040 (0.56)%
      N3wC1wN1_N4wC1wN1 : 94.5165069 (0.54)%
      C2wN2hN1_N3wC1wN1 : 91.1543847 (0.52)%
         C2wN1_N4wC1wN1 : 70.8038407 (0.40)%
         C2wN1_N3wC1wN1 : 66.0528178 (0.38)%
      C2hC1wN1_C2zC1wN1 : 62.6812978 (0.36)%
      C2hC1wN1_C2wN2hN1 : 57.9263611 (0.33)%
      C2wN2hN1_C2zC1wN1 : 52.7209775 (0.30)%
      C2hC1wN1_N4hN2hN1 : 52.2316008 (0.30)%
      C2zC1wN1_N4hN2hN1 : 47.5379603 (0.27)%
      C2wN2hN1_N4hN2hN1 : 43.9317811 (0.25)%
      C2hC1wN1_N3zN2hN1 : 43.0775714 (0.24)%
      N3wC1wN1_N4hN2hN1 : 42.4955488 (0.24)%
         C2hC1wN1_C2wN1 : 41.9749350 (0.24)%
         C1wN1_N3wC1wN1 : 40.8650480 (0.23)%
      C2zC1wN1_N3zN2hN1 : 39.2065310 (0.22)%
         C2wN1_C2zC1wN1 : 38.2029798 (0.22)%
   GbtC1wN1_GbtC2hC1wN1 : 38.0619338 (0.22)%
      N3zN2hN1_N4wC1wN1 : 37.5687533 (0.21)%
         C2hC1wN1_N3zN1 : 36.7232122 (0.21)%
      C2wN2hN1_N3zN2hN1 : 36.2323652 (0.21)%
         C2wN1_C2wN2hN1 : 35.3049423 (0.20)%
   GbtC1wN1_GbtC2zC1wN1 : 34.6416090 (0.20)%
      C2hC1wN1_C2hC1wN1 : 34.4350547 (0.20)%
         C2zC1wN1_N3zN1 : 33.4231877 (0.19)%
         C2hC1wN1_N4hN1 : 32.2535754 (0.18)%
         GbtC1wN1_GttN1 : 32.1457331 (0.18)%
         N3zN1_N4wC1wN1 : 32.0269982 (0.18)%
   GbtC1wN1_GbtC2wN2hN1 : 32.0137334 (0.18)%
         C2wN1_N4hN2hN1 : 31.8341014 (0.18)%
         C2wN2hN1_N3zN1 : 30.8877402 (0.18)%
         C2zC1wN1_N4hN1 : 29.3552019 (0.17)%
      C2zC1wN1_C2zC1wN1 : 28.5243128 (0.16)%
      GbtC1wN1_GqqC1wN1 : 27.8929044 (0.16)%
   GbtC1wN1_GttN4wC1wN1 : 27.5243193 (0.16)%
         C2wN2hN1_N4hN1 : 27.1283474 (0.15)%
         C2wN1_N3zN2hN1 : 26.2549061 (0.15)%
         N3wC1wN1_N4hN1 : 26.2414586 (0.15)%
      GbtC1wN1_GbtC1wN1 : 25.9956840 (0.15)%
GbtC2hC1wN1_GbtC2zC1wN1 : 25.3604911 (0.14)%
   GbtC1wN1_GttN3wC1wN1 : 24.6833600 (0.14)%
      C2wN2hN1_C2wN2hN1 : 24.3608101 (0.14)%
      GbtC2hC1wN1_GttN1 : 23.5333058 (0.13)%
GbtC2hC1wN1_GbtC2wN2hN1 : 23.4366712 (0.13)%
      GbtC1wN1_GbtC2wN1 : 23.1979767 (0.13)%
            C2wN1_N3zN1 : 22.3820531 (0.13)%
      GbtC2zC1wN1_GttN1 : 21.4185539 (0.12)%
GbtC2wN2hN1_GbtC2zC1wN1 : 21.3306031 (0.12)%
   GbtC2hC1wN1_GqqC1wN1 : 20.4198874 (0.12)%
GbtC2hC1wN1_GttN4wC1wN1 : 20.1500530 (0.11)%
      GbtC2wN2hN1_GttN1 : 19.7937651 (0.11)%
            C2wN1_N4hN1 : 19.6579001 (0.11)%
   GbtC2zC1wN1_GqqC1wN1 : 18.5849137 (0.11)%
GbtC2zC1wN1_GttN4wC1wN1 : 18.3393272 (0.10)%
GbtC2hC1wN1_GttN3wC1wN1 : 18.0702384 (0.10)%
         C1wN1_N4wC1wN1 : 17.4121686 (0.10)%
------------------------------------------------------------
                                      SUM=90.04%
