/Users/rafalmaselek/Projects/fastlim-1.0
 
#################################################################
#                                                               #
#                                                               #
#                     This is Fastlim  ver. 1.0                 #
#                                                               #
#          A fast LHC limit calculator for BSM models.          #
#                                                               #
#                  http://cern.ch/fastlim-1.0/                  #
#                                                               #
#  for bugs/feature requests: fastlim-1.0.developers@gmail.com  #
#                                                               #
#    please refer to:                                           #
#    M.Papucci, K.Sakurai, A.Weiler, L.Zeune arXiv:1402.xxxx    #
#                                                               #
#################################################################
 

!! Masses incompatible with the data for ERER !!

!! Problem with reading tables for ER ER !! Probably mass outside the table !! Setting xsec to 10^-20 !!

!! Masses incompatible with the data for ELEL !!

!! Problem with reading tables for EL EL !! Probably mass outside the table !! Setting xsec to 10^-20 !!

!! Masses incompatible with the data for TAU1TAU1 !!

!! Problem with reading tables for TAU1 TAU1 !! Probably mass outside the table !! Setting xsec to 10^-20 !!

!! Masses incompatible with the data for TAU2TAU2 !!

!! Problem with reading tables for TAU2 TAU2 !! Probably mass outside the table !! Setting xsec to 10^-20 !!
!! EWK PROCESS C1C2 NOT FOUND !! WILL TRY TO LOOK FOR +/- MODES !!
XSEC FOUND FOR: C1-C2+
XSEC FOUND FOR: C1+C2-
!! EWK PROCESS C1N1 NOT FOUND !! WILL TRY TO LOOK FOR +/- MODES !!
XSEC FOUND FOR: C1+N1
XSEC FOUND FOR: C1-N1
!! EWK PROCESS C1N2 NOT FOUND !! WILL TRY TO LOOK FOR +/- MODES !!
XSEC FOUND FOR: C1+N2
XSEC FOUND FOR: C1-N2
!! EWK PROCESS C1N3 NOT FOUND !! WILL TRY TO LOOK FOR +/- MODES !!
XSEC FOUND FOR: C1+N3
XSEC FOUND FOR: C1-N3
!! EWK PROCESS C1N4 NOT FOUND !! WILL TRY TO LOOK FOR +/- MODES !!
XSEC FOUND FOR: C1+N4
XSEC FOUND FOR: C1-N4
!! EWK PROCESS C2N1 NOT FOUND !! WILL TRY TO LOOK FOR +/- MODES !!
XSEC FOUND FOR: C2+N1
XSEC FOUND FOR: C2-N1
!! EWK PROCESS C2N2 NOT FOUND !! WILL TRY TO LOOK FOR +/- MODES !!
XSEC FOUND FOR: C2+N2
XSEC FOUND FOR: C2-N2
!! EWK PROCESS C2N3 NOT FOUND !! WILL TRY TO LOOK FOR +/- MODES !!
XSEC FOUND FOR: C2+N3
XSEC FOUND FOR: C2-N3
!! EWK PROCESS C2N4 NOT FOUND !! WILL TRY TO LOOK FOR +/- MODES !!
XSEC FOUND FOR: C2+N4
XSEC FOUND FOR: C2-N4
---------------  Output inclusive processes  ---------------
The total xsec = 162495.77 [fb]
The total rate = 100.00%
Output upto 0.10%
                  Modes : xsec/fb      (rate)
            C1wN1_N2hN1 : 41249.6647629 (25.39)%
            C1wN1_C1wN1 : 25035.5385957 (15.41)%
            C1wN1_N3zN1 : 14416.1910287 (8.87)%
      C2wN2hN1_N4wC1wN1 : 8937.6922727 (5.50)%
      C2zC1wN1_N4wC1wN1 : 6479.0691037 (3.99)%
            N2hN1_N3zN1 : 6073.8126881 (3.74)%
            C1wN1_N2zN1 : 6010.9484160 (3.70)%
      C2wN2hN1_C2zC1wN1 : 3311.8449029 (2.04)%
      C2wN2hN1_C2wN2hN1 : 2284.2981085 (1.41)%
         C1wN1_N4wC1wN1 : 2256.5977622 (1.39)%
         C2wN2hN1_N3zN1 : 2184.8048510 (1.34)%
         N3zN1_N4wC1wN1 : 2109.7309676 (1.30)%
               C1wN1_N1 : 2092.8807715 (1.29)%
         C2wN1_N4wC1wN1 : 2019.6701918 (1.24)%
         C2zC1wN1_N3zN1 : 1583.7982754 (0.97)%
      C2wN2zN1_N4wC1wN1 : 1302.4107594 (0.80)%
         C1wN1_C2wN2hN1 : 1271.6678237 (0.78)%
      C2zC1wN1_C2zC1wN1 : 1200.4033778 (0.74)%
         C2wN2hN1_N2hN1 : 1122.3459783 (0.69)%
         C2wN1_C2wN2hN1 : 1032.3758434 (0.64)%
         C1wN1_C2zC1wN1 : 921.8513522 (0.57)%
         C2wN2hN1_N4hN1 : 886.7218052 (0.55)%
            N2zN1_N3zN1 : 885.0829447 (0.54)%
      GbtC1wN1_GbtC1wN1 : 874.9285681 (0.54)%
      GbtC1wN1_GttN3zN1 : 866.8977522 (0.53)%
            C1wN1_N3hN1 : 814.8732805 (0.50)%
         C2zC1wN1_N2hN1 : 813.6056747 (0.50)%
               N1_N3zN1 : 794.4310643 (0.49)%
   GbtC1wN1_GbtC2wN2hN1 : 761.8184205 (0.47)%
         C2wN1_C2zC1wN1 : 748.3849551 (0.46)%
      C2wN2hN1_C2wN2zN1 : 665.7410758 (0.41)%
         C2zC1wN1_N4hN1 : 642.7981269 (0.40)%
   GbtC1wN1_GbtC2zC1wN1 : 552.2537631 (0.34)%
      GbtC1wN1_GttN2hN1 : 520.2744465 (0.32)%
            C2wN1_N3zN1 : 493.7052091 (0.30)%
   GbtC1wN1_GttN4wC1wN1 : 489.7399714 (0.30)%
      C2wN2zN1_C2zC1wN1 : 482.6058342 (0.30)%
   GbtC2wN2hN1_GttN3zN1 : 377.4129114 (0.23)%
            N2hN1_N3hN1 : 343.3214543 (0.21)%
         C2wN2zN1_N3zN1 : 318.3722664 (0.20)%
      C2wN3zN1_N4wC1wN1 : 297.7258877 (0.18)%
         GbtC1wN1_GttN1 : 291.3710668 (0.18)%
            C1wN1_C2wN1 : 287.3616051 (0.18)%
   GbtC2zC1wN1_GttN3zN1 : 273.5923613 (0.17)%
      GbbN3zN1_GbtC1wN1 : 258.5562085 (0.16)%
      GttN2hN1_GttN3zN1 : 257.7494693 (0.16)%
            C2wN1_N2hN1 : 253.6190157 (0.16)%
      GbbN2hN1_GbtC1wN1 : 253.3053441 (0.16)%
   GttN3zN1_GttN4wC1wN1 : 242.6223670 (0.15)%
GbtC2wN2hN1_GbtC2zC1wN1 : 240.4293933 (0.15)%
   GbtC2wN2hN1_GttN2hN1 : 226.5068667 (0.14)%
            C1wN1_N4hN1 : 223.8804358 (0.14)%
      GttN3zN1_GttN3zN1 : 214.7351625 (0.13)%
GbtC2wN2hN1_GttN4wC1wN1 : 213.2133668 (0.13)%
            N3zN1_N4hN1 : 209.3095617 (0.13)%
            C2wN1_N4hN1 : 200.3744975 (0.12)%
      GbtC1wN1_GqqC1wN1 : 193.9710193 (0.12)%
         C1wN1_C2wN2zN1 : 185.3088924 (0.11)%
      GbtC1wN1_GbtC2wN1 : 172.1498021 (0.11)%
GbtC2wN2hN1_GbtC2wN2hN1 : 165.8327682 (0.10)%
   GbtC2zC1wN1_GttN2hN1 : 164.1982737 (0.10)%
         C2wN2hN1_N2zN1 : 163.5495420 (0.10)%
         C2wN2zN1_N2hN1 : 163.5495420 (0.10)%
         C2wN2hN1_N4zN1 : 160.5512072 (0.10)%
------------------------------------------------------------
                                      SUM=92.64%

SHOWING PROCESSES TO GET 90.00% SUSY COVERAGE
---------------  Output inclusive processes  ---------------
The total xsec = 162495.77 [fb]
The total rate = 100.00%
               Modes : xsec/fb      (rate)
         C1wN1_N2hN1 : 41249.6647629 (25.39)%
         C1wN1_C1wN1 : 25035.5385957 (15.41)%
         C1wN1_N3zN1 : 14416.1910287 (8.87)%
   C2wN2hN1_N4wC1wN1 : 8937.6922727 (5.50)%
   C2zC1wN1_N4wC1wN1 : 6479.0691037 (3.99)%
         N2hN1_N3zN1 : 6073.8126881 (3.74)%
         C1wN1_N2zN1 : 6010.9484160 (3.70)%
   C2wN2hN1_C2zC1wN1 : 3311.8449029 (2.04)%
   C2wN2hN1_C2wN2hN1 : 2284.2981085 (1.41)%
      C1wN1_N4wC1wN1 : 2256.5977622 (1.39)%
      C2wN2hN1_N3zN1 : 2184.8048510 (1.34)%
      N3zN1_N4wC1wN1 : 2109.7309676 (1.30)%
            C1wN1_N1 : 2092.8807715 (1.29)%
      C2wN1_N4wC1wN1 : 2019.6701918 (1.24)%
      C2zC1wN1_N3zN1 : 1583.7982754 (0.97)%
   C2wN2zN1_N4wC1wN1 : 1302.4107594 (0.80)%
      C1wN1_C2wN2hN1 : 1271.6678237 (0.78)%
   C2zC1wN1_C2zC1wN1 : 1200.4033778 (0.74)%
      C2wN2hN1_N2hN1 : 1122.3459783 (0.69)%
      C2wN1_C2wN2hN1 : 1032.3758434 (0.64)%
      C1wN1_C2zC1wN1 : 921.8513522 (0.57)%
      C2wN2hN1_N4hN1 : 886.7218052 (0.55)%
         N2zN1_N3zN1 : 885.0829447 (0.54)%
   GbtC1wN1_GbtC1wN1 : 874.9285681 (0.54)%
   GbtC1wN1_GttN3zN1 : 866.8977522 (0.53)%
         C1wN1_N3hN1 : 814.8732805 (0.50)%
      C2zC1wN1_N2hN1 : 813.6056747 (0.50)%
            N1_N3zN1 : 794.4310643 (0.49)%
GbtC1wN1_GbtC2wN2hN1 : 761.8184205 (0.47)%
      C2wN1_C2zC1wN1 : 748.3849551 (0.46)%
   C2wN2hN1_C2wN2zN1 : 665.7410758 (0.41)%
      C2zC1wN1_N4hN1 : 642.7981269 (0.40)%
GbtC1wN1_GbtC2zC1wN1 : 552.2537631 (0.34)%
   GbtC1wN1_GttN2hN1 : 520.2744465 (0.32)%
         C2wN1_N3zN1 : 493.7052091 (0.30)%
GbtC1wN1_GttN4wC1wN1 : 489.7399714 (0.30)%
   C2wN2zN1_C2zC1wN1 : 482.6058342 (0.30)%
GbtC2wN2hN1_GttN3zN1 : 377.4129114 (0.23)%
         N2hN1_N3hN1 : 343.3214543 (0.21)%
      C2wN2zN1_N3zN1 : 318.3722664 (0.20)%
   C2wN3zN1_N4wC1wN1 : 297.7258877 (0.18)%
      GbtC1wN1_GttN1 : 291.3710668 (0.18)%
         C1wN1_C2wN1 : 287.3616051 (0.18)%
GbtC2zC1wN1_GttN3zN1 : 273.5923613 (0.17)%
------------------------------------------------------------
                                   SUM=90.08%
