/Users/rafalmaselek/Projects/fastlim-1.0
 
#################################################################
#                                                               #
#                                                               #
#                     This is Fastlim  ver. 1.0                 #
#                                                               #
#          A fast LHC limit calculator for BSM models.          #
#                                                               #
#                  http://cern.ch/fastlim-1.0/                  #
#                                                               #
#  for bugs/feature requests: fastlim-1.0.developers@gmail.com  #
#                                                               #
#    please refer to:                                           #
#    M.Papucci, K.Sakurai, A.Weiler, L.Zeune arXiv:1402.xxxx    #
#                                                               #
#################################################################
 

!! Masses incompatible with the data for ERER !!

!! Problem with reading tables for ER ER !! Probably mass outside the table !! Setting xsec to 10^-20 !!

!! Masses incompatible with the data for ELEL !!

!! Problem with reading tables for EL EL !! Probably mass outside the table !! Setting xsec to 10^-20 !!

!! Masses incompatible with the data for TAU1TAU1 !!

!! Problem with reading tables for TAU1 TAU1 !! Probably mass outside the table !! Setting xsec to 10^-20 !!

!! Masses incompatible with the data for TAU2TAU2 !!

!! Problem with reading tables for TAU2 TAU2 !! Probably mass outside the table !! Setting xsec to 10^-20 !!
Decoupling mG=2378.70476 GeV; mQ=3538.5008550000007 GeV

!! Masses incompatible with the data for QQ !!

!! Problem with reading tables for Q Q !! Probably mass outside the table !! Setting xsec to 10^-20 !!

!! Masses incompatible with the data for GQ !!

!! Problem with reading tables for G Q !! Probably mass outside the table !! Setting xsec to 10^-20 !!
!! EWK PROCESS C1C2 NOT FOUND !! WILL TRY TO LOOK FOR +/- MODES !!
XSEC FOUND FOR: C1-C2+
XSEC FOUND FOR: C1+C2-
!! EWK PROCESS C1N1 NOT FOUND !! WILL TRY TO LOOK FOR +/- MODES !!
XSEC FOUND FOR: C1+N1
XSEC FOUND FOR: C1-N1
!! EWK PROCESS C1N2 NOT FOUND !! WILL TRY TO LOOK FOR +/- MODES !!
XSEC FOUND FOR: C1+N2
XSEC FOUND FOR: C1-N2
!! EWK PROCESS C1N3 NOT FOUND !! WILL TRY TO LOOK FOR +/- MODES !!
XSEC FOUND FOR: C1+N3
XSEC FOUND FOR: C1-N3
!! EWK PROCESS C1N4 NOT FOUND !! WILL TRY TO LOOK FOR +/- MODES !!
XSEC FOUND FOR: C1+N4
XSEC FOUND FOR: C1-N4
!! EWK PROCESS C2N1 NOT FOUND !! WILL TRY TO LOOK FOR +/- MODES !!
XSEC FOUND FOR: C2+N1
XSEC FOUND FOR: C2-N1
!! EWK PROCESS C2N2 NOT FOUND !! WILL TRY TO LOOK FOR +/- MODES !!
XSEC FOUND FOR: C2+N2
XSEC FOUND FOR: C2-N2
!! EWK PROCESS C2N3 NOT FOUND !! WILL TRY TO LOOK FOR +/- MODES !!
XSEC FOUND FOR: C2+N3
XSEC FOUND FOR: C2-N3
!! EWK PROCESS C2N4 NOT FOUND !! WILL TRY TO LOOK FOR +/- MODES !!
XSEC FOUND FOR: C2+N4
XSEC FOUND FOR: C2-N4

!! Masses incompatible with the data for T2T2 !!

!! Problem with reading tables for T2 T2 !! Probably mass outside the table !! Setting xsec to 10^-20 !!

!! Masses incompatible with the data for B1B1 !!

!! Problem with reading tables for B1 B1 !! Probably mass outside the table !! Setting xsec to 10^-20 !!

!! Masses incompatible with the data for B2B2 !!

!! Problem with reading tables for B2 B2 !! Probably mass outside the table !! Setting xsec to 10^-20 !!
---------------  Output inclusive processes  ---------------
The total xsec = 3679.64 [fb]
The total rate = 100.00%
Output upto 0.10%
            Modes : xsec/fb      (rate)
      C1wN1_N2zN1 : 1581.4500398 (42.98)%
      C1wN1_C1wN1 : 1091.4997751 (29.66)%
      C1wN1_N2hN1 : 686.2224165 (18.65)%
C2hC1wN1_N3wC1wN1 : 8.9104202 (0.24)%
C2hC1wN1_N4wC1wN1 : 8.5616563 (0.23)%
C2zC1wN1_N3wC1wN1 : 7.8321318 (0.21)%
C2zC1wN1_N4wC1wN1 : 7.5255733 (0.20)%
N3wC1wN1_N4wC1wN1 : 7.2663697 (0.20)%
            N1_N1 : 7.2052442 (0.20)%
C2wN2zN1_N3wC1wN1 : 5.3645716 (0.15)%
C2wN2zN1_N4wC1wN1 : 5.1545962 (0.14)%
C2hC1wN1_C2zC1wN1 : 4.9671274 (0.13)%
   GbtC1wN1_GttN1 : 4.4601378 (0.12)%
   GqqC1wN1_GttN1 : 4.2037370 (0.11)%
   C2wN1_N3wC1wN1 : 4.1674951 (0.11)%
   C2wN1_N4wC1wN1 : 4.0043746 (0.11)%
GbtC2hC1wN1_GttN1 : 3.7144130 (0.10)%
      GttN1_GttN1 : 3.4610972 (0.09)%
------------------------------------------------------------
                                SUM=93.65%

SHOWING PROCESSES TO GET 90.00% SUSY COVERAGE
---------------  Output inclusive processes  ---------------
The total xsec = 3679.64 [fb]
The total rate = 100.00%
      Modes : xsec/fb      (rate)
C1wN1_N2zN1 : 1581.4500398 (42.98)%
C1wN1_C1wN1 : 1091.4997751 (29.66)%
C1wN1_N2hN1 : 686.2224165 (18.65)%
------------------------------------------------------------
                          SUM=91.29%
