/Users/rafalmaselek/Projects/fastlim-1.0
 
#################################################################
#                                                               #
#                                                               #
#                     This is Fastlim  ver. 1.0                 #
#                                                               #
#          A fast LHC limit calculator for BSM models.          #
#                                                               #
#                  http://cern.ch/fastlim-1.0/                  #
#                                                               #
#  for bugs/feature requests: fastlim-1.0.developers@gmail.com  #
#                                                               #
#    please refer to:                                           #
#    M.Papucci, K.Sakurai, A.Weiler, L.Zeune arXiv:1402.xxxx    #
#                                                               #
#################################################################
 

!! Masses incompatible with the data for ERER !!

!! Problem with reading tables for ER ER !! Probably mass outside the table !! Setting xsec to 10^-20 !!

!! Masses incompatible with the data for ELEL !!

!! Problem with reading tables for EL EL !! Probably mass outside the table !! Setting xsec to 10^-20 !!

!! Masses incompatible with the data for TAU1TAU1 !!

!! Problem with reading tables for TAU1 TAU1 !! Probably mass outside the table !! Setting xsec to 10^-20 !!

!! Masses incompatible with the data for TAU2TAU2 !!

!! Problem with reading tables for TAU2 TAU2 !! Probably mass outside the table !! Setting xsec to 10^-20 !!
!! EWK PROCESS C1C2 NOT FOUND !! WILL TRY TO LOOK FOR +/- MODES !!
XSEC FOUND FOR: C1-C2+
XSEC FOUND FOR: C1+C2-
!! EWK PROCESS C1N1 NOT FOUND !! WILL TRY TO LOOK FOR +/- MODES !!
XSEC FOUND FOR: C1+N1
XSEC FOUND FOR: C1-N1
!! EWK PROCESS C1N2 NOT FOUND !! WILL TRY TO LOOK FOR +/- MODES !!
XSEC FOUND FOR: C1+N2
XSEC FOUND FOR: C1-N2
!! EWK PROCESS C1N3 NOT FOUND !! WILL TRY TO LOOK FOR +/- MODES !!
XSEC FOUND FOR: C1+N3
XSEC FOUND FOR: C1-N3
!! EWK PROCESS C1N4 NOT FOUND !! WILL TRY TO LOOK FOR +/- MODES !!
XSEC FOUND FOR: C1+N4
XSEC FOUND FOR: C1-N4
!! EWK PROCESS C2N1 NOT FOUND !! WILL TRY TO LOOK FOR +/- MODES !!
XSEC FOUND FOR: C2+N1
XSEC FOUND FOR: C2-N1
!! EWK PROCESS C2N2 NOT FOUND !! WILL TRY TO LOOK FOR +/- MODES !!
XSEC FOUND FOR: C2+N2
XSEC FOUND FOR: C2-N2
!! EWK PROCESS C2N3 NOT FOUND !! WILL TRY TO LOOK FOR +/- MODES !!
XSEC FOUND FOR: C2+N3
XSEC FOUND FOR: C2-N3
!! EWK PROCESS C2N4 NOT FOUND !! WILL TRY TO LOOK FOR +/- MODES !!
XSEC FOUND FOR: C2+N4
XSEC FOUND FOR: C2-N4
---------------  Output inclusive processes  ---------------
The total xsec = 40294.27 [fb]
The total rate = 100.00%
Output upto 0.10%
                         Modes : xsec/fb      (rate)
                   C1wN1_N2hN1 : 3571.5817371 (8.86)%
               QqC1wN1_QqC1wN1 : 3510.9695941 (8.71)%
               QqC1wN1_QqN2hN1 : 3150.3135999 (7.82)%
         QqC1nTAU1taN1_QqC1wN1 : 1934.9124574 (4.80)%
                   C1wN1_C1wN1 : 1900.8356530 (4.72)%
            C1wN1_N2taTAU1taN1 : 1180.7972712 (2.93)%
             C1nTAU1taN1_C1wN1 : 1047.5597939 (2.60)%
        QqC1wN1_QqN2taTAU1taN1 : 1041.5222095 (2.58)%
             C1nTAU1taN1_N2hN1 : 984.1580524 (2.44)%
         QqC1nTAU1taN1_QqN2hN1 : 868.0765905 (2.15)%
               QqN2hN1_QqN2hN1 : 706.6762835 (1.75)%
            GtT1bC1wN1_QqC1wN1 : 704.0840732 (1.75)%
        QqN2hN1_QqN2taTAU1taN1 : 467.2671598 (1.16)%
                GqQqN1_QqC1wN1 : 379.8581403 (0.94)%
                   C1wN1_N2zN1 : 345.6119288 (0.86)%
      C1nTAU1taN1_N2taTAU1taN1 : 325.3715660 (0.81)%
            GtT1bC1wN1_QqN2hN1 : 315.8793564 (0.78)%
               QqC1wN1_QqN2zN1 : 304.8469949 (0.76)%
  QqC1nTAU1taN1_QqN2taTAU1taN1 : 286.9939833 (0.71)%
            GtT1tN2hN1_QqC1wN1 : 280.9841483 (0.70)%
   QqC1nTAU1taN1_QqC1nTAU1taN1 : 266.5849217 (0.66)%
            GbB1tC1wN1_QqC1wN1 : 264.6764528 (0.66)%
                  QqC1wN1_QqN1 : 207.8859976 (0.52)%
      GtT1bC1nTAU1taN1_QqC1wN1 : 194.0120824 (0.48)%
      GtT1bC1wN1_QqC1nTAU1taN1 : 194.0120824 (0.48)%
                GqQqN1_QqN2hN1 : 170.4190585 (0.42)%
         GtT1tN3wC1wN1_QqC1wN1 : 155.8069287 (0.39)%
         GtT2tN4wC1wN1_QqC1wN1 : 151.7954114 (0.38)%
               GtT1tN1_QqC1wN1 : 149.5549972 (0.37)%
       C1nTAU1taN1_C1nTAU1taN1 : 144.3288272 (0.36)%
               QqN2hN1_QqN2zN1 : 136.7661565 (0.34)%
            GbB1bN2hN1_QqC1wN1 : 129.1173481 (0.32)%
            GtT1tN2hN1_QqN2hN1 : 126.0603602 (0.31)%
            GbB1tC1wN1_QqN2hN1 : 118.7440971 (0.29)%
         GtT2hT1bC1wN1_QqC1wN1 : 105.4445287 (0.26)%
         GbB1tC2hC1wN1_QqC1wN1 : 105.3215681 (0.26)%
          GqQqN1_QqC1nTAU1taN1 : 104.6708364 (0.26)%
     GtT1bC1wN1_QqN2taTAU1taN1 : 104.4325762 (0.26)%
         GtT1bC2hC1wN1_QqC1wN1 : 103.4655495 (0.26)%
                         N1_N1 : 98.0405381 (0.24)%
         GbB1tC2zC1wN1_QqC1wN1 : 97.9456620 (0.24)%
         GtT1bC2zC1wN1_QqC1wN1 : 96.2196245 (0.24)%
             C1nTAU1taN1_N2zN1 : 95.2342093 (0.24)%
                  QqN1_QqN2hN1 : 93.2657017 (0.23)%
         GbB2tC2hC1wN1_QqC1wN1 : 93.2234420 (0.23)%
     GtT1tN2taTAU1taN1_QqC1wN1 : 92.8959044 (0.23)%
             T1bC1wN1_T1bC1wN1 : 89.7705671 (0.22)%
         GbB1tC2wN2hN1_QqC1wN1 : 87.5897150 (0.22)%
      GtT1bC1nTAU1taN1_QqN2hN1 : 87.0413265 (0.22)%
         GbB2tC2zC1wN1_QqC1wN1 : 86.6947949 (0.22)%
         GtT1bC2wN2hN1_QqC1wN1 : 86.0461741 (0.21)%
         QqC1nTAU1taN1_QqN2zN1 : 84.0013324 (0.21)%
         GbB2tC2wN2hN1_QqC1wN1 : 77.5284195 (0.19)%
      GtT1tN2hN1_QqC1nTAU1taN1 : 77.4258669 (0.19)%
 QqN2taTAU1taN1_QqN2taTAU1taN1 : 77.2413776 (0.19)%
         GtT2bC2hC1wN1_QqC1wN1 : 73.7838818 (0.18)%
      GbB1tC1wN1_QqC1nTAU1taN1 : 72.9322417 (0.18)%
      GbB1tC1nTAU1taN1_QqC1wN1 : 72.9322417 (0.18)%
             T1bC1wN1_T1tN2hN1 : 71.6508363 (0.18)%
         GtT2tN3wC1wN1_QqC1wN1 : 71.0067208 (0.18)%
         GtT1tN3wC1wN1_QqN2hN1 : 69.9010164 (0.17)%
         GtT2tN4hN2hN1_QqC1wN1 : 69.3868990 (0.17)%
         GtT2bC2zC1wN1_QqC1wN1 : 68.6166307 (0.17)%
         GtT2tN4wC1wN1_QqN2hN1 : 68.1012945 (0.17)%
               GtT1tN1_QqN2hN1 : 67.0961580 (0.17)%
         GtT1tN3zN2hN1_QqC1wN1 : 65.4204568 (0.16)%
               GtT2tN1_QqC1wN1 : 65.0043151 (0.16)%
         GtT2bC2wN2hN1_QqC1wN1 : 61.3616878 (0.15)%
            GbB1bN2hN1_QqN2hN1 : 57.9270379 (0.14)%
            QqC1nTAU1taN1_QqN1 : 57.2834933 (0.14)%
         GqQqN1_QqN2taTAU1taN1 : 56.3420843 (0.14)%
      GbB1tC2nTAU1taN1_QqC1wN1 : 55.2552260 (0.14)%
         GbB1bN3wC1wN1_QqC1wN1 : 54.4192890 (0.14)%
      GtT1bC2nTAU1taN1_QqC1wN1 : 54.2814964 (0.13)%
GtT1bC1nTAU1taN1_QqC1nTAU1taN1 : 53.4605022 (0.13)%
     GtT1tN3taTAU1taN1_QqC1wN1 : 51.8269544 (0.13)%
            GbB2tC1wN1_QqC1wN1 : 50.4866996 (0.13)%
            GbB1tC2wN1_QqC1wN1 : 49.5777554 (0.12)%
       T1bC1nTAU1taN1_T1bC1wN1 : 49.4729971 (0.12)%
      GbB2tC2nTAU1taN1_QqC1wN1 : 48.9081434 (0.12)%
            GtT1bC2wN1_QqC1wN1 : 48.7040765 (0.12)%
         GbB2bN4wC1wN1_QqC1wN1 : 48.3512570 (0.12)%
         GtT2hT1bC1wN1_QqN2hN1 : 47.3064952 (0.12)%
         GbB1tC2hC1wN1_QqN2hN1 : 47.2513303 (0.12)%
         GtT1bC2hC1wN1_QqN2hN1 : 46.4186486 (0.12)%
         GbB2bN3wC1wN1_QqC1wN1 : 46.1083145 (0.11)%
     GtT2tN4taTAU1taN1_QqC1wN1 : 45.9096627 (0.11)%
         GbB1bN4wC1wN1_QqC1wN1 : 45.7147043 (0.11)%
        QqN2taTAU1taN1_QqN2zN1 : 45.2161301 (0.11)%
               GbB1bN1_QqC1wN1 : 44.5468981 (0.11)%
         GbB1tC2zC1wN1_QqN2hN1 : 43.9422135 (0.11)%
            GbB2tC2wN1_QqC1wN1 : 43.8828351 (0.11)%
         GtT1bC2zC1wN1_QqN2hN1 : 43.1678463 (0.11)%
   GtT1tN3wC1wN1_QqC1nTAU1taN1 : 42.9329789 (0.11)%
   GtT1tN3wC1nTAU1taN1_QqC1wN1 : 42.9329789 (0.11)%
     GbB1bN2taTAU1taN1_QqC1wN1 : 42.6873647 (0.11)%
         GbB1wT1bC1wN1_QqC1wN1 : 42.6608830 (0.11)%
         GtT2hT1tN2hN1_QqC1wN1 : 42.0805444 (0.10)%
   GtT2tN4wC1wN1_QqC1nTAU1taN1 : 41.8275956 (0.10)%
   GtT2tN4wC1nTAU1taN1_QqC1wN1 : 41.8275956 (0.10)%
         GbB2tC2hC1wN1_QqN2hN1 : 41.8236429 (0.10)%
     GtT1tN2hN1_QqN2taTAU1taN1 : 41.6766969 (0.10)%
     GtT1tN2taTAU1taN1_QqN2hN1 : 41.6766969 (0.10)%
         GtT1tN1_QqC1nTAU1taN1 : 41.2102440 (0.10)%
                   N2hN1_N2hN1 : 41.1739016 (0.10)%
          T1bC1wN1_T1tN3wC1wN1 : 39.7306994 (0.10)%
------------------------------------------------------------
                                             SUM=75.29%

SHOWING PROCESSES TO GET 90.00% SUSY COVERAGE
---------------  Output inclusive processes  ---------------
The total xsec = 40294.27 [fb]
The total rate = 100.00%
                              Modes : xsec/fb      (rate)
                        C1wN1_N2hN1 : 3571.5817371 (8.86)%
                    QqC1wN1_QqC1wN1 : 3510.9695941 (8.71)%
                    QqC1wN1_QqN2hN1 : 3150.3135999 (7.82)%
              QqC1nTAU1taN1_QqC1wN1 : 1934.9124574 (4.80)%
                        C1wN1_C1wN1 : 1900.8356530 (4.72)%
                 C1wN1_N2taTAU1taN1 : 1180.7972712 (2.93)%
                  C1nTAU1taN1_C1wN1 : 1047.5597939 (2.60)%
             QqC1wN1_QqN2taTAU1taN1 : 1041.5222095 (2.58)%
                  C1nTAU1taN1_N2hN1 : 984.1580524 (2.44)%
              QqC1nTAU1taN1_QqN2hN1 : 868.0765905 (2.15)%
                    QqN2hN1_QqN2hN1 : 706.6762835 (1.75)%
                 GtT1bC1wN1_QqC1wN1 : 704.0840732 (1.75)%
             QqN2hN1_QqN2taTAU1taN1 : 467.2671598 (1.16)%
                     GqQqN1_QqC1wN1 : 379.8581403 (0.94)%
                        C1wN1_N2zN1 : 345.6119288 (0.86)%
           C1nTAU1taN1_N2taTAU1taN1 : 325.3715660 (0.81)%
                 GtT1bC1wN1_QqN2hN1 : 315.8793564 (0.78)%
                    QqC1wN1_QqN2zN1 : 304.8469949 (0.76)%
       QqC1nTAU1taN1_QqN2taTAU1taN1 : 286.9939833 (0.71)%
                 GtT1tN2hN1_QqC1wN1 : 280.9841483 (0.70)%
        QqC1nTAU1taN1_QqC1nTAU1taN1 : 266.5849217 (0.66)%
                 GbB1tC1wN1_QqC1wN1 : 264.6764528 (0.66)%
                       QqC1wN1_QqN1 : 207.8859976 (0.52)%
           GtT1bC1nTAU1taN1_QqC1wN1 : 194.0120824 (0.48)%
           GtT1bC1wN1_QqC1nTAU1taN1 : 194.0120824 (0.48)%
                     GqQqN1_QqN2hN1 : 170.4190585 (0.42)%
              GtT1tN3wC1wN1_QqC1wN1 : 155.8069287 (0.39)%
              GtT2tN4wC1wN1_QqC1wN1 : 151.7954114 (0.38)%
                    GtT1tN1_QqC1wN1 : 149.5549972 (0.37)%
            C1nTAU1taN1_C1nTAU1taN1 : 144.3288272 (0.36)%
                    QqN2hN1_QqN2zN1 : 136.7661565 (0.34)%
                 GbB1bN2hN1_QqC1wN1 : 129.1173481 (0.32)%
                 GtT1tN2hN1_QqN2hN1 : 126.0603602 (0.31)%
                 GbB1tC1wN1_QqN2hN1 : 118.7440971 (0.29)%
              GtT2hT1bC1wN1_QqC1wN1 : 105.4445287 (0.26)%
              GbB1tC2hC1wN1_QqC1wN1 : 105.3215681 (0.26)%
               GqQqN1_QqC1nTAU1taN1 : 104.6708364 (0.26)%
          GtT1bC1wN1_QqN2taTAU1taN1 : 104.4325762 (0.26)%
              GtT1bC2hC1wN1_QqC1wN1 : 103.4655495 (0.26)%
                              N1_N1 : 98.0405381 (0.24)%
              GbB1tC2zC1wN1_QqC1wN1 : 97.9456620 (0.24)%
              GtT1bC2zC1wN1_QqC1wN1 : 96.2196245 (0.24)%
                  C1nTAU1taN1_N2zN1 : 95.2342093 (0.24)%
                       QqN1_QqN2hN1 : 93.2657017 (0.23)%
              GbB2tC2hC1wN1_QqC1wN1 : 93.2234420 (0.23)%
          GtT1tN2taTAU1taN1_QqC1wN1 : 92.8959044 (0.23)%
                  T1bC1wN1_T1bC1wN1 : 89.7705671 (0.22)%
              GbB1tC2wN2hN1_QqC1wN1 : 87.5897150 (0.22)%
           GtT1bC1nTAU1taN1_QqN2hN1 : 87.0413265 (0.22)%
              GbB2tC2zC1wN1_QqC1wN1 : 86.6947949 (0.22)%
              GtT1bC2wN2hN1_QqC1wN1 : 86.0461741 (0.21)%
              QqC1nTAU1taN1_QqN2zN1 : 84.0013324 (0.21)%
              GbB2tC2wN2hN1_QqC1wN1 : 77.5284195 (0.19)%
           GtT1tN2hN1_QqC1nTAU1taN1 : 77.4258669 (0.19)%
      QqN2taTAU1taN1_QqN2taTAU1taN1 : 77.2413776 (0.19)%
              GtT2bC2hC1wN1_QqC1wN1 : 73.7838818 (0.18)%
           GbB1tC1wN1_QqC1nTAU1taN1 : 72.9322417 (0.18)%
           GbB1tC1nTAU1taN1_QqC1wN1 : 72.9322417 (0.18)%
                  T1bC1wN1_T1tN2hN1 : 71.6508363 (0.18)%
              GtT2tN3wC1wN1_QqC1wN1 : 71.0067208 (0.18)%
              GtT1tN3wC1wN1_QqN2hN1 : 69.9010164 (0.17)%
              GtT2tN4hN2hN1_QqC1wN1 : 69.3868990 (0.17)%
              GtT2bC2zC1wN1_QqC1wN1 : 68.6166307 (0.17)%
              GtT2tN4wC1wN1_QqN2hN1 : 68.1012945 (0.17)%
                    GtT1tN1_QqN2hN1 : 67.0961580 (0.17)%
              GtT1tN3zN2hN1_QqC1wN1 : 65.4204568 (0.16)%
                    GtT2tN1_QqC1wN1 : 65.0043151 (0.16)%
              GtT2bC2wN2hN1_QqC1wN1 : 61.3616878 (0.15)%
                 GbB1bN2hN1_QqN2hN1 : 57.9270379 (0.14)%
                 QqC1nTAU1taN1_QqN1 : 57.2834933 (0.14)%
              GqQqN1_QqN2taTAU1taN1 : 56.3420843 (0.14)%
           GbB1tC2nTAU1taN1_QqC1wN1 : 55.2552260 (0.14)%
              GbB1bN3wC1wN1_QqC1wN1 : 54.4192890 (0.14)%
           GtT1bC2nTAU1taN1_QqC1wN1 : 54.2814964 (0.13)%
     GtT1bC1nTAU1taN1_QqC1nTAU1taN1 : 53.4605022 (0.13)%
          GtT1tN3taTAU1taN1_QqC1wN1 : 51.8269544 (0.13)%
                 GbB2tC1wN1_QqC1wN1 : 50.4866996 (0.13)%
                 GbB1tC2wN1_QqC1wN1 : 49.5777554 (0.12)%
            T1bC1nTAU1taN1_T1bC1wN1 : 49.4729971 (0.12)%
           GbB2tC2nTAU1taN1_QqC1wN1 : 48.9081434 (0.12)%
                 GtT1bC2wN1_QqC1wN1 : 48.7040765 (0.12)%
              GbB2bN4wC1wN1_QqC1wN1 : 48.3512570 (0.12)%
              GtT2hT1bC1wN1_QqN2hN1 : 47.3064952 (0.12)%
              GbB1tC2hC1wN1_QqN2hN1 : 47.2513303 (0.12)%
              GtT1bC2hC1wN1_QqN2hN1 : 46.4186486 (0.12)%
              GbB2bN3wC1wN1_QqC1wN1 : 46.1083145 (0.11)%
          GtT2tN4taTAU1taN1_QqC1wN1 : 45.9096627 (0.11)%
              GbB1bN4wC1wN1_QqC1wN1 : 45.7147043 (0.11)%
             QqN2taTAU1taN1_QqN2zN1 : 45.2161301 (0.11)%
                    GbB1bN1_QqC1wN1 : 44.5468981 (0.11)%
              GbB1tC2zC1wN1_QqN2hN1 : 43.9422135 (0.11)%
                 GbB2tC2wN1_QqC1wN1 : 43.8828351 (0.11)%
              GtT1bC2zC1wN1_QqN2hN1 : 43.1678463 (0.11)%
        GtT1tN3wC1wN1_QqC1nTAU1taN1 : 42.9329789 (0.11)%
        GtT1tN3wC1nTAU1taN1_QqC1wN1 : 42.9329789 (0.11)%
          GbB1bN2taTAU1taN1_QqC1wN1 : 42.6873647 (0.11)%
              GbB1wT1bC1wN1_QqC1wN1 : 42.6608830 (0.11)%
              GtT2hT1tN2hN1_QqC1wN1 : 42.0805444 (0.10)%
        GtT2tN4wC1wN1_QqC1nTAU1taN1 : 41.8275956 (0.10)%
        GtT2tN4wC1nTAU1taN1_QqC1wN1 : 41.8275956 (0.10)%
              GbB2tC2hC1wN1_QqN2hN1 : 41.8236429 (0.10)%
          GtT1tN2hN1_QqN2taTAU1taN1 : 41.6766969 (0.10)%
          GtT1tN2taTAU1taN1_QqN2hN1 : 41.6766969 (0.10)%
              GtT1tN1_QqC1nTAU1taN1 : 41.2102440 (0.10)%
                        N2hN1_N2hN1 : 41.1739016 (0.10)%
               T1bC1wN1_T1tN3wC1wN1 : 39.7306994 (0.10)%
              GbB1tC2wN2hN1_QqN2hN1 : 39.2961350 (0.10)%
          GbB1tC1wN1_QqN2taTAU1taN1 : 39.2578740 (0.10)%
              GbB2tC2zC1wN1_QqN2hN1 : 38.8946392 (0.10)%
           GtT2bC2nTAU1taN1_QqC1wN1 : 38.7094983 (0.10)%
              GtT1bC2wN2hN1_QqN2hN1 : 38.6036429 (0.10)%
                     T1bC1wN1_T1tN1 : 38.1364596 (0.09)%
           GbB1bN2hN1_QqC1nTAU1taN1 : 35.5786000 (0.09)%
                 GtT1tN3zN1_QqC1wN1 : 35.2257843 (0.09)%
              GbB2tC2wN2hN1_QqN2hN1 : 34.7822486 (0.09)%
                 GtT2bC2wN1_QqC1wN1 : 34.7321001 (0.09)%
                 GtT2tN4hN1_QqC1wN1 : 33.3229472 (0.08)%
              GtT2bC2hC1wN1_QqN2hN1 : 33.1023041 (0.08)%
           GbB1tC1nTAU1taN1_QqN2hN1 : 32.7202254 (0.08)%
              GtT2tN3wC1wN1_QqN2hN1 : 31.8563622 (0.08)%
              GtT2tN4hN2hN1_QqN2hN1 : 31.1296475 (0.08)%
                QqN1_QqN2taTAU1taN1 : 30.8344857 (0.08)%
              GtT2bC2zC1wN1_QqN2hN1 : 30.7840753 (0.08)%
                 GtT1bC1wN1_QqN2zN1 : 30.5667577 (0.08)%
              GtT2tN3zN2hN1_QqC1wN1 : 29.8144130 (0.07)%
              GtT1tN3zN2hN1_QqN2hN1 : 29.3501481 (0.07)%
                    GtT2tN1_QqN2hN1 : 29.1634508 (0.07)%
        GtT2hT1bC1wN1_QqC1nTAU1taN1 : 29.0554969 (0.07)%
        GtT2hT1bC1nTAU1taN1_QqC1wN1 : 29.0554969 (0.07)%
        GbB1tC2hC1wN1_QqC1nTAU1taN1 : 29.0216148 (0.07)%
        GbB1tC2hC1nTAU1taN1_QqC1wN1 : 29.0216148 (0.07)%
       GbB1tC2wN2taTAU1taN1_QqC1wN1 : 28.9579531 (0.07)%
    GtT1bC1nTAU1taN1_QqN2taTAU1taN1 : 28.7766509 (0.07)%
        GtT1bC2hC1nTAU1taN1_QqC1wN1 : 28.5101843 (0.07)%
        GtT1bC2hC1wN1_QqC1nTAU1taN1 : 28.5101843 (0.07)%
       GtT1bC2wN2taTAU1taN1_QqC1wN1 : 28.4476445 (0.07)%
                 QqC1wN1_QqC2hC1wN1 : 27.7574615 (0.07)%
              GtT2bC2wN2hN1_QqN2hN1 : 27.5292272 (0.07)%
                 N2hN1_N2taTAU1taN1 : 27.2249296 (0.07)%
                 GtT1tN2zN1_QqC1wN1 : 27.1900465 (0.07)%
        GbB1tC2zC1wN1_QqC1nTAU1taN1 : 26.9891659 (0.07)%
        GbB1tC2zC1nTAU1taN1_QqC1wN1 : 26.9891659 (0.07)%
              GtT2zT1bC1wN1_QqC1wN1 : 26.5505132 (0.07)%
        GtT1bC2zC1nTAU1taN1_QqC1wN1 : 26.5135520 (0.07)%
        GtT1bC2zC1wN1_QqC1nTAU1taN1 : 26.5135520 (0.07)%
               T1bC1wN1_T1bC2hC1wN1 : 26.3836704 (0.07)%
                 QqC1wN1_QqC2zC1wN1 : 25.8135441 (0.06)%
        GbB2tC2hC1nTAU1taN1_QqC1wN1 : 25.6879466 (0.06)%
        GbB2tC2hC1wN1_QqC1nTAU1taN1 : 25.6879466 (0.06)%
       GbB2tC2wN2taTAU1taN1_QqC1wN1 : 25.6315977 (0.06)%
    GtT1tN2taTAU1taN1_QqC1nTAU1taN1 : 25.5976929 (0.06)%
           GbB1tC2nTAU1taN1_QqN2hN1 : 24.7896322 (0.06)%
                           C1wN1_N1 : 24.7031414 (0.06)%
                 GbB2bN2hN1_QqC1wN1 : 24.6810193 (0.06)%
               T1bC1wN1_T1bC2zC1wN1 : 24.5359626 (0.06)%
              GbB1bN3wC1wN1_QqN2hN1 : 24.4145985 (0.06)%
           GtT1bC2nTAU1taN1_QqN2hN1 : 24.3527794 (0.06)%
        GbB1tC2wN2hN1_QqC1nTAU1taN1 : 24.1355594 (0.06)%
        GbB2tC2zC1wN1_QqC1nTAU1taN1 : 23.8889620 (0.06)%
        GbB2tC2zC1nTAU1taN1_QqC1wN1 : 23.8889620 (0.06)%
        GtT1bC2wN2hN1_QqC1nTAU1taN1 : 23.7102330 (0.06)%
           T1bC1wN1_T1tN2taTAU1taN1 : 23.6884155 (0.06)%
          GtT2tN3taTAU1taN1_QqC1wN1 : 23.6193738 (0.06)%
           GtT2hT1tN3wC1wN1_QqC1wN1 : 23.3338443 (0.06)%
          GtT1tN3taTAU1taN1_QqN2hN1 : 23.2515770 (0.06)%
       GtT1tN3wC1wN1_QqN2taTAU1taN1 : 23.1099091 (0.06)%
                 QqC1wN1_QqC2wN2hN1 : 23.0842380 (0.06)%
       GtT2tN4hN2taTAU1taN1_QqC1wN1 : 22.9399373 (0.06)%
              GbB1bN3zN2hN1_QqC1wN1 : 22.8496561 (0.06)%
                 GbB2tC1wN1_QqN2hN1 : 22.6502868 (0.06)%
       GtT2tN4wC1wN1_QqN2taTAU1taN1 : 22.5149048 (0.06)%
                 GtT2hT1tN1_QqC1wN1 : 22.3975471 (0.06)%
                 GbB1tC2wN1_QqN2hN1 : 22.2424993 (0.06)%
             GtT1tN1_QqN2taTAU1taN1 : 22.1825976 (0.06)%
              GbB2bN4hN2hN1_QqC1wN1 : 22.1017470 (0.05)%
           GbB2tC2nTAU1taN1_QqN2hN1 : 21.9420854 (0.05)%
               T1bC1wN1_T1bC2wN2hN1 : 21.9417372 (0.05)%
                 GtT1bC2wN1_QqN2hN1 : 21.8505331 (0.05)%
              GbB2bN4wC1wN1_QqN2hN1 : 21.6922446 (0.05)%
       GtT1tN3zN2taTAU1taN1_QqC1wN1 : 21.6285956 (0.05)%
        GbB2tC2wN2hN1_QqC1nTAU1taN1 : 21.3631450 (0.05)%
              GbB1bN4hN2hN1_QqC1wN1 : 20.8965577 (0.05)%
                    GtT1bC1wN1_QqN1 : 20.8445582 (0.05)%
              GbB2bN3wC1wN1_QqN2hN1 : 20.6859738 (0.05)%
          GtT2tN4taTAU1taN1_QqN2hN1 : 20.5968509 (0.05)%
              GbB1bN4wC1wN1_QqN2hN1 : 20.5093851 (0.05)%
        GtT2bC2hC1wN1_QqC1nTAU1taN1 : 20.3313285 (0.05)%
        GtT2bC2hC1nTAU1taN1_QqC1wN1 : 20.3313285 (0.05)%
       GtT2bC2wN2taTAU1taN1_QqC1wN1 : 20.2867297 (0.05)%
     GbB1tC1nTAU1taN1_QqC1nTAU1taN1 : 20.0966569 (0.05)%
                    GbB1bN1_QqN2hN1 : 19.9854620 (0.05)%
            T1bC1nTAU1taN1_T1tN2hN1 : 19.7435626 (0.05)%
                 GbB2tC2wN1_QqN2hN1 : 19.6875377 (0.05)%
        GtT2tN3wC1wN1_QqC1nTAU1taN1 : 19.5660750 (0.05)%
        GtT2tN3wC1nTAU1taN1_QqC1wN1 : 19.5660750 (0.05)%
              GbB2bN3zN2hN1_QqC1wN1 : 19.3600312 (0.05)%
        GtT1tN3wC1nTAU1taN1_QqN2hN1 : 19.2613954 (0.05)%
                  GqQqN1_GtT1bC1wN1 : 19.1719730 (0.05)%
          GbB1bN2hN1_QqN2taTAU1taN1 : 19.1512034 (0.05)%
          GbB1bN2taTAU1taN1_QqN2hN1 : 19.1512034 (0.05)%
              GbB1wT1bC1wN1_QqN2hN1 : 19.1393227 (0.05)%
        GtT2tN4hN2hN1_QqC1nTAU1taN1 : 19.1197291 (0.05)%
        GtT2bC2zC1wN1_QqC1nTAU1taN1 : 18.9074798 (0.05)%
        GtT2bC2zC1nTAU1taN1_QqC1wN1 : 18.9074798 (0.05)%
              GtT2hT1tN2hN1_QqN2hN1 : 18.8789603 (0.05)%
        GtT2tN4wC1nTAU1taN1_QqN2hN1 : 18.7654777 (0.05)%
                 QqC1wN1_QqN4wC1wN1 : 18.6985962 (0.05)%
                  C2hC1wN1_N3wC1wN1 : 18.4177061 (0.05)%
          GbB1bN3taTAU1taN1_QqC1wN1 : 18.1018010 (0.04)%
        GtT1tN3zN2hN1_QqC1nTAU1taN1 : 18.0267663 (0.04)%
                  C2hC1wN1_N4wC1wN1 : 17.9958605 (0.04)%
              GtT2tN1_QqC1nTAU1taN1 : 17.9120975 (0.04)%
              GtT1bC1wN1_GtT1bC1wN1 : 17.7680552 (0.04)%
           GtT2bC2nTAU1taN1_QqN2hN1 : 17.3665786 (0.04)%
                  C2zC1wN1_N3wC1wN1 : 17.1278727 (0.04)%
              GbB1wT1tN2hN1_QqC1wN1 : 17.0250007 (0.04)%
        GtT2bC2wN2hN1_QqC1nTAU1taN1 : 16.9083626 (0.04)%
                  C2zC1wN1_N4wC1wN1 : 16.7355699 (0.04)%
               T1bC1wN1_T1tN3zN2hN1 : 16.6821882 (0.04)%
                     GqQqN1_QqN2zN1 : 16.4909734 (0.04)%
                 GtT2tN3zN1_QqC1wN1 : 16.0536342 (0.04)%
               T1tN2hN1_T1tN3wC1wN1 : 15.8556303 (0.04)%
                 GtT1tN3zN1_QqN2hN1 : 15.8036497 (0.04)%
       GtT2hT1bC1wN1_QqN2taTAU1taN1 : 15.6399558 (0.04)%
       GbB1tC2hC1wN1_QqN2taTAU1taN1 : 15.6217178 (0.04)%
                 GtT2bC2wN1_QqN2hN1 : 15.5821639 (0.04)%
           GtT2hT1bC2hC1wN1_QqC1wN1 : 15.4951326 (0.04)%
       GtT1bC2hC1wN1_QqN2taTAU1taN1 : 15.3464256 (0.04)%
          GbB2bN3taTAU1taN1_QqC1wN1 : 15.3372737 (0.04)%
                  C2wN2hN1_N3wC1wN1 : 15.3169161 (0.04)%
                  N3wC1wN1_N4wC1wN1 : 15.2998851 (0.04)%
     GbB1tC2nTAU1taN1_QqC1nTAU1taN1 : 15.2257122 (0.04)%
                     T1tN1_T1tN2hN1 : 15.2194049 (0.04)%
        GbB1bN3wC1nTAU1taN1_QqC1wN1 : 14.9953677 (0.04)%
        GbB1bN3wC1wN1_QqC1nTAU1taN1 : 14.9953677 (0.04)%
                  C2wN2hN1_N4wC1wN1 : 14.9660921 (0.04)%
     GtT1bC2nTAU1taN1_QqC1nTAU1taN1 : 14.9573986 (0.04)%
                 GtT2tN4hN1_QqN2hN1 : 14.9499634 (0.04)%
              GbB2wT1bC1wN1_QqC1wN1 : 14.8669786 (0.04)%
          GbB2bN4taTAU1taN1_QqC1wN1 : 14.6235639 (0.04)%
              QqC1wN1_QqC2nTAU1taN1 : 14.5624950 (0.04)%
       GbB1tC2zC1wN1_QqN2taTAU1taN1 : 14.5276938 (0.04)%
           GtT2hT1bC2zC1wN1_QqC1wN1 : 14.4099737 (0.04)%
                  T1tN2hN1_T1tN2hN1 : 14.2971202 (0.04)%
    GtT1tN3taTAU1taN1_QqC1nTAU1taN1 : 14.2810436 (0.04)%
       GtT1bC2zC1wN1_QqN2taTAU1taN1 : 14.2716810 (0.04)%
              GtT1bC1wN1_GtT1tN2hN1 : 14.1816640 (0.04)%
       GtT2hT1tN2taTAU1taN1_QqC1wN1 : 13.9122091 (0.03)%
           GbB2tC1wN1_QqC1nTAU1taN1 : 13.9117331 (0.03)%
           GbB2tC1nTAU1taN1_QqC1wN1 : 13.9117331 (0.03)%
            T1bC1wN1_T1bC2nTAU1taN1 : 13.8417581 (0.03)%
       GbB2tC2hC1wN1_QqN2taTAU1taN1 : 13.8272752 (0.03)%
          GbB1bN4taTAU1taN1_QqC1wN1 : 13.8261535 (0.03)%
   GtT1tN2taTAU1taN1_QqN2taTAU1taN1 : 13.7786935 (0.03)%
           GbB1tC2wN1_QqC1nTAU1taN1 : 13.6612713 (0.03)%
     GbB2tC2nTAU1taN1_QqC1nTAU1taN1 : 13.4767581 (0.03)%
           GtT1bC2wN1_QqC1nTAU1taN1 : 13.4205270 (0.03)%
              GtT2tN3zN2hN1_QqN2hN1 : 13.3758992 (0.03)%
              GbB1tC1wN1_GtT1bC1wN1 : 13.3585917 (0.03)%
        GbB2bN4wC1nTAU1taN1_QqC1wN1 : 13.3233067 (0.03)%
        GbB2bN4wC1wN1_QqC1nTAU1taN1 : 13.3233067 (0.03)%
           T1bC1wN1_T1tN3taTAU1taN1 : 13.2158510 (0.03)%
                    QqC1wN1_QqC2wN1 : 13.0661997 (0.03)%
        GtT2hT1bC1nTAU1taN1_QqN2hN1 : 13.0354201 (0.03)%
        GbB1tC2hC1nTAU1taN1_QqN2hN1 : 13.0202192 (0.03)%
       GbB1tC2wN2hN1_QqN2taTAU1taN1 : 12.9916581 (0.03)%
       GbB1tC2wN2taTAU1taN1_QqN2hN1 : 12.9916581 (0.03)%
           GtT2hT1bC2wN2hN1_QqC1wN1 : 12.8863848 (0.03)%
       GbB2tC2zC1wN1_QqN2taTAU1taN1 : 12.8589200 (0.03)%
        GtT1bC2hC1nTAU1taN1_QqN2hN1 : 12.7907718 (0.03)%
       GtT1bC2wN2hN1_QqN2taTAU1taN1 : 12.7627140 (0.03)%
       GtT1bC2wN2taTAU1taN1_QqN2hN1 : 12.7627140 (0.03)%
        GbB2bN3wC1wN1_QqC1nTAU1taN1 : 12.7052584 (0.03)%
        GbB2bN3wC1nTAU1taN1_QqC1wN1 : 12.7052584 (0.03)%
    GtT2tN4taTAU1taN1_QqC1nTAU1taN1 : 12.6505194 (0.03)%
        GbB1bN4wC1wN1_QqC1nTAU1taN1 : 12.5967982 (0.03)%
        GbB1bN4wC1nTAU1taN1_QqC1wN1 : 12.5967982 (0.03)%
                 GbB1bN2zN1_QqC1wN1 : 12.4943230 (0.03)%
                 QqC2hC1wN1_QqN2hN1 : 12.4530712 (0.03)%
                  T1bC1wN1_T1bC2wN1 : 12.4195184 (0.03)%
                 GbB1bN3zN1_QqC1wN1 : 12.3034460 (0.03)%
              GbB1bN1_QqC1nTAU1taN1 : 12.2750063 (0.03)%
                 GtT1tN2zN1_QqN2hN1 : 12.1985068 (0.03)%
                 GtT1tN2hN1_QqN2zN1 : 12.1985068 (0.03)%
        GbB1tC2zC1nTAU1taN1_QqN2hN1 : 12.1083840 (0.03)%
           GbB2tC2wN1_QqC1nTAU1taN1 : 12.0920222 (0.03)%
              GtT2zT1bC1wN1_QqN2hN1 : 11.9115875 (0.03)%
        GtT1bC2zC1nTAU1taN1_QqN2hN1 : 11.8950053 (0.03)%
  GtT1tN3wC1nTAU1taN1_QqC1nTAU1taN1 : 11.8302870 (0.03)%
    GbB1bN2taTAU1taN1_QqC1nTAU1taN1 : 11.7626074 (0.03)%
        GbB1wT1bC1nTAU1taN1_QqC1wN1 : 11.7553103 (0.03)%
        GbB1wT1bC1wN1_QqC1nTAU1taN1 : 11.7553103 (0.03)%
        GtT2hT1tN2hN1_QqC1nTAU1taN1 : 11.5953966 (0.03)%
                 QqC2zC1wN1_QqN2hN1 : 11.5809546 (0.03)%
  GtT2tN4wC1nTAU1taN1_QqC1nTAU1taN1 : 11.5256959 (0.03)%
        GbB2tC2hC1nTAU1taN1_QqN2hN1 : 11.5246067 (0.03)%
       GbB2tC2wN2hN1_QqN2taTAU1taN1 : 11.4993264 (0.03)%
       GbB2tC2wN2taTAU1taN1_QqN2hN1 : 11.4993264 (0.03)%
                 GbB1tC1wN1_QqN2zN1 : 11.4905326 (0.03)%
                        GqQqN1_QqN1 : 11.2457807 (0.03)%
                 GbB2bN2hN1_QqN2hN1 : 11.0728602 (0.03)%
         T1bC1wN1_T1tN3wC1nTAU1taN1 : 10.9478911 (0.03)%
         T1bC1nTAU1taN1_T1tN3wC1wN1 : 10.9478911 (0.03)%
       GtT2bC2hC1wN1_QqN2taTAU1taN1 : 10.9439215 (0.03)%
    GbB1tC1nTAU1taN1_QqN2taTAU1taN1 : 10.8176029 (0.03)%
        GbB2tC2zC1nTAU1taN1_QqN2hN1 : 10.7175126 (0.03)%
     GtT2bC2nTAU1taN1_QqC1nTAU1taN1 : 10.6664966 (0.03)%
                 GbB2bN4hN1_QqC1wN1 : 10.6143287 (0.03)%
          GtT2tN3taTAU1taN1_QqN2hN1 : 10.5965649 (0.03)%
              GtT2zT1tN2hN1_QqC1wN1 : 10.5957138 (0.03)%
       GtT2tN3wC1wN1_QqN2taTAU1taN1 : 10.5320019 (0.03)%
               T1bC2hC1wN1_T1tN2hN1 : 10.5291306 (0.03)%
               T1bC1nTAU1taN1_T1tN1 : 10.5085944 (0.03)%
           GtT2hT1tN3wC1wN1_QqN2hN1 : 10.4684654 (0.03)%
                 GbB2bN3zN1_QqC1wN1 : 10.4244500 (0.03)%
                 QqC2wN2hN1_QqN2hN1 : 10.3564823 (0.03)%
       GtT2tN4hN2hN1_QqN2taTAU1taN1 : 10.2917434 (0.03)%
       GtT2tN4hN2taTAU1taN1_QqN2hN1 : 10.2917434 (0.03)%
              GbB1bN3zN2hN1_QqN2hN1 : 10.2512398 (0.03)%
       GtT2bC2zC1wN1_QqN2taTAU1taN1 : 10.1774941 (0.03)%
                 GtT2hT1tN1_QqN2hN1 : 10.0484062 (0.02)%
                 GbB1bN4hN1_QqC1wN1 : 10.0355384 (0.02)%
                  C2hC1wN1_C2zC1wN1 : 10.0051782 (0.02)%
              GbB2bN4hN2hN1_QqN2hN1 : 9.9156988 (0.02)%
       GtT2tN3zN2taTAU1taN1_QqC1wN1 : 9.8569150 (0.02)%
           GtT2hT1tN3zN2hN1_QqC1wN1 : 9.7974510 (0.02)%
        GtT1bC1nTAU1taN1_GtT1bC1wN1 : 9.7920618 (0.02)%
               T1bC2zC1wN1_T1tN2hN1 : 9.7917519 (0.02)%
           GtT1tN3zN1_QqC1nTAU1taN1 : 9.7065507 (0.02)%
       GtT1tN3zN2hN1_QqN2taTAU1taN1 : 9.7034248 (0.02)%
       GtT1tN3zN2taTAU1taN1_QqN2hN1 : 9.7034248 (0.02)%
               C2nTAU1taN1_N3wC1wN1 : 9.6625461 (0.02)%
             GtT2tN1_QqN2taTAU1taN1 : 9.6417010 (0.02)%
           GtT2bC2wN1_QqC1nTAU1taN1 : 9.5705148 (0.02)%
           T1tN2hN1_T1tN2taTAU1taN1 : 9.4535148 (0.02)%
               C2nTAU1taN1_N4wC1wN1 : 9.4412318 (0.02)%
           GbB1wT1tN3wC1wN1_QqC1wN1 : 9.4404367 (0.02)%
              GbB1bN4hN2hN1_QqN2hN1 : 9.3750043 (0.02)%
                    GbB2bN1_QqC1wN1 : 9.2402811 (0.02)%
           GtT2tN4hN1_QqC1nTAU1taN1 : 9.1822193 (0.02)%
        GtT2bC2hC1nTAU1taN1_QqN2hN1 : 9.1214206 (0.02)%
       GtT2bC2wN2hN1_QqN2taTAU1taN1 : 9.1014119 (0.02)%
       GtT2bC2wN2taTAU1taN1_QqN2hN1 : 9.1014119 (0.02)%
                 GbB1wT1tN1_QqC1wN1 : 9.0616284 (0.02)%
                       QqN1_QqN2zN1 : 9.0250599 (0.02)%
                  T1bC1wN1_T1tN3zN1 : 8.9825598 (0.02)%
                  C2hC1wN1_C2wN2hN1 : 8.9473152 (0.02)%
                           N1_N2hN1 : 8.8313345 (0.02)%
        GtT2tN3wC1nTAU1taN1_QqN2hN1 : 8.7780982 (0.02)%
               T1bC2wN2hN1_T1tN2hN1 : 8.7564548 (0.02)%
              GbB2bN3zN2hN1_QqN2hN1 : 8.6856590 (0.02)%
                     C2wN1_N3wC1wN1 : 8.6697202 (0.02)%
                 QqC1wN1_QqN4hN2hN1 : 8.5472782 (0.02)%
        GtT2bC2zC1nTAU1taN1_QqN2hN1 : 8.4826270 (0.02)%
              GbB1tC2wN2zN1_QqC1wN1 : 8.4758106 (0.02)%
                     C2wN1_N4wC1wN1 : 8.4711459 (0.02)%
                  T1tN1_T1tN3wC1wN1 : 8.4392260 (0.02)%
           GtT1bC1nTAU1taN1_QqN2zN1 : 8.4227446 (0.02)%
                 GtT1tN3hN1_QqC1wN1 : 8.4065078 (0.02)%
                 QqN2hN1_QqN4wC1wN1 : 8.3889137 (0.02)%
              GtT1bC2wN2zN1_QqC1wN1 : 8.3264465 (0.02)%
                  C2wN2hN1_C2zC1wN1 : 8.3207146 (0.02)%
                    GtT1tN2hN1_QqN1 : 8.3185952 (0.02)%
                  C2hC1wN1_N4hN2hN1 : 8.2260520 (0.02)%
        GtT2tN3zN2hN1_QqC1nTAU1taN1 : 8.2154342 (0.02)%
    GbB1tC2nTAU1taN1_QqN2taTAU1taN1 : 8.1956769 (0.02)%
          GbB2bN2taTAU1taN1_QqC1wN1 : 8.1597685 (0.02)%
                  B1tC1wN1_B1tC1wN1 : 8.1299510 (0.02)%
        GtT2hT1bC2nTAU1taN1_QqC1wN1 : 8.1292661 (0.02)%
          GbB1bN3taTAU1taN1_QqN2hN1 : 8.1211683 (0.02)%
       GbB1bN3wC1wN1_QqN2taTAU1taN1 : 8.0716874 (0.02)%
                 GtT2tN4zN1_QqC1wN1 : 8.0660295 (0.02)%
    GtT1bC2nTAU1taN1_QqN2taTAU1taN1 : 8.0512495 (0.02)%
  GtT2hT1bC1nTAU1taN1_QqC1nTAU1taN1 : 8.0063130 (0.02)%
  GbB1tC2hC1nTAU1taN1_QqC1nTAU1taN1 : 7.9969767 (0.02)%
 GbB1tC2wN2taTAU1taN1_QqC1nTAU1taN1 : 7.9794346 (0.02)%
                        N2hN1_N2zN1 : 7.9685655 (0.02)%
                  B1bN2hN1_B1tC1wN1 : 7.9320824 (0.02)%
           GtT1bC1wN1_GtT1tN3wC1wN1 : 7.8637942 (0.02)%
  GtT1bC2hC1nTAU1taN1_QqC1nTAU1taN1 : 7.8560508 (0.02)%
 GtT1bC2wN2taTAU1taN1_QqC1nTAU1taN1 : 7.8388178 (0.02)%
                    GbB1tC1wN1_QqN1 : 7.8358025 (0.02)%
       GtT2hT1tN3taTAU1taN1_QqC1wN1 : 7.7616708 (0.02)%
                  C2hC1wN1_N3zN2hN1 : 7.7332552 (0.02)%
   GtT1tN3taTAU1taN1_QqN2taTAU1taN1 : 7.6871819 (0.02)%
           GtT1bC1wN1_GtT2tN4wC1wN1 : 7.6613273 (0.02)%
                  GqQqN1_GtT1tN2hN1 : 7.6511040 (0.02)%
                  C2zC1wN1_N4hN2hN1 : 7.6499631 (0.02)%
           QqC1wN1_QqC2hC1nTAU1taN1 : 7.6486362 (0.02)%
           QqC1nTAU1taN1_QqC2hC1wN1 : 7.6486362 (0.02)%
              GbB1wT1tN2hN1_QqN2hN1 : 7.6380740 (0.02)%
          QqC1wN1_QqC2wN2taTAU1taN1 : 7.6318582 (0.02)%
       GbB1bN3zN2taTAU1taN1_QqC1wN1 : 7.5543033 (0.02)%
                 GtT1bC1wN1_GtT1tN1 : 7.5482504 (0.02)%
              GbB2tC2wN2zN1_QqC1wN1 : 7.5022073 (0.02)%
           GtT1tN2zN1_QqC1nTAU1taN1 : 7.4922836 (0.02)%
          GbB2tC1wN1_QqN2taTAU1taN1 : 7.4883900 (0.02)%
  GbB1tC2zC1nTAU1taN1_QqC1nTAU1taN1 : 7.4369304 (0.02)%
          GbB1tC2wN1_QqN2taTAU1taN1 : 7.3535717 (0.02)%
        GtT2zT1bC1nTAU1taN1_QqC1wN1 : 7.3160586 (0.02)%
        GtT2zT1bC1wN1_QqC1nTAU1taN1 : 7.3160586 (0.02)%
       GbB2bN4hN2taTAU1taN1_QqC1wN1 : 7.3070378 (0.02)%
  GtT1bC2zC1nTAU1taN1_QqC1nTAU1taN1 : 7.3058739 (0.02)%
              GtT2hT1bC2wN1_QqC1wN1 : 7.2939846 (0.02)%
         T1bC1wN1_T1bC2hC1nTAU1taN1 : 7.2700847 (0.02)%
         T1bC1nTAU1taN1_T1bC2hC1wN1 : 7.2700847 (0.02)%
    GbB2tC2nTAU1taN1_QqN2taTAU1taN1 : 7.2542522 (0.02)%
        T1bC1wN1_T1bC2wN2taTAU1taN1 : 7.2541371 (0.02)%
      GbB1tC2taNUTwTAU1taN1_QqC1wN1 : 7.2396521 (0.02)%
          GtT1bC2wN1_QqN2taTAU1taN1 : 7.2239841 (0.02)%
                  GbB1tC1wN1_GqQqN1 : 7.2070510 (0.02)%
                 GtT2tN3zN1_QqN2hN1 : 7.2022814 (0.02)%
                  C2zC1wN1_N3zN2hN1 : 7.1916780 (0.02)%
       GbB2bN4wC1wN1_QqN2taTAU1taN1 : 7.1716525 (0.02)%
           QqC1wN1_QqC2zC1nTAU1taN1 : 7.1129850 (0.02)%
           QqC1nTAU1taN1_QqC2zC1wN1 : 7.1129850 (0.02)%
      GtT1bC2taNUTwTAU1taN1_QqC1wN1 : 7.1120720 (0.02)%
  GbB2tC2hC1nTAU1taN1_QqC1nTAU1taN1 : 7.0783763 (0.02)%
 GbB2tC2wN2taTAU1taN1_QqC1nTAU1taN1 : 7.0628492 (0.02)%
                  N3wC1wN1_N4hN2hN1 : 6.9937001 (0.02)%
           GtT2hT1bC2hC1wN1_QqN2hN1 : 6.9517160 (0.02)%
                  T1bC1wN1_T1tN2zN1 : 6.9334501 (0.02)%
       GbB1bN4hN2taTAU1taN1_QqC1wN1 : 6.9085912 (0.02)%
          GbB2bN3taTAU1taN1_QqN2hN1 : 6.8808944 (0.02)%
                  C2wN2hN1_N4hN2hN1 : 6.8411206 (0.02)%
       GbB2bN3wC1wN1_QqN2taTAU1taN1 : 6.8389703 (0.02)%
      T1bC1nTAU1taN1_T1bC1nTAU1taN1 : 6.8162025 (0.02)%
   GtT2tN4taTAU1taN1_QqN2taTAU1taN1 : 6.8095055 (0.02)%
                     C1nTAU1taN1_N1 : 6.8070108 (0.02)%
           GbB2bN2hN1_QqC1nTAU1taN1 : 6.8009150 (0.02)%
       GbB1bN4wC1wN1_QqN2taTAU1taN1 : 6.7805885 (0.02)%
              GtT1tN3wC1wN1_QqN2zN1 : 6.7641249 (0.02)%
         T1bC1wN1_T1bC2zC1nTAU1taN1 : 6.7609443 (0.02)%
         T1bC1nTAU1taN1_T1bC2zC1wN1 : 6.7609443 (0.02)%
        GbB1bN3wC1nTAU1taN1_QqN2hN1 : 6.7275021 (0.02)%
              GtT2tN4hN2zN1_QqC1wN1 : 6.7143752 (0.02)%
              GbB2wT1bC1wN1_QqN2hN1 : 6.6699018 (0.02)%
               T1tN2hN1_T1tN3zN2hN1 : 6.6574868 (0.02)%
                    QqN2zN1_QqN2zN1 : 6.6172383 (0.02)%
             GbB1bN1_QqN2taTAU1taN1 : 6.6073748 (0.02)%
              GtT2tN4wC1wN1_QqN2zN1 : 6.5899709 (0.02)%
  GbB2tC2zC1nTAU1taN1_QqC1nTAU1taN1 : 6.5826617 (0.02)%
          GbB2bN4taTAU1taN1_QqN2hN1 : 6.5606966 (0.02)%
              QqC2nTAU1taN1_QqN2hN1 : 6.5332987 (0.02)%
     T1bC1nTAU1taN1_T1tN2taTAU1taN1 : 6.5274006 (0.02)%
              GbB1bN2hN1_GtT1bC1wN1 : 6.5167336 (0.02)%
          GbB2tC2wN1_QqN2taTAU1taN1 : 6.5088783 (0.02)%
    GtT2tN3taTAU1taN1_QqC1nTAU1taN1 : 6.5083760 (0.02)%
                    GtT1tN1_QqN2zN1 : 6.4927067 (0.02)%
               B1tC1wN1_B1tC2hC1wN1 : 6.4702332 (0.02)%
           GtT2hT1bC2zC1wN1_QqN2hN1 : 6.4648717 (0.02)%
                  C2wN2hN1_N3zN2hN1 : 6.4312907 (0.02)%
     GtT2hT1tN3wC1wN1_QqC1nTAU1taN1 : 6.4296977 (0.02)%
     GtT2hT1tN3wC1nTAU1taN1_QqC1wN1 : 6.4296977 (0.02)%
                  N3zN2hN1_N4wC1wN1 : 6.4241397 (0.02)%
      GbB2tC2taNUTwTAU1taN1_QqC1wN1 : 6.4080444 (0.02)%
       GbB2bN3zN2taTAU1taN1_QqC1wN1 : 6.4006017 (0.02)%
 GtT1tN3wC1nTAU1taN1_QqN2taTAU1taN1 : 6.3679918 (0.02)%
           QqC1nTAU1taN1_QqC2wN2hN1 : 6.3609180 (0.02)%
   GbB1bN2taTAU1taN1_QqN2taTAU1taN1 : 6.3315613 (0.02)%
              GtT1tN3zN2zN1_QqC1wN1 : 6.3305538 (0.02)%
       GbB1wT1bC1wN1_QqN2taTAU1taN1 : 6.3276334 (0.02)%
 GtT2tN4hN2taTAU1taN1_QqC1nTAU1taN1 : 6.3211556 (0.02)%
        GbB1bN3zN2hN1_QqC1nTAU1taN1 : 6.2962784 (0.02)%
           GbB1wT1bC2hC1wN1_QqC1wN1 : 6.2690407 (0.02)%
       GtT2hT1tN2hN1_QqN2taTAU1taN1 : 6.2415553 (0.02)%
       GtT2hT1tN2taTAU1taN1_QqN2hN1 : 6.2415553 (0.02)%
           GbB2tC1nTAU1taN1_QqN2hN1 : 6.2413417 (0.02)%
 GtT2tN4wC1nTAU1taN1_QqN2taTAU1taN1 : 6.2040369 (0.02)%
          GbB1bN4taTAU1taN1_QqN2hN1 : 6.2029474 (0.02)%
           GtT2hT1tN1_QqC1nTAU1taN1 : 6.1716987 (0.02)%
              C2hC1wN1_N3taTAU1taN1 : 6.1263875 (0.02)%
        GbB2bN4hN2hN1_QqC1nTAU1taN1 : 6.0901903 (0.02)%
         T1bC1nTAU1taN1_T1bC2wN2hN1 : 6.0460992 (0.02)%
               B1tC1wN1_B1tC2zC1wN1 : 6.0171082 (0.01)%
        GbB2bN4wC1nTAU1taN1_QqN2hN1 : 5.9773509 (0.01)%
 GtT1tN3zN2taTAU1taN1_QqC1nTAU1taN1 : 5.9598122 (0.01)%
              GtT2bC2wN2zN1_QqC1wN1 : 5.9377981 (0.01)%
              GbB2wT1tN2hN1_QqC1wN1 : 5.9330774 (0.01)%
           GtT2zT1tN3wC1wN1_QqC1wN1 : 5.8753693 (0.01)%
                    QqC2wN1_QqN2hN1 : 5.8620027 (0.01)%
            T1bC2hC1wN1_T1tN3wC1wN1 : 5.8384486 (0.01)%
           GbB1wT1bC2zC1wN1_QqC1wN1 : 5.8300057 (0.01)%
           GtT2hT1bC2wN2hN1_QqN2hN1 : 5.7813308 (0.01)%
        GbB1bN4hN2hN1_QqC1nTAU1taN1 : 5.7580974 (0.01)%
              GtT1bC1nTAU1taN1_QqN1 : 5.7437688 (0.01)%
    GtT2bC2nTAU1taN1_QqN2taTAU1taN1 : 5.7415482 (0.01)%
        GbB2bN3wC1nTAU1taN1_QqN2hN1 : 5.7000705 (0.01)%
              C2zC1wN1_N3taTAU1taN1 : 5.6973428 (0.01)%
             QqC1wN1_QqN4taTAU1taN1 : 5.6552845 (0.01)%
        GbB1bN4wC1nTAU1taN1_QqN2hN1 : 5.6514110 (0.01)%
               C2hC1wN1_C2nTAU1taN1 : 5.6443376 (0.01)%
                 GtT2zT1tN1_QqC1wN1 : 5.6396133 (0.01)%
       GbB1wT1tN2taTAU1taN1_QqC1wN1 : 5.6286194 (0.01)%
                 GbB1bN2zN1_QqN2hN1 : 5.6054367 (0.01)%
                 GbB1bN2hN1_QqN2zN1 : 5.6054367 (0.01)%
                  T1bC2hC1wN1_T1tN1 : 5.6041741 (0.01)%
  GtT2bC2hC1nTAU1taN1_QqC1nTAU1taN1 : 5.6023471 (0.01)%
 GtT2bC2wN2taTAU1taN1_QqC1nTAU1taN1 : 5.5900578 (0.01)%
            T1bC2nTAU1taN1_T1tN2hN1 : 5.5239349 (0.01)%
                 GbB1bN3zN1_QqN2hN1 : 5.5198019 (0.01)%
        T1bC1wN1_T1tN3zN2taTAU1taN1 : 5.5152825 (0.01)%
              C2hC1wN1_N4taTAU1taN1 : 5.4427461 (0.01)%
            T1bC2zC1wN1_T1tN3wC1wN1 : 5.4295689 (0.01)%
  GtT2tN3wC1nTAU1taN1_QqC1nTAU1taN1 : 5.3914796 (0.01)%
               B1tC1wN1_B1tC2wN2hN1 : 5.3809100 (0.01)%
                  C2hC1wN1_C2hC1wN1 : 5.3793146 (0.01)%
        GbB2bN3zN2hN1_QqC1nTAU1taN1 : 5.3347038 (0.01)%
              GbB1tC1wN1_GtT1tN2hN1 : 5.3311141 (0.01)%
           GtT1bC1wN1_GtT2hT1bC1wN1 : 5.3219332 (0.01)%
           GbB1tC2hC1wN1_GtT1bC1wN1 : 5.3157272 (0.01)%
            GqQqN1_GtT1bC1nTAU1taN1 : 5.2828839 (0.01)%
              GtT2hT1tN3zN1_QqC1wN1 : 5.2754584 (0.01)%
           T1tN2hN1_T1tN3taTAU1taN1 : 5.2741495 (0.01)%
        GbB1wT1bC1nTAU1taN1_QqN2hN1 : 5.2738870 (0.01)%
               C2nTAU1taN1_C2zC1wN1 : 5.2490520 (0.01)%
        T1tN2taTAU1taN1_T1tN3wC1wN1 : 5.2420150 (0.01)%
          GtT1tN3zN1_QqN2taTAU1taN1 : 5.2248297 (0.01)%
           GtT1bC1wN1_GtT1bC2hC1wN1 : 5.2220514 (0.01)%
           GbB1wT1bC2wN2hN1_QqC1wN1 : 5.2135901 (0.01)%
                  T1bC2zC1wN1_T1tN1 : 5.2117012 (0.01)%
  GtT2bC2zC1nTAU1taN1_QqC1nTAU1taN1 : 5.2100021 (0.01)%
                      GqQqN1_GqQqN1 : 5.1717048 (0.01)%
           QqC1wN1_QqN4wC1nTAU1taN1 : 5.1524437 (0.01)%
           QqC1nTAU1taN1_QqN4wC1wN1 : 5.1524437 (0.01)%
          GtT2bC2wN1_QqN2taTAU1taN1 : 5.1516045 (0.01)%
              C2wN2hN1_N3taTAU1taN1 : 5.0949539 (0.01)%
              N3taTAU1taN1_N4wC1wN1 : 5.0892887 (0.01)%
              GtT1tN4wC1wN1_QqC1wN1 : 5.0775333 (0.01)%
            C2hC1wN1_N3wC1nTAU1taN1 : 5.0750438 (0.01)%
            C2hC1nTAU1taN1_N3wC1wN1 : 5.0750438 (0.01)%
      GtT2bC2taNUTwTAU1taN1_QqC1wN1 : 5.0717972 (0.01)%
                     C2hC1wN1_C2wN1 : 5.0643823 (0.01)%
           C2wN2taTAU1taN1_N3wC1wN1 : 5.0639112 (0.01)%
              C2zC1wN1_N4taTAU1taN1 : 5.0615784 (0.01)%
              T1tN1_T1tN2taTAU1taN1 : 5.0316731 (0.01)%
    GbB1bN3taTAU1taN1_QqC1nTAU1taN1 : 4.9879954 (0.01)%
            C2hC1wN1_N4wC1nTAU1taN1 : 4.9588032 (0.01)%
            C2hC1nTAU1taN1_N4wC1wN1 : 4.9588032 (0.01)%
                  T1bC2wN1_T1tN2hN1 : 4.9563510 (0.01)%
           C2wN2taTAU1taN1_N4wC1wN1 : 4.9479256 (0.01)%
           GbB1tC2zC1wN1_GtT1bC1wN1 : 4.9434549 (0.01)%
          GtT2tN4hN1_QqN2taTAU1taN1 : 4.9425933 (0.01)%
           GtT1bC1wN1_GtT1bC2zC1wN1 : 4.8563394 (0.01)%
            T1bC2wN2hN1_T1tN3wC1wN1 : 4.8554921 (0.01)%
                 GbB2bN4hN1_QqN2hN1 : 4.7619985 (0.01)%
              GtT2zT1tN2hN1_QqN2hN1 : 4.7536472 (0.01)%
            C2zC1wN1_N3wC1nTAU1taN1 : 4.7196271 (0.01)%
            C2zC1nTAU1taN1_N3wC1wN1 : 4.7196271 (0.01)%
                     C2wN1_C2zC1wN1 : 4.7097123 (0.01)%
           GbB2tC2hC1wN1_GtT1bC1wN1 : 4.7051178 (0.01)%
               C2nTAU1taN1_C2wN2hN1 : 4.6940616 (0.01)%
        GbB1wT1tN2hN1_QqC1nTAU1taN1 : 4.6912804 (0.01)%
       GtT1bC1wN1_GtT1tN2taTAU1taN1 : 4.6885866 (0.01)%
                 GbB2bN3zN1_QqN2hN1 : 4.6768116 (0.01)%
                  T1bC2wN2hN1_T1tN1 : 4.6606600 (0.01)%
                  C2zC1wN1_C2zC1wN1 : 4.6522466 (0.01)%
              N3wC1wN1_N4taTAU1taN1 : 4.6273636 (0.01)%
                 GtT1tN3wC1wN1_QqN1 : 4.6126971 (0.01)%
            C2zC1wN1_N4wC1nTAU1taN1 : 4.6115271 (0.01)%
            C2zC1nTAU1taN1_N4wC1wN1 : 4.6115271 (0.01)%
         T1bC1nTAU1taN1_T1tN3zN2hN1 : 4.5968176 (0.01)%
              GtT2hT1bC1wN1_QqN2zN1 : 4.5777166 (0.01)%
              GbB1tC2hC1wN1_QqN2zN1 : 4.5723785 (0.01)%
              C2wN2hN1_N4taTAU1taN1 : 4.5264098 (0.01)%
                 GbB1bN4hN1_QqN2hN1 : 4.5023308 (0.01)%
          N2taTAU1taN1_N2taTAU1taN1 : 4.5004042 (0.01)%
                 GtT2tN4wC1wN1_QqN1 : 4.4939353 (0.01)%
              GtT1bC2hC1wN1_QqN2zN1 : 4.4918022 (0.01)%
            B1tC1nTAU1taN1_B1tC1wN1 : 4.4804556 (0.01)%
                       GtT1tN1_QqN1 : 4.4276074 (0.01)%
           GtT2tN3zN1_QqC1nTAU1taN1 : 4.4236180 (0.01)%
       GtT2tN3zN2taTAU1taN1_QqN2hN1 : 4.4221934 (0.01)%
       GtT2tN3zN2hN1_QqN2taTAU1taN1 : 4.4221934 (0.01)%
           GbB1tC2wN2hN1_GtT1bC1wN1 : 4.4207757 (0.01)%
            T1tN3wC1wN1_T1tN3wC1wN1 : 4.3960079 (0.01)%
           GtT2hT1tN3zN2hN1_QqN2hN1 : 4.3955156 (0.01)%
           GbB2tC2zC1wN1_GtT1bC1wN1 : 4.3756079 (0.01)%
         T1tN2hN1_T1tN3wC1nTAU1taN1 : 4.3690576 (0.01)%
           GtT1bC1wN1_GtT1bC2wN2hN1 : 4.3428711 (0.01)%
               C2nTAU1taN1_N4hN2hN1 : 4.3156627 (0.01)%
 GtT2hT1bC1nTAU1taN1_QqN2taTAU1taN1 : 4.3096279 (0.01)%
 GbB1tC2hC1nTAU1taN1_QqN2taTAU1taN1 : 4.3046024 (0.01)%
GbB1tC2wN2taTAU1taN1_QqN2taTAU1taN1 : 4.2951599 (0.01)%
     GtT2hT1bC2hC1nTAU1taN1_QqC1wN1 : 4.2697216 (0.01)%
     GtT2hT1bC2hC1wN1_QqC1nTAU1taN1 : 4.2697216 (0.01)%
    GtT2hT1bC2wN2taTAU1taN1_QqC1wN1 : 4.2603555 (0.01)%
              GbB1tC2zC1wN1_QqN2zN1 : 4.2521645 (0.01)%
               GqQqN1_GtT1tN3wC1wN1 : 4.2425704 (0.01)%
           GbB1wT1tN3wC1wN1_QqN2hN1 : 4.2353452 (0.01)%
 GtT1bC2hC1nTAU1taN1_QqN2taTAU1taN1 : 4.2287450 (0.01)%
    GbB2bN3taTAU1taN1_QqC1nTAU1taN1 : 4.2262232 (0.01)%
            C2wN2hN1_N3wC1nTAU1taN1 : 4.2206136 (0.01)%
GtT1bC2wN2taTAU1taN1_QqN2taTAU1taN1 : 4.2194688 (0.01)%
            N3wC1nTAU1taN1_N4wC1wN1 : 4.2159206 (0.01)%
            N3wC1wN1_N4wC1nTAU1taN1 : 4.2159206 (0.01)%
                     C2wN1_C2wN2hN1 : 4.2117471 (0.01)%
              GtT2tN4zN2hN1_QqC1wN1 : 4.1918437 (0.01)%
        GbB1tC2taNUTtaC1wN1_QqC1wN1 : 4.1859289 (0.01)%
              GtT1bC2zC1wN1_QqN2zN1 : 4.1772312 (0.01)%
                     C1wN1_N3wC1wN1 : 4.1648650 (0.01)%
                     C2hC1wN1_N3zN1 : 4.1639877 (0.01)%
                    GbB2bN1_QqN2hN1 : 4.1455476 (0.01)%
               GqQqN1_GtT2tN4wC1wN1 : 4.1333381 (0.01)%
  GbB1bN3wC1nTAU1taN1_QqC1nTAU1taN1 : 4.1320101 (0.01)%
            C2wN2hN1_N4wC1nTAU1taN1 : 4.1239432 (0.01)%
          QqC2hC1wN1_QqN2taTAU1taN1 : 4.1170981 (0.01)%
------------------------------------------------------------
                                                  SUM=90.00%
