/Users/rafalmaselek/Projects/fastlim-1.0
 
#################################################################
#                                                               #
#                                                               #
#                     This is Fastlim  ver. 1.0                 #
#                                                               #
#          A fast LHC limit calculator for BSM models.          #
#                                                               #
#                  http://cern.ch/fastlim-1.0/                  #
#                                                               #
#  for bugs/feature requests: fastlim-1.0.developers@gmail.com  #
#                                                               #
#    please refer to:                                           #
#    M.Papucci, K.Sakurai, A.Weiler, L.Zeune arXiv:1402.xxxx    #
#                                                               #
#################################################################
 

!! Masses incompatible with the data for ERER !!

!! Problem with reading tables for ER ER !! Probably mass outside the table !! Setting xsec to 10^-20 !!

!! Masses incompatible with the data for ELEL !!

!! Problem with reading tables for EL EL !! Probably mass outside the table !! Setting xsec to 10^-20 !!

!! Masses incompatible with the data for TAU1TAU1 !!

!! Problem with reading tables for TAU1 TAU1 !! Probably mass outside the table !! Setting xsec to 10^-20 !!

!! Masses incompatible with the data for TAU2TAU2 !!

!! Problem with reading tables for TAU2 TAU2 !! Probably mass outside the table !! Setting xsec to 10^-20 !!
!! EWK PROCESS C1C2 NOT FOUND !! WILL TRY TO LOOK FOR +/- MODES !!
XSEC FOUND FOR: C1-C2+
XSEC FOUND FOR: C1+C2-
!! EWK PROCESS C1N1 NOT FOUND !! WILL TRY TO LOOK FOR +/- MODES !!
XSEC FOUND FOR: C1+N1
XSEC FOUND FOR: C1-N1
!! EWK PROCESS C1N2 NOT FOUND !! WILL TRY TO LOOK FOR +/- MODES !!
XSEC FOUND FOR: C1+N2
XSEC FOUND FOR: C1-N2
!! EWK PROCESS C1N3 NOT FOUND !! WILL TRY TO LOOK FOR +/- MODES !!
XSEC FOUND FOR: C1+N3
XSEC FOUND FOR: C1-N3
!! EWK PROCESS C1N4 NOT FOUND !! WILL TRY TO LOOK FOR +/- MODES !!
XSEC FOUND FOR: C1+N4
XSEC FOUND FOR: C1-N4
!! EWK PROCESS C2N1 NOT FOUND !! WILL TRY TO LOOK FOR +/- MODES !!
XSEC FOUND FOR: C2+N1
XSEC FOUND FOR: C2-N1
!! EWK PROCESS C2N2 NOT FOUND !! WILL TRY TO LOOK FOR +/- MODES !!
XSEC FOUND FOR: C2+N2
XSEC FOUND FOR: C2-N2
!! EWK PROCESS C2N3 NOT FOUND !! WILL TRY TO LOOK FOR +/- MODES !!
XSEC FOUND FOR: C2+N3
XSEC FOUND FOR: C2-N3
!! EWK PROCESS C2N4 NOT FOUND !! WILL TRY TO LOOK FOR +/- MODES !!
XSEC FOUND FOR: C2+N4
XSEC FOUND FOR: C2-N4
---------------  Output inclusive processes  ---------------
The total xsec = 2325.79 [fb]
The total rate = 100.00%
Output upto 0.10%
                  Modes : xsec/fb      (rate)
            C1wN1_N2hN1 : 955.1586236 (41.07)%
            C1wN1_C1wN1 : 482.4606296 (20.74)%
        QqC1wN1_QqC1wN1 : 95.2718326 (4.10)%
        QqC1wN1_QqN2hN1 : 87.8594635 (3.78)%
            C1wN1_N2zN1 : 83.0678323 (3.57)%
        QqN2hN1_QqN2hN1 : 20.2559485 (0.87)%
                  N1_N1 : 15.4607521 (0.66)%
     GtT1bC1wN1_QqC1wN1 : 11.1309519 (0.48)%
  GtT1tN3wC1wN1_QqC1wN1 : 9.0705961 (0.39)%
        QqC1wN1_QqN2zN1 : 7.6409248 (0.33)%
            N2hN1_N2hN1 : 7.5826749 (0.33)%
   QqC1wN1_QqGtT1bC1wN1 : 6.8997514 (0.30)%
  GtT1bC2hC1wN1_QqC1wN1 : 6.8177211 (0.29)%
  GtT1bC2zC1wN1_QqC1wN1 : 6.0634252 (0.26)%
QqC1wN1_QqGtT1tN3wC1wN1 : 5.6225971 (0.24)%
  GtT1bC2wN2hN1_QqC1wN1 : 5.5156996 (0.24)%
      C2hC1wN1_N3wC1wN1 : 5.4040444 (0.23)%
      C2hC1wN1_N4wC1wN1 : 5.1941885 (0.22)%
     GtT1bC1wN1_QqN2hN1 : 5.1324690 (0.22)%
        GtT1tN1_QqC1wN1 : 5.0922063 (0.22)%
     GtT1tN2hN1_QqC1wN1 : 4.8592950 (0.21)%
      C2zC1wN1_N3wC1wN1 : 4.8061542 (0.21)%
     GbB1tC1wN1_QqC1wN1 : 4.6449506 (0.20)%
      C2zC1wN1_N4wC1wN1 : 4.6195163 (0.20)%
      C2wN2hN1_N3wC1wN1 : 4.3720013 (0.19)%
      N3wC1wN1_N4wC1wN1 : 4.3413945 (0.19)%
           QqC1wN1_QqN1 : 4.2850250 (0.18)%
QqC1wN1_QqGtT1bC2hC1wN1 : 4.2261058 (0.18)%
      C2wN2hN1_N4wC1wN1 : 4.2022229 (0.18)%
  GtT1tN3wC1wN1_QqN2hN1 : 4.1824414 (0.18)%
  GtT1tN4wC1wN1_QqC1wN1 : 4.1264409 (0.18)%
  GtT1tN3zN2hN1_QqC1wN1 : 4.0292821 (0.17)%
               C1wN1_N1 : 4.0055020 (0.17)%
QqC1wN1_QqGtT1bC2zC1wN1 : 3.7585398 (0.16)%
        QqN2hN1_QqN2zN1 : 3.5232216 (0.15)%
QqC1wN1_QqGtT1bC2wN2hN1 : 3.4190208 (0.15)%
  GbB1tC2hC1wN1_QqC1wN1 : 3.3465387 (0.14)%
      C2hC1wN1_C2zC1wN1 : 3.2363274 (0.14)%
   QqGtT1bC1wN1_QqN2hN1 : 3.1814674 (0.14)%
      QqC1wN1_QqGtT1tN1 : 3.1565097 (0.14)%
  GtT1bC2hC1wN1_QqN2hN1 : 3.1436433 (0.14)%
  GtT2tN4wC1wN1_QqC1wN1 : 3.1131080 (0.13)%
   QqC1wN1_QqGtT1tN2hN1 : 3.0121348 (0.13)%
  GbB1tC2zC1wN1_QqC1wN1 : 2.9762859 (0.13)%
      C2hC1wN1_C2wN2hN1 : 2.9439811 (0.13)%
   QqC1wN1_QqGbB1tC1wN1 : 2.8792690 (0.12)%
  GtT1bC2zC1wN1_QqN2hN1 : 2.7958383 (0.12)%
  GbB1tC2wN2hN1_QqC1wN1 : 2.7074299 (0.12)%
      C2hC1wN1_N4hN2hN1 : 2.6194119 (0.11)%
      C2wN2hN1_C2zC1wN1 : 2.6182663 (0.11)%
     GtT1bC2wN1_QqC1wN1 : 2.6056338 (0.11)%
QqGtT1tN3wC1wN1_QqN2hN1 : 2.5925730 (0.11)%
QqC1wN1_QqGtT1tN4wC1wN1 : 2.5578600 (0.11)%
  GtT1bC2wN2hN1_QqN2hN1 : 2.5432827 (0.11)%
QqC1wN1_QqGtT1tN3zN2hN1 : 2.4976341 (0.11)%
      C2hC1wN1_N3zN2hN1 : 2.4005500 (0.10)%
        GtT1tN1_QqN2hN1 : 2.3480104 (0.10)%
      C2zC1wN1_N4hN2hN1 : 2.3296066 (0.10)%
     GtT1tN2hN1_QqN2hN1 : 2.2406153 (0.10)%
------------------------------------------------------------
                                      SUM=84.18%

SHOWING PROCESSES TO GET 90.00% SUSY COVERAGE
---------------  Output inclusive processes  ---------------
The total xsec = 2325.79 [fb]
The total rate = 100.00%
                   Modes : xsec/fb      (rate)
             C1wN1_N2hN1 : 955.1586236 (41.07)%
             C1wN1_C1wN1 : 482.4606296 (20.74)%
         QqC1wN1_QqC1wN1 : 95.2718326 (4.10)%
         QqC1wN1_QqN2hN1 : 87.8594635 (3.78)%
             C1wN1_N2zN1 : 83.0678323 (3.57)%
         QqN2hN1_QqN2hN1 : 20.2559485 (0.87)%
                   N1_N1 : 15.4607521 (0.66)%
      GtT1bC1wN1_QqC1wN1 : 11.1309519 (0.48)%
   GtT1tN3wC1wN1_QqC1wN1 : 9.0705961 (0.39)%
         QqC1wN1_QqN2zN1 : 7.6409248 (0.33)%
             N2hN1_N2hN1 : 7.5826749 (0.33)%
    QqC1wN1_QqGtT1bC1wN1 : 6.8997514 (0.30)%
   GtT1bC2hC1wN1_QqC1wN1 : 6.8177211 (0.29)%
   GtT1bC2zC1wN1_QqC1wN1 : 6.0634252 (0.26)%
 QqC1wN1_QqGtT1tN3wC1wN1 : 5.6225971 (0.24)%
   GtT1bC2wN2hN1_QqC1wN1 : 5.5156996 (0.24)%
       C2hC1wN1_N3wC1wN1 : 5.4040444 (0.23)%
       C2hC1wN1_N4wC1wN1 : 5.1941885 (0.22)%
      GtT1bC1wN1_QqN2hN1 : 5.1324690 (0.22)%
         GtT1tN1_QqC1wN1 : 5.0922063 (0.22)%
      GtT1tN2hN1_QqC1wN1 : 4.8592950 (0.21)%
       C2zC1wN1_N3wC1wN1 : 4.8061542 (0.21)%
      GbB1tC1wN1_QqC1wN1 : 4.6449506 (0.20)%
       C2zC1wN1_N4wC1wN1 : 4.6195163 (0.20)%
       C2wN2hN1_N3wC1wN1 : 4.3720013 (0.19)%
       N3wC1wN1_N4wC1wN1 : 4.3413945 (0.19)%
            QqC1wN1_QqN1 : 4.2850250 (0.18)%
 QqC1wN1_QqGtT1bC2hC1wN1 : 4.2261058 (0.18)%
       C2wN2hN1_N4wC1wN1 : 4.2022229 (0.18)%
   GtT1tN3wC1wN1_QqN2hN1 : 4.1824414 (0.18)%
   GtT1tN4wC1wN1_QqC1wN1 : 4.1264409 (0.18)%
   GtT1tN3zN2hN1_QqC1wN1 : 4.0292821 (0.17)%
                C1wN1_N1 : 4.0055020 (0.17)%
 QqC1wN1_QqGtT1bC2zC1wN1 : 3.7585398 (0.16)%
         QqN2hN1_QqN2zN1 : 3.5232216 (0.15)%
 QqC1wN1_QqGtT1bC2wN2hN1 : 3.4190208 (0.15)%
   GbB1tC2hC1wN1_QqC1wN1 : 3.3465387 (0.14)%
       C2hC1wN1_C2zC1wN1 : 3.2363274 (0.14)%
    QqGtT1bC1wN1_QqN2hN1 : 3.1814674 (0.14)%
       QqC1wN1_QqGtT1tN1 : 3.1565097 (0.14)%
   GtT1bC2hC1wN1_QqN2hN1 : 3.1436433 (0.14)%
   GtT2tN4wC1wN1_QqC1wN1 : 3.1131080 (0.13)%
    QqC1wN1_QqGtT1tN2hN1 : 3.0121348 (0.13)%
   GbB1tC2zC1wN1_QqC1wN1 : 2.9762859 (0.13)%
       C2hC1wN1_C2wN2hN1 : 2.9439811 (0.13)%
    QqC1wN1_QqGbB1tC1wN1 : 2.8792690 (0.12)%
   GtT1bC2zC1wN1_QqN2hN1 : 2.7958383 (0.12)%
   GbB1tC2wN2hN1_QqC1wN1 : 2.7074299 (0.12)%
       C2hC1wN1_N4hN2hN1 : 2.6194119 (0.11)%
       C2wN2hN1_C2zC1wN1 : 2.6182663 (0.11)%
      GtT1bC2wN1_QqC1wN1 : 2.6056338 (0.11)%
 QqGtT1tN3wC1wN1_QqN2hN1 : 2.5925730 (0.11)%
 QqC1wN1_QqGtT1tN4wC1wN1 : 2.5578600 (0.11)%
   GtT1bC2wN2hN1_QqN2hN1 : 2.5432827 (0.11)%
 QqC1wN1_QqGtT1tN3zN2hN1 : 2.4976341 (0.11)%
       C2hC1wN1_N3zN2hN1 : 2.4005500 (0.10)%
         GtT1tN1_QqN2hN1 : 2.3480104 (0.10)%
       C2zC1wN1_N4hN2hN1 : 2.3296066 (0.10)%
      GtT1tN2hN1_QqN2hN1 : 2.2406153 (0.10)%
   GtT2tN3wC1wN1_QqC1wN1 : 2.2276377 (0.10)%
      GbB1bN2hN1_QqC1wN1 : 2.2255746 (0.10)%
       N3wC1wN1_N4hN2hN1 : 2.1893507 (0.09)%
      GbB1tC1wN1_QqN2hN1 : 2.1417813 (0.09)%
       C2zC1wN1_N3zN2hN1 : 2.1349591 (0.09)%
       C2wN2hN1_N4hN2hN1 : 2.1191669 (0.09)%
   GtT1tN4hN2hN1_QqC1wN1 : 2.0809504 (0.09)%
 QqC1wN1_QqGbB1tC2hC1wN1 : 2.0744214 (0.09)%
          C2wN1_N3wC1wN1 : 2.0653472 (0.09)%
          C2wN1_N4wC1wN1 : 1.9851433 (0.09)%
            QqN1_QqN2hN1 : 1.9758201 (0.08)%
 QqGtT1bC2hC1wN1_QqN2hN1 : 1.9486525 (0.08)%
       C2wN2hN1_N3zN2hN1 : 1.9421024 (0.08)%
 QqC1wN1_QqGtT2tN4wC1wN1 : 1.9297246 (0.08)%
       N3zN2hN1_N4wC1wN1 : 1.9285065 (0.08)%
   GtT1tN4wC1wN1_QqN2hN1 : 1.9026971 (0.08)%
   GtT1tN3zN2hN1_QqN2hN1 : 1.8578973 (0.08)%
 QqC1wN1_QqGbB1tC2zC1wN1 : 1.8449125 (0.08)%
       C2hC1wN1_C2hC1wN1 : 1.8194648 (0.08)%
      GtT1tN3zN1_QqC1wN1 : 1.7592489 (0.08)%
 QqGtT1bC2zC1wN1_QqN2hN1 : 1.7330584 (0.07)%
 QqC1wN1_QqGbB1tC2wN2hN1 : 1.6782566 (0.07)%
    QqC1wN1_QqGtT1bC2wN1 : 1.6151562 (0.07)%
 QqGtT1bC2wN2hN1_QqN2hN1 : 1.5765065 (0.07)%
   GtT2tN4hN2hN1_QqC1wN1 : 1.5699300 (0.07)%
   GbB1tC2hC1wN1_QqN2hN1 : 1.5430851 (0.07)%
   GbB2tC2hC1wN1_QqC1wN1 : 1.5344029 (0.07)%
                N1_N2hN1 : 1.5333196 (0.07)%
       QqGtT1tN1_QqN2hN1 : 1.4554630 (0.06)%
   GtT2bC2hC1wN1_QqC1wN1 : 1.4453900 (0.06)%
       C2zC1wN1_C2zC1wN1 : 1.4391340 (0.06)%
   GtT2tN4wC1wN1_QqN2hN1 : 1.4354505 (0.06)%
          C2hC1wN1_C2wN1 : 1.3907460 (0.06)%
    QqGtT1tN2hN1_QqN2hN1 : 1.3888919 (0.06)%
      GtT2bC1wN1_QqC1wN1 : 1.3845319 (0.06)%
 QqC1wN1_QqGtT2tN3wC1wN1 : 1.3808474 (0.06)%
    QqC1wN1_QqGbB1bN2hN1 : 1.3795685 (0.06)%
   GbB1tC2zC1wN1_QqN2hN1 : 1.3723620 (0.06)%
   GbB2tC2zC1wN1_QqC1wN1 : 1.3646404 (0.06)%
    QqGbB1tC1wN1_QqN2hN1 : 1.3276276 (0.06)%
             N2hN1_N2zN1 : 1.3188937 (0.06)%
 QqC1wN1_QqGtT1tN4hN2hN1 : 1.2899202 (0.06)%
   GtT2bC2zC1wN1_QqC1wN1 : 1.2854756 (0.06)%
      GbB1tC2wN1_QqC1wN1 : 1.2789984 (0.05)%
   GbB1tC2wN2hN1_QqN2hN1 : 1.2483928 (0.05)%
   GbB2tC2wN2hN1_QqC1wN1 : 1.2413687 (0.05)%
          C2wN1_C2zC1wN1 : 1.2368772 (0.05)%
    T1bC1wN1_T1tN3wC1wN1 : 1.2277600 (0.05)%
      GtT1bC2wN1_QqN2hN1 : 1.2014548 (0.05)%
       C2wN2hN1_C2wN2hN1 : 1.1908756 (0.05)%
   GbB1bN3wC1wN1_QqC1wN1 : 1.1815348 (0.05)%
 QqGtT1tN4wC1wN1_QqN2hN1 : 1.1794263 (0.05)%
   GtT2bC2wN2hN1_QqC1wN1 : 1.1693551 (0.05)%
 QqGtT1tN3zN2hN1_QqN2hN1 : 1.1516562 (0.05)%
          C2wN1_C2wN2hN1 : 1.1251468 (0.05)%
   GtT2hT1bC1wN1_QqC1wN1 : 1.1195768 (0.05)%
    QqC1wN1_QqGtT1tN3zN1 : 1.0905069 (0.05)%
          C2hC1wN1_N3zN1 : 1.0481184 (0.05)%
   GbB1bN4wC1wN1_QqC1wN1 : 1.0465481 (0.04)%
   GtT2tN3wC1wN1_QqN2hN1 : 1.0271612 (0.04)%
      GbB1bN2hN1_QqN2hN1 : 1.0262099 (0.04)%
   GbB2bN4wC1wN1_QqC1wN1 : 1.0231475 (0.04)%
   GbB2bN3wC1wN1_QqC1wN1 : 1.0199428 (0.04)%
          C2wN1_N4hN2hN1 : 1.0011011 (0.04)%
          C2hC1wN1_N4hN1 : 0.9969478 (0.04)%
   GtT2tN3zN2hN1_QqC1wN1 : 0.9895470 (0.04)%
 QqC1wN1_QqGtT2tN4hN2hN1 : 0.9731536 (0.04)%
       N3zN2hN1_N4hN2hN1 : 0.9725394 (0.04)%
   GtT1tN4hN2hN1_QqN2hN1 : 0.9595238 (0.04)%
 QqGbB1tC2hC1wN1_QqN2hN1 : 0.9565133 (0.04)%
 QqC1wN1_QqGbB2tC2hC1wN1 : 0.9511315 (0.04)%
          C2zC1wN1_N3zN1 : 0.9321572 (0.04)%
    T1bC1wN1_T1bC2hC1wN1 : 0.9228198 (0.04)%
          C2wN1_N3zN2hN1 : 0.9174553 (0.04)%
GtT2hT1tN3wC1wN1_QqC1wN1 : 0.9123415 (0.04)%
 QqC1wN1_QqGtT2bC2hC1wN1 : 0.8959550 (0.04)%
 QqGtT2tN4wC1wN1_QqN2hN1 : 0.8897938 (0.04)%
          C2zC1wN1_N4hN1 : 0.8866480 (0.04)%
    QqC1wN1_QqGtT2bC1wN1 : 0.8582308 (0.04)%
 QqGbB1tC2zC1wN1_QqN2hN1 : 0.8506870 (0.04)%
          C2wN2hN1_N3zN1 : 0.8479529 (0.04)%
 QqC1wN1_QqGbB2tC2zC1wN1 : 0.8459006 (0.04)%
          N3zN1_N4wC1wN1 : 0.8420167 (0.04)%
          N3wC1wN1_N4hN1 : 0.8332666 (0.04)%
    T1bC1wN1_T1bC2zC1wN1 : 0.8207213 (0.04)%
      GtT1tN3zN1_QqN2hN1 : 0.8111876 (0.03)%
          C2wN2hN1_N4hN1 : 0.8065546 (0.03)%
 QqC1wN1_QqGtT2bC2zC1wN1 : 0.7968287 (0.03)%
    QqC1wN1_QqGbB1tC2wN1 : 0.7928137 (0.03)%
      GtT1tN4hN1_QqC1wN1 : 0.7920094 (0.03)%
 QqGbB1tC2wN2hN1_QqN2hN1 : 0.7738422 (0.03)%
 QqC1wN1_QqGbB2tC2wN2hN1 : 0.7694881 (0.03)%
          C1wN1_N3wC1wN1 : 0.7592306 (0.03)%
       T1bC1wN1_T1bC1wN1 : 0.7533208 (0.03)%
 T1bC2hC1wN1_T1tN3wC1wN1 : 0.7520045 (0.03)%
    T1bC1wN1_T1bC2wN2hN1 : 0.7465833 (0.03)%
    QqGtT1bC2wN1_QqN2hN1 : 0.7447466 (0.03)%
 QqC1wN1_QqGbB1bN3wC1wN1 : 0.7323988 (0.03)%
 QqC1wN1_QqGtT2bC2wN2hN1 : 0.7248490 (0.03)%
   GtT2tN4hN2hN1_QqN2hN1 : 0.7238929 (0.03)%
   GbB2tC2hC1wN1_QqN2hN1 : 0.7075114 (0.03)%
 QqC1wN1_QqGtT2hT1bC1wN1 : 0.6939929 (0.03)%
          T1bC1wN1_T1tN1 : 0.6892609 (0.03)%
GtT2hT1bC2hC1wN1_QqC1wN1 : 0.6857421 (0.03)%
 T1bC2zC1wN1_T1tN3wC1wN1 : 0.6688045 (0.03)%
   GtT2bC2hC1wN1_QqN2hN1 : 0.6664676 (0.03)%
      QqC1wN1_QqC2hC1wN1 : 0.6653007 (0.03)%
       T1bC1wN1_T1tN2hN1 : 0.6577350 (0.03)%
 QqC1wN1_QqGbB1bN4wC1wN1 : 0.6487245 (0.03)%
      GtT2bC1wN1_QqN2hN1 : 0.6384060 (0.03)%
 QqGtT2tN3wC1wN1_QqN2hN1 : 0.6367072 (0.03)%
------------------------------------------------------------
                                       SUM=90.00%
