/Users/rafalmaselek/Projects/fastlim-1.0
 
#################################################################
#                                                               #
#                                                               #
#                     This is Fastlim  ver. 1.0                 #
#                                                               #
#          A fast LHC limit calculator for BSM models.          #
#                                                               #
#                  http://cern.ch/fastlim-1.0/                  #
#                                                               #
#  for bugs/feature requests: fastlim-1.0.developers@gmail.com  #
#                                                               #
#    please refer to:                                           #
#    M.Papucci, K.Sakurai, A.Weiler, L.Zeune arXiv:1402.xxxx    #
#                                                               #
#################################################################
 
!!!-  ERROR  !!!
[Br(T2->all) =  1.1694263669627336 ]:  !!! The total Br is deviated from 1 !!!


!! Masses incompatible with the data for ELEL !!

!! Problem with reading tables for EL EL !! Probably mass outside the table !! Setting xsec to 10^-20 !!

!! Masses incompatible with the data for TAU2TAU2 !!

!! Problem with reading tables for TAU2 TAU2 !! Probably mass outside the table !! Setting xsec to 10^-20 !!
!! EWK PROCESS C1C2 NOT FOUND !! WILL TRY TO LOOK FOR +/- MODES !!
XSEC FOUND FOR: C1-C2+
XSEC FOUND FOR: C1+C2-
!! EWK PROCESS C1N1 NOT FOUND !! WILL TRY TO LOOK FOR +/- MODES !!
XSEC FOUND FOR: C1+N1
XSEC FOUND FOR: C1-N1
!! EWK PROCESS C1N2 NOT FOUND !! WILL TRY TO LOOK FOR +/- MODES !!
XSEC FOUND FOR: C1+N2
XSEC FOUND FOR: C1-N2
!! EWK PROCESS C1N3 NOT FOUND !! WILL TRY TO LOOK FOR +/- MODES !!
XSEC FOUND FOR: C1+N3
XSEC FOUND FOR: C1-N3
!! EWK PROCESS C1N4 NOT FOUND !! WILL TRY TO LOOK FOR +/- MODES !!
XSEC FOUND FOR: C1+N4
XSEC FOUND FOR: C1-N4
!! EWK PROCESS C2N1 NOT FOUND !! WILL TRY TO LOOK FOR +/- MODES !!
XSEC FOUND FOR: C2+N1
XSEC FOUND FOR: C2-N1
!! EWK PROCESS C2N2 NOT FOUND !! WILL TRY TO LOOK FOR +/- MODES !!
XSEC FOUND FOR: C2+N2
XSEC FOUND FOR: C2-N2
!! EWK PROCESS C2N3 NOT FOUND !! WILL TRY TO LOOK FOR +/- MODES !!
XSEC FOUND FOR: C2+N3
XSEC FOUND FOR: C2-N3
!! EWK PROCESS C2N4 NOT FOUND !! WILL TRY TO LOOK FOR +/- MODES !!
XSEC FOUND FOR: C2+N4
XSEC FOUND FOR: C2-N4
---------------  Output inclusive processes  ---------------
The total xsec = 484794.39 [fb]
The total rate = 100.00%
Output upto 0.10%
                              Modes : xsec/fb      (rate)
       QqC1nTAU1taN1_QqN2taTAU1taN1 : 48259.1496070 (9.96)%
        QqC1nTAU1taN1_QqC1nTAU1taN1 : 47250.6426868 (9.75)%
               GqQqN1_QqC1nTAU1taN1 : 44488.2306333 (9.18)%
           C1nTAU1taN1_N2taTAU1taN1 : 24383.0280693 (5.03)%
              GqQqN1_QqN2taTAU1taN1 : 22718.8886309 (4.69)%
              QqC1nTAU1taN1_QqC1wN1 : 13181.0445805 (2.72)%
      QqN2taTAU1taN1_QqN2taTAU1taN1 : 12322.2954671 (2.54)%
            C1nTAU1taN1_C1nTAU1taN1 : 12107.7316731 (2.50)%
     GtT1bC1nTAU1taN1_QqC1nTAU1taN1 : 8346.8233876 (1.72)%
     GbB1tC1nTAU1taN1_QqC1nTAU1taN1 : 6820.2716966 (1.41)%
             QqC1wN1_QqN2taTAU1taN1 : 6731.1888920 (1.39)%
                     GqQqN1_QqC1wN1 : 6205.2209022 (1.28)%
              QqC1nTAU1taN1_QqN2hN1 : 5477.8450091 (1.13)%
    GtT1bC1nTAU1taN1_QqN2taTAU1taN1 : 4262.4880393 (0.88)%
                      GqQqN1_GqQqN1 : 4166.5112669 (0.86)%
    GbB1bN2taTAU1taN1_QqC1nTAU1taN1 : 4033.3849046 (0.83)%
    GbB1tC1nTAU1taN1_QqN2taTAU1taN1 : 3482.9210086 (0.72)%
    GtT1tN2taTAU1taN1_QqC1nTAU1taN1 : 3405.9261718 (0.70)%
                 C1wN1_N2taTAU1taN1 : 3400.9461217 (0.70)%
                  C1nTAU1taN1_C1wN1 : 3377.5741848 (0.70)%
             QqN2hN1_QqN2taTAU1taN1 : 2797.3814406 (0.58)%
                  C1nTAU1taN1_N2hN1 : 2767.6917166 (0.57)%
                 QqC1nTAU1taN1_QqN1 : 2753.5895097 (0.57)%
                     GqQqN1_QqN2hN1 : 2578.7970097 (0.53)%
  GtT1tN3wC1nTAU1taN1_QqC1nTAU1taN1 : 2442.5418985 (0.50)%
 GbB2tC2wN2taTAU1taN1_QqC1nTAU1taN1 : 2402.1137577 (0.50)%
  GbB2tC2zC1nTAU1taN1_QqC1nTAU1taN1 : 2262.7538292 (0.47)%
  GbB2tC2hC1nTAU1taN1_QqC1nTAU1taN1 : 2210.1433684 (0.46)%
   GbB1bN2taTAU1taN1_QqN2taTAU1taN1 : 2059.7362751 (0.43)%
 GbB1tC2wN2taTAU1taN1_QqC1nTAU1taN1 : 2034.2422739 (0.42)%
  GbB1tC2zC1nTAU1taN1_QqC1nTAU1taN1 : 1916.2246085 (0.40)%
  GbB1tC2hC1nTAU1taN1_QqC1nTAU1taN1 : 1871.6711717 (0.39)%
   GtT1tN2taTAU1taN1_QqN2taTAU1taN1 : 1739.3107408 (0.36)%
  GbB1bN3wC1nTAU1taN1_QqC1nTAU1taN1 : 1583.4749284 (0.33)%
            GqQqN1_GtT1bC1nTAU1taN1 : 1563.4307408 (0.32)%
                QqN1_QqN2taTAU1taN1 : 1406.1807475 (0.29)%
     GbB2tC2nTAU1taN1_QqC1nTAU1taN1 : 1393.1307792 (0.29)%
              GbB1bN1_QqC1nTAU1taN1 : 1330.8646709 (0.27)%
                        GqQqN1_QqN1 : 1296.3032692 (0.27)%
                  TAU1taN1_TAU1taN1 : 1293.9839352 (0.27)%
            GbB1tC1nTAU1taN1_GqQqN1 : 1277.4946750 (0.26)%
 GtT1tN3wC1nTAU1taN1_QqN2taTAU1taN1 : 1247.3374773 (0.26)%
GbB2tC2wN2taTAU1taN1_QqN2taTAU1taN1 : 1226.6919624 (0.25)%
     GbB1tC2nTAU1taN1_QqC1nTAU1taN1 : 1179.7798981 (0.24)%
  GbB1bN4wC1nTAU1taN1_QqC1nTAU1taN1 : 1172.5245623 (0.24)%
           GtT1bC1wN1_QqC1nTAU1taN1 : 1164.2153939 (0.24)%
           GtT1bC1nTAU1taN1_QqC1wN1 : 1164.2153939 (0.24)%
    GtT1tN3taTAU1taN1_QqC1nTAU1taN1 : 1161.2799623 (0.24)%
 GbB2tC2zC1nTAU1taN1_QqN2taTAU1taN1 : 1155.5247649 (0.24)%
 GbB2tC2hC1nTAU1taN1_QqN2taTAU1taN1 : 1128.6580817 (0.23)%
  GbB2bN4wC1nTAU1taN1_QqC1nTAU1taN1 : 1120.1884345 (0.23)%
 GtT1tN3zN2taTAU1taN1_QqC1nTAU1taN1 : 1109.5824409 (0.23)%
           GbB2tC2wN1_QqC1nTAU1taN1 : 1096.5959494 (0.23)%
      T1bC1nTAU1taN1_T1bC1nTAU1taN1 : 1082.5636585 (0.22)%
 GtT1bC2wN2taTAU1taN1_QqC1nTAU1taN1 : 1067.9258566 (0.22)%
GbB1tC2wN2taTAU1taN1_QqN2taTAU1taN1 : 1038.8303381 (0.21)%
  GbB2bN3wC1nTAU1taN1_QqC1nTAU1taN1 : 1026.6383864 (0.21)%
  GtT1bC2zC1nTAU1taN1_QqC1nTAU1taN1 : 1005.9695606 (0.21)%
    QqC1nTAU1taN1_QqC2wN2taTAU1taN1 : 1002.8295498 (0.21)%
  GtT1bC2hC1nTAU1taN1_QqC1nTAU1taN1 : 982.5801307 (0.20)%
 GbB1tC2zC1nTAU1taN1_QqN2taTAU1taN1 : 978.5620343 (0.20)%
 GbB1tC2hC1nTAU1taN1_QqN2taTAU1taN1 : 955.8098467 (0.20)%
           GbB1tC1wN1_QqC1nTAU1taN1 : 951.2918785 (0.20)%
           GbB1tC1nTAU1taN1_QqC1wN1 : 951.2918785 (0.20)%
     QqC1nTAU1taN1_QqC2zC1nTAU1taN1 : 944.6498512 (0.19)%
           GbB1tC2wN1_QqC1nTAU1taN1 : 928.6578667 (0.19)%
     QqC1nTAU1taN1_QqC2hC1nTAU1taN1 : 922.6861434 (0.19)%
                    QqC1wN1_QqC1wN1 : 919.2464184 (0.19)%
     T1bC1nTAU1taN1_T1tN2taTAU1taN1 : 883.4814697 (0.18)%
 GbB1bN3wC1nTAU1taN1_QqN2taTAU1taN1 : 808.6361277 (0.17)%
     GbB2tC1nTAU1taN1_QqC1nTAU1taN1 : 799.1713865 (0.16)%
                    QqC1wN1_QqN2hN1 : 764.0501289 (0.16)%
           GbB1bN2taTAU1taN1_GqQqN1 : 755.4871664 (0.16)%
    GbB1bN3taTAU1taN1_QqC1nTAU1taN1 : 752.8459210 (0.16)%
     QqC1nTAU1taN1_QqN4wC1nTAU1taN1 : 729.9456021 (0.15)%
 GbB1bN3zN2taTAU1taN1_QqC1nTAU1taN1 : 719.3309467 (0.15)%
    GbB2tC2nTAU1taN1_QqN2taTAU1taN1 : 711.4327221 (0.15)%
             GbB1bN1_QqN2taTAU1taN1 : 679.6351712 (0.14)%
              QqC1nTAU1taN1_QqN2zN1 : 648.3345466 (0.13)%
           GqQqN1_GtT1tN2taTAU1taN1 : 637.9588294 (0.13)%
   T1bC1nTAU1taN1_T1tN3wC1nTAU1taN1 : 633.5840525 (0.13)%
     GtT1bC2nTAU1taN1_QqC1nTAU1taN1 : 619.3546729 (0.13)%
    GbB1tC2nTAU1taN1_QqN2taTAU1taN1 : 602.4804253 (0.12)%
 GbB1bN4wC1nTAU1taN1_QqN2taTAU1taN1 : 598.7753293 (0.12)%
GbB2tC2taNUTwTAU1taN1_QqC1nTAU1taN1 : 598.4990277 (0.12)%
          GtT1bC1wN1_QqN2taTAU1taN1 : 594.5320706 (0.12)%
   GtT1tN3taTAU1taN1_QqN2taTAU1taN1 : 593.0330282 (0.12)%
           GtT1tN3zN1_QqC1nTAU1taN1 : 584.4186886 (0.12)%
        QqC1nTAU1taN1_QqC2nTAU1taN1 : 581.6013949 (0.12)%
 GbB2bN4wC1nTAU1taN1_QqN2taTAU1taN1 : 572.0487402 (0.12)%
GtT1tN3zN2taTAU1taN1_QqN2taTAU1taN1 : 566.6325575 (0.12)%
          GbB1bN2taTAU1taN1_QqC1wN1 : 562.5767526 (0.12)%
          GbB2tC2wN1_QqN2taTAU1taN1 : 560.0007214 (0.12)%
GtT1bC2wN2taTAU1taN1_QqN2taTAU1taN1 : 545.3597110 (0.11)%
 GbB1bN4hN2taTAU1taN1_QqC1nTAU1taN1 : 530.6142910 (0.11)%
 GbB2bN3wC1nTAU1taN1_QqN2taTAU1taN1 : 524.2753608 (0.11)%
 GtT1bC2zC1nTAU1taN1_QqN2taTAU1taN1 : 513.7203725 (0.11)%
   QqC2wN2taTAU1taN1_QqN2taTAU1taN1 : 512.1168573 (0.11)%
 GbB2bN4hN2taTAU1taN1_QqC1nTAU1taN1 : 506.9300986 (0.10)%
GbB1tC2taNUTwTAU1taN1_QqC1nTAU1taN1 : 506.8419508 (0.10)%
 GtT1bC2hC1nTAU1taN1_QqN2taTAU1taN1 : 501.7760482 (0.10)%
    GbB2bN2taTAU1taN1_QqC1nTAU1taN1 : 498.1800841 (0.10)%
    GbB2bN3taTAU1taN1_QqC1nTAU1taN1 : 488.1040474 (0.10)%
           GtT1bC2wN1_QqC1nTAU1taN1 : 487.5219439 (0.10)%
          GbB1tC1wN1_QqN2taTAU1taN1 : 485.7980175 (0.10)%
           GtT1bC1nTAU1taN1_QqN2hN1 : 483.8305072 (0.10)%
------------------------------------------------------------
                                                  SUM=77.87%

SHOWING PROCESSES TO GET 90.00% SUSY COVERAGE
---------------  Output inclusive processes  ---------------
The total xsec = 484794.39 [fb]
The total rate = 100.00%
                                  Modes : xsec/fb      (rate)
           QqC1nTAU1taN1_QqN2taTAU1taN1 : 48259.1496070 (9.96)%
            QqC1nTAU1taN1_QqC1nTAU1taN1 : 47250.6426868 (9.75)%
                   GqQqN1_QqC1nTAU1taN1 : 44488.2306333 (9.18)%
               C1nTAU1taN1_N2taTAU1taN1 : 24383.0280693 (5.03)%
                  GqQqN1_QqN2taTAU1taN1 : 22718.8886309 (4.69)%
                  QqC1nTAU1taN1_QqC1wN1 : 13181.0445805 (2.72)%
          QqN2taTAU1taN1_QqN2taTAU1taN1 : 12322.2954671 (2.54)%
                C1nTAU1taN1_C1nTAU1taN1 : 12107.7316731 (2.50)%
         GtT1bC1nTAU1taN1_QqC1nTAU1taN1 : 8346.8233876 (1.72)%
         GbB1tC1nTAU1taN1_QqC1nTAU1taN1 : 6820.2716966 (1.41)%
                 QqC1wN1_QqN2taTAU1taN1 : 6731.1888920 (1.39)%
                         GqQqN1_QqC1wN1 : 6205.2209022 (1.28)%
                  QqC1nTAU1taN1_QqN2hN1 : 5477.8450091 (1.13)%
        GtT1bC1nTAU1taN1_QqN2taTAU1taN1 : 4262.4880393 (0.88)%
                          GqQqN1_GqQqN1 : 4166.5112669 (0.86)%
        GbB1bN2taTAU1taN1_QqC1nTAU1taN1 : 4033.3849046 (0.83)%
        GbB1tC1nTAU1taN1_QqN2taTAU1taN1 : 3482.9210086 (0.72)%
        GtT1tN2taTAU1taN1_QqC1nTAU1taN1 : 3405.9261718 (0.70)%
                     C1wN1_N2taTAU1taN1 : 3400.9461217 (0.70)%
                      C1nTAU1taN1_C1wN1 : 3377.5741848 (0.70)%
                 QqN2hN1_QqN2taTAU1taN1 : 2797.3814406 (0.58)%
                      C1nTAU1taN1_N2hN1 : 2767.6917166 (0.57)%
                     QqC1nTAU1taN1_QqN1 : 2753.5895097 (0.57)%
                         GqQqN1_QqN2hN1 : 2578.7970097 (0.53)%
      GtT1tN3wC1nTAU1taN1_QqC1nTAU1taN1 : 2442.5418985 (0.50)%
     GbB2tC2wN2taTAU1taN1_QqC1nTAU1taN1 : 2402.1137577 (0.50)%
      GbB2tC2zC1nTAU1taN1_QqC1nTAU1taN1 : 2262.7538292 (0.47)%
      GbB2tC2hC1nTAU1taN1_QqC1nTAU1taN1 : 2210.1433684 (0.46)%
       GbB1bN2taTAU1taN1_QqN2taTAU1taN1 : 2059.7362751 (0.43)%
     GbB1tC2wN2taTAU1taN1_QqC1nTAU1taN1 : 2034.2422739 (0.42)%
      GbB1tC2zC1nTAU1taN1_QqC1nTAU1taN1 : 1916.2246085 (0.40)%
      GbB1tC2hC1nTAU1taN1_QqC1nTAU1taN1 : 1871.6711717 (0.39)%
       GtT1tN2taTAU1taN1_QqN2taTAU1taN1 : 1739.3107408 (0.36)%
      GbB1bN3wC1nTAU1taN1_QqC1nTAU1taN1 : 1583.4749284 (0.33)%
                GqQqN1_GtT1bC1nTAU1taN1 : 1563.4307408 (0.32)%
                    QqN1_QqN2taTAU1taN1 : 1406.1807475 (0.29)%
         GbB2tC2nTAU1taN1_QqC1nTAU1taN1 : 1393.1307792 (0.29)%
                  GbB1bN1_QqC1nTAU1taN1 : 1330.8646709 (0.27)%
                            GqQqN1_QqN1 : 1296.3032692 (0.27)%
                      TAU1taN1_TAU1taN1 : 1293.9839352 (0.27)%
                GbB1tC1nTAU1taN1_GqQqN1 : 1277.4946750 (0.26)%
     GtT1tN3wC1nTAU1taN1_QqN2taTAU1taN1 : 1247.3374773 (0.26)%
    GbB2tC2wN2taTAU1taN1_QqN2taTAU1taN1 : 1226.6919624 (0.25)%
         GbB1tC2nTAU1taN1_QqC1nTAU1taN1 : 1179.7798981 (0.24)%
      GbB1bN4wC1nTAU1taN1_QqC1nTAU1taN1 : 1172.5245623 (0.24)%
               GtT1bC1wN1_QqC1nTAU1taN1 : 1164.2153939 (0.24)%
               GtT1bC1nTAU1taN1_QqC1wN1 : 1164.2153939 (0.24)%
        GtT1tN3taTAU1taN1_QqC1nTAU1taN1 : 1161.2799623 (0.24)%
     GbB2tC2zC1nTAU1taN1_QqN2taTAU1taN1 : 1155.5247649 (0.24)%
     GbB2tC2hC1nTAU1taN1_QqN2taTAU1taN1 : 1128.6580817 (0.23)%
      GbB2bN4wC1nTAU1taN1_QqC1nTAU1taN1 : 1120.1884345 (0.23)%
     GtT1tN3zN2taTAU1taN1_QqC1nTAU1taN1 : 1109.5824409 (0.23)%
               GbB2tC2wN1_QqC1nTAU1taN1 : 1096.5959494 (0.23)%
          T1bC1nTAU1taN1_T1bC1nTAU1taN1 : 1082.5636585 (0.22)%
     GtT1bC2wN2taTAU1taN1_QqC1nTAU1taN1 : 1067.9258566 (0.22)%
    GbB1tC2wN2taTAU1taN1_QqN2taTAU1taN1 : 1038.8303381 (0.21)%
      GbB2bN3wC1nTAU1taN1_QqC1nTAU1taN1 : 1026.6383864 (0.21)%
      GtT1bC2zC1nTAU1taN1_QqC1nTAU1taN1 : 1005.9695606 (0.21)%
        QqC1nTAU1taN1_QqC2wN2taTAU1taN1 : 1002.8295498 (0.21)%
      GtT1bC2hC1nTAU1taN1_QqC1nTAU1taN1 : 982.5801307 (0.20)%
     GbB1tC2zC1nTAU1taN1_QqN2taTAU1taN1 : 978.5620343 (0.20)%
     GbB1tC2hC1nTAU1taN1_QqN2taTAU1taN1 : 955.8098467 (0.20)%
               GbB1tC1wN1_QqC1nTAU1taN1 : 951.2918785 (0.20)%
               GbB1tC1nTAU1taN1_QqC1wN1 : 951.2918785 (0.20)%
         QqC1nTAU1taN1_QqC2zC1nTAU1taN1 : 944.6498512 (0.19)%
               GbB1tC2wN1_QqC1nTAU1taN1 : 928.6578667 (0.19)%
         QqC1nTAU1taN1_QqC2hC1nTAU1taN1 : 922.6861434 (0.19)%
                        QqC1wN1_QqC1wN1 : 919.2464184 (0.19)%
         T1bC1nTAU1taN1_T1tN2taTAU1taN1 : 883.4814697 (0.18)%
     GbB1bN3wC1nTAU1taN1_QqN2taTAU1taN1 : 808.6361277 (0.17)%
         GbB2tC1nTAU1taN1_QqC1nTAU1taN1 : 799.1713865 (0.16)%
                        QqC1wN1_QqN2hN1 : 764.0501289 (0.16)%
               GbB1bN2taTAU1taN1_GqQqN1 : 755.4871664 (0.16)%
        GbB1bN3taTAU1taN1_QqC1nTAU1taN1 : 752.8459210 (0.16)%
         QqC1nTAU1taN1_QqN4wC1nTAU1taN1 : 729.9456021 (0.15)%
     GbB1bN3zN2taTAU1taN1_QqC1nTAU1taN1 : 719.3309467 (0.15)%
        GbB2tC2nTAU1taN1_QqN2taTAU1taN1 : 711.4327221 (0.15)%
                 GbB1bN1_QqN2taTAU1taN1 : 679.6351712 (0.14)%
                  QqC1nTAU1taN1_QqN2zN1 : 648.3345466 (0.13)%
               GqQqN1_GtT1tN2taTAU1taN1 : 637.9588294 (0.13)%
       T1bC1nTAU1taN1_T1tN3wC1nTAU1taN1 : 633.5840525 (0.13)%
         GtT1bC2nTAU1taN1_QqC1nTAU1taN1 : 619.3546729 (0.13)%
        GbB1tC2nTAU1taN1_QqN2taTAU1taN1 : 602.4804253 (0.12)%
     GbB1bN4wC1nTAU1taN1_QqN2taTAU1taN1 : 598.7753293 (0.12)%
    GbB2tC2taNUTwTAU1taN1_QqC1nTAU1taN1 : 598.4990277 (0.12)%
              GtT1bC1wN1_QqN2taTAU1taN1 : 594.5320706 (0.12)%
       GtT1tN3taTAU1taN1_QqN2taTAU1taN1 : 593.0330282 (0.12)%
               GtT1tN3zN1_QqC1nTAU1taN1 : 584.4186886 (0.12)%
            QqC1nTAU1taN1_QqC2nTAU1taN1 : 581.6013949 (0.12)%
     GbB2bN4wC1nTAU1taN1_QqN2taTAU1taN1 : 572.0487402 (0.12)%
    GtT1tN3zN2taTAU1taN1_QqN2taTAU1taN1 : 566.6325575 (0.12)%
              GbB1bN2taTAU1taN1_QqC1wN1 : 562.5767526 (0.12)%
              GbB2tC2wN1_QqN2taTAU1taN1 : 560.0007214 (0.12)%
    GtT1bC2wN2taTAU1taN1_QqN2taTAU1taN1 : 545.3597110 (0.11)%
     GbB1bN4hN2taTAU1taN1_QqC1nTAU1taN1 : 530.6142910 (0.11)%
     GbB2bN3wC1nTAU1taN1_QqN2taTAU1taN1 : 524.2753608 (0.11)%
     GtT1bC2zC1nTAU1taN1_QqN2taTAU1taN1 : 513.7203725 (0.11)%
       QqC2wN2taTAU1taN1_QqN2taTAU1taN1 : 512.1168573 (0.11)%
     GbB2bN4hN2taTAU1taN1_QqC1nTAU1taN1 : 506.9300986 (0.10)%
    GbB1tC2taNUTwTAU1taN1_QqC1nTAU1taN1 : 506.8419508 (0.10)%
     GtT1bC2hC1nTAU1taN1_QqN2taTAU1taN1 : 501.7760482 (0.10)%
        GbB2bN2taTAU1taN1_QqC1nTAU1taN1 : 498.1800841 (0.10)%
        GbB2bN3taTAU1taN1_QqC1nTAU1taN1 : 488.1040474 (0.10)%
               GtT1bC2wN1_QqC1nTAU1taN1 : 487.5219439 (0.10)%
              GbB1tC1wN1_QqN2taTAU1taN1 : 485.7980175 (0.10)%
               GtT1bC1nTAU1taN1_QqN2hN1 : 483.8305072 (0.10)%
        QqC2zC1nTAU1taN1_QqN2taTAU1taN1 : 482.4061209 (0.10)%
              GtT1tN2taTAU1taN1_QqC1wN1 : 475.0587733 (0.10)%
              GbB1tC2wN1_QqN2taTAU1taN1 : 474.2394640 (0.10)%
               GqQqN1_QqC2wN2taTAU1taN1 : 472.1005870 (0.10)%
        QqC2hC1nTAU1taN1_QqN2taTAU1taN1 : 471.1898728 (0.10)%
     GbB2bN3zN2taTAU1taN1_QqC1nTAU1taN1 : 466.3747743 (0.10)%
                                  N1_N1 : 464.2720140 (0.10)%
                  GtT1tN1_QqC1nTAU1taN1 : 463.1731555 (0.10)%
               GbB1bN2hN1_QqC1nTAU1taN1 : 457.8252528 (0.09)%
                  QqC1nTAU1taN1_QqC2wN1 : 457.8046392 (0.09)%
             GqQqN1_GtT1tN3wC1nTAU1taN1 : 457.5087926 (0.09)%
            GbB2tC2wN2taTAU1taN1_GqQqN1 : 449.9362592 (0.09)%
                GqQqN1_QqC2zC1nTAU1taN1 : 444.7114162 (0.09)%
                GqQqN1_QqC2hC1nTAU1taN1 : 434.3715939 (0.09)%
             GbB2tC2zC1nTAU1taN1_GqQqN1 : 423.8329639 (0.09)%
             GbB2tC2hC1nTAU1taN1_GqQqN1 : 413.9785788 (0.09)%
        GbB1bN4taTAU1taN1_QqC1nTAU1taN1 : 413.2718427 (0.09)%
        GbB2tC1nTAU1taN1_QqN2taTAU1taN1 : 408.1143590 (0.08)%
              N2taTAU1taN1_N2taTAU1taN1 : 401.9305536 (0.08)%
               GbB1tC1nTAU1taN1_QqN2hN1 : 395.3426784 (0.08)%
        GbB2bN4taTAU1taN1_QqC1nTAU1taN1 : 394.8252799 (0.08)%
               GtT1tN2hN1_QqC1nTAU1taN1 : 386.6030760 (0.08)%
                            C1wN1_N2hN1 : 386.0377958 (0.08)%
       GbB1bN3taTAU1taN1_QqN2taTAU1taN1 : 384.4572461 (0.08)%
                           QqC1wN1_QqN1 : 384.0708191 (0.08)%
            GbB1tC2wN2taTAU1taN1_GqQqN1 : 381.0308135 (0.08)%
               GbB1bN3zN1_QqC1nTAU1taN1 : 378.8726579 (0.08)%
        QqN2taTAU1taN1_QqN4wC1nTAU1taN1 : 372.7626971 (0.08)%
    GbB1bN3zN2taTAU1taN1_QqN2taTAU1taN1 : 367.3420910 (0.08)%
             GbB1tC2zC1nTAU1taN1_GqQqN1 : 358.9251048 (0.07)%
             GbB1tC2hC1nTAU1taN1_GqQqN1 : 350.5798686 (0.07)%
                GqQqN1_QqN4wC1nTAU1taN1 : 343.6354137 (0.07)%
            GtT1tN3wC1wN1_QqC1nTAU1taN1 : 340.6858809 (0.07)%
            GtT1tN3wC1nTAU1taN1_QqC1wN1 : 340.6858809 (0.07)%
           GbB2tC2wN2taTAU1taN1_QqC1wN1 : 335.0469616 (0.07)%
                 QqN2taTAU1taN1_QqN2zN1 : 331.0862255 (0.07)%
        QqC1nTAU1taN1_QqN4hN2taTAU1taN1 : 330.3295987 (0.07)%
                      C1nTAU1taN1_N2zN1 : 327.5722755 (0.07)%
        GtT1bC2nTAU1taN1_QqN2taTAU1taN1 : 316.2870188 (0.07)%
            GbB2tC2zC1wN1_QqC1nTAU1taN1 : 315.6090309 (0.07)%
            GbB2tC2zC1nTAU1taN1_QqC1wN1 : 315.6090309 (0.07)%
            GbB2tC2hC1wN1_QqC1nTAU1taN1 : 308.2709209 (0.06)%
            GbB2tC2hC1nTAU1taN1_QqC1wN1 : 308.2709209 (0.06)%
   GbB2tC2taNUTwTAU1taN1_QqN2taTAU1taN1 : 305.6366271 (0.06)%
                         GqQqN1_QqN2zN1 : 305.2154976 (0.06)%
                T1bC1nTAU1taN1_T1bC1wN1 : 301.9920795 (0.06)%
         T1bC1nTAU1taN1_T1tN3taTAU1taN1 : 301.2306421 (0.06)%
              GtT1tN3zN1_QqN2taTAU1taN1 : 298.4461938 (0.06)%
           QqC2nTAU1taN1_QqN2taTAU1taN1 : 297.0074811 (0.06)%
             GbB1bN3wC1nTAU1taN1_GqQqN1 : 296.5982704 (0.06)%
      T1bC1nTAU1taN1_T1tN3zN2taTAU1taN1 : 287.8205446 (0.06)%
           GbB1tC2wN2taTAU1taN1_QqC1wN1 : 283.7362264 (0.06)%
      T1bC1nTAU1taN1_T1bC2wN2taTAU1taN1 : 277.0150196 (0.06)%
                   GqQqN1_QqC2nTAU1taN1 : 273.7996302 (0.06)%
            GbB2tC2wN2hN1_QqC1nTAU1taN1 : 272.6613910 (0.06)%
    GbB1bN4hN2taTAU1taN1_QqN2taTAU1taN1 : 270.9698006 (0.06)%
            GbB1tC2zC1wN1_QqC1nTAU1taN1 : 267.2751158 (0.06)%
            GbB1tC2zC1nTAU1taN1_QqC1wN1 : 267.2751158 (0.06)%
    GtT1bC2taNUTwTAU1taN1_QqC1nTAU1taN1 : 266.0792333 (0.05)%
      GbB2wT1bC1nTAU1taN1_QqC1nTAU1taN1 : 263.7004785 (0.05)%
            GbB1tC2hC1wN1_QqC1nTAU1taN1 : 261.0607999 (0.05)%
            GbB1tC2hC1nTAU1taN1_QqC1wN1 : 261.0607999 (0.05)%
                GbB2tC2nTAU1taN1_GqQqN1 : 260.9451985 (0.05)%
       T1bC1nTAU1taN1_T1bC2zC1nTAU1taN1 : 260.9438435 (0.05)%
    GbB2bN4hN2taTAU1taN1_QqN2taTAU1taN1 : 258.8749494 (0.05)%
   GbB1tC2taNUTwTAU1taN1_QqN2taTAU1taN1 : 258.8299348 (0.05)%
      T1tN2taTAU1taN1_T1tN3wC1nTAU1taN1 : 258.5343437 (0.05)%
           QqC1nTAU1taN1_QqN4taTAU1taN1 : 257.2790147 (0.05)%
       T1bC1nTAU1taN1_T1bC2hC1nTAU1taN1 : 254.8767337 (0.05)%
       GbB2bN2taTAU1taN1_QqN2taTAU1taN1 : 254.4065630 (0.05)%
       QqC1nTAU1taN1_QqC2taNUTwTAU1taN1 : 249.8601528 (0.05)%
                         GbB1bN1_GqQqN1 : 249.2822289 (0.05)%
       GbB2bN3taTAU1taN1_QqN2taTAU1taN1 : 249.2610143 (0.05)%
              GtT1bC2wN1_QqN2taTAU1taN1 : 248.9637504 (0.05)%
               GbB2bN3zN1_QqC1nTAU1taN1 : 245.6402733 (0.05)%
                  GtT1bC1nTAU1taN1_QqN1 : 243.2107164 (0.05)%
               GbB1bN4hN1_QqC1nTAU1taN1 : 242.3162991 (0.05)%
      GbB1tC1nTAU1taN1_GtT1bC1nTAU1taN1 : 239.6818727 (0.05)%
    GbB2bN3zN2taTAU1taN1_QqN2taTAU1taN1 : 238.1644855 (0.05)%
                 GtT1tN1_QqN2taTAU1taN1 : 236.5295087 (0.05)%
                            C1wN1_C1wN1 : 235.5521183 (0.05)%
              GbB1bN2hN1_QqN2taTAU1taN1 : 233.7984852 (0.05)%
              GbB1bN2taTAU1taN1_QqN2hN1 : 233.7984852 (0.05)%
                 QqC2wN1_QqN2taTAU1taN1 : 233.7879584 (0.05)%
               GbB2bN4hN1_QqC1nTAU1taN1 : 231.5004090 (0.05)%
            GbB1tC2wN2hN1_QqC1nTAU1taN1 : 230.9046881 (0.05)%
                GbB1tC2nTAU1taN1_GqQqN1 : 220.9827708 (0.05)%
            GbB1bN3wC1wN1_QqC1nTAU1taN1 : 220.8631718 (0.05)%
            GbB1bN3wC1nTAU1taN1_QqC1wN1 : 220.8631718 (0.05)%
         B1bN2taTAU1taN1_B1tC1nTAU1taN1 : 220.7502795 (0.05)%
             GbB1bN4wC1nTAU1taN1_GqQqN1 : 219.6237850 (0.05)%
                      GqQqN1_GtT1bC1wN1 : 218.0674074 (0.05)%
               GqQqN1_GtT1tN3taTAU1taN1 : 217.5175761 (0.04)%
                         GqQqN1_QqC2wN1 : 215.5200143 (0.04)%
      GbB1wT1bC1nTAU1taN1_QqC1nTAU1taN1 : 215.2478714 (0.04)%
       GbB1bN4taTAU1taN1_QqN2taTAU1taN1 : 211.0463113 (0.04)%
             GbB2bN4wC1nTAU1taN1_GqQqN1 : 209.8207848 (0.04)%
            GqQqN1_GtT1tN3zN2taTAU1taN1 : 207.8341924 (0.04)%
                      GbB2tC2wN1_GqQqN1 : 205.4017125 (0.04)%
          GbB2tC2taNUTnN1_QqC1nTAU1taN1 : 202.7437537 (0.04)%
       GbB2bN4taTAU1taN1_QqN2taTAU1taN1 : 201.6261702 (0.04)%
            GqQqN1_GtT1bC2wN2taTAU1taN1 : 200.0315612 (0.04)%
                  GbB1tC1nTAU1taN1_QqN1 : 198.7298747 (0.04)%
              GtT1tN2hN1_QqN2taTAU1taN1 : 197.4273218 (0.04)%
              GtT1tN2taTAU1taN1_QqN2hN1 : 197.4273218 (0.04)%
               GbB2tC2nTAU1taN1_QqC1wN1 : 194.3139592 (0.04)%
              GbB1bN3zN1_QqN2taTAU1taN1 : 193.4796147 (0.04)%
             GbB2bN3wC1nTAU1taN1_GqQqN1 : 192.2980682 (0.04)%
             GqQqN1_GtT1bC2zC1nTAU1taN1 : 188.4266220 (0.04)%
          B1tC1nTAU1taN1_B1tC1nTAU1taN1 : 186.6393760 (0.04)%
                        GbB1bN1_QqC1wN1 : 185.6290789 (0.04)%
             GqQqN1_GtT1bC2hC1nTAU1taN1 : 184.0455836 (0.04)%
        T1tN2taTAU1taN1_T1tN2taTAU1taN1 : 180.2525656 (0.04)%
                      GbB1tC1wN1_GqQqN1 : 178.1850289 (0.04)%
           GtT1tN3wC1wN1_QqN2taTAU1taN1 : 173.9787012 (0.04)%
                      GbB1tC2wN1_GqQqN1 : 173.9454867 (0.04)%
          GbB1tC2taNUTnN1_QqC1nTAU1taN1 : 171.6945808 (0.04)%
                         C1nTAU1taN1_N1 : 169.2724370 (0.03)%
       QqN2taTAU1taN1_QqN4hN2taTAU1taN1 : 168.6900391 (0.03)%
         C2wN2taTAU1taN1_N4wC1nTAU1taN1 : 167.9670862 (0.03)%
         C2wN2taTAU1taN1_N3wC1nTAU1taN1 : 167.5150506 (0.03)%
               GbB1tC2nTAU1taN1_QqC1wN1 : 164.5557663 (0.03)%
            GbB1bN4wC1wN1_QqC1nTAU1taN1 : 163.5437917 (0.03)%
            GbB1bN4wC1nTAU1taN1_QqC1wN1 : 163.5437917 (0.03)%
                     GtT1bC1wN1_QqC1wN1 : 162.3848284 (0.03)%
              GtT1tN3taTAU1taN1_QqC1wN1 : 161.9753942 (0.03)%
           GbB2tC2zC1wN1_QqN2taTAU1taN1 : 161.1726590 (0.03)%
          T1bC1nTAU1taN1_T1bC2nTAU1taN1 : 160.6577328 (0.03)%
                           QqN1_QqN2hN1 : 159.6140888 (0.03)%
                        QqN2hN1_QqN2hN1 : 158.7639037 (0.03)%
          C2zC1nTAU1taN1_N4wC1nTAU1taN1 : 158.2223849 (0.03)%
          C2zC1nTAU1taN1_N3wC1nTAU1taN1 : 157.7965744 (0.03)%
           GbB2tC2hC1wN1_QqN2taTAU1taN1 : 157.4252925 (0.03)%
            GbB2bN4wC1wN1_QqC1nTAU1taN1 : 156.2439456 (0.03)%
            GbB2bN4wC1nTAU1taN1_QqC1wN1 : 156.2439456 (0.03)%
               GqQqN1_QqN4hN2taTAU1taN1 : 155.5087776 (0.03)%
           GtT1tN3zN2taTAU1taN1_QqC1wN1 : 154.7646211 (0.03)%
          C2hC1nTAU1taN1_N4wC1nTAU1taN1 : 154.5436142 (0.03)%
          N3wC1nTAU1taN1_N4wC1nTAU1taN1 : 154.3442484 (0.03)%
          C2hC1nTAU1taN1_N3wC1nTAU1taN1 : 154.1277040 (0.03)%
                     GbB2tC2wN1_QqC1wN1 : 152.9532645 (0.03)%
                T1bC1nTAU1taN1_T1tN3zN1 : 151.5955003 (0.03)%
                  QqC1nTAU1taN1_QqN4hN1 : 150.8520354 (0.03)%
                GbB2tC1nTAU1taN1_GqQqN1 : 149.6915718 (0.03)%
           GtT1bC2wN2taTAU1taN1_QqC1wN1 : 148.9543583 (0.03)%
      GtT1bC1nTAU1taN1_GtT1bC1nTAU1taN1 : 146.6644109 (0.03)%
   GtT1tN3taTAU2zTAU1taN1_QqC1nTAU1taN1 : 143.8217635 (0.03)%
            GbB2bN3wC1wN1_QqC1nTAU1taN1 : 143.1955797 (0.03)%
            GbB2bN3wC1nTAU1taN1_QqC1wN1 : 143.1955797 (0.03)%
     GbB1bN2taTAU1taN1_GtT1bC1nTAU1taN1 : 141.7435097 (0.03)%
            GtT1tN3wC1nTAU1taN1_QqN2hN1 : 141.5839572 (0.03)%
               GbB1bN3taTAU1taN1_GqQqN1 : 141.0144197 (0.03)%
            GtT1bC2zC1wN1_QqC1nTAU1taN1 : 140.3126907 (0.03)%
            GtT1bC2zC1nTAU1taN1_QqC1wN1 : 140.3126907 (0.03)%
              QqC1wN1_QqC2wN2taTAU1taN1 : 139.8747218 (0.03)%
           GbB2tC2wN2hN1_QqN2taTAU1taN1 : 139.2405067 (0.03)%
           GbB2tC2wN2taTAU1taN1_QqN2hN1 : 139.2405067 (0.03)%
            GtT1bC2hC1wN1_QqC1nTAU1taN1 : 137.0503317 (0.03)%
            GtT1bC2hC1nTAU1taN1_QqC1wN1 : 137.0503317 (0.03)%
           GbB1tC2zC1wN1_QqN2taTAU1taN1 : 136.4898874 (0.03)%
   GtT1bC2taNUTwTAU1taN1_QqN2taTAU1taN1 : 135.8791838 (0.03)%
            GbB1bN3zN2taTAU1taN1_GqQqN1 : 134.7367810 (0.03)%
     GbB2wT1bC1nTAU1taN1_QqN2taTAU1taN1 : 134.6644206 (0.03)%
           GbB1tC2hC1wN1_QqN2taTAU1taN1 : 133.3164110 (0.03)%
                     GbB1tC1wN1_QqC1wN1 : 132.6862445 (0.03)%
               QqC1nTAU1taN1_QqC2zC1wN1 : 131.7598142 (0.03)%
               QqC1wN1_QqC2zC1nTAU1taN1 : 131.7598142 (0.03)%
          QqN2taTAU1taN1_QqN4taTAU1taN1 : 131.3851596 (0.03)%
            GbB2tC2zC1nTAU1taN1_QqN2hN1 : 131.1623934 (0.03)%
                     GbB1tC2wN1_QqC1wN1 : 129.5292513 (0.03)%
               QqC1nTAU1taN1_QqC2hC1wN1 : 128.6963150 (0.03)%
               QqC1wN1_QqC2hC1nTAU1taN1 : 128.6963150 (0.03)%
            GbB2tC2hC1nTAU1taN1_QqN2hN1 : 128.1127846 (0.03)%
      QqC2taNUTwTAU1taN1_QqN2taTAU1taN1 : 127.5965554 (0.03)%
                T1bC1nTAU1taN1_T1bC2wN1 : 126.4609336 (0.03)%
            GtT1tN3zN2hN1_QqC1nTAU1taN1 : 125.9475288 (0.03)%
              GbB2bN3zN1_QqN2taTAU1taN1 : 125.4415816 (0.03)%
              GbB1bN4hN1_QqN2taTAU1taN1 : 123.7441214 (0.03)%
               T1bC1wN1_T1tN2taTAU1taN1 : 123.2280449 (0.03)%
        T1tN2taTAU1taN1_T1tN3taTAU1taN1 : 122.9173399 (0.03)%
    GbB2tC2nTAU2zTAU1taN1_QqC1nTAU1taN1 : 122.8612912 (0.03)%
               GtT1tN3hN1_QqC1nTAU1taN1 : 121.4916385 (0.03)%
            GtT1bC2wN2hN1_QqC1nTAU1taN1 : 121.2191340 (0.03)%
                  GqQqN1_QqN4taTAU1taN1 : 121.1188620 (0.03)%
                   T1bC1nTAU1taN1_T1tN1 : 120.1449707 (0.02)%
     GtT1bC1nTAU1taN1_GtT1tN2taTAU1taN1 : 119.6929975 (0.02)%
              GbB2bN4hN1_QqN2taTAU1taN1 : 118.2207504 (0.02)%
           GbB1tC2wN2hN1_QqN2taTAU1taN1 : 117.9165325 (0.02)%
           GbB1tC2wN2taTAU1taN1_QqN2hN1 : 117.9165325 (0.02)%
              GqQqN1_QqC2taNUTwTAU1taN1 : 117.6262953 (0.02)%
                 GbB1bN2taTAU1taN1_QqN1 : 117.5252412 (0.02)%
     T1tN2taTAU1taN1_T1tN3zN2taTAU1taN1 : 117.4453418 (0.02)%
                GqQqN1_GtT1bC2nTAU1taN1 : 116.0103779 (0.02)%
     GbB1bN2taTAU1taN1_GbB1tC1nTAU1taN1 : 115.8200195 (0.02)%
               QqC1nTAU1taN1_QqC2wN2hN1 : 113.8301211 (0.02)%
      GtT1tN4wC1nTAU1taN1_QqC1nTAU1taN1 : 113.5993912 (0.02)%
     T1bC2wN2taTAU1taN1_T1tN2taTAU1taN1 : 113.0361410 (0.02)%
           GbB1bN3wC1wN1_QqN2taTAU1taN1 : 112.7886124 (0.02)%
           GbB2tC2taNUTwTAU1taN1_GqQqN1 : 112.1039388 (0.02)%
               GbB2tC1wN1_QqC1nTAU1taN1 : 111.4684698 (0.02)%
               GbB2tC1nTAU1taN1_QqC1wN1 : 111.4684698 (0.02)%
      B1tC1nTAU1taN1_B1tC2wN2taTAU1taN1 : 111.3356551 (0.02)%
            GbB1tC2zC1nTAU1taN1_QqN2hN1 : 111.0755411 (0.02)%
     GbB1wT1bC1nTAU1taN1_QqN2taTAU1taN1 : 109.9210364 (0.02)%
                      GqQqN1_GtT1tN3zN1 : 109.4665720 (0.02)%
            GbB1tC2hC1nTAU1taN1_QqN2hN1 : 108.4929644 (0.02)%
     GbB2wT1tN2taTAU1taN1_QqC1nTAU1taN1 : 107.6031347 (0.02)%
      T1bC2zC1nTAU1taN1_T1tN2taTAU1taN1 : 106.4782882 (0.02)%
              GbB1bN3taTAU1taN1_QqC1wN1 : 105.0069913 (0.02)%
       B1tC1nTAU1taN1_B1tC2zC1nTAU1taN1 : 104.8764569 (0.02)%
    GbB1tC2nTAU2zTAU1taN1_QqC1nTAU1taN1 : 104.0457104 (0.02)%
      T1bC2hC1nTAU1taN1_T1tN2taTAU1taN1 : 104.0026005 (0.02)%
         GbB2tC2taNUTnN1_QqN2taTAU1taN1 : 103.5355350 (0.02)%
       B1tC1nTAU1taN1_B1tC2hC1nTAU1taN1 : 102.4380128 (0.02)%
   GtT1tN3taTAU2hTAU1taN1_QqC1nTAU1taN1 : 102.1307023 (0.02)%
               QqC1wN1_QqN4wC1nTAU1taN1 : 101.8128535 (0.02)%
               QqC1nTAU1taN1_QqN4wC1wN1 : 101.8128535 (0.02)%
           GbB1bN3zN2taTAU1taN1_QqC1wN1 : 100.3323208 (0.02)%
                T1bC1nTAU1taN1_T1tN2hN1 : 100.2830468 (0.02)%
        GtT1tN3taTAU2taN1_QqC1nTAU1taN1 : 99.9081651 (0.02)%
            GbB1bN4hN2taTAU1taN1_GqQqN1 : 99.3885525 (0.02)%
                 GtT1tN2taTAU1taN1_QqN1 : 99.2422753 (0.02)%
      GbB1tC1nTAU1taN1_GbB1tC1nTAU1taN1 : 97.9232108 (0.02)%
     GbB1tC1nTAU1taN1_GtT1tN2taTAU1taN1 : 97.8023285 (0.02)%
             C2nTAU1taN1_N4wC1nTAU1taN1 : 97.4142532 (0.02)%
             C2nTAU1taN1_N3wC1nTAU1taN1 : 97.1520904 (0.02)%
            GbB2bN4hN2taTAU1taN1_GqQqN1 : 94.9523025 (0.02)%
           GbB1tC2taNUTwTAU1taN1_GqQqN1 : 94.9357917 (0.02)%
               GbB2bN2taTAU1taN1_GqQqN1 : 93.3133507 (0.02)%
             C1nTAU1taN1_N3wC1nTAU1taN1 : 93.2523484 (0.02)%
   GbB1bN3taTAU2zTAU1taN1_QqC1nTAU1taN1 : 93.2381782 (0.02)%
    T1tN3wC1nTAU1taN1_T1tN3wC1nTAU1taN1 : 92.7032670 (0.02)%
         C2wN2taTAU1taN1_C2zC1nTAU1taN1 : 92.0297072 (0.02)%
            GbB1bN3wC1nTAU1taN1_QqN2hN1 : 91.7874312 (0.02)%
               GbB2bN3taTAU1taN1_GqQqN1 : 91.4260236 (0.02)%
                      GqQqN1_GtT1bC2wN1 : 91.3169907 (0.02)%
                     N2hN1_N2taTAU1taN1 : 91.2454237 (0.02)%
                        QqC1wN1_QqN2zN1 : 90.4297389 (0.02)%
          GtT1bC2taNUTnN1_QqC1nTAU1taN1 : 90.1353219 (0.02)%
         C2hC1nTAU1taN1_C2wN2taTAU1taN1 : 89.8899582 (0.02)%
     GtT1bC1nTAU1taN1_QqC2wN2taTAU1taN1 : 88.5748919 (0.02)%
             T1bC1wN1_T1tN3wC1nTAU1taN1 : 88.3723392 (0.02)%
             T1bC1nTAU1taN1_T1tN3wC1wN1 : 88.3723392 (0.02)%
      T1tN3taTAU1taN1_T1tN3wC1nTAU1taN1 : 88.1495187 (0.02)%
     GbB1wT1tN2taTAU1taN1_QqC1nTAU1taN1 : 87.8320200 (0.02)%
         GbB1tC2taNUTnN1_QqN2taTAU1taN1 : 87.6795953 (0.02)%
            GbB2bN3zN2taTAU1taN1_GqQqN1 : 87.3559467 (0.02)%
    GbB2tC2nTAU2hTAU1taN1_QqC1nTAU1taN1 : 87.2462530 (0.02)%
                         GqQqN1_GtT1tN1 : 86.7562564 (0.02)%
       B1bN3wC1nTAU1taN1_B1tC1nTAU1taN1 : 86.6648092 (0.02)%
               GtT1bC2nTAU1taN1_QqC1wN1 : 86.3876245 (0.02)%
   GtT1bC1nTAU1taN1_GtT1tN3wC1nTAU1taN1 : 85.8371986 (0.02)%
                      GbB1bN2hN1_GqQqN1 : 85.7545489 (0.02)%
         GbB2tC2nTAU2taN1_QqC1nTAU1taN1 : 85.3476265 (0.02)%
          C2hC1nTAU1taN1_C2zC1nTAU1taN1 : 84.6749437 (0.02)%
             QqC1nTAU1taN1_QqC2taNUTnN1 : 84.6410486 (0.02)%
  GbB2tC2wN2taTAU1taN1_GtT1bC1nTAU1taN1 : 84.4164499 (0.02)%
   T1tN3wC1nTAU1taN1_T1tN3zN2taTAU1taN1 : 84.2253043 (0.02)%
           GbB1bN4wC1wN1_QqN2taTAU1taN1 : 83.5172165 (0.02)%
          GbB2tC2taNUTwTAU1taN1_QqC1wN1 : 83.4786779 (0.02)%
      GtT1bC1nTAU1taN1_QqC2zC1nTAU1taN1 : 83.4361717 (0.02)%
            GbB1bN3zN2hN1_QqC1nTAU1taN1 : 81.6504946 (0.02)%
                     GtT1tN3zN1_QqC1wN1 : 81.5147514 (0.02)%
      GtT1bC1nTAU1taN1_QqC2hC1nTAU1taN1 : 81.4962278 (0.02)%
                  QqC1wN1_QqC2nTAU1taN1 : 81.1217952 (0.02)%
   T1bC2wN2taTAU1taN1_T1tN3wC1nTAU1taN1 : 81.0632693 (0.02)%
               GbB2tC2nTAU1taN1_QqN2hN1 : 80.7539755 (0.02)%
           GbB2bN4wC1wN1_QqN2taTAU1taN1 : 79.7893903 (0.02)%
           C2wN2taTAU1taN1_N3taTAU1taN1 : 79.6432077 (0.02)%
   GbB2tC2zC1nTAU1taN1_GtT1bC1nTAU1taN1 : 79.5189839 (0.02)%
   GbB1bN4taTAU2zTAU1taN1_QqC1nTAU1taN1 : 79.4037547 (0.02)%
               GbB1bN3hN1_QqC1nTAU1taN1 : 78.7617865 (0.02)%
   GbB2tC2hC1nTAU1taN1_GtT1bC1nTAU1taN1 : 77.6701171 (0.02)%
               GbB1bN4taTAU1taN1_GqQqN1 : 77.4093177 (0.02)%
   GbB2wT1tN3wC1nTAU1taN1_QqC1nTAU1taN1 : 77.1670176 (0.02)%
                        GbB1bN1_QqN2hN1 : 77.1446692 (0.02)%
                 QqN2taTAU1taN1_QqN4hN1 : 77.0358934 (0.02)%
                   C2wN1_N4wC1nTAU1taN1 : 76.6791439 (0.02)%
                   C2wN1_N3wC1nTAU1taN1 : 76.4727838 (0.02)%
    T1bC2zC1nTAU1taN1_T1tN3wC1nTAU1taN1 : 76.3603399 (0.02)%
        C2wN2taTAU1taN1_N3zN2taTAU1taN1 : 76.0976747 (0.02)%
        C2wN2taTAU1taN1_N4hN2taTAU1taN1 : 76.0118289 (0.02)%
   GbB2bN4taTAU2zTAU1taN1_QqC1nTAU1taN1 : 75.8595346 (0.02)%
            C2zC1nTAU1taN1_N3taTAU1taN1 : 75.0226639 (0.02)%
   B2tC2wN2taTAU1taN1_B2tC2zC1nTAU1taN1 : 74.9725206 (0.02)%
    T1bC2hC1nTAU1taN1_T1tN3wC1nTAU1taN1 : 74.5849136 (0.02)%
           GbB1bN4hN2taTAU1taN1_QqC1wN1 : 74.0101111 (0.02)%
               GbB2bN4taTAU1taN1_GqQqN1 : 73.9541202 (0.02)%
    GbB1tC2nTAU2hTAU1taN1_QqC1nTAU1taN1 : 73.8849338 (0.02)%
  GtT1tN3taTAU2zTAU1taN1_QqN2taTAU1taN1 : 73.4457312 (0.02)%
            N3taTAU1taN1_N4wC1nTAU1taN1 : 73.3812931 (0.02)%
            C2hC1nTAU1taN1_N3taTAU1taN1 : 73.2783394 (0.02)%
   B2tC2hC1nTAU1taN1_B2tC2wN2taTAU1taN1 : 73.2293619 (0.02)%
           GbB2bN3wC1wN1_QqN2taTAU1taN1 : 73.1259567 (0.02)%
                   B1bN1_B1tC1nTAU1taN1 : 72.8392541 (0.02)%
                      GqQqN1_GtT1tN2hN1 : 72.4140317 (0.01)%
     GbB1tC1nTAU1taN1_QqC2wN2taTAU1taN1 : 72.3754176 (0.01)%
         GbB1tC2nTAU2taN1_QqC1nTAU1taN1 : 72.2770723 (0.01)%
         C2zC1nTAU1taN1_N3zN2taTAU1taN1 : 71.6828269 (0.01)%
           GtT1bC2zC1wN1_QqN2taTAU1taN1 : 71.6537463 (0.01)%
         C2zC1nTAU1taN1_N4hN2taTAU1taN1 : 71.6019615 (0.01)%
  GbB1tC2wN2taTAU1taN1_GtT1bC1nTAU1taN1 : 71.4885007 (0.01)%
               GtT1tN3wC1nTAU1taN1_QqN1 : 71.1710716 (0.01)%
                         GqQqN1_QqN4hN1 : 71.0163901 (0.01)%
                      GbB1bN3zN1_GqQqN1 : 70.9660589 (0.01)%
           GbB2bN4hN2taTAU1taN1_QqC1wN1 : 70.7066386 (0.01)%
          GbB1tC2taNUTwTAU1taN1_QqC1wN1 : 70.6943437 (0.01)%
   GbB1tC1nTAU1taN1_GtT1tN3wC1nTAU1taN1 : 70.1384214 (0.01)%
         N3zN2taTAU1taN1_N4wC1nTAU1taN1 : 70.1145262 (0.01)%
         C2hC1nTAU1taN1_N3zN2taTAU1taN1 : 70.0161558 (0.01)%
              GbB2tC2wN2taTAU1taN1_QqN1 : 69.9930717 (0.01)%
           GtT1bC2hC1wN1_QqN2taTAU1taN1 : 69.9877513 (0.01)%
         C2hC1nTAU1taN1_N4hN2taTAU1taN1 : 69.9371705 (0.01)%
         N3wC1nTAU1taN1_N4hN2taTAU1taN1 : 69.8469496 (0.01)%
              GbB2bN2taTAU1taN1_QqC1wN1 : 69.4861861 (0.01)%
     T1bC1nTAU1taN1_T1bC2taNUTwTAU1taN1 : 69.0197204 (0.01)%
    B2tC2hC1nTAU1taN1_B2tC2zC1nTAU1taN1 : 68.9809209 (0.01)%
  GbB1tC1nTAU1taN1_GbB2tC2wN2taTAU1taN1 : 68.9775136 (0.01)%
               GbB1tC2nTAU1taN1_QqN2hN1 : 68.3869156 (0.01)%
      GbB1tC1nTAU1taN1_QqC2zC1nTAU1taN1 : 68.1765186 (0.01)%
              GbB2bN3taTAU1taN1_QqC1wN1 : 68.0807799 (0.01)%
                     GtT1bC2wN1_QqC1wN1 : 67.9995881 (0.01)%
            GbB1bN4wC1nTAU1taN1_QqN2hN1 : 67.9663541 (0.01)%
                     GtT1bC1wN1_QqN2hN1 : 67.4847063 (0.01)%
   GbB1tC2zC1nTAU1taN1_GtT1bC1nTAU1taN1 : 67.3410566 (0.01)%
              GtT1tN3taTAU1taN1_QqN2hN1 : 67.3145515 (0.01)%
              QqC2zC1wN1_QqN2taTAU1taN1 : 67.2860328 (0.01)%
      GbB1tC1nTAU1taN1_QqC2hC1nTAU1taN1 : 66.5913714 (0.01)%
   GbB1bN3taTAU2hTAU1taN1_QqC1nTAU1taN1 : 66.2102897 (0.01)%
               GbB2tC2zC1nTAU1taN1_QqN1 : 65.9323858 (0.01)%
     B1bN2taTAU1taN1_B1tC2wN2taTAU1taN1 : 65.8418859 (0.01)%
   GbB1tC2hC1nTAU1taN1_GtT1bC1nTAU1taN1 : 65.7753344 (0.01)%
              QqC2hC1wN1_QqN2taTAU1taN1 : 65.7215899 (0.01)%
         T1bC2nTAU1taN1_T1tN2taTAU1taN1 : 65.5564819 (0.01)%
        B1bN2taTAU1taN1_B1bN2taTAU1taN1 : 65.2738545 (0.01)%
           GbB2bN3zN2taTAU1taN1_QqC1wN1 : 65.0499797 (0.01)%
   GbB1tC1nTAU1taN1_GbB2tC2zC1nTAU1taN1 : 64.9757459 (0.01)%
            GbB2bN4wC1nTAU1taN1_QqN2hN1 : 64.9326472 (0.01)%
        GbB1bN3taTAU2taN1_QqC1nTAU1taN1 : 64.7694415 (0.01)%
                        GtT1tN1_QqC1wN1 : 64.6034177 (0.01)%
          B1tC1nTAU1taN1_B1tC2nTAU1taN1 : 64.5702675 (0.01)%
      GtT1bC1nTAU1taN1_QqN4wC1nTAU1taN1 : 64.4724249 (0.01)%
               GbB2tC2hC1nTAU1taN1_QqN1 : 64.3994161 (0.01)%
           GtT1tN3zN2hN1_QqN2taTAU1taN1 : 64.3178620 (0.01)%
           GtT1tN3zN2taTAU1taN1_QqN2hN1 : 64.3178620 (0.01)%
       B1bN4wC1nTAU1taN1_B1tC1nTAU1taN1 : 64.1731774 (0.01)%
                     GbB1bN2hN1_QqC1wN1 : 63.8574919 (0.01)%
                        QqC1wN1_QqC2wN1 : 63.8546167 (0.01)%
                   GqQqN1_GtT1tN3wC1wN1 : 63.8133520 (0.01)%
                     GbB2tC2wN1_QqN2hN1 : 63.5650893 (0.01)%
   GbB1tC1nTAU1taN1_GbB2tC2hC1nTAU1taN1 : 63.4650186 (0.01)%
   GbB1wT1tN3wC1nTAU1taN1_QqC1nTAU1taN1 : 62.9882675 (0.01)%
   GbB2tC2nTAU2zTAU1taN1_QqN2taTAU1taN1 : 62.7418073 (0.01)%
              GtT1tN3hN1_QqN2taTAU1taN1 : 62.0423641 (0.01)%
                      GqQqN1_QqC2zC1wN1 : 62.0283733 (0.01)%
      B1bN2taTAU1taN1_B1tC2zC1nTAU1taN1 : 62.0220332 (0.01)%
           GtT1bC2wN2hN1_QqN2taTAU1taN1 : 61.9032038 (0.01)%
           GtT1bC2wN2taTAU1taN1_QqN2hN1 : 61.9032038 (0.01)%
               T1tN2taTAU1taN1_T1tN3zN1 : 61.8586327 (0.01)%
GbB2tC2taNUTtaC1nTAU1taN1_QqC1nTAU1taN1 : 61.7051571 (0.01)%
                      GqQqN1_QqC2hC1wN1 : 60.5861743 (0.01)%
      B1bN2taTAU1taN1_B1tC2hC1nTAU1taN1 : 60.5799817 (0.01)%
------------------------------------------------------------
                                                      SUM=90.01%
