/Users/rafalmaselek/Projects/fastlim-1.0
 
#################################################################
#                                                               #
#                                                               #
#                     This is Fastlim  ver. 1.0                 #
#                                                               #
#          A fast LHC limit calculator for BSM models.          #
#                                                               #
#                  http://cern.ch/fastlim-1.0/                  #
#                                                               #
#  for bugs/feature requests: fastlim-1.0.developers@gmail.com  #
#                                                               #
#    please refer to:                                           #
#    M.Papucci, K.Sakurai, A.Weiler, L.Zeune arXiv:1402.xxxx    #
#                                                               #
#################################################################
 

!! Masses incompatible with the data for ERER !!

!! Problem with reading tables for ER ER !! Probably mass outside the table !! Setting xsec to 10^-20 !!

!! Masses incompatible with the data for ELEL !!

!! Problem with reading tables for EL EL !! Probably mass outside the table !! Setting xsec to 10^-20 !!

!! Masses incompatible with the data for TAU1TAU1 !!

!! Problem with reading tables for TAU1 TAU1 !! Probably mass outside the table !! Setting xsec to 10^-20 !!

!! Masses incompatible with the data for TAU2TAU2 !!

!! Problem with reading tables for TAU2 TAU2 !! Probably mass outside the table !! Setting xsec to 10^-20 !!
!! EWK PROCESS C1C2 NOT FOUND !! WILL TRY TO LOOK FOR +/- MODES !!
XSEC FOUND FOR: C1-C2+
XSEC FOUND FOR: C1+C2-
!! EWK PROCESS C1N1 NOT FOUND !! WILL TRY TO LOOK FOR +/- MODES !!
XSEC FOUND FOR: C1+N1
XSEC FOUND FOR: C1-N1
!! EWK PROCESS C1N2 NOT FOUND !! WILL TRY TO LOOK FOR +/- MODES !!
XSEC FOUND FOR: C1+N2
XSEC FOUND FOR: C1-N2
!! EWK PROCESS C1N3 NOT FOUND !! WILL TRY TO LOOK FOR +/- MODES !!
XSEC FOUND FOR: C1+N3
XSEC FOUND FOR: C1-N3
!! EWK PROCESS C1N4 NOT FOUND !! WILL TRY TO LOOK FOR +/- MODES !!
XSEC FOUND FOR: C1+N4
XSEC FOUND FOR: C1-N4
!! EWK PROCESS C2N1 NOT FOUND !! WILL TRY TO LOOK FOR +/- MODES !!
XSEC FOUND FOR: C2+N1
XSEC FOUND FOR: C2-N1
!! EWK PROCESS C2N2 NOT FOUND !! WILL TRY TO LOOK FOR +/- MODES !!
XSEC FOUND FOR: C2+N2
XSEC FOUND FOR: C2-N2
!! EWK PROCESS C2N3 NOT FOUND !! WILL TRY TO LOOK FOR +/- MODES !!
XSEC FOUND FOR: C2+N3
XSEC FOUND FOR: C2-N3
!! EWK PROCESS C2N4 NOT FOUND !! WILL TRY TO LOOK FOR +/- MODES !!
XSEC FOUND FOR: C2+N4
XSEC FOUND FOR: C2-N4
---------------  Output inclusive processes  ---------------
The total xsec = 5534.31 [fb]
The total rate = 100.00%
Output upto 0.10%
                        Modes : xsec/fb      (rate)
                  C1wN1_N2hN1 : 2683.9548418 (48.50)%
                  C1wN1_C1wN1 : 1405.8938592 (25.40)%
                  C1wN1_N2zN1 : 248.7504525 (4.49)%
            C2hC1wN1_N3wC1wN1 : 21.4958437 (0.39)%
            C2hC1wN1_N4wC1wN1 : 20.9644461 (0.38)%
            C2zC1wN1_N3wC1wN1 : 19.1824812 (0.35)%
            C2zC1wN1_N4wC1wN1 : 18.7082721 (0.34)%
                        N1_N1 : 18.5405076 (0.34)%
            C2wN2hN1_N3wC1wN1 : 17.5598795 (0.32)%
            N3wC1wN1_N4wC1wN1 : 17.3855777 (0.31)%
            C2wN2hN1_N4wC1wN1 : 17.1257826 (0.31)%
                  N2hN1_N2hN1 : 12.3728985 (0.22)%
            C2hC1wN1_C2zC1wN1 : 11.4724169 (0.21)%
            C2hC1wN1_C2wN2hN1 : 10.5019916 (0.19)%
            C2hC1wN1_N4hN2hN1 : 10.4291088 (0.19)%
            C2hC1wN1_N3zN2hN1 : 9.4323134 (0.17)%
            C2wN2hN1_C2zC1wN1 : 9.3717772 (0.17)%
            C2zC1wN1_N4hN2hN1 : 9.3067379 (0.17)%
               C2wN1_N3wC1wN1 : 8.8290880 (0.16)%
            N3wC1wN1_N4hN2hN1 : 8.6487418 (0.16)%
               C2wN1_N4wC1wN1 : 8.6108246 (0.16)%
            C2wN2hN1_N4hN2hN1 : 8.5195025 (0.15)%
        GtT1tN3wC1wN1_QqC1wN1 : 8.4252620 (0.15)%
            C2zC1wN1_N3zN2hN1 : 8.4172167 (0.15)%
      QqC1wN1_QqGtT1tN3wC1wN1 : 7.9160928 (0.14)%
            C2wN2hN1_N3zN2hN1 : 7.7052238 (0.14)%
            N3zN2hN1_N4wC1wN1 : 7.6287407 (0.14)%
        GtT1bC2hC1wN1_QqC1wN1 : 6.9842078 (0.13)%
      QqC1wN1_QqGtT1bC2hC1wN1 : 6.5621267 (0.12)%
            C2hC1wN1_C2hC1wN1 : 6.4279818 (0.12)%
        GtT1bC2zC1wN1_QqC1wN1 : 6.2325739 (0.11)%
                     C1wN1_N1 : 6.1304727 (0.11)%
      QqC1wN1_QqGtT1bC2zC1wN1 : 5.8559168 (0.11)%
              QqC1wN1_QqC1wN1 : 5.8029107 (0.10)%
GtT1tN3wC1wN1_QqGtT1tN3wC1wN1 : 5.7466985 (0.10)%
        GtT1bC2wN2hN1_QqC1wN1 : 5.7053749 (0.10)%
           GtT1bC1wN1_QqC1wN1 : 5.6593881 (0.10)%
      QqC1wN1_QqGtT1bC2wN2hN1 : 5.3605783 (0.10)%
------------------------------------------------------------
                                            SUM=84.99%

SHOWING PROCESSES TO GET 90.00% SUSY COVERAGE
---------------  Output inclusive processes  ---------------
The total xsec = 5534.31 [fb]
The total rate = 100.00%
                          Modes : xsec/fb      (rate)
                    C1wN1_N2hN1 : 2683.9548418 (48.50)%
                    C1wN1_C1wN1 : 1405.8938592 (25.40)%
                    C1wN1_N2zN1 : 248.7504525 (4.49)%
              C2hC1wN1_N3wC1wN1 : 21.4958437 (0.39)%
              C2hC1wN1_N4wC1wN1 : 20.9644461 (0.38)%
              C2zC1wN1_N3wC1wN1 : 19.1824812 (0.35)%
              C2zC1wN1_N4wC1wN1 : 18.7082721 (0.34)%
                          N1_N1 : 18.5405076 (0.34)%
              C2wN2hN1_N3wC1wN1 : 17.5598795 (0.32)%
              N3wC1wN1_N4wC1wN1 : 17.3855777 (0.31)%
              C2wN2hN1_N4wC1wN1 : 17.1257826 (0.31)%
                    N2hN1_N2hN1 : 12.3728985 (0.22)%
              C2hC1wN1_C2zC1wN1 : 11.4724169 (0.21)%
              C2hC1wN1_C2wN2hN1 : 10.5019916 (0.19)%
              C2hC1wN1_N4hN2hN1 : 10.4291088 (0.19)%
              C2hC1wN1_N3zN2hN1 : 9.4323134 (0.17)%
              C2wN2hN1_C2zC1wN1 : 9.3717772 (0.17)%
              C2zC1wN1_N4hN2hN1 : 9.3067379 (0.17)%
                 C2wN1_N3wC1wN1 : 8.8290880 (0.16)%
              N3wC1wN1_N4hN2hN1 : 8.6487418 (0.16)%
                 C2wN1_N4wC1wN1 : 8.6108246 (0.16)%
              C2wN2hN1_N4hN2hN1 : 8.5195025 (0.15)%
          GtT1tN3wC1wN1_QqC1wN1 : 8.4252620 (0.15)%
              C2zC1wN1_N3zN2hN1 : 8.4172167 (0.15)%
        QqC1wN1_QqGtT1tN3wC1wN1 : 7.9160928 (0.14)%
              C2wN2hN1_N3zN2hN1 : 7.7052238 (0.14)%
              N3zN2hN1_N4wC1wN1 : 7.6287407 (0.14)%
          GtT1bC2hC1wN1_QqC1wN1 : 6.9842078 (0.13)%
        QqC1wN1_QqGtT1bC2hC1wN1 : 6.5621267 (0.12)%
              C2hC1wN1_C2hC1wN1 : 6.4279818 (0.12)%
          GtT1bC2zC1wN1_QqC1wN1 : 6.2325739 (0.11)%
                       C1wN1_N1 : 6.1304727 (0.11)%
        QqC1wN1_QqGtT1bC2zC1wN1 : 5.8559168 (0.11)%
                QqC1wN1_QqC1wN1 : 5.8029107 (0.10)%
  GtT1tN3wC1wN1_QqGtT1tN3wC1wN1 : 5.7466985 (0.10)%
          GtT1bC2wN2hN1_QqC1wN1 : 5.7053749 (0.10)%
             GtT1bC1wN1_QqC1wN1 : 5.6593881 (0.10)%
        QqC1wN1_QqGtT1bC2wN2hN1 : 5.3605783 (0.10)%
                QqC1wN1_QqN2hN1 : 5.3302075 (0.10)%
           QqC1wN1_QqGtT1bC1wN1 : 5.3173706 (0.10)%
          GtT1tN4wC1wN1_QqC1wN1 : 5.2865308 (0.10)%
                 C2hC1wN1_C2wN1 : 5.2803898 (0.10)%
    GtT1bC2hC1wN1_GtT1tN3wC1wN1 : 5.2057568 (0.09)%
              C2zC1wN1_C2zC1wN1 : 5.1188831 (0.09)%
        QqC1wN1_QqGtT1tN4wC1wN1 : 4.9670465 (0.09)%
  GtT1tN3wC1wN1_QqGtT1bC2hC1wN1 : 4.7637849 (0.09)%
  GtT1bC2hC1wN1_QqGtT1tN3wC1wN1 : 4.7637849 (0.09)%
                 C2wN1_C2zC1wN1 : 4.7121192 (0.09)%
    GtT1bC2zC1wN1_GtT1tN3wC1wN1 : 4.6455181 (0.08)%
                 C2hC1wN1_N3zN1 : 4.5988454 (0.08)%
QqGtT1bC2hC1wN1_QqGtT1tN3wC1wN1 : 4.4758921 (0.08)%
                 C2wN1_C2wN2hN1 : 4.3135319 (0.08)%
              C2wN2hN1_C2wN2hN1 : 4.2895201 (0.08)%
                 C2hC1wN1_N4hN1 : 4.2852985 (0.08)%
                 C2wN1_N4hN2hN1 : 4.2835964 (0.08)%
    GtT1bC2wN2hN1_GtT1tN3wC1wN1 : 4.2525645 (0.08)%
  GtT1tN3wC1wN1_QqGtT1bC2zC1wN1 : 4.2511109 (0.08)%
  GtT1bC2zC1wN1_QqGtT1tN3wC1wN1 : 4.2511109 (0.08)%
       GtT1bC1wN1_GtT1tN3wC1wN1 : 4.2182877 (0.08)%
                 C2zC1wN1_N3zN1 : 4.1039220 (0.07)%
QqGtT1bC2zC1wN1_QqGtT1tN3wC1wN1 : 3.9942008 (0.07)%
  GtT1bC2hC1wN1_QqGtT1bC2hC1wN1 : 3.9489886 (0.07)%
    GtT1tN3wC1wN1_GtT1tN4wC1wN1 : 3.9403743 (0.07)%
                 C1wN1_N3wC1wN1 : 3.8983324 (0.07)%
  GtT1tN3wC1wN1_QqGtT1bC2wN2hN1 : 3.8915192 (0.07)%
  GtT1bC2wN2hN1_QqGtT1tN3wC1wN1 : 3.8915192 (0.07)%
                 C2wN1_N3zN2hN1 : 3.8741780 (0.07)%
          GtT1tN3wC1wN1_QqN2hN1 : 3.8694715 (0.07)%
     GtT1bC1wN1_QqGtT1tN3wC1wN1 : 3.8601525 (0.07)%
     GtT1tN3wC1wN1_QqGtT1bC1wN1 : 3.8601525 (0.07)%
    GtT1bC2hC1wN1_GtT1bC2zC1wN1 : 3.8509501 (0.07)%
                 C2zC1wN1_N4hN1 : 3.8241187 (0.07)%
              N3zN2hN1_N4hN2hN1 : 3.7950426 (0.07)%
                 C2wN2hN1_N3zN1 : 3.7567807 (0.07)%
                 N3zN1_N4wC1wN1 : 3.7194904 (0.07)%
          GtT1tN3zN2hN1_QqC1wN1 : 3.6969804 (0.07)%
QqGtT1bC2wN2hN1_QqGtT1tN3wC1wN1 : 3.6563406 (0.07)%
        QqGtT1tN3wC1wN1_QqN2hN1 : 3.6356252 (0.07)%
   QqGtT1bC1wN1_QqGtT1tN3wC1wN1 : 3.6268695 (0.07)%
  GtT1tN4wC1wN1_QqGtT1tN3wC1wN1 : 3.6058342 (0.07)%
  GtT1tN3wC1wN1_QqGtT1tN4wC1wN1 : 3.6058342 (0.07)%
                 N3wC1wN1_N4hN1 : 3.5537495 (0.06)%
    GtT1bC2hC1wN1_GtT1bC2wN2hN1 : 3.5252072 (0.06)%
  GtT1bC2zC1wN1_QqGtT1bC2hC1wN1 : 3.5240022 (0.06)%
  GtT1bC2hC1wN1_QqGtT1bC2zC1wN1 : 3.5240022 (0.06)%
                 C2wN2hN1_N4hN1 : 3.5006454 (0.06)%
       GtT1bC1wN1_GtT1bC2hC1wN1 : 3.4967930 (0.06)%
        QqC1wN1_QqGtT1tN3zN2hN1 : 3.4735584 (0.06)%
QqGtT1tN3wC1wN1_QqGtT1tN4wC1wN1 : 3.3879205 (0.06)%
QqGtT1bC2hC1wN1_QqGtT1bC2zC1wN1 : 3.3110339 (0.06)%
    GtT1bC2hC1wN1_GtT1tN4wC1wN1 : 3.2664139 (0.06)%
  GtT1bC2hC1wN1_QqGtT1bC2wN2hN1 : 3.2259150 (0.06)%
  GtT1bC2wN2hN1_QqGtT1bC2hC1wN1 : 3.2259150 (0.06)%
          GtT1bC2hC1wN1_QqN2hN1 : 3.2076383 (0.06)%
     GtT1bC1wN1_QqGtT1bC2hC1wN1 : 3.1999132 (0.06)%
     GtT1bC2hC1wN1_QqGtT1bC1wN1 : 3.1999132 (0.06)%
    GtT1bC2wN2hN1_GtT1bC2zC1wN1 : 3.1458277 (0.06)%
  GtT1bC2zC1wN1_QqGtT1bC2zC1wN1 : 3.1447524 (0.06)%
    GtT1tN3wC1wN1_GtT1tN3wC1wN1 : 3.1399312 (0.06)%
       GtT1bC1wN1_GtT1bC2zC1wN1 : 3.1204715 (0.06)%
QqGtT1bC2hC1wN1_QqGtT1bC2wN2hN1 : 3.0309612 (0.05)%
        QqGtT1bC2hC1wN1_QqN2hN1 : 3.0137890 (0.05)%
   QqGtT1bC1wN1_QqGtT1bC2hC1wN1 : 3.0065308 (0.05)%
  GtT1tN4wC1wN1_QqGtT1bC2hC1wN1 : 2.9890935 (0.05)%
  GtT1bC2hC1wN1_QqGtT1tN4wC1wN1 : 2.9890935 (0.05)%
    GtT1bC2zC1wN1_GtT1tN4wC1wN1 : 2.9148855 (0.05)%
  GtT1bC2zC1wN1_QqGtT1bC2wN2hN1 : 2.8787450 (0.05)%
  GtT1bC2wN2hN1_QqGtT1bC2zC1wN1 : 2.8787450 (0.05)%
             GtT1bC2wN1_QqC1wN1 : 2.8686562 (0.05)%
          GtT1bC2zC1wN1_QqN2hN1 : 2.8624352 (0.05)%
       GtT1bC1wN1_GtT1bC2wN2hN1 : 2.8565180 (0.05)%
------------------------------------------------------------
                                              SUM=90.01%
