/Users/rafalmaselek/Projects/fastlim-1.0
 
#################################################################
#                                                               #
#                                                               #
#                     This is Fastlim  ver. 1.0                 #
#                                                               #
#          A fast LHC limit calculator for BSM models.          #
#                                                               #
#                  http://cern.ch/fastlim-1.0/                  #
#                                                               #
#  for bugs/feature requests: fastlim-1.0.developers@gmail.com  #
#                                                               #
#    please refer to:                                           #
#    M.Papucci, K.Sakurai, A.Weiler, L.Zeune arXiv:1402.xxxx    #
#                                                               #
#################################################################
 

!! Masses incompatible with the data for ERER !!

!! Problem with reading tables for ER ER !! Probably mass outside the table !! Setting xsec to 10^-20 !!

!! Masses incompatible with the data for ELEL !!

!! Problem with reading tables for EL EL !! Probably mass outside the table !! Setting xsec to 10^-20 !!

!! Masses incompatible with the data for TAU1TAU1 !!

!! Problem with reading tables for TAU1 TAU1 !! Probably mass outside the table !! Setting xsec to 10^-20 !!

!! Masses incompatible with the data for TAU2TAU2 !!

!! Problem with reading tables for TAU2 TAU2 !! Probably mass outside the table !! Setting xsec to 10^-20 !!
Decoupling mG=2261.58077 GeV; mQ=3484.9508925000005 GeV

!! Masses incompatible with the data for QQ !!

!! Problem with reading tables for Q Q !! Probably mass outside the table !! Setting xsec to 10^-20 !!

!! Masses incompatible with the data for GQ !!

!! Problem with reading tables for G Q !! Probably mass outside the table !! Setting xsec to 10^-20 !!
!! EWK PROCESS C1C2 NOT FOUND !! WILL TRY TO LOOK FOR +/- MODES !!
XSEC FOUND FOR: C1-C2+
XSEC FOUND FOR: C1+C2-
!! EWK PROCESS C1N1 NOT FOUND !! WILL TRY TO LOOK FOR +/- MODES !!
XSEC FOUND FOR: C1+N1
XSEC FOUND FOR: C1-N1
!! EWK PROCESS C1N2 NOT FOUND !! WILL TRY TO LOOK FOR +/- MODES !!
XSEC FOUND FOR: C1+N2
XSEC FOUND FOR: C1-N2
!! EWK PROCESS C1N3 NOT FOUND !! WILL TRY TO LOOK FOR +/- MODES !!
XSEC FOUND FOR: C1+N3
XSEC FOUND FOR: C1-N3
!! EWK PROCESS C1N4 NOT FOUND !! WILL TRY TO LOOK FOR +/- MODES !!
XSEC FOUND FOR: C1+N4
XSEC FOUND FOR: C1-N4
!! EWK PROCESS C2N1 NOT FOUND !! WILL TRY TO LOOK FOR +/- MODES !!
XSEC FOUND FOR: C2+N1
XSEC FOUND FOR: C2-N1
!! EWK PROCESS C2N2 NOT FOUND !! WILL TRY TO LOOK FOR +/- MODES !!
XSEC FOUND FOR: C2+N2
XSEC FOUND FOR: C2-N2
!! EWK PROCESS C2N3 NOT FOUND !! WILL TRY TO LOOK FOR +/- MODES !!
XSEC FOUND FOR: C2+N3
XSEC FOUND FOR: C2-N3
!! EWK PROCESS C2N4 NOT FOUND !! WILL TRY TO LOOK FOR +/- MODES !!
XSEC FOUND FOR: C2+N4
XSEC FOUND FOR: C2-N4

!! Masses incompatible with the data for B2B2 !!

!! Problem with reading tables for B2 B2 !! Probably mass outside the table !! Setting xsec to 10^-20 !!
---------------  Output inclusive processes  ---------------
The total xsec = 8442.24 [fb]
The total rate = 100.00%
Output upto 0.10%
            Modes : xsec/fb      (rate)
      C1wN1_N2hN1 : 3160.5690769 (37.44)%
      C1wN1_C1wN1 : 1669.8916947 (19.78)%
      C1wN1_N2zN1 : 280.5032273 (3.32)%
      C1wN1_N3zN1 : 271.7106556 (3.22)%
   C2wN1_N4wC1wN1 : 247.8504986 (2.94)%
      C2wN1_N3zN1 : 240.5924709 (2.85)%
      C2wN1_N4hN1 : 166.3741287 (1.97)%
C2wN2hN1_N4wC1wN1 : 161.1978782 (1.91)%
   C2wN2hN1_N3zN1 : 156.4773766 (1.85)%
   N3zN1_N4wC1wN1 : 143.6755919 (1.70)%
   C2wN1_C2wN2hN1 : 134.9003942 (1.60)%
      N2hN1_N3zN1 : 119.5386085 (1.42)%
C2zC1wN1_N4wC1wN1 : 113.3608413 (1.34)%
   C2zC1wN1_N3zN1 : 110.0411945 (1.30)%
   C2wN2hN1_N4hN1 : 108.2069904 (1.28)%
      C2wN1_C2wN1 : 103.7083439 (1.23)%
      N3zN1_N4hN1 : 96.4448389 (1.14)%
   C2wN1_C2zC1wN1 : 94.8673913 (1.12)%
   C2zC1wN1_N4hN1 : 76.0955145 (0.90)%
C2wN2hN1_C2zC1wN1 : 61.7001873 (0.73)%
   C1wN1_N4wC1wN1 : 53.3411648 (0.63)%
      C1wN1_C2wN1 : 48.6060548 (0.58)%
C2wN2hN1_C2wN2hN1 : 43.8684962 (0.52)%
      C2wN1_N2hN1 : 41.9390922 (0.50)%
      C1wN1_N4hN1 : 35.8062214 (0.42)%
   C1wN1_C2wN2hN1 : 31.6125767 (0.37)%
   C2wN2hN1_N2hN1 : 27.2764941 (0.32)%
      C1wN1_N3hN1 : 25.2818036 (0.30)%
      C2wN1_N3hN1 : 22.3863565 (0.27)%
   C1wN1_C2zC1wN1 : 22.2312373 (0.26)%
C2zC1wN1_C2zC1wN1 : 21.6950286 (0.26)%
      C2wN1_N4zN1 : 20.7135601 (0.25)%
   C2zC1wN1_N2hN1 : 19.1819294 (0.23)%
         C1wN1_N1 : 15.6579433 (0.19)%
   C2wN2hN1_N3hN1 : 14.5597172 (0.17)%
C2wN2zN1_N4wC1wN1 : 14.3064505 (0.17)%
   C2wN2zN1_N3zN1 : 13.8875019 (0.16)%
   C2wN2hN1_N4zN1 : 13.4717580 (0.16)%
   N3hN1_N4wC1wN1 : 13.3685523 (0.16)%
      N3zN1_N4zN1 : 12.0073715 (0.14)%
   C2wN1_C2wN2zN1 : 11.9725262 (0.14)%
      N2hN1_N3hN1 : 11.1226835 (0.13)%
      N2zN1_N3zN1 : 10.6091544 (0.13)%
   C2zC1wN1_N3hN1 : 10.2389796 (0.12)%
GbtC1wN1_GbtC2wN1 : 10.1319290 (0.12)%
GbtC2wN1_GttN3zN1 : 9.7005028 (0.11)%
         N1_N3zN1 : 9.6918960 (0.11)%
   C2wN2zN1_N4hN1 : 9.6034636 (0.11)%
   C2zC1wN1_N4zN1 : 9.4738829 (0.11)%
GbtC1wN1_GttN3zN1 : 9.3926784 (0.11)%
      N3hN1_N4hN1 : 8.9738824 (0.11)%
            N1_N1 : 8.5924576 (0.10)%
C2wN2hN1_C2wN2zN1 : 7.7867336 (0.09)%
------------------------------------------------------------
                                SUM=96.61%

SHOWING PROCESSES TO GET 90.00% SUSY COVERAGE
---------------  Output inclusive processes  ---------------
The total xsec = 8442.24 [fb]
The total rate = 100.00%
            Modes : xsec/fb      (rate)
      C1wN1_N2hN1 : 3160.5690769 (37.44)%
      C1wN1_C1wN1 : 1669.8916947 (19.78)%
      C1wN1_N2zN1 : 280.5032273 (3.32)%
      C1wN1_N3zN1 : 271.7106556 (3.22)%
   C2wN1_N4wC1wN1 : 247.8504986 (2.94)%
      C2wN1_N3zN1 : 240.5924709 (2.85)%
      C2wN1_N4hN1 : 166.3741287 (1.97)%
C2wN2hN1_N4wC1wN1 : 161.1978782 (1.91)%
   C2wN2hN1_N3zN1 : 156.4773766 (1.85)%
   N3zN1_N4wC1wN1 : 143.6755919 (1.70)%
   C2wN1_C2wN2hN1 : 134.9003942 (1.60)%
      N2hN1_N3zN1 : 119.5386085 (1.42)%
C2zC1wN1_N4wC1wN1 : 113.3608413 (1.34)%
   C2zC1wN1_N3zN1 : 110.0411945 (1.30)%
   C2wN2hN1_N4hN1 : 108.2069904 (1.28)%
      C2wN1_C2wN1 : 103.7083439 (1.23)%
      N3zN1_N4hN1 : 96.4448389 (1.14)%
   C2wN1_C2zC1wN1 : 94.8673913 (1.12)%
   C2zC1wN1_N4hN1 : 76.0955145 (0.90)%
C2wN2hN1_C2zC1wN1 : 61.7001873 (0.73)%
   C1wN1_N4wC1wN1 : 53.3411648 (0.63)%
      C1wN1_C2wN1 : 48.6060548 (0.58)%
------------------------------------------------------------
                                SUM=90.26%
