/Users/rafalmaselek/Projects/fastlim-1.0
 
#################################################################
#                                                               #
#                                                               #
#                     This is Fastlim  ver. 1.0                 #
#                                                               #
#          A fast LHC limit calculator for BSM models.          #
#                                                               #
#                  http://cern.ch/fastlim-1.0/                  #
#                                                               #
#  for bugs/feature requests: fastlim-1.0.developers@gmail.com  #
#                                                               #
#    please refer to:                                           #
#    M.Papucci, K.Sakurai, A.Weiler, L.Zeune arXiv:1402.xxxx    #
#                                                               #
#################################################################
 

!! Masses incompatible with the data for ERER !!

!! Problem with reading tables for ER ER !! Probably mass outside the table !! Setting xsec to 10^-20 !!

!! Masses incompatible with the data for ELEL !!

!! Problem with reading tables for EL EL !! Probably mass outside the table !! Setting xsec to 10^-20 !!

!! Masses incompatible with the data for TAU1TAU1 !!

!! Problem with reading tables for TAU1 TAU1 !! Probably mass outside the table !! Setting xsec to 10^-20 !!

!! Masses incompatible with the data for TAU2TAU2 !!

!! Problem with reading tables for TAU2 TAU2 !! Probably mass outside the table !! Setting xsec to 10^-20 !!
!! EWK PROCESS C1C2 NOT FOUND !! WILL TRY TO LOOK FOR +/- MODES !!
XSEC FOUND FOR: C1-C2+
XSEC FOUND FOR: C1+C2-
!! EWK PROCESS C1N1 NOT FOUND !! WILL TRY TO LOOK FOR +/- MODES !!
XSEC FOUND FOR: C1+N1
XSEC FOUND FOR: C1-N1
!! EWK PROCESS C1N2 NOT FOUND !! WILL TRY TO LOOK FOR +/- MODES !!
XSEC FOUND FOR: C1+N2
XSEC FOUND FOR: C1-N2
!! EWK PROCESS C1N3 NOT FOUND !! WILL TRY TO LOOK FOR +/- MODES !!
XSEC FOUND FOR: C1+N3
XSEC FOUND FOR: C1-N3
!! EWK PROCESS C1N4 NOT FOUND !! WILL TRY TO LOOK FOR +/- MODES !!
XSEC FOUND FOR: C1+N4
XSEC FOUND FOR: C1-N4
!! EWK PROCESS C2N1 NOT FOUND !! WILL TRY TO LOOK FOR +/- MODES !!
XSEC FOUND FOR: C2+N1
XSEC FOUND FOR: C2-N1
!! EWK PROCESS C2N2 NOT FOUND !! WILL TRY TO LOOK FOR +/- MODES !!
XSEC FOUND FOR: C2+N2
XSEC FOUND FOR: C2-N2
!! EWK PROCESS C2N3 NOT FOUND !! WILL TRY TO LOOK FOR +/- MODES !!
XSEC FOUND FOR: C2+N3
XSEC FOUND FOR: C2-N3
!! EWK PROCESS C2N4 NOT FOUND !! WILL TRY TO LOOK FOR +/- MODES !!
XSEC FOUND FOR: C2+N4
XSEC FOUND FOR: C2-N4
---------------  Output inclusive processes  ---------------
The total xsec = 69882.65 [fb]
The total rate = 100.00%
Output upto 0.10%
                  Modes : xsec/fb      (rate)
            C1wN1_N2hN1 : 24504.0771182 (35.06)%
            C1wN1_C1wN1 : 13569.0253623 (19.42)%
            C1wN1_N2zN1 : 3884.4290831 (5.56)%
      C2zC1wN1_N4wC1wN1 : 452.6594090 (0.65)%
      C2wN2hN1_N4wC1wN1 : 445.5165365 (0.64)%
      C2hC1wN1_N4wC1wN1 : 421.1866402 (0.60)%
      N3wC1wN1_N4wC1wN1 : 375.9537153 (0.54)%
      C2zC1wN1_N3wC1wN1 : 368.1736277 (0.53)%
      C2wN2hN1_N3wC1wN1 : 362.3639235 (0.52)%
      C2hC1wN1_N3wC1wN1 : 342.5750359 (0.49)%
         C2wN1_N4wC1wN1 : 334.9925848 (0.48)%
         C2wN1_N3wC1wN1 : 272.4685111 (0.39)%
         C1wN1_N3wC1wN1 : 271.6407076 (0.39)%
      C2wN2hN1_C2zC1wN1 : 223.6436133 (0.32)%
      C2hC1wN1_C2zC1wN1 : 211.4303160 (0.30)%
      C2hC1wN1_C2wN2hN1 : 208.0939890 (0.30)%
   GbtC1wN1_GbtC2zC1wN1 : 181.6574710 (0.26)%
   GbtC1wN1_GbtC2wN2hN1 : 178.7909534 (0.26)%
   GbtC1wN1_GbtC2hC1wN1 : 169.0270838 (0.24)%
         C2wN1_C2zC1wN1 : 168.1620006 (0.24)%
         N3zN1_N4wC1wN1 : 165.6034794 (0.24)%
         C2wN1_C2wN2hN1 : 165.5084388 (0.24)%
         C2zC1wN1_N3zN1 : 162.1764363 (0.23)%
         C2wN2hN1_N3zN1 : 159.6173254 (0.23)%
      C2zC1wN1_N4hN2hN1 : 157.7585879 (0.23)%
         C2hC1wN1_C2wN1 : 156.4699344 (0.22)%
      C2wN2hN1_N4hN2hN1 : 155.2691898 (0.22)%
         C2hC1wN1_N3zN1 : 150.9005380 (0.22)%
      C2hC1wN1_N4hN2hN1 : 146.7898564 (0.21)%
      GbtC1wN1_GqqC1wN1 : 142.7327166 (0.20)%
   GbtC1wN1_GttN4wC1wN1 : 138.7974323 (0.20)%
         GbtC1wN1_GttN1 : 135.0046678 (0.19)%
      GbtC1wN1_GbtC2wN1 : 134.4364097 (0.19)%
      GbtC1wN1_GbtC1wN1 : 132.3885187 (0.19)%
      N3wC1wN1_N4hN2hN1 : 131.0255041 (0.19)%
      N3zN2hN1_N4wC1wN1 : 130.9213765 (0.19)%
         C2zC1wN1_N4hN1 : 130.2529158 (0.19)%
      C2zC1wN1_N3zN2hN1 : 128.2120542 (0.18)%
         C2wN2hN1_N4hN1 : 128.1975516 (0.18)%
      C2wN2hN1_N3zN2hN1 : 126.1888944 (0.18)%
GbtC2wN2hN1_GbtC2zC1wN1 : 122.6643849 (0.18)%
         C2hC1wN1_N4hN1 : 121.1966147 (0.17)%
            C2wN1_N3zN1 : 120.0193843 (0.17)%
            C1wN1_N3zN1 : 119.6547460 (0.17)%
      C2hC1wN1_N3zN2hN1 : 119.2976514 (0.17)%
         C2wN1_N4hN2hN1 : 116.7499363 (0.17)%
GbtC2hC1wN1_GbtC2zC1wN1 : 115.9656172 (0.17)%
GbtC2hC1wN1_GbtC2wN2hN1 : 114.1357036 (0.16)%
         N2hN1_N3wC1wN1 : 113.9014463 (0.16)%
      C2zC1wN1_C2zC1wN1 : 113.6146220 (0.16)%
   GbtC1wN1_GttN3wC1wN1 : 111.9210565 (0.16)%
      C2wN2hN1_C2wN2hN1 : 110.0572815 (0.16)%
         N3wC1wN1_N4hN1 : 108.1808235 (0.15)%
         C1wN1_N4wC1wN1 : 102.2918665 (0.15)%
      C2hC1wN1_C2hC1wN1 : 98.3649325 (0.14)%
   GbtC2zC1wN1_GqqC1wN1 : 97.9256531 (0.14)%
            C2wN1_N4hN1 : 96.3942427 (0.14)%
   GbtC2wN2hN1_GqqC1wN1 : 96.3804064 (0.14)%
GbtC2zC1wN1_GttN4wC1wN1 : 95.2257446 (0.14)%
         C2wN1_N3zN2hN1 : 94.8838941 (0.14)%
         C1wN1_N3zN2hN1 : 94.5956215 (0.14)%
GbtC2wN2hN1_GttN4wC1wN1 : 93.7231019 (0.13)%
      GbtC2zC1wN1_GttN1 : 92.6236155 (0.13)%
   GbtC2wN1_GbtC2zC1wN1 : 92.2337466 (0.13)%
      GbtC2wN2hN1_GttN1 : 91.1620339 (0.13)%
   GbtC2hC1wN1_GqqC1wN1 : 91.1170209 (0.13)%
   GbtC2wN1_GbtC2wN2hN1 : 90.7783170 (0.13)%
GbtC2hC1wN1_GttN4wC1wN1 : 88.6048332 (0.13)%
    GbtC1wN1_QqGbtC1wN1 : 88.2500818 (0.13)%
      GbtC2hC1wN1_GttN1 : 86.1836265 (0.12)%
   GbtC2hC1wN1_GbtC2wN1 : 85.8208646 (0.12)%
      GbbN2hN1_GbtC1wN1 : 81.0867511 (0.12)%
GbtC2zC1wN1_GttN3wC1wN1 : 76.7864777 (0.11)%
               C1wN1_N1 : 75.7263685 (0.11)%
GbtC2wN2hN1_GttN3wC1wN1 : 75.5748028 (0.11)%
   GqqC1wN1_GttN4wC1wN1 : 74.8211958 (0.11)%
         GqqC1wN1_GttN1 : 72.7766394 (0.10)%
      GbtC2wN1_GqqC1wN1 : 72.4703099 (0.10)%
GbtC2hC1wN1_GttN3wC1wN1 : 71.4476224 (0.10)%
      GttN1_GttN4wC1wN1 : 70.7701144 (0.10)%
      C2wN2zN1_N4wC1wN1 : 70.6240591 (0.10)%
   GbtC2wN1_GttN4wC1wN1 : 70.4722307 (0.10)%
         GbtC2wN1_GttN1 : 68.5465137 (0.10)%
------------------------------------------------------------
                                      SUM=77.11%

SHOWING PROCESSES TO GET 90.00% SUSY COVERAGE
---------------  Output inclusive processes  ---------------
The total xsec = 69882.65 [fb]
The total rate = 100.00%
                      Modes : xsec/fb      (rate)
                C1wN1_N2hN1 : 24504.0771182 (35.06)%
                C1wN1_C1wN1 : 13569.0253623 (19.42)%
                C1wN1_N2zN1 : 3884.4290831 (5.56)%
          C2zC1wN1_N4wC1wN1 : 452.6594090 (0.65)%
          C2wN2hN1_N4wC1wN1 : 445.5165365 (0.64)%
          C2hC1wN1_N4wC1wN1 : 421.1866402 (0.60)%
          N3wC1wN1_N4wC1wN1 : 375.9537153 (0.54)%
          C2zC1wN1_N3wC1wN1 : 368.1736277 (0.53)%
          C2wN2hN1_N3wC1wN1 : 362.3639235 (0.52)%
          C2hC1wN1_N3wC1wN1 : 342.5750359 (0.49)%
             C2wN1_N4wC1wN1 : 334.9925848 (0.48)%
             C2wN1_N3wC1wN1 : 272.4685111 (0.39)%
             C1wN1_N3wC1wN1 : 271.6407076 (0.39)%
          C2wN2hN1_C2zC1wN1 : 223.6436133 (0.32)%
          C2hC1wN1_C2zC1wN1 : 211.4303160 (0.30)%
          C2hC1wN1_C2wN2hN1 : 208.0939890 (0.30)%
       GbtC1wN1_GbtC2zC1wN1 : 181.6574710 (0.26)%
       GbtC1wN1_GbtC2wN2hN1 : 178.7909534 (0.26)%
       GbtC1wN1_GbtC2hC1wN1 : 169.0270838 (0.24)%
             C2wN1_C2zC1wN1 : 168.1620006 (0.24)%
             N3zN1_N4wC1wN1 : 165.6034794 (0.24)%
             C2wN1_C2wN2hN1 : 165.5084388 (0.24)%
             C2zC1wN1_N3zN1 : 162.1764363 (0.23)%
             C2wN2hN1_N3zN1 : 159.6173254 (0.23)%
          C2zC1wN1_N4hN2hN1 : 157.7585879 (0.23)%
             C2hC1wN1_C2wN1 : 156.4699344 (0.22)%
          C2wN2hN1_N4hN2hN1 : 155.2691898 (0.22)%
             C2hC1wN1_N3zN1 : 150.9005380 (0.22)%
          C2hC1wN1_N4hN2hN1 : 146.7898564 (0.21)%
          GbtC1wN1_GqqC1wN1 : 142.7327166 (0.20)%
       GbtC1wN1_GttN4wC1wN1 : 138.7974323 (0.20)%
             GbtC1wN1_GttN1 : 135.0046678 (0.19)%
          GbtC1wN1_GbtC2wN1 : 134.4364097 (0.19)%
          GbtC1wN1_GbtC1wN1 : 132.3885187 (0.19)%
          N3wC1wN1_N4hN2hN1 : 131.0255041 (0.19)%
          N3zN2hN1_N4wC1wN1 : 130.9213765 (0.19)%
             C2zC1wN1_N4hN1 : 130.2529158 (0.19)%
          C2zC1wN1_N3zN2hN1 : 128.2120542 (0.18)%
             C2wN2hN1_N4hN1 : 128.1975516 (0.18)%
          C2wN2hN1_N3zN2hN1 : 126.1888944 (0.18)%
    GbtC2wN2hN1_GbtC2zC1wN1 : 122.6643849 (0.18)%
             C2hC1wN1_N4hN1 : 121.1966147 (0.17)%
                C2wN1_N3zN1 : 120.0193843 (0.17)%
                C1wN1_N3zN1 : 119.6547460 (0.17)%
          C2hC1wN1_N3zN2hN1 : 119.2976514 (0.17)%
             C2wN1_N4hN2hN1 : 116.7499363 (0.17)%
    GbtC2hC1wN1_GbtC2zC1wN1 : 115.9656172 (0.17)%
    GbtC2hC1wN1_GbtC2wN2hN1 : 114.1357036 (0.16)%
             N2hN1_N3wC1wN1 : 113.9014463 (0.16)%
          C2zC1wN1_C2zC1wN1 : 113.6146220 (0.16)%
       GbtC1wN1_GttN3wC1wN1 : 111.9210565 (0.16)%
          C2wN2hN1_C2wN2hN1 : 110.0572815 (0.16)%
             N3wC1wN1_N4hN1 : 108.1808235 (0.15)%
             C1wN1_N4wC1wN1 : 102.2918665 (0.15)%
          C2hC1wN1_C2hC1wN1 : 98.3649325 (0.14)%
       GbtC2zC1wN1_GqqC1wN1 : 97.9256531 (0.14)%
                C2wN1_N4hN1 : 96.3942427 (0.14)%
       GbtC2wN2hN1_GqqC1wN1 : 96.3804064 (0.14)%
    GbtC2zC1wN1_GttN4wC1wN1 : 95.2257446 (0.14)%
             C2wN1_N3zN2hN1 : 94.8838941 (0.14)%
             C1wN1_N3zN2hN1 : 94.5956215 (0.14)%
    GbtC2wN2hN1_GttN4wC1wN1 : 93.7231019 (0.13)%
          GbtC2zC1wN1_GttN1 : 92.6236155 (0.13)%
       GbtC2wN1_GbtC2zC1wN1 : 92.2337466 (0.13)%
          GbtC2wN2hN1_GttN1 : 91.1620339 (0.13)%
       GbtC2hC1wN1_GqqC1wN1 : 91.1170209 (0.13)%
       GbtC2wN1_GbtC2wN2hN1 : 90.7783170 (0.13)%
    GbtC2hC1wN1_GttN4wC1wN1 : 88.6048332 (0.13)%
        GbtC1wN1_QqGbtC1wN1 : 88.2500818 (0.13)%
          GbtC2hC1wN1_GttN1 : 86.1836265 (0.12)%
       GbtC2hC1wN1_GbtC2wN1 : 85.8208646 (0.12)%
          GbbN2hN1_GbtC1wN1 : 81.0867511 (0.12)%
    GbtC2zC1wN1_GttN3wC1wN1 : 76.7864777 (0.11)%
                   C1wN1_N1 : 75.7263685 (0.11)%
    GbtC2wN2hN1_GttN3wC1wN1 : 75.5748028 (0.11)%
       GqqC1wN1_GttN4wC1wN1 : 74.8211958 (0.11)%
             GqqC1wN1_GttN1 : 72.7766394 (0.10)%
          GbtC2wN1_GqqC1wN1 : 72.4703099 (0.10)%
    GbtC2hC1wN1_GttN3wC1wN1 : 71.4476224 (0.10)%
          GttN1_GttN4wC1wN1 : 70.7701144 (0.10)%
          C2wN2zN1_N4wC1wN1 : 70.6240591 (0.10)%
       GbtC2wN1_GttN4wC1wN1 : 70.4722307 (0.10)%
             GbtC2wN1_GttN1 : 68.5465137 (0.10)%
                      N1_N1 : 68.3924964 (0.10)%
                N2hN1_N2hN1 : 62.5727128 (0.09)%
    GbtC2zC1wN1_GbtC2zC1wN1 : 62.3155185 (0.09)%
                C2wN1_C2wN1 : 62.2245138 (0.09)%
          GbtC1wN1_GqqN2hN1 : 61.6398854 (0.09)%
     GbtC1wN1_QqGbtC2zC1wN1 : 60.5463631 (0.09)%
     GbtC2zC1wN1_QqGbtC1wN1 : 60.5463631 (0.09)%
    GbtC2wN2hN1_GbtC2wN2hN1 : 60.3643830 (0.09)%
       GqqC1wN1_GttN3wC1wN1 : 60.3330130 (0.09)%
     GbtC1wN1_QqGbtC2wN2hN1 : 59.5909540 (0.09)%
     GbtC2wN2hN1_QqGbtC1wN1 : 59.5909540 (0.09)%
    GttN3wC1wN1_GttN4wC1wN1 : 58.6695713 (0.08)%
           GbtC1wN1_QqC1wN1 : 58.3185548 (0.08)%
             N3zN1_N4hN2hN1 : 57.7152944 (0.08)%
          C2wN2zN1_N3wC1wN1 : 57.4425618 (0.08)%
             C1wN1_C2zC1wN1 : 57.2651567 (0.08)%
          GttN1_GttN3wC1wN1 : 57.0663725 (0.08)%
       GbtC2wN1_GttN3wC1wN1 : 56.8261702 (0.08)%
             C1wN1_C2wN2hN1 : 56.3615243 (0.08)%
     GbtC1wN1_QqGbtC2hC1wN1 : 56.3366601 (0.08)%
     GbtC2hC1wN1_QqGbtC1wN1 : 56.3366601 (0.08)%
       GbbN2hN1_GbtC2zC1wN1 : 55.6317657 (0.08)%
       GbbN2hN1_GbtC2wN2hN1 : 54.7539079 (0.08)%
    GbtC2hC1wN1_GbtC2hC1wN1 : 53.9513459 (0.08)%
             C1wN1_C2hC1wN1 : 53.2835914 (0.08)%
       GbbN2hN1_GbtC2hC1wN1 : 51.7637677 (0.07)%
                N2hN1_N3zN1 : 50.1723352 (0.07)%
          GbtC1wN1_GttN3zN1 : 49.2999952 (0.07)%
             GbtC1wN1_GqqN1 : 48.8474376 (0.07)%
       GbtC1wN1_GttN4hN2hN1 : 48.3729853 (0.07)%
                N3zN1_N4hN1 : 47.6524637 (0.07)%
        GqqC1wN1_QqGbtC1wN1 : 47.5727579 (0.07)%
        GbtC1wN1_QqGqqC1wN1 : 47.5727579 (0.07)%
     GbtC1wN1_QqGttN4wC1wN1 : 46.2611292 (0.07)%
     GttN4wC1wN1_QqGbtC1wN1 : 46.2611292 (0.07)%
          N3zN2hN1_N4hN2hN1 : 45.6280618 (0.07)%
           GbtC1wN1_QqGttN1 : 44.9970023 (0.06)%
           GttN1_QqGbtC1wN1 : 44.9970023 (0.06)%
        GbtC1wN1_QqGbtC2wN1 : 44.8076021 (0.06)%
        GbtC2wN1_QqGbtC1wN1 : 44.8076021 (0.06)%
          GbbN2hN1_GqqC1wN1 : 43.7112386 (0.06)%
       GbbN2hN1_GttN4wC1wN1 : 42.5060759 (0.06)%
                C1wN1_C2wN1 : 42.3793309 (0.06)%
       GbtC2zC1wN1_GqqN2hN1 : 42.2897159 (0.06)%
          GbtC1wN1_GttN2hN1 : 41.8965802 (0.06)%
       GbtC2wN2hN1_GqqN2hN1 : 41.6223929 (0.06)%
  GbtC2zC1wN1_QqGbtC2zC1wN1 : 41.5394753 (0.06)%
             GbbN2hN1_GttN1 : 41.3445591 (0.06)%
          GbbN2hN1_GbtC2wN1 : 41.1705327 (0.06)%
  GbtC2zC1wN1_QqGbtC2wN2hN1 : 40.8839909 (0.06)%
  GbtC2wN2hN1_QqGbtC2zC1wN1 : 40.8839909 (0.06)%
             C2zC1wN1_N2hN1 : 40.6404085 (0.06)%
  GbtC2wN2hN1_QqGbtC2wN2hN1 : 40.2388499 (0.06)%
        GbtC2zC1wN1_QqC1wN1 : 40.0110269 (0.06)%
             C2wN2hN1_N2hN1 : 39.9991112 (0.06)%
          GbtC1wN1_GttN4hN1 : 39.9390136 (0.06)%
             N2hN1_N3zN2hN1 : 39.6648139 (0.06)%
        GbtC2wN2hN1_QqC1wN1 : 39.3796612 (0.06)%
       GbtC2hC1wN1_GqqN2hN1 : 39.3493718 (0.06)%
       GbtC1wN1_GttN3zN2hN1 : 38.9751668 (0.06)%
  GbtC2zC1wN1_QqGbtC2hC1wN1 : 38.6512943 (0.06)%
  GbtC2hC1wN1_QqGbtC2zC1wN1 : 38.6512943 (0.06)%
          GqqC1wN1_GqqC1wN1 : 38.4712900 (0.06)%
  GbtC2wN2hN1_QqGbtC2hC1wN1 : 38.0413848 (0.05)%
  GbtC2hC1wN1_QqGbtC2wN2hN1 : 38.0413848 (0.05)%
             C2hC1wN1_N2hN1 : 37.8147383 (0.05)%
       GbbN3wC1wN1_GbtC1wN1 : 37.7697431 (0.05)%
             N3zN2hN1_N4hN1 : 37.6726755 (0.05)%
     GbtC1wN1_QqGttN3wC1wN1 : 37.3032438 (0.05)%
     GttN3wC1wN1_QqGbtC1wN1 : 37.3032438 (0.05)%
        GbtC2hC1wN1_QqC1wN1 : 37.2291168 (0.05)%
    GttN4wC1wN1_GttN4wC1wN1 : 36.3791502 (0.05)%
       GbbN4wC1wN1_GbtC1wN1 : 36.0063930 (0.05)%
  GbtC2hC1wN1_QqGbtC2hC1wN1 : 35.9639244 (0.05)%
             C1wN1_N4hN2hN1 : 35.6502485 (0.05)%
          C2wN2zN1_C2zC1wN1 : 35.4523760 (0.05)%
          C2wN2hN1_C2wN2zN1 : 34.8929448 (0.05)%
                GttN1_GttN1 : 34.4181287 (0.05)%
       GbbN2hN1_GttN3wC1wN1 : 34.2753093 (0.05)%
          GbtC2wN1_GbtC2wN1 : 34.1289947 (0.05)%
       GbtC2zC1wN1_GttN3zN1 : 33.8235994 (0.05)%
          GbtC2zC1wN1_GqqN1 : 33.5131100 (0.05)%
       GbtC2wN2hN1_GttN3zN1 : 33.2898700 (0.05)%
          GqqC1wN1_GqqN2hN1 : 33.2280638 (0.05)%
    GbtC2zC1wN1_GttN4hN2hN1 : 33.1875991 (0.05)%
          C2hC1wN1_C2wN2zN1 : 32.9874224 (0.05)%
          GbtC2wN2hN1_GqqN1 : 32.9842800 (0.05)%
    GbtC2wN2hN1_GttN4hN2hN1 : 32.6639056 (0.05)%
     GqqC1wN1_QqGbtC2zC1wN1 : 32.6385814 (0.05)%
     GbtC2zC1wN1_QqGqqC1wN1 : 32.6385814 (0.05)%
       GqqN2hN1_GttN4wC1wN1 : 32.3119327 (0.05)%
     GqqC1wN1_QqGbtC2wN2hN1 : 32.1235513 (0.05)%
     GbtC2wN2hN1_QqGqqC1wN1 : 32.1235513 (0.05)%
  GbtC2zC1wN1_QqGttN4wC1wN1 : 31.7387030 (0.05)%
  GttN4wC1wN1_QqGbtC2zC1wN1 : 31.7387030 (0.05)%
       GbtC2hC1wN1_GttN3zN1 : 31.4718924 (0.05)%
           GqqC1wN1_QqC1wN1 : 31.4376422 (0.04)%
             GqqN2hN1_GttN1 : 31.4289801 (0.04)%
          GbtC2wN1_GqqN2hN1 : 31.2966901 (0.04)%
  GttN4wC1wN1_QqGbtC2wN2hN1 : 31.2378727 (0.04)%
  GbtC2wN2hN1_QqGttN4wC1wN1 : 31.2378727 (0.04)%
          GbtC2hC1wN1_GqqN1 : 31.1829909 (0.04)%
    GbtC2hC1wN1_GttN4hN2hN1 : 30.8801123 (0.04)%
        GbtC2zC1wN1_QqGttN1 : 30.8714144 (0.04)%
        GttN1_QqGbtC2zC1wN1 : 30.8714144 (0.04)%
     GbtC2wN1_QqGbtC2zC1wN1 : 30.7414712 (0.04)%
     GbtC2zC1wN1_QqGbtC2wN1 : 30.7414712 (0.04)%
        GttN4wC1wN1_QqC1wN1 : 30.5708748 (0.04)%
        GbtC2wN2hN1_QqGttN1 : 30.3842698 (0.04)%
        GttN1_QqGbtC2wN2hN1 : 30.3842698 (0.04)%
     GqqC1wN1_QqGbtC2hC1wN1 : 30.3692670 (0.04)%
     GbtC2hC1wN1_QqGqqC1wN1 : 30.3692670 (0.04)%
     GbtC2wN1_QqGbtC2wN2hN1 : 30.2563771 (0.04)%
     GbtC2wN2hN1_QqGbtC2wN1 : 30.2563771 (0.04)%
                C2wN1_N2hN1 : 30.0761129 (0.04)%
             N3hN1_N4wC1wN1 : 29.8609830 (0.04)%
              GttN1_QqC1wN1 : 29.7354982 (0.04)%
           GbtC2wN1_QqC1wN1 : 29.6103363 (0.04)%
  GbtC2hC1wN1_QqGttN4wC1wN1 : 29.5319558 (0.04)%
  GttN4wC1wN1_QqGbtC2hC1wN1 : 29.5319558 (0.04)%
             C2zC1wN1_N4zN1 : 29.5267432 (0.04)%
                C1wN1_N4hN1 : 29.4345232 (0.04)%
   QqGbtC1wN1_QqGbtC2zC1wN1 : 29.3985272 (0.04)%
             C2zC1wN1_N3hN1 : 29.2430317 (0.04)%
             C2wN2hN1_N4zN1 : 29.0608173 (0.04)%
   QqGbtC1wN1_QqGbtC2wN2hN1 : 28.9346245 (0.04)%
             C2wN2hN1_N3hN1 : 28.7815827 (0.04)%
       GbtC2zC1wN1_GttN2hN1 : 28.7442857 (0.04)%
        GttN1_QqGbtC2hC1wN1 : 28.7249686 (0.04)%
        GbtC2hC1wN1_QqGttN1 : 28.7249686 (0.04)%
     GbtC2wN1_QqGbtC2hC1wN1 : 28.6040602 (0.04)%
     GbtC2hC1wN1_QqGbtC2wN1 : 28.6040602 (0.04)%
       GbtC1wN1_GbtC2wN2zN1 : 28.3422541 (0.04)%
         QqC1wN1_QqGbtC1wN1 : 28.3168060 (0.04)%
       GbtC2wN2hN1_GttN2hN1 : 28.2907068 (0.04)%
             C2hC1wN1_N4zN1 : 27.4737905 (0.04)%
       GbtC2zC1wN1_GttN4hN1 : 27.4012439 (0.04)%
   QqGbtC1wN1_QqGbtC2hC1wN1 : 27.3544891 (0.04)%
             C2hC1wN1_N3hN1 : 27.2098051 (0.04)%
        GbtC1wN1_QqGbbN2hN1 : 27.0261820 (0.04)%
        GbbN2hN1_QqGbtC1wN1 : 27.0261820 (0.04)%
       GbtC2wN2hN1_GttN4hN1 : 26.9688579 (0.04)%
       GbtC2hC1wN1_GttN2hN1 : 26.7457361 (0.04)%
    GbtC2zC1wN1_GttN3zN2hN1 : 26.7399708 (0.04)%
          GqqC1wN1_GttN3zN1 : 26.5760291 (0.04)%
             GqqC1wN1_GqqN1 : 26.3320700 (0.04)%
    GbtC2wN2hN1_GttN3zN2hN1 : 26.3180195 (0.04)%
             C2wN1_C2wN2zN1 : 26.2366867 (0.04)%
       GqqC1wN1_GttN4hN2hN1 : 26.0763081 (0.04)%
       GqqN2hN1_GttN3wC1wN1 : 26.0551337 (0.04)%
    GbbN3wC1wN1_GbtC2zC1wN1 : 25.9129571 (0.04)%
       GttN3zN1_GttN4wC1wN1 : 25.8433013 (0.04)%
        GqqC1wN1_QqGqqC1wN1 : 25.6449314 (0.04)%
          GqqN1_GttN4wC1wN1 : 25.6060684 (0.04)%
           GbtC1wN1_QqN2hN1 : 25.6013190 (0.04)%
  GttN3wC1wN1_QqGbtC2zC1wN1 : 25.5929026 (0.04)%
  GbtC2zC1wN1_QqGttN3wC1wN1 : 25.5929026 (0.04)%
    GbbN3wC1wN1_GbtC2wN2hN1 : 25.5040559 (0.04)%
       GbtC2hC1wN1_GttN4hN1 : 25.4960742 (0.04)%
    GttN4hN2hN1_GttN4wC1wN1 : 25.3573581 (0.04)%
             C2wN2zN1_N3zN1 : 25.3028171 (0.04)%
  GttN3wC1wN1_QqGbtC2wN2hN1 : 25.1890519 (0.04)%
  GbtC2wN2hN1_QqGttN3wC1wN1 : 25.1890519 (0.04)%
             GttN1_GttN3zN1 : 25.1371099 (0.04)%
          GbtC2wN1_GttN3zN1 : 25.0313034 (0.04)%
          C2zC1wN1_N4hN2zN1 : 25.0081668 (0.04)%
     GqqC1wN1_QqGttN4wC1wN1 : 24.9378749 (0.04)%
     GttN4wC1wN1_QqGqqC1wN1 : 24.9378749 (0.04)%
                GqqN1_GttN1 : 24.9063595 (0.04)%
    GbtC2hC1wN1_GttN3zN2hN1 : 24.8807784 (0.04)%
             GbtC2wN1_GqqN1 : 24.8015243 (0.04)%
    GbbN4wC1wN1_GbtC2zC1wN1 : 24.7031629 (0.04)%
          GttN1_GttN4hN2hN1 : 24.6644455 (0.04)%
        GttN3wC1wN1_QqC1wN1 : 24.6512097 (0.04)%
          C2wN2zN1_N4hN2hN1 : 24.6135430 (0.04)%
          C2wN2hN1_N4hN2zN1 : 24.6135430 (0.04)%
       GbtC2wN1_GttN4hN2hN1 : 24.5606286 (0.04)%
             N3wC1wN1_N4zN1 : 24.5232698 (0.04)%
    GbbN4wC1wN1_GbtC2wN2hN1 : 24.3133521 (0.03)%
           GttN1_QqGqqC1wN1 : 24.2564251 (0.03)%
           GqqC1wN1_QqGttN1 : 24.2564251 (0.03)%
  GttN4wC1wN1_QqGttN4wC1wN1 : 24.2503127 (0.03)%
        GqqC1wN1_QqGbtC2wN1 : 24.1543256 (0.03)%
        GbtC2wN1_QqGqqC1wN1 : 24.1543256 (0.03)%
    GbbN3wC1wN1_GbtC2hC1wN1 : 24.1112658 (0.03)%
  GttN3wC1wN1_QqGbtC2hC1wN1 : 23.8134643 (0.03)%
  GbtC2hC1wN1_QqGttN3wC1wN1 : 23.8134643 (0.03)%
    GttN3wC1wN1_GttN3wC1wN1 : 23.6544736 (0.03)%
        GttN1_QqGttN4wC1wN1 : 23.5876511 (0.03)%
        GttN4wC1wN1_QqGttN1 : 23.5876511 (0.03)%
                N1_N3wC1wN1 : 23.5603422 (0.03)%
     GbtC2wN1_QqGttN4wC1wN1 : 23.4883666 (0.03)%
     GttN4wC1wN1_QqGbtC2wN1 : 23.4883666 (0.03)%
          C2hC1wN1_N4hN2zN1 : 23.2693843 (0.03)%
      QqGbtC1wN1_QqGqqC1wN1 : 23.0991416 (0.03)%
    GbbN4wC1wN1_GbtC2hC1wN1 : 22.9855869 (0.03)%
              GttN1_QqGttN1 : 22.9430974 (0.03)%
           GttN1_QqGbtC2wN1 : 22.8465259 (0.03)%
           GbtC2wN1_QqGttN1 : 22.8465259 (0.03)%
        GbtC2wN1_QqGbtC2wN1 : 22.7503609 (0.03)%
          GqqC1wN1_GttN2hN1 : 22.5850881 (0.03)%
   QqGbtC1wN1_QqGttN4wC1wN1 : 22.4622751 (0.03)%
       GttN2hN1_GttN4wC1wN1 : 21.9623945 (0.03)%
                C2wN1_N4zN1 : 21.8513961 (0.03)%
         QqGbtC1wN1_QqGttN1 : 21.8484732 (0.03)%
      QqGbtC1wN1_QqGbtC2wN1 : 21.7565092 (0.03)%
                C2wN1_N3hN1 : 21.6414341 (0.03)%
                C1wN1_N3hN1 : 21.5756839 (0.03)%
          GqqC1wN1_GttN4hN1 : 21.5298273 (0.03)%
      QqGbtC1wN1_QqGbtC1wN1 : 21.4250889 (0.03)%
             GttN1_GttN2hN1 : 21.3622524 (0.03)%
          GbtC2wN1_GttN2hN1 : 21.2723349 (0.03)%
       GqqC1wN1_GttN3zN2hN1 : 21.0102488 (0.03)%
       GttN4hN1_GttN4wC1wN1 : 20.9362284 (0.03)%
       GttN3wC1wN1_GttN3zN1 : 20.8390713 (0.03)%
          N3wC1wN1_N4hN2zN1 : 20.7703917 (0.03)%
          N3zN2zN1_N4wC1wN1 : 20.7538852 (0.03)%
          GqqN1_GttN3wC1wN1 : 20.6477755 (0.03)%
        GbtC1wN1_QqGqqN2hN1 : 20.5445494 (0.03)%
        GqqN2hN1_QqGbtC1wN1 : 20.5445494 (0.03)%
    GttN3wC1wN1_GttN4hN2hN1 : 20.4472249 (0.03)%
    GttN3zN2hN1_GttN4wC1wN1 : 20.4309752 (0.03)%
             GttN1_GttN4hN1 : 20.3641271 (0.03)%
       GbbN3wC1wN1_GqqC1wN1 : 20.3604440 (0.03)%
          C2zC1wN1_N3zN2zN1 : 20.3243987 (0.03)%
             C2wN2zN1_N4hN1 : 20.3220997 (0.03)%
          GbtC2wN1_GttN4hN1 : 20.2784110 (0.03)%
                C2zC1wN1_N1 : 20.2368658 (0.03)%
     GqqC1wN1_QqGttN3wC1wN1 : 20.1089693 (0.03)%
     GttN3wC1wN1_QqGqqC1wN1 : 20.1089693 (0.03)%
          C2wN2zN1_N3zN2hN1 : 20.0036838 (0.03)%
          C2wN2hN1_N3zN2zN1 : 20.0036838 (0.03)%
                C2wN2hN1_N1 : 19.9175322 (0.03)%
          GttN1_GttN3zN2hN1 : 19.8726804 (0.03)%
QqGbtC2wN2hN1_QqGbtC2zC1wN1 : 19.8513842 (0.03)%
                N2hN1_N2zN1 : 19.8382713 (0.03)%
    GbbN3wC1wN1_GttN4wC1wN1 : 19.7990861 (0.03)%
       GbtC2wN1_GttN3zN2hN1 : 19.7890329 (0.03)%
  GttN3wC1wN1_QqGttN4wC1wN1 : 19.5545449 (0.03)%
  GttN4wC1wN1_QqGttN3wC1wN1 : 19.5545449 (0.03)%
    GbtC2wN2zN1_GbtC2zC1wN1 : 19.4449724 (0.03)%
      QqC1wN1_QqGbtC2zC1wN1 : 19.4275131 (0.03)%
       GbbN4wC1wN1_GqqC1wN1 : 19.4098791 (0.03)%
          GbbN3wC1wN1_GttN1 : 19.2580583 (0.03)%
       GbbN3wC1wN1_GbtC2wN1 : 19.1769977 (0.03)%
    GbtC2wN2hN1_GbtC2wN2zN1 : 19.1381348 (0.03)%
      QqC1wN1_QqGbtC2wN2hN1 : 19.1209509 (0.03)%
        GttN1_QqGttN3wC1wN1 : 19.0201994 (0.03)%
        GttN3wC1wN1_QqGttN1 : 19.0201994 (0.03)%
     GbtC2wN1_QqGttN3wC1wN1 : 18.9401400 (0.03)%
     GttN3wC1wN1_QqGbtC2wN1 : 18.9401400 (0.03)%
          C2hC1wN1_N3zN2zN1 : 18.9112720 (0.03)%
          GbbN2hN1_GqqN2hN1 : 18.8769317 (0.03)%
    GbbN4wC1wN1_GttN4wC1wN1 : 18.8747293 (0.03)%
                C2hC1wN1_N1 : 18.8298251 (0.03)%
QqGbtC2hC1wN1_QqGbtC2zC1wN1 : 18.7672895 (0.03)%
     GbbN2hN1_QqGbtC2zC1wN1 : 18.5420455 (0.03)%
     GbtC2zC1wN1_QqGbbN2hN1 : 18.5420455 (0.03)%
             C2wN1_N4hN2zN1 : 18.5074037 (0.03)%
QqGbtC2hC1wN1_QqGbtC2wN2hN1 : 18.4711455 (0.03)%
             GbbN1_GbtC1wN1 : 18.3590889 (0.03)%
          GbbN4wC1wN1_GttN1 : 18.3589603 (0.03)%
       GbbN4wC1wN1_GbtC2wN1 : 18.2816843 (0.03)%
     GbtC2wN2hN1_QqGbbN2hN1 : 18.2494558 (0.03)%
     GbbN2hN1_QqGbtC2wN2hN1 : 18.2494558 (0.03)%
   QqGbtC1wN1_QqGttN3wC1wN1 : 18.1127382 (0.03)%
    GbtC2hC1wN1_GbtC2wN2zN1 : 18.0929910 (0.03)%
      QqC1wN1_QqGbtC2hC1wN1 : 18.0767456 (0.03)%
             N2zN1_N3wC1wN1 : 18.0558561 (0.03)%
           GbbN2hN1_QqC1wN1 : 17.8597894 (0.03)%
       GttN2hN1_GttN3wC1wN1 : 17.7096533 (0.03)%
        GbtC2zC1wN1_QqN2hN1 : 17.5644795 (0.03)%
        GbtC2wN2hN1_QqN2hN1 : 17.2873157 (0.02)%
     GbbN2hN1_QqGbtC2hC1wN1 : 17.2528433 (0.02)%
     GbtC2hC1wN1_QqGbbN2hN1 : 17.2528433 (0.02)%
       GttN3wC1wN1_GttN4hN1 : 16.8821913 (0.02)%
          GbbN3zN1_GbtC1wN1 : 16.6371567 (0.02)%
    GttN3wC1wN1_GttN3zN2hN1 : 16.4747740 (0.02)%
        GbtC1wN1_QqGttN3zN1 : 16.4316689 (0.02)%
        GttN3zN1_QqGbtC1wN1 : 16.4316689 (0.02)%
        GbtC2hC1wN1_QqN2hN1 : 16.3432461 (0.02)%
           GqqN1_QqGbtC1wN1 : 16.2808316 (0.02)%
           GbtC1wN1_QqGqqN1 : 16.2808316 (0.02)%
     GbtC1wN1_QqGttN4hN2hN1 : 16.1226968 (0.02)%
     GttN4hN2hN1_QqGbtC1wN1 : 16.1226968 (0.02)%
    GbbN3wC1wN1_GttN3wC1wN1 : 15.9652423 (0.02)%
   QqGbtC2zC1wN1_QqGqqC1wN1 : 15.8477929 (0.02)%
  GttN3wC1wN1_QqGttN3wC1wN1 : 15.7680534 (0.02)%
   QqGbtC2wN2hN1_QqGqqC1wN1 : 15.5977180 (0.02)%
QqGbtC2zC1wN1_QqGttN4wC1wN1 : 15.4108533 (0.02)%
       GbtC2wN2zN1_GqqC1wN1 : 15.2783903 (0.02)%
         QqC1wN1_QqGqqC1wN1 : 15.2646721 (0.02)%
    GbbN4wC1wN1_GttN3wC1wN1 : 15.2198755 (0.02)%
QqGbtC2wN2hN1_QqGttN4wC1wN1 : 15.1676732 (0.02)%
          GbbN2hN1_GttN3zN1 : 15.0978970 (0.02)%
             C2wN1_N3zN2zN1 : 15.0411605 (0.02)%
             C1wN1_N3zN2zN1 : 14.9954631 (0.02)%
      QqGbtC2zC1wN1_QqGttN1 : 14.9897379 (0.02)%
                   C2wN1_N1 : 14.9763815 (0.02)%
             GbbN2hN1_GqqN1 : 14.9593033 (0.02)%
   QqGbtC2wN1_QqGbtC2zC1wN1 : 14.9266435 (0.02)%
    GbtC2wN2zN1_GttN4wC1wN1 : 14.8571497 (0.02)%
      QqC1wN1_QqGttN4wC1wN1 : 14.8438097 (0.02)%
       GbbN2hN1_GttN4hN2hN1 : 14.8140045 (0.02)%
      QqGbtC2wN2hN1_QqGttN1 : 14.7532029 (0.02)%
   QqGbtC2hC1wN1_QqGqqC1wN1 : 14.7459182 (0.02)%
   QqGbtC2wN1_QqGbtC2wN2hN1 : 14.6911041 (0.02)%
------------------------------------------------------------
                                          SUM=90.02%
