/Users/rafalmaselek/Projects/fastlim-1.0
 
#################################################################
#                                                               #
#                                                               #
#                     This is Fastlim  ver. 1.0                 #
#                                                               #
#          A fast LHC limit calculator for BSM models.          #
#                                                               #
#                  http://cern.ch/fastlim-1.0/                  #
#                                                               #
#  for bugs/feature requests: fastlim-1.0.developers@gmail.com  #
#                                                               #
#    please refer to:                                           #
#    M.Papucci, K.Sakurai, A.Weiler, L.Zeune arXiv:1402.xxxx    #
#                                                               #
#################################################################
 

!! Masses incompatible with the data for ERER !!

!! Problem with reading tables for ER ER !! Probably mass outside the table !! Setting xsec to 10^-20 !!

!! Masses incompatible with the data for ELEL !!

!! Problem with reading tables for EL EL !! Probably mass outside the table !! Setting xsec to 10^-20 !!

!! Masses incompatible with the data for TAU1TAU1 !!

!! Problem with reading tables for TAU1 TAU1 !! Probably mass outside the table !! Setting xsec to 10^-20 !!

!! Masses incompatible with the data for TAU2TAU2 !!

!! Problem with reading tables for TAU2 TAU2 !! Probably mass outside the table !! Setting xsec to 10^-20 !!
!! EWK PROCESS C1C2 NOT FOUND !! WILL TRY TO LOOK FOR +/- MODES !!
XSEC FOUND FOR: C1-C2+
XSEC FOUND FOR: C1+C2-
!! EWK PROCESS C1N1 NOT FOUND !! WILL TRY TO LOOK FOR +/- MODES !!
XSEC FOUND FOR: C1+N1
XSEC FOUND FOR: C1-N1
!! EWK PROCESS C1N2 NOT FOUND !! WILL TRY TO LOOK FOR +/- MODES !!
XSEC FOUND FOR: C1+N2
XSEC FOUND FOR: C1-N2
!! EWK PROCESS C1N3 NOT FOUND !! WILL TRY TO LOOK FOR +/- MODES !!
XSEC FOUND FOR: C1+N3
XSEC FOUND FOR: C1-N3
!! EWK PROCESS C1N4 NOT FOUND !! WILL TRY TO LOOK FOR +/- MODES !!
XSEC FOUND FOR: C1+N4
XSEC FOUND FOR: C1-N4
!! EWK PROCESS C2N1 NOT FOUND !! WILL TRY TO LOOK FOR +/- MODES !!
XSEC FOUND FOR: C2+N1
XSEC FOUND FOR: C2-N1
!! EWK PROCESS C2N2 NOT FOUND !! WILL TRY TO LOOK FOR +/- MODES !!
XSEC FOUND FOR: C2+N2
XSEC FOUND FOR: C2-N2
!! EWK PROCESS C2N3 NOT FOUND !! WILL TRY TO LOOK FOR +/- MODES !!
XSEC FOUND FOR: C2+N3
XSEC FOUND FOR: C2-N3
!! EWK PROCESS C2N4 NOT FOUND !! WILL TRY TO LOOK FOR +/- MODES !!
XSEC FOUND FOR: C2+N4
XSEC FOUND FOR: C2-N4
---------------  Output inclusive processes  ---------------
The total xsec = 488701.61 [fb]
The total rate = 100.00%
Output upto 0.10%
            Modes : xsec/fb      (rate)
      C1wN1_N2zN1 : 110736.2584062 (22.66)%
      C1wN1_C1wN1 : 92238.0644208 (18.87)%
      C1wN1_N2hN1 : 73396.0545159 (15.02)%
GbtC1wN1_GqqC1wN1 : 23229.1728944 (4.75)%
   GqqC1wN1_GttN1 : 19221.8788179 (3.93)%
   GbtC1wN1_GttN1 : 15325.5474831 (3.14)%
GqqC1wN1_GqqC1wN1 : 14567.4517308 (2.98)%
GbtC1wN1_GbtC1wN1 : 9260.2756358 (1.89)%
   GqqC1wN1_GqqN1 : 9177.0957566 (1.88)%
GqqC1wN1_GqqN2zN1 : 8766.0972982 (1.79)%
   GbtC1wN1_GqqN1 : 7316.8714727 (1.50)%
GbtC1wN1_GqqN2zN1 : 6989.1836098 (1.43)%
      GttN1_GttN1 : 6340.8589250 (1.30)%
      GqqN1_GttN1 : 6054.6286953 (1.24)%
GqqC1wN1_GqqN2hN1 : 5810.1742324 (1.19)%
   GqqN2zN1_GttN1 : 5783.4706812 (1.18)%
GbbN2zN1_GqqC1wN1 : 5211.9962837 (1.07)%
GbtC1wN1_GqqN2hN1 : 4632.4348378 (0.95)%
GbbN2zN1_GbtC1wN1 : 4155.5093175 (0.85)%
   GqqN2hN1_GttN1 : 3833.2876288 (0.78)%
GbbN2hN1_GqqC1wN1 : 3454.5140759 (0.71)%
   GbbN2zN1_GttN1 : 3438.6371349 (0.70)%
   GqqN1_GqqN2zN1 : 2761.2006480 (0.57)%
GbbN2hN1_GbtC1wN1 : 2754.2739189 (0.56)%
   GbbN2hN1_GttN1 : 2279.1306320 (0.47)%
GqqC1wN1_GttN2zN1 : 1980.0295555 (0.41)%
   GqqN1_GqqN2hN1 : 1830.1253465 (0.37)%
GqqN2hN1_GqqN2zN1 : 1748.1627392 (0.36)%
   GbbN2zN1_GqqN1 : 1641.7074812 (0.34)%
GbtC1wN1_GttN2zN1 : 1578.6717448 (0.32)%
GbbN2zN1_GqqN2zN1 : 1568.1832137 (0.32)%
      GqqN1_GqqN1 : 1445.3297681 (0.30)%
GqqN2zN1_GqqN2zN1 : 1318.7698038 (0.27)%
GqqC1wN1_GttN2hN1 : 1312.3647059 (0.27)%
   GttN1_GttN2zN1 : 1306.3330799 (0.27)%
   GbbN1_GqqC1wN1 : 1304.8297073 (0.27)%
   GbbN2hN1_GqqN1 : 1088.1246443 (0.22)%
GbtC1wN1_GttN2hN1 : 1046.3445226 (0.21)%
   GbbN1_GbtC1wN1 : 1040.3368904 (0.21)%
GbbN2zN1_GqqN2hN1 : 1039.3927183 (0.21)%
GbbN2hN1_GqqN2zN1 : 1039.3927183 (0.21)%
   GttN1_GttN2hN1 : 865.8383020 (0.18)%
      GbbN1_GttN1 : 860.8670540 (0.18)%
GbbN2hN1_GqqN2hN1 : 688.9100798 (0.14)%
   GqqN1_GttN2zN1 : 623.6822049 (0.13)%
GbbN2hN1_GbbN2zN1 : 617.9843551 (0.13)%
GqqN2zN1_GttN2zN1 : 595.7504462 (0.12)%
GqqN2hN1_GqqN2hN1 : 579.3416247 (0.12)%
GbbN2zN1_GbbN2zN1 : 466.1917843 (0.10)%
------------------------------------------------------------
                                SUM=97.06%

SHOWING PROCESSES TO GET 90.00% SUSY COVERAGE
---------------  Output inclusive processes  ---------------
The total xsec = 488701.61 [fb]
The total rate = 100.00%
            Modes : xsec/fb      (rate)
      C1wN1_N2zN1 : 110736.2584062 (22.66)%
      C1wN1_C1wN1 : 92238.0644208 (18.87)%
      C1wN1_N2hN1 : 73396.0545159 (15.02)%
GbtC1wN1_GqqC1wN1 : 23229.1728944 (4.75)%
   GqqC1wN1_GttN1 : 19221.8788179 (3.93)%
   GbtC1wN1_GttN1 : 15325.5474831 (3.14)%
GqqC1wN1_GqqC1wN1 : 14567.4517308 (2.98)%
GbtC1wN1_GbtC1wN1 : 9260.2756358 (1.89)%
   GqqC1wN1_GqqN1 : 9177.0957566 (1.88)%
GqqC1wN1_GqqN2zN1 : 8766.0972982 (1.79)%
   GbtC1wN1_GqqN1 : 7316.8714727 (1.50)%
GbtC1wN1_GqqN2zN1 : 6989.1836098 (1.43)%
      GttN1_GttN1 : 6340.8589250 (1.30)%
      GqqN1_GttN1 : 6054.6286953 (1.24)%
GqqC1wN1_GqqN2hN1 : 5810.1742324 (1.19)%
   GqqN2zN1_GttN1 : 5783.4706812 (1.18)%
GbbN2zN1_GqqC1wN1 : 5211.9962837 (1.07)%
GbtC1wN1_GqqN2hN1 : 4632.4348378 (0.95)%
GbbN2zN1_GbtC1wN1 : 4155.5093175 (0.85)%
   GqqN2hN1_GttN1 : 3833.2876288 (0.78)%
GbbN2hN1_GqqC1wN1 : 3454.5140759 (0.71)%
   GbbN2zN1_GttN1 : 3438.6371349 (0.70)%
   GqqN1_GqqN2zN1 : 2761.2006480 (0.57)%
------------------------------------------------------------
                                SUM=90.38%
