/Users/rafalmaselek/Projects/fastlim-1.0
 
#################################################################
#                                                               #
#                                                               #
#                     This is Fastlim  ver. 1.0                 #
#                                                               #
#          A fast LHC limit calculator for BSM models.          #
#                                                               #
#                  http://cern.ch/fastlim-1.0/                  #
#                                                               #
#  for bugs/feature requests: fastlim-1.0.developers@gmail.com  #
#                                                               #
#    please refer to:                                           #
#    M.Papucci, K.Sakurai, A.Weiler, L.Zeune arXiv:1402.xxxx    #
#                                                               #
#################################################################
 

!! Masses incompatible with the data for ERER !!

!! Problem with reading tables for ER ER !! Probably mass outside the table !! Setting xsec to 10^-20 !!

!! Masses incompatible with the data for ELEL !!

!! Problem with reading tables for EL EL !! Probably mass outside the table !! Setting xsec to 10^-20 !!

!! Masses incompatible with the data for TAU1TAU1 !!

!! Problem with reading tables for TAU1 TAU1 !! Probably mass outside the table !! Setting xsec to 10^-20 !!

!! Masses incompatible with the data for TAU2TAU2 !!

!! Problem with reading tables for TAU2 TAU2 !! Probably mass outside the table !! Setting xsec to 10^-20 !!
!! EWK PROCESS C1C2 NOT FOUND !! WILL TRY TO LOOK FOR +/- MODES !!
XSEC FOUND FOR: C1-C2+
XSEC FOUND FOR: C1+C2-
!! EWK PROCESS C1N1 NOT FOUND !! WILL TRY TO LOOK FOR +/- MODES !!
XSEC FOUND FOR: C1+N1
XSEC FOUND FOR: C1-N1
!! EWK PROCESS C1N2 NOT FOUND !! WILL TRY TO LOOK FOR +/- MODES !!
XSEC FOUND FOR: C1+N2
XSEC FOUND FOR: C1-N2
!! EWK PROCESS C1N3 NOT FOUND !! WILL TRY TO LOOK FOR +/- MODES !!
XSEC FOUND FOR: C1+N3
XSEC FOUND FOR: C1-N3
!! EWK PROCESS C1N4 NOT FOUND !! WILL TRY TO LOOK FOR +/- MODES !!
XSEC FOUND FOR: C1+N4
XSEC FOUND FOR: C1-N4
!! EWK PROCESS C2N1 NOT FOUND !! WILL TRY TO LOOK FOR +/- MODES !!
XSEC FOUND FOR: C2+N1
XSEC FOUND FOR: C2-N1
!! EWK PROCESS C2N2 NOT FOUND !! WILL TRY TO LOOK FOR +/- MODES !!
XSEC FOUND FOR: C2+N2
XSEC FOUND FOR: C2-N2
!! EWK PROCESS C2N3 NOT FOUND !! WILL TRY TO LOOK FOR +/- MODES !!
XSEC FOUND FOR: C2+N3
XSEC FOUND FOR: C2-N3
!! EWK PROCESS C2N4 NOT FOUND !! WILL TRY TO LOOK FOR +/- MODES !!
XSEC FOUND FOR: C2+N4
XSEC FOUND FOR: C2-N4
---------------  Output inclusive processes  ---------------
The total xsec = 300747.12 [fb]
The total rate = 100.00%
Output upto 0.10%
               Modes : xsec/fb      (rate)
         C1wN1_N2hN1 : 118507.9920857 (39.40)%
         C1wN1_C1wN1 : 60489.6367197 (20.11)%
   GbtC1wN1_GqqC1wN1 : 8747.1220451 (2.91)%
      GqqC1wN1_GttN1 : 7945.4173739 (2.64)%
      GbtC1wN1_GttN1 : 6036.3697603 (2.01)%
   GqqC1wN1_GqqC1wN1 : 5756.7327905 (1.91)%
   GqqC1wN1_GqqN2hN1 : 5562.8059962 (1.85)%
   GbtC1wN1_GqqN2hN1 : 4226.2290724 (1.41)%
         C1wN1_N2zN1 : 4166.6619327 (1.39)%
      GqqN2hN1_GttN1 : 3838.8802311 (1.28)%
      GqqC1wN1_GqqN1 : 3552.0074302 (1.18)%
   GbtC1wN1_GbtC1wN1 : 3322.7243150 (1.10)%
   GbbN2hN1_GqqC1wN1 : 3317.5080149 (1.10)%
         GttN1_GttN1 : 2741.5575615 (0.91)%
      GbtC1wN1_GqqN1 : 2698.5656299 (0.90)%
   GbbN2hN1_GbtC1wN1 : 2520.4094534 (0.84)%
         GqqN1_GttN1 : 2451.2325459 (0.82)%
      GbbN2hN1_GttN1 : 2289.4050131 (0.76)%
      GqqN1_GqqN2hN1 : 1716.1755592 (0.57)%
   GbbN2hN1_GqqN2hN1 : 1602.8756370 (0.53)%
   GqqN2hN1_GqqN2hN1 : 1343.8530012 (0.45)%
   GqqC1wN1_GttN2hN1 : 1233.6164105 (0.41)%
      GbbN2hN1_GqqN1 : 1023.4809872 (0.34)%
 GqqC1wN1_QqGqqC1wN1 : 1007.0485869 (0.33)%
   GbtC1wN1_GttN2hN1 : 937.2150569 (0.31)%
      GttN1_GttN2hN1 : 851.3159823 (0.28)%
 GqqC1wN1_QqGbtC1wN1 : 765.0847465 (0.25)%
 GbtC1wN1_QqGqqC1wN1 : 765.0847465 (0.25)%
    GqqC1wN1_QqGttN1 : 694.9620236 (0.23)%
    GttN1_QqGqqC1wN1 : 694.9620236 (0.23)%
GbtC2hC1wN1_GqqC1wN1 : 685.0494410 (0.23)%
GbtC2zC1wN1_GqqC1wN1 : 680.7992875 (0.23)%
GbtC2wN2hN1_GqqC1wN1 : 675.6913982 (0.22)%
   GqqN2hN1_GttN2hN1 : 596.0298154 (0.20)%
 GbtC1wN1_QqGbtC1wN1 : 581.2576244 (0.19)%
      GbbN1_GqqC1wN1 : 556.2128242 (0.18)%
         GqqN1_GqqN1 : 547.9130804 (0.18)%
    GttN1_QqGbtC1wN1 : 527.9833074 (0.18)%
    GbtC1wN1_QqGttN1 : 527.9833074 (0.18)%
GbtC1wN1_GbtC2hC1wN1 : 520.4524238 (0.17)%
GbtC1wN1_GbtC2zC1wN1 : 517.2234558 (0.17)%
GbtC1wN1_GbtC2wN2hN1 : 513.3428404 (0.17)%
 GqqN2hN1_QqGqqC1wN1 : 486.5620936 (0.16)%
 GqqC1wN1_QqGqqN2hN1 : 486.5620936 (0.16)%
       GttN1_QqGttN1 : 479.5917700 (0.16)%
   GbbN2hN1_GbbN2hN1 : 477.9559791 (0.16)%
   GbtC2hC1wN1_GttN1 : 472.7511184 (0.16)%
   GbtC2zC1wN1_GttN1 : 469.8180968 (0.16)%
   GbtC2wN2hN1_GttN1 : 466.2931536 (0.16)%
      GbbN1_GbtC1wN1 : 422.5714162 (0.14)%
         GbbN1_GttN1 : 383.8412514 (0.13)%
      GqqN1_GttN2hN1 : 380.5817306 (0.13)%
 GqqN2hN1_QqGbtC1wN1 : 369.6556858 (0.12)%
 GbtC1wN1_QqGqqN2hN1 : 369.6556858 (0.12)%
   GbbN2hN1_GttN2hN1 : 355.4561657 (0.12)%
    GqqN2hN1_QqGttN1 : 335.7754348 (0.11)%
    GttN1_QqGqqN2hN1 : 335.7754348 (0.11)%
GbtC2hC1wN1_GqqN2hN1 : 330.9861059 (0.11)%
GbtC2zC1wN1_GqqN2hN1 : 328.9326165 (0.11)%
GbtC2wN2hN1_GqqN2hN1 : 326.4647065 (0.11)%
    GqqN1_QqGqqC1wN1 : 310.6835243 (0.10)%
    GqqC1wN1_QqGqqN1 : 310.6835243 (0.10)%
 GqqC1wN1_QqGbbN2hN1 : 290.1725579 (0.10)%
------------------------------------------------------------
                                   SUM=91.75%

SHOWING PROCESSES TO GET 90.00% SUSY COVERAGE
---------------  Output inclusive processes  ---------------
The total xsec = 300747.12 [fb]
The total rate = 100.00%
               Modes : xsec/fb      (rate)
         C1wN1_N2hN1 : 118507.9920857 (39.40)%
         C1wN1_C1wN1 : 60489.6367197 (20.11)%
   GbtC1wN1_GqqC1wN1 : 8747.1220451 (2.91)%
      GqqC1wN1_GttN1 : 7945.4173739 (2.64)%
      GbtC1wN1_GttN1 : 6036.3697603 (2.01)%
   GqqC1wN1_GqqC1wN1 : 5756.7327905 (1.91)%
   GqqC1wN1_GqqN2hN1 : 5562.8059962 (1.85)%
   GbtC1wN1_GqqN2hN1 : 4226.2290724 (1.41)%
         C1wN1_N2zN1 : 4166.6619327 (1.39)%
      GqqN2hN1_GttN1 : 3838.8802311 (1.28)%
      GqqC1wN1_GqqN1 : 3552.0074302 (1.18)%
   GbtC1wN1_GbtC1wN1 : 3322.7243150 (1.10)%
   GbbN2hN1_GqqC1wN1 : 3317.5080149 (1.10)%
         GttN1_GttN1 : 2741.5575615 (0.91)%
      GbtC1wN1_GqqN1 : 2698.5656299 (0.90)%
   GbbN2hN1_GbtC1wN1 : 2520.4094534 (0.84)%
         GqqN1_GttN1 : 2451.2325459 (0.82)%
      GbbN2hN1_GttN1 : 2289.4050131 (0.76)%
      GqqN1_GqqN2hN1 : 1716.1755592 (0.57)%
   GbbN2hN1_GqqN2hN1 : 1602.8756370 (0.53)%
   GqqN2hN1_GqqN2hN1 : 1343.8530012 (0.45)%
   GqqC1wN1_GttN2hN1 : 1233.6164105 (0.41)%
      GbbN2hN1_GqqN1 : 1023.4809872 (0.34)%
 GqqC1wN1_QqGqqC1wN1 : 1007.0485869 (0.33)%
   GbtC1wN1_GttN2hN1 : 937.2150569 (0.31)%
      GttN1_GttN2hN1 : 851.3159823 (0.28)%
 GqqC1wN1_QqGbtC1wN1 : 765.0847465 (0.25)%
 GbtC1wN1_QqGqqC1wN1 : 765.0847465 (0.25)%
    GqqC1wN1_QqGttN1 : 694.9620236 (0.23)%
    GttN1_QqGqqC1wN1 : 694.9620236 (0.23)%
GbtC2hC1wN1_GqqC1wN1 : 685.0494410 (0.23)%
GbtC2zC1wN1_GqqC1wN1 : 680.7992875 (0.23)%
GbtC2wN2hN1_GqqC1wN1 : 675.6913982 (0.22)%
   GqqN2hN1_GttN2hN1 : 596.0298154 (0.20)%
 GbtC1wN1_QqGbtC1wN1 : 581.2576244 (0.19)%
      GbbN1_GqqC1wN1 : 556.2128242 (0.18)%
         GqqN1_GqqN1 : 547.9130804 (0.18)%
    GttN1_QqGbtC1wN1 : 527.9833074 (0.18)%
    GbtC1wN1_QqGttN1 : 527.9833074 (0.18)%
GbtC1wN1_GbtC2hC1wN1 : 520.4524238 (0.17)%
GbtC1wN1_GbtC2zC1wN1 : 517.2234558 (0.17)%
GbtC1wN1_GbtC2wN2hN1 : 513.3428404 (0.17)%
 GqqN2hN1_QqGqqC1wN1 : 486.5620936 (0.16)%
 GqqC1wN1_QqGqqN2hN1 : 486.5620936 (0.16)%
       GttN1_QqGttN1 : 479.5917700 (0.16)%
   GbbN2hN1_GbbN2hN1 : 477.9559791 (0.16)%
   GbtC2hC1wN1_GttN1 : 472.7511184 (0.16)%
   GbtC2zC1wN1_GttN1 : 469.8180968 (0.16)%
   GbtC2wN2hN1_GttN1 : 466.2931536 (0.16)%
------------------------------------------------------------
                                   SUM=90.13%
