/Users/rafalmaselek/Projects/fastlim-1.0
 
#################################################################
#                                                               #
#                                                               #
#                     This is Fastlim  ver. 1.0                 #
#                                                               #
#          A fast LHC limit calculator for BSM models.          #
#                                                               #
#                  http://cern.ch/fastlim-1.0/                  #
#                                                               #
#  for bugs/feature requests: fastlim-1.0.developers@gmail.com  #
#                                                               #
#    please refer to:                                           #
#    M.Papucci, K.Sakurai, A.Weiler, L.Zeune arXiv:1402.xxxx    #
#                                                               #
#################################################################
 

!! Masses incompatible with the data for ERER !!

!! Problem with reading tables for ER ER !! Probably mass outside the table !! Setting xsec to 10^-20 !!

!! Masses incompatible with the data for ELEL !!

!! Problem with reading tables for EL EL !! Probably mass outside the table !! Setting xsec to 10^-20 !!

!! Masses incompatible with the data for TAU1TAU1 !!

!! Problem with reading tables for TAU1 TAU1 !! Probably mass outside the table !! Setting xsec to 10^-20 !!

!! Masses incompatible with the data for TAU2TAU2 !!

!! Problem with reading tables for TAU2 TAU2 !! Probably mass outside the table !! Setting xsec to 10^-20 !!
!! EWK PROCESS C1C2 NOT FOUND !! WILL TRY TO LOOK FOR +/- MODES !!
XSEC FOUND FOR: C1-C2+
XSEC FOUND FOR: C1+C2-
!! EWK PROCESS C1N1 NOT FOUND !! WILL TRY TO LOOK FOR +/- MODES !!
XSEC FOUND FOR: C1+N1
XSEC FOUND FOR: C1-N1
!! EWK PROCESS C1N2 NOT FOUND !! WILL TRY TO LOOK FOR +/- MODES !!
XSEC FOUND FOR: C1+N2
XSEC FOUND FOR: C1-N2
!! EWK PROCESS C1N3 NOT FOUND !! WILL TRY TO LOOK FOR +/- MODES !!
XSEC FOUND FOR: C1+N3
XSEC FOUND FOR: C1-N3
!! EWK PROCESS C1N4 NOT FOUND !! WILL TRY TO LOOK FOR +/- MODES !!
XSEC FOUND FOR: C1+N4
XSEC FOUND FOR: C1-N4
!! EWK PROCESS C2N1 NOT FOUND !! WILL TRY TO LOOK FOR +/- MODES !!
XSEC FOUND FOR: C2+N1
XSEC FOUND FOR: C2-N1
!! EWK PROCESS C2N2 NOT FOUND !! WILL TRY TO LOOK FOR +/- MODES !!
XSEC FOUND FOR: C2+N2
XSEC FOUND FOR: C2-N2
!! EWK PROCESS C2N3 NOT FOUND !! WILL TRY TO LOOK FOR +/- MODES !!
XSEC FOUND FOR: C2+N3
XSEC FOUND FOR: C2-N3
!! EWK PROCESS C2N4 NOT FOUND !! WILL TRY TO LOOK FOR +/- MODES !!
XSEC FOUND FOR: C2+N4
XSEC FOUND FOR: C2-N4
---------------  Output inclusive processes  ---------------
The total xsec = 1596.62 [fb]
The total rate = 100.00%
Output upto 0.10%
                  Modes : xsec/fb      (rate)
            C1wN1_N2hN1 : 682.5219561 (42.75)%
            C1wN1_C1wN1 : 384.9833931 (24.11)%
            C1wN1_N2zN1 : 86.8913201 (5.44)%
        QqC1wN1_QqC1wN1 : 39.9895441 (2.50)%
        QqC1wN1_QqN2hN1 : 35.5686187 (2.23)%
                  N1_N1 : 11.5945905 (0.73)%
        QqN2hN1_QqN2hN1 : 7.9091089 (0.50)%
            N2hN1_N2hN1 : 5.0573065 (0.32)%
        QqC1wN1_QqN2zN1 : 4.5282122 (0.28)%
      C2hC1wN1_N3wC1wN1 : 4.3651143 (0.27)%
      C2hC1wN1_N4wC1wN1 : 4.1650108 (0.26)%
     GtT1bC1wN1_QqC1wN1 : 3.9248029 (0.25)%
      C2zC1wN1_N3wC1wN1 : 3.8223061 (0.24)%
      N3wC1wN1_N4wC1wN1 : 3.6705338 (0.23)%
      C2zC1wN1_N4wC1wN1 : 3.6470858 (0.23)%
      C2wN2hN1_N3wC1wN1 : 3.3480217 (0.21)%
  GtT1tN3wC1wN1_QqC1wN1 : 3.3411947 (0.21)%
   QqC1wN1_QqGtT1bC1wN1 : 3.2527397 (0.20)%
      C2wN2hN1_N4wC1wN1 : 3.1945433 (0.20)%
               C1wN1_N1 : 2.9177043 (0.18)%
QqC1wN1_QqGtT1tN3wC1wN1 : 2.7690656 (0.17)%
      C2hC1wN1_C2zC1wN1 : 2.5943354 (0.16)%
  GtT1bC2hC1wN1_QqC1wN1 : 2.5922823 (0.16)%
      C2hC1wN1_C2wN2hN1 : 2.2724217 (0.14)%
  GtT1bC2zC1wN1_QqC1wN1 : 2.2699283 (0.14)%
     GbB1tC1wN1_QqC1wN1 : 2.2104997 (0.14)%
QqC1wN1_QqGtT1bC2hC1wN1 : 2.1483931 (0.13)%
      C2hC1wN1_N4hN2hN1 : 2.0526029 (0.13)%
        QqN2hN1_QqN2zN1 : 2.0138046 (0.13)%
      C2wN2hN1_C2zC1wN1 : 1.9898428 (0.12)%
  GtT1bC2wN2hN1_QqC1wN1 : 1.9882681 (0.12)%
QqC1wN1_QqGtT1bC2zC1wN1 : 1.8812374 (0.12)%
      C2hC1wN1_N3zN2hN1 : 1.8617949 (0.12)%
   QqC1wN1_QqGbB1tC1wN1 : 1.8319850 (0.11)%
      N3wC1wN1_N4hN2hN1 : 1.8089145 (0.11)%
      C2zC1wN1_N4hN2hN1 : 1.7973588 (0.11)%
           QqC1wN1_QqN1 : 1.7785326 (0.11)%
         C2wN1_N3wC1wN1 : 1.7562060 (0.11)%
     GtT1bC1wN1_QqN2hN1 : 1.7454540 (0.11)%
  GtT2tN4wC1wN1_QqC1wN1 : 1.7361841 (0.11)%
         C2wN1_N4wC1wN1 : 1.6756988 (0.10)%
     GtT1tN2hN1_QqC1wN1 : 1.6528247 (0.10)%
QqC1wN1_QqGtT1bC2wN2hN1 : 1.6478072 (0.10)%
      C2zC1wN1_N3zN2hN1 : 1.6302781 (0.10)%
  GtT1tN4wC1wN1_QqC1wN1 : 1.5965094 (0.10)%
------------------------------------------------------------
                                      SUM=84.43%

SHOWING PROCESSES TO GET 90.00% SUSY COVERAGE
---------------  Output inclusive processes  ---------------
The total xsec = 1596.62 [fb]
The total rate = 100.00%
                  Modes : xsec/fb      (rate)
            C1wN1_N2hN1 : 682.5219561 (42.75)%
            C1wN1_C1wN1 : 384.9833931 (24.11)%
            C1wN1_N2zN1 : 86.8913201 (5.44)%
        QqC1wN1_QqC1wN1 : 39.9895441 (2.50)%
        QqC1wN1_QqN2hN1 : 35.5686187 (2.23)%
                  N1_N1 : 11.5945905 (0.73)%
        QqN2hN1_QqN2hN1 : 7.9091089 (0.50)%
            N2hN1_N2hN1 : 5.0573065 (0.32)%
        QqC1wN1_QqN2zN1 : 4.5282122 (0.28)%
      C2hC1wN1_N3wC1wN1 : 4.3651143 (0.27)%
      C2hC1wN1_N4wC1wN1 : 4.1650108 (0.26)%
     GtT1bC1wN1_QqC1wN1 : 3.9248029 (0.25)%
      C2zC1wN1_N3wC1wN1 : 3.8223061 (0.24)%
      N3wC1wN1_N4wC1wN1 : 3.6705338 (0.23)%
      C2zC1wN1_N4wC1wN1 : 3.6470858 (0.23)%
      C2wN2hN1_N3wC1wN1 : 3.3480217 (0.21)%
  GtT1tN3wC1wN1_QqC1wN1 : 3.3411947 (0.21)%
   QqC1wN1_QqGtT1bC1wN1 : 3.2527397 (0.20)%
      C2wN2hN1_N4wC1wN1 : 3.1945433 (0.20)%
               C1wN1_N1 : 2.9177043 (0.18)%
QqC1wN1_QqGtT1tN3wC1wN1 : 2.7690656 (0.17)%
      C2hC1wN1_C2zC1wN1 : 2.5943354 (0.16)%
  GtT1bC2hC1wN1_QqC1wN1 : 2.5922823 (0.16)%
      C2hC1wN1_C2wN2hN1 : 2.2724217 (0.14)%
  GtT1bC2zC1wN1_QqC1wN1 : 2.2699283 (0.14)%
     GbB1tC1wN1_QqC1wN1 : 2.2104997 (0.14)%
QqC1wN1_QqGtT1bC2hC1wN1 : 2.1483931 (0.13)%
      C2hC1wN1_N4hN2hN1 : 2.0526029 (0.13)%
        QqN2hN1_QqN2zN1 : 2.0138046 (0.13)%
      C2wN2hN1_C2zC1wN1 : 1.9898428 (0.12)%
  GtT1bC2wN2hN1_QqC1wN1 : 1.9882681 (0.12)%
QqC1wN1_QqGtT1bC2zC1wN1 : 1.8812374 (0.12)%
      C2hC1wN1_N3zN2hN1 : 1.8617949 (0.12)%
   QqC1wN1_QqGbB1tC1wN1 : 1.8319850 (0.11)%
      N3wC1wN1_N4hN2hN1 : 1.8089145 (0.11)%
      C2zC1wN1_N4hN2hN1 : 1.7973588 (0.11)%
           QqC1wN1_QqN1 : 1.7785326 (0.11)%
         C2wN1_N3wC1wN1 : 1.7562060 (0.11)%
     GtT1bC1wN1_QqN2hN1 : 1.7454540 (0.11)%
  GtT2tN4wC1wN1_QqC1wN1 : 1.7361841 (0.11)%
         C2wN1_N4wC1wN1 : 1.6756988 (0.10)%
     GtT1tN2hN1_QqC1wN1 : 1.6528247 (0.10)%
QqC1wN1_QqGtT1bC2wN2hN1 : 1.6478072 (0.10)%
      C2zC1wN1_N3zN2hN1 : 1.6302781 (0.10)%
  GtT1tN4wC1wN1_QqC1wN1 : 1.5965094 (0.10)%
  GbB1tC2hC1wN1_QqC1wN1 : 1.5753023 (0.10)%
      C2wN2hN1_N4hN2hN1 : 1.5743366 (0.10)%
      N3zN2hN1_N4wC1wN1 : 1.5655447 (0.10)%
  GtT1tN3wC1wN1_QqN2hN1 : 1.4859094 (0.09)%
      C2hC1wN1_C2hC1wN1 : 1.4813793 (0.09)%
   QqGtT1bC1wN1_QqN2hN1 : 1.4465713 (0.09)%
QqC1wN1_QqGtT2tN4wC1wN1 : 1.4388888 (0.09)%
      C2wN2hN1_N3zN2hN1 : 1.4279878 (0.09)%
  GtT1tN3zN2hN1_QqC1wN1 : 1.4250760 (0.09)%
        GtT1tN1_QqC1wN1 : 1.4139753 (0.09)%
  GbB1tC2zC1wN1_QqC1wN1 : 1.3794112 (0.09)%
   QqC1wN1_QqGtT1tN2hN1 : 1.3698035 (0.09)%
QqC1wN1_QqGtT1tN4wC1wN1 : 1.3231312 (0.08)%
QqC1wN1_QqGbB1tC2hC1wN1 : 1.3055556 (0.08)%
            N2hN1_N2zN1 : 1.2876832 (0.08)%
  GbB2tC2hC1wN1_QqC1wN1 : 1.2786517 (0.08)%
QqGtT1tN3wC1wN1_QqN2hN1 : 1.2314699 (0.08)%
  GtT2tN3wC1wN1_QqC1wN1 : 1.2237070 (0.08)%
  GbB1tC2wN2hN1_QqC1wN1 : 1.2082493 (0.08)%
         C2hC1wN1_C2wN1 : 1.1919996 (0.07)%
QqC1wN1_QqGtT1tN3zN2hN1 : 1.1810532 (0.07)%
      QqC1wN1_QqGtT1tN1 : 1.1718534 (0.07)%
  GtT1bC2hC1wN1_QqN2hN1 : 1.1528501 (0.07)%
QqC1wN1_QqGbB1tC2zC1wN1 : 1.1432079 (0.07)%
      C2zC1wN1_C2zC1wN1 : 1.1358630 (0.07)%
  GbB2tC2zC1wN1_QqC1wN1 : 1.1196495 (0.07)%
               N1_N2hN1 : 1.0937206 (0.07)%
  GtT2bC2hC1wN1_QqC1wN1 : 1.0774449 (0.07)%
QqC1wN1_QqGbB2tC2hC1wN1 : 1.0597019 (0.07)%
         C2wN1_C2zC1wN1 : 1.0437727 (0.07)%
     GtT1bC2wN1_QqC1wN1 : 1.0429467 (0.07)%
     GbB1bN2hN1_QqC1wN1 : 1.0345122 (0.06)%
QqC1wN1_QqGtT2tN3wC1wN1 : 1.0141657 (0.06)%
  GtT1bC2zC1wN1_QqN2hN1 : 1.0094916 (0.06)%
QqC1wN1_QqGbB1tC2wN2hN1 : 1.0013549 (0.06)%
     GbB1tC1wN1_QqN2hN1 : 0.9830622 (0.06)%
  GbB2tC2wN2hN1_QqC1wN1 : 0.9807197 (0.06)%
  GbB1bN3wC1wN1_QqC1wN1 : 0.9720427 (0.06)%
QqGtT1bC2hC1wN1_QqN2hN1 : 0.9554419 (0.06)%
  GtT2bC2zC1wN1_QqC1wN1 : 0.9434631 (0.06)%
QqC1wN1_QqGbB2tC2zC1wN1 : 0.9279265 (0.06)%
         C2wN1_C2wN2hN1 : 0.9142580 (0.06)%
QqC1wN1_QqGtT2bC2hC1wN1 : 0.8929487 (0.06)%
  GtT1bC2wN2hN1_QqN2hN1 : 0.8842305 (0.06)%
      C2wN2hN1_C2wN2hN1 : 0.8714683 (0.05)%
         C2hC1wN1_N3zN1 : 0.8686888 (0.05)%
  GbB1bN4wC1wN1_QqC1wN1 : 0.8656298 (0.05)%
   QqC1wN1_QqGtT1bC2wN1 : 0.8643579 (0.05)%
   QqC1wN1_QqGbB1bN2hN1 : 0.8573676 (0.05)%
  GtT2tN4hN2hN1_QqC1wN1 : 0.8556272 (0.05)%
QqGtT1bC2zC1wN1_QqN2hN1 : 0.8366314 (0.05)%
  GtT2bC2wN2hN1_QqC1wN1 : 0.8263951 (0.05)%
         C2hC1wN1_N4hN1 : 0.8258922 (0.05)%
         C2wN1_N4hN2hN1 : 0.8258188 (0.05)%
   QqGbB1tC1wN1_QqN2hN1 : 0.8147277 (0.05)%
QqC1wN1_QqGbB2tC2wN2hN1 : 0.8127863 (0.05)%
  GbB2bN3wC1wN1_QqC1wN1 : 0.8097600 (0.05)%
QqC1wN1_QqGbB1bN3wC1wN1 : 0.8055951 (0.05)%
  GbB2bN4wC1wN1_QqC1wN1 : 0.7981687 (0.05)%
           QqN1_QqN2hN1 : 0.7909561 (0.05)%
  GtT1tN4hN2hN1_QqC1wN1 : 0.7867926 (0.05)%
QqC1wN1_QqGtT2bC2zC1wN1 : 0.7819093 (0.05)%
  GtT2tN4wC1wN1_QqN2hN1 : 0.7721227 (0.05)%
      N3zN2hN1_N4hN2hN1 : 0.7715326 (0.05)%
         C2zC1wN1_N3zN1 : 0.7606661 (0.05)%
         C2wN1_N3zN2hN1 : 0.7490515 (0.05)%
     GtT1tN2hN1_QqN2hN1 : 0.7350508 (0.05)%
QqGtT1bC2wN2hN1_QqN2hN1 : 0.7328194 (0.05)%
         N3zN1_N4wC1wN1 : 0.7304623 (0.05)%
         N3wC1wN1_N4hN1 : 0.7278409 (0.05)%
         C2zC1wN1_N4hN1 : 0.7231913 (0.05)%
QqC1wN1_QqGbB1bN4wC1wN1 : 0.7174038 (0.04)%
  GtT1tN4wC1wN1_QqN2hN1 : 0.7100060 (0.04)%
QqC1wN1_QqGtT2tN4hN2hN1 : 0.7091140 (0.04)%
  GbB1tC2hC1wN1_QqN2hN1 : 0.7005747 (0.04)%
QqC1wN1_QqGtT2bC2wN2hN1 : 0.6848874 (0.04)%
QqC1wN1_QqGbB2bN3wC1wN1 : 0.6711008 (0.04)%
         C2wN2hN1_N3zN1 : 0.6662801 (0.04)%
     GtT1tN3zN1_QqC1wN1 : 0.6649215 (0.04)%
   T1bC1wN1_T1tN3wC1wN1 : 0.6624598 (0.04)%
QqC1wN1_QqGbB2bN4wC1wN1 : 0.6614944 (0.04)%
QqC1wN1_QqGtT1tN4hN2hN1 : 0.6520663 (0.04)%
QqGtT2tN4wC1wN1_QqN2hN1 : 0.6399084 (0.04)%
     GbB1tC2wN1_QqC1wN1 : 0.6337876 (0.04)%
  GtT1tN3zN2hN1_QqN2hN1 : 0.6337655 (0.04)%
         C2wN2hN1_N4hN1 : 0.6334554 (0.04)%
        GtT1tN1_QqN2hN1 : 0.6288287 (0.04)%
  GbB1tC2zC1wN1_QqN2hN1 : 0.6134573 (0.04)%
   QqGtT1tN2hN1_QqN2hN1 : 0.6091844 (0.04)%
     GtT2bC1wN1_QqC1wN1 : 0.6016488 (0.04)%
QqGtT1tN4wC1wN1_QqN2hN1 : 0.5884282 (0.04)%
QqGbB1tC2hC1wN1_QqN2hN1 : 0.5806119 (0.04)%
  GbB2tC2hC1wN1_QqN2hN1 : 0.5686471 (0.04)%
   QqC1wN1_QqGtT1tN3zN1 : 0.5510637 (0.03)%
  GtT2tN3wC1wN1_QqN2hN1 : 0.5442119 (0.03)%
------------------------------------------------------------
                                      SUM=90.02%
