/Users/rafalmaselek/Projects/fastlim-1.0
 
#################################################################
#                                                               #
#                                                               #
#                     This is Fastlim  ver. 1.0                 #
#                                                               #
#          A fast LHC limit calculator for BSM models.          #
#                                                               #
#                  http://cern.ch/fastlim-1.0/                  #
#                                                               #
#  for bugs/feature requests: fastlim-1.0.developers@gmail.com  #
#                                                               #
#    please refer to:                                           #
#    M.Papucci, K.Sakurai, A.Weiler, L.Zeune arXiv:1402.xxxx    #
#                                                               #
#################################################################
 

!! Masses incompatible with the data for ERER !!

!! Problem with reading tables for ER ER !! Probably mass outside the table !! Setting xsec to 10^-20 !!

!! Masses incompatible with the data for ELEL !!

!! Problem with reading tables for EL EL !! Probably mass outside the table !! Setting xsec to 10^-20 !!

!! Masses incompatible with the data for TAU1TAU1 !!

!! Problem with reading tables for TAU1 TAU1 !! Probably mass outside the table !! Setting xsec to 10^-20 !!

!! Masses incompatible with the data for TAU2TAU2 !!

!! Problem with reading tables for TAU2 TAU2 !! Probably mass outside the table !! Setting xsec to 10^-20 !!
!! EWK PROCESS C1C2 NOT FOUND !! WILL TRY TO LOOK FOR +/- MODES !!
XSEC FOUND FOR: C1-C2+
XSEC FOUND FOR: C1+C2-
!! EWK PROCESS C1N1 NOT FOUND !! WILL TRY TO LOOK FOR +/- MODES !!
XSEC FOUND FOR: C1+N1
XSEC FOUND FOR: C1-N1
!! EWK PROCESS C1N2 NOT FOUND !! WILL TRY TO LOOK FOR +/- MODES !!
XSEC FOUND FOR: C1+N2
XSEC FOUND FOR: C1-N2
!! EWK PROCESS C1N3 NOT FOUND !! WILL TRY TO LOOK FOR +/- MODES !!
XSEC FOUND FOR: C1+N3
XSEC FOUND FOR: C1-N3
!! EWK PROCESS C1N4 NOT FOUND !! WILL TRY TO LOOK FOR +/- MODES !!
XSEC FOUND FOR: C1+N4
XSEC FOUND FOR: C1-N4
!! EWK PROCESS C2N1 NOT FOUND !! WILL TRY TO LOOK FOR +/- MODES !!
XSEC FOUND FOR: C2+N1
XSEC FOUND FOR: C2-N1
!! EWK PROCESS C2N2 NOT FOUND !! WILL TRY TO LOOK FOR +/- MODES !!
XSEC FOUND FOR: C2+N2
XSEC FOUND FOR: C2-N2
!! EWK PROCESS C2N3 NOT FOUND !! WILL TRY TO LOOK FOR +/- MODES !!
XSEC FOUND FOR: C2+N3
XSEC FOUND FOR: C2-N3
!! EWK PROCESS C2N4 NOT FOUND !! WILL TRY TO LOOK FOR +/- MODES !!
XSEC FOUND FOR: C2+N4
XSEC FOUND FOR: C2-N4
---------------  Output inclusive processes  ---------------
The total xsec = 41273.10 [fb]
The total rate = 100.00%
Output upto 0.10%
                    Modes : xsec/fb      (rate)
              C1wN1_N2hN1 : 6127.5915806 (14.85)%
          QqC1wN1_QqC1wN1 : 5523.9967175 (13.38)%
          QqC1wN1_QqN2hN1 : 5062.2740101 (12.27)%
              C1wN1_C1wN1 : 3265.8698912 (7.91)%
          QqN2hN1_QqN2hN1 : 1159.7860871 (2.81)%
           GqQqN1_QqC1wN1 : 689.1627284 (1.67)%
       GtT1bC1wN1_QqC1wN1 : 654.6034007 (1.59)%
              C1wN1_N2zN1 : 602.0737517 (1.46)%
          QqC1wN1_QqN2zN1 : 497.3997149 (1.21)%
    GtT1tN3wC1wN1_QqC1wN1 : 397.3824386 (0.96)%
       GbB1tC1wN1_QqC1wN1 : 358.4769841 (0.87)%
           GqQqN1_QqN2hN1 : 315.7795657 (0.77)%
       GtT1bC1wN1_QqN2hN1 : 299.9442208 (0.73)%
    GtT2tN4wC1wN1_QqC1wN1 : 286.8630740 (0.70)%
       GtT1tN2hN1_QqC1wN1 : 267.6553495 (0.65)%
             QqC1wN1_QqN1 : 265.8134635 (0.64)%
    GbB1tC2hC1wN1_QqC1wN1 : 228.3242654 (0.55)%
          QqN2hN1_QqN2zN1 : 227.9123050 (0.55)%
    GbB1tC2zC1wN1_QqC1wN1 : 216.8929026 (0.53)%
    GtT1bC2hC1wN1_QqC1wN1 : 213.1994055 (0.52)%
    GtT1bC2zC1wN1_QqC1wN1 : 202.5252892 (0.49)%
    GbB1tC2wN2hN1_QqC1wN1 : 202.4383996 (0.49)%
    GtT1bC2wN2hN1_QqC1wN1 : 189.0282944 (0.46)%
    GtT1tN3wC1wN1_QqN2hN1 : 182.0836338 (0.44)%
    GbB2tC2hC1wN1_QqC1wN1 : 178.4033283 (0.43)%
       GbB1bN2hN1_QqC1wN1 : 176.2249479 (0.43)%
    GtT1tN3zN2hN1_QqC1wN1 : 169.6745082 (0.41)%
    GbB2tC2zC1wN1_QqC1wN1 : 169.4713246 (0.41)%
       GbB1tC1wN1_QqN2hN1 : 164.2568608 (0.40)%
    GtT2tN3wC1wN1_QqC1wN1 : 160.1811852 (0.39)%
    GbB2tC2wN2hN1_QqC1wN1 : 158.1771618 (0.38)%
    GtT2bC2hC1wN1_QqC1wN1 : 143.9689435 (0.35)%
    GtT2bC2zC1wN1_QqC1wN1 : 136.7609439 (0.33)%
    GtT2tN4wC1wN1_QqN2hN1 : 131.4428265 (0.32)%
    GtT2tN4hN2hN1_QqC1wN1 : 130.7738166 (0.32)%
    GtT2bC2wN2hN1_QqC1wN1 : 127.6467154 (0.31)%
    GtT1tN4wC1wN1_QqC1wN1 : 126.4930727 (0.31)%
       GtT1tN2hN1_QqN2hN1 : 122.6417021 (0.30)%
             QqN1_QqN2hN1 : 121.7977360 (0.30)%
    GbB1bN3wC1wN1_QqC1wN1 : 114.7627384 (0.28)%
       QqC1wN1_QqC2hC1wN1 : 109.8859188 (0.27)%
    GbB1tC2hC1wN1_QqN2hN1 : 104.6199024 (0.25)%
       QqC1wN1_QqC2zC1wN1 : 104.3843318 (0.25)%
       GbB1tC2wN1_QqC1wN1 : 102.7205714 (0.25)%
    GbB1tC2zC1wN1_QqN2hN1 : 99.3819656 (0.24)%
                    N1_N1 : 99.0390588 (0.24)%
    GbB2bN4wC1wN1_QqC1wN1 : 98.9905994 (0.24)%
    GtT1bC2hC1wN1_QqN2hN1 : 97.6895774 (0.24)%
       QqC1wN1_QqC2wN2hN1 : 97.4277942 (0.24)%
       GtT1bC2wN1_QqC1wN1 : 95.9160635 (0.23)%
    GtT1bC2zC1wN1_QqN2hN1 : 92.7986167 (0.22)%
    GbB1tC2wN2hN1_QqN2hN1 : 92.7588032 (0.22)%
       GtT1tN3zN1_QqC1wN1 : 91.8177718 (0.22)%
    GbB1bN4wC1wN1_QqC1wN1 : 90.9381293 (0.22)%
    GbB2bN3wC1wN1_QqC1wN1 : 90.8548870 (0.22)%
          GtT1tN1_QqC1wN1 : 88.5594169 (0.21)%
    GtT1bC2wN2hN1_QqN2hN1 : 86.6141917 (0.21)%
       QqC1wN1_QqN4wC1wN1 : 82.9942976 (0.20)%
    GbB2tC2hC1wN1_QqN2hN1 : 81.7457521 (0.20)%
       GbB1bN2hN1_QqN2hN1 : 80.7476017 (0.20)%
       GbB2tC2wN1_QqC1wN1 : 80.2616918 (0.19)%
    GtT1tN3zN2hN1_QqN2hN1 : 77.7461408 (0.19)%
    GbB2tC2zC1wN1_QqN2hN1 : 77.6530405 (0.19)%
    GtT2tN3wC1wN1_QqN2hN1 : 73.3962285 (0.18)%
        C2hC1wN1_N4wC1wN1 : 73.0776858 (0.18)%
        C2hC1wN1_N3wC1wN1 : 72.8396376 (0.18)%
    GbB2tC2wN2hN1_QqN2hN1 : 72.4779698 (0.18)%
              N2hN1_N2hN1 : 69.7075271 (0.17)%
        C2zC1wN1_N4wC1wN1 : 69.4189527 (0.17)%
        C2zC1wN1_N3wC1wN1 : 69.1928227 (0.17)%
    GtT2tN3zN2hN1_QqC1wN1 : 68.3942248 (0.17)%
    GtT2bC2hC1wN1_QqN2hN1 : 65.9676570 (0.16)%
        C2wN2hN1_N4wC1wN1 : 64.7926305 (0.16)%
       GtT2bC2wN1_QqC1wN1 : 64.7700415 (0.16)%
        C2wN2hN1_N3wC1wN1 : 64.5815706 (0.16)%
        N3wC1wN1_N4wC1wN1 : 63.8112898 (0.15)%
    GtT2bC2zC1wN1_QqN2hN1 : 62.6648971 (0.15)%
GtT1tN3taTAU1taN1_QqC1wN1 : 62.1954283 (0.15)%
    GtT2tN4hN2hN1_QqN2hN1 : 59.9215502 (0.15)%
       GtT2tN4hN1_QqC1wN1 : 59.7579445 (0.14)%
    GtT2bC2wN2hN1_QqN2hN1 : 58.4886888 (0.14)%
    GtT1tN4wC1wN1_QqN2hN1 : 57.9600810 (0.14)%
    GtT1tN4hN2hN1_QqC1wN1 : 57.6650792 (0.14)%
 GbB1tC2nTAU1taN1_QqC1wN1 : 55.5570338 (0.13)%
          GtT2tN1_QqC1wN1 : 55.2324700 (0.13)%
       GbB2tC1wN1_QqC1wN1 : 53.9941942 (0.13)%
    GbB1bN3wC1wN1_QqN2hN1 : 52.5851533 (0.13)%
    GtT2hT1bC1wN1_QqC1wN1 : 52.1034402 (0.13)%
 GtT1bC2nTAU1taN1_QqC1wN1 : 51.8767752 (0.13)%
       QqC2hC1wN1_QqN2hN1 : 50.3505577 (0.12)%
          QqC1wN1_QqC2wN1 : 49.4364642 (0.12)%
    GbB1bN3zN2hN1_QqC1wN1 : 49.0014387 (0.12)%
       QqC2zC1wN1_QqN2hN1 : 47.8296890 (0.12)%
          GbB1bN1_QqC1wN1 : 47.1504127 (0.11)%
       GbB1tC2wN1_QqN2hN1 : 47.0673414 (0.11)%
    GbB2bN4wC1wN1_QqN2hN1 : 45.3582401 (0.11)%
    GbB2bN4hN2hN1_QqC1wN1 : 45.1273784 (0.11)%
       QqC2wN2hN1_QqN2hN1 : 44.6421510 (0.11)%
       GtT1bC2wN1_QqN2hN1 : 43.9494645 (0.11)%
 GbB2tC2nTAU1taN1_QqC1wN1 : 43.4100148 (0.11)%
     T1bC1wN1_T1tN3wC1wN1 : 42.1001710 (0.10)%
       GtT1tN3zN1_QqN2hN1 : 42.0715963 (0.10)%
    GbB1bN4wC1wN1_QqN2hN1 : 41.6685375 (0.10)%
    GbB2bN3wC1wN1_QqN2hN1 : 41.6303952 (0.10)%
    GbB1bN4hN2hN1_QqC1wN1 : 41.4564554 (0.10)%
          GtT1tN1_QqN2hN1 : 40.5785935 (0.10)%
------------------------------------------------------------
                                        SUM=83.08%

SHOWING PROCESSES TO GET 90.00% SUSY COVERAGE
---------------  Output inclusive processes  ---------------
The total xsec = 41273.10 [fb]
The total rate = 100.00%
                    Modes : xsec/fb      (rate)
              C1wN1_N2hN1 : 6127.5915806 (14.85)%
          QqC1wN1_QqC1wN1 : 5523.9967175 (13.38)%
          QqC1wN1_QqN2hN1 : 5062.2740101 (12.27)%
              C1wN1_C1wN1 : 3265.8698912 (7.91)%
          QqN2hN1_QqN2hN1 : 1159.7860871 (2.81)%
           GqQqN1_QqC1wN1 : 689.1627284 (1.67)%
       GtT1bC1wN1_QqC1wN1 : 654.6034007 (1.59)%
              C1wN1_N2zN1 : 602.0737517 (1.46)%
          QqC1wN1_QqN2zN1 : 497.3997149 (1.21)%
    GtT1tN3wC1wN1_QqC1wN1 : 397.3824386 (0.96)%
       GbB1tC1wN1_QqC1wN1 : 358.4769841 (0.87)%
           GqQqN1_QqN2hN1 : 315.7795657 (0.77)%
       GtT1bC1wN1_QqN2hN1 : 299.9442208 (0.73)%
    GtT2tN4wC1wN1_QqC1wN1 : 286.8630740 (0.70)%
       GtT1tN2hN1_QqC1wN1 : 267.6553495 (0.65)%
             QqC1wN1_QqN1 : 265.8134635 (0.64)%
    GbB1tC2hC1wN1_QqC1wN1 : 228.3242654 (0.55)%
          QqN2hN1_QqN2zN1 : 227.9123050 (0.55)%
    GbB1tC2zC1wN1_QqC1wN1 : 216.8929026 (0.53)%
    GtT1bC2hC1wN1_QqC1wN1 : 213.1994055 (0.52)%
    GtT1bC2zC1wN1_QqC1wN1 : 202.5252892 (0.49)%
    GbB1tC2wN2hN1_QqC1wN1 : 202.4383996 (0.49)%
    GtT1bC2wN2hN1_QqC1wN1 : 189.0282944 (0.46)%
    GtT1tN3wC1wN1_QqN2hN1 : 182.0836338 (0.44)%
    GbB2tC2hC1wN1_QqC1wN1 : 178.4033283 (0.43)%
       GbB1bN2hN1_QqC1wN1 : 176.2249479 (0.43)%
    GtT1tN3zN2hN1_QqC1wN1 : 169.6745082 (0.41)%
    GbB2tC2zC1wN1_QqC1wN1 : 169.4713246 (0.41)%
       GbB1tC1wN1_QqN2hN1 : 164.2568608 (0.40)%
    GtT2tN3wC1wN1_QqC1wN1 : 160.1811852 (0.39)%
    GbB2tC2wN2hN1_QqC1wN1 : 158.1771618 (0.38)%
    GtT2bC2hC1wN1_QqC1wN1 : 143.9689435 (0.35)%
    GtT2bC2zC1wN1_QqC1wN1 : 136.7609439 (0.33)%
    GtT2tN4wC1wN1_QqN2hN1 : 131.4428265 (0.32)%
    GtT2tN4hN2hN1_QqC1wN1 : 130.7738166 (0.32)%
    GtT2bC2wN2hN1_QqC1wN1 : 127.6467154 (0.31)%
    GtT1tN4wC1wN1_QqC1wN1 : 126.4930727 (0.31)%
       GtT1tN2hN1_QqN2hN1 : 122.6417021 (0.30)%
             QqN1_QqN2hN1 : 121.7977360 (0.30)%
    GbB1bN3wC1wN1_QqC1wN1 : 114.7627384 (0.28)%
       QqC1wN1_QqC2hC1wN1 : 109.8859188 (0.27)%
    GbB1tC2hC1wN1_QqN2hN1 : 104.6199024 (0.25)%
       QqC1wN1_QqC2zC1wN1 : 104.3843318 (0.25)%
       GbB1tC2wN1_QqC1wN1 : 102.7205714 (0.25)%
    GbB1tC2zC1wN1_QqN2hN1 : 99.3819656 (0.24)%
                    N1_N1 : 99.0390588 (0.24)%
    GbB2bN4wC1wN1_QqC1wN1 : 98.9905994 (0.24)%
    GtT1bC2hC1wN1_QqN2hN1 : 97.6895774 (0.24)%
       QqC1wN1_QqC2wN2hN1 : 97.4277942 (0.24)%
       GtT1bC2wN1_QqC1wN1 : 95.9160635 (0.23)%
    GtT1bC2zC1wN1_QqN2hN1 : 92.7986167 (0.22)%
    GbB1tC2wN2hN1_QqN2hN1 : 92.7588032 (0.22)%
       GtT1tN3zN1_QqC1wN1 : 91.8177718 (0.22)%
    GbB1bN4wC1wN1_QqC1wN1 : 90.9381293 (0.22)%
    GbB2bN3wC1wN1_QqC1wN1 : 90.8548870 (0.22)%
          GtT1tN1_QqC1wN1 : 88.5594169 (0.21)%
    GtT1bC2wN2hN1_QqN2hN1 : 86.6141917 (0.21)%
       QqC1wN1_QqN4wC1wN1 : 82.9942976 (0.20)%
    GbB2tC2hC1wN1_QqN2hN1 : 81.7457521 (0.20)%
       GbB1bN2hN1_QqN2hN1 : 80.7476017 (0.20)%
       GbB2tC2wN1_QqC1wN1 : 80.2616918 (0.19)%
    GtT1tN3zN2hN1_QqN2hN1 : 77.7461408 (0.19)%
    GbB2tC2zC1wN1_QqN2hN1 : 77.6530405 (0.19)%
    GtT2tN3wC1wN1_QqN2hN1 : 73.3962285 (0.18)%
        C2hC1wN1_N4wC1wN1 : 73.0776858 (0.18)%
        C2hC1wN1_N3wC1wN1 : 72.8396376 (0.18)%
    GbB2tC2wN2hN1_QqN2hN1 : 72.4779698 (0.18)%
              N2hN1_N2hN1 : 69.7075271 (0.17)%
        C2zC1wN1_N4wC1wN1 : 69.4189527 (0.17)%
        C2zC1wN1_N3wC1wN1 : 69.1928227 (0.17)%
    GtT2tN3zN2hN1_QqC1wN1 : 68.3942248 (0.17)%
    GtT2bC2hC1wN1_QqN2hN1 : 65.9676570 (0.16)%
        C2wN2hN1_N4wC1wN1 : 64.7926305 (0.16)%
       GtT2bC2wN1_QqC1wN1 : 64.7700415 (0.16)%
        C2wN2hN1_N3wC1wN1 : 64.5815706 (0.16)%
        N3wC1wN1_N4wC1wN1 : 63.8112898 (0.15)%
    GtT2bC2zC1wN1_QqN2hN1 : 62.6648971 (0.15)%
GtT1tN3taTAU1taN1_QqC1wN1 : 62.1954283 (0.15)%
    GtT2tN4hN2hN1_QqN2hN1 : 59.9215502 (0.15)%
       GtT2tN4hN1_QqC1wN1 : 59.7579445 (0.14)%
    GtT2bC2wN2hN1_QqN2hN1 : 58.4886888 (0.14)%
    GtT1tN4wC1wN1_QqN2hN1 : 57.9600810 (0.14)%
    GtT1tN4hN2hN1_QqC1wN1 : 57.6650792 (0.14)%
 GbB1tC2nTAU1taN1_QqC1wN1 : 55.5570338 (0.13)%
          GtT2tN1_QqC1wN1 : 55.2324700 (0.13)%
       GbB2tC1wN1_QqC1wN1 : 53.9941942 (0.13)%
    GbB1bN3wC1wN1_QqN2hN1 : 52.5851533 (0.13)%
    GtT2hT1bC1wN1_QqC1wN1 : 52.1034402 (0.13)%
 GtT1bC2nTAU1taN1_QqC1wN1 : 51.8767752 (0.13)%
       QqC2hC1wN1_QqN2hN1 : 50.3505577 (0.12)%
          QqC1wN1_QqC2wN1 : 49.4364642 (0.12)%
    GbB1bN3zN2hN1_QqC1wN1 : 49.0014387 (0.12)%
       QqC2zC1wN1_QqN2hN1 : 47.8296890 (0.12)%
          GbB1bN1_QqC1wN1 : 47.1504127 (0.11)%
       GbB1tC2wN1_QqN2hN1 : 47.0673414 (0.11)%
    GbB2bN4wC1wN1_QqN2hN1 : 45.3582401 (0.11)%
    GbB2bN4hN2hN1_QqC1wN1 : 45.1273784 (0.11)%
       QqC2wN2hN1_QqN2hN1 : 44.6421510 (0.11)%
       GtT1bC2wN1_QqN2hN1 : 43.9494645 (0.11)%
 GbB2tC2nTAU1taN1_QqC1wN1 : 43.4100148 (0.11)%
     T1bC1wN1_T1tN3wC1wN1 : 42.1001710 (0.10)%
       GtT1tN3zN1_QqN2hN1 : 42.0715963 (0.10)%
    GbB1bN4wC1wN1_QqN2hN1 : 41.6685375 (0.10)%
    GbB2bN3wC1wN1_QqN2hN1 : 41.6303952 (0.10)%
    GbB1bN4hN2hN1_QqC1wN1 : 41.4564554 (0.10)%
          GtT1tN1_QqN2hN1 : 40.5785935 (0.10)%
        C2hC1wN1_C2zC1wN1 : 39.0082609 (0.09)%
    GbB2bN3zN2hN1_QqC1wN1 : 38.7932550 (0.09)%
GtT2tN4taTAU1taN1_QqC1wN1 : 38.5791631 (0.09)%
       QqN2hN1_QqN4wC1wN1 : 38.0286138 (0.09)%
       QqC1wN1_QqN4hN2hN1 : 37.8350580 (0.09)%
       GtT2tN3zN1_QqC1wN1 : 37.0108945 (0.09)%
       GbB2tC2wN1_QqN2hN1 : 36.7765132 (0.09)%
        C2hC1wN1_C2wN2hN1 : 36.4086137 (0.09)%
 GtT2bC2nTAU1taN1_QqC1wN1 : 35.0312633 (0.08)%
        T1bC1wN1_T1bC1wN1 : 34.6755574 (0.08)%
        C2wN2hN1_C2zC1wN1 : 34.5857673 (0.08)%
        C2hC1wN1_N4hN2hN1 : 33.3143187 (0.08)%
                 C1wN1_N1 : 33.1515219 (0.08)%
           C2wN1_N4wC1wN1 : 32.8768457 (0.08)%
           C2wN1_N3wC1wN1 : 32.7697504 (0.08)%
        C2zC1wN1_N4hN2hN1 : 31.6463923 (0.08)%
 GtT2hT1tN3wC1wN1_QqC1wN1 : 31.6298267 (0.08)%
    GtT2tN3zN2hN1_QqN2hN1 : 31.3387502 (0.08)%
        C2hC1wN1_N3zN2hN1 : 31.1010968 (0.08)%
           GqQqN1_QqN2zN1 : 31.0272944 (0.08)%
       GtT2bC2wN1_QqN2hN1 : 29.6781220 (0.07)%
        C2zC1wN1_N3zN2hN1 : 29.5439784 (0.07)%
        C2wN2hN1_N4hN2hN1 : 29.5373659 (0.07)%
       GtT1bC1wN1_QqN2zN1 : 29.4713739 (0.07)%
        N3wC1wN1_N4hN2hN1 : 29.0899968 (0.07)%
GtT1tN3taTAU1taN1_QqN2hN1 : 28.4984148 (0.07)%
        T1bC1wN1_T1tN2hN1 : 28.3564015 (0.07)%
        C2wN2hN1_N3zN2hN1 : 27.5750641 (0.07)%
       GtT2tN4hN1_QqN2hN1 : 27.3815414 (0.07)%
        N3zN2hN1_N4wC1wN1 : 27.2461693 (0.07)%
    QqC1wN1_QqC2nTAU1taN1 : 26.7380066 (0.06)%
       GbB2bN2hN1_QqC1wN1 : 26.7137029 (0.06)%
       GbB1bN3zN1_QqC1wN1 : 26.5166698 (0.06)%
    GtT1tN4hN2hN1_QqN2hN1 : 26.4225747 (0.06)%
       GtT1tN4hN1_QqC1wN1 : 26.3504323 (0.06)%
       GtT1tN2zN1_QqC1wN1 : 26.2987927 (0.06)%
 GbB1tC2nTAU1taN1_QqN2hN1 : 25.4566524 (0.06)%
          GtT2tN1_QqN2hN1 : 25.3079348 (0.06)%
GtT2tN3taTAU1taN1_QqC1wN1 : 25.0704018 (0.06)%
       GbB2tC1wN1_QqN2hN1 : 24.7405474 (0.06)%
           C1wN1_N3wC1wN1 : 23.9525897 (0.06)%
    GtT2hT1bC1wN1_QqN2hN1 : 23.8741897 (0.06)%
 GtT1bC2nTAU1taN1_QqN2hN1 : 23.7703301 (0.06)%
          QqC2wN1_QqN2hN1 : 22.6521612 (0.05)%
     T1bC1wN1_T1bC2hC1wN1 : 22.5871366 (0.05)%
    GbB1bN3zN2hN1_QqN2hN1 : 22.4528292 (0.05)%
          GbB1bN1_QqN2hN1 : 21.6046751 (0.05)%
     T1bC1wN1_T1bC2zC1wN1 : 21.4562811 (0.05)%
    GtT2hT1tN2hN1_QqC1wN1 : 21.3041430 (0.05)%
       GbB2bN3zN1_QqC1wN1 : 20.9926068 (0.05)%
    GbB2bN4hN2hN1_QqN2hN1 : 20.6777055 (0.05)%
       GbB2bN4hN1_QqC1wN1 : 20.6212485 (0.05)%
        C2hC1wN1_C2hC1wN1 : 20.5320977 (0.05)%
        GqQqN1_GtT1bC1wN1 : 20.4785189 (0.05)%
     T1bC1wN1_T1bC2wN2hN1 : 20.0263594 (0.05)%
    GbB1tC2wN2zN1_QqC1wN1 : 19.8908242 (0.05)%
 GbB2tC2nTAU1taN1_QqN2hN1 : 19.8907966 (0.05)%
    GbB1bN4hN2hN1_QqN2hN1 : 18.9956609 (0.05)%
       GbB1bN4hN1_QqC1wN1 : 18.9437964 (0.05)%
    GtT1bC2wN2zN1_QqC1wN1 : 18.5731984 (0.05)%
        C2zC1wN1_C2zC1wN1 : 18.5276298 (0.04)%
           C2hC1wN1_C2wN1 : 18.4743290 (0.04)%
     T1bC1wN1_T1tN3zN2hN1 : 17.9759474 (0.04)%
GbB1bN3taTAU1taN1_QqC1wN1 : 17.9618347 (0.04)%
    GtT1tN3wC1wN1_QqN2zN1 : 17.8908426 (0.04)%
     C2nTAU1taN1_N4wC1wN1 : 17.7816381 (0.04)%
    GbB2bN3zN2hN1_QqN2hN1 : 17.7753623 (0.04)%
     C2nTAU1taN1_N3wC1wN1 : 17.7237150 (0.04)%
GtT2tN4taTAU1taN1_QqN2hN1 : 17.6772638 (0.04)%
           C2wN1_C2zC1wN1 : 17.5493868 (0.04)%
       GtT1tN3hN1_QqC1wN1 : 17.3671647 (0.04)%
       QqN2hN1_QqN4hN2hN1 : 17.3363093 (0.04)%
       GbB1bN2zN1_QqC1wN1 : 17.3151905 (0.04)%
          QqC1wN1_QqN4hN1 : 17.2889754 (0.04)%
     T1tN2hN1_T1tN3wC1wN1 : 17.2139894 (0.04)%
GtT1tN4taTAU1taN1_QqC1wN1 : 17.0115896 (0.04)%
 GtT2hT1bC2hC1wN1_QqC1wN1 : 16.9696987 (0.04)%
       GtT2tN3zN1_QqN2hN1 : 16.9586713 (0.04)%
           C2hC1wN1_N3zN1 : 16.8300674 (0.04)%
    GtT1tN3zN2zN1_QqC1wN1 : 16.6715693 (0.04)%
              GqQqN1_QqN1 : 16.5811767 (0.04)%
           C2wN1_C2wN2hN1 : 16.3798342 (0.04)%
        C2wN2hN1_C2wN2hN1 : 16.1404253 (0.04)%
       GbB1tC1wN1_QqN2zN1 : 16.1392520 (0.04)%
 GtT2hT1bC2zC1wN1_QqC1wN1 : 16.1200878 (0.04)%
 GtT2bC2nTAU1taN1_QqN2hN1 : 16.0515894 (0.04)%
           C2zC1wN1_N3zN1 : 15.9874473 (0.04)%
          GtT1bC1wN1_QqN1 : 15.7496832 (0.04)%
    GbB2tC2wN2zN1_QqC1wN1 : 15.5418839 (0.04)%
    GbB1wT1bC1wN1_QqC1wN1 : 15.4612679 (0.04)%
           C2hC1wN1_N4hN1 : 15.2231942 (0.04)%
 GtT2hT1bC2wN2hN1_QqC1wN1 : 15.0457887 (0.04)%
           C2wN1_N4hN2hN1 : 14.9877449 (0.04)%
           C2wN2hN1_N3zN1 : 14.9219878 (0.04)%
           N3zN1_N4wC1wN1 : 14.7440095 (0.04)%
 GtT2hT1tN3wC1wN1_QqN2hN1 : 14.4930254 (0.04)%
           C2zC1wN1_N4hN1 : 14.4610244 (0.04)%
GbB2bN3taTAU1taN1_QqC1wN1 : 14.2199505 (0.03)%
           C2wN1_N3zN2hN1 : 13.9920408 (0.03)%
  T1bC2hC1wN1_T1tN3wC1wN1 : 13.7117092 (0.03)%
              N2hN1_N2zN1 : 13.6983909 (0.03)%
 GtT2hT1tN3zN2hN1_QqC1wN1 : 13.5053157 (0.03)%
           C2wN2hN1_N4hN1 : 13.4972911 (0.03)%
     T1bC1wN1_T1tN4wC1wN1 : 13.4011458 (0.03)%
GbB2bN4taTAU1taN1_QqC1wN1 : 13.3128828 (0.03)%
           N3wC1wN1_N4hN1 : 13.2928629 (0.03)%
  T1bC2zC1wN1_T1tN3wC1wN1 : 13.0252139 (0.03)%
    GtT2tN4wC1wN1_QqN2zN1 : 12.9150702 (0.03)%
    GtT2tN4hN2zN1_QqC1wN1 : 12.8493359 (0.03)%
  T1tN3wC1wN1_T1tN3wC1wN1 : 12.7786295 (0.03)%
    GtT2bC2wN2zN1_QqC1wN1 : 12.5420789 (0.03)%
     GqQqN1_GtT1tN3wC1wN1 : 12.4316552 (0.03)%
        N3zN2hN1_N4hN2hN1 : 12.4208582 (0.03)%
    QqC2nTAU1taN1_QqN2hN1 : 12.2515565 (0.03)%
       GbB2bN2hN1_QqN2hN1 : 12.2404204 (0.03)%
GbB1bN4taTAU1taN1_QqC1wN1 : 12.2299356 (0.03)%
  T1bC2wN2hN1_T1tN3wC1wN1 : 12.1571680 (0.03)%
       GbB1bN3zN1_QqN2hN1 : 12.1501383 (0.03)%
       GtT2tN4zN1_QqC1wN1 : 12.0885458 (0.03)%
       GtT1tN4hN1_QqN2hN1 : 12.0739670 (0.03)%
       GtT1tN2hN1_QqN2zN1 : 12.0503054 (0.03)%
       GtT1tN2zN1_QqN2hN1 : 12.0503054 (0.03)%
             QqN1_QqN2zN1 : 11.9673805 (0.03)%
 GtT1bC1wN1_GtT1tN3wC1wN1 : 11.8082471 (0.03)%
GtT2tN3taTAU1taN1_QqN2hN1 : 11.4874474 (0.03)%
    C2hC1wN1_N3taTAU1taN1 : 11.4003338 (0.03)%
        GbB1tC1wN1_GqQqN1 : 11.2145425 (0.03)%
          QqN2zN1_QqN2zN1 : 11.1968964 (0.03)%
   QqC1wN1_QqN4taTAU1taN1 : 11.1615988 (0.03)%
                 N1_N2hN1 : 10.9152065 (0.03)%
  T1tN3wC1wN1_T1tN3zN2hN1 : 10.9124484 (0.03)%
    C2zC1wN1_N3taTAU1taN1 : 10.8295607 (0.03)%
            GqQqN1_GqQqN1 : 10.7798340 (0.03)%
    GbB1tC1wN1_GtT1bC1wN1 : 10.6521688 (0.03)%
    GbB1tC2hC1wN1_QqN2zN1 : 10.2795521 (0.02)%
           C1wN1_N3zN2hN1 : 10.2272861 (0.02)%
           N2hN1_N3wC1wN1 : 10.1679866 (0.02)%
        T1bC1wN1_T1bC2wN1 : 10.1617039 (0.02)%
    C2wN2hN1_N3taTAU1taN1 : 10.1078408 (0.02)%
 GtT2hT1tN4wC1wN1_QqC1wN1 : 10.0682707 (0.02)%
     C2hC1wN1_C2nTAU1taN1 : 9.9919511 (0.02)%
    N3taTAU1taN1_N4wC1wN1 : 9.9872821 (0.02)%
    GtT2zT1bC1wN1_QqC1wN1 : 9.9403764 (0.02)%
    C2hC1wN1_N4taTAU1taN1 : 9.8279500 (0.02)%
    GbB1tC2zC1wN1_QqN2zN1 : 9.7648925 (0.02)%
    GtT2hT1tN2hN1_QqN2hN1 : 9.7617192 (0.02)%
        T1bC1wN1_T1tN3zN1 : 9.7275157 (0.02)%
------------------------------------------------------------
                                        SUM=90.02%
