/Users/rafalmaselek/Projects/fastlim-1.0
 
#################################################################
#                                                               #
#                                                               #
#                     This is Fastlim  ver. 1.0                 #
#                                                               #
#          A fast LHC limit calculator for BSM models.          #
#                                                               #
#                  http://cern.ch/fastlim-1.0/                  #
#                                                               #
#  for bugs/feature requests: fastlim-1.0.developers@gmail.com  #
#                                                               #
#    please refer to:                                           #
#    M.Papucci, K.Sakurai, A.Weiler, L.Zeune arXiv:1402.xxxx    #
#                                                               #
#################################################################
 

!! Masses incompatible with the data for ERER !!

!! Problem with reading tables for ER ER !! Probably mass outside the table !! Setting xsec to 10^-20 !!

!! Masses incompatible with the data for ELEL !!

!! Problem with reading tables for EL EL !! Probably mass outside the table !! Setting xsec to 10^-20 !!

!! Masses incompatible with the data for TAU1TAU1 !!

!! Problem with reading tables for TAU1 TAU1 !! Probably mass outside the table !! Setting xsec to 10^-20 !!

!! Masses incompatible with the data for TAU2TAU2 !!

!! Problem with reading tables for TAU2 TAU2 !! Probably mass outside the table !! Setting xsec to 10^-20 !!
!! EWK PROCESS C1C2 NOT FOUND !! WILL TRY TO LOOK FOR +/- MODES !!
XSEC FOUND FOR: C1-C2+
XSEC FOUND FOR: C1+C2-
!! EWK PROCESS C1N1 NOT FOUND !! WILL TRY TO LOOK FOR +/- MODES !!
XSEC FOUND FOR: C1+N1
XSEC FOUND FOR: C1-N1
!! EWK PROCESS C1N2 NOT FOUND !! WILL TRY TO LOOK FOR +/- MODES !!
XSEC FOUND FOR: C1+N2
XSEC FOUND FOR: C1-N2
!! EWK PROCESS C1N3 NOT FOUND !! WILL TRY TO LOOK FOR +/- MODES !!
XSEC FOUND FOR: C1+N3
XSEC FOUND FOR: C1-N3
!! EWK PROCESS C1N4 NOT FOUND !! WILL TRY TO LOOK FOR +/- MODES !!
XSEC FOUND FOR: C1+N4
XSEC FOUND FOR: C1-N4
!! EWK PROCESS C2N1 NOT FOUND !! WILL TRY TO LOOK FOR +/- MODES !!
XSEC FOUND FOR: C2+N1
XSEC FOUND FOR: C2-N1
!! EWK PROCESS C2N2 NOT FOUND !! WILL TRY TO LOOK FOR +/- MODES !!
XSEC FOUND FOR: C2+N2
XSEC FOUND FOR: C2-N2
!! EWK PROCESS C2N3 NOT FOUND !! WILL TRY TO LOOK FOR +/- MODES !!
XSEC FOUND FOR: C2+N3
XSEC FOUND FOR: C2-N3
!! EWK PROCESS C2N4 NOT FOUND !! WILL TRY TO LOOK FOR +/- MODES !!
XSEC FOUND FOR: C2+N4
XSEC FOUND FOR: C2-N4
---------------  Output inclusive processes  ---------------
The total xsec = 3514.21 [fb]
The total rate = 100.00%
Output upto 0.10%
                  Modes : xsec/fb      (rate)
            C1wN1_N2zN1 : 1797.3236888 (51.14)%
            C1wN1_C1wN1 : 985.8128429 (28.05)%
            C1wN1_N2hN1 : 236.5820942 (6.73)%
                  N1_N1 : 13.7271665 (0.39)%
            N2zN1_N2zN1 : 7.9667202 (0.23)%
      C2hC1wN1_N3wC1wN1 : 4.3838785 (0.12)%
      C2hC1wN1_N4wC1wN1 : 4.2345090 (0.12)%
               C1wN1_N1 : 4.0270110 (0.11)%
      C2zC1wN1_N3wC1wN1 : 3.9739695 (0.11)%
  GtT1tN3wC1wN1_QqC1wN1 : 3.8814881 (0.11)%
      C2zC1wN1_N4wC1wN1 : 3.8385666 (0.11)%
      N3wC1wN1_N4wC1wN1 : 3.7639595 (0.11)%
  GtT1bC2hC1wN1_QqC1wN1 : 3.7364112 (0.11)%
QqC1wN1_QqGtT1tN3wC1wN1 : 3.6283648 (0.10)%
QqC1wN1_QqGtT1bC2hC1wN1 : 3.4927488 (0.10)%
------------------------------------------------------------
                                      SUM=87.65%

SHOWING PROCESSES TO GET 90.00% SUSY COVERAGE
---------------  Output inclusive processes  ---------------
The total xsec = 3514.21 [fb]
The total rate = 100.00%
                          Modes : xsec/fb      (rate)
                    C1wN1_N2zN1 : 1797.3236888 (51.14)%
                    C1wN1_C1wN1 : 985.8128429 (28.05)%
                    C1wN1_N2hN1 : 236.5820942 (6.73)%
                          N1_N1 : 13.7271665 (0.39)%
                    N2zN1_N2zN1 : 7.9667202 (0.23)%
              C2hC1wN1_N3wC1wN1 : 4.3838785 (0.12)%
              C2hC1wN1_N4wC1wN1 : 4.2345090 (0.12)%
                       C1wN1_N1 : 4.0270110 (0.11)%
              C2zC1wN1_N3wC1wN1 : 3.9739695 (0.11)%
          GtT1tN3wC1wN1_QqC1wN1 : 3.8814881 (0.11)%
              C2zC1wN1_N4wC1wN1 : 3.8385666 (0.11)%
              N3wC1wN1_N4wC1wN1 : 3.7639595 (0.11)%
          GtT1bC2hC1wN1_QqC1wN1 : 3.7364112 (0.11)%
        QqC1wN1_QqGtT1tN3wC1wN1 : 3.6283648 (0.10)%
        QqC1wN1_QqGtT1bC2hC1wN1 : 3.4927488 (0.10)%
              C2wN2zN1_N3wC1wN1 : 3.4354020 (0.10)%
          GtT1bC2zC1wN1_QqC1wN1 : 3.3870428 (0.10)%
              C2wN2zN1_N4wC1wN1 : 3.3183495 (0.09)%
        QqC1wN1_QqGtT1bC2zC1wN1 : 3.1661637 (0.09)%
                GtT1tN1_QqC1wN1 : 2.9426872 (0.08)%
          GtT1bC2wN2zN1_QqC1wN1 : 2.9280179 (0.08)%
                QqC1wN1_QqC1wN1 : 2.8252549 (0.08)%
              QqC1wN1_QqGtT1tN1 : 2.7507859 (0.08)%
        QqC1wN1_QqGtT1bC2wN2zN1 : 2.7370732 (0.08)%
    GtT1bC2hC1wN1_GtT1tN3wC1wN1 : 2.7020635 (0.08)%
          GtT1tN4wC1wN1_QqC1wN1 : 2.6856843 (0.08)%
              C2hC1wN1_C2zC1wN1 : 2.6525661 (0.08)%
        QqC1wN1_QqGtT1tN4wC1wN1 : 2.5105429 (0.07)%
                QqC1wN1_QqN2zN1 : 2.5046409 (0.07)%
  GtT1tN3wC1wN1_QqGtT1tN3wC1wN1 : 2.4924220 (0.07)%
    GtT1bC2zC1wN1_GtT1tN3wC1wN1 : 2.4494105 (0.07)%
  GtT1bC2hC1wN1_QqGtT1tN3wC1wN1 : 2.3992636 (0.07)%
  GtT1tN3wC1wN1_QqGtT1bC2hC1wN1 : 2.3992636 (0.07)%
    GtT1bC2hC1wN1_GtT1bC2zC1wN1 : 2.3578598 (0.07)%
  GtT1bC2hC1wN1_QqGtT1bC2hC1wN1 : 2.3095872 (0.07)%
              C2hC1wN1_C2wN2zN1 : 2.2930803 (0.07)%
QqGtT1bC2hC1wN1_QqGtT1tN3wC1wN1 : 2.2428006 (0.06)%
  GtT1tN3wC1wN1_QqGtT1bC2zC1wN1 : 2.1749235 (0.06)%
  GtT1bC2zC1wN1_QqGtT1tN3wC1wN1 : 2.1749235 (0.06)%
          GtT1tN1_GtT1tN3wC1wN1 : 2.1280655 (0.06)%
    GtT1bC2wN2zN1_GtT1tN3wC1wN1 : 2.1174571 (0.06)%
                    N2hN1_N2zN1 : 2.0973221 (0.06)%
  GtT1bC2hC1wN1_QqGtT1bC2zC1wN1 : 2.0936322 (0.06)%
  GtT1bC2zC1wN1_QqGtT1bC2hC1wN1 : 2.0936322 (0.06)%
              C2wN2zN1_C2zC1wN1 : 2.0786687 (0.06)%
          GtT1bC2hC1wN1_GtT1tN1 : 2.0485256 (0.06)%
    GtT1bC2hC1wN1_GtT1bC2wN2zN1 : 2.0383137 (0.06)%
QqGtT1bC2zC1wN1_QqGtT1tN3wC1wN1 : 2.0330903 (0.06)%
------------------------------------------------------------
                                              SUM=90.00%
