/Users/rafalmaselek/Projects/fastlim-1.0
 
#################################################################
#                                                               #
#                                                               #
#                     This is Fastlim  ver. 1.0                 #
#                                                               #
#          A fast LHC limit calculator for BSM models.          #
#                                                               #
#                  http://cern.ch/fastlim-1.0/                  #
#                                                               #
#  for bugs/feature requests: fastlim-1.0.developers@gmail.com  #
#                                                               #
#    please refer to:                                           #
#    M.Papucci, K.Sakurai, A.Weiler, L.Zeune arXiv:1402.xxxx    #
#                                                               #
#################################################################
 
!!!-  ERROR  !!!
[Br(T2->all) =  1.1732133337931825 ]:  !!! The total Br is deviated from 1 !!!


!! Masses incompatible with the data for ERER !!

!! Problem with reading tables for ER ER !! Probably mass outside the table !! Setting xsec to 10^-20 !!

!! Masses incompatible with the data for ELEL !!

!! Problem with reading tables for EL EL !! Probably mass outside the table !! Setting xsec to 10^-20 !!

!! Masses incompatible with the data for TAU1TAU1 !!

!! Problem with reading tables for TAU1 TAU1 !! Probably mass outside the table !! Setting xsec to 10^-20 !!

!! Masses incompatible with the data for TAU2TAU2 !!

!! Problem with reading tables for TAU2 TAU2 !! Probably mass outside the table !! Setting xsec to 10^-20 !!
!! EWK PROCESS C1C2 NOT FOUND !! WILL TRY TO LOOK FOR +/- MODES !!
XSEC FOUND FOR: C1-C2+
XSEC FOUND FOR: C1+C2-
!! EWK PROCESS C1N1 NOT FOUND !! WILL TRY TO LOOK FOR +/- MODES !!
XSEC FOUND FOR: C1+N1
XSEC FOUND FOR: C1-N1
!! EWK PROCESS C1N2 NOT FOUND !! WILL TRY TO LOOK FOR +/- MODES !!
XSEC FOUND FOR: C1+N2
XSEC FOUND FOR: C1-N2
!! EWK PROCESS C1N3 NOT FOUND !! WILL TRY TO LOOK FOR +/- MODES !!
XSEC FOUND FOR: C1+N3
XSEC FOUND FOR: C1-N3
!! EWK PROCESS C1N4 NOT FOUND !! WILL TRY TO LOOK FOR +/- MODES !!
XSEC FOUND FOR: C1+N4
XSEC FOUND FOR: C1-N4
!! EWK PROCESS C2N1 NOT FOUND !! WILL TRY TO LOOK FOR +/- MODES !!
XSEC FOUND FOR: C2+N1
XSEC FOUND FOR: C2-N1
!! EWK PROCESS C2N2 NOT FOUND !! WILL TRY TO LOOK FOR +/- MODES !!
XSEC FOUND FOR: C2+N2
XSEC FOUND FOR: C2-N2
!! EWK PROCESS C2N3 NOT FOUND !! WILL TRY TO LOOK FOR +/- MODES !!
XSEC FOUND FOR: C2+N3
XSEC FOUND FOR: C2-N3
!! EWK PROCESS C2N4 NOT FOUND !! WILL TRY TO LOOK FOR +/- MODES !!
XSEC FOUND FOR: C2+N4
XSEC FOUND FOR: C2-N4
---------------  Output inclusive processes  ---------------
The total xsec = 1057580.15 [fb]
The total rate = 100.00%
Output upto 0.10%
                     Modes : xsec/fb      (rate)
               C1wN1_N2hN1 : 74056.5593762 (7.00)%
               C1wN1_C1wN1 : 45684.9142696 (4.32)%
           QqC1wN1_QqC1wN1 : 41384.3531809 (3.91)%
           QqC1wN1_QqN2hN1 : 34397.0795518 (3.25)%
        GbB1tC1wN1_QqC1wN1 : 28904.9443014 (2.73)%
               C1wN1_N2zN1 : 16600.8966202 (1.57)%
        GbB1bN2hN1_QqC1wN1 : 15103.2123698 (1.43)%
     GbB1bN3wC1wN1_QqC1wN1 : 13006.2891282 (1.23)%
        GtT1bC1wN1_QqC1wN1 : 12608.0365510 (1.19)%
        GbB1tC1wN1_QqN2hN1 : 12012.3379026 (1.14)%
     GbB1bN4wC1wN1_QqC1wN1 : 10172.9536408 (0.96)%
     GbB1tC2zC1wN1_QqC1wN1 : 9994.9261653 (0.95)%
     GbB1tC2hC1wN1_QqC1wN1 : 9375.2736323 (0.89)%
     GbB1tC2wN2hN1_QqC1wN1 : 8846.2365944 (0.84)%
      QqC1wN1_QqGbB1tC1wN1 : 8147.1049957 (0.77)%
           QqC1wN1_QqN2zN1 : 7710.6250478 (0.73)%
           QqN2hN1_QqN2hN1 : 7147.3817443 (0.68)%
     GbB2tC2zC1wN1_QqC1wN1 : 6998.5559515 (0.66)%
     GbB2tC2hC1wN1_QqC1wN1 : 6564.6685119 (0.62)%
        GbB1bN2hN1_QqN2hN1 : 6276.6040477 (0.59)%
     GbB2tC2wN2hN1_QqC1wN1 : 6194.2310271 (0.59)%
     GtT1tN3wC1wN1_QqC1wN1 : 5819.2943589 (0.55)%
     GbB1bN3wC1wN1_QqN2hN1 : 5405.1631526 (0.51)%
        GtT1bC1wN1_QqN2hN1 : 5239.6570552 (0.50)%
           GbB1bN1_QqC1wN1 : 5015.4826990 (0.47)%
     GbB2bN4wC1wN1_QqC1wN1 : 4736.6981318 (0.45)%
     GbB2bN3wC1wN1_QqC1wN1 : 4659.3023602 (0.44)%
        GbB1tC2wN1_QqC1wN1 : 4614.9504474 (0.44)%
     GbB1bN3zN2hN1_QqC1wN1 : 4496.6845755 (0.43)%
      QqC1wN1_QqGbB1bN2hN1 : 4256.9691768 (0.40)%
     GbB1bN4wC1wN1_QqN2hN1 : 4227.6835176 (0.40)%
     GbB1tC2zC1wN1_QqN2hN1 : 4153.6987291 (0.39)%
     GbB1tC2hC1wN1_QqN2hN1 : 3896.1830760 (0.37)%
        GtT1tN2hN1_QqC1wN1 : 3895.2538094 (0.37)%
     GbB1tC2wN2hN1_QqN2hN1 : 3676.3254767 (0.35)%
   QqC1wN1_QqGbB1bN3wC1wN1 : 3665.9334828 (0.35)%
      QqC1wN1_QqGtT1bC1wN1 : 3553.6825984 (0.34)%
     GbB1bN4hN2hN1_QqC1wN1 : 3430.6985296 (0.32)%
      QqGbB1tC1wN1_QqN2hN1 : 3385.7798554 (0.32)%
        GbB1bN2zN1_QqC1wN1 : 3385.6132299 (0.32)%
        GbB2tC2wN1_QqC1wN1 : 3231.4384704 (0.31)%
           QqN2hN1_QqN2zN1 : 3204.3871992 (0.30)%
     GbB2tC2zC1wN1_QqN2hN1 : 2908.4650032 (0.28)%
     GbB1bN2hN1_GbB1tC1wN1 : 2873.6830153 (0.27)%
   QqC1wN1_QqGbB1bN4wC1wN1 : 2867.3337185 (0.27)%
   GbB1tC1wN1_QqGbB1tC1wN1 : 2845.1769572 (0.27)%
        GbB1bN3zN1_QqC1wN1 : 2829.6468579 (0.27)%
   QqC1wN1_QqGbB1tC2zC1wN1 : 2817.1551567 (0.27)%
     GbB1tC1wN1_GbB1tC1wN1 : 2749.8668980 (0.26)%
     GbB2tC2hC1wN1_QqN2hN1 : 2728.1497436 (0.26)%
        GbB1tC1wN1_QqN2zN1 : 2692.7470216 (0.25)%
         T1bC1wN1_T1bC1wN1 : 2674.8588224 (0.25)%
   QqC1wN1_QqGbB1tC2hC1wN1 : 2642.5008071 (0.25)%
     GtT1bC2zC1wN1_QqC1wN1 : 2606.5756585 (0.25)%
     GbB2tC2wN2hN1_QqN2hN1 : 2574.2030626 (0.24)%
   QqC1wN1_QqGbB1tC2wN2hN1 : 2493.3872074 (0.24)%
  GbB1bN3wC1wN1_GbB1tC1wN1 : 2474.7021524 (0.23)%
      T1bC1wN1_T1tN3wC1wN1 : 2469.1855537 (0.23)%
     GtT1bC2hC1wN1_QqC1wN1 : 2444.9765449 (0.23)%
     GtT1tN3wC1wN1_QqN2hN1 : 2418.3866077 (0.23)%
     GbB1tC1wN1_GtT1bC1wN1 : 2398.9267717 (0.23)%
     GtT1bC2wN2hN1_QqC1wN1 : 2307.0090359 (0.22)%
           GbB1bN1_QqN2hN1 : 2084.3379699 (0.20)%
              QqC1wN1_QqN1 : 2070.7992715 (0.20)%
     GtT1tN3zN2hN1_QqC1wN1 : 2011.9136924 (0.19)%
     GbB1tC2wN2zN1_QqC1wN1 : 1983.0175803 (0.19)%
   QqC1wN1_QqGbB2tC2zC1wN1 : 1972.6026648 (0.19)%
     GbB2bN4wC1wN1_QqN2hN1 : 1968.4804754 (0.19)%
     GbB2bN3wC1wN1_QqN2hN1 : 1936.3162841 (0.18)%
  GbB1bN4wC1wN1_GbB1tC1wN1 : 1935.6043852 (0.18)%
        GbB1tC2wN1_QqN2hN1 : 1917.8844837 (0.18)%
  GbB1tC1wN1_GbB1tC2zC1wN1 : 1901.7311587 (0.18)%
     GbB1bN3zN2hN1_QqN2hN1 : 1868.7354661 (0.18)%
   QqC1wN1_QqGbB2tC2hC1wN1 : 1850.3077906 (0.17)%
        GbB1bN4hN1_QqC1wN1 : 1809.5004368 (0.17)%
  GbB1tC1wN1_GbB1tC2hC1wN1 : 1783.8300847 (0.17)%
      QqGbB1bN2hN1_QqN2hN1 : 1769.1143653 (0.17)%
   QqC1wN1_QqGbB2tC2wN2hN1 : 1745.8968272 (0.17)%
        QqC1wN1_QqC2zC1wN1 : 1729.6271019 (0.16)%
  GbB1tC1wN1_GbB1tC2wN2hN1 : 1683.1703897 (0.16)%
         T1bC1wN1_T1tN2hN1 : 1652.7956555 (0.16)%
   QqC1wN1_QqGtT1tN3wC1wN1 : 1640.2177305 (0.16)%
        QqC1wN1_QqC2hC1wN1 : 1622.3959130 (0.15)%
        GtT1tN2hN1_QqN2hN1 : 1618.7924283 (0.15)%
     GbB2bN3zN2hN1_QqC1wN1 : 1610.8678539 (0.15)%
     GbB2bN4hN2hN1_QqC1wN1 : 1597.3908748 (0.15)%
        QqC1wN1_QqC2wN2hN1 : 1530.8457822 (0.14)%
   QqGbB1bN3wC1wN1_QqN2hN1 : 1523.4913191 (0.14)%
   GbB1bN2hN1_QqGbB1tC1wN1 : 1486.6422632 (0.14)%
   GbB1tC1wN1_QqGbB1bN2hN1 : 1486.6422632 (0.14)%
      QqGtT1bC1wN1_QqN2hN1 : 1476.8420145 (0.14)%
     GbB1bN4hN2hN1_QqN2hN1 : 1425.7322052 (0.13)%
         QqC1wN1_QqGbB1bN1 : 1413.6565609 (0.13)%
        GbB1bN2hN1_QqN2zN1 : 1406.9956233 (0.13)%
        GbB1bN2zN1_QqN2hN1 : 1406.9956233 (0.13)%
     GbB2tC2wN2zN1_QqC1wN1 : 1388.5304663 (0.13)%
        GbB2tC2wN1_QqN2hN1 : 1342.9235640 (0.13)%
   QqC1wN1_QqGbB2bN4wC1wN1 : 1335.0787537 (0.13)%
  GbB1tC1wN1_GbB2tC2zC1wN1 : 1331.6128302 (0.13)%
   QqC1wN1_QqGbB2bN3wC1wN1 : 1313.2640956 (0.12)%
        QqC1wN1_QqN4wC1wN1 : 1307.6865023 (0.12)%
      QqC1wN1_QqGbB1tC2wN1 : 1300.7631308 (0.12)%
  GbB1bN2hN1_GbB1bN3wC1wN1 : 1293.0643204 (0.12)%
GbB1bN3wC1wN1_QqGbB1tC1wN1 : 1280.2375172 (0.12)%
GbB1tC1wN1_QqGbB1bN3wC1wN1 : 1280.2375172 (0.12)%
   QqC1wN1_QqGbB1bN3zN2hN1 : 1267.4288865 (0.12)%
        GtT1tN3zN1_QqC1wN1 : 1266.0450522 (0.12)%
     GbB1bN2hN1_GtT1bC1wN1 : 1253.4706905 (0.12)%
  GbB1tC1wN1_GbB2tC2hC1wN1 : 1249.0572166 (0.12)%
   GtT1bC1wN1_QqGbB1tC1wN1 : 1241.0366440 (0.12)%
   GbB1tC1wN1_QqGtT1bC1wN1 : 1241.0366440 (0.12)%
     GbB1bN3wC1wN1_QqN2zN1 : 1211.6489811 (0.11)%
        GtT1bC2wN1_QqC1wN1 : 1203.5324026 (0.11)%
   QqGbB1bN4wC1wN1_QqN2hN1 : 1191.6086448 (0.11)%
  GbB1tC1wN1_GbB2tC2wN2hN1 : 1178.5742039 (0.11)%
        GbB1bN3zN1_QqN2hN1 : 1175.9467117 (0.11)%
        GtT1bC1wN1_QqN2zN1 : 1174.5482889 (0.11)%
   QqGbB1tC2zC1wN1_QqN2hN1 : 1170.7554013 (0.11)%
  GbB1tC1wN1_GtT1tN3wC1wN1 : 1107.2351332 (0.10)%
      T1bC1wN1_T1bC2zC1wN1 : 1105.9964600 (0.10)%
   QqGbB1tC2hC1wN1_QqN2hN1 : 1098.1724189 (0.10)%
      QqC1wN1_QqGtT1tN2hN1 : 1097.9104972 (0.10)%
     GtT1bC2zC1wN1_QqN2hN1 : 1083.2426194 (0.10)%
  GbB1bN3wC1wN1_GtT1bC1wN1 : 1079.4393812 (0.10)%
      T1bC1wN1_T1bC2hC1wN1 : 1037.4283189 (0.10)%
------------------------------------------------------------
                                         SUM=58.20%

SHOWING PROCESSES TO GET 90.00% SUSY COVERAGE
---------------  Output inclusive processes  ---------------
The total xsec = 1057580.15 [fb]
The total rate = 100.00%
                          Modes : xsec/fb      (rate)
                    C1wN1_N2hN1 : 74056.5593762 (7.00)%
                    C1wN1_C1wN1 : 45684.9142696 (4.32)%
                QqC1wN1_QqC1wN1 : 41384.3531809 (3.91)%
                QqC1wN1_QqN2hN1 : 34397.0795518 (3.25)%
             GbB1tC1wN1_QqC1wN1 : 28904.9443014 (2.73)%
                    C1wN1_N2zN1 : 16600.8966202 (1.57)%
             GbB1bN2hN1_QqC1wN1 : 15103.2123698 (1.43)%
          GbB1bN3wC1wN1_QqC1wN1 : 13006.2891282 (1.23)%
             GtT1bC1wN1_QqC1wN1 : 12608.0365510 (1.19)%
             GbB1tC1wN1_QqN2hN1 : 12012.3379026 (1.14)%
          GbB1bN4wC1wN1_QqC1wN1 : 10172.9536408 (0.96)%
          GbB1tC2zC1wN1_QqC1wN1 : 9994.9261653 (0.95)%
          GbB1tC2hC1wN1_QqC1wN1 : 9375.2736323 (0.89)%
          GbB1tC2wN2hN1_QqC1wN1 : 8846.2365944 (0.84)%
           QqC1wN1_QqGbB1tC1wN1 : 8147.1049957 (0.77)%
                QqC1wN1_QqN2zN1 : 7710.6250478 (0.73)%
                QqN2hN1_QqN2hN1 : 7147.3817443 (0.68)%
          GbB2tC2zC1wN1_QqC1wN1 : 6998.5559515 (0.66)%
          GbB2tC2hC1wN1_QqC1wN1 : 6564.6685119 (0.62)%
             GbB1bN2hN1_QqN2hN1 : 6276.6040477 (0.59)%
          GbB2tC2wN2hN1_QqC1wN1 : 6194.2310271 (0.59)%
          GtT1tN3wC1wN1_QqC1wN1 : 5819.2943589 (0.55)%
          GbB1bN3wC1wN1_QqN2hN1 : 5405.1631526 (0.51)%
             GtT1bC1wN1_QqN2hN1 : 5239.6570552 (0.50)%
                GbB1bN1_QqC1wN1 : 5015.4826990 (0.47)%
          GbB2bN4wC1wN1_QqC1wN1 : 4736.6981318 (0.45)%
          GbB2bN3wC1wN1_QqC1wN1 : 4659.3023602 (0.44)%
             GbB1tC2wN1_QqC1wN1 : 4614.9504474 (0.44)%
          GbB1bN3zN2hN1_QqC1wN1 : 4496.6845755 (0.43)%
           QqC1wN1_QqGbB1bN2hN1 : 4256.9691768 (0.40)%
          GbB1bN4wC1wN1_QqN2hN1 : 4227.6835176 (0.40)%
          GbB1tC2zC1wN1_QqN2hN1 : 4153.6987291 (0.39)%
          GbB1tC2hC1wN1_QqN2hN1 : 3896.1830760 (0.37)%
             GtT1tN2hN1_QqC1wN1 : 3895.2538094 (0.37)%
          GbB1tC2wN2hN1_QqN2hN1 : 3676.3254767 (0.35)%
        QqC1wN1_QqGbB1bN3wC1wN1 : 3665.9334828 (0.35)%
           QqC1wN1_QqGtT1bC1wN1 : 3553.6825984 (0.34)%
          GbB1bN4hN2hN1_QqC1wN1 : 3430.6985296 (0.32)%
           QqGbB1tC1wN1_QqN2hN1 : 3385.7798554 (0.32)%
             GbB1bN2zN1_QqC1wN1 : 3385.6132299 (0.32)%
             GbB2tC2wN1_QqC1wN1 : 3231.4384704 (0.31)%
                QqN2hN1_QqN2zN1 : 3204.3871992 (0.30)%
          GbB2tC2zC1wN1_QqN2hN1 : 2908.4650032 (0.28)%
          GbB1bN2hN1_GbB1tC1wN1 : 2873.6830153 (0.27)%
        QqC1wN1_QqGbB1bN4wC1wN1 : 2867.3337185 (0.27)%
        GbB1tC1wN1_QqGbB1tC1wN1 : 2845.1769572 (0.27)%
             GbB1bN3zN1_QqC1wN1 : 2829.6468579 (0.27)%
        QqC1wN1_QqGbB1tC2zC1wN1 : 2817.1551567 (0.27)%
          GbB1tC1wN1_GbB1tC1wN1 : 2749.8668980 (0.26)%
          GbB2tC2hC1wN1_QqN2hN1 : 2728.1497436 (0.26)%
             GbB1tC1wN1_QqN2zN1 : 2692.7470216 (0.25)%
              T1bC1wN1_T1bC1wN1 : 2674.8588224 (0.25)%
        QqC1wN1_QqGbB1tC2hC1wN1 : 2642.5008071 (0.25)%
          GtT1bC2zC1wN1_QqC1wN1 : 2606.5756585 (0.25)%
          GbB2tC2wN2hN1_QqN2hN1 : 2574.2030626 (0.24)%
        QqC1wN1_QqGbB1tC2wN2hN1 : 2493.3872074 (0.24)%
       GbB1bN3wC1wN1_GbB1tC1wN1 : 2474.7021524 (0.23)%
           T1bC1wN1_T1tN3wC1wN1 : 2469.1855537 (0.23)%
          GtT1bC2hC1wN1_QqC1wN1 : 2444.9765449 (0.23)%
          GtT1tN3wC1wN1_QqN2hN1 : 2418.3866077 (0.23)%
          GbB1tC1wN1_GtT1bC1wN1 : 2398.9267717 (0.23)%
          GtT1bC2wN2hN1_QqC1wN1 : 2307.0090359 (0.22)%
                GbB1bN1_QqN2hN1 : 2084.3379699 (0.20)%
                   QqC1wN1_QqN1 : 2070.7992715 (0.20)%
          GtT1tN3zN2hN1_QqC1wN1 : 2011.9136924 (0.19)%
          GbB1tC2wN2zN1_QqC1wN1 : 1983.0175803 (0.19)%
        QqC1wN1_QqGbB2tC2zC1wN1 : 1972.6026648 (0.19)%
          GbB2bN4wC1wN1_QqN2hN1 : 1968.4804754 (0.19)%
          GbB2bN3wC1wN1_QqN2hN1 : 1936.3162841 (0.18)%
       GbB1bN4wC1wN1_GbB1tC1wN1 : 1935.6043852 (0.18)%
             GbB1tC2wN1_QqN2hN1 : 1917.8844837 (0.18)%
       GbB1tC1wN1_GbB1tC2zC1wN1 : 1901.7311587 (0.18)%
          GbB1bN3zN2hN1_QqN2hN1 : 1868.7354661 (0.18)%
        QqC1wN1_QqGbB2tC2hC1wN1 : 1850.3077906 (0.17)%
             GbB1bN4hN1_QqC1wN1 : 1809.5004368 (0.17)%
       GbB1tC1wN1_GbB1tC2hC1wN1 : 1783.8300847 (0.17)%
           QqGbB1bN2hN1_QqN2hN1 : 1769.1143653 (0.17)%
        QqC1wN1_QqGbB2tC2wN2hN1 : 1745.8968272 (0.17)%
             QqC1wN1_QqC2zC1wN1 : 1729.6271019 (0.16)%
       GbB1tC1wN1_GbB1tC2wN2hN1 : 1683.1703897 (0.16)%
              T1bC1wN1_T1tN2hN1 : 1652.7956555 (0.16)%
        QqC1wN1_QqGtT1tN3wC1wN1 : 1640.2177305 (0.16)%
             QqC1wN1_QqC2hC1wN1 : 1622.3959130 (0.15)%
             GtT1tN2hN1_QqN2hN1 : 1618.7924283 (0.15)%
          GbB2bN3zN2hN1_QqC1wN1 : 1610.8678539 (0.15)%
          GbB2bN4hN2hN1_QqC1wN1 : 1597.3908748 (0.15)%
             QqC1wN1_QqC2wN2hN1 : 1530.8457822 (0.14)%
        QqGbB1bN3wC1wN1_QqN2hN1 : 1523.4913191 (0.14)%
        GbB1bN2hN1_QqGbB1tC1wN1 : 1486.6422632 (0.14)%
        GbB1tC1wN1_QqGbB1bN2hN1 : 1486.6422632 (0.14)%
           QqGtT1bC1wN1_QqN2hN1 : 1476.8420145 (0.14)%
          GbB1bN4hN2hN1_QqN2hN1 : 1425.7322052 (0.13)%
              QqC1wN1_QqGbB1bN1 : 1413.6565609 (0.13)%
             GbB1bN2hN1_QqN2zN1 : 1406.9956233 (0.13)%
             GbB1bN2zN1_QqN2hN1 : 1406.9956233 (0.13)%
          GbB2tC2wN2zN1_QqC1wN1 : 1388.5304663 (0.13)%
             GbB2tC2wN1_QqN2hN1 : 1342.9235640 (0.13)%
        QqC1wN1_QqGbB2bN4wC1wN1 : 1335.0787537 (0.13)%
       GbB1tC1wN1_GbB2tC2zC1wN1 : 1331.6128302 (0.13)%
        QqC1wN1_QqGbB2bN3wC1wN1 : 1313.2640956 (0.12)%
             QqC1wN1_QqN4wC1wN1 : 1307.6865023 (0.12)%
           QqC1wN1_QqGbB1tC2wN1 : 1300.7631308 (0.12)%
       GbB1bN2hN1_GbB1bN3wC1wN1 : 1293.0643204 (0.12)%
     GbB1bN3wC1wN1_QqGbB1tC1wN1 : 1280.2375172 (0.12)%
     GbB1tC1wN1_QqGbB1bN3wC1wN1 : 1280.2375172 (0.12)%
        QqC1wN1_QqGbB1bN3zN2hN1 : 1267.4288865 (0.12)%
             GtT1tN3zN1_QqC1wN1 : 1266.0450522 (0.12)%
          GbB1bN2hN1_GtT1bC1wN1 : 1253.4706905 (0.12)%
       GbB1tC1wN1_GbB2tC2hC1wN1 : 1249.0572166 (0.12)%
        GtT1bC1wN1_QqGbB1tC1wN1 : 1241.0366440 (0.12)%
        GbB1tC1wN1_QqGtT1bC1wN1 : 1241.0366440 (0.12)%
          GbB1bN3wC1wN1_QqN2zN1 : 1211.6489811 (0.11)%
             GtT1bC2wN1_QqC1wN1 : 1203.5324026 (0.11)%
        QqGbB1bN4wC1wN1_QqN2hN1 : 1191.6086448 (0.11)%
       GbB1tC1wN1_GbB2tC2wN2hN1 : 1178.5742039 (0.11)%
             GbB1bN3zN1_QqN2hN1 : 1175.9467117 (0.11)%
             GtT1bC1wN1_QqN2zN1 : 1174.5482889 (0.11)%
        QqGbB1tC2zC1wN1_QqN2hN1 : 1170.7554013 (0.11)%
       GbB1tC1wN1_GtT1tN3wC1wN1 : 1107.2351332 (0.10)%
           T1bC1wN1_T1bC2zC1wN1 : 1105.9964600 (0.10)%
        QqGbB1tC2hC1wN1_QqN2hN1 : 1098.1724189 (0.10)%
           QqC1wN1_QqGtT1tN2hN1 : 1097.9104972 (0.10)%
          GtT1bC2zC1wN1_QqN2hN1 : 1083.2426194 (0.10)%
       GbB1bN3wC1wN1_GtT1bC1wN1 : 1079.4393812 (0.10)%
           T1bC1wN1_T1bC2hC1wN1 : 1037.4283189 (0.10)%
        QqGbB1tC2wN2hN1_QqN2hN1 : 1036.2036801 (0.10)%
          GtT1bC2hC1wN1_QqN2hN1 : 1016.0851415 (0.10)%
             GbB2bN3zN1_QqC1wN1 : 1013.6773182 (0.10)%
       GbB1bN2hN1_GbB1bN4wC1wN1 : 1011.3786689 (0.10)%
          GbB1bN3zN2zN1_QqC1wN1 : 1007.9997829 (0.10)%
     GbB1bN4wC1wN1_QqGbB1tC1wN1 : 1001.3461013 (0.09)%
     GbB1tC1wN1_QqGbB1bN4wC1wN1 : 1001.3461013 (0.09)%
              C2zC1wN1_N4wC1wN1 : 996.2486500 (0.09)%
       GbB1bN2hN1_GbB1tC2zC1wN1 : 993.6794640 (0.09)%
     GbB1tC2zC1wN1_QqGbB1tC1wN1 : 983.8224671 (0.09)%
     GbB1tC1wN1_QqGbB1tC2zC1wN1 : 983.8224671 (0.09)%
           T1bC1wN1_T1bC2wN2hN1 : 978.8873070 (0.09)%
        QqC1wN1_QqGbB1bN4hN2hN1 : 966.9716308 (0.09)%
              N3wC1wN1_N4wC1wN1 : 962.5801932 (0.09)%
              C2zC1wN1_N3wC1wN1 : 960.0258582 (0.09)%
          GtT1bC2wN2hN1_QqN2hN1 : 958.7485032 (0.09)%
             GbB1bN1_GbB1tC1wN1 : 954.2941656 (0.09)%
           QqC1wN1_QqGbB1bN2zN1 : 954.2639547 (0.09)%
          GbB1bN4wC1wN1_QqN2zN1 : 947.6991317 (0.09)%
              C2hC1wN1_N4wC1wN1 : 934.4845120 (0.09)%
       GbB1bN2hN1_GbB1tC2hC1wN1 : 932.0746070 (0.09)%
          GbB1tC2zC1wN1_QqN2zN1 : 931.1143236 (0.09)%
     GbB1tC2hC1wN1_QqGbB1tC1wN1 : 922.8287115 (0.09)%
     GbB1tC1wN1_QqGbB1tC2hC1wN1 : 922.8287115 (0.09)%
           QqC1wN1_QqGbB2tC2wN1 : 910.8084842 (0.09)%
       GbB1tC1wN1_GbB2bN4wC1wN1 : 901.2499220 (0.09)%
              C2hC1wN1_N3wC1wN1 : 900.5074140 (0.09)%
       GbB1tC1wN1_GbB2bN3wC1wN1 : 886.5238552 (0.08)%
              C2wN2hN1_N4wC1wN1 : 881.7525132 (0.08)%
       GbB1bN2hN1_GbB1tC2wN2hN1 : 879.4785967 (0.08)%
          GbB1tC1wN1_GbB1tC2wN1 : 878.0850320 (0.08)%
          GbB1tC2hC1wN1_QqN2zN1 : 873.3882995 (0.08)%
             GtT1tN2zN1_QqC1wN1 : 873.1799903 (0.08)%
    GbB1bN3wC1wN1_GbB1bN4wC1wN1 : 870.9593075 (0.08)%
     GbB1tC2wN2hN1_QqGbB1tC1wN1 : 870.7544375 (0.08)%
     GbB1tC1wN1_QqGbB1tC2wN2hN1 : 870.7544375 (0.08)%
                   QqN1_QqN2hN1 : 860.5842764 (0.08)%
    GbB1bN3wC1wN1_GbB1tC2zC1wN1 : 855.7174522 (0.08)%
       GbB1bN3zN2hN1_GbB1tC1wN1 : 855.5826253 (0.08)%
           T1bC1wN1_T1tN3zN2hN1 : 853.6753630 (0.08)%
              C2wN2hN1_N3wC1wN1 : 849.6927078 (0.08)%
       GbB1bN4wC1wN1_GtT1bC1wN1 : 844.2905332 (0.08)%
             GbB2bN4hN1_QqC1wN1 : 842.5338049 (0.08)%
          GtT1tN3zN2hN1_QqN2hN1 : 836.1125644 (0.08)%
       GbB1tC2zC1wN1_GtT1bC1wN1 : 829.5153836 (0.08)%
          GbB1tC2wN2hN1_QqN2zN1 : 824.1038970 (0.08)%
          GbB1tC2wN2zN1_QqN2hN1 : 824.1038970 (0.08)%
        QqGbB2tC2zC1wN1_QqN2hN1 : 819.7756588 (0.08)%
    GbB1bN3wC1wN1_GbB1tC2hC1wN1 : 802.6657860 (0.08)%
                QqC1wN1_QqC2wN1 : 798.6195431 (0.08)%
           QqC1wN1_QqGbB1bN3zN1 : 797.5600925 (0.08)%
       GbB1tC2hC1wN1_GtT1bC1wN1 : 778.0881594 (0.07)%
        GbB1bN2hN1_QqGbB1bN2hN1 : 776.7900739 (0.07)%
          GbB1bN4hN2zN1_QqC1wN1 : 769.0429059 (0.07)%
        QqGbB2tC2hC1wN1_QqN2hN1 : 768.9522655 (0.07)%
           T1tN2hN1_T1tN3wC1wN1 : 762.8550564 (0.07)%
           QqGbB1tC1wN1_QqN2zN1 : 758.9737065 (0.07)%
    GbB1bN3wC1wN1_GbB1tC2wN2hN1 : 757.3721822 (0.07)%
             GbB1bN4hN1_QqN2hN1 : 751.9935155 (0.07)%
          GbB1bN2hN1_GbB1bN2hN1 : 750.7685262 (0.07)%
          GbB1tC1wN1_GtT1tN2hN1 : 741.1486006 (0.07)%
        QqC1wN1_QqGtT1bC2zC1wN1 : 734.6855731 (0.07)%
       GbB1tC2wN2hN1_GtT1bC1wN1 : 734.1814457 (0.07)%
                          N1_N1 : 733.2721322 (0.07)%
        QqGbB2tC2wN2hN1_QqN2hN1 : 725.5610809 (0.07)%
                GbB1tC1wN1_QqN1 : 723.1759470 (0.07)%
             QqC2zC1wN1_QqN2hN1 : 718.7996966 (0.07)%
             GbB1bN3hN1_QqC1wN1 : 716.5225065 (0.07)%
       GbB1bN2hN1_GbB2tC2zC1wN1 : 695.7851626 (0.07)%
        QqC1wN1_QqGtT1bC2hC1wN1 : 689.1374851 (0.07)%
     GbB2tC2zC1wN1_QqGbB1tC1wN1 : 688.8831862 (0.07)%
     GbB1tC1wN1_QqGbB2tC2zC1wN1 : 688.8831862 (0.07)%
        QqGtT1tN3wC1wN1_QqN2hN1 : 681.6428846 (0.06)%
                    N2hN1_N2hN1 : 675.6408185 (0.06)%
             QqC2hC1wN1_QqN2hN1 : 674.2364807 (0.06)%
          GbB2bN3zN2hN1_QqN2hN1 : 669.4456414 (0.06)%
    GbB1bN4wC1wN1_GbB1tC2zC1wN1 : 669.3049713 (0.06)%
     GbB1bN3wC1wN1_QqGbB1bN2hN1 : 668.9408879 (0.06)%
     GbB1bN2hN1_QqGbB1bN3wC1wN1 : 668.9408879 (0.06)%
          GbB2bN4hN2hN1_QqN2hN1 : 663.8448686 (0.06)%
       GbB1bN4hN2hN1_GbB1tC1wN1 : 652.7578275 (0.06)%
       GbB1bN2hN1_GbB2tC2hC1wN1 : 652.6487720 (0.06)%
          GbB2tC2zC1wN1_QqN2zN1 : 651.9763711 (0.06)%
        QqC1wN1_QqGtT1bC2wN2hN1 : 650.2501664 (0.06)%
        GbB1bN2hN1_QqGtT1bC1wN1 : 648.4579177 (0.06)%
        GtT1bC1wN1_QqGbB1bN2hN1 : 648.4579177 (0.06)%
     GbB2tC2hC1wN1_QqGbB1tC1wN1 : 646.1746955 (0.06)%
     GbB1tC1wN1_QqGbB2tC2hC1wN1 : 646.1746955 (0.06)%
          GbB1bN2zN1_GbB1tC1wN1 : 644.1794631 (0.06)%
             QqC2wN2hN1_QqN2hN1 : 636.1900103 (0.06)%
    GbB1bN4wC1wN1_GbB1tC2hC1wN1 : 627.8102654 (0.06)%
    GbB1tC2hC1wN1_GbB1tC2zC1wN1 : 616.8235372 (0.06)%
       GbB1bN2hN1_GbB2tC2wN2hN1 : 615.8204738 (0.06)%
          GbB1tC1wN1_GbB2tC2wN1 : 614.8446847 (0.06)%
          GbB2tC2hC1wN1_QqN2zN1 : 611.5559815 (0.06)%
     GbB2tC2wN2hN1_QqGbB1tC1wN1 : 609.7117227 (0.06)%
     GbB1tC1wN1_QqGbB2tC2wN2hN1 : 609.7117227 (0.06)%
          GbB1tC1wN1_QqC2zC1wN1 : 604.0299195 (0.06)%
    GbB1bN3wC1wN1_GbB2tC2zC1wN1 : 599.1826622 (0.06)%
    GbB1bN4wC1wN1_GbB1tC2wN2hN1 : 592.3835786 (0.06)%
              QqGbB1bN1_QqN2hN1 : 587.4884279 (0.06)%
              B1bN2hN1_B1tC1wN1 : 585.7771155 (0.06)%
    GbB1tC2wN2hN1_GbB1tC2zC1wN1 : 582.0168201 (0.06)%
       GbB2tC2zC1wN1_GtT1bC1wN1 : 580.8356889 (0.05)%
       GbB1bN2hN1_GtT1tN3wC1wN1 : 578.5448740 (0.05)%
          GbB2tC2wN2hN1_QqN2zN1 : 577.0465072 (0.05)%
          GbB2tC2wN2zN1_QqN2hN1 : 577.0465072 (0.05)%
  GbB1bN3wC1wN1_QqGbB1bN3wC1wN1 : 576.0654346 (0.05)%
     GtT1tN3wC1wN1_QqGbB1tC1wN1 : 572.8058855 (0.05)%
     GbB1tC1wN1_QqGtT1tN3wC1wN1 : 572.8058855 (0.05)%
        T1tN3wC1wN1_T1tN3wC1wN1 : 569.8316905 (0.05)%
             GbB1bN4zN1_QqC1wN1 : 567.3074784 (0.05)%
        QqC1wN1_QqGtT1tN3zN2hN1 : 567.0750278 (0.05)%
          GbB1tC1wN1_QqC2hC1wN1 : 566.5820521 (0.05)%
    GbB1bN3wC1wN1_GbB2tC2hC1wN1 : 562.0353088 (0.05)%
              B1tC1wN1_B1tC1wN1 : 560.5381982 (0.05)%
        QqC1wN1_QqGbB1tC2wN2zN1 : 558.9304123 (0.05)%
     GbB1bN3wC1wN1_QqGtT1bC1wN1 : 558.4263108 (0.05)%
     GtT1bC1wN1_QqGbB1bN3wC1wN1 : 558.4263108 (0.05)%
    GbB1bN3wC1wN1_GbB1bN3wC1wN1 : 556.7679246 (0.05)%
        QqGbB2bN4wC1wN1_QqN2hN1 : 554.8330053 (0.05)%
    GbB1tC2hC1wN1_GbB1tC2wN2hN1 : 545.9336925 (0.05)%
        QqGbB2bN3wC1wN1_QqN2hN1 : 545.7672538 (0.05)%
       GbB2tC2hC1wN1_GtT1bC1wN1 : 544.8257875 (0.05)%
             QqN2hN1_QqN4wC1wN1 : 543.4493135 (0.05)%
          GtT1tN3wC1wN1_QqN2zN1 : 542.1178948 (0.05)%
        GtT1bC1wN1_QqGtT1bC1wN1 : 541.3272970 (0.05)%
           QqGbB1tC2wN1_QqN2hN1 : 540.5720937 (0.05)%
                 C1wN1_N3wC1wN1 : 540.3046381 (0.05)%
          GbB1bN3zN1_GbB1tC1wN1 : 538.3959330 (0.05)%
              T1bC1wN1_T1tN3zN1 : 537.1957424 (0.05)%
          GbB1tC1wN1_QqC2wN2hN1 : 534.6104103 (0.05)%
    GbB1bN3wC1wN1_GbB2tC2wN2hN1 : 530.3202350 (0.05)%
        QqGbB1bN3zN2hN1_QqN2hN1 : 526.7190240 (0.05)%
             GtT1tN3zN1_QqN2hN1 : 526.1439292 (0.05)%
     GbB1bN2hN1_QqGbB1bN4wC1wN1 : 523.2164666 (0.05)%
     GbB1bN4wC1wN1_QqGbB1bN2hN1 : 523.2164666 (0.05)%
          GtT1bC1wN1_GtT1bC1wN1 : 523.1934735 (0.05)%
          GtT1bC2wN2zN1_QqC1wN1 : 517.1509294 (0.05)%
       GbB2tC2wN2hN1_GtT1bC1wN1 : 514.0818293 (0.05)%
     GbB1bN2hN1_QqGbB1tC2zC1wN1 : 514.0601380 (0.05)%
     GbB1tC2zC1wN1_QqGbB1bN2hN1 : 514.0601380 (0.05)%
          GtT1tN4wC1wN1_QqC1wN1 : 510.8909669 (0.05)%
              T1bC1wN1_T1bC2wN1 : 510.6709918 (0.05)%
        T1bC2zC1wN1_T1tN3wC1wN1 : 510.4774986 (0.05)%
           QqC1wN1_QqGbB1bN4hN1 : 510.0231260 (0.05)%
           B1bN3wC1wN1_B1tC1wN1 : 504.4480831 (0.05)%
             GtT1bC2wN1_QqN2hN1 : 500.1648765 (0.05)%
             GbB1bN1_GbB1bN2hN1 : 498.6312132 (0.05)%
    GbB1bN3wC1wN1_GtT1tN3wC1wN1 : 498.2199628 (0.05)%
       GbB1tC1wN1_GtT1bC2zC1wN1 : 495.9522527 (0.05)%
           GbB1bN1_QqGbB1tC1wN1 : 493.6849439 (0.05)%
           GbB1tC1wN1_QqGbB1bN1 : 493.6849439 (0.05)%
       GtT1bC1wN1_GtT1tN3wC1wN1 : 482.9644674 (0.05)%
     GbB1bN2hN1_QqGbB1tC2hC1wN1 : 482.1901010 (0.05)%
     GbB1tC2hC1wN1_QqGbB1bN2hN1 : 482.1901010 (0.05)%
        T1bC2hC1wN1_T1tN3wC1wN1 : 478.8295735 (0.05)%
              C2hC1wN1_C2zC1wN1 : 474.7348803 (0.04)%
       GbB1bN2hN1_GbB2bN4wC1wN1 : 470.9149005 (0.04)%
    GbB1bN4wC1wN1_GbB2tC2zC1wN1 : 468.6546166 (0.04)%
                GbB1bN1_QqN2zN1 : 467.2358458 (0.04)%
     GbB2bN4wC1wN1_QqGbB1tC1wN1 : 466.2435685 (0.04)%
     GbB1tC1wN1_QqGbB2bN4wC1wN1 : 466.2435685 (0.04)%
       GbB1tC1wN1_GtT1bC2hC1wN1 : 465.2048450 (0.04)%
       GbB1bN2hN1_GbB2bN3wC1wN1 : 463.2203375 (0.04)%
    GbB1tC2zC1wN1_GbB2tC2zC1wN1 : 460.4531246 (0.04)%
                 C2wN1_N4wC1wN1 : 459.9972103 (0.04)%
          GbB1bN2hN1_GbB1tC2wN1 : 458.8109418 (0.04)%
     GbB2bN3wC1wN1_QqGbB1tC1wN1 : 458.6253332 (0.04)%
     GbB1tC1wN1_QqGbB2bN3wC1wN1 : 458.6253332 (0.04)%
          GbB1tC1wN1_QqN4wC1wN1 : 456.6774953 (0.04)%
           QqGtT1tN2hN1_QqN2hN1 : 456.2704478 (0.04)%
     GbB1bN2hN1_QqGbB1tC2wN2hN1 : 454.9806101 (0.04)%
     GbB1tC2wN2hN1_QqGbB1bN2hN1 : 454.9806101 (0.04)%
        GbB1tC2wN1_QqGbB1tC1wN1 : 454.2596773 (0.04)%
        GbB1tC1wN1_QqGbB1tC2wN1 : 454.2596773 (0.04)%
        QqC1wN1_QqGbB2bN3zN2hN1 : 454.0368389 (0.04)%
        T1bC2wN2hN1_T1tN3wC1wN1 : 451.8097136 (0.04)%
          GtT1tN3zN2zN1_QqC1wN1 : 451.0008499 (0.04)%
  GbB1bN3wC1wN1_QqGbB1bN4wC1wN1 : 450.5733267 (0.04)%
  GbB1bN4wC1wN1_QqGbB1bN3wC1wN1 : 450.5733267 (0.04)%
        QqC1wN1_QqGbB2bN4hN2hN1 : 450.2382375 (0.04)%
              C2wN2hN1_C2zC1wN1 : 447.9460798 (0.04)%
       GbB1bN2hN1_GbB1bN3zN2hN1 : 447.0531392 (0.04)%
                 C2wN1_N3wC1wN1 : 443.2720853 (0.04)%
  GbB1bN3wC1wN1_QqGbB1tC2zC1wN1 : 442.6882586 (0.04)%
  GbB1tC2zC1wN1_QqGbB1bN3wC1wN1 : 442.6882586 (0.04)%
     GbB1bN3zN2hN1_QqGbB1tC1wN1 : 442.6185086 (0.04)%
     GbB1tC1wN1_QqGbB1bN3zN2hN1 : 442.6185086 (0.04)%
          GbB2bN4wC1wN1_QqN2zN1 : 441.2646381 (0.04)%
             QqC1wN1_QqN4hN2hN1 : 441.0005510 (0.04)%
    GbB1bN4wC1wN1_GbB2tC2hC1wN1 : 439.5995725 (0.04)%
       GbB1tC1wN1_GtT1bC2wN2hN1 : 438.9538146 (0.04)%
     GtT1bC1wN1_QqGbB1bN4wC1wN1 : 436.7767713 (0.04)%
     GbB1bN4wC1wN1_QqGtT1bC1wN1 : 436.7767713 (0.04)%
          GbB2bN3wC1wN1_QqN2zN1 : 434.0545487 (0.04)%
    GbB1tC2hC1wN1_GbB2tC2zC1wN1 : 431.9065460 (0.04)%
    GbB1tC2zC1wN1_GbB2tC2hC1wN1 : 431.9065460 (0.04)%
             GbB1tC2wN1_QqN2zN1 : 429.9227821 (0.04)%
          GbB1bN1_GbB1bN3wC1wN1 : 429.4014789 (0.04)%
     GbB1tC2zC1wN1_QqGtT1bC1wN1 : 429.1331440 (0.04)%
     GtT1bC1wN1_QqGbB1tC2zC1wN1 : 429.1331440 (0.04)%
                       C1wN1_N1 : 422.7984306 (0.04)%
             GbB2bN3zN1_QqN2hN1 : 421.2647616 (0.04)%
              C2hC1wN1_C2wN2hN1 : 420.1748969 (0.04)%
             GbB2tC1wN1_QqC1wN1 : 419.6993080 (0.04)%
      QqGbB1bN2hN1_QqGbB1tC1wN1 : 419.0227970 (0.04)%
          GbB1bN3zN2hN1_QqN2zN1 : 418.9052873 (0.04)%
          GbB1bN3zN2zN1_QqN2hN1 : 418.9052873 (0.04)%
             GbB2bN2hN1_QqC1wN1 : 417.5634564 (0.04)%
             GbB1bN1_GtT1bC1wN1 : 416.2532055 (0.04)%
  GbB1bN3wC1wN1_QqGbB1tC2hC1wN1 : 415.2430433 (0.04)%
  GbB1tC2hC1wN1_QqGbB1bN3wC1wN1 : 415.2430433 (0.04)%
    GbB1bN4wC1wN1_GbB2tC2wN2hN1 : 414.7934213 (0.04)%
    GbB1tC2wN2hN1_GbB2tC2zC1wN1 : 407.5345043 (0.04)%
    GbB1tC2zC1wN1_GbB2tC2wN2hN1 : 407.5345043 (0.04)%
    GbB1bN3wC1wN1_GbB2bN4wC1wN1 : 405.5332866 (0.04)%
    GbB1tC2hC1wN1_GbB2tC2hC1wN1 : 405.1297614 (0.04)%
     GbB1tC2hC1wN1_QqGtT1bC1wN1 : 402.5283012 (0.04)%
     GtT1bC1wN1_QqGbB1tC2hC1wN1 : 402.5283012 (0.04)%
        QqGbB1bN4hN2hN1_QqN2hN1 : 401.8547779 (0.04)%
      QqGbB1tC1wN1_QqGbB1tC1wN1 : 400.9686917 (0.04)%
    GbB1bN3wC1wN1_GbB2bN3wC1wN1 : 398.9070333 (0.04)%
           QqGbB1bN2hN1_QqN2zN1 : 396.5737125 (0.04)%
           QqGbB1bN2zN1_QqN2hN1 : 396.5737125 (0.04)%
       GbB1bN3wC1wN1_GbB1tC2wN1 : 395.1098361 (0.04)%
           B1bN4wC1wN1_B1tC1wN1 : 394.5573494 (0.04)%
        T1tN3wC1wN1_T1tN3zN2hN1 : 394.0175938 (0.04)%
       GbB2bN4wC1wN1_GtT1bC1wN1 : 393.1158573 (0.04)%
  GbB1bN3wC1wN1_QqGbB1tC2wN2hN1 : 391.8113059 (0.04)%
  GbB1tC2wN2hN1_QqGbB1bN3wC1wN1 : 391.8113059 (0.04)%
        QqC1wN1_QqGbB2tC2wN2zN1 : 391.3691506 (0.04)%
    GbB1bN4wC1wN1_GtT1tN3wC1wN1 : 389.6859846 (0.04)%
           B1tC1wN1_B1tC2zC1wN1 : 387.6525653 (0.04)%
          GbB1bN2hN1_GtT1tN2hN1 : 387.2598610 (0.04)%
       GbB2bN3wC1wN1_GtT1bC1wN1 : 386.6924998 (0.04)%
    GbB1bN3wC1wN1_GbB1bN3zN2hN1 : 384.9844816 (0.04)%
        GtT1tN2hN1_QqGbB1tC1wN1 : 383.4183614 (0.04)%
        GbB1tC1wN1_QqGtT1tN2hN1 : 383.4183614 (0.04)%
          GbB1tC2wN1_GtT1bC1wN1 : 383.0115728 (0.04)%
    GbB1tC2zC1wN1_GtT1tN3wC1wN1 : 382.8664497 (0.04)%
       GbB1tC1wN1_GtT1tN3zN2hN1 : 382.8061252 (0.04)%
    GbB1tC2hC1wN1_GbB2tC2wN2hN1 : 382.2687061 (0.04)%
    GbB1tC2wN2hN1_GbB2tC2hC1wN1 : 382.2687061 (0.04)%
     GbB1tC2wN2hN1_QqGtT1bC1wN1 : 379.8140436 (0.04)%
     GtT1bC1wN1_QqGbB1tC2wN2hN1 : 379.8140436 (0.04)%
           QqGbB2tC2wN1_QqN2hN1 : 378.5144563 (0.04)%
                GbB1bN2hN1_QqN1 : 377.8689138 (0.04)%
       GbB1tC1wN1_GbB1tC2wN2zN1 : 377.3080720 (0.04)%
       GbB1bN3zN2hN1_GtT1bC1wN1 : 373.1962567 (0.04)%
              T1bC1wN1_T1tN2zN1 : 370.4991164 (0.04)%
           B1tC1wN1_B1tC2hC1wN1 : 363.6193818 (0.03)%
             GtT1tN2zN1_QqN2hN1 : 362.8767793 (0.03)%
             GtT1tN2hN1_QqN2zN1 : 362.8767793 (0.03)%
          GbB2bN3zN2zN1_QqC1wN1 : 361.1003662 (0.03)%
   QqGbB1bN3wC1wN1_QqGbB1tC1wN1 : 360.8458596 (0.03)%
    GbB1tC2wN2hN1_GbB2tC2wN2hN1 : 360.6976766 (0.03)%
     GbB1bN2hN1_QqGbB2tC2zC1wN1 : 359.9504967 (0.03)%
     GbB2tC2zC1wN1_QqGbB1bN2hN1 : 359.9504967 (0.03)%
                QqN2zN1_QqN2zN1 : 359.1559011 (0.03)%
    GbB1tC2hC1wN1_GtT1tN3wC1wN1 : 359.1299897 (0.03)%
          GbB2bN4hN2zN1_QqC1wN1 : 358.0792977 (0.03)%
        B2tC2hC1wN1_B2tC2zC1wN1 : 357.4145573 (0.03)%
           QqC1wN1_QqGtT1tN3zN1 : 356.8455923 (0.03)%
  GbB1bN4wC1wN1_QqGbB1bN4wC1wN1 : 352.4188582 (0.03)%
             GbB2bN4hN1_QqN2hN1 : 350.1408151 (0.03)%
      QqGbB1tC1wN1_QqGtT1bC1wN1 : 349.7967592 (0.03)%
        T2bC2zC1wN1_T2tN4wC1wN1 : 349.2065203 (0.03)%
  GbB1bN4wC1wN1_QqGbB1tC2zC1wN1 : 346.2515009 (0.03)%
  GbB1tC2zC1wN1_QqGbB1bN4wC1wN1 : 346.2515009 (0.03)%
          GbB1bN4hN1_GbB1tC1wN1 : 344.2930248 (0.03)%
             QqC1wN1_QqC2wN2zN1 : 343.1622099 (0.03)%
           B1tC1wN1_B1tC2wN2hN1 : 343.1007145 (0.03)%
           T1bC2zC1wN1_T1tN2hN1 : 341.6976868 (0.03)%
        QqGbB1bN3wC1wN1_QqN2zN1 : 341.5135959 (0.03)%
       GbB1bN2hN1_GbB1bN4hN2hN1 : 341.0745232 (0.03)%
    GbB1bN4wC1wN1_GbB1bN4wC1wN1 : 340.6132437 (0.03)%
  GbB1tC2zC1wN1_QqGbB1tC2zC1wN1 : 340.1920729 (0.03)%
           QqC1wN1_QqGtT1bC2wN1 : 339.2258690 (0.03)%
    GbB1tC2wN2hN1_GtT1tN3wC1wN1 : 338.8646542 (0.03)%
     GbB1bN4hN2hN1_QqGbB1tC1wN1 : 337.6911681 (0.03)%
     GbB1tC1wN1_QqGbB1bN4hN2hN1 : 337.6911681 (0.03)%
     GbB1bN2hN1_QqGbB2tC2hC1wN1 : 337.6347504 (0.03)%
     GbB2tC2hC1wN1_QqGbB1bN2hN1 : 337.6347504 (0.03)%
        B2tC2wN2hN1_B2tC2zC1wN1 : 337.2460218 (0.03)%
          GbB1bN2hN1_GbB1bN2zN1 : 336.5922153 (0.03)%
              C2zC1wN1_N4hN2hN1 : 335.9721178 (0.03)%
          GbB1bN1_GbB1bN4wC1wN1 : 335.8591598 (0.03)%
       GbB1bN3wC1wN1_GtT1tN2hN1 : 333.4928753 (0.03)%
        GbB1bN2zN1_QqGbB1tC1wN1 : 333.2533233 (0.03)%
        GbB1tC1wN1_QqGbB1bN2zN1 : 333.2533233 (0.03)%
              N3zN2hN1_N4wC1wN1 : 332.7943478 (0.03)%
              C2zC1wN1_N3zN2hN1 : 331.9112335 (0.03)%
                QqC2wN1_QqN2hN1 : 331.8908941 (0.03)%
           QqGbB1bN3zN1_QqN2hN1 : 331.4506068 (0.03)%
           QqGtT1bC1wN1_QqN2zN1 : 331.0564495 (0.03)%
          GbB1bN1_GbB1tC2zC1wN1 : 329.9815985 (0.03)%
    GbB1tC2zC1wN1_GbB1tC2zC1wN1 : 328.7960412 (0.03)%
        T2bC2hC1wN1_T2tN4wC1wN1 : 327.5568652 (0.03)%
             GbB1bN3wC1wN1_QqN1 : 325.4057631 (0.03)%
  GbB1tC2hC1wN1_QqGbB1bN4wC1wN1 : 324.7850472 (0.03)%
  GbB1bN4wC1wN1_QqGbB1tC2hC1wN1 : 324.7850472 (0.03)%
              N3wC1wN1_N4hN2hN1 : 324.6178613 (0.03)%
          GtT1bC1wN1_GtT1tN2hN1 : 323.2813234 (0.03)%
          GbB1bN2hN1_GbB2tC2wN1 : 321.2644090 (0.03)%
             GtT1tN3hN1_QqC1wN1 : 320.5876280 (0.03)%
           T1bC2hC1wN1_T1tN2hN1 : 320.5135546 (0.03)%
          GbB1bN4hN2hN1_QqN2zN1 : 319.5994136 (0.03)%
          GbB1bN4hN2zN1_QqN2hN1 : 319.5994136 (0.03)%
  GbB1tC2hC1wN1_QqGbB1tC2zC1wN1 : 319.1012838 (0.03)%
  GbB1tC2zC1wN1_QqGbB1tC2hC1wN1 : 319.1012838 (0.03)%
     GbB1bN2hN1_QqGbB2tC2wN2hN1 : 318.5823691 (0.03)%
     GbB2tC2wN2hN1_QqGbB1bN2hN1 : 318.5823691 (0.03)%
        GbB2tC2wN1_QqGbB1tC1wN1 : 318.0775641 (0.03)%
        GbB1tC1wN1_QqGbB2tC2wN1 : 318.0775641 (0.03)%
    GbB1bN4wC1wN1_GbB2bN4wC1wN1 : 317.1904979 (0.03)%
        B2tC2hC1wN1_B2tC2wN2hN1 : 316.3378782 (0.03)%
          GbB1bN2hN1_QqC2zC1wN1 : 315.6135524 (0.03)%
                GtT1bC1wN1_QqN1 : 315.4418385 (0.03)%
             GbB1bN2zN1_QqN2zN1 : 315.3993257 (0.03)%
              C2hC1wN1_N4hN2hN1 : 315.1429520 (0.03)%
    GbB1bN4wC1wN1_GbB2bN3wC1wN1 : 312.0077308 (0.03)%
    GbB1tC2zC1wN1_GbB2bN4wC1wN1 : 311.6396397 (0.03)%
              C2hC1wN1_N3zN2hN1 : 311.3338293 (0.03)%
  GbB1bN3wC1wN1_QqGbB2tC2zC1wN1 : 309.9751310 (0.03)%
  GbB2tC2zC1wN1_QqGbB1bN3wC1wN1 : 309.9751310 (0.03)%
          GbB1bN1_GbB1tC2hC1wN1 : 309.5238252 (0.03)%
        T2bC2wN2hN1_T2tN4wC1wN1 : 309.0731685 (0.03)%
       GbB1bN4wC1wN1_GbB1tC2wN1 : 309.0377283 (0.03)%
    GbB1tC2zC1wN1_GbB2bN3wC1wN1 : 306.5475714 (0.03)%
       GbB1tC1wN1_GbB2bN3zN2hN1 : 306.4992717 (0.03)%
  GbB1tC2wN2hN1_QqGbB1bN4wC1wN1 : 306.4577614 (0.03)%
  GbB1bN4wC1wN1_QqGbB1tC2wN2hN1 : 306.4577614 (0.03)%
                GtT1tN1_QqC1wN1 : 305.8243679 (0.03)%
        QqGtT1bC2zC1wN1_QqN2hN1 : 305.3211680 (0.03)%
       GbB1tC1wN1_GbB2bN4hN2hN1 : 303.9350115 (0.03)%
       GbB1tC2wN1_GbB1tC2zC1wN1 : 303.6295441 (0.03)%
                    N2hN1_N2zN1 : 302.9101939 (0.03)%
           T1bC2wN2hN1_T1tN2hN1 : 302.4273047 (0.03)%
    GbB2tC2hC1wN1_GbB2tC2zC1wN1 : 302.4256586 (0.03)%
    GbB1bN3zN2hN1_GbB1bN4wC1wN1 : 301.1181164 (0.03)%
  GbB1tC2wN2hN1_QqGbB1tC2zC1wN1 : 301.0947269 (0.03)%
  GbB1tC2zC1wN1_QqGbB1tC2wN2hN1 : 301.0947269 (0.03)%
             GbB2tC2wN1_QqN2zN1 : 301.0366056 (0.03)%
     GtT1bC1wN1_QqGbB2tC2zC1wN1 : 300.4836924 (0.03)%
     GbB2tC2zC1wN1_QqGtT1bC1wN1 : 300.4836924 (0.03)%
  GbB1tC2hC1wN1_QqGbB1tC2hC1wN1 : 299.3180542 (0.03)%
     GbB1bN2hN1_QqGtT1tN3wC1wN1 : 299.2985852 (0.03)%
     GtT1tN3wC1wN1_QqGbB1bN2hN1 : 299.2985852 (0.03)%
          GbB1bN4zN2hN1_QqC1wN1 : 298.3751549 (0.03)%
             GbB1bN3hN1_QqN2hN1 : 297.7729475 (0.03)%
              C2wN2hN1_N4hN2hN1 : 297.3597597 (0.03)%
          GbB1bN2hN1_QqC2hC1wN1 : 296.0465507 (0.03)%
    GbB1bN3zN2hN1_GbB1tC2zC1wN1 : 295.8485261 (0.03)%
        T2tN4wC1wN1_T2tN4wC1wN1 : 295.6430874 (0.03)%
              C2wN2hN1_N3zN2hN1 : 293.7655818 (0.03)%
    GbB1bN3wC1wN1_GbB1bN4hN2hN1 : 293.7198891 (0.03)%
    GbB1tC2hC1wN1_GbB2bN4wC1wN1 : 292.3190075 (0.03)%
          GbB1bN1_GbB1tC2wN2hN1 : 292.0577145 (0.03)%
  GbB1bN3wC1wN1_QqGbB2tC2hC1wN1 : 290.7576928 (0.03)%
  GbB2tC2hC1wN1_QqGbB1bN3wC1wN1 : 290.7576928 (0.03)%
       GbB1bN2zN1_GbB1bN3wC1wN1 : 289.8599029 (0.03)%
    GbB1tC2hC1wN1_GbB1tC2hC1wN1 : 289.2912538 (0.03)%
    GbB1tC2hC1wN1_GbB2bN3wC1wN1 : 287.5426307 (0.03)%
        QqGtT1bC2hC1wN1_QqN2hN1 : 286.3922603 (0.03)%
           QqC1wN1_QqGbB2bN3zN1 : 285.7135948 (0.03)%
    GbB2tC2wN2hN1_GbB2tC2zC1wN1 : 285.3600901 (0.03)%
       GbB1tC2hC1wN1_GbB1tC2wN1 : 284.8055115 (0.03)%
       GbB1bN4hN2hN1_GtT1bC1wN1 : 284.7261860 (0.03)%
        QqC1wN1_QqGbB1bN3zN2zN1 : 284.1133330 (0.03)%
  GbB1tC2hC1wN1_QqGbB1tC2wN2hN1 : 282.4278446 (0.03)%
  GbB1tC2wN2hN1_QqGbB1tC2hC1wN1 : 282.4278446 (0.03)%
   QqGbB1bN4wC1wN1_QqGbB1tC1wN1 : 282.2379362 (0.03)%
     GbB2tC2hC1wN1_QqGtT1bC1wN1 : 281.8546922 (0.03)%
     GtT1bC1wN1_QqGbB2tC2hC1wN1 : 281.8546922 (0.03)%
          GbB1bN2hN1_GbB1bN3zN1 : 281.3189339 (0.03)%
          GbB1bN2zN1_GtT1bC1wN1 : 280.9843925 (0.03)%
          GbB1bN2hN1_QqC2wN2hN1 : 279.3409486 (0.03)%
             GbB1tC1wN1_QqC2wN1 : 278.8983231 (0.03)%
        GbB1bN3zN1_QqGbB1tC1wN1 : 278.5283360 (0.03)%
        GbB1tC1wN1_QqGbB1bN3zN1 : 278.5283360 (0.03)%
    GbB1bN3zN2hN1_GbB1tC2hC1wN1 : 277.5068910 (0.03)%
   QqGbB1tC1wN1_QqGbB1tC2zC1wN1 : 277.2987505 (0.03)%
       GbB1bN3wC1wN1_GbB2tC2wN1 : 276.6602023 (0.03)%
    GbB1tC2wN2hN1_GbB2bN4wC1wN1 : 275.8237469 (0.03)%
  GbB1bN3wC1wN1_QqGbB2tC2wN2hN1 : 274.3505356 (0.03)%
  GbB2tC2wN2hN1_QqGbB1bN3wC1wN1 : 274.3505356 (0.03)%
       GbB1bN3wC1wN1_QqC2zC1wN1 : 271.7939081 (0.03)%
    GbB1tC2wN2hN1_GbB2bN3wC1wN1 : 271.3168961 (0.03)%
        QqGtT1bC2wN2hN1_QqN2hN1 : 270.2314399 (0.03)%
       GbB1tC2wN1_GbB1tC2wN2hN1 : 268.7342298 (0.03)%
          GbB2tC2wN1_GtT1bC1wN1 : 268.1888668 (0.03)%
    GbB2tC2zC1wN1_GtT1tN3wC1wN1 : 268.0872501 (0.03)%
    GbB2tC2hC1wN1_GbB2tC2wN2hN1 : 267.6687035 (0.03)%
        QqGbB1bN4wC1wN1_QqN2zN1 : 267.1170804 (0.03)%
  GbB1tC2wN2hN1_QqGbB1tC2wN2hN1 : 266.4907322 (0.03)%
     GbB2tC2wN2hN1_QqGtT1bC1wN1 : 265.9499221 (0.03)%
     GtT1bC1wN1_QqGbB2tC2wN2hN1 : 265.9499221 (0.03)%
       GbB1tC1wN1_GbB2tC2wN2zN1 : 264.1952135 (0.02)%
             GbB2bN4zN1_QqC1wN1 : 264.1478933 (0.02)%
           T1tN2hN1_T1tN3zN2hN1 : 263.7430655 (0.02)%
             GbB1bN3zN1_QqN2zN1 : 263.6062215 (0.02)%
           B1bN2hN1_B1bN3wC1wN1 : 263.5807373 (0.02)%
          GtT1bC1wN1_QqC2zC1wN1 : 263.4715786 (0.02)%
        QqGbB1tC2zC1wN1_QqN2zN1 : 262.4425108 (0.02)%
    GbB1bN3zN2hN1_GbB1tC2wN2hN1 : 261.8474629 (0.02)%
       GbB1bN4wC1wN1_GtT1tN2hN1 : 260.8436216 (0.02)%
   QqGbB1tC1wN1_QqGbB1tC2hC1wN1 : 260.1071404 (0.02)%
       GbB1bN2hN1_GtT1bC2zC1wN1 : 259.1415545 (0.02)%
           GbB1bN1_QqGbB1bN2hN1 : 257.9568559 (0.02)%
           GbB1bN2hN1_QqGbB1bN1 : 257.9568559 (0.02)%
        B2bN4wC1wN1_B2tC2zC1wN1 : 257.8903813 (0.02)%
  GtT1tN3wC1wN1_QqGbB1bN3wC1wN1 : 257.7441037 (0.02)%
  GbB1bN3wC1wN1_QqGtT1tN3wC1wN1 : 257.7441037 (0.02)%
    GbB1tC2wN2hN1_GbB1tC2wN2hN1 : 257.5636082 (0.02)%
             GbB2bN3hN1_QqC1wN1 : 256.6831302 (0.02)%
     GtT1bC2zC1wN1_QqGbB1tC1wN1 : 256.5709494 (0.02)%
     GbB1tC1wN1_QqGtT1bC2zC1wN1 : 256.5709494 (0.02)%
       GbB1tC2zC1wN1_GtT1tN2hN1 : 256.2788381 (0.02)%
              T1tN2hN1_T1tN2hN1 : 255.3156690 (0.02)%
       GbB1bN3wC1wN1_QqC2hC1wN1 : 254.9435802 (0.02)%
             GbB1bN4wC1wN1_QqN1 : 254.5182342 (0.02)%
        B2bN3wC1wN1_B2tC2zC1wN1 : 253.6765546 (0.02)%
              C2zC1wN1_C2zC1wN1 : 253.0560847 (0.02)%
    GbB2tC2hC1wN1_GtT1tN3wC1wN1 : 251.4667227 (0.02)%
             GbB1tC2zC1wN1_QqN1 : 250.0641454 (0.02)%
     GtT1tN3wC1wN1_QqGtT1bC1wN1 : 249.8519792 (0.02)%
     GtT1bC1wN1_QqGtT1tN3wC1wN1 : 249.8519792 (0.02)%
           T1tN3wC1wN1_T1tN3zN1 : 247.9450421 (0.02)%
          GtT1bC1wN1_QqC2hC1wN1 : 247.1372077 (0.02)%
        QqGbB1tC2hC1wN1_QqN2zN1 : 246.1719387 (0.02)%
           QqC1wN1_QqGtT1tN2zN1 : 246.1132250 (0.02)%
          GbB2wT1bC1wN1_QqC1wN1 : 245.8257660 (0.02)%
   QqGbB1tC1wN1_QqGbB1tC2wN2hN1 : 245.4295623 (0.02)%
     GbB1bN2hN1_QqGbB2bN4wC1wN1 : 243.6183774 (0.02)%
     GbB2bN4wC1wN1_QqGbB1bN2hN1 : 243.6183774 (0.02)%
       GbB1bN2hN1_GtT1bC2hC1wN1 : 243.0756308 (0.02)%
          GtT1bC2zC1wN1_QqN2zN1 : 242.8251986 (0.02)%
  GbB2tC2zC1wN1_QqGbB1bN4wC1wN1 : 242.4490649 (0.02)%
  GbB1bN4wC1wN1_QqGbB2tC2zC1wN1 : 242.4490649 (0.02)%
       GbB1bN3wC1wN1_GbB1bN3zN1 : 242.2607391 (0.02)%
        B2bN4wC1wN1_B2tC2hC1wN1 : 241.9020263 (0.02)%
          GbB1tC1wN1_GtT1tN3zN1 : 240.8899560 (0.02)%
     GtT1bC2hC1wN1_QqGbB1tC1wN1 : 240.6643948 (0.02)%
     GbB1tC1wN1_QqGtT1bC2hC1wN1 : 240.6643948 (0.02)%
       GbB1bN3wC1wN1_QqC2wN2hN1 : 240.5573764 (0.02)%
       GbB1tC2hC1wN1_GtT1tN2hN1 : 240.3903934 (0.02)%
     GbB1bN2hN1_QqGbB2bN3wC1wN1 : 239.6377496 (0.02)%
     GbB2bN3wC1wN1_QqGbB1bN2hN1 : 239.6377496 (0.02)%
          GbB1bN2hN1_QqN4wC1wN1 : 238.6199788 (0.02)%
  GbB1tC2zC1wN1_QqGbB2tC2zC1wN1 : 238.2061875 (0.02)%
  GbB2tC2zC1wN1_QqGbB1tC2zC1wN1 : 238.2061875 (0.02)%
        B2bN3wC1wN1_B2tC2hC1wN1 : 237.9494430 (0.02)%
           QqC1wN1_QqGbB2bN4hN1 : 237.4753364 (0.02)%
        GbB1bN2hN1_QqGbB1tC2wN1 : 237.3566372 (0.02)%
        GbB1tC2wN1_QqGbB1bN2hN1 : 237.3566372 (0.02)%
    GbB2tC2wN2hN1_GtT1tN3wC1wN1 : 237.2767145 (0.02)%
             GbB1bN4zN1_QqN2hN1 : 235.7620570 (0.02)%
           T1bC2wN1_T1tN3wC1wN1 : 235.7024276 (0.02)%
        QqGtT1tN3zN2hN1_QqN2hN1 : 235.6654550 (0.02)%
          GbB1bN3zN1_GtT1bC1wN1 : 234.8427152 (0.02)%
             GbB1tC2hC1wN1_QqN1 : 234.5609912 (0.02)%
                 C2wN1_C2zC1wN1 : 233.6868271 (0.02)%
          GtT1bC1wN1_QqC2wN2hN1 : 233.1915095 (0.02)%
                QqC1wN1_QqN4hN1 : 232.6029765 (0.02)%
        QqGbB1tC2wN2hN1_QqN2zN1 : 232.2807097 (0.02)%
        QqGbB1tC2wN2zN1_QqN2hN1 : 232.2807097 (0.02)%
     GbB1bN2hN1_QqGbB1bN3zN2hN1 : 231.2739739 (0.02)%
     GbB1bN3zN2hN1_QqGbB1bN2hN1 : 231.2739739 (0.02)%
          GbB1bN1_GbB2tC2zC1wN1 : 231.0567023 (0.02)%
    GbB1bN4hN2hN1_GbB1bN4wC1wN1 : 229.7349218 (0.02)%
       GbB1bN2hN1_GtT1bC2wN2hN1 : 229.3591233 (0.02)%
          GbB1tC1wN1_GtT1bC2wN1 : 228.9956957 (0.02)%
        B2bN4wC1wN1_B2tC2wN2hN1 : 228.2517440 (0.02)%
          GtT1bC2hC1wN1_QqN2zN1 : 227.7708353 (0.02)%
  GbB2tC2hC1wN1_QqGbB1bN4wC1wN1 : 227.4180207 (0.02)%
  GbB1bN4wC1wN1_QqGbB2tC2hC1wN1 : 227.4180207 (0.02)%
     GtT1bC2wN2hN1_QqGbB1tC1wN1 : 227.0839508 (0.02)%
     GbB1tC1wN1_QqGtT1bC2wN2hN1 : 227.0839508 (0.02)%
       GbB1tC2wN2hN1_GtT1tN2hN1 : 226.8254110 (0.02)%
       GbB1bN2zN1_GbB1bN4wC1wN1 : 226.7158084 (0.02)%
    GbB1bN4hN2hN1_GbB1tC2zC1wN1 : 225.7145429 (0.02)%
        T2tN3wC1wN1_T2tN4wC1wN1 : 224.9567791 (0.02)%
        B2bN3wC1wN1_B2tC2wN2hN1 : 224.5222009 (0.02)%
  GbB1tC2hC1wN1_QqGbB2tC2zC1wN1 : 223.4381877 (0.02)%
  GbB2tC2zC1wN1_QqGbB1tC2hC1wN1 : 223.4381877 (0.02)%
  GbB1tC2zC1wN1_QqGbB2tC2hC1wN1 : 223.4381877 (0.02)%
  GbB2tC2hC1wN1_QqGbB1tC2zC1wN1 : 223.4381877 (0.02)%
    GbB1bN3wC1wN1_GtT1bC2zC1wN1 : 223.1624571 (0.02)%
       GbB1bN2zN1_GbB1tC2zC1wN1 : 222.7482642 (0.02)%
              C2hC1wN1_C2hC1wN1 : 222.6514399 (0.02)%
        GbB1bN3wC1wN1_QqGbB1bN1 : 222.1422415 (0.02)%
        GbB1bN1_QqGbB1bN3wC1wN1 : 222.1422415 (0.02)%
             GbB1tC2wN2hN1_QqN1 : 221.3249560 (0.02)%
           T1bC1wN1_T1bC2wN2zN1 : 219.4323788 (0.02)%
                 C2hC1wN1_C2wN1 : 219.1990128 (0.02)%
    GbB2bN4wC1wN1_GbB2tC2zC1wN1 : 218.2134634 (0.02)%
           T1bC1wN1_T1tN4wC1wN1 : 216.7762132 (0.02)%
        QqC1wN1_QqGbB1bN4hN2zN1 : 216.7612999 (0.02)%
          GbB1bN1_GbB2tC2hC1wN1 : 216.7319471 (0.02)%
       GbB1bN4wC1wN1_GbB2tC2wN1 : 216.3915768 (0.02)%
       GtT1bC1wN1_GtT1bC2zC1wN1 : 216.3292226 (0.02)%
           GbB1bN1_QqGtT1bC1wN1 : 215.3402460 (0.02)%
           GtT1bC1wN1_QqGbB1bN1 : 215.3402460 (0.02)%
          GbB1bN3hN2hN1_QqC1wN1 : 215.0566871 (0.02)%
          GtT1bC2wN2hN1_QqN2zN1 : 214.9179616 (0.02)%
          GtT1bC2wN2zN1_QqN2hN1 : 214.9179616 (0.02)%
                 N2hN1_N3wC1wN1 : 214.8358053 (0.02)%
    GbB2bN3wC1wN1_GbB2tC2zC1wN1 : 214.6479418 (0.02)%
  GbB2tC2wN2hN1_QqGbB1bN4wC1wN1 : 214.5850559 (0.02)%
  GbB1bN4wC1wN1_QqGbB2tC2wN2hN1 : 214.5850559 (0.02)%
        T1bC2hC1wN1_T1bC2zC1wN1 : 214.4771228 (0.02)%
       GbB1tC2zC1wN1_GbB2tC2wN1 : 212.6047074 (0.02)%
       GbB1tC2wN1_GbB2tC2zC1wN1 : 212.6047074 (0.02)%
       GbB1bN4wC1wN1_QqC2zC1wN1 : 212.5853731 (0.02)%
          GtT1tN4wC1wN1_QqN2hN1 : 212.3164418 (0.02)%
           QqGbB1bN4hN1_QqN2hN1 : 211.9557839 (0.02)%
    GbB1bN4hN2hN1_GbB1tC2hC1wN1 : 211.7209840 (0.02)%
  GbB1tC2wN2hN1_QqGbB2tC2zC1wN1 : 210.8298009 (0.02)%
  GbB2tC2wN2hN1_QqGbB1tC2zC1wN1 : 210.8298009 (0.02)%
  GbB1tC2zC1wN1_QqGbB2tC2wN2hN1 : 210.8298009 (0.02)%
  GbB2tC2zC1wN1_QqGbB1tC2wN2hN1 : 210.8298009 (0.02)%
  GbB1bN3wC1wN1_QqGbB2bN4wC1wN1 : 209.7945110 (0.02)%
  GbB2bN4wC1wN1_QqGbB1bN3wC1wN1 : 209.7945110 (0.02)%
  GbB1tC2hC1wN1_QqGbB2tC2hC1wN1 : 209.5857553 (0.02)%
  GbB2tC2hC1wN1_QqGbB1tC2hC1wN1 : 209.5857553 (0.02)%
                 N3zN1_N4wC1wN1 : 209.4188429 (0.02)%
    GbB1bN3wC1wN1_GtT1bC2hC1wN1 : 209.3271191 (0.02)%
       GbB1bN2zN1_GbB1tC2hC1wN1 : 208.9386048 (0.02)%
       GbB1tC2zC1wN1_QqC2zC1wN1 : 208.8651126 (0.02)%
                 C2zC1wN1_N3zN1 : 208.8631220 (0.02)%
    GbB1bN3zN2hN1_GbB2tC2zC1wN1 : 207.1563540 (0.02)%
                 C2wN1_C2wN2hN1 : 206.8298382 (0.02)%
  GbB1bN3wC1wN1_QqGbB2bN3wC1wN1 : 206.3665518 (0.02)%
  GbB2bN3wC1wN1_QqGbB1bN3wC1wN1 : 206.3665518 (0.02)%
           B1bN2hN1_B1bN4wC1wN1 : 206.1613881 (0.02)%
       GbB1bN3wC1wN1_QqN4wC1wN1 : 205.4900878 (0.02)%
    GbB2bN4wC1wN1_GbB2tC2hC1wN1 : 204.6849467 (0.02)%
          GbB1bN1_GbB2tC2wN2hN1 : 204.5019865 (0.02)%
     GbB1bN3wC1wN1_QqGbB1tC2wN1 : 204.4021480 (0.02)%
     GbB1tC2wN1_QqGbB1bN3wC1wN1 : 204.4021480 (0.02)%
              QqGbB1tC1wN1_QqN1 : 203.8333065 (0.02)%
     GbB2bN4wC1wN1_QqGtT1bC1wN1 : 203.3706030 (0.02)%
     GtT1bC1wN1_QqGbB2bN4wC1wN1 : 203.3706030 (0.02)%
       GtT1bC1wN1_GtT1bC2hC1wN1 : 202.9175226 (0.02)%
           B1bN2hN1_B1tC2zC1wN1 : 202.5535479 (0.02)%
        T1bC2wN2hN1_T1bC2zC1wN1 : 202.3743996 (0.02)%
           QqC1wN1_QqGbB1bN3hN1 : 201.9579775 (0.02)%
  GtT1tN3wC1wN1_QqGbB1bN4wC1wN1 : 201.5962272 (0.02)%
  GbB1bN4wC1wN1_QqGtT1tN3wC1wN1 : 201.5962272 (0.02)%
    GbB2bN3wC1wN1_GbB2tC2hC1wN1 : 201.3404757 (0.02)%
        GtT1tN2hN1_QqGbB1bN2hN1 : 200.3411208 (0.02)%
        GbB1bN2hN1_QqGtT1tN2hN1 : 200.3411208 (0.02)%
     GtT1bC1wN1_QqGbB2bN3wC1wN1 : 200.0476079 (0.02)%
     GbB2bN3wC1wN1_QqGtT1bC1wN1 : 200.0476079 (0.02)%
       GbB1bN2hN1_GtT1tN3zN2hN1 : 200.0212194 (0.02)%
    GbB1bN4hN2hN1_GbB1tC2wN2hN1 : 199.7737868 (0.02)%
       GbB1tC2hC1wN1_GbB2tC2wN1 : 199.4239152 (0.02)%
       GbB1tC2wN1_GbB2tC2hC1wN1 : 199.4239152 (0.02)%
       GbB1bN4wC1wN1_QqC2hC1wN1 : 199.4057795 (0.02)%
        T2tN4hN2hN1_T2tN4wC1wN1 : 199.4037014 (0.02)%
          GtT1bC1wN1_QqN4wC1wN1 : 199.1979813 (0.02)%
  GbB1bN3wC1wN1_QqGbB1bN3zN2hN1 : 199.1639989 (0.02)%
  GbB1bN3zN2hN1_QqGbB1bN3wC1wN1 : 199.1639989 (0.02)%
              C2wN2hN1_C2wN2hN1 : 198.2324300 (0.02)%
        GbB1tC2wN1_QqGtT1bC1wN1 : 198.1433542 (0.02)%
        GtT1bC1wN1_QqGbB1tC2wN1 : 198.1433542 (0.02)%
  GtT1tN3wC1wN1_QqGbB1tC2zC1wN1 : 198.0682776 (0.02)%
  GbB1tC2zC1wN1_QqGtT1tN3wC1wN1 : 198.0682776 (0.02)%
     GbB1tC1wN1_QqGtT1tN3zN2hN1 : 198.0370700 (0.02)%
     GtT1tN3zN2hN1_QqGbB1tC1wN1 : 198.0370700 (0.02)%
  GbB2tC2wN2hN1_QqGbB1tC2hC1wN1 : 197.7590470 (0.02)%
  GbB1tC2hC1wN1_QqGbB2tC2wN2hN1 : 197.7590470 (0.02)%
  GbB1tC2wN2hN1_QqGbB2tC2hC1wN1 : 197.7590470 (0.02)%
  GbB2tC2hC1wN1_QqGbB1tC2wN2hN1 : 197.7590470 (0.02)%
              C2wN2zN1_N4wC1wN1 : 197.6581472 (0.02)%
    GbB1bN3wC1wN1_GtT1bC2wN2hN1 : 197.5150053 (0.02)%
       GbB1bN2zN1_GbB1tC2wN2hN1 : 197.1484145 (0.02)%
       GbB1bN2hN1_GbB1tC2wN2zN1 : 197.1484145 (0.02)%
       GbB1tC2hC1wN1_QqC2zC1wN1 : 195.9161629 (0.02)%
       GbB1tC2zC1wN1_QqC2hC1wN1 : 195.9161629 (0.02)%
                 C2hC1wN1_N3zN1 : 195.9142957 (0.02)%
     GbB1tC2wN2zN1_QqGbB1tC1wN1 : 195.1927624 (0.02)%
     GbB1tC1wN1_QqGbB1tC2wN2zN1 : 195.1927624 (0.02)%
                 B1bN1_B1tC1wN1 : 194.5251723 (0.02)%
    GbB1bN3zN2hN1_GbB2tC2hC1wN1 : 194.3133417 (0.02)%
   QqGbB1tC1wN1_QqGbB2tC2zC1wN1 : 194.1675995 (0.02)%
        T2bC2hC1wN1_T2bC2zC1wN1 : 193.4511544 (0.02)%
    GbB2bN4wC1wN1_GbB2tC2wN2hN1 : 193.1347859 (0.02)%
     GtT1bC1wN1_QqGbB1bN3zN2hN1 : 193.0655972 (0.02)%
     GbB1bN3zN2hN1_QqGtT1bC1wN1 : 193.0655972 (0.02)%
                   QqN1_QqN2zN1 : 192.9129672 (0.02)%
          GbB1tC1wN1_GbB2bN3zN1 : 192.8720342 (0.02)%
          GbB1bN1_GtT1tN3wC1wN1 : 192.1234857 (0.02)%
       GbB1bN3zN2zN1_GbB1tC1wN1 : 191.7917715 (0.02)%
       GtT1bC1wN1_GtT1bC2wN2hN1 : 191.4670958 (0.02)%
           T1bC1wN1_T1tN3zN2zN1 : 191.3642298 (0.02)%
        B2tC2zC1wN1_B2tC2zC1wN1 : 190.5188185 (0.02)%
              C2wN2zN1_N3wC1wN1 : 190.4714575 (0.02)%
           B1bN2hN1_B1tC2hC1wN1 : 189.9958944 (0.02)%
    GbB2bN3wC1wN1_GbB2tC2wN2hN1 : 189.9790400 (0.02)%
        T1bC2hC1wN1_T1bC2wN2hN1 : 189.8278527 (0.02)%
       GbB1bN3zN1_GbB1bN4wC1wN1 : 189.4858129 (0.02)%
        QqGbB2bN3zN2hN1_QqN2hN1 : 188.6889617 (0.02)%
   QqGbB1bN2hN1_QqGbB1bN3wC1wN1 : 188.5466927 (0.02)%
       GbB1tC2wN2hN1_GbB2tC2wN1 : 188.1706290 (0.02)%
       GbB1tC2wN1_GbB2tC2wN2hN1 : 188.1706290 (0.02)%
       GbB1bN4wC1wN1_QqC2wN2hN1 : 188.1535167 (0.02)%
          GtT1tN3zN2hN1_QqN2zN1 : 187.4272632 (0.02)%
          GtT1tN3zN2zN1_QqN2hN1 : 187.4272632 (0.02)%
        QqGbB2bN4hN2hN1_QqN2hN1 : 187.1103362 (0.02)%
                 C1wN1_N3zN2hN1 : 186.8003631 (0.02)%
  GbB1tC2wN2hN1_QqGbB2tC2wN2hN1 : 186.5997076 (0.02)%
  GbB2tC2wN2hN1_QqGbB1tC2wN2hN1 : 186.5997076 (0.02)%
       GbB1bN3zN1_GbB1tC2zC1wN1 : 186.1697965 (0.02)%
  GtT1tN3wC1wN1_QqGbB1tC2hC1wN1 : 185.7886962 (0.02)%
  GbB1tC2hC1wN1_QqGtT1tN3wC1wN1 : 185.7886962 (0.02)%
       GbB1tC2wN2hN1_QqC2zC1wN1 : 184.8608156 (0.02)%
       GbB1tC2zC1wN1_QqC2wN2hN1 : 184.8608156 (0.02)%
                 C2wN2hN1_N3zN1 : 184.8590537 (0.02)%
          GbB1tC2wN2zN1_QqN2zN1 : 184.7353390 (0.02)%
       GbB1tC2hC1wN1_QqC2hC1wN1 : 183.7700055 (0.02)%
        QqGbB2tC2zC1wN1_QqN2zN1 : 183.7650990 (0.02)%
    GbB1bN3zN2hN1_GbB2tC2wN2hN1 : 183.3484399 (0.02)%
             QqN2hN1_QqN4hN2hN1 : 183.2713317 (0.02)%
      QqGbB1bN2hN1_QqGtT1bC1wN1 : 182.7733929 (0.02)%
        T2bC2wN2hN1_T2bC2zC1wN1 : 182.5349049 (0.02)%
   QqGbB1tC1wN1_QqGbB2tC2hC1wN1 : 182.1298472 (0.02)%
    GbB2bN4wC1wN1_GtT1tN3wC1wN1 : 181.4443416 (0.02)%
          GbB1bN2hN1_GbB1bN4hN1 : 179.8976195 (0.02)%
       GbB2tC2zC1wN1_GtT1tN2hN1 : 179.4492283 (0.02)%
           B1bN2hN1_B1tC2wN2hN1 : 179.2746217 (0.02)%
              B1tC1wN1_B1tC2wN1 : 178.9905548 (0.02)%
    GbB2bN3wC1wN1_GtT1tN3wC1wN1 : 178.4796129 (0.02)%
        GbB1bN4hN1_QqGbB1tC1wN1 : 178.1130900 (0.02)%
        GbB1tC1wN1_QqGbB1bN4hN1 : 178.1130900 (0.02)%
        B1bN3wC1wN1_B1bN4wC1wN1 : 177.5380333 (0.02)%
                 C2zC1wN1_N4hN1 : 177.2063877 (0.02)%
       GbB1tC2wN1_GtT1tN3wC1wN1 : 176.7806649 (0.02)%
        T1bC2zC1wN1_T1tN3zN2hN1 : 176.4881798 (0.02)%
     GbB1bN2hN1_QqGbB1bN4hN2hN1 : 176.4480628 (0.02)%
     GbB1bN4hN2hN1_QqGbB1bN2hN1 : 176.4480628 (0.02)%
           B2tC2wN1_B2tC2zC1wN1 : 175.9362484 (0.02)%
  GtT1tN3wC1wN1_QqGbB1tC2wN2hN1 : 175.3048314 (0.02)%
  GbB1tC2wN2hN1_QqGtT1tN3wC1wN1 : 175.3048314 (0.02)%
             GbB2tC2zC1wN1_QqN1 : 175.0976329 (0.02)%
       GbB1bN3zN1_GbB1tC2hC1wN1 : 174.6278817 (0.02)%
    GbB1bN4wC1wN1_GtT1bC2zC1wN1 : 174.5479674 (0.02)%
        B1bN3wC1wN1_B1tC2zC1wN1 : 174.4311040 (0.02)%
             GbB2tC1wN1_QqN2hN1 : 174.4189455 (0.02)%
           B1bN3zN2hN1_B1tC1wN1 : 174.4036206 (0.02)%
        GbB1bN2hN1_QqGbB1bN2zN1 : 174.1292307 (0.02)%
        GbB1bN2zN1_QqGbB1bN2hN1 : 174.1292307 (0.02)%
        GbB1bN1_QqGbB1bN4wC1wN1 : 173.7499991 (0.02)%
        GbB1bN4wC1wN1_QqGbB1bN1 : 173.7499991 (0.02)%
             GbB2bN2hN1_QqN2hN1 : 173.5313267 (0.02)%
       GbB1tC2hC1wN1_QqC2wN2hN1 : 173.4000533 (0.02)%
       GbB1tC2wN2hN1_QqC2hC1wN1 : 173.4000533 (0.02)%
     GtT1tN2hN1_QqGbB1bN3wC1wN1 : 172.5258493 (0.02)%
     GbB1bN3wC1wN1_QqGtT1tN2hN1 : 172.5258493 (0.02)%
        QqGbB2tC2hC1wN1_QqN2zN1 : 172.3722675 (0.02)%
          GtT1tN4hN2hN1_QqC1wN1 : 172.2914456 (0.02)%
    GbB1bN3wC1wN1_GtT1tN3zN2hN1 : 172.2503629 (0.02)%
    GbB1bN3zN2hN1_GtT1tN3wC1wN1 : 172.2503629 (0.02)%
   QqGbB1tC1wN1_QqGbB2tC2wN2hN1 : 171.8524475 (0.02)%
        B2bN3wC1wN1_B2bN4wC1wN1 : 171.6910275 (0.02)%
    GbB1tC2zC1wN1_GtT1bC2zC1wN1 : 171.4933644 (0.02)%
        T2bC2hC1wN1_T2bC2wN2hN1 : 171.2183415 (0.02)%
                 N3wC1wN1_N4hN1 : 171.2176563 (0.02)%
           T1tN2zN1_T1tN3wC1wN1 : 171.0054860 (0.02)%
        GbB1bN1_QqGbB1tC2zC1wN1 : 170.7093607 (0.02)%
        GbB1tC2zC1wN1_QqGbB1bN1 : 170.7093607 (0.02)%
        QqC2zC1wN1_QqGbB1tC1wN1 : 170.2509828 (0.02)%
    GbB1bN3wC1wN1_GbB1tC2wN2zN1 : 169.7764169 (0.02)%
             GbB1bN4hN1_QqN2zN1 : 168.5707075 (0.02)%
       GbB2tC2hC1wN1_GtT1tN2hN1 : 168.3239667 (0.02)%
        B2tC2hC1wN1_B2tC2hC1wN1 : 167.6280154 (0.02)%
        GtT1tN2hN1_QqGtT1bC1wN1 : 167.2431078 (0.02)%
        GtT1bC1wN1_QqGtT1tN2hN1 : 167.2431078 (0.02)%
       GtT1bC1wN1_GtT1tN3zN2hN1 : 166.9760567 (0.02)%
  GbB2tC2zC1wN1_QqGbB2tC2zC1wN1 : 166.7945619 (0.02)%
                 C2hC1wN1_N4hN1 : 166.2201748 (0.02)%
        GbB2tC2wN1_QqGbB1bN2hN1 : 166.1996976 (0.02)%
        GbB1bN2hN1_QqGbB2tC2wN1 : 166.1996976 (0.02)%
          GbB1tC1wN1_GtT1tN2zN1 : 166.1396560 (0.02)%
              T1tN2hN1_T1tN3zN1 : 165.9666637 (0.02)%
        T1bC2hC1wN1_T1tN3zN2hN1 : 165.5464934 (0.02)%
           B2tC2hC1wN1_B2tC2wN1 : 165.0287800 (0.02)%
       GbB1bN3zN1_GbB1tC2wN2hN1 : 164.7738101 (0.02)%
       GbB1tC2wN2zN1_GtT1bC1wN1 : 164.5778630 (0.02)%
             GbB2tC2hC1wN1_QqN1 : 164.2421559 (0.02)%
  GbB2bN4wC1wN1_QqGbB1bN4wC1wN1 : 164.0921414 (0.02)%
  GbB1bN4wC1wN1_QqGbB2bN4wC1wN1 : 164.0921414 (0.02)%
    GbB1bN4wC1wN1_GtT1bC2hC1wN1 : 163.7265678 (0.02)%
        B1bN3wC1wN1_B1tC2hC1wN1 : 163.6169495 (0.02)%
       GbB1tC2wN2hN1_QqC2wN2hN1 : 163.6152669 (0.02)%
        QqGbB2tC2wN2hN1_QqN2zN1 : 162.6454780 (0.02)%
        QqGbB2tC2wN2zN1_QqN2hN1 : 162.6454780 (0.02)%
   QqGbB1tC1wN1_QqGtT1tN3wC1wN1 : 161.4502226 (0.02)%
  GbB2bN3wC1wN1_QqGbB1bN4wC1wN1 : 161.4109408 (0.02)%
  GbB1bN4wC1wN1_QqGbB2bN3wC1wN1 : 161.4109408 (0.02)%
           T2bC2wN1_T2tN4wC1wN1 : 161.2388887 (0.02)%
  GbB1tC2zC1wN1_QqGbB2bN4wC1wN1 : 161.2205162 (0.02)%
  GbB2bN4wC1wN1_QqGbB1tC2zC1wN1 : 161.2205162 (0.02)%
    GbB2tC2zC1wN1_GbB2tC2zC1wN1 : 161.2071416 (0.02)%
             QqC2zC1wN1_QqN2zN1 : 161.1298115 (0.02)%
    GbB1tC2zC1wN1_GtT1bC2hC1wN1 : 160.8613402 (0.02)%
    GbB1tC2hC1wN1_GtT1bC2zC1wN1 : 160.8613402 (0.02)%
       GbB1bN4wC1wN1_QqN4wC1wN1 : 160.7254088 (0.02)%
          GbB1tC1wN1_GbB2bN4hN1 : 160.3086169 (0.02)%
       GbB1bN2hN1_GbB2bN3zN2hN1 : 160.1498880 (0.02)%
        GbB1bN1_QqGbB1tC2hC1wN1 : 160.1259421 (0.02)%
        GbB1tC2hC1wN1_QqGbB1bN1 : 160.1259421 (0.02)%
           QqC1wN1_QqGbB1bN4zN1 : 159.9004497 (0.02)%
     GbB1tC2wN1_QqGbB1bN4wC1wN1 : 159.8744696 (0.02)%
     GbB1bN4wC1wN1_QqGbB1tC2wN1 : 159.8744696 (0.02)%
        QqC2hC1wN1_QqGbB1tC1wN1 : 159.6959821 (0.02)%
       GbB2tC2wN2hN1_GtT1tN2hN1 : 158.8256185 (0.02)%
       GbB1bN2hN1_GbB2bN4hN2hN1 : 158.8100284 (0.02)%
  GbB2bN3wC1wN1_QqGbB1tC2zC1wN1 : 158.5862368 (0.01)%
  GbB1tC2zC1wN1_QqGbB2bN3wC1wN1 : 158.5862368 (0.01)%
     GbB1tC1wN1_QqGbB2bN3zN2hN1 : 158.5612500 (0.01)%
     GbB2bN3zN2hN1_QqGbB1tC1wN1 : 158.5612500 (0.01)%
    GbB1bN4hN2hN1_GbB2tC2zC1wN1 : 158.0477766 (0.01)%
       GbB1tC2zC1wN1_QqN4wC1wN1 : 157.9127017 (0.01)%
              T1bC2wN1_T1tN2hN1 : 157.7718401 (0.01)%
   QqGbB1bN3wC1wN1_QqGtT1bC1wN1 : 157.3972169 (0.01)%
     GbB2bN4hN2hN1_QqGbB1tC1wN1 : 157.2346814 (0.01)%
     GbB1tC1wN1_QqGbB2bN4hN2hN1 : 157.2346814 (0.01)%
     GbB1tC2wN1_QqGbB1tC2zC1wN1 : 157.0766540 (0.01)%
     GbB1tC2zC1wN1_QqGbB1tC2wN1 : 157.0766540 (0.01)%
                 C2wN2hN1_N4hN1 : 156.8405415 (0.01)%
  GbB2tC2zC1wN1_QqGbB2tC2hC1wN1 : 156.4538480 (0.01)%
  GbB2tC2hC1wN1_QqGbB2tC2zC1wN1 : 156.4538480 (0.01)%
          GbB1bN1_GbB2bN4wC1wN1 : 156.3816676 (0.01)%
        T1bC2wN2hN1_T1tN3zN2hN1 : 156.2048752 (0.01)%
       GbB1bN2zN1_GbB2tC2zC1wN1 : 155.9707560 (0.01)%
  GbB1bN4wC1wN1_QqGbB1bN3zN2hN1 : 155.7774172 (0.01)%
  GbB1bN3zN2hN1_QqGbB1bN4wC1wN1 : 155.7774172 (0.01)%
           B2tC2wN1_B2tC2wN2hN1 : 155.7163758 (0.01)%
                 C2wN1_N4hN2hN1 : 155.1281770 (0.01)%
             GbB2tC2wN2hN1_QqN1 : 154.9741401 (0.01)%
       GbB1bN3wC1wN1_GbB1bN4hN1 : 154.9207146 (0.01)%
    GbB1bN4wC1wN1_GtT1bC2wN2hN1 : 154.4876461 (0.01)%
        B1bN3wC1wN1_B1tC2wN2hN1 : 154.3842135 (0.01)%
          GbB1tC1wN1_QqN4hN2hN1 : 154.0086456 (0.01)%
          GbB1bN1_GbB2bN3wC1wN1 : 153.8264531 (0.01)%
          GbB1wT1bC1wN1_QqC1wN1 : 153.6584013 (0.01)%
                 C2wN1_N3zN2hN1 : 153.2531477 (0.01)%
  GbB1tC2zC1wN1_QqGbB1bN3zN2hN1 : 153.0513004 (0.01)%
  GbB1bN3zN2hN1_QqGbB1tC2zC1wN1 : 153.0513004 (0.01)%
              B1bN2hN1_B1bN2hN1 : 153.0381115 (0.01)%
        QqGtT1tN3wC1wN1_QqN2zN1 : 152.8005507 (0.01)%
             GbB1bN1_GbB1tC2wN1 : 152.3621786 (0.01)%
  GbB1bN4hN2hN1_QqGbB1bN3wC1wN1 : 151.9500928 (0.01)%
  GbB1bN3wC1wN1_QqGbB1bN4hN2hN1 : 151.9500928 (0.01)%
    GbB1tC2wN2hN1_GtT1bC2zC1wN1 : 151.7841004 (0.01)%
    GbB1tC2zC1wN1_GtT1bC2wN2hN1 : 151.7841004 (0.01)%
  GbB1tC2hC1wN1_QqGbB2bN4wC1wN1 : 151.2253747 (0.01)%
  GbB2bN4wC1wN1_QqGbB1tC2hC1wN1 : 151.2253747 (0.01)%
             QqC2hC1wN1_QqN2zN1 : 151.1402934 (0.01)%
        GbB1bN1_QqGbB1tC2wN2hN1 : 151.0902000 (0.01)%
        GbB1tC2wN2hN1_QqGbB1bN1 : 151.0902000 (0.01)%
    GbB1tC2hC1wN1_GtT1bC2hC1wN1 : 150.8884664 (0.01)%
        QqC2wN2hN1_QqGbB1tC1wN1 : 150.6845022 (0.01)%
          GbB1bN4hN1_GtT1bC1wN1 : 150.1770422 (0.01)%
          GbB2bN3zN2hN1_QqN2zN1 : 150.0663544 (0.01)%
          GbB2bN3zN2zN1_QqN2hN1 : 150.0663544 (0.01)%
     GbB1bN3wC1wN1_QqGbB1bN2zN1 : 149.9532063 (0.01)%
     GbB1bN2zN1_QqGbB1bN3wC1wN1 : 149.9532063 (0.01)%
        B2tC2wN2hN1_B2tC2wN2hN1 : 149.2436287 (0.01)%
       GtT1tN2hN1_GtT1tN3wC1wN1 : 149.2119073 (0.01)%
       GbB2tC2wN1_GbB2tC2zC1wN1 : 148.8681273 (0.01)%
          GbB2bN4hN2zN1_QqN2hN1 : 148.8108566 (0.01)%
          GbB2bN4hN2hN1_QqN2zN1 : 148.8108566 (0.01)%
  GbB2bN3wC1wN1_QqGbB1tC2hC1wN1 : 148.7544120 (0.01)%
  GbB1tC2hC1wN1_QqGbB2bN3wC1wN1 : 148.7544120 (0.01)%
          GbB1bN1_GbB1bN3zN2hN1 : 148.4576414 (0.01)%
           QqGtT1tN3zN1_QqN2hN1 : 148.2981523 (0.01)%
    GbB1bN4hN2hN1_GbB2tC2hC1wN1 : 148.2493345 (0.01)%
       GbB1tC2hC1wN1_QqN4wC1wN1 : 148.1226338 (0.01)%
  GbB2tC2zC1wN1_QqGbB2tC2wN2hN1 : 147.6253184 (0.01)%
  GbB2tC2wN2hN1_QqGbB2tC2zC1wN1 : 147.6253184 (0.01)%
   QqGbB1bN2hN1_QqGbB1bN4wC1wN1 : 147.4730221 (0.01)%
     GbB1tC2wN1_QqGbB1tC2hC1wN1 : 147.3384183 (0.01)%
     GbB1tC2hC1wN1_QqGbB1tC2wN1 : 147.3384183 (0.01)%
     GbB1bN4hN2hN1_QqGtT1bC1wN1 : 147.2973809 (0.01)%
     GtT1bC1wN1_QqGbB1bN4hN2hN1 : 147.2973809 (0.01)%
  GbB2tC2hC1wN1_QqGbB2tC2hC1wN1 : 146.7542242 (0.01)%
       GbB1bN4hN2zN1_GbB1tC1wN1 : 146.3255288 (0.01)%
       GbB1bN2zN1_GbB2tC2hC1wN1 : 146.3010824 (0.01)%
       GbB2tC2zC1wN1_QqC2zC1wN1 : 146.2496223 (0.01)%
        QqC1wN1_QqGtT1bC2wN2zN1 : 145.7633987 (0.01)%
             GbB1bN2hN1_QqC2wN1 : 145.7280305 (0.01)%
             GtT1tN3wC1wN1_QqN1 : 145.5935588 (0.01)%
        GbB1bN2hN1_QqGbB1bN3zN1 : 145.5347073 (0.01)%
        GbB1bN3zN1_QqGbB1bN2hN1 : 145.5347073 (0.01)%
        GtT1bC1wN1_QqGbB1bN2zN1 : 145.3616391 (0.01)%
        GbB1bN2zN1_QqGtT1bC1wN1 : 145.3616391 (0.01)%
    GbB2bN3wC1wN1_GbB2bN4wC1wN1 : 145.2760415 (0.01)%
   QqGbB1bN2hN1_QqGbB1tC2zC1wN1 : 144.8922328 (0.01)%
        QqC1wN1_QqGtT1tN4wC1wN1 : 143.9989749 (0.01)%
       GbB1tC2wN1_GbB2bN4wC1wN1 : 143.8931585 (0.01)%
  GbB1tC2hC1wN1_QqGbB1bN3zN2hN1 : 143.5626234 (0.01)%
  GbB1bN3zN2hN1_QqGbB1tC2hC1wN1 : 143.5626234 (0.01)%
     GbB2tC2wN1_QqGbB1bN3wC1wN1 : 143.1246060 (0.01)%
     GbB1bN3wC1wN1_QqGbB2tC2wN1 : 143.1246060 (0.01)%
  GbB1tC2wN2hN1_QqGbB2bN4wC1wN1 : 142.6918826 (0.01)%
  GbB2bN4wC1wN1_QqGbB1tC2wN2hN1 : 142.6918826 (0.01)%
             QqC2wN2hN1_QqN2zN1 : 142.6116023 (0.01)%
             QqC2wN2zN1_QqN2hN1 : 142.6116023 (0.01)%
    GbB1tC2wN2hN1_GtT1bC2hC1wN1 : 142.3739856 (0.01)%
    GbB1tC2hC1wN1_GtT1bC2wN2hN1 : 142.3739856 (0.01)%
    GbB2tC2hC1wN1_GbB2tC2hC1wN1 : 141.8381315 (0.01)%
       GbB1tC2wN1_GbB2bN3wC1wN1 : 141.5420012 (0.01)%
           QqGtT1bC2wN1_QqN2hN1 : 140.9757349 (0.01)%
  GbB2bN3wC1wN1_QqGbB1tC2wN2hN1 : 140.3603537 (0.01)%
  GbB1tC2wN2hN1_QqGbB2bN3wC1wN1 : 140.3603537 (0.01)%
    GbB1bN3zN2hN1_GbB2bN4wC1wN1 : 140.2056541 (0.01)%
    GbB1bN4hN2hN1_GbB2tC2wN2hN1 : 139.8837772 (0.01)%
       GbB1tC2wN2hN1_QqN4wC1wN1 : 139.7642261 (0.01)%
       GbB2tC2hC1wN1_GbB2tC2wN1 : 139.6387933 (0.01)%
         QqGbB1bN1_QqGbB1tC1wN1 : 139.1493106 (0.01)%
     GbB1tC2wN1_QqGbB1tC2wN2hN1 : 139.0242631 (0.01)%
     GbB1tC2wN2hN1_QqGbB1tC2wN1 : 139.0242631 (0.01)%
          GbB2bN4zN2hN1_QqC1wN1 : 138.9284851 (0.01)%
        GbB2tC2wN1_QqGtT1bC1wN1 : 138.7421305 (0.01)%
        GtT1bC1wN1_QqGbB2tC2wN1 : 138.7421305 (0.01)%
  GtT1tN3wC1wN1_QqGbB2tC2zC1wN1 : 138.6895611 (0.01)%
  GbB2tC2zC1wN1_QqGtT1tN3wC1wN1 : 138.6895611 (0.01)%
  GbB2tC2wN2hN1_QqGbB2tC2hC1wN1 : 138.4730344 (0.01)%
  GbB2tC2hC1wN1_QqGbB2tC2wN2hN1 : 138.4730344 (0.01)%
       GbB1bN2zN1_GbB2tC2wN2hN1 : 138.0454629 (0.01)%
       GbB1bN2hN1_GbB2tC2wN2zN1 : 138.0454629 (0.01)%
    GbB1bN3wC1wN1_GbB2bN3zN2hN1 : 137.9147492 (0.01)%
    GbB1bN3zN2hN1_GbB2bN3wC1wN1 : 137.9147492 (0.01)%
       GbB2tC2zC1wN1_QqC2hC1wN1 : 137.1826270 (0.01)%
       GbB2tC2hC1wN1_QqC2zC1wN1 : 137.1826270 (0.01)%
    GbB1bN3wC1wN1_GbB2bN4hN2hN1 : 136.7609152 (0.01)%
     GbB2tC2wN2zN1_QqGbB1tC1wN1 : 136.6760941 (0.01)%
     GbB1tC1wN1_QqGbB2tC2wN2zN1 : 136.6760941 (0.01)%
       GbB1bN3zN2hN1_GbB1tC2wN1 : 136.6019383 (0.01)%
        B1bN4wC1wN1_B1tC2zC1wN1 : 136.4324226 (0.01)%
          GbB1bN3hN1_GbB1tC1wN1 : 136.3324905 (0.01)%
              T1bC1wN1_T1tN3hN1 : 136.0285785 (0.01)%
   QqGbB1bN2hN1_QqGbB1tC2hC1wN1 : 135.9093911 (0.01)%
  GbB1tC2wN2hN1_QqGbB1bN3zN2hN1 : 135.4615324 (0.01)%
  GbB1bN3zN2hN1_QqGbB1tC2wN2hN1 : 135.4615324 (0.01)%
     GtT1tN2hN1_QqGbB1bN4wC1wN1 : 134.9422153 (0.01)%
     GbB1bN4wC1wN1_QqGtT1tN2hN1 : 134.9422153 (0.01)%
    GbB1bN4wC1wN1_GtT1tN3zN2hN1 : 134.7267417 (0.01)%
    GbB1tC2wN2hN1_GtT1bC2wN2hN1 : 134.3399682 (0.01)%
     GbB1bN2hN1_QqGtT1bC2zC1wN1 : 134.0616849 (0.01)%
     GtT1bC2zC1wN1_QqGbB1bN2hN1 : 134.0616849 (0.01)%
       GbB2bN3zN2hN1_GtT1bC1wN1 : 133.6917996 (0.01)%
             GtT1tN3hN1_QqN2hN1 : 133.2300410 (0.01)%
           B1bN4hN2hN1_B1tC1wN1 : 133.0594207 (0.01)%
        T2bC2zC1wN1_T2tN3wC1wN1 : 132.8567746 (0.01)%
    GbB1bN4wC1wN1_GbB1tC2wN2zN1 : 132.7917288 (0.01)%
     GtT1tN2hN1_QqGbB1tC2zC1wN1 : 132.5807160 (0.01)%
     GbB1tC2zC1wN1_QqGtT1tN2hN1 : 132.5807160 (0.01)%
       GbB2bN4hN2hN1_GtT1bC1wN1 : 132.5732959 (0.01)%
    GbB1tC2zC1wN1_GtT1tN3zN2hN1 : 132.3690133 (0.01)%
       GbB2tC2wN1_GbB2tC2wN2hN1 : 131.7591199 (0.01)%
              QqGbB1bN1_QqN2zN1 : 131.6944068 (0.01)%
    GbB1bN4hN2hN1_GtT1tN3wC1wN1 : 131.4166152 (0.01)%
   QqGbB1tC1wN1_QqGbB2bN4wC1wN1 : 131.4147250 (0.01)%
              B1bN2zN1_B1tC1wN1 : 131.3107903 (0.01)%
  GbB2tC2wN2hN1_QqGbB2tC2wN2hN1 : 130.6591437 (0.01)%
    GbB1tC2wN2zN1_GbB1tC2zC1wN1 : 130.4678633 (0.01)%
       GbB1bN3zN1_GbB2tC2zC1wN1 : 130.3581153 (0.01)%
  GtT1tN3wC1wN1_QqGbB2tC2hC1wN1 : 130.0912647 (0.01)%
  GbB2tC2hC1wN1_QqGtT1tN3wC1wN1 : 130.0912647 (0.01)%
                 T1bC1wN1_T1tN1 : 129.7643777 (0.01)%
       GbB1bN2zN1_GtT1tN3wC1wN1 : 129.6895741 (0.01)%
       GbB2tC2wN2hN1_QqC2zC1wN1 : 129.4415526 (0.01)%
       GbB2tC2zC1wN1_QqC2wN2hN1 : 129.4415526 (0.01)%
          GbB2tC2wN2zN1_QqN2zN1 : 129.3536925 (0.01)%
   QqGbB1tC1wN1_QqGbB2bN3wC1wN1 : 129.2674604 (0.01)%
        QqGbB1tC1wN1_QqN4wC1wN1 : 128.7184457 (0.01)%
       GbB2tC2hC1wN1_QqC2hC1wN1 : 128.6777555 (0.01)%
             GbB1bN1_GtT1tN2hN1 : 128.6014581 (0.01)%
   QqGbB1bN2hN1_QqGbB1tC2wN2hN1 : 128.2401641 (0.01)%
      QqGbB1tC1wN1_QqGbB1tC2wN1 : 128.0369631 (0.01)%
        B1bN4wC1wN1_B1tC2hC1wN1 : 127.9740613 (0.01)%
        QqC1wN1_QqGtT1tN3zN2zN1 : 127.1184348 (0.01)%
                GtT1tN1_QqN2hN1 : 127.0947146 (0.01)%
QqGbB1bN3wC1wN1_QqGbB1bN4wC1wN1 : 126.9979337 (0.01)%
    GbB2tC2wN2hN1_GbB2tC2wN2hN1 : 126.2822171 (0.01)%
          GbB1bN2hN1_GtT1tN3zN1 : 125.8681603 (0.01)%
     GbB1bN2hN1_QqGtT1bC2hC1wN1 : 125.7503016 (0.01)%
     GtT1bC2hC1wN1_QqGbB1bN2hN1 : 125.7503016 (0.01)%
        B1tC2hC1wN1_B1tC2zC1wN1 : 125.7345053 (0.01)%
          GbB1bN3wC1wN1_QqC2wN1 : 125.4952160 (0.01)%
                   GbB1bN1_QqN1 : 125.4829074 (0.01)%
              T2tN1_T2tN4wC1wN1 : 125.3802179 (0.01)%
     GbB1bN3wC1wN1_QqGbB1bN3zN1 : 125.3287337 (0.01)%
     GbB1bN3zN1_QqGbB1bN3wC1wN1 : 125.3287337 (0.01)%
QqGbB1bN3wC1wN1_QqGbB1tC2zC1wN1 : 124.7754601 (0.01)%
   QqGbB1bN3zN2hN1_QqGbB1tC1wN1 : 124.7558004 (0.01)%
        T2bC2hC1wN1_T2tN3wC1wN1 : 124.6200918 (0.01)%
        GtT1tN3zN1_QqGbB1tC1wN1 : 124.6195866 (0.01)%
        GbB1tC1wN1_QqGtT1tN3zN1 : 124.6195866 (0.01)%
        QqGbB2bN4wC1wN1_QqN2zN1 : 124.3742005 (0.01)%
     GtT1tN2hN1_QqGbB1tC2hC1wN1 : 124.3611479 (0.01)%
     GbB1tC2hC1wN1_QqGtT1tN2hN1 : 124.3611479 (0.01)%
    GbB1tC2hC1wN1_GtT1tN3zN2hN1 : 124.1625701 (0.01)%
          GbB1bN4zN2hN1_QqN2hN1 : 123.9989652 (0.01)%
       GbB2tC2wN1_GtT1tN3wC1wN1 : 123.7837433 (0.01)%
   QqGbB1bN4wC1wN1_QqGtT1bC1wN1 : 123.1092570 (0.01)%
  GtT1tN3wC1wN1_QqGbB2tC2wN2hN1 : 122.7503486 (0.01)%
  GbB2tC2wN2hN1_QqGtT1tN3wC1wN1 : 122.7503486 (0.01)%
    GbB1tC2hC1wN1_GbB1tC2wN2zN1 : 122.3792851 (0.01)%
        QqGbB2bN3wC1wN1_QqN2zN1 : 122.3419753 (0.01)%
       GbB1bN3zN1_GbB2tC2hC1wN1 : 122.2763411 (0.01)%
             QqN2zN1_QqN4wC1wN1 : 121.8223740 (0.01)%
             GtT1bC1wN1_QqC2wN1 : 121.6525524 (0.01)%
       GtT1tN3wC1wN1_QqC2zC1wN1 : 121.6064583 (0.01)%
        GbB1bN3zN1_QqGtT1bC1wN1 : 121.4911679 (0.01)%
        GtT1bC1wN1_QqGbB1bN3zN1 : 121.4911679 (0.01)%
       GbB2bN4wC1wN1_GtT1tN2hN1 : 121.4531727 (0.01)%
       GbB2tC2wN2hN1_QqC2hC1wN1 : 121.4166023 (0.01)%
       GbB2tC2hC1wN1_QqC2wN2hN1 : 121.4166023 (0.01)%
           QqGbB1tC2wN1_QqN2zN1 : 121.1774017 (0.01)%
       GbB1bN4hN1_GbB1bN4wC1wN1 : 121.1722446 (0.01)%
   QqGbB1tC2zC1wN1_QqGtT1bC1wN1 : 120.9548354 (0.01)%
        B1bN4wC1wN1_B1tC2wN2hN1 : 120.7526168 (0.01)%
    GbB2tC2zC1wN1_GtT1bC2zC1wN1 : 120.0815180 (0.01)%
          GbB1tC1wN1_QqC2wN2zN1 : 119.8410003 (0.01)%
          GbB1bN2hN1_GtT1bC2wN1 : 119.6532534 (0.01)%
        GbB1bN1_QqGbB2tC2zC1wN1 : 119.5325501 (0.01)%
        GbB2tC2zC1wN1_QqGbB1bN1 : 119.5325501 (0.01)%
       GbB2bN3wC1wN1_GtT1tN2hN1 : 119.4686759 (0.01)%
           B2bN4wC1wN1_B2tC2wN1 : 119.0755500 (0.01)%
       GbB1bN4hN1_GbB1tC2zC1wN1 : 119.0517209 (0.01)%
    GbB1bN3wC1wN1_GbB2tC2wN2zN1 : 118.8792927 (0.01)%
  GbB1bN4hN2hN1_QqGbB1bN4wC1wN1 : 118.8487534 (0.01)%
  GbB1bN4wC1wN1_QqGbB1bN4hN2hN1 : 118.8487534 (0.01)%
           QqGbB2bN3zN1_QqN2hN1 : 118.7370648 (0.01)%
     GbB1bN2hN1_QqGtT1bC2wN2hN1 : 118.6543416 (0.01)%
     GtT1bC2wN2hN1_QqGbB1bN2hN1 : 118.6543416 (0.01)%
        B1tC2wN2hN1_B1tC2zC1wN1 : 118.6394367 (0.01)%
             GbB2bN4wC1wN1_QqN1 : 118.5079660 (0.01)%
        GtT1bC2wN1_QqGbB1tC1wN1 : 118.4663296 (0.01)%
        GbB1tC1wN1_QqGtT1bC2wN1 : 118.4663296 (0.01)%
          GbB1tC2wN1_GtT1tN2hN1 : 118.3314533 (0.01)%
           QqC1wN1_QqGbB2tC1wN1 : 118.2958283 (0.01)%
        QqGbB1bN3zN2hN1_QqN2zN1 : 118.0720268 (0.01)%
        QqGbB1bN3zN2zN1_QqN2hN1 : 118.0720268 (0.01)%
             GtT1tN3zN1_QqN2zN1 : 117.9431106 (0.01)%
        T2bC2zC1wN1_T2tN4hN2hN1 : 117.7654335 (0.01)%
           QqC1wN1_QqGbB2bN2hN1 : 117.6938203 (0.01)%
        T2bC2wN2hN1_T2tN3wC1wN1 : 117.5879083 (0.01)%
                    C1wN1_N3zN1 : 117.5486187 (0.01)%
     GtT1tN2hN1_QqGbB1tC2wN2hN1 : 117.3435764 (0.01)%
     GbB1tC2wN2hN1_QqGtT1tN2hN1 : 117.3435764 (0.01)%
     GbB1bN2zN1_QqGbB1bN4wC1wN1 : 117.2868757 (0.01)%
     GbB1bN4wC1wN1_QqGbB1bN2zN1 : 117.2868757 (0.01)%
    GbB1tC2wN2hN1_GtT1tN3zN2hN1 : 117.1562041 (0.01)%
           B2bN3wC1wN1_B2tC2wN1 : 117.1299027 (0.01)%
QqGbB1bN3wC1wN1_QqGbB1tC2hC1wN1 : 117.0397921 (0.01)%
  GbB1bN4hN2hN1_QqGbB1tC2zC1wN1 : 116.7688910 (0.01)%
  GbB1tC2zC1wN1_QqGbB1bN4hN2hN1 : 116.7688910 (0.01)%
             GbB2bN3wC1wN1_QqN1 : 116.5715928 (0.01)%
    GbB1tC2wN2hN1_GbB1tC2wN2zN1 : 115.4735480 (0.01)%
                GbB1tC2wN1_QqN1 : 115.4619474 (0.01)%
  GbB1bN3wC1wN1_QqGtT1bC2zC1wN1 : 115.4486206 (0.01)%
  GtT1bC2zC1wN1_QqGbB1bN3wC1wN1 : 115.4486206 (0.01)%
       GbB1bN3zN1_GbB2tC2wN2hN1 : 115.3764131 (0.01)%
  GtT1tN3wC1wN1_QqGtT1tN3wC1wN1 : 115.3202727 (0.01)%
       GbB1bN3zN2hN1_GtT1tN2hN1 : 115.2990106 (0.01)%
       GbB2tC2wN2zN1_GtT1bC1wN1 : 115.2392087 (0.01)%
     GbB1tC2zC1wN1_QqGbB1bN2zN1 : 115.2343463 (0.01)%
     GbB1bN2zN1_QqGbB1tC2zC1wN1 : 115.2343463 (0.01)%
       GbB2tC2wN2hN1_QqC2wN2hN1 : 114.5651884 (0.01)%
              T1tN2hN1_T1tN2zN1 : 114.4657289 (0.01)%
        T1bC2zC1wN1_T1bC2zC1wN1 : 114.3264234 (0.01)%
       GtT1tN3wC1wN1_QqC2hC1wN1 : 114.0672580 (0.01)%
        B1bN3wC1wN1_B1bN3wC1wN1 : 113.4926529 (0.01)%
       GbB2wT1tN3wC1wN1_QqC1wN1 : 113.4619564 (0.01)%
   QqGbB1tC2hC1wN1_QqGtT1bC1wN1 : 113.4560337 (0.01)%
          GbB1bN1_GbB1bN4hN2hN1 : 113.2642069 (0.01)%
  GbB2bN4wC1wN1_QqGbB2tC2zC1wN1 : 112.8883580 (0.01)%
  GbB2tC2zC1wN1_QqGbB2bN4wC1wN1 : 112.8883580 (0.01)%
    GbB2tC2zC1wN1_GtT1bC2hC1wN1 : 112.6368590 (0.01)%
    GbB2tC2hC1wN1_GtT1bC2zC1wN1 : 112.6368590 (0.01)%
             GbB1bN3zN2hN1_QqN1 : 112.5030407 (0.01)%
              N3zN2hN1_N4hN2hN1 : 112.2306382 (0.01)%
        GbB1bN1_QqGbB2tC2hC1wN1 : 112.1219253 (0.01)%
        GbB2tC2hC1wN1_QqGbB1bN1 : 112.1219253 (0.01)%
             GtT1bC2wN1_QqN2zN1 : 112.1195135 (0.01)%
     GbB2tC2wN1_QqGbB1bN4wC1wN1 : 111.9458415 (0.01)%
     GbB1bN4wC1wN1_QqGbB2tC2wN1 : 111.9458415 (0.01)%
     GtT1bC1wN1_QqGtT1bC2zC1wN1 : 111.9135838 (0.01)%
     GtT1bC2zC1wN1_QqGtT1bC1wN1 : 111.9135838 (0.01)%
             GbB1bN1_GbB1bN2zN1 : 111.7757197 (0.01)%
       GbB1bN4hN1_GbB1tC2hC1wN1 : 111.6709060 (0.01)%
    GtT1tN3wC1wN1_GtT1tN3wC1wN1 : 111.4571801 (0.01)%
        B1tC2hC1wN1_B1tC2wN2hN1 : 111.2841820 (0.01)%
           T1bC2zC1wN1_T1tN3zN1 : 111.0594295 (0.01)%
  GbB2bN3wC1wN1_QqGbB2tC2zC1wN1 : 111.0438070 (0.01)%
  GbB2tC2zC1wN1_QqGbB2bN3wC1wN1 : 111.0438070 (0.01)%
       GbB2tC2zC1wN1_QqN4wC1wN1 : 110.5721903 (0.01)%
        T2bC2hC1wN1_T2tN4hN2hN1 : 110.4643642 (0.01)%
QqGbB1bN3wC1wN1_QqGbB1tC2wN2hN1 : 110.4353572 (0.01)%
     GbB1tC2wN1_QqGbB2tC2zC1wN1 : 109.9867806 (0.01)%
     GbB2tC2wN1_QqGbB1tC2zC1wN1 : 109.9867806 (0.01)%
     GbB2tC2zC1wN1_QqGbB1tC2wN1 : 109.9867806 (0.01)%
     GbB1tC2zC1wN1_QqGbB2tC2wN1 : 109.9867806 (0.01)%
             GbB2bN4zN1_QqN2hN1 : 109.7747748 (0.01)%
              B1bN3zN1_B1tC1wN1 : 109.7476705 (0.01)%
  GbB1bN4hN2hN1_QqGbB1tC2hC1wN1 : 109.5296040 (0.01)%
  GbB1tC2hC1wN1_QqGbB1bN4hN2hN1 : 109.5296040 (0.01)%
      QqGbB1bN2hN1_QqGbB1bN2hN1 : 109.4724526 (0.01)%
       GbB1bN3wC1wN1_GtT1tN3zN1 : 108.3926813 (0.01)%
       GbB1bN3zN1_GtT1tN3wC1wN1 : 108.3926813 (0.01)%
  GbB1bN3wC1wN1_QqGtT1bC2hC1wN1 : 108.2911861 (0.01)%
  GtT1bC2hC1wN1_QqGbB1bN3wC1wN1 : 108.2911861 (0.01)%
     GbB1bN2zN1_QqGbB1tC2hC1wN1 : 108.0901960 (0.01)%
     GbB1tC2hC1wN1_QqGbB1bN2zN1 : 108.0901960 (0.01)%
      QqGbB1tC1wN1_QqGtT1tN2hN1 : 108.0697342 (0.01)%
          GbB1bN4zN1_GbB1tC1wN1 : 107.9413985 (0.01)%
    GbB1bN4wC1wN1_GbB2bN3zN2hN1 : 107.8709182 (0.01)%
       GtT1tN3wC1wN1_QqC2wN2hN1 : 107.6305601 (0.01)%
  GbB2tC2zC1wN1_QqGbB1bN3zN2hN1 : 107.1681843 (0.01)%
  GbB1bN3zN2hN1_QqGbB2tC2zC1wN1 : 107.1681843 (0.01)%
   QqGbB1tC2wN2hN1_QqGtT1bC1wN1 : 107.0538265 (0.01)%
    GbB1bN4hN2hN1_GbB2bN4wC1wN1 : 106.9684394 (0.01)%
    GbB1bN4wC1wN1_GbB2bN4hN2hN1 : 106.9684394 (0.01)%
             GbB1bN1_GbB2tC2wN1 : 106.6856537 (0.01)%
             GbB2bN3hN1_QqN2hN1 : 106.6725631 (0.01)%
              QqGbB1bN2hN1_QqN1 : 106.5055751 (0.01)%
    GbB2tC2wN2hN1_GtT1bC2zC1wN1 : 106.2808771 (0.01)%
    GbB2tC2zC1wN1_GtT1bC2wN2hN1 : 106.2808771 (0.01)%
    GbB1tC2zC1wN1_GbB2bN3zN2hN1 : 105.9831688 (0.01)%
  GbB2bN4wC1wN1_QqGbB2tC2hC1wN1 : 105.8896513 (0.01)%
  GbB2tC2hC1wN1_QqGbB2bN4wC1wN1 : 105.8896513 (0.01)%
        GbB1bN1_QqGbB2tC2wN2hN1 : 105.7950005 (0.01)%
        GbB2tC2wN2hN1_QqGbB1bN1 : 105.7950005 (0.01)%
    GbB2tC2hC1wN1_GtT1bC2hC1wN1 : 105.6537444 (0.01)%
           T1bC2wN1_T1bC2zC1wN1 : 105.5757232 (0.01)%
       GbB1bN2zN1_GbB2bN4wC1wN1 : 105.5626895 (0.01)%
       GbB1bN4hN1_GbB1tC2wN2hN1 : 105.3694317 (0.01)%
    GbB1bN4hN2hN1_GbB2bN3wC1wN1 : 105.2206174 (0.01)%
           T2tN4hN1_T2tN4wC1wN1 : 105.1742325 (0.01)%
    GbB1tC2zC1wN1_GbB2bN4hN2hN1 : 105.0964834 (0.01)%
          GtT1bC1wN1_GtT1tN3zN1 : 105.0736974 (0.01)%
     GtT1bC1wN1_QqGtT1bC2hC1wN1 : 104.9753099 (0.01)%
     GtT1bC2hC1wN1_QqGtT1bC1wN1 : 104.9753099 (0.01)%
             GbB1bN1_QqC2zC1wN1 : 104.8091143 (0.01)%
        T2bC2wN2hN1_T2tN4hN2hN1 : 104.2309738 (0.01)%
       GbB1bN4hN2hN1_GbB1tC2wN1 : 104.2190221 (0.01)%
           T1bC2hC1wN1_T1tN3zN1 : 104.1741103 (0.01)%
  GbB2bN3wC1wN1_QqGbB2tC2hC1wN1 : 104.1594563 (0.01)%
  GbB2tC2hC1wN1_QqGbB2bN3wC1wN1 : 104.1594563 (0.01)%
       GbB1bN2zN1_GbB2bN3wC1wN1 : 103.8378369 (0.01)%
       GbB2tC2hC1wN1_QqN4wC1wN1 : 103.7170784 (0.01)%
     GbB1bN2hN1_QqGtT1tN3zN2hN1 : 103.4769655 (0.01)%
     GtT1tN3zN2hN1_QqGbB1bN2hN1 : 103.4769655 (0.01)%
  GbB1bN4hN2hN1_QqGbB1tC2wN2hN1 : 103.3489612 (0.01)%
  GbB1tC2wN2hN1_QqGbB1bN4hN2hN1 : 103.3489612 (0.01)%
     GbB2tC2wN1_QqGbB1tC2hC1wN1 : 103.1679622 (0.01)%
     GbB1tC2wN1_QqGbB2tC2hC1wN1 : 103.1679622 (0.01)%
     GbB1tC2hC1wN1_QqGbB2tC2wN1 : 103.1679622 (0.01)%
     GbB2tC2hC1wN1_QqGbB1tC2wN1 : 103.1679622 (0.01)%
        T2bC2zC1wN1_T2bC2zC1wN1 : 103.1185905 (0.01)%
                 C1wN1_C2zC1wN1 : 103.0585589 (0.01)%
       GbB1bN3wC1wN1_GtT1bC2wN1 : 103.0406492 (0.01)%
          GbB1bN2zN1_GbB1tC2wN1 : 102.8494043 (0.01)%
           QqGtT1tN2hN1_QqN2zN1 : 102.2799141 (0.01)%
           QqGtT1tN2zN1_QqN2hN1 : 102.2799141 (0.01)%
  GbB1bN3wC1wN1_QqGtT1bC2wN2hN1 : 102.1804259 (0.01)%
  GtT1bC2wN2hN1_QqGbB1bN3wC1wN1 : 102.1804259 (0.01)%
          GbB2wT1bC1wN1_QqN2hN1 : 102.1604517 (0.01)%
     GbB1tC2wN2hN1_QqGbB1bN2zN1 : 101.9907775 (0.01)%
     GbB1bN2zN1_QqGbB1tC2wN2hN1 : 101.9907775 (0.01)%
     GbB1tC2wN2zN1_QqGbB1bN2hN1 : 101.9907775 (0.01)%
     GbB1bN2hN1_QqGbB1tC2wN2zN1 : 101.9907775 (0.01)%
        QqC1wN1_QqGbB2bN3zN2zN1 : 101.7792170 (0.01)%
                 B1bN1_B1bN2hN1 : 101.6419529 (0.01)%
    GbB1bN3zN2hN1_GbB1bN4hN2hN1 : 101.5482342 (0.01)%
   QqGbB1bN2hN1_QqGbB2tC2zC1wN1 : 101.4551164 (0.01)%
        T1bC2wN2zN1_T1tN3wC1wN1 : 101.2799732 (0.01)%
        QqC1wN1_QqGbB2bN4hN2zN1 : 100.9277031 (0.01)%
          GbB1bN2hN1_GbB2bN3zN1 : 100.7781666 (0.01)%
       GbB2bN4wC1wN1_GbB2tC2wN1 : 100.7555538 (0.01)%
        T1bC2hC1wN1_T1bC2hC1wN1 : 100.5901235 (0.01)%
  GbB2tC2hC1wN1_QqGbB1bN3zN2hN1 : 100.5241095 (0.01)%
  GbB1bN3zN2hN1_QqGbB2tC2hC1wN1 : 100.5241095 (0.01)%
              C2wN2zN1_C2zC1wN1 : 100.4138813 (0.01)%
       GbB1bN2zN1_GbB1bN3zN2hN1 : 100.2137152 (0.01)%
       GbB1bN2hN1_GbB1bN3zN2zN1 : 100.2137152 (0.01)%
        T1tN3wC1wN1_T1tN4wC1wN1 : 100.0540084 (0.01)%
  GbB2bN4wC1wN1_QqGbB2tC2wN2hN1 : 99.9144073 (0.01)%
  GbB2tC2wN2hN1_QqGbB2bN4wC1wN1 : 99.9144073 (0.01)%
          GtT1bC1wN1_GtT1bC2wN1 : 99.8855445 (0.01)%
    GtT1bC2zC1wN1_GtT1tN3wC1wN1 : 99.8476979 (0.01)%
        GbB2bN3zN1_QqGbB1tC1wN1 : 99.7784780 (0.01)%
        GbB1tC1wN1_QqGbB2bN3zN1 : 99.7784780 (0.01)%
    GbB2tC2wN2hN1_GtT1bC2hC1wN1 : 99.6918124 (0.01)%
    GbB2tC2hC1wN1_GtT1bC2wN2hN1 : 99.6918124 (0.01)%
    GbB1tC2hC1wN1_GbB2bN3zN2hN1 : 99.4125611 (0.01)%
        GbB1bN1_QqGtT1tN3wC1wN1 : 99.3912314 (0.01)%
        GtT1tN3wC1wN1_QqGbB1bN1 : 99.3912314 (0.01)%
     GbB1tC1wN1_QqGbB1bN3zN2zN1 : 99.2196257 (0.01)%
     GbB1bN3zN2zN1_QqGbB1tC1wN1 : 99.2196257 (0.01)%
       GbB2bN3wC1wN1_GbB2tC2wN1 : 99.1092479 (0.01)%
     GtT1bC2wN2hN1_QqGtT1bC1wN1 : 99.0516613 (0.01)%
     GtT1bC1wN1_QqGtT1bC2wN2hN1 : 99.0516613 (0.01)%
           T1bC2hC1wN1_T1bC2wN1 : 99.0303758 (0.01)%
       GbB2bN4wC1wN1_QqC2zC1wN1 : 98.9833214 (0.01)%
             QqC1wN1_QqN4hN2zN1 : 98.8569361 (0.01)%
           QqGbB2bN4hN1_QqN2hN1 : 98.6901741 (0.01)%
    GbB1tC2hC1wN1_GbB2bN4hN2hN1 : 98.5808473 (0.01)%
       GbB1tC1wN1_GtT1bC2wN2zN1 : 98.3981292 (0.01)%
             GbB1bN1_QqC2hC1wN1 : 98.3112941 (0.01)%
           T1bC2wN2hN1_T1tN3zN1 : 98.2956725 (0.01)%
  GbB2bN3wC1wN1_QqGbB2tC2wN2hN1 : 98.2818455 (0.01)%
  GbB2tC2wN2hN1_QqGbB2bN3wC1wN1 : 98.2818455 (0.01)%
          GbB1tC2wN1_GbB2tC2wN1 : 98.1658267 (0.01)%
          GbB1bN4wC1wN1_QqC2wN1 : 98.1568995 (0.01)%
     GbB1bN3zN1_QqGbB1bN4wC1wN1 : 98.0266843 (0.01)%
     GbB1bN4wC1wN1_QqGbB1bN3zN1 : 98.0266843 (0.01)%
       GbB2tC2wN2hN1_QqN4wC1wN1 : 97.8644304 (0.01)%
QqGbB1bN4wC1wN1_QqGbB1tC2zC1wN1 : 97.5939377 (0.01)%
                GtT1tN2hN1_QqN1 : 97.4557789 (0.01)%
       GbB2bN3wC1wN1_QqC2zC1wN1 : 97.3659731 (0.01)%
     GbB1tC2wN1_QqGbB2tC2wN2hN1 : 97.3463003 (0.01)%
     GbB2tC2wN2hN1_QqGbB1tC2wN1 : 97.3463003 (0.01)%
     GbB2tC2wN1_QqGbB1tC2wN2hN1 : 97.3463003 (0.01)%
     GbB1tC2wN2hN1_QqGbB2tC2wN1 : 97.3463003 (0.01)%
       GbB1tC1wN1_GtT1tN4wC1wN1 : 97.2070483 (0.01)%
                 C1wN1_C2hC1wN1 : 96.6692673 (0.01)%
                QqN2hN1_QqN4hN1 : 96.6653152 (0.01)%
          GbB1tC2wN1_QqC2zC1wN1 : 96.4391461 (0.01)%
          GbB1tC2zC1wN1_QqC2wN1 : 96.4391461 (0.01)%
                    C2wN1_N3zN1 : 96.4382270 (0.01)%
     GbB1bN3zN1_QqGbB1tC2zC1wN1 : 96.3112097 (0.01)%
     GbB1tC2zC1wN1_QqGbB1bN3zN1 : 96.3112097 (0.01)%
          GtT1tN3hN2hN1_QqC1wN1 : 96.2210015 (0.01)%
       GbB1bN3zN2hN1_GbB2tC2wN1 : 95.6501622 (0.01)%
             QqC1wN1_QqN3wC1wN1 : 95.3346370 (0.01)%
           T2bC2wN1_T2bC2zC1wN1 : 95.2257530 (0.01)%
   QqGbB1bN4hN2hN1_QqGbB1tC1wN1 : 95.1811349 (0.01)%
   QqGbB1bN2hN1_QqGbB2tC2hC1wN1 : 95.1652331 (0.01)%
  GbB2tC2wN2hN1_QqGbB1bN3zN2hN1 : 94.8516375 (0.01)%
  GbB1bN3zN2hN1_QqGbB2tC2wN2hN1 : 94.8516375 (0.01)%
             GbB2bN3zN1_QqN2zN1 : 94.4328607 (0.01)%
              C2hC1wN1_C2wN2zN1 : 94.1885511 (0.01)%
    GbB2tC2wN2hN1_GtT1bC2wN2hN1 : 94.0663061 (0.01)%
       GbB1bN3zN2hN1_QqC2zC1wN1 : 93.9677307 (0.01)%
      QqGbB1bN2zN1_QqGbB1tC1wN1 : 93.9302905 (0.01)%
          GbB1bN3zN2zN1_QqN2zN1 : 93.9039489 (0.01)%
  GtT1tN3wC1wN1_QqGbB2bN4wC1wN1 : 93.8665904 (0.01)%
  GbB2bN4wC1wN1_QqGtT1tN3wC1wN1 : 93.8665904 (0.01)%
    GbB1tC2wN2hN1_GbB2bN3zN2hN1 : 93.8028126 (0.01)%
    GtT1bC2hC1wN1_GtT1tN3wC1wN1 : 93.6574692 (0.01)%
             GbB2bN2zN1_QqC1wN1 : 93.6031572 (0.01)%
              B1bN2hN1_B1tC2wN1 : 93.5249116 (0.01)%
           T1bC2wN1_T1bC2wN2hN1 : 93.4421936 (0.01)%
             GbB1bN1_GbB1bN3zN1 : 93.4205394 (0.01)%
        GbB1bN4hN1_QqGbB1bN2hN1 : 93.0664248 (0.01)%
        GbB1bN2hN1_QqGbB1bN4hN1 : 93.0664248 (0.01)%
    GbB1tC2wN2hN1_GbB2bN4hN2hN1 : 93.0180316 (0.01)%
    GbB1bN4wC1wN1_GbB2tC2wN2zN1 : 92.9822120 (0.01)%
       GbB2bN4wC1wN1_QqC2hC1wN1 : 92.8466812 (0.01)%
     GtT1tN2hN1_QqGbB2tC2zC1wN1 : 92.8344586 (0.01)%
     GbB2tC2zC1wN1_QqGtT1tN2hN1 : 92.8344586 (0.01)%
             GbB1bN1_QqC2wN2hN1 : 92.7636890 (0.01)%
    GbB2tC2zC1wN1_GtT1tN3zN2hN1 : 92.6862221 (0.01)%
  GtT1tN3wC1wN1_QqGbB2bN3wC1wN1 : 92.3328475 (0.01)%
  GbB2bN3wC1wN1_QqGtT1tN3wC1wN1 : 92.3328475 (0.01)%
       GtT1tN3wC1wN1_QqN4wC1wN1 : 91.9406986 (0.01)%
           QqGbB1bN3wC1wN1_QqN1 : 91.7183887 (0.01)%
QqGbB1bN4wC1wN1_QqGbB1tC2hC1wN1 : 91.5434347 (0.01)%
     GbB1tC2wN1_QqGtT1tN3wC1wN1 : 91.4539309 (0.01)%
     GtT1tN3wC1wN1_QqGbB1tC2wN1 : 91.4539309 (0.01)%
    GbB1tC2wN2zN1_GbB2tC2zC1wN1 : 91.3550161 (0.01)%
    GbB1tC2zC1wN1_GbB2tC2wN2zN1 : 91.3550161 (0.01)%
       GbB2bN3wC1wN1_QqC2hC1wN1 : 91.3296032 (0.01)%
                 C1wN1_C2wN2hN1 : 91.2143201 (0.01)%
           B1bN2hN1_B1bN3zN2hN1 : 91.1281784 (0.01)%
             GtT1tN4hN1_QqC1wN1 : 90.8740431 (0.01)%
        T2bC2hC1wN1_T2bC2hC1wN1 : 90.7289097 (0.01)%
          GbB1tC2hC1wN1_QqC2wN1 : 90.4602364 (0.01)%
          GbB1tC2wN1_QqC2hC1wN1 : 90.4602364 (0.01)%
           QqC1wN1_QqGtT1tN3hN1 : 90.3603563 (0.01)%
     GbB1bN3zN1_QqGbB1tC2hC1wN1 : 90.3402316 (0.01)%
     GbB1tC2hC1wN1_QqGbB1bN3zN1 : 90.3402316 (0.01)%
  GtT1bC2zC1wN1_QqGbB1bN4wC1wN1 : 90.2988896 (0.01)%
  GbB1bN4wC1wN1_QqGtT1bC2zC1wN1 : 90.2988896 (0.01)%
        QqGbB1bN4hN2hN1_QqN2zN1 : 90.0818196 (0.01)%
        QqGbB1bN4hN2zN1_QqN2hN1 : 90.0818196 (0.01)%
QqGbB1tC2hC1wN1_QqGbB1tC2zC1wN1 : 89.9414175 (0.01)%
   QqGbB1bN2hN1_QqGbB2tC2wN2hN1 : 89.7951570 (0.01)%
      QqGbB1tC1wN1_QqGbB2tC2wN1 : 89.6528734 (0.01)%
        T1bC2wN2hN1_T1bC2wN2hN1 : 89.5580312 (0.01)%
          GbB1bN3hN2hN1_QqN2hN1 : 89.3734154 (0.01)%
           T2bC2hC1wN1_T2bC2wN1 : 89.3220697 (0.01)%
  GbB1bN3wC1wN1_QqGtT1tN3zN2hN1 : 89.1102700 (0.01)%
  GtT1tN3wC1wN1_QqGbB1bN3zN2hN1 : 89.1102700 (0.01)%
  GtT1tN3zN2hN1_QqGbB1bN3wC1wN1 : 89.1102700 (0.01)%
  GbB1bN3zN2hN1_QqGtT1tN3wC1wN1 : 89.1102700 (0.01)%
        QqC2zC1wN1_QqGbB1bN2hN1 : 88.9583707 (0.01)%
              QqGtT1bC1wN1_QqN1 : 88.9099716 (0.01)%
           QqGbB1bN2zN1_QqN2zN1 : 88.8979890 (0.01)%
              C2wN2hN1_C2wN2zN1 : 88.8735881 (0.01)%
  GbB1tC2zC1wN1_QqGtT1bC2zC1wN1 : 88.7186520 (0.01)%
  GtT1bC2zC1wN1_QqGbB1tC2zC1wN1 : 88.7186520 (0.01)%
    GtT1bC2wN2hN1_GtT1tN3wC1wN1 : 88.3724746 (0.01)%
        T1tN3wC1wN1_T1tN3zN2zN1 : 88.3249964 (0.01)%
       GbB1bN3zN1_GbB2bN4wC1wN1 : 88.2277780 (0.01)%
       GbB1bN3zN2hN1_QqC2hC1wN1 : 88.1420406 (0.01)%
       GbB1bN4hN2hN1_GtT1tN2hN1 : 87.9661759 (0.01)%
  GbB1bN3wC1wN1_QqGbB1tC2wN2zN1 : 87.8304236 (0.01)%
  GbB1tC2wN2zN1_QqGbB1bN3wC1wN1 : 87.8304236 (0.01)%
        B2bN3zN2hN1_B2tC2zC1wN1 : 87.7039899 (0.01)%
       GbB2bN4wC1wN1_QqC2wN2hN1 : 87.6074385 (0.01)%
              B1bN1_B1bN3wC1wN1 : 87.5300297 (0.01)%
QqGbB1bN3wC1wN1_QqGbB2tC2zC1wN1 : 87.3691335 (0.01)%
        B2bN4wC1wN1_B2bN4wC1wN1 : 87.2714954 (0.01)%
     GtT1tN2hN1_QqGbB2tC2hC1wN1 : 87.0790277 (0.01)%
     GbB2tC2hC1wN1_QqGtT1tN2hN1 : 87.0790277 (0.01)%
        B2bN4hN2hN1_B2tC2zC1wN1 : 86.9702333 (0.01)%
    GbB2tC2hC1wN1_GtT1tN3zN2hN1 : 86.9399813 (0.01)%
          GbB1bN2hN1_GtT1tN2zN1 : 86.8101485 (0.01)%
          GbB1bN2zN1_GtT1tN2hN1 : 86.8101485 (0.01)%
       GbB1bN3wC1wN1_GbB2bN3zN1 : 86.7861711 (0.01)%
       GbB1bN3zN1_GbB2bN3wC1wN1 : 86.7861711 (0.01)%
     GtT1bC1wN1_QqGtT1tN3zN2hN1 : 86.3817135 (0.01)%
     GtT1tN3zN2hN1_QqGtT1bC1wN1 : 86.3817135 (0.01)%
QqGbB1bN4wC1wN1_QqGbB1tC2wN2hN1 : 86.3777329 (0.01)%
    GbB1bN3wC1wN1_GbB1bN3zN2zN1 : 86.3000878 (0.01)%
              QqC1wN1_QqGtT1tN1 : 86.1992056 (0.01)%
       GbB2bN3wC1wN1_QqC2wN2hN1 : 86.1759677 (0.01)%
          GbB1bN1_GtT1bC2zC1wN1 : 86.0558636 (0.01)%
          GbB1bN3zN1_GbB1tC2wN1 : 85.9600533 (0.01)%
        GtT1tN2zN1_QqGbB1tC1wN1 : 85.9490183 (0.01)%
        GbB1tC1wN1_QqGtT1tN2zN1 : 85.9490183 (0.01)%
             GbB1bN4hN2hN1_QqN1 : 85.8330198 (0.01)%
       GbB1tC1wN1_GtT1tN3zN2zN1 : 85.8117764 (0.01)%
           T1tN3zN1_T1tN3zN2hN1 : 85.7224252 (0.01)%
    GbB1tC2hC1wN1_GbB2tC2wN2zN1 : 85.6913057 (0.01)%
    GbB1tC2wN2zN1_GbB2tC2hC1wN1 : 85.6913057 (0.01)%
              GbB1bN1_QqGbB1bN1 : 85.6624482 (0.01)%
          GbB1tC2wN2hN1_QqC2wN1 : 85.3556584 (0.01)%
          GbB1tC2wN1_QqC2wN2hN1 : 85.3556584 (0.01)%
     GbB1bN3zN1_QqGbB1tC2wN2hN1 : 85.2424254 (0.01)%
     GbB1tC2wN2hN1_QqGbB1bN3zN1 : 85.2424254 (0.01)%
     GbB1tC2wN2zN1_QqGtT1bC1wN1 : 85.1410560 (0.01)%
     GtT1bC1wN1_QqGbB1tC2wN2zN1 : 85.1410560 (0.01)%
QqGbB1tC2wN2hN1_QqGbB1tC2zC1wN1 : 84.8661159 (0.01)%
           QqGbB2tC2wN1_QqN2zN1 : 84.8497339 (0.01)%
       GbB1bN4wC1wN1_GtT1tN3zN1 : 84.7800407 (0.01)%
                GbB1bN2zN1_QqN1 : 84.7050258 (0.01)%
  GtT1bC2hC1wN1_QqGbB1bN4wC1wN1 : 84.7006556 (0.01)%
  GbB1bN4wC1wN1_QqGtT1bC2hC1wN1 : 84.7006556 (0.01)%
   QqGbB2tC2zC1wN1_QqGtT1bC1wN1 : 84.6938906 (0.01)%
        B2bN3wC1wN1_B2bN3wC1wN1 : 84.4428321 (0.01)%
   QqGbB1bN2hN1_QqGtT1tN3wC1wN1 : 84.3598581 (0.01)%
           T2bC2wN1_T2bC2wN2hN1 : 84.2817173 (0.01)%
          GbB2bN3zN1_GtT1bC1wN1 : 84.1287785 (0.01)%
        QqC1wN1_QqGbB1bN4zN2hN1 : 84.0995814 (0.01)%
           QqGbB1bN3hN1_QqN2hN1 : 83.9298441 (0.01)%
          GbB1bN2hN1_GbB2bN4hN1 : 83.7633541 (0.01)%
       GbB1bN3zN1_GbB1bN3zN2hN1 : 83.7571822 (0.01)%
       GbB1bN3zN2zN1_GtT1bC1wN1 : 83.6575791 (0.01)%
        QqC2hC1wN1_QqGbB1bN2hN1 : 83.4432444 (0.01)%
       GbB1bN4hN1_GbB2tC2zC1wN1 : 83.3613092 (0.01)%
       GbB1tC2zC1wN1_GtT1tN3zN1 : 83.2963834 (0.01)%
  GbB1tC2zC1wN1_QqGtT1bC2hC1wN1 : 83.2183875 (0.01)%
  GtT1bC2hC1wN1_QqGbB1tC2zC1wN1 : 83.2183875 (0.01)%
  GbB1tC2hC1wN1_QqGtT1bC2zC1wN1 : 83.2183875 (0.01)%
  GtT1bC2zC1wN1_QqGbB1tC2hC1wN1 : 83.2183875 (0.01)%
       GbB1bN3zN2hN1_QqC2wN2hN1 : 83.1682760 (0.01)%
        GbB2bN4hN1_QqGbB1tC1wN1 : 82.9324472 (0.01)%
        GbB1tC1wN1_QqGbB2bN4hN1 : 82.9324472 (0.01)%
          GbB2tC2wN1_GtT1tN2hN1 : 82.8569699 (0.01)%
     GbB1bN2hN1_QqGbB2bN3zN2hN1 : 82.8503320 (0.01)%
     GbB2bN3zN2hN1_QqGbB1bN2hN1 : 82.8503320 (0.01)%
                GbB1bN1_GbB1bN1 : 82.7928576 (0.01)%
        B2bN3zN2hN1_B2tC2hC1wN1 : 82.2666311 (0.01)%
     GtT1tN2hN1_QqGbB2tC2wN2hN1 : 82.1652478 (0.01)%
     GbB2tC2wN2hN1_QqGtT1tN2hN1 : 82.1652478 (0.01)%
     GbB1bN2hN1_QqGbB2bN4hN2hN1 : 82.1571825 (0.01)%
     GbB2bN4hN2hN1_QqGbB1bN2hN1 : 82.1571825 (0.01)%
    GbB2tC2wN2hN1_GtT1tN3zN2hN1 : 82.0340477 (0.01)%
QqGbB1bN3wC1wN1_QqGbB2tC2hC1wN1 : 81.9525347 (0.01)%
                    C2wN1_N4hN1 : 81.8213847 (0.01)%
  GbB1bN4hN2hN1_QqGbB2tC2zC1wN1 : 81.7628468 (0.01)%
  GbB2tC2zC1wN1_QqGbB1bN4hN2hN1 : 81.7628468 (0.01)%
        B2bN4hN2hN1_B2tC2hC1wN1 : 81.5783651 (0.01)%
           T1bC2wN1_T1tN3zN2hN1 : 81.4897670 (0.01)%
          GtT1tN2hN1_QqC2zC1wN1 : 81.3995634 (0.01)%
             GtT1tN2zN1_QqN2zN1 : 81.3443124 (0.01)%
    GbB2bN4wC1wN1_GtT1bC2zC1wN1 : 81.2724662 (0.01)%
             GbB1tC1wN1_QqN4hN1 : 81.2308948 (0.01)%
QqGbB1bN3wC1wN1_QqGbB1bN3wC1wN1 : 81.1844771 (0.01)%
        GbB1bN1_QqGbB2bN4wC1wN1 : 80.9009188 (0.01)%
        GbB2bN4wC1wN1_QqGbB1bN1 : 80.9009188 (0.01)%
    GbB1tC2wN2zN1_GbB2tC2wN2hN1 : 80.8558336 (0.01)%
    GbB1tC2wN2hN1_GbB2tC2wN2zN1 : 80.8558336 (0.01)%
                GbB2tC2wN1_QqN1 : 80.8477107 (0.01)%
        T2bC2wN2hN1_T2bC2wN2hN1 : 80.7783334 (0.01)%
          GbB1bN1_GtT1bC2hC1wN1 : 80.7206832 (0.01)%
     GbB1bN2zN1_QqGbB2tC2zC1wN1 : 80.6883419 (0.01)%
     GbB2tC2zC1wN1_QqGbB1bN2zN1 : 80.6883419 (0.01)%
       GbB1bN4wC1wN1_GtT1bC2wN1 : 80.5939140 (0.01)%
           B1bN3wC1wN1_B1tC2wN1 : 80.5399548 (0.01)%
          GbB1bN2hN1_QqN4hN2hN1 : 80.4715365 (0.01)%
     GbB1bN4hN1_QqGbB1bN3wC1wN1 : 80.1451240 (0.01)%
     GbB1bN3wC1wN1_QqGbB1bN4hN1 : 80.1451240 (0.01)%
    GbB2bN3wC1wN1_GtT1bC2zC1wN1 : 79.9445063 (0.01)%
  GtT1bC2wN2hN1_QqGbB1bN4wC1wN1 : 79.9210848 (0.01)%
  GbB1bN4wC1wN1_QqGtT1bC2wN2hN1 : 79.9210848 (0.01)%
          GbB1tC1wN1_GbB2tC1wN1 : 79.8560428 (0.01)%
QqGbB1tC2hC1wN1_QqGbB1tC2wN2hN1 : 79.6046960 (0.01)%
        GbB1bN1_QqGbB2bN3wC1wN1 : 79.5790298 (0.01)%
        GbB2bN3wC1wN1_QqGbB1bN1 : 79.5790298 (0.01)%
          GbB1tC1wN1_GbB2bN2hN1 : 79.4496550 (0.01)%
   QqGbB2tC2hC1wN1_QqGtT1bC1wN1 : 79.4431481 (0.01)%
             GbB1bN1_QqN4wC1wN1 : 79.2410479 (0.01)%
       GbB1tC2zC1wN1_GtT1bC2wN1 : 79.1835143 (0.01)%
       GbB1tC2wN1_GtT1bC2zC1wN1 : 79.1835143 (0.01)%
           GbB1bN1_QqGbB1tC2wN1 : 78.8215168 (0.01)%
           GbB1tC2wN1_QqGbB1bN1 : 78.8215168 (0.01)%
        QqC2wN2hN1_QqGbB1bN2hN1 : 78.7346280 (0.01)%
           QqC2wN1_QqGbB1tC1wN1 : 78.6098703 (0.01)%
  GtT1bC2wN2hN1_QqGbB1tC2zC1wN1 : 78.5224596 (0.01)%
  GbB1tC2zC1wN1_QqGtT1bC2wN2hN1 : 78.5224596 (0.01)%
  GbB1tC2wN2hN1_QqGtT1bC2zC1wN1 : 78.5224596 (0.01)%
  GtT1bC2zC1wN1_QqGbB1tC2wN2hN1 : 78.5224596 (0.01)%
      QqGbB1bN3zN1_QqGbB1tC1wN1 : 78.5055862 (0.01)%
             GbB2bN4hN1_QqN2zN1 : 78.4893536 (0.01)%
        B1bN3wC1wN1_B1bN3zN2hN1 : 78.4759829 (0.01)%
       GbB1bN4hN1_GbB2tC2hC1wN1 : 78.1931823 (0.01)%
       GbB1tC2hC1wN1_GtT1tN3zN1 : 78.1322818 (0.01)%
  GbB1tC2hC1wN1_QqGtT1bC2hC1wN1 : 78.0591213 (0.01)%
  GtT1bC2hC1wN1_QqGbB1tC2hC1wN1 : 78.0591213 (0.01)%
        T2tN3zN2hN1_T2tN4wC1wN1 : 77.7746572 (0.01)%
        GbB1bN4hN1_QqGtT1bC1wN1 : 77.6910803 (0.01)%
        GtT1bC1wN1_QqGbB1bN4hN1 : 77.6910803 (0.01)%
        B2bN3zN2hN1_B2tC2wN2hN1 : 77.6244098 (0.01)%
QqGbB1bN3wC1wN1_QqGbB2tC2wN2hN1 : 77.3280376 (0.01)%
     GtT1tN2hN1_QqGtT1tN3wC1wN1 : 77.1917871 (0.01)%
     GtT1tN3wC1wN1_QqGtT1tN2hN1 : 77.1917871 (0.01)%
    GbB1bN3zN2hN1_GtT1bC2zC1wN1 : 77.1543035 (0.01)%
    GtT1tN3wC1wN1_GtT1tN3zN2hN1 : 77.0685286 (0.01)%
          GbB2bN3hN2hN1_QqC1wN1 : 77.0407393 (0.01)%
     GbB2tC2wN1_QqGbB2tC2zC1wN1 : 77.0139394 (0.01)%
     GbB2tC2zC1wN1_QqGbB2tC2wN1 : 77.0139394 (0.01)%
        B2bN4hN2hN1_B2tC2wN2hN1 : 76.9749819 (0.01)%
           B1tC1wN1_B1tC2wN2zN1 : 76.9112087 (0.01)%
        GbB1bN1_QqGbB1bN3zN2hN1 : 76.8015828 (0.01)%
        GbB1bN3zN2hN1_QqGbB1bN1 : 76.8015828 (0.01)%
  GbB1bN4hN2hN1_QqGbB2tC2hC1wN1 : 76.6938194 (0.01)%
  GbB2tC2hC1wN1_QqGbB1bN4hN2hN1 : 76.6938194 (0.01)%
     QqC2zC1wN1_QqGbB1bN3wC1wN1 : 76.6074303 (0.01)%
           T1bC2zC1wN1_T1tN2zN1 : 76.5966988 (0.01)%
       GbB1bN2zN1_GbB1bN4hN2hN1 : 76.4570073 (0.01)%
       GbB1bN2hN1_GbB1bN4hN2zN1 : 76.4570073 (0.01)%
  GbB2bN4wC1wN1_QqGbB2bN4wC1wN1 : 76.4040580 (0.01)%
          GtT1tN2hN1_QqC2hC1wN1 : 76.3530583 (0.01)%
      QqGtT1bC1wN1_QqGtT1bC1wN1 : 76.2888570 (0.01)%
    GbB2bN4wC1wN1_GtT1bC2hC1wN1 : 76.2338407 (0.01)%
          GbB1bN1_GtT1bC2wN2hN1 : 76.1656982 (0.01)%
    GbB1tC2wN2zN1_GtT1tN3wC1wN1 : 75.9616317 (0.01)%
          GbB2wT1tN2hN1_QqC1wN1 : 75.9478883 (0.01)%
        T2tN3wC1wN1_T2tN4hN2hN1 : 75.8637972 (0.01)%
     GbB1bN4hN2zN1_QqGbB1tC1wN1 : 75.6985771 (0.01)%
     GbB1tC1wN1_QqGbB1bN4hN2zN1 : 75.6985771 (0.01)%
     GbB1bN2zN1_QqGbB2tC2hC1wN1 : 75.6859302 (0.01)%
     GbB2tC2hC1wN1_QqGbB1bN2zN1 : 75.6859302 (0.01)%
        B2tC2wN2zN1_B2tC2zC1wN1 : 75.5987909 (0.01)%
              C2zC1wN1_N4hN2zN1 : 75.3132260 (0.01)%
  GbB2bN4wC1wN1_QqGbB2bN3wC1wN1 : 75.1556459 (0.01)%
  GbB2bN3wC1wN1_QqGbB2bN4wC1wN1 : 75.1556459 (0.01)%
    GbB2bN3wC1wN1_GtT1bC2hC1wN1 : 74.9882100 (0.01)%
   QqGbB2tC2wN2hN1_QqGtT1bC1wN1 : 74.9602530 (0.01)%
       GbB2bN4wC1wN1_QqN4wC1wN1 : 74.8364507 (0.01)%
       GbB1bN3wC1wN1_GtT1tN2zN1 : 74.7574664 (0.01)%
              N3zN2zN1_N4wC1wN1 : 74.6008809 (0.01)%
           QqC1wN1_QqGbB2bN4zN1 : 74.4523359 (0.01)%
     GbB1tC2wN1_QqGbB2bN4wC1wN1 : 74.4402391 (0.01)%
     GbB2bN4wC1wN1_QqGbB1tC2wN1 : 74.4402391 (0.01)%
              C2zC1wN1_N3zN2zN1 : 74.4029175 (0.01)%
                QqC2wN1_QqN2zN1 : 74.3983581 (0.01)%
           QqGbB1bN3zN1_QqN2zN1 : 74.2996610 (0.01)%
                 N2hN1_N3zN2hN1 : 74.2755172 (0.01)%
       GbB1tC2hC1wN1_GtT1bC2wN1 : 74.2743970 (0.01)%
       GbB1tC2wN1_GtT1bC2hC1wN1 : 74.2743970 (0.01)%
        QqC2zC1wN1_QqGtT1bC1wN1 : 74.2617108 (0.01)%
    GbB2bN3zN2hN1_GbB2tC2zC1wN1 : 74.2105669 (0.01)%
              T2bC2zC1wN1_T2tN1 : 74.0480523 (0.01)%
  GbB2bN3wC1wN1_QqGbB2bN3wC1wN1 : 73.9276324 (0.01)%
    GbB2bN4wC1wN1_GbB2bN4wC1wN1 : 73.8446125 (0.01)%
                       N1_N2hN1 : 73.7938881 (0.01)%
       GbB1bN4hN1_GbB2tC2wN2hN1 : 73.7808215 (0.01)%
       GbB1tC2wN2hN1_GtT1tN3zN1 : 73.7233576 (0.01)%
  GbB1tC2hC1wN1_QqGtT1bC2wN2hN1 : 73.6543255 (0.01)%
  GbB1tC2wN2hN1_QqGtT1bC2hC1wN1 : 73.6543255 (0.01)%
  GtT1bC2hC1wN1_QqGbB1tC2wN2hN1 : 73.6543255 (0.01)%
  GtT1bC2wN2hN1_QqGbB1tC2hC1wN1 : 73.6543255 (0.01)%
       GbB2bN3wC1wN1_QqN4wC1wN1 : 73.6136527 (0.01)%
    GbB2bN4hN2hN1_GbB2tC2zC1wN1 : 73.5897001 (0.01)%
     GbB1tC2wN1_QqGbB2bN3wC1wN1 : 73.2239151 (0.01)%
     GbB2bN3wC1wN1_QqGbB1tC2wN1 : 73.2239151 (0.01)%
           T1bC1wN1_T1tN4hN2hN1 : 73.1050059 (0.01)%
       GbB1bN4hN2hN1_GbB2tC2wN1 : 72.9752922 (0.01)%
                QqC1wN1_QqN4zN1 : 72.9247727 (0.01)%
          GbB1tC2wN1_QqN4wC1wN1 : 72.9129241 (0.01)%
              N3wC1wN1_N4hN2zN1 : 72.7679979 (0.01)%
         QqGbB1bN1_QqGbB1bN2hN1 : 72.7073392 (0.01)%
QqGbB1bN3wC1wN1_QqGtT1tN3wC1wN1 : 72.6473732 (0.01)%
          GbB1bN3zN1_GtT1tN2hN1 : 72.5546739 (0.01)%
  GbB2bN4wC1wN1_QqGbB1bN3zN2hN1 : 72.5325827 (0.01)%
  GbB1bN3zN2hN1_QqGbB2bN4wC1wN1 : 72.5325827 (0.01)%
        GbB1tC2wN1_QqGbB1tC2wN1 : 72.5268964 (0.01)%
------------------------------------------------------------
                                              SUM=90.01%
