/Users/rafalmaselek/Projects/fastlim-1.0
 
#################################################################
#                                                               #
#                                                               #
#                     This is Fastlim  ver. 1.0                 #
#                                                               #
#          A fast LHC limit calculator for BSM models.          #
#                                                               #
#                  http://cern.ch/fastlim-1.0/                  #
#                                                               #
#  for bugs/feature requests: fastlim-1.0.developers@gmail.com  #
#                                                               #
#    please refer to:                                           #
#    M.Papucci, K.Sakurai, A.Weiler, L.Zeune arXiv:1402.xxxx    #
#                                                               #
#################################################################
 

!! Masses incompatible with the data for ERER !!

!! Problem with reading tables for ER ER !! Probably mass outside the table !! Setting xsec to 10^-20 !!

!! Masses incompatible with the data for ELEL !!

!! Problem with reading tables for EL EL !! Probably mass outside the table !! Setting xsec to 10^-20 !!

!! Masses incompatible with the data for TAU1TAU1 !!

!! Problem with reading tables for TAU1 TAU1 !! Probably mass outside the table !! Setting xsec to 10^-20 !!

!! Masses incompatible with the data for TAU2TAU2 !!

!! Problem with reading tables for TAU2 TAU2 !! Probably mass outside the table !! Setting xsec to 10^-20 !!
!! EWK PROCESS C1C2 NOT FOUND !! WILL TRY TO LOOK FOR +/- MODES !!
XSEC FOUND FOR: C1-C2+
XSEC FOUND FOR: C1+C2-
!! EWK PROCESS C1N1 NOT FOUND !! WILL TRY TO LOOK FOR +/- MODES !!
XSEC FOUND FOR: C1+N1
XSEC FOUND FOR: C1-N1
!! EWK PROCESS C1N2 NOT FOUND !! WILL TRY TO LOOK FOR +/- MODES !!
XSEC FOUND FOR: C1+N2
XSEC FOUND FOR: C1-N2
!! EWK PROCESS C1N3 NOT FOUND !! WILL TRY TO LOOK FOR +/- MODES !!
XSEC FOUND FOR: C1+N3
XSEC FOUND FOR: C1-N3
!! EWK PROCESS C1N4 NOT FOUND !! WILL TRY TO LOOK FOR +/- MODES !!
XSEC FOUND FOR: C1+N4
XSEC FOUND FOR: C1-N4
!! EWK PROCESS C2N1 NOT FOUND !! WILL TRY TO LOOK FOR +/- MODES !!
XSEC FOUND FOR: C2+N1
XSEC FOUND FOR: C2-N1
!! EWK PROCESS C2N2 NOT FOUND !! WILL TRY TO LOOK FOR +/- MODES !!
XSEC FOUND FOR: C2+N2
XSEC FOUND FOR: C2-N2
!! EWK PROCESS C2N3 NOT FOUND !! WILL TRY TO LOOK FOR +/- MODES !!
XSEC FOUND FOR: C2+N3
XSEC FOUND FOR: C2-N3
!! EWK PROCESS C2N4 NOT FOUND !! WILL TRY TO LOOK FOR +/- MODES !!
XSEC FOUND FOR: C2+N4
XSEC FOUND FOR: C2-N4
---------------  Output inclusive processes  ---------------
The total xsec = 49523.86 [fb]
The total rate = 100.00%
Output upto 0.10%
               Modes : xsec/fb      (rate)
         C1wN1_N2zN1 : 25943.4152752 (52.39)%
         C1wN1_C1wN1 : 13078.9808041 (26.41)%
      GqqC1wN1_GttN1 : 688.6408097 (1.39)%
      GbtC1wN1_GttN1 : 663.6777824 (1.34)%
   GbtC1wN1_GqqC1wN1 : 612.2823847 (1.24)%
         C1wN1_N2hN1 : 607.4714725 (1.23)%
         GttN1_GttN1 : 373.2228927 (0.75)%
      GqqN2zN1_GttN1 : 336.5874499 (0.68)%
   GqqC1wN1_GqqC1wN1 : 317.6561340 (0.64)%
   GqqC1wN1_GqqN2zN1 : 310.5220213 (0.63)%
   GbtC1wN1_GqqN2zN1 : 299.2656891 (0.60)%
   GbtC1wN1_GbtC1wN1 : 295.0436640 (0.60)%
         GqqN1_GttN1 : 227.5102301 (0.46)%
      GqqC1wN1_GqqN1 : 209.8917727 (0.42)%
      GbbN2zN1_GttN1 : 207.3725335 (0.42)%
      GbtC1wN1_GqqN1 : 202.2832575 (0.41)%
   GbbN2zN1_GqqC1wN1 : 191.3135450 (0.39)%
   GbbN2zN1_GbtC1wN1 : 184.3784852 (0.37)%
      GttN1_GttN2zN1 : 120.0294100 (0.24)%
   GqqC1wN1_GttN2zN1 : 110.7342981 (0.22)%
   GbtC1wN1_GttN2zN1 : 106.7202123 (0.22)%
      GqqN1_GqqN2zN1 : 102.5889484 (0.21)%
   GbbN2zN1_GqqN2zN1 : 93.5084551 (0.19)%
   GqqN2zN1_GqqN2zN1 : 75.8870327 (0.15)%
      GbbN2zN1_GqqN1 : 63.2053576 (0.13)%
       GttN1_QqGttN1 : 62.3970895 (0.13)%
   GbtC2hC1wN1_GttN1 : 58.9734513 (0.12)%
    GttN1_QqGqqC1wN1 : 57.5650410 (0.12)%
    GqqC1wN1_QqGttN1 : 57.5650410 (0.12)%
   GbtC2zC1wN1_GttN1 : 55.5456102 (0.11)%
    GttN1_QqGbtC1wN1 : 55.4783252 (0.11)%
    GbtC1wN1_QqGttN1 : 55.4783252 (0.11)%
GbtC2hC1wN1_GqqC1wN1 : 54.4065304 (0.11)%
   GqqN2zN1_GttN2zN1 : 54.1236803 (0.11)%
   GbtC2wN2zN1_GttN1 : 53.2996747 (0.11)%
 GqqC1wN1_QqGqqC1wN1 : 53.1071877 (0.11)%
GbtC1wN1_GbtC2hC1wN1 : 52.4343096 (0.11)%
GbtC2zC1wN1_GqqC1wN1 : 51.2441423 (0.10)%
 GqqC1wN1_QqGbtC1wN1 : 51.1820678 (0.10)%
 GbtC1wN1_QqGqqC1wN1 : 51.1820678 (0.10)%
GbtC1wN1_GbtC2zC1wN1 : 49.3865571 (0.10)%
------------------------------------------------------------
                                   SUM=93.48%

SHOWING PROCESSES TO GET 90.00% SUSY COVERAGE
---------------  Output inclusive processes  ---------------
The total xsec = 49523.86 [fb]
The total rate = 100.00%
            Modes : xsec/fb      (rate)
      C1wN1_N2zN1 : 25943.4152752 (52.39)%
      C1wN1_C1wN1 : 13078.9808041 (26.41)%
   GqqC1wN1_GttN1 : 688.6408097 (1.39)%
   GbtC1wN1_GttN1 : 663.6777824 (1.34)%
GbtC1wN1_GqqC1wN1 : 612.2823847 (1.24)%
      C1wN1_N2hN1 : 607.4714725 (1.23)%
      GttN1_GttN1 : 373.2228927 (0.75)%
   GqqN2zN1_GttN1 : 336.5874499 (0.68)%
GqqC1wN1_GqqC1wN1 : 317.6561340 (0.64)%
GqqC1wN1_GqqN2zN1 : 310.5220213 (0.63)%
GbtC1wN1_GqqN2zN1 : 299.2656891 (0.60)%
GbtC1wN1_GbtC1wN1 : 295.0436640 (0.60)%
      GqqN1_GttN1 : 227.5102301 (0.46)%
   GqqC1wN1_GqqN1 : 209.8917727 (0.42)%
   GbbN2zN1_GttN1 : 207.3725335 (0.42)%
   GbtC1wN1_GqqN1 : 202.2832575 (0.41)%
GbbN2zN1_GqqC1wN1 : 191.3135450 (0.39)%
GbbN2zN1_GbtC1wN1 : 184.3784852 (0.37)%
------------------------------------------------------------
                                SUM=90.36%
