/Users/rafalmaselek/Projects/fastlim-1.0
 
#################################################################
#                                                               #
#                                                               #
#                     This is Fastlim  ver. 1.0                 #
#                                                               #
#          A fast LHC limit calculator for BSM models.          #
#                                                               #
#                  http://cern.ch/fastlim-1.0/                  #
#                                                               #
#  for bugs/feature requests: fastlim-1.0.developers@gmail.com  #
#                                                               #
#    please refer to:                                           #
#    M.Papucci, K.Sakurai, A.Weiler, L.Zeune arXiv:1402.xxxx    #
#                                                               #
#################################################################
 

!! Masses incompatible with the data for ERER !!

!! Problem with reading tables for ER ER !! Probably mass outside the table !! Setting xsec to 10^-20 !!

!! Masses incompatible with the data for ELEL !!

!! Problem with reading tables for EL EL !! Probably mass outside the table !! Setting xsec to 10^-20 !!

!! Masses incompatible with the data for TAU1TAU1 !!

!! Problem with reading tables for TAU1 TAU1 !! Probably mass outside the table !! Setting xsec to 10^-20 !!

!! Masses incompatible with the data for TAU2TAU2 !!

!! Problem with reading tables for TAU2 TAU2 !! Probably mass outside the table !! Setting xsec to 10^-20 !!
!! EWK PROCESS C1C2 NOT FOUND !! WILL TRY TO LOOK FOR +/- MODES !!
XSEC FOUND FOR: C1-C2+
XSEC FOUND FOR: C1+C2-
!! EWK PROCESS C1N1 NOT FOUND !! WILL TRY TO LOOK FOR +/- MODES !!
XSEC FOUND FOR: C1+N1
XSEC FOUND FOR: C1-N1
!! EWK PROCESS C1N2 NOT FOUND !! WILL TRY TO LOOK FOR +/- MODES !!
XSEC FOUND FOR: C1+N2
XSEC FOUND FOR: C1-N2
!! EWK PROCESS C1N3 NOT FOUND !! WILL TRY TO LOOK FOR +/- MODES !!
XSEC FOUND FOR: C1+N3
XSEC FOUND FOR: C1-N3
!! EWK PROCESS C1N4 NOT FOUND !! WILL TRY TO LOOK FOR +/- MODES !!
XSEC FOUND FOR: C1+N4
XSEC FOUND FOR: C1-N4
!! EWK PROCESS C2N1 NOT FOUND !! WILL TRY TO LOOK FOR +/- MODES !!
XSEC FOUND FOR: C2+N1
XSEC FOUND FOR: C2-N1
!! EWK PROCESS C2N2 NOT FOUND !! WILL TRY TO LOOK FOR +/- MODES !!
XSEC FOUND FOR: C2+N2
XSEC FOUND FOR: C2-N2
!! EWK PROCESS C2N3 NOT FOUND !! WILL TRY TO LOOK FOR +/- MODES !!
XSEC FOUND FOR: C2+N3
XSEC FOUND FOR: C2-N3
!! EWK PROCESS C2N4 NOT FOUND !! WILL TRY TO LOOK FOR +/- MODES !!
XSEC FOUND FOR: C2+N4
XSEC FOUND FOR: C2-N4
---------------  Output inclusive processes  ---------------
The total xsec = 101423.99 [fb]
The total rate = 100.00%
Output upto 0.10%
                  Modes : xsec/fb      (rate)
            C1wN1_N2hN1 : 35186.0381570 (34.69)%
            C1wN1_C1wN1 : 20726.9315480 (20.44)%
            C1wN1_N2zN1 : 6318.6858678 (6.23)%
      GbtC1wN1_GqqC1wN1 : 496.7421087 (0.49)%
         GbtC1wN1_GttN1 : 462.8123823 (0.46)%
   GbtC1wN1_GbtC2hC1wN1 : 442.6111591 (0.44)%
   GbtC1wN1_GbtC2zC1wN1 : 431.9305218 (0.43)%
      GbtC1wN1_GbtC1wN1 : 428.9290870 (0.42)%
   GbtC1wN1_GbtC2wN2hN1 : 385.3927204 (0.38)%
      C2hC1wN1_N4wC1wN1 : 373.9449141 (0.37)%
      C2zC1wN1_N4wC1wN1 : 364.9212600 (0.36)%
      C2hC1wN1_N3wC1wN1 : 359.3284186 (0.35)%
      C2zC1wN1_N3wC1wN1 : 350.6574747 (0.35)%
      N3wC1wN1_N4wC1wN1 : 341.3917911 (0.34)%
      C2wN2hN1_N4wC1wN1 : 325.6032857 (0.32)%
      C2wN2hN1_N3wC1wN1 : 312.8763338 (0.31)%
   GbtC1wN1_GttN4wC1wN1 : 286.3824519 (0.28)%
      GbbN2hN1_GbtC1wN1 : 273.5432589 (0.27)%
         GqqC1wN1_GttN1 : 267.9911502 (0.26)%
   GbtC2hC1wN1_GqqC1wN1 : 256.2936476 (0.25)%
   GbtC2zC1wN1_GqqC1wN1 : 250.1090328 (0.25)%
      GbtC2hC1wN1_GttN1 : 238.7876355 (0.24)%
      GbtC2zC1wN1_GttN1 : 233.0254579 (0.23)%
   GbtC1wN1_GttN3wC1wN1 : 223.3050632 (0.22)%
   GbtC2wN2hN1_GqqC1wN1 : 223.1613551 (0.22)%
GbtC2hC1wN1_GbtC2zC1wN1 : 222.8541671 (0.22)%
      GbtC1wN1_GbtC2wN1 : 216.8960413 (0.21)%
    GbtC1wN1_QqGbtC1wN1 : 213.2100458 (0.21)%
      GbtC1wN1_GqqN2hN1 : 210.6480633 (0.21)%
      GbtC2wN2hN1_GttN1 : 207.9184281 (0.20)%
      C2hC1wN1_C2zC1wN1 : 204.3448965 (0.20)%
GbtC2hC1wN1_GbtC2wN2hN1 : 198.8430301 (0.20)%
GbtC2wN2hN1_GbtC2zC1wN1 : 194.0447545 (0.19)%
         C2wN1_N4wC1wN1 : 183.2470101 (0.18)%
      C2hC1wN1_C2wN2hN1 : 182.3280171 (0.18)%
      C2wN2hN1_C2zC1wN1 : 177.9282649 (0.18)%
         C2wN1_N3wC1wN1 : 176.0843800 (0.17)%
   GqqC1wN1_GttN4wC1wN1 : 165.8295361 (0.16)%
         GbtC1wN1_GqqN1 : 162.6380594 (0.16)%
      GbbN2hN1_GqqC1wN1 : 158.3950114 (0.16)%
      GttN1_GttN4wC1wN1 : 154.5026309 (0.15)%
      C2hC1wN1_N4hN2hN1 : 148.8778530 (0.15)%
GbtC2hC1wN1_GttN4wC1wN1 : 147.7587704 (0.15)%
         GbbN2hN1_GttN1 : 147.5759177 (0.15)%
         C1wN1_N3wC1wN1 : 146.1309524 (0.14)%
      C2zC1wN1_N4hN2hN1 : 145.2852857 (0.14)%
GbtC2zC1wN1_GttN4wC1wN1 : 144.1932077 (0.14)%
      GqqC1wN1_GqqC1wN1 : 143.8190659 (0.14)%
   GbbN2hN1_GbtC2hC1wN1 : 141.1344002 (0.14)%
   GbbN2hN1_GbtC2zC1wN1 : 137.7286900 (0.14)%
      N3wC1wN1_N4hN2hN1 : 135.9175509 (0.13)%
      C2hC1wN1_N3zN2hN1 : 135.2480415 (0.13)%
      C2zC1wN1_N3zN2hN1 : 131.9843749 (0.13)%
      C2wN2hN1_N4hN2hN1 : 129.6317085 (0.13)%
   GqqC1wN1_GttN3wC1wN1 : 129.3046232 (0.13)%
GbtC2wN2hN1_GttN4wC1wN1 : 128.6572950 (0.13)%
      N3zN2hN1_N4wC1wN1 : 128.4968534 (0.13)%
      GbtC2wN1_GqqC1wN1 : 125.5934841 (0.12)%
            GttN1_GttN1 : 124.8430730 (0.12)%
    GbtC1wN1_QqGqqC1wN1 : 123.4591112 (0.12)%
    GqqC1wN1_QqGbtC1wN1 : 123.4591112 (0.12)%
   GbbN2hN1_GbtC2wN2hN1 : 122.8892885 (0.12)%
      GqqC1wN1_GqqN2hN1 : 121.9755973 (0.12)%
      GttN1_GttN3wC1wN1 : 120.4725343 (0.12)%
      C2wN2hN1_N3zN2hN1 : 117.7638873 (0.12)%
         GbtC2wN1_GttN1 : 117.0148827 (0.12)%
      GbtC1wN1_GttN2hN1 : 115.8367166 (0.11)%
GbtC2hC1wN1_GttN3wC1wN1 : 115.2140480 (0.11)%
       GbtC1wN1_QqGttN1 : 115.0262971 (0.11)%
       GttN1_QqGbtC1wN1 : 115.0262971 (0.11)%
GbtC2hC1wN1_GbtC2hC1wN1 : 114.1824162 (0.11)%
   GbtC1wN1_GttN4hN2hN1 : 114.0168056 (0.11)%
         GqqN2hN1_GttN1 : 113.6441139 (0.11)%
GbtC2zC1wN1_GttN3wC1wN1 : 112.4338211 (0.11)%
   GbtC2hC1wN1_GbtC2wN1 : 111.9073189 (0.11)%
 GbtC1wN1_QqGbtC2hC1wN1 : 110.0055328 (0.11)%
 GbtC2hC1wN1_QqGbtC1wN1 : 110.0055328 (0.11)%
   GbtC2wN1_GbtC2zC1wN1 : 109.2068865 (0.11)%
GbtC2zC1wN1_GbtC2zC1wN1 : 108.7382398 (0.11)%
   GbtC2hC1wN1_GqqN2hN1 : 108.6836802 (0.11)%
 GbtC1wN1_QqGbtC2zC1wN1 : 107.3509924 (0.11)%
 GbtC2zC1wN1_QqGbtC1wN1 : 107.3509924 (0.11)%
   GbtC2zC1wN1_GqqN2hN1 : 106.0610374 (0.10)%
      C2hC1wN1_C2hC1wN1 : 104.6989353 (0.10)%
         C2hC1wN1_C2wN1 : 102.6127974 (0.10)%
       GbtC1wN1_QqC1wN1 : 102.3266520 (0.10)%
GbtC2wN2hN1_GttN3wC1wN1 : 100.3197829 (0.10)%
------------------------------------------------------------
                                      SUM=77.12%

SHOWING PROCESSES TO GET 90.00% SUSY COVERAGE
---------------  Output inclusive processes  ---------------
The total xsec = 101423.99 [fb]
The total rate = 100.00%
                      Modes : xsec/fb      (rate)
                C1wN1_N2hN1 : 35186.0381570 (34.69)%
                C1wN1_C1wN1 : 20726.9315480 (20.44)%
                C1wN1_N2zN1 : 6318.6858678 (6.23)%
          GbtC1wN1_GqqC1wN1 : 496.7421087 (0.49)%
             GbtC1wN1_GttN1 : 462.8123823 (0.46)%
       GbtC1wN1_GbtC2hC1wN1 : 442.6111591 (0.44)%
       GbtC1wN1_GbtC2zC1wN1 : 431.9305218 (0.43)%
          GbtC1wN1_GbtC1wN1 : 428.9290870 (0.42)%
       GbtC1wN1_GbtC2wN2hN1 : 385.3927204 (0.38)%
          C2hC1wN1_N4wC1wN1 : 373.9449141 (0.37)%
          C2zC1wN1_N4wC1wN1 : 364.9212600 (0.36)%
          C2hC1wN1_N3wC1wN1 : 359.3284186 (0.35)%
          C2zC1wN1_N3wC1wN1 : 350.6574747 (0.35)%
          N3wC1wN1_N4wC1wN1 : 341.3917911 (0.34)%
          C2wN2hN1_N4wC1wN1 : 325.6032857 (0.32)%
          C2wN2hN1_N3wC1wN1 : 312.8763338 (0.31)%
       GbtC1wN1_GttN4wC1wN1 : 286.3824519 (0.28)%
          GbbN2hN1_GbtC1wN1 : 273.5432589 (0.27)%
             GqqC1wN1_GttN1 : 267.9911502 (0.26)%
       GbtC2hC1wN1_GqqC1wN1 : 256.2936476 (0.25)%
       GbtC2zC1wN1_GqqC1wN1 : 250.1090328 (0.25)%
          GbtC2hC1wN1_GttN1 : 238.7876355 (0.24)%
          GbtC2zC1wN1_GttN1 : 233.0254579 (0.23)%
       GbtC1wN1_GttN3wC1wN1 : 223.3050632 (0.22)%
       GbtC2wN2hN1_GqqC1wN1 : 223.1613551 (0.22)%
    GbtC2hC1wN1_GbtC2zC1wN1 : 222.8541671 (0.22)%
          GbtC1wN1_GbtC2wN1 : 216.8960413 (0.21)%
        GbtC1wN1_QqGbtC1wN1 : 213.2100458 (0.21)%
          GbtC1wN1_GqqN2hN1 : 210.6480633 (0.21)%
          GbtC2wN2hN1_GttN1 : 207.9184281 (0.20)%
          C2hC1wN1_C2zC1wN1 : 204.3448965 (0.20)%
    GbtC2hC1wN1_GbtC2wN2hN1 : 198.8430301 (0.20)%
    GbtC2wN2hN1_GbtC2zC1wN1 : 194.0447545 (0.19)%
             C2wN1_N4wC1wN1 : 183.2470101 (0.18)%
          C2hC1wN1_C2wN2hN1 : 182.3280171 (0.18)%
          C2wN2hN1_C2zC1wN1 : 177.9282649 (0.18)%
             C2wN1_N3wC1wN1 : 176.0843800 (0.17)%
       GqqC1wN1_GttN4wC1wN1 : 165.8295361 (0.16)%
             GbtC1wN1_GqqN1 : 162.6380594 (0.16)%
          GbbN2hN1_GqqC1wN1 : 158.3950114 (0.16)%
          GttN1_GttN4wC1wN1 : 154.5026309 (0.15)%
          C2hC1wN1_N4hN2hN1 : 148.8778530 (0.15)%
    GbtC2hC1wN1_GttN4wC1wN1 : 147.7587704 (0.15)%
             GbbN2hN1_GttN1 : 147.5759177 (0.15)%
             C1wN1_N3wC1wN1 : 146.1309524 (0.14)%
          C2zC1wN1_N4hN2hN1 : 145.2852857 (0.14)%
    GbtC2zC1wN1_GttN4wC1wN1 : 144.1932077 (0.14)%
          GqqC1wN1_GqqC1wN1 : 143.8190659 (0.14)%
       GbbN2hN1_GbtC2hC1wN1 : 141.1344002 (0.14)%
       GbbN2hN1_GbtC2zC1wN1 : 137.7286900 (0.14)%
          N3wC1wN1_N4hN2hN1 : 135.9175509 (0.13)%
          C2hC1wN1_N3zN2hN1 : 135.2480415 (0.13)%
          C2zC1wN1_N3zN2hN1 : 131.9843749 (0.13)%
          C2wN2hN1_N4hN2hN1 : 129.6317085 (0.13)%
       GqqC1wN1_GttN3wC1wN1 : 129.3046232 (0.13)%
    GbtC2wN2hN1_GttN4wC1wN1 : 128.6572950 (0.13)%
          N3zN2hN1_N4wC1wN1 : 128.4968534 (0.13)%
          GbtC2wN1_GqqC1wN1 : 125.5934841 (0.12)%
                GttN1_GttN1 : 124.8430730 (0.12)%
        GbtC1wN1_QqGqqC1wN1 : 123.4591112 (0.12)%
        GqqC1wN1_QqGbtC1wN1 : 123.4591112 (0.12)%
       GbbN2hN1_GbtC2wN2hN1 : 122.8892885 (0.12)%
          GqqC1wN1_GqqN2hN1 : 121.9755973 (0.12)%
          GttN1_GttN3wC1wN1 : 120.4725343 (0.12)%
          C2wN2hN1_N3zN2hN1 : 117.7638873 (0.12)%
             GbtC2wN1_GttN1 : 117.0148827 (0.12)%
          GbtC1wN1_GttN2hN1 : 115.8367166 (0.11)%
    GbtC2hC1wN1_GttN3wC1wN1 : 115.2140480 (0.11)%
           GbtC1wN1_QqGttN1 : 115.0262971 (0.11)%
           GttN1_QqGbtC1wN1 : 115.0262971 (0.11)%
    GbtC2hC1wN1_GbtC2hC1wN1 : 114.1824162 (0.11)%
       GbtC1wN1_GttN4hN2hN1 : 114.0168056 (0.11)%
             GqqN2hN1_GttN1 : 113.6441139 (0.11)%
    GbtC2zC1wN1_GttN3wC1wN1 : 112.4338211 (0.11)%
       GbtC2hC1wN1_GbtC2wN1 : 111.9073189 (0.11)%
     GbtC1wN1_QqGbtC2hC1wN1 : 110.0055328 (0.11)%
     GbtC2hC1wN1_QqGbtC1wN1 : 110.0055328 (0.11)%
       GbtC2wN1_GbtC2zC1wN1 : 109.2068865 (0.11)%
    GbtC2zC1wN1_GbtC2zC1wN1 : 108.7382398 (0.11)%
       GbtC2hC1wN1_GqqN2hN1 : 108.6836802 (0.11)%
     GbtC1wN1_QqGbtC2zC1wN1 : 107.3509924 (0.11)%
     GbtC2zC1wN1_QqGbtC1wN1 : 107.3509924 (0.11)%
       GbtC2zC1wN1_GqqN2hN1 : 106.0610374 (0.10)%
          C2hC1wN1_C2hC1wN1 : 104.6989353 (0.10)%
             C2hC1wN1_C2wN1 : 102.6127974 (0.10)%
           GbtC1wN1_QqC1wN1 : 102.3266520 (0.10)%
    GbtC2wN2hN1_GttN3wC1wN1 : 100.3197829 (0.10)%
             C2wN1_C2zC1wN1 : 100.1366509 (0.10)%
          C2zC1wN1_C2zC1wN1 : 99.7069278 (0.10)%
       GbbN3wC1wN1_GbtC1wN1 : 98.6606241 (0.10)%
       GbtC2wN1_GbtC2wN2hN1 : 97.4405303 (0.10)%
     GbtC1wN1_QqGbtC2wN2hN1 : 95.7845971 (0.09)%
     GbtC2wN2hN1_QqGbtC1wN1 : 95.7845971 (0.09)%
       GbtC2wN2hN1_GqqN2hN1 : 94.6336266 (0.09)%
             GqqC1wN1_GqqN1 : 94.1754418 (0.09)%
       GbbN2hN1_GttN4wC1wN1 : 91.3181124 (0.09)%
       GbbN4wC1wN1_GbtC1wN1 : 89.5668197 (0.09)%
             C2wN1_C2wN2hN1 : 89.3475555 (0.09)%
                GqqN1_GttN1 : 87.7428344 (0.09)%
    GbtC2wN2hN1_GbtC2wN2hN1 : 86.5688254 (0.09)%
                N2hN1_N2hN1 : 84.8802356 (0.08)%
             C2hC1wN1_N3zN1 : 84.4999367 (0.08)%
       GbtC1wN1_GttN3zN2hN1 : 84.0500525 (0.08)%
          GbtC2hC1wN1_GqqN1 : 83.9129616 (0.08)%
             C2zC1wN1_N3zN1 : 82.4608711 (0.08)%
                      N1_N1 : 82.0461676 (0.08)%
          GbtC2zC1wN1_GqqN1 : 81.8880603 (0.08)%
             N3zN1_N4wC1wN1 : 80.2819461 (0.08)%
          C2wN2hN1_C2wN2hN1 : 79.3788058 (0.08)%
             C2hC1wN1_N4hN1 : 74.9569171 (0.07)%
    GttN3wC1wN1_GttN4wC1wN1 : 74.5468813 (0.07)%
             C2wN2hN1_N3zN1 : 73.5762300 (0.07)%
             C2zC1wN1_N4hN1 : 73.1481338 (0.07)%
          GbtC2wN2hN1_GqqN1 : 73.0651360 (0.07)%
             C2wN1_N4hN2hN1 : 72.9557226 (0.07)%
       GbtC2wN1_GttN4wC1wN1 : 72.4073302 (0.07)%
        GqqC1wN1_QqGqqC1wN1 : 71.4889024 (0.07)%
       GbbN2hN1_GttN3wC1wN1 : 71.2047708 (0.07)%
     GbtC1wN1_QqGttN4wC1wN1 : 71.1768186 (0.07)%
     GttN4wC1wN1_QqGbtC1wN1 : 71.1768186 (0.07)%
       GqqN2hN1_GttN4wC1wN1 : 70.3215411 (0.07)%
       GbtC1wN1_GbtC2wN2zN1 : 69.2085743 (0.07)%
          GbbN2hN1_GbtC2wN1 : 69.1611408 (0.07)%
             N3wC1wN1_N4hN1 : 68.4316733 (0.07)%
        GbbN2hN1_QqGbtC1wN1 : 67.9857959 (0.07)%
        GbtC1wN1_QqGbbN2hN1 : 67.9857959 (0.07)%
          GbbN2hN1_GqqN2hN1 : 67.1688625 (0.07)%
          GqqC1wN1_GttN2hN1 : 67.0751607 (0.07)%
           GqqC1wN1_QqGttN1 : 66.6058879 (0.07)%
           GttN1_QqGqqC1wN1 : 66.6058879 (0.07)%
             C2wN1_N3zN2hN1 : 66.2766046 (0.07)%
       GqqC1wN1_GttN4hN2hN1 : 66.0213426 (0.07)%
                   C1wN1_N1 : 65.2919409 (0.06)%
             C2wN2hN1_N4hN1 : 65.2668818 (0.06)%
     GqqC1wN1_QqGbtC2hC1wN1 : 63.6986182 (0.06)%
     GbtC2hC1wN1_QqGqqC1wN1 : 63.6986182 (0.06)%
             GbbN1_GbtC1wN1 : 62.5295024 (0.06)%
             GttN1_GttN2hN1 : 62.4936247 (0.06)%
     GqqC1wN1_QqGbtC2zC1wN1 : 62.1615087 (0.06)%
     GbtC2zC1wN1_QqGqqC1wN1 : 62.1615087 (0.06)%
              GttN1_QqGttN1 : 62.0564054 (0.06)%
          GttN1_GttN4hN2hN1 : 61.5117872 (0.06)%
       GbtC2hC1wN1_GttN2hN1 : 59.7658505 (0.06)%
             N2hN1_N3wC1wN1 : 59.7385611 (0.06)%
        GbtC2hC1wN1_QqGttN1 : 59.3477153 (0.06)%
        GttN1_QqGbtC2hC1wN1 : 59.3477153 (0.06)%
           GqqC1wN1_QqC1wN1 : 59.2521683 (0.06)%
    GbtC2hC1wN1_GttN4hN2hN1 : 58.8268691 (0.06)%
          C2wN2zN1_N4wC1wN1 : 58.4716265 (0.06)%
       GbtC2zC1wN1_GttN2hN1 : 58.3236425 (0.06)%
        GttN1_QqGbtC2zC1wN1 : 57.9155973 (0.06)%
        GbtC2zC1wN1_QqGttN1 : 57.9155973 (0.06)%
    GbtC2zC1wN1_GttN4hN2hN1 : 57.4073195 (0.06)%
          GbtC1wN1_GttN4hN1 : 57.4051014 (0.06)%
       GbbN3wC1wN1_GqqC1wN1 : 57.1293577 (0.06)%
  GbtC2hC1wN1_QqGbtC2hC1wN1 : 56.7572565 (0.06)%
       GbtC2wN1_GttN3wC1wN1 : 56.4591977 (0.06)%
          C2wN2zN1_N3wC1wN1 : 56.1861287 (0.06)%
     GbtC1wN1_QqGttN3wC1wN1 : 55.4997133 (0.05)%
     GttN3wC1wN1_QqGbtC1wN1 : 55.4997133 (0.05)%
     GqqC1wN1_QqGbtC2wN2hN1 : 55.4639965 (0.05)%
     GbtC2wN2hN1_QqGqqC1wN1 : 55.4639965 (0.05)%
  GbtC2hC1wN1_QqGbtC2zC1wN1 : 55.3876487 (0.05)%
  GbtC2zC1wN1_QqGbtC2hC1wN1 : 55.3876487 (0.05)%
              GttN1_QqC1wN1 : 55.2049780 (0.05)%
             C1wN1_N3zN2hN1 : 55.0023992 (0.05)%
       GqqN2hN1_GttN3wC1wN1 : 54.8328156 (0.05)%
          GqqN1_GttN4wC1wN1 : 54.2941568 (0.05)%
  GbtC2zC1wN1_QqGbtC2zC1wN1 : 54.0510909 (0.05)%
        GbtC1wN1_QqGbtC2wN1 : 53.9068302 (0.05)%
        GbtC2wN1_QqGbtC1wN1 : 53.9068302 (0.05)%
          GbtC2wN1_GqqN2hN1 : 53.2590729 (0.05)%
          GbbN3wC1wN1_GttN1 : 53.2271649 (0.05)%
        GbtC2hC1wN1_QqC1wN1 : 52.7953448 (0.05)%
          GbtC1wN1_GttN3zN1 : 52.5125838 (0.05)%
             C1wN1_N4wC1wN1 : 52.4670411 (0.05)%
        GbtC1wN1_QqGqqN2hN1 : 52.3539725 (0.05)%
        GqqN2hN1_QqGbtC1wN1 : 52.3539725 (0.05)%
       GbtC2wN2hN1_GttN2hN1 : 52.0396362 (0.05)%
       GbbN4wC1wN1_GqqC1wN1 : 51.8635973 (0.05)%
             GbbN2hN1_GqqN1 : 51.8600232 (0.05)%
        GttN1_QqGbtC2wN2hN1 : 51.6755554 (0.05)%
        GbtC2wN2hN1_QqGttN1 : 51.6755554 (0.05)%
        GbtC2zC1wN1_QqC1wN1 : 51.5213418 (0.05)%
    GbtC2wN2hN1_GttN4hN2hN1 : 51.2220414 (0.05)%
          N3zN2hN1_N4hN2hN1 : 51.1581651 (0.05)%
    GbbN3wC1wN1_GbtC2hC1wN1 : 50.9038609 (0.05)%
      QqGbtC1wN1_QqGqqC1wN1 : 50.2604524 (0.05)%
    GbbN3wC1wN1_GbtC2zC1wN1 : 49.6755013 (0.05)%
  GbtC2hC1wN1_QqGbtC2wN2hN1 : 49.4199774 (0.05)%
  GbtC2wN2hN1_QqGbtC2hC1wN1 : 49.4199774 (0.05)%
          GbbN2zN1_GbtC1wN1 : 49.1227207 (0.05)%
       GqqC1wN1_GttN3zN2hN1 : 48.6691176 (0.05)%
          GbbN4wC1wN1_GttN1 : 48.3210797 (0.05)%
  GbtC2wN2hN1_QqGbtC2zC1wN1 : 48.2274253 (0.05)%
  GbtC2zC1wN1_QqGbtC2wN2hN1 : 48.2274253 (0.05)%
    GttN4wC1wN1_GttN4wC1wN1 : 47.8021375 (0.05)%
         QqGbtC1wN1_QqGttN1 : 46.8274368 (0.05)%
    GbbN4wC1wN1_GbtC2hC1wN1 : 46.2119207 (0.05)%
        GbtC2wN2hN1_QqC1wN1 : 45.9702407 (0.05)%
          GttN1_GttN3zN2hN1 : 45.3447973 (0.04)%
    GbbN4wC1wN1_GbtC2zC1wN1 : 45.0967821 (0.04)%
   QqGbtC1wN1_QqGbtC2hC1wN1 : 44.7834736 (0.04)%
    GbbN3wC1wN1_GbtC2wN2hN1 : 44.3232780 (0.04)%
           GbtC1wN1_QqN2hN1 : 43.8954319 (0.04)%
   QqGbtC1wN1_QqGbtC2zC1wN1 : 43.7028048 (0.04)%
          GbbN2hN1_GbbN2hN1 : 43.6120543 (0.04)%
      QqGbtC1wN1_QqGbtC1wN1 : 43.3991192 (0.04)%
    GbtC2hC1wN1_GttN3zN2hN1 : 43.3655496 (0.04)%
  GbtC2wN2hN1_QqGbtC2wN2hN1 : 43.0312231 (0.04)%
          GqqN1_GttN3wC1wN1 : 42.3355553 (0.04)%
    GbtC2zC1wN1_GttN3zN2hN1 : 42.3190967 (0.04)%
         QqC1wN1_QqGbtC1wN1 : 41.6573858 (0.04)%
                C2wN1_N3zN1 : 41.4081330 (0.04)%
     GqqC1wN1_QqGttN4wC1wN1 : 41.2148815 (0.04)%
     GttN4wC1wN1_QqGqqC1wN1 : 41.2148815 (0.04)%
             GbtC2wN1_GqqN1 : 41.1204932 (0.04)%
           GbtC1wN1_QqGqqN1 : 40.4216794 (0.04)%
           GqqN1_QqGbtC1wN1 : 40.4216794 (0.04)%
    GbbN4wC1wN1_GbtC2wN2hN1 : 40.2378870 (0.04)%
       GbtC2wN2zN1_GqqC1wN1 : 40.0751711 (0.04)%
             GqqN1_GqqN2hN1 : 39.9359629 (0.04)%
        GqqC1wN1_QqGbbN2hN1 : 39.3671223 (0.04)%
        GbbN2hN1_QqGqqC1wN1 : 39.3671223 (0.04)%
   QqGbtC1wN1_QqGbtC2wN2hN1 : 38.9941021 (0.04)%
       GttN2hN1_GttN4wC1wN1 : 38.6702650 (0.04)%
        GttN1_QqGttN4wC1wN1 : 38.3997192 (0.04)%
        GttN4wC1wN1_QqGttN1 : 38.3997192 (0.04)%
    GttN4hN2hN1_GttN4wC1wN1 : 38.0627163 (0.04)%
          GbtC1wN1_GqqN2zN1 : 37.8280423 (0.04)%
    GbtC2wN2hN1_GttN3zN2hN1 : 37.7594798 (0.04)%
          GbtC2wN2zN1_GttN1 : 37.3378562 (0.04)%
       GbbN3zN2hN1_GbtC1wN1 : 37.1349871 (0.04)%
          GbbN2hN1_GttN2hN1 : 36.9365868 (0.04)%
                C2wN1_N4hN1 : 36.7316961 (0.04)%
  GbtC2hC1wN1_QqGttN4wC1wN1 : 36.7236160 (0.04)%
  GttN4wC1wN1_QqGbtC2hC1wN1 : 36.7236160 (0.04)%
           GttN1_QqGbbN2hN1 : 36.6781703 (0.04)%
           GbbN2hN1_QqGttN1 : 36.6781703 (0.04)%
       GbbN2hN1_GttN4hN2hN1 : 36.3562760 (0.04)%
             GbbN1_GqqC1wN1 : 36.2076597 (0.04)%
  GttN4wC1wN1_QqGbtC2zC1wN1 : 35.8374395 (0.04)%
  GbtC2zC1wN1_QqGttN4wC1wN1 : 35.8374395 (0.04)%
    GbtC2hC1wN1_GbtC2wN2zN1 : 35.7081021 (0.04)%
       GbbN4hN2hN1_GbtC1wN1 : 35.6590378 (0.04)%
     GbbN2hN1_QqGbtC2hC1wN1 : 35.0772107 (0.03)%
     GbtC2hC1wN1_QqGbbN2hN1 : 35.0772107 (0.03)%
    GbtC2wN2zN1_GbtC2zC1wN1 : 34.8464309 (0.03)%
                C1wN1_N3zN1 : 34.3642629 (0.03)%
     GbbN2hN1_QqGbtC2zC1wN1 : 34.2307635 (0.03)%
     GbtC2zC1wN1_QqGbbN2hN1 : 34.2307635 (0.03)%
        GttN4wC1wN1_QqC1wN1 : 34.1601425 (0.03)%
                GbbN1_GttN1 : 33.7345133 (0.03)%
          GqqC1wN1_GttN4hN1 : 33.2403793 (0.03)%
    GbbN3wC1wN1_GttN4wC1wN1 : 32.9362968 (0.03)%
          C2hC1wN1_C2wN2zN1 : 32.7423468 (0.03)%
           GbbN2hN1_QqC1wN1 : 32.6286637 (0.03)%
          GbbN1_GbtC2hC1wN1 : 32.2620409 (0.03)%
     GqqC1wN1_QqGttN3wC1wN1 : 32.1370659 (0.03)%
     GttN3wC1wN1_QqGqqC1wN1 : 32.1370659 (0.03)%
  GttN4wC1wN1_QqGbtC2wN2hN1 : 31.9761804 (0.03)%
  GbtC2wN2hN1_QqGttN4wC1wN1 : 31.9761804 (0.03)%
             N3zN1_N4hN2hN1 : 31.9624718 (0.03)%
          C2wN2zN1_C2zC1wN1 : 31.9522422 (0.03)%
             C1wN1_C2hC1wN1 : 31.6976768 (0.03)%
          GbbN1_GbtC2zC1wN1 : 31.4835265 (0.03)%
       GbbN2hN1_GbbN3wC1wN1 : 31.4596858 (0.03)%
        GqqC1wN1_QqGbtC2wN1 : 31.2147081 (0.03)%
        GbtC2wN1_QqGqqC1wN1 : 31.2147081 (0.03)%
    GbtC2wN2hN1_GbtC2wN2zN1 : 31.0919468 (0.03)%
             GttN1_GttN4hN1 : 30.9699115 (0.03)%
             C1wN1_C2zC1wN1 : 30.9327810 (0.03)%
     GbbN2hN1_QqGbtC2wN2hN1 : 30.5426137 (0.03)%
     GbtC2wN2hN1_QqGbbN2hN1 : 30.5426137 (0.03)%
                N2hN1_N2zN1 : 30.4854751 (0.03)%
          GqqC1wN1_GttN3zN1 : 30.4073708 (0.03)%
        GqqC1wN1_QqGqqN2hN1 : 30.3155270 (0.03)%
        GqqN2hN1_QqGqqC1wN1 : 30.3155270 (0.03)%
       GttN2hN1_GttN3wC1wN1 : 30.1529158 (0.03)%
        GttN1_QqGttN3wC1wN1 : 29.9419593 (0.03)%
        GttN3wC1wN1_QqGttN1 : 29.9419593 (0.03)%
    GbbN4wC1wN1_GttN4wC1wN1 : 29.9004733 (0.03)%
    GttN3wC1wN1_GttN4hN2hN1 : 29.6791833 (0.03)%
       GbtC2hC1wN1_GttN4hN1 : 29.6181108 (0.03)%
          GbtC2wN1_GttN2hN1 : 29.2875046 (0.03)%
           GbtC2wN1_QqGttN1 : 29.0826028 (0.03)%
           GttN1_QqGbtC2wN1 : 29.0826028 (0.03)%
    GttN3wC1wN1_GttN3wC1wN1 : 29.0637501 (0.03)%
   QqGbtC1wN1_QqGttN4wC1wN1 : 28.9762260 (0.03)%
       GbtC2zC1wN1_GttN4hN1 : 28.9033970 (0.03)%
       GbtC2wN1_GttN4hN2hN1 : 28.8273686 (0.03)%
        GbtC1wN1_QqGttN2hN1 : 28.7897841 (0.03)%
        GttN2hN1_QqGbtC1wN1 : 28.7897841 (0.03)%
  GbtC2hC1wN1_QqGttN3wC1wN1 : 28.6350276 (0.03)%
  GttN3wC1wN1_QqGbtC2hC1wN1 : 28.6350276 (0.03)%
       GbbN2hN1_GbbN4wC1wN1 : 28.5599654 (0.03)%
          C2wN2hN1_C2wN2zN1 : 28.5095887 (0.03)%
          GbbN2zN1_GqqC1wN1 : 28.4444732 (0.03)%
          GqqN2hN1_GttN2hN1 : 28.4438392 (0.03)%
     GbtC1wN1_QqGttN4hN2hN1 : 28.3374677 (0.03)%
     GttN4hN2hN1_QqGbtC1wN1 : 28.3374677 (0.03)%
             GttN1_GttN3zN1 : 28.3304103 (0.03)%
           GqqN2hN1_QqGttN1 : 28.2448398 (0.03)%
           GttN1_QqGqqN2hN1 : 28.2448398 (0.03)%
          GbbN1_GbtC2wN2hN1 : 28.0913743 (0.03)%
    GttN3zN2hN1_GttN4wC1wN1 : 28.0587874 (0.03)%
       GqqN2hN1_GttN4hN2hN1 : 27.9969580 (0.03)%
  GttN3wC1wN1_QqGbtC2zC1wN1 : 27.9440365 (0.03)%
  GbtC2zC1wN1_QqGttN3wC1wN1 : 27.9440365 (0.03)%
     GbtC2wN1_QqGbtC2hC1wN1 : 27.8131809 (0.03)%
     GbtC2hC1wN1_QqGbtC2wN1 : 27.8131809 (0.03)%
      QqGbbN2hN1_QqGbtC1wN1 : 27.6771542 (0.03)%
             C1wN1_C2wN2hN1 : 27.5999681 (0.03)%
          GbtC2wN1_GbtC2wN1 : 27.4193883 (0.03)%
     GbtC2wN1_QqGbtC2zC1wN1 : 27.1420218 (0.03)%
     GbtC2zC1wN1_QqGbtC2wN1 : 27.1420218 (0.03)%
         QqGqqC1wN1_QqGttN1 : 27.1153909 (0.03)%
       GbtC2hC1wN1_GttN3zN1 : 27.0938207 (0.03)%
     GqqN2hN1_QqGbtC2hC1wN1 : 27.0119854 (0.03)%
     GbtC2hC1wN1_QqGqqN2hN1 : 27.0119854 (0.03)%
       GbbN2hN1_GttN3zN2hN1 : 26.8008465 (0.03)%
          C2hC1wN1_N4hN2zN1 : 26.7353881 (0.03)%
        GttN3wC1wN1_QqC1wN1 : 26.6361739 (0.03)%
             GbbN2zN1_GttN1 : 26.5015874 (0.03)%
       GbtC2zC1wN1_GttN3zN1 : 26.4400205 (0.03)%
     GqqN2hN1_QqGbtC2zC1wN1 : 26.3601599 (0.03)%
     GbtC2zC1wN1_QqGqqN2hN1 : 26.3601599 (0.03)%
          C2zC1wN1_N4hN2zN1 : 26.0902372 (0.03)%
   QqGbtC2hC1wN1_QqGqqC1wN1 : 25.9318356 (0.03)%
           GbtC2wN1_QqC1wN1 : 25.8716958 (0.03)%
          GqqN2hN1_GqqN2hN1 : 25.8624374 (0.03)%
       GbtC2wN2hN1_GttN4hN1 : 25.7892375 (0.03)%
             N3zN2hN1_N4hN1 : 25.7570771 (0.03)%
    GbbN3wC1wN1_GttN3wC1wN1 : 25.6818872 (0.03)%
           GqqC1wN1_QqN2hN1 : 25.4176157 (0.03)%
       GbbN2zN1_GbtC2hC1wN1 : 25.3448239 (0.02)%
   QqGbtC2zC1wN1_QqGqqC1wN1 : 25.3060752 (0.02)%
                C2wN1_C2wN1 : 25.1420565 (0.02)%
           GqqN2hN1_QqC1wN1 : 25.1264273 (0.02)%
       GbbN3wC1wN1_GbtC2wN1 : 24.9447979 (0.02)%
  GbtC2wN2hN1_QqGttN3wC1wN1 : 24.9332421 (0.02)%
  GttN3wC1wN1_QqGbtC2wN2hN1 : 24.9332421 (0.02)%
       GbbN2zN1_GbtC2zC1wN1 : 24.7332287 (0.02)%
     GbtC1wN1_QqGbbN3wC1wN1 : 24.5208786 (0.02)%
     GbbN3wC1wN1_QqGbtC1wN1 : 24.5208786 (0.02)%
          N3wC1wN1_N4hN2zN1 : 24.4079855 (0.02)%
          C2hC1wN1_N3zN2zN1 : 24.2877554 (0.02)%
       GbbN3wC1wN1_GqqN2hN1 : 24.2262299 (0.02)%
     GbtC2wN1_QqGbtC2wN2hN1 : 24.2176394 (0.02)%
     GbtC2wN2hN1_QqGbtC2wN1 : 24.2176394 (0.02)%
      QqGbtC2hC1wN1_QqGttN1 : 24.1605742 (0.02)%
         QqC1wN1_QqGqqC1wN1 : 24.1216768 (0.02)%
  GttN4wC1wN1_QqGttN4wC1wN1 : 23.7612608 (0.02)%
          C2zC1wN1_N3zN2zN1 : 23.7016683 (0.02)%
              GttN1_QqN2hN1 : 23.6814779 (0.02)%
       GbtC2wN2hN1_GttN3zN1 : 23.5912743 (0.02)%
      QqGbtC2zC1wN1_QqGttN1 : 23.5775561 (0.02)%
     GqqN2hN1_QqGbtC2wN2hN1 : 23.5200182 (0.02)%
     GbtC2wN2hN1_QqGqqN2hN1 : 23.5200182 (0.02)%
           GqqC1wN1_QqGqqN1 : 23.4061420 (0.02)%
           GqqN1_QqGqqC1wN1 : 23.4061420 (0.02)%
    GbbN4wC1wN1_GttN3wC1wN1 : 23.3147214 (0.02)%
          C2wN2zN1_N4hN2hN1 : 23.2791780 (0.02)%
          C2wN2hN1_N4hN2zN1 : 23.2791780 (0.02)%
          GbbN3zN1_GbtC1wN1 : 23.2011053 (0.02)%
    GbtC2wN2zN1_GttN4wC1wN1 : 23.1041934 (0.02)%
          N3zN2zN1_N4wC1wN1 : 23.0753814 (0.02)%
     GbbN2hN1_QqGttN4wC1wN1 : 22.6959881 (0.02)%
     GttN4wC1wN1_QqGbbN2hN1 : 22.6959881 (0.02)%
        GbtC2hC1wN1_QqN2hN1 : 22.6478089 (0.02)%
       GbbN4wC1wN1_GbtC2wN1 : 22.6455715 (0.02)%
   QqGbtC1wN1_QqGttN3wC1wN1 : 22.5940449 (0.02)%
   QqGbtC2wN2hN1_QqGqqC1wN1 : 22.5795045 (0.02)%
QqGbtC2hC1wN1_QqGbtC2zC1wN1 : 22.5484231 (0.02)%
             N2hN1_N3zN2hN1 : 22.4850665 (0.02)%
            QqC1wN1_QqGttN1 : 22.4740575 (0.02)%
     GbtC1wN1_QqGbbN4wC1wN1 : 22.2607260 (0.02)%
     GbbN4wC1wN1_QqGbtC1wN1 : 22.2607260 (0.02)%
        GbtC2zC1wN1_QqN2hN1 : 22.1012953 (0.02)%
       GbbN2zN1_GbtC2wN2hN1 : 22.0683786 (0.02)%
       GbbN2hN1_GbtC2wN2zN1 : 22.0683786 (0.02)%
       GbbN4wC1wN1_GqqN2hN1 : 21.9932358 (0.02)%
             GqqN1_GttN2hN1 : 21.9610413 (0.02)%
      QqGbtC1wN1_QqGbtC2wN1 : 21.9455789 (0.02)%
          GqqC1wN1_GqqN2zN1 : 21.9042985 (0.02)%
    GttN3wC1wN1_GttN3zN2hN1 : 21.8786775 (0.02)%
              GqqN1_QqGttN1 : 21.8073970 (0.02)%
              GttN1_QqGqqN1 : 21.8073970 (0.02)%
        GbbN2hN1_QqGbbN2hN1 : 21.6784741 (0.02)%
          GqqN1_GttN4hN2hN1 : 21.6160113 (0.02)%
       GbbN3zN2hN1_GqqC1wN1 : 21.5029854 (0.02)%
      QqC1wN1_QqGbtC2hC1wN1 : 21.4930910 (0.02)%
------------------------------------------------------------
                                          SUM=90.01%
