/Users/rafalmaselek/Projects/fastlim-1.0
 
#################################################################
#                                                               #
#                                                               #
#                     This is Fastlim  ver. 1.0                 #
#                                                               #
#          A fast LHC limit calculator for BSM models.          #
#                                                               #
#                  http://cern.ch/fastlim-1.0/                  #
#                                                               #
#  for bugs/feature requests: fastlim-1.0.developers@gmail.com  #
#                                                               #
#    please refer to:                                           #
#    M.Papucci, K.Sakurai, A.Weiler, L.Zeune arXiv:1402.xxxx    #
#                                                               #
#################################################################
 

!! Masses incompatible with the data for ERER !!

!! Problem with reading tables for ER ER !! Probably mass outside the table !! Setting xsec to 10^-20 !!

!! Masses incompatible with the data for ELEL !!

!! Problem with reading tables for EL EL !! Probably mass outside the table !! Setting xsec to 10^-20 !!

!! Masses incompatible with the data for TAU1TAU1 !!

!! Problem with reading tables for TAU1 TAU1 !! Probably mass outside the table !! Setting xsec to 10^-20 !!

!! Masses incompatible with the data for TAU2TAU2 !!

!! Problem with reading tables for TAU2 TAU2 !! Probably mass outside the table !! Setting xsec to 10^-20 !!
Decoupling mG=2263.8914 GeV; mQ=3486.066465 GeV

!! Masses incompatible with the data for QQ !!

!! Problem with reading tables for Q Q !! Probably mass outside the table !! Setting xsec to 10^-20 !!

!! Masses incompatible with the data for GQ !!

!! Problem with reading tables for G Q !! Probably mass outside the table !! Setting xsec to 10^-20 !!
!! EWK PROCESS C1C2 NOT FOUND !! WILL TRY TO LOOK FOR +/- MODES !!
XSEC FOUND FOR: C1-C2+
XSEC FOUND FOR: C1+C2-
!! EWK PROCESS C1N1 NOT FOUND !! WILL TRY TO LOOK FOR +/- MODES !!
XSEC FOUND FOR: C1+N1
XSEC FOUND FOR: C1-N1
!! EWK PROCESS C1N2 NOT FOUND !! WILL TRY TO LOOK FOR +/- MODES !!
XSEC FOUND FOR: C1+N2
XSEC FOUND FOR: C1-N2
!! EWK PROCESS C1N3 NOT FOUND !! WILL TRY TO LOOK FOR +/- MODES !!
XSEC FOUND FOR: C1+N3
XSEC FOUND FOR: C1-N3
!! EWK PROCESS C1N4 NOT FOUND !! WILL TRY TO LOOK FOR +/- MODES !!
XSEC FOUND FOR: C1+N4
XSEC FOUND FOR: C1-N4
!! EWK PROCESS C2N1 NOT FOUND !! WILL TRY TO LOOK FOR +/- MODES !!
XSEC FOUND FOR: C2+N1
XSEC FOUND FOR: C2-N1
!! EWK PROCESS C2N2 NOT FOUND !! WILL TRY TO LOOK FOR +/- MODES !!
XSEC FOUND FOR: C2+N2
XSEC FOUND FOR: C2-N2
!! EWK PROCESS C2N3 NOT FOUND !! WILL TRY TO LOOK FOR +/- MODES !!
XSEC FOUND FOR: C2+N3
XSEC FOUND FOR: C2-N3
!! EWK PROCESS C2N4 NOT FOUND !! WILL TRY TO LOOK FOR +/- MODES !!
XSEC FOUND FOR: C2+N4
XSEC FOUND FOR: C2-N4

!! Masses incompatible with the data for B2B2 !!

!! Problem with reading tables for B2 B2 !! Probably mass outside the table !! Setting xsec to 10^-20 !!
---------------  Output inclusive processes  ---------------
The total xsec = 6004.89 [fb]
The total rate = 100.00%
Output upto 0.10%
            Modes : xsec/fb      (rate)
      C1wN1_N2hN1 : 3021.1947096 (50.31)%
      C1wN1_C1wN1 : 1571.8586689 (26.18)%
      C1wN1_N2zN1 : 286.2007056 (4.77)%
C2hC1wN1_N4wC1wN1 : 41.8953673 (0.70)%
C2hC1wN1_N3wC1wN1 : 40.3937862 (0.67)%
C2zC1wN1_N4wC1wN1 : 36.8232252 (0.61)%
C2zC1wN1_N3wC1wN1 : 35.5034359 (0.59)%
C2wN2hN1_N4wC1wN1 : 34.8002068 (0.58)%
C2wN2hN1_N3wC1wN1 : 33.5529249 (0.56)%
N3wC1wN1_N4wC1wN1 : 32.4847214 (0.54)%
   C2wN1_N4wC1wN1 : 23.7655508 (0.40)%
   C2wN1_N3wC1wN1 : 22.9137645 (0.38)%
C2hC1wN1_C2zC1wN1 : 22.0076839 (0.37)%
C2hC1wN1_N4hN2hN1 : 20.8239691 (0.35)%
C2hC1wN1_C2wN2hN1 : 20.7986113 (0.35)%
C2zC1wN1_N4hN2hN1 : 18.3028758 (0.30)%
C2wN2hN1_C2zC1wN1 : 18.2805880 (0.30)%
C2hC1wN1_N3zN2hN1 : 17.3430161 (0.29)%
C2wN2hN1_N4hN2hN1 : 17.2973404 (0.29)%
N3wC1wN1_N4hN2hN1 : 16.1464352 (0.27)%
C2zC1wN1_N3zN2hN1 : 15.2433510 (0.25)%
C2wN2hN1_N3zN2hN1 : 14.4059018 (0.24)%
   C2hC1wN1_C2wN1 : 14.2036643 (0.24)%
N3zN2hN1_N4wC1wN1 : 13.9472701 (0.23)%
   C2hC1wN1_N3zN1 : 13.6187001 (0.23)%
C2hC1wN1_C2hC1wN1 : 12.5195443 (0.21)%
   C1wN1_N3wC1wN1 : 12.4859871 (0.21)%
   C2wN1_C2zC1wN1 : 12.4840707 (0.21)%
   C2hC1wN1_N4hN1 : 12.0013602 (0.20)%
   C2zC1wN1_N3zN1 : 11.9699263 (0.20)%
   C2wN1_N4hN2hN1 : 11.8125971 (0.20)%
   C2wN1_C2wN2hN1 : 11.7982127 (0.20)%
   C2wN2hN1_N3zN1 : 11.3123147 (0.19)%
   N3zN1_N4wC1wN1 : 10.9521716 (0.18)%
   C2zC1wN1_N4hN1 : 10.5483928 (0.18)%
   C2wN2hN1_N4hN1 : 9.9688782 (0.17)%
   C2wN1_N3zN2hN1 : 9.8379930 (0.16)%
C2zC1wN1_C2zC1wN1 : 9.6716410 (0.16)%
   N3wC1wN1_N4hN1 : 9.3055836 (0.15)%
C2wN2hN1_C2wN2hN1 : 8.6381386 (0.14)%
            N1_N1 : 8.4527109 (0.14)%
      C2wN1_N3zN1 : 7.7253388 (0.13)%
N3zN2hN1_N4hN2hN1 : 6.9324496 (0.12)%
      C2wN1_N4hN1 : 6.8078872 (0.11)%
      N2hN1_N2hN1 : 6.0503000 (0.10)%
   N3zN1_N4hN2hN1 : 5.4437447 (0.09)%
------------------------------------------------------------
                                SUM=93.43%

SHOWING PROCESSES TO GET 90.00% SUSY COVERAGE
---------------  Output inclusive processes  ---------------
The total xsec = 6004.89 [fb]
The total rate = 100.00%
            Modes : xsec/fb      (rate)
      C1wN1_N2hN1 : 3021.1947096 (50.31)%
      C1wN1_C1wN1 : 1571.8586689 (26.18)%
      C1wN1_N2zN1 : 286.2007056 (4.77)%
C2hC1wN1_N4wC1wN1 : 41.8953673 (0.70)%
C2hC1wN1_N3wC1wN1 : 40.3937862 (0.67)%
C2zC1wN1_N4wC1wN1 : 36.8232252 (0.61)%
C2zC1wN1_N3wC1wN1 : 35.5034359 (0.59)%
C2wN2hN1_N4wC1wN1 : 34.8002068 (0.58)%
C2wN2hN1_N3wC1wN1 : 33.5529249 (0.56)%
N3wC1wN1_N4wC1wN1 : 32.4847214 (0.54)%
   C2wN1_N4wC1wN1 : 23.7655508 (0.40)%
   C2wN1_N3wC1wN1 : 22.9137645 (0.38)%
C2hC1wN1_C2zC1wN1 : 22.0076839 (0.37)%
C2hC1wN1_N4hN2hN1 : 20.8239691 (0.35)%
C2hC1wN1_C2wN2hN1 : 20.7986113 (0.35)%
C2zC1wN1_N4hN2hN1 : 18.3028758 (0.30)%
C2wN2hN1_C2zC1wN1 : 18.2805880 (0.30)%
C2hC1wN1_N3zN2hN1 : 17.3430161 (0.29)%
C2wN2hN1_N4hN2hN1 : 17.2973404 (0.29)%
N3wC1wN1_N4hN2hN1 : 16.1464352 (0.27)%
C2zC1wN1_N3zN2hN1 : 15.2433510 (0.25)%
C2wN2hN1_N3zN2hN1 : 14.4059018 (0.24)%
   C2hC1wN1_C2wN1 : 14.2036643 (0.24)%
N3zN2hN1_N4wC1wN1 : 13.9472701 (0.23)%
   C2hC1wN1_N3zN1 : 13.6187001 (0.23)%
C2hC1wN1_C2hC1wN1 : 12.5195443 (0.21)%
------------------------------------------------------------
                                SUM=90.20%
