/Users/rafalmaselek/Projects/fastlim-1.0
 
#################################################################
#                                                               #
#                                                               #
#                     This is Fastlim  ver. 1.0                 #
#                                                               #
#          A fast LHC limit calculator for BSM models.          #
#                                                               #
#                  http://cern.ch/fastlim-1.0/                  #
#                                                               #
#  for bugs/feature requests: fastlim-1.0.developers@gmail.com  #
#                                                               #
#    please refer to:                                           #
#    M.Papucci, K.Sakurai, A.Weiler, L.Zeune arXiv:1402.xxxx    #
#                                                               #
#################################################################
 

!! Masses incompatible with the data for ERER !!

!! Problem with reading tables for ER ER !! Probably mass outside the table !! Setting xsec to 10^-20 !!

!! Masses incompatible with the data for ELEL !!

!! Problem with reading tables for EL EL !! Probably mass outside the table !! Setting xsec to 10^-20 !!

!! Masses incompatible with the data for TAU1TAU1 !!

!! Problem with reading tables for TAU1 TAU1 !! Probably mass outside the table !! Setting xsec to 10^-20 !!

!! Masses incompatible with the data for TAU2TAU2 !!

!! Problem with reading tables for TAU2 TAU2 !! Probably mass outside the table !! Setting xsec to 10^-20 !!
!! EWK PROCESS C1C2 NOT FOUND !! WILL TRY TO LOOK FOR +/- MODES !!
XSEC FOUND FOR: C1-C2+
XSEC FOUND FOR: C1+C2-
!! EWK PROCESS C1N1 NOT FOUND !! WILL TRY TO LOOK FOR +/- MODES !!
XSEC FOUND FOR: C1+N1
XSEC FOUND FOR: C1-N1
!! EWK PROCESS C1N2 NOT FOUND !! WILL TRY TO LOOK FOR +/- MODES !!
XSEC FOUND FOR: C1+N2
XSEC FOUND FOR: C1-N2
!! EWK PROCESS C1N3 NOT FOUND !! WILL TRY TO LOOK FOR +/- MODES !!
XSEC FOUND FOR: C1+N3
XSEC FOUND FOR: C1-N3
!! EWK PROCESS C1N4 NOT FOUND !! WILL TRY TO LOOK FOR +/- MODES !!
XSEC FOUND FOR: C1+N4
XSEC FOUND FOR: C1-N4
!! EWK PROCESS C2N1 NOT FOUND !! WILL TRY TO LOOK FOR +/- MODES !!
XSEC FOUND FOR: C2+N1
XSEC FOUND FOR: C2-N1
!! EWK PROCESS C2N2 NOT FOUND !! WILL TRY TO LOOK FOR +/- MODES !!
XSEC FOUND FOR: C2+N2
XSEC FOUND FOR: C2-N2
!! EWK PROCESS C2N3 NOT FOUND !! WILL TRY TO LOOK FOR +/- MODES !!
XSEC FOUND FOR: C2+N3
XSEC FOUND FOR: C2-N3
!! EWK PROCESS C2N4 NOT FOUND !! WILL TRY TO LOOK FOR +/- MODES !!
XSEC FOUND FOR: C2+N4
XSEC FOUND FOR: C2-N4
---------------  Output inclusive processes  ---------------
The total xsec = 18926.16 [fb]
The total rate = 100.00%
Output upto 0.10%
                          Modes : xsec/fb      (rate)
                    C1wN1_N2hN1 : 7086.2147146 (37.44)%
                    C1wN1_C1wN1 : 3670.6985923 (19.39)%
                    C1wN1_N2zN1 : 700.8999057 (3.70)%
          GtT1tN3wC1wN1_QqC1wN1 : 79.5346780 (0.42)%
             GtT1bC1wN1_QqC1wN1 : 74.0600363 (0.39)%
        QqC1wN1_QqGtT1tN3wC1wN1 : 71.1647266 (0.38)%
           QqC1wN1_QqGtT1bC1wN1 : 66.2662170 (0.35)%
                QqC1wN1_QqC1wN1 : 57.5503733 (0.30)%
          GtT1bC2hC1wN1_QqC1wN1 : 57.3426310 (0.30)%
              C2hC1wN1_N3wC1wN1 : 55.2457293 (0.29)%
              C2hC1wN1_N4wC1wN1 : 54.3434302 (0.29)%
          GtT1bC2zC1wN1_QqC1wN1 : 52.7770721 (0.28)%
                QqC1wN1_QqN2hN1 : 52.6183128 (0.28)%
        QqC1wN1_QqGtT1bC2hC1wN1 : 51.3080930 (0.27)%
              C2zC1wN1_N3wC1wN1 : 50.8471235 (0.27)%
              C2zC1wN1_N4wC1wN1 : 50.0166645 (0.26)%
  GtT1tN3wC1wN1_QqGtT1tN3wC1wN1 : 49.1748644 (0.26)%
          GtT1bC2wN2hN1_QqC1wN1 : 48.3793679 (0.26)%
                          N1_N1 : 48.1002318 (0.25)%
       GtT1bC1wN1_GtT1tN3wC1wN1 : 47.4438661 (0.25)%
        QqC1wN1_QqGtT1bC2zC1wN1 : 47.2229976 (0.25)%
              N3wC1wN1_N4wC1wN1 : 46.6436129 (0.25)%
              C2wN2hN1_N3wC1wN1 : 46.6102343 (0.25)%
              C2wN2hN1_N4wC1wN1 : 45.8489741 (0.24)%
     GtT1tN3wC1wN1_QqGtT1bC1wN1 : 45.7899917 (0.24)%
     GtT1bC1wN1_QqGtT1tN3wC1wN1 : 45.7899917 (0.24)%
        QqC1wN1_QqGtT1bC2wN2hN1 : 43.2880924 (0.23)%
        GtT1bC1wN1_QqGtT1bC1wN1 : 42.6381112 (0.23)%
   QqGtT1bC1wN1_QqGtT1tN3wC1wN1 : 40.9712131 (0.22)%
          GtT1tN4wC1wN1_QqC1wN1 : 39.6290269 (0.21)%
                    N2hN1_N2hN1 : 38.7771328 (0.20)%
    GtT1bC2hC1wN1_GtT1tN3wC1wN1 : 36.7344690 (0.19)%
          GtT1tN3wC1wN1_QqN2hN1 : 36.3592825 (0.19)%
        QqC1wN1_QqGtT1tN4wC1wN1 : 35.4586067 (0.19)%
  GtT1tN3wC1wN1_QqGtT1bC2hC1wN1 : 35.4539199 (0.19)%
  GtT1bC2hC1wN1_QqGtT1tN3wC1wN1 : 35.4539199 (0.19)%
       GtT1bC1wN1_GtT1bC2hC1wN1 : 34.2059109 (0.18)%
          GtT1tN3zN2hN1_QqC1wN1 : 34.1260388 (0.18)%
             GtT1bC1wN1_QqN2hN1 : 33.8565497 (0.18)%
    GtT1bC2zC1wN1_GtT1tN3wC1wN1 : 33.8097099 (0.18)%
     GtT1bC1wN1_QqGtT1bC2hC1wN1 : 33.0135063 (0.17)%
     GtT1bC2hC1wN1_QqGtT1bC1wN1 : 33.0135063 (0.17)%
  GtT1tN3wC1wN1_QqGtT1bC2zC1wN1 : 32.6311168 (0.17)%
  GtT1bC2zC1wN1_QqGtT1tN3wC1wN1 : 32.6311168 (0.17)%
        QqGtT1tN3wC1wN1_QqN2hN1 : 32.5329587 (0.17)%
QqGtT1bC2hC1wN1_QqGtT1tN3wC1wN1 : 31.7228734 (0.17)%
       GtT1bC1wN1_GtT1bC2zC1wN1 : 31.4824729 (0.17)%
             GtT1tN2hN1_QqC1wN1 : 31.4425240 (0.17)%
    GtT1bC2wN2hN1_GtT1tN3wC1wN1 : 30.9924808 (0.16)%
        QqC1wN1_QqGtT1tN3zN2hN1 : 30.5347338 (0.16)%
     GtT1bC1wN1_QqGtT1bC2zC1wN1 : 30.3850063 (0.16)%
     GtT1bC2zC1wN1_QqGtT1bC1wN1 : 30.3850063 (0.16)%
              C2hC1wN1_C2zC1wN1 : 30.3518270 (0.16)%
           QqGtT1bC1wN1_QqN2hN1 : 30.2936048 (0.16)%
  GtT1tN3wC1wN1_QqGtT1bC2wN2hN1 : 29.9120952 (0.16)%
  GtT1bC2wN2hN1_QqGtT1tN3wC1wN1 : 29.9120952 (0.16)%
   QqGtT1bC1wN1_QqGtT1bC2hC1wN1 : 29.5392804 (0.16)%
QqGtT1bC2zC1wN1_QqGtT1tN3wC1wN1 : 29.1971321 (0.15)%
       GtT1bC1wN1_GtT1bC2wN2hN1 : 28.8591632 (0.15)%
           QqC1wN1_QqGtT1tN2hN1 : 28.1336228 (0.15)%
     GtT1bC1wN1_QqGtT1bC2wN2hN1 : 27.8531442 (0.15)%
     GtT1bC2wN2hN1_QqGtT1bC1wN1 : 27.8531442 (0.15)%
              C2hC1wN1_C2wN2hN1 : 27.8227296 (0.15)%
   QqGtT1bC1wN1_QqGtT1bC2zC1wN1 : 27.1873945 (0.14)%
QqGtT1bC2wN2hN1_QqGtT1tN3wC1wN1 : 26.7642509 (0.14)%
          GtT1bC2hC1wN1_QqN2hN1 : 26.2141870 (0.14)%
              C2hC1wN1_N4hN2hN1 : 25.6814898 (0.14)%
              C2wN2hN1_C2zC1wN1 : 25.6075136 (0.14)%
  GtT1bC2hC1wN1_QqGtT1bC2hC1wN1 : 25.5614419 (0.14)%
    GtT1tN3wC1wN1_GtT1tN3wC1wN1 : 25.4754980 (0.13)%
    GtT1tN3wC1wN1_GtT1tN4wC1wN1 : 25.3868934 (0.13)%
   QqGtT1bC1wN1_QqGtT1bC2wN2hN1 : 24.9219767 (0.13)%
  GtT1tN3wC1wN1_QqGtT1tN4wC1wN1 : 24.5019163 (0.13)%
  GtT1tN4wC1wN1_QqGtT1tN3wC1wN1 : 24.5019163 (0.13)%
    GtT1bC2hC1wN1_GtT1bC2zC1wN1 : 24.3760051 (0.13)%
                GtT1tN1_QqC1wN1 : 24.3567549 (0.13)%
          GtT1bC2zC1wN1_QqN2hN1 : 24.1270414 (0.13)%
              C2hC1wN1_N3zN2hN1 : 23.7043507 (0.13)%
       GtT1bC1wN1_GtT1tN4wC1wN1 : 23.6394274 (0.12)%
              C2zC1wN1_N4hN2hN1 : 23.6367571 (0.12)%
  GtT1bC2hC1wN1_QqGtT1bC2zC1wN1 : 23.5262672 (0.12)%
  GtT1bC2zC1wN1_QqGtT1bC2hC1wN1 : 23.5262672 (0.12)%
        QqGtT1bC2hC1wN1_QqN2hN1 : 23.4554976 (0.12)%
     GtT1bC1wN1_QqGtT1tN4wC1wN1 : 22.8153663 (0.12)%
     GtT1tN4wC1wN1_QqGtT1bC1wN1 : 22.8153663 (0.12)%
             GtT1bC2wN1_QqC1wN1 : 22.7976794 (0.12)%
    GtT1bC2hC1wN1_GtT1bC2wN2hN1 : 22.3448493 (0.12)%
          GtT1bC2wN2hN1_QqN2hN1 : 22.1166307 (0.12)%
          GtT1bC1wN1_GtT1bC1wN1 : 22.0890720 (0.12)%
              N3wC1wN1_N4hN2hN1 : 22.0427283 (0.12)%
QqGtT1tN3wC1wN1_QqGtT1tN3wC1wN1 : 21.9999368 (0.12)%
                 C2wN1_N3wC1wN1 : 21.9640153 (0.12)%
QqGtT1tN3wC1wN1_QqGtT1tN4wC1wN1 : 21.9234203 (0.12)%
    GtT1tN3wC1wN1_GtT1tN3zN2hN1 : 21.8616044 (0.12)%
              C2zC1wN1_N3zN2hN1 : 21.8170357 (0.12)%
              QqC1wN1_QqGtT1tN1 : 21.7935352 (0.12)%
              C2wN2hN1_N4hN2hN1 : 21.6671998 (0.11)%
  GtT1bC2zC1wN1_QqGtT1bC2zC1wN1 : 21.6531310 (0.11)%
                 C2wN1_N4wC1wN1 : 21.6052888 (0.11)%
        QqGtT1bC2zC1wN1_QqN2hN1 : 21.5879960 (0.11)%
  GtT1bC2hC1wN1_QqGtT1bC2wN2hN1 : 21.5659166 (0.11)%
  GtT1bC2wN2hN1_QqGtT1bC2hC1wN1 : 21.5659166 (0.11)%
  GtT1tN3zN2hN1_QqGtT1tN3wC1wN1 : 21.0995175 (0.11)%
  GtT1tN3wC1wN1_QqGtT1tN3zN2hN1 : 21.0995175 (0.11)%
QqGtT1bC2hC1wN1_QqGtT1bC2zC1wN1 : 21.0504451 (0.11)%
    GtT1bC2wN2hN1_GtT1bC2zC1wN1 : 20.5657763 (0.11)%
   QqGtT1bC1wN1_QqGtT1tN4wC1wN1 : 20.4143569 (0.11)%
           QqC1wN1_QqGtT1bC2wN1 : 20.3985314 (0.11)%
       GtT1bC1wN1_GtT1tN3zN2hN1 : 20.3567960 (0.11)%
       GtT1tN2hN1_GtT1tN3wC1wN1 : 20.1425084 (0.11)%
              N3zN2hN1_N4wC1wN1 : 20.0134304 (0.11)%
              C2wN2hN1_N3zN2hN1 : 19.9991086 (0.11)%
  GtT1bC2zC1wN1_QqGtT1bC2wN2hN1 : 19.8488614 (0.10)%
  GtT1bC2wN2hN1_QqGtT1bC2zC1wN1 : 19.8488614 (0.10)%
        QqGtT1bC2wN2hN1_QqN2hN1 : 19.7891539 (0.10)%
     GtT1tN3zN2hN1_QqGtT1bC1wN1 : 19.6471661 (0.10)%
     GtT1bC1wN1_QqGtT1tN3zN2hN1 : 19.6471661 (0.10)%
     GtT1tN3wC1wN1_QqGtT1tN2hN1 : 19.4403485 (0.10)%
     GtT1tN2hN1_QqGtT1tN3wC1wN1 : 19.4403485 (0.10)%
QqGtT1bC2hC1wN1_QqGtT1bC2wN2hN1 : 19.2963950 (0.10)%
      QqGtT1bC1wN1_QqGtT1bC1wN1 : 19.0755128 (0.10)%
QqGtT1tN3wC1wN1_QqGtT1tN3zN2hN1 : 18.8790781 (0.10)%
------------------------------------------------------------
                                              SUM=80.51%

SHOWING PROCESSES TO GET 90.00% SUSY COVERAGE
---------------  Output inclusive processes  ---------------
The total xsec = 18926.16 [fb]
The total rate = 100.00%
                          Modes : xsec/fb      (rate)
                    C1wN1_N2hN1 : 7086.2147146 (37.44)%
                    C1wN1_C1wN1 : 3670.6985923 (19.39)%
                    C1wN1_N2zN1 : 700.8999057 (3.70)%
          GtT1tN3wC1wN1_QqC1wN1 : 79.5346780 (0.42)%
             GtT1bC1wN1_QqC1wN1 : 74.0600363 (0.39)%
        QqC1wN1_QqGtT1tN3wC1wN1 : 71.1647266 (0.38)%
           QqC1wN1_QqGtT1bC1wN1 : 66.2662170 (0.35)%
                QqC1wN1_QqC1wN1 : 57.5503733 (0.30)%
          GtT1bC2hC1wN1_QqC1wN1 : 57.3426310 (0.30)%
              C2hC1wN1_N3wC1wN1 : 55.2457293 (0.29)%
              C2hC1wN1_N4wC1wN1 : 54.3434302 (0.29)%
          GtT1bC2zC1wN1_QqC1wN1 : 52.7770721 (0.28)%
                QqC1wN1_QqN2hN1 : 52.6183128 (0.28)%
        QqC1wN1_QqGtT1bC2hC1wN1 : 51.3080930 (0.27)%
              C2zC1wN1_N3wC1wN1 : 50.8471235 (0.27)%
              C2zC1wN1_N4wC1wN1 : 50.0166645 (0.26)%
  GtT1tN3wC1wN1_QqGtT1tN3wC1wN1 : 49.1748644 (0.26)%
          GtT1bC2wN2hN1_QqC1wN1 : 48.3793679 (0.26)%
                          N1_N1 : 48.1002318 (0.25)%
       GtT1bC1wN1_GtT1tN3wC1wN1 : 47.4438661 (0.25)%
        QqC1wN1_QqGtT1bC2zC1wN1 : 47.2229976 (0.25)%
              N3wC1wN1_N4wC1wN1 : 46.6436129 (0.25)%
              C2wN2hN1_N3wC1wN1 : 46.6102343 (0.25)%
              C2wN2hN1_N4wC1wN1 : 45.8489741 (0.24)%
     GtT1tN3wC1wN1_QqGtT1bC1wN1 : 45.7899917 (0.24)%
     GtT1bC1wN1_QqGtT1tN3wC1wN1 : 45.7899917 (0.24)%
        QqC1wN1_QqGtT1bC2wN2hN1 : 43.2880924 (0.23)%
        GtT1bC1wN1_QqGtT1bC1wN1 : 42.6381112 (0.23)%
   QqGtT1bC1wN1_QqGtT1tN3wC1wN1 : 40.9712131 (0.22)%
          GtT1tN4wC1wN1_QqC1wN1 : 39.6290269 (0.21)%
                    N2hN1_N2hN1 : 38.7771328 (0.20)%
    GtT1bC2hC1wN1_GtT1tN3wC1wN1 : 36.7344690 (0.19)%
          GtT1tN3wC1wN1_QqN2hN1 : 36.3592825 (0.19)%
        QqC1wN1_QqGtT1tN4wC1wN1 : 35.4586067 (0.19)%
  GtT1tN3wC1wN1_QqGtT1bC2hC1wN1 : 35.4539199 (0.19)%
  GtT1bC2hC1wN1_QqGtT1tN3wC1wN1 : 35.4539199 (0.19)%
       GtT1bC1wN1_GtT1bC2hC1wN1 : 34.2059109 (0.18)%
          GtT1tN3zN2hN1_QqC1wN1 : 34.1260388 (0.18)%
             GtT1bC1wN1_QqN2hN1 : 33.8565497 (0.18)%
    GtT1bC2zC1wN1_GtT1tN3wC1wN1 : 33.8097099 (0.18)%
     GtT1bC1wN1_QqGtT1bC2hC1wN1 : 33.0135063 (0.17)%
     GtT1bC2hC1wN1_QqGtT1bC1wN1 : 33.0135063 (0.17)%
  GtT1tN3wC1wN1_QqGtT1bC2zC1wN1 : 32.6311168 (0.17)%
  GtT1bC2zC1wN1_QqGtT1tN3wC1wN1 : 32.6311168 (0.17)%
        QqGtT1tN3wC1wN1_QqN2hN1 : 32.5329587 (0.17)%
QqGtT1bC2hC1wN1_QqGtT1tN3wC1wN1 : 31.7228734 (0.17)%
       GtT1bC1wN1_GtT1bC2zC1wN1 : 31.4824729 (0.17)%
             GtT1tN2hN1_QqC1wN1 : 31.4425240 (0.17)%
    GtT1bC2wN2hN1_GtT1tN3wC1wN1 : 30.9924808 (0.16)%
        QqC1wN1_QqGtT1tN3zN2hN1 : 30.5347338 (0.16)%
     GtT1bC1wN1_QqGtT1bC2zC1wN1 : 30.3850063 (0.16)%
     GtT1bC2zC1wN1_QqGtT1bC1wN1 : 30.3850063 (0.16)%
              C2hC1wN1_C2zC1wN1 : 30.3518270 (0.16)%
           QqGtT1bC1wN1_QqN2hN1 : 30.2936048 (0.16)%
  GtT1tN3wC1wN1_QqGtT1bC2wN2hN1 : 29.9120952 (0.16)%
  GtT1bC2wN2hN1_QqGtT1tN3wC1wN1 : 29.9120952 (0.16)%
   QqGtT1bC1wN1_QqGtT1bC2hC1wN1 : 29.5392804 (0.16)%
QqGtT1bC2zC1wN1_QqGtT1tN3wC1wN1 : 29.1971321 (0.15)%
       GtT1bC1wN1_GtT1bC2wN2hN1 : 28.8591632 (0.15)%
           QqC1wN1_QqGtT1tN2hN1 : 28.1336228 (0.15)%
     GtT1bC1wN1_QqGtT1bC2wN2hN1 : 27.8531442 (0.15)%
     GtT1bC2wN2hN1_QqGtT1bC1wN1 : 27.8531442 (0.15)%
              C2hC1wN1_C2wN2hN1 : 27.8227296 (0.15)%
   QqGtT1bC1wN1_QqGtT1bC2zC1wN1 : 27.1873945 (0.14)%
QqGtT1bC2wN2hN1_QqGtT1tN3wC1wN1 : 26.7642509 (0.14)%
          GtT1bC2hC1wN1_QqN2hN1 : 26.2141870 (0.14)%
              C2hC1wN1_N4hN2hN1 : 25.6814898 (0.14)%
              C2wN2hN1_C2zC1wN1 : 25.6075136 (0.14)%
  GtT1bC2hC1wN1_QqGtT1bC2hC1wN1 : 25.5614419 (0.14)%
    GtT1tN3wC1wN1_GtT1tN3wC1wN1 : 25.4754980 (0.13)%
    GtT1tN3wC1wN1_GtT1tN4wC1wN1 : 25.3868934 (0.13)%
   QqGtT1bC1wN1_QqGtT1bC2wN2hN1 : 24.9219767 (0.13)%
  GtT1tN3wC1wN1_QqGtT1tN4wC1wN1 : 24.5019163 (0.13)%
  GtT1tN4wC1wN1_QqGtT1tN3wC1wN1 : 24.5019163 (0.13)%
    GtT1bC2hC1wN1_GtT1bC2zC1wN1 : 24.3760051 (0.13)%
                GtT1tN1_QqC1wN1 : 24.3567549 (0.13)%
          GtT1bC2zC1wN1_QqN2hN1 : 24.1270414 (0.13)%
              C2hC1wN1_N3zN2hN1 : 23.7043507 (0.13)%
       GtT1bC1wN1_GtT1tN4wC1wN1 : 23.6394274 (0.12)%
              C2zC1wN1_N4hN2hN1 : 23.6367571 (0.12)%
  GtT1bC2hC1wN1_QqGtT1bC2zC1wN1 : 23.5262672 (0.12)%
  GtT1bC2zC1wN1_QqGtT1bC2hC1wN1 : 23.5262672 (0.12)%
        QqGtT1bC2hC1wN1_QqN2hN1 : 23.4554976 (0.12)%
     GtT1bC1wN1_QqGtT1tN4wC1wN1 : 22.8153663 (0.12)%
     GtT1tN4wC1wN1_QqGtT1bC1wN1 : 22.8153663 (0.12)%
             GtT1bC2wN1_QqC1wN1 : 22.7976794 (0.12)%
    GtT1bC2hC1wN1_GtT1bC2wN2hN1 : 22.3448493 (0.12)%
          GtT1bC2wN2hN1_QqN2hN1 : 22.1166307 (0.12)%
          GtT1bC1wN1_GtT1bC1wN1 : 22.0890720 (0.12)%
              N3wC1wN1_N4hN2hN1 : 22.0427283 (0.12)%
QqGtT1tN3wC1wN1_QqGtT1tN3wC1wN1 : 21.9999368 (0.12)%
                 C2wN1_N3wC1wN1 : 21.9640153 (0.12)%
QqGtT1tN3wC1wN1_QqGtT1tN4wC1wN1 : 21.9234203 (0.12)%
    GtT1tN3wC1wN1_GtT1tN3zN2hN1 : 21.8616044 (0.12)%
              C2zC1wN1_N3zN2hN1 : 21.8170357 (0.12)%
              QqC1wN1_QqGtT1tN1 : 21.7935352 (0.12)%
              C2wN2hN1_N4hN2hN1 : 21.6671998 (0.11)%
  GtT1bC2zC1wN1_QqGtT1bC2zC1wN1 : 21.6531310 (0.11)%
                 C2wN1_N4wC1wN1 : 21.6052888 (0.11)%
        QqGtT1bC2zC1wN1_QqN2hN1 : 21.5879960 (0.11)%
  GtT1bC2hC1wN1_QqGtT1bC2wN2hN1 : 21.5659166 (0.11)%
  GtT1bC2wN2hN1_QqGtT1bC2hC1wN1 : 21.5659166 (0.11)%
  GtT1tN3zN2hN1_QqGtT1tN3wC1wN1 : 21.0995175 (0.11)%
  GtT1tN3wC1wN1_QqGtT1tN3zN2hN1 : 21.0995175 (0.11)%
QqGtT1bC2hC1wN1_QqGtT1bC2zC1wN1 : 21.0504451 (0.11)%
    GtT1bC2wN2hN1_GtT1bC2zC1wN1 : 20.5657763 (0.11)%
   QqGtT1bC1wN1_QqGtT1tN4wC1wN1 : 20.4143569 (0.11)%
           QqC1wN1_QqGtT1bC2wN1 : 20.3985314 (0.11)%
       GtT1bC1wN1_GtT1tN3zN2hN1 : 20.3567960 (0.11)%
       GtT1tN2hN1_GtT1tN3wC1wN1 : 20.1425084 (0.11)%
              N3zN2hN1_N4wC1wN1 : 20.0134304 (0.11)%
              C2wN2hN1_N3zN2hN1 : 19.9991086 (0.11)%
  GtT1bC2zC1wN1_QqGtT1bC2wN2hN1 : 19.8488614 (0.10)%
  GtT1bC2wN2hN1_QqGtT1bC2zC1wN1 : 19.8488614 (0.10)%
        QqGtT1bC2wN2hN1_QqN2hN1 : 19.7891539 (0.10)%
     GtT1tN3zN2hN1_QqGtT1bC1wN1 : 19.6471661 (0.10)%
     GtT1bC1wN1_QqGtT1tN3zN2hN1 : 19.6471661 (0.10)%
     GtT1tN3wC1wN1_QqGtT1tN2hN1 : 19.4403485 (0.10)%
     GtT1tN2hN1_QqGtT1tN3wC1wN1 : 19.4403485 (0.10)%
QqGtT1bC2hC1wN1_QqGtT1bC2wN2hN1 : 19.2963950 (0.10)%
      QqGtT1bC1wN1_QqGtT1bC1wN1 : 19.0755128 (0.10)%
QqGtT1tN3wC1wN1_QqGtT1tN3zN2hN1 : 18.8790781 (0.10)%
          GtT1bC1wN1_GtT1tN2hN1 : 18.7560312 (0.10)%
          GtT1tN4hN2hN1_QqC1wN1 : 18.7277919 (0.10)%
    GtT1bC2hC1wN1_GtT1tN4wC1wN1 : 18.3033527 (0.10)%
  GtT1bC2wN2hN1_QqGtT1bC2wN2hN1 : 18.1949345 (0.10)%
          GtT1tN4wC1wN1_QqN2hN1 : 18.1164119 (0.10)%
        GtT1bC1wN1_QqGtT1tN2hN1 : 18.1022034 (0.10)%
        GtT1tN2hN1_QqGtT1bC1wN1 : 18.1022034 (0.10)%
                       C1wN1_N1 : 17.9403972 (0.09)%
QqGtT1bC2wN2hN1_QqGtT1bC2zC1wN1 : 17.7600367 (0.09)%
  GtT1tN4wC1wN1_QqGtT1bC2hC1wN1 : 17.6653050 (0.09)%
  GtT1bC2hC1wN1_QqGtT1tN4wC1wN1 : 17.6653050 (0.09)%
   QqGtT1bC1wN1_QqGtT1tN3zN2hN1 : 17.5795671 (0.09)%
   QqGtT1tN2hN1_QqGtT1tN3wC1wN1 : 17.3945142 (0.09)%
    GtT1bC2zC1wN1_GtT1tN4wC1wN1 : 16.8460593 (0.09)%
        QqC1wN1_QqGtT1tN4hN2hN1 : 16.7569445 (0.09)%
              C2hC1wN1_C2hC1wN1 : 16.4887284 (0.09)%
  GtT1tN4wC1wN1_QqGtT1bC2zC1wN1 : 16.2588123 (0.09)%
  GtT1bC2zC1wN1_QqGtT1tN4wC1wN1 : 16.2588123 (0.09)%
        QqGtT1tN4wC1wN1_QqN2hN1 : 16.2099040 (0.09)%
      QqGtT1bC1wN1_QqGtT1tN2hN1 : 16.1971908 (0.09)%
             GtT1tN3zN1_QqC1wN1 : 15.8617152 (0.08)%
QqGtT1bC2hC1wN1_QqGtT1tN4wC1wN1 : 15.8062701 (0.08)%
    GtT1bC2hC1wN1_GtT1tN3zN2hN1 : 15.7617023 (0.08)%
          GtT1tN1_GtT1tN3wC1wN1 : 15.6032683 (0.08)%
          GtT1tN3zN2hN1_QqN2hN1 : 15.6007205 (0.08)%
    GtT1bC2wN2hN1_GtT1tN4wC1wN1 : 15.4423440 (0.08)%
  GtT1tN3zN2hN1_QqGtT1bC2hC1wN1 : 15.2122556 (0.08)%
  GtT1bC2hC1wN1_QqGtT1tN3zN2hN1 : 15.2122556 (0.08)%
        GtT1tN3wC1wN1_QqGtT1tN1 : 15.0593445 (0.08)%
        GtT1tN1_QqGtT1tN3wC1wN1 : 15.0593445 (0.08)%
  GtT1tN4wC1wN1_QqGtT1bC2wN2hN1 : 14.9040300 (0.08)%
  GtT1bC2wN2hN1_QqGtT1tN4wC1wN1 : 14.9040300 (0.08)%
       GtT1bC2wN1_GtT1tN3wC1wN1 : 14.6045034 (0.08)%
QqGtT1bC2zC1wN1_QqGtT1tN4wC1wN1 : 14.5477918 (0.08)%
             GtT1bC1wN1_GtT1tN1 : 14.5292424 (0.08)%
       GtT1bC2hC1wN1_GtT1tN2hN1 : 14.5222745 (0.08)%
    GtT1bC2zC1wN1_GtT1tN3zN2hN1 : 14.5067724 (0.08)%
             GtT1tN2hN1_QqN2hN1 : 14.3739516 (0.08)%
           QqC1wN1_QqGtT1tN3zN1 : 14.1924838 (0.07)%
     GtT1tN3wC1wN1_QqGtT1bC2wN1 : 14.0953962 (0.07)%
     GtT1bC2wN1_QqGtT1tN3wC1wN1 : 14.0953962 (0.07)%
           GtT1bC1wN1_QqGtT1tN1 : 14.0227588 (0.07)%
           GtT1tN1_QqGtT1bC1wN1 : 14.0227588 (0.07)%
     GtT1tN2hN1_QqGtT1bC2hC1wN1 : 14.0160337 (0.07)%
     GtT1bC2hC1wN1_QqGtT1tN2hN1 : 14.0160337 (0.07)%
  GtT1tN3zN2hN1_QqGtT1bC2zC1wN1 : 14.0010720 (0.07)%
  GtT1bC2zC1wN1_QqGtT1tN3zN2hN1 : 14.0010720 (0.07)%
              C2zC1wN1_C2zC1wN1 : 13.9676235 (0.07)%
        QqGtT1tN3zN2hN1_QqN2hN1 : 13.9589553 (0.07)%
QqGtT1bC2hC1wN1_QqGtT1tN3zN2hN1 : 13.6113710 (0.07)%
          GtT1bC1wN1_GtT1bC2wN1 : 13.5992259 (0.07)%
      QqGtT1tN1_QqGtT1tN3wC1wN1 : 13.4745518 (0.07)%
       GtT1bC2zC1wN1_GtT1tN2hN1 : 13.3660265 (0.07)%
QqGtT1bC2wN2hN1_QqGtT1tN4wC1wN1 : 13.3355820 (0.07)%
    GtT1bC2wN2hN1_GtT1tN3zN2hN1 : 13.2979806 (0.07)%
    GtT1bC2hC1wN1_GtT1bC2hC1wN1 : 13.2423438 (0.07)%
        GtT1bC1wN1_QqGtT1bC2wN1 : 13.1251622 (0.07)%
        GtT1bC2wN1_QqGtT1bC1wN1 : 13.1251622 (0.07)%
                 C2hC1wN1_C2wN1 : 13.1108300 (0.07)%
     GtT1tN2hN1_QqGtT1bC2zC1wN1 : 12.9000921 (0.07)%
     GtT1bC2zC1wN1_QqGtT1tN2hN1 : 12.9000921 (0.07)%
           QqGtT1tN2hN1_QqN2hN1 : 12.8612872 (0.07)%
  GtT1tN3zN2hN1_QqGtT1bC2wN2hN1 : 12.8344182 (0.07)%
  GtT1bC2wN2hN1_QqGtT1tN3zN2hN1 : 12.8344182 (0.07)%
   QqGtT1bC2wN1_QqGtT1tN3wC1wN1 : 12.6120460 (0.07)%
         QqGtT1bC1wN1_QqGtT1tN1 : 12.5470527 (0.07)%
   QqGtT1bC2hC1wN1_QqGtT1tN2hN1 : 12.5410354 (0.07)%
QqGtT1bC2zC1wN1_QqGtT1tN3zN2hN1 : 12.5276482 (0.07)%
       GtT1bC2wN2hN1_GtT1tN2hN1 : 12.2522885 (0.06)%
  GtT1tN4wC1wN1_QqGtT1tN4wC1wN1 : 12.2083489 (0.06)%
                 C2wN1_C2zC1wN1 : 12.0669598 (0.06)%
                QqN2hN1_QqN2hN1 : 12.0272323 (0.06)%
    GtT1tN3wC1wN1_GtT1tN4hN2hN1 : 11.9972781 (0.06)%
                 C1wN1_N3wC1wN1 : 11.9494475 (0.06)%
     GtT1tN2hN1_QqGtT1bC2wN2hN1 : 11.8251786 (0.06)%
     GtT1bC2wN2hN1_QqGtT1tN2hN1 : 11.8251786 (0.06)%
      QqGtT1bC1wN1_QqGtT1bC2wN1 : 11.7439160 (0.06)%
              C2wN2hN1_C2wN2hN1 : 11.7368705 (0.06)%
  GtT1tN3wC1wN1_QqGtT1tN4hN2hN1 : 11.5790577 (0.06)%
  GtT1tN4hN2hN1_QqGtT1tN3wC1wN1 : 11.5790577 (0.06)%
   QqGtT1bC2zC1wN1_QqGtT1tN2hN1 : 11.5425315 (0.06)%
QqGtT1bC2wN2hN1_QqGtT1tN3zN2hN1 : 11.4837689 (0.06)%
QqGtT1bC2hC1wN1_QqGtT1bC2hC1wN1 : 11.4357225 (0.06)%
          GtT1bC2hC1wN1_GtT1tN1 : 11.2495892 (0.06)%
    GtT1bC2zC1wN1_GtT1bC2zC1wN1 : 11.2176068 (0.06)%
       GtT1bC1wN1_GtT1tN4hN2hN1 : 11.1714647 (0.06)%
                GtT1tN1_QqN2hN1 : 11.1346918 (0.06)%
                 C2wN1_C2wN2hN1 : 11.0614679 (0.06)%
                 C2hC1wN1_N3zN1 : 11.0177353 (0.06)%
    GtT1tN3zN2hN1_GtT1tN4wC1wN1 : 10.8927845 (0.06)%
        GtT1tN1_QqGtT1bC2hC1wN1 : 10.8574330 (0.06)%
        GtT1bC2hC1wN1_QqGtT1tN1 : 10.8574330 (0.06)%
     GtT1bC1wN1_QqGtT1tN4hN2hN1 : 10.7820319 (0.06)%
     GtT1tN4hN2hN1_QqGtT1bC1wN1 : 10.7820319 (0.06)%
   QqGtT1bC2wN2hN1_QqGtT1tN2hN1 : 10.5807381 (0.06)%
       GtT1bC2hC1wN1_GtT1bC2wN1 : 10.5295032 (0.06)%
  GtT1tN3zN2hN1_QqGtT1tN4wC1wN1 : 10.5130664 (0.06)%
  GtT1tN4wC1wN1_QqGtT1tN3zN2hN1 : 10.5130664 (0.06)%
             GtT1bC2wN1_QqN2hN1 : 10.4219604 (0.06)%
QqGtT1tN3wC1wN1_QqGtT1tN4hN2hN1 : 10.3605182 (0.05)%
          GtT1bC2zC1wN1_GtT1tN1 : 10.3539090 (0.05)%
                 C2hC1wN1_N4hN1 : 10.2416250 (0.05)%
                 C2wN1_N4hN2hN1 : 10.2101763 (0.05)%
     GtT1bC2wN1_QqGtT1bC2hC1wN1 : 10.1624489 (0.05)%
     GtT1bC2hC1wN1_QqGtT1bC2wN1 : 10.1624489 (0.05)%
       GtT1tN3wC1wN1_GtT1tN3zN1 : 10.1612304 (0.05)%
                 C2zC1wN1_N3zN1 : 10.1405150 (0.05)%
       GtT1tN2hN1_GtT1tN4wC1wN1 : 10.0362261 (0.05)%
        GtT1tN1_QqGtT1bC2zC1wN1 : 9.9929758 (0.05)%
        GtT1bC2zC1wN1_QqGtT1tN1 : 9.9929758 (0.05)%
              QqGtT1tN1_QqN2hN1 : 9.9629158 (0.05)%
     GtT1tN3wC1wN1_QqGtT1tN3zN1 : 9.8070139 (0.05)%
     GtT1tN3zN1_QqGtT1tN3wC1wN1 : 9.8070139 (0.05)%
      QqGtT1bC2hC1wN1_QqGtT1tN1 : 9.7148347 (0.05)%
       GtT1bC2wN1_GtT1bC2zC1wN1 : 9.6911554 (0.05)%
QqGtT1bC2zC1wN1_QqGtT1bC2zC1wN1 : 9.6872156 (0.05)%
     GtT1tN2hN1_QqGtT1tN4wC1wN1 : 9.6863672 (0.05)%
     GtT1tN4wC1wN1_QqGtT1tN2hN1 : 9.6863672 (0.05)%
   QqGtT1bC1wN1_QqGtT1tN4hN2hN1 : 9.6473686 (0.05)%
          GtT1bC2wN2hN1_GtT1tN1 : 9.4911588 (0.05)%
          GtT1bC1wN1_GtT1tN3zN1 : 9.4617985 (0.05)%
              N3zN2hN1_N4hN2hN1 : 9.4578996 (0.05)%
                 C2zC1wN1_N4hN1 : 9.4261978 (0.05)%
    GtT1bC2wN2hN1_GtT1bC2wN2hN1 : 9.4260558 (0.05)%
                 C2wN1_N3zN2hN1 : 9.4241262 (0.05)%
QqGtT1tN3zN2hN1_QqGtT1tN4wC1wN1 : 9.4067080 (0.05)%
     GtT1bC2wN1_QqGtT1bC2zC1wN1 : 9.3533256 (0.05)%
     GtT1bC2zC1wN1_QqGtT1bC2wN1 : 9.3533256 (0.05)%
           QqGtT1bC2wN1_QqN2hN1 : 9.3251897 (0.05)%
                 N3zN1_N4wC1wN1 : 9.3022028 (0.05)%
                 C2wN2hN1_N3zN1 : 9.2955461 (0.05)%
        GtT1tN1_QqGtT1bC2wN2hN1 : 9.1603007 (0.05)%
        GtT1bC2wN2hN1_QqGtT1tN1 : 9.1603007 (0.05)%
        GtT1tN3zN1_QqGtT1bC1wN1 : 9.1319639 (0.05)%
        GtT1bC1wN1_QqGtT1tN3zN1 : 9.1319639 (0.05)%
   QqGtT1bC2hC1wN1_QqGtT1bC2wN1 : 9.0929883 (0.05)%
  GtT1tN3zN2hN1_QqGtT1tN3zN2hN1 : 9.0531951 (0.05)%
      QqGtT1bC2zC1wN1_QqGtT1tN1 : 8.9413500 (0.05)%
       GtT1bC2wN1_GtT1bC2wN2hN1 : 8.8836299 (0.05)%
                 N3wC1wN1_N4hN1 : 8.7905086 (0.05)%
   QqGtT1tN3wC1wN1_QqGtT1tN3zN1 : 8.7749581 (0.05)%
           T1bC1wN1_T1tN3wC1wN1 : 8.7062480 (0.05)%
   QqGtT1tN2hN1_QqGtT1tN4wC1wN1 : 8.6670078 (0.05)%
    GtT1bC2hC1wN1_GtT1tN4hN2hN1 : 8.6497551 (0.05)%
------------------------------------------------------------
                                              SUM=90.03%
