/Users/rafalmaselek/Projects/fastlim-1.0
 
#################################################################
#                                                               #
#                                                               #
#                     This is Fastlim  ver. 1.0                 #
#                                                               #
#          A fast LHC limit calculator for BSM models.          #
#                                                               #
#                  http://cern.ch/fastlim-1.0/                  #
#                                                               #
#  for bugs/feature requests: fastlim-1.0.developers@gmail.com  #
#                                                               #
#    please refer to:                                           #
#    M.Papucci, K.Sakurai, A.Weiler, L.Zeune arXiv:1402.xxxx    #
#                                                               #
#################################################################
 

!! Masses incompatible with the data for ERER !!

!! Problem with reading tables for ER ER !! Probably mass outside the table !! Setting xsec to 10^-20 !!

!! Masses incompatible with the data for ELEL !!

!! Problem with reading tables for EL EL !! Probably mass outside the table !! Setting xsec to 10^-20 !!

!! Masses incompatible with the data for TAU1TAU1 !!

!! Problem with reading tables for TAU1 TAU1 !! Probably mass outside the table !! Setting xsec to 10^-20 !!

!! Masses incompatible with the data for TAU2TAU2 !!

!! Problem with reading tables for TAU2 TAU2 !! Probably mass outside the table !! Setting xsec to 10^-20 !!
Decoupling mG=2463.85028 GeV; mQ=3070.1916450000003 GeV

!! Masses incompatible with the data for QQ !!

!! Problem with reading tables for Q Q !! Probably mass outside the table !! Setting xsec to 10^-20 !!

!! Masses incompatible with the data for GQ !!

!! Problem with reading tables for G Q !! Probably mass outside the table !! Setting xsec to 10^-20 !!
!! EWK PROCESS C1C2 NOT FOUND !! WILL TRY TO LOOK FOR +/- MODES !!
XSEC FOUND FOR: C1-C2+
XSEC FOUND FOR: C1+C2-
!! EWK PROCESS C1N1 NOT FOUND !! WILL TRY TO LOOK FOR +/- MODES !!
XSEC FOUND FOR: C1+N1
XSEC FOUND FOR: C1-N1
!! EWK PROCESS C1N2 NOT FOUND !! WILL TRY TO LOOK FOR +/- MODES !!
XSEC FOUND FOR: C1+N2
XSEC FOUND FOR: C1-N2
!! EWK PROCESS C1N3 NOT FOUND !! WILL TRY TO LOOK FOR +/- MODES !!
XSEC FOUND FOR: C1+N3
XSEC FOUND FOR: C1-N3
!! EWK PROCESS C1N4 NOT FOUND !! WILL TRY TO LOOK FOR +/- MODES !!
XSEC FOUND FOR: C1+N4
XSEC FOUND FOR: C1-N4
!! EWK PROCESS C2N1 NOT FOUND !! WILL TRY TO LOOK FOR +/- MODES !!
XSEC FOUND FOR: C2+N1
XSEC FOUND FOR: C2-N1
!! EWK PROCESS C2N2 NOT FOUND !! WILL TRY TO LOOK FOR +/- MODES !!
XSEC FOUND FOR: C2+N2
XSEC FOUND FOR: C2-N2
!! EWK PROCESS C2N3 NOT FOUND !! WILL TRY TO LOOK FOR +/- MODES !!
XSEC FOUND FOR: C2+N3
XSEC FOUND FOR: C2-N3
!! EWK PROCESS C2N4 NOT FOUND !! WILL TRY TO LOOK FOR +/- MODES !!
XSEC FOUND FOR: C2+N4
XSEC FOUND FOR: C2-N4

!! Masses incompatible with the data for B2B2 !!

!! Problem with reading tables for B2 B2 !! Probably mass outside the table !! Setting xsec to 10^-20 !!
---------------  Output inclusive processes  ---------------
The total xsec = 2814.12 [fb]
The total rate = 100.00%
Output upto 0.10%
                      Modes : xsec/fb      (rate)
                C1wN1_N2hN1 : 1667.3731361 (59.25)%
                C1wN1_C1wN1 : 817.3652710 (29.05)%
                C1wN1_N2zN1 : 48.2102389 (1.71)%
                      N1_N1 : 10.6034011 (0.38)%
          C2hC1wN1_N3wC1wN1 : 9.0099952 (0.32)%
          C2hC1wN1_N4wC1wN1 : 8.7911826 (0.31)%
          C2zC1wN1_N3wC1wN1 : 8.1176720 (0.29)%
          C2zC1wN1_N4wC1wN1 : 7.9205299 (0.28)%
          C2wN2hN1_N3wC1wN1 : 7.8589415 (0.28)%
          C2wN2hN1_N4wC1wN1 : 7.6680829 (0.27)%
          N3wC1wN1_N4wC1wN1 : 7.5579882 (0.27)%
                N2hN1_N2hN1 : 7.1051350 (0.25)%
          C2hC1wN1_C2zC1wN1 : 5.1049770 (0.18)%
          C2hC1wN1_C2wN2hN1 : 4.9422687 (0.18)%
          C2hC1wN1_N4hN2hN1 : 4.6812105 (0.17)%
          C2wN2hN1_C2zC1wN1 : 4.4528010 (0.16)%
          C2hC1wN1_N3zN2hN1 : 4.3035339 (0.15)%
          C2zC1wN1_N4hN2hN1 : 4.2175973 (0.15)%
          C2wN2hN1_N4hN2hN1 : 4.0831719 (0.15)%
          N3wC1wN1_N4hN2hN1 : 4.0245477 (0.14)%
          C2zC1wN1_N3zN2hN1 : 3.8773246 (0.14)%
          C2wN2hN1_N3zN2hN1 : 3.7537446 (0.13)%
          N3zN2hN1_N4wC1wN1 : 3.6099973 (0.13)%
GtT1bC2hC1wN1_GtT1tN3wC1wN1 : 3.4836499 (0.12)%
                   C1wN1_N1 : 3.4459850 (0.12)%
             C2wN1_N3wC1wN1 : 3.2442434 (0.12)%
             C2wN1_N4wC1wN1 : 3.1654552 (0.11)%
GtT1bC2zC1wN1_GtT1tN3wC1wN1 : 3.1386395 (0.11)%
GtT1bC2wN2hN1_GtT1tN3wC1wN1 : 3.0386033 (0.11)%
GtT1bC2hC1wN1_GtT1bC2zC1wN1 : 2.9116826 (0.10)%
          C2hC1wN1_C2hC1wN1 : 2.8330671 (0.10)%
GtT1tN3wC1wN1_GtT1tN4wC1wN1 : 2.8199423 (0.10)%
GtT1bC2hC1wN1_GtT1bC2wN2hN1 : 2.8188800 (0.10)%
GtT1bC2hC1wN1_GtT1tN4wC1wN1 : 2.6160306 (0.09)%
------------------------------------------------------------
                                          SUM=95.52%

SHOWING PROCESSES TO GET 90.00% SUSY COVERAGE
---------------  Output inclusive processes  ---------------
The total xsec = 2814.12 [fb]
The total rate = 100.00%
      Modes : xsec/fb      (rate)
C1wN1_N2hN1 : 1667.3731361 (59.25)%
C1wN1_C1wN1 : 817.3652710 (29.05)%
C1wN1_N2zN1 : 48.2102389 (1.71)%
------------------------------------------------------------
                          SUM=90.01%
