/Users/rafalmaselek/Projects/fastlim-1.0
 
#################################################################
#                                                               #
#                                                               #
#                     This is Fastlim  ver. 1.0                 #
#                                                               #
#          A fast LHC limit calculator for BSM models.          #
#                                                               #
#                  http://cern.ch/fastlim-1.0/                  #
#                                                               #
#  for bugs/feature requests: fastlim-1.0.developers@gmail.com  #
#                                                               #
#    please refer to:                                           #
#    M.Papucci, K.Sakurai, A.Weiler, L.Zeune arXiv:1402.xxxx    #
#                                                               #
#################################################################
 
!!!-  ERROR  !!!
[Br(T2->all) =  1.2013000114069776 ]:  !!! The total Br is deviated from 1 !!!

!! EWK PROCESS C1C2 NOT FOUND !! WILL TRY TO LOOK FOR +/- MODES !!
XSEC FOUND FOR: C1-C2+
XSEC FOUND FOR: C1+C2-
!! EWK PROCESS C1N1 NOT FOUND !! WILL TRY TO LOOK FOR +/- MODES !!
XSEC FOUND FOR: C1+N1
XSEC FOUND FOR: C1-N1
!! EWK PROCESS C1N2 NOT FOUND !! WILL TRY TO LOOK FOR +/- MODES !!
XSEC FOUND FOR: C1+N2
XSEC FOUND FOR: C1-N2
!! EWK PROCESS C1N3 NOT FOUND !! WILL TRY TO LOOK FOR +/- MODES !!
XSEC FOUND FOR: C1+N3
XSEC FOUND FOR: C1-N3
!! EWK PROCESS C1N4 NOT FOUND !! WILL TRY TO LOOK FOR +/- MODES !!
XSEC FOUND FOR: C1+N4
XSEC FOUND FOR: C1-N4
!! EWK PROCESS C2N1 NOT FOUND !! WILL TRY TO LOOK FOR +/- MODES !!
XSEC FOUND FOR: C2+N1
XSEC FOUND FOR: C2-N1
!! EWK PROCESS C2N2 NOT FOUND !! WILL TRY TO LOOK FOR +/- MODES !!
XSEC FOUND FOR: C2+N2
XSEC FOUND FOR: C2-N2
!! EWK PROCESS C2N3 NOT FOUND !! WILL TRY TO LOOK FOR +/- MODES !!
XSEC FOUND FOR: C2+N3
XSEC FOUND FOR: C2-N3
!! EWK PROCESS C2N4 NOT FOUND !! WILL TRY TO LOOK FOR +/- MODES !!
XSEC FOUND FOR: C2+N4
XSEC FOUND FOR: C2-N4
---------------  Output inclusive processes  ---------------
The total xsec = 1005088.96 [fb]
The total rate = 100.00%
Output upto 0.10%
                       Modes : xsec/fb      (rate)
              GqQqN1_QqC1wN1 : 146284.2093426 (14.58)%
             QqC1wN1_QqC1wN1 : 101335.2976653 (10.10)%
             QqC1wN1_QqN2hN1 : 91617.2419155 (9.13)%
              GqQqN1_QqN2hN1 : 66127.7763254 (6.59)%
                 C1wN1_N2hN1 : 37878.1757250 (3.77)%
          GtT1bC1wN1_QqC1wN1 : 31566.0768598 (3.15)%
                 C1wN1_C1wN1 : 21792.7036983 (2.17)%
       QqC1nTAU1taN1_QqC1wN1 : 20733.8121061 (2.07)%
             QqN2hN1_QqN2hN1 : 20707.7869449 (2.06)%
               GqQqN1_GqQqN1 : 19263.8374063 (1.92)%
        GqQqN1_QqC1nTAU1taN1 : 14965.3150506 (1.49)%
          GtT1bC1wN1_QqN2hN1 : 14269.4449349 (1.42)%
      QqC1wN1_QqN2taTAU1taN1 : 12297.4114424 (1.23)%
          GtT1tN2hN1_QqC1wN1 : 11163.3094125 (1.11)%
          GbB1tC1wN1_QqC1wN1 : 9952.8908610 (0.99)%
       QqC1nTAU1taN1_QqN2hN1 : 9372.7196906 (0.93)%
       GqQqN1_QqN2taTAU1taN1 : 8876.0636780 (0.88)%
           GqQqN1_GtT1bC1wN1 : 8313.7308520 (0.83)%
           T1bC1wN1_T1bC1wN1 : 6944.9764734 (0.69)%
       GbB1tC2zC1wN1_QqC1wN1 : 6537.3399230 (0.65)%
                QqC1wN1_QqN1 : 6358.0154217 (0.63)%
       GbB1tC2wN2hN1_QqC1wN1 : 6228.2332156 (0.62)%
       GbB1tC2hC1wN1_QqC1wN1 : 6092.2582968 (0.61)%
             GbB2bN1_QqC1wN1 : 5954.4931383 (0.59)%
      QqN2hN1_QqN2taTAU1taN1 : 5559.0447998 (0.55)%
          C1wN1_N2taTAU1taN1 : 5084.2341664 (0.51)%
          GtT1tN2hN1_QqN2hN1 : 5046.3739812 (0.50)%
           T1bC1wN1_T1tN2hN1 : 4912.1670443 (0.49)%
          GbB1bN2hN1_QqC1wN1 : 4649.8522981 (0.46)%
                 GqQqN1_QqN1 : 4589.1080422 (0.46)%
          GbB1tC1wN1_QqN2hN1 : 4499.2042791 (0.45)%
           C1nTAU1taN1_C1wN1 : 4458.9184043 (0.44)%
           C1nTAU1taN1_N2hN1 : 3875.0514209 (0.39)%
          GbB2tC1wN1_QqC1wN1 : 3684.0766140 (0.37)%
             QqC1wN1_QqN2zN1 : 3468.3678382 (0.35)%
    GtT1bC1nTAU1taN1_QqC1wN1 : 3229.3047024 (0.32)%
    GtT1bC1wN1_QqC1nTAU1taN1 : 3229.3047024 (0.32)%
       GbB1tC2zC1wN1_QqN2hN1 : 2955.2044895 (0.29)%
           GqQqN1_GtT1tN2hN1 : 2940.1420482 (0.29)%
       GbB2tC2zC1wN1_QqC1wN1 : 2909.8012955 (0.29)%
                QqN1_QqN2hN1 : 2874.1408493 (0.29)%
       GbB1tC2wN2hN1_QqN2hN1 : 2815.4728035 (0.28)%
             GtT1tN1_QqC1wN1 : 2802.8112023 (0.28)%
       GbB2tC2wN2hN1_QqC1wN1 : 2772.2164203 (0.28)%
       GbB1tC2hC1wN1_QqN2hN1 : 2754.0053419 (0.27)%
       GbB2tC2hC1wN1_QqC1wN1 : 2711.6933329 (0.27)%
             GbB2bN1_QqN2hN1 : 2691.7286025 (0.27)%
           GbB1tC1wN1_GqQqN1 : 2621.3474733 (0.26)%
              GqQqN1_QqN2zN1 : 2503.4092691 (0.25)%
       GbB1wT1bC1wN1_QqC1wN1 : 2471.8406531 (0.25)%
          GbB1tC2wN1_QqC1wN1 : 2306.3837076 (0.23)%
           QqC1wN1_QqN2eEeN1 : 2290.0514621 (0.23)%
           QqC1wN1_QqN2mMmN1 : 2290.0514621 (0.23)%
       GtT1bC2zC1wN1_QqC1wN1 : 2218.1366873 (0.22)%
          QqC1wN1_QqC2zC1wN1 : 2160.4263285 (0.22)%
       GtT1bC2wN2hN1_QqC1wN1 : 2113.2559658 (0.21)%
          GbB1bN2hN1_QqN2hN1 : 2101.9657152 (0.21)%
       GtT1bC2hC1wN1_QqC1wN1 : 2067.1193170 (0.21)%
          QqC1wN1_QqC2wN2hN1 : 2058.2743405 (0.21)%
          QqC1wN1_QqC2hC1wN1 : 2013.3380518 (0.20)%
   GtT1bC1wN1_QqN2taTAU1taN1 : 1915.3298195 (0.19)%
          GbB2bN2hN1_QqC1wN1 : 1772.9960402 (0.18)%
          QqC1wN1_QqN4wC1wN1 : 1754.2607217 (0.17)%
        GbB1tC2zC1wN1_GqQqN1 : 1721.7750831 (0.17)%
          GbB2tC1wN1_QqN2hN1 : 1665.3868205 (0.17)%
            GqQqN1_QqN2eEeN1 : 1652.9204295 (0.16)%
            GqQqN1_QqN2mMmN1 : 1652.9204295 (0.16)%
        GbB1tC2wN2hN1_GqQqN1 : 1640.3639536 (0.16)%
        GbB1tC2hC1wN1_GqQqN1 : 1604.5514932 (0.16)%
              GbB2bN1_GqQqN1 : 1568.2675276 (0.16)%
             QqN2hN1_QqN2zN1 : 1567.8756692 (0.16)%
           GqQqN1_QqC2zC1wN1 : 1559.3591995 (0.16)%
           TAU1taN1_TAU1taN1 : 1527.6597613 (0.15)%
   GtT1tN2taTAU1taN1_QqC1wN1 : 1498.4058244 (0.15)%
           GqQqN1_QqC2wN2hN1 : 1485.6276216 (0.15)%
    GtT1bC1nTAU1taN1_QqN2hN1 : 1459.8071795 (0.15)%
           GqQqN1_QqC2hC1wN1 : 1453.1933681 (0.14)%
                 C1wN1_N2zN1 : 1433.9598498 (0.14)%
     T1bC1nTAU1taN1_T1bC1wN1 : 1420.9840065 (0.14)%
       GbB2tC2zC1wN1_QqN2hN1 : 1315.3756655 (0.13)%
             GtT1tN1_QqN2hN1 : 1267.0107943 (0.13)%
           GqQqN1_QqN4wC1wN1 : 1266.1957312 (0.13)%
QqC1nTAU1taN1_QqN2taTAU1taN1 : 1258.0622158 (0.13)%
       GbB2tC2wN2hN1_QqN2hN1 : 1253.1804232 (0.12)%
              T1bC1wN1_T1tN1 : 1233.3149885 (0.12)%
       GbB2tC2hC1wN1_QqN2hN1 : 1225.8209617 (0.12)%
           GbB1bN2hN1_GqQqN1 : 1224.6571115 (0.12)%
    GtT1tN2hN1_QqC1nTAU1taN1 : 1142.0401636 (0.11)%
       GbB1wT1bC1wN1_QqN2hN1 : 1117.3955587 (0.11)%
 QqC1nTAU1taN1_QqC1nTAU1taN1 : 1060.5657021 (0.11)%
          GbB1tC2wN1_QqN2hN1 : 1042.6007470 (0.10)%
           QqN2eEeN1_QqN2hN1 : 1035.2177555 (0.10)%
           QqN2hN1_QqN2mMmN1 : 1035.2177555 (0.10)%
          GbB2tC2wN1_QqC1wN1 : 1026.5824295 (0.10)%
    GbB1tC1wN1_QqC1nTAU1taN1 : 1018.2107014 (0.10)%
    GbB1tC1nTAU1taN1_QqC1wN1 : 1018.2107014 (0.10)%
       GtT1bC2zC1wN1_QqN2hN1 : 1002.7086818 (0.10)%
------------------------------------------------------------
                                           SUM=84.62%

SHOWING PROCESSES TO GET 90.00% SUSY COVERAGE
---------------  Output inclusive processes  ---------------
The total xsec = 1005088.96 [fb]
The total rate = 100.00%
                        Modes : xsec/fb      (rate)
               GqQqN1_QqC1wN1 : 146284.2093426 (14.58)%
              QqC1wN1_QqC1wN1 : 101335.2976653 (10.10)%
              QqC1wN1_QqN2hN1 : 91617.2419155 (9.13)%
               GqQqN1_QqN2hN1 : 66127.7763254 (6.59)%
                  C1wN1_N2hN1 : 37878.1757250 (3.77)%
           GtT1bC1wN1_QqC1wN1 : 31566.0768598 (3.15)%
                  C1wN1_C1wN1 : 21792.7036983 (2.17)%
        QqC1nTAU1taN1_QqC1wN1 : 20733.8121061 (2.07)%
              QqN2hN1_QqN2hN1 : 20707.7869449 (2.06)%
                GqQqN1_GqQqN1 : 19263.8374063 (1.92)%
         GqQqN1_QqC1nTAU1taN1 : 14965.3150506 (1.49)%
           GtT1bC1wN1_QqN2hN1 : 14269.4449349 (1.42)%
       QqC1wN1_QqN2taTAU1taN1 : 12297.4114424 (1.23)%
           GtT1tN2hN1_QqC1wN1 : 11163.3094125 (1.11)%
           GbB1tC1wN1_QqC1wN1 : 9952.8908610 (0.99)%
        QqC1nTAU1taN1_QqN2hN1 : 9372.7196906 (0.93)%
        GqQqN1_QqN2taTAU1taN1 : 8876.0636780 (0.88)%
            GqQqN1_GtT1bC1wN1 : 8313.7308520 (0.83)%
            T1bC1wN1_T1bC1wN1 : 6944.9764734 (0.69)%
        GbB1tC2zC1wN1_QqC1wN1 : 6537.3399230 (0.65)%
                 QqC1wN1_QqN1 : 6358.0154217 (0.63)%
        GbB1tC2wN2hN1_QqC1wN1 : 6228.2332156 (0.62)%
        GbB1tC2hC1wN1_QqC1wN1 : 6092.2582968 (0.61)%
              GbB2bN1_QqC1wN1 : 5954.4931383 (0.59)%
       QqN2hN1_QqN2taTAU1taN1 : 5559.0447998 (0.55)%
           C1wN1_N2taTAU1taN1 : 5084.2341664 (0.51)%
           GtT1tN2hN1_QqN2hN1 : 5046.3739812 (0.50)%
            T1bC1wN1_T1tN2hN1 : 4912.1670443 (0.49)%
           GbB1bN2hN1_QqC1wN1 : 4649.8522981 (0.46)%
                  GqQqN1_QqN1 : 4589.1080422 (0.46)%
           GbB1tC1wN1_QqN2hN1 : 4499.2042791 (0.45)%
            C1nTAU1taN1_C1wN1 : 4458.9184043 (0.44)%
            C1nTAU1taN1_N2hN1 : 3875.0514209 (0.39)%
           GbB2tC1wN1_QqC1wN1 : 3684.0766140 (0.37)%
              QqC1wN1_QqN2zN1 : 3468.3678382 (0.35)%
     GtT1bC1nTAU1taN1_QqC1wN1 : 3229.3047024 (0.32)%
     GtT1bC1wN1_QqC1nTAU1taN1 : 3229.3047024 (0.32)%
        GbB1tC2zC1wN1_QqN2hN1 : 2955.2044895 (0.29)%
            GqQqN1_GtT1tN2hN1 : 2940.1420482 (0.29)%
        GbB2tC2zC1wN1_QqC1wN1 : 2909.8012955 (0.29)%
                 QqN1_QqN2hN1 : 2874.1408493 (0.29)%
        GbB1tC2wN2hN1_QqN2hN1 : 2815.4728035 (0.28)%
              GtT1tN1_QqC1wN1 : 2802.8112023 (0.28)%
        GbB2tC2wN2hN1_QqC1wN1 : 2772.2164203 (0.28)%
        GbB1tC2hC1wN1_QqN2hN1 : 2754.0053419 (0.27)%
        GbB2tC2hC1wN1_QqC1wN1 : 2711.6933329 (0.27)%
              GbB2bN1_QqN2hN1 : 2691.7286025 (0.27)%
            GbB1tC1wN1_GqQqN1 : 2621.3474733 (0.26)%
               GqQqN1_QqN2zN1 : 2503.4092691 (0.25)%
        GbB1wT1bC1wN1_QqC1wN1 : 2471.8406531 (0.25)%
           GbB1tC2wN1_QqC1wN1 : 2306.3837076 (0.23)%
            QqC1wN1_QqN2eEeN1 : 2290.0514621 (0.23)%
            QqC1wN1_QqN2mMmN1 : 2290.0514621 (0.23)%
        GtT1bC2zC1wN1_QqC1wN1 : 2218.1366873 (0.22)%
           QqC1wN1_QqC2zC1wN1 : 2160.4263285 (0.22)%
        GtT1bC2wN2hN1_QqC1wN1 : 2113.2559658 (0.21)%
           GbB1bN2hN1_QqN2hN1 : 2101.9657152 (0.21)%
        GtT1bC2hC1wN1_QqC1wN1 : 2067.1193170 (0.21)%
           QqC1wN1_QqC2wN2hN1 : 2058.2743405 (0.21)%
           QqC1wN1_QqC2hC1wN1 : 2013.3380518 (0.20)%
    GtT1bC1wN1_QqN2taTAU1taN1 : 1915.3298195 (0.19)%
           GbB2bN2hN1_QqC1wN1 : 1772.9960402 (0.18)%
           QqC1wN1_QqN4wC1wN1 : 1754.2607217 (0.17)%
         GbB1tC2zC1wN1_GqQqN1 : 1721.7750831 (0.17)%
           GbB2tC1wN1_QqN2hN1 : 1665.3868205 (0.17)%
             GqQqN1_QqN2eEeN1 : 1652.9204295 (0.16)%
             GqQqN1_QqN2mMmN1 : 1652.9204295 (0.16)%
         GbB1tC2wN2hN1_GqQqN1 : 1640.3639536 (0.16)%
         GbB1tC2hC1wN1_GqQqN1 : 1604.5514932 (0.16)%
               GbB2bN1_GqQqN1 : 1568.2675276 (0.16)%
              QqN2hN1_QqN2zN1 : 1567.8756692 (0.16)%
            GqQqN1_QqC2zC1wN1 : 1559.3591995 (0.16)%
            TAU1taN1_TAU1taN1 : 1527.6597613 (0.15)%
    GtT1tN2taTAU1taN1_QqC1wN1 : 1498.4058244 (0.15)%
            GqQqN1_QqC2wN2hN1 : 1485.6276216 (0.15)%
     GtT1bC1nTAU1taN1_QqN2hN1 : 1459.8071795 (0.15)%
            GqQqN1_QqC2hC1wN1 : 1453.1933681 (0.14)%
                  C1wN1_N2zN1 : 1433.9598498 (0.14)%
      T1bC1nTAU1taN1_T1bC1wN1 : 1420.9840065 (0.14)%
        GbB2tC2zC1wN1_QqN2hN1 : 1315.3756655 (0.13)%
              GtT1tN1_QqN2hN1 : 1267.0107943 (0.13)%
            GqQqN1_QqN4wC1wN1 : 1266.1957312 (0.13)%
 QqC1nTAU1taN1_QqN2taTAU1taN1 : 1258.0622158 (0.13)%
        GbB2tC2wN2hN1_QqN2hN1 : 1253.1804232 (0.12)%
               T1bC1wN1_T1tN1 : 1233.3149885 (0.12)%
        GbB2tC2hC1wN1_QqN2hN1 : 1225.8209617 (0.12)%
            GbB1bN2hN1_GqQqN1 : 1224.6571115 (0.12)%
     GtT1tN2hN1_QqC1nTAU1taN1 : 1142.0401636 (0.11)%
        GbB1wT1bC1wN1_QqN2hN1 : 1117.3955587 (0.11)%
  QqC1nTAU1taN1_QqC1nTAU1taN1 : 1060.5657021 (0.11)%
           GbB1tC2wN1_QqN2hN1 : 1042.6007470 (0.10)%
            QqN2eEeN1_QqN2hN1 : 1035.2177555 (0.10)%
            QqN2hN1_QqN2mMmN1 : 1035.2177555 (0.10)%
           GbB2tC2wN1_QqC1wN1 : 1026.5824295 (0.10)%
     GbB1tC1wN1_QqC1nTAU1taN1 : 1018.2107014 (0.10)%
     GbB1tC1nTAU1taN1_QqC1wN1 : 1018.2107014 (0.10)%
        GtT1bC2zC1wN1_QqN2hN1 : 1002.7086818 (0.10)%
              GtT1bC1wN1_QqN1 : 990.2650315 (0.10)%
           QqC2zC1wN1_QqN2hN1 : 976.6207143 (0.10)%
         T1bC1wN1_T1bC2zC1wN1 : 976.0419185 (0.10)%
            GbB2tC1wN1_GqQqN1 : 970.2954707 (0.10)%
        GtT1bC2wN2hN1_QqN2hN1 : 955.2973520 (0.10)%
                C1wN1_N2eEeN1 : 946.7974574 (0.09)%
                C1wN1_N2mMmN1 : 946.7974574 (0.09)%
        GtT1bC2hC1wN1_QqN2hN1 : 934.4412801 (0.09)%
           QqC2wN2hN1_QqN2hN1 : 930.4429085 (0.09)%
         T1bC1wN1_T1bC2wN2hN1 : 929.8914800 (0.09)%
           QqC2hC1wN1_QqN2hN1 : 910.1294593 (0.09)%
         T1bC1wN1_T1bC2hC1wN1 : 909.5900696 (0.09)%
        GtT1bC1wN1_GtT1bC1wN1 : 896.9931486 (0.09)%
        GbB1wT1tN2hN1_QqC1wN1 : 874.1638105 (0.09)%
            T1tN2hN1_T1tN2hN1 : 868.5913179 (0.09)%
      GqQqN1_GtT1bC1nTAU1taN1 : 850.5196973 (0.08)%
 GbB1tC2wN2taTAU1taN1_QqC1wN1 : 835.9905277 (0.08)%
           GbB2bN2hN1_QqN2hN1 : 801.4828538 (0.08)%
           QqN2hN1_QqN4wC1wN1 : 793.0135532 (0.08)%
           GtT1bC2wN1_QqC1wN1 : 782.5620783 (0.08)%
         GbB2tC2zC1wN1_GqQqN1 : 766.3703320 (0.08)%
              QqC1wN1_QqC2wN1 : 762.2017738 (0.08)%
                        N1_N1 : 744.4981985 (0.07)%
               GqQqN1_GtT1tN1 : 738.1917642 (0.07)%
         GbB2tC2wN2hN1_GqQqN1 : 730.1338486 (0.07)%
         GbB2tC2hC1wN1_GqQqN1 : 714.1935510 (0.07)%
                    EeN1_EeN1 : 698.5026701 (0.07)%
    GtT1tN2hN1_QqN2taTAU1taN1 : 677.3543477 (0.07)%
    GtT1tN2taTAU1taN1_QqN2hN1 : 677.3543477 (0.07)%
           QqC1wN1_QqN4hN2hN1 : 675.3882584 (0.07)%
            TAU2taN1_TAU2taN1 : 674.8053669 (0.07)%
  GbB1tC2zC1wN1_QqC1nTAU1taN1 : 668.7895569 (0.07)%
  GbB1tC2zC1nTAU1taN1_QqC1wN1 : 668.7895569 (0.07)%
     T1bC1wN1_T1tN2taTAU1taN1 : 659.3402940 (0.07)%
         GbB1wT1bC1wN1_GqQqN1 : 651.0222347 (0.06)%
           QqC1nTAU1taN1_QqN1 : 650.4441205 (0.06)%
  GbB1tC2wN2hN1_QqC1nTAU1taN1 : 637.1670100 (0.06)%
        GtT1bC1wN1_GtT1tN2hN1 : 634.4413405 (0.06)%
    GbB1bN2taTAU1taN1_QqC1wN1 : 624.1308477 (0.06)%
  GbB1tC2hC1nTAU1taN1_QqC1wN1 : 623.2563664 (0.06)%
  GbB1tC2hC1wN1_QqC1nTAU1taN1 : 623.2563664 (0.06)%
        GbB2bN4wC1wN1_QqC1wN1 : 613.2365573 (0.06)%
        GbB2bN1_QqC1nTAU1taN1 : 609.1625759 (0.06)%
            GbB1tC2wN1_GqQqN1 : 607.4449312 (0.06)%
    GbB1tC1wN1_QqN2taTAU1taN1 : 603.9099740 (0.06)%
                  N2hN1_N2hN1 : 601.1260412 (0.06)%
         GqQqN1_GtT1bC2zC1wN1 : 584.2028293 (0.06)%
        GbB1tC1wN1_GtT1bC1wN1 : 565.6499508 (0.06)%
         GqQqN1_GtT1bC2wN2hN1 : 556.5798182 (0.06)%
               GqQqN1_QqC2wN1 : 550.1443545 (0.05)%
         GqQqN1_GtT1bC2hC1wN1 : 544.4285559 (0.05)%
           GtT1bC1wN1_QqN2zN1 : 540.2005436 (0.05)%
     C1nTAU1taN1_N2taTAU1taN1 : 520.1324629 (0.05)%
      T1bC1nTAU1taN1_T1tN2hN1 : 502.5294783 (0.05)%
              GbB1bN1_QqC1wN1 : 498.1471966 (0.05)%
        GbB2wT1bC1wN1_QqC1wN1 : 498.0820932 (0.05)%
            GqQqN1_QqN4hN2hN1 : 487.4838268 (0.05)%
     GbB1bN2hN1_QqC1nTAU1taN1 : 475.6938899 (0.05)%
            GbB2bN2hN1_GqQqN1 : 466.9636948 (0.05)%
           GbB2tC2wN1_QqN2hN1 : 464.0665837 (0.05)%
     GbB1tC1nTAU1taN1_QqN2hN1 : 460.2821440 (0.05)%
               T1tN1_T1tN2hN1 : 436.1605302 (0.04)%
        GbB2bN3wC1wN1_QqC1wN1 : 425.1749370 (0.04)%
           GtT1tN2zN1_QqC1wN1 : 422.6110994 (0.04)%
                     C1wN1_N1 : 409.8874756 (0.04)%
 GbB1tC2zC1wN1_QqN2taTAU1taN1 : 396.6651336 (0.04)%
        GbB1wT1tN2hN1_QqN2hN1 : 395.1657475 (0.04)%
     GqQqN1_GtT1tN2taTAU1taN1 : 394.6433631 (0.04)%
          QqN1_QqN2taTAU1taN1 : 385.7842894 (0.04)%
 GbB1tC2wN2hN1_QqN2taTAU1taN1 : 377.9095151 (0.04)%
 GbB1tC2wN2taTAU1taN1_QqN2hN1 : 377.9095151 (0.04)%
     GbB2tC1wN1_QqC1nTAU1taN1 : 376.8921297 (0.04)%
     GbB2tC1nTAU1taN1_QqC1wN1 : 376.8921297 (0.04)%
QqN2taTAU1taN1_QqN2taTAU1taN1 : 373.0840380 (0.04)%
 GbB2tC2wN2taTAU1taN1_QqC1wN1 : 372.1033859 (0.04)%
     GbB1tC2zC1wN1_GtT1bC1wN1 : 371.5348694 (0.04)%
 GbB1tC2hC1wN1_QqN2taTAU1taN1 : 369.6589866 (0.04)%
         B1tC1wN1_B1tC2zC1wN1 : 367.2137450 (0.04)%
       GbB2bN1_QqN2taTAU1taN1 : 361.2998320 (0.04)%
         GtT1bC1wN1_QqN2eEeN1 : 356.6770026 (0.04)%
         GtT1bC1wN1_QqN2mMmN1 : 356.6770026 (0.04)%
        QqC1nTAU1taN1_QqN2zN1 : 354.8244725 (0.04)%
     GbB1tC2wN2hN1_GtT1bC1wN1 : 353.9674916 (0.04)%
           GtT1bC2wN1_QqN2hN1 : 353.7571848 (0.04)%
              GtT1tN2hN1_QqN1 : 350.2061722 (0.03)%
         B1tC1wN1_B1tC2wN2hN1 : 349.8506840 (0.03)%
     GbB1tC2hC1wN1_GtT1bC1wN1 : 346.2396658 (0.03)%
         T1bC2zC1wN1_T1tN2hN1 : 345.1761834 (0.03)%
              QqC2wN1_QqN2hN1 : 344.5533092 (0.03)%
            T1bC1wN1_T1bC2wN1 : 344.3491092 (0.03)%
     GbB1tC2nTAU2taN1_QqC1wN1 : 342.3672942 (0.03)%
------------------------------------------------------------
                                            SUM=90.03%
