/Users/rafalmaselek/Projects/fastlim-1.0
 
#################################################################
#                                                               #
#                                                               #
#                     This is Fastlim  ver. 1.0                 #
#                                                               #
#          A fast LHC limit calculator for BSM models.          #
#                                                               #
#                  http://cern.ch/fastlim-1.0/                  #
#                                                               #
#  for bugs/feature requests: fastlim-1.0.developers@gmail.com  #
#                                                               #
#    please refer to:                                           #
#    M.Papucci, K.Sakurai, A.Weiler, L.Zeune arXiv:1402.xxxx    #
#                                                               #
#################################################################
 

!! Masses incompatible with the data for ERER !!

!! Problem with reading tables for ER ER !! Probably mass outside the table !! Setting xsec to 10^-20 !!

!! Masses incompatible with the data for ELEL !!

!! Problem with reading tables for EL EL !! Probably mass outside the table !! Setting xsec to 10^-20 !!

!! Masses incompatible with the data for TAU1TAU1 !!

!! Problem with reading tables for TAU1 TAU1 !! Probably mass outside the table !! Setting xsec to 10^-20 !!

!! Masses incompatible with the data for TAU2TAU2 !!

!! Problem with reading tables for TAU2 TAU2 !! Probably mass outside the table !! Setting xsec to 10^-20 !!
!! EWK PROCESS C1C2 NOT FOUND !! WILL TRY TO LOOK FOR +/- MODES !!
XSEC FOUND FOR: C1-C2+
XSEC FOUND FOR: C1+C2-
!! EWK PROCESS C1N1 NOT FOUND !! WILL TRY TO LOOK FOR +/- MODES !!
XSEC FOUND FOR: C1+N1
XSEC FOUND FOR: C1-N1
!! EWK PROCESS C1N2 NOT FOUND !! WILL TRY TO LOOK FOR +/- MODES !!
XSEC FOUND FOR: C1+N2
XSEC FOUND FOR: C1-N2
!! EWK PROCESS C1N3 NOT FOUND !! WILL TRY TO LOOK FOR +/- MODES !!
XSEC FOUND FOR: C1+N3
XSEC FOUND FOR: C1-N3
!! EWK PROCESS C1N4 NOT FOUND !! WILL TRY TO LOOK FOR +/- MODES !!
XSEC FOUND FOR: C1+N4
XSEC FOUND FOR: C1-N4
!! EWK PROCESS C2N1 NOT FOUND !! WILL TRY TO LOOK FOR +/- MODES !!
XSEC FOUND FOR: C2+N1
XSEC FOUND FOR: C2-N1
!! EWK PROCESS C2N2 NOT FOUND !! WILL TRY TO LOOK FOR +/- MODES !!
XSEC FOUND FOR: C2+N2
XSEC FOUND FOR: C2-N2
!! EWK PROCESS C2N3 NOT FOUND !! WILL TRY TO LOOK FOR +/- MODES !!
XSEC FOUND FOR: C2+N3
XSEC FOUND FOR: C2-N3
!! EWK PROCESS C2N4 NOT FOUND !! WILL TRY TO LOOK FOR +/- MODES !!
XSEC FOUND FOR: C2+N4
XSEC FOUND FOR: C2-N4
---------------  Output inclusive processes  ---------------
The total xsec = 673893.64 [fb]
The total rate = 100.00%
Output upto 0.10%
                          Modes : xsec/fb      (rate)
                    C1wN1_N2hN1 : 100653.0980695 (14.94)%
                    C1wN1_C1wN1 : 51703.4407502 (7.67)%
        GtT1bC1wN1_QqGtT1bC1wN1 : 13749.6761676 (2.04)%
             GtT1bC1wN1_QqC1wN1 : 12678.1211409 (1.88)%
       GtT1bC1wN1_GtT1tN3wC1wN1 : 10293.1601712 (1.53)%
          GtT1bC1wN1_GtT1bC1wN1 : 9149.7728679 (1.36)%
     GtT1bC1wN1_QqGtT1tN3wC1wN1 : 7733.9416584 (1.15)%
     GtT1tN3wC1wN1_QqGtT1bC1wN1 : 7733.9416584 (1.15)%
          GtT1bC1wN1_GtT1tN2hN1 : 7507.9712493 (1.11)%
          GtT1tN3wC1wN1_QqC1wN1 : 7131.2115316 (1.06)%
           QqC1wN1_QqGtT1bC1wN1 : 7084.4622751 (1.05)%
             GtT1bC1wN1_QqN2hN1 : 6102.5359683 (0.91)%
        GtT1tN2hN1_QqGtT1bC1wN1 : 5641.2424026 (0.84)%
        GtT1bC1wN1_QqGtT1tN2hN1 : 5641.2424026 (0.84)%
       GtT1bC1wN1_GtT1bC2wN2hN1 : 5530.8319583 (0.82)%
       GtT1bC1wN1_GtT1bC2zC1wN1 : 5441.7655506 (0.81)%
             GtT1tN2hN1_QqC1wN1 : 5201.6028373 (0.77)%
       GtT1bC1wN1_GtT1bC2hC1wN1 : 5165.6824444 (0.77)%
       GtT1bC1wN1_GtT1tN3zN2hN1 : 4452.9912106 (0.66)%
  GtT1tN3wC1wN1_QqGtT1tN3wC1wN1 : 4350.2008954 (0.65)%
   QqGtT1bC1wN1_QqGtT1tN3wC1wN1 : 4321.6827878 (0.64)%
       GtT1tN2hN1_GtT1tN3wC1wN1 : 4223.0966684 (0.63)%
     GtT1bC1wN1_QqGtT1bC2wN2hN1 : 4155.6850352 (0.62)%
     GtT1bC2wN2hN1_QqGtT1bC1wN1 : 4155.6850352 (0.62)%
     GtT1bC1wN1_QqGtT1bC2zC1wN1 : 4088.7634688 (0.61)%
     GtT1bC2zC1wN1_QqGtT1bC1wN1 : 4088.7634688 (0.61)%
                    C1wN1_N2zN1 : 4073.3146791 (0.60)%
        QqC1wN1_QqGtT1tN3wC1wN1 : 3984.8806073 (0.59)%
     GtT1bC1wN1_QqGtT1bC2hC1wN1 : 3881.3237126 (0.58)%
     GtT1bC2hC1wN1_QqGtT1bC1wN1 : 3881.3237126 (0.58)%
      QqGtT1bC1wN1_QqGtT1bC1wN1 : 3841.6205769 (0.57)%
          GtT1bC2wN2hN1_QqC1wN1 : 3831.8195758 (0.57)%
          GtT1bC2zC1wN1_QqC1wN1 : 3770.1134152 (0.56)%
          GtT1bC2hC1wN1_QqC1wN1 : 3578.8400844 (0.53)%
          GtT1tN3wC1wN1_QqN2hN1 : 3432.5649980 (0.51)%
           QqGtT1bC1wN1_QqN2hN1 : 3410.0625297 (0.51)%
             GtT1bC1wN1_GtT1tN1 : 3407.9828225 (0.51)%
     GtT1tN3zN2hN1_QqGtT1bC1wN1 : 3345.8309843 (0.50)%
     GtT1bC1wN1_QqGtT1tN3zN2hN1 : 3345.8309843 (0.50)%
                QqC1wN1_QqC1wN1 : 3266.1740483 (0.48)%
     GtT1tN2hN1_QqGtT1tN3wC1wN1 : 3173.0957945 (0.47)%
     GtT1tN3wC1wN1_QqGtT1tN2hN1 : 3173.0957945 (0.47)%
      QqGtT1bC1wN1_QqGtT1tN2hN1 : 3152.2942983 (0.47)%
                QqC1wN1_QqN2hN1 : 3144.3057511 (0.47)%
    GtT1bC2wN2hN1_GtT1tN3wC1wN1 : 3110.9919366 (0.46)%
          GtT1tN3zN2hN1_QqC1wN1 : 3085.0799699 (0.46)%
    GtT1bC2zC1wN1_GtT1tN3wC1wN1 : 3060.8937093 (0.45)%
           QqC1wN1_QqGtT1tN2hN1 : 2906.6261997 (0.43)%
    GtT1bC2hC1wN1_GtT1tN3wC1wN1 : 2905.6020057 (0.43)%
    GtT1tN3wC1wN1_GtT1tN3wC1wN1 : 2894.8572779 (0.43)%
           GtT1tN1_QqGtT1bC1wN1 : 2560.6460877 (0.38)%
           GtT1bC1wN1_QqGtT1tN1 : 2560.6460877 (0.38)%
    GtT1tN3wC1wN1_GtT1tN3zN2hN1 : 2504.7262065 (0.37)%
             GtT1tN2hN1_QqN2hN1 : 2503.7596703 (0.37)%
                GtT1tN1_QqC1wN1 : 2361.0869742 (0.35)%
  GtT1tN3wC1wN1_QqGtT1bC2wN2hN1 : 2337.4969142 (0.35)%
  GtT1bC2wN2hN1_QqGtT1tN3wC1wN1 : 2337.4969142 (0.35)%
   QqGtT1bC1wN1_QqGtT1bC2wN2hN1 : 2322.1732567 (0.34)%
        GtT1tN2hN1_QqGtT1tN2hN1 : 2314.4992985 (0.34)%
  GtT1tN3wC1wN1_QqGtT1bC2zC1wN1 : 2299.8547556 (0.34)%
  GtT1bC2zC1wN1_QqGtT1tN3wC1wN1 : 2299.8547556 (0.34)%
   QqGtT1bC1wN1_QqGtT1bC2zC1wN1 : 2284.7778645 (0.34)%
       GtT1bC2wN2hN1_GtT1tN2hN1 : 2269.1998986 (0.34)%
       GtT1bC2zC1wN1_GtT1tN2hN1 : 2232.6575691 (0.33)%
  GtT1tN3wC1wN1_QqGtT1bC2hC1wN1 : 2183.1736824 (0.32)%
  GtT1bC2hC1wN1_QqGtT1tN3wC1wN1 : 2183.1736824 (0.32)%
   QqGtT1bC1wN1_QqGtT1bC2hC1wN1 : 2168.8617039 (0.32)%
        QqC1wN1_QqGtT1bC2wN2hN1 : 2141.1990726 (0.32)%
       GtT1bC2hC1wN1_GtT1tN2hN1 : 2119.3856850 (0.31)%
        QqC1wN1_QqGtT1bC2zC1wN1 : 2106.7180196 (0.31)%
        QqC1wN1_QqGtT1bC2hC1wN1 : 1999.8355659 (0.30)%
          GtT1bC1wN1_GtT1tN3zN1 : 1953.1015296 (0.29)%
        QqGtT1tN3wC1wN1_QqN2hN1 : 1918.0978762 (0.28)%
          GtT1tN1_GtT1tN3wC1wN1 : 1916.9280789 (0.28)%
  GtT1tN3zN2hN1_QqGtT1tN3wC1wN1 : 1881.9688054 (0.28)%
  GtT1tN3wC1wN1_QqGtT1tN3zN2hN1 : 1881.9688054 (0.28)%
   QqGtT1bC1wN1_QqGtT1tN3zN2hN1 : 1869.6314007 (0.28)%
          GtT1bC2wN2hN1_QqN2hN1 : 1844.4228861 (0.27)%
       GtT1tN2hN1_GtT1tN3zN2hN1 : 1826.9814161 (0.27)%
          GtT1bC2zC1wN1_QqN2hN1 : 1814.7210036 (0.27)%
   QqGtT1tN2hN1_QqGtT1tN3wC1wN1 : 1773.1079551 (0.26)%
        QqC1wN1_QqGtT1tN3zN2hN1 : 1723.9252109 (0.26)%
          GtT1bC2hC1wN1_QqN2hN1 : 1722.6527572 (0.26)%
     GtT1tN2hN1_QqGtT1bC2wN2hN1 : 1705.0020922 (0.25)%
     GtT1bC2wN2hN1_QqGtT1tN2hN1 : 1705.0020922 (0.25)%
          GtT1bC1wN1_GtT1bC2wN1 : 1691.5030313 (0.25)%
     GtT1tN2hN1_QqGtT1bC2zC1wN1 : 1677.5453889 (0.25)%
     GtT1bC2zC1wN1_QqGtT1tN2hN1 : 1677.5453889 (0.25)%
    GtT1bC2wN2hN1_GtT1bC2zC1wN1 : 1644.7124563 (0.24)%
     GtT1tN2hN1_QqGtT1bC2hC1wN1 : 1592.4366246 (0.24)%
     GtT1bC2hC1wN1_QqGtT1tN2hN1 : 1592.4366246 (0.24)%
    GtT1bC2hC1wN1_GtT1bC2wN2hN1 : 1561.2694415 (0.23)%
          GtT1tN2hN1_GtT1tN2hN1 : 1540.1921199 (0.23)%
    GtT1bC2hC1wN1_GtT1bC2zC1wN1 : 1536.1273540 (0.23)%
       GtT1bC1wN1_GtT1tN4wC1wN1 : 1506.5743481 (0.22)%
          GtT1tN3zN2hN1_QqN2hN1 : 1484.9843499 (0.22)%
        GtT1tN3zN1_QqGtT1bC1wN1 : 1467.4961850 (0.22)%
        GtT1bC1wN1_QqGtT1tN3zN1 : 1467.4961850 (0.22)%
        GtT1tN1_QqGtT1tN3wC1wN1 : 1440.3166452 (0.21)%
        GtT1tN3wC1wN1_QqGtT1tN1 : 1440.3166452 (0.21)%
         QqGtT1bC1wN1_QqGtT1tN1 : 1430.8745283 (0.21)%
           QqGtT1tN2hN1_QqN2hN1 : 1399.0867206 (0.21)%
             GtT1tN1_GtT1tN2hN1 : 1398.2334545 (0.21)%
     GtT1tN3zN2hN1_QqGtT1tN2hN1 : 1372.7336841 (0.20)%
     GtT1tN2hN1_QqGtT1tN3zN2hN1 : 1372.7336841 (0.20)%
             GtT1tN3zN1_QqC1wN1 : 1353.1296432 (0.20)%
    GtT1bC2wN2hN1_GtT1tN3zN2hN1 : 1345.8665288 (0.20)%
    GtT1bC2zC1wN1_GtT1tN3zN2hN1 : 1324.1932077 (0.20)%
              QqC1wN1_QqGtT1tN1 : 1319.3620262 (0.20)%
QqGtT1bC2wN2hN1_QqGtT1tN3wC1wN1 : 1306.1800343 (0.19)%
QqGtT1bC2zC1wN1_QqGtT1tN3wC1wN1 : 1285.1458093 (0.19)%
        GtT1bC2wN1_QqGtT1bC1wN1 : 1270.9396863 (0.19)%
        GtT1bC1wN1_QqGtT1bC2wN1 : 1270.9396863 (0.19)%
    GtT1bC2hC1wN1_GtT1tN3zN2hN1 : 1257.0114501 (0.19)%
  GtT1bC2wN2hN1_QqGtT1bC2wN2hN1 : 1256.0090798 (0.19)%
  GtT1bC2zC1wN1_QqGtT1bC2wN2hN1 : 1235.7827888 (0.18)%
  GtT1bC2wN2hN1_QqGtT1bC2zC1wN1 : 1235.7827888 (0.18)%
QqGtT1bC2hC1wN1_QqGtT1tN3wC1wN1 : 1219.9450866 (0.18)%
  GtT1bC2zC1wN1_QqGtT1bC2zC1wN1 : 1215.8822142 (0.18)%
QqGtT1tN3wC1wN1_QqGtT1tN3wC1wN1 : 1215.4338087 (0.18)%
  GtT1bC2hC1wN1_QqGtT1bC2wN2hN1 : 1173.0864547 (0.17)%
  GtT1bC2wN2hN1_QqGtT1bC2hC1wN1 : 1173.0864547 (0.17)%
             GtT1bC2wN1_QqC1wN1 : 1171.8914038 (0.17)%
  GtT1bC2hC1wN1_QqGtT1bC2zC1wN1 : 1154.1955180 (0.17)%
  GtT1bC2zC1wN1_QqGtT1bC2hC1wN1 : 1154.1955180 (0.17)%
                GtT1tN1_QqN2hN1 : 1136.4947553 (0.17)%
     GtT1bC1wN1_QqGtT1tN4wC1wN1 : 1131.9903624 (0.17)%
     GtT1tN4wC1wN1_QqGtT1bC1wN1 : 1131.9903624 (0.17)%
           T1bC1wN1_T1tN3wC1wN1 : 1101.2106378 (0.16)%
       GtT1tN3wC1wN1_GtT1tN3zN1 : 1098.5839302 (0.16)%
  GtT1bC2hC1wN1_QqGtT1bC2hC1wN1 : 1095.6384411 (0.16)%
QqGtT1tN3wC1wN1_QqGtT1tN3zN2hN1 : 1051.6335076 (0.16)%
           GtT1tN1_QqGtT1tN2hN1 : 1050.5865819 (0.16)%
           GtT1tN2hN1_QqGtT1tN1 : 1050.5865819 (0.16)%
          GtT1tN4wC1wN1_QqC1wN1 : 1043.7708329 (0.15)%
        QqGtT1bC2wN2hN1_QqN2hN1 : 1030.6530605 (0.15)%
          GtT1bC2wN2hN1_GtT1tN1 : 1030.0244924 (0.15)%
        QqGtT1bC2zC1wN1_QqN2hN1 : 1014.0558169 (0.15)%
          GtT1bC2zC1wN1_GtT1tN1 : 1013.4373710 (0.15)%
  GtT1tN3zN2hN1_QqGtT1bC2wN2hN1 : 1011.2397981 (0.15)%
  GtT1bC2wN2hN1_QqGtT1tN3zN2hN1 : 1011.2397981 (0.15)%
  GtT1tN3zN2hN1_QqGtT1bC2zC1wN1 : 994.9551782 (0.15)%
  GtT1bC2zC1wN1_QqGtT1tN3zN2hN1 : 994.9551782 (0.15)%
              T1bC1wN1_T1bC1wN1 : 978.8856919 (0.15)%
        QqGtT1bC2hC1wN1_QqN2hN1 : 962.6086023 (0.14)%
          GtT1bC2hC1wN1_GtT1tN1 : 962.0215327 (0.14)%
   QqGtT1bC2wN2hN1_QqGtT1tN2hN1 : 952.7455107 (0.14)%
       GtT1bC2wN1_GtT1tN3wC1wN1 : 951.4395539 (0.14)%
  GtT1tN3zN2hN1_QqGtT1bC2hC1wN1 : 944.4770175 (0.14)%
  GtT1bC2hC1wN1_QqGtT1tN3zN2hN1 : 944.4770175 (0.14)%
   QqGtT1bC2zC1wN1_QqGtT1tN2hN1 : 937.4028605 (0.14)%
   QqGtT1bC2hC1wN1_QqGtT1tN2hN1 : 889.8445651 (0.13)%
    GtT1tN3wC1wN1_GtT1tN4wC1wN1 : 847.4205480 (0.13)%
    GtT1bC2wN2hN1_GtT1bC2wN2hN1 : 835.8158884 (0.12)%
        QqGtT1tN3zN2hN1_QqN2hN1 : 829.8008427 (0.12)%
          GtT1tN1_GtT1tN3zN2hN1 : 829.2947690 (0.12)%
     GtT1tN3zN1_QqGtT1tN3wC1wN1 : 825.4397951 (0.12)%
     GtT1tN3wC1wN1_QqGtT1tN3zN1 : 825.4397951 (0.12)%
      QqGtT1bC1wN1_QqGtT1tN3zN1 : 820.0285552 (0.12)%
  GtT1tN3zN2hN1_QqGtT1tN3zN2hN1 : 814.1708095 (0.12)%
    GtT1bC2zC1wN1_GtT1bC2zC1wN1 : 809.1133172 (0.12)%
      QqGtT1tN1_QqGtT1tN3wC1wN1 : 804.8407823 (0.12)%
              T1bC1wN1_T1tN2hN1 : 803.2380407 (0.12)%
          GtT1tN2hN1_GtT1tN3zN1 : 801.3220843 (0.12)%
        GtT1tN1_QqGtT1bC2wN2hN1 : 773.9264909 (0.11)%
        GtT1bC2wN2hN1_QqGtT1tN1 : 773.9264909 (0.11)%
   QqGtT1tN2hN1_QqGtT1tN3zN2hN1 : 767.0758065 (0.11)%
        GtT1tN1_QqGtT1bC2zC1wN1 : 761.4634739 (0.11)%
        GtT1bC2zC1wN1_QqGtT1tN1 : 761.4634739 (0.11)%
                QqN2hN1_QqN2hN1 : 756.7461585 (0.11)%
           QqC1wN1_QqGtT1tN3zN1 : 756.1211795 (0.11)%
    GtT1bC2hC1wN1_GtT1bC2hC1wN1 : 729.0966536 (0.11)%
        GtT1tN1_QqGtT1bC2hC1wN1 : 722.8313059 (0.11)%
        GtT1bC2hC1wN1_QqGtT1tN1 : 722.8313059 (0.11)%
     GtT1bC2wN1_QqGtT1tN3wC1wN1 : 714.8803554 (0.11)%
     GtT1tN3wC1wN1_QqGtT1bC2wN1 : 714.8803554 (0.11)%
                    N2hN1_N2hN1 : 710.5777272 (0.11)%
      QqGtT1bC1wN1_QqGtT1bC2wN1 : 710.1938971 (0.11)%
          GtT1bC2wN1_GtT1tN2hN1 : 693.9929718 (0.10)%
QqGtT1bC2wN2hN1_QqGtT1bC2zC1wN1 : 690.5484220 (0.10)%
QqGtT1bC2hC1wN1_QqGtT1bC2wN2hN1 : 655.5140657 (0.10)%
------------------------------------------------------------
                                              SUM=84.33%

SHOWING PROCESSES TO GET 90.00% SUSY COVERAGE
---------------  Output inclusive processes  ---------------
The total xsec = 673893.64 [fb]
The total rate = 100.00%
                          Modes : xsec/fb      (rate)
                    C1wN1_N2hN1 : 100653.0980695 (14.94)%
                    C1wN1_C1wN1 : 51703.4407502 (7.67)%
        GtT1bC1wN1_QqGtT1bC1wN1 : 13749.6761676 (2.04)%
             GtT1bC1wN1_QqC1wN1 : 12678.1211409 (1.88)%
       GtT1bC1wN1_GtT1tN3wC1wN1 : 10293.1601712 (1.53)%
          GtT1bC1wN1_GtT1bC1wN1 : 9149.7728679 (1.36)%
     GtT1bC1wN1_QqGtT1tN3wC1wN1 : 7733.9416584 (1.15)%
     GtT1tN3wC1wN1_QqGtT1bC1wN1 : 7733.9416584 (1.15)%
          GtT1bC1wN1_GtT1tN2hN1 : 7507.9712493 (1.11)%
          GtT1tN3wC1wN1_QqC1wN1 : 7131.2115316 (1.06)%
           QqC1wN1_QqGtT1bC1wN1 : 7084.4622751 (1.05)%
             GtT1bC1wN1_QqN2hN1 : 6102.5359683 (0.91)%
        GtT1tN2hN1_QqGtT1bC1wN1 : 5641.2424026 (0.84)%
        GtT1bC1wN1_QqGtT1tN2hN1 : 5641.2424026 (0.84)%
       GtT1bC1wN1_GtT1bC2wN2hN1 : 5530.8319583 (0.82)%
       GtT1bC1wN1_GtT1bC2zC1wN1 : 5441.7655506 (0.81)%
             GtT1tN2hN1_QqC1wN1 : 5201.6028373 (0.77)%
       GtT1bC1wN1_GtT1bC2hC1wN1 : 5165.6824444 (0.77)%
       GtT1bC1wN1_GtT1tN3zN2hN1 : 4452.9912106 (0.66)%
  GtT1tN3wC1wN1_QqGtT1tN3wC1wN1 : 4350.2008954 (0.65)%
   QqGtT1bC1wN1_QqGtT1tN3wC1wN1 : 4321.6827878 (0.64)%
       GtT1tN2hN1_GtT1tN3wC1wN1 : 4223.0966684 (0.63)%
     GtT1bC1wN1_QqGtT1bC2wN2hN1 : 4155.6850352 (0.62)%
     GtT1bC2wN2hN1_QqGtT1bC1wN1 : 4155.6850352 (0.62)%
     GtT1bC1wN1_QqGtT1bC2zC1wN1 : 4088.7634688 (0.61)%
     GtT1bC2zC1wN1_QqGtT1bC1wN1 : 4088.7634688 (0.61)%
                    C1wN1_N2zN1 : 4073.3146791 (0.60)%
        QqC1wN1_QqGtT1tN3wC1wN1 : 3984.8806073 (0.59)%
     GtT1bC1wN1_QqGtT1bC2hC1wN1 : 3881.3237126 (0.58)%
     GtT1bC2hC1wN1_QqGtT1bC1wN1 : 3881.3237126 (0.58)%
      QqGtT1bC1wN1_QqGtT1bC1wN1 : 3841.6205769 (0.57)%
          GtT1bC2wN2hN1_QqC1wN1 : 3831.8195758 (0.57)%
          GtT1bC2zC1wN1_QqC1wN1 : 3770.1134152 (0.56)%
          GtT1bC2hC1wN1_QqC1wN1 : 3578.8400844 (0.53)%
          GtT1tN3wC1wN1_QqN2hN1 : 3432.5649980 (0.51)%
           QqGtT1bC1wN1_QqN2hN1 : 3410.0625297 (0.51)%
             GtT1bC1wN1_GtT1tN1 : 3407.9828225 (0.51)%
     GtT1tN3zN2hN1_QqGtT1bC1wN1 : 3345.8309843 (0.50)%
     GtT1bC1wN1_QqGtT1tN3zN2hN1 : 3345.8309843 (0.50)%
                QqC1wN1_QqC1wN1 : 3266.1740483 (0.48)%
     GtT1tN2hN1_QqGtT1tN3wC1wN1 : 3173.0957945 (0.47)%
     GtT1tN3wC1wN1_QqGtT1tN2hN1 : 3173.0957945 (0.47)%
      QqGtT1bC1wN1_QqGtT1tN2hN1 : 3152.2942983 (0.47)%
                QqC1wN1_QqN2hN1 : 3144.3057511 (0.47)%
    GtT1bC2wN2hN1_GtT1tN3wC1wN1 : 3110.9919366 (0.46)%
          GtT1tN3zN2hN1_QqC1wN1 : 3085.0799699 (0.46)%
    GtT1bC2zC1wN1_GtT1tN3wC1wN1 : 3060.8937093 (0.45)%
           QqC1wN1_QqGtT1tN2hN1 : 2906.6261997 (0.43)%
    GtT1bC2hC1wN1_GtT1tN3wC1wN1 : 2905.6020057 (0.43)%
    GtT1tN3wC1wN1_GtT1tN3wC1wN1 : 2894.8572779 (0.43)%
           GtT1tN1_QqGtT1bC1wN1 : 2560.6460877 (0.38)%
           GtT1bC1wN1_QqGtT1tN1 : 2560.6460877 (0.38)%
    GtT1tN3wC1wN1_GtT1tN3zN2hN1 : 2504.7262065 (0.37)%
             GtT1tN2hN1_QqN2hN1 : 2503.7596703 (0.37)%
                GtT1tN1_QqC1wN1 : 2361.0869742 (0.35)%
  GtT1tN3wC1wN1_QqGtT1bC2wN2hN1 : 2337.4969142 (0.35)%
  GtT1bC2wN2hN1_QqGtT1tN3wC1wN1 : 2337.4969142 (0.35)%
   QqGtT1bC1wN1_QqGtT1bC2wN2hN1 : 2322.1732567 (0.34)%
        GtT1tN2hN1_QqGtT1tN2hN1 : 2314.4992985 (0.34)%
  GtT1tN3wC1wN1_QqGtT1bC2zC1wN1 : 2299.8547556 (0.34)%
  GtT1bC2zC1wN1_QqGtT1tN3wC1wN1 : 2299.8547556 (0.34)%
   QqGtT1bC1wN1_QqGtT1bC2zC1wN1 : 2284.7778645 (0.34)%
       GtT1bC2wN2hN1_GtT1tN2hN1 : 2269.1998986 (0.34)%
       GtT1bC2zC1wN1_GtT1tN2hN1 : 2232.6575691 (0.33)%
  GtT1tN3wC1wN1_QqGtT1bC2hC1wN1 : 2183.1736824 (0.32)%
  GtT1bC2hC1wN1_QqGtT1tN3wC1wN1 : 2183.1736824 (0.32)%
   QqGtT1bC1wN1_QqGtT1bC2hC1wN1 : 2168.8617039 (0.32)%
        QqC1wN1_QqGtT1bC2wN2hN1 : 2141.1990726 (0.32)%
       GtT1bC2hC1wN1_GtT1tN2hN1 : 2119.3856850 (0.31)%
        QqC1wN1_QqGtT1bC2zC1wN1 : 2106.7180196 (0.31)%
        QqC1wN1_QqGtT1bC2hC1wN1 : 1999.8355659 (0.30)%
          GtT1bC1wN1_GtT1tN3zN1 : 1953.1015296 (0.29)%
        QqGtT1tN3wC1wN1_QqN2hN1 : 1918.0978762 (0.28)%
          GtT1tN1_GtT1tN3wC1wN1 : 1916.9280789 (0.28)%
  GtT1tN3zN2hN1_QqGtT1tN3wC1wN1 : 1881.9688054 (0.28)%
  GtT1tN3wC1wN1_QqGtT1tN3zN2hN1 : 1881.9688054 (0.28)%
   QqGtT1bC1wN1_QqGtT1tN3zN2hN1 : 1869.6314007 (0.28)%
          GtT1bC2wN2hN1_QqN2hN1 : 1844.4228861 (0.27)%
       GtT1tN2hN1_GtT1tN3zN2hN1 : 1826.9814161 (0.27)%
          GtT1bC2zC1wN1_QqN2hN1 : 1814.7210036 (0.27)%
   QqGtT1tN2hN1_QqGtT1tN3wC1wN1 : 1773.1079551 (0.26)%
        QqC1wN1_QqGtT1tN3zN2hN1 : 1723.9252109 (0.26)%
          GtT1bC2hC1wN1_QqN2hN1 : 1722.6527572 (0.26)%
     GtT1tN2hN1_QqGtT1bC2wN2hN1 : 1705.0020922 (0.25)%
     GtT1bC2wN2hN1_QqGtT1tN2hN1 : 1705.0020922 (0.25)%
          GtT1bC1wN1_GtT1bC2wN1 : 1691.5030313 (0.25)%
     GtT1tN2hN1_QqGtT1bC2zC1wN1 : 1677.5453889 (0.25)%
     GtT1bC2zC1wN1_QqGtT1tN2hN1 : 1677.5453889 (0.25)%
    GtT1bC2wN2hN1_GtT1bC2zC1wN1 : 1644.7124563 (0.24)%
     GtT1tN2hN1_QqGtT1bC2hC1wN1 : 1592.4366246 (0.24)%
     GtT1bC2hC1wN1_QqGtT1tN2hN1 : 1592.4366246 (0.24)%
    GtT1bC2hC1wN1_GtT1bC2wN2hN1 : 1561.2694415 (0.23)%
          GtT1tN2hN1_GtT1tN2hN1 : 1540.1921199 (0.23)%
    GtT1bC2hC1wN1_GtT1bC2zC1wN1 : 1536.1273540 (0.23)%
       GtT1bC1wN1_GtT1tN4wC1wN1 : 1506.5743481 (0.22)%
          GtT1tN3zN2hN1_QqN2hN1 : 1484.9843499 (0.22)%
        GtT1tN3zN1_QqGtT1bC1wN1 : 1467.4961850 (0.22)%
        GtT1bC1wN1_QqGtT1tN3zN1 : 1467.4961850 (0.22)%
        GtT1tN1_QqGtT1tN3wC1wN1 : 1440.3166452 (0.21)%
        GtT1tN3wC1wN1_QqGtT1tN1 : 1440.3166452 (0.21)%
         QqGtT1bC1wN1_QqGtT1tN1 : 1430.8745283 (0.21)%
           QqGtT1tN2hN1_QqN2hN1 : 1399.0867206 (0.21)%
             GtT1tN1_GtT1tN2hN1 : 1398.2334545 (0.21)%
     GtT1tN3zN2hN1_QqGtT1tN2hN1 : 1372.7336841 (0.20)%
     GtT1tN2hN1_QqGtT1tN3zN2hN1 : 1372.7336841 (0.20)%
             GtT1tN3zN1_QqC1wN1 : 1353.1296432 (0.20)%
    GtT1bC2wN2hN1_GtT1tN3zN2hN1 : 1345.8665288 (0.20)%
    GtT1bC2zC1wN1_GtT1tN3zN2hN1 : 1324.1932077 (0.20)%
              QqC1wN1_QqGtT1tN1 : 1319.3620262 (0.20)%
QqGtT1bC2wN2hN1_QqGtT1tN3wC1wN1 : 1306.1800343 (0.19)%
QqGtT1bC2zC1wN1_QqGtT1tN3wC1wN1 : 1285.1458093 (0.19)%
        GtT1bC2wN1_QqGtT1bC1wN1 : 1270.9396863 (0.19)%
        GtT1bC1wN1_QqGtT1bC2wN1 : 1270.9396863 (0.19)%
    GtT1bC2hC1wN1_GtT1tN3zN2hN1 : 1257.0114501 (0.19)%
  GtT1bC2wN2hN1_QqGtT1bC2wN2hN1 : 1256.0090798 (0.19)%
  GtT1bC2zC1wN1_QqGtT1bC2wN2hN1 : 1235.7827888 (0.18)%
  GtT1bC2wN2hN1_QqGtT1bC2zC1wN1 : 1235.7827888 (0.18)%
QqGtT1bC2hC1wN1_QqGtT1tN3wC1wN1 : 1219.9450866 (0.18)%
  GtT1bC2zC1wN1_QqGtT1bC2zC1wN1 : 1215.8822142 (0.18)%
QqGtT1tN3wC1wN1_QqGtT1tN3wC1wN1 : 1215.4338087 (0.18)%
  GtT1bC2hC1wN1_QqGtT1bC2wN2hN1 : 1173.0864547 (0.17)%
  GtT1bC2wN2hN1_QqGtT1bC2hC1wN1 : 1173.0864547 (0.17)%
             GtT1bC2wN1_QqC1wN1 : 1171.8914038 (0.17)%
  GtT1bC2hC1wN1_QqGtT1bC2zC1wN1 : 1154.1955180 (0.17)%
  GtT1bC2zC1wN1_QqGtT1bC2hC1wN1 : 1154.1955180 (0.17)%
                GtT1tN1_QqN2hN1 : 1136.4947553 (0.17)%
     GtT1bC1wN1_QqGtT1tN4wC1wN1 : 1131.9903624 (0.17)%
     GtT1tN4wC1wN1_QqGtT1bC1wN1 : 1131.9903624 (0.17)%
           T1bC1wN1_T1tN3wC1wN1 : 1101.2106378 (0.16)%
       GtT1tN3wC1wN1_GtT1tN3zN1 : 1098.5839302 (0.16)%
  GtT1bC2hC1wN1_QqGtT1bC2hC1wN1 : 1095.6384411 (0.16)%
QqGtT1tN3wC1wN1_QqGtT1tN3zN2hN1 : 1051.6335076 (0.16)%
           GtT1tN1_QqGtT1tN2hN1 : 1050.5865819 (0.16)%
           GtT1tN2hN1_QqGtT1tN1 : 1050.5865819 (0.16)%
          GtT1tN4wC1wN1_QqC1wN1 : 1043.7708329 (0.15)%
        QqGtT1bC2wN2hN1_QqN2hN1 : 1030.6530605 (0.15)%
          GtT1bC2wN2hN1_GtT1tN1 : 1030.0244924 (0.15)%
        QqGtT1bC2zC1wN1_QqN2hN1 : 1014.0558169 (0.15)%
          GtT1bC2zC1wN1_GtT1tN1 : 1013.4373710 (0.15)%
  GtT1tN3zN2hN1_QqGtT1bC2wN2hN1 : 1011.2397981 (0.15)%
  GtT1bC2wN2hN1_QqGtT1tN3zN2hN1 : 1011.2397981 (0.15)%
  GtT1tN3zN2hN1_QqGtT1bC2zC1wN1 : 994.9551782 (0.15)%
  GtT1bC2zC1wN1_QqGtT1tN3zN2hN1 : 994.9551782 (0.15)%
              T1bC1wN1_T1bC1wN1 : 978.8856919 (0.15)%
        QqGtT1bC2hC1wN1_QqN2hN1 : 962.6086023 (0.14)%
          GtT1bC2hC1wN1_GtT1tN1 : 962.0215327 (0.14)%
   QqGtT1bC2wN2hN1_QqGtT1tN2hN1 : 952.7455107 (0.14)%
       GtT1bC2wN1_GtT1tN3wC1wN1 : 951.4395539 (0.14)%
  GtT1tN3zN2hN1_QqGtT1bC2hC1wN1 : 944.4770175 (0.14)%
  GtT1bC2hC1wN1_QqGtT1tN3zN2hN1 : 944.4770175 (0.14)%
   QqGtT1bC2zC1wN1_QqGtT1tN2hN1 : 937.4028605 (0.14)%
   QqGtT1bC2hC1wN1_QqGtT1tN2hN1 : 889.8445651 (0.13)%
    GtT1tN3wC1wN1_GtT1tN4wC1wN1 : 847.4205480 (0.13)%
    GtT1bC2wN2hN1_GtT1bC2wN2hN1 : 835.8158884 (0.12)%
        QqGtT1tN3zN2hN1_QqN2hN1 : 829.8008427 (0.12)%
          GtT1tN1_GtT1tN3zN2hN1 : 829.2947690 (0.12)%
     GtT1tN3zN1_QqGtT1tN3wC1wN1 : 825.4397951 (0.12)%
     GtT1tN3wC1wN1_QqGtT1tN3zN1 : 825.4397951 (0.12)%
      QqGtT1bC1wN1_QqGtT1tN3zN1 : 820.0285552 (0.12)%
  GtT1tN3zN2hN1_QqGtT1tN3zN2hN1 : 814.1708095 (0.12)%
    GtT1bC2zC1wN1_GtT1bC2zC1wN1 : 809.1133172 (0.12)%
      QqGtT1tN1_QqGtT1tN3wC1wN1 : 804.8407823 (0.12)%
              T1bC1wN1_T1tN2hN1 : 803.2380407 (0.12)%
          GtT1tN2hN1_GtT1tN3zN1 : 801.3220843 (0.12)%
        GtT1tN1_QqGtT1bC2wN2hN1 : 773.9264909 (0.11)%
        GtT1bC2wN2hN1_QqGtT1tN1 : 773.9264909 (0.11)%
   QqGtT1tN2hN1_QqGtT1tN3zN2hN1 : 767.0758065 (0.11)%
        GtT1tN1_QqGtT1bC2zC1wN1 : 761.4634739 (0.11)%
        GtT1bC2zC1wN1_QqGtT1tN1 : 761.4634739 (0.11)%
                QqN2hN1_QqN2hN1 : 756.7461585 (0.11)%
           QqC1wN1_QqGtT1tN3zN1 : 756.1211795 (0.11)%
    GtT1bC2hC1wN1_GtT1bC2hC1wN1 : 729.0966536 (0.11)%
        GtT1tN1_QqGtT1bC2hC1wN1 : 722.8313059 (0.11)%
        GtT1bC2hC1wN1_QqGtT1tN1 : 722.8313059 (0.11)%
     GtT1bC2wN1_QqGtT1tN3wC1wN1 : 714.8803554 (0.11)%
     GtT1tN3wC1wN1_QqGtT1bC2wN1 : 714.8803554 (0.11)%
                    N2hN1_N2hN1 : 710.5777272 (0.11)%
      QqGtT1bC1wN1_QqGtT1bC2wN1 : 710.1938971 (0.11)%
          GtT1bC2wN1_GtT1tN2hN1 : 693.9929718 (0.10)%
QqGtT1bC2wN2hN1_QqGtT1bC2zC1wN1 : 690.5484220 (0.10)%
QqGtT1bC2hC1wN1_QqGtT1bC2wN2hN1 : 655.5140657 (0.10)%
           QqC1wN1_QqGtT1bC2wN1 : 654.8462780 (0.10)%
             GtT1tN3zN1_QqN2hN1 : 651.3206670 (0.10)%
      QqGtT1tN2hN1_QqGtT1tN2hN1 : 646.6645485 (0.10)%
QqGtT1bC2hC1wN1_QqGtT1bC2zC1wN1 : 644.9579172 (0.10)%
  GtT1tN4wC1wN1_QqGtT1tN3wC1wN1 : 636.7238991 (0.09)%
  GtT1tN3wC1wN1_QqGtT1tN4wC1wN1 : 636.7238991 (0.09)%
              QqGtT1tN1_QqN2hN1 : 635.0668313 (0.09)%
   QqGtT1bC1wN1_QqGtT1tN4wC1wN1 : 632.5498021 (0.09)%
       GtT1bC1wN1_GtT1tN4hN2hN1 : 623.3479539 (0.09)%
        GtT1tN3zN2hN1_QqGtT1tN1 : 623.1047856 (0.09)%
        GtT1tN1_QqGtT1tN3zN2hN1 : 623.1047856 (0.09)%
       GtT1tN2hN1_GtT1tN4wC1wN1 : 618.1200918 (0.09)%
                       C1wN1_N1 : 610.4355253 (0.09)%
        GtT1tN2hN1_QqGtT1tN3zN1 : 602.0870313 (0.09)%
        GtT1tN3zN1_QqGtT1tN2hN1 : 602.0870313 (0.09)%
           T1bC1wN1_T1bC2wN2hN1 : 591.7143897 (0.09)%
       GtT1bC2wN2hN1_GtT1tN3zN1 : 590.3029788 (0.09)%
         QqGtT1tN1_QqGtT1tN2hN1 : 587.0618307 (0.09)%
        QqC1wN1_QqGtT1tN4wC1wN1 : 583.2532287 (0.09)%
           T1bC1wN1_T1bC2zC1wN1 : 582.1856469 (0.09)%
       GtT1bC2zC1wN1_GtT1tN3zN1 : 580.7969648 (0.09)%
              C2wN2hN1_N4wC1wN1 : 580.7410193 (0.09)%
              C2zC1wN1_N4wC1wN1 : 571.3889875 (0.08)%
              C2wN2hN1_N3wC1wN1 : 568.2849137 (0.08)%
QqGtT1bC2wN2hN1_QqGtT1tN3zN2hN1 : 565.0750708 (0.08)%
             GtT1bC2wN1_QqN2hN1 : 564.0827504 (0.08)%
              C2zC1wN1_N3wC1wN1 : 559.1334702 (0.08)%
QqGtT1bC2zC1wN1_QqGtT1tN3zN2hN1 : 555.9753174 (0.08)%
           T1bC1wN1_T1bC2hC1wN1 : 552.6489790 (0.08)%
       GtT1bC2hC1wN1_GtT1tN3zN1 : 551.3307505 (0.08)%
              N3wC1wN1_N4wC1wN1 : 543.8532664 (0.08)%
              C2hC1wN1_N4wC1wN1 : 542.4000785 (0.08)%
    GtT1tN3zN2hN1_GtT1tN3zN2hN1 : 541.7929769 (0.08)%
              C2hC1wN1_N3wC1wN1 : 530.7663339 (0.08)%
QqGtT1bC2hC1wN1_QqGtT1tN3zN2hN1 : 527.7684071 (0.08)%
        GtT1bC2wN1_QqGtT1tN2hN1 : 521.4434698 (0.08)%
        GtT1tN2hN1_QqGtT1bC2wN1 : 521.4434698 (0.08)%
       GtT1bC2wN1_GtT1bC2wN2hN1 : 511.2377738 (0.08)%
       GtT1bC2wN1_GtT1bC2zC1wN1 : 503.0049957 (0.07)%
          GtT1tN4wC1wN1_QqN2hN1 : 502.4126982 (0.07)%
                          N1_N1 : 501.5015239 (0.07)%
       GtT1bC2hC1wN1_GtT1bC2wN1 : 477.4854873 (0.07)%
              GtT1tN1_QqGtT1tN1 : 476.8772956 (0.07)%
           T1bC1wN1_T1tN3zN2hN1 : 476.4019222 (0.07)%
       GtT1tN3zN1_GtT1tN3zN2hN1 : 475.2655651 (0.07)%
     GtT1bC1wN1_QqGtT1tN4hN2hN1 : 468.3631293 (0.07)%
     GtT1tN4hN2hN1_QqGtT1bC1wN1 : 468.3631293 (0.07)%
     GtT1tN2hN1_QqGtT1tN4wC1wN1 : 464.4350859 (0.07)%
     GtT1tN4wC1wN1_QqGtT1tN2hN1 : 464.4350859 (0.07)%
   QqGtT1tN3wC1wN1_QqGtT1tN3zN1 : 461.2510816 (0.07)%
    GtT1bC2wN2hN1_GtT1tN4wC1wN1 : 455.3451584 (0.07)%
           T1tN2hN1_T1tN3wC1wN1 : 451.8067239 (0.07)%
    GtT1bC2zC1wN1_GtT1tN4wC1wN1 : 448.0124537 (0.07)%
     GtT1tN3zN1_QqGtT1bC2wN2hN1 : 443.5342230 (0.07)%
     GtT1bC2wN2hN1_QqGtT1tN3zN1 : 443.5342230 (0.07)%
     GtT1tN3zN1_QqGtT1bC2zC1wN1 : 436.3917171 (0.06)%
     GtT1bC2zC1wN1_QqGtT1tN3zN1 : 436.3917171 (0.06)%
      QqGtT1bC2wN2hN1_QqGtT1tN1 : 432.4657390 (0.06)%
          GtT1tN4hN2hN1_QqC1wN1 : 431.8621340 (0.06)%
      QqGtT1bC2zC1wN1_QqGtT1tN1 : 425.5014757 (0.06)%
    GtT1bC2hC1wN1_GtT1tN4wC1wN1 : 425.2829427 (0.06)%
     GtT1tN3zN1_QqGtT1bC2hC1wN1 : 414.2517738 (0.06)%
     GtT1bC2hC1wN1_QqGtT1tN3zN1 : 414.2517738 (0.06)%
       GtT1bC2wN1_GtT1tN3zN2hN1 : 411.6084760 (0.06)%
      QqGtT1bC2hC1wN1_QqGtT1tN1 : 403.9140391 (0.06)%
   QqGtT1bC2wN1_QqGtT1tN3wC1wN1 : 399.4710930 (0.06)%
     GtT1bC2wN1_QqGtT1bC2wN2hN1 : 384.1272311 (0.06)%
     GtT1bC2wN2hN1_QqGtT1bC2wN1 : 384.1272311 (0.06)%
     GtT1bC2wN1_QqGtT1bC2zC1wN1 : 377.9413927 (0.06)%
     GtT1bC2zC1wN1_QqGtT1bC2wN1 : 377.9413927 (0.06)%
    GtT1tN3zN2hN1_GtT1tN4wC1wN1 : 366.6081348 (0.05)%
                 T1bC1wN1_T1tN1 : 364.6020149 (0.05)%
           QqGtT1tN3zN1_QqN2hN1 : 363.9542991 (0.05)%
             GtT1tN1_GtT1tN3zN1 : 363.7323330 (0.05)%
     GtT1bC2wN1_QqGtT1bC2hC1wN1 : 358.7668743 (0.05)%
     GtT1bC2hC1wN1_QqGtT1bC2wN1 : 358.7668743 (0.05)%
------------------------------------------------------------
                                              SUM=90.05%
