/Users/rafalmaselek/Projects/fastlim-1.0
 
#################################################################
#                                                               #
#                                                               #
#                     This is Fastlim  ver. 1.0                 #
#                                                               #
#          A fast LHC limit calculator for BSM models.          #
#                                                               #
#                  http://cern.ch/fastlim-1.0/                  #
#                                                               #
#  for bugs/feature requests: fastlim-1.0.developers@gmail.com  #
#                                                               #
#    please refer to:                                           #
#    M.Papucci, K.Sakurai, A.Weiler, L.Zeune arXiv:1402.xxxx    #
#                                                               #
#################################################################
 

!! Masses incompatible with the data for ERER !!

!! Problem with reading tables for ER ER !! Probably mass outside the table !! Setting xsec to 10^-20 !!

!! Masses incompatible with the data for ELEL !!

!! Problem with reading tables for EL EL !! Probably mass outside the table !! Setting xsec to 10^-20 !!

!! Masses incompatible with the data for TAU1TAU1 !!

!! Problem with reading tables for TAU1 TAU1 !! Probably mass outside the table !! Setting xsec to 10^-20 !!

!! Masses incompatible with the data for TAU2TAU2 !!

!! Problem with reading tables for TAU2 TAU2 !! Probably mass outside the table !! Setting xsec to 10^-20 !!
Decoupling mG=1663.92666 GeV; mQ=3239.19337 GeV

!! Masses incompatible with the data for QQ !!

!! Problem with reading tables for Q Q !! Probably mass outside the table !! Setting xsec to 10^-20 !!

!! Masses incompatible with the data for GQ !!

!! Problem with reading tables for G Q !! Probably mass outside the table !! Setting xsec to 10^-20 !!
!! EWK PROCESS C1C2 NOT FOUND !! WILL TRY TO LOOK FOR +/- MODES !!
XSEC FOUND FOR: C1-C2+
XSEC FOUND FOR: C1+C2-
!! EWK PROCESS C1N1 NOT FOUND !! WILL TRY TO LOOK FOR +/- MODES !!
XSEC FOUND FOR: C1+N1
XSEC FOUND FOR: C1-N1
!! EWK PROCESS C1N2 NOT FOUND !! WILL TRY TO LOOK FOR +/- MODES !!
XSEC FOUND FOR: C1+N2
XSEC FOUND FOR: C1-N2
!! EWK PROCESS C1N3 NOT FOUND !! WILL TRY TO LOOK FOR +/- MODES !!
XSEC FOUND FOR: C1+N3
XSEC FOUND FOR: C1-N3
!! EWK PROCESS C1N4 NOT FOUND !! WILL TRY TO LOOK FOR +/- MODES !!
XSEC FOUND FOR: C1+N4
XSEC FOUND FOR: C1-N4
!! EWK PROCESS C2N1 NOT FOUND !! WILL TRY TO LOOK FOR +/- MODES !!
XSEC FOUND FOR: C2+N1
XSEC FOUND FOR: C2-N1
!! EWK PROCESS C2N2 NOT FOUND !! WILL TRY TO LOOK FOR +/- MODES !!
XSEC FOUND FOR: C2+N2
XSEC FOUND FOR: C2-N2
!! EWK PROCESS C2N3 NOT FOUND !! WILL TRY TO LOOK FOR +/- MODES !!
XSEC FOUND FOR: C2+N3
XSEC FOUND FOR: C2-N3
!! EWK PROCESS C2N4 NOT FOUND !! WILL TRY TO LOOK FOR +/- MODES !!
XSEC FOUND FOR: C2+N4
XSEC FOUND FOR: C2-N4

!! Masses incompatible with the data for B2B2 !!

!! Problem with reading tables for B2 B2 !! Probably mass outside the table !! Setting xsec to 10^-20 !!
---------------  Output inclusive processes  ---------------
The total xsec = 37609.53 [fb]
The total rate = 100.00%
Output upto 0.10%
               Modes : xsec/fb      (rate)
         C1wN1_N2hN1 : 20052.0837188 (53.32)%
         C1wN1_C1wN1 : 9777.6319395 (26.00)%
         C1wN1_N2zN1 : 581.7295577 (1.55)%
      GqqC1wN1_GttN1 : 410.4868092 (1.09)%
   GbtC1wN1_GqqC1wN1 : 395.8830513 (1.05)%
      GbtC1wN1_GttN1 : 379.1096236 (1.01)%
   GqqC1wN1_GqqC1wN1 : 214.3242487 (0.57)%
   GqqC1wN1_GqqN2hN1 : 208.3569136 (0.55)%
      GqqN2hN1_GttN1 : 199.5289034 (0.53)%
         GttN1_GttN1 : 196.5473127 (0.52)%
   GbtC1wN1_GqqN2hN1 : 192.4303274 (0.51)%
   GbtC1wN1_GbtC1wN1 : 182.8110809 (0.49)%
      GqqC1wN1_GqqN1 : 140.3782118 (0.37)%
         GqqN1_GttN1 : 134.4304356 (0.36)%
      GbtC1wN1_GqqN1 : 129.6478470 (0.34)%
   GbbN2hN1_GqqC1wN1 : 122.9981356 (0.33)%
      GbbN2hN1_GttN1 : 117.7867473 (0.31)%
   GbbN2hN1_GbtC1wN1 : 113.5962859 (0.30)%
GbtC2hC1wN1_GqqC1wN1 : 88.8683018 (0.24)%
   GbtC2hC1wN1_GttN1 : 85.1029827 (0.23)%
GbtC2zC1wN1_GqqC1wN1 : 83.3475870 (0.22)%
GbtC1wN1_GbtC2hC1wN1 : 82.0753011 (0.22)%
GbtC2wN2hN1_GqqC1wN1 : 81.2860216 (0.22)%
   GbtC2zC1wN1_GttN1 : 79.8161786 (0.21)%
   GbtC2wN2hN1_GttN1 : 77.8419610 (0.21)%
GbtC1wN1_GbtC2zC1wN1 : 76.9765840 (0.20)%
GbtC1wN1_GbtC2wN2hN1 : 75.0726025 (0.20)%
   GqqC1wN1_GttN2hN1 : 74.5639932 (0.20)%
      GttN1_GttN2hN1 : 71.4047426 (0.19)%
   GbtC1wN1_GttN2hN1 : 68.8643989 (0.18)%
      GqqN1_GqqN2hN1 : 68.2348617 (0.18)%
GqqC1wN1_GttN4wC1wN1 : 61.0142730 (0.16)%
   GbbN2hN1_GqqN2hN1 : 59.7867765 (0.16)%
   GttN1_GttN4wC1wN1 : 58.4291194 (0.16)%
GbtC1wN1_GttN4wC1wN1 : 56.3504053 (0.15)%
   C2hC1wN1_N3wC1wN1 : 51.9791308 (0.14)%
   C2hC1wN1_N4wC1wN1 : 51.4414428 (0.14)%
   GqqN2hN1_GqqN2hN1 : 50.6389311 (0.13)%
   C2zC1wN1_N3wC1wN1 : 48.7500609 (0.13)%
   C2zC1wN1_N4wC1wN1 : 48.2457754 (0.13)%
   C2wN2hN1_N3wC1wN1 : 47.5442499 (0.13)%
   C2wN2hN1_N4wC1wN1 : 47.0524376 (0.13)%
GqqC1wN1_GttN3wC1wN1 : 44.5565124 (0.12)%
   N3wC1wN1_N4wC1wN1 : 43.7263725 (0.12)%
GbtC2hC1wN1_GqqN2hN1 : 43.1969905 (0.11)%
   GttN1_GttN3wC1wN1 : 42.6686685 (0.11)%
GbtC1wN1_GttN3wC1wN1 : 41.1506589 (0.11)%
GbtC2zC1wN1_GqqN2hN1 : 40.5134885 (0.11)%
      GbbN2hN1_GqqN1 : 40.2806926 (0.11)%
GbtC2wN2hN1_GqqN2hN1 : 39.5114054 (0.11)%
   GqqN2hN1_GttN2hN1 : 36.2439705 (0.10)%
------------------------------------------------------------
                                   SUM=94.43%

SHOWING PROCESSES TO GET 90.00% SUSY COVERAGE
---------------  Output inclusive processes  ---------------
The total xsec = 37609.53 [fb]
The total rate = 100.00%
               Modes : xsec/fb      (rate)
         C1wN1_N2hN1 : 20052.0837188 (53.32)%
         C1wN1_C1wN1 : 9777.6319395 (26.00)%
         C1wN1_N2zN1 : 581.7295577 (1.55)%
      GqqC1wN1_GttN1 : 410.4868092 (1.09)%
   GbtC1wN1_GqqC1wN1 : 395.8830513 (1.05)%
      GbtC1wN1_GttN1 : 379.1096236 (1.01)%
   GqqC1wN1_GqqC1wN1 : 214.3242487 (0.57)%
   GqqC1wN1_GqqN2hN1 : 208.3569136 (0.55)%
      GqqN2hN1_GttN1 : 199.5289034 (0.53)%
         GttN1_GttN1 : 196.5473127 (0.52)%
   GbtC1wN1_GqqN2hN1 : 192.4303274 (0.51)%
   GbtC1wN1_GbtC1wN1 : 182.8110809 (0.49)%
      GqqC1wN1_GqqN1 : 140.3782118 (0.37)%
         GqqN1_GttN1 : 134.4304356 (0.36)%
      GbtC1wN1_GqqN1 : 129.6478470 (0.34)%
   GbbN2hN1_GqqC1wN1 : 122.9981356 (0.33)%
      GbbN2hN1_GttN1 : 117.7867473 (0.31)%
   GbbN2hN1_GbtC1wN1 : 113.5962859 (0.30)%
GbtC2hC1wN1_GqqC1wN1 : 88.8683018 (0.24)%
   GbtC2hC1wN1_GttN1 : 85.1029827 (0.23)%
GbtC2zC1wN1_GqqC1wN1 : 83.3475870 (0.22)%
GbtC1wN1_GbtC2hC1wN1 : 82.0753011 (0.22)%
------------------------------------------------------------
                                   SUM=90.11%
