/Users/rafalmaselek/Projects/fastlim-1.0
 
#################################################################
#                                                               #
#                                                               #
#                     This is Fastlim  ver. 1.0                 #
#                                                               #
#          A fast LHC limit calculator for BSM models.          #
#                                                               #
#                  http://cern.ch/fastlim-1.0/                  #
#                                                               #
#  for bugs/feature requests: fastlim-1.0.developers@gmail.com  #
#                                                               #
#    please refer to:                                           #
#    M.Papucci, K.Sakurai, A.Weiler, L.Zeune arXiv:1402.xxxx    #
#                                                               #
#################################################################
 

!! Masses incompatible with the data for ERER !!

!! Problem with reading tables for ER ER !! Probably mass outside the table !! Setting xsec to 10^-20 !!

!! Masses incompatible with the data for ELEL !!

!! Problem with reading tables for EL EL !! Probably mass outside the table !! Setting xsec to 10^-20 !!

!! Masses incompatible with the data for TAU1TAU1 !!

!! Problem with reading tables for TAU1 TAU1 !! Probably mass outside the table !! Setting xsec to 10^-20 !!

!! Masses incompatible with the data for TAU2TAU2 !!

!! Problem with reading tables for TAU2 TAU2 !! Probably mass outside the table !! Setting xsec to 10^-20 !!
!! EWK PROCESS C1C2 NOT FOUND !! WILL TRY TO LOOK FOR +/- MODES !!
XSEC FOUND FOR: C1-C2+
XSEC FOUND FOR: C1+C2-
!! EWK PROCESS C1N1 NOT FOUND !! WILL TRY TO LOOK FOR +/- MODES !!
XSEC FOUND FOR: C1+N1
XSEC FOUND FOR: C1-N1
!! EWK PROCESS C1N2 NOT FOUND !! WILL TRY TO LOOK FOR +/- MODES !!
XSEC FOUND FOR: C1+N2
XSEC FOUND FOR: C1-N2
!! EWK PROCESS C1N3 NOT FOUND !! WILL TRY TO LOOK FOR +/- MODES !!
XSEC FOUND FOR: C1+N3
XSEC FOUND FOR: C1-N3
!! EWK PROCESS C1N4 NOT FOUND !! WILL TRY TO LOOK FOR +/- MODES !!
XSEC FOUND FOR: C1+N4
XSEC FOUND FOR: C1-N4
!! EWK PROCESS C2N1 NOT FOUND !! WILL TRY TO LOOK FOR +/- MODES !!
XSEC FOUND FOR: C2+N1
XSEC FOUND FOR: C2-N1
!! EWK PROCESS C2N2 NOT FOUND !! WILL TRY TO LOOK FOR +/- MODES !!
XSEC FOUND FOR: C2+N2
XSEC FOUND FOR: C2-N2
!! EWK PROCESS C2N3 NOT FOUND !! WILL TRY TO LOOK FOR +/- MODES !!
XSEC FOUND FOR: C2+N3
XSEC FOUND FOR: C2-N3
!! EWK PROCESS C2N4 NOT FOUND !! WILL TRY TO LOOK FOR +/- MODES !!
XSEC FOUND FOR: C2+N4
XSEC FOUND FOR: C2-N4
---------------  Output inclusive processes  ---------------
The total xsec = 157192.59 [fb]
The total rate = 100.00%
Output upto 0.10%
                          Modes : xsec/fb      (rate)
                    C1wN1_N2hN1 : 32982.6085939 (20.98)%
                    C1wN1_C1wN1 : 18411.3662591 (11.71)%
                    C1wN1_N2zN1 : 3933.2918445 (2.50)%
             GtT1bC1wN1_QqC1wN1 : 1621.9329263 (1.03)%
        GtT1bC1wN1_QqGtT1bC1wN1 : 1602.1642885 (1.02)%
       GtT1bC1wN1_GtT1tN3wC1wN1 : 1471.7236164 (0.94)%
          GtT1tN3wC1wN1_QqC1wN1 : 1199.0062353 (0.76)%
     GtT1bC1wN1_QqGtT1tN3wC1wN1 : 1184.3923634 (0.75)%
     GtT1tN3wC1wN1_QqGtT1bC1wN1 : 1184.3923634 (0.75)%
           QqC1wN1_QqGtT1bC1wN1 : 1111.6436519 (0.71)%
          GtT1bC1wN1_GtT1bC1wN1 : 995.4230936 (0.63)%
  GtT1tN3wC1wN1_QqGtT1tN3wC1wN1 : 875.5564460 (0.56)%
       GtT1bC1wN1_GtT1bC2hC1wN1 : 837.3375735 (0.53)%
        QqC1wN1_QqGtT1tN3wC1wN1 : 821.7773056 (0.52)%
       GtT1bC1wN1_GtT1bC2zC1wN1 : 816.8061230 (0.52)%
   QqGtT1bC1wN1_QqGtT1tN3wC1wN1 : 811.7612207 (0.52)%
          GtT1bC1wN1_GtT1tN2hN1 : 786.8810925 (0.50)%
       GtT1bC1wN1_GtT1bC2wN2hN1 : 750.6793866 (0.48)%
             GtT1bC1wN1_QqN2hN1 : 730.2341345 (0.46)%
          GtT1bC2hC1wN1_QqC1wN1 : 682.1749413 (0.43)%
     GtT1bC1wN1_QqGtT1bC2hC1wN1 : 673.8603747 (0.43)%
     GtT1bC2hC1wN1_QqGtT1bC1wN1 : 673.8603747 (0.43)%
          GtT1bC2zC1wN1_QqC1wN1 : 665.4480662 (0.42)%
     GtT1bC2zC1wN1_QqGtT1bC1wN1 : 657.3373721 (0.42)%
     GtT1bC1wN1_QqGtT1bC2zC1wN1 : 657.3373721 (0.42)%
             GtT1tN2hN1_QqC1wN1 : 641.0682861 (0.41)%
        GtT1tN2hN1_QqGtT1bC1wN1 : 633.2547406 (0.40)%
        GtT1bC1wN1_QqGtT1tN2hN1 : 633.2547406 (0.40)%
    GtT1bC2hC1wN1_GtT1tN3wC1wN1 : 618.9978361 (0.39)%
          GtT1bC2wN2hN1_QqC1wN1 : 611.5749283 (0.39)%
     GtT1bC1wN1_QqGtT1bC2wN2hN1 : 604.1208573 (0.38)%
     GtT1bC2wN2hN1_QqGtT1bC1wN1 : 604.1208573 (0.38)%
    GtT1bC2zC1wN1_GtT1tN3wC1wN1 : 603.8200585 (0.38)%
       GtT1bC1wN1_GtT1tN3zN2hN1 : 596.7790067 (0.38)%
       GtT1tN2hN1_GtT1tN3wC1wN1 : 581.6981215 (0.37)%
                QqC1wN1_QqC1wN1 : 562.6799493 (0.36)%
    GtT1bC2wN2hN1_GtT1tN3wC1wN1 : 554.9361817 (0.35)%
      QqGtT1bC1wN1_QqGtT1bC1wN1 : 549.0472916 (0.35)%
    GtT1tN3wC1wN1_GtT1tN3wC1wN1 : 543.9823571 (0.35)%
          GtT1tN3wC1wN1_QqN2hN1 : 539.8221260 (0.34)%
                QqC1wN1_QqN2hN1 : 506.6647321 (0.32)%
           QqGtT1bC1wN1_QqN2hN1 : 500.4893401 (0.32)%
  GtT1bC2hC1wN1_QqGtT1tN3wC1wN1 : 498.1480910 (0.32)%
  GtT1tN3wC1wN1_QqGtT1bC2hC1wN1 : 498.1480910 (0.32)%
          GtT1tN3zN2hN1_QqC1wN1 : 486.1930203 (0.31)%
  GtT1bC2zC1wN1_QqGtT1tN3wC1wN1 : 485.9335396 (0.31)%
  GtT1tN3wC1wN1_QqGtT1bC2zC1wN1 : 485.9335396 (0.31)%
     GtT1bC1wN1_QqGtT1tN3zN2hN1 : 480.2671441 (0.31)%
     GtT1tN3zN2hN1_QqGtT1bC1wN1 : 480.2671441 (0.31)%
     GtT1tN2hN1_QqGtT1tN3wC1wN1 : 468.1305682 (0.30)%
     GtT1tN3wC1wN1_QqGtT1tN2hN1 : 468.1305682 (0.30)%
        QqC1wN1_QqGtT1bC2hC1wN1 : 467.5504336 (0.30)%
   QqGtT1bC1wN1_QqGtT1bC2hC1wN1 : 461.8517792 (0.29)%
        QqC1wN1_QqGtT1bC2zC1wN1 : 456.0861343 (0.29)%
   QqGtT1bC1wN1_QqGtT1bC2zC1wN1 : 450.5272105 (0.29)%
  GtT1bC2wN2hN1_QqGtT1tN3wC1wN1 : 446.5934830 (0.28)%
  GtT1tN3wC1wN1_QqGtT1bC2wN2hN1 : 446.5934830 (0.28)%
    GtT1tN3wC1wN1_GtT1tN3zN2hN1 : 441.1660547 (0.28)%
           QqC1wN1_QqGtT1tN2hN1 : 439.3766716 (0.28)%
      QqGtT1bC1wN1_QqGtT1tN2hN1 : 434.0214080 (0.28)%
       GtT1bC1wN1_GtT1tN4wC1wN1 : 434.0111109 (0.28)%
        QqC1wN1_QqGtT1bC2wN2hN1 : 419.1624547 (0.27)%
   QqGtT1bC1wN1_QqGtT1bC2wN2hN1 : 414.0535685 (0.26)%
        QqGtT1tN3wC1wN1_QqN2hN1 : 369.9843747 (0.24)%
  GtT1tN3zN2hN1_QqGtT1tN3wC1wN1 : 355.0352120 (0.23)%
  GtT1tN3wC1wN1_QqGtT1tN3zN2hN1 : 355.0352120 (0.23)%
          GtT1tN4wC1wN1_QqC1wN1 : 353.5867892 (0.22)%
     GtT1bC1wN1_QqGtT1tN4wC1wN1 : 349.2771602 (0.22)%
     GtT1tN4wC1wN1_QqGtT1bC1wN1 : 349.2771602 (0.22)%
    GtT1bC2hC1wN1_GtT1bC2zC1wN1 : 343.5435954 (0.22)%
QqGtT1bC2hC1wN1_QqGtT1tN3wC1wN1 : 341.4217407 (0.22)%
             GtT1bC1wN1_GtT1tN1 : 335.0021901 (0.21)%
        QqC1wN1_QqGtT1tN3zN2hN1 : 333.2279503 (0.21)%
QqGtT1bC2zC1wN1_QqGtT1tN3wC1wN1 : 333.0501069 (0.21)%
       GtT1bC2hC1wN1_GtT1tN2hN1 : 330.9573130 (0.21)%
          GtT1bC1wN1_GtT1bC2wN1 : 330.1509587 (0.21)%
   QqGtT1bC1wN1_QqGtT1tN3zN2hN1 : 329.1664614 (0.21)%
       GtT1bC2zC1wN1_GtT1tN2hN1 : 322.8422661 (0.21)%
   QqGtT1tN2hN1_QqGtT1tN3wC1wN1 : 320.8482706 (0.20)%
    GtT1tN3wC1wN1_GtT1tN4wC1wN1 : 320.8406585 (0.20)%
    GtT1bC2hC1wN1_GtT1bC2wN2hN1 : 315.7310997 (0.20)%
    GtT1bC2wN2hN1_GtT1bC2zC1wN1 : 307.9893983 (0.20)%
          GtT1bC2hC1wN1_QqN2hN1 : 307.1319533 (0.20)%
QqGtT1bC2wN2hN1_QqGtT1tN3wC1wN1 : 306.0871398 (0.19)%
QqGtT1tN3wC1wN1_QqGtT1tN3wC1wN1 : 300.0453192 (0.19)%
          GtT1bC2zC1wN1_QqN2hN1 : 299.6011024 (0.19)%
       GtT1bC2wN2hN1_GtT1tN2hN1 : 296.7057022 (0.19)%
             GtT1tN2hN1_QqN2hN1 : 288.6247251 (0.18)%
  GtT1bC2hC1wN1_QqGtT1bC2hC1wN1 : 283.4214992 (0.18)%
          GtT1bC1wN1_GtT1tN3zN1 : 277.1699557 (0.18)%
  GtT1bC2zC1wN1_QqGtT1bC2hC1wN1 : 276.4720267 (0.18)%
  GtT1bC2hC1wN1_QqGtT1bC2zC1wN1 : 276.4720267 (0.18)%
          GtT1bC2wN2hN1_QqN2hN1 : 275.3460894 (0.18)%
                GtT1tN1_QqC1wN1 : 272.9246920 (0.17)%
  GtT1bC2zC1wN1_QqGtT1bC2zC1wN1 : 269.6929546 (0.17)%
           GtT1tN1_QqGtT1bC1wN1 : 269.5981985 (0.17)%
           GtT1bC1wN1_QqGtT1tN1 : 269.5981985 (0.17)%
             GtT1bC2wN1_QqC1wN1 : 268.9724169 (0.17)%
     GtT1tN2hN1_QqGtT1bC2hC1wN1 : 266.3430210 (0.17)%
     GtT1bC2hC1wN1_QqGtT1tN2hN1 : 266.3430210 (0.17)%
        GtT1bC2wN1_QqGtT1bC1wN1 : 265.6940950 (0.17)%
        GtT1bC1wN1_QqGtT1bC2wN1 : 265.6940950 (0.17)%
     GtT1tN2hN1_QqGtT1bC2zC1wN1 : 259.8123114 (0.17)%
     GtT1bC2zC1wN1_QqGtT1tN2hN1 : 259.8123114 (0.17)%
  GtT1tN4wC1wN1_QqGtT1tN3wC1wN1 : 258.2014867 (0.16)%
  GtT1tN3wC1wN1_QqGtT1tN4wC1wN1 : 258.2014867 (0.16)%
  GtT1bC2wN2hN1_QqGtT1bC2hC1wN1 : 254.0894902 (0.16)%
  GtT1bC2hC1wN1_QqGtT1bC2wN2hN1 : 254.0894902 (0.16)%
              C2hC1wN1_N4wC1wN1 : 253.9134571 (0.16)%
              C2hC1wN1_N3wC1wN1 : 253.3162825 (0.16)%
    GtT1bC2hC1wN1_GtT1tN3zN2hN1 : 251.0015533 (0.16)%
        GtT1tN2hN1_QqGtT1tN2hN1 : 250.2936617 (0.16)%
  GtT1bC2zC1wN1_QqGtT1bC2wN2hN1 : 247.8592362 (0.16)%
  GtT1bC2wN2hN1_QqGtT1bC2zC1wN1 : 247.8592362 (0.16)%
              C2zC1wN1_N4wC1wN1 : 247.6875194 (0.16)%
          GtT1tN1_GtT1tN3wC1wN1 : 247.6487826 (0.16)%
              C2zC1wN1_N3wC1wN1 : 247.1049875 (0.16)%
    GtT1bC2zC1wN1_GtT1tN3zN2hN1 : 244.8470152 (0.16)%
       GtT1bC2wN1_GtT1tN3wC1wN1 : 244.0625329 (0.16)%
QqGtT1tN3wC1wN1_QqGtT1tN3zN2hN1 : 243.3347478 (0.15)%
        QqC1wN1_QqGtT1tN4wC1wN1 : 242.3420249 (0.15)%
   QqGtT1bC1wN1_QqGtT1tN4wC1wN1 : 239.3882827 (0.15)%
     GtT1tN2hN1_QqGtT1bC2wN2hN1 : 238.7785070 (0.15)%
     GtT1bC2wN2hN1_QqGtT1tN2hN1 : 238.7785070 (0.15)%
       GtT1tN2hN1_GtT1tN3zN2hN1 : 235.8766437 (0.15)%
              N3wC1wN1_N4wC1wN1 : 232.4360123 (0.15)%
  GtT1bC2wN2hN1_QqGtT1bC2wN2hN1 : 227.7931251 (0.14)%
              C2wN2hN1_N4wC1wN1 : 227.6353101 (0.14)%
              C2wN2hN1_N3wC1wN1 : 227.0999387 (0.14)%
             GtT1tN3zN1_QqC1wN1 : 225.8090455 (0.14)%
    GtT1bC2wN2hN1_GtT1tN3zN2hN1 : 225.0247666 (0.14)%
        GtT1bC1wN1_QqGtT1tN3zN1 : 223.0568126 (0.14)%
        GtT1tN3zN1_QqGtT1bC1wN1 : 223.0568126 (0.14)%
          GtT1tN3zN2hN1_QqN2hN1 : 218.8960675 (0.14)%
        QqGtT1bC2hC1wN1_QqN2hN1 : 210.5027160 (0.13)%
        QqGtT1bC2zC1wN1_QqN2hN1 : 205.3412062 (0.13)%
       GtT1tN3wC1wN1_GtT1tN3zN1 : 204.8965772 (0.13)%
                    N2hN1_N2hN1 : 202.3108642 (0.13)%
  GtT1tN3zN2hN1_QqGtT1bC2hC1wN1 : 201.9973857 (0.13)%
  GtT1bC2hC1wN1_QqGtT1tN3zN2hN1 : 201.9973857 (0.13)%
        GtT1tN1_QqGtT1tN3wC1wN1 : 199.2991916 (0.13)%
        GtT1tN3wC1wN1_QqGtT1tN1 : 199.2991916 (0.13)%
           QqGtT1tN2hN1_QqN2hN1 : 197.8181947 (0.13)%
  GtT1tN3zN2hN1_QqGtT1bC2zC1wN1 : 197.0444259 (0.13)%
  GtT1bC2zC1wN1_QqGtT1tN3zN2hN1 : 197.0444259 (0.13)%
     GtT1bC2wN1_QqGtT1tN3wC1wN1 : 196.4131015 (0.12)%
     GtT1tN3wC1wN1_QqGtT1bC2wN1 : 196.4131015 (0.12)%
                          N1_N1 : 193.2361662 (0.12)%
           T1bC1wN1_T1tN3wC1wN1 : 191.0260701 (0.12)%
     GtT1tN2hN1_QqGtT1tN3zN2hN1 : 189.8253805 (0.12)%
     GtT1tN3zN2hN1_QqGtT1tN2hN1 : 189.8253805 (0.12)%
QqGtT1bC2hC1wN1_QqGtT1bC2zC1wN1 : 189.4889538 (0.12)%
        QqGtT1bC2wN2hN1_QqN2hN1 : 188.7172566 (0.12)%
              QqC1wN1_QqGtT1tN1 : 187.0576744 (0.12)%
         QqGtT1bC1wN1_QqGtT1tN1 : 184.7777556 (0.12)%
           QqC1wN1_QqGtT1bC2wN1 : 184.3488562 (0.12)%
       GtT1bC1wN1_GtT1tN4hN2hN1 : 183.8303896 (0.12)%
   QqGtT1bC2hC1wN1_QqGtT1tN2hN1 : 182.5467155 (0.12)%
    GtT1bC2hC1wN1_GtT1tN4wC1wN1 : 182.5423847 (0.12)%
      QqGtT1bC1wN1_QqGtT1bC2wN1 : 182.1019533 (0.12)%
  GtT1tN3zN2hN1_QqGtT1bC2wN2hN1 : 181.0921644 (0.12)%
  GtT1bC2wN2hN1_QqGtT1tN3zN2hN1 : 181.0921644 (0.12)%
   QqGtT1bC2zC1wN1_QqGtT1tN2hN1 : 178.0706847 (0.11)%
    GtT1bC2zC1wN1_GtT1tN4wC1wN1 : 178.0664600 (0.11)%
QqGtT1tN3wC1wN1_QqGtT1tN4wC1wN1 : 176.9666544 (0.11)%
    GtT1bC2hC1wN1_GtT1bC2hC1wN1 : 176.0894981 (0.11)%
QqGtT1bC2hC1wN1_QqGtT1bC2wN2hN1 : 174.1483659 (0.11)%
       GtT1tN2hN1_GtT1tN4wC1wN1 : 171.5427035 (0.11)%
QqGtT1bC2wN2hN1_QqGtT1bC2zC1wN1 : 169.8782619 (0.11)%
    GtT1bC2zC1wN1_GtT1bC2zC1wN1 : 167.5599669 (0.11)%
     GtT1tN3zN1_QqGtT1tN3wC1wN1 : 164.8936924 (0.10)%
     GtT1tN3wC1wN1_QqGtT1tN3zN1 : 164.8936924 (0.10)%
   QqGtT1bC2wN2hN1_QqGtT1tN2hN1 : 163.6544935 (0.10)%
    GtT1bC2wN2hN1_GtT1tN4wC1wN1 : 163.6506108 (0.10)%
          GtT1tN4wC1wN1_QqN2hN1 : 159.1934776 (0.10)%
          GtT1tN2hN1_GtT1tN2hN1 : 155.5072054 (0.10)%
------------------------------------------------------------
                                              SUM=78.38%

SHOWING PROCESSES TO GET 90.00% SUSY COVERAGE
---------------  Output inclusive processes  ---------------
The total xsec = 157192.59 [fb]
The total rate = 100.00%
                          Modes : xsec/fb      (rate)
                    C1wN1_N2hN1 : 32982.6085939 (20.98)%
                    C1wN1_C1wN1 : 18411.3662591 (11.71)%
                    C1wN1_N2zN1 : 3933.2918445 (2.50)%
             GtT1bC1wN1_QqC1wN1 : 1621.9329263 (1.03)%
        GtT1bC1wN1_QqGtT1bC1wN1 : 1602.1642885 (1.02)%
       GtT1bC1wN1_GtT1tN3wC1wN1 : 1471.7236164 (0.94)%
          GtT1tN3wC1wN1_QqC1wN1 : 1199.0062353 (0.76)%
     GtT1bC1wN1_QqGtT1tN3wC1wN1 : 1184.3923634 (0.75)%
     GtT1tN3wC1wN1_QqGtT1bC1wN1 : 1184.3923634 (0.75)%
           QqC1wN1_QqGtT1bC1wN1 : 1111.6436519 (0.71)%
          GtT1bC1wN1_GtT1bC1wN1 : 995.4230936 (0.63)%
  GtT1tN3wC1wN1_QqGtT1tN3wC1wN1 : 875.5564460 (0.56)%
       GtT1bC1wN1_GtT1bC2hC1wN1 : 837.3375735 (0.53)%
        QqC1wN1_QqGtT1tN3wC1wN1 : 821.7773056 (0.52)%
       GtT1bC1wN1_GtT1bC2zC1wN1 : 816.8061230 (0.52)%
   QqGtT1bC1wN1_QqGtT1tN3wC1wN1 : 811.7612207 (0.52)%
          GtT1bC1wN1_GtT1tN2hN1 : 786.8810925 (0.50)%
       GtT1bC1wN1_GtT1bC2wN2hN1 : 750.6793866 (0.48)%
             GtT1bC1wN1_QqN2hN1 : 730.2341345 (0.46)%
          GtT1bC2hC1wN1_QqC1wN1 : 682.1749413 (0.43)%
     GtT1bC1wN1_QqGtT1bC2hC1wN1 : 673.8603747 (0.43)%
     GtT1bC2hC1wN1_QqGtT1bC1wN1 : 673.8603747 (0.43)%
          GtT1bC2zC1wN1_QqC1wN1 : 665.4480662 (0.42)%
     GtT1bC2zC1wN1_QqGtT1bC1wN1 : 657.3373721 (0.42)%
     GtT1bC1wN1_QqGtT1bC2zC1wN1 : 657.3373721 (0.42)%
             GtT1tN2hN1_QqC1wN1 : 641.0682861 (0.41)%
        GtT1tN2hN1_QqGtT1bC1wN1 : 633.2547406 (0.40)%
        GtT1bC1wN1_QqGtT1tN2hN1 : 633.2547406 (0.40)%
    GtT1bC2hC1wN1_GtT1tN3wC1wN1 : 618.9978361 (0.39)%
          GtT1bC2wN2hN1_QqC1wN1 : 611.5749283 (0.39)%
     GtT1bC1wN1_QqGtT1bC2wN2hN1 : 604.1208573 (0.38)%
     GtT1bC2wN2hN1_QqGtT1bC1wN1 : 604.1208573 (0.38)%
    GtT1bC2zC1wN1_GtT1tN3wC1wN1 : 603.8200585 (0.38)%
       GtT1bC1wN1_GtT1tN3zN2hN1 : 596.7790067 (0.38)%
       GtT1tN2hN1_GtT1tN3wC1wN1 : 581.6981215 (0.37)%
                QqC1wN1_QqC1wN1 : 562.6799493 (0.36)%
    GtT1bC2wN2hN1_GtT1tN3wC1wN1 : 554.9361817 (0.35)%
      QqGtT1bC1wN1_QqGtT1bC1wN1 : 549.0472916 (0.35)%
    GtT1tN3wC1wN1_GtT1tN3wC1wN1 : 543.9823571 (0.35)%
          GtT1tN3wC1wN1_QqN2hN1 : 539.8221260 (0.34)%
                QqC1wN1_QqN2hN1 : 506.6647321 (0.32)%
           QqGtT1bC1wN1_QqN2hN1 : 500.4893401 (0.32)%
  GtT1bC2hC1wN1_QqGtT1tN3wC1wN1 : 498.1480910 (0.32)%
  GtT1tN3wC1wN1_QqGtT1bC2hC1wN1 : 498.1480910 (0.32)%
          GtT1tN3zN2hN1_QqC1wN1 : 486.1930203 (0.31)%
  GtT1bC2zC1wN1_QqGtT1tN3wC1wN1 : 485.9335396 (0.31)%
  GtT1tN3wC1wN1_QqGtT1bC2zC1wN1 : 485.9335396 (0.31)%
     GtT1bC1wN1_QqGtT1tN3zN2hN1 : 480.2671441 (0.31)%
     GtT1tN3zN2hN1_QqGtT1bC1wN1 : 480.2671441 (0.31)%
     GtT1tN2hN1_QqGtT1tN3wC1wN1 : 468.1305682 (0.30)%
     GtT1tN3wC1wN1_QqGtT1tN2hN1 : 468.1305682 (0.30)%
        QqC1wN1_QqGtT1bC2hC1wN1 : 467.5504336 (0.30)%
   QqGtT1bC1wN1_QqGtT1bC2hC1wN1 : 461.8517792 (0.29)%
        QqC1wN1_QqGtT1bC2zC1wN1 : 456.0861343 (0.29)%
   QqGtT1bC1wN1_QqGtT1bC2zC1wN1 : 450.5272105 (0.29)%
  GtT1bC2wN2hN1_QqGtT1tN3wC1wN1 : 446.5934830 (0.28)%
  GtT1tN3wC1wN1_QqGtT1bC2wN2hN1 : 446.5934830 (0.28)%
    GtT1tN3wC1wN1_GtT1tN3zN2hN1 : 441.1660547 (0.28)%
           QqC1wN1_QqGtT1tN2hN1 : 439.3766716 (0.28)%
      QqGtT1bC1wN1_QqGtT1tN2hN1 : 434.0214080 (0.28)%
       GtT1bC1wN1_GtT1tN4wC1wN1 : 434.0111109 (0.28)%
        QqC1wN1_QqGtT1bC2wN2hN1 : 419.1624547 (0.27)%
   QqGtT1bC1wN1_QqGtT1bC2wN2hN1 : 414.0535685 (0.26)%
        QqGtT1tN3wC1wN1_QqN2hN1 : 369.9843747 (0.24)%
  GtT1tN3zN2hN1_QqGtT1tN3wC1wN1 : 355.0352120 (0.23)%
  GtT1tN3wC1wN1_QqGtT1tN3zN2hN1 : 355.0352120 (0.23)%
          GtT1tN4wC1wN1_QqC1wN1 : 353.5867892 (0.22)%
     GtT1bC1wN1_QqGtT1tN4wC1wN1 : 349.2771602 (0.22)%
     GtT1tN4wC1wN1_QqGtT1bC1wN1 : 349.2771602 (0.22)%
    GtT1bC2hC1wN1_GtT1bC2zC1wN1 : 343.5435954 (0.22)%
QqGtT1bC2hC1wN1_QqGtT1tN3wC1wN1 : 341.4217407 (0.22)%
             GtT1bC1wN1_GtT1tN1 : 335.0021901 (0.21)%
        QqC1wN1_QqGtT1tN3zN2hN1 : 333.2279503 (0.21)%
QqGtT1bC2zC1wN1_QqGtT1tN3wC1wN1 : 333.0501069 (0.21)%
       GtT1bC2hC1wN1_GtT1tN2hN1 : 330.9573130 (0.21)%
          GtT1bC1wN1_GtT1bC2wN1 : 330.1509587 (0.21)%
   QqGtT1bC1wN1_QqGtT1tN3zN2hN1 : 329.1664614 (0.21)%
       GtT1bC2zC1wN1_GtT1tN2hN1 : 322.8422661 (0.21)%
   QqGtT1tN2hN1_QqGtT1tN3wC1wN1 : 320.8482706 (0.20)%
    GtT1tN3wC1wN1_GtT1tN4wC1wN1 : 320.8406585 (0.20)%
    GtT1bC2hC1wN1_GtT1bC2wN2hN1 : 315.7310997 (0.20)%
    GtT1bC2wN2hN1_GtT1bC2zC1wN1 : 307.9893983 (0.20)%
          GtT1bC2hC1wN1_QqN2hN1 : 307.1319533 (0.20)%
QqGtT1bC2wN2hN1_QqGtT1tN3wC1wN1 : 306.0871398 (0.19)%
QqGtT1tN3wC1wN1_QqGtT1tN3wC1wN1 : 300.0453192 (0.19)%
          GtT1bC2zC1wN1_QqN2hN1 : 299.6011024 (0.19)%
       GtT1bC2wN2hN1_GtT1tN2hN1 : 296.7057022 (0.19)%
             GtT1tN2hN1_QqN2hN1 : 288.6247251 (0.18)%
  GtT1bC2hC1wN1_QqGtT1bC2hC1wN1 : 283.4214992 (0.18)%
          GtT1bC1wN1_GtT1tN3zN1 : 277.1699557 (0.18)%
  GtT1bC2zC1wN1_QqGtT1bC2hC1wN1 : 276.4720267 (0.18)%
  GtT1bC2hC1wN1_QqGtT1bC2zC1wN1 : 276.4720267 (0.18)%
          GtT1bC2wN2hN1_QqN2hN1 : 275.3460894 (0.18)%
                GtT1tN1_QqC1wN1 : 272.9246920 (0.17)%
  GtT1bC2zC1wN1_QqGtT1bC2zC1wN1 : 269.6929546 (0.17)%
           GtT1tN1_QqGtT1bC1wN1 : 269.5981985 (0.17)%
           GtT1bC1wN1_QqGtT1tN1 : 269.5981985 (0.17)%
             GtT1bC2wN1_QqC1wN1 : 268.9724169 (0.17)%
     GtT1tN2hN1_QqGtT1bC2hC1wN1 : 266.3430210 (0.17)%
     GtT1bC2hC1wN1_QqGtT1tN2hN1 : 266.3430210 (0.17)%
        GtT1bC2wN1_QqGtT1bC1wN1 : 265.6940950 (0.17)%
        GtT1bC1wN1_QqGtT1bC2wN1 : 265.6940950 (0.17)%
     GtT1tN2hN1_QqGtT1bC2zC1wN1 : 259.8123114 (0.17)%
     GtT1bC2zC1wN1_QqGtT1tN2hN1 : 259.8123114 (0.17)%
  GtT1tN4wC1wN1_QqGtT1tN3wC1wN1 : 258.2014867 (0.16)%
  GtT1tN3wC1wN1_QqGtT1tN4wC1wN1 : 258.2014867 (0.16)%
  GtT1bC2wN2hN1_QqGtT1bC2hC1wN1 : 254.0894902 (0.16)%
  GtT1bC2hC1wN1_QqGtT1bC2wN2hN1 : 254.0894902 (0.16)%
              C2hC1wN1_N4wC1wN1 : 253.9134571 (0.16)%
              C2hC1wN1_N3wC1wN1 : 253.3162825 (0.16)%
    GtT1bC2hC1wN1_GtT1tN3zN2hN1 : 251.0015533 (0.16)%
        GtT1tN2hN1_QqGtT1tN2hN1 : 250.2936617 (0.16)%
  GtT1bC2zC1wN1_QqGtT1bC2wN2hN1 : 247.8592362 (0.16)%
  GtT1bC2wN2hN1_QqGtT1bC2zC1wN1 : 247.8592362 (0.16)%
              C2zC1wN1_N4wC1wN1 : 247.6875194 (0.16)%
          GtT1tN1_GtT1tN3wC1wN1 : 247.6487826 (0.16)%
              C2zC1wN1_N3wC1wN1 : 247.1049875 (0.16)%
    GtT1bC2zC1wN1_GtT1tN3zN2hN1 : 244.8470152 (0.16)%
       GtT1bC2wN1_GtT1tN3wC1wN1 : 244.0625329 (0.16)%
QqGtT1tN3wC1wN1_QqGtT1tN3zN2hN1 : 243.3347478 (0.15)%
        QqC1wN1_QqGtT1tN4wC1wN1 : 242.3420249 (0.15)%
   QqGtT1bC1wN1_QqGtT1tN4wC1wN1 : 239.3882827 (0.15)%
     GtT1tN2hN1_QqGtT1bC2wN2hN1 : 238.7785070 (0.15)%
     GtT1bC2wN2hN1_QqGtT1tN2hN1 : 238.7785070 (0.15)%
       GtT1tN2hN1_GtT1tN3zN2hN1 : 235.8766437 (0.15)%
              N3wC1wN1_N4wC1wN1 : 232.4360123 (0.15)%
  GtT1bC2wN2hN1_QqGtT1bC2wN2hN1 : 227.7931251 (0.14)%
              C2wN2hN1_N4wC1wN1 : 227.6353101 (0.14)%
              C2wN2hN1_N3wC1wN1 : 227.0999387 (0.14)%
             GtT1tN3zN1_QqC1wN1 : 225.8090455 (0.14)%
    GtT1bC2wN2hN1_GtT1tN3zN2hN1 : 225.0247666 (0.14)%
        GtT1bC1wN1_QqGtT1tN3zN1 : 223.0568126 (0.14)%
        GtT1tN3zN1_QqGtT1bC1wN1 : 223.0568126 (0.14)%
          GtT1tN3zN2hN1_QqN2hN1 : 218.8960675 (0.14)%
        QqGtT1bC2hC1wN1_QqN2hN1 : 210.5027160 (0.13)%
        QqGtT1bC2zC1wN1_QqN2hN1 : 205.3412062 (0.13)%
       GtT1tN3wC1wN1_GtT1tN3zN1 : 204.8965772 (0.13)%
                    N2hN1_N2hN1 : 202.3108642 (0.13)%
  GtT1tN3zN2hN1_QqGtT1bC2hC1wN1 : 201.9973857 (0.13)%
  GtT1bC2hC1wN1_QqGtT1tN3zN2hN1 : 201.9973857 (0.13)%
        GtT1tN1_QqGtT1tN3wC1wN1 : 199.2991916 (0.13)%
        GtT1tN3wC1wN1_QqGtT1tN1 : 199.2991916 (0.13)%
           QqGtT1tN2hN1_QqN2hN1 : 197.8181947 (0.13)%
  GtT1tN3zN2hN1_QqGtT1bC2zC1wN1 : 197.0444259 (0.13)%
  GtT1bC2zC1wN1_QqGtT1tN3zN2hN1 : 197.0444259 (0.13)%
     GtT1bC2wN1_QqGtT1tN3wC1wN1 : 196.4131015 (0.12)%
     GtT1tN3wC1wN1_QqGtT1bC2wN1 : 196.4131015 (0.12)%
                          N1_N1 : 193.2361662 (0.12)%
           T1bC1wN1_T1tN3wC1wN1 : 191.0260701 (0.12)%
     GtT1tN2hN1_QqGtT1tN3zN2hN1 : 189.8253805 (0.12)%
     GtT1tN3zN2hN1_QqGtT1tN2hN1 : 189.8253805 (0.12)%
QqGtT1bC2hC1wN1_QqGtT1bC2zC1wN1 : 189.4889538 (0.12)%
        QqGtT1bC2wN2hN1_QqN2hN1 : 188.7172566 (0.12)%
              QqC1wN1_QqGtT1tN1 : 187.0576744 (0.12)%
         QqGtT1bC1wN1_QqGtT1tN1 : 184.7777556 (0.12)%
           QqC1wN1_QqGtT1bC2wN1 : 184.3488562 (0.12)%
       GtT1bC1wN1_GtT1tN4hN2hN1 : 183.8303896 (0.12)%
   QqGtT1bC2hC1wN1_QqGtT1tN2hN1 : 182.5467155 (0.12)%
    GtT1bC2hC1wN1_GtT1tN4wC1wN1 : 182.5423847 (0.12)%
      QqGtT1bC1wN1_QqGtT1bC2wN1 : 182.1019533 (0.12)%
  GtT1tN3zN2hN1_QqGtT1bC2wN2hN1 : 181.0921644 (0.12)%
  GtT1bC2wN2hN1_QqGtT1tN3zN2hN1 : 181.0921644 (0.12)%
   QqGtT1bC2zC1wN1_QqGtT1tN2hN1 : 178.0706847 (0.11)%
    GtT1bC2zC1wN1_GtT1tN4wC1wN1 : 178.0664600 (0.11)%
QqGtT1tN3wC1wN1_QqGtT1tN4wC1wN1 : 176.9666544 (0.11)%
    GtT1bC2hC1wN1_GtT1bC2hC1wN1 : 176.0894981 (0.11)%
QqGtT1bC2hC1wN1_QqGtT1bC2wN2hN1 : 174.1483659 (0.11)%
       GtT1tN2hN1_GtT1tN4wC1wN1 : 171.5427035 (0.11)%
QqGtT1bC2wN2hN1_QqGtT1bC2zC1wN1 : 169.8782619 (0.11)%
    GtT1bC2zC1wN1_GtT1bC2zC1wN1 : 167.5599669 (0.11)%
     GtT1tN3zN1_QqGtT1tN3wC1wN1 : 164.8936924 (0.10)%
     GtT1tN3wC1wN1_QqGtT1tN3zN1 : 164.8936924 (0.10)%
   QqGtT1bC2wN2hN1_QqGtT1tN2hN1 : 163.6544935 (0.10)%
    GtT1bC2wN2hN1_GtT1tN4wC1wN1 : 163.6506108 (0.10)%
          GtT1tN4wC1wN1_QqN2hN1 : 159.1934776 (0.10)%
          GtT1tN2hN1_GtT1tN2hN1 : 155.5072054 (0.10)%
           QqC1wN1_QqGtT1tN3zN1 : 154.7654579 (0.10)%
      QqGtT1bC1wN1_QqGtT1tN3zN1 : 152.8791269 (0.10)%
        QqGtT1tN3zN2hN1_QqN2hN1 : 150.0274271 (0.10)%
          GtT1tN4hN2hN1_QqC1wN1 : 149.7657447 (0.10)%
     GtT1bC1wN1_QqGtT1tN4hN2hN1 : 147.9403519 (0.09)%
     GtT1tN4hN2hN1_QqGtT1bC1wN1 : 147.9403519 (0.09)%
  GtT1tN4wC1wN1_QqGtT1bC2hC1wN1 : 146.9038099 (0.09)%
  GtT1bC2hC1wN1_QqGtT1tN4wC1wN1 : 146.9038099 (0.09)%
  GtT1tN3zN2hN1_QqGtT1tN3zN2hN1 : 143.9655916 (0.09)%
  GtT1bC2zC1wN1_QqGtT1tN4wC1wN1 : 143.3017402 (0.09)%
  GtT1tN4wC1wN1_QqGtT1bC2zC1wN1 : 143.3017402 (0.09)%
    GtT1bC2wN2hN1_GtT1bC2wN2hN1 : 141.5276441 (0.09)%
          GtT1bC2hC1wN1_GtT1tN1 : 140.8998459 (0.09)%
              C2hC1wN1_C2zC1wN1 : 139.3867279 (0.09)%
       GtT1bC2hC1wN1_GtT1bC2wN1 : 138.8594480 (0.09)%
QqGtT1bC2hC1wN1_QqGtT1tN3zN2hN1 : 138.4453745 (0.09)%
     GtT1tN2hN1_QqGtT1tN4wC1wN1 : 138.0516462 (0.09)%
     GtT1tN4wC1wN1_QqGtT1tN2hN1 : 138.0516462 (0.09)%
          GtT1bC2zC1wN1_GtT1tN1 : 137.4449929 (0.09)%
      QqGtT1tN1_QqGtT1tN3wC1wN1 : 136.5960808 (0.09)%
    GtT1tN3wC1wN1_GtT1tN4hN2hN1 : 135.8957450 (0.09)%
       GtT1bC2wN1_GtT1bC2zC1wN1 : 135.4546255 (0.09)%
QqGtT1bC2zC1wN1_QqGtT1tN3zN2hN1 : 135.0507050 (0.09)%
   QqGtT1bC2wN1_QqGtT1tN3wC1wN1 : 134.6180067 (0.09)%
             GtT1tN1_GtT1tN2hN1 : 132.4094704 (0.08)%
  GtT1tN4wC1wN1_QqGtT1bC2wN2hN1 : 131.7003624 (0.08)%
  GtT1bC2wN2hN1_QqGtT1tN4wC1wN1 : 131.7003624 (0.08)%
          GtT1bC2wN1_GtT1tN2hN1 : 130.4920233 (0.08)%
   QqGtT1tN2hN1_QqGtT1tN3zN2hN1 : 130.1029012 (0.08)%
    GtT1tN3zN2hN1_GtT1tN4wC1wN1 : 130.0998145 (0.08)%
              T1bC1wN1_T1bC1wN1 : 129.2034452 (0.08)%
              C2hC1wN1_C2wN2hN1 : 128.1023005 (0.08)%
          GtT1bC2wN2hN1_GtT1tN1 : 126.3177638 (0.08)%
              C2wN2hN1_C2zC1wN1 : 124.9612423 (0.08)%
       GtT1bC2wN1_GtT1bC2wN2hN1 : 124.4885320 (0.08)%
QqGtT1bC2wN2hN1_QqGtT1tN3zN2hN1 : 124.1173120 (0.08)%
                GtT1tN1_QqN2hN1 : 122.8774156 (0.08)%
             GtT1bC2wN1_QqN2hN1 : 121.0980040 (0.08)%
       GtT1bC2hC1wN1_GtT1tN3zN1 : 116.5759664 (0.07)%
                QqN2hN1_QqN2hN1 : 114.0564681 (0.07)%
       GtT1bC2zC1wN1_GtT1tN3zN1 : 113.7175330 (0.07)%
        GtT1tN1_QqGtT1bC2hC1wN1 : 113.3913322 (0.07)%
        GtT1bC2hC1wN1_QqGtT1tN1 : 113.3913322 (0.07)%
   QqGtT1tN3wC1wN1_QqGtT1tN3zN1 : 113.0151706 (0.07)%
     GtT1bC2wN1_QqGtT1bC2hC1wN1 : 111.7492904 (0.07)%
     GtT1bC2hC1wN1_QqGtT1bC2wN1 : 111.7492904 (0.07)%
        GtT1tN1_QqGtT1bC2zC1wN1 : 110.6109858 (0.07)%
        GtT1bC2zC1wN1_QqGtT1tN1 : 110.6109858 (0.07)%
          GtT1tN2hN1_GtT1tN3zN1 : 109.5513049 (0.07)%
  GtT1tN3wC1wN1_QqGtT1tN4hN2hN1 : 109.3642045 (0.07)%
  GtT1tN4hN2hN1_QqGtT1tN3wC1wN1 : 109.3642045 (0.07)%
        QqGtT1tN4wC1wN1_QqN2hN1 : 109.1083459 (0.07)%
     GtT1bC2zC1wN1_QqGtT1bC2wN1 : 109.0092067 (0.07)%
     GtT1bC2wN1_QqGtT1bC2zC1wN1 : 109.0092067 (0.07)%
           T1bC1wN1_T1bC2hC1wN1 : 108.6843373 (0.07)%
              C2hC1wN1_N4hN2hN1 : 107.5479604 (0.07)%
           GtT1tN1_QqGtT1tN2hN1 : 106.5585711 (0.07)%
           GtT1tN2hN1_QqGtT1tN1 : 106.5585711 (0.07)%
           T1bC1wN1_T1bC2zC1wN1 : 106.0194061 (0.07)%
        GtT1tN2hN1_QqGtT1bC2wN1 : 105.0154759 (0.07)%
        GtT1bC2wN1_QqGtT1tN2hN1 : 105.0154759 (0.07)%
              C2zC1wN1_N4hN2hN1 : 104.9108930 (0.07)%
  GtT1tN4wC1wN1_QqGtT1tN3zN2hN1 : 104.6998397 (0.07)%
  GtT1tN3zN2hN1_QqGtT1tN4wC1wN1 : 104.6998397 (0.07)%
       GtT1bC2wN2hN1_GtT1tN3zN1 : 104.5112243 (0.07)%
              C2hC1wN1_N3zN2hN1 : 102.7189058 (0.07)%
        QqC1wN1_QqGtT1tN4hN2hN1 : 102.6467474 (0.07)%
              T1bC1wN1_T1tN2hN1 : 102.1352114 (0.06)%
             GtT1tN3zN1_QqN2hN1 : 101.6647916 (0.06)%
        GtT1tN1_QqGtT1bC2wN2hN1 : 101.6561759 (0.06)%
        GtT1bC2wN2hN1_QqGtT1tN1 : 101.6561759 (0.06)%
   QqGtT1bC1wN1_QqGtT1tN4hN2hN1 : 101.3956560 (0.06)%
QqGtT1bC2hC1wN1_QqGtT1tN4wC1wN1 : 100.6852288 (0.06)%
          GtT1tN1_GtT1tN3zN2hN1 : 100.4207535 (0.06)%
              C2zC1wN1_N3zN2hN1 : 100.2002464 (0.06)%
     GtT1bC2wN1_QqGtT1bC2wN2hN1 : 100.1840732 (0.06)%
     GtT1bC2wN2hN1_QqGtT1bC2wN1 : 100.1840732 (0.06)%
                 C2wN1_N4wC1wN1 : 100.1146658 (0.06)%
                 C2wN1_N3wC1wN1 : 99.8792078 (0.06)%
       GtT1bC2wN1_GtT1tN3zN2hN1 : 98.9665412 (0.06)%
              N3wC1wN1_N4hN2hN1 : 98.4509420 (0.06)%
QqGtT1bC2zC1wN1_QqGtT1tN4wC1wN1 : 98.2164350 (0.06)%
           T1bC1wN1_T1bC2wN2hN1 : 97.4363199 (0.06)%
QqGtT1bC2hC1wN1_QqGtT1bC2hC1wN1 : 97.1259986 (0.06)%
              C2wN2hN1_N4hN2hN1 : 96.4175495 (0.06)%
                       C1wN1_N1 : 94.6724288 (0.06)%
   QqGtT1tN2hN1_QqGtT1tN4wC1wN1 : 94.6181150 (0.06)%
              N3zN2hN1_N4wC1wN1 : 94.2520260 (0.06)%
          GtT1bC1wN1_GtT1tN2zN1 : 93.8383323 (0.06)%
     GtT1tN3zN1_QqGtT1bC2hC1wN1 : 93.8163136 (0.06)%
     GtT1bC2hC1wN1_QqGtT1tN3zN1 : 93.8163136 (0.06)%
QqGtT1bC2zC1wN1_QqGtT1bC2zC1wN1 : 92.4213499 (0.06)%
              C2wN2hN1_N3zN2hN1 : 92.0882660 (0.06)%
     GtT1bC2zC1wN1_QqGtT1tN3zN1 : 91.5159451 (0.06)%
     GtT1tN3zN1_QqGtT1bC2zC1wN1 : 91.5159451 (0.06)%
QqGtT1bC2wN2hN1_QqGtT1tN4wC1wN1 : 90.2650593 (0.06)%
       GtT1bC1wN1_GtT1bC2wN2zN1 : 89.5211517 (0.06)%
    GtT1tN3zN2hN1_GtT1tN3zN2hN1 : 89.4456802 (0.06)%
        GtT1tN2hN1_QqGtT1tN3zN1 : 88.1631085 (0.06)%
        GtT1tN3zN1_QqGtT1tN2hN1 : 88.1631085 (0.06)%
             GtT1bC1wN1_QqN2zN1 : 87.0829837 (0.06)%
      QqGtT1tN2hN1_QqGtT1tN2hN1 : 85.7733867 (0.05)%
              QqGtT1tN1_QqN2hN1 : 84.2179703 (0.05)%
     GtT1bC2wN2hN1_QqGtT1tN3zN1 : 84.1070256 (0.05)%
     GtT1tN3zN1_QqGtT1bC2wN2hN1 : 84.1070256 (0.05)%
       GtT1tN3zN1_GtT1tN3zN2hN1 : 83.0848771 (0.05)%
           QqGtT1bC2wN1_QqN2hN1 : 82.9983936 (0.05)%
                 C1wN1_N3wC1wN1 : 82.0406742 (0.05)%
        GtT1tN1_QqGtT1tN3zN2hN1 : 80.8151559 (0.05)%
        GtT1tN3zN2hN1_QqGtT1tN1 : 80.8151559 (0.05)%
        T1bC2hC1wN1_T1tN3wC1wN1 : 80.3443817 (0.05)%
     GtT1bC2wN1_QqGtT1tN3zN2hN1 : 79.6448561 (0.05)%
     GtT1tN3zN2hN1_QqGtT1bC2wN1 : 79.6448561 (0.05)%
        T1bC2zC1wN1_T1tN3wC1wN1 : 78.3743439 (0.05)%
QqGtT1bC2wN2hN1_QqGtT1bC2wN2hN1 : 78.0626552 (0.05)%
      QqGtT1bC2hC1wN1_QqGtT1tN1 : 77.7163794 (0.05)%
           T1bC1wN1_T1tN3zN2hN1 : 77.4604328 (0.05)%
    GtT1bC2hC1wN1_GtT1tN4hN2hN1 : 77.3179231 (0.05)%
   QqGtT1bC2hC1wN1_QqGtT1bC2wN1 : 76.5909535 (0.05)%
             GtT1tN2zN1_QqC1wN1 : 76.4496433 (0.05)%
  GtT1tN4wC1wN1_QqGtT1tN4wC1wN1 : 76.1435862 (0.05)%
      QqGtT1bC2zC1wN1_QqGtT1tN1 : 75.8107799 (0.05)%
        GtT1tN2zN1_QqGtT1bC1wN1 : 75.5178506 (0.05)%
        GtT1bC1wN1_QqGtT1tN2zN1 : 75.5178506 (0.05)%
           T1tN2hN1_T1tN3wC1wN1 : 75.5029714 (0.05)%
    GtT1bC2zC1wN1_GtT1tN4hN2hN1 : 75.4220938 (0.05)%
QqGtT1tN3wC1wN1_QqGtT1tN4hN2hN1 : 74.9562585 (0.05)%
   QqGtT1bC2wN1_QqGtT1bC2zC1wN1 : 74.7129494 (0.05)%
          GtT1bC1wN1_GtT1tN4hN1 : 74.2497917 (0.05)%
         QqGtT1tN1_QqGtT1tN2hN1 : 73.0333278 (0.05)%
          GtT1tN1_GtT1tN4wC1wN1 : 73.0315951 (0.05)%
          GtT1bC2wN2zN1_QqC1wN1 : 72.9324568 (0.05)%
       GtT1tN2hN1_GtT1tN4hN2hN1 : 72.6588818 (0.05)%
     GtT1bC2wN2zN1_QqGtT1bC1wN1 : 72.0435327 (0.05)%
     GtT1bC1wN1_QqGtT1bC2wN2zN1 : 72.0435327 (0.05)%
        T1bC2wN2hN1_T1tN3wC1wN1 : 72.0293381 (0.05)%
      QqGtT1bC2wN1_QqGtT1tN2hN1 : 71.9757181 (0.05)%
       GtT1bC2wN1_GtT1tN4wC1wN1 : 71.9740105 (0.05)%
QqGtT1tN3zN2hN1_QqGtT1tN4wC1wN1 : 71.7593868 (0.05)%
              C2hC1wN1_C2hC1wN1 : 71.4451944 (0.05)%
       GtT1bC1wN1_GtT1tN3zN2zN1 : 71.1679913 (0.05)%
        T1tN3wC1wN1_T1tN3wC1wN1 : 70.6075589 (0.04)%
           QqGtT1tN3zN1_QqN2hN1 : 69.6792194 (0.04)%
      QqGtT1bC2wN2hN1_QqGtT1tN1 : 69.6733144 (0.04)%
       GtT1tN2zN1_GtT1tN3wC1wN1 : 69.3695428 (0.04)%
    GtT1bC2wN2hN1_GtT1tN4hN2hN1 : 69.3160953 (0.04)%
   QqGtT1bC2wN1_QqGtT1bC2wN2hN1 : 68.6643617 (0.04)%
              C2zC1wN1_C2zC1wN1 : 67.9844882 (0.04)%
          GtT1tN4hN2hN1_QqN2hN1 : 67.4282254 (0.04)%
     GtT1tN3zN2hN1_QqGtT1tN3zN1 : 66.8638411 (0.04)%
     GtT1tN3zN1_QqGtT1tN3zN2hN1 : 66.8638411 (0.04)%
    GtT1bC2wN2zN1_GtT1tN3wC1wN1 : 66.1780875 (0.04)%
          GtT1bC1wN1_GtT1tN3hN1 : 64.5869499 (0.04)%
          GtT1tN3wC1wN1_QqN2zN1 : 64.3756833 (0.04)%
   QqGtT1bC2hC1wN1_QqGtT1tN3zN1 : 64.3000137 (0.04)%
   QqGtT1bC2zC1wN1_QqGtT1tN3zN1 : 62.7233825 (0.04)%
  GtT1tN4hN2hN1_QqGtT1bC2hC1wN1 : 62.2227955 (0.04)%
  GtT1bC2hC1wN1_QqGtT1tN4hN2hN1 : 62.2227955 (0.04)%
  GtT1bC2zC1wN1_QqGtT1tN4hN2hN1 : 60.6970976 (0.04)%
  GtT1tN4hN2hN1_QqGtT1bC2zC1wN1 : 60.6970976 (0.04)%
             GtT1tN4hN1_QqC1wN1 : 60.4909524 (0.04)%
      QqGtT1tN2hN1_QqGtT1tN3zN1 : 60.4254087 (0.04)%
       GtT1tN3zN1_GtT1tN4wC1wN1 : 60.4239751 (0.04)%
                QqC1wN1_QqN2zN1 : 60.4215477 (0.04)%
        GtT1tN4hN1_QqGtT1bC1wN1 : 59.7536693 (0.04)%
        GtT1bC1wN1_QqGtT1tN4hN1 : 59.7536693 (0.04)%
           QqGtT1bC1wN1_QqN2zN1 : 59.6851105 (0.04)%
        GtT1tN1_QqGtT1tN4wC1wN1 : 58.7733067 (0.04)%
        GtT1tN4wC1wN1_QqGtT1tN1 : 58.7733067 (0.04)%
     GtT1tN2hN1_QqGtT1tN4hN2hN1 : 58.4733599 (0.04)%
     GtT1tN4hN2hN1_QqGtT1tN2hN1 : 58.4733599 (0.04)%
          GtT1tN3zN2zN1_QqC1wN1 : 57.9802242 (0.04)%
     GtT1bC2wN1_QqGtT1tN4wC1wN1 : 57.9221991 (0.04)%
     GtT1tN4wC1wN1_QqGtT1bC2wN1 : 57.9221991 (0.04)%
   QqGtT1bC2wN2hN1_QqGtT1tN3zN1 : 57.6454424 (0.04)%
              C2wN2hN1_C2wN2hN1 : 57.4223344 (0.04)%
     GtT1bC1wN1_QqGtT1tN3zN2zN1 : 57.2735427 (0.04)%
     GtT1tN3zN2zN1_QqGtT1bC1wN1 : 57.2735427 (0.04)%
        T1tN3wC1wN1_T1tN3zN2hN1 : 57.2622582 (0.04)%
                 C2hC1wN1_C2wN1 : 56.3397611 (0.04)%
           T1bC1wN1_T1tN4wC1wN1 : 56.3335642 (0.04)%
     GtT1tN2zN1_QqGtT1tN3wC1wN1 : 55.8262134 (0.04)%
     GtT1tN3wC1wN1_QqGtT1tN2zN1 : 55.8262134 (0.04)%
  GtT1tN4hN2hN1_QqGtT1bC2wN2hN1 : 55.7832008 (0.04)%
  GtT1bC2wN2hN1_QqGtT1tN4hN2hN1 : 55.7832008 (0.04)%
             GtT1bC2wN1_GtT1tN1 : 55.5549168 (0.04)%
      QqGtT1tN1_QqGtT1tN3zN2hN1 : 55.3892542 (0.04)%
    GtT1tN3zN2hN1_GtT1tN4hN2hN1 : 55.1052703 (0.04)%
                 C2wN1_C2zC1wN1 : 54.9583147 (0.03)%
       GtT1tN3wC1wN1_GtT1tN4hN1 : 54.8888069 (0.03)%
   QqGtT1bC2wN1_QqGtT1tN3zN2hN1 : 54.5871517 (0.03)%
  GtT1bC2wN2zN1_QqGtT1tN3wC1wN1 : 53.2578404 (0.03)%
  GtT1tN3wC1wN1_QqGtT1bC2wN2zN1 : 53.2578404 (0.03)%
             GtT1tN3hN1_QqC1wN1 : 52.6186811 (0.03)%
    GtT1tN3wC1wN1_GtT1tN3zN2zN1 : 52.6106005 (0.03)%
           QqC1wN1_QqGtT1tN2zN1 : 52.3972103 (0.03)%
        GtT1bC1wN1_QqGtT1tN3hN1 : 51.9773478 (0.03)%
        GtT1tN3hN1_QqGtT1bC1wN1 : 51.9773478 (0.03)%
      QqGtT1bC1wN1_QqGtT1tN2zN1 : 51.7585763 (0.03)%
                 C2wN1_C2wN2hN1 : 50.5090165 (0.03)%
        QqC1wN1_QqGtT1bC2wN2zN1 : 49.9865940 (0.03)%
   QqGtT1bC1wN1_QqGtT1bC2wN2zN1 : 49.3773414 (0.03)%
------------------------------------------------------------
                                              SUM=90.02%
