/Users/rafalmaselek/Projects/fastlim-1.0
 
#################################################################
#                                                               #
#                                                               #
#                     This is Fastlim  ver. 1.0                 #
#                                                               #
#          A fast LHC limit calculator for BSM models.          #
#                                                               #
#                  http://cern.ch/fastlim-1.0/                  #
#                                                               #
#  for bugs/feature requests: fastlim-1.0.developers@gmail.com  #
#                                                               #
#    please refer to:                                           #
#    M.Papucci, K.Sakurai, A.Weiler, L.Zeune arXiv:1402.xxxx    #
#                                                               #
#################################################################
 

!! Masses incompatible with the data for ERER !!

!! Problem with reading tables for ER ER !! Probably mass outside the table !! Setting xsec to 10^-20 !!

!! Masses incompatible with the data for ELEL !!

!! Problem with reading tables for EL EL !! Probably mass outside the table !! Setting xsec to 10^-20 !!

!! Masses incompatible with the data for TAU1TAU1 !!

!! Problem with reading tables for TAU1 TAU1 !! Probably mass outside the table !! Setting xsec to 10^-20 !!

!! Masses incompatible with the data for TAU2TAU2 !!

!! Problem with reading tables for TAU2 TAU2 !! Probably mass outside the table !! Setting xsec to 10^-20 !!
!! EWK PROCESS C1C2 NOT FOUND !! WILL TRY TO LOOK FOR +/- MODES !!
XSEC FOUND FOR: C1-C2+
XSEC FOUND FOR: C1+C2-
!! EWK PROCESS C1N1 NOT FOUND !! WILL TRY TO LOOK FOR +/- MODES !!
XSEC FOUND FOR: C1+N1
XSEC FOUND FOR: C1-N1
!! EWK PROCESS C1N2 NOT FOUND !! WILL TRY TO LOOK FOR +/- MODES !!
XSEC FOUND FOR: C1+N2
XSEC FOUND FOR: C1-N2
!! EWK PROCESS C1N3 NOT FOUND !! WILL TRY TO LOOK FOR +/- MODES !!
XSEC FOUND FOR: C1+N3
XSEC FOUND FOR: C1-N3
!! EWK PROCESS C1N4 NOT FOUND !! WILL TRY TO LOOK FOR +/- MODES !!
XSEC FOUND FOR: C1+N4
XSEC FOUND FOR: C1-N4
!! EWK PROCESS C2N1 NOT FOUND !! WILL TRY TO LOOK FOR +/- MODES !!
XSEC FOUND FOR: C2+N1
XSEC FOUND FOR: C2-N1
!! EWK PROCESS C2N2 NOT FOUND !! WILL TRY TO LOOK FOR +/- MODES !!
XSEC FOUND FOR: C2+N2
XSEC FOUND FOR: C2-N2
!! EWK PROCESS C2N3 NOT FOUND !! WILL TRY TO LOOK FOR +/- MODES !!
XSEC FOUND FOR: C2+N3
XSEC FOUND FOR: C2-N3
!! EWK PROCESS C2N4 NOT FOUND !! WILL TRY TO LOOK FOR +/- MODES !!
XSEC FOUND FOR: C2+N4
XSEC FOUND FOR: C2-N4
---------------  Output inclusive processes  ---------------
The total xsec = 19295.20 [fb]
The total rate = 100.00%
Output upto 0.10%
                          Modes : xsec/fb      (rate)
                    C1wN1_N2hN1 : 7954.6925201 (41.23)%
                    C1wN1_C1wN1 : 3820.6631338 (19.80)%
                    C1wN1_N2zN1 : 241.6017490 (1.25)%
          GtT1tN3wC1wN1_QqC1wN1 : 80.6860571 (0.42)%
        QqC1wN1_QqGtT1tN3wC1wN1 : 72.2058429 (0.37)%
          GtT1bC2hC1wN1_QqC1wN1 : 62.6495471 (0.32)%
                QqC1wN1_QqC1wN1 : 59.2613640 (0.31)%
          GtT1bC2zC1wN1_QqC1wN1 : 59.1387202 (0.31)%
             GtT1bC1wN1_QqC1wN1 : 59.1305297 (0.31)%
          GtT1bC2wN2hN1_QqC1wN1 : 57.9772648 (0.30)%
                QqC1wN1_QqN2hN1 : 57.5797364 (0.30)%
        QqC1wN1_QqGtT1bC2hC1wN1 : 56.0649945 (0.29)%
        QqC1wN1_QqGtT1bC2zC1wN1 : 52.9231603 (0.27)%
           QqC1wN1_QqGtT1bC1wN1 : 52.9158307 (0.27)%
        QqC1wN1_QqGtT1bC2wN2hN1 : 51.8837755 (0.27)%
  GtT1tN3wC1wN1_QqGtT1tN3wC1wN1 : 49.1551693 (0.25)%
                          N1_N1 : 48.7500862 (0.25)%
              C2hC1wN1_N3wC1wN1 : 47.7190350 (0.25)%
              C2hC1wN1_N4wC1wN1 : 47.1089358 (0.24)%
          GtT1tN4wC1wN1_QqC1wN1 : 46.9410248 (0.24)%
                    N2hN1_N2hN1 : 45.2046027 (0.23)%
              C2zC1wN1_N3wC1wN1 : 45.0449012 (0.23)%
              C2zC1wN1_N4wC1wN1 : 44.4689914 (0.23)%
              C2wN2hN1_N3wC1wN1 : 44.1602416 (0.23)%
              C2wN2hN1_N4wC1wN1 : 43.5956423 (0.23)%
        QqC1wN1_QqGtT1tN4wC1wN1 : 42.0074593 (0.22)%
              N3wC1wN1_N4wC1wN1 : 40.4903354 (0.21)%
    GtT1bC2hC1wN1_GtT1tN3wC1wN1 : 39.4331294 (0.20)%
          GtT1tN3wC1wN1_QqN2hN1 : 39.1982364 (0.20)%
  GtT1tN3wC1wN1_QqGtT1bC2hC1wN1 : 38.1670539 (0.20)%
  GtT1bC2hC1wN1_QqGtT1tN3wC1wN1 : 38.1670539 (0.20)%
          GtT1tN3zN2hN1_QqC1wN1 : 37.6892029 (0.20)%
    GtT1bC2zC1wN1_GtT1tN3wC1wN1 : 37.2233307 (0.19)%
       GtT1bC1wN1_GtT1tN3wC1wN1 : 37.2181754 (0.19)%
    GtT1bC2wN2hN1_GtT1tN3wC1wN1 : 36.4922828 (0.19)%
  GtT1tN3wC1wN1_QqGtT1bC2zC1wN1 : 36.0282050 (0.19)%
  GtT1bC2zC1wN1_QqGtT1tN3wC1wN1 : 36.0282050 (0.19)%
     GtT1tN3wC1wN1_QqGtT1bC1wN1 : 36.0232152 (0.19)%
     GtT1bC1wN1_QqGtT1tN3wC1wN1 : 36.0232152 (0.19)%
  GtT1tN3wC1wN1_QqGtT1bC2wN2hN1 : 35.3206288 (0.18)%
  GtT1bC2wN2hN1_QqGtT1tN3wC1wN1 : 35.3206288 (0.18)%
        QqGtT1tN3wC1wN1_QqN2hN1 : 35.0784485 (0.18)%
QqGtT1bC2hC1wN1_QqGtT1tN3wC1wN1 : 34.1556447 (0.18)%
        QqC1wN1_QqGtT1tN3zN2hN1 : 33.7280165 (0.17)%
QqGtT1bC2zC1wN1_QqGtT1tN3wC1wN1 : 32.2415917 (0.17)%
   QqGtT1bC1wN1_QqGtT1tN3wC1wN1 : 32.2371263 (0.17)%
                GtT1tN1_QqC1wN1 : 31.9946995 (0.17)%
QqGtT1bC2wN2hN1_QqGtT1tN3wC1wN1 : 31.6083827 (0.16)%
          GtT1bC2hC1wN1_QqN2hN1 : 30.4358874 (0.16)%
  GtT1bC2hC1wN1_QqGtT1bC2hC1wN1 : 29.6352149 (0.15)%
    GtT1tN3wC1wN1_GtT1tN4wC1wN1 : 29.5458083 (0.15)%
    GtT1bC2hC1wN1_GtT1bC2zC1wN1 : 28.9024509 (0.15)%
       GtT1bC1wN1_GtT1bC2hC1wN1 : 28.8984481 (0.15)%
          GtT1bC2zC1wN1_QqN2hN1 : 28.7302864 (0.15)%
             GtT1bC1wN1_QqN2hN1 : 28.7263074 (0.15)%
              QqC1wN1_QqGtT1tN1 : 28.6320131 (0.15)%
  GtT1tN4wC1wN1_QqGtT1tN3wC1wN1 : 28.5971840 (0.15)%
  GtT1tN3wC1wN1_QqGtT1tN4wC1wN1 : 28.5971840 (0.15)%
    GtT1bC2hC1wN1_GtT1bC2wN2hN1 : 28.3348210 (0.15)%
          GtT1bC2wN2hN1_QqN2hN1 : 28.1660377 (0.15)%
  GtT1bC2zC1wN1_QqGtT1bC2hC1wN1 : 27.9744829 (0.14)%
  GtT1bC2hC1wN1_QqGtT1bC2zC1wN1 : 27.9744829 (0.14)%
     GtT1bC1wN1_QqGtT1bC2hC1wN1 : 27.9706085 (0.14)%
     GtT1bC2hC1wN1_QqGtT1bC1wN1 : 27.9706085 (0.14)%
  GtT1bC2wN2hN1_QqGtT1bC2hC1wN1 : 27.4250778 (0.14)%
  GtT1bC2hC1wN1_QqGtT1bC2wN2hN1 : 27.4250778 (0.14)%
       GtT1bC1wN1_GtT1bC2zC1wN1 : 27.2790038 (0.14)%
        QqGtT1bC2hC1wN1_QqN2hN1 : 27.2370343 (0.14)%
             GtT1tN2hN1_QqC1wN1 : 27.0834204 (0.14)%
    GtT1bC2wN2hN1_GtT1bC2zC1wN1 : 26.7469620 (0.14)%
       GtT1bC1wN1_GtT1bC2wN2hN1 : 26.7432576 (0.14)%
  GtT1bC2zC1wN1_QqGtT1bC2zC1wN1 : 26.4068168 (0.14)%
     GtT1bC2zC1wN1_QqGtT1bC1wN1 : 26.4031596 (0.14)%
     GtT1bC1wN1_QqGtT1bC2zC1wN1 : 26.4031596 (0.14)%
        GtT1bC1wN1_QqGtT1bC1wN1 : 26.3995029 (0.14)%
  GtT1bC2zC1wN1_QqGtT1bC2wN2hN1 : 25.8882000 (0.13)%
  GtT1bC2wN2hN1_QqGtT1bC2zC1wN1 : 25.8882000 (0.13)%
     GtT1bC1wN1_QqGtT1bC2wN2hN1 : 25.8846145 (0.13)%
     GtT1bC2wN2hN1_QqGtT1bC1wN1 : 25.8846145 (0.13)%
        QqGtT1bC2zC1wN1_QqN2hN1 : 25.7106943 (0.13)%
           QqGtT1bC1wN1_QqN2hN1 : 25.7071334 (0.13)%
QqGtT1tN3wC1wN1_QqGtT1tN4wC1wN1 : 25.5915811 (0.13)%
    GtT1tN3wC1wN1_GtT1tN3wC1wN1 : 25.3928710 (0.13)%
  GtT1bC2wN2hN1_QqGtT1bC2wN2hN1 : 25.3797685 (0.13)%
        QqGtT1bC2wN2hN1_QqN2hN1 : 25.2057489 (0.13)%
              C2hC1wN1_C2zC1wN1 : 25.1215112 (0.13)%
QqGtT1bC2hC1wN1_QqGtT1bC2zC1wN1 : 25.0343267 (0.13)%
   QqGtT1bC1wN1_QqGtT1bC2hC1wN1 : 25.0308595 (0.13)%
              C2hC1wN1_C2wN2hN1 : 24.6281371 (0.13)%
QqGtT1bC2hC1wN1_QqGtT1bC2wN2hN1 : 24.5426648 (0.13)%
           QqC1wN1_QqGtT1tN2hN1 : 24.2369161 (0.13)%
    GtT1tN3wC1wN1_GtT1tN3zN2hN1 : 23.7224894 (0.12)%
   QqGtT1bC1wN1_QqGtT1bC2zC1wN1 : 23.6281516 (0.12)%
              C2hC1wN1_N4hN2hN1 : 23.4339792 (0.12)%
          GtT1tN4hN2hN1_QqC1wN1 : 23.3504531 (0.12)%
              C2wN2hN1_C2zC1wN1 : 23.2479974 (0.12)%
QqGtT1bC2wN2hN1_QqGtT1bC2zC1wN1 : 23.1673150 (0.12)%
   QqGtT1bC1wN1_QqGtT1bC2wN2hN1 : 23.1641064 (0.12)%
  GtT1tN3zN2hN1_QqGtT1tN3wC1wN1 : 22.9608338 (0.12)%
  GtT1tN3wC1wN1_QqGtT1tN3zN2hN1 : 22.9608338 (0.12)%
    GtT1bC2hC1wN1_GtT1tN4wC1wN1 : 22.9411570 (0.12)%
          GtT1tN4wC1wN1_QqN2hN1 : 22.8045024 (0.12)%
                       C1wN1_N1 : 22.4052196 (0.12)%
              C2hC1wN1_N3zN2hN1 : 22.2900022 (0.12)%
  GtT1tN4wC1wN1_QqGtT1bC2hC1wN1 : 22.2045876 (0.12)%
  GtT1bC2hC1wN1_QqGtT1tN4wC1wN1 : 22.2045876 (0.12)%
              C2zC1wN1_N4hN2hN1 : 22.1207591 (0.11)%
QqGtT1tN3wC1wN1_QqGtT1tN3wC1wN1 : 21.9944471 (0.11)%
              C2wN2hN1_N4hN2hN1 : 21.6863183 (0.11)%
    GtT1bC2zC1wN1_GtT1tN4wC1wN1 : 21.6555542 (0.11)%
       GtT1bC1wN1_GtT1tN4wC1wN1 : 21.6525550 (0.11)%
             GtT1bC2wN1_QqC1wN1 : 21.6365217 (0.11)%
    GtT1bC2wN2hN1_GtT1tN4wC1wN1 : 21.2302498 (0.11)%
              C2zC1wN1_N3zN2hN1 : 21.0408896 (0.11)%
  GtT1tN4wC1wN1_QqGtT1bC2zC1wN1 : 20.9602616 (0.11)%
  GtT1bC2zC1wN1_QqGtT1tN4wC1wN1 : 20.9602616 (0.11)%
     GtT1bC1wN1_QqGtT1tN4wC1wN1 : 20.9573586 (0.11)%
     GtT1tN4wC1wN1_QqGtT1bC1wN1 : 20.9573586 (0.11)%
        QqC1wN1_QqGtT1tN4hN2hN1 : 20.8962888 (0.11)%
              C2wN2hN1_N3zN2hN1 : 20.6276569 (0.11)%
  GtT1bC2wN2hN1_QqGtT1tN4wC1wN1 : 20.5486123 (0.11)%
  GtT1tN4wC1wN1_QqGtT1bC2wN2hN1 : 20.5486123 (0.11)%
QqGtT1tN3wC1wN1_QqGtT1tN3zN2hN1 : 20.5476190 (0.11)%
        QqGtT1tN4wC1wN1_QqN2hN1 : 20.4077182 (0.11)%
              N3wC1wN1_N4hN2hN1 : 20.1416071 (0.10)%
          GtT1tN1_GtT1tN3wC1wN1 : 20.1382322 (0.10)%
QqGtT1bC2hC1wN1_QqGtT1tN4wC1wN1 : 19.8708553 (0.10)%
        GtT1tN3wC1wN1_QqGtT1tN1 : 19.4916560 (0.10)%
        GtT1tN1_QqGtT1tN3wC1wN1 : 19.4916560 (0.10)%
           QqC1wN1_QqGtT1bC2wN1 : 19.3624939 (0.10)%
              N3zN2hN1_N4wC1wN1 : 18.9134098 (0.10)%
------------------------------------------------------------
                                              SUM=83.21%

SHOWING PROCESSES TO GET 90.00% SUSY COVERAGE
---------------  Output inclusive processes  ---------------
The total xsec = 19295.20 [fb]
The total rate = 100.00%
                          Modes : xsec/fb      (rate)
                    C1wN1_N2hN1 : 7954.6925201 (41.23)%
                    C1wN1_C1wN1 : 3820.6631338 (19.80)%
                    C1wN1_N2zN1 : 241.6017490 (1.25)%
          GtT1tN3wC1wN1_QqC1wN1 : 80.6860571 (0.42)%
        QqC1wN1_QqGtT1tN3wC1wN1 : 72.2058429 (0.37)%
          GtT1bC2hC1wN1_QqC1wN1 : 62.6495471 (0.32)%
                QqC1wN1_QqC1wN1 : 59.2613640 (0.31)%
          GtT1bC2zC1wN1_QqC1wN1 : 59.1387202 (0.31)%
             GtT1bC1wN1_QqC1wN1 : 59.1305297 (0.31)%
          GtT1bC2wN2hN1_QqC1wN1 : 57.9772648 (0.30)%
                QqC1wN1_QqN2hN1 : 57.5797364 (0.30)%
        QqC1wN1_QqGtT1bC2hC1wN1 : 56.0649945 (0.29)%
        QqC1wN1_QqGtT1bC2zC1wN1 : 52.9231603 (0.27)%
           QqC1wN1_QqGtT1bC1wN1 : 52.9158307 (0.27)%
        QqC1wN1_QqGtT1bC2wN2hN1 : 51.8837755 (0.27)%
  GtT1tN3wC1wN1_QqGtT1tN3wC1wN1 : 49.1551693 (0.25)%
                          N1_N1 : 48.7500862 (0.25)%
              C2hC1wN1_N3wC1wN1 : 47.7190350 (0.25)%
              C2hC1wN1_N4wC1wN1 : 47.1089358 (0.24)%
          GtT1tN4wC1wN1_QqC1wN1 : 46.9410248 (0.24)%
                    N2hN1_N2hN1 : 45.2046027 (0.23)%
              C2zC1wN1_N3wC1wN1 : 45.0449012 (0.23)%
              C2zC1wN1_N4wC1wN1 : 44.4689914 (0.23)%
              C2wN2hN1_N3wC1wN1 : 44.1602416 (0.23)%
              C2wN2hN1_N4wC1wN1 : 43.5956423 (0.23)%
        QqC1wN1_QqGtT1tN4wC1wN1 : 42.0074593 (0.22)%
              N3wC1wN1_N4wC1wN1 : 40.4903354 (0.21)%
    GtT1bC2hC1wN1_GtT1tN3wC1wN1 : 39.4331294 (0.20)%
          GtT1tN3wC1wN1_QqN2hN1 : 39.1982364 (0.20)%
  GtT1tN3wC1wN1_QqGtT1bC2hC1wN1 : 38.1670539 (0.20)%
  GtT1bC2hC1wN1_QqGtT1tN3wC1wN1 : 38.1670539 (0.20)%
          GtT1tN3zN2hN1_QqC1wN1 : 37.6892029 (0.20)%
    GtT1bC2zC1wN1_GtT1tN3wC1wN1 : 37.2233307 (0.19)%
       GtT1bC1wN1_GtT1tN3wC1wN1 : 37.2181754 (0.19)%
    GtT1bC2wN2hN1_GtT1tN3wC1wN1 : 36.4922828 (0.19)%
  GtT1tN3wC1wN1_QqGtT1bC2zC1wN1 : 36.0282050 (0.19)%
  GtT1bC2zC1wN1_QqGtT1tN3wC1wN1 : 36.0282050 (0.19)%
     GtT1tN3wC1wN1_QqGtT1bC1wN1 : 36.0232152 (0.19)%
     GtT1bC1wN1_QqGtT1tN3wC1wN1 : 36.0232152 (0.19)%
  GtT1tN3wC1wN1_QqGtT1bC2wN2hN1 : 35.3206288 (0.18)%
  GtT1bC2wN2hN1_QqGtT1tN3wC1wN1 : 35.3206288 (0.18)%
        QqGtT1tN3wC1wN1_QqN2hN1 : 35.0784485 (0.18)%
QqGtT1bC2hC1wN1_QqGtT1tN3wC1wN1 : 34.1556447 (0.18)%
        QqC1wN1_QqGtT1tN3zN2hN1 : 33.7280165 (0.17)%
QqGtT1bC2zC1wN1_QqGtT1tN3wC1wN1 : 32.2415917 (0.17)%
   QqGtT1bC1wN1_QqGtT1tN3wC1wN1 : 32.2371263 (0.17)%
                GtT1tN1_QqC1wN1 : 31.9946995 (0.17)%
QqGtT1bC2wN2hN1_QqGtT1tN3wC1wN1 : 31.6083827 (0.16)%
          GtT1bC2hC1wN1_QqN2hN1 : 30.4358874 (0.16)%
  GtT1bC2hC1wN1_QqGtT1bC2hC1wN1 : 29.6352149 (0.15)%
    GtT1tN3wC1wN1_GtT1tN4wC1wN1 : 29.5458083 (0.15)%
    GtT1bC2hC1wN1_GtT1bC2zC1wN1 : 28.9024509 (0.15)%
       GtT1bC1wN1_GtT1bC2hC1wN1 : 28.8984481 (0.15)%
          GtT1bC2zC1wN1_QqN2hN1 : 28.7302864 (0.15)%
             GtT1bC1wN1_QqN2hN1 : 28.7263074 (0.15)%
              QqC1wN1_QqGtT1tN1 : 28.6320131 (0.15)%
  GtT1tN4wC1wN1_QqGtT1tN3wC1wN1 : 28.5971840 (0.15)%
  GtT1tN3wC1wN1_QqGtT1tN4wC1wN1 : 28.5971840 (0.15)%
    GtT1bC2hC1wN1_GtT1bC2wN2hN1 : 28.3348210 (0.15)%
          GtT1bC2wN2hN1_QqN2hN1 : 28.1660377 (0.15)%
  GtT1bC2zC1wN1_QqGtT1bC2hC1wN1 : 27.9744829 (0.14)%
  GtT1bC2hC1wN1_QqGtT1bC2zC1wN1 : 27.9744829 (0.14)%
     GtT1bC1wN1_QqGtT1bC2hC1wN1 : 27.9706085 (0.14)%
     GtT1bC2hC1wN1_QqGtT1bC1wN1 : 27.9706085 (0.14)%
  GtT1bC2wN2hN1_QqGtT1bC2hC1wN1 : 27.4250778 (0.14)%
  GtT1bC2hC1wN1_QqGtT1bC2wN2hN1 : 27.4250778 (0.14)%
       GtT1bC1wN1_GtT1bC2zC1wN1 : 27.2790038 (0.14)%
        QqGtT1bC2hC1wN1_QqN2hN1 : 27.2370343 (0.14)%
             GtT1tN2hN1_QqC1wN1 : 27.0834204 (0.14)%
    GtT1bC2wN2hN1_GtT1bC2zC1wN1 : 26.7469620 (0.14)%
       GtT1bC1wN1_GtT1bC2wN2hN1 : 26.7432576 (0.14)%
  GtT1bC2zC1wN1_QqGtT1bC2zC1wN1 : 26.4068168 (0.14)%
     GtT1bC2zC1wN1_QqGtT1bC1wN1 : 26.4031596 (0.14)%
     GtT1bC1wN1_QqGtT1bC2zC1wN1 : 26.4031596 (0.14)%
        GtT1bC1wN1_QqGtT1bC1wN1 : 26.3995029 (0.14)%
  GtT1bC2zC1wN1_QqGtT1bC2wN2hN1 : 25.8882000 (0.13)%
  GtT1bC2wN2hN1_QqGtT1bC2zC1wN1 : 25.8882000 (0.13)%
     GtT1bC1wN1_QqGtT1bC2wN2hN1 : 25.8846145 (0.13)%
     GtT1bC2wN2hN1_QqGtT1bC1wN1 : 25.8846145 (0.13)%
        QqGtT1bC2zC1wN1_QqN2hN1 : 25.7106943 (0.13)%
           QqGtT1bC1wN1_QqN2hN1 : 25.7071334 (0.13)%
QqGtT1tN3wC1wN1_QqGtT1tN4wC1wN1 : 25.5915811 (0.13)%
    GtT1tN3wC1wN1_GtT1tN3wC1wN1 : 25.3928710 (0.13)%
  GtT1bC2wN2hN1_QqGtT1bC2wN2hN1 : 25.3797685 (0.13)%
        QqGtT1bC2wN2hN1_QqN2hN1 : 25.2057489 (0.13)%
              C2hC1wN1_C2zC1wN1 : 25.1215112 (0.13)%
QqGtT1bC2hC1wN1_QqGtT1bC2zC1wN1 : 25.0343267 (0.13)%
   QqGtT1bC1wN1_QqGtT1bC2hC1wN1 : 25.0308595 (0.13)%
              C2hC1wN1_C2wN2hN1 : 24.6281371 (0.13)%
QqGtT1bC2hC1wN1_QqGtT1bC2wN2hN1 : 24.5426648 (0.13)%
           QqC1wN1_QqGtT1tN2hN1 : 24.2369161 (0.13)%
    GtT1tN3wC1wN1_GtT1tN3zN2hN1 : 23.7224894 (0.12)%
   QqGtT1bC1wN1_QqGtT1bC2zC1wN1 : 23.6281516 (0.12)%
              C2hC1wN1_N4hN2hN1 : 23.4339792 (0.12)%
          GtT1tN4hN2hN1_QqC1wN1 : 23.3504531 (0.12)%
              C2wN2hN1_C2zC1wN1 : 23.2479974 (0.12)%
QqGtT1bC2wN2hN1_QqGtT1bC2zC1wN1 : 23.1673150 (0.12)%
   QqGtT1bC1wN1_QqGtT1bC2wN2hN1 : 23.1641064 (0.12)%
  GtT1tN3zN2hN1_QqGtT1tN3wC1wN1 : 22.9608338 (0.12)%
  GtT1tN3wC1wN1_QqGtT1tN3zN2hN1 : 22.9608338 (0.12)%
    GtT1bC2hC1wN1_GtT1tN4wC1wN1 : 22.9411570 (0.12)%
          GtT1tN4wC1wN1_QqN2hN1 : 22.8045024 (0.12)%
                       C1wN1_N1 : 22.4052196 (0.12)%
              C2hC1wN1_N3zN2hN1 : 22.2900022 (0.12)%
  GtT1tN4wC1wN1_QqGtT1bC2hC1wN1 : 22.2045876 (0.12)%
  GtT1bC2hC1wN1_QqGtT1tN4wC1wN1 : 22.2045876 (0.12)%
              C2zC1wN1_N4hN2hN1 : 22.1207591 (0.11)%
QqGtT1tN3wC1wN1_QqGtT1tN3wC1wN1 : 21.9944471 (0.11)%
              C2wN2hN1_N4hN2hN1 : 21.6863183 (0.11)%
    GtT1bC2zC1wN1_GtT1tN4wC1wN1 : 21.6555542 (0.11)%
       GtT1bC1wN1_GtT1tN4wC1wN1 : 21.6525550 (0.11)%
             GtT1bC2wN1_QqC1wN1 : 21.6365217 (0.11)%
    GtT1bC2wN2hN1_GtT1tN4wC1wN1 : 21.2302498 (0.11)%
              C2zC1wN1_N3zN2hN1 : 21.0408896 (0.11)%
  GtT1tN4wC1wN1_QqGtT1bC2zC1wN1 : 20.9602616 (0.11)%
  GtT1bC2zC1wN1_QqGtT1tN4wC1wN1 : 20.9602616 (0.11)%
     GtT1bC1wN1_QqGtT1tN4wC1wN1 : 20.9573586 (0.11)%
     GtT1tN4wC1wN1_QqGtT1bC1wN1 : 20.9573586 (0.11)%
        QqC1wN1_QqGtT1tN4hN2hN1 : 20.8962888 (0.11)%
              C2wN2hN1_N3zN2hN1 : 20.6276569 (0.11)%
  GtT1bC2wN2hN1_QqGtT1tN4wC1wN1 : 20.5486123 (0.11)%
  GtT1tN4wC1wN1_QqGtT1bC2wN2hN1 : 20.5486123 (0.11)%
QqGtT1tN3wC1wN1_QqGtT1tN3zN2hN1 : 20.5476190 (0.11)%
        QqGtT1tN4wC1wN1_QqN2hN1 : 20.4077182 (0.11)%
              N3wC1wN1_N4hN2hN1 : 20.1416071 (0.10)%
          GtT1tN1_GtT1tN3wC1wN1 : 20.1382322 (0.10)%
QqGtT1bC2hC1wN1_QqGtT1tN4wC1wN1 : 19.8708553 (0.10)%
        GtT1tN3wC1wN1_QqGtT1tN1 : 19.4916560 (0.10)%
        GtT1tN1_QqGtT1tN3wC1wN1 : 19.4916560 (0.10)%
           QqC1wN1_QqGtT1bC2wN1 : 19.3624939 (0.10)%
              N3zN2hN1_N4wC1wN1 : 18.9134098 (0.10)%
QqGtT1bC2zC1wN1_QqGtT1tN4wC1wN1 : 18.7573096 (0.10)%
   QqGtT1bC1wN1_QqGtT1tN4wC1wN1 : 18.7547118 (0.10)%
    GtT1bC2hC1wN1_GtT1tN3zN2hN1 : 18.4195792 (0.10)%
QqGtT1bC2wN2hN1_QqGtT1tN4wC1wN1 : 18.3889253 (0.10)%
          GtT1tN3zN2hN1_QqN2hN1 : 18.3098584 (0.09)%
  GtT1tN3zN2hN1_QqGtT1bC2hC1wN1 : 17.8281836 (0.09)%
  GtT1bC2hC1wN1_QqGtT1tN3zN2hN1 : 17.8281836 (0.09)%
      QqGtT1tN1_QqGtT1tN3wC1wN1 : 17.4430565 (0.09)%
    GtT1bC2zC1wN1_GtT1tN3zN2hN1 : 17.3873617 (0.09)%
       GtT1bC1wN1_GtT1tN3zN2hN1 : 17.3849537 (0.09)%
       GtT1tN2hN1_GtT1tN3wC1wN1 : 17.0469552 (0.09)%
    GtT1bC2wN2hN1_GtT1tN3zN2hN1 : 17.0458825 (0.09)%
  GtT1tN3zN2hN1_QqGtT1bC2zC1wN1 : 16.8291075 (0.09)%
  GtT1bC2zC1wN1_QqGtT1tN3zN2hN1 : 16.8291075 (0.09)%
     GtT1tN3zN2hN1_QqGtT1bC1wN1 : 16.8267767 (0.09)%
     GtT1bC1wN1_QqGtT1tN3zN2hN1 : 16.8267767 (0.09)%
  GtT1tN4wC1wN1_QqGtT1tN4wC1wN1 : 16.6370891 (0.09)%
     GtT1tN2hN1_QqGtT1tN3wC1wN1 : 16.4996303 (0.09)%
     GtT1tN3wC1wN1_QqGtT1tN2hN1 : 16.4996303 (0.09)%
  GtT1tN3zN2hN1_QqGtT1bC2wN2hN1 : 16.4985921 (0.09)%
  GtT1bC2wN2hN1_QqGtT1tN3zN2hN1 : 16.4985921 (0.09)%
                 C2wN1_N3wC1wN1 : 16.4801501 (0.09)%
        QqGtT1tN3zN2hN1_QqN2hN1 : 16.3854674 (0.08)%
                 C2wN1_N4wC1wN1 : 16.2694474 (0.08)%
QqGtT1bC2hC1wN1_QqGtT1tN3zN2hN1 : 15.9544173 (0.08)%
             GtT1tN3zN1_QqC1wN1 : 15.8535573 (0.08)%
          GtT1bC2hC1wN1_GtT1tN1 : 15.6365446 (0.08)%
                GtT1tN1_QqN2hN1 : 15.5434016 (0.08)%
    GtT1bC2hC1wN1_GtT1bC2hC1wN1 : 15.3091363 (0.08)%
        GtT1tN1_QqGtT1bC2hC1wN1 : 15.1345036 (0.08)%
        GtT1bC2hC1wN1_QqGtT1tN1 : 15.1345036 (0.08)%
QqGtT1bC2zC1wN1_QqGtT1tN3zN2hN1 : 15.0603454 (0.08)%
   QqGtT1bC1wN1_QqGtT1tN3zN2hN1 : 15.0582596 (0.08)%
   QqGtT1tN2hN1_QqGtT1tN3wC1wN1 : 14.7654968 (0.08)%
QqGtT1bC2wN2hN1_QqGtT1tN3zN2hN1 : 14.7645676 (0.08)%
          GtT1bC2zC1wN1_GtT1tN1 : 14.7602860 (0.08)%
             GtT1bC1wN1_GtT1tN1 : 14.7582418 (0.08)%
    GtT1tN3wC1wN1_GtT1tN4hN2hN1 : 14.6973360 (0.08)%
          GtT1bC2wN2hN1_GtT1tN1 : 14.4704013 (0.07)%
        GtT1tN1_QqGtT1bC2zC1wN1 : 14.2863790 (0.07)%
        GtT1bC2zC1wN1_QqGtT1tN1 : 14.2863790 (0.07)%
           GtT1tN1_QqGtT1bC1wN1 : 14.2844004 (0.07)%
           GtT1bC1wN1_QqGtT1tN1 : 14.2844004 (0.07)%
  GtT1tN3wC1wN1_QqGtT1tN4hN2hN1 : 14.2254501 (0.07)%
  GtT1tN4hN2hN1_QqGtT1tN3wC1wN1 : 14.2254501 (0.07)%
           QqC1wN1_QqGtT1tN3zN1 : 14.1873269 (0.07)%
        GtT1bC2wN2hN1_QqGtT1tN1 : 14.0058015 (0.07)%
        GtT1tN1_QqGtT1bC2wN2hN1 : 14.0058015 (0.07)%
                QqN2hN1_QqN2hN1 : 13.9864569 (0.07)%
              QqGtT1tN1_QqN2hN1 : 13.9097690 (0.07)%
    GtT1tN3zN2hN1_GtT1tN4wC1wN1 : 13.8011201 (0.07)%
    GtT1bC2zC1wN1_GtT1bC2zC1wN1 : 13.6413912 (0.07)%
          GtT1bC1wN1_GtT1bC1wN1 : 13.6376129 (0.07)%
       GtT1bC2wN1_GtT1tN3wC1wN1 : 13.6185464 (0.07)%
      QqGtT1bC2hC1wN1_QqGtT1tN1 : 13.5438467 (0.07)%
  GtT1tN3zN2hN1_QqGtT1tN4wC1wN1 : 13.3580089 (0.07)%
  GtT1tN4wC1wN1_QqGtT1tN3zN2hN1 : 13.3580089 (0.07)%
              C2hC1wN1_C2hC1wN1 : 13.3064369 (0.07)%
QqGtT1bC2hC1wN1_QqGtT1bC2hC1wN1 : 13.2602568 (0.07)%
       GtT1bC2hC1wN1_GtT1tN2hN1 : 13.2362896 (0.07)%
     GtT1tN3wC1wN1_QqGtT1bC2wN1 : 13.1812971 (0.07)%
     GtT1bC2wN1_QqGtT1tN3wC1wN1 : 13.1812971 (0.07)%
             GtT1tN2hN1_QqN2hN1 : 13.1574445 (0.07)%
    GtT1bC2wN2hN1_GtT1bC2wN2hN1 : 13.1108324 (0.07)%
     GtT1tN2hN1_QqGtT1bC2hC1wN1 : 12.8113134 (0.07)%
     GtT1bC2hC1wN1_QqGtT1tN2hN1 : 12.8113134 (0.07)%
      QqGtT1bC2zC1wN1_QqGtT1tN1 : 12.7848611 (0.07)%
         QqGtT1bC1wN1_QqGtT1tN1 : 12.7830905 (0.07)%
QqGtT1tN3wC1wN1_QqGtT1tN4hN2hN1 : 12.7303359 (0.07)%
                 C1wN1_N3wC1wN1 : 12.6030177 (0.07)%
      QqGtT1bC2wN2hN1_QqGtT1tN1 : 12.5337728 (0.06)%
       GtT1bC2zC1wN1_GtT1tN2hN1 : 12.4945393 (0.06)%
          GtT1bC1wN1_GtT1tN2hN1 : 12.4928089 (0.06)%
       GtT1bC2wN2hN1_GtT1tN2hN1 : 12.2491527 (0.06)%
     GtT1bC2zC1wN1_QqGtT1tN2hN1 : 12.0933784 (0.06)%
     GtT1tN2hN1_QqGtT1bC2zC1wN1 : 12.0933784 (0.06)%
        GtT1tN2hN1_QqGtT1bC1wN1 : 12.0917035 (0.06)%
        GtT1bC1wN1_QqGtT1tN2hN1 : 12.0917035 (0.06)%
QqGtT1tN3zN2hN1_QqGtT1tN4wC1wN1 : 11.9540640 (0.06)%
              C2zC1wN1_C2zC1wN1 : 11.8568616 (0.06)%
     GtT1tN2hN1_QqGtT1bC2wN2hN1 : 11.8558704 (0.06)%
     GtT1bC2wN2hN1_QqGtT1tN2hN1 : 11.8558704 (0.06)%
QqGtT1bC2zC1wN1_QqGtT1bC2zC1wN1 : 11.8157122 (0.06)%
      QqGtT1bC1wN1_QqGtT1bC1wN1 : 11.8124396 (0.06)%
   QqGtT1bC2wN1_QqGtT1tN3wC1wN1 : 11.7959248 (0.06)%
           QqGtT1tN2hN1_QqN2hN1 : 11.7745792 (0.06)%
          GtT1tN1_GtT1tN4wC1wN1 : 11.7158936 (0.06)%
   QqGtT1bC2hC1wN1_QqGtT1tN2hN1 : 11.4648270 (0.06)%
    GtT1bC2hC1wN1_GtT1tN4hN2hN1 : 11.4119028 (0.06)%
              C2wN2hN1_C2wN2hN1 : 11.3957091 (0.06)%
QqGtT1bC2wN2hN1_QqGtT1bC2wN2hN1 : 11.3561602 (0.06)%
------------------------------------------------------------
                                              SUM=90.00%
