/Users/rafalmaselek/Projects/fastlim-1.0
 
#################################################################
#                                                               #
#                                                               #
#                     This is Fastlim  ver. 1.0                 #
#                                                               #
#          A fast LHC limit calculator for BSM models.          #
#                                                               #
#                  http://cern.ch/fastlim-1.0/                  #
#                                                               #
#  for bugs/feature requests: fastlim-1.0.developers@gmail.com  #
#                                                               #
#    please refer to:                                           #
#    M.Papucci, K.Sakurai, A.Weiler, L.Zeune arXiv:1402.xxxx    #
#                                                               #
#################################################################
 

!! Masses incompatible with the data for ERER !!

!! Problem with reading tables for ER ER !! Probably mass outside the table !! Setting xsec to 10^-20 !!

!! Masses incompatible with the data for ELEL !!

!! Problem with reading tables for EL EL !! Probably mass outside the table !! Setting xsec to 10^-20 !!

!! Masses incompatible with the data for TAU1TAU1 !!

!! Problem with reading tables for TAU1 TAU1 !! Probably mass outside the table !! Setting xsec to 10^-20 !!

!! Masses incompatible with the data for TAU2TAU2 !!

!! Problem with reading tables for TAU2 TAU2 !! Probably mass outside the table !! Setting xsec to 10^-20 !!
!! EWK PROCESS C1C2 NOT FOUND !! WILL TRY TO LOOK FOR +/- MODES !!
XSEC FOUND FOR: C1-C2+
XSEC FOUND FOR: C1+C2-
!! EWK PROCESS C1N1 NOT FOUND !! WILL TRY TO LOOK FOR +/- MODES !!
XSEC FOUND FOR: C1+N1
XSEC FOUND FOR: C1-N1
!! EWK PROCESS C1N2 NOT FOUND !! WILL TRY TO LOOK FOR +/- MODES !!
XSEC FOUND FOR: C1+N2
XSEC FOUND FOR: C1-N2
!! EWK PROCESS C1N3 NOT FOUND !! WILL TRY TO LOOK FOR +/- MODES !!
XSEC FOUND FOR: C1+N3
XSEC FOUND FOR: C1-N3
!! EWK PROCESS C1N4 NOT FOUND !! WILL TRY TO LOOK FOR +/- MODES !!
XSEC FOUND FOR: C1+N4
XSEC FOUND FOR: C1-N4
!! EWK PROCESS C2N1 NOT FOUND !! WILL TRY TO LOOK FOR +/- MODES !!
XSEC FOUND FOR: C2+N1
XSEC FOUND FOR: C2-N1
!! EWK PROCESS C2N2 NOT FOUND !! WILL TRY TO LOOK FOR +/- MODES !!
XSEC FOUND FOR: C2+N2
XSEC FOUND FOR: C2-N2
!! EWK PROCESS C2N3 NOT FOUND !! WILL TRY TO LOOK FOR +/- MODES !!
XSEC FOUND FOR: C2+N3
XSEC FOUND FOR: C2-N3
!! EWK PROCESS C2N4 NOT FOUND !! WILL TRY TO LOOK FOR +/- MODES !!
XSEC FOUND FOR: C2+N4
XSEC FOUND FOR: C2-N4
---------------  Output inclusive processes  ---------------
The total xsec = 596222.17 [fb]
The total rate = 100.00%
Output upto 0.10%
              Modes : xsec/fb      (rate)
        C1wN1_N2hN1 : 203386.9533165 (34.11)%
        C1wN1_C1wN1 : 103349.2735754 (17.33)%
  GbtC1wN1_GqqC1wN1 : 24821.4754499 (4.16)%
     GqqC1wN1_GttN1 : 21922.0740383 (3.68)%
  GqqC1wN1_GqqC1wN1 : 17416.5787897 (2.92)%
  GqqC1wN1_GqqN2hN1 : 16805.6270412 (2.82)%
     GbtC1wN1_GttN1 : 15621.2718101 (2.62)%
  GbtC1wN1_GqqN2hN1 : 11975.3846051 (2.01)%
     GqqN2hN1_GttN1 : 10576.5375825 (1.77)%
     GqqC1wN1_GqqN1 : 10541.0307193 (1.77)%
  GbbN2hN1_GqqC1wN1 : 10219.6111399 (1.71)%
  GbtC1wN1_GbtC1wN1 : 8843.6662985 (1.48)%
     GbtC1wN1_GqqN1 : 7511.3470440 (1.26)%
        C1wN1_N2zN1 : 7440.7470692 (1.25)%
  GbbN2hN1_GbtC1wN1 : 7282.3092893 (1.22)%
        GttN1_GttN1 : 6898.2739943 (1.16)%
        GqqN1_GttN1 : 6633.9451238 (1.11)%
     GbbN2hN1_GttN1 : 6431.6613141 (1.08)%
     GqqN1_GqqN2hN1 : 5085.6322886 (0.85)%
  GbbN2hN1_GqqN2hN1 : 4930.5599968 (0.83)%
  GqqN2hN1_GqqN2hN1 : 4054.0266785 (0.68)%
     GbbN2hN1_GqqN1 : 3092.6060814 (0.52)%
  GqqC1wN1_GttN2hN1 : 2981.9105690 (0.50)%
GqqC1wN1_QqGqqC1wN1 : 2641.4956231 (0.44)%
  GbtC1wN1_GttN2hN1 : 2124.8553139 (0.36)%
GqqC1wN1_QqGbtC1wN1 : 1882.2818061 (0.32)%
GbtC1wN1_QqGqqC1wN1 : 1882.2818061 (0.32)%
     GttN1_GttN2hN1 : 1876.6505483 (0.31)%
     GbbN1_GqqC1wN1 : 1679.1056166 (0.28)%
   GttN1_QqGqqC1wN1 : 1662.4120994 (0.28)%
   GqqC1wN1_QqGttN1 : 1662.4120994 (0.28)%
        GqqN1_GqqN1 : 1594.9362095 (0.27)%
  GbbN2hN1_GbbN2hN1 : 1499.1528060 (0.25)%
  GqqN2hN1_GttN2hN1 : 1438.6544424 (0.24)%
GbtC1wN1_QqGbtC1wN1 : 1341.2798289 (0.22)%
GqqC1wN1_QqGqqN2hN1 : 1274.4176342 (0.21)%
GqqN2hN1_QqGqqC1wN1 : 1274.4176342 (0.21)%
     GbbN1_GbtC1wN1 : 1196.5001664 (0.20)%
   GttN1_QqGbtC1wN1 : 1184.6046693 (0.20)%
   GbtC1wN1_QqGttN1 : 1184.6046693 (0.20)%
        GbbN1_GttN1 : 1056.7367475 (0.18)%
      GttN1_QqGttN1 : 1046.2307657 (0.18)%
GqqN2hN1_QqGbtC1wN1 : 908.1268601 (0.15)%
GbtC1wN1_QqGqqN2hN1 : 908.1268601 (0.15)%
     GqqN1_GttN2hN1 : 902.3704164 (0.15)%
  GbbN2hN1_GttN2hN1 : 874.8551262 (0.15)%
     GbbN1_GqqN2hN1 : 810.1023484 (0.14)%
   GttN1_QqGqqN2hN1 : 802.0483836 (0.13)%
   GqqN2hN1_QqGttN1 : 802.0483836 (0.13)%
   GqqN1_QqGqqC1wN1 : 799.3557990 (0.13)%
   GqqC1wN1_QqGqqN1 : 799.3557990 (0.13)%
GqqC1wN1_QqGbbN2hN1 : 774.9816546 (0.13)%
GbbN2hN1_QqGqqC1wN1 : 774.9816546 (0.13)%
GqqN2hN1_QqGqqN2hN1 : 614.8563307 (0.10)%
  GqqC1wN1_GqqN2zN1 : 614.8202631 (0.10)%
   GbtC1wN1_QqGqqN1 : 569.6064244 (0.10)%
------------------------------------------------------------
                                  SUM=93.64%

SHOWING PROCESSES TO GET 90.00% SUSY COVERAGE
---------------  Output inclusive processes  ---------------
The total xsec = 596222.17 [fb]
The total rate = 100.00%
              Modes : xsec/fb      (rate)
        C1wN1_N2hN1 : 203386.9533165 (34.11)%
        C1wN1_C1wN1 : 103349.2735754 (17.33)%
  GbtC1wN1_GqqC1wN1 : 24821.4754499 (4.16)%
     GqqC1wN1_GttN1 : 21922.0740383 (3.68)%
  GqqC1wN1_GqqC1wN1 : 17416.5787897 (2.92)%
  GqqC1wN1_GqqN2hN1 : 16805.6270412 (2.82)%
     GbtC1wN1_GttN1 : 15621.2718101 (2.62)%
  GbtC1wN1_GqqN2hN1 : 11975.3846051 (2.01)%
     GqqN2hN1_GttN1 : 10576.5375825 (1.77)%
     GqqC1wN1_GqqN1 : 10541.0307193 (1.77)%
  GbbN2hN1_GqqC1wN1 : 10219.6111399 (1.71)%
  GbtC1wN1_GbtC1wN1 : 8843.6662985 (1.48)%
     GbtC1wN1_GqqN1 : 7511.3470440 (1.26)%
        C1wN1_N2zN1 : 7440.7470692 (1.25)%
  GbbN2hN1_GbtC1wN1 : 7282.3092893 (1.22)%
        GttN1_GttN1 : 6898.2739943 (1.16)%
        GqqN1_GttN1 : 6633.9451238 (1.11)%
     GbbN2hN1_GttN1 : 6431.6613141 (1.08)%
     GqqN1_GqqN2hN1 : 5085.6322886 (0.85)%
  GbbN2hN1_GqqN2hN1 : 4930.5599968 (0.83)%
  GqqN2hN1_GqqN2hN1 : 4054.0266785 (0.68)%
     GbbN2hN1_GqqN1 : 3092.6060814 (0.52)%
  GqqC1wN1_GttN2hN1 : 2981.9105690 (0.50)%
GqqC1wN1_QqGqqC1wN1 : 2641.4956231 (0.44)%
  GbtC1wN1_GttN2hN1 : 2124.8553139 (0.36)%
GqqC1wN1_QqGbtC1wN1 : 1882.2818061 (0.32)%
GbtC1wN1_QqGqqC1wN1 : 1882.2818061 (0.32)%
     GttN1_GttN2hN1 : 1876.6505483 (0.31)%
     GbbN1_GqqC1wN1 : 1679.1056166 (0.28)%
   GttN1_QqGqqC1wN1 : 1662.4120994 (0.28)%
   GqqC1wN1_QqGttN1 : 1662.4120994 (0.28)%
        GqqN1_GqqN1 : 1594.9362095 (0.27)%
  GbbN2hN1_GbbN2hN1 : 1499.1528060 (0.25)%
  GqqN2hN1_GttN2hN1 : 1438.6544424 (0.24)%
------------------------------------------------------------
                                  SUM=90.20%
