/Users/rafalmaselek/Projects/fastlim-1.0
 
#################################################################
#                                                               #
#                                                               #
#                     This is Fastlim  ver. 1.0                 #
#                                                               #
#          A fast LHC limit calculator for BSM models.          #
#                                                               #
#                  http://cern.ch/fastlim-1.0/                  #
#                                                               #
#  for bugs/feature requests: fastlim-1.0.developers@gmail.com  #
#                                                               #
#    please refer to:                                           #
#    M.Papucci, K.Sakurai, A.Weiler, L.Zeune arXiv:1402.xxxx    #
#                                                               #
#################################################################
 
!! EWK PROCESS C1C2 NOT FOUND !! WILL TRY TO LOOK FOR +/- MODES !!
XSEC FOUND FOR: C1-C2+
XSEC FOUND FOR: C1+C2-
!! EWK PROCESS C1N1 NOT FOUND !! WILL TRY TO LOOK FOR +/- MODES !!
XSEC FOUND FOR: C1+N1
XSEC FOUND FOR: C1-N1
!! EWK PROCESS C1N2 NOT FOUND !! WILL TRY TO LOOK FOR +/- MODES !!
XSEC FOUND FOR: C1+N2
XSEC FOUND FOR: C1-N2
!! EWK PROCESS C1N3 NOT FOUND !! WILL TRY TO LOOK FOR +/- MODES !!
XSEC FOUND FOR: C1+N3
XSEC FOUND FOR: C1-N3
!! EWK PROCESS C1N4 NOT FOUND !! WILL TRY TO LOOK FOR +/- MODES !!
XSEC FOUND FOR: C1+N4
XSEC FOUND FOR: C1-N4
!! EWK PROCESS C2N1 NOT FOUND !! WILL TRY TO LOOK FOR +/- MODES !!
XSEC FOUND FOR: C2+N1
XSEC FOUND FOR: C2-N1
!! EWK PROCESS C2N2 NOT FOUND !! WILL TRY TO LOOK FOR +/- MODES !!
XSEC FOUND FOR: C2+N2
XSEC FOUND FOR: C2-N2
!! EWK PROCESS C2N3 NOT FOUND !! WILL TRY TO LOOK FOR +/- MODES !!
XSEC FOUND FOR: C2+N3
XSEC FOUND FOR: C2-N3
!! EWK PROCESS C2N4 NOT FOUND !! WILL TRY TO LOOK FOR +/- MODES !!
XSEC FOUND FOR: C2+N4
XSEC FOUND FOR: C2-N4
---------------  Output inclusive processes  ---------------
The total xsec = 996143.44 [fb]
The total rate = 100.00%
Output upto 0.10%
                              Modes : xsec/fb      (rate)
               GqQqN1_QqC1nTAU1taN1 : 117632.1200925 (11.83)%
       QqC1nTAU1taN1_QqN2taTAU1taN1 : 80826.7888107 (8.13)%
        QqC1nTAU1taN1_QqC1nTAU1taN1 : 80772.0313856 (8.12)%
              GqQqN1_QqN2taTAU1taN1 : 58855.9329571 (5.92)%
              QqC1nTAU1taN1_QqC1wN1 : 42612.0332165 (4.28)%
     GtT1bC1nTAU1taN1_QqC1nTAU1taN1 : 33630.8844848 (3.38)%
                     GqQqN1_QqC1wN1 : 31028.9571943 (3.12)%
           C1nTAU1taN1_N2taTAU1taN1 : 27057.3406408 (2.72)%
              QqC1nTAU1taN1_QqN2zN1 : 21485.2189501 (2.16)%
             QqC1wN1_QqN2taTAU1taN1 : 21320.4605017 (2.14)%
      QqN2taTAU1taN1_QqN2taTAU1taN1 : 20220.3958393 (2.03)%
              GbB2bN1_QqC1nTAU1taN1 : 17334.4098940 (1.74)%
    GtT1bC1nTAU1taN1_QqN2taTAU1taN1 : 16826.8418606 (1.69)%
                      GqQqN1_GqQqN1 : 15690.8116374 (1.58)%
                     GqQqN1_QqN2zN1 : 15644.9690096 (1.57)%
            C1nTAU1taN1_C1nTAU1taN1 : 14249.2221710 (1.43)%
    GtT1tN2taTAU1taN1_QqC1nTAU1taN1 : 13070.8880355 (1.31)%
     GbB1tC1nTAU1taN1_QqC1nTAU1taN1 : 12183.1305859 (1.22)%
             QqN2taTAU1taN1_QqN2zN1 : 10749.8921646 (1.08)%
      T1bC1nTAU1taN1_T1bC1nTAU1taN1 : 9014.2371027 (0.91)%
            GqQqN1_GtT1bC1nTAU1taN1 : 8971.9691057 (0.90)%
           GtT1bC1wN1_QqC1nTAU1taN1 : 8871.1422889 (0.89)%
           GtT1bC1nTAU1taN1_QqC1wN1 : 8871.1422889 (0.89)%
             GbB2bN1_QqN2taTAU1taN1 : 8673.0806668 (0.87)%
                  C1nTAU1taN1_C1wN1 : 7517.3091235 (0.76)%
                  C1nTAU1taN1_N2zN1 : 7192.3293802 (0.72)%
                 C1wN1_N2taTAU1taN1 : 7137.1753214 (0.72)%
     T1bC1nTAU1taN1_T1tN2taTAU1taN1 : 7006.8977192 (0.70)%
    GbB1bN2taTAU1taN1_QqC1nTAU1taN1 : 6903.2160555 (0.69)%
   GtT1tN2taTAU1taN1_QqN2taTAU1taN1 : 6539.8745624 (0.66)%
    GbB1tC1nTAU1taN1_QqN2taTAU1taN1 : 6095.6949208 (0.61)%
                    QqC1wN1_QqN2zN1 : 5667.3631198 (0.57)%
                    QqC1wN1_QqC1wN1 : 5620.0931922 (0.57)%
            T1bC1nTAU1taN1_T1bC1wN1 : 4755.5442676 (0.48)%
                     GbB2bN1_GqQqN1 : 4624.4335353 (0.46)%
                    GbB2bN1_QqC1wN1 : 4572.4642399 (0.46)%
           GtT1bC1nTAU1taN1_QqN2zN1 : 4472.8781996 (0.45)%
          GtT1bC1wN1_QqN2taTAU1taN1 : 4438.5781315 (0.45)%
                 QqC1nTAU1taN1_QqN1 : 4396.7805904 (0.44)%
              GtT1tN1_QqC1nTAU1taN1 : 4065.3357847 (0.41)%
  GbB1wT1bC1nTAU1taN1_QqC1nTAU1taN1 : 3583.2891858 (0.36)%
           GqQqN1_GtT1tN2taTAU1taN1 : 3487.0210949 (0.35)%
           GtT1tN2zN1_QqC1nTAU1taN1 : 3474.4778983 (0.35)%
   GbB1bN2taTAU1taN1_QqN2taTAU1taN1 : 3453.9479611 (0.35)%
          GtT1tN2taTAU1taN1_QqC1wN1 : 3447.8340187 (0.35)%
  GbB1tC2hC1nTAU1taN1_QqC1nTAU1taN1 : 3319.9360213 (0.33)%
  GbB1tC2zC1nTAU1taN1_QqC1nTAU1taN1 : 3297.8575637 (0.33)%
 GbB1tC2wN2taTAU1taN1_QqC1nTAU1taN1 : 3258.6251075 (0.33)%
            GbB1tC1nTAU1taN1_GqQqN1 : 3250.1872282 (0.33)%
           GbB1tC1wN1_QqC1nTAU1taN1 : 3213.6616865 (0.32)%
           GbB1tC1nTAU1taN1_QqC1wN1 : 3213.6616865 (0.32)%
                        GqQqN1_QqN1 : 3201.6195059 (0.32)%
                        B2bN1_B2bN1 : 2763.5720091 (0.28)%
                  GqQqN1_GtT1bC1wN1 : 2366.6226972 (0.24)%
                 GtT1bC1wN1_QqC1wN1 : 2340.0266367 (0.24)%
                    GbB2bN1_QqN2zN1 : 2305.4613432 (0.23)%
                QqN1_QqN2taTAU1taN1 : 2199.8806402 (0.22)%
               T1bC1nTAU1taN1_T1tN1 : 2179.3004392 (0.22)%
             GtT1tN1_QqN2taTAU1taN1 : 2034.0458899 (0.20)%
                        C1wN1_N2zN1 : 1897.1899877 (0.19)%
           GbB1tC2wN1_QqC1nTAU1taN1 : 1892.0585242 (0.19)%
            T1bC1nTAU1taN1_T1tN2zN1 : 1862.5598502 (0.19)%
           T1bC1wN1_T1tN2taTAU1taN1 : 1848.2768926 (0.19)%
           GbB1bN2taTAU1taN1_GqQqN1 : 1841.6239159 (0.19)%
           GbB1bN2zN1_QqC1nTAU1taN1 : 1834.9993931 (0.18)%
          GbB1bN2taTAU1taN1_QqC1wN1 : 1820.9277816 (0.18)%
 GbB1wT1bC1nTAU1taN1_QqN2taTAU1taN1 : 1792.8591946 (0.18)%
          GtT1tN2taTAU1taN1_QqN2zN1 : 1738.4166679 (0.17)%
          GtT1tN2zN1_QqN2taTAU1taN1 : 1738.4166679 (0.17)%
 GbB1tC2hC1nTAU1taN1_QqN2taTAU1taN1 : 1661.0933454 (0.17)%
 GbB1tC2zC1nTAU1taN1_QqN2taTAU1taN1 : 1650.0466328 (0.17)%
GbB1tC2wN2taTAU1taN1_QqN2taTAU1taN1 : 1630.4171064 (0.16)%
           GbB1tC1nTAU1taN1_QqN2zN1 : 1620.3457041 (0.16)%
          GbB1tC1wN1_QqN2taTAU1taN1 : 1607.9201549 (0.16)%
                  TAU1taN1_TAU1taN1 : 1538.5354363 (0.15)%
                    QqN2zN1_QqN2zN1 : 1428.7576572 (0.14)%
 GbB1wT1tN2taTAU1taN1_QqC1nTAU1taN1 : 1392.6714228 (0.14)%
    T1tN2taTAU1taN1_T1tN2taTAU1taN1 : 1361.6408989 (0.14)%
           GbB2bN1_GtT1bC1nTAU1taN1 : 1322.1200971 (0.13)%
  GtT1bC1nTAU1taN1_GtT1bC1nTAU1taN1 : 1282.5376962 (0.13)%
                 GtT1bC1wN1_QqN2zN1 : 1179.8541596 (0.12)%
                       QqC1wN1_QqN1 : 1159.7811603 (0.12)%
                     GqQqN1_GtT1tN1 : 1084.5408208 (0.11)%
                    GtT1tN1_QqC1wN1 : 1072.3527719 (0.11)%
 GtT1bC1nTAU1taN1_GtT1tN2taTAU1taN1 : 996.9352210 (0.10)%
                        C1wN1_C1wN1 : 991.4565122 (0.10)%
------------------------------------------------------------
                                                  SUM=88.90%

SHOWING PROCESSES TO GET 90.00% SUSY COVERAGE
---------------  Output inclusive processes  ---------------
The total xsec = 996143.44 [fb]
The total rate = 100.00%
                              Modes : xsec/fb      (rate)
               GqQqN1_QqC1nTAU1taN1 : 117632.1200925 (11.83)%
       QqC1nTAU1taN1_QqN2taTAU1taN1 : 80826.7888107 (8.13)%
        QqC1nTAU1taN1_QqC1nTAU1taN1 : 80772.0313856 (8.12)%
              GqQqN1_QqN2taTAU1taN1 : 58855.9329571 (5.92)%
              QqC1nTAU1taN1_QqC1wN1 : 42612.0332165 (4.28)%
     GtT1bC1nTAU1taN1_QqC1nTAU1taN1 : 33630.8844848 (3.38)%
                     GqQqN1_QqC1wN1 : 31028.9571943 (3.12)%
           C1nTAU1taN1_N2taTAU1taN1 : 27057.3406408 (2.72)%
              QqC1nTAU1taN1_QqN2zN1 : 21485.2189501 (2.16)%
             QqC1wN1_QqN2taTAU1taN1 : 21320.4605017 (2.14)%
      QqN2taTAU1taN1_QqN2taTAU1taN1 : 20220.3958393 (2.03)%
              GbB2bN1_QqC1nTAU1taN1 : 17334.4098940 (1.74)%
    GtT1bC1nTAU1taN1_QqN2taTAU1taN1 : 16826.8418606 (1.69)%
                      GqQqN1_GqQqN1 : 15690.8116374 (1.58)%
                     GqQqN1_QqN2zN1 : 15644.9690096 (1.57)%
            C1nTAU1taN1_C1nTAU1taN1 : 14249.2221710 (1.43)%
    GtT1tN2taTAU1taN1_QqC1nTAU1taN1 : 13070.8880355 (1.31)%
     GbB1tC1nTAU1taN1_QqC1nTAU1taN1 : 12183.1305859 (1.22)%
             QqN2taTAU1taN1_QqN2zN1 : 10749.8921646 (1.08)%
      T1bC1nTAU1taN1_T1bC1nTAU1taN1 : 9014.2371027 (0.91)%
            GqQqN1_GtT1bC1nTAU1taN1 : 8971.9691057 (0.90)%
           GtT1bC1wN1_QqC1nTAU1taN1 : 8871.1422889 (0.89)%
           GtT1bC1nTAU1taN1_QqC1wN1 : 8871.1422889 (0.89)%
             GbB2bN1_QqN2taTAU1taN1 : 8673.0806668 (0.87)%
                  C1nTAU1taN1_C1wN1 : 7517.3091235 (0.76)%
                  C1nTAU1taN1_N2zN1 : 7192.3293802 (0.72)%
                 C1wN1_N2taTAU1taN1 : 7137.1753214 (0.72)%
     T1bC1nTAU1taN1_T1tN2taTAU1taN1 : 7006.8977192 (0.70)%
    GbB1bN2taTAU1taN1_QqC1nTAU1taN1 : 6903.2160555 (0.69)%
   GtT1tN2taTAU1taN1_QqN2taTAU1taN1 : 6539.8745624 (0.66)%
    GbB1tC1nTAU1taN1_QqN2taTAU1taN1 : 6095.6949208 (0.61)%
                    QqC1wN1_QqN2zN1 : 5667.3631198 (0.57)%
                    QqC1wN1_QqC1wN1 : 5620.0931922 (0.57)%
            T1bC1nTAU1taN1_T1bC1wN1 : 4755.5442676 (0.48)%
                     GbB2bN1_GqQqN1 : 4624.4335353 (0.46)%
                    GbB2bN1_QqC1wN1 : 4572.4642399 (0.46)%
           GtT1bC1nTAU1taN1_QqN2zN1 : 4472.8781996 (0.45)%
          GtT1bC1wN1_QqN2taTAU1taN1 : 4438.5781315 (0.45)%
                 QqC1nTAU1taN1_QqN1 : 4396.7805904 (0.44)%
              GtT1tN1_QqC1nTAU1taN1 : 4065.3357847 (0.41)%
  GbB1wT1bC1nTAU1taN1_QqC1nTAU1taN1 : 3583.2891858 (0.36)%
           GqQqN1_GtT1tN2taTAU1taN1 : 3487.0210949 (0.35)%
           GtT1tN2zN1_QqC1nTAU1taN1 : 3474.4778983 (0.35)%
   GbB1bN2taTAU1taN1_QqN2taTAU1taN1 : 3453.9479611 (0.35)%
          GtT1tN2taTAU1taN1_QqC1wN1 : 3447.8340187 (0.35)%
  GbB1tC2hC1nTAU1taN1_QqC1nTAU1taN1 : 3319.9360213 (0.33)%
  GbB1tC2zC1nTAU1taN1_QqC1nTAU1taN1 : 3297.8575637 (0.33)%
 GbB1tC2wN2taTAU1taN1_QqC1nTAU1taN1 : 3258.6251075 (0.33)%
            GbB1tC1nTAU1taN1_GqQqN1 : 3250.1872282 (0.33)%
           GbB1tC1wN1_QqC1nTAU1taN1 : 3213.6616865 (0.32)%
           GbB1tC1nTAU1taN1_QqC1wN1 : 3213.6616865 (0.32)%
                        GqQqN1_QqN1 : 3201.6195059 (0.32)%
                        B2bN1_B2bN1 : 2763.5720091 (0.28)%
                  GqQqN1_GtT1bC1wN1 : 2366.6226972 (0.24)%
                 GtT1bC1wN1_QqC1wN1 : 2340.0266367 (0.24)%
                    GbB2bN1_QqN2zN1 : 2305.4613432 (0.23)%
                QqN1_QqN2taTAU1taN1 : 2199.8806402 (0.22)%
               T1bC1nTAU1taN1_T1tN1 : 2179.3004392 (0.22)%
             GtT1tN1_QqN2taTAU1taN1 : 2034.0458899 (0.20)%
                        C1wN1_N2zN1 : 1897.1899877 (0.19)%
           GbB1tC2wN1_QqC1nTAU1taN1 : 1892.0585242 (0.19)%
            T1bC1nTAU1taN1_T1tN2zN1 : 1862.5598502 (0.19)%
           T1bC1wN1_T1tN2taTAU1taN1 : 1848.2768926 (0.19)%
           GbB1bN2taTAU1taN1_GqQqN1 : 1841.6239159 (0.19)%
           GbB1bN2zN1_QqC1nTAU1taN1 : 1834.9993931 (0.18)%
          GbB1bN2taTAU1taN1_QqC1wN1 : 1820.9277816 (0.18)%
 GbB1wT1bC1nTAU1taN1_QqN2taTAU1taN1 : 1792.8591946 (0.18)%
          GtT1tN2taTAU1taN1_QqN2zN1 : 1738.4166679 (0.17)%
          GtT1tN2zN1_QqN2taTAU1taN1 : 1738.4166679 (0.17)%
 GbB1tC2hC1nTAU1taN1_QqN2taTAU1taN1 : 1661.0933454 (0.17)%
 GbB1tC2zC1nTAU1taN1_QqN2taTAU1taN1 : 1650.0466328 (0.17)%
GbB1tC2wN2taTAU1taN1_QqN2taTAU1taN1 : 1630.4171064 (0.16)%
           GbB1tC1nTAU1taN1_QqN2zN1 : 1620.3457041 (0.16)%
          GbB1tC1wN1_QqN2taTAU1taN1 : 1607.9201549 (0.16)%
                  TAU1taN1_TAU1taN1 : 1538.5354363 (0.15)%
                    QqN2zN1_QqN2zN1 : 1428.7576572 (0.14)%
 GbB1wT1tN2taTAU1taN1_QqC1nTAU1taN1 : 1392.6714228 (0.14)%
    T1tN2taTAU1taN1_T1tN2taTAU1taN1 : 1361.6408989 (0.14)%
           GbB2bN1_GtT1bC1nTAU1taN1 : 1322.1200971 (0.13)%
  GtT1bC1nTAU1taN1_GtT1bC1nTAU1taN1 : 1282.5376962 (0.13)%
                 GtT1bC1wN1_QqN2zN1 : 1179.8541596 (0.12)%
                       QqC1wN1_QqN1 : 1159.7811603 (0.12)%
                     GqQqN1_GtT1tN1 : 1084.5408208 (0.11)%
                    GtT1tN1_QqC1wN1 : 1072.3527719 (0.11)%
 GtT1bC1nTAU1taN1_GtT1tN2taTAU1taN1 : 996.9352210 (0.10)%
                        C1wN1_C1wN1 : 991.4565122 (0.10)%
                          EeN1_EeN1 : 968.5416589 (0.10)%
         GbB1wT1bC1nTAU1taN1_GqQqN1 : 955.9415509 (0.10)%
                  TAU2taN1_TAU2taN1 : 951.4356543 (0.10)%
          GbB1tC2wN1_QqN2taTAU1taN1 : 946.6705995 (0.10)%
        GbB1wT1bC1wN1_QqC1nTAU1taN1 : 945.1986981 (0.10)%
        GbB1wT1bC1nTAU1taN1_QqC1wN1 : 945.1986981 (0.10)%
  GbB1tC1nTAU1taN1_GtT1bC1nTAU1taN1 : 929.2246976 (0.09)%
                  GqQqN1_GtT1tN2zN1 : 926.9131288 (0.09)%
          GbB1bN2zN1_QqN2taTAU1taN1 : 918.1216930 (0.09)%
          GbB1bN2taTAU1taN1_QqN2zN1 : 918.1216930 (0.09)%
                 GtT1tN2zN1_QqC1wN1 : 916.4964968 (0.09)%
              GtT1bC1nTAU1taN1_QqN1 : 915.3392431 (0.09)%
------------------------------------------------------------
                                                  SUM=90.03%
