/Users/rafalmaselek/Projects/fastlim-1.0
 
#################################################################
#                                                               #
#                                                               #
#                     This is Fastlim  ver. 1.0                 #
#                                                               #
#          A fast LHC limit calculator for BSM models.          #
#                                                               #
#                  http://cern.ch/fastlim-1.0/                  #
#                                                               #
#  for bugs/feature requests: fastlim-1.0.developers@gmail.com  #
#                                                               #
#    please refer to:                                           #
#    M.Papucci, K.Sakurai, A.Weiler, L.Zeune arXiv:1402.xxxx    #
#                                                               #
#################################################################
 

!! Masses incompatible with the data for ERER !!

!! Problem with reading tables for ER ER !! Probably mass outside the table !! Setting xsec to 10^-20 !!

!! Masses incompatible with the data for ELEL !!

!! Problem with reading tables for EL EL !! Probably mass outside the table !! Setting xsec to 10^-20 !!

!! Masses incompatible with the data for TAU1TAU1 !!

!! Problem with reading tables for TAU1 TAU1 !! Probably mass outside the table !! Setting xsec to 10^-20 !!

!! Masses incompatible with the data for TAU2TAU2 !!

!! Problem with reading tables for TAU2 TAU2 !! Probably mass outside the table !! Setting xsec to 10^-20 !!
!! EWK PROCESS C1C2 NOT FOUND !! WILL TRY TO LOOK FOR +/- MODES !!
XSEC FOUND FOR: C1-C2+
XSEC FOUND FOR: C1+C2-
!! EWK PROCESS C1N1 NOT FOUND !! WILL TRY TO LOOK FOR +/- MODES !!
XSEC FOUND FOR: C1+N1
XSEC FOUND FOR: C1-N1
!! EWK PROCESS C1N2 NOT FOUND !! WILL TRY TO LOOK FOR +/- MODES !!
XSEC FOUND FOR: C1+N2
XSEC FOUND FOR: C1-N2
!! EWK PROCESS C1N3 NOT FOUND !! WILL TRY TO LOOK FOR +/- MODES !!
XSEC FOUND FOR: C1+N3
XSEC FOUND FOR: C1-N3
!! EWK PROCESS C1N4 NOT FOUND !! WILL TRY TO LOOK FOR +/- MODES !!
XSEC FOUND FOR: C1+N4
XSEC FOUND FOR: C1-N4
!! EWK PROCESS C2N1 NOT FOUND !! WILL TRY TO LOOK FOR +/- MODES !!
XSEC FOUND FOR: C2+N1
XSEC FOUND FOR: C2-N1
!! EWK PROCESS C2N2 NOT FOUND !! WILL TRY TO LOOK FOR +/- MODES !!
XSEC FOUND FOR: C2+N2
XSEC FOUND FOR: C2-N2
!! EWK PROCESS C2N3 NOT FOUND !! WILL TRY TO LOOK FOR +/- MODES !!
XSEC FOUND FOR: C2+N3
XSEC FOUND FOR: C2-N3
!! EWK PROCESS C2N4 NOT FOUND !! WILL TRY TO LOOK FOR +/- MODES !!
XSEC FOUND FOR: C2+N4
XSEC FOUND FOR: C2-N4
---------------  Output inclusive processes  ---------------
The total xsec = 4445.23 [fb]
The total rate = 100.00%
Output upto 0.10%
                        Modes : xsec/fb      (rate)
                  C1wN1_N2hN1 : 1974.0173028 (44.41)%
                  C1wN1_C1wN1 : 981.5183703 (22.08)%
              QqC1wN1_QqC1wN1 : 58.8398397 (1.32)%
                  C1wN1_N2zN1 : 57.6752805 (1.30)%
              QqC1wN1_QqN2hN1 : 57.2233390 (1.29)%
      QqC1wN1_QqGtT1tN3wC1wN1 : 24.1993884 (0.54)%
        GtT1tN3wC1wN1_QqC1wN1 : 23.7080850 (0.53)%
                        N1_N1 : 21.3257252 (0.48)%
      QqC1wN1_QqGtT1bC2hC1wN1 : 19.4782156 (0.44)%
        GtT1bC2hC1wN1_QqC1wN1 : 19.0827629 (0.43)%
      QqC1wN1_QqGtT1bC2zC1wN1 : 17.8803088 (0.40)%
        GtT1bC2zC1wN1_QqC1wN1 : 17.5172973 (0.39)%
         QqC1wN1_QqGtT1bC1wN1 : 17.4560511 (0.39)%
      QqC1wN1_QqGtT1bC2wN2hN1 : 17.3732831 (0.39)%
           GtT1bC1wN1_QqC1wN1 : 17.1016529 (0.38)%
        GtT1bC2wN2hN1_QqC1wN1 : 17.0205654 (0.38)%
      QqC1wN1_QqGtT1tN4wC1wN1 : 14.7134178 (0.33)%
        GtT1tN4wC1wN1_QqC1wN1 : 14.4147015 (0.32)%
                  N2hN1_N2hN1 : 14.2346327 (0.32)%
              QqN2hN1_QqN2hN1 : 13.9128121 (0.31)%
            C2hC1wN1_N3wC1wN1 : 13.2715466 (0.30)%
            C2hC1wN1_N4wC1wN1 : 12.8748880 (0.29)%
            C2zC1wN1_N3wC1wN1 : 12.1828076 (0.27)%
            C2wN2hN1_N3wC1wN1 : 11.8373439 (0.27)%
            C2zC1wN1_N4wC1wN1 : 11.8186890 (0.27)%
      QqGtT1tN3wC1wN1_QqN2hN1 : 11.7672806 (0.26)%
        GtT1tN3wC1wN1_QqN2hN1 : 11.5283776 (0.26)%
      QqC1wN1_QqGtT1tN3zN2hN1 : 11.5086320 (0.26)%
            C2wN2hN1_N4wC1wN1 : 11.4835506 (0.26)%
            N3wC1wN1_N4wC1wN1 : 11.3531255 (0.26)%
        GtT1tN3zN2hN1_QqC1wN1 : 11.2749802 (0.25)%
            QqC1wN1_QqGtT1tN1 : 10.9366291 (0.25)%
              GtT1tN1_QqC1wN1 : 10.7145903 (0.24)%
      QqGtT1bC2hC1wN1_QqN2hN1 : 9.4715463 (0.21)%
        GtT1bC2hC1wN1_QqN2hN1 : 9.2792521 (0.21)%
      QqGtT1bC2zC1wN1_QqN2hN1 : 8.6945425 (0.20)%
        GtT1bC2zC1wN1_QqN2hN1 : 8.5180232 (0.19)%
         QqGtT1bC1wN1_QqN2hN1 : 8.4882414 (0.19)%
      QqGtT1bC2wN2hN1_QqN2hN1 : 8.4479944 (0.19)%
           GtT1bC1wN1_QqN2hN1 : 8.3159105 (0.19)%
        GtT1bC2wN2hN1_QqN2hN1 : 8.2764806 (0.19)%
         QqC1wN1_QqGtT1tN2hN1 : 8.0995565 (0.18)%
           GtT1tN2hN1_QqC1wN1 : 7.9351168 (0.18)%
            C2hC1wN1_C2zC1wN1 : 7.8929178 (0.18)%
            C2hC1wN1_C2wN2hN1 : 7.6691010 (0.17)%
      QqC1wN1_QqGtT1tN4hN2hN1 : 7.6562637 (0.17)%
        GtT1tN4hN2hN1_QqC1wN1 : 7.5008239 (0.17)%
      QqGtT1tN4wC1wN1_QqN2hN1 : 7.1545988 (0.16)%
            C2wN2hN1_C2zC1wN1 : 7.0399619 (0.16)%
         QqC1wN1_QqGtT1bC2wN1 : 7.0237128 (0.16)%
        GtT1tN4wC1wN1_QqN2hN1 : 7.0093440 (0.16)%
           GtT1bC2wN1_QqC1wN1 : 6.8811153 (0.15)%
                     C1wN1_N1 : 6.7139061 (0.15)%
            C2hC1wN1_N4hN2hN1 : 6.6995676 (0.15)%
            C2hC1wN1_N3zN2hN1 : 6.3116201 (0.14)%
            C2zC1wN1_N4hN2hN1 : 6.1499647 (0.14)%
            C2wN2hN1_N4hN2hN1 : 5.9755723 (0.13)%
            N3wC1wN1_N4hN2hN1 : 5.9077043 (0.13)%
            C2zC1wN1_N3zN2hN1 : 5.7938427 (0.13)%
            C2wN2hN1_N3zN2hN1 : 5.6295487 (0.13)%
      QqGtT1tN3zN2hN1_QqN2hN1 : 5.5962283 (0.13)%
        GtT1tN3zN2hN1_QqN2hN1 : 5.4826119 (0.12)%
            N3zN2hN1_N4wC1wN1 : 5.3992663 (0.12)%
            QqGtT1tN1_QqN2hN1 : 5.3180841 (0.12)%
              GtT1tN1_QqN2hN1 : 5.2101148 (0.12)%
         QqC1wN1_QqGtT1tN3zN1 : 5.0105826 (0.11)%
           GtT1tN3zN1_QqC1wN1 : 4.9088562 (0.11)%
GtT1tN3wC1wN1_QqGtT1tN3wC1wN1 : 4.8752780 (0.11)%
               C2wN1_N3wC1wN1 : 4.7856300 (0.11)%
               C2wN1_N4wC1wN1 : 4.6425975 (0.10)%
            C2hC1wN1_C2hC1wN1 : 4.2991415 (0.10)%
------------------------------------------------------------
                                            SUM=85.65%

SHOWING PROCESSES TO GET 90.00% SUSY COVERAGE
---------------  Output inclusive processes  ---------------
The total xsec = 4445.23 [fb]
The total rate = 100.00%
                          Modes : xsec/fb      (rate)
                    C1wN1_N2hN1 : 1974.0173028 (44.41)%
                    C1wN1_C1wN1 : 981.5183703 (22.08)%
                QqC1wN1_QqC1wN1 : 58.8398397 (1.32)%
                    C1wN1_N2zN1 : 57.6752805 (1.30)%
                QqC1wN1_QqN2hN1 : 57.2233390 (1.29)%
        QqC1wN1_QqGtT1tN3wC1wN1 : 24.1993884 (0.54)%
          GtT1tN3wC1wN1_QqC1wN1 : 23.7080850 (0.53)%
                          N1_N1 : 21.3257252 (0.48)%
        QqC1wN1_QqGtT1bC2hC1wN1 : 19.4782156 (0.44)%
          GtT1bC2hC1wN1_QqC1wN1 : 19.0827629 (0.43)%
        QqC1wN1_QqGtT1bC2zC1wN1 : 17.8803088 (0.40)%
          GtT1bC2zC1wN1_QqC1wN1 : 17.5172973 (0.39)%
           QqC1wN1_QqGtT1bC1wN1 : 17.4560511 (0.39)%
        QqC1wN1_QqGtT1bC2wN2hN1 : 17.3732831 (0.39)%
             GtT1bC1wN1_QqC1wN1 : 17.1016529 (0.38)%
          GtT1bC2wN2hN1_QqC1wN1 : 17.0205654 (0.38)%
        QqC1wN1_QqGtT1tN4wC1wN1 : 14.7134178 (0.33)%
          GtT1tN4wC1wN1_QqC1wN1 : 14.4147015 (0.32)%
                    N2hN1_N2hN1 : 14.2346327 (0.32)%
                QqN2hN1_QqN2hN1 : 13.9128121 (0.31)%
              C2hC1wN1_N3wC1wN1 : 13.2715466 (0.30)%
              C2hC1wN1_N4wC1wN1 : 12.8748880 (0.29)%
              C2zC1wN1_N3wC1wN1 : 12.1828076 (0.27)%
              C2wN2hN1_N3wC1wN1 : 11.8373439 (0.27)%
              C2zC1wN1_N4wC1wN1 : 11.8186890 (0.27)%
        QqGtT1tN3wC1wN1_QqN2hN1 : 11.7672806 (0.26)%
          GtT1tN3wC1wN1_QqN2hN1 : 11.5283776 (0.26)%
        QqC1wN1_QqGtT1tN3zN2hN1 : 11.5086320 (0.26)%
              C2wN2hN1_N4wC1wN1 : 11.4835506 (0.26)%
              N3wC1wN1_N4wC1wN1 : 11.3531255 (0.26)%
          GtT1tN3zN2hN1_QqC1wN1 : 11.2749802 (0.25)%
              QqC1wN1_QqGtT1tN1 : 10.9366291 (0.25)%
                GtT1tN1_QqC1wN1 : 10.7145903 (0.24)%
        QqGtT1bC2hC1wN1_QqN2hN1 : 9.4715463 (0.21)%
          GtT1bC2hC1wN1_QqN2hN1 : 9.2792521 (0.21)%
        QqGtT1bC2zC1wN1_QqN2hN1 : 8.6945425 (0.20)%
          GtT1bC2zC1wN1_QqN2hN1 : 8.5180232 (0.19)%
           QqGtT1bC1wN1_QqN2hN1 : 8.4882414 (0.19)%
        QqGtT1bC2wN2hN1_QqN2hN1 : 8.4479944 (0.19)%
             GtT1bC1wN1_QqN2hN1 : 8.3159105 (0.19)%
          GtT1bC2wN2hN1_QqN2hN1 : 8.2764806 (0.19)%
           QqC1wN1_QqGtT1tN2hN1 : 8.0995565 (0.18)%
             GtT1tN2hN1_QqC1wN1 : 7.9351168 (0.18)%
              C2hC1wN1_C2zC1wN1 : 7.8929178 (0.18)%
              C2hC1wN1_C2wN2hN1 : 7.6691010 (0.17)%
        QqC1wN1_QqGtT1tN4hN2hN1 : 7.6562637 (0.17)%
          GtT1tN4hN2hN1_QqC1wN1 : 7.5008239 (0.17)%
        QqGtT1tN4wC1wN1_QqN2hN1 : 7.1545988 (0.16)%
              C2wN2hN1_C2zC1wN1 : 7.0399619 (0.16)%
           QqC1wN1_QqGtT1bC2wN1 : 7.0237128 (0.16)%
          GtT1tN4wC1wN1_QqN2hN1 : 7.0093440 (0.16)%
             GtT1bC2wN1_QqC1wN1 : 6.8811153 (0.15)%
                       C1wN1_N1 : 6.7139061 (0.15)%
              C2hC1wN1_N4hN2hN1 : 6.6995676 (0.15)%
              C2hC1wN1_N3zN2hN1 : 6.3116201 (0.14)%
              C2zC1wN1_N4hN2hN1 : 6.1499647 (0.14)%
              C2wN2hN1_N4hN2hN1 : 5.9755723 (0.13)%
              N3wC1wN1_N4hN2hN1 : 5.9077043 (0.13)%
              C2zC1wN1_N3zN2hN1 : 5.7938427 (0.13)%
              C2wN2hN1_N3zN2hN1 : 5.6295487 (0.13)%
        QqGtT1tN3zN2hN1_QqN2hN1 : 5.5962283 (0.13)%
          GtT1tN3zN2hN1_QqN2hN1 : 5.4826119 (0.12)%
              N3zN2hN1_N4wC1wN1 : 5.3992663 (0.12)%
              QqGtT1tN1_QqN2hN1 : 5.3180841 (0.12)%
                GtT1tN1_QqN2hN1 : 5.2101148 (0.12)%
           QqC1wN1_QqGtT1tN3zN1 : 5.0105826 (0.11)%
             GtT1tN3zN1_QqC1wN1 : 4.9088562 (0.11)%
  GtT1tN3wC1wN1_QqGtT1tN3wC1wN1 : 4.8752780 (0.11)%
                 C2wN1_N3wC1wN1 : 4.7856300 (0.11)%
                 C2wN1_N4wC1wN1 : 4.6425975 (0.10)%
              C2hC1wN1_C2hC1wN1 : 4.2991415 (0.10)%
QqGtT1bC2hC1wN1_QqGtT1tN3wC1wN1 : 4.0054571 (0.09)%
           QqGtT1tN2hN1_QqN2hN1 : 3.9385191 (0.09)%
  GtT1bC2hC1wN1_QqGtT1tN3wC1wN1 : 3.9241371 (0.09)%
  GtT1tN3wC1wN1_QqGtT1bC2hC1wN1 : 3.9241371 (0.09)%
             GtT1tN2hN1_QqN2hN1 : 3.8585581 (0.09)%
        QqGtT1tN4hN2hN1_QqN2hN1 : 3.7229620 (0.08)%
QqGtT1bC2zC1wN1_QqGtT1tN3wC1wN1 : 3.6768671 (0.08)%
          GtT1tN4hN2hN1_QqN2hN1 : 3.6473773 (0.08)%
              C2zC1wN1_C2zC1wN1 : 3.6227088 (0.08)%
  GtT1tN3wC1wN1_QqGtT1bC2zC1wN1 : 3.6022182 (0.08)%
  GtT1bC2zC1wN1_QqGtT1tN3wC1wN1 : 3.6022182 (0.08)%
   QqGtT1bC1wN1_QqGtT1tN3wC1wN1 : 3.5896236 (0.08)%
QqGtT1bC2wN2hN1_QqGtT1tN3wC1wN1 : 3.5726034 (0.08)%
     GtT1bC1wN1_QqGtT1tN3wC1wN1 : 3.5167460 (0.08)%
     GtT1tN3wC1wN1_QqGtT1bC1wN1 : 3.5167460 (0.08)%
  GtT1bC2wN2hN1_QqGtT1tN3wC1wN1 : 3.5000713 (0.08)%
  GtT1tN3wC1wN1_QqGtT1bC2wN2hN1 : 3.5000713 (0.08)%
              C2wN2hN1_C2wN2hN1 : 3.4201660 (0.08)%
           QqGtT1bC2wN1_QqN2hN1 : 3.4153756 (0.08)%
             GtT1bC2wN1_QqN2hN1 : 3.3460356 (0.08)%
  GtT1bC2hC1wN1_QqGtT1bC2hC1wN1 : 3.1585587 (0.07)%
                 C2hC1wN1_C2wN1 : 3.1004827 (0.07)%
QqGtT1tN3wC1wN1_QqGtT1tN4wC1wN1 : 3.0256346 (0.07)%
    GtT1bC2hC1wN1_GtT1tN3wC1wN1 : 2.9737030 (0.07)%
  GtT1tN4wC1wN1_QqGtT1tN3wC1wN1 : 2.9642073 (0.07)%
  GtT1tN3wC1wN1_QqGtT1tN4wC1wN1 : 2.9642073 (0.07)%
QqGtT1bC2hC1wN1_QqGtT1bC2zC1wN1 : 2.9595297 (0.07)%
  GtT1bC2hC1wN1_QqGtT1bC2zC1wN1 : 2.8994445 (0.07)%
  GtT1bC2zC1wN1_QqGtT1bC2hC1wN1 : 2.8994445 (0.07)%
   QqGtT1bC1wN1_QqGtT1bC2hC1wN1 : 2.8893070 (0.06)%
           QqC1wN1_QqGtT1tN4hN1 : 2.8867301 (0.06)%
                 C1wN1_N3wC1wN1 : 2.8780813 (0.06)%
QqGtT1bC2hC1wN1_QqGtT1bC2wN2hN1 : 2.8756074 (0.06)%
                 C2wN1_C2zC1wN1 : 2.8461328 (0.06)%
     GtT1bC1wN1_QqGtT1bC2hC1wN1 : 2.8306474 (0.06)%
     GtT1bC2hC1wN1_QqGtT1bC1wN1 : 2.8306474 (0.06)%
             GtT1tN4hN1_QqC1wN1 : 2.8281228 (0.06)%
  GtT1bC2wN2hN1_QqGtT1bC2hC1wN1 : 2.8172259 (0.06)%
  GtT1bC2hC1wN1_QqGtT1bC2wN2hN1 : 2.8172259 (0.06)%
              N3zN2hN1_N4hN2hN1 : 2.8095584 (0.06)%
                 C2wN1_C2wN2hN1 : 2.7654260 (0.06)%
                 C2hC1wN1_N3zN1 : 2.7479281 (0.06)%
    GtT1bC2zC1wN1_GtT1tN3wC1wN1 : 2.7297535 (0.06)%
                   QqC1wN1_QqN1 : 2.6914991 (0.06)%
       GtT1bC1wN1_GtT1tN3wC1wN1 : 2.6649829 (0.06)%
  GtT1bC2zC1wN1_QqGtT1bC2zC1wN1 : 2.6615868 (0.06)%
    GtT1bC2wN2hN1_GtT1tN3wC1wN1 : 2.6523468 (0.06)%
   QqGtT1bC1wN1_QqGtT1bC2zC1wN1 : 2.6522811 (0.06)%
QqGtT1bC2wN2hN1_QqGtT1bC2zC1wN1 : 2.6397053 (0.06)%
     GtT1bC1wN1_QqGtT1bC2zC1wN1 : 2.5984336 (0.06)%
     GtT1bC2zC1wN1_QqGtT1bC1wN1 : 2.5984336 (0.06)%
  GtT1bC2zC1wN1_QqGtT1bC2wN2hN1 : 2.5861131 (0.06)%
  GtT1bC2wN2hN1_QqGtT1bC2zC1wN1 : 2.5861131 (0.06)%
   QqGtT1bC1wN1_QqGtT1bC2wN2hN1 : 2.5770712 (0.06)%
        GtT1bC1wN1_QqGtT1bC1wN1 : 2.5367789 (0.06)%
                 C2hC1wN1_N4hN1 : 2.5260159 (0.06)%
     GtT1bC1wN1_QqGtT1bC2wN2hN1 : 2.5247507 (0.06)%
     GtT1bC2wN2hN1_QqGtT1bC1wN1 : 2.5247507 (0.06)%
                 C2zC1wN1_N3zN1 : 2.5225003 (0.06)%
  GtT1bC2wN2hN1_QqGtT1bC2wN2hN1 : 2.5127796 (0.06)%
QqGtT1tN3wC1wN1_QqGtT1tN3wC1wN1 : 2.4881543 (0.06)%
                 C2wN2hN1_N3zN1 : 2.4509706 (0.06)%
           QqGtT1tN3zN1_QqN2hN1 : 2.4364637 (0.05)%
QqGtT1bC2hC1wN1_QqGtT1tN4wC1wN1 : 2.4353493 (0.05)%
                 C2wN1_N4hN2hN1 : 2.4158188 (0.05)%
------------------------------------------------------------
                                              SUM=90.05%
