/Users/rafalmaselek/Projects/fastlim-1.0
 
#################################################################
#                                                               #
#                                                               #
#                     This is Fastlim  ver. 1.0                 #
#                                                               #
#          A fast LHC limit calculator for BSM models.          #
#                                                               #
#                  http://cern.ch/fastlim-1.0/                  #
#                                                               #
#  for bugs/feature requests: fastlim-1.0.developers@gmail.com  #
#                                                               #
#    please refer to:                                           #
#    M.Papucci, K.Sakurai, A.Weiler, L.Zeune arXiv:1402.xxxx    #
#                                                               #
#################################################################
 

!! Masses incompatible with the data for ERER !!

!! Problem with reading tables for ER ER !! Probably mass outside the table !! Setting xsec to 10^-20 !!

!! Masses incompatible with the data for ELEL !!

!! Problem with reading tables for EL EL !! Probably mass outside the table !! Setting xsec to 10^-20 !!

!! Masses incompatible with the data for TAU1TAU1 !!

!! Problem with reading tables for TAU1 TAU1 !! Probably mass outside the table !! Setting xsec to 10^-20 !!

!! Masses incompatible with the data for TAU2TAU2 !!

!! Problem with reading tables for TAU2 TAU2 !! Probably mass outside the table !! Setting xsec to 10^-20 !!
!! EWK PROCESS C1C2 NOT FOUND !! WILL TRY TO LOOK FOR +/- MODES !!
XSEC FOUND FOR: C1-C2+
XSEC FOUND FOR: C1+C2-
!! EWK PROCESS C1N1 NOT FOUND !! WILL TRY TO LOOK FOR +/- MODES !!
XSEC FOUND FOR: C1+N1
XSEC FOUND FOR: C1-N1
!! EWK PROCESS C1N2 NOT FOUND !! WILL TRY TO LOOK FOR +/- MODES !!
XSEC FOUND FOR: C1+N2
XSEC FOUND FOR: C1-N2
!! EWK PROCESS C1N3 NOT FOUND !! WILL TRY TO LOOK FOR +/- MODES !!
XSEC FOUND FOR: C1+N3
XSEC FOUND FOR: C1-N3
!! EWK PROCESS C1N4 NOT FOUND !! WILL TRY TO LOOK FOR +/- MODES !!
XSEC FOUND FOR: C1+N4
XSEC FOUND FOR: C1-N4
!! EWK PROCESS C2N1 NOT FOUND !! WILL TRY TO LOOK FOR +/- MODES !!
XSEC FOUND FOR: C2+N1
XSEC FOUND FOR: C2-N1
!! EWK PROCESS C2N2 NOT FOUND !! WILL TRY TO LOOK FOR +/- MODES !!
XSEC FOUND FOR: C2+N2
XSEC FOUND FOR: C2-N2
!! EWK PROCESS C2N3 NOT FOUND !! WILL TRY TO LOOK FOR +/- MODES !!
XSEC FOUND FOR: C2+N3
XSEC FOUND FOR: C2-N3
!! EWK PROCESS C2N4 NOT FOUND !! WILL TRY TO LOOK FOR +/- MODES !!
XSEC FOUND FOR: C2+N4
XSEC FOUND FOR: C2-N4
---------------  Output inclusive processes  ---------------
The total xsec = 6063.95 [fb]
The total rate = 100.00%
Output upto 0.10%
                    Modes : xsec/fb      (rate)
              C1wN1_N2hN1 : 1589.2641879 (26.21)%
              C1wN1_C1wN1 : 855.6586115 (14.11)%
          QqC1wN1_QqC1wN1 : 742.9804946 (12.25)%
          QqC1wN1_QqN2hN1 : 684.2498020 (11.28)%
          QqN2hN1_QqN2hN1 : 157.5404048 (2.60)%
              C1wN1_N2zN1 : 141.1287721 (2.33)%
       GtT1bC1wN1_QqC1wN1 : 81.5287434 (1.34)%
          QqC1wN1_QqN2zN1 : 60.7622918 (1.00)%
       GtT1bC1wN1_QqN2hN1 : 37.5420532 (0.62)%
    GtT1tN3wC1wN1_QqC1wN1 : 35.1118258 (0.58)%
       GtT1tN2hN1_QqC1wN1 : 34.8747702 (0.58)%
             QqC1wN1_QqN1 : 34.1084343 (0.56)%
       GbB1tC1wN1_QqC1wN1 : 33.3383370 (0.55)%
                    N1_N1 : 30.5353648 (0.50)%
          QqN2hN1_QqN2zN1 : 27.9795947 (0.46)%
           GqQqN1_QqC1wN1 : 26.2490842 (0.43)%
          GtT1tN1_QqC1wN1 : 25.2456652 (0.42)%
    GtT1bC2hC1wN1_QqC1wN1 : 23.4145662 (0.39)%
    GtT1bC2zC1wN1_QqC1wN1 : 21.1518440 (0.35)%
    GtT2tN4wC1wN1_QqC1wN1 : 20.4023333 (0.34)%
    GtT1bC2wN2hN1_QqC1wN1 : 19.2535944 (0.32)%
    GbB1tC2hC1wN1_QqC1wN1 : 17.4893922 (0.29)%
              N2hN1_N2hN1 : 16.7976073 (0.28)%
       GbB1bN2hN1_QqC1wN1 : 16.1866311 (0.27)%
    GtT1tN3wC1wN1_QqN2hN1 : 16.1681632 (0.27)%
       GtT1tN2hN1_QqN2hN1 : 16.0590048 (0.26)%
    GbB1tC2zC1wN1_QqC1wN1 : 15.7992633 (0.26)%
             QqN1_QqN2hN1 : 15.7061253 (0.26)%
    GtT1tN3zN2hN1_QqC1wN1 : 15.4421230 (0.25)%
       GbB1tC1wN1_QqN2hN1 : 15.3515137 (0.25)%
    GbB1tC2wN2hN1_QqC1wN1 : 14.3813753 (0.24)%
    GbB2tC2hC1wN1_QqC1wN1 : 13.6246596 (0.22)%
    GtT2hT1bC1wN1_QqC1wN1 : 12.7812655 (0.21)%
    GbB2tC2zC1wN1_QqC1wN1 : 12.3080083 (0.20)%
    GtT2tN3wC1wN1_QqC1wN1 : 12.2457197 (0.20)%
           GqQqN1_QqN2hN1 : 12.0870809 (0.20)%
          GtT1tN1_QqN2hN1 : 11.6250302 (0.19)%
    GbB2tC2wN2hN1_QqC1wN1 : 11.2034393 (0.18)%
    GtT1bC2hC1wN1_QqN2hN1 : 10.7818525 (0.18)%
    GtT2tN4hN2hN1_QqC1wN1 : 10.0343196 (0.17)%
    GtT1bC2zC1wN1_QqN2hN1 : 9.7399227 (0.16)%
    GtT2bC2hC1wN1_QqC1wN1 : 9.6347900 (0.16)%
    GtT2tN4wC1wN1_QqN2hN1 : 9.3947907 (0.15)%
    GtT1tN4wC1wN1_QqC1wN1 : 8.9719269 (0.15)%
    GtT1bC2wN2hN1_QqN2hN1 : 8.8658237 (0.15)%
       GtT1bC2wN1_QqC1wN1 : 8.7306190 (0.14)%
    GtT2bC2zC1wN1_QqC1wN1 : 8.7037093 (0.14)%
                 C1wN1_N1 : 8.5800044 (0.14)%
 GtT1bC2nTAU1taN1_QqC1wN1 : 8.1370860 (0.13)%
    GbB1tC2hC1wN1_QqN2hN1 : 8.0534504 (0.13)%
    GtT2bC2wN2hN1_QqC1wN1 : 7.9226042 (0.13)%
        C2hC1wN1_N3wC1wN1 : 7.6894478 (0.13)%
        T1bC1wN1_T1bC1wN1 : 7.6438576 (0.13)%
    GbB2bN4wC1wN1_QqC1wN1 : 7.6389117 (0.13)%
GtT1tN3taTAU1taN1_QqC1wN1 : 7.5565349 (0.12)%
        C2hC1wN1_N4wC1wN1 : 7.4825933 (0.12)%
       GbB1bN2hN1_QqN2hN1 : 7.4535598 (0.12)%
    GbB2bN3wC1wN1_QqC1wN1 : 7.4133082 (0.12)%
    GbB1tC2zC1wN1_QqN2hN1 : 7.2751861 (0.12)%
    GbB1bN3wC1wN1_QqC1wN1 : 7.2490109 (0.12)%
    GtT1tN3zN2hN1_QqN2hN1 : 7.1107315 (0.12)%
        C2zC1wN1_N3wC1wN1 : 6.9463598 (0.11)%
        C2zC1wN1_N4wC1wN1 : 6.7594951 (0.11)%
    GbB1tC2wN2hN1_QqN2hN1 : 6.6222823 (0.11)%
        N3wC1wN1_N4wC1wN1 : 6.5921253 (0.11)%
     T1bC1wN1_T1tN3wC1wN1 : 6.5839307 (0.11)%
        T1bC1wN1_T1tN2hN1 : 6.5394796 (0.11)%
       GbB1tC2wN1_QqC1wN1 : 6.5212918 (0.11)%
       GtT1tN3zN1_QqC1wN1 : 6.4855809 (0.11)%
        C2wN2hN1_N3wC1wN1 : 6.3229662 (0.10)%
    GbB1bN4wC1wN1_QqC1wN1 : 6.2881595 (0.10)%
    GbB2tC2hC1wN1_QqN2hN1 : 6.2738327 (0.10)%
       GbB2tC1wN1_QqC1wN1 : 6.1859925 (0.10)%
        C2wN2hN1_N4wC1wN1 : 6.1528715 (0.10)%
 GbB1tC2nTAU1taN1_QqC1wN1 : 6.0779554 (0.10)%
    GtT2hT1bC1wN1_QqN2hN1 : 5.8854697 (0.10)%
------------------------------------------------------------
                                        SUM=86.01%

SHOWING PROCESSES TO GET 90.00% SUSY COVERAGE
---------------  Output inclusive processes  ---------------
The total xsec = 6063.95 [fb]
The total rate = 100.00%
                    Modes : xsec/fb      (rate)
              C1wN1_N2hN1 : 1589.2641879 (26.21)%
              C1wN1_C1wN1 : 855.6586115 (14.11)%
          QqC1wN1_QqC1wN1 : 742.9804946 (12.25)%
          QqC1wN1_QqN2hN1 : 684.2498020 (11.28)%
          QqN2hN1_QqN2hN1 : 157.5404048 (2.60)%
              C1wN1_N2zN1 : 141.1287721 (2.33)%
       GtT1bC1wN1_QqC1wN1 : 81.5287434 (1.34)%
          QqC1wN1_QqN2zN1 : 60.7622918 (1.00)%
       GtT1bC1wN1_QqN2hN1 : 37.5420532 (0.62)%
    GtT1tN3wC1wN1_QqC1wN1 : 35.1118258 (0.58)%
       GtT1tN2hN1_QqC1wN1 : 34.8747702 (0.58)%
             QqC1wN1_QqN1 : 34.1084343 (0.56)%
       GbB1tC1wN1_QqC1wN1 : 33.3383370 (0.55)%
                    N1_N1 : 30.5353648 (0.50)%
          QqN2hN1_QqN2zN1 : 27.9795947 (0.46)%
           GqQqN1_QqC1wN1 : 26.2490842 (0.43)%
          GtT1tN1_QqC1wN1 : 25.2456652 (0.42)%
    GtT1bC2hC1wN1_QqC1wN1 : 23.4145662 (0.39)%
    GtT1bC2zC1wN1_QqC1wN1 : 21.1518440 (0.35)%
    GtT2tN4wC1wN1_QqC1wN1 : 20.4023333 (0.34)%
    GtT1bC2wN2hN1_QqC1wN1 : 19.2535944 (0.32)%
    GbB1tC2hC1wN1_QqC1wN1 : 17.4893922 (0.29)%
              N2hN1_N2hN1 : 16.7976073 (0.28)%
       GbB1bN2hN1_QqC1wN1 : 16.1866311 (0.27)%
    GtT1tN3wC1wN1_QqN2hN1 : 16.1681632 (0.27)%
       GtT1tN2hN1_QqN2hN1 : 16.0590048 (0.26)%
    GbB1tC2zC1wN1_QqC1wN1 : 15.7992633 (0.26)%
             QqN1_QqN2hN1 : 15.7061253 (0.26)%
    GtT1tN3zN2hN1_QqC1wN1 : 15.4421230 (0.25)%
       GbB1tC1wN1_QqN2hN1 : 15.3515137 (0.25)%
    GbB1tC2wN2hN1_QqC1wN1 : 14.3813753 (0.24)%
    GbB2tC2hC1wN1_QqC1wN1 : 13.6246596 (0.22)%
    GtT2hT1bC1wN1_QqC1wN1 : 12.7812655 (0.21)%
    GbB2tC2zC1wN1_QqC1wN1 : 12.3080083 (0.20)%
    GtT2tN3wC1wN1_QqC1wN1 : 12.2457197 (0.20)%
           GqQqN1_QqN2hN1 : 12.0870809 (0.20)%
          GtT1tN1_QqN2hN1 : 11.6250302 (0.19)%
    GbB2tC2wN2hN1_QqC1wN1 : 11.2034393 (0.18)%
    GtT1bC2hC1wN1_QqN2hN1 : 10.7818525 (0.18)%
    GtT2tN4hN2hN1_QqC1wN1 : 10.0343196 (0.17)%
    GtT1bC2zC1wN1_QqN2hN1 : 9.7399227 (0.16)%
    GtT2bC2hC1wN1_QqC1wN1 : 9.6347900 (0.16)%
    GtT2tN4wC1wN1_QqN2hN1 : 9.3947907 (0.15)%
    GtT1tN4wC1wN1_QqC1wN1 : 8.9719269 (0.15)%
    GtT1bC2wN2hN1_QqN2hN1 : 8.8658237 (0.15)%
       GtT1bC2wN1_QqC1wN1 : 8.7306190 (0.14)%
    GtT2bC2zC1wN1_QqC1wN1 : 8.7037093 (0.14)%
                 C1wN1_N1 : 8.5800044 (0.14)%
 GtT1bC2nTAU1taN1_QqC1wN1 : 8.1370860 (0.13)%
    GbB1tC2hC1wN1_QqN2hN1 : 8.0534504 (0.13)%
    GtT2bC2wN2hN1_QqC1wN1 : 7.9226042 (0.13)%
        C2hC1wN1_N3wC1wN1 : 7.6894478 (0.13)%
        T1bC1wN1_T1bC1wN1 : 7.6438576 (0.13)%
    GbB2bN4wC1wN1_QqC1wN1 : 7.6389117 (0.13)%
GtT1tN3taTAU1taN1_QqC1wN1 : 7.5565349 (0.12)%
        C2hC1wN1_N4wC1wN1 : 7.4825933 (0.12)%
       GbB1bN2hN1_QqN2hN1 : 7.4535598 (0.12)%
    GbB2bN3wC1wN1_QqC1wN1 : 7.4133082 (0.12)%
    GbB1tC2zC1wN1_QqN2hN1 : 7.2751861 (0.12)%
    GbB1bN3wC1wN1_QqC1wN1 : 7.2490109 (0.12)%
    GtT1tN3zN2hN1_QqN2hN1 : 7.1107315 (0.12)%
        C2zC1wN1_N3wC1wN1 : 6.9463598 (0.11)%
        C2zC1wN1_N4wC1wN1 : 6.7594951 (0.11)%
    GbB1tC2wN2hN1_QqN2hN1 : 6.6222823 (0.11)%
        N3wC1wN1_N4wC1wN1 : 6.5921253 (0.11)%
     T1bC1wN1_T1tN3wC1wN1 : 6.5839307 (0.11)%
        T1bC1wN1_T1tN2hN1 : 6.5394796 (0.11)%
       GbB1tC2wN1_QqC1wN1 : 6.5212918 (0.11)%
       GtT1tN3zN1_QqC1wN1 : 6.4855809 (0.11)%
        C2wN2hN1_N3wC1wN1 : 6.3229662 (0.10)%
    GbB1bN4wC1wN1_QqC1wN1 : 6.2881595 (0.10)%
    GbB2tC2hC1wN1_QqN2hN1 : 6.2738327 (0.10)%
       GbB2tC1wN1_QqC1wN1 : 6.1859925 (0.10)%
        C2wN2hN1_N4wC1wN1 : 6.1528715 (0.10)%
 GbB1tC2nTAU1taN1_QqC1wN1 : 6.0779554 (0.10)%
    GtT2hT1bC1wN1_QqN2hN1 : 5.8854697 (0.10)%
       GtT2bC1wN1_QqC1wN1 : 5.8580269 (0.10)%
    GbB2tC2zC1wN1_QqN2hN1 : 5.6675460 (0.09)%
    GtT2tN3wC1wN1_QqN2hN1 : 5.6388636 (0.09)%
 GtT2hT1tN3wC1wN1_QqC1wN1 : 5.5044828 (0.09)%
    GtT2hT1tN2hN1_QqC1wN1 : 5.4673196 (0.09)%
    GtT2tN3zN2hN1_QqC1wN1 : 5.3856473 (0.09)%
          GtT2tN1_QqC1wN1 : 5.3131961 (0.09)%
    GbB2tC2wN2hN1_QqN2hN1 : 5.1589181 (0.09)%
       GbB2tC2wN1_QqC1wN1 : 5.0802441 (0.08)%
 GbB2tC2nTAU1taN1_QqC1wN1 : 4.7348742 (0.08)%
           T1bC1wN1_T1tN1 : 4.7338954 (0.08)%
    GtT2tN4hN2hN1_QqN2hN1 : 4.6205663 (0.08)%
       QqC1wN1_QqC2hC1wN1 : 4.5990089 (0.08)%
    GtT2bC2hC1wN1_QqN2hN1 : 4.4365924 (0.07)%
    GtT1tN4hN2hN1_QqC1wN1 : 4.4125925 (0.07)%
     T1bC1wN1_T1bC2hC1wN1 : 4.3905401 (0.07)%
        C2hC1wN1_C2zC1wN1 : 4.2416999 (0.07)%
       QqC1wN1_QqC2zC1wN1 : 4.1545728 (0.07)%
    GtT1tN4wC1wN1_QqN2hN1 : 4.1313596 (0.07)%
GtT2tN4taTAU1taN1_QqC1wN1 : 4.1264916 (0.07)%
    GbB1wT1bC1wN1_QqC1wN1 : 4.0945153 (0.07)%
       GtT1bC2wN1_QqN2hN1 : 4.0202430 (0.07)%
    GtT2bC2zC1wN1_QqN2hN1 : 4.0078517 (0.07)%
     T1bC1wN1_T1bC2zC1wN1 : 3.9662499 (0.07)%
       GtT2hT1tN1_QqC1wN1 : 3.9577643 (0.07)%
        C2hC1wN1_C2wN2hN1 : 3.8610331 (0.06)%
       QqC1wN1_QqC2wN2hN1 : 3.7817251 (0.06)%
    GbB2bN4hN2hN1_QqC1wN1 : 3.7569861 (0.06)%
 GtT1bC2nTAU1taN1_QqN2hN1 : 3.7469352 (0.06)%
       GtT2tN4hN1_QqC1wN1 : 3.7247546 (0.06)%
        C2hC1wN1_N4hN2hN1 : 3.6801052 (0.06)%
 GtT2hT1bC2hC1wN1_QqC1wN1 : 3.6707028 (0.06)%
    GtT2bC2wN2hN1_QqN2hN1 : 3.6481714 (0.06)%
     T1bC1wN1_T1bC2wN2hN1 : 3.6103030 (0.06)%
       GtT2bC2wN1_QqC1wN1 : 3.5925364 (0.06)%
    GbB2bN4wC1wN1_QqN2hN1 : 3.5175377 (0.06)%
        C2wN2hN1_C2zC1wN1 : 3.4879130 (0.06)%
GtT1tN3taTAU1taN1_QqN2hN1 : 3.4796052 (0.06)%
    GbB2bN3wC1wN1_QqN2hN1 : 3.4136527 (0.06)%
          GbB1bN1_QqC1wN1 : 3.3841507 (0.06)%
        C2hC1wN1_N3zN2hN1 : 3.3818065 (0.06)%
 GtT2bC2nTAU1taN1_QqC1wN1 : 3.3483052 (0.06)%
    GbB1bN3wC1wN1_QqN2hN1 : 3.3379976 (0.06)%
       GtT1bC1wN1_QqN2zN1 : 3.3337842 (0.05)%
        C2zC1wN1_N4hN2hN1 : 3.3244695 (0.05)%
 GtT2hT1bC2zC1wN1_QqC1wN1 : 3.3159757 (0.05)%
    GbB2bN3zN2hN1_QqC1wN1 : 3.2603607 (0.05)%
        N3wC1wN1_N4hN2hN1 : 3.2421533 (0.05)%
                 N1_N2hN1 : 3.2259507 (0.05)%
    GbB1bN3zN2hN1_QqC1wN1 : 3.1881030 (0.05)%
       GtT1tN2zN1_QqC1wN1 : 3.0969259 (0.05)%
    GbB1bN4hN2hN1_QqC1wN1 : 3.0926562 (0.05)%
       QqC1wN1_QqN4wC1wN1 : 3.0632180 (0.05)%
        C2zC1wN1_N3zN2hN1 : 3.0549976 (0.05)%
        C2wN2hN1_N4hN2hN1 : 3.0261185 (0.05)%
 GtT2hT1bC2wN2hN1_QqC1wN1 : 3.0183870 (0.05)%
       GbB2bN2hN1_QqC1wN1 : 3.0032040 (0.05)%
       GbB1tC2wN1_QqN2hN1 : 3.0029003 (0.05)%
       GtT1tN3zN1_QqN2hN1 : 2.9864562 (0.05)%
              N2hN1_N2zN1 : 2.9832997 (0.05)%
        N3zN2hN1_N4wC1wN1 : 2.8992058 (0.05)%
     T1bC1wN1_T1tN3zN2hN1 : 2.8956018 (0.05)%
    GbB1bN4wC1wN1_QqN2hN1 : 2.8955484 (0.05)%
------------------------------------------------------------
                                        SUM=90.04%
