/Users/rafalmaselek/Projects/fastlim-1.0
 
#################################################################
#                                                               #
#                                                               #
#                     This is Fastlim  ver. 1.0                 #
#                                                               #
#          A fast LHC limit calculator for BSM models.          #
#                                                               #
#                  http://cern.ch/fastlim-1.0/                  #
#                                                               #
#  for bugs/feature requests: fastlim-1.0.developers@gmail.com  #
#                                                               #
#    please refer to:                                           #
#    M.Papucci, K.Sakurai, A.Weiler, L.Zeune arXiv:1402.xxxx    #
#                                                               #
#################################################################
 

!! Masses incompatible with the data for ERER !!

!! Problem with reading tables for ER ER !! Probably mass outside the table !! Setting xsec to 10^-20 !!

!! Masses incompatible with the data for ELEL !!

!! Problem with reading tables for EL EL !! Probably mass outside the table !! Setting xsec to 10^-20 !!

!! Masses incompatible with the data for TAU1TAU1 !!

!! Problem with reading tables for TAU1 TAU1 !! Probably mass outside the table !! Setting xsec to 10^-20 !!

!! Masses incompatible with the data for TAU2TAU2 !!

!! Problem with reading tables for TAU2 TAU2 !! Probably mass outside the table !! Setting xsec to 10^-20 !!
!! EWK PROCESS C1C2 NOT FOUND !! WILL TRY TO LOOK FOR +/- MODES !!
XSEC FOUND FOR: C1-C2+
XSEC FOUND FOR: C1+C2-
!! EWK PROCESS C1N1 NOT FOUND !! WILL TRY TO LOOK FOR +/- MODES !!
XSEC FOUND FOR: C1+N1
XSEC FOUND FOR: C1-N1
!! EWK PROCESS C1N2 NOT FOUND !! WILL TRY TO LOOK FOR +/- MODES !!
XSEC FOUND FOR: C1+N2
XSEC FOUND FOR: C1-N2
!! EWK PROCESS C1N3 NOT FOUND !! WILL TRY TO LOOK FOR +/- MODES !!
XSEC FOUND FOR: C1+N3
XSEC FOUND FOR: C1-N3
!! EWK PROCESS C1N4 NOT FOUND !! WILL TRY TO LOOK FOR +/- MODES !!
XSEC FOUND FOR: C1+N4
XSEC FOUND FOR: C1-N4
!! EWK PROCESS C2N1 NOT FOUND !! WILL TRY TO LOOK FOR +/- MODES !!
XSEC FOUND FOR: C2+N1
XSEC FOUND FOR: C2-N1
!! EWK PROCESS C2N2 NOT FOUND !! WILL TRY TO LOOK FOR +/- MODES !!
XSEC FOUND FOR: C2+N2
XSEC FOUND FOR: C2-N2
!! EWK PROCESS C2N3 NOT FOUND !! WILL TRY TO LOOK FOR +/- MODES !!
XSEC FOUND FOR: C2+N3
XSEC FOUND FOR: C2-N3
!! EWK PROCESS C2N4 NOT FOUND !! WILL TRY TO LOOK FOR +/- MODES !!
XSEC FOUND FOR: C2+N4
XSEC FOUND FOR: C2-N4
---------------  Output inclusive processes  ---------------
The total xsec = 678733.77 [fb]
The total rate = 100.00%
Output upto 0.10%
                  Modes : xsec/fb      (rate)
            C1wN1_N2hN1 : 172691.2250919 (25.44)%
            C1wN1_C1wN1 : 99992.2117098 (14.73)%
            C1wN1_N2zN1 : 31876.7411512 (4.70)%
      GbtC1wN1_GqqC1wN1 : 11496.7974680 (1.69)%
      GbtC1wN1_GbtC1wN1 : 6685.6694119 (0.99)%
         GbtC1wN1_GttN1 : 6359.5000681 (0.94)%
         GqqC1wN1_GttN1 : 5467.9553965 (0.81)%
   GbtC1wN1_GbtC2zC1wN1 : 5401.1711419 (0.80)%
      GbbN2hN1_GbtC1wN1 : 5240.4185981 (0.77)%
   GbtC1wN1_GbtC2wN2hN1 : 5077.2796947 (0.75)%
      GqqC1wN1_GqqC1wN1 : 4942.5249693 (0.73)%
      GbtC1wN1_GqqN2hN1 : 4855.6459050 (0.72)%
   GbtC1wN1_GbtC2hC1wN1 : 4799.9594581 (0.71)%
   GbtC2zC1wN1_GqqC1wN1 : 4643.9755604 (0.68)%
      GbbN2hN1_GqqC1wN1 : 4505.7590764 (0.66)%
   GbtC2wN2hN1_GqqC1wN1 : 4365.4907790 (0.64)%
      GqqC1wN1_GqqN2hN1 : 4174.9280518 (0.62)%
   GbtC2hC1wN1_GqqC1wN1 : 4127.0483436 (0.61)%
         GbtC1wN1_GqqN1 : 3602.6418480 (0.53)%
         GqqC1wN1_GqqN1 : 3097.5838861 (0.46)%
      GbtC2zC1wN1_GttN1 : 2568.8338839 (0.38)%
         GbbN2hN1_GttN1 : 2492.3788762 (0.37)%
      GbtC2wN2hN1_GttN1 : 2414.7888996 (0.36)%
      GbtC1wN1_GbtC2wN1 : 2363.0829910 (0.35)%
         GqqN2hN1_GttN1 : 2309.3783555 (0.34)%
   GbtC1wN1_GttN4wC1wN1 : 2306.1190354 (0.34)%
      GbtC2hC1wN1_GttN1 : 2282.8935010 (0.34)%
   GbbN2hN1_GbtC2zC1wN1 : 2116.7960872 (0.31)%
GbtC2wN2hN1_GbtC2zC1wN1 : 2050.8983377 (0.30)%
      GbtC2wN1_GqqC1wN1 : 2031.8000244 (0.30)%
   GbbN2hN1_GbtC2wN2hN1 : 1989.8584046 (0.29)%
   GqqC1wN1_GttN4wC1wN1 : 1982.8219026 (0.29)%
   GbtC2zC1wN1_GqqN2hN1 : 1961.3723714 (0.29)%
GbtC2hC1wN1_GbtC2zC1wN1 : 1938.8785857 (0.29)%
    GbtC1wN1_QqGbtC1wN1 : 1936.4533965 (0.29)%
      GbbN2hN1_GqqN2hN1 : 1902.9969580 (0.28)%
   GbbN2hN1_GbtC2hC1wN1 : 1881.1726444 (0.28)%
   GbtC2wN2hN1_GqqN2hN1 : 1843.7549660 (0.27)%
GbtC2hC1wN1_GbtC2wN2hN1 : 1822.6100627 (0.27)%
   GbtC2hC1wN1_GqqN2hN1 : 1743.0493531 (0.26)%
            GqqN1_GttN1 : 1713.4410682 (0.25)%
      C2zC1wN1_N4wC1wN1 : 1692.7410960 (0.25)%
    GqqC1wN1_QqGbtC1wN1 : 1664.9800591 (0.25)%
    GbtC1wN1_QqGqqC1wN1 : 1664.9800591 (0.25)%
      C2wN2hN1_N4wC1wN1 : 1591.2326733 (0.23)%
      N3wC1wN1_N4wC1wN1 : 1534.1552187 (0.23)%
            GttN1_GttN1 : 1512.3108332 (0.22)%
      C2hC1wN1_N4wC1wN1 : 1504.3197893 (0.22)%
      C2zC1wN1_N3wC1wN1 : 1503.2929149 (0.22)%
      GbtC2zC1wN1_GqqN1 : 1455.2383602 (0.21)%
    GqqC1wN1_QqGqqC1wN1 : 1431.5648403 (0.21)%
      C2wN2hN1_N3wC1wN1 : 1413.1451108 (0.21)%
         GbbN2hN1_GqqN1 : 1411.9267780 (0.21)%
   GbtC1wN1_GttN3wC1wN1 : 1382.8745531 (0.20)%
   GbbN3wC1wN1_GbtC1wN1 : 1379.6805494 (0.20)%
      GbtC1wN1_GttN2hN1 : 1371.6072031 (0.20)%
      GbtC2wN2hN1_GqqN1 : 1367.9722385 (0.20)%
      C2hC1wN1_N3wC1wN1 : 1335.9593421 (0.20)%
         GqqN1_GqqN2hN1 : 1308.2574129 (0.19)%
      GbtC2hC1wN1_GqqN1 : 1293.2538051 (0.19)%
   GbbN4wC1wN1_GbtC1wN1 : 1266.2774197 (0.19)%
         GbbN1_GbtC1wN1 : 1242.6192137 (0.18)%
   GqqC1wN1_GttN3wC1wN1 : 1189.0079872 (0.18)%
   GbbN3wC1wN1_GqqC1wN1 : 1186.2617540 (0.17)%
      GqqC1wN1_GttN2hN1 : 1179.3202182 (0.17)%
         GbtC2wN1_GttN1 : 1123.8984099 (0.17)%
      GttN1_GttN4wC1wN1 : 1096.8059636 (0.16)%
GbtC2zC1wN1_GbtC2zC1wN1 : 1090.8649496 (0.16)%
   GbbN4wC1wN1_GqqC1wN1 : 1088.7567225 (0.16)%
         GbbN1_GqqC1wN1 : 1068.4151840 (0.16)%
         C1wN1_N3wC1wN1 : 1060.7214438 (0.16)%
      GbbN2hN1_GbbN2hN1 : 1026.8974351 (0.15)%
      GbbN2zN1_GbtC1wN1 : 967.3187916 (0.14)%
GbtC2wN2hN1_GbtC2wN2hN1 : 963.9561692 (0.14)%
   GbtC2wN1_GbtC2zC1wN1 : 954.5353555 (0.14)%
   GbtC1wN1_GbtC2wN2zN1 : 937.2052951 (0.14)%
GbtC2zC1wN1_GttN4wC1wN1 : 931.5255374 (0.14)%
      GbbN2hN1_GbtC2wN1 : 926.1259638 (0.14)%
       GttN1_QqGbtC1wN1 : 920.9904609 (0.14)%
       GbtC1wN1_QqGttN1 : 920.9904609 (0.14)%
   GbbN2hN1_GttN4wC1wN1 : 903.8009762 (0.13)%
   GbtC2wN1_GbtC2wN2hN1 : 897.2948368 (0.13)%
      GbtC1wN1_GqqN2zN1 : 896.2943401 (0.13)%
               C1wN1_N1 : 884.0293359 (0.13)%
      GqqN2hN1_GqqN2hN1 : 881.6356187 (0.13)%
GbtC2wN2hN1_GttN4wC1wN1 : 875.6648460 (0.13)%
GbtC2hC1wN1_GbtC2hC1wN1 : 861.5296906 (0.13)%
      GbtC2wN1_GqqN2hN1 : 858.1260560 (0.13)%
   GbtC2hC1wN1_GbtC2wN1 : 848.2847307 (0.12)%
   GqqN2hN1_GttN4wC1wN1 : 837.4402592 (0.12)%
      GbbN2zN1_GqqC1wN1 : 831.7094033 (0.12)%
      C2wN2hN1_C2zC1wN1 : 831.3527035 (0.12)%
GbtC2hC1wN1_GttN4wC1wN1 : 827.8361667 (0.12)%
   GbtC2wN2zN1_GqqC1wN1 : 805.8175480 (0.12)%
       GttN1_QqGqqC1wN1 : 791.8758876 (0.12)%
       GqqC1wN1_QqGttN1 : 791.8758876 (0.12)%
      C2hC1wN1_C2zC1wN1 : 785.9443466 (0.12)%
 GbtC1wN1_QqGbtC2zC1wN1 : 782.2041114 (0.12)%
 GbtC2zC1wN1_QqGbtC1wN1 : 782.2041114 (0.12)%
      GqqC1wN1_GqqN2zN1 : 770.6419406 (0.11)%
    GbbN2hN1_QqGbtC1wN1 : 758.9237343 (0.11)%
    GbtC1wN1_QqGbbN2hN1 : 758.9237343 (0.11)%
   GbtC1wN1_GttN4hN2hN1 : 741.0055561 (0.11)%
         C2wN1_N4wC1wN1 : 740.5963609 (0.11)%
      C2hC1wN1_C2wN2hN1 : 738.8137068 (0.11)%
 GbtC1wN1_QqGbtC2wN2hN1 : 735.2977618 (0.11)%
 GbtC2wN2hN1_QqGbtC1wN1 : 735.2977618 (0.11)%
    GqqN2hN1_QqGbtC1wN1 : 703.2004894 (0.10)%
    GbtC1wN1_QqGqqN2hN1 : 703.2004894 (0.10)%
 GbtC1wN1_QqGbtC2hC1wN1 : 695.1359111 (0.10)%
 GbtC2hC1wN1_QqGbtC1wN1 : 695.1359111 (0.10)%
 GqqC1wN1_QqGbtC2zC1wN1 : 672.5461351 (0.10)%
------------------------------------------------------------
                                      SUM=75.35%

SHOWING PROCESSES TO GET 90.00% SUSY COVERAGE
---------------  Output inclusive processes  ---------------
The total xsec = 678733.77 [fb]
The total rate = 100.00%
                    Modes : xsec/fb      (rate)
              C1wN1_N2hN1 : 172691.2250919 (25.44)%
              C1wN1_C1wN1 : 99992.2117098 (14.73)%
              C1wN1_N2zN1 : 31876.7411512 (4.70)%
        GbtC1wN1_GqqC1wN1 : 11496.7974680 (1.69)%
        GbtC1wN1_GbtC1wN1 : 6685.6694119 (0.99)%
           GbtC1wN1_GttN1 : 6359.5000681 (0.94)%
           GqqC1wN1_GttN1 : 5467.9553965 (0.81)%
     GbtC1wN1_GbtC2zC1wN1 : 5401.1711419 (0.80)%
        GbbN2hN1_GbtC1wN1 : 5240.4185981 (0.77)%
     GbtC1wN1_GbtC2wN2hN1 : 5077.2796947 (0.75)%
        GqqC1wN1_GqqC1wN1 : 4942.5249693 (0.73)%
        GbtC1wN1_GqqN2hN1 : 4855.6459050 (0.72)%
     GbtC1wN1_GbtC2hC1wN1 : 4799.9594581 (0.71)%
     GbtC2zC1wN1_GqqC1wN1 : 4643.9755604 (0.68)%
        GbbN2hN1_GqqC1wN1 : 4505.7590764 (0.66)%
     GbtC2wN2hN1_GqqC1wN1 : 4365.4907790 (0.64)%
        GqqC1wN1_GqqN2hN1 : 4174.9280518 (0.62)%
     GbtC2hC1wN1_GqqC1wN1 : 4127.0483436 (0.61)%
           GbtC1wN1_GqqN1 : 3602.6418480 (0.53)%
           GqqC1wN1_GqqN1 : 3097.5838861 (0.46)%
        GbtC2zC1wN1_GttN1 : 2568.8338839 (0.38)%
           GbbN2hN1_GttN1 : 2492.3788762 (0.37)%
        GbtC2wN2hN1_GttN1 : 2414.7888996 (0.36)%
        GbtC1wN1_GbtC2wN1 : 2363.0829910 (0.35)%
           GqqN2hN1_GttN1 : 2309.3783555 (0.34)%
     GbtC1wN1_GttN4wC1wN1 : 2306.1190354 (0.34)%
        GbtC2hC1wN1_GttN1 : 2282.8935010 (0.34)%
     GbbN2hN1_GbtC2zC1wN1 : 2116.7960872 (0.31)%
  GbtC2wN2hN1_GbtC2zC1wN1 : 2050.8983377 (0.30)%
        GbtC2wN1_GqqC1wN1 : 2031.8000244 (0.30)%
     GbbN2hN1_GbtC2wN2hN1 : 1989.8584046 (0.29)%
     GqqC1wN1_GttN4wC1wN1 : 1982.8219026 (0.29)%
     GbtC2zC1wN1_GqqN2hN1 : 1961.3723714 (0.29)%
  GbtC2hC1wN1_GbtC2zC1wN1 : 1938.8785857 (0.29)%
      GbtC1wN1_QqGbtC1wN1 : 1936.4533965 (0.29)%
        GbbN2hN1_GqqN2hN1 : 1902.9969580 (0.28)%
     GbbN2hN1_GbtC2hC1wN1 : 1881.1726444 (0.28)%
     GbtC2wN2hN1_GqqN2hN1 : 1843.7549660 (0.27)%
  GbtC2hC1wN1_GbtC2wN2hN1 : 1822.6100627 (0.27)%
     GbtC2hC1wN1_GqqN2hN1 : 1743.0493531 (0.26)%
              GqqN1_GttN1 : 1713.4410682 (0.25)%
        C2zC1wN1_N4wC1wN1 : 1692.7410960 (0.25)%
      GqqC1wN1_QqGbtC1wN1 : 1664.9800591 (0.25)%
      GbtC1wN1_QqGqqC1wN1 : 1664.9800591 (0.25)%
        C2wN2hN1_N4wC1wN1 : 1591.2326733 (0.23)%
        N3wC1wN1_N4wC1wN1 : 1534.1552187 (0.23)%
              GttN1_GttN1 : 1512.3108332 (0.22)%
        C2hC1wN1_N4wC1wN1 : 1504.3197893 (0.22)%
        C2zC1wN1_N3wC1wN1 : 1503.2929149 (0.22)%
        GbtC2zC1wN1_GqqN1 : 1455.2383602 (0.21)%
      GqqC1wN1_QqGqqC1wN1 : 1431.5648403 (0.21)%
        C2wN2hN1_N3wC1wN1 : 1413.1451108 (0.21)%
           GbbN2hN1_GqqN1 : 1411.9267780 (0.21)%
     GbtC1wN1_GttN3wC1wN1 : 1382.8745531 (0.20)%
     GbbN3wC1wN1_GbtC1wN1 : 1379.6805494 (0.20)%
        GbtC1wN1_GttN2hN1 : 1371.6072031 (0.20)%
        GbtC2wN2hN1_GqqN1 : 1367.9722385 (0.20)%
        C2hC1wN1_N3wC1wN1 : 1335.9593421 (0.20)%
           GqqN1_GqqN2hN1 : 1308.2574129 (0.19)%
        GbtC2hC1wN1_GqqN1 : 1293.2538051 (0.19)%
     GbbN4wC1wN1_GbtC1wN1 : 1266.2774197 (0.19)%
           GbbN1_GbtC1wN1 : 1242.6192137 (0.18)%
     GqqC1wN1_GttN3wC1wN1 : 1189.0079872 (0.18)%
     GbbN3wC1wN1_GqqC1wN1 : 1186.2617540 (0.17)%
        GqqC1wN1_GttN2hN1 : 1179.3202182 (0.17)%
           GbtC2wN1_GttN1 : 1123.8984099 (0.17)%
        GttN1_GttN4wC1wN1 : 1096.8059636 (0.16)%
  GbtC2zC1wN1_GbtC2zC1wN1 : 1090.8649496 (0.16)%
     GbbN4wC1wN1_GqqC1wN1 : 1088.7567225 (0.16)%
           GbbN1_GqqC1wN1 : 1068.4151840 (0.16)%
           C1wN1_N3wC1wN1 : 1060.7214438 (0.16)%
        GbbN2hN1_GbbN2hN1 : 1026.8974351 (0.15)%
        GbbN2zN1_GbtC1wN1 : 967.3187916 (0.14)%
  GbtC2wN2hN1_GbtC2wN2hN1 : 963.9561692 (0.14)%
     GbtC2wN1_GbtC2zC1wN1 : 954.5353555 (0.14)%
     GbtC1wN1_GbtC2wN2zN1 : 937.2052951 (0.14)%
  GbtC2zC1wN1_GttN4wC1wN1 : 931.5255374 (0.14)%
        GbbN2hN1_GbtC2wN1 : 926.1259638 (0.14)%
         GttN1_QqGbtC1wN1 : 920.9904609 (0.14)%
         GbtC1wN1_QqGttN1 : 920.9904609 (0.14)%
     GbbN2hN1_GttN4wC1wN1 : 903.8009762 (0.13)%
     GbtC2wN1_GbtC2wN2hN1 : 897.2948368 (0.13)%
        GbtC1wN1_GqqN2zN1 : 896.2943401 (0.13)%
                 C1wN1_N1 : 884.0293359 (0.13)%
        GqqN2hN1_GqqN2hN1 : 881.6356187 (0.13)%
  GbtC2wN2hN1_GttN4wC1wN1 : 875.6648460 (0.13)%
  GbtC2hC1wN1_GbtC2hC1wN1 : 861.5296906 (0.13)%
        GbtC2wN1_GqqN2hN1 : 858.1260560 (0.13)%
     GbtC2hC1wN1_GbtC2wN1 : 848.2847307 (0.12)%
     GqqN2hN1_GttN4wC1wN1 : 837.4402592 (0.12)%
        GbbN2zN1_GqqC1wN1 : 831.7094033 (0.12)%
        C2wN2hN1_C2zC1wN1 : 831.3527035 (0.12)%
  GbtC2hC1wN1_GttN4wC1wN1 : 827.8361667 (0.12)%
     GbtC2wN2zN1_GqqC1wN1 : 805.8175480 (0.12)%
         GttN1_QqGqqC1wN1 : 791.8758876 (0.12)%
         GqqC1wN1_QqGttN1 : 791.8758876 (0.12)%
        C2hC1wN1_C2zC1wN1 : 785.9443466 (0.12)%
   GbtC1wN1_QqGbtC2zC1wN1 : 782.2041114 (0.12)%
   GbtC2zC1wN1_QqGbtC1wN1 : 782.2041114 (0.12)%
        GqqC1wN1_GqqN2zN1 : 770.6419406 (0.11)%
      GbbN2hN1_QqGbtC1wN1 : 758.9237343 (0.11)%
      GbtC1wN1_QqGbbN2hN1 : 758.9237343 (0.11)%
     GbtC1wN1_GttN4hN2hN1 : 741.0055561 (0.11)%
           C2wN1_N4wC1wN1 : 740.5963609 (0.11)%
        C2hC1wN1_C2wN2hN1 : 738.8137068 (0.11)%
   GbtC1wN1_QqGbtC2wN2hN1 : 735.2977618 (0.11)%
   GbtC2wN2hN1_QqGbtC1wN1 : 735.2977618 (0.11)%
      GqqN2hN1_QqGbtC1wN1 : 703.2004894 (0.10)%
      GbtC1wN1_QqGqqN2hN1 : 703.2004894 (0.10)%
   GbtC1wN1_QqGbtC2hC1wN1 : 695.1359111 (0.10)%
   GbtC2hC1wN1_QqGbtC1wN1 : 695.1359111 (0.10)%
   GqqC1wN1_QqGbtC2zC1wN1 : 672.5461351 (0.10)%
   GbtC2zC1wN1_QqGqqC1wN1 : 672.5461351 (0.10)%
           C2wN1_N3wC1wN1 : 657.7103047 (0.10)%
        GttN1_GttN3wC1wN1 : 657.7045822 (0.10)%
        GbbN3wC1wN1_GttN1 : 656.1854922 (0.10)%
      GqqC1wN1_QqGbbN2hN1 : 652.5294574 (0.10)%
      GbbN2hN1_QqGqqC1wN1 : 652.5294574 (0.10)%
           GttN1_GttN2hN1 : 652.3457536 (0.10)%
     GqqC1wN1_GttN4hN2hN1 : 637.1232465 (0.09)%
           GbtC2wN1_GqqN1 : 636.6858088 (0.09)%
   GqqC1wN1_QqGbtC2wN2hN1 : 632.2156336 (0.09)%
   GbtC2wN2hN1_QqGqqC1wN1 : 632.2156336 (0.09)%
         GbtC1wN1_QqC1wN1 : 622.7125728 (0.09)%
        GqqN1_GttN4wC1wN1 : 621.3380016 (0.09)%
      GqqN2hN1_QqGqqC1wN1 : 604.6181099 (0.09)%
      GqqC1wN1_QqGqqN2hN1 : 604.6181099 (0.09)%
        GbbN4wC1wN1_GttN1 : 602.2501892 (0.09)%
   GqqC1wN1_QqGbtC2hC1wN1 : 597.6841128 (0.09)%
   GbtC2hC1wN1_QqGqqC1wN1 : 597.6841128 (0.09)%
              GbbN1_GttN1 : 590.9981849 (0.09)%
  GbtC2zC1wN1_GttN3wC1wN1 : 558.5934384 (0.08)%
  GbbN3wC1wN1_GbtC2zC1wN1 : 557.3032638 (0.08)%
     GbtC2zC1wN1_GttN2hN1 : 554.0421450 (0.08)%
        C2zC1wN1_N4hN2hN1 : 543.9140555 (0.08)%
     GbbN2hN1_GttN3wC1wN1 : 541.9682817 (0.08)%
     GbbN2hN1_GbbN3wC1wN1 : 540.7165061 (0.08)%
        GbbN2hN1_GttN2hN1 : 537.5524464 (0.08)%
         GqqC1wN1_QqC1wN1 : 535.4138747 (0.08)%
        N3zN2hN1_N4wC1wN1 : 531.0756074 (0.08)%
  GbtC2wN2hN1_GttN3wC1wN1 : 525.0963259 (0.08)%
  GbbN3wC1wN1_GbtC2wN2hN1 : 523.8835191 (0.08)%
         GbtC1wN1_QqGqqN1 : 521.7389324 (0.08)%
         GqqN1_QqGbtC1wN1 : 521.7389324 (0.08)%
     GbtC2wN2hN1_GttN2hN1 : 520.8179594 (0.08)%
        C2zC1wN1_N3zN2hN1 : 520.3920621 (0.08)%
      GbtC1wN1_GgN3wC1wN1 : 515.9762415 (0.08)%
  GbbN4wC1wN1_GbtC2zC1wN1 : 511.4956062 (0.08)%
        C2wN2hN1_N4hN2hN1 : 511.2972201 (0.08)%
     GqqN2hN1_GttN3wC1wN1 : 502.1747821 (0.07)%
        GbbN1_GbtC2zC1wN1 : 501.9391944 (0.07)%
     GbbN3wC1wN1_GqqN2hN1 : 501.0149169 (0.07)%
        GqqN2hN1_GttN2hN1 : 498.0831753 (0.07)%
  GbtC2hC1wN1_GttN3wC1wN1 : 496.4156453 (0.07)%
     GbbN2hN1_GbbN4wC1wN1 : 496.2722004 (0.07)%
  GbbN3wC1wN1_GbtC2hC1wN1 : 495.2690818 (0.07)%
        N3wC1wN1_N4hN2hN1 : 492.9570085 (0.07)%
     GbtC2hC1wN1_GttN2hN1 : 492.3709625 (0.07)%
        C2wN2hN1_N3zN2hN1 : 489.1857675 (0.07)%
           GbbN1_GbbN2hN1 : 487.0002117 (0.07)%
              GqqN1_GqqN1 : 485.3301699 (0.07)%
        C2hC1wN1_N4hN2hN1 : 483.3702445 (0.07)%
  GbbN4wC1wN1_GbtC2wN2hN1 : 480.8228043 (0.07)%
     GbtC1wN1_GttN3zN2hN1 : 478.7070658 (0.07)%
     GbbN3zN2hN1_GbtC1wN1 : 477.6014036 (0.07)%
    QqGbtC1wN1_QqGqqC1wN1 : 477.4412768 (0.07)%
        GbbN1_GbtC2wN2hN1 : 471.8394609 (0.07)%
        C2hC1wN1_N3zN2hN1 : 462.4665160 (0.07)%
           GbbN2zN1_GttN1 : 460.0634239 (0.07)%
     GbbN4wC1wN1_GqqN2hN1 : 459.8338916 (0.07)%
  GbbN4wC1wN1_GbtC2hC1wN1 : 454.5603367 (0.07)%
           GbbN1_GqqN2hN1 : 451.2426898 (0.07)%
         GqqN1_QqGqqC1wN1 : 448.5958299 (0.07)%
         GqqC1wN1_QqGqqN1 : 448.5958299 (0.07)%
        GbbN1_GbtC2hC1wN1 : 446.0676621 (0.07)%
        GbtC2wN2zN1_GttN1 : 445.7412393 (0.07)%
           C1wN1_N4wC1wN1 : 443.7465235 (0.07)%
      GgN3wC1wN1_GqqC1wN1 : 443.6410164 (0.07)%
        C2zC1wN1_C2zC1wN1 : 442.1933103 (0.07)%
      GbtC1wN1_GgN4wC1wN1 : 440.5136947 (0.06)%
            GttN1_QqGttN1 : 438.0293534 (0.06)%
           N2hN1_N3wC1wN1 : 433.9547323 (0.06)%
           GqqN2zN1_GttN1 : 426.2837097 (0.06)%
        GbtC1wN1_GttN4hN1 : 412.4506957 (0.06)%
     GqqC1wN1_GttN3zN2hN1 : 411.5966437 (0.06)%
     GbbN3zN2hN1_GqqC1wN1 : 410.6459854 (0.06)%
     GbtC2wN1_GttN4wC1wN1 : 407.5546017 (0.06)%
     GbbN4hN2hN1_GbtC1wN1 : 406.8821206 (0.06)%
        C2wN2hN1_C2wN2hN1 : 390.7495328 (0.06)%
     GbbN2zN1_GbtC2zC1wN1 : 390.7353191 (0.06)%
           C2wN1_C2zC1wN1 : 386.9307092 (0.06)%
        GbbN2hN1_GbbN2zN1 : 379.1060456 (0.06)%
      GgN4wC1wN1_GqqC1wN1 : 378.7576395 (0.06)%
  GbtC2wN2zN1_GbtC2zC1wN1 : 378.5713802 (0.06)%
        GqqN1_GttN3wC1wN1 : 372.5881007 (0.05)%
      GttN1_QqGbtC2zC1wN1 : 372.0216177 (0.05)%
      GbtC2zC1wN1_QqGttN1 : 372.0216177 (0.05)%
        GbbN3wC1wN1_GqqN1 : 371.7275397 (0.05)%
           GqqN1_GttN2hN1 : 369.5523368 (0.05)%
           N3zN1_N4wC1wN1 : 369.3040606 (0.05)%
     GbbN2hN1_GbtC2wN2zN1 : 367.3041364 (0.05)%
     GbbN2zN1_GbtC2wN2hN1 : 367.3041364 (0.05)%
           C1wN1_N3zN2hN1 : 367.1879339 (0.05)%
           C2wN1_C2wN2hN1 : 363.7276771 (0.05)%
     GbtC2zC1wN1_GqqN2zN1 : 362.0459543 (0.05)%
           C2zC1wN1_N3zN1 : 361.8748422 (0.05)%
         GttN1_QqGbbN2hN1 : 360.9493113 (0.05)%
         GbbN2hN1_QqGttN1 : 360.9493113 (0.05)%
  GbtC2wN2hN1_GbtC2wN2zN1 : 355.8696311 (0.05)%
        GqqC1wN1_GttN4hN1 : 354.6288204 (0.05)%
        GttN1_GttN4hN2hN1 : 352.4273034 (0.05)%
        GbbN2hN1_GqqN2zN1 : 351.2705490 (0.05)%
        GbbN2zN1_GqqN2hN1 : 351.2705490 (0.05)%
     GbbN4hN2hN1_GqqC1wN1 : 349.8409094 (0.05)%
      GttN1_QqGbtC2wN2hN1 : 349.7126374 (0.05)%
      GbtC2wN2hN1_QqGttN1 : 349.7126374 (0.05)%
        C2hC1wN1_C2hC1wN1 : 349.2299078 (0.05)%
     GbbN2zN1_GbtC2hC1wN1 : 347.2420409 (0.05)%
           C2hC1wN1_C2wN1 : 343.8609273 (0.05)%
      GbtC1wN1_QqGbtC2wN1 : 342.2245255 (0.05)%
      GbtC2wN1_QqGbtC1wN1 : 342.2245255 (0.05)%
        GbbN4wC1wN1_GqqN1 : 341.1733173 (0.05)%
     GbtC2wN2hN1_GqqN2zN1 : 340.3351836 (0.05)%
     GbtC2wN2zN1_GqqN2hN1 : 340.3351836 (0.05)%
           C2wN2hN1_N3zN1 : 340.1743326 (0.05)%
  GbtC2hC1wN1_GbtC2wN2zN1 : 336.4320866 (0.05)%
              GbbN1_GqqN1 : 334.7990833 (0.05)%
         GttN1_QqGqqN2hN1 : 334.4469555 (0.05)%
         GqqN2hN1_QqGttN1 : 334.4469555 (0.05)%
   GbtC1wN1_QqGttN4wC1wN1 : 333.9749368 (0.05)%
   GttN4wC1wN1_QqGbtC1wN1 : 333.9749368 (0.05)%
        GbtC1wN1_GttN3zN1 : 332.8875602 (0.05)%
        GbbN3zN1_GbtC1wN1 : 332.1186950 (0.05)%
      GttN1_QqGbtC2hC1wN1 : 330.6113869 (0.05)%
      GbtC2hC1wN1_QqGttN1 : 330.6113869 (0.05)%
        GqqN2hN1_GqqN2zN1 : 325.4788469 (0.05)%
     GbtC2hC1wN1_GqqN2zN1 : 321.7461282 (0.05)%
           C2hC1wN1_N3zN1 : 321.5940628 (0.05)%
GbtC2zC1wN1_QqGbtC2zC1wN1 : 315.9607523 (0.05)%
   GbbN2hN1_QqGbtC2zC1wN1 : 306.5569594 (0.05)%
   GbtC2zC1wN1_QqGbbN2hN1 : 306.5569594 (0.05)%
           C2zC1wN1_N4hN1 : 302.7477038 (0.04)%
  GbtC2zC1wN1_GttN4hN2hN1 : 299.3191541 (0.04)%
      GbbN2hN1_QqGbbN2hN1 : 297.4330472 (0.04)%
GbtC2zC1wN1_QqGbtC2wN2hN1 : 297.0135679 (0.04)%
GbtC2wN2hN1_QqGbtC2zC1wN1 : 297.0135679 (0.04)%
              N2hN1_N2hN1 : 296.1898147 (0.04)%
            GttN1_QqC1wN1 : 296.1663526 (0.04)%
      GqqC1wN1_QqGbtC2wN1 : 294.2477272 (0.04)%
      GbtC2wN1_QqGqqC1wN1 : 294.2477272 (0.04)%
        C2wN2zN1_N4wC1wN1 : 293.7225792 (0.04)%
     GbbN2hN1_GttN4hN2hN1 : 290.4106573 (0.04)%
   GbbN2hN1_QqGbtC2wN2hN1 : 288.1736913 (0.04)%
   GbtC2wN2hN1_QqGbbN2hN1 : 288.1736913 (0.04)%
   GqqC1wN1_QqGttN4wC1wN1 : 287.1546566 (0.04)%
   GttN4wC1wN1_QqGqqC1wN1 : 287.1546566 (0.04)%
        GqqC1wN1_GttN3zN1 : 286.2197204 (0.04)%
        GbbN3zN1_GqqC1wN1 : 285.5586432 (0.04)%
           C2wN2hN1_N4hN1 : 284.5928649 (0.04)%
   GqqN2hN1_QqGbtC2zC1wN1 : 284.0483096 (0.04)%
   GbtC2zC1wN1_QqGqqN2hN1 : 284.0483096 (0.04)%
  GbtC2wN2hN1_GttN4hN2hN1 : 281.3699146 (0.04)%
GbtC2hC1wN1_QqGbtC2zC1wN1 : 280.7907325 (0.04)%
GbtC2zC1wN1_QqGbtC2hC1wN1 : 280.7907325 (0.04)%
GbtC2wN2hN1_QqGbtC2wN2hN1 : 279.2025873 (0.04)%
    QqGbtC1wN1_QqGbtC1wN1 : 277.6438003 (0.04)%
      GqqN2hN1_QqGbbN2hN1 : 275.5943119 (0.04)%
      GbbN2hN1_QqGqqN2hN1 : 275.5943119 (0.04)%
           N3wC1wN1_N4hN1 : 274.3845298 (0.04)%
   GbbN2hN1_QqGbtC2hC1wN1 : 272.4336885 (0.04)%
   GbtC2hC1wN1_QqGbbN2hN1 : 272.4336885 (0.04)%
     GqqN2hN1_GttN4hN2hN1 : 269.0875343 (0.04)%
           C2hC1wN1_N4hN1 : 269.0484464 (0.04)%
         GbtC1wN1_QqN2hN1 : 267.4516604 (0.04)%
   GqqN2hN1_QqGbtC2wN2hN1 : 267.0148153 (0.04)%
   GbtC2wN2hN1_QqGqqN2hN1 : 267.0148153 (0.04)%
  GbtC2hC1wN1_GttN4hN2hN1 : 266.0015332 (0.04)%
       QqGbtC1wN1_QqGttN1 : 264.0985753 (0.04)%
GbtC2hC1wN1_QqGbtC2wN2hN1 : 263.9525849 (0.04)%
GbtC2wN2hN1_QqGbtC2hC1wN1 : 263.9525849 (0.04)%
        C2wN2zN1_N3wC1wN1 : 260.8497385 (0.04)%
           GbbN2zN1_GqqN1 : 260.6248488 (0.04)%
      GqqN2hN1_QqGqqN2hN1 : 255.3590648 (0.04)%
              C1wN1_N3zN1 : 255.3383983 (0.04)%
        GbtC1wN1_GttN2zN1 : 253.1823360 (0.04)%
        GbtC2wN2zN1_GqqN1 : 252.5113649 (0.04)%
   GqqN2hN1_QqGbtC2hC1wN1 : 252.4305071 (0.04)%
   GbtC2hC1wN1_QqGqqN2hN1 : 252.4305071 (0.04)%
      GbtC2zC1wN1_QqC1wN1 : 251.5363063 (0.04)%
GbtC2hC1wN1_QqGbtC2hC1wN1 : 249.5355353 (0.04)%
            GttN1_QqGqqN1 : 248.1425996 (0.04)%
            GqqN1_QqGttN1 : 248.1425996 (0.04)%
           C1wN1_C2zC1wN1 : 245.9063389 (0.04)%
         GgN3wC1wN1_GttN1 : 245.4018244 (0.04)%
     GbtC2wN1_GttN3wC1wN1 : 244.3919325 (0.04)%
         GbbN2hN1_QqC1wN1 : 244.0499482 (0.04)%
     GbbN3wC1wN1_GbtC2wN1 : 243.8274643 (0.04)%
        GbtC2wN1_GttN2hN1 : 242.4006821 (0.04)%
           GqqN1_GqqN2zN1 : 241.4887200 (0.04)%
  GttN3wC1wN1_GttN4wC1wN1 : 238.5006747 (0.04)%
           C2wN1_N4hN2hN1 : 237.9695106 (0.04)%
  GbbN3wC1wN1_GttN4wC1wN1 : 237.9498134 (0.04)%
     GttN2hN1_GttN4wC1wN1 : 236.5574249 (0.03)%
      GbtC2wN2hN1_QqC1wN1 : 236.4524557 (0.03)%
                    N1_N1 : 231.2879831 (0.03)%
           C1wN1_C2wN2hN1 : 231.1601000 (0.03)%
         GqqC1wN1_QqN2hN1 : 229.9573448 (0.03)%
           C2wN1_N3zN2hN1 : 227.6783309 (0.03)%
        GttN1_GttN3zN2hN1 : 227.6763500 (0.03)%
        GbbN3zN2hN1_GttN1 : 227.1504895 (0.03)%
       QqGqqC1wN1_QqGttN1 : 227.0743321 (0.03)%
        GbbN4hN1_GbtC1wN1 : 226.4744338 (0.03)%
         GqqN2hN1_QqC1wN1 : 226.1308156 (0.03)%
 QqGbtC1wN1_QqGbtC2zC1wN1 : 224.3009023 (0.03)%
     GbbN4wC1wN1_GbtC2wN1 : 223.7860151 (0.03)%
      GbtC2hC1wN1_QqC1wN1 : 223.5374589 (0.03)%
           GbbN1_GbtC2wN1 : 219.6049601 (0.03)%
           C1wN1_C2hC1wN1 : 218.5341709 (0.03)%
  GbbN4wC1wN1_GttN4wC1wN1 : 218.3914790 (0.03)%
        GqqC1wN1_GttN2zN1 : 217.6884512 (0.03)%
    QqGbbN2hN1_QqGbtC1wN1 : 217.6251389 (0.03)%
        GbbN1_GttN4wC1wN1 : 214.3112115 (0.03)%
 QqGbtC1wN1_QqGbtC2wN2hN1 : 210.8502743 (0.03)%
      GqqN1_QqGbtC2zC1wN1 : 210.7493724 (0.03)%
      GbtC2zC1wN1_QqGqqN1 : 210.7493724 (0.03)%
         GgN4wC1wN1_GttN1 : 209.5113218 (0.03)%
        GbtC2wN1_GbtC2wN1 : 208.8108489 (0.03)%
   GbtC2zC1wN1_GgN3wC1wN1 : 208.4216115 (0.03)%
    QqGqqC1wN1_QqGqqC1wN1 : 205.2541535 (0.03)%
         GqqN1_QqGbbN2hN1 : 204.4769369 (0.03)%
         GbbN2hN1_QqGqqN1 : 204.4769369 (0.03)%
      GbbN2hN1_GgN3wC1wN1 : 202.2184560 (0.03)%
    QqGbtC1wN1_QqGqqN2hN1 : 201.6462225 (0.03)%
   GbtC1wN1_QqGttN3wC1wN1 : 200.2695587 (0.03)%
   GttN3wC1wN1_QqGbtC1wN1 : 200.2695587 (0.03)%
   GbtC1wN1_QqGbbN3wC1wN1 : 199.8069992 (0.03)%
   GbbN3wC1wN1_QqGbtC1wN1 : 199.8069992 (0.03)%
        GqqN1_GttN4hN2hN1 : 199.6492394 (0.03)%
 QqGbtC1wN1_QqGbtC2hC1wN1 : 199.3336648 (0.03)%
  GttN4wC1wN1_GttN4wC1wN1 : 198.8650903 (0.03)%
      GbtC1wN1_QqGttN2hN1 : 198.6378075 (0.03)%
      GttN2hN1_QqGbtC1wN1 : 198.6378075 (0.03)%
      GqqN1_QqGbtC2wN2hN1 : 198.1113875 (0.03)%
      GbtC2wN2hN1_QqGqqN1 : 198.1113875 (0.03)%
           GttN1_GttN4hN1 : 196.1643678 (0.03)%
   GbtC2wN2hN1_GgN3wC1wN1 : 195.9232152 (0.03)%
        GbbN4hN1_GqqC1wN1 : 194.7247565 (0.03)%
        GbbN4hN2hN1_GttN1 : 193.5159155 (0.03)%
  GbtC2zC1wN1_GttN3zN2hN1 : 193.3672330 (0.03)%
  GbbN3zN2hN1_GbtC2zC1wN1 : 192.9206157 (0.03)%
 QqGbtC2zC1wN1_QqGqqC1wN1 : 192.8559346 (0.03)%
         GqqN1_QqGqqN2hN1 : 189.4634145 (0.03)%
         GqqN2hN1_QqGqqN1 : 189.4634145 (0.03)%
     GbbN2hN1_GttN3zN2hN1 : 187.6121340 (0.03)%
      GgN3wC1wN1_GqqN2hN1 : 187.3707605 (0.03)%
      GqqN1_QqGbtC2hC1wN1 : 187.2905740 (0.03)%
      GbtC2hC1wN1_QqGqqN1 : 187.2905740 (0.03)%
     GbbN2hN1_GbbN3zN2hN1 : 187.1788092 (0.03)%
    QqGbbN2hN1_QqGqqC1wN1 : 187.1160532 (0.03)%
   GbtC2hC1wN1_GgN3wC1wN1 : 185.2219193 (0.03)%
   GbtC1wN1_QqGbbN4wC1wN1 : 183.3838214 (0.03)%
   GbbN4wC1wN1_QqGbtC1wN1 : 183.3838214 (0.03)%
  GbtC2wN2hN1_GttN3zN2hN1 : 181.7716010 (0.03)%
  GbbN3zN2hN1_GbtC2wN2hN1 : 181.3517659 (0.03)%
 QqGbtC2wN2hN1_QqGqqC1wN1 : 181.2909636 (0.03)%
         GbbN1_QqGbtC1wN1 : 179.9576115 (0.03)%
         GbtC1wN1_QqGbbN1 : 179.9576115 (0.03)%
      GbtC1wN1_GgN3zN2hN1 : 178.6145186 (0.03)%
       QqC1wN1_QqGbtC1wN1 : 178.5659139 (0.03)%
   GbtC2zC1wN1_GgN4wC1wN1 : 177.9395382 (0.03)%
           C2zC1wN1_N2hN1 : 177.2367880 (0.03)%
     GqqN2hN1_GttN3zN2hN1 : 173.8368936 (0.03)%
     GbbN3zN2hN1_GqqN2hN1 : 173.4353852 (0.03)%
    QqGqqC1wN1_QqGqqN2hN1 : 173.3772370 (0.03)%
      GbbN2hN1_GgN4wC1wN1 : 172.6436065 (0.03)%
   GqqC1wN1_QqGttN3wC1wN1 : 172.1935691 (0.03)%
   GttN3wC1wN1_QqGqqC1wN1 : 172.1935691 (0.03)%
  GbtC2hC1wN1_GttN3zN2hN1 : 171.8432641 (0.03)%
   GqqC1wN1_QqGbbN3wC1wN1 : 171.7958563 (0.03)%
   GbbN3wC1wN1_QqGqqC1wN1 : 171.7958563 (0.03)%
  GbbN3zN2hN1_GbtC2hC1wN1 : 171.4463604 (0.03)%
 QqGbtC2hC1wN1_QqGqqC1wN1 : 171.3888790 (0.03)%
        GbbN2zN1_GbtC2wN1 : 170.9518107 (0.03)%
      GqqC1wN1_QqGttN2hN1 : 170.7905747 (0.03)%
      GttN2hN1_QqGqqC1wN1 : 170.7905747 (0.03)%
        N3zN2hN1_N4hN2hN1 : 170.6459943 (0.03)%
            GqqN1_QqC1wN1 : 167.7775430 (0.02)%
   GbtC2wN2hN1_GgN4wC1wN1 : 167.2690571 (0.02)%
     GbbN2zN1_GttN4wC1wN1 : 166.8308842 (0.02)%
           C2wN2hN1_N2hN1 : 166.6084486 (0.02)%
     GbtC2zC1wN1_GttN4hN1 : 166.6038700 (0.02)%
     GbtC2wN1_GbtC2wN2zN1 : 165.6299284 (0.02)%
  GbbN4hN2hN1_GbtC2zC1wN1 : 164.3545195 (0.02)%
         GttN1_QqGbtC2wN1 : 162.7643216 (0.02)%
         GbtC2wN1_QqGttN1 : 162.7643216 (0.02)%
        GbbN2hN1_GttN4hN1 : 161.6453165 (0.02)%
  GbtC2wN2zN1_GttN4wC1wN1 : 161.6372900 (0.02)%
      GgN4wC1wN1_GqqN2hN1 : 159.9674158 (0.02)%
     GbbN2hN1_GbbN4hN2hN1 : 159.4629124 (0.02)%
      GttN1_QqGttN4wC1wN1 : 158.8407609 (0.02)%
      GttN4wC1wN1_QqGttN1 : 158.8407609 (0.02)%
        GbtC2wN1_GqqN2zN1 : 158.3998385 (0.02)%
              C2wN1_N3zN1 : 158.3249747 (0.02)%
           GttN1_GttN3zN1 : 158.3235972 (0.02)%
   GbtC2hC1wN1_GgN4wC1wN1 : 158.1328469 (0.02)%
           GbbN3zN1_GttN1 : 157.9579196 (0.02)%
   GqqC1wN1_QqGbbN4wC1wN1 : 157.6750601 (0.02)%
   GbbN4wC1wN1_QqGqqC1wN1 : 157.6750601 (0.02)%
           C2hC1wN1_N2hN1 : 157.5083208 (0.02)%
     GbtC2wN2hN1_GttN4hN1 : 156.6131537 (0.02)%
         GbbN1_QqGqqC1wN1 : 154.7291740 (0.02)%
         GqqC1wN1_QqGbbN1 : 154.7291740 (0.02)%
     GqqN2zN1_GttN4wC1wN1 : 154.5814870 (0.02)%
  GbbN4hN2hN1_GbtC2wN2hN1 : 154.4986898 (0.02)%
      GgN3zN2hN1_GqqC1wN1 : 153.5743707 (0.02)%
       QqC1wN1_QqGqqC1wN1 : 153.5325799 (0.02)%
        C2wN2zN1_C2zC1wN1 : 153.4577968 (0.02)%
           N2hN1_N3zN2hN1 : 150.2212881 (0.02)%
        GqqN2hN1_GttN4hN1 : 149.7766647 (0.02)%
       QqGbtC1wN1_QqGqqN1 : 149.6112225 (0.02)%
     GbtC2hC1wN1_GttN4hN1 : 148.0589673 (0.02)%
     GbbN4hN2hN1_GqqN2hN1 : 147.7545015 (0.02)%
  GbbN4hN2hN1_GbtC2hC1wN1 : 146.0599951 (0.02)%
        C2wN2hN1_C2wN2zN1 : 144.2554097 (0.02)%
  GbbN3wC1wN1_GttN3wC1wN1 : 142.6876656 (0.02)%
           C1wN1_N4hN2hN1 : 142.5852848 (0.02)%
     GttN2hN1_GttN3wC1wN1 : 141.8527137 (0.02)%
      GbtC1wN1_GgN4hN2hN1 : 141.5465075 (0.02)%
     GbbN3wC1wN1_GttN2hN1 : 141.5250787 (0.02)%
            GqqN1_QqGqqN1 : 140.5721997 (0.02)%
      GbtC1wN1_QqGbbN2zN1 : 140.0882727 (0.02)%
      GbbN2zN1_QqGbtC1wN1 : 140.0882727 (0.02)%
         GgN3wC1wN1_GqqN1 : 139.0195570 (0.02)%
   GbtC2wN1_QqGbtC2zC1wN1 : 138.2369601 (0.02)%
   GbtC2zC1wN1_QqGbtC2wN1 : 138.2369601 (0.02)%
     GbtC1wN1_GttN4hN2zN1 : 136.7807906 (0.02)%
              N1_N3wC1wN1 : 136.6382597 (0.02)%
        C2hC1wN1_C2wN2zN1 : 136.3762014 (0.02)%
   GbtC1wN1_QqGbtC2wN2zN1 : 135.7271999 (0.02)%
   GbtC2wN2zN1_QqGbtC1wN1 : 135.7271999 (0.02)%
GttN4wC1wN1_QqGbtC2zC1wN1 : 134.9046505 (0.02)%
------------------------------------------------------------
                                        SUM=90.02%
