/Users/rafalmaselek/Projects/fastlim-1.0
 
#################################################################
#                                                               #
#                                                               #
#                     This is Fastlim  ver. 1.0                 #
#                                                               #
#          A fast LHC limit calculator for BSM models.          #
#                                                               #
#                  http://cern.ch/fastlim-1.0/                  #
#                                                               #
#  for bugs/feature requests: fastlim-1.0.developers@gmail.com  #
#                                                               #
#    please refer to:                                           #
#    M.Papucci, K.Sakurai, A.Weiler, L.Zeune arXiv:1402.xxxx    #
#                                                               #
#################################################################
 

!! Masses incompatible with the data for ERER !!

!! Problem with reading tables for ER ER !! Probably mass outside the table !! Setting xsec to 10^-20 !!

!! Masses incompatible with the data for ELEL !!

!! Problem with reading tables for EL EL !! Probably mass outside the table !! Setting xsec to 10^-20 !!

!! Masses incompatible with the data for TAU1TAU1 !!

!! Problem with reading tables for TAU1 TAU1 !! Probably mass outside the table !! Setting xsec to 10^-20 !!

!! Masses incompatible with the data for TAU2TAU2 !!

!! Problem with reading tables for TAU2 TAU2 !! Probably mass outside the table !! Setting xsec to 10^-20 !!
!!! THERE IS MASS SHIFTING IN EWKfast --------------------------------------------------------
Energy  Precision  PDF  Process
13      LO    NNPDF30           C1C1       0.4928885646724668 
13      LO    NNPDF30           C1+C2-     0.00014471671377450096 # mass is shifted in the grid
13      LO    NNPDF30           C1-C2+     0.00014468314632070677 # mass is shifted in the grid
13      LO    NNPDF30           C2C2       0.01318748633121278 # mass is shifted in the grid
13      LO    NNPDF30           N1N1       0.01560662036013543 
13      LO    NNPDF30           N1N2       0.00171365341202798 
13      LO    NNPDF30           N1N3       5.074609937293088e-05 # mass is shifted in the grid
13      LO    NNPDF30           N1N4       2.0857302848855064e-05 # mass is shifted in the grid
13      LO    NNPDF30           N2N2       0.009132705052925821 
13      LO    NNPDF30           N2N3       9.570220761806076e-05 # mass is shifted in the grid
13      LO    NNPDF30           N2N4       4.534619052676654e-05 # mass is shifted in the grid
13      LO    NNPDF30           N3N3       1.0304284483728545e-09 # mass is shifted in the grid
13      LO    NNPDF30           N3N4       0.002265648183144143 # mass is shifted in the grid
13      LO    NNPDF30           N4N4       5.604357638415409e-08 # mass is shifted in the grid
13      LO    NNPDF30           N1C1+      0.0031269670422012443 
13      LO    NNPDF30           N2C1+      0.7999752929133457 
13      LO    NNPDF30           N3C1+      0.00015691126229804714 # mass is shifted in the grid
13      LO    NNPDF30           N4C1+      4.535739498899498e-05 # mass is shifted in the grid
13      LO    NNPDF30           N1C1-      0.001089645338777778 
13      LO    NNPDF30           N2C1-      0.27537357288404457 
13      LO    NNPDF30           N3C1-      5.19766711069886e-05 # mass is shifted in the grid
13      LO    NNPDF30           N4C1-      1.4854713303869874e-05 # mass is shifted in the grid
13      LO    NNPDF30           N1C2+      0.0002808247321970117 # mass is shifted in the grid
13      LO    NNPDF30           N2C2+      3.907037045355717e-05 # mass is shifted in the grid
13      LO    NNPDF30           N3C2+      0.0031873543971457086 # mass is shifted in the grid
13      LO    NNPDF30           N4C2+      0.016280561148339565 # mass is shifted in the grid
13      LO    NNPDF30           N1C2-      9.412489529971389e-05 # mass is shifted in the grid
13      LO    NNPDF30           N2C2-      1.2886820831321899e-05 # mass is shifted in the grid
13      LO    NNPDF30           N3C2-      0.0011013197529430052 # mass is shifted in the grid
13      LO    NNPDF30           N4C2-      0.005472505994183716 # mass is shifted in the grid

SLHA file: /Users/rafalmaselek/Projects/CheckMateCalculations/UML/SLHA_FIX/cmssm_1480_1142_5_-1142_1.slha
Input file: /Users/rafalmaselek/ScienceSoft/EWKfast_LO/input_default.dat
Sort: OFF 
Cut: -1 
Unit: fb 
ScaleVariation: OFF 

mC2 = 1589.64363 is out of range. |mC2| = 1500 was used.
mN3 = -1583.22251 is out of range. |mN3| = 1500 was used.
mN4 = 1589.69935 is out of range. |mN4| = 1500 was used.

-----------------------------------------------------------------------------------------------
!!! THERE IS MASS SHIFTING IN EWKfast --------------------------------------------------------
Energy  Precision  PDF  Process
13      LO    NNPDF30           C1C1       0.4928885646724668 
13      LO    NNPDF30           C1+C2-     0.00014471671377450096 # mass is shifted in the grid
13      LO    NNPDF30           C1-C2+     0.00014468314632070677 # mass is shifted in the grid
13      LO    NNPDF30           C2C2       0.01318748633121278 # mass is shifted in the grid
13      LO    NNPDF30           N1N1       0.01560662036013543 
13      LO    NNPDF30           N1N2       0.00171365341202798 
13      LO    NNPDF30           N1N3       5.074609937293088e-05 # mass is shifted in the grid
13      LO    NNPDF30           N1N4       2.0857302848855064e-05 # mass is shifted in the grid
13      LO    NNPDF30           N2N2       0.009132705052925821 
13      LO    NNPDF30           N2N3       9.570220761806076e-05 # mass is shifted in the grid
13      LO    NNPDF30           N2N4       4.534619052676654e-05 # mass is shifted in the grid
13      LO    NNPDF30           N3N3       1.0304284483728545e-09 # mass is shifted in the grid
13      LO    NNPDF30           N3N4       0.002265648183144143 # mass is shifted in the grid
13      LO    NNPDF30           N4N4       5.604357638415409e-08 # mass is shifted in the grid
13      LO    NNPDF30           N1C1+      0.0031269670422012443 
13      LO    NNPDF30           N2C1+      0.7999752929133457 
13      LO    NNPDF30           N3C1+      0.00015691126229804714 # mass is shifted in the grid
13      LO    NNPDF30           N4C1+      4.535739498899498e-05 # mass is shifted in the grid
13      LO    NNPDF30           N1C1-      0.001089645338777778 
13      LO    NNPDF30           N2C1-      0.27537357288404457 
13      LO    NNPDF30           N3C1-      5.19766711069886e-05 # mass is shifted in the grid
13      LO    NNPDF30           N4C1-      1.4854713303869874e-05 # mass is shifted in the grid
13      LO    NNPDF30           N1C2+      0.0002808247321970117 # mass is shifted in the grid
13      LO    NNPDF30           N2C2+      3.907037045355717e-05 # mass is shifted in the grid
13      LO    NNPDF30           N3C2+      0.0031873543971457086 # mass is shifted in the grid
13      LO    NNPDF30           N4C2+      0.016280561148339565 # mass is shifted in the grid
13      LO    NNPDF30           N1C2-      9.412489529971389e-05 # mass is shifted in the grid
13      LO    NNPDF30           N2C2-      1.2886820831321899e-05 # mass is shifted in the grid
13      LO    NNPDF30           N3C2-      0.0011013197529430052 # mass is shifted in the grid
13      LO    NNPDF30           N4C2-      0.005472505994183716 # mass is shifted in the grid

SLHA file: /Users/rafalmaselek/Projects/CheckMateCalculations/UML/SLHA_FIX/cmssm_1480_1142_5_-1142_1.slha
Input file: /Users/rafalmaselek/ScienceSoft/EWKfast_LO/input_default.dat
Sort: OFF 
Cut: -1 
Unit: fb 
ScaleVariation: OFF 

mC2 = 1589.64363 is out of range. |mC2| = 1500 was used.
mN3 = -1583.22251 is out of range. |mN3| = 1500 was used.
mN4 = 1589.69935 is out of range. |mN4| = 1500 was used.

-----------------------------------------------------------------------------------------------
!! EWK PROCESS C1C2 NOT FOUND !! WILL TRY TO LOOK FOR +/- MODES !!
XSEC FOUND FOR: C1-C2+
XSEC FOUND FOR: C1+C2-
!!! THERE IS MASS SHIFTING IN EWKfast --------------------------------------------------------
Energy  Precision  PDF  Process
13      LO    NNPDF30           C1C1       0.4928885646724668 
13      LO    NNPDF30           C1+C2-     0.00014471671377450096 # mass is shifted in the grid
13      LO    NNPDF30           C1-C2+     0.00014468314632070677 # mass is shifted in the grid
13      LO    NNPDF30           C2C2       0.01318748633121278 # mass is shifted in the grid
13      LO    NNPDF30           N1N1       0.01560662036013543 
13      LO    NNPDF30           N1N2       0.00171365341202798 
13      LO    NNPDF30           N1N3       5.074609937293088e-05 # mass is shifted in the grid
13      LO    NNPDF30           N1N4       2.0857302848855064e-05 # mass is shifted in the grid
13      LO    NNPDF30           N2N2       0.009132705052925821 
13      LO    NNPDF30           N2N3       9.570220761806076e-05 # mass is shifted in the grid
13      LO    NNPDF30           N2N4       4.534619052676654e-05 # mass is shifted in the grid
13      LO    NNPDF30           N3N3       1.0304284483728545e-09 # mass is shifted in the grid
13      LO    NNPDF30           N3N4       0.002265648183144143 # mass is shifted in the grid
13      LO    NNPDF30           N4N4       5.604357638415409e-08 # mass is shifted in the grid
13      LO    NNPDF30           N1C1+      0.0031269670422012443 
13      LO    NNPDF30           N2C1+      0.7999752929133457 
13      LO    NNPDF30           N3C1+      0.00015691126229804714 # mass is shifted in the grid
13      LO    NNPDF30           N4C1+      4.535739498899498e-05 # mass is shifted in the grid
13      LO    NNPDF30           N1C1-      0.001089645338777778 
13      LO    NNPDF30           N2C1-      0.27537357288404457 
13      LO    NNPDF30           N3C1-      5.19766711069886e-05 # mass is shifted in the grid
13      LO    NNPDF30           N4C1-      1.4854713303869874e-05 # mass is shifted in the grid
13      LO    NNPDF30           N1C2+      0.0002808247321970117 # mass is shifted in the grid
13      LO    NNPDF30           N2C2+      3.907037045355717e-05 # mass is shifted in the grid
13      LO    NNPDF30           N3C2+      0.0031873543971457086 # mass is shifted in the grid
13      LO    NNPDF30           N4C2+      0.016280561148339565 # mass is shifted in the grid
13      LO    NNPDF30           N1C2-      9.412489529971389e-05 # mass is shifted in the grid
13      LO    NNPDF30           N2C2-      1.2886820831321899e-05 # mass is shifted in the grid
13      LO    NNPDF30           N3C2-      0.0011013197529430052 # mass is shifted in the grid
13      LO    NNPDF30           N4C2-      0.005472505994183716 # mass is shifted in the grid

SLHA file: /Users/rafalmaselek/Projects/CheckMateCalculations/UML/SLHA_FIX/cmssm_1480_1142_5_-1142_1.slha
Input file: /Users/rafalmaselek/ScienceSoft/EWKfast_LO/input_default.dat
Sort: OFF 
Cut: -1 
Unit: fb 
ScaleVariation: OFF 

mC2 = 1589.64363 is out of range. |mC2| = 1500 was used.
mN3 = -1583.22251 is out of range. |mN3| = 1500 was used.
mN4 = 1589.69935 is out of range. |mN4| = 1500 was used.

-----------------------------------------------------------------------------------------------
!!! THERE IS MASS SHIFTING IN EWKfast --------------------------------------------------------
Energy  Precision  PDF  Process
13      LO    NNPDF30           C1C1       0.4928885646724668 
13      LO    NNPDF30           C1+C2-     0.00014471671377450096 # mass is shifted in the grid
13      LO    NNPDF30           C1-C2+     0.00014468314632070677 # mass is shifted in the grid
13      LO    NNPDF30           C2C2       0.01318748633121278 # mass is shifted in the grid
13      LO    NNPDF30           N1N1       0.01560662036013543 
13      LO    NNPDF30           N1N2       0.00171365341202798 
13      LO    NNPDF30           N1N3       5.074609937293088e-05 # mass is shifted in the grid
13      LO    NNPDF30           N1N4       2.0857302848855064e-05 # mass is shifted in the grid
13      LO    NNPDF30           N2N2       0.009132705052925821 
13      LO    NNPDF30           N2N3       9.570220761806076e-05 # mass is shifted in the grid
13      LO    NNPDF30           N2N4       4.534619052676654e-05 # mass is shifted in the grid
13      LO    NNPDF30           N3N3       1.0304284483728545e-09 # mass is shifted in the grid
13      LO    NNPDF30           N3N4       0.002265648183144143 # mass is shifted in the grid
13      LO    NNPDF30           N4N4       5.604357638415409e-08 # mass is shifted in the grid
13      LO    NNPDF30           N1C1+      0.0031269670422012443 
13      LO    NNPDF30           N2C1+      0.7999752929133457 
13      LO    NNPDF30           N3C1+      0.00015691126229804714 # mass is shifted in the grid
13      LO    NNPDF30           N4C1+      4.535739498899498e-05 # mass is shifted in the grid
13      LO    NNPDF30           N1C1-      0.001089645338777778 
13      LO    NNPDF30           N2C1-      0.27537357288404457 
13      LO    NNPDF30           N3C1-      5.19766711069886e-05 # mass is shifted in the grid
13      LO    NNPDF30           N4C1-      1.4854713303869874e-05 # mass is shifted in the grid
13      LO    NNPDF30           N1C2+      0.0002808247321970117 # mass is shifted in the grid
13      LO    NNPDF30           N2C2+      3.907037045355717e-05 # mass is shifted in the grid
13      LO    NNPDF30           N3C2+      0.0031873543971457086 # mass is shifted in the grid
13      LO    NNPDF30           N4C2+      0.016280561148339565 # mass is shifted in the grid
13      LO    NNPDF30           N1C2-      9.412489529971389e-05 # mass is shifted in the grid
13      LO    NNPDF30           N2C2-      1.2886820831321899e-05 # mass is shifted in the grid
13      LO    NNPDF30           N3C2-      0.0011013197529430052 # mass is shifted in the grid
13      LO    NNPDF30           N4C2-      0.005472505994183716 # mass is shifted in the grid

SLHA file: /Users/rafalmaselek/Projects/CheckMateCalculations/UML/SLHA_FIX/cmssm_1480_1142_5_-1142_1.slha
Input file: /Users/rafalmaselek/ScienceSoft/EWKfast_LO/input_default.dat
Sort: OFF 
Cut: -1 
Unit: fb 
ScaleVariation: OFF 

mC2 = 1589.64363 is out of range. |mC2| = 1500 was used.
mN3 = -1583.22251 is out of range. |mN3| = 1500 was used.
mN4 = 1589.69935 is out of range. |mN4| = 1500 was used.

-----------------------------------------------------------------------------------------------
!! EWK PROCESS C1N1 NOT FOUND !! WILL TRY TO LOOK FOR +/- MODES !!
XSEC FOUND FOR: C1+N1
XSEC FOUND FOR: C1-N1
!!! THERE IS MASS SHIFTING IN EWKfast --------------------------------------------------------
Energy  Precision  PDF  Process
13      LO    NNPDF30           C1C1       0.4928885646724668 
13      LO    NNPDF30           C1+C2-     0.00014471671377450096 # mass is shifted in the grid
13      LO    NNPDF30           C1-C2+     0.00014468314632070677 # mass is shifted in the grid
13      LO    NNPDF30           C2C2       0.01318748633121278 # mass is shifted in the grid
13      LO    NNPDF30           N1N1       0.01560662036013543 
13      LO    NNPDF30           N1N2       0.00171365341202798 
13      LO    NNPDF30           N1N3       5.074609937293088e-05 # mass is shifted in the grid
13      LO    NNPDF30           N1N4       2.0857302848855064e-05 # mass is shifted in the grid
13      LO    NNPDF30           N2N2       0.009132705052925821 
13      LO    NNPDF30           N2N3       9.570220761806076e-05 # mass is shifted in the grid
13      LO    NNPDF30           N2N4       4.534619052676654e-05 # mass is shifted in the grid
13      LO    NNPDF30           N3N3       1.0304284483728545e-09 # mass is shifted in the grid
13      LO    NNPDF30           N3N4       0.002265648183144143 # mass is shifted in the grid
13      LO    NNPDF30           N4N4       5.604357638415409e-08 # mass is shifted in the grid
13      LO    NNPDF30           N1C1+      0.0031269670422012443 
13      LO    NNPDF30           N2C1+      0.7999752929133457 
13      LO    NNPDF30           N3C1+      0.00015691126229804714 # mass is shifted in the grid
13      LO    NNPDF30           N4C1+      4.535739498899498e-05 # mass is shifted in the grid
13      LO    NNPDF30           N1C1-      0.001089645338777778 
13      LO    NNPDF30           N2C1-      0.27537357288404457 
13      LO    NNPDF30           N3C1-      5.19766711069886e-05 # mass is shifted in the grid
13      LO    NNPDF30           N4C1-      1.4854713303869874e-05 # mass is shifted in the grid
13      LO    NNPDF30           N1C2+      0.0002808247321970117 # mass is shifted in the grid
13      LO    NNPDF30           N2C2+      3.907037045355717e-05 # mass is shifted in the grid
13      LO    NNPDF30           N3C2+      0.0031873543971457086 # mass is shifted in the grid
13      LO    NNPDF30           N4C2+      0.016280561148339565 # mass is shifted in the grid
13      LO    NNPDF30           N1C2-      9.412489529971389e-05 # mass is shifted in the grid
13      LO    NNPDF30           N2C2-      1.2886820831321899e-05 # mass is shifted in the grid
13      LO    NNPDF30           N3C2-      0.0011013197529430052 # mass is shifted in the grid
13      LO    NNPDF30           N4C2-      0.005472505994183716 # mass is shifted in the grid

SLHA file: /Users/rafalmaselek/Projects/CheckMateCalculations/UML/SLHA_FIX/cmssm_1480_1142_5_-1142_1.slha
Input file: /Users/rafalmaselek/ScienceSoft/EWKfast_LO/input_default.dat
Sort: OFF 
Cut: -1 
Unit: fb 
ScaleVariation: OFF 

mC2 = 1589.64363 is out of range. |mC2| = 1500 was used.
mN3 = -1583.22251 is out of range. |mN3| = 1500 was used.
mN4 = 1589.69935 is out of range. |mN4| = 1500 was used.

-----------------------------------------------------------------------------------------------
!! EWK PROCESS C1N2 NOT FOUND !! WILL TRY TO LOOK FOR +/- MODES !!
XSEC FOUND FOR: C1+N2
XSEC FOUND FOR: C1-N2
!!! THERE IS MASS SHIFTING IN EWKfast --------------------------------------------------------
Energy  Precision  PDF  Process
13      LO    NNPDF30           C1C1       0.4928885646724668 
13      LO    NNPDF30           C1+C2-     0.00014471671377450096 # mass is shifted in the grid
13      LO    NNPDF30           C1-C2+     0.00014468314632070677 # mass is shifted in the grid
13      LO    NNPDF30           C2C2       0.01318748633121278 # mass is shifted in the grid
13      LO    NNPDF30           N1N1       0.01560662036013543 
13      LO    NNPDF30           N1N2       0.00171365341202798 
13      LO    NNPDF30           N1N3       5.074609937293088e-05 # mass is shifted in the grid
13      LO    NNPDF30           N1N4       2.0857302848855064e-05 # mass is shifted in the grid
13      LO    NNPDF30           N2N2       0.009132705052925821 
13      LO    NNPDF30           N2N3       9.570220761806076e-05 # mass is shifted in the grid
13      LO    NNPDF30           N2N4       4.534619052676654e-05 # mass is shifted in the grid
13      LO    NNPDF30           N3N3       1.0304284483728545e-09 # mass is shifted in the grid
13      LO    NNPDF30           N3N4       0.002265648183144143 # mass is shifted in the grid
13      LO    NNPDF30           N4N4       5.604357638415409e-08 # mass is shifted in the grid
13      LO    NNPDF30           N1C1+      0.0031269670422012443 
13      LO    NNPDF30           N2C1+      0.7999752929133457 
13      LO    NNPDF30           N3C1+      0.00015691126229804714 # mass is shifted in the grid
13      LO    NNPDF30           N4C1+      4.535739498899498e-05 # mass is shifted in the grid
13      LO    NNPDF30           N1C1-      0.001089645338777778 
13      LO    NNPDF30           N2C1-      0.27537357288404457 
13      LO    NNPDF30           N3C1-      5.19766711069886e-05 # mass is shifted in the grid
13      LO    NNPDF30           N4C1-      1.4854713303869874e-05 # mass is shifted in the grid
13      LO    NNPDF30           N1C2+      0.0002808247321970117 # mass is shifted in the grid
13      LO    NNPDF30           N2C2+      3.907037045355717e-05 # mass is shifted in the grid
13      LO    NNPDF30           N3C2+      0.0031873543971457086 # mass is shifted in the grid
13      LO    NNPDF30           N4C2+      0.016280561148339565 # mass is shifted in the grid
13      LO    NNPDF30           N1C2-      9.412489529971389e-05 # mass is shifted in the grid
13      LO    NNPDF30           N2C2-      1.2886820831321899e-05 # mass is shifted in the grid
13      LO    NNPDF30           N3C2-      0.0011013197529430052 # mass is shifted in the grid
13      LO    NNPDF30           N4C2-      0.005472505994183716 # mass is shifted in the grid

SLHA file: /Users/rafalmaselek/Projects/CheckMateCalculations/UML/SLHA_FIX/cmssm_1480_1142_5_-1142_1.slha
Input file: /Users/rafalmaselek/ScienceSoft/EWKfast_LO/input_default.dat
Sort: OFF 
Cut: -1 
Unit: fb 
ScaleVariation: OFF 

mC2 = 1589.64363 is out of range. |mC2| = 1500 was used.
mN3 = -1583.22251 is out of range. |mN3| = 1500 was used.
mN4 = 1589.69935 is out of range. |mN4| = 1500 was used.

-----------------------------------------------------------------------------------------------
!! EWK PROCESS C1N3 NOT FOUND !! WILL TRY TO LOOK FOR +/- MODES !!
XSEC FOUND FOR: C1+N3
XSEC FOUND FOR: C1-N3
!!! THERE IS MASS SHIFTING IN EWKfast --------------------------------------------------------
Energy  Precision  PDF  Process
13      LO    NNPDF30           C1C1       0.4928885646724668 
13      LO    NNPDF30           C1+C2-     0.00014471671377450096 # mass is shifted in the grid
13      LO    NNPDF30           C1-C2+     0.00014468314632070677 # mass is shifted in the grid
13      LO    NNPDF30           C2C2       0.01318748633121278 # mass is shifted in the grid
13      LO    NNPDF30           N1N1       0.01560662036013543 
13      LO    NNPDF30           N1N2       0.00171365341202798 
13      LO    NNPDF30           N1N3       5.074609937293088e-05 # mass is shifted in the grid
13      LO    NNPDF30           N1N4       2.0857302848855064e-05 # mass is shifted in the grid
13      LO    NNPDF30           N2N2       0.009132705052925821 
13      LO    NNPDF30           N2N3       9.570220761806076e-05 # mass is shifted in the grid
13      LO    NNPDF30           N2N4       4.534619052676654e-05 # mass is shifted in the grid
13      LO    NNPDF30           N3N3       1.0304284483728545e-09 # mass is shifted in the grid
13      LO    NNPDF30           N3N4       0.002265648183144143 # mass is shifted in the grid
13      LO    NNPDF30           N4N4       5.604357638415409e-08 # mass is shifted in the grid
13      LO    NNPDF30           N1C1+      0.0031269670422012443 
13      LO    NNPDF30           N2C1+      0.7999752929133457 
13      LO    NNPDF30           N3C1+      0.00015691126229804714 # mass is shifted in the grid
13      LO    NNPDF30           N4C1+      4.535739498899498e-05 # mass is shifted in the grid
13      LO    NNPDF30           N1C1-      0.001089645338777778 
13      LO    NNPDF30           N2C1-      0.27537357288404457 
13      LO    NNPDF30           N3C1-      5.19766711069886e-05 # mass is shifted in the grid
13      LO    NNPDF30           N4C1-      1.4854713303869874e-05 # mass is shifted in the grid
13      LO    NNPDF30           N1C2+      0.0002808247321970117 # mass is shifted in the grid
13      LO    NNPDF30           N2C2+      3.907037045355717e-05 # mass is shifted in the grid
13      LO    NNPDF30           N3C2+      0.0031873543971457086 # mass is shifted in the grid
13      LO    NNPDF30           N4C2+      0.016280561148339565 # mass is shifted in the grid
13      LO    NNPDF30           N1C2-      9.412489529971389e-05 # mass is shifted in the grid
13      LO    NNPDF30           N2C2-      1.2886820831321899e-05 # mass is shifted in the grid
13      LO    NNPDF30           N3C2-      0.0011013197529430052 # mass is shifted in the grid
13      LO    NNPDF30           N4C2-      0.005472505994183716 # mass is shifted in the grid

SLHA file: /Users/rafalmaselek/Projects/CheckMateCalculations/UML/SLHA_FIX/cmssm_1480_1142_5_-1142_1.slha
Input file: /Users/rafalmaselek/ScienceSoft/EWKfast_LO/input_default.dat
Sort: OFF 
Cut: -1 
Unit: fb 
ScaleVariation: OFF 

mC2 = 1589.64363 is out of range. |mC2| = 1500 was used.
mN3 = -1583.22251 is out of range. |mN3| = 1500 was used.
mN4 = 1589.69935 is out of range. |mN4| = 1500 was used.

-----------------------------------------------------------------------------------------------
!! EWK PROCESS C1N4 NOT FOUND !! WILL TRY TO LOOK FOR +/- MODES !!
XSEC FOUND FOR: C1+N4
XSEC FOUND FOR: C1-N4
!!! THERE IS MASS SHIFTING IN EWKfast --------------------------------------------------------
Energy  Precision  PDF  Process
13      LO    NNPDF30           C1C1       0.4928885646724668 
13      LO    NNPDF30           C1+C2-     0.00014471671377450096 # mass is shifted in the grid
13      LO    NNPDF30           C1-C2+     0.00014468314632070677 # mass is shifted in the grid
13      LO    NNPDF30           C2C2       0.01318748633121278 # mass is shifted in the grid
13      LO    NNPDF30           N1N1       0.01560662036013543 
13      LO    NNPDF30           N1N2       0.00171365341202798 
13      LO    NNPDF30           N1N3       5.074609937293088e-05 # mass is shifted in the grid
13      LO    NNPDF30           N1N4       2.0857302848855064e-05 # mass is shifted in the grid
13      LO    NNPDF30           N2N2       0.009132705052925821 
13      LO    NNPDF30           N2N3       9.570220761806076e-05 # mass is shifted in the grid
13      LO    NNPDF30           N2N4       4.534619052676654e-05 # mass is shifted in the grid
13      LO    NNPDF30           N3N3       1.0304284483728545e-09 # mass is shifted in the grid
13      LO    NNPDF30           N3N4       0.002265648183144143 # mass is shifted in the grid
13      LO    NNPDF30           N4N4       5.604357638415409e-08 # mass is shifted in the grid
13      LO    NNPDF30           N1C1+      0.0031269670422012443 
13      LO    NNPDF30           N2C1+      0.7999752929133457 
13      LO    NNPDF30           N3C1+      0.00015691126229804714 # mass is shifted in the grid
13      LO    NNPDF30           N4C1+      4.535739498899498e-05 # mass is shifted in the grid
13      LO    NNPDF30           N1C1-      0.001089645338777778 
13      LO    NNPDF30           N2C1-      0.27537357288404457 
13      LO    NNPDF30           N3C1-      5.19766711069886e-05 # mass is shifted in the grid
13      LO    NNPDF30           N4C1-      1.4854713303869874e-05 # mass is shifted in the grid
13      LO    NNPDF30           N1C2+      0.0002808247321970117 # mass is shifted in the grid
13      LO    NNPDF30           N2C2+      3.907037045355717e-05 # mass is shifted in the grid
13      LO    NNPDF30           N3C2+      0.0031873543971457086 # mass is shifted in the grid
13      LO    NNPDF30           N4C2+      0.016280561148339565 # mass is shifted in the grid
13      LO    NNPDF30           N1C2-      9.412489529971389e-05 # mass is shifted in the grid
13      LO    NNPDF30           N2C2-      1.2886820831321899e-05 # mass is shifted in the grid
13      LO    NNPDF30           N3C2-      0.0011013197529430052 # mass is shifted in the grid
13      LO    NNPDF30           N4C2-      0.005472505994183716 # mass is shifted in the grid

SLHA file: /Users/rafalmaselek/Projects/CheckMateCalculations/UML/SLHA_FIX/cmssm_1480_1142_5_-1142_1.slha
Input file: /Users/rafalmaselek/ScienceSoft/EWKfast_LO/input_default.dat
Sort: OFF 
Cut: -1 
Unit: fb 
ScaleVariation: OFF 

mC2 = 1589.64363 is out of range. |mC2| = 1500 was used.
mN3 = -1583.22251 is out of range. |mN3| = 1500 was used.
mN4 = 1589.69935 is out of range. |mN4| = 1500 was used.

-----------------------------------------------------------------------------------------------
!! EWK PROCESS C2N1 NOT FOUND !! WILL TRY TO LOOK FOR +/- MODES !!
XSEC FOUND FOR: C2+N1
XSEC FOUND FOR: C2-N1
!!! THERE IS MASS SHIFTING IN EWKfast --------------------------------------------------------
Energy  Precision  PDF  Process
13      LO    NNPDF30           C1C1       0.4928885646724668 
13      LO    NNPDF30           C1+C2-     0.00014471671377450096 # mass is shifted in the grid
13      LO    NNPDF30           C1-C2+     0.00014468314632070677 # mass is shifted in the grid
13      LO    NNPDF30           C2C2       0.01318748633121278 # mass is shifted in the grid
13      LO    NNPDF30           N1N1       0.01560662036013543 
13      LO    NNPDF30           N1N2       0.00171365341202798 
13      LO    NNPDF30           N1N3       5.074609937293088e-05 # mass is shifted in the grid
13      LO    NNPDF30           N1N4       2.0857302848855064e-05 # mass is shifted in the grid
13      LO    NNPDF30           N2N2       0.009132705052925821 
13      LO    NNPDF30           N2N3       9.570220761806076e-05 # mass is shifted in the grid
13      LO    NNPDF30           N2N4       4.534619052676654e-05 # mass is shifted in the grid
13      LO    NNPDF30           N3N3       1.0304284483728545e-09 # mass is shifted in the grid
13      LO    NNPDF30           N3N4       0.002265648183144143 # mass is shifted in the grid
13      LO    NNPDF30           N4N4       5.604357638415409e-08 # mass is shifted in the grid
13      LO    NNPDF30           N1C1+      0.0031269670422012443 
13      LO    NNPDF30           N2C1+      0.7999752929133457 
13      LO    NNPDF30           N3C1+      0.00015691126229804714 # mass is shifted in the grid
13      LO    NNPDF30           N4C1+      4.535739498899498e-05 # mass is shifted in the grid
13      LO    NNPDF30           N1C1-      0.001089645338777778 
13      LO    NNPDF30           N2C1-      0.27537357288404457 
13      LO    NNPDF30           N3C1-      5.19766711069886e-05 # mass is shifted in the grid
13      LO    NNPDF30           N4C1-      1.4854713303869874e-05 # mass is shifted in the grid
13      LO    NNPDF30           N1C2+      0.0002808247321970117 # mass is shifted in the grid
13      LO    NNPDF30           N2C2+      3.907037045355717e-05 # mass is shifted in the grid
13      LO    NNPDF30           N3C2+      0.0031873543971457086 # mass is shifted in the grid
13      LO    NNPDF30           N4C2+      0.016280561148339565 # mass is shifted in the grid
13      LO    NNPDF30           N1C2-      9.412489529971389e-05 # mass is shifted in the grid
13      LO    NNPDF30           N2C2-      1.2886820831321899e-05 # mass is shifted in the grid
13      LO    NNPDF30           N3C2-      0.0011013197529430052 # mass is shifted in the grid
13      LO    NNPDF30           N4C2-      0.005472505994183716 # mass is shifted in the grid

SLHA file: /Users/rafalmaselek/Projects/CheckMateCalculations/UML/SLHA_FIX/cmssm_1480_1142_5_-1142_1.slha
Input file: /Users/rafalmaselek/ScienceSoft/EWKfast_LO/input_default.dat
Sort: OFF 
Cut: -1 
Unit: fb 
ScaleVariation: OFF 

mC2 = 1589.64363 is out of range. |mC2| = 1500 was used.
mN3 = -1583.22251 is out of range. |mN3| = 1500 was used.
mN4 = 1589.69935 is out of range. |mN4| = 1500 was used.

-----------------------------------------------------------------------------------------------
!! EWK PROCESS C2N2 NOT FOUND !! WILL TRY TO LOOK FOR +/- MODES !!
XSEC FOUND FOR: C2+N2
XSEC FOUND FOR: C2-N2
!!! THERE IS MASS SHIFTING IN EWKfast --------------------------------------------------------
Energy  Precision  PDF  Process
13      LO    NNPDF30           C1C1       0.4928885646724668 
13      LO    NNPDF30           C1+C2-     0.00014471671377450096 # mass is shifted in the grid
13      LO    NNPDF30           C1-C2+     0.00014468314632070677 # mass is shifted in the grid
13      LO    NNPDF30           C2C2       0.01318748633121278 # mass is shifted in the grid
13      LO    NNPDF30           N1N1       0.01560662036013543 
13      LO    NNPDF30           N1N2       0.00171365341202798 
13      LO    NNPDF30           N1N3       5.074609937293088e-05 # mass is shifted in the grid
13      LO    NNPDF30           N1N4       2.0857302848855064e-05 # mass is shifted in the grid
13      LO    NNPDF30           N2N2       0.009132705052925821 
13      LO    NNPDF30           N2N3       9.570220761806076e-05 # mass is shifted in the grid
13      LO    NNPDF30           N2N4       4.534619052676654e-05 # mass is shifted in the grid
13      LO    NNPDF30           N3N3       1.0304284483728545e-09 # mass is shifted in the grid
13      LO    NNPDF30           N3N4       0.002265648183144143 # mass is shifted in the grid
13      LO    NNPDF30           N4N4       5.604357638415409e-08 # mass is shifted in the grid
13      LO    NNPDF30           N1C1+      0.0031269670422012443 
13      LO    NNPDF30           N2C1+      0.7999752929133457 
13      LO    NNPDF30           N3C1+      0.00015691126229804714 # mass is shifted in the grid
13      LO    NNPDF30           N4C1+      4.535739498899498e-05 # mass is shifted in the grid
13      LO    NNPDF30           N1C1-      0.001089645338777778 
13      LO    NNPDF30           N2C1-      0.27537357288404457 
13      LO    NNPDF30           N3C1-      5.19766711069886e-05 # mass is shifted in the grid
13      LO    NNPDF30           N4C1-      1.4854713303869874e-05 # mass is shifted in the grid
13      LO    NNPDF30           N1C2+      0.0002808247321970117 # mass is shifted in the grid
13      LO    NNPDF30           N2C2+      3.907037045355717e-05 # mass is shifted in the grid
13      LO    NNPDF30           N3C2+      0.0031873543971457086 # mass is shifted in the grid
13      LO    NNPDF30           N4C2+      0.016280561148339565 # mass is shifted in the grid
13      LO    NNPDF30           N1C2-      9.412489529971389e-05 # mass is shifted in the grid
13      LO    NNPDF30           N2C2-      1.2886820831321899e-05 # mass is shifted in the grid
13      LO    NNPDF30           N3C2-      0.0011013197529430052 # mass is shifted in the grid
13      LO    NNPDF30           N4C2-      0.005472505994183716 # mass is shifted in the grid

SLHA file: /Users/rafalmaselek/Projects/CheckMateCalculations/UML/SLHA_FIX/cmssm_1480_1142_5_-1142_1.slha
Input file: /Users/rafalmaselek/ScienceSoft/EWKfast_LO/input_default.dat
Sort: OFF 
Cut: -1 
Unit: fb 
ScaleVariation: OFF 

mC2 = 1589.64363 is out of range. |mC2| = 1500 was used.
mN3 = -1583.22251 is out of range. |mN3| = 1500 was used.
mN4 = 1589.69935 is out of range. |mN4| = 1500 was used.

-----------------------------------------------------------------------------------------------
!! EWK PROCESS C2N3 NOT FOUND !! WILL TRY TO LOOK FOR +/- MODES !!
XSEC FOUND FOR: C2+N3
XSEC FOUND FOR: C2-N3
!!! THERE IS MASS SHIFTING IN EWKfast --------------------------------------------------------
Energy  Precision  PDF  Process
13      LO    NNPDF30           C1C1       0.4928885646724668 
13      LO    NNPDF30           C1+C2-     0.00014471671377450096 # mass is shifted in the grid
13      LO    NNPDF30           C1-C2+     0.00014468314632070677 # mass is shifted in the grid
13      LO    NNPDF30           C2C2       0.01318748633121278 # mass is shifted in the grid
13      LO    NNPDF30           N1N1       0.01560662036013543 
13      LO    NNPDF30           N1N2       0.00171365341202798 
13      LO    NNPDF30           N1N3       5.074609937293088e-05 # mass is shifted in the grid
13      LO    NNPDF30           N1N4       2.0857302848855064e-05 # mass is shifted in the grid
13      LO    NNPDF30           N2N2       0.009132705052925821 
13      LO    NNPDF30           N2N3       9.570220761806076e-05 # mass is shifted in the grid
13      LO    NNPDF30           N2N4       4.534619052676654e-05 # mass is shifted in the grid
13      LO    NNPDF30           N3N3       1.0304284483728545e-09 # mass is shifted in the grid
13      LO    NNPDF30           N3N4       0.002265648183144143 # mass is shifted in the grid
13      LO    NNPDF30           N4N4       5.604357638415409e-08 # mass is shifted in the grid
13      LO    NNPDF30           N1C1+      0.0031269670422012443 
13      LO    NNPDF30           N2C1+      0.7999752929133457 
13      LO    NNPDF30           N3C1+      0.00015691126229804714 # mass is shifted in the grid
13      LO    NNPDF30           N4C1+      4.535739498899498e-05 # mass is shifted in the grid
13      LO    NNPDF30           N1C1-      0.001089645338777778 
13      LO    NNPDF30           N2C1-      0.27537357288404457 
13      LO    NNPDF30           N3C1-      5.19766711069886e-05 # mass is shifted in the grid
13      LO    NNPDF30           N4C1-      1.4854713303869874e-05 # mass is shifted in the grid
13      LO    NNPDF30           N1C2+      0.0002808247321970117 # mass is shifted in the grid
13      LO    NNPDF30           N2C2+      3.907037045355717e-05 # mass is shifted in the grid
13      LO    NNPDF30           N3C2+      0.0031873543971457086 # mass is shifted in the grid
13      LO    NNPDF30           N4C2+      0.016280561148339565 # mass is shifted in the grid
13      LO    NNPDF30           N1C2-      9.412489529971389e-05 # mass is shifted in the grid
13      LO    NNPDF30           N2C2-      1.2886820831321899e-05 # mass is shifted in the grid
13      LO    NNPDF30           N3C2-      0.0011013197529430052 # mass is shifted in the grid
13      LO    NNPDF30           N4C2-      0.005472505994183716 # mass is shifted in the grid

SLHA file: /Users/rafalmaselek/Projects/CheckMateCalculations/UML/SLHA_FIX/cmssm_1480_1142_5_-1142_1.slha
Input file: /Users/rafalmaselek/ScienceSoft/EWKfast_LO/input_default.dat
Sort: OFF 
Cut: -1 
Unit: fb 
ScaleVariation: OFF 

mC2 = 1589.64363 is out of range. |mC2| = 1500 was used.
mN3 = -1583.22251 is out of range. |mN3| = 1500 was used.
mN4 = 1589.69935 is out of range. |mN4| = 1500 was used.

-----------------------------------------------------------------------------------------------
!! EWK PROCESS C2N4 NOT FOUND !! WILL TRY TO LOOK FOR +/- MODES !!
XSEC FOUND FOR: C2+N4
XSEC FOUND FOR: C2-N4
!!! THERE IS MASS SHIFTING IN EWKfast --------------------------------------------------------
Energy  Precision  PDF  Process
13      LO    NNPDF30           C1C1       0.4928885646724668 
13      LO    NNPDF30           C1+C2-     0.00014471671377450096 # mass is shifted in the grid
13      LO    NNPDF30           C1-C2+     0.00014468314632070677 # mass is shifted in the grid
13      LO    NNPDF30           C2C2       0.01318748633121278 # mass is shifted in the grid
13      LO    NNPDF30           N1N1       0.01560662036013543 
13      LO    NNPDF30           N1N2       0.00171365341202798 
13      LO    NNPDF30           N1N3       5.074609937293088e-05 # mass is shifted in the grid
13      LO    NNPDF30           N1N4       2.0857302848855064e-05 # mass is shifted in the grid
13      LO    NNPDF30           N2N2       0.009132705052925821 
13      LO    NNPDF30           N2N3       9.570220761806076e-05 # mass is shifted in the grid
13      LO    NNPDF30           N2N4       4.534619052676654e-05 # mass is shifted in the grid
13      LO    NNPDF30           N3N3       1.0304284483728545e-09 # mass is shifted in the grid
13      LO    NNPDF30           N3N4       0.002265648183144143 # mass is shifted in the grid
13      LO    NNPDF30           N4N4       5.604357638415409e-08 # mass is shifted in the grid
13      LO    NNPDF30           N1C1+      0.0031269670422012443 
13      LO    NNPDF30           N2C1+      0.7999752929133457 
13      LO    NNPDF30           N3C1+      0.00015691126229804714 # mass is shifted in the grid
13      LO    NNPDF30           N4C1+      4.535739498899498e-05 # mass is shifted in the grid
13      LO    NNPDF30           N1C1-      0.001089645338777778 
13      LO    NNPDF30           N2C1-      0.27537357288404457 
13      LO    NNPDF30           N3C1-      5.19766711069886e-05 # mass is shifted in the grid
13      LO    NNPDF30           N4C1-      1.4854713303869874e-05 # mass is shifted in the grid
13      LO    NNPDF30           N1C2+      0.0002808247321970117 # mass is shifted in the grid
13      LO    NNPDF30           N2C2+      3.907037045355717e-05 # mass is shifted in the grid
13      LO    NNPDF30           N3C2+      0.0031873543971457086 # mass is shifted in the grid
13      LO    NNPDF30           N4C2+      0.016280561148339565 # mass is shifted in the grid
13      LO    NNPDF30           N1C2-      9.412489529971389e-05 # mass is shifted in the grid
13      LO    NNPDF30           N2C2-      1.2886820831321899e-05 # mass is shifted in the grid
13      LO    NNPDF30           N3C2-      0.0011013197529430052 # mass is shifted in the grid
13      LO    NNPDF30           N4C2-      0.005472505994183716 # mass is shifted in the grid

SLHA file: /Users/rafalmaselek/Projects/CheckMateCalculations/UML/SLHA_FIX/cmssm_1480_1142_5_-1142_1.slha
Input file: /Users/rafalmaselek/ScienceSoft/EWKfast_LO/input_default.dat
Sort: OFF 
Cut: -1 
Unit: fb 
ScaleVariation: OFF 

mC2 = 1589.64363 is out of range. |mC2| = 1500 was used.
mN3 = -1583.22251 is out of range. |mN3| = 1500 was used.
mN4 = 1589.69935 is out of range. |mN4| = 1500 was used.

-----------------------------------------------------------------------------------------------
!!! THERE IS MASS SHIFTING IN EWKfast --------------------------------------------------------
Energy  Precision  PDF  Process
13      LO    NNPDF30           C1C1       0.4928885646724668 
13      LO    NNPDF30           C1+C2-     0.00014471671377450096 # mass is shifted in the grid
13      LO    NNPDF30           C1-C2+     0.00014468314632070677 # mass is shifted in the grid
13      LO    NNPDF30           C2C2       0.01318748633121278 # mass is shifted in the grid
13      LO    NNPDF30           N1N1       0.01560662036013543 
13      LO    NNPDF30           N1N2       0.00171365341202798 
13      LO    NNPDF30           N1N3       5.074609937293088e-05 # mass is shifted in the grid
13      LO    NNPDF30           N1N4       2.0857302848855064e-05 # mass is shifted in the grid
13      LO    NNPDF30           N2N2       0.009132705052925821 
13      LO    NNPDF30           N2N3       9.570220761806076e-05 # mass is shifted in the grid
13      LO    NNPDF30           N2N4       4.534619052676654e-05 # mass is shifted in the grid
13      LO    NNPDF30           N3N3       1.0304284483728545e-09 # mass is shifted in the grid
13      LO    NNPDF30           N3N4       0.002265648183144143 # mass is shifted in the grid
13      LO    NNPDF30           N4N4       5.604357638415409e-08 # mass is shifted in the grid
13      LO    NNPDF30           N1C1+      0.0031269670422012443 
13      LO    NNPDF30           N2C1+      0.7999752929133457 
13      LO    NNPDF30           N3C1+      0.00015691126229804714 # mass is shifted in the grid
13      LO    NNPDF30           N4C1+      4.535739498899498e-05 # mass is shifted in the grid
13      LO    NNPDF30           N1C1-      0.001089645338777778 
13      LO    NNPDF30           N2C1-      0.27537357288404457 
13      LO    NNPDF30           N3C1-      5.19766711069886e-05 # mass is shifted in the grid
13      LO    NNPDF30           N4C1-      1.4854713303869874e-05 # mass is shifted in the grid
13      LO    NNPDF30           N1C2+      0.0002808247321970117 # mass is shifted in the grid
13      LO    NNPDF30           N2C2+      3.907037045355717e-05 # mass is shifted in the grid
13      LO    NNPDF30           N3C2+      0.0031873543971457086 # mass is shifted in the grid
13      LO    NNPDF30           N4C2+      0.016280561148339565 # mass is shifted in the grid
13      LO    NNPDF30           N1C2-      9.412489529971389e-05 # mass is shifted in the grid
13      LO    NNPDF30           N2C2-      1.2886820831321899e-05 # mass is shifted in the grid
13      LO    NNPDF30           N3C2-      0.0011013197529430052 # mass is shifted in the grid
13      LO    NNPDF30           N4C2-      0.005472505994183716 # mass is shifted in the grid

SLHA file: /Users/rafalmaselek/Projects/CheckMateCalculations/UML/SLHA_FIX/cmssm_1480_1142_5_-1142_1.slha
Input file: /Users/rafalmaselek/ScienceSoft/EWKfast_LO/input_default.dat
Sort: OFF 
Cut: -1 
Unit: fb 
ScaleVariation: OFF 

mC2 = 1589.64363 is out of range. |mC2| = 1500 was used.
mN3 = -1583.22251 is out of range. |mN3| = 1500 was used.
mN4 = 1589.69935 is out of range. |mN4| = 1500 was used.

-----------------------------------------------------------------------------------------------
!!! THERE IS MASS SHIFTING IN EWKfast --------------------------------------------------------
Energy  Precision  PDF  Process
13      LO    NNPDF30           C1C1       0.4928885646724668 
13      LO    NNPDF30           C1+C2-     0.00014471671377450096 # mass is shifted in the grid
13      LO    NNPDF30           C1-C2+     0.00014468314632070677 # mass is shifted in the grid
13      LO    NNPDF30           C2C2       0.01318748633121278 # mass is shifted in the grid
13      LO    NNPDF30           N1N1       0.01560662036013543 
13      LO    NNPDF30           N1N2       0.00171365341202798 
13      LO    NNPDF30           N1N3       5.074609937293088e-05 # mass is shifted in the grid
13      LO    NNPDF30           N1N4       2.0857302848855064e-05 # mass is shifted in the grid
13      LO    NNPDF30           N2N2       0.009132705052925821 
13      LO    NNPDF30           N2N3       9.570220761806076e-05 # mass is shifted in the grid
13      LO    NNPDF30           N2N4       4.534619052676654e-05 # mass is shifted in the grid
13      LO    NNPDF30           N3N3       1.0304284483728545e-09 # mass is shifted in the grid
13      LO    NNPDF30           N3N4       0.002265648183144143 # mass is shifted in the grid
13      LO    NNPDF30           N4N4       5.604357638415409e-08 # mass is shifted in the grid
13      LO    NNPDF30           N1C1+      0.0031269670422012443 
13      LO    NNPDF30           N2C1+      0.7999752929133457 
13      LO    NNPDF30           N3C1+      0.00015691126229804714 # mass is shifted in the grid
13      LO    NNPDF30           N4C1+      4.535739498899498e-05 # mass is shifted in the grid
13      LO    NNPDF30           N1C1-      0.001089645338777778 
13      LO    NNPDF30           N2C1-      0.27537357288404457 
13      LO    NNPDF30           N3C1-      5.19766711069886e-05 # mass is shifted in the grid
13      LO    NNPDF30           N4C1-      1.4854713303869874e-05 # mass is shifted in the grid
13      LO    NNPDF30           N1C2+      0.0002808247321970117 # mass is shifted in the grid
13      LO    NNPDF30           N2C2+      3.907037045355717e-05 # mass is shifted in the grid
13      LO    NNPDF30           N3C2+      0.0031873543971457086 # mass is shifted in the grid
13      LO    NNPDF30           N4C2+      0.016280561148339565 # mass is shifted in the grid
13      LO    NNPDF30           N1C2-      9.412489529971389e-05 # mass is shifted in the grid
13      LO    NNPDF30           N2C2-      1.2886820831321899e-05 # mass is shifted in the grid
13      LO    NNPDF30           N3C2-      0.0011013197529430052 # mass is shifted in the grid
13      LO    NNPDF30           N4C2-      0.005472505994183716 # mass is shifted in the grid

SLHA file: /Users/rafalmaselek/Projects/CheckMateCalculations/UML/SLHA_FIX/cmssm_1480_1142_5_-1142_1.slha
Input file: /Users/rafalmaselek/ScienceSoft/EWKfast_LO/input_default.dat
Sort: OFF 
Cut: -1 
Unit: fb 
ScaleVariation: OFF 

mC2 = 1589.64363 is out of range. |mC2| = 1500 was used.
mN3 = -1583.22251 is out of range. |mN3| = 1500 was used.
mN4 = 1589.69935 is out of range. |mN4| = 1500 was used.

-----------------------------------------------------------------------------------------------
!!! THERE IS MASS SHIFTING IN EWKfast --------------------------------------------------------
Energy  Precision  PDF  Process
13      LO    NNPDF30           C1C1       0.4928885646724668 
13      LO    NNPDF30           C1+C2-     0.00014471671377450096 # mass is shifted in the grid
13      LO    NNPDF30           C1-C2+     0.00014468314632070677 # mass is shifted in the grid
13      LO    NNPDF30           C2C2       0.01318748633121278 # mass is shifted in the grid
13      LO    NNPDF30           N1N1       0.01560662036013543 
13      LO    NNPDF30           N1N2       0.00171365341202798 
13      LO    NNPDF30           N1N3       5.074609937293088e-05 # mass is shifted in the grid
13      LO    NNPDF30           N1N4       2.0857302848855064e-05 # mass is shifted in the grid
13      LO    NNPDF30           N2N2       0.009132705052925821 
13      LO    NNPDF30           N2N3       9.570220761806076e-05 # mass is shifted in the grid
13      LO    NNPDF30           N2N4       4.534619052676654e-05 # mass is shifted in the grid
13      LO    NNPDF30           N3N3       1.0304284483728545e-09 # mass is shifted in the grid
13      LO    NNPDF30           N3N4       0.002265648183144143 # mass is shifted in the grid
13      LO    NNPDF30           N4N4       5.604357638415409e-08 # mass is shifted in the grid
13      LO    NNPDF30           N1C1+      0.0031269670422012443 
13      LO    NNPDF30           N2C1+      0.7999752929133457 
13      LO    NNPDF30           N3C1+      0.00015691126229804714 # mass is shifted in the grid
13      LO    NNPDF30           N4C1+      4.535739498899498e-05 # mass is shifted in the grid
13      LO    NNPDF30           N1C1-      0.001089645338777778 
13      LO    NNPDF30           N2C1-      0.27537357288404457 
13      LO    NNPDF30           N3C1-      5.19766711069886e-05 # mass is shifted in the grid
13      LO    NNPDF30           N4C1-      1.4854713303869874e-05 # mass is shifted in the grid
13      LO    NNPDF30           N1C2+      0.0002808247321970117 # mass is shifted in the grid
13      LO    NNPDF30           N2C2+      3.907037045355717e-05 # mass is shifted in the grid
13      LO    NNPDF30           N3C2+      0.0031873543971457086 # mass is shifted in the grid
13      LO    NNPDF30           N4C2+      0.016280561148339565 # mass is shifted in the grid
13      LO    NNPDF30           N1C2-      9.412489529971389e-05 # mass is shifted in the grid
13      LO    NNPDF30           N2C2-      1.2886820831321899e-05 # mass is shifted in the grid
13      LO    NNPDF30           N3C2-      0.0011013197529430052 # mass is shifted in the grid
13      LO    NNPDF30           N4C2-      0.005472505994183716 # mass is shifted in the grid

SLHA file: /Users/rafalmaselek/Projects/CheckMateCalculations/UML/SLHA_FIX/cmssm_1480_1142_5_-1142_1.slha
Input file: /Users/rafalmaselek/ScienceSoft/EWKfast_LO/input_default.dat
Sort: OFF 
Cut: -1 
Unit: fb 
ScaleVariation: OFF 

mC2 = 1589.64363 is out of range. |mC2| = 1500 was used.
mN3 = -1583.22251 is out of range. |mN3| = 1500 was used.
mN4 = 1589.69935 is out of range. |mN4| = 1500 was used.

-----------------------------------------------------------------------------------------------
!!! THERE IS MASS SHIFTING IN EWKfast --------------------------------------------------------
Energy  Precision  PDF  Process
13      LO    NNPDF30           C1C1       0.4928885646724668 
13      LO    NNPDF30           C1+C2-     0.00014471671377450096 # mass is shifted in the grid
13      LO    NNPDF30           C1-C2+     0.00014468314632070677 # mass is shifted in the grid
13      LO    NNPDF30           C2C2       0.01318748633121278 # mass is shifted in the grid
13      LO    NNPDF30           N1N1       0.01560662036013543 
13      LO    NNPDF30           N1N2       0.00171365341202798 
13      LO    NNPDF30           N1N3       5.074609937293088e-05 # mass is shifted in the grid
13      LO    NNPDF30           N1N4       2.0857302848855064e-05 # mass is shifted in the grid
13      LO    NNPDF30           N2N2       0.009132705052925821 
13      LO    NNPDF30           N2N3       9.570220761806076e-05 # mass is shifted in the grid
13      LO    NNPDF30           N2N4       4.534619052676654e-05 # mass is shifted in the grid
13      LO    NNPDF30           N3N3       1.0304284483728545e-09 # mass is shifted in the grid
13      LO    NNPDF30           N3N4       0.002265648183144143 # mass is shifted in the grid
13      LO    NNPDF30           N4N4       5.604357638415409e-08 # mass is shifted in the grid
13      LO    NNPDF30           N1C1+      0.0031269670422012443 
13      LO    NNPDF30           N2C1+      0.7999752929133457 
13      LO    NNPDF30           N3C1+      0.00015691126229804714 # mass is shifted in the grid
13      LO    NNPDF30           N4C1+      4.535739498899498e-05 # mass is shifted in the grid
13      LO    NNPDF30           N1C1-      0.001089645338777778 
13      LO    NNPDF30           N2C1-      0.27537357288404457 
13      LO    NNPDF30           N3C1-      5.19766711069886e-05 # mass is shifted in the grid
13      LO    NNPDF30           N4C1-      1.4854713303869874e-05 # mass is shifted in the grid
13      LO    NNPDF30           N1C2+      0.0002808247321970117 # mass is shifted in the grid
13      LO    NNPDF30           N2C2+      3.907037045355717e-05 # mass is shifted in the grid
13      LO    NNPDF30           N3C2+      0.0031873543971457086 # mass is shifted in the grid
13      LO    NNPDF30           N4C2+      0.016280561148339565 # mass is shifted in the grid
13      LO    NNPDF30           N1C2-      9.412489529971389e-05 # mass is shifted in the grid
13      LO    NNPDF30           N2C2-      1.2886820831321899e-05 # mass is shifted in the grid
13      LO    NNPDF30           N3C2-      0.0011013197529430052 # mass is shifted in the grid
13      LO    NNPDF30           N4C2-      0.005472505994183716 # mass is shifted in the grid

SLHA file: /Users/rafalmaselek/Projects/CheckMateCalculations/UML/SLHA_FIX/cmssm_1480_1142_5_-1142_1.slha
Input file: /Users/rafalmaselek/ScienceSoft/EWKfast_LO/input_default.dat
Sort: OFF 
Cut: -1 
Unit: fb 
ScaleVariation: OFF 

mC2 = 1589.64363 is out of range. |mC2| = 1500 was used.
mN3 = -1583.22251 is out of range. |mN3| = 1500 was used.
mN4 = 1589.69935 is out of range. |mN4| = 1500 was used.

-----------------------------------------------------------------------------------------------
!!! THERE IS MASS SHIFTING IN EWKfast --------------------------------------------------------
Energy  Precision  PDF  Process
13      LO    NNPDF30           C1C1       0.4928885646724668 
13      LO    NNPDF30           C1+C2-     0.00014471671377450096 # mass is shifted in the grid
13      LO    NNPDF30           C1-C2+     0.00014468314632070677 # mass is shifted in the grid
13      LO    NNPDF30           C2C2       0.01318748633121278 # mass is shifted in the grid
13      LO    NNPDF30           N1N1       0.01560662036013543 
13      LO    NNPDF30           N1N2       0.00171365341202798 
13      LO    NNPDF30           N1N3       5.074609937293088e-05 # mass is shifted in the grid
13      LO    NNPDF30           N1N4       2.0857302848855064e-05 # mass is shifted in the grid
13      LO    NNPDF30           N2N2       0.009132705052925821 
13      LO    NNPDF30           N2N3       9.570220761806076e-05 # mass is shifted in the grid
13      LO    NNPDF30           N2N4       4.534619052676654e-05 # mass is shifted in the grid
13      LO    NNPDF30           N3N3       1.0304284483728545e-09 # mass is shifted in the grid
13      LO    NNPDF30           N3N4       0.002265648183144143 # mass is shifted in the grid
13      LO    NNPDF30           N4N4       5.604357638415409e-08 # mass is shifted in the grid
13      LO    NNPDF30           N1C1+      0.0031269670422012443 
13      LO    NNPDF30           N2C1+      0.7999752929133457 
13      LO    NNPDF30           N3C1+      0.00015691126229804714 # mass is shifted in the grid
13      LO    NNPDF30           N4C1+      4.535739498899498e-05 # mass is shifted in the grid
13      LO    NNPDF30           N1C1-      0.001089645338777778 
13      LO    NNPDF30           N2C1-      0.27537357288404457 
13      LO    NNPDF30           N3C1-      5.19766711069886e-05 # mass is shifted in the grid
13      LO    NNPDF30           N4C1-      1.4854713303869874e-05 # mass is shifted in the grid
13      LO    NNPDF30           N1C2+      0.0002808247321970117 # mass is shifted in the grid
13      LO    NNPDF30           N2C2+      3.907037045355717e-05 # mass is shifted in the grid
13      LO    NNPDF30           N3C2+      0.0031873543971457086 # mass is shifted in the grid
13      LO    NNPDF30           N4C2+      0.016280561148339565 # mass is shifted in the grid
13      LO    NNPDF30           N1C2-      9.412489529971389e-05 # mass is shifted in the grid
13      LO    NNPDF30           N2C2-      1.2886820831321899e-05 # mass is shifted in the grid
13      LO    NNPDF30           N3C2-      0.0011013197529430052 # mass is shifted in the grid
13      LO    NNPDF30           N4C2-      0.005472505994183716 # mass is shifted in the grid

SLHA file: /Users/rafalmaselek/Projects/CheckMateCalculations/UML/SLHA_FIX/cmssm_1480_1142_5_-1142_1.slha
Input file: /Users/rafalmaselek/ScienceSoft/EWKfast_LO/input_default.dat
Sort: OFF 
Cut: -1 
Unit: fb 
ScaleVariation: OFF 

mC2 = 1589.64363 is out of range. |mC2| = 1500 was used.
mN3 = -1583.22251 is out of range. |mN3| = 1500 was used.
mN4 = 1589.69935 is out of range. |mN4| = 1500 was used.

-----------------------------------------------------------------------------------------------
!!! THERE IS MASS SHIFTING IN EWKfast --------------------------------------------------------
Energy  Precision  PDF  Process
13      LO    NNPDF30           C1C1       0.4928885646724668 
13      LO    NNPDF30           C1+C2-     0.00014471671377450096 # mass is shifted in the grid
13      LO    NNPDF30           C1-C2+     0.00014468314632070677 # mass is shifted in the grid
13      LO    NNPDF30           C2C2       0.01318748633121278 # mass is shifted in the grid
13      LO    NNPDF30           N1N1       0.01560662036013543 
13      LO    NNPDF30           N1N2       0.00171365341202798 
13      LO    NNPDF30           N1N3       5.074609937293088e-05 # mass is shifted in the grid
13      LO    NNPDF30           N1N4       2.0857302848855064e-05 # mass is shifted in the grid
13      LO    NNPDF30           N2N2       0.009132705052925821 
13      LO    NNPDF30           N2N3       9.570220761806076e-05 # mass is shifted in the grid
13      LO    NNPDF30           N2N4       4.534619052676654e-05 # mass is shifted in the grid
13      LO    NNPDF30           N3N3       1.0304284483728545e-09 # mass is shifted in the grid
13      LO    NNPDF30           N3N4       0.002265648183144143 # mass is shifted in the grid
13      LO    NNPDF30           N4N4       5.604357638415409e-08 # mass is shifted in the grid
13      LO    NNPDF30           N1C1+      0.0031269670422012443 
13      LO    NNPDF30           N2C1+      0.7999752929133457 
13      LO    NNPDF30           N3C1+      0.00015691126229804714 # mass is shifted in the grid
13      LO    NNPDF30           N4C1+      4.535739498899498e-05 # mass is shifted in the grid
13      LO    NNPDF30           N1C1-      0.001089645338777778 
13      LO    NNPDF30           N2C1-      0.27537357288404457 
13      LO    NNPDF30           N3C1-      5.19766711069886e-05 # mass is shifted in the grid
13      LO    NNPDF30           N4C1-      1.4854713303869874e-05 # mass is shifted in the grid
13      LO    NNPDF30           N1C2+      0.0002808247321970117 # mass is shifted in the grid
13      LO    NNPDF30           N2C2+      3.907037045355717e-05 # mass is shifted in the grid
13      LO    NNPDF30           N3C2+      0.0031873543971457086 # mass is shifted in the grid
13      LO    NNPDF30           N4C2+      0.016280561148339565 # mass is shifted in the grid
13      LO    NNPDF30           N1C2-      9.412489529971389e-05 # mass is shifted in the grid
13      LO    NNPDF30           N2C2-      1.2886820831321899e-05 # mass is shifted in the grid
13      LO    NNPDF30           N3C2-      0.0011013197529430052 # mass is shifted in the grid
13      LO    NNPDF30           N4C2-      0.005472505994183716 # mass is shifted in the grid

SLHA file: /Users/rafalmaselek/Projects/CheckMateCalculations/UML/SLHA_FIX/cmssm_1480_1142_5_-1142_1.slha
Input file: /Users/rafalmaselek/ScienceSoft/EWKfast_LO/input_default.dat
Sort: OFF 
Cut: -1 
Unit: fb 
ScaleVariation: OFF 

mC2 = 1589.64363 is out of range. |mC2| = 1500 was used.
mN3 = -1583.22251 is out of range. |mN3| = 1500 was used.
mN4 = 1589.69935 is out of range. |mN4| = 1500 was used.

-----------------------------------------------------------------------------------------------
!!! THERE IS MASS SHIFTING IN EWKfast --------------------------------------------------------
Energy  Precision  PDF  Process
13      LO    NNPDF30           C1C1       0.4928885646724668 
13      LO    NNPDF30           C1+C2-     0.00014471671377450096 # mass is shifted in the grid
13      LO    NNPDF30           C1-C2+     0.00014468314632070677 # mass is shifted in the grid
13      LO    NNPDF30           C2C2       0.01318748633121278 # mass is shifted in the grid
13      LO    NNPDF30           N1N1       0.01560662036013543 
13      LO    NNPDF30           N1N2       0.00171365341202798 
13      LO    NNPDF30           N1N3       5.074609937293088e-05 # mass is shifted in the grid
13      LO    NNPDF30           N1N4       2.0857302848855064e-05 # mass is shifted in the grid
13      LO    NNPDF30           N2N2       0.009132705052925821 
13      LO    NNPDF30           N2N3       9.570220761806076e-05 # mass is shifted in the grid
13      LO    NNPDF30           N2N4       4.534619052676654e-05 # mass is shifted in the grid
13      LO    NNPDF30           N3N3       1.0304284483728545e-09 # mass is shifted in the grid
13      LO    NNPDF30           N3N4       0.002265648183144143 # mass is shifted in the grid
13      LO    NNPDF30           N4N4       5.604357638415409e-08 # mass is shifted in the grid
13      LO    NNPDF30           N1C1+      0.0031269670422012443 
13      LO    NNPDF30           N2C1+      0.7999752929133457 
13      LO    NNPDF30           N3C1+      0.00015691126229804714 # mass is shifted in the grid
13      LO    NNPDF30           N4C1+      4.535739498899498e-05 # mass is shifted in the grid
13      LO    NNPDF30           N1C1-      0.001089645338777778 
13      LO    NNPDF30           N2C1-      0.27537357288404457 
13      LO    NNPDF30           N3C1-      5.19766711069886e-05 # mass is shifted in the grid
13      LO    NNPDF30           N4C1-      1.4854713303869874e-05 # mass is shifted in the grid
13      LO    NNPDF30           N1C2+      0.0002808247321970117 # mass is shifted in the grid
13      LO    NNPDF30           N2C2+      3.907037045355717e-05 # mass is shifted in the grid
13      LO    NNPDF30           N3C2+      0.0031873543971457086 # mass is shifted in the grid
13      LO    NNPDF30           N4C2+      0.016280561148339565 # mass is shifted in the grid
13      LO    NNPDF30           N1C2-      9.412489529971389e-05 # mass is shifted in the grid
13      LO    NNPDF30           N2C2-      1.2886820831321899e-05 # mass is shifted in the grid
13      LO    NNPDF30           N3C2-      0.0011013197529430052 # mass is shifted in the grid
13      LO    NNPDF30           N4C2-      0.005472505994183716 # mass is shifted in the grid

SLHA file: /Users/rafalmaselek/Projects/CheckMateCalculations/UML/SLHA_FIX/cmssm_1480_1142_5_-1142_1.slha
Input file: /Users/rafalmaselek/ScienceSoft/EWKfast_LO/input_default.dat
Sort: OFF 
Cut: -1 
Unit: fb 
ScaleVariation: OFF 

mC2 = 1589.64363 is out of range. |mC2| = 1500 was used.
mN3 = -1583.22251 is out of range. |mN3| = 1500 was used.
mN4 = 1589.69935 is out of range. |mN4| = 1500 was used.

-----------------------------------------------------------------------------------------------
!!! THERE IS MASS SHIFTING IN EWKfast --------------------------------------------------------
Energy  Precision  PDF  Process
13      LO    NNPDF30           C1C1       0.4928885646724668 
13      LO    NNPDF30           C1+C2-     0.00014471671377450096 # mass is shifted in the grid
13      LO    NNPDF30           C1-C2+     0.00014468314632070677 # mass is shifted in the grid
13      LO    NNPDF30           C2C2       0.01318748633121278 # mass is shifted in the grid
13      LO    NNPDF30           N1N1       0.01560662036013543 
13      LO    NNPDF30           N1N2       0.00171365341202798 
13      LO    NNPDF30           N1N3       5.074609937293088e-05 # mass is shifted in the grid
13      LO    NNPDF30           N1N4       2.0857302848855064e-05 # mass is shifted in the grid
13      LO    NNPDF30           N2N2       0.009132705052925821 
13      LO    NNPDF30           N2N3       9.570220761806076e-05 # mass is shifted in the grid
13      LO    NNPDF30           N2N4       4.534619052676654e-05 # mass is shifted in the grid
13      LO    NNPDF30           N3N3       1.0304284483728545e-09 # mass is shifted in the grid
13      LO    NNPDF30           N3N4       0.002265648183144143 # mass is shifted in the grid
13      LO    NNPDF30           N4N4       5.604357638415409e-08 # mass is shifted in the grid
13      LO    NNPDF30           N1C1+      0.0031269670422012443 
13      LO    NNPDF30           N2C1+      0.7999752929133457 
13      LO    NNPDF30           N3C1+      0.00015691126229804714 # mass is shifted in the grid
13      LO    NNPDF30           N4C1+      4.535739498899498e-05 # mass is shifted in the grid
13      LO    NNPDF30           N1C1-      0.001089645338777778 
13      LO    NNPDF30           N2C1-      0.27537357288404457 
13      LO    NNPDF30           N3C1-      5.19766711069886e-05 # mass is shifted in the grid
13      LO    NNPDF30           N4C1-      1.4854713303869874e-05 # mass is shifted in the grid
13      LO    NNPDF30           N1C2+      0.0002808247321970117 # mass is shifted in the grid
13      LO    NNPDF30           N2C2+      3.907037045355717e-05 # mass is shifted in the grid
13      LO    NNPDF30           N3C2+      0.0031873543971457086 # mass is shifted in the grid
13      LO    NNPDF30           N4C2+      0.016280561148339565 # mass is shifted in the grid
13      LO    NNPDF30           N1C2-      9.412489529971389e-05 # mass is shifted in the grid
13      LO    NNPDF30           N2C2-      1.2886820831321899e-05 # mass is shifted in the grid
13      LO    NNPDF30           N3C2-      0.0011013197529430052 # mass is shifted in the grid
13      LO    NNPDF30           N4C2-      0.005472505994183716 # mass is shifted in the grid

SLHA file: /Users/rafalmaselek/Projects/CheckMateCalculations/UML/SLHA_FIX/cmssm_1480_1142_5_-1142_1.slha
Input file: /Users/rafalmaselek/ScienceSoft/EWKfast_LO/input_default.dat
Sort: OFF 
Cut: -1 
Unit: fb 
ScaleVariation: OFF 

mC2 = 1589.64363 is out of range. |mC2| = 1500 was used.
mN3 = -1583.22251 is out of range. |mN3| = 1500 was used.
mN4 = 1589.69935 is out of range. |mN4| = 1500 was used.

-----------------------------------------------------------------------------------------------
!!! THERE IS MASS SHIFTING IN EWKfast --------------------------------------------------------
Energy  Precision  PDF  Process
13      LO    NNPDF30           C1C1       0.4928885646724668 
13      LO    NNPDF30           C1+C2-     0.00014471671377450096 # mass is shifted in the grid
13      LO    NNPDF30           C1-C2+     0.00014468314632070677 # mass is shifted in the grid
13      LO    NNPDF30           C2C2       0.01318748633121278 # mass is shifted in the grid
13      LO    NNPDF30           N1N1       0.01560662036013543 
13      LO    NNPDF30           N1N2       0.00171365341202798 
13      LO    NNPDF30           N1N3       5.074609937293088e-05 # mass is shifted in the grid
13      LO    NNPDF30           N1N4       2.0857302848855064e-05 # mass is shifted in the grid
13      LO    NNPDF30           N2N2       0.009132705052925821 
13      LO    NNPDF30           N2N3       9.570220761806076e-05 # mass is shifted in the grid
13      LO    NNPDF30           N2N4       4.534619052676654e-05 # mass is shifted in the grid
13      LO    NNPDF30           N3N3       1.0304284483728545e-09 # mass is shifted in the grid
13      LO    NNPDF30           N3N4       0.002265648183144143 # mass is shifted in the grid
13      LO    NNPDF30           N4N4       5.604357638415409e-08 # mass is shifted in the grid
13      LO    NNPDF30           N1C1+      0.0031269670422012443 
13      LO    NNPDF30           N2C1+      0.7999752929133457 
13      LO    NNPDF30           N3C1+      0.00015691126229804714 # mass is shifted in the grid
13      LO    NNPDF30           N4C1+      4.535739498899498e-05 # mass is shifted in the grid
13      LO    NNPDF30           N1C1-      0.001089645338777778 
13      LO    NNPDF30           N2C1-      0.27537357288404457 
13      LO    NNPDF30           N3C1-      5.19766711069886e-05 # mass is shifted in the grid
13      LO    NNPDF30           N4C1-      1.4854713303869874e-05 # mass is shifted in the grid
13      LO    NNPDF30           N1C2+      0.0002808247321970117 # mass is shifted in the grid
13      LO    NNPDF30           N2C2+      3.907037045355717e-05 # mass is shifted in the grid
13      LO    NNPDF30           N3C2+      0.0031873543971457086 # mass is shifted in the grid
13      LO    NNPDF30           N4C2+      0.016280561148339565 # mass is shifted in the grid
13      LO    NNPDF30           N1C2-      9.412489529971389e-05 # mass is shifted in the grid
13      LO    NNPDF30           N2C2-      1.2886820831321899e-05 # mass is shifted in the grid
13      LO    NNPDF30           N3C2-      0.0011013197529430052 # mass is shifted in the grid
13      LO    NNPDF30           N4C2-      0.005472505994183716 # mass is shifted in the grid

SLHA file: /Users/rafalmaselek/Projects/CheckMateCalculations/UML/SLHA_FIX/cmssm_1480_1142_5_-1142_1.slha
Input file: /Users/rafalmaselek/ScienceSoft/EWKfast_LO/input_default.dat
Sort: OFF 
Cut: -1 
Unit: fb 
ScaleVariation: OFF 

mC2 = 1589.64363 is out of range. |mC2| = 1500 was used.
mN3 = -1583.22251 is out of range. |mN3| = 1500 was used.
mN4 = 1589.69935 is out of range. |mN4| = 1500 was used.

-----------------------------------------------------------------------------------------------
---------------  Output inclusive processes  ---------------
The total xsec = 2316.51 [fb]
The total rate = 100.00%
Output upto 0.10%
                  Modes : xsec/fb      (rate)
            C1wN1_N2hN1 : 1048.6687270 (45.27)%
            C1wN1_C1wN1 : 492.8885647 (21.28)%
        QqC1wN1_QqC1wN1 : 99.4848575 (4.29)%
        QqC1wN1_QqN2hN1 : 97.0572815 (4.19)%
            C1wN1_N2zN1 : 26.6801387 (1.15)%
        QqN2hN1_QqN2hN1 : 23.6722355 (1.02)%
     GtT1bC1wN1_QqC1wN1 : 23.4817956 (1.01)%
        GtT1tN1_QqC1wN1 : 19.1877523 (0.83)%
                  N1_N1 : 15.6066204 (0.67)%
   QqC1wN1_QqGtT1bC1wN1 : 13.8486151 (0.60)%
  GtT1tN3wC1wN1_QqC1wN1 : 11.7557821 (0.51)%
     GtT1bC1wN1_QqN2hN1 : 11.4544027 (0.49)%
      QqC1wN1_QqGtT1tN1 : 11.3161617 (0.49)%
     GtT1tN2hN1_QqC1wN1 : 10.9219385 (0.47)%
  GtT1bC2hC1wN1_QqC1wN1 : 9.7477269 (0.42)%
        GtT1tN1_QqN2hN1 : 9.3597715 (0.40)%
  GtT1bC2zC1wN1_QqC1wN1 : 8.8775927 (0.38)%
            N2hN1_N2hN1 : 8.6851496 (0.37)%
  GtT1bC2wN2hN1_QqC1wN1 : 8.5366398 (0.37)%
QqC1wN1_QqGtT1tN3wC1wN1 : 6.9330857 (0.30)%
   QqGtT1bC1wN1_QqN2hN1 : 6.7553443 (0.29)%
   QqC1wN1_QqGtT1tN2hN1 : 6.4413184 (0.28)%
QqC1wN1_QqGtT1bC2hC1wN1 : 5.7488158 (0.25)%
  GtT1tN3wC1wN1_QqN2hN1 : 5.7344619 (0.25)%
  GtT1tN3zN2hN1_QqC1wN1 : 5.6318290 (0.24)%
      QqGtT1tN1_QqN2hN1 : 5.5200154 (0.24)%
     GtT1tN2hN1_QqN2hN1 : 5.3277136 (0.23)%
QqC1wN1_QqGtT1bC2zC1wN1 : 5.2356458 (0.23)%
QqC1wN1_QqGtT1bC2wN2hN1 : 5.0345655 (0.22)%
  GtT1bC2hC1wN1_QqN2hN1 : 4.7549341 (0.21)%
           QqC1wN1_QqN1 : 4.5221145 (0.20)%
  GtT1bC2zC1wN1_QqN2hN1 : 4.3304832 (0.19)%
               C1wN1_N1 : 4.2166124 (0.18)%
  GtT1bC2wN2hN1_QqN2hN1 : 4.1641667 (0.18)%
      C2hC1wN1_N4wC1wN1 : 3.9654579 (0.17)%
  GtT1tN4wC1wN1_QqC1wN1 : 3.9223939 (0.17)%
      C2zC1wN1_N4wC1wN1 : 3.6114799 (0.16)%
      C2wN2hN1_N4wC1wN1 : 3.4727774 (0.15)%
QqGtT1tN3wC1wN1_QqN2hN1 : 3.3819541 (0.15)%
QqC1wN1_QqGtT1tN3zN2hN1 : 3.3214254 (0.14)%
     GbB1tC1wN1_QqC1wN1 : 3.1863449 (0.14)%
   QqGtT1tN2hN1_QqN2hN1 : 3.1420704 (0.14)%
     GtT1bC2wN1_QqC1wN1 : 3.1262533 (0.13)%
QqGtT1bC2hC1wN1_QqN2hN1 : 2.8042682 (0.12)%
  GtT1tN3zN2hN1_QqN2hN1 : 2.7472021 (0.12)%
QqGtT1bC2zC1wN1_QqN2hN1 : 2.5539442 (0.11)%
        QqC1wN1_QqN2zN1 : 2.4693229 (0.11)%
QqGtT1bC2wN2hN1_QqN2hN1 : 2.4558574 (0.11)%
      C2hC1wN1_C2zC1wN1 : 2.4525858 (0.11)%
         T1bC1wN1_T1tN1 : 2.4270362 (0.10)%
      C2hC1wN1_C2wN2hN1 : 2.3583918 (0.10)%
QqC1wN1_QqGtT1tN4wC1wN1 : 2.3132696 (0.10)%
------------------------------------------------------------
                                      SUM=90.02%

SHOWING PROCESSES TO GET 90.00% SUSY COVERAGE
---------------  Output inclusive processes  ---------------
The total xsec = 2316.51 [fb]
The total rate = 100.00%
                  Modes : xsec/fb      (rate)
            C1wN1_N2hN1 : 1048.6687270 (45.27)%
            C1wN1_C1wN1 : 492.8885647 (21.28)%
        QqC1wN1_QqC1wN1 : 99.4848575 (4.29)%
        QqC1wN1_QqN2hN1 : 97.0572815 (4.19)%
            C1wN1_N2zN1 : 26.6801387 (1.15)%
        QqN2hN1_QqN2hN1 : 23.6722355 (1.02)%
     GtT1bC1wN1_QqC1wN1 : 23.4817956 (1.01)%
        GtT1tN1_QqC1wN1 : 19.1877523 (0.83)%
                  N1_N1 : 15.6066204 (0.67)%
   QqC1wN1_QqGtT1bC1wN1 : 13.8486151 (0.60)%
  GtT1tN3wC1wN1_QqC1wN1 : 11.7557821 (0.51)%
     GtT1bC1wN1_QqN2hN1 : 11.4544027 (0.49)%
      QqC1wN1_QqGtT1tN1 : 11.3161617 (0.49)%
     GtT1tN2hN1_QqC1wN1 : 10.9219385 (0.47)%
  GtT1bC2hC1wN1_QqC1wN1 : 9.7477269 (0.42)%
        GtT1tN1_QqN2hN1 : 9.3597715 (0.40)%
  GtT1bC2zC1wN1_QqC1wN1 : 8.8775927 (0.38)%
            N2hN1_N2hN1 : 8.6851496 (0.37)%
  GtT1bC2wN2hN1_QqC1wN1 : 8.5366398 (0.37)%
QqC1wN1_QqGtT1tN3wC1wN1 : 6.9330857 (0.30)%
   QqGtT1bC1wN1_QqN2hN1 : 6.7553443 (0.29)%
   QqC1wN1_QqGtT1tN2hN1 : 6.4413184 (0.28)%
QqC1wN1_QqGtT1bC2hC1wN1 : 5.7488158 (0.25)%
  GtT1tN3wC1wN1_QqN2hN1 : 5.7344619 (0.25)%
  GtT1tN3zN2hN1_QqC1wN1 : 5.6318290 (0.24)%
      QqGtT1tN1_QqN2hN1 : 5.5200154 (0.24)%
     GtT1tN2hN1_QqN2hN1 : 5.3277136 (0.23)%
QqC1wN1_QqGtT1bC2zC1wN1 : 5.2356458 (0.23)%
QqC1wN1_QqGtT1bC2wN2hN1 : 5.0345655 (0.22)%
  GtT1bC2hC1wN1_QqN2hN1 : 4.7549341 (0.21)%
           QqC1wN1_QqN1 : 4.5221145 (0.20)%
  GtT1bC2zC1wN1_QqN2hN1 : 4.3304832 (0.19)%
               C1wN1_N1 : 4.2166124 (0.18)%
  GtT1bC2wN2hN1_QqN2hN1 : 4.1641667 (0.18)%
      C2hC1wN1_N4wC1wN1 : 3.9654579 (0.17)%
  GtT1tN4wC1wN1_QqC1wN1 : 3.9223939 (0.17)%
      C2zC1wN1_N4wC1wN1 : 3.6114799 (0.16)%
      C2wN2hN1_N4wC1wN1 : 3.4727774 (0.15)%
QqGtT1tN3wC1wN1_QqN2hN1 : 3.3819541 (0.15)%
QqC1wN1_QqGtT1tN3zN2hN1 : 3.3214254 (0.14)%
     GbB1tC1wN1_QqC1wN1 : 3.1863449 (0.14)%
   QqGtT1tN2hN1_QqN2hN1 : 3.1420704 (0.14)%
     GtT1bC2wN1_QqC1wN1 : 3.1262533 (0.13)%
QqGtT1bC2hC1wN1_QqN2hN1 : 2.8042682 (0.12)%
  GtT1tN3zN2hN1_QqN2hN1 : 2.7472021 (0.12)%
QqGtT1bC2zC1wN1_QqN2hN1 : 2.5539442 (0.11)%
        QqC1wN1_QqN2zN1 : 2.4693229 (0.11)%
QqGtT1bC2wN2hN1_QqN2hN1 : 2.4558574 (0.11)%
      C2hC1wN1_C2zC1wN1 : 2.4525858 (0.11)%
         T1bC1wN1_T1tN1 : 2.4270362 (0.10)%
      C2hC1wN1_C2wN2hN1 : 2.3583918 (0.10)%
QqC1wN1_QqGtT1tN4wC1wN1 : 2.3132696 (0.10)%
------------------------------------------------------------
                                      SUM=90.02%
