/Users/rafalmaselek/Projects/fastlim-1.0
 
#################################################################
#                                                               #
#                                                               #
#                     This is Fastlim  ver. 1.0                 #
#                                                               #
#          A fast LHC limit calculator for BSM models.          #
#                                                               #
#                  http://cern.ch/fastlim-1.0/                  #
#                                                               #
#  for bugs/feature requests: fastlim-1.0.developers@gmail.com  #
#                                                               #
#    please refer to:                                           #
#    M.Papucci, K.Sakurai, A.Weiler, L.Zeune arXiv:1402.xxxx    #
#                                                               #
#################################################################
 

!! Masses incompatible with the data for ERER !!

!! Problem with reading tables for ER ER !! Probably mass outside the table !! Setting xsec to 10^-20 !!

!! Masses incompatible with the data for ELEL !!

!! Problem with reading tables for EL EL !! Probably mass outside the table !! Setting xsec to 10^-20 !!

!! Masses incompatible with the data for TAU1TAU1 !!

!! Problem with reading tables for TAU1 TAU1 !! Probably mass outside the table !! Setting xsec to 10^-20 !!

!! Masses incompatible with the data for TAU2TAU2 !!

!! Problem with reading tables for TAU2 TAU2 !! Probably mass outside the table !! Setting xsec to 10^-20 !!
!! EWK PROCESS C1C2 NOT FOUND !! WILL TRY TO LOOK FOR +/- MODES !!
XSEC FOUND FOR: C1-C2+
XSEC FOUND FOR: C1+C2-
!! EWK PROCESS C1N1 NOT FOUND !! WILL TRY TO LOOK FOR +/- MODES !!
XSEC FOUND FOR: C1+N1
XSEC FOUND FOR: C1-N1
!! EWK PROCESS C1N2 NOT FOUND !! WILL TRY TO LOOK FOR +/- MODES !!
XSEC FOUND FOR: C1+N2
XSEC FOUND FOR: C1-N2
!! EWK PROCESS C1N3 NOT FOUND !! WILL TRY TO LOOK FOR +/- MODES !!
XSEC FOUND FOR: C1+N3
XSEC FOUND FOR: C1-N3
!! EWK PROCESS C1N4 NOT FOUND !! WILL TRY TO LOOK FOR +/- MODES !!
XSEC FOUND FOR: C1+N4
XSEC FOUND FOR: C1-N4
!! EWK PROCESS C2N1 NOT FOUND !! WILL TRY TO LOOK FOR +/- MODES !!
XSEC FOUND FOR: C2+N1
XSEC FOUND FOR: C2-N1
!! EWK PROCESS C2N2 NOT FOUND !! WILL TRY TO LOOK FOR +/- MODES !!
XSEC FOUND FOR: C2+N2
XSEC FOUND FOR: C2-N2
!! EWK PROCESS C2N3 NOT FOUND !! WILL TRY TO LOOK FOR +/- MODES !!
XSEC FOUND FOR: C2+N3
XSEC FOUND FOR: C2-N3
!! EWK PROCESS C2N4 NOT FOUND !! WILL TRY TO LOOK FOR +/- MODES !!
XSEC FOUND FOR: C2+N4
XSEC FOUND FOR: C2-N4
---------------  Output inclusive processes  ---------------
The total xsec = 4064.76 [fb]
The total rate = 100.00%
Output upto 0.10%
                        Modes : xsec/fb      (rate)
                  C1wN1_N2hN1 : 2055.4012037 (50.57)%
                  C1wN1_C1wN1 : 1025.2746261 (25.22)%
                  C1wN1_N2zN1 : 59.9340817 (1.47)%
                        N1_N1 : 17.3261847 (0.43)%
            C2hC1wN1_N3wC1wN1 : 12.5711000 (0.31)%
              QqC1wN1_QqC1wN1 : 12.2963777 (0.30)%
            C2hC1wN1_N4wC1wN1 : 12.1789107 (0.30)%
                  N2hN1_N2hN1 : 11.9854916 (0.29)%
              QqC1wN1_QqN2hN1 : 11.9586113 (0.29)%
            C2zC1wN1_N3wC1wN1 : 11.4735792 (0.28)%
            C2wN2hN1_N3wC1wN1 : 11.1389502 (0.27)%
            C2zC1wN1_N4wC1wN1 : 11.1156300 (0.27)%
            N3wC1wN1_N4wC1wN1 : 10.9076968 (0.27)%
            C2wN2hN1_N4wC1wN1 : 10.7914407 (0.27)%
      QqC1wN1_QqGtT1tN3wC1wN1 : 10.5295368 (0.26)%
        GtT1tN3wC1wN1_QqC1wN1 : 9.6817487 (0.24)%
      QqC1wN1_QqGtT1bC2hC1wN1 : 9.0405255 (0.22)%
        GtT1bC2hC1wN1_QqC1wN1 : 8.3126255 (0.20)%
      QqC1wN1_QqGtT1bC2zC1wN1 : 8.2512418 (0.20)%
      QqC1wN1_QqGtT1bC2wN2hN1 : 8.0105928 (0.20)%
        GtT1bC2zC1wN1_QqC1wN1 : 7.5868911 (0.19)%
            C2hC1wN1_C2zC1wN1 : 7.5347597 (0.19)%
        GtT1bC2wN2hN1_QqC1wN1 : 7.3656181 (0.18)%
            C2hC1wN1_C2wN2hN1 : 7.3150071 (0.18)%
      QqC1wN1_QqGtT1tN4wC1wN1 : 7.0874270 (0.17)%
            C2wN2hN1_C2zC1wN1 : 6.6763698 (0.16)%
        GtT1tN4wC1wN1_QqC1wN1 : 6.5167811 (0.16)%
            C2hC1wN1_N4hN2hN1 : 6.3775037 (0.16)%
         QqC1wN1_QqGtT1bC1wN1 : 6.0098807 (0.15)%
            C2hC1wN1_N3zN2hN1 : 5.9813458 (0.15)%
                     C1wN1_N1 : 5.8659880 (0.14)%
            C2zC1wN1_N4hN2hN1 : 5.8207153 (0.14)%
            N3wC1wN1_N4hN2hN1 : 5.7118308 (0.14)%
            C2wN2hN1_N4hN2hN1 : 5.6509531 (0.14)%
           GtT1bC1wN1_QqC1wN1 : 5.5259938 (0.14)%
            C2zC1wN1_N3zN2hN1 : 5.4591440 (0.13)%
            C2wN2hN1_N3zN2hN1 : 5.2999271 (0.13)%
            N3zN2hN1_N4wC1wN1 : 5.1898964 (0.13)%
      QqGtT1tN3wC1wN1_QqN2hN1 : 5.1201517 (0.13)%
      QqC1wN1_QqGtT1tN3zN2hN1 : 5.0099674 (0.12)%
        GtT1tN3wC1wN1_QqN2hN1 : 4.7079015 (0.12)%
        GtT1tN3zN2hN1_QqC1wN1 : 4.6065887 (0.11)%
            QqC1wN1_QqGtT1tN1 : 4.5327769 (0.11)%
               C2wN1_N3wC1wN1 : 4.5115571 (0.11)%
      QqGtT1bC2hC1wN1_QqN2hN1 : 4.3960967 (0.11)%
               C2wN1_N4wC1wN1 : 4.3708070 (0.11)%
              GtT1tN1_QqC1wN1 : 4.1678193 (0.10)%
GtT1tN3wC1wN1_QqGtT1tN3wC1wN1 : 4.1452992 (0.10)%
            C2hC1wN1_C2hC1wN1 : 4.1277537 (0.10)%
        GtT1bC2hC1wN1_QqN2hN1 : 4.0421439 (0.10)%
------------------------------------------------------------
                                            SUM=85.98%

SHOWING PROCESSES TO GET 90.00% SUSY COVERAGE
---------------  Output inclusive processes  ---------------
The total xsec = 4064.76 [fb]
The total rate = 100.00%
                          Modes : xsec/fb      (rate)
                    C1wN1_N2hN1 : 2055.4012037 (50.57)%
                    C1wN1_C1wN1 : 1025.2746261 (25.22)%
                    C1wN1_N2zN1 : 59.9340817 (1.47)%
                          N1_N1 : 17.3261847 (0.43)%
              C2hC1wN1_N3wC1wN1 : 12.5711000 (0.31)%
                QqC1wN1_QqC1wN1 : 12.2963777 (0.30)%
              C2hC1wN1_N4wC1wN1 : 12.1789107 (0.30)%
                    N2hN1_N2hN1 : 11.9854916 (0.29)%
                QqC1wN1_QqN2hN1 : 11.9586113 (0.29)%
              C2zC1wN1_N3wC1wN1 : 11.4735792 (0.28)%
              C2wN2hN1_N3wC1wN1 : 11.1389502 (0.27)%
              C2zC1wN1_N4wC1wN1 : 11.1156300 (0.27)%
              N3wC1wN1_N4wC1wN1 : 10.9076968 (0.27)%
              C2wN2hN1_N4wC1wN1 : 10.7914407 (0.27)%
        QqC1wN1_QqGtT1tN3wC1wN1 : 10.5295368 (0.26)%
          GtT1tN3wC1wN1_QqC1wN1 : 9.6817487 (0.24)%
        QqC1wN1_QqGtT1bC2hC1wN1 : 9.0405255 (0.22)%
          GtT1bC2hC1wN1_QqC1wN1 : 8.3126255 (0.20)%
        QqC1wN1_QqGtT1bC2zC1wN1 : 8.2512418 (0.20)%
        QqC1wN1_QqGtT1bC2wN2hN1 : 8.0105928 (0.20)%
          GtT1bC2zC1wN1_QqC1wN1 : 7.5868911 (0.19)%
              C2hC1wN1_C2zC1wN1 : 7.5347597 (0.19)%
          GtT1bC2wN2hN1_QqC1wN1 : 7.3656181 (0.18)%
              C2hC1wN1_C2wN2hN1 : 7.3150071 (0.18)%
        QqC1wN1_QqGtT1tN4wC1wN1 : 7.0874270 (0.17)%
              C2wN2hN1_C2zC1wN1 : 6.6763698 (0.16)%
          GtT1tN4wC1wN1_QqC1wN1 : 6.5167811 (0.16)%
              C2hC1wN1_N4hN2hN1 : 6.3775037 (0.16)%
           QqC1wN1_QqGtT1bC1wN1 : 6.0098807 (0.15)%
              C2hC1wN1_N3zN2hN1 : 5.9813458 (0.15)%
                       C1wN1_N1 : 5.8659880 (0.14)%
              C2zC1wN1_N4hN2hN1 : 5.8207153 (0.14)%
              N3wC1wN1_N4hN2hN1 : 5.7118308 (0.14)%
              C2wN2hN1_N4hN2hN1 : 5.6509531 (0.14)%
             GtT1bC1wN1_QqC1wN1 : 5.5259938 (0.14)%
              C2zC1wN1_N3zN2hN1 : 5.4591440 (0.13)%
              C2wN2hN1_N3zN2hN1 : 5.2999271 (0.13)%
              N3zN2hN1_N4wC1wN1 : 5.1898964 (0.13)%
        QqGtT1tN3wC1wN1_QqN2hN1 : 5.1201517 (0.13)%
        QqC1wN1_QqGtT1tN3zN2hN1 : 5.0099674 (0.12)%
          GtT1tN3wC1wN1_QqN2hN1 : 4.7079015 (0.12)%
          GtT1tN3zN2hN1_QqC1wN1 : 4.6065887 (0.11)%
              QqC1wN1_QqGtT1tN1 : 4.5327769 (0.11)%
                 C2wN1_N3wC1wN1 : 4.5115571 (0.11)%
        QqGtT1bC2hC1wN1_QqN2hN1 : 4.3960967 (0.11)%
                 C2wN1_N4wC1wN1 : 4.3708070 (0.11)%
                GtT1tN1_QqC1wN1 : 4.1678193 (0.10)%
  GtT1tN3wC1wN1_QqGtT1tN3wC1wN1 : 4.1452992 (0.10)%
              C2hC1wN1_C2hC1wN1 : 4.1277537 (0.10)%
          GtT1bC2hC1wN1_QqN2hN1 : 4.0421439 (0.10)%
        QqGtT1bC2zC1wN1_QqN2hN1 : 4.0122951 (0.10)%
        QqGtT1bC2wN2hN1_QqN2hN1 : 3.8952758 (0.10)%
QqGtT1bC2hC1wN1_QqGtT1tN3wC1wN1 : 3.8707556 (0.10)%
        QqC1wN1_QqGtT1tN4hN2hN1 : 3.7113411 (0.09)%
          GtT1bC2zC1wN1_QqN2hN1 : 3.6892443 (0.09)%
          GtT1bC2wN2hN1_QqN2hN1 : 3.5816468 (0.09)%
  GtT1tN3wC1wN1_QqGtT1bC2hC1wN1 : 3.5591008 (0.09)%
  GtT1bC2hC1wN1_QqGtT1tN3wC1wN1 : 3.5591008 (0.09)%
QqGtT1bC2zC1wN1_QqGtT1tN3wC1wN1 : 3.5328190 (0.09)%
        QqGtT1tN4wC1wN1_QqN2hN1 : 3.4463720 (0.08)%
              C2zC1wN1_C2zC1wN1 : 3.4384685 (0.08)%
QqGtT1bC2wN2hN1_QqGtT1tN3wC1wN1 : 3.4297837 (0.08)%
          GtT1tN4hN2hN1_QqC1wN1 : 3.4125216 (0.08)%
  GtT1bC2zC1wN1_QqGtT1tN3wC1wN1 : 3.2483733 (0.08)%
  GtT1tN3wC1wN1_QqGtT1bC2zC1wN1 : 3.2483733 (0.08)%
           QqC1wN1_QqGtT1bC2wN1 : 3.2444931 (0.08)%
              C2wN2hN1_C2wN2hN1 : 3.2408262 (0.08)%
          GtT1tN4wC1wN1_QqN2hN1 : 3.1688866 (0.08)%
  GtT1tN3wC1wN1_QqGtT1bC2wN2hN1 : 3.1536339 (0.08)%
  GtT1bC2wN2hN1_QqGtT1tN3wC1wN1 : 3.1536339 (0.08)%
  GtT1bC2hC1wN1_QqGtT1bC2hC1wN1 : 3.0557984 (0.08)%
QqGtT1tN3wC1wN1_QqGtT1tN4wC1wN1 : 3.0345247 (0.07)%
QqGtT1bC2hC1wN1_QqGtT1bC2zC1wN1 : 3.0332332 (0.07)%
             GtT1bC2wN1_QqC1wN1 : 2.9832620 (0.07)%
                 C2hC1wN1_C2wN1 : 2.9627632 (0.07)%
    GtT1bC2hC1wN1_GtT1tN3wC1wN1 : 2.9621100 (0.07)%
QqGtT1bC2hC1wN1_QqGtT1bC2wN2hN1 : 2.9447684 (0.07)%
           QqGtT1bC1wN1_QqN2hN1 : 2.9223984 (0.07)%
                QqN2hN1_QqN2hN1 : 2.9075307 (0.07)%
           QqC1wN1_QqGtT1tN2hN1 : 2.8039832 (0.07)%
  GtT1tN3wC1wN1_QqGtT1tN4wC1wN1 : 2.7901992 (0.07)%
  GtT1tN4wC1wN1_QqGtT1tN3wC1wN1 : 2.7901992 (0.07)%
  GtT1bC2zC1wN1_QqGtT1bC2hC1wN1 : 2.7890117 (0.07)%
  GtT1bC2hC1wN1_QqGtT1bC2zC1wN1 : 2.7890117 (0.07)%
              N3zN2hN1_N4hN2hN1 : 2.7176965 (0.07)%
  GtT1bC2wN2hN1_QqGtT1bC2hC1wN1 : 2.7076697 (0.07)%
  GtT1bC2hC1wN1_QqGtT1bC2wN2hN1 : 2.7076697 (0.07)%
                 C2wN1_C2zC1wN1 : 2.7040990 (0.07)%
    GtT1bC2zC1wN1_GtT1tN3wC1wN1 : 2.7035028 (0.07)%
QqGtT1bC2wN2hN1_QqGtT1bC2zC1wN1 : 2.6876752 (0.07)%
             GtT1bC1wN1_QqN2hN1 : 2.6871008 (0.07)%
                 C1wN1_N3wC1wN1 : 2.6705792 (0.07)%
                 C2wN1_C2wN2hN1 : 2.6252334 (0.06)%
    GtT1bC2wN2hN1_GtT1tN3wC1wN1 : 2.6246546 (0.06)%
QqGtT1bC2hC1wN1_QqGtT1tN4wC1wN1 : 2.6054040 (0.06)%
                 C2hC1wN1_N3zN1 : 2.5999568 (0.06)%
             GtT1tN2hN1_QqC1wN1 : 2.5782198 (0.06)%
   QqGtT1bC1wN1_QqGtT1tN3wC1wN1 : 2.5731668 (0.06)%
  GtT1bC2zC1wN1_QqGtT1bC2zC1wN1 : 2.5455168 (0.06)%
  GtT1bC2zC1wN1_QqGtT1bC2wN2hN1 : 2.4712764 (0.06)%
  GtT1bC2wN2hN1_QqGtT1bC2zC1wN1 : 2.4712764 (0.06)%
        QqGtT1tN3zN2hN1_QqN2hN1 : 2.4361749 (0.06)%
  GtT1bC2wN2hN1_QqGtT1bC2wN2hN1 : 2.3992011 (0.06)%
  GtT1tN4wC1wN1_QqGtT1bC2hC1wN1 : 2.3956293 (0.06)%
  GtT1bC2hC1wN1_QqGtT1tN4wC1wN1 : 2.3956293 (0.06)%
------------------------------------------------------------
                                              SUM=90.03%
