/Users/rafalmaselek/Projects/fastlim-1.0
 
#################################################################
#                                                               #
#                                                               #
#                     This is Fastlim  ver. 1.0                 #
#                                                               #
#          A fast LHC limit calculator for BSM models.          #
#                                                               #
#                  http://cern.ch/fastlim-1.0/                  #
#                                                               #
#  for bugs/feature requests: fastlim-1.0.developers@gmail.com  #
#                                                               #
#    please refer to:                                           #
#    M.Papucci, K.Sakurai, A.Weiler, L.Zeune arXiv:1402.xxxx    #
#                                                               #
#################################################################
 

!! Masses incompatible with the data for ERER !!

!! Problem with reading tables for ER ER !! Probably mass outside the table !! Setting xsec to 10^-20 !!

!! Masses incompatible with the data for ELEL !!

!! Problem with reading tables for EL EL !! Probably mass outside the table !! Setting xsec to 10^-20 !!

!! Masses incompatible with the data for TAU1TAU1 !!

!! Problem with reading tables for TAU1 TAU1 !! Probably mass outside the table !! Setting xsec to 10^-20 !!

!! Masses incompatible with the data for TAU2TAU2 !!

!! Problem with reading tables for TAU2 TAU2 !! Probably mass outside the table !! Setting xsec to 10^-20 !!
Decoupling mG=2477.84981 GeV; mQ=3276.881735000001 GeV

!! Masses incompatible with the data for QQ !!

!! Problem with reading tables for Q Q !! Probably mass outside the table !! Setting xsec to 10^-20 !!

!! Masses incompatible with the data for GQ !!

!! Problem with reading tables for G Q !! Probably mass outside the table !! Setting xsec to 10^-20 !!
!! EWK PROCESS C1C2 NOT FOUND !! WILL TRY TO LOOK FOR +/- MODES !!
XSEC FOUND FOR: C1-C2+
XSEC FOUND FOR: C1+C2-
!! EWK PROCESS C1N1 NOT FOUND !! WILL TRY TO LOOK FOR +/- MODES !!
XSEC FOUND FOR: C1+N1
XSEC FOUND FOR: C1-N1
!! EWK PROCESS C1N2 NOT FOUND !! WILL TRY TO LOOK FOR +/- MODES !!
XSEC FOUND FOR: C1+N2
XSEC FOUND FOR: C1-N2
!! EWK PROCESS C1N3 NOT FOUND !! WILL TRY TO LOOK FOR +/- MODES !!
XSEC FOUND FOR: C1+N3
XSEC FOUND FOR: C1-N3
!! EWK PROCESS C1N4 NOT FOUND !! WILL TRY TO LOOK FOR +/- MODES !!
XSEC FOUND FOR: C1+N4
XSEC FOUND FOR: C1-N4
!! EWK PROCESS C2N1 NOT FOUND !! WILL TRY TO LOOK FOR +/- MODES !!
XSEC FOUND FOR: C2+N1
XSEC FOUND FOR: C2-N1
!! EWK PROCESS C2N2 NOT FOUND !! WILL TRY TO LOOK FOR +/- MODES !!
XSEC FOUND FOR: C2+N2
XSEC FOUND FOR: C2-N2
!! EWK PROCESS C2N3 NOT FOUND !! WILL TRY TO LOOK FOR +/- MODES !!
XSEC FOUND FOR: C2+N3
XSEC FOUND FOR: C2-N3
!! EWK PROCESS C2N4 NOT FOUND !! WILL TRY TO LOOK FOR +/- MODES !!
XSEC FOUND FOR: C2+N4
XSEC FOUND FOR: C2-N4
---------------  Output inclusive processes  ---------------
The total xsec = 2841.07 [fb]
The total rate = 100.00%
Output upto 0.10%
                      Modes : xsec/fb      (rate)
                C1wN1_N2hN1 : 1482.5464202 (52.18)%
                C1wN1_C1wN1 : 790.6340411 (27.83)%
                C1wN1_N2zN1 : 192.4256430 (6.77)%
          C2hC1wN1_N3wC1wN1 : 14.4508163 (0.51)%
          C2hC1wN1_N4wC1wN1 : 13.9975635 (0.49)%
          C2zC1wN1_N3wC1wN1 : 12.4226747 (0.44)%
          C2zC1wN1_N4wC1wN1 : 12.0330350 (0.42)%
          N3wC1wN1_N4wC1wN1 : 11.2354281 (0.40)%
          C2wN2hN1_N3wC1wN1 : 11.0057003 (0.39)%
          C2wN2hN1_N4wC1wN1 : 10.6605043 (0.38)%
                      N1_N1 : 8.4707696 (0.30)%
          C2hC1wN1_C2zC1wN1 : 8.3548950 (0.29)%
          C2hC1wN1_C2wN2hN1 : 7.4019060 (0.26)%
          C2hC1wN1_N4hN2hN1 : 7.0234794 (0.25)%
             C2wN1_N3wC1wN1 : 6.7187727 (0.24)%
             C2wN1_N4wC1wN1 : 6.5080370 (0.23)%
          C2wN2hN1_C2zC1wN1 : 6.3630641 (0.22)%
          C2hC1wN1_N3zN2hN1 : 6.1468751 (0.22)%
          C2zC1wN1_N4hN2hN1 : 6.0377489 (0.21)%
          N3wC1wN1_N4hN2hN1 : 5.6375381 (0.20)%
          C2wN2hN1_N4hN2hN1 : 5.3490618 (0.19)%
          C2zC1wN1_N3zN2hN1 : 5.2841741 (0.19)%
          C2hC1wN1_C2hC1wN1 : 4.8594629 (0.17)%
          N3zN2hN1_N4wC1wN1 : 4.7791606 (0.17)%
                N2hN1_N2hN1 : 4.7409223 (0.17)%
          C2wN2hN1_N3zN2hN1 : 4.6814424 (0.16)%
             C2hC1wN1_C2wN1 : 4.5187241 (0.16)%
             C2wN1_C2zC1wN1 : 3.8845307 (0.14)%
          C2zC1wN1_C2zC1wN1 : 3.5911516 (0.13)%
             C2hC1wN1_N3zN1 : 3.5493253 (0.12)%
             C2wN1_C2wN2hN1 : 3.4414474 (0.12)%
             C2hC1wN1_N4hN1 : 3.2730834 (0.12)%
             C2wN1_N4hN2hN1 : 3.2655014 (0.11)%
GtT1bC2hC1wN1_GtT1tN3wC1wN1 : 3.1030050 (0.11)%
             C2zC1wN1_N3zN1 : 3.0511850 (0.11)%
             C2wN1_N3zN2hN1 : 2.8579324 (0.10)%
          C2wN2hN1_C2wN2hN1 : 2.8186352 (0.10)%
------------------------------------------------------------
                                          SUM=94.58%

SHOWING PROCESSES TO GET 90.00% SUSY COVERAGE
---------------  Output inclusive processes  ---------------
The total xsec = 2841.07 [fb]
The total rate = 100.00%
            Modes : xsec/fb      (rate)
      C1wN1_N2hN1 : 1482.5464202 (52.18)%
      C1wN1_C1wN1 : 790.6340411 (27.83)%
      C1wN1_N2zN1 : 192.4256430 (6.77)%
C2hC1wN1_N3wC1wN1 : 14.4508163 (0.51)%
C2hC1wN1_N4wC1wN1 : 13.9975635 (0.49)%
C2zC1wN1_N3wC1wN1 : 12.4226747 (0.44)%
C2zC1wN1_N4wC1wN1 : 12.0330350 (0.42)%
N3wC1wN1_N4wC1wN1 : 11.2354281 (0.40)%
C2wN2hN1_N3wC1wN1 : 11.0057003 (0.39)%
C2wN2hN1_N4wC1wN1 : 10.6605043 (0.38)%
            N1_N1 : 8.4707696 (0.30)%
------------------------------------------------------------
                                SUM=90.10%
