/Users/rafalmaselek/Projects/fastlim-1.0
 
#################################################################
#                                                               #
#                                                               #
#                     This is Fastlim  ver. 1.0                 #
#                                                               #
#          A fast LHC limit calculator for BSM models.          #
#                                                               #
#                  http://cern.ch/fastlim-1.0/                  #
#                                                               #
#  for bugs/feature requests: fastlim-1.0.developers@gmail.com  #
#                                                               #
#    please refer to:                                           #
#    M.Papucci, K.Sakurai, A.Weiler, L.Zeune arXiv:1402.xxxx    #
#                                                               #
#################################################################
 

!! Masses incompatible with the data for ERER !!

!! Problem with reading tables for ER ER !! Probably mass outside the table !! Setting xsec to 10^-20 !!

!! Masses incompatible with the data for ELEL !!

!! Problem with reading tables for EL EL !! Probably mass outside the table !! Setting xsec to 10^-20 !!

!! Masses incompatible with the data for TAU1TAU1 !!

!! Problem with reading tables for TAU1 TAU1 !! Probably mass outside the table !! Setting xsec to 10^-20 !!

!! Masses incompatible with the data for TAU2TAU2 !!

!! Problem with reading tables for TAU2 TAU2 !! Probably mass outside the table !! Setting xsec to 10^-20 !!
!!! THERE IS MASS SHIFTING IN EWKfast --------------------------------------------------------
Energy  Precision  PDF  Process
13      LO    NNPDF30           C1C1       0.36123407281719755 
13      LO    NNPDF30           C1+C2-     7.06651912757974e-05 # mass is shifted in the grid
13      LO    NNPDF30           C1-C2+     7.063701612479765e-05 # mass is shifted in the grid
13      LO    NNPDF30           C2C2       0.013222134047654075 # mass is shifted in the grid
13      LO    NNPDF30           N1N1       0.013664788802579044 
13      LO    NNPDF30           N1N2       0.0014433394600743491 
13      LO    NNPDF30           N1N3       1.9887498615991226e-05 # mass is shifted in the grid
13      LO    NNPDF30           N1N4       1.9173133608028145e-05 # mass is shifted in the grid
13      LO    NNPDF30           N2N2       0.0072961532435416344 
13      LO    NNPDF30           N2N3       3.263777788461666e-05 # mass is shifted in the grid
13      LO    NNPDF30           N2N4       1.7441731059566553e-05 # mass is shifted in the grid
13      LO    NNPDF30           N3N3       9.304505446457833e-10 # mass is shifted in the grid
13      LO    NNPDF30           N3N4       0.0022782713629844074 # mass is shifted in the grid
13      LO    NNPDF30           N4N4       1.3420118539810067e-08 # mass is shifted in the grid
13      LO    NNPDF30           N1C1+      0.002476234231642707 
13      LO    NNPDF30           N2C1+      0.5386481717372167 
13      LO    NNPDF30           N3C1+      5.742858713833862e-05 # mass is shifted in the grid
13      LO    NNPDF30           N4C1+      2.3309233068101277e-05 # mass is shifted in the grid
13      LO    NNPDF30           N1C1-      0.0008546006607240266 
13      LO    NNPDF30           N2C1-      0.1823391662525963 
13      LO    NNPDF30           N3C1-      1.9063596162310263e-05 # mass is shifted in the grid
13      LO    NNPDF30           N4C1-      7.658247029019975e-06 # mass is shifted in the grid
13      LO    NNPDF30           N1C2+      0.00014308483839129305 # mass is shifted in the grid
13      LO    NNPDF30           N2C2+      1.3228784149887724e-05 # mass is shifted in the grid
13      LO    NNPDF30           N3C2+      0.003204659984047052 # mass is shifted in the grid
13      LO    NNPDF30           N4C2+      0.01629542075300436 # mass is shifted in the grid
13      LO    NNPDF30           N1C2-      4.7808284899022864e-05 # mass is shifted in the grid
13      LO    NNPDF30           N2C2-      4.352205119952816e-06 # mass is shifted in the grid
13      LO    NNPDF30           N3C2-      0.00110733982518281 # mass is shifted in the grid
13      LO    NNPDF30           N4C2-      0.005477676079981741 # mass is shifted in the grid

SLHA file: /Users/rafalmaselek/Projects/CheckMateCalculations/UML/SLHA_FIX/cmssm_1342_1200_5_-1200_-1.slha
Input file: /Users/rafalmaselek/ScienceSoft/EWKfast_LO/input_default.dat
Sort: OFF 
Cut: -1 
Unit: fb 
ScaleVariation: OFF 

mC2 = 1664.98216 is out of range. |mC2| = 1500 was used.
mN3 = -1662.75981 is out of range. |mN3| = 1500 was used.
mN4 = 1663.42924 is out of range. |mN4| = 1500 was used.

-----------------------------------------------------------------------------------------------
!!! THERE IS MASS SHIFTING IN EWKfast --------------------------------------------------------
Energy  Precision  PDF  Process
13      LO    NNPDF30           C1C1       0.36123407281719755 
13      LO    NNPDF30           C1+C2-     7.06651912757974e-05 # mass is shifted in the grid
13      LO    NNPDF30           C1-C2+     7.063701612479765e-05 # mass is shifted in the grid
13      LO    NNPDF30           C2C2       0.013222134047654075 # mass is shifted in the grid
13      LO    NNPDF30           N1N1       0.013664788802579044 
13      LO    NNPDF30           N1N2       0.0014433394600743491 
13      LO    NNPDF30           N1N3       1.9887498615991226e-05 # mass is shifted in the grid
13      LO    NNPDF30           N1N4       1.9173133608028145e-05 # mass is shifted in the grid
13      LO    NNPDF30           N2N2       0.0072961532435416344 
13      LO    NNPDF30           N2N3       3.263777788461666e-05 # mass is shifted in the grid
13      LO    NNPDF30           N2N4       1.7441731059566553e-05 # mass is shifted in the grid
13      LO    NNPDF30           N3N3       9.304505446457833e-10 # mass is shifted in the grid
13      LO    NNPDF30           N3N4       0.0022782713629844074 # mass is shifted in the grid
13      LO    NNPDF30           N4N4       1.3420118539810067e-08 # mass is shifted in the grid
13      LO    NNPDF30           N1C1+      0.002476234231642707 
13      LO    NNPDF30           N2C1+      0.5386481717372167 
13      LO    NNPDF30           N3C1+      5.742858713833862e-05 # mass is shifted in the grid
13      LO    NNPDF30           N4C1+      2.3309233068101277e-05 # mass is shifted in the grid
13      LO    NNPDF30           N1C1-      0.0008546006607240266 
13      LO    NNPDF30           N2C1-      0.1823391662525963 
13      LO    NNPDF30           N3C1-      1.9063596162310263e-05 # mass is shifted in the grid
13      LO    NNPDF30           N4C1-      7.658247029019975e-06 # mass is shifted in the grid
13      LO    NNPDF30           N1C2+      0.00014308483839129305 # mass is shifted in the grid
13      LO    NNPDF30           N2C2+      1.3228784149887724e-05 # mass is shifted in the grid
13      LO    NNPDF30           N3C2+      0.003204659984047052 # mass is shifted in the grid
13      LO    NNPDF30           N4C2+      0.01629542075300436 # mass is shifted in the grid
13      LO    NNPDF30           N1C2-      4.7808284899022864e-05 # mass is shifted in the grid
13      LO    NNPDF30           N2C2-      4.352205119952816e-06 # mass is shifted in the grid
13      LO    NNPDF30           N3C2-      0.00110733982518281 # mass is shifted in the grid
13      LO    NNPDF30           N4C2-      0.005477676079981741 # mass is shifted in the grid

SLHA file: /Users/rafalmaselek/Projects/CheckMateCalculations/UML/SLHA_FIX/cmssm_1342_1200_5_-1200_-1.slha
Input file: /Users/rafalmaselek/ScienceSoft/EWKfast_LO/input_default.dat
Sort: OFF 
Cut: -1 
Unit: fb 
ScaleVariation: OFF 

mC2 = 1664.98216 is out of range. |mC2| = 1500 was used.
mN3 = -1662.75981 is out of range. |mN3| = 1500 was used.
mN4 = 1663.42924 is out of range. |mN4| = 1500 was used.

-----------------------------------------------------------------------------------------------
!! EWK PROCESS C1C2 NOT FOUND !! WILL TRY TO LOOK FOR +/- MODES !!
XSEC FOUND FOR: C1-C2+
XSEC FOUND FOR: C1+C2-
!!! THERE IS MASS SHIFTING IN EWKfast --------------------------------------------------------
Energy  Precision  PDF  Process
13      LO    NNPDF30           C1C1       0.36123407281719755 
13      LO    NNPDF30           C1+C2-     7.06651912757974e-05 # mass is shifted in the grid
13      LO    NNPDF30           C1-C2+     7.063701612479765e-05 # mass is shifted in the grid
13      LO    NNPDF30           C2C2       0.013222134047654075 # mass is shifted in the grid
13      LO    NNPDF30           N1N1       0.013664788802579044 
13      LO    NNPDF30           N1N2       0.0014433394600743491 
13      LO    NNPDF30           N1N3       1.9887498615991226e-05 # mass is shifted in the grid
13      LO    NNPDF30           N1N4       1.9173133608028145e-05 # mass is shifted in the grid
13      LO    NNPDF30           N2N2       0.0072961532435416344 
13      LO    NNPDF30           N2N3       3.263777788461666e-05 # mass is shifted in the grid
13      LO    NNPDF30           N2N4       1.7441731059566553e-05 # mass is shifted in the grid
13      LO    NNPDF30           N3N3       9.304505446457833e-10 # mass is shifted in the grid
13      LO    NNPDF30           N3N4       0.0022782713629844074 # mass is shifted in the grid
13      LO    NNPDF30           N4N4       1.3420118539810067e-08 # mass is shifted in the grid
13      LO    NNPDF30           N1C1+      0.002476234231642707 
13      LO    NNPDF30           N2C1+      0.5386481717372167 
13      LO    NNPDF30           N3C1+      5.742858713833862e-05 # mass is shifted in the grid
13      LO    NNPDF30           N4C1+      2.3309233068101277e-05 # mass is shifted in the grid
13      LO    NNPDF30           N1C1-      0.0008546006607240266 
13      LO    NNPDF30           N2C1-      0.1823391662525963 
13      LO    NNPDF30           N3C1-      1.9063596162310263e-05 # mass is shifted in the grid
13      LO    NNPDF30           N4C1-      7.658247029019975e-06 # mass is shifted in the grid
13      LO    NNPDF30           N1C2+      0.00014308483839129305 # mass is shifted in the grid
13      LO    NNPDF30           N2C2+      1.3228784149887724e-05 # mass is shifted in the grid
13      LO    NNPDF30           N3C2+      0.003204659984047052 # mass is shifted in the grid
13      LO    NNPDF30           N4C2+      0.01629542075300436 # mass is shifted in the grid
13      LO    NNPDF30           N1C2-      4.7808284899022864e-05 # mass is shifted in the grid
13      LO    NNPDF30           N2C2-      4.352205119952816e-06 # mass is shifted in the grid
13      LO    NNPDF30           N3C2-      0.00110733982518281 # mass is shifted in the grid
13      LO    NNPDF30           N4C2-      0.005477676079981741 # mass is shifted in the grid

SLHA file: /Users/rafalmaselek/Projects/CheckMateCalculations/UML/SLHA_FIX/cmssm_1342_1200_5_-1200_-1.slha
Input file: /Users/rafalmaselek/ScienceSoft/EWKfast_LO/input_default.dat
Sort: OFF 
Cut: -1 
Unit: fb 
ScaleVariation: OFF 

mC2 = 1664.98216 is out of range. |mC2| = 1500 was used.
mN3 = -1662.75981 is out of range. |mN3| = 1500 was used.
mN4 = 1663.42924 is out of range. |mN4| = 1500 was used.

-----------------------------------------------------------------------------------------------
!!! THERE IS MASS SHIFTING IN EWKfast --------------------------------------------------------
Energy  Precision  PDF  Process
13      LO    NNPDF30           C1C1       0.36123407281719755 
13      LO    NNPDF30           C1+C2-     7.06651912757974e-05 # mass is shifted in the grid
13      LO    NNPDF30           C1-C2+     7.063701612479765e-05 # mass is shifted in the grid
13      LO    NNPDF30           C2C2       0.013222134047654075 # mass is shifted in the grid
13      LO    NNPDF30           N1N1       0.013664788802579044 
13      LO    NNPDF30           N1N2       0.0014433394600743491 
13      LO    NNPDF30           N1N3       1.9887498615991226e-05 # mass is shifted in the grid
13      LO    NNPDF30           N1N4       1.9173133608028145e-05 # mass is shifted in the grid
13      LO    NNPDF30           N2N2       0.0072961532435416344 
13      LO    NNPDF30           N2N3       3.263777788461666e-05 # mass is shifted in the grid
13      LO    NNPDF30           N2N4       1.7441731059566553e-05 # mass is shifted in the grid
13      LO    NNPDF30           N3N3       9.304505446457833e-10 # mass is shifted in the grid
13      LO    NNPDF30           N3N4       0.0022782713629844074 # mass is shifted in the grid
13      LO    NNPDF30           N4N4       1.3420118539810067e-08 # mass is shifted in the grid
13      LO    NNPDF30           N1C1+      0.002476234231642707 
13      LO    NNPDF30           N2C1+      0.5386481717372167 
13      LO    NNPDF30           N3C1+      5.742858713833862e-05 # mass is shifted in the grid
13      LO    NNPDF30           N4C1+      2.3309233068101277e-05 # mass is shifted in the grid
13      LO    NNPDF30           N1C1-      0.0008546006607240266 
13      LO    NNPDF30           N2C1-      0.1823391662525963 
13      LO    NNPDF30           N3C1-      1.9063596162310263e-05 # mass is shifted in the grid
13      LO    NNPDF30           N4C1-      7.658247029019975e-06 # mass is shifted in the grid
13      LO    NNPDF30           N1C2+      0.00014308483839129305 # mass is shifted in the grid
13      LO    NNPDF30           N2C2+      1.3228784149887724e-05 # mass is shifted in the grid
13      LO    NNPDF30           N3C2+      0.003204659984047052 # mass is shifted in the grid
13      LO    NNPDF30           N4C2+      0.01629542075300436 # mass is shifted in the grid
13      LO    NNPDF30           N1C2-      4.7808284899022864e-05 # mass is shifted in the grid
13      LO    NNPDF30           N2C2-      4.352205119952816e-06 # mass is shifted in the grid
13      LO    NNPDF30           N3C2-      0.00110733982518281 # mass is shifted in the grid
13      LO    NNPDF30           N4C2-      0.005477676079981741 # mass is shifted in the grid

SLHA file: /Users/rafalmaselek/Projects/CheckMateCalculations/UML/SLHA_FIX/cmssm_1342_1200_5_-1200_-1.slha
Input file: /Users/rafalmaselek/ScienceSoft/EWKfast_LO/input_default.dat
Sort: OFF 
Cut: -1 
Unit: fb 
ScaleVariation: OFF 

mC2 = 1664.98216 is out of range. |mC2| = 1500 was used.
mN3 = -1662.75981 is out of range. |mN3| = 1500 was used.
mN4 = 1663.42924 is out of range. |mN4| = 1500 was used.

-----------------------------------------------------------------------------------------------
!! EWK PROCESS C1N1 NOT FOUND !! WILL TRY TO LOOK FOR +/- MODES !!
XSEC FOUND FOR: C1+N1
XSEC FOUND FOR: C1-N1
!!! THERE IS MASS SHIFTING IN EWKfast --------------------------------------------------------
Energy  Precision  PDF  Process
13      LO    NNPDF30           C1C1       0.36123407281719755 
13      LO    NNPDF30           C1+C2-     7.06651912757974e-05 # mass is shifted in the grid
13      LO    NNPDF30           C1-C2+     7.063701612479765e-05 # mass is shifted in the grid
13      LO    NNPDF30           C2C2       0.013222134047654075 # mass is shifted in the grid
13      LO    NNPDF30           N1N1       0.013664788802579044 
13      LO    NNPDF30           N1N2       0.0014433394600743491 
13      LO    NNPDF30           N1N3       1.9887498615991226e-05 # mass is shifted in the grid
13      LO    NNPDF30           N1N4       1.9173133608028145e-05 # mass is shifted in the grid
13      LO    NNPDF30           N2N2       0.0072961532435416344 
13      LO    NNPDF30           N2N3       3.263777788461666e-05 # mass is shifted in the grid
13      LO    NNPDF30           N2N4       1.7441731059566553e-05 # mass is shifted in the grid
13      LO    NNPDF30           N3N3       9.304505446457833e-10 # mass is shifted in the grid
13      LO    NNPDF30           N3N4       0.0022782713629844074 # mass is shifted in the grid
13      LO    NNPDF30           N4N4       1.3420118539810067e-08 # mass is shifted in the grid
13      LO    NNPDF30           N1C1+      0.002476234231642707 
13      LO    NNPDF30           N2C1+      0.5386481717372167 
13      LO    NNPDF30           N3C1+      5.742858713833862e-05 # mass is shifted in the grid
13      LO    NNPDF30           N4C1+      2.3309233068101277e-05 # mass is shifted in the grid
13      LO    NNPDF30           N1C1-      0.0008546006607240266 
13      LO    NNPDF30           N2C1-      0.1823391662525963 
13      LO    NNPDF30           N3C1-      1.9063596162310263e-05 # mass is shifted in the grid
13      LO    NNPDF30           N4C1-      7.658247029019975e-06 # mass is shifted in the grid
13      LO    NNPDF30           N1C2+      0.00014308483839129305 # mass is shifted in the grid
13      LO    NNPDF30           N2C2+      1.3228784149887724e-05 # mass is shifted in the grid
13      LO    NNPDF30           N3C2+      0.003204659984047052 # mass is shifted in the grid
13      LO    NNPDF30           N4C2+      0.01629542075300436 # mass is shifted in the grid
13      LO    NNPDF30           N1C2-      4.7808284899022864e-05 # mass is shifted in the grid
13      LO    NNPDF30           N2C2-      4.352205119952816e-06 # mass is shifted in the grid
13      LO    NNPDF30           N3C2-      0.00110733982518281 # mass is shifted in the grid
13      LO    NNPDF30           N4C2-      0.005477676079981741 # mass is shifted in the grid

SLHA file: /Users/rafalmaselek/Projects/CheckMateCalculations/UML/SLHA_FIX/cmssm_1342_1200_5_-1200_-1.slha
Input file: /Users/rafalmaselek/ScienceSoft/EWKfast_LO/input_default.dat
Sort: OFF 
Cut: -1 
Unit: fb 
ScaleVariation: OFF 

mC2 = 1664.98216 is out of range. |mC2| = 1500 was used.
mN3 = -1662.75981 is out of range. |mN3| = 1500 was used.
mN4 = 1663.42924 is out of range. |mN4| = 1500 was used.

-----------------------------------------------------------------------------------------------
!! EWK PROCESS C1N2 NOT FOUND !! WILL TRY TO LOOK FOR +/- MODES !!
XSEC FOUND FOR: C1+N2
XSEC FOUND FOR: C1-N2
!!! THERE IS MASS SHIFTING IN EWKfast --------------------------------------------------------
Energy  Precision  PDF  Process
13      LO    NNPDF30           C1C1       0.36123407281719755 
13      LO    NNPDF30           C1+C2-     7.06651912757974e-05 # mass is shifted in the grid
13      LO    NNPDF30           C1-C2+     7.063701612479765e-05 # mass is shifted in the grid
13      LO    NNPDF30           C2C2       0.013222134047654075 # mass is shifted in the grid
13      LO    NNPDF30           N1N1       0.013664788802579044 
13      LO    NNPDF30           N1N2       0.0014433394600743491 
13      LO    NNPDF30           N1N3       1.9887498615991226e-05 # mass is shifted in the grid
13      LO    NNPDF30           N1N4       1.9173133608028145e-05 # mass is shifted in the grid
13      LO    NNPDF30           N2N2       0.0072961532435416344 
13      LO    NNPDF30           N2N3       3.263777788461666e-05 # mass is shifted in the grid
13      LO    NNPDF30           N2N4       1.7441731059566553e-05 # mass is shifted in the grid
13      LO    NNPDF30           N3N3       9.304505446457833e-10 # mass is shifted in the grid
13      LO    NNPDF30           N3N4       0.0022782713629844074 # mass is shifted in the grid
13      LO    NNPDF30           N4N4       1.3420118539810067e-08 # mass is shifted in the grid
13      LO    NNPDF30           N1C1+      0.002476234231642707 
13      LO    NNPDF30           N2C1+      0.5386481717372167 
13      LO    NNPDF30           N3C1+      5.742858713833862e-05 # mass is shifted in the grid
13      LO    NNPDF30           N4C1+      2.3309233068101277e-05 # mass is shifted in the grid
13      LO    NNPDF30           N1C1-      0.0008546006607240266 
13      LO    NNPDF30           N2C1-      0.1823391662525963 
13      LO    NNPDF30           N3C1-      1.9063596162310263e-05 # mass is shifted in the grid
13      LO    NNPDF30           N4C1-      7.658247029019975e-06 # mass is shifted in the grid
13      LO    NNPDF30           N1C2+      0.00014308483839129305 # mass is shifted in the grid
13      LO    NNPDF30           N2C2+      1.3228784149887724e-05 # mass is shifted in the grid
13      LO    NNPDF30           N3C2+      0.003204659984047052 # mass is shifted in the grid
13      LO    NNPDF30           N4C2+      0.01629542075300436 # mass is shifted in the grid
13      LO    NNPDF30           N1C2-      4.7808284899022864e-05 # mass is shifted in the grid
13      LO    NNPDF30           N2C2-      4.352205119952816e-06 # mass is shifted in the grid
13      LO    NNPDF30           N3C2-      0.00110733982518281 # mass is shifted in the grid
13      LO    NNPDF30           N4C2-      0.005477676079981741 # mass is shifted in the grid

SLHA file: /Users/rafalmaselek/Projects/CheckMateCalculations/UML/SLHA_FIX/cmssm_1342_1200_5_-1200_-1.slha
Input file: /Users/rafalmaselek/ScienceSoft/EWKfast_LO/input_default.dat
Sort: OFF 
Cut: -1 
Unit: fb 
ScaleVariation: OFF 

mC2 = 1664.98216 is out of range. |mC2| = 1500 was used.
mN3 = -1662.75981 is out of range. |mN3| = 1500 was used.
mN4 = 1663.42924 is out of range. |mN4| = 1500 was used.

-----------------------------------------------------------------------------------------------
!! EWK PROCESS C1N3 NOT FOUND !! WILL TRY TO LOOK FOR +/- MODES !!
XSEC FOUND FOR: C1+N3
XSEC FOUND FOR: C1-N3
!!! THERE IS MASS SHIFTING IN EWKfast --------------------------------------------------------
Energy  Precision  PDF  Process
13      LO    NNPDF30           C1C1       0.36123407281719755 
13      LO    NNPDF30           C1+C2-     7.06651912757974e-05 # mass is shifted in the grid
13      LO    NNPDF30           C1-C2+     7.063701612479765e-05 # mass is shifted in the grid
13      LO    NNPDF30           C2C2       0.013222134047654075 # mass is shifted in the grid
13      LO    NNPDF30           N1N1       0.013664788802579044 
13      LO    NNPDF30           N1N2       0.0014433394600743491 
13      LO    NNPDF30           N1N3       1.9887498615991226e-05 # mass is shifted in the grid
13      LO    NNPDF30           N1N4       1.9173133608028145e-05 # mass is shifted in the grid
13      LO    NNPDF30           N2N2       0.0072961532435416344 
13      LO    NNPDF30           N2N3       3.263777788461666e-05 # mass is shifted in the grid
13      LO    NNPDF30           N2N4       1.7441731059566553e-05 # mass is shifted in the grid
13      LO    NNPDF30           N3N3       9.304505446457833e-10 # mass is shifted in the grid
13      LO    NNPDF30           N3N4       0.0022782713629844074 # mass is shifted in the grid
13      LO    NNPDF30           N4N4       1.3420118539810067e-08 # mass is shifted in the grid
13      LO    NNPDF30           N1C1+      0.002476234231642707 
13      LO    NNPDF30           N2C1+      0.5386481717372167 
13      LO    NNPDF30           N3C1+      5.742858713833862e-05 # mass is shifted in the grid
13      LO    NNPDF30           N4C1+      2.3309233068101277e-05 # mass is shifted in the grid
13      LO    NNPDF30           N1C1-      0.0008546006607240266 
13      LO    NNPDF30           N2C1-      0.1823391662525963 
13      LO    NNPDF30           N3C1-      1.9063596162310263e-05 # mass is shifted in the grid
13      LO    NNPDF30           N4C1-      7.658247029019975e-06 # mass is shifted in the grid
13      LO    NNPDF30           N1C2+      0.00014308483839129305 # mass is shifted in the grid
13      LO    NNPDF30           N2C2+      1.3228784149887724e-05 # mass is shifted in the grid
13      LO    NNPDF30           N3C2+      0.003204659984047052 # mass is shifted in the grid
13      LO    NNPDF30           N4C2+      0.01629542075300436 # mass is shifted in the grid
13      LO    NNPDF30           N1C2-      4.7808284899022864e-05 # mass is shifted in the grid
13      LO    NNPDF30           N2C2-      4.352205119952816e-06 # mass is shifted in the grid
13      LO    NNPDF30           N3C2-      0.00110733982518281 # mass is shifted in the grid
13      LO    NNPDF30           N4C2-      0.005477676079981741 # mass is shifted in the grid

SLHA file: /Users/rafalmaselek/Projects/CheckMateCalculations/UML/SLHA_FIX/cmssm_1342_1200_5_-1200_-1.slha
Input file: /Users/rafalmaselek/ScienceSoft/EWKfast_LO/input_default.dat
Sort: OFF 
Cut: -1 
Unit: fb 
ScaleVariation: OFF 

mC2 = 1664.98216 is out of range. |mC2| = 1500 was used.
mN3 = -1662.75981 is out of range. |mN3| = 1500 was used.
mN4 = 1663.42924 is out of range. |mN4| = 1500 was used.

-----------------------------------------------------------------------------------------------
!! EWK PROCESS C1N4 NOT FOUND !! WILL TRY TO LOOK FOR +/- MODES !!
XSEC FOUND FOR: C1+N4
XSEC FOUND FOR: C1-N4
!!! THERE IS MASS SHIFTING IN EWKfast --------------------------------------------------------
Energy  Precision  PDF  Process
13      LO    NNPDF30           C1C1       0.36123407281719755 
13      LO    NNPDF30           C1+C2-     7.06651912757974e-05 # mass is shifted in the grid
13      LO    NNPDF30           C1-C2+     7.063701612479765e-05 # mass is shifted in the grid
13      LO    NNPDF30           C2C2       0.013222134047654075 # mass is shifted in the grid
13      LO    NNPDF30           N1N1       0.013664788802579044 
13      LO    NNPDF30           N1N2       0.0014433394600743491 
13      LO    NNPDF30           N1N3       1.9887498615991226e-05 # mass is shifted in the grid
13      LO    NNPDF30           N1N4       1.9173133608028145e-05 # mass is shifted in the grid
13      LO    NNPDF30           N2N2       0.0072961532435416344 
13      LO    NNPDF30           N2N3       3.263777788461666e-05 # mass is shifted in the grid
13      LO    NNPDF30           N2N4       1.7441731059566553e-05 # mass is shifted in the grid
13      LO    NNPDF30           N3N3       9.304505446457833e-10 # mass is shifted in the grid
13      LO    NNPDF30           N3N4       0.0022782713629844074 # mass is shifted in the grid
13      LO    NNPDF30           N4N4       1.3420118539810067e-08 # mass is shifted in the grid
13      LO    NNPDF30           N1C1+      0.002476234231642707 
13      LO    NNPDF30           N2C1+      0.5386481717372167 
13      LO    NNPDF30           N3C1+      5.742858713833862e-05 # mass is shifted in the grid
13      LO    NNPDF30           N4C1+      2.3309233068101277e-05 # mass is shifted in the grid
13      LO    NNPDF30           N1C1-      0.0008546006607240266 
13      LO    NNPDF30           N2C1-      0.1823391662525963 
13      LO    NNPDF30           N3C1-      1.9063596162310263e-05 # mass is shifted in the grid
13      LO    NNPDF30           N4C1-      7.658247029019975e-06 # mass is shifted in the grid
13      LO    NNPDF30           N1C2+      0.00014308483839129305 # mass is shifted in the grid
13      LO    NNPDF30           N2C2+      1.3228784149887724e-05 # mass is shifted in the grid
13      LO    NNPDF30           N3C2+      0.003204659984047052 # mass is shifted in the grid
13      LO    NNPDF30           N4C2+      0.01629542075300436 # mass is shifted in the grid
13      LO    NNPDF30           N1C2-      4.7808284899022864e-05 # mass is shifted in the grid
13      LO    NNPDF30           N2C2-      4.352205119952816e-06 # mass is shifted in the grid
13      LO    NNPDF30           N3C2-      0.00110733982518281 # mass is shifted in the grid
13      LO    NNPDF30           N4C2-      0.005477676079981741 # mass is shifted in the grid

SLHA file: /Users/rafalmaselek/Projects/CheckMateCalculations/UML/SLHA_FIX/cmssm_1342_1200_5_-1200_-1.slha
Input file: /Users/rafalmaselek/ScienceSoft/EWKfast_LO/input_default.dat
Sort: OFF 
Cut: -1 
Unit: fb 
ScaleVariation: OFF 

mC2 = 1664.98216 is out of range. |mC2| = 1500 was used.
mN3 = -1662.75981 is out of range. |mN3| = 1500 was used.
mN4 = 1663.42924 is out of range. |mN4| = 1500 was used.

-----------------------------------------------------------------------------------------------
!! EWK PROCESS C2N1 NOT FOUND !! WILL TRY TO LOOK FOR +/- MODES !!
XSEC FOUND FOR: C2+N1
XSEC FOUND FOR: C2-N1
!!! THERE IS MASS SHIFTING IN EWKfast --------------------------------------------------------
Energy  Precision  PDF  Process
13      LO    NNPDF30           C1C1       0.36123407281719755 
13      LO    NNPDF30           C1+C2-     7.06651912757974e-05 # mass is shifted in the grid
13      LO    NNPDF30           C1-C2+     7.063701612479765e-05 # mass is shifted in the grid
13      LO    NNPDF30           C2C2       0.013222134047654075 # mass is shifted in the grid
13      LO    NNPDF30           N1N1       0.013664788802579044 
13      LO    NNPDF30           N1N2       0.0014433394600743491 
13      LO    NNPDF30           N1N3       1.9887498615991226e-05 # mass is shifted in the grid
13      LO    NNPDF30           N1N4       1.9173133608028145e-05 # mass is shifted in the grid
13      LO    NNPDF30           N2N2       0.0072961532435416344 
13      LO    NNPDF30           N2N3       3.263777788461666e-05 # mass is shifted in the grid
13      LO    NNPDF30           N2N4       1.7441731059566553e-05 # mass is shifted in the grid
13      LO    NNPDF30           N3N3       9.304505446457833e-10 # mass is shifted in the grid
13      LO    NNPDF30           N3N4       0.0022782713629844074 # mass is shifted in the grid
13      LO    NNPDF30           N4N4       1.3420118539810067e-08 # mass is shifted in the grid
13      LO    NNPDF30           N1C1+      0.002476234231642707 
13      LO    NNPDF30           N2C1+      0.5386481717372167 
13      LO    NNPDF30           N3C1+      5.742858713833862e-05 # mass is shifted in the grid
13      LO    NNPDF30           N4C1+      2.3309233068101277e-05 # mass is shifted in the grid
13      LO    NNPDF30           N1C1-      0.0008546006607240266 
13      LO    NNPDF30           N2C1-      0.1823391662525963 
13      LO    NNPDF30           N3C1-      1.9063596162310263e-05 # mass is shifted in the grid
13      LO    NNPDF30           N4C1-      7.658247029019975e-06 # mass is shifted in the grid
13      LO    NNPDF30           N1C2+      0.00014308483839129305 # mass is shifted in the grid
13      LO    NNPDF30           N2C2+      1.3228784149887724e-05 # mass is shifted in the grid
13      LO    NNPDF30           N3C2+      0.003204659984047052 # mass is shifted in the grid
13      LO    NNPDF30           N4C2+      0.01629542075300436 # mass is shifted in the grid
13      LO    NNPDF30           N1C2-      4.7808284899022864e-05 # mass is shifted in the grid
13      LO    NNPDF30           N2C2-      4.352205119952816e-06 # mass is shifted in the grid
13      LO    NNPDF30           N3C2-      0.00110733982518281 # mass is shifted in the grid
13      LO    NNPDF30           N4C2-      0.005477676079981741 # mass is shifted in the grid

SLHA file: /Users/rafalmaselek/Projects/CheckMateCalculations/UML/SLHA_FIX/cmssm_1342_1200_5_-1200_-1.slha
Input file: /Users/rafalmaselek/ScienceSoft/EWKfast_LO/input_default.dat
Sort: OFF 
Cut: -1 
Unit: fb 
ScaleVariation: OFF 

mC2 = 1664.98216 is out of range. |mC2| = 1500 was used.
mN3 = -1662.75981 is out of range. |mN3| = 1500 was used.
mN4 = 1663.42924 is out of range. |mN4| = 1500 was used.

-----------------------------------------------------------------------------------------------
!! EWK PROCESS C2N2 NOT FOUND !! WILL TRY TO LOOK FOR +/- MODES !!
XSEC FOUND FOR: C2+N2
XSEC FOUND FOR: C2-N2
!!! THERE IS MASS SHIFTING IN EWKfast --------------------------------------------------------
Energy  Precision  PDF  Process
13      LO    NNPDF30           C1C1       0.36123407281719755 
13      LO    NNPDF30           C1+C2-     7.06651912757974e-05 # mass is shifted in the grid
13      LO    NNPDF30           C1-C2+     7.063701612479765e-05 # mass is shifted in the grid
13      LO    NNPDF30           C2C2       0.013222134047654075 # mass is shifted in the grid
13      LO    NNPDF30           N1N1       0.013664788802579044 
13      LO    NNPDF30           N1N2       0.0014433394600743491 
13      LO    NNPDF30           N1N3       1.9887498615991226e-05 # mass is shifted in the grid
13      LO    NNPDF30           N1N4       1.9173133608028145e-05 # mass is shifted in the grid
13      LO    NNPDF30           N2N2       0.0072961532435416344 
13      LO    NNPDF30           N2N3       3.263777788461666e-05 # mass is shifted in the grid
13      LO    NNPDF30           N2N4       1.7441731059566553e-05 # mass is shifted in the grid
13      LO    NNPDF30           N3N3       9.304505446457833e-10 # mass is shifted in the grid
13      LO    NNPDF30           N3N4       0.0022782713629844074 # mass is shifted in the grid
13      LO    NNPDF30           N4N4       1.3420118539810067e-08 # mass is shifted in the grid
13      LO    NNPDF30           N1C1+      0.002476234231642707 
13      LO    NNPDF30           N2C1+      0.5386481717372167 
13      LO    NNPDF30           N3C1+      5.742858713833862e-05 # mass is shifted in the grid
13      LO    NNPDF30           N4C1+      2.3309233068101277e-05 # mass is shifted in the grid
13      LO    NNPDF30           N1C1-      0.0008546006607240266 
13      LO    NNPDF30           N2C1-      0.1823391662525963 
13      LO    NNPDF30           N3C1-      1.9063596162310263e-05 # mass is shifted in the grid
13      LO    NNPDF30           N4C1-      7.658247029019975e-06 # mass is shifted in the grid
13      LO    NNPDF30           N1C2+      0.00014308483839129305 # mass is shifted in the grid
13      LO    NNPDF30           N2C2+      1.3228784149887724e-05 # mass is shifted in the grid
13      LO    NNPDF30           N3C2+      0.003204659984047052 # mass is shifted in the grid
13      LO    NNPDF30           N4C2+      0.01629542075300436 # mass is shifted in the grid
13      LO    NNPDF30           N1C2-      4.7808284899022864e-05 # mass is shifted in the grid
13      LO    NNPDF30           N2C2-      4.352205119952816e-06 # mass is shifted in the grid
13      LO    NNPDF30           N3C2-      0.00110733982518281 # mass is shifted in the grid
13      LO    NNPDF30           N4C2-      0.005477676079981741 # mass is shifted in the grid

SLHA file: /Users/rafalmaselek/Projects/CheckMateCalculations/UML/SLHA_FIX/cmssm_1342_1200_5_-1200_-1.slha
Input file: /Users/rafalmaselek/ScienceSoft/EWKfast_LO/input_default.dat
Sort: OFF 
Cut: -1 
Unit: fb 
ScaleVariation: OFF 

mC2 = 1664.98216 is out of range. |mC2| = 1500 was used.
mN3 = -1662.75981 is out of range. |mN3| = 1500 was used.
mN4 = 1663.42924 is out of range. |mN4| = 1500 was used.

-----------------------------------------------------------------------------------------------
!! EWK PROCESS C2N3 NOT FOUND !! WILL TRY TO LOOK FOR +/- MODES !!
XSEC FOUND FOR: C2+N3
XSEC FOUND FOR: C2-N3
!!! THERE IS MASS SHIFTING IN EWKfast --------------------------------------------------------
Energy  Precision  PDF  Process
13      LO    NNPDF30           C1C1       0.36123407281719755 
13      LO    NNPDF30           C1+C2-     7.06651912757974e-05 # mass is shifted in the grid
13      LO    NNPDF30           C1-C2+     7.063701612479765e-05 # mass is shifted in the grid
13      LO    NNPDF30           C2C2       0.013222134047654075 # mass is shifted in the grid
13      LO    NNPDF30           N1N1       0.013664788802579044 
13      LO    NNPDF30           N1N2       0.0014433394600743491 
13      LO    NNPDF30           N1N3       1.9887498615991226e-05 # mass is shifted in the grid
13      LO    NNPDF30           N1N4       1.9173133608028145e-05 # mass is shifted in the grid
13      LO    NNPDF30           N2N2       0.0072961532435416344 
13      LO    NNPDF30           N2N3       3.263777788461666e-05 # mass is shifted in the grid
13      LO    NNPDF30           N2N4       1.7441731059566553e-05 # mass is shifted in the grid
13      LO    NNPDF30           N3N3       9.304505446457833e-10 # mass is shifted in the grid
13      LO    NNPDF30           N3N4       0.0022782713629844074 # mass is shifted in the grid
13      LO    NNPDF30           N4N4       1.3420118539810067e-08 # mass is shifted in the grid
13      LO    NNPDF30           N1C1+      0.002476234231642707 
13      LO    NNPDF30           N2C1+      0.5386481717372167 
13      LO    NNPDF30           N3C1+      5.742858713833862e-05 # mass is shifted in the grid
13      LO    NNPDF30           N4C1+      2.3309233068101277e-05 # mass is shifted in the grid
13      LO    NNPDF30           N1C1-      0.0008546006607240266 
13      LO    NNPDF30           N2C1-      0.1823391662525963 
13      LO    NNPDF30           N3C1-      1.9063596162310263e-05 # mass is shifted in the grid
13      LO    NNPDF30           N4C1-      7.658247029019975e-06 # mass is shifted in the grid
13      LO    NNPDF30           N1C2+      0.00014308483839129305 # mass is shifted in the grid
13      LO    NNPDF30           N2C2+      1.3228784149887724e-05 # mass is shifted in the grid
13      LO    NNPDF30           N3C2+      0.003204659984047052 # mass is shifted in the grid
13      LO    NNPDF30           N4C2+      0.01629542075300436 # mass is shifted in the grid
13      LO    NNPDF30           N1C2-      4.7808284899022864e-05 # mass is shifted in the grid
13      LO    NNPDF30           N2C2-      4.352205119952816e-06 # mass is shifted in the grid
13      LO    NNPDF30           N3C2-      0.00110733982518281 # mass is shifted in the grid
13      LO    NNPDF30           N4C2-      0.005477676079981741 # mass is shifted in the grid

SLHA file: /Users/rafalmaselek/Projects/CheckMateCalculations/UML/SLHA_FIX/cmssm_1342_1200_5_-1200_-1.slha
Input file: /Users/rafalmaselek/ScienceSoft/EWKfast_LO/input_default.dat
Sort: OFF 
Cut: -1 
Unit: fb 
ScaleVariation: OFF 

mC2 = 1664.98216 is out of range. |mC2| = 1500 was used.
mN3 = -1662.75981 is out of range. |mN3| = 1500 was used.
mN4 = 1663.42924 is out of range. |mN4| = 1500 was used.

-----------------------------------------------------------------------------------------------
!! EWK PROCESS C2N4 NOT FOUND !! WILL TRY TO LOOK FOR +/- MODES !!
XSEC FOUND FOR: C2+N4
XSEC FOUND FOR: C2-N4
!!! THERE IS MASS SHIFTING IN EWKfast --------------------------------------------------------
Energy  Precision  PDF  Process
13      LO    NNPDF30           C1C1       0.36123407281719755 
13      LO    NNPDF30           C1+C2-     7.06651912757974e-05 # mass is shifted in the grid
13      LO    NNPDF30           C1-C2+     7.063701612479765e-05 # mass is shifted in the grid
13      LO    NNPDF30           C2C2       0.013222134047654075 # mass is shifted in the grid
13      LO    NNPDF30           N1N1       0.013664788802579044 
13      LO    NNPDF30           N1N2       0.0014433394600743491 
13      LO    NNPDF30           N1N3       1.9887498615991226e-05 # mass is shifted in the grid
13      LO    NNPDF30           N1N4       1.9173133608028145e-05 # mass is shifted in the grid
13      LO    NNPDF30           N2N2       0.0072961532435416344 
13      LO    NNPDF30           N2N3       3.263777788461666e-05 # mass is shifted in the grid
13      LO    NNPDF30           N2N4       1.7441731059566553e-05 # mass is shifted in the grid
13      LO    NNPDF30           N3N3       9.304505446457833e-10 # mass is shifted in the grid
13      LO    NNPDF30           N3N4       0.0022782713629844074 # mass is shifted in the grid
13      LO    NNPDF30           N4N4       1.3420118539810067e-08 # mass is shifted in the grid
13      LO    NNPDF30           N1C1+      0.002476234231642707 
13      LO    NNPDF30           N2C1+      0.5386481717372167 
13      LO    NNPDF30           N3C1+      5.742858713833862e-05 # mass is shifted in the grid
13      LO    NNPDF30           N4C1+      2.3309233068101277e-05 # mass is shifted in the grid
13      LO    NNPDF30           N1C1-      0.0008546006607240266 
13      LO    NNPDF30           N2C1-      0.1823391662525963 
13      LO    NNPDF30           N3C1-      1.9063596162310263e-05 # mass is shifted in the grid
13      LO    NNPDF30           N4C1-      7.658247029019975e-06 # mass is shifted in the grid
13      LO    NNPDF30           N1C2+      0.00014308483839129305 # mass is shifted in the grid
13      LO    NNPDF30           N2C2+      1.3228784149887724e-05 # mass is shifted in the grid
13      LO    NNPDF30           N3C2+      0.003204659984047052 # mass is shifted in the grid
13      LO    NNPDF30           N4C2+      0.01629542075300436 # mass is shifted in the grid
13      LO    NNPDF30           N1C2-      4.7808284899022864e-05 # mass is shifted in the grid
13      LO    NNPDF30           N2C2-      4.352205119952816e-06 # mass is shifted in the grid
13      LO    NNPDF30           N3C2-      0.00110733982518281 # mass is shifted in the grid
13      LO    NNPDF30           N4C2-      0.005477676079981741 # mass is shifted in the grid

SLHA file: /Users/rafalmaselek/Projects/CheckMateCalculations/UML/SLHA_FIX/cmssm_1342_1200_5_-1200_-1.slha
Input file: /Users/rafalmaselek/ScienceSoft/EWKfast_LO/input_default.dat
Sort: OFF 
Cut: -1 
Unit: fb 
ScaleVariation: OFF 

mC2 = 1664.98216 is out of range. |mC2| = 1500 was used.
mN3 = -1662.75981 is out of range. |mN3| = 1500 was used.
mN4 = 1663.42924 is out of range. |mN4| = 1500 was used.

-----------------------------------------------------------------------------------------------
!!! THERE IS MASS SHIFTING IN EWKfast --------------------------------------------------------
Energy  Precision  PDF  Process
13      LO    NNPDF30           C1C1       0.36123407281719755 
13      LO    NNPDF30           C1+C2-     7.06651912757974e-05 # mass is shifted in the grid
13      LO    NNPDF30           C1-C2+     7.063701612479765e-05 # mass is shifted in the grid
13      LO    NNPDF30           C2C2       0.013222134047654075 # mass is shifted in the grid
13      LO    NNPDF30           N1N1       0.013664788802579044 
13      LO    NNPDF30           N1N2       0.0014433394600743491 
13      LO    NNPDF30           N1N3       1.9887498615991226e-05 # mass is shifted in the grid
13      LO    NNPDF30           N1N4       1.9173133608028145e-05 # mass is shifted in the grid
13      LO    NNPDF30           N2N2       0.0072961532435416344 
13      LO    NNPDF30           N2N3       3.263777788461666e-05 # mass is shifted in the grid
13      LO    NNPDF30           N2N4       1.7441731059566553e-05 # mass is shifted in the grid
13      LO    NNPDF30           N3N3       9.304505446457833e-10 # mass is shifted in the grid
13      LO    NNPDF30           N3N4       0.0022782713629844074 # mass is shifted in the grid
13      LO    NNPDF30           N4N4       1.3420118539810067e-08 # mass is shifted in the grid
13      LO    NNPDF30           N1C1+      0.002476234231642707 
13      LO    NNPDF30           N2C1+      0.5386481717372167 
13      LO    NNPDF30           N3C1+      5.742858713833862e-05 # mass is shifted in the grid
13      LO    NNPDF30           N4C1+      2.3309233068101277e-05 # mass is shifted in the grid
13      LO    NNPDF30           N1C1-      0.0008546006607240266 
13      LO    NNPDF30           N2C1-      0.1823391662525963 
13      LO    NNPDF30           N3C1-      1.9063596162310263e-05 # mass is shifted in the grid
13      LO    NNPDF30           N4C1-      7.658247029019975e-06 # mass is shifted in the grid
13      LO    NNPDF30           N1C2+      0.00014308483839129305 # mass is shifted in the grid
13      LO    NNPDF30           N2C2+      1.3228784149887724e-05 # mass is shifted in the grid
13      LO    NNPDF30           N3C2+      0.003204659984047052 # mass is shifted in the grid
13      LO    NNPDF30           N4C2+      0.01629542075300436 # mass is shifted in the grid
13      LO    NNPDF30           N1C2-      4.7808284899022864e-05 # mass is shifted in the grid
13      LO    NNPDF30           N2C2-      4.352205119952816e-06 # mass is shifted in the grid
13      LO    NNPDF30           N3C2-      0.00110733982518281 # mass is shifted in the grid
13      LO    NNPDF30           N4C2-      0.005477676079981741 # mass is shifted in the grid

SLHA file: /Users/rafalmaselek/Projects/CheckMateCalculations/UML/SLHA_FIX/cmssm_1342_1200_5_-1200_-1.slha
Input file: /Users/rafalmaselek/ScienceSoft/EWKfast_LO/input_default.dat
Sort: OFF 
Cut: -1 
Unit: fb 
ScaleVariation: OFF 

mC2 = 1664.98216 is out of range. |mC2| = 1500 was used.
mN3 = -1662.75981 is out of range. |mN3| = 1500 was used.
mN4 = 1663.42924 is out of range. |mN4| = 1500 was used.

-----------------------------------------------------------------------------------------------
!!! THERE IS MASS SHIFTING IN EWKfast --------------------------------------------------------
Energy  Precision  PDF  Process
13      LO    NNPDF30           C1C1       0.36123407281719755 
13      LO    NNPDF30           C1+C2-     7.06651912757974e-05 # mass is shifted in the grid
13      LO    NNPDF30           C1-C2+     7.063701612479765e-05 # mass is shifted in the grid
13      LO    NNPDF30           C2C2       0.013222134047654075 # mass is shifted in the grid
13      LO    NNPDF30           N1N1       0.013664788802579044 
13      LO    NNPDF30           N1N2       0.0014433394600743491 
13      LO    NNPDF30           N1N3       1.9887498615991226e-05 # mass is shifted in the grid
13      LO    NNPDF30           N1N4       1.9173133608028145e-05 # mass is shifted in the grid
13      LO    NNPDF30           N2N2       0.0072961532435416344 
13      LO    NNPDF30           N2N3       3.263777788461666e-05 # mass is shifted in the grid
13      LO    NNPDF30           N2N4       1.7441731059566553e-05 # mass is shifted in the grid
13      LO    NNPDF30           N3N3       9.304505446457833e-10 # mass is shifted in the grid
13      LO    NNPDF30           N3N4       0.0022782713629844074 # mass is shifted in the grid
13      LO    NNPDF30           N4N4       1.3420118539810067e-08 # mass is shifted in the grid
13      LO    NNPDF30           N1C1+      0.002476234231642707 
13      LO    NNPDF30           N2C1+      0.5386481717372167 
13      LO    NNPDF30           N3C1+      5.742858713833862e-05 # mass is shifted in the grid
13      LO    NNPDF30           N4C1+      2.3309233068101277e-05 # mass is shifted in the grid
13      LO    NNPDF30           N1C1-      0.0008546006607240266 
13      LO    NNPDF30           N2C1-      0.1823391662525963 
13      LO    NNPDF30           N3C1-      1.9063596162310263e-05 # mass is shifted in the grid
13      LO    NNPDF30           N4C1-      7.658247029019975e-06 # mass is shifted in the grid
13      LO    NNPDF30           N1C2+      0.00014308483839129305 # mass is shifted in the grid
13      LO    NNPDF30           N2C2+      1.3228784149887724e-05 # mass is shifted in the grid
13      LO    NNPDF30           N3C2+      0.003204659984047052 # mass is shifted in the grid
13      LO    NNPDF30           N4C2+      0.01629542075300436 # mass is shifted in the grid
13      LO    NNPDF30           N1C2-      4.7808284899022864e-05 # mass is shifted in the grid
13      LO    NNPDF30           N2C2-      4.352205119952816e-06 # mass is shifted in the grid
13      LO    NNPDF30           N3C2-      0.00110733982518281 # mass is shifted in the grid
13      LO    NNPDF30           N4C2-      0.005477676079981741 # mass is shifted in the grid

SLHA file: /Users/rafalmaselek/Projects/CheckMateCalculations/UML/SLHA_FIX/cmssm_1342_1200_5_-1200_-1.slha
Input file: /Users/rafalmaselek/ScienceSoft/EWKfast_LO/input_default.dat
Sort: OFF 
Cut: -1 
Unit: fb 
ScaleVariation: OFF 

mC2 = 1664.98216 is out of range. |mC2| = 1500 was used.
mN3 = -1662.75981 is out of range. |mN3| = 1500 was used.
mN4 = 1663.42924 is out of range. |mN4| = 1500 was used.

-----------------------------------------------------------------------------------------------
!!! THERE IS MASS SHIFTING IN EWKfast --------------------------------------------------------
Energy  Precision  PDF  Process
13      LO    NNPDF30           C1C1       0.36123407281719755 
13      LO    NNPDF30           C1+C2-     7.06651912757974e-05 # mass is shifted in the grid
13      LO    NNPDF30           C1-C2+     7.063701612479765e-05 # mass is shifted in the grid
13      LO    NNPDF30           C2C2       0.013222134047654075 # mass is shifted in the grid
13      LO    NNPDF30           N1N1       0.013664788802579044 
13      LO    NNPDF30           N1N2       0.0014433394600743491 
13      LO    NNPDF30           N1N3       1.9887498615991226e-05 # mass is shifted in the grid
13      LO    NNPDF30           N1N4       1.9173133608028145e-05 # mass is shifted in the grid
13      LO    NNPDF30           N2N2       0.0072961532435416344 
13      LO    NNPDF30           N2N3       3.263777788461666e-05 # mass is shifted in the grid
13      LO    NNPDF30           N2N4       1.7441731059566553e-05 # mass is shifted in the grid
13      LO    NNPDF30           N3N3       9.304505446457833e-10 # mass is shifted in the grid
13      LO    NNPDF30           N3N4       0.0022782713629844074 # mass is shifted in the grid
13      LO    NNPDF30           N4N4       1.3420118539810067e-08 # mass is shifted in the grid
13      LO    NNPDF30           N1C1+      0.002476234231642707 
13      LO    NNPDF30           N2C1+      0.5386481717372167 
13      LO    NNPDF30           N3C1+      5.742858713833862e-05 # mass is shifted in the grid
13      LO    NNPDF30           N4C1+      2.3309233068101277e-05 # mass is shifted in the grid
13      LO    NNPDF30           N1C1-      0.0008546006607240266 
13      LO    NNPDF30           N2C1-      0.1823391662525963 
13      LO    NNPDF30           N3C1-      1.9063596162310263e-05 # mass is shifted in the grid
13      LO    NNPDF30           N4C1-      7.658247029019975e-06 # mass is shifted in the grid
13      LO    NNPDF30           N1C2+      0.00014308483839129305 # mass is shifted in the grid
13      LO    NNPDF30           N2C2+      1.3228784149887724e-05 # mass is shifted in the grid
13      LO    NNPDF30           N3C2+      0.003204659984047052 # mass is shifted in the grid
13      LO    NNPDF30           N4C2+      0.01629542075300436 # mass is shifted in the grid
13      LO    NNPDF30           N1C2-      4.7808284899022864e-05 # mass is shifted in the grid
13      LO    NNPDF30           N2C2-      4.352205119952816e-06 # mass is shifted in the grid
13      LO    NNPDF30           N3C2-      0.00110733982518281 # mass is shifted in the grid
13      LO    NNPDF30           N4C2-      0.005477676079981741 # mass is shifted in the grid

SLHA file: /Users/rafalmaselek/Projects/CheckMateCalculations/UML/SLHA_FIX/cmssm_1342_1200_5_-1200_-1.slha
Input file: /Users/rafalmaselek/ScienceSoft/EWKfast_LO/input_default.dat
Sort: OFF 
Cut: -1 
Unit: fb 
ScaleVariation: OFF 

mC2 = 1664.98216 is out of range. |mC2| = 1500 was used.
mN3 = -1662.75981 is out of range. |mN3| = 1500 was used.
mN4 = 1663.42924 is out of range. |mN4| = 1500 was used.

-----------------------------------------------------------------------------------------------
!!! THERE IS MASS SHIFTING IN EWKfast --------------------------------------------------------
Energy  Precision  PDF  Process
13      LO    NNPDF30           C1C1       0.36123407281719755 
13      LO    NNPDF30           C1+C2-     7.06651912757974e-05 # mass is shifted in the grid
13      LO    NNPDF30           C1-C2+     7.063701612479765e-05 # mass is shifted in the grid
13      LO    NNPDF30           C2C2       0.013222134047654075 # mass is shifted in the grid
13      LO    NNPDF30           N1N1       0.013664788802579044 
13      LO    NNPDF30           N1N2       0.0014433394600743491 
13      LO    NNPDF30           N1N3       1.9887498615991226e-05 # mass is shifted in the grid
13      LO    NNPDF30           N1N4       1.9173133608028145e-05 # mass is shifted in the grid
13      LO    NNPDF30           N2N2       0.0072961532435416344 
13      LO    NNPDF30           N2N3       3.263777788461666e-05 # mass is shifted in the grid
13      LO    NNPDF30           N2N4       1.7441731059566553e-05 # mass is shifted in the grid
13      LO    NNPDF30           N3N3       9.304505446457833e-10 # mass is shifted in the grid
13      LO    NNPDF30           N3N4       0.0022782713629844074 # mass is shifted in the grid
13      LO    NNPDF30           N4N4       1.3420118539810067e-08 # mass is shifted in the grid
13      LO    NNPDF30           N1C1+      0.002476234231642707 
13      LO    NNPDF30           N2C1+      0.5386481717372167 
13      LO    NNPDF30           N3C1+      5.742858713833862e-05 # mass is shifted in the grid
13      LO    NNPDF30           N4C1+      2.3309233068101277e-05 # mass is shifted in the grid
13      LO    NNPDF30           N1C1-      0.0008546006607240266 
13      LO    NNPDF30           N2C1-      0.1823391662525963 
13      LO    NNPDF30           N3C1-      1.9063596162310263e-05 # mass is shifted in the grid
13      LO    NNPDF30           N4C1-      7.658247029019975e-06 # mass is shifted in the grid
13      LO    NNPDF30           N1C2+      0.00014308483839129305 # mass is shifted in the grid
13      LO    NNPDF30           N2C2+      1.3228784149887724e-05 # mass is shifted in the grid
13      LO    NNPDF30           N3C2+      0.003204659984047052 # mass is shifted in the grid
13      LO    NNPDF30           N4C2+      0.01629542075300436 # mass is shifted in the grid
13      LO    NNPDF30           N1C2-      4.7808284899022864e-05 # mass is shifted in the grid
13      LO    NNPDF30           N2C2-      4.352205119952816e-06 # mass is shifted in the grid
13      LO    NNPDF30           N3C2-      0.00110733982518281 # mass is shifted in the grid
13      LO    NNPDF30           N4C2-      0.005477676079981741 # mass is shifted in the grid

SLHA file: /Users/rafalmaselek/Projects/CheckMateCalculations/UML/SLHA_FIX/cmssm_1342_1200_5_-1200_-1.slha
Input file: /Users/rafalmaselek/ScienceSoft/EWKfast_LO/input_default.dat
Sort: OFF 
Cut: -1 
Unit: fb 
ScaleVariation: OFF 

mC2 = 1664.98216 is out of range. |mC2| = 1500 was used.
mN3 = -1662.75981 is out of range. |mN3| = 1500 was used.
mN4 = 1663.42924 is out of range. |mN4| = 1500 was used.

-----------------------------------------------------------------------------------------------
!!! THERE IS MASS SHIFTING IN EWKfast --------------------------------------------------------
Energy  Precision  PDF  Process
13      LO    NNPDF30           C1C1       0.36123407281719755 
13      LO    NNPDF30           C1+C2-     7.06651912757974e-05 # mass is shifted in the grid
13      LO    NNPDF30           C1-C2+     7.063701612479765e-05 # mass is shifted in the grid
13      LO    NNPDF30           C2C2       0.013222134047654075 # mass is shifted in the grid
13      LO    NNPDF30           N1N1       0.013664788802579044 
13      LO    NNPDF30           N1N2       0.0014433394600743491 
13      LO    NNPDF30           N1N3       1.9887498615991226e-05 # mass is shifted in the grid
13      LO    NNPDF30           N1N4       1.9173133608028145e-05 # mass is shifted in the grid
13      LO    NNPDF30           N2N2       0.0072961532435416344 
13      LO    NNPDF30           N2N3       3.263777788461666e-05 # mass is shifted in the grid
13      LO    NNPDF30           N2N4       1.7441731059566553e-05 # mass is shifted in the grid
13      LO    NNPDF30           N3N3       9.304505446457833e-10 # mass is shifted in the grid
13      LO    NNPDF30           N3N4       0.0022782713629844074 # mass is shifted in the grid
13      LO    NNPDF30           N4N4       1.3420118539810067e-08 # mass is shifted in the grid
13      LO    NNPDF30           N1C1+      0.002476234231642707 
13      LO    NNPDF30           N2C1+      0.5386481717372167 
13      LO    NNPDF30           N3C1+      5.742858713833862e-05 # mass is shifted in the grid
13      LO    NNPDF30           N4C1+      2.3309233068101277e-05 # mass is shifted in the grid
13      LO    NNPDF30           N1C1-      0.0008546006607240266 
13      LO    NNPDF30           N2C1-      0.1823391662525963 
13      LO    NNPDF30           N3C1-      1.9063596162310263e-05 # mass is shifted in the grid
13      LO    NNPDF30           N4C1-      7.658247029019975e-06 # mass is shifted in the grid
13      LO    NNPDF30           N1C2+      0.00014308483839129305 # mass is shifted in the grid
13      LO    NNPDF30           N2C2+      1.3228784149887724e-05 # mass is shifted in the grid
13      LO    NNPDF30           N3C2+      0.003204659984047052 # mass is shifted in the grid
13      LO    NNPDF30           N4C2+      0.01629542075300436 # mass is shifted in the grid
13      LO    NNPDF30           N1C2-      4.7808284899022864e-05 # mass is shifted in the grid
13      LO    NNPDF30           N2C2-      4.352205119952816e-06 # mass is shifted in the grid
13      LO    NNPDF30           N3C2-      0.00110733982518281 # mass is shifted in the grid
13      LO    NNPDF30           N4C2-      0.005477676079981741 # mass is shifted in the grid

SLHA file: /Users/rafalmaselek/Projects/CheckMateCalculations/UML/SLHA_FIX/cmssm_1342_1200_5_-1200_-1.slha
Input file: /Users/rafalmaselek/ScienceSoft/EWKfast_LO/input_default.dat
Sort: OFF 
Cut: -1 
Unit: fb 
ScaleVariation: OFF 

mC2 = 1664.98216 is out of range. |mC2| = 1500 was used.
mN3 = -1662.75981 is out of range. |mN3| = 1500 was used.
mN4 = 1663.42924 is out of range. |mN4| = 1500 was used.

-----------------------------------------------------------------------------------------------
!!! THERE IS MASS SHIFTING IN EWKfast --------------------------------------------------------
Energy  Precision  PDF  Process
13      LO    NNPDF30           C1C1       0.36123407281719755 
13      LO    NNPDF30           C1+C2-     7.06651912757974e-05 # mass is shifted in the grid
13      LO    NNPDF30           C1-C2+     7.063701612479765e-05 # mass is shifted in the grid
13      LO    NNPDF30           C2C2       0.013222134047654075 # mass is shifted in the grid
13      LO    NNPDF30           N1N1       0.013664788802579044 
13      LO    NNPDF30           N1N2       0.0014433394600743491 
13      LO    NNPDF30           N1N3       1.9887498615991226e-05 # mass is shifted in the grid
13      LO    NNPDF30           N1N4       1.9173133608028145e-05 # mass is shifted in the grid
13      LO    NNPDF30           N2N2       0.0072961532435416344 
13      LO    NNPDF30           N2N3       3.263777788461666e-05 # mass is shifted in the grid
13      LO    NNPDF30           N2N4       1.7441731059566553e-05 # mass is shifted in the grid
13      LO    NNPDF30           N3N3       9.304505446457833e-10 # mass is shifted in the grid
13      LO    NNPDF30           N3N4       0.0022782713629844074 # mass is shifted in the grid
13      LO    NNPDF30           N4N4       1.3420118539810067e-08 # mass is shifted in the grid
13      LO    NNPDF30           N1C1+      0.002476234231642707 
13      LO    NNPDF30           N2C1+      0.5386481717372167 
13      LO    NNPDF30           N3C1+      5.742858713833862e-05 # mass is shifted in the grid
13      LO    NNPDF30           N4C1+      2.3309233068101277e-05 # mass is shifted in the grid
13      LO    NNPDF30           N1C1-      0.0008546006607240266 
13      LO    NNPDF30           N2C1-      0.1823391662525963 
13      LO    NNPDF30           N3C1-      1.9063596162310263e-05 # mass is shifted in the grid
13      LO    NNPDF30           N4C1-      7.658247029019975e-06 # mass is shifted in the grid
13      LO    NNPDF30           N1C2+      0.00014308483839129305 # mass is shifted in the grid
13      LO    NNPDF30           N2C2+      1.3228784149887724e-05 # mass is shifted in the grid
13      LO    NNPDF30           N3C2+      0.003204659984047052 # mass is shifted in the grid
13      LO    NNPDF30           N4C2+      0.01629542075300436 # mass is shifted in the grid
13      LO    NNPDF30           N1C2-      4.7808284899022864e-05 # mass is shifted in the grid
13      LO    NNPDF30           N2C2-      4.352205119952816e-06 # mass is shifted in the grid
13      LO    NNPDF30           N3C2-      0.00110733982518281 # mass is shifted in the grid
13      LO    NNPDF30           N4C2-      0.005477676079981741 # mass is shifted in the grid

SLHA file: /Users/rafalmaselek/Projects/CheckMateCalculations/UML/SLHA_FIX/cmssm_1342_1200_5_-1200_-1.slha
Input file: /Users/rafalmaselek/ScienceSoft/EWKfast_LO/input_default.dat
Sort: OFF 
Cut: -1 
Unit: fb 
ScaleVariation: OFF 

mC2 = 1664.98216 is out of range. |mC2| = 1500 was used.
mN3 = -1662.75981 is out of range. |mN3| = 1500 was used.
mN4 = 1663.42924 is out of range. |mN4| = 1500 was used.

-----------------------------------------------------------------------------------------------
!!! THERE IS MASS SHIFTING IN EWKfast --------------------------------------------------------
Energy  Precision  PDF  Process
13      LO    NNPDF30           C1C1       0.36123407281719755 
13      LO    NNPDF30           C1+C2-     7.06651912757974e-05 # mass is shifted in the grid
13      LO    NNPDF30           C1-C2+     7.063701612479765e-05 # mass is shifted in the grid
13      LO    NNPDF30           C2C2       0.013222134047654075 # mass is shifted in the grid
13      LO    NNPDF30           N1N1       0.013664788802579044 
13      LO    NNPDF30           N1N2       0.0014433394600743491 
13      LO    NNPDF30           N1N3       1.9887498615991226e-05 # mass is shifted in the grid
13      LO    NNPDF30           N1N4       1.9173133608028145e-05 # mass is shifted in the grid
13      LO    NNPDF30           N2N2       0.0072961532435416344 
13      LO    NNPDF30           N2N3       3.263777788461666e-05 # mass is shifted in the grid
13      LO    NNPDF30           N2N4       1.7441731059566553e-05 # mass is shifted in the grid
13      LO    NNPDF30           N3N3       9.304505446457833e-10 # mass is shifted in the grid
13      LO    NNPDF30           N3N4       0.0022782713629844074 # mass is shifted in the grid
13      LO    NNPDF30           N4N4       1.3420118539810067e-08 # mass is shifted in the grid
13      LO    NNPDF30           N1C1+      0.002476234231642707 
13      LO    NNPDF30           N2C1+      0.5386481717372167 
13      LO    NNPDF30           N3C1+      5.742858713833862e-05 # mass is shifted in the grid
13      LO    NNPDF30           N4C1+      2.3309233068101277e-05 # mass is shifted in the grid
13      LO    NNPDF30           N1C1-      0.0008546006607240266 
13      LO    NNPDF30           N2C1-      0.1823391662525963 
13      LO    NNPDF30           N3C1-      1.9063596162310263e-05 # mass is shifted in the grid
13      LO    NNPDF30           N4C1-      7.658247029019975e-06 # mass is shifted in the grid
13      LO    NNPDF30           N1C2+      0.00014308483839129305 # mass is shifted in the grid
13      LO    NNPDF30           N2C2+      1.3228784149887724e-05 # mass is shifted in the grid
13      LO    NNPDF30           N3C2+      0.003204659984047052 # mass is shifted in the grid
13      LO    NNPDF30           N4C2+      0.01629542075300436 # mass is shifted in the grid
13      LO    NNPDF30           N1C2-      4.7808284899022864e-05 # mass is shifted in the grid
13      LO    NNPDF30           N2C2-      4.352205119952816e-06 # mass is shifted in the grid
13      LO    NNPDF30           N3C2-      0.00110733982518281 # mass is shifted in the grid
13      LO    NNPDF30           N4C2-      0.005477676079981741 # mass is shifted in the grid

SLHA file: /Users/rafalmaselek/Projects/CheckMateCalculations/UML/SLHA_FIX/cmssm_1342_1200_5_-1200_-1.slha
Input file: /Users/rafalmaselek/ScienceSoft/EWKfast_LO/input_default.dat
Sort: OFF 
Cut: -1 
Unit: fb 
ScaleVariation: OFF 

mC2 = 1664.98216 is out of range. |mC2| = 1500 was used.
mN3 = -1662.75981 is out of range. |mN3| = 1500 was used.
mN4 = 1663.42924 is out of range. |mN4| = 1500 was used.

-----------------------------------------------------------------------------------------------
!!! THERE IS MASS SHIFTING IN EWKfast --------------------------------------------------------
Energy  Precision  PDF  Process
13      LO    NNPDF30           C1C1       0.36123407281719755 
13      LO    NNPDF30           C1+C2-     7.06651912757974e-05 # mass is shifted in the grid
13      LO    NNPDF30           C1-C2+     7.063701612479765e-05 # mass is shifted in the grid
13      LO    NNPDF30           C2C2       0.013222134047654075 # mass is shifted in the grid
13      LO    NNPDF30           N1N1       0.013664788802579044 
13      LO    NNPDF30           N1N2       0.0014433394600743491 
13      LO    NNPDF30           N1N3       1.9887498615991226e-05 # mass is shifted in the grid
13      LO    NNPDF30           N1N4       1.9173133608028145e-05 # mass is shifted in the grid
13      LO    NNPDF30           N2N2       0.0072961532435416344 
13      LO    NNPDF30           N2N3       3.263777788461666e-05 # mass is shifted in the grid
13      LO    NNPDF30           N2N4       1.7441731059566553e-05 # mass is shifted in the grid
13      LO    NNPDF30           N3N3       9.304505446457833e-10 # mass is shifted in the grid
13      LO    NNPDF30           N3N4       0.0022782713629844074 # mass is shifted in the grid
13      LO    NNPDF30           N4N4       1.3420118539810067e-08 # mass is shifted in the grid
13      LO    NNPDF30           N1C1+      0.002476234231642707 
13      LO    NNPDF30           N2C1+      0.5386481717372167 
13      LO    NNPDF30           N3C1+      5.742858713833862e-05 # mass is shifted in the grid
13      LO    NNPDF30           N4C1+      2.3309233068101277e-05 # mass is shifted in the grid
13      LO    NNPDF30           N1C1-      0.0008546006607240266 
13      LO    NNPDF30           N2C1-      0.1823391662525963 
13      LO    NNPDF30           N3C1-      1.9063596162310263e-05 # mass is shifted in the grid
13      LO    NNPDF30           N4C1-      7.658247029019975e-06 # mass is shifted in the grid
13      LO    NNPDF30           N1C2+      0.00014308483839129305 # mass is shifted in the grid
13      LO    NNPDF30           N2C2+      1.3228784149887724e-05 # mass is shifted in the grid
13      LO    NNPDF30           N3C2+      0.003204659984047052 # mass is shifted in the grid
13      LO    NNPDF30           N4C2+      0.01629542075300436 # mass is shifted in the grid
13      LO    NNPDF30           N1C2-      4.7808284899022864e-05 # mass is shifted in the grid
13      LO    NNPDF30           N2C2-      4.352205119952816e-06 # mass is shifted in the grid
13      LO    NNPDF30           N3C2-      0.00110733982518281 # mass is shifted in the grid
13      LO    NNPDF30           N4C2-      0.005477676079981741 # mass is shifted in the grid

SLHA file: /Users/rafalmaselek/Projects/CheckMateCalculations/UML/SLHA_FIX/cmssm_1342_1200_5_-1200_-1.slha
Input file: /Users/rafalmaselek/ScienceSoft/EWKfast_LO/input_default.dat
Sort: OFF 
Cut: -1 
Unit: fb 
ScaleVariation: OFF 

mC2 = 1664.98216 is out of range. |mC2| = 1500 was used.
mN3 = -1662.75981 is out of range. |mN3| = 1500 was used.
mN4 = 1663.42924 is out of range. |mN4| = 1500 was used.

-----------------------------------------------------------------------------------------------
!!! THERE IS MASS SHIFTING IN EWKfast --------------------------------------------------------
Energy  Precision  PDF  Process
13      LO    NNPDF30           C1C1       0.36123407281719755 
13      LO    NNPDF30           C1+C2-     7.06651912757974e-05 # mass is shifted in the grid
13      LO    NNPDF30           C1-C2+     7.063701612479765e-05 # mass is shifted in the grid
13      LO    NNPDF30           C2C2       0.013222134047654075 # mass is shifted in the grid
13      LO    NNPDF30           N1N1       0.013664788802579044 
13      LO    NNPDF30           N1N2       0.0014433394600743491 
13      LO    NNPDF30           N1N3       1.9887498615991226e-05 # mass is shifted in the grid
13      LO    NNPDF30           N1N4       1.9173133608028145e-05 # mass is shifted in the grid
13      LO    NNPDF30           N2N2       0.0072961532435416344 
13      LO    NNPDF30           N2N3       3.263777788461666e-05 # mass is shifted in the grid
13      LO    NNPDF30           N2N4       1.7441731059566553e-05 # mass is shifted in the grid
13      LO    NNPDF30           N3N3       9.304505446457833e-10 # mass is shifted in the grid
13      LO    NNPDF30           N3N4       0.0022782713629844074 # mass is shifted in the grid
13      LO    NNPDF30           N4N4       1.3420118539810067e-08 # mass is shifted in the grid
13      LO    NNPDF30           N1C1+      0.002476234231642707 
13      LO    NNPDF30           N2C1+      0.5386481717372167 
13      LO    NNPDF30           N3C1+      5.742858713833862e-05 # mass is shifted in the grid
13      LO    NNPDF30           N4C1+      2.3309233068101277e-05 # mass is shifted in the grid
13      LO    NNPDF30           N1C1-      0.0008546006607240266 
13      LO    NNPDF30           N2C1-      0.1823391662525963 
13      LO    NNPDF30           N3C1-      1.9063596162310263e-05 # mass is shifted in the grid
13      LO    NNPDF30           N4C1-      7.658247029019975e-06 # mass is shifted in the grid
13      LO    NNPDF30           N1C2+      0.00014308483839129305 # mass is shifted in the grid
13      LO    NNPDF30           N2C2+      1.3228784149887724e-05 # mass is shifted in the grid
13      LO    NNPDF30           N3C2+      0.003204659984047052 # mass is shifted in the grid
13      LO    NNPDF30           N4C2+      0.01629542075300436 # mass is shifted in the grid
13      LO    NNPDF30           N1C2-      4.7808284899022864e-05 # mass is shifted in the grid
13      LO    NNPDF30           N2C2-      4.352205119952816e-06 # mass is shifted in the grid
13      LO    NNPDF30           N3C2-      0.00110733982518281 # mass is shifted in the grid
13      LO    NNPDF30           N4C2-      0.005477676079981741 # mass is shifted in the grid

SLHA file: /Users/rafalmaselek/Projects/CheckMateCalculations/UML/SLHA_FIX/cmssm_1342_1200_5_-1200_-1.slha
Input file: /Users/rafalmaselek/ScienceSoft/EWKfast_LO/input_default.dat
Sort: OFF 
Cut: -1 
Unit: fb 
ScaleVariation: OFF 

mC2 = 1664.98216 is out of range. |mC2| = 1500 was used.
mN3 = -1662.75981 is out of range. |mN3| = 1500 was used.
mN4 = 1663.42924 is out of range. |mN4| = 1500 was used.

-----------------------------------------------------------------------------------------------
---------------  Output inclusive processes  ---------------
The total xsec = 1722.60 [fb]
The total rate = 100.00%
Output upto 0.10%
                Modes : xsec/fb      (rate)
          C1wN1_N2zN1 : 584.3417946 (33.92)%
          C1wN1_C1wN1 : 361.2340728 (20.97)%
          C1wN1_N2hN1 : 136.6455434 (7.93)%
      QqC1wN1_QqC1wN1 : 135.1667958 (7.85)%
      QqC1wN1_QqN2zN1 : 109.8356534 (6.38)%
      QqC1wN1_QqN2hN1 : 25.6845440 (1.49)%
      QqN2zN1_QqN2zN1 : 22.3129332 (1.30)%
      GtT1tN1_QqC1wN1 : 19.6351857 (1.14)%
   GtT1bC1wN1_QqC1wN1 : 13.7037076 (0.80)%
                N1_N1 : 13.6647888 (0.79)%
      QqN2hN1_QqN2zN1 : 10.4355462 (0.61)%
GtT1tN3wC1wN1_QqC1wN1 : 8.1025849 (0.47)%
GtT1bC2hC1wN1_QqC1wN1 : 7.9993940 (0.46)%
      GtT1tN1_QqN2zN1 : 7.9777117 (0.46)%
GtT1bC2zC1wN1_QqC1wN1 : 7.2599708 (0.42)%
         QqC1wN1_QqN1 : 5.9545979 (0.35)%
GtT1bC2wN2zN1_QqC1wN1 : 5.7498167 (0.33)%
   GtT1bC1wN1_QqN2zN1 : 5.5677716 (0.32)%
   GtT1tN2zN1_QqC1wN1 : 5.3293480 (0.31)%
          N2zN1_N2zN1 : 4.7926153 (0.28)%
   GbB1tC1wN1_QqC1wN1 : 4.0097337 (0.23)%
    C2hC1wN1_N4wC1wN1 : 3.7060954 (0.22)%
   GtT1bC2wN1_QqC1wN1 : 3.4281856 (0.20)%
    C2zC1wN1_N4wC1wN1 : 3.3635228 (0.20)%
             C1wN1_N1 : 3.3308349 (0.19)%
GtT1tN3wC1wN1_QqN2zN1 : 3.2920537 (0.19)%
GtT1bC2hC1wN1_QqN2zN1 : 3.2501276 (0.19)%
GtT1bC2zC1wN1_QqN2zN1 : 2.9497024 (0.17)%
GtT1tN3zN2zN1_QqC1wN1 : 2.8624339 (0.17)%
GtT1tN4wC1wN1_QqC1wN1 : 2.8166258 (0.16)%
    C2wN2zN1_N4wC1wN1 : 2.6638729 (0.15)%
GbB1tC2hC1wN1_QqC1wN1 : 2.5912107 (0.15)%
         QqN1_QqN2zN1 : 2.4193336 (0.14)%
    QqC1wN1_QqGtT1tN1 : 2.4003946 (0.14)%
GbB1tC2zC1wN1_QqC1wN1 : 2.3516924 (0.14)%
GtT1bC2wN2zN1_QqN2zN1 : 2.3361317 (0.14)%
    C2hC1wN1_C2zC1wN1 : 2.3051726 (0.13)%
          N2hN1_N2zN1 : 2.2414605 (0.13)%
   GtT1tN2zN1_QqN2zN1 : 2.1652967 (0.13)%
       T1bC1wN1_T1tN1 : 1.8963773 (0.11)%
   GtT2bC1wN1_QqC1wN1 : 1.8676298 (0.11)%
      GtT1tN1_QqN2hN1 : 1.8655499 (0.11)%
GbB1tC2wN2zN1_QqC1wN1 : 1.8625144 (0.11)%
    C2hC1wN1_C2wN2zN1 : 1.8256713 (0.11)%
       GqQqN1_QqC1wN1 : 1.6789795 (0.10)%
------------------------------------------------------------
                                    SUM=90.38%

SHOWING PROCESSES TO GET 90.00% SUSY COVERAGE
---------------  Output inclusive processes  ---------------
The total xsec = 1722.60 [fb]
The total rate = 100.00%
                Modes : xsec/fb      (rate)
          C1wN1_N2zN1 : 584.3417946 (33.92)%
          C1wN1_C1wN1 : 361.2340728 (20.97)%
          C1wN1_N2hN1 : 136.6455434 (7.93)%
      QqC1wN1_QqC1wN1 : 135.1667958 (7.85)%
      QqC1wN1_QqN2zN1 : 109.8356534 (6.38)%
      QqC1wN1_QqN2hN1 : 25.6845440 (1.49)%
      QqN2zN1_QqN2zN1 : 22.3129332 (1.30)%
      GtT1tN1_QqC1wN1 : 19.6351857 (1.14)%
   GtT1bC1wN1_QqC1wN1 : 13.7037076 (0.80)%
                N1_N1 : 13.6647888 (0.79)%
      QqN2hN1_QqN2zN1 : 10.4355462 (0.61)%
GtT1tN3wC1wN1_QqC1wN1 : 8.1025849 (0.47)%
GtT1bC2hC1wN1_QqC1wN1 : 7.9993940 (0.46)%
      GtT1tN1_QqN2zN1 : 7.9777117 (0.46)%
GtT1bC2zC1wN1_QqC1wN1 : 7.2599708 (0.42)%
         QqC1wN1_QqN1 : 5.9545979 (0.35)%
GtT1bC2wN2zN1_QqC1wN1 : 5.7498167 (0.33)%
   GtT1bC1wN1_QqN2zN1 : 5.5677716 (0.32)%
   GtT1tN2zN1_QqC1wN1 : 5.3293480 (0.31)%
          N2zN1_N2zN1 : 4.7926153 (0.28)%
   GbB1tC1wN1_QqC1wN1 : 4.0097337 (0.23)%
    C2hC1wN1_N4wC1wN1 : 3.7060954 (0.22)%
   GtT1bC2wN1_QqC1wN1 : 3.4281856 (0.20)%
    C2zC1wN1_N4wC1wN1 : 3.3635228 (0.20)%
             C1wN1_N1 : 3.3308349 (0.19)%
GtT1tN3wC1wN1_QqN2zN1 : 3.2920537 (0.19)%
GtT1bC2hC1wN1_QqN2zN1 : 3.2501276 (0.19)%
GtT1bC2zC1wN1_QqN2zN1 : 2.9497024 (0.17)%
GtT1tN3zN2zN1_QqC1wN1 : 2.8624339 (0.17)%
GtT1tN4wC1wN1_QqC1wN1 : 2.8166258 (0.16)%
    C2wN2zN1_N4wC1wN1 : 2.6638729 (0.15)%
GbB1tC2hC1wN1_QqC1wN1 : 2.5912107 (0.15)%
         QqN1_QqN2zN1 : 2.4193336 (0.14)%
    QqC1wN1_QqGtT1tN1 : 2.4003946 (0.14)%
GbB1tC2zC1wN1_QqC1wN1 : 2.3516924 (0.14)%
GtT1bC2wN2zN1_QqN2zN1 : 2.3361317 (0.14)%
    C2hC1wN1_C2zC1wN1 : 2.3051726 (0.13)%
          N2hN1_N2zN1 : 2.2414605 (0.13)%
   GtT1tN2zN1_QqN2zN1 : 2.1652967 (0.13)%
       T1bC1wN1_T1tN1 : 1.8963773 (0.11)%
   GtT2bC1wN1_QqC1wN1 : 1.8676298 (0.11)%
      GtT1tN1_QqN2hN1 : 1.8655499 (0.11)%
------------------------------------------------------------
                                    SUM=90.07%
