/Users/rafalmaselek/Projects/fastlim-1.0
 
#################################################################
#                                                               #
#                                                               #
#                     This is Fastlim  ver. 1.0                 #
#                                                               #
#          A fast LHC limit calculator for BSM models.          #
#                                                               #
#                  http://cern.ch/fastlim-1.0/                  #
#                                                               #
#  for bugs/feature requests: fastlim-1.0.developers@gmail.com  #
#                                                               #
#    please refer to:                                           #
#    M.Papucci, K.Sakurai, A.Weiler, L.Zeune arXiv:1402.xxxx    #
#                                                               #
#################################################################
 

!! Masses incompatible with the data for ERER !!

!! Problem with reading tables for ER ER !! Probably mass outside the table !! Setting xsec to 10^-20 !!

!! Masses incompatible with the data for ELEL !!

!! Problem with reading tables for EL EL !! Probably mass outside the table !! Setting xsec to 10^-20 !!

!! Masses incompatible with the data for TAU1TAU1 !!

!! Problem with reading tables for TAU1 TAU1 !! Probably mass outside the table !! Setting xsec to 10^-20 !!

!! Masses incompatible with the data for TAU2TAU2 !!

!! Problem with reading tables for TAU2 TAU2 !! Probably mass outside the table !! Setting xsec to 10^-20 !!
!! EWK PROCESS C1C2 NOT FOUND !! WILL TRY TO LOOK FOR +/- MODES !!
XSEC FOUND FOR: C1-C2+
XSEC FOUND FOR: C1+C2-
!! EWK PROCESS C1N1 NOT FOUND !! WILL TRY TO LOOK FOR +/- MODES !!
XSEC FOUND FOR: C1+N1
XSEC FOUND FOR: C1-N1
!! EWK PROCESS C1N2 NOT FOUND !! WILL TRY TO LOOK FOR +/- MODES !!
XSEC FOUND FOR: C1+N2
XSEC FOUND FOR: C1-N2
!! EWK PROCESS C1N3 NOT FOUND !! WILL TRY TO LOOK FOR +/- MODES !!
XSEC FOUND FOR: C1+N3
XSEC FOUND FOR: C1-N3
!! EWK PROCESS C1N4 NOT FOUND !! WILL TRY TO LOOK FOR +/- MODES !!
XSEC FOUND FOR: C1+N4
XSEC FOUND FOR: C1-N4
!! EWK PROCESS C2N1 NOT FOUND !! WILL TRY TO LOOK FOR +/- MODES !!
XSEC FOUND FOR: C2+N1
XSEC FOUND FOR: C2-N1
!! EWK PROCESS C2N2 NOT FOUND !! WILL TRY TO LOOK FOR +/- MODES !!
XSEC FOUND FOR: C2+N2
XSEC FOUND FOR: C2-N2
!! EWK PROCESS C2N3 NOT FOUND !! WILL TRY TO LOOK FOR +/- MODES !!
XSEC FOUND FOR: C2+N3
XSEC FOUND FOR: C2-N3
!! EWK PROCESS C2N4 NOT FOUND !! WILL TRY TO LOOK FOR +/- MODES !!
XSEC FOUND FOR: C2+N4
XSEC FOUND FOR: C2-N4
---------------  Output inclusive processes  ---------------
The total xsec = 2156.77 [fb]
The total rate = 100.00%
Output upto 0.10%
                  Modes : xsec/fb      (rate)
            C1wN1_N2hN1 : 1143.6935808 (53.03)%
            C1wN1_C1wN1 : 536.4820642 (24.87)%
            C1wN1_N2zN1 : 33.0289097 (1.53)%
                  N1_N1 : 11.9488518 (0.55)%
        QqC1wN1_QqC1wN1 : 11.0215120 (0.51)%
        QqC1wN1_QqN2hN1 : 10.7208523 (0.50)%
      C2hC1wN1_N3wC1wN1 : 7.2907458 (0.34)%
      C2hC1wN1_N4wC1wN1 : 7.0811691 (0.33)%
            N2hN1_N2hN1 : 6.9363863 (0.32)%
      C2zC1wN1_N3wC1wN1 : 6.5837822 (0.31)%
      C2zC1wN1_N4wC1wN1 : 6.3945276 (0.30)%
      C2wN2hN1_N3wC1wN1 : 6.3715338 (0.30)%
      C2wN2hN1_N4wC1wN1 : 6.1883804 (0.29)%
QqC1wN1_QqGtT1tN3wC1wN1 : 5.9905701 (0.28)%
      N3wC1wN1_N4wC1wN1 : 5.9649491 (0.28)%
QqC1wN1_QqGtT1bC2hC1wN1 : 5.2142481 (0.24)%
  GtT1tN3wC1wN1_QqC1wN1 : 5.1121014 (0.24)%
QqC1wN1_QqGtT1bC2zC1wN1 : 4.7086367 (0.22)%
QqC1wN1_QqGtT1bC2wN2hN1 : 4.5568394 (0.21)%
  GtT1bC2hC1wN1_QqC1wN1 : 4.4496207 (0.21)%
      C2hC1wN1_C2zC1wN1 : 4.2776913 (0.20)%
      C2hC1wN1_C2wN2hN1 : 4.1397869 (0.19)%
QqC1wN1_QqGtT1tN4wC1wN1 : 4.0818552 (0.19)%
  GtT1bC2zC1wN1_QqC1wN1 : 4.0181532 (0.19)%
  GtT1bC2wN2hN1_QqC1wN1 : 3.8886158 (0.18)%
      C2hC1wN1_N4hN2hN1 : 3.7694034 (0.17)%
      C2wN2hN1_C2zC1wN1 : 3.7383631 (0.17)%
               C1wN1_N1 : 3.5601453 (0.17)%
      C2hC1wN1_N3zN2hN1 : 3.4901712 (0.16)%
  GtT1tN4wC1wN1_QqC1wN1 : 3.4832842 (0.16)%
      C2zC1wN1_N4hN2hN1 : 3.4038947 (0.16)%
   QqC1wN1_QqGtT1bC1wN1 : 3.3879414 (0.16)%
      C2wN2hN1_N4hN2hN1 : 3.2941597 (0.15)%
      N3wC1wN1_N4hN2hN1 : 3.1752241 (0.15)%
      C2zC1wN1_N3zN2hN1 : 3.1517388 (0.15)%
      C2wN2hN1_N3zN2hN1 : 3.0501329 (0.14)%
QqGtT1tN3wC1wN1_QqN2hN1 : 2.9135756 (0.14)%
     GtT1bC1wN1_QqC1wN1 : 2.8911272 (0.13)%
QqC1wN1_QqGtT1tN3zN2hN1 : 2.8677608 (0.13)%
      N3zN2hN1_N4wC1wN1 : 2.8554957 (0.13)%
      QqC1wN1_QqGtT1tN1 : 2.7301565 (0.13)%
         C2wN1_N3wC1wN1 : 2.6690008 (0.12)%
        QqN2hN1_QqN2hN1 : 2.6070986 (0.12)%
         C2wN1_N4wC1wN1 : 2.5922788 (0.12)%
QqGtT1bC2hC1wN1_QqN2hN1 : 2.5360034 (0.12)%
  GtT1tN3wC1wN1_QqN2hN1 : 2.4863233 (0.12)%
  GtT1tN3zN2hN1_QqC1wN1 : 2.4472269 (0.11)%
      C2hC1wN1_C2hC1wN1 : 2.3685140 (0.11)%
        GtT1tN1_QqC1wN1 : 2.3298011 (0.11)%
QqGtT1bC2zC1wN1_QqN2hN1 : 2.2900941 (0.11)%
QqGtT1bC2wN2hN1_QqN2hN1 : 2.2162659 (0.10)%
QqC1wN1_QqGtT1tN4hN2hN1 : 2.1728275 (0.10)%
  GtT1bC2hC1wN1_QqN2hN1 : 2.1641190 (0.10)%
QqGtT1tN4wC1wN1_QqN2hN1 : 1.9852524 (0.09)%
------------------------------------------------------------
                                      SUM=89.61%

SHOWING PROCESSES TO GET 90.00% SUSY COVERAGE
---------------  Output inclusive processes  ---------------
The total xsec = 2156.77 [fb]
The total rate = 100.00%
                  Modes : xsec/fb      (rate)
            C1wN1_N2hN1 : 1143.6935808 (53.03)%
            C1wN1_C1wN1 : 536.4820642 (24.87)%
            C1wN1_N2zN1 : 33.0289097 (1.53)%
                  N1_N1 : 11.9488518 (0.55)%
        QqC1wN1_QqC1wN1 : 11.0215120 (0.51)%
        QqC1wN1_QqN2hN1 : 10.7208523 (0.50)%
      C2hC1wN1_N3wC1wN1 : 7.2907458 (0.34)%
      C2hC1wN1_N4wC1wN1 : 7.0811691 (0.33)%
            N2hN1_N2hN1 : 6.9363863 (0.32)%
      C2zC1wN1_N3wC1wN1 : 6.5837822 (0.31)%
      C2zC1wN1_N4wC1wN1 : 6.3945276 (0.30)%
      C2wN2hN1_N3wC1wN1 : 6.3715338 (0.30)%
      C2wN2hN1_N4wC1wN1 : 6.1883804 (0.29)%
QqC1wN1_QqGtT1tN3wC1wN1 : 5.9905701 (0.28)%
      N3wC1wN1_N4wC1wN1 : 5.9649491 (0.28)%
QqC1wN1_QqGtT1bC2hC1wN1 : 5.2142481 (0.24)%
  GtT1tN3wC1wN1_QqC1wN1 : 5.1121014 (0.24)%
QqC1wN1_QqGtT1bC2zC1wN1 : 4.7086367 (0.22)%
QqC1wN1_QqGtT1bC2wN2hN1 : 4.5568394 (0.21)%
  GtT1bC2hC1wN1_QqC1wN1 : 4.4496207 (0.21)%
      C2hC1wN1_C2zC1wN1 : 4.2776913 (0.20)%
      C2hC1wN1_C2wN2hN1 : 4.1397869 (0.19)%
QqC1wN1_QqGtT1tN4wC1wN1 : 4.0818552 (0.19)%
  GtT1bC2zC1wN1_QqC1wN1 : 4.0181532 (0.19)%
  GtT1bC2wN2hN1_QqC1wN1 : 3.8886158 (0.18)%
      C2hC1wN1_N4hN2hN1 : 3.7694034 (0.17)%
      C2wN2hN1_C2zC1wN1 : 3.7383631 (0.17)%
               C1wN1_N1 : 3.5601453 (0.17)%
      C2hC1wN1_N3zN2hN1 : 3.4901712 (0.16)%
  GtT1tN4wC1wN1_QqC1wN1 : 3.4832842 (0.16)%
      C2zC1wN1_N4hN2hN1 : 3.4038947 (0.16)%
   QqC1wN1_QqGtT1bC1wN1 : 3.3879414 (0.16)%
      C2wN2hN1_N4hN2hN1 : 3.2941597 (0.15)%
      N3wC1wN1_N4hN2hN1 : 3.1752241 (0.15)%
      C2zC1wN1_N3zN2hN1 : 3.1517388 (0.15)%
      C2wN2hN1_N3zN2hN1 : 3.0501329 (0.14)%
QqGtT1tN3wC1wN1_QqN2hN1 : 2.9135756 (0.14)%
     GtT1bC1wN1_QqC1wN1 : 2.8911272 (0.13)%
QqC1wN1_QqGtT1tN3zN2hN1 : 2.8677608 (0.13)%
      N3zN2hN1_N4wC1wN1 : 2.8554957 (0.13)%
      QqC1wN1_QqGtT1tN1 : 2.7301565 (0.13)%
         C2wN1_N3wC1wN1 : 2.6690008 (0.12)%
        QqN2hN1_QqN2hN1 : 2.6070986 (0.12)%
         C2wN1_N4wC1wN1 : 2.5922788 (0.12)%
QqGtT1bC2hC1wN1_QqN2hN1 : 2.5360034 (0.12)%
  GtT1tN3wC1wN1_QqN2hN1 : 2.4863233 (0.12)%
  GtT1tN3zN2hN1_QqC1wN1 : 2.4472269 (0.11)%
      C2hC1wN1_C2hC1wN1 : 2.3685140 (0.11)%
        GtT1tN1_QqC1wN1 : 2.3298011 (0.11)%
QqGtT1bC2zC1wN1_QqN2hN1 : 2.2900941 (0.11)%
QqGtT1bC2wN2hN1_QqN2hN1 : 2.2162659 (0.10)%
QqC1wN1_QqGtT1tN4hN2hN1 : 2.1728275 (0.10)%
  GtT1bC2hC1wN1_QqN2hN1 : 2.1641190 (0.10)%
QqGtT1tN4wC1wN1_QqN2hN1 : 1.9852524 (0.09)%
  GtT1bC2zC1wN1_QqN2hN1 : 1.9542703 (0.09)%
      C2zC1wN1_C2zC1wN1 : 1.9314477 (0.09)%
   QqC1wN1_QqGtT1bC2wN1 : 1.9088352 (0.09)%
  GtT1bC2wN2hN1_QqN2hN1 : 1.8912684 (0.09)%
  GtT1tN4hN2hN1_QqC1wN1 : 1.8541999 (0.09)%
------------------------------------------------------------
                                      SUM=90.06%
