/Users/rafalmaselek/Projects/fastlim-1.0
 
#################################################################
#                                                               #
#                                                               #
#                     This is Fastlim  ver. 1.0                 #
#                                                               #
#          A fast LHC limit calculator for BSM models.          #
#                                                               #
#                  http://cern.ch/fastlim-1.0/                  #
#                                                               #
#  for bugs/feature requests: fastlim-1.0.developers@gmail.com  #
#                                                               #
#    please refer to:                                           #
#    M.Papucci, K.Sakurai, A.Weiler, L.Zeune arXiv:1402.xxxx    #
#                                                               #
#################################################################
 

!! Masses incompatible with the data for ERER !!

!! Problem with reading tables for ER ER !! Probably mass outside the table !! Setting xsec to 10^-20 !!

!! Masses incompatible with the data for ELEL !!

!! Problem with reading tables for EL EL !! Probably mass outside the table !! Setting xsec to 10^-20 !!

!! Masses incompatible with the data for TAU1TAU1 !!

!! Problem with reading tables for TAU1 TAU1 !! Probably mass outside the table !! Setting xsec to 10^-20 !!

!! Masses incompatible with the data for TAU2TAU2 !!

!! Problem with reading tables for TAU2 TAU2 !! Probably mass outside the table !! Setting xsec to 10^-20 !!
!! EWK PROCESS C1C2 NOT FOUND !! WILL TRY TO LOOK FOR +/- MODES !!
XSEC FOUND FOR: C1-C2+
XSEC FOUND FOR: C1+C2-
!! EWK PROCESS C1N1 NOT FOUND !! WILL TRY TO LOOK FOR +/- MODES !!
XSEC FOUND FOR: C1+N1
XSEC FOUND FOR: C1-N1
!! EWK PROCESS C1N2 NOT FOUND !! WILL TRY TO LOOK FOR +/- MODES !!
XSEC FOUND FOR: C1+N2
XSEC FOUND FOR: C1-N2
!! EWK PROCESS C1N3 NOT FOUND !! WILL TRY TO LOOK FOR +/- MODES !!
XSEC FOUND FOR: C1+N3
XSEC FOUND FOR: C1-N3
!! EWK PROCESS C1N4 NOT FOUND !! WILL TRY TO LOOK FOR +/- MODES !!
XSEC FOUND FOR: C1+N4
XSEC FOUND FOR: C1-N4
!! EWK PROCESS C2N1 NOT FOUND !! WILL TRY TO LOOK FOR +/- MODES !!
XSEC FOUND FOR: C2+N1
XSEC FOUND FOR: C2-N1
!! EWK PROCESS C2N2 NOT FOUND !! WILL TRY TO LOOK FOR +/- MODES !!
XSEC FOUND FOR: C2+N2
XSEC FOUND FOR: C2-N2
!! EWK PROCESS C2N3 NOT FOUND !! WILL TRY TO LOOK FOR +/- MODES !!
XSEC FOUND FOR: C2+N3
XSEC FOUND FOR: C2-N3
!! EWK PROCESS C2N4 NOT FOUND !! WILL TRY TO LOOK FOR +/- MODES !!
XSEC FOUND FOR: C2+N4
XSEC FOUND FOR: C2-N4
---------------  Output inclusive processes  ---------------
The total xsec = 6553.57 [fb]
The total rate = 100.00%
Output upto 0.10%
            Modes : xsec/fb      (rate)
      C1wN1_N2hN1 : 2938.3277115 (44.84)%
      C1wN1_C1wN1 : 1547.4011946 (23.61)%
      C1wN1_N2zN1 : 275.1723928 (4.20)%
C2hC1wN1_N4wC1wN1 : 55.7795674 (0.85)%
C2zC1wN1_N4wC1wN1 : 52.5847587 (0.80)%
C2wN2hN1_N4wC1wN1 : 52.1038171 (0.80)%
C2hC1wN1_N3wC1wN1 : 48.0202367 (0.73)%
N3wC1wN1_N4wC1wN1 : 45.9006752 (0.70)%
C2zC1wN1_N3wC1wN1 : 45.2698484 (0.69)%
C2wN2hN1_N3wC1wN1 : 44.8558091 (0.68)%
   C2wN1_N4wC1wN1 : 43.4536657 (0.66)%
   C2wN1_N3wC1wN1 : 37.4089547 (0.57)%
C2hC1wN1_C2zC1wN1 : 30.2209977 (0.46)%
C2hC1wN1_C2wN2hN1 : 29.9445957 (0.46)%
C2wN2hN1_C2zC1wN1 : 28.2295007 (0.43)%
   C1wN1_N3wC1wN1 : 25.4736903 (0.39)%
   C2hC1wN1_C2wN1 : 24.9732653 (0.38)%
C2hC1wN1_N4hN2hN1 : 24.8769360 (0.38)%
   C2hC1wN1_N3zN1 : 23.8982610 (0.36)%
   C2wN1_C2zC1wN1 : 23.5429063 (0.36)%
C2zC1wN1_N4hN2hN1 : 23.4520944 (0.36)%
   C2wN1_C2wN2hN1 : 23.3275823 (0.36)%
C2wN2hN1_N4hN2hN1 : 23.2376009 (0.35)%
   N3zN1_N4wC1wN1 : 22.8434175 (0.35)%
   C2zC1wN1_N3zN1 : 22.5294735 (0.34)%
   C2wN2hN1_N3zN1 : 22.3234184 (0.34)%
N3wC1wN1_N4hN2hN1 : 20.4710831 (0.31)%
   C2hC1wN1_N4hN1 : 19.9279774 (0.30)%
C2hC1wN1_N3zN2hN1 : 19.4859708 (0.30)%
   C2wN1_N4hN2hN1 : 19.3797498 (0.30)%
   C2zC1wN1_N4hN1 : 18.7865903 (0.29)%
N3zN2hN1_N4wC1wN1 : 18.6258811 (0.28)%
      C2wN1_N3zN1 : 18.6173377 (0.28)%
   C2wN2hN1_N4hN1 : 18.6147677 (0.28)%
C2zC1wN1_N3zN2hN1 : 18.3698999 (0.28)%
C2wN2hN1_N3zN2hN1 : 18.2018883 (0.28)%
   N3wC1wN1_N4hN1 : 16.3986144 (0.25)%
C2hC1wN1_C2hC1wN1 : 16.0285434 (0.24)%
      C2wN1_N4hN1 : 15.5243883 (0.24)%
   C2wN1_N3zN2hN1 : 15.1800543 (0.23)%
            N1_N1 : 14.9399410 (0.23)%
C2zC1wN1_C2zC1wN1 : 14.2450358 (0.22)%
C2wN2hN1_C2wN2hN1 : 13.9856565 (0.21)%
      C1wN1_N3zN1 : 12.6775073 (0.19)%
   N2hN1_N3wC1wN1 : 11.0360973 (0.17)%
   C1wN1_N3zN2hN1 : 10.3368834 (0.16)%
   N3zN1_N4hN2hN1 : 10.1878566 (0.16)%
      N2hN1_N2hN1 : 9.7658570 (0.15)%
      C2wN1_C2wN1 : 9.7273964 (0.15)%
N3zN2hN1_N4hN2hN1 : 8.3068922 (0.13)%
      N3zN1_N4hN1 : 8.1611086 (0.12)%
   C1wN1_N4wC1wN1 : 7.7427764 (0.12)%
         C1wN1_N1 : 7.0440186 (0.11)%
   N3zN2hN1_N4hN1 : 6.6543387 (0.10)%
      N2hN1_N3zN1 : 5.4923414 (0.08)%
------------------------------------------------------------
                                SUM=90.62%

SHOWING PROCESSES TO GET 90.00% SUSY COVERAGE
---------------  Output inclusive processes  ---------------
The total xsec = 6553.57 [fb]
The total rate = 100.00%
            Modes : xsec/fb      (rate)
      C1wN1_N2hN1 : 2938.3277115 (44.84)%
      C1wN1_C1wN1 : 1547.4011946 (23.61)%
      C1wN1_N2zN1 : 275.1723928 (4.20)%
C2hC1wN1_N4wC1wN1 : 55.7795674 (0.85)%
C2zC1wN1_N4wC1wN1 : 52.5847587 (0.80)%
C2wN2hN1_N4wC1wN1 : 52.1038171 (0.80)%
C2hC1wN1_N3wC1wN1 : 48.0202367 (0.73)%
N3wC1wN1_N4wC1wN1 : 45.9006752 (0.70)%
C2zC1wN1_N3wC1wN1 : 45.2698484 (0.69)%
C2wN2hN1_N3wC1wN1 : 44.8558091 (0.68)%
   C2wN1_N4wC1wN1 : 43.4536657 (0.66)%
   C2wN1_N3wC1wN1 : 37.4089547 (0.57)%
C2hC1wN1_C2zC1wN1 : 30.2209977 (0.46)%
C2hC1wN1_C2wN2hN1 : 29.9445957 (0.46)%
C2wN2hN1_C2zC1wN1 : 28.2295007 (0.43)%
   C1wN1_N3wC1wN1 : 25.4736903 (0.39)%
   C2hC1wN1_C2wN1 : 24.9732653 (0.38)%
C2hC1wN1_N4hN2hN1 : 24.8769360 (0.38)%
   C2hC1wN1_N3zN1 : 23.8982610 (0.36)%
   C2wN1_C2zC1wN1 : 23.5429063 (0.36)%
C2zC1wN1_N4hN2hN1 : 23.4520944 (0.36)%
   C2wN1_C2wN2hN1 : 23.3275823 (0.36)%
C2wN2hN1_N4hN2hN1 : 23.2376009 (0.35)%
   N3zN1_N4wC1wN1 : 22.8434175 (0.35)%
   C2zC1wN1_N3zN1 : 22.5294735 (0.34)%
   C2wN2hN1_N3zN1 : 22.3234184 (0.34)%
N3wC1wN1_N4hN2hN1 : 20.4710831 (0.31)%
   C2hC1wN1_N4hN1 : 19.9279774 (0.30)%
C2hC1wN1_N3zN2hN1 : 19.4859708 (0.30)%
   C2wN1_N4hN2hN1 : 19.3797498 (0.30)%
   C2zC1wN1_N4hN1 : 18.7865903 (0.29)%
N3zN2hN1_N4wC1wN1 : 18.6258811 (0.28)%
      C2wN1_N3zN1 : 18.6173377 (0.28)%
   C2wN2hN1_N4hN1 : 18.6147677 (0.28)%
C2zC1wN1_N3zN2hN1 : 18.3698999 (0.28)%
C2wN2hN1_N3zN2hN1 : 18.2018883 (0.28)%
   N3wC1wN1_N4hN1 : 16.3986144 (0.25)%
C2hC1wN1_C2hC1wN1 : 16.0285434 (0.24)%
      C2wN1_N4hN1 : 15.5243883 (0.24)%
   C2wN1_N3zN2hN1 : 15.1800543 (0.23)%
            N1_N1 : 14.9399410 (0.23)%
C2zC1wN1_C2zC1wN1 : 14.2450358 (0.22)%
C2wN2hN1_C2wN2hN1 : 13.9856565 (0.21)%
      C1wN1_N3zN1 : 12.6775073 (0.19)%
   N2hN1_N3wC1wN1 : 11.0360973 (0.17)%
   C1wN1_N3zN2hN1 : 10.3368834 (0.16)%
   N3zN1_N4hN2hN1 : 10.1878566 (0.16)%
      N2hN1_N2hN1 : 9.7658570 (0.15)%
      C2wN1_C2wN1 : 9.7273964 (0.15)%
N3zN2hN1_N4hN2hN1 : 8.3068922 (0.13)%
------------------------------------------------------------
                                SUM=90.09%
