/Users/rafalmaselek/Projects/fastlim-1.0
 
#################################################################
#                                                               #
#                                                               #
#                     This is Fastlim  ver. 1.0                 #
#                                                               #
#          A fast LHC limit calculator for BSM models.          #
#                                                               #
#                  http://cern.ch/fastlim-1.0/                  #
#                                                               #
#  for bugs/feature requests: fastlim-1.0.developers@gmail.com  #
#                                                               #
#    please refer to:                                           #
#    M.Papucci, K.Sakurai, A.Weiler, L.Zeune arXiv:1402.xxxx    #
#                                                               #
#################################################################
 

!! Masses incompatible with the data for ERER !!

!! Problem with reading tables for ER ER !! Probably mass outside the table !! Setting xsec to 10^-20 !!

!! Masses incompatible with the data for ELEL !!

!! Problem with reading tables for EL EL !! Probably mass outside the table !! Setting xsec to 10^-20 !!

!! Masses incompatible with the data for TAU1TAU1 !!

!! Problem with reading tables for TAU1 TAU1 !! Probably mass outside the table !! Setting xsec to 10^-20 !!

!! Masses incompatible with the data for TAU2TAU2 !!

!! Problem with reading tables for TAU2 TAU2 !! Probably mass outside the table !! Setting xsec to 10^-20 !!
!! EWK PROCESS C1C2 NOT FOUND !! WILL TRY TO LOOK FOR +/- MODES !!
XSEC FOUND FOR: C1-C2+
XSEC FOUND FOR: C1+C2-
!! EWK PROCESS C1N1 NOT FOUND !! WILL TRY TO LOOK FOR +/- MODES !!
XSEC FOUND FOR: C1+N1
XSEC FOUND FOR: C1-N1
!! EWK PROCESS C1N2 NOT FOUND !! WILL TRY TO LOOK FOR +/- MODES !!
XSEC FOUND FOR: C1+N2
XSEC FOUND FOR: C1-N2
!! EWK PROCESS C1N3 NOT FOUND !! WILL TRY TO LOOK FOR +/- MODES !!
XSEC FOUND FOR: C1+N3
XSEC FOUND FOR: C1-N3
!! EWK PROCESS C1N4 NOT FOUND !! WILL TRY TO LOOK FOR +/- MODES !!
XSEC FOUND FOR: C1+N4
XSEC FOUND FOR: C1-N4
!! EWK PROCESS C2N1 NOT FOUND !! WILL TRY TO LOOK FOR +/- MODES !!
XSEC FOUND FOR: C2+N1
XSEC FOUND FOR: C2-N1
!! EWK PROCESS C2N2 NOT FOUND !! WILL TRY TO LOOK FOR +/- MODES !!
XSEC FOUND FOR: C2+N2
XSEC FOUND FOR: C2-N2
!! EWK PROCESS C2N3 NOT FOUND !! WILL TRY TO LOOK FOR +/- MODES !!
XSEC FOUND FOR: C2+N3
XSEC FOUND FOR: C2-N3
!! EWK PROCESS C2N4 NOT FOUND !! WILL TRY TO LOOK FOR +/- MODES !!
XSEC FOUND FOR: C2+N4
XSEC FOUND FOR: C2-N4
---------------  Output inclusive processes  ---------------
The total xsec = 24658.97 [fb]
The total rate = 100.00%
Output upto 0.10%
                          Modes : xsec/fb      (rate)
                    C1wN1_N2zN1 : 10486.0399403 (42.52)%
                    C1wN1_C1wN1 : 5421.0797065 (21.98)%
                    C1wN1_N2hN1 : 295.2415524 (1.20)%
    GtT1bC2hC1wN1_GtT1tN3wC1wN1 : 78.3957447 (0.32)%
    GtT1bC2zC1wN1_GtT1tN3wC1wN1 : 72.9087931 (0.30)%
    GtT1bC2wN2zN1_GtT1tN3wC1wN1 : 69.7495571 (0.28)%
    GtT1bC2hC1wN1_GtT1bC2zC1wN1 : 65.7038661 (0.27)%
          GtT1tN3wC1wN1_QqC1wN1 : 64.9355226 (0.26)%
    GtT1bC2hC1wN1_GtT1bC2wN2zN1 : 62.8568293 (0.25)%
  GtT1tN3wC1wN1_QqGtT1tN3wC1wN1 : 59.3906564 (0.24)%
          GtT1bC2hC1wN1_QqC1wN1 : 58.5185229 (0.24)%
    GtT1bC2wN2zN1_GtT1bC2zC1wN1 : 58.4574530 (0.24)%
          GtT1tN1_GtT1tN3wC1wN1 : 56.8213308 (0.23)%
          GtT1bC2zC1wN1_QqC1wN1 : 54.4227865 (0.22)%
  GtT1tN3wC1wN1_QqGtT1bC2hC1wN1 : 53.5216065 (0.22)%
  GtT1bC2hC1wN1_QqGtT1tN3wC1wN1 : 53.5216065 (0.22)%
                    N2zN1_N2zN1 : 53.2590488 (0.22)%
          GtT1bC2wN2zN1_QqC1wN1 : 52.0645740 (0.21)%
                          N1_N1 : 51.6327631 (0.21)%
          GtT1bC2hC1wN1_GtT1tN1 : 51.2061845 (0.21)%
    GtT1tN3wC1wN1_GtT1tN4wC1wN1 : 50.2331122 (0.20)%
  GtT1tN3wC1wN1_QqGtT1bC2zC1wN1 : 49.7756064 (0.20)%
  GtT1bC2zC1wN1_QqGtT1tN3wC1wN1 : 49.7756064 (0.20)%
        QqC1wN1_QqGtT1tN3wC1wN1 : 48.2917204 (0.20)%
  GtT1bC2hC1wN1_QqGtT1bC2hC1wN1 : 48.2325426 (0.20)%
          GtT1bC2zC1wN1_GtT1tN1 : 47.6222418 (0.19)%
  GtT1tN3wC1wN1_QqGtT1bC2wN2zN1 : 47.6187625 (0.19)%
  GtT1bC2wN2zN1_QqGtT1tN3wC1wN1 : 47.6187625 (0.19)%
          GtT1bC2wN2zN1_GtT1tN1 : 45.5587060 (0.18)%
    GtT1bC2hC1wN1_GtT1tN4wC1wN1 : 45.2690209 (0.18)%
  GtT1bC2zC1wN1_QqGtT1bC2hC1wN1 : 44.8567264 (0.18)%
  GtT1bC2hC1wN1_QqGtT1bC2zC1wN1 : 44.8567264 (0.18)%
        QqC1wN1_QqGtT1bC2hC1wN1 : 43.5194796 (0.18)%
    GtT1tN3wC1wN1_GtT1tN3wC1wN1 : 43.4962162 (0.18)%
  GtT1bC2hC1wN1_QqGtT1bC2wN2zN1 : 42.9130241 (0.17)%
  GtT1bC2wN2zN1_QqGtT1bC2hC1wN1 : 42.9130241 (0.17)%
                GtT1tN1_QqC1wN1 : 42.4142963 (0.17)%
    GtT1bC2zC1wN1_GtT1tN4wC1wN1 : 42.1006228 (0.17)%
  GtT1bC2zC1wN1_QqGtT1bC2zC1wN1 : 41.7171849 (0.17)%
        QqC1wN1_QqGtT1bC2zC1wN1 : 40.4735327 (0.16)%
       GtT1bC1wN1_GtT1tN3wC1wN1 : 40.3497165 (0.16)%
    GtT1bC2wN2zN1_GtT1tN4wC1wN1 : 40.2763462 (0.16)%
  GtT1bC2wN2zN1_QqGtT1bC2zC1wN1 : 39.9095232 (0.16)%
  GtT1bC2zC1wN1_QqGtT1bC2wN2zN1 : 39.9095232 (0.16)%
QqGtT1bC2hC1wN1_QqGtT1tN3wC1wN1 : 39.8033366 (0.16)%
        GtT1tN3wC1wN1_QqGtT1tN1 : 38.7925253 (0.16)%
        GtT1tN1_QqGtT1tN3wC1wN1 : 38.7925253 (0.16)%
        QqC1wN1_QqGtT1bC2wN2zN1 : 38.7197601 (0.16)%
  GtT1bC2wN2zN1_QqGtT1bC2wN2zN1 : 38.1801900 (0.15)%
          GtT1tN4wC1wN1_QqC1wN1 : 37.4965189 (0.15)%
QqGtT1bC2zC1wN1_QqGtT1tN3wC1wN1 : 37.0174841 (0.15)%
       GtT1bC1wN1_GtT1bC2hC1wN1 : 36.3623132 (0.15)%
QqGtT1bC2wN2zN1_QqGtT1tN3wC1wN1 : 35.4134667 (0.14)%
    GtT1bC2hC1wN1_GtT1bC2hC1wN1 : 35.3242956 (0.14)%
        GtT1bC2hC1wN1_QqGtT1tN1 : 34.9590053 (0.14)%
        GtT1tN1_QqGtT1bC2hC1wN1 : 34.9590053 (0.14)%
    GtT1tN3wC1wN1_GtT1tN3zN2zN1 : 34.7492126 (0.14)%
  GtT1tN3wC1wN1_QqGtT1tN4wC1wN1 : 34.2946785 (0.14)%
  GtT1tN4wC1wN1_QqGtT1tN3wC1wN1 : 34.2946785 (0.14)%
       GtT1bC1wN1_GtT1bC2zC1wN1 : 33.8172994 (0.14)%
       GtT1bC2wN1_GtT1tN3wC1wN1 : 33.4175571 (0.14)%
QqGtT1bC2hC1wN1_QqGtT1bC2zC1wN1 : 33.3593756 (0.14)%
          GtT1tN1_GtT1tN4wC1wN1 : 32.8110412 (0.13)%
        GtT1tN1_QqGtT1bC2zC1wN1 : 32.5122096 (0.13)%
        GtT1bC2zC1wN1_QqGtT1tN1 : 32.5122096 (0.13)%
       GtT1bC1wN1_GtT1bC2wN2zN1 : 32.3519504 (0.13)%
QqGtT1bC2hC1wN1_QqGtT1bC2wN2zN1 : 31.9138691 (0.13)%
          GtT1tN3wC1wN1_QqN2zN1 : 31.7502913 (0.13)%
              QqC1wN1_QqGtT1tN1 : 31.5429716 (0.13)%
    GtT1bC2hC1wN1_GtT1tN3zN2zN1 : 31.3152572 (0.13)%
        GtT1tN1_QqGtT1bC2wN2zN1 : 31.1034119 (0.13)%
        GtT1bC2wN2zN1_QqGtT1tN1 : 31.1034119 (0.13)%
  GtT1tN4wC1wN1_QqGtT1bC2hC1wN1 : 30.9056408 (0.13)%
  GtT1bC2hC1wN1_QqGtT1tN4wC1wN1 : 30.9056408 (0.13)%
    GtT1bC2zC1wN1_GtT1bC2zC1wN1 : 30.5526122 (0.12)%
             GtT1bC1wN1_QqC1wN1 : 30.1190558 (0.12)%
       GtT1bC2hC1wN1_GtT1bC2wN1 : 30.1151974 (0.12)%
QqGtT1bC2wN2zN1_QqGtT1bC2zC1wN1 : 29.6802037 (0.12)%
    GtT1bC2zC1wN1_GtT1tN3zN2zN1 : 29.1234890 (0.12)%
      QqGtT1tN1_QqGtT1tN3wC1wN1 : 28.8495066 (0.12)%
  GtT1bC2zC1wN1_QqGtT1tN4wC1wN1 : 28.7425418 (0.12)%
  GtT1tN4wC1wN1_QqGtT1bC2zC1wN1 : 28.7425418 (0.12)%
              C2hC1wN1_N3wC1wN1 : 28.6139607 (0.12)%
          GtT1bC2hC1wN1_QqN2zN1 : 28.6126927 (0.12)%
       GtT1bC2wN1_GtT1bC2zC1wN1 : 28.0074219 (0.11)%
    GtT1bC2wN2zN1_GtT1bC2wN2zN1 : 27.9622065 (0.11)%
        QqC1wN1_QqGtT1tN4wC1wN1 : 27.8856832 (0.11)%
    GtT1bC2wN2zN1_GtT1tN3zN2zN1 : 27.8615291 (0.11)%
              C2hC1wN1_N4wC1wN1 : 27.7886544 (0.11)%
     GtT1bC1wN1_QqGtT1tN3wC1wN1 : 27.5471795 (0.11)%
     GtT1tN3wC1wN1_QqGtT1bC1wN1 : 27.5471795 (0.11)%
  GtT1tN4wC1wN1_QqGtT1bC2wN2zN1 : 27.4970888 (0.11)%
  GtT1bC2wN2zN1_QqGtT1tN4wC1wN1 : 27.4970888 (0.11)%
       GtT1bC2wN1_GtT1bC2wN2zN1 : 26.7938227 (0.11)%
              C2zC1wN1_N3wC1wN1 : 26.6112574 (0.11)%
          GtT1bC2zC1wN1_QqN2zN1 : 26.6100781 (0.11)%
                QqC1wN1_QqC1wN1 : 26.4001805 (0.11)%
             GtT1bC1wN1_GtT1tN1 : 26.3554487 (0.11)%
      QqGtT1bC2hC1wN1_QqGtT1tN1 : 25.9985667 (0.11)%
          GtT1tN3zN2zN1_QqC1wN1 : 25.9385583 (0.11)%
              C2zC1wN1_N4wC1wN1 : 25.8437146 (0.10)%
                QqC1wN1_QqN2zN1 : 25.8167915 (0.10)%
QqGtT1tN3wC1wN1_QqGtT1tN4wC1wN1 : 25.5045153 (0.10)%
              N3wC1wN1_N4wC1wN1 : 25.4582706 (0.10)%
              C2wN2zN1_N3wC1wN1 : 25.4581559 (0.10)%
          GtT1bC2wN2zN1_QqN2zN1 : 25.4570277 (0.10)%
              GtT1tN1_QqGtT1tN1 : 25.3383294 (0.10)%
             GtT1bC2wN1_QqC1wN1 : 24.9445437 (0.10)%
     GtT1bC1wN1_QqGtT1bC2hC1wN1 : 24.8249370 (0.10)%
     GtT1bC2hC1wN1_QqGtT1bC1wN1 : 24.8249370 (0.10)%
              C2wN2zN1_N4wC1wN1 : 24.7238717 (0.10)%
      QqGtT1bC2zC1wN1_QqGtT1tN1 : 24.1789159 (0.10)%
------------------------------------------------------------
                                              SUM=82.52%

SHOWING PROCESSES TO GET 90.00% SUSY COVERAGE
---------------  Output inclusive processes  ---------------
The total xsec = 24658.97 [fb]
The total rate = 100.00%
                          Modes : xsec/fb      (rate)
                    C1wN1_N2zN1 : 10486.0399403 (42.52)%
                    C1wN1_C1wN1 : 5421.0797065 (21.98)%
                    C1wN1_N2hN1 : 295.2415524 (1.20)%
    GtT1bC2hC1wN1_GtT1tN3wC1wN1 : 78.3957447 (0.32)%
    GtT1bC2zC1wN1_GtT1tN3wC1wN1 : 72.9087931 (0.30)%
    GtT1bC2wN2zN1_GtT1tN3wC1wN1 : 69.7495571 (0.28)%
    GtT1bC2hC1wN1_GtT1bC2zC1wN1 : 65.7038661 (0.27)%
          GtT1tN3wC1wN1_QqC1wN1 : 64.9355226 (0.26)%
    GtT1bC2hC1wN1_GtT1bC2wN2zN1 : 62.8568293 (0.25)%
  GtT1tN3wC1wN1_QqGtT1tN3wC1wN1 : 59.3906564 (0.24)%
          GtT1bC2hC1wN1_QqC1wN1 : 58.5185229 (0.24)%
    GtT1bC2wN2zN1_GtT1bC2zC1wN1 : 58.4574530 (0.24)%
          GtT1tN1_GtT1tN3wC1wN1 : 56.8213308 (0.23)%
          GtT1bC2zC1wN1_QqC1wN1 : 54.4227865 (0.22)%
  GtT1tN3wC1wN1_QqGtT1bC2hC1wN1 : 53.5216065 (0.22)%
  GtT1bC2hC1wN1_QqGtT1tN3wC1wN1 : 53.5216065 (0.22)%
                    N2zN1_N2zN1 : 53.2590488 (0.22)%
          GtT1bC2wN2zN1_QqC1wN1 : 52.0645740 (0.21)%
                          N1_N1 : 51.6327631 (0.21)%
          GtT1bC2hC1wN1_GtT1tN1 : 51.2061845 (0.21)%
    GtT1tN3wC1wN1_GtT1tN4wC1wN1 : 50.2331122 (0.20)%
  GtT1tN3wC1wN1_QqGtT1bC2zC1wN1 : 49.7756064 (0.20)%
  GtT1bC2zC1wN1_QqGtT1tN3wC1wN1 : 49.7756064 (0.20)%
        QqC1wN1_QqGtT1tN3wC1wN1 : 48.2917204 (0.20)%
  GtT1bC2hC1wN1_QqGtT1bC2hC1wN1 : 48.2325426 (0.20)%
          GtT1bC2zC1wN1_GtT1tN1 : 47.6222418 (0.19)%
  GtT1tN3wC1wN1_QqGtT1bC2wN2zN1 : 47.6187625 (0.19)%
  GtT1bC2wN2zN1_QqGtT1tN3wC1wN1 : 47.6187625 (0.19)%
          GtT1bC2wN2zN1_GtT1tN1 : 45.5587060 (0.18)%
    GtT1bC2hC1wN1_GtT1tN4wC1wN1 : 45.2690209 (0.18)%
  GtT1bC2zC1wN1_QqGtT1bC2hC1wN1 : 44.8567264 (0.18)%
  GtT1bC2hC1wN1_QqGtT1bC2zC1wN1 : 44.8567264 (0.18)%
        QqC1wN1_QqGtT1bC2hC1wN1 : 43.5194796 (0.18)%
    GtT1tN3wC1wN1_GtT1tN3wC1wN1 : 43.4962162 (0.18)%
  GtT1bC2hC1wN1_QqGtT1bC2wN2zN1 : 42.9130241 (0.17)%
  GtT1bC2wN2zN1_QqGtT1bC2hC1wN1 : 42.9130241 (0.17)%
                GtT1tN1_QqC1wN1 : 42.4142963 (0.17)%
    GtT1bC2zC1wN1_GtT1tN4wC1wN1 : 42.1006228 (0.17)%
  GtT1bC2zC1wN1_QqGtT1bC2zC1wN1 : 41.7171849 (0.17)%
        QqC1wN1_QqGtT1bC2zC1wN1 : 40.4735327 (0.16)%
       GtT1bC1wN1_GtT1tN3wC1wN1 : 40.3497165 (0.16)%
    GtT1bC2wN2zN1_GtT1tN4wC1wN1 : 40.2763462 (0.16)%
  GtT1bC2wN2zN1_QqGtT1bC2zC1wN1 : 39.9095232 (0.16)%
  GtT1bC2zC1wN1_QqGtT1bC2wN2zN1 : 39.9095232 (0.16)%
QqGtT1bC2hC1wN1_QqGtT1tN3wC1wN1 : 39.8033366 (0.16)%
        GtT1tN3wC1wN1_QqGtT1tN1 : 38.7925253 (0.16)%
        GtT1tN1_QqGtT1tN3wC1wN1 : 38.7925253 (0.16)%
        QqC1wN1_QqGtT1bC2wN2zN1 : 38.7197601 (0.16)%
  GtT1bC2wN2zN1_QqGtT1bC2wN2zN1 : 38.1801900 (0.15)%
          GtT1tN4wC1wN1_QqC1wN1 : 37.4965189 (0.15)%
QqGtT1bC2zC1wN1_QqGtT1tN3wC1wN1 : 37.0174841 (0.15)%
       GtT1bC1wN1_GtT1bC2hC1wN1 : 36.3623132 (0.15)%
QqGtT1bC2wN2zN1_QqGtT1tN3wC1wN1 : 35.4134667 (0.14)%
    GtT1bC2hC1wN1_GtT1bC2hC1wN1 : 35.3242956 (0.14)%
        GtT1bC2hC1wN1_QqGtT1tN1 : 34.9590053 (0.14)%
        GtT1tN1_QqGtT1bC2hC1wN1 : 34.9590053 (0.14)%
    GtT1tN3wC1wN1_GtT1tN3zN2zN1 : 34.7492126 (0.14)%
  GtT1tN3wC1wN1_QqGtT1tN4wC1wN1 : 34.2946785 (0.14)%
  GtT1tN4wC1wN1_QqGtT1tN3wC1wN1 : 34.2946785 (0.14)%
       GtT1bC1wN1_GtT1bC2zC1wN1 : 33.8172994 (0.14)%
       GtT1bC2wN1_GtT1tN3wC1wN1 : 33.4175571 (0.14)%
QqGtT1bC2hC1wN1_QqGtT1bC2zC1wN1 : 33.3593756 (0.14)%
          GtT1tN1_GtT1tN4wC1wN1 : 32.8110412 (0.13)%
        GtT1tN1_QqGtT1bC2zC1wN1 : 32.5122096 (0.13)%
        GtT1bC2zC1wN1_QqGtT1tN1 : 32.5122096 (0.13)%
       GtT1bC1wN1_GtT1bC2wN2zN1 : 32.3519504 (0.13)%
QqGtT1bC2hC1wN1_QqGtT1bC2wN2zN1 : 31.9138691 (0.13)%
          GtT1tN3wC1wN1_QqN2zN1 : 31.7502913 (0.13)%
              QqC1wN1_QqGtT1tN1 : 31.5429716 (0.13)%
    GtT1bC2hC1wN1_GtT1tN3zN2zN1 : 31.3152572 (0.13)%
        GtT1tN1_QqGtT1bC2wN2zN1 : 31.1034119 (0.13)%
        GtT1bC2wN2zN1_QqGtT1tN1 : 31.1034119 (0.13)%
  GtT1tN4wC1wN1_QqGtT1bC2hC1wN1 : 30.9056408 (0.13)%
  GtT1bC2hC1wN1_QqGtT1tN4wC1wN1 : 30.9056408 (0.13)%
    GtT1bC2zC1wN1_GtT1bC2zC1wN1 : 30.5526122 (0.12)%
             GtT1bC1wN1_QqC1wN1 : 30.1190558 (0.12)%
       GtT1bC2hC1wN1_GtT1bC2wN1 : 30.1151974 (0.12)%
QqGtT1bC2wN2zN1_QqGtT1bC2zC1wN1 : 29.6802037 (0.12)%
    GtT1bC2zC1wN1_GtT1tN3zN2zN1 : 29.1234890 (0.12)%
      QqGtT1tN1_QqGtT1tN3wC1wN1 : 28.8495066 (0.12)%
  GtT1bC2zC1wN1_QqGtT1tN4wC1wN1 : 28.7425418 (0.12)%
  GtT1tN4wC1wN1_QqGtT1bC2zC1wN1 : 28.7425418 (0.12)%
              C2hC1wN1_N3wC1wN1 : 28.6139607 (0.12)%
          GtT1bC2hC1wN1_QqN2zN1 : 28.6126927 (0.12)%
       GtT1bC2wN1_GtT1bC2zC1wN1 : 28.0074219 (0.11)%
    GtT1bC2wN2zN1_GtT1bC2wN2zN1 : 27.9622065 (0.11)%
        QqC1wN1_QqGtT1tN4wC1wN1 : 27.8856832 (0.11)%
    GtT1bC2wN2zN1_GtT1tN3zN2zN1 : 27.8615291 (0.11)%
              C2hC1wN1_N4wC1wN1 : 27.7886544 (0.11)%
     GtT1bC1wN1_QqGtT1tN3wC1wN1 : 27.5471795 (0.11)%
     GtT1tN3wC1wN1_QqGtT1bC1wN1 : 27.5471795 (0.11)%
  GtT1tN4wC1wN1_QqGtT1bC2wN2zN1 : 27.4970888 (0.11)%
  GtT1bC2wN2zN1_QqGtT1tN4wC1wN1 : 27.4970888 (0.11)%
       GtT1bC2wN1_GtT1bC2wN2zN1 : 26.7938227 (0.11)%
              C2zC1wN1_N3wC1wN1 : 26.6112574 (0.11)%
          GtT1bC2zC1wN1_QqN2zN1 : 26.6100781 (0.11)%
                QqC1wN1_QqC1wN1 : 26.4001805 (0.11)%
             GtT1bC1wN1_GtT1tN1 : 26.3554487 (0.11)%
      QqGtT1bC2hC1wN1_QqGtT1tN1 : 25.9985667 (0.11)%
          GtT1tN3zN2zN1_QqC1wN1 : 25.9385583 (0.11)%
              C2zC1wN1_N4wC1wN1 : 25.8437146 (0.10)%
                QqC1wN1_QqN2zN1 : 25.8167915 (0.10)%
QqGtT1tN3wC1wN1_QqGtT1tN4wC1wN1 : 25.5045153 (0.10)%
              N3wC1wN1_N4wC1wN1 : 25.4582706 (0.10)%
              C2wN2zN1_N3wC1wN1 : 25.4581559 (0.10)%
          GtT1bC2wN2zN1_QqN2zN1 : 25.4570277 (0.10)%
              GtT1tN1_QqGtT1tN1 : 25.3383294 (0.10)%
             GtT1bC2wN1_QqC1wN1 : 24.9445437 (0.10)%
     GtT1bC1wN1_QqGtT1bC2hC1wN1 : 24.8249370 (0.10)%
     GtT1bC2hC1wN1_QqGtT1bC1wN1 : 24.8249370 (0.10)%
              C2wN2zN1_N4wC1wN1 : 24.7238717 (0.10)%
      QqGtT1bC2zC1wN1_QqGtT1tN1 : 24.1789159 (0.10)%
  GtT1tN3zN2zN1_QqGtT1tN3wC1wN1 : 23.7236560 (0.10)%
  GtT1tN3wC1wN1_QqGtT1tN3zN2zN1 : 23.7236560 (0.10)%
        QqGtT1tN3wC1wN1_QqN2zN1 : 23.6122870 (0.10)%
       GtT1bC1wN1_GtT1tN4wC1wN1 : 23.2996340 (0.09)%
      QqGtT1bC2wN2zN1_QqGtT1tN1 : 23.1312110 (0.09)%
     GtT1bC1wN1_QqGtT1bC2zC1wN1 : 23.0874290 (0.09)%
     GtT1bC2zC1wN1_QqGtT1bC1wN1 : 23.0874290 (0.09)%
QqGtT1bC2hC1wN1_QqGtT1tN4wC1wN1 : 22.9841311 (0.09)%
     GtT1bC2wN1_QqGtT1tN3wC1wN1 : 22.8145207 (0.09)%
     GtT1tN3wC1wN1_QqGtT1bC2wN1 : 22.8145207 (0.09)%
          GtT1tN1_GtT1tN3zN2zN1 : 22.6973364 (0.09)%
    GtT1tN3wC1wN1_GtT1tN4hN2zN1 : 22.4733160 (0.09)%
        GtT1tN1_QqGtT1tN4wC1wN1 : 22.4004459 (0.09)%
        GtT1tN4wC1wN1_QqGtT1tN1 : 22.4004459 (0.09)%
           QqC1wN1_QqGtT1bC1wN1 : 22.3991579 (0.09)%
     GtT1bC1wN1_QqGtT1bC2wN2zN1 : 22.0870197 (0.09)%
     GtT1bC2wN2zN1_QqGtT1bC1wN1 : 22.0870197 (0.09)%
QqGtT1tN3wC1wN1_QqGtT1tN3wC1wN1 : 22.0840371 (0.09)%
             GtT1bC2wN1_GtT1tN1 : 21.8275316 (0.09)%
  GtT1tN3zN2zN1_QqGtT1bC2hC1wN1 : 21.3792583 (0.09)%
  GtT1bC2hC1wN1_QqGtT1tN3zN2zN1 : 21.3792583 (0.09)%
QqGtT1bC2zC1wN1_QqGtT1tN4wC1wN1 : 21.3754619 (0.09)%
        QqGtT1bC2hC1wN1_QqN2zN1 : 21.2788949 (0.09)%
                GtT1tN1_QqN2zN1 : 20.7385143 (0.08)%
     GtT1bC2wN1_QqGtT1bC2hC1wN1 : 20.5599647 (0.08)%
     GtT1bC2hC1wN1_QqGtT1bC2wN1 : 20.5599647 (0.08)%
   QqGtT1bC1wN1_QqGtT1tN3wC1wN1 : 20.4864863 (0.08)%
QqGtT1bC2wN2zN1_QqGtT1tN4wC1wN1 : 20.4492345 (0.08)%
    GtT1bC2hC1wN1_GtT1tN4hN2zN1 : 20.2524783 (0.08)%
    GtT1tN3zN2zN1_GtT1tN4wC1wN1 : 20.0656660 (0.08)%
  GtT1tN3zN2zN1_QqGtT1bC2zC1wN1 : 19.8829149 (0.08)%
  GtT1bC2zC1wN1_QqGtT1tN3zN2zN1 : 19.8829149 (0.08)%
  GtT1tN4wC1wN1_QqGtT1tN4wC1wN1 : 19.8031988 (0.08)%
        QqGtT1bC2zC1wN1_QqN2zN1 : 19.7895759 (0.08)%
       GtT1bC2wN1_GtT1tN4wC1wN1 : 19.2967118 (0.08)%
        QqC1wN1_QqGtT1tN3zN2zN1 : 19.2901752 (0.08)%
     GtT1bC2wN1_QqGtT1bC2zC1wN1 : 19.1209640 (0.08)%
     GtT1bC2zC1wN1_QqGtT1bC2wN1 : 19.1209640 (0.08)%
  GtT1tN3zN2zN1_QqGtT1bC2wN2zN1 : 19.0213615 (0.08)%
  GtT1bC2wN2zN1_QqGtT1tN3zN2zN1 : 19.0213615 (0.08)%
        QqGtT1bC2wN2zN1_QqN2zN1 : 18.9320670 (0.08)%
    GtT1bC2zC1wN1_GtT1tN4hN2zN1 : 18.8349987 (0.08)%
       GtT1tN2zN1_GtT1tN3wC1wN1 : 18.7055051 (0.08)%
                GtT1tN1_GtT1tN1 : 18.5571523 (0.08)%
           QqC1wN1_QqGtT1bC2wN1 : 18.5509392 (0.08)%
   QqGtT1bC1wN1_QqGtT1bC2hC1wN1 : 18.4619892 (0.07)%
          GtT1tN4wC1wN1_QqN2zN1 : 18.3339620 (0.07)%
     GtT1bC2wN1_QqGtT1bC2wN2zN1 : 18.2924270 (0.07)%
     GtT1bC2wN2zN1_QqGtT1bC2wN1 : 18.2924270 (0.07)%
    GtT1bC2wN2zN1_GtT1tN4hN2zN1 : 18.0188529 (0.07)%
           GtT1bC1wN1_QqGtT1tN1 : 17.9931444 (0.07)%
           GtT1tN1_QqGtT1bC1wN1 : 17.9931444 (0.07)%
QqGtT1bC2hC1wN1_QqGtT1bC2hC1wN1 : 17.9349636 (0.07)%
                       C1wN1_N1 : 17.8091720 (0.07)%
QqGtT1tN3wC1wN1_QqGtT1tN3zN2zN1 : 17.6429806 (0.07)%
   QqGtT1bC1wN1_QqGtT1bC2zC1wN1 : 17.1698267 (0.07)%
   QqGtT1bC2wN1_QqGtT1tN3wC1wN1 : 16.9668683 (0.07)%
       GtT1bC2hC1wN1_GtT1tN2zN1 : 16.8570066 (0.07)%
              C2hC1wN1_C2zC1wN1 : 16.8302227 (0.07)%
          GtT1tN4hN2zN1_QqC1wN1 : 16.7752123 (0.07)%
      QqGtT1tN1_QqGtT1tN4wC1wN1 : 16.6589261 (0.07)%
   QqGtT1bC1wN1_QqGtT1bC2wN2zN1 : 16.4258350 (0.07)%
       GtT1bC1wN1_GtT1tN3zN2zN1 : 16.1177339 (0.07)%
              C2hC1wN1_C2wN2zN1 : 16.1009465 (0.07)%
     GtT1bC1wN1_QqGtT1tN4wC1wN1 : 15.9069073 (0.06)%
     GtT1tN4wC1wN1_QqGtT1bC1wN1 : 15.9069073 (0.06)%
QqGtT1bC2hC1wN1_QqGtT1tN3zN2zN1 : 15.8994819 (0.06)%
       GtT1bC2zC1wN1_GtT1tN2zN1 : 15.6771775 (0.06)%
QqGtT1bC2zC1wN1_QqGtT1bC2zC1wN1 : 15.5122693 (0.06)%
          GtT1bC1wN1_GtT1bC2wN1 : 15.5000719 (0.06)%
        GtT1tN1_QqGtT1tN3zN2zN1 : 15.4957123 (0.06)%
        GtT1tN3zN2zN1_QqGtT1tN1 : 15.4957123 (0.06)%
              QqGtT1tN1_QqN2zN1 : 15.4229688 (0.06)%
  GtT1tN4hN2zN1_QqGtT1tN3wC1wN1 : 15.3427713 (0.06)%
  GtT1tN3wC1wN1_QqGtT1tN4hN2zN1 : 15.3427713 (0.06)%
   QqGtT1bC2hC1wN1_QqGtT1bC2wN1 : 15.2901837 (0.06)%
       GtT1bC2wN2zN1_GtT1tN2zN1 : 14.9978643 (0.06)%
              C2wN2zN1_C2zC1wN1 : 14.9740344 (0.06)%
           GtT1tN1_QqGtT1bC2wN1 : 14.9018874 (0.06)%
           GtT1bC2wN1_QqGtT1tN1 : 14.9018874 (0.06)%
QqGtT1bC2zC1wN1_QqGtT1tN3zN2zN1 : 14.7866704 (0.06)%
             GtT1bC1wN1_QqN2zN1 : 14.7267437 (0.06)%
          GtT1tN1_GtT1tN4hN2zN1 : 14.6790208 (0.06)%
    GtT1tN4wC1wN1_GtT1tN4wC1wN1 : 14.5033625 (0.06)%
   QqGtT1bC2wN1_QqGtT1bC2zC1wN1 : 14.2200172 (0.06)%
QqGtT1bC2wN2zN1_QqGtT1bC2wN2zN1 : 14.1970603 (0.06)%
QqGtT1bC2wN2zN1_QqGtT1tN3zN2zN1 : 14.1459441 (0.06)%
             GtT1tN2zN1_QqC1wN1 : 13.9627289 (0.06)%
  GtT1tN4hN2zN1_QqGtT1bC2hC1wN1 : 13.8265818 (0.06)%
  GtT1bC2hC1wN1_QqGtT1tN4hN2zN1 : 13.8265818 (0.06)%
  GtT1tN4wC1wN1_QqGtT1tN3zN2zN1 : 13.6990430 (0.06)%
  GtT1tN3zN2zN1_QqGtT1tN4wC1wN1 : 13.6990430 (0.06)%
        QqGtT1tN4wC1wN1_QqN2zN1 : 13.6347338 (0.06)%
   QqGtT1bC2wN1_QqGtT1bC2wN2zN1 : 13.6038448 (0.06)%
         QqGtT1bC1wN1_QqGtT1tN1 : 13.3812721 (0.05)%
       GtT1bC2wN1_GtT1tN3zN2zN1 : 13.3486760 (0.05)%
     GtT1bC2wN1_QqGtT1tN4wC1wN1 : 13.1740698 (0.05)%
     GtT1tN4wC1wN1_QqGtT1bC2wN1 : 13.1740698 (0.05)%
    GtT1tN4hN2zN1_GtT1tN4wC1wN1 : 12.9770438 (0.05)%
  GtT1tN4hN2zN1_QqGtT1bC2zC1wN1 : 12.8588534 (0.05)%
  GtT1bC2zC1wN1_QqGtT1tN4hN2zN1 : 12.8588534 (0.05)%
        GtT1bC1wN1_QqGtT1bC1wN1 : 12.7772135 (0.05)%
     GtT1tN3wC1wN1_QqGtT1tN2zN1 : 12.7704468 (0.05)%
     GtT1tN2zN1_QqGtT1tN3wC1wN1 : 12.7704468 (0.05)%
------------------------------------------------------------
                                              SUM=90.04%
