/Users/rafalmaselek/Projects/fastlim-1.0
 
#################################################################
#                                                               #
#                                                               #
#                     This is Fastlim  ver. 1.0                 #
#                                                               #
#          A fast LHC limit calculator for BSM models.          #
#                                                               #
#                  http://cern.ch/fastlim-1.0/                  #
#                                                               #
#  for bugs/feature requests: fastlim-1.0.developers@gmail.com  #
#                                                               #
#    please refer to:                                           #
#    M.Papucci, K.Sakurai, A.Weiler, L.Zeune arXiv:1402.xxxx    #
#                                                               #
#################################################################
 

!! Masses incompatible with the data for ERER !!

!! Problem with reading tables for ER ER !! Probably mass outside the table !! Setting xsec to 10^-20 !!

!! Masses incompatible with the data for ELEL !!

!! Problem with reading tables for EL EL !! Probably mass outside the table !! Setting xsec to 10^-20 !!

!! Masses incompatible with the data for TAU1TAU1 !!

!! Problem with reading tables for TAU1 TAU1 !! Probably mass outside the table !! Setting xsec to 10^-20 !!

!! Masses incompatible with the data for TAU2TAU2 !!

!! Problem with reading tables for TAU2 TAU2 !! Probably mass outside the table !! Setting xsec to 10^-20 !!
Decoupling mG=1785.21375 GeV; mQ=3284.7495575 GeV

!! Masses incompatible with the data for QQ !!

!! Problem with reading tables for Q Q !! Probably mass outside the table !! Setting xsec to 10^-20 !!

!! Masses incompatible with the data for GQ !!

!! Problem with reading tables for G Q !! Probably mass outside the table !! Setting xsec to 10^-20 !!
!! EWK PROCESS C1C2 NOT FOUND !! WILL TRY TO LOOK FOR +/- MODES !!
XSEC FOUND FOR: C1-C2+
XSEC FOUND FOR: C1+C2-
!! EWK PROCESS C1N1 NOT FOUND !! WILL TRY TO LOOK FOR +/- MODES !!
XSEC FOUND FOR: C1+N1
XSEC FOUND FOR: C1-N1
!! EWK PROCESS C1N2 NOT FOUND !! WILL TRY TO LOOK FOR +/- MODES !!
XSEC FOUND FOR: C1+N2
XSEC FOUND FOR: C1-N2
!! EWK PROCESS C1N3 NOT FOUND !! WILL TRY TO LOOK FOR +/- MODES !!
XSEC FOUND FOR: C1+N3
XSEC FOUND FOR: C1-N3
!! EWK PROCESS C1N4 NOT FOUND !! WILL TRY TO LOOK FOR +/- MODES !!
XSEC FOUND FOR: C1+N4
XSEC FOUND FOR: C1-N4
!! EWK PROCESS C2N1 NOT FOUND !! WILL TRY TO LOOK FOR +/- MODES !!
XSEC FOUND FOR: C2+N1
XSEC FOUND FOR: C2-N1
!! EWK PROCESS C2N2 NOT FOUND !! WILL TRY TO LOOK FOR +/- MODES !!
XSEC FOUND FOR: C2+N2
XSEC FOUND FOR: C2-N2
!! EWK PROCESS C2N3 NOT FOUND !! WILL TRY TO LOOK FOR +/- MODES !!
XSEC FOUND FOR: C2+N3
XSEC FOUND FOR: C2-N3
!! EWK PROCESS C2N4 NOT FOUND !! WILL TRY TO LOOK FOR +/- MODES !!
XSEC FOUND FOR: C2+N4
XSEC FOUND FOR: C2-N4
---------------  Output inclusive processes  ---------------
The total xsec = 46452.25 [fb]
The total rate = 100.00%
Output upto 0.10%
               Modes : xsec/fb      (rate)
         C1wN1_N2hN1 : 12554.2505485 (27.03)%
         C1wN1_C1wN1 : 7213.0137154 (15.53)%
         C1wN1_N3zN1 : 4403.0856219 (9.48)%
   C2wN2hN1_N4wC1wN1 : 2631.2072715 (5.66)%
   C2zC1wN1_N4wC1wN1 : 2045.5061920 (4.40)%
         N2hN1_N3zN1 : 1961.9034823 (4.22)%
         C1wN1_N2zN1 : 1058.1013290 (2.28)%
   C2wN2hN1_C2zC1wN1 : 971.8008806 (2.09)%
      N3zN1_N4wC1wN1 : 650.9275432 (1.40)%
      C2wN2hN1_N3zN1 : 640.8171644 (1.38)%
   C2wN2hN1_C2wN2hN1 : 625.0309956 (1.35)%
      C1wN1_N4wC1wN1 : 623.0898746 (1.34)%
      C2wN1_N4wC1wN1 : 600.9585249 (1.29)%
      C2zC1wN1_N3zN1 : 498.1726419 (1.07)%
   C2wN3zN1_N4wC1wN1 : 395.1616278 (0.85)%
            C1wN1_N1 : 394.7524688 (0.85)%
   C2zC1wN1_C2zC1wN1 : 377.7400474 (0.81)%
      C1wN1_C2wN2hN1 : 339.8021580 (0.73)%
      C2wN2hN1_N2hN1 : 315.4871750 (0.68)%
      C2wN1_C2wN2hN1 : 285.5097804 (0.61)%
      C2wN2hN1_N4hN1 : 275.1640936 (0.59)%
      C1wN1_C2zC1wN1 : 264.1629285 (0.57)%
         C1wN1_N3hN1 : 245.4479662 (0.53)%
      C2zC1wN1_N2hN1 : 245.2604084 (0.53)%
      C2wN1_C2zC1wN1 : 221.9559174 (0.48)%
   C2wN2zN1_N4wC1wN1 : 221.7642463 (0.48)%
      C2zC1wN1_N4hN1 : 213.9131582 (0.46)%
   GbtC1wN1_GttN3zN1 : 201.2640650 (0.43)%
   C2wN2hN1_C2wN3zN1 : 187.7375974 (0.40)%
   GbtC1wN1_GbtC1wN1 : 184.8999101 (0.40)%
         N2zN1_N3zN1 : 165.3537719 (0.36)%
            N1_N3zN1 : 163.8713053 (0.35)%
         C2wN1_N3zN1 : 146.3603959 (0.32)%
   C2wN3zN1_C2zC1wN1 : 145.9476120 (0.31)%
   C2hC1wN1_N4wC1wN1 : 143.3449829 (0.31)%
GbtC1wN1_GbtC2wN2hN1 : 140.0711753 (0.30)%
   GbtC1wN1_GttN2hN1 : 126.4062316 (0.27)%
         N2hN1_N3hN1 : 109.3653998 (0.24)%
GbtC1wN1_GbtC2zC1wN1 : 108.8916330 (0.23)%
   C2wN2hN1_C2wN2zN1 : 105.3581215 (0.23)%
GbtC1wN1_GttN4wC1wN1 : 100.9407814 (0.22)%
      C2wN3zN1_N3zN1 : 96.2396070 (0.21)%
   C2wN2zN1_C2zC1wN1 : 81.9056302 (0.18)%
         C1wN1_C2wN1 : 77.6096227 (0.17)%
GbtC2wN2hN1_GttN3zN1 : 76.2339315 (0.16)%
         C2wN1_N2hN1 : 72.0561658 (0.16)%
      GbtC1wN1_GttN1 : 70.8260143 (0.15)%
   GttN2hN1_GttN3zN1 : 68.7967669 (0.15)%
   C2hC1wN1_C2wN2hN1 : 68.1018621 (0.15)%
         N3zN1_N4hN1 : 68.0721315 (0.15)%
         C1wN1_N4hN1 : 65.1609481 (0.14)%
         C2wN1_N4hN1 : 62.8465152 (0.14)%
   C2wN2hN1_N4hN2hN1 : 62.4231220 (0.13)%
GbtC2zC1wN1_GttN3zN1 : 59.2644223 (0.13)%
GttN3zN1_GttN4wC1wN1 : 54.9371603 (0.12)%
   GttN3zN1_GttN3zN1 : 54.7691233 (0.12)%
      C2wN2zN1_N3zN1 : 54.0095556 (0.12)%
   C2hC1wN1_C2zC1wN1 : 52.9425341 (0.11)%
      C1wN1_C2wN3zN1 : 51.0323817 (0.11)%
   C2zC1wN1_N4hN2hN1 : 48.5278693 (0.10)%
GbtC2wN2hN1_GttN2hN1 : 47.8796053 (0.10)%
      C2wN3zN1_N2hN1 : 47.3806936 (0.10)%
   GbbN2hN1_GbtC1wN1 : 44.1554328 (0.10)%
------------------------------------------------------------
                                   SUM=94.05%

SHOWING PROCESSES TO GET 90.00% SUSY COVERAGE
---------------  Output inclusive processes  ---------------
The total xsec = 46452.25 [fb]
The total rate = 100.00%
               Modes : xsec/fb      (rate)
         C1wN1_N2hN1 : 12554.2505485 (27.03)%
         C1wN1_C1wN1 : 7213.0137154 (15.53)%
         C1wN1_N3zN1 : 4403.0856219 (9.48)%
   C2wN2hN1_N4wC1wN1 : 2631.2072715 (5.66)%
   C2zC1wN1_N4wC1wN1 : 2045.5061920 (4.40)%
         N2hN1_N3zN1 : 1961.9034823 (4.22)%
         C1wN1_N2zN1 : 1058.1013290 (2.28)%
   C2wN2hN1_C2zC1wN1 : 971.8008806 (2.09)%
      N3zN1_N4wC1wN1 : 650.9275432 (1.40)%
      C2wN2hN1_N3zN1 : 640.8171644 (1.38)%
   C2wN2hN1_C2wN2hN1 : 625.0309956 (1.35)%
      C1wN1_N4wC1wN1 : 623.0898746 (1.34)%
      C2wN1_N4wC1wN1 : 600.9585249 (1.29)%
      C2zC1wN1_N3zN1 : 498.1726419 (1.07)%
   C2wN3zN1_N4wC1wN1 : 395.1616278 (0.85)%
            C1wN1_N1 : 394.7524688 (0.85)%
   C2zC1wN1_C2zC1wN1 : 377.7400474 (0.81)%
      C1wN1_C2wN2hN1 : 339.8021580 (0.73)%
      C2wN2hN1_N2hN1 : 315.4871750 (0.68)%
      C2wN1_C2wN2hN1 : 285.5097804 (0.61)%
      C2wN2hN1_N4hN1 : 275.1640936 (0.59)%
      C1wN1_C2zC1wN1 : 264.1629285 (0.57)%
         C1wN1_N3hN1 : 245.4479662 (0.53)%
      C2zC1wN1_N2hN1 : 245.2604084 (0.53)%
      C2wN1_C2zC1wN1 : 221.9559174 (0.48)%
   C2wN2zN1_N4wC1wN1 : 221.7642463 (0.48)%
      C2zC1wN1_N4hN1 : 213.9131582 (0.46)%
   GbtC1wN1_GttN3zN1 : 201.2640650 (0.43)%
   C2wN2hN1_C2wN3zN1 : 187.7375974 (0.40)%
   GbtC1wN1_GbtC1wN1 : 184.8999101 (0.40)%
         N2zN1_N3zN1 : 165.3537719 (0.36)%
            N1_N3zN1 : 163.8713053 (0.35)%
         C2wN1_N3zN1 : 146.3603959 (0.32)%
   C2wN3zN1_C2zC1wN1 : 145.9476120 (0.31)%
   C2hC1wN1_N4wC1wN1 : 143.3449829 (0.31)%
GbtC1wN1_GbtC2wN2hN1 : 140.0711753 (0.30)%
   GbtC1wN1_GttN2hN1 : 126.4062316 (0.27)%
------------------------------------------------------------
                                   SUM=90.16%
