/Users/rafalmaselek/Projects/fastlim-1.0
 
#################################################################
#                                                               #
#                                                               #
#                     This is Fastlim  ver. 1.0                 #
#                                                               #
#          A fast LHC limit calculator for BSM models.          #
#                                                               #
#                  http://cern.ch/fastlim-1.0/                  #
#                                                               #
#  for bugs/feature requests: fastlim-1.0.developers@gmail.com  #
#                                                               #
#    please refer to:                                           #
#    M.Papucci, K.Sakurai, A.Weiler, L.Zeune arXiv:1402.xxxx    #
#                                                               #
#################################################################
 
!!!-  ERROR  !!!
[Br(T2->all) =  1.166404572286881 ]:  !!! The total Br is deviated from 1 !!!


!! Masses incompatible with the data for ELEL !!

!! Problem with reading tables for EL EL !! Probably mass outside the table !! Setting xsec to 10^-20 !!

!! Masses incompatible with the data for TAU2TAU2 !!

!! Problem with reading tables for TAU2 TAU2 !! Probably mass outside the table !! Setting xsec to 10^-20 !!
!! EWK PROCESS C1C2 NOT FOUND !! WILL TRY TO LOOK FOR +/- MODES !!
XSEC FOUND FOR: C1-C2+
XSEC FOUND FOR: C1+C2-
!! EWK PROCESS C1N1 NOT FOUND !! WILL TRY TO LOOK FOR +/- MODES !!
XSEC FOUND FOR: C1+N1
XSEC FOUND FOR: C1-N1
!! EWK PROCESS C1N2 NOT FOUND !! WILL TRY TO LOOK FOR +/- MODES !!
XSEC FOUND FOR: C1+N2
XSEC FOUND FOR: C1-N2
!! EWK PROCESS C1N3 NOT FOUND !! WILL TRY TO LOOK FOR +/- MODES !!
XSEC FOUND FOR: C1+N3
XSEC FOUND FOR: C1-N3
!! EWK PROCESS C1N4 NOT FOUND !! WILL TRY TO LOOK FOR +/- MODES !!
XSEC FOUND FOR: C1+N4
XSEC FOUND FOR: C1-N4
!! EWK PROCESS C2N1 NOT FOUND !! WILL TRY TO LOOK FOR +/- MODES !!
XSEC FOUND FOR: C2+N1
XSEC FOUND FOR: C2-N1
!! EWK PROCESS C2N2 NOT FOUND !! WILL TRY TO LOOK FOR +/- MODES !!
XSEC FOUND FOR: C2+N2
XSEC FOUND FOR: C2-N2
!! EWK PROCESS C2N3 NOT FOUND !! WILL TRY TO LOOK FOR +/- MODES !!
XSEC FOUND FOR: C2+N3
XSEC FOUND FOR: C2-N3
!! EWK PROCESS C2N4 NOT FOUND !! WILL TRY TO LOOK FOR +/- MODES !!
XSEC FOUND FOR: C2+N4
XSEC FOUND FOR: C2-N4
---------------  Output inclusive processes  ---------------
The total xsec = 487245.85 [fb]
The total rate = 100.00%
Output upto 0.10%
                              Modes : xsec/fb      (rate)
       QqC1nTAU1taN1_QqN2taTAU1taN1 : 57384.8735578 (11.79)%
        QqC1nTAU1taN1_QqC1nTAU1taN1 : 56582.1672326 (11.62)%
           C1nTAU1taN1_N2taTAU1taN1 : 26216.7047814 (5.38)%
               GqQqN1_QqC1nTAU1taN1 : 25089.7686098 (5.15)%
      QqN2taTAU1taN1_QqN2taTAU1taN1 : 14549.7418812 (2.99)%
     GtT1bC1nTAU1taN1_QqC1nTAU1taN1 : 13595.9866935 (2.79)%
            C1nTAU1taN1_C1nTAU1taN1 : 13289.8208600 (2.73)%
              GqQqN1_QqN2taTAU1taN1 : 12722.8530621 (2.61)%
     GbB1tC1nTAU1taN1_QqC1nTAU1taN1 : 12646.6049694 (2.60)%
    GbB1bN2taTAU1taN1_QqC1nTAU1taN1 : 7868.2903946 (1.62)%
    GtT1bC1nTAU1taN1_QqN2taTAU1taN1 : 6894.4334890 (1.42)%
              QqC1nTAU1taN1_QqC1wN1 : 6681.1032383 (1.37)%
    GbB1tC1nTAU1taN1_QqN2taTAU1taN1 : 6413.0083965 (1.32)%
    GtT1tN2taTAU1taN1_QqC1nTAU1taN1 : 5229.1558966 (1.07)%
      T1bC1nTAU1taN1_T1bC1nTAU1taN1 : 5140.2861652 (1.06)%
   GbB1bN2taTAU1taN1_QqN2taTAU1taN1 : 3989.9571852 (0.82)%
     T1bC1nTAU1taN1_T1tN2taTAU1taN1 : 3954.0135361 (0.81)%
  GtT2tN4wC1nTAU1taN1_QqC1nTAU1taN1 : 3427.0322085 (0.70)%
             QqC1wN1_QqN2taTAU1taN1 : 3387.9425560 (0.70)%
                 QqC1nTAU1taN1_QqN1 : 2852.2336763 (0.59)%
   GtT1tN2taTAU1taN1_QqN2taTAU1taN1 : 2651.6698159 (0.54)%
              GbB1bN1_QqC1nTAU1taN1 : 2585.2861401 (0.53)%
              QqC1nTAU1taN1_QqN2hN1 : 2565.8330593 (0.53)%
  GbB1bN3wC1nTAU1taN1_QqC1nTAU1taN1 : 2302.8750291 (0.47)%
  GbB2tC2hC1nTAU1taN1_QqC1nTAU1taN1 : 2282.8102051 (0.47)%
 GbB2tC2wN2taTAU1taN1_QqC1nTAU1taN1 : 2266.2901595 (0.47)%
  GbB2tC2zC1nTAU1taN1_QqC1nTAU1taN1 : 2211.2239482 (0.45)%
              GtT2tN1_QqC1nTAU1taN1 : 2207.1990251 (0.45)%
  GtT2bC2hC1nTAU1taN1_QqC1nTAU1taN1 : 2196.2909518 (0.45)%
 GtT2bC2wN2taTAU1taN1_QqC1nTAU1taN1 : 2180.3970212 (0.45)%
  GtT2bC2zC1nTAU1taN1_QqC1nTAU1taN1 : 2127.4178374 (0.44)%
  GbB1bN4wC1nTAU1taN1_QqC1nTAU1taN1 : 1971.7071219 (0.40)%
 GtT2tN4wC1nTAU1taN1_QqN2taTAU1taN1 : 1737.8250037 (0.36)%
 GtT2tN4hN2taTAU1taN1_QqC1nTAU1taN1 : 1628.5314455 (0.33)%
                  C1nTAU1taN1_C1wN1 : 1569.2340807 (0.32)%
                 C1wN1_N2taTAU1taN1 : 1547.8066658 (0.32)%
                  TAU1taN1_TAU1taN1 : 1485.4082256 (0.31)%
                     GqQqN1_QqC1wN1 : 1481.2735399 (0.30)%
                QqN1_QqN2taTAU1taN1 : 1446.3485306 (0.30)%
  GbB2bN3wC1nTAU1taN1_QqC1nTAU1taN1 : 1439.2187576 (0.30)%
  GbB2bN4wC1nTAU1taN1_QqC1nTAU1taN1 : 1383.9784050 (0.28)%
             GbB1bN1_QqN2taTAU1taN1 : 1310.9812289 (0.27)%
             QqN2hN1_QqN2taTAU1taN1 : 1301.1167023 (0.27)%
     B1bN2taTAU1taN1_B1tC1nTAU1taN1 : 1239.2767797 (0.25)%
            GqQqN1_GtT1bC1nTAU1taN1 : 1206.6093019 (0.25)%
                  C1nTAU1taN1_N2hN1 : 1172.2198493 (0.24)%
 GbB1bN3wC1nTAU1taN1_QqN2taTAU1taN1 : 1167.7724523 (0.24)%
     GbB2tC2nTAU1taN1_QqC1nTAU1taN1 : 1164.3636268 (0.24)%
 GbB2tC2hC1nTAU1taN1_QqN2taTAU1taN1 : 1157.5977148 (0.24)%
GbB2tC2wN2taTAU1taN1_QqN2taTAU1taN1 : 1149.2205107 (0.24)%
            GbB1tC1nTAU1taN1_GqQqN1 : 1122.3540841 (0.23)%
 GbB2tC2zC1nTAU1taN1_QqN2taTAU1taN1 : 1121.2968050 (0.23)%
     GtT2bC2nTAU1taN1_QqC1nTAU1taN1 : 1120.2338645 (0.23)%
             GtT2tN1_QqN2taTAU1taN1 : 1119.2557935 (0.23)%
 GtT2bC2hC1nTAU1taN1_QqN2taTAU1taN1 : 1113.7243828 (0.23)%
                      GqQqN1_GqQqN1 : 1113.3266334 (0.23)%
GtT2bC2wN2taTAU1taN1_QqN2taTAU1taN1 : 1105.6646775 (0.23)%
 GtT2bC2zC1nTAU1taN1_QqN2taTAU1taN1 : 1078.7992894 (0.22)%
  GbB2wT1bC1nTAU1taN1_QqC1nTAU1taN1 : 1041.8908658 (0.21)%
 GbB1bN3zN2taTAU1taN1_QqC1nTAU1taN1 : 1038.0054723 (0.21)%
    GtT2tN4taTAU1taN1_QqC1nTAU1taN1 : 1031.2902611 (0.21)%
  GtT2hT1bC1nTAU1taN1_QqC1nTAU1taN1 : 1029.9160384 (0.21)%
 GbB1bN4wC1nTAU1taN1_QqN2taTAU1taN1 : 999.8394319 (0.21)%
  GtT2zT1bC1nTAU1taN1_QqC1nTAU1taN1 : 999.5179639 (0.21)%
      B1tC1nTAU1taN1_B1tC1nTAU1taN1 : 995.9370521 (0.20)%
           GbB2tC2wN1_QqC1nTAU1taN1 : 943.5293545 (0.19)%
 GbB1bN4hN2taTAU1taN1_QqC1nTAU1taN1 : 936.9585267 (0.19)%
           GtT2bC2wN1_QqC1nTAU1taN1 : 907.7692834 (0.19)%
    GbB1bN3taTAU1taN1_QqC1nTAU1taN1 : 841.8240274 (0.17)%
  GtT2tN3wC1nTAU1taN1_QqC1nTAU1taN1 : 829.5421636 (0.17)%
GtT2tN4hN2taTAU1taN1_QqN2taTAU1taN1 : 825.8173525 (0.17)%
           GtT1bC1nTAU1taN1_QqC1wN1 : 802.6927490 (0.16)%
           GtT1bC1wN1_QqC1nTAU1taN1 : 802.6927490 (0.16)%
    T1tN2taTAU1taN1_T1tN2taTAU1taN1 : 760.3770754 (0.16)%
           GbB1tC1nTAU1taN1_QqC1wN1 : 746.6422510 (0.15)%
           GbB1tC1wN1_QqC1nTAU1taN1 : 746.6422510 (0.15)%
 GbB2bN3wC1nTAU1taN1_QqN2taTAU1taN1 : 729.8181606 (0.15)%
  GtT1bC2hC1nTAU1taN1_QqC1nTAU1taN1 : 721.5231276 (0.15)%
 GtT1bC2wN2taTAU1taN1_QqC1nTAU1taN1 : 716.3016707 (0.15)%
 GbB2bN4wC1nTAU1taN1_QqN2taTAU1taN1 : 701.8061490 (0.14)%
  GtT1bC2zC1nTAU1taN1_QqC1nTAU1taN1 : 698.8970065 (0.14)%
           GbB1bN2taTAU1taN1_GqQqN1 : 698.2907967 (0.14)%
 GbB2bN4hN2taTAU1taN1_QqC1nTAU1taN1 : 657.6688561 (0.14)%
 GbB2bN3zN2taTAU1taN1_QqC1nTAU1taN1 : 648.7182011 (0.13)%
                        GqQqN1_QqN1 : 632.3713500 (0.13)%
  GbB1tC1nTAU1taN1_GtT1bC1nTAU1taN1 : 608.1965693 (0.12)%
            T1bC1nTAU1taN1_T1bC1wN1 : 606.9541734 (0.12)%
GbB2tC2taNUTwTAU1taN1_QqC1nTAU1taN1 : 606.7430796 (0.12)%
     GbB2tC1nTAU1taN1_QqC1nTAU1taN1 : 604.2211251 (0.12)%
    GbB1bN4taTAU1taN1_QqC1nTAU1taN1 : 593.3420607 (0.12)%
    GbB2tC2nTAU1taN1_QqN2taTAU1taN1 : 590.4409708 (0.12)%
GtT2bC2taNUTwTAU1taN1_QqC1nTAU1taN1 : 583.7473185 (0.12)%
           GtT2tN4hN1_QqC1nTAU1taN1 : 579.8666535 (0.12)%
    GbB2bN2taTAU1taN1_QqC1nTAU1taN1 : 573.6539943 (0.12)%
                     GqQqN1_QqN2hN1 : 568.8732060 (0.12)%
    GtT2bC2nTAU1taN1_QqN2taTAU1taN1 : 568.0630649 (0.12)%
     QqC1nTAU1taN1_QqC2hC1nTAU1taN1 : 551.0563807 (0.11)%
              GtT1tN1_QqC1nTAU1taN1 : 548.6921905 (0.11)%
    QqC1nTAU1taN1_QqC2wN2taTAU1taN1 : 547.0685430 (0.11)%
   T1bC1nTAU1taN1_T1bC2hC1nTAU1taN1 : 545.5779612 (0.11)%
  T1bC1nTAU1taN1_T1bC2wN2taTAU1taN1 : 541.6297693 (0.11)%
     QqC1nTAU1taN1_QqC2zC1nTAU1taN1 : 533.7758974 (0.11)%
   T1bC1nTAU1taN1_T1bC2zC1nTAU1taN1 : 528.4692747 (0.11)%
 GbB2wT1bC1nTAU1taN1_QqN2taTAU1taN1 : 528.3358567 (0.11)%
GbB1bN3zN2taTAU1taN1_QqN2taTAU1taN1 : 526.3655998 (0.11)%
    GbB2bN3taTAU1taN1_QqC1nTAU1taN1 : 526.1114544 (0.11)%
   GtT2tN4taTAU1taN1_QqN2taTAU1taN1 : 522.9603613 (0.11)%
 GtT2hT1bC1nTAU1taN1_QqN2taTAU1taN1 : 522.2635022 (0.11)%
 GtT2zT1bC1nTAU1taN1_QqN2taTAU1taN1 : 506.8488429 (0.10)%
          GbB2tC2wN1_QqN2taTAU1taN1 : 478.4573953 (0.10)%
------------------------------------------------------------
                                                  SUM=79.14%

SHOWING PROCESSES TO GET 90.00% SUSY COVERAGE
---------------  Output inclusive processes  ---------------
The total xsec = 487245.85 [fb]
The total rate = 100.00%
                                 Modes : xsec/fb      (rate)
          QqC1nTAU1taN1_QqN2taTAU1taN1 : 57384.8735578 (11.79)%
           QqC1nTAU1taN1_QqC1nTAU1taN1 : 56582.1672326 (11.62)%
              C1nTAU1taN1_N2taTAU1taN1 : 26216.7047814 (5.38)%
                  GqQqN1_QqC1nTAU1taN1 : 25089.7686098 (5.15)%
         QqN2taTAU1taN1_QqN2taTAU1taN1 : 14549.7418812 (2.99)%
        GtT1bC1nTAU1taN1_QqC1nTAU1taN1 : 13595.9866935 (2.79)%
               C1nTAU1taN1_C1nTAU1taN1 : 13289.8208600 (2.73)%
                 GqQqN1_QqN2taTAU1taN1 : 12722.8530621 (2.61)%
        GbB1tC1nTAU1taN1_QqC1nTAU1taN1 : 12646.6049694 (2.60)%
       GbB1bN2taTAU1taN1_QqC1nTAU1taN1 : 7868.2903946 (1.62)%
       GtT1bC1nTAU1taN1_QqN2taTAU1taN1 : 6894.4334890 (1.42)%
                 QqC1nTAU1taN1_QqC1wN1 : 6681.1032383 (1.37)%
       GbB1tC1nTAU1taN1_QqN2taTAU1taN1 : 6413.0083965 (1.32)%
       GtT1tN2taTAU1taN1_QqC1nTAU1taN1 : 5229.1558966 (1.07)%
         T1bC1nTAU1taN1_T1bC1nTAU1taN1 : 5140.2861652 (1.06)%
      GbB1bN2taTAU1taN1_QqN2taTAU1taN1 : 3989.9571852 (0.82)%
        T1bC1nTAU1taN1_T1tN2taTAU1taN1 : 3954.0135361 (0.81)%
     GtT2tN4wC1nTAU1taN1_QqC1nTAU1taN1 : 3427.0322085 (0.70)%
                QqC1wN1_QqN2taTAU1taN1 : 3387.9425560 (0.70)%
                    QqC1nTAU1taN1_QqN1 : 2852.2336763 (0.59)%
      GtT1tN2taTAU1taN1_QqN2taTAU1taN1 : 2651.6698159 (0.54)%
                 GbB1bN1_QqC1nTAU1taN1 : 2585.2861401 (0.53)%
                 QqC1nTAU1taN1_QqN2hN1 : 2565.8330593 (0.53)%
     GbB1bN3wC1nTAU1taN1_QqC1nTAU1taN1 : 2302.8750291 (0.47)%
     GbB2tC2hC1nTAU1taN1_QqC1nTAU1taN1 : 2282.8102051 (0.47)%
    GbB2tC2wN2taTAU1taN1_QqC1nTAU1taN1 : 2266.2901595 (0.47)%
     GbB2tC2zC1nTAU1taN1_QqC1nTAU1taN1 : 2211.2239482 (0.45)%
                 GtT2tN1_QqC1nTAU1taN1 : 2207.1990251 (0.45)%
     GtT2bC2hC1nTAU1taN1_QqC1nTAU1taN1 : 2196.2909518 (0.45)%
    GtT2bC2wN2taTAU1taN1_QqC1nTAU1taN1 : 2180.3970212 (0.45)%
     GtT2bC2zC1nTAU1taN1_QqC1nTAU1taN1 : 2127.4178374 (0.44)%
     GbB1bN4wC1nTAU1taN1_QqC1nTAU1taN1 : 1971.7071219 (0.40)%
    GtT2tN4wC1nTAU1taN1_QqN2taTAU1taN1 : 1737.8250037 (0.36)%
    GtT2tN4hN2taTAU1taN1_QqC1nTAU1taN1 : 1628.5314455 (0.33)%
                     C1nTAU1taN1_C1wN1 : 1569.2340807 (0.32)%
                    C1wN1_N2taTAU1taN1 : 1547.8066658 (0.32)%
                     TAU1taN1_TAU1taN1 : 1485.4082256 (0.31)%
                        GqQqN1_QqC1wN1 : 1481.2735399 (0.30)%
                   QqN1_QqN2taTAU1taN1 : 1446.3485306 (0.30)%
     GbB2bN3wC1nTAU1taN1_QqC1nTAU1taN1 : 1439.2187576 (0.30)%
     GbB2bN4wC1nTAU1taN1_QqC1nTAU1taN1 : 1383.9784050 (0.28)%
                GbB1bN1_QqN2taTAU1taN1 : 1310.9812289 (0.27)%
                QqN2hN1_QqN2taTAU1taN1 : 1301.1167023 (0.27)%
        B1bN2taTAU1taN1_B1tC1nTAU1taN1 : 1239.2767797 (0.25)%
               GqQqN1_GtT1bC1nTAU1taN1 : 1206.6093019 (0.25)%
                     C1nTAU1taN1_N2hN1 : 1172.2198493 (0.24)%
    GbB1bN3wC1nTAU1taN1_QqN2taTAU1taN1 : 1167.7724523 (0.24)%
        GbB2tC2nTAU1taN1_QqC1nTAU1taN1 : 1164.3636268 (0.24)%
    GbB2tC2hC1nTAU1taN1_QqN2taTAU1taN1 : 1157.5977148 (0.24)%
   GbB2tC2wN2taTAU1taN1_QqN2taTAU1taN1 : 1149.2205107 (0.24)%
               GbB1tC1nTAU1taN1_GqQqN1 : 1122.3540841 (0.23)%
    GbB2tC2zC1nTAU1taN1_QqN2taTAU1taN1 : 1121.2968050 (0.23)%
        GtT2bC2nTAU1taN1_QqC1nTAU1taN1 : 1120.2338645 (0.23)%
                GtT2tN1_QqN2taTAU1taN1 : 1119.2557935 (0.23)%
    GtT2bC2hC1nTAU1taN1_QqN2taTAU1taN1 : 1113.7243828 (0.23)%
                         GqQqN1_GqQqN1 : 1113.3266334 (0.23)%
   GtT2bC2wN2taTAU1taN1_QqN2taTAU1taN1 : 1105.6646775 (0.23)%
    GtT2bC2zC1nTAU1taN1_QqN2taTAU1taN1 : 1078.7992894 (0.22)%
     GbB2wT1bC1nTAU1taN1_QqC1nTAU1taN1 : 1041.8908658 (0.21)%
    GbB1bN3zN2taTAU1taN1_QqC1nTAU1taN1 : 1038.0054723 (0.21)%
       GtT2tN4taTAU1taN1_QqC1nTAU1taN1 : 1031.2902611 (0.21)%
     GtT2hT1bC1nTAU1taN1_QqC1nTAU1taN1 : 1029.9160384 (0.21)%
    GbB1bN4wC1nTAU1taN1_QqN2taTAU1taN1 : 999.8394319 (0.21)%
     GtT2zT1bC1nTAU1taN1_QqC1nTAU1taN1 : 999.5179639 (0.21)%
         B1tC1nTAU1taN1_B1tC1nTAU1taN1 : 995.9370521 (0.20)%
              GbB2tC2wN1_QqC1nTAU1taN1 : 943.5293545 (0.19)%
    GbB1bN4hN2taTAU1taN1_QqC1nTAU1taN1 : 936.9585267 (0.19)%
              GtT2bC2wN1_QqC1nTAU1taN1 : 907.7692834 (0.19)%
       GbB1bN3taTAU1taN1_QqC1nTAU1taN1 : 841.8240274 (0.17)%
     GtT2tN3wC1nTAU1taN1_QqC1nTAU1taN1 : 829.5421636 (0.17)%
   GtT2tN4hN2taTAU1taN1_QqN2taTAU1taN1 : 825.8173525 (0.17)%
              GtT1bC1nTAU1taN1_QqC1wN1 : 802.6927490 (0.16)%
              GtT1bC1wN1_QqC1nTAU1taN1 : 802.6927490 (0.16)%
       T1tN2taTAU1taN1_T1tN2taTAU1taN1 : 760.3770754 (0.16)%
              GbB1tC1nTAU1taN1_QqC1wN1 : 746.6422510 (0.15)%
              GbB1tC1wN1_QqC1nTAU1taN1 : 746.6422510 (0.15)%
    GbB2bN3wC1nTAU1taN1_QqN2taTAU1taN1 : 729.8181606 (0.15)%
     GtT1bC2hC1nTAU1taN1_QqC1nTAU1taN1 : 721.5231276 (0.15)%
    GtT1bC2wN2taTAU1taN1_QqC1nTAU1taN1 : 716.3016707 (0.15)%
    GbB2bN4wC1nTAU1taN1_QqN2taTAU1taN1 : 701.8061490 (0.14)%
     GtT1bC2zC1nTAU1taN1_QqC1nTAU1taN1 : 698.8970065 (0.14)%
              GbB1bN2taTAU1taN1_GqQqN1 : 698.2907967 (0.14)%
    GbB2bN4hN2taTAU1taN1_QqC1nTAU1taN1 : 657.6688561 (0.14)%
    GbB2bN3zN2taTAU1taN1_QqC1nTAU1taN1 : 648.7182011 (0.13)%
                           GqQqN1_QqN1 : 632.3713500 (0.13)%
     GbB1tC1nTAU1taN1_GtT1bC1nTAU1taN1 : 608.1965693 (0.12)%
               T1bC1nTAU1taN1_T1bC1wN1 : 606.9541734 (0.12)%
   GbB2tC2taNUTwTAU1taN1_QqC1nTAU1taN1 : 606.7430796 (0.12)%
        GbB2tC1nTAU1taN1_QqC1nTAU1taN1 : 604.2211251 (0.12)%
       GbB1bN4taTAU1taN1_QqC1nTAU1taN1 : 593.3420607 (0.12)%
       GbB2tC2nTAU1taN1_QqN2taTAU1taN1 : 590.4409708 (0.12)%
   GtT2bC2taNUTwTAU1taN1_QqC1nTAU1taN1 : 583.7473185 (0.12)%
              GtT2tN4hN1_QqC1nTAU1taN1 : 579.8666535 (0.12)%
       GbB2bN2taTAU1taN1_QqC1nTAU1taN1 : 573.6539943 (0.12)%
                        GqQqN1_QqN2hN1 : 568.8732060 (0.12)%
       GtT2bC2nTAU1taN1_QqN2taTAU1taN1 : 568.0630649 (0.12)%
        QqC1nTAU1taN1_QqC2hC1nTAU1taN1 : 551.0563807 (0.11)%
                 GtT1tN1_QqC1nTAU1taN1 : 548.6921905 (0.11)%
       QqC1nTAU1taN1_QqC2wN2taTAU1taN1 : 547.0685430 (0.11)%
      T1bC1nTAU1taN1_T1bC2hC1nTAU1taN1 : 545.5779612 (0.11)%
     T1bC1nTAU1taN1_T1bC2wN2taTAU1taN1 : 541.6297693 (0.11)%
        QqC1nTAU1taN1_QqC2zC1nTAU1taN1 : 533.7758974 (0.11)%
      T1bC1nTAU1taN1_T1bC2zC1nTAU1taN1 : 528.4692747 (0.11)%
    GbB2wT1bC1nTAU1taN1_QqN2taTAU1taN1 : 528.3358567 (0.11)%
   GbB1bN3zN2taTAU1taN1_QqN2taTAU1taN1 : 526.3655998 (0.11)%
       GbB2bN3taTAU1taN1_QqC1nTAU1taN1 : 526.1114544 (0.11)%
      GtT2tN4taTAU1taN1_QqN2taTAU1taN1 : 522.9603613 (0.11)%
    GtT2hT1bC1nTAU1taN1_QqN2taTAU1taN1 : 522.2635022 (0.11)%
    GtT2zT1bC1nTAU1taN1_QqN2taTAU1taN1 : 506.8488429 (0.10)%
             GbB2tC2wN1_QqN2taTAU1taN1 : 478.4573953 (0.10)%
                 QqC1nTAU1taN1_QqN2zN1 : 478.0567851 (0.10)%
   GbB1bN4hN2taTAU1taN1_QqN2taTAU1taN1 : 475.1253727 (0.10)%
             GbB1bN2taTAU1taN1_QqC1wN1 : 464.5355861 (0.10)%
              GqQqN1_GtT1tN2taTAU1taN1 : 464.0743102 (0.10)%
             N2taTAU1taN1_N2taTAU1taN1 : 460.5749763 (0.09)%
             GtT2bC2wN1_QqN2taTAU1taN1 : 460.3237035 (0.09)%
                                 N1_N1 : 457.5430672 (0.09)%
      GbB1bN3taTAU1taN1_QqN2taTAU1taN1 : 426.8833073 (0.09)%
    GtT2tN3wC1nTAU1taN1_QqN2taTAU1taN1 : 420.6552567 (0.09)%
       GbB2bN4taTAU1taN1_QqC1nTAU1taN1 : 416.4779797 (0.09)%
                  T1bC1nTAU1taN1_T1tN1 : 414.8922678 (0.09)%
              GbB1bN3zN1_QqC1nTAU1taN1 : 412.2400239 (0.08)%
                  B1bN1_B1tC1nTAU1taN1 : 407.1894810 (0.08)%
             GtT1bC1wN1_QqN2taTAU1taN1 : 407.0400991 (0.08)%
    GbB2wT1tN2taTAU1taN1_QqC1nTAU1taN1 : 400.7219106 (0.08)%
    GtT2hT1tN2taTAU1taN1_QqC1nTAU1taN1 : 396.1162692 (0.08)%
       B1bN2taTAU1taN1_B1bN2taTAU1taN1 : 385.5180741 (0.08)%
    GtT2zT1tN2taTAU1taN1_QqC1nTAU1taN1 : 384.4248581 (0.08)%
             GbB1tC1wN1_QqN2taTAU1taN1 : 378.6172681 (0.08)%
    GbB1bN2taTAU1taN1_GtT1bC1nTAU1taN1 : 378.3993598 (0.08)%
    GtT2tN3zN2taTAU1taN1_QqC1nTAU1taN1 : 373.9105659 (0.08)%
        GtT1bC2nTAU1taN1_QqC1nTAU1taN1 : 368.0180173 (0.08)%
        QqC1nTAU1taN1_QqN4wC1nTAU1taN1 : 366.7327241 (0.08)%
    GtT1bC2hC1nTAU1taN1_QqN2taTAU1taN1 : 365.8795294 (0.08)%
   GtT1bC2wN2taTAU1taN1_QqN2taTAU1taN1 : 363.2317638 (0.07)%
      B1bN3wC1nTAU1taN1_B1tC1nTAU1taN1 : 362.7089758 (0.07)%
    GtT1bC2zC1nTAU1taN1_QqN2taTAU1taN1 : 354.4059755 (0.07)%
    GbB1bN2taTAU1taN1_GbB1tC1nTAU1taN1 : 351.9764569 (0.07)%
              GbB1bN2hN1_QqC1nTAU1taN1 : 351.8125660 (0.07)%
                 GtT1bC1nTAU1taN1_QqN1 : 342.6780292 (0.07)%
              GbB1bN4hN1_QqC1nTAU1taN1 : 333.6202116 (0.07)%
   GbB2bN4hN2taTAU1taN1_QqN2taTAU1taN1 : 333.4994575 (0.07)%
   GbB2bN3zN2taTAU1taN1_QqN2taTAU1taN1 : 328.9606405 (0.07)%
     GtT1bC1nTAU1taN1_GtT1bC1nTAU1taN1 : 326.9269691 (0.07)%
                 GbB1tC1nTAU1taN1_QqN1 : 318.7494784 (0.07)%
      B1bN4wC1nTAU1taN1_B1tC1nTAU1taN1 : 310.5491447 (0.06)%
             GtT1tN2taTAU1taN1_QqC1wN1 : 308.7238622 (0.06)%
              GtT1bC1nTAU1taN1_QqN2hN1 : 308.2687871 (0.06)%
  GbB2tC2taNUTwTAU1taN1_QqN2taTAU1taN1 : 307.6753385 (0.06)%
       GbB2tC1nTAU1taN1_QqN2taTAU1taN1 : 306.3964723 (0.06)%
            GqQqN1_GtT2tN4wC1nTAU1taN1 : 304.1404080 (0.06)%
       GtT2tN3taTAU1taN1_QqC1nTAU1taN1 : 303.2420414 (0.06)%
      GbB1bN4taTAU1taN1_QqN2taTAU1taN1 : 300.8797718 (0.06)%
              GtT1bC2wN1_QqC1nTAU1taN1 : 298.2193830 (0.06)%
  GtT2bC2taNUTwTAU1taN1_QqN2taTAU1taN1 : 296.0143425 (0.06)%
             GtT2tN4hN1_QqN2taTAU1taN1 : 294.0464834 (0.06)%
      GbB2bN2taTAU1taN1_QqN2taTAU1taN1 : 290.8960856 (0.06)%
              GbB1tC1nTAU1taN1_QqN2hN1 : 286.7429678 (0.06)%
     GbB1tC1nTAU1taN1_GbB1tC1nTAU1taN1 : 282.8636836 (0.06)%
           QqC1nTAU1taN1_QqC2nTAU1taN1 : 281.0702373 (0.06)%
       QqC2hC1nTAU1taN1_QqN2taTAU1taN1 : 279.4369876 (0.06)%
         T1bC1nTAU1taN1_T1bC2nTAU1taN1 : 278.2759303 (0.06)%
                GtT1tN1_QqN2taTAU1taN1 : 278.2381227 (0.06)%
      QqC2wN2taTAU1taN1_QqN2taTAU1taN1 : 277.4147819 (0.06)%
       QqC2zC1nTAU1taN1_QqN2taTAU1taN1 : 270.6741707 (0.06)%
      GbB2bN3taTAU1taN1_QqN2taTAU1taN1 : 266.7875831 (0.05)%
              GbB2bN3zN1_QqC1nTAU1taN1 : 257.6360278 (0.05)%
                 B1bN1_B1bN2taTAU1taN1 : 253.3395397 (0.05)%
  GtT2tN4taTAU2zTAU1taN1_QqC1nTAU1taN1 : 252.1659196 (0.05)%
    GtT1bC1nTAU1taN1_GtT1tN2taTAU1taN1 : 251.4789293 (0.05)%
                QqN2taTAU1taN1_QqN2zN1 : 242.4193833 (0.05)%
             GbB2tC2hpN1_QqC1nTAU1taN1 : 235.7905410 (0.05)%
              GbB2bN4hN1_QqC1nTAU1taN1 : 234.1743168 (0.05)%
    GbB1tC1nTAU1taN1_GtT1tN2taTAU1taN1 : 233.9186371 (0.05)%
              GtT1tN2hN1_QqC1nTAU1taN1 : 233.8097174 (0.05)%
              T1bC1wN1_T1tN2taTAU1taN1 : 233.4407989 (0.05)%
                        GbB1bN1_GqQqN1 : 229.4375815 (0.05)%
                 QqC1nTAU1taN1_QqC2wN1 : 227.7621986 (0.05)%
             GtT2bC2hpN1_QqC1nTAU1taN1 : 226.8540024 (0.05)%
     B1bN2taTAU1taN1_B1bN3wC1nTAU1taN1 : 225.6652720 (0.05)%
               T1bC1nTAU1taN1_T1bC2wN1 : 225.4978624 (0.05)%
                     C1nTAU1taN1_N2zN1 : 218.4037853 (0.04)%
      GbB2bN4taTAU1taN1_QqN2taTAU1taN1 : 211.1931848 (0.04)%
     T1bC2hC1nTAU1taN1_T1tN2taTAU1taN1 : 209.8348783 (0.04)%
             GbB1bN3zN1_QqN2taTAU1taN1 : 209.0441459 (0.04)%
    T1bC2wN2taTAU1taN1_T1tN2taTAU1taN1 : 208.3163632 (0.04)%
            GbB1bN3wC1nTAU1taN1_GqQqN1 : 204.3743123 (0.04)%
     T1bC2zC1nTAU1taN1_T1tN2taTAU1taN1 : 203.2547020 (0.04)%
   GbB2wT1tN2taTAU1taN1_QqN2taTAU1taN1 : 203.2033881 (0.04)%
            GbB2tC2hC1nTAU1taN1_GqQqN1 : 202.5936102 (0.04)%
           GtT2tN4wC1nTAU1taN1_QqC1wN1 : 202.3283758 (0.04)%
           GtT2tN4wC1wN1_QqC1nTAU1taN1 : 202.3283758 (0.04)%
           GbB2tC2wN2taTAU1taN1_GqQqN1 : 201.1274980 (0.04)%
   GtT2hT1tN2taTAU1taN1_QqN2taTAU1taN1 : 200.8678983 (0.04)%
                GbB1bN2taTAU1taN1_QqN1 : 198.3151577 (0.04)%
                       QqC1wN1_QqC1wN1 : 197.2226528 (0.04)%
            GbB2tC2zC1nTAU1taN1_GqQqN1 : 196.2405116 (0.04)%
                        GqQqN1_GtT2tN1 : 195.8833099 (0.04)%
   GtT2zT1tN2taTAU1taN1_QqN2taTAU1taN1 : 194.9392622 (0.04)%
            GqQqN1_GtT2bC2hC1nTAU1taN1 : 194.9152461 (0.04)%
         GbB2tC2taNUTnN1_QqC1nTAU1taN1 : 194.4645188 (0.04)%
           GqQqN1_GtT2bC2wN2taTAU1taN1 : 193.5047001 (0.04)%
     B1bN2taTAU1taN1_B1bN4wC1nTAU1taN1 : 193.2131871 (0.04)%
             GtT2tN4h2N1_QqC1nTAU1taN1 : 192.6467102 (0.04)%
   GtT1bC2taNUTwTAU1taN1_QqC1nTAU1taN1 : 191.7720376 (0.04)%
   GtT2tN3zN2taTAU1taN1_QqN2taTAU1taN1 : 189.6075353 (0.04)%
              GtT2tN4zN1_QqC1nTAU1taN1 : 189.1821177 (0.04)%
            GqQqN1_GtT2bC2zC1nTAU1taN1 : 188.8029320 (0.04)%
         GtT2bC2taNUTnN1_QqC1nTAU1taN1 : 187.0942499 (0.04)%
       GtT1bC2nTAU1taN1_QqN2taTAU1taN1 : 186.6194636 (0.04)%
       QqN2taTAU1taN1_QqN4wC1nTAU1taN1 : 185.9677000 (0.04)%
  GtT2tN4taTAU2hTAU1taN1_QqC1nTAU1taN1 : 185.7587545 (0.04)%
             GbB1bN2hN1_QqN2taTAU1taN1 : 178.4017881 (0.04)%
             GbB1bN2taTAU1taN1_QqN2hN1 : 178.4017881 (0.04)%
     GbB1tC2hC1nTAU1taN1_QqC1nTAU1taN1 : 176.8587261 (0.04)%
               T1bC1nTAU1taN1_T1tN2hN1 : 176.7946502 (0.04)%
    GbB1tC2wN2taTAU1taN1_QqC1nTAU1taN1 : 175.5788500 (0.04)%
            GbB1bN4wC1nTAU1taN1_GqQqN1 : 174.9840013 (0.04)%
       QqC1nTAU1taN1_QqN4hN2taTAU1taN1 : 174.2720047 (0.04)%
       GtT2tN4taTAU2taN1_QqC1nTAU1taN1 : 174.0961405 (0.04)%
     GbB1tC2zC1nTAU1taN1_QqC1nTAU1taN1 : 171.3126434 (0.04)%
             GbB1bN4hN1_QqN2taTAU1taN1 : 169.1765674 (0.03)%
                          QqC1wN1_QqN1 : 168.3928752 (0.03)%
  GtT1bC1nTAU1taN1_GtT2tN4wC1nTAU1taN1 : 164.8117607 (0.03)%
     B1bN3zN2taTAU1taN1_B1tC1nTAU1taN1 : 163.4886379 (0.03)%
                 T1tN1_T1tN2taTAU1taN1 : 159.5718205 (0.03)%
      GtT2tN3taTAU1taN1_QqN2taTAU1taN1 : 153.7720015 (0.03)%
                        C1nTAU1taN1_N1 : 153.5691876 (0.03)%
  GbB1tC1nTAU1taN1_GtT2tN4wC1nTAU1taN1 : 153.3032710 (0.03)%
                       GbB1bN1_QqC1wN1 : 152.6325735 (0.03)%
                       QqC1wN1_QqN2hN1 : 151.4840841 (0.03)%
             GtT1bC2wN1_QqN2taTAU1taN1 : 151.2250451 (0.03)%
    GtT2tN4zN2taTAU1taN1_QqC1nTAU1taN1 : 150.2312014 (0.03)%
  GbB1bN3taTAU2zTAU1taN1_QqC1nTAU1taN1 : 149.6567675 (0.03)%
              GtT2tN3zN1_QqC1nTAU1taN1 : 148.4971946 (0.03)%
     B1bN4hN2taTAU1taN1_B1tC1nTAU1taN1 : 147.5734737 (0.03)%
      QqC1nTAU1taN1_QqC2taNUTwTAU1taN1 : 146.4640576 (0.03)%
   GbB1bN2taTAU1taN1_GtT1tN2taTAU1taN1 : 145.5362739 (0.03)%
  GbB1bN4taTAU2zTAU1taN1_QqC1nTAU1taN1 : 145.0810233 (0.03)%
    T1bC1nTAU1taN1_T1bC2taNUTwTAU1taN1 : 145.0079606 (0.03)%
           GqQqN1_GtT2tN4hN2taTAU1taN1 : 144.5280313 (0.03)%
          QqC2nTAU1taN1_QqN2taTAU1taN1 : 142.5288286 (0.03)%
           GbB1bN3wC1nTAU1taN1_QqC1wN1 : 135.9593187 (0.03)%
           GbB1bN3wC1wN1_QqC1nTAU1taN1 : 135.9593187 (0.03)%
           GbB2tC2hC1nTAU1taN1_QqC1wN1 : 134.7747126 (0.03)%
           GbB2tC2hC1wN1_QqC1nTAU1taN1 : 134.7747126 (0.03)%
             GbB1bN3h3N1_QqC1nTAU1taN1 : 134.7720143 (0.03)%
          GbB2tC2wN2taTAU1taN1_QqC1wN1 : 133.7993865 (0.03)%
        B1bN3taTAU1taN1_B1tC1nTAU1taN1 : 132.5895356 (0.03)%
                GtT1tN2taTAU1taN1_QqN1 : 131.7974839 (0.03)%
             GbB2bN3zN1_QqN2taTAU1taN1 : 130.6454984 (0.03)%
           GbB2tC2zC1wN1_QqC1nTAU1taN1 : 130.5483353 (0.03)%
           GbB2tC2zC1nTAU1taN1_QqC1wN1 : 130.5483353 (0.03)%
                       GtT2tN1_QqC1wN1 : 130.3107081 (0.03)%
           GtT2bC2hC1nTAU1taN1_QqC1wN1 : 129.6667069 (0.03)%
           GtT2bC2hC1wN1_QqC1nTAU1taN1 : 129.6667069 (0.03)%
          GtT2bC2wN2taTAU1taN1_QqC1wN1 : 128.7283460 (0.03)%
 GtT2tN4taTAU2zTAU1taN1_QqN2taTAU1taN1 : 127.8716433 (0.03)%
            GbB2bN3wC1nTAU1taN1_GqQqN1 : 127.7270109 (0.03)%
              GbB1bN3hN1_QqC1nTAU1taN1 : 126.9551817 (0.03)%
           GtT2bC2zC1nTAU1taN1_QqC1wN1 : 125.6005107 (0.03)%
           GtT2bC2zC1wN1_QqC1nTAU1taN1 : 125.6005107 (0.03)%
              GbB1bN1_GtT1bC1nTAU1taN1 : 124.3307722 (0.03)%
            GbB2bN4wC1nTAU1taN1_GqQqN1 : 122.8245698 (0.03)%
               GqQqN1_QqC2hC1nTAU1taN1 : 122.1752167 (0.03)%
              GqQqN1_QqC2wN2taTAU1taN1 : 121.2910695 (0.02)%
            GbB2tC2hpN1_QqN2taTAU1taN1 : 119.5677989 (0.02)%
             GbB2bN4hN1_QqN2taTAU1taN1 : 118.7482225 (0.02)%
             GtT1tN2hN1_QqN2taTAU1taN1 : 118.5633365 (0.02)%
             GtT1tN2taTAU1taN1_QqN2hN1 : 118.5633365 (0.02)%
               GqQqN1_QqC2zC1nTAU1taN1 : 118.3439448 (0.02)%
               B1tC1nTAU1taN1_B1tC1wN1 : 117.5981513 (0.02)%
           GbB1bN4wC1nTAU1taN1_QqC1wN1 : 116.4075139 (0.02)%
           GbB1bN4wC1wN1_QqC1nTAU1taN1 : 116.4075139 (0.02)%
              GbB1bN1_GbB1tC1nTAU1taN1 : 115.6489923 (0.02)%
                QqC2wN1_QqN2taTAU1taN1 : 115.4966804 (0.02)%
            GtT2bC2hpN1_QqN2taTAU1taN1 : 115.0361402 (0.02)%
         C2hC1nTAU1taN1_N3wC1nTAU1taN1 : 112.6290180 (0.02)%
        C2wN2taTAU1taN1_N3wC1nTAU1taN1 : 111.8139539 (0.02)%
             GbB1bN4h2N1_QqC1nTAU1taN1 : 110.8372690 (0.02)%
  GbB1bN3wC1nTAU1taN1_GtT1bC1nTAU1taN1 : 110.7491454 (0.02)%
   GbB2tC2nTAU2zTAU1taN1_QqC1nTAU1taN1 : 110.4919182 (0.02)%
          QqC1nTAU1taN1_QqN4taTAU1taN1 : 110.3601786 (0.02)%
  GbB1bN3taTAU2hTAU1taN1_QqC1nTAU1taN1 : 110.2450909 (0.02)%
  GbB2tC2hC1nTAU1taN1_GtT1bC1nTAU1taN1 : 109.7841941 (0.02)%
         C2hC1nTAU1taN1_N4wC1nTAU1taN1 : 109.5350745 (0.02)%
   GbB1bN2taTAU1taN1_GbB1bN2taTAU1taN1 : 109.4939306 (0.02)%
         C2zC1nTAU1taN1_N3wC1nTAU1taN1 : 109.0971038 (0.02)%
 GbB2tC2wN2taTAU1taN1_GtT1bC1nTAU1taN1 : 108.9897173 (0.02)%
              GbB1bN4zN1_QqC1nTAU1taN1 : 108.8439519 (0.02)%
        C2wN2taTAU1taN1_N4wC1nTAU1taN1 : 108.7424004 (0.02)%
        T1bC2nTAU1taN1_T1tN2taTAU1taN1 : 107.0277763 (0.02)%
  GbB1bN4taTAU2hTAU1taN1_QqC1nTAU1taN1 : 106.8743557 (0.02)%
  GbB2tC2zC1nTAU1taN1_GtT1bC1nTAU1taN1 : 106.3414903 (0.02)%
   GtT2bC2nTAU2zTAU1taN1_QqC1nTAU1taN1 : 106.3042383 (0.02)%
              GtT1bC1nTAU1taN1_GtT2tN1 : 106.1479249 (0.02)%
         C2zC1nTAU1taN1_N4wC1nTAU1taN1 : 106.1001827 (0.02)%
                        GqQqN1_QqN2zN1 : 105.9904092 (0.02)%
  GtT1bC1nTAU1taN1_GtT2bC2hC1nTAU1taN1 : 105.6233373 (0.02)%
 GtT1bC1nTAU1taN1_GtT2bC2wN2taTAU1taN1 : 104.8589713 (0.02)%
  B2tC2hC1nTAU1taN1_B2tC2wN2taTAU1taN1 : 104.4788414 (0.02)%
               GbB2tC2nTAU1taN1_GqQqN1 : 103.3343158 (0.02)%
       GbB1bN3taTAU2taN1_QqC1nTAU1taN1 : 103.3235009 (0.02)%
  GbB1bN3wC1nTAU1taN1_GbB1tC1nTAU1taN1 : 103.0157446 (0.02)%
          GtT2tN4wC1wN1_QqN2taTAU1taN1 : 102.5993597 (0.02)%
  GtT1bC1nTAU1taN1_GtT2bC2zC1nTAU1taN1 : 102.3111130 (0.02)%
  GbB1tC1nTAU1taN1_GbB2tC2hC1nTAU1taN1 : 102.1181740 (0.02)%
   B2tC2hC1nTAU1taN1_B2tC2zC1nTAU1taN1 : 101.9402195 (0.02)%
  GbB2bN4taTAU2zTAU1taN1_QqC1nTAU1taN1 : 101.8351057 (0.02)%
    B1bN2taTAU1taN1_B1bN3zN2taTAU1taN1 : 101.7171076 (0.02)%
 GbB1tC1nTAU1taN1_GbB2tC2wN2taTAU1taN1 : 101.3791740 (0.02)%
           GbB2tC2wN2hN1_QqC1nTAU1taN1 : 101.3319687 (0.02)%
  B2tC2wN2taTAU1taN1_B2tC2zC1nTAU1taN1 : 101.2025072 (0.02)%
         N3wC1nTAU1taN1_N4wC1nTAU1taN1 : 100.7691829 (0.02)%
       GbB1bN4taTAU2taN1_QqC1nTAU1taN1 : 100.1643927 (0.02)%
               GqQqN1_GtT2bC2nTAU1taN1 : 99.4179115 (0.02)%
  GbB1tC1nTAU1taN1_GbB2tC2zC1nTAU1taN1 : 98.9158676 (0.02)%
              GbB1tC1nTAU1taN1_GtT2tN1 : 98.7358185 (0.02)%
        GbB2tC2taNUTnN1_QqN2taTAU1taN1 : 98.6116507 (0.02)%
  GbB1tC1nTAU1taN1_GtT2bC2hC1nTAU1taN1 : 98.2478618 (0.02)%
            GtT2tN4h2N1_QqN2taTAU1taN1 : 97.6898522 (0.02)%
 GbB1tC1nTAU1taN1_GtT2bC2wN2taTAU1taN1 : 97.5368701 (0.02)%
           GtT2bC2wN2hN1_QqC1nTAU1taN1 : 97.4914540 (0.02)%
  GtT1bC2taNUTwTAU1taN1_QqN2taTAU1taN1 : 97.2463116 (0.02)%
     GtT2wB1tC1nTAU1taN1_QqC1nTAU1taN1 : 96.5428565 (0.02)%
          GtT2tN4hN2taTAU1taN1_QqC1wN1 : 96.1467830 (0.02)%
             GtT2tN4zN1_QqN2taTAU1taN1 : 95.9329806 (0.02)%
 GbB1bN2taTAU1taN1_GtT2tN4wC1nTAU1taN1 : 95.3801164 (0.02)%
  GbB1tC1nTAU1taN1_GtT2bC2zC1nTAU1taN1 : 95.1669238 (0.02)%
        GtT2bC2taNUTnN1_QqN2taTAU1taN1 : 94.8742369 (0.02)%
  GbB1bN4wC1nTAU1taN1_GtT1bC1nTAU1taN1 : 94.8227220 (0.02)%
 GtT2tN4taTAU2hTAU1taN1_QqN2taTAU1taN1 : 94.1970162 (0.02)%
  GbB2bN3taTAU2zTAU1taN1_QqC1nTAU1taN1 : 93.5304019 (0.02)%
        B1bN4taTAU1taN1_B1tC1nTAU1taN1 : 93.4529614 (0.02)%
            GbB2wT1bC1nTAU1taN1_GqQqN1 : 92.4651692 (0.02)%
           GbB1bN3zN2taTAU1taN1_GqQqN1 : 92.1203504 (0.02)%
    B1bN2taTAU1taN1_B1bN4hN2taTAU1taN1 : 91.8152301 (0.02)%
              GqQqN1_GtT2tN4taTAU1taN1 : 91.5243925 (0.02)%
            GqQqN1_GtT2hT1bC1nTAU1taN1 : 91.4024337 (0.02)%
        GbB1tC2nTAU1taN1_QqC1nTAU1taN1 : 90.2080547 (0.02)%
    GbB1tC2hC1nTAU1taN1_QqN2taTAU1taN1 : 89.6838715 (0.02)%
   GbB1tC2wN2taTAU1taN1_QqN2taTAU1taN1 : 89.0348550 (0.02)%
            GqQqN1_GtT2zT1bC1nTAU1taN1 : 88.7046817 (0.02)%
      QqN2taTAU1taN1_QqN4hN2taTAU1taN1 : 88.3721625 (0.02)%
      GtT2tN4taTAU2taN1_QqN2taTAU1taN1 : 88.2829829 (0.02)%
  GbB1bN4wC1nTAU1taN1_GbB1tC1nTAU1taN1 : 88.2014328 (0.02)%
    GbB1tC2zC1nTAU1taN1_QqN2taTAU1taN1 : 86.8714903 (0.02)%
              T1bC2wN1_T1tN2taTAU1taN1 : 86.7287902 (0.02)%
    GbB1bN4zN2taTAU1taN1_QqC1nTAU1taN1 : 86.4339498 (0.02)%
              GtT2tN4wC1nTAU1taN1_QqN1 : 86.3761248 (0.02)%
           GbB2bN3wC1nTAU1taN1_QqC1wN1 : 84.9699611 (0.02)%
           GbB2bN3wC1wN1_QqC1nTAU1taN1 : 84.9699611 (0.02)%
             GbB2bN3h3N1_QqC1nTAU1taN1 : 84.2279362 (0.02)%
                     GbB2tC2wN1_GqQqN1 : 83.7358348 (0.02)%
           GbB1bN4hN2taTAU1taN1_GqQqN1 : 83.1526905 (0.02)%
       B1bN2taTAU1taN1_B1bN3taTAU1taN1 : 82.4927300 (0.02)%
           GbB2bN4wC1wN1_QqC1nTAU1taN1 : 81.7086288 (0.02)%
           GbB2bN4wC1nTAU1taN1_QqC1wN1 : 81.7086288 (0.02)%
   GbB2tC2nTAU2hTAU1taN1_QqC1nTAU1taN1 : 81.3941913 (0.02)%
               GqQqN1_QqN4wC1nTAU1taN1 : 81.3086493 (0.02)%
    GbB1bN3hN2taTAU1taN1_QqC1nTAU1taN1 : 81.0671534 (0.02)%
                     GqQqN1_GtT2bC2wN1 : 80.5622193 (0.02)%
               T2tN1_T2tN4wC1nTAU1taN1 : 79.8596109 (0.02)%
   T2bC2hC1nTAU1taN1_T2tN4wC1nTAU1taN1 : 79.4649413 (0.02)%
              GbB2bN3hN1_QqC1nTAU1taN1 : 79.3426810 (0.02)%
  T2bC2wN2taTAU1taN1_T2tN4wC1nTAU1taN1 : 78.8898762 (0.02)%
 GtT1bC1nTAU1taN1_GtT2tN4hN2taTAU1taN1 : 78.3188247 (0.02)%
   GtT2bC2nTAU2hTAU1taN1_QqC1nTAU1taN1 : 78.3093249 (0.02)%
             GbB2bN4h2N1_QqC1nTAU1taN1 : 77.7987689 (0.02)%
           GtT2tN4wC1nTAU1taN1_QqN2hN1 : 77.7028609 (0.02)%
   T2bC2zC1nTAU1taN1_T2tN4wC1nTAU1taN1 : 76.9730137 (0.02)%
              GbB2bN4zN1_QqC1nTAU1taN1 : 76.3996221 (0.02)%
        GbB2tC2nTAU2taN1_QqC1nTAU1taN1 : 76.2839663 (0.02)%
   GtT2tN4zN2taTAU1taN1_QqN2taTAU1taN1 : 76.1812327 (0.02)%
 GbB1bN3taTAU2zTAU1taN1_QqN2taTAU1taN1 : 75.8899411 (0.02)%
             GtT2tN3zN1_QqN2taTAU1taN1 : 75.3019295 (0.02)%
  GbB2bN4taTAU2hTAU1taN1_QqC1nTAU1taN1 : 75.0171254 (0.02)%
              GbB1bN3taTAU1taN1_GqQqN1 : 74.7097452 (0.02)%
             GtT1bC2hpN1_QqC1nTAU1taN1 : 74.5258315 (0.02)%
     QqC2taNUTwTAU1taN1_QqN2taTAU1taN1 : 74.2709394 (0.02)%
               B1bN1_B1bN3wC1nTAU1taN1 : 74.1468948 (0.02)%
            GqQqN1_GtT2tN3wC1nTAU1taN1 : 73.6197610 (0.02)%
 GbB1bN4taTAU2zTAU1taN1_QqN2taTAU1taN1 : 73.5696120 (0.02)%
        GtT2bC2nTAU2taN1_QqC1nTAU1taN1 : 73.3927790 (0.02)%
              B1bN2taTAU1taN1_B1tC1wN1 : 73.1655971 (0.02)%
              GbB1tC2wN1_QqC1nTAU1taN1 : 73.0991124 (0.02)%
 GbB1tC1nTAU1taN1_GtT2tN4hN2taTAU1taN1 : 72.8499711 (0.01)%
           GtT2tN4hN2hN1_QqC1nTAU1taN1 : 72.8160500 (0.01)%
             GbB1bN1_GbB1bN2taTAU1taN1 : 71.9528963 (0.01)%
                     GqQqN1_GtT1bC1wN1 : 71.2369436 (0.01)%
       GbB2bN4taTAU2taN1_QqC1nTAU1taN1 : 70.3072758 (0.01)%
  GbB2bN3wC1nTAU1taN1_GtT1bC1nTAU1taN1 : 69.2144582 (0.01)%
                           C1wN1_N2hN1 : 69.2066265 (0.01)%
          GbB1bN3wC1wN1_QqN2taTAU1taN1 : 68.9440569 (0.01)%
  GbB2bN3taTAU2hTAU1taN1_QqC1nTAU1taN1 : 68.8994413 (0.01)%
              GbB2tC2nTAU1taN1_QqC1wN1 : 68.7428034 (0.01)%
          GbB2tC2hC1wN1_QqN2taTAU1taN1 : 68.3433511 (0.01)%
            GbB1bN3h3N1_QqN2taTAU1taN1 : 68.3419828 (0.01)%
              T1tN2hN1_T1tN2taTAU1taN1 : 67.9970353 (0.01)%
  GbB2bN4wC1nTAU1taN1_GtT1bC1nTAU1taN1 : 66.5578564 (0.01)%
   B2bN3wC1nTAU1taN1_B2tC2hC1nTAU1taN1 : 66.3498042 (0.01)%
                     GbB1tC1wN1_GqQqN1 : 66.2626042 (0.01)%
     GtT1bC1nTAU1taN1_QqC2hC1nTAU1taN1 : 66.2059761 (0.01)%
          GbB2tC2zC1wN1_QqN2taTAU1taN1 : 66.2001836 (0.01)%
              GtT2bC2nTAU1taN1_QqC1wN1 : 66.1374287 (0.01)%
  B2bN3wC1nTAU1taN1_B2tC2wN2taTAU1taN1 : 65.8696496 (0.01)%
          GtT2bC2hC1wN1_QqN2taTAU1taN1 : 65.7531157 (0.01)%
    GtT1bC1nTAU1taN1_QqC2wN2taTAU1taN1 : 65.7268623 (0.01)%
              GbB1bN2zN1_QqC1nTAU1taN1 : 65.5484517 (0.01)%
                          GbB1bN1_QqN1 : 65.1604609 (0.01)%
               B1bN3zN1_B1tC1nTAU1taN1 : 64.9289062 (0.01)%
                          QqN1_QqN2hN1 : 64.6701586 (0.01)%
       GbB2bN3taTAU2taN1_QqC1nTAU1taN1 : 64.5736823 (0.01)%
  GbB1tC1nTAU1taN1_GbB2bN3wC1nTAU1taN1 : 64.3813451 (0.01)%
             GbB1bN3hN1_QqN2taTAU1taN1 : 64.3781195 (0.01)%
   B2bN3wC1nTAU1taN1_B2tC2zC1nTAU1taN1 : 64.2691520 (0.01)%
     GtT1bC1nTAU1taN1_QqC2zC1nTAU1taN1 : 64.1298341 (0.01)%
 GbB1bN2taTAU1taN1_GbB1bN3wC1nTAU1taN1 : 64.0929163 (0.01)%
            GqQqN1_GtT1bC2hC1nTAU1taN1 : 64.0333458 (0.01)%
   B2bN4wC1nTAU1taN1_B2tC2hC1nTAU1taN1 : 63.8031541 (0.01)%
          GtT2bC2zC1wN1_QqN2taTAU1taN1 : 63.6911750 (0.01)%
           GqQqN1_GtT1bC2wN2taTAU1taN1 : 63.5699547 (0.01)%
 GbB1bN2taTAU1taN1_GbB2tC2hC1nTAU1taN1 : 63.5344782 (0.01)%
               B1bN1_B1bN4wC1nTAU1taN1 : 63.4841052 (0.01)%
 GtT1tN2taTAU1taN1_GtT2tN4wC1nTAU1taN1 : 63.3882932 (0.01)%
  B2bN4wC1nTAU1taN1_B2tC2wN2taTAU1taN1 : 63.3414289 (0.01)%
GbB1bN2taTAU1taN1_GbB2tC2wN2taTAU1taN1 : 63.0746973 (0.01)%
                  GqQqN1_QqC2nTAU1taN1 : 62.3163407 (0.01)%
        C2hC1nTAU1taN1_C2wN2taTAU1taN1 : 62.1343969 (0.01)%
                 QqC1nTAU1taN1_QqN4hN1 : 62.0525471 (0.01)%
            GqQqN1_GtT1bC2zC1nTAU1taN1 : 62.0253350 (0.01)%
   T2tN4wC1nTAU1taN1_T2tN4wC1nTAU1taN1 : 61.9974583 (0.01)%
  GbB1tC1nTAU1taN1_GbB2bN4wC1nTAU1taN1 : 61.9102487 (0.01)%
   B2bN4wC1nTAU1taN1_B2tC2zC1nTAU1taN1 : 61.8023619 (0.01)%
     GbB1tC1nTAU1taN1_QqC2hC1nTAU1taN1 : 61.5829395 (0.01)%
 GbB1bN2taTAU1taN1_GbB2tC2zC1nTAU1taN1 : 61.5421113 (0.01)%
           GbB2wT1bC1wN1_QqC1nTAU1taN1 : 61.5121405 (0.01)%
           GbB2wT1bC1nTAU1taN1_QqC1wN1 : 61.5121405 (0.01)%
         GtT1bC2taNUTnN1_QqC1nTAU1taN1 : 61.4640006 (0.01)%
             GbB1bN2taTAU1taN1_GtT2tN1 : 61.4300909 (0.01)%
          GbB1bN3zN2taTAU1taN1_QqC1wN1 : 61.2827509 (0.01)%
    GbB1tC1nTAU1taN1_QqC2wN2taTAU1taN1 : 61.1372813 (0.01)%
 GbB1bN2taTAU1taN1_GtT2bC2hC1nTAU1taN1 : 61.1265007 (0.01)%
             GtT2tN4taTAU1taN1_QqC1wN1 : 60.8862919 (0.01)%
           GtT2hT1bC1nTAU1taN1_QqC1wN1 : 60.8051593 (0.01)%
           GtT2hT1bC1wN1_QqC1nTAU1taN1 : 60.8051593 (0.01)%
GbB1bN2taTAU1taN1_GtT2bC2wN2taTAU1taN1 : 60.6841457 (0.01)%
    GbB2bN4zN2taTAU1taN1_QqC1nTAU1taN1 : 60.6696190 (0.01)%
         C2hC1nTAU1taN1_C2zC1nTAU1taN1 : 60.6246583 (0.01)%
------------------------------------------------------------
                                                     SUM=90.01%
